[2023-02-01T19:09:49.070+0000] {taskinstance.py:1083} INFO - Dependencies all met for <TaskInstance: CSV_DAG.convertCSVToJson scheduled__2023-02-01T12:10:00+00:00 [queued]>
[2023-02-01T19:09:49.117+0000] {taskinstance.py:1083} INFO - Dependencies all met for <TaskInstance: CSV_DAG.convertCSVToJson scheduled__2023-02-01T12:10:00+00:00 [queued]>
[2023-02-01T19:09:49.119+0000] {taskinstance.py:1279} INFO - 
--------------------------------------------------------------------------------
[2023-02-01T19:09:49.122+0000] {taskinstance.py:1280} INFO - Starting attempt 1 of 2
[2023-02-01T19:09:49.124+0000] {taskinstance.py:1281} INFO - 
--------------------------------------------------------------------------------
[2023-02-01T19:09:49.186+0000] {taskinstance.py:1300} INFO - Executing <Task(PythonOperator): convertCSVToJson> on 2023-02-01 12:10:00+00:00
[2023-02-01T19:09:49.213+0000] {standard_task_runner.py:55} INFO - Started process 1280 to run task
[2023-02-01T19:09:49.281+0000] {standard_task_runner.py:82} INFO - Running: ['***', 'tasks', 'run', 'CSV_DAG', 'convertCSVToJson', 'scheduled__2023-02-01T12:10:00+00:00', '--job-id', '328', '--raw', '--subdir', 'DAGS_FOLDER/csv.py', '--cfg-path', '/tmp/tmpnnqw0_dj']
[2023-02-01T19:09:49.284+0000] {standard_task_runner.py:83} INFO - Job 328: Subtask convertCSVToJson
[2023-02-01T19:09:49.696+0000] {task_command.py:388} INFO - Running <TaskInstance: CSV_DAG.convertCSVToJson scheduled__2023-02-01T12:10:00+00:00 [running]> on host 06d8060e8530
[2023-02-01T19:09:50.060+0000] {taskinstance.py:1509} INFO - Exporting the following env vars:
AIRFLOW_CTX_DAG_OWNER=Kevin Chalmers
AIRFLOW_CTX_DAG_ID=CSV_DAG
AIRFLOW_CTX_TASK_ID=convertCSVToJson
AIRFLOW_CTX_EXECUTION_DATE=2023-02-01T12:10:00+00:00
AIRFLOW_CTX_TRY_NUMBER=1
AIRFLOW_CTX_DAG_RUN_ID=scheduled__2023-02-01T12:10:00+00:00
[2023-02-01T19:09:50.195+0000] {logging_mixin.py:137} INFO - Angelica Lopez
[2023-02-01T19:09:50.207+0000] {logging_mixin.py:137} INFO - Betty Wright
[2023-02-01T19:09:50.218+0000] {logging_mixin.py:137} INFO - Sara Schmidt
[2023-02-01T19:09:50.222+0000] {logging_mixin.py:137} INFO - Dr. Sherry Rodriguez
[2023-02-01T19:09:50.227+0000] {logging_mixin.py:137} INFO - Rebecca Mills
[2023-02-01T19:09:50.228+0000] {logging_mixin.py:137} INFO - Andrew Anderson
[2023-02-01T19:09:50.230+0000] {logging_mixin.py:137} INFO - Martin Everett
[2023-02-01T19:09:50.231+0000] {logging_mixin.py:137} INFO - Felicia Gregory
[2023-02-01T19:09:50.232+0000] {logging_mixin.py:137} INFO - Kara Bowers
[2023-02-01T19:09:50.236+0000] {logging_mixin.py:137} INFO - Vincent Vincent
[2023-02-01T19:09:50.240+0000] {logging_mixin.py:137} INFO - Morgan Butler
[2023-02-01T19:09:50.243+0000] {logging_mixin.py:137} INFO - Stephen Riley
[2023-02-01T19:09:50.245+0000] {logging_mixin.py:137} INFO - Wanda Thomas
[2023-02-01T19:09:50.247+0000] {logging_mixin.py:137} INFO - Michelle Schultz
[2023-02-01T19:09:50.250+0000] {logging_mixin.py:137} INFO - Christopher Rush MD
[2023-02-01T19:09:50.254+0000] {logging_mixin.py:137} INFO - Phyllis Miles
[2023-02-01T19:09:50.256+0000] {logging_mixin.py:137} INFO - Rebecca Price
[2023-02-01T19:09:50.257+0000] {logging_mixin.py:137} INFO - John Morse
[2023-02-01T19:09:50.259+0000] {logging_mixin.py:137} INFO - Nicholas Sanchez
[2023-02-01T19:09:50.260+0000] {logging_mixin.py:137} INFO - Crystal Dean
[2023-02-01T19:09:50.263+0000] {logging_mixin.py:137} INFO - Tyler Diaz
[2023-02-01T19:09:50.265+0000] {logging_mixin.py:137} INFO - Denise Mclean
[2023-02-01T19:09:50.266+0000] {logging_mixin.py:137} INFO - Daniel Grant
[2023-02-01T19:09:50.268+0000] {logging_mixin.py:137} INFO - Sandra Peterson
[2023-02-01T19:09:50.269+0000] {logging_mixin.py:137} INFO - Denise Morse
[2023-02-01T19:09:50.274+0000] {logging_mixin.py:137} INFO - Brianna Smith
[2023-02-01T19:09:50.283+0000] {logging_mixin.py:137} INFO - Tony Miller
[2023-02-01T19:09:50.285+0000] {logging_mixin.py:137} INFO - Jean Booth
[2023-02-01T19:09:50.292+0000] {logging_mixin.py:137} INFO - Penny Salazar
[2023-02-01T19:09:50.294+0000] {logging_mixin.py:137} INFO - Cathy Williams
[2023-02-01T19:09:50.317+0000] {logging_mixin.py:137} INFO - Hannah Collins
[2023-02-01T19:09:50.318+0000] {logging_mixin.py:137} INFO - Maurice Casey
[2023-02-01T19:09:50.325+0000] {logging_mixin.py:137} INFO - Patrick Walker
[2023-02-01T19:09:50.327+0000] {logging_mixin.py:137} INFO - Pamela Barton
[2023-02-01T19:09:50.328+0000] {logging_mixin.py:137} INFO - Anthony Bryant
[2023-02-01T19:09:50.338+0000] {logging_mixin.py:137} INFO - Andrew Harris
[2023-02-01T19:09:50.339+0000] {logging_mixin.py:137} INFO - Aaron Harris
[2023-02-01T19:09:50.351+0000] {logging_mixin.py:137} INFO - Maureen Soto
[2023-02-01T19:09:50.353+0000] {logging_mixin.py:137} INFO - Crystal Mcdaniel
[2023-02-01T19:09:50.380+0000] {logging_mixin.py:137} INFO - Lauren Barrett
[2023-02-01T19:09:50.409+0000] {logging_mixin.py:137} INFO - Brandon Perez
[2023-02-01T19:09:50.412+0000] {logging_mixin.py:137} INFO - Mark Robertson
[2023-02-01T19:09:50.421+0000] {logging_mixin.py:137} INFO - Nicole Gates
[2023-02-01T19:09:50.423+0000] {logging_mixin.py:137} INFO - Bradley Cruz
[2023-02-01T19:09:50.425+0000] {logging_mixin.py:137} INFO - Gina Burns
[2023-02-01T19:09:50.428+0000] {logging_mixin.py:137} INFO - Zachary Martinez
[2023-02-01T19:09:50.433+0000] {logging_mixin.py:137} INFO - Natasha Johnson
[2023-02-01T19:09:50.441+0000] {logging_mixin.py:137} INFO - Patrick Gonzales
[2023-02-01T19:09:50.448+0000] {logging_mixin.py:137} INFO - Terri Wilson
[2023-02-01T19:09:50.452+0000] {logging_mixin.py:137} INFO - Sarah Lopez
[2023-02-01T19:09:50.456+0000] {logging_mixin.py:137} INFO - Dana Turner
[2023-02-01T19:09:50.459+0000] {logging_mixin.py:137} INFO - Cynthia Johnson
[2023-02-01T19:09:50.463+0000] {logging_mixin.py:137} INFO - William Thornton
[2023-02-01T19:09:50.465+0000] {logging_mixin.py:137} INFO - James Lee
[2023-02-01T19:09:50.466+0000] {logging_mixin.py:137} INFO - Stephen Allen
[2023-02-01T19:09:50.468+0000] {logging_mixin.py:137} INFO - William Stark
[2023-02-01T19:09:50.469+0000] {logging_mixin.py:137} INFO - Michael Parker
[2023-02-01T19:09:50.470+0000] {logging_mixin.py:137} INFO - Lisa Stephens
[2023-02-01T19:09:50.472+0000] {logging_mixin.py:137} INFO - Mr. Reginald Wise DDS
[2023-02-01T19:09:50.473+0000] {logging_mixin.py:137} INFO - Alexander James
[2023-02-01T19:09:50.479+0000] {logging_mixin.py:137} INFO - Kristen West
[2023-02-01T19:09:50.483+0000] {logging_mixin.py:137} INFO - Elizabeth Sanchez
[2023-02-01T19:09:50.485+0000] {logging_mixin.py:137} INFO - Jennifer Wilson
[2023-02-01T19:09:50.486+0000] {logging_mixin.py:137} INFO - Catherine Nicholson
[2023-02-01T19:09:50.488+0000] {logging_mixin.py:137} INFO - David Henderson
[2023-02-01T19:09:50.490+0000] {logging_mixin.py:137} INFO - Stephen Davis
[2023-02-01T19:09:50.491+0000] {logging_mixin.py:137} INFO - Paul Skinner
[2023-02-01T19:09:50.493+0000] {logging_mixin.py:137} INFO - Rebecca Wong
[2023-02-01T19:09:50.495+0000] {logging_mixin.py:137} INFO - Tara Benitez
[2023-02-01T19:09:50.497+0000] {logging_mixin.py:137} INFO - Sharon Miller
[2023-02-01T19:09:50.499+0000] {logging_mixin.py:137} INFO - Cynthia Smith
[2023-02-01T19:09:50.501+0000] {logging_mixin.py:137} INFO - Jennifer Werner
[2023-02-01T19:09:50.503+0000] {logging_mixin.py:137} INFO - Rebecca Tucker
[2023-02-01T19:09:50.504+0000] {logging_mixin.py:137} INFO - Ashlee Castillo
[2023-02-01T19:09:50.507+0000] {logging_mixin.py:137} INFO - Christopher Holmes
[2023-02-01T19:09:50.512+0000] {logging_mixin.py:137} INFO - Daniel Velez
[2023-02-01T19:09:50.514+0000] {logging_mixin.py:137} INFO - Amy Serrano
[2023-02-01T19:09:50.523+0000] {logging_mixin.py:137} INFO - Alison Nash
[2023-02-01T19:09:50.525+0000] {logging_mixin.py:137} INFO - Peter Johnson
[2023-02-01T19:09:50.530+0000] {logging_mixin.py:137} INFO - Breanna Harris
[2023-02-01T19:09:50.532+0000] {logging_mixin.py:137} INFO - Eric King
[2023-02-01T19:09:50.534+0000] {logging_mixin.py:137} INFO - Patricia Oliver
[2023-02-01T19:09:50.536+0000] {logging_mixin.py:137} INFO - Denise Grimes
[2023-02-01T19:09:50.538+0000] {logging_mixin.py:137} INFO - Jill Olson
[2023-02-01T19:09:50.542+0000] {logging_mixin.py:137} INFO - Stephanie Hart
[2023-02-01T19:09:50.545+0000] {logging_mixin.py:137} INFO - Ashley Lee
[2023-02-01T19:09:50.547+0000] {logging_mixin.py:137} INFO - Kelly Barnes
[2023-02-01T19:09:50.548+0000] {logging_mixin.py:137} INFO - Christie West
[2023-02-01T19:09:50.560+0000] {logging_mixin.py:137} INFO - Todd Nolan
[2023-02-01T19:09:50.563+0000] {logging_mixin.py:137} INFO - Sarah Reed
[2023-02-01T19:09:50.564+0000] {logging_mixin.py:137} INFO - Jennifer Keith
[2023-02-01T19:09:50.567+0000] {logging_mixin.py:137} INFO - Shawn Alvarez
[2023-02-01T19:09:50.569+0000] {logging_mixin.py:137} INFO - Alexander Wilson
[2023-02-01T19:09:50.570+0000] {logging_mixin.py:137} INFO - Rachel Melendez
[2023-02-01T19:09:50.572+0000] {logging_mixin.py:137} INFO - Morgan Walters
[2023-02-01T19:09:50.575+0000] {logging_mixin.py:137} INFO - Nicole Garcia
[2023-02-01T19:09:50.577+0000] {logging_mixin.py:137} INFO - Jennifer White
[2023-02-01T19:09:50.578+0000] {logging_mixin.py:137} INFO - Leslie Shannon
[2023-02-01T19:09:50.581+0000] {logging_mixin.py:137} INFO - Lisa Clayton
[2023-02-01T19:09:50.593+0000] {logging_mixin.py:137} INFO - Zachary Molina
[2023-02-01T19:09:50.599+0000] {logging_mixin.py:137} INFO - Bruce Butler
[2023-02-01T19:09:50.604+0000] {logging_mixin.py:137} INFO - Dustin Howell
[2023-02-01T19:09:50.606+0000] {logging_mixin.py:137} INFO - Aaron Smith
[2023-02-01T19:09:50.607+0000] {logging_mixin.py:137} INFO - Kyle Green
[2023-02-01T19:09:50.615+0000] {logging_mixin.py:137} INFO - Steven Clark
[2023-02-01T19:09:50.616+0000] {logging_mixin.py:137} INFO - Robert Holden
[2023-02-01T19:09:50.619+0000] {logging_mixin.py:137} INFO - Zachary Harmon
[2023-02-01T19:09:50.621+0000] {logging_mixin.py:137} INFO - Rachel Miller
[2023-02-01T19:09:50.623+0000] {logging_mixin.py:137} INFO - Brandon Parker
[2023-02-01T19:09:50.628+0000] {logging_mixin.py:137} INFO - Walter Martin
[2023-02-01T19:09:50.633+0000] {logging_mixin.py:137} INFO - Jose Young
[2023-02-01T19:09:50.634+0000] {logging_mixin.py:137} INFO - Kelsey Long
[2023-02-01T19:09:50.646+0000] {logging_mixin.py:137} INFO - William Harper
[2023-02-01T19:09:50.649+0000] {logging_mixin.py:137} INFO - Alejandro Lambert
[2023-02-01T19:09:50.653+0000] {logging_mixin.py:137} INFO - Stephanie Carson
[2023-02-01T19:09:50.655+0000] {logging_mixin.py:137} INFO - Diana Ortega MD
[2023-02-01T19:09:50.657+0000] {logging_mixin.py:137} INFO - Janet Morales
[2023-02-01T19:09:50.660+0000] {logging_mixin.py:137} INFO - Eric Fisher
[2023-02-01T19:09:50.662+0000] {logging_mixin.py:137} INFO - Louis Baker
[2023-02-01T19:09:50.664+0000] {logging_mixin.py:137} INFO - Cindy Ward
[2023-02-01T19:09:50.665+0000] {logging_mixin.py:137} INFO - Ana Jenkins
[2023-02-01T19:09:50.667+0000] {logging_mixin.py:137} INFO - Leslie Barton
[2023-02-01T19:09:50.669+0000] {logging_mixin.py:137} INFO - Gregory Price
[2023-02-01T19:09:50.676+0000] {logging_mixin.py:137} INFO - Brandon Moore
[2023-02-01T19:09:50.677+0000] {logging_mixin.py:137} INFO - Heather Garrett
[2023-02-01T19:09:50.682+0000] {logging_mixin.py:137} INFO - Cindy Hawkins
[2023-02-01T19:09:50.683+0000] {logging_mixin.py:137} INFO - Mr. Frank Snyder Jr.
[2023-02-01T19:09:50.685+0000] {logging_mixin.py:137} INFO - Megan Wang
[2023-02-01T19:09:50.686+0000] {logging_mixin.py:137} INFO - Jennifer Fleming
[2023-02-01T19:09:50.688+0000] {logging_mixin.py:137} INFO - Gary Hodge
[2023-02-01T19:09:50.689+0000] {logging_mixin.py:137} INFO - Nichole Miller
[2023-02-01T19:09:50.690+0000] {logging_mixin.py:137} INFO - Mitchell Mendoza
[2023-02-01T19:09:50.692+0000] {logging_mixin.py:137} INFO - Bradley Horton
[2023-02-01T19:09:50.700+0000] {logging_mixin.py:137} INFO - Michelle Hess
[2023-02-01T19:09:50.702+0000] {logging_mixin.py:137} INFO - Ronald Torres
[2023-02-01T19:09:50.704+0000] {logging_mixin.py:137} INFO - Raymond Hudson
[2023-02-01T19:09:50.705+0000] {logging_mixin.py:137} INFO - Vincent Jackson
[2023-02-01T19:09:50.712+0000] {logging_mixin.py:137} INFO - Susan Carey
[2023-02-01T19:09:50.714+0000] {logging_mixin.py:137} INFO - Chase Wilson
[2023-02-01T19:09:50.725+0000] {logging_mixin.py:137} INFO - Tonya Baldwin
[2023-02-01T19:09:50.726+0000] {logging_mixin.py:137} INFO - Mrs. Tina Davis
[2023-02-01T19:09:50.727+0000] {logging_mixin.py:137} INFO - Scott Garrett
[2023-02-01T19:09:50.729+0000] {logging_mixin.py:137} INFO - Michael Wilson
[2023-02-01T19:09:50.733+0000] {logging_mixin.py:137} INFO - Andrew Orozco
[2023-02-01T19:09:50.740+0000] {logging_mixin.py:137} INFO - Troy Carson
[2023-02-01T19:09:50.742+0000] {logging_mixin.py:137} INFO - Alex Winters
[2023-02-01T19:09:50.743+0000] {logging_mixin.py:137} INFO - Toni Frank
[2023-02-01T19:09:50.750+0000] {logging_mixin.py:137} INFO - Kathleen Snyder
[2023-02-01T19:09:50.755+0000] {logging_mixin.py:137} INFO - Anna Lopez
[2023-02-01T19:09:50.758+0000] {logging_mixin.py:137} INFO - Charles Brown
[2023-02-01T19:09:50.761+0000] {logging_mixin.py:137} INFO - Barry Ross
[2023-02-01T19:09:50.764+0000] {logging_mixin.py:137} INFO - Emily Ramirez
[2023-02-01T19:09:50.766+0000] {logging_mixin.py:137} INFO - Anna Williams
[2023-02-01T19:09:50.768+0000] {logging_mixin.py:137} INFO - Kristin Pennington
[2023-02-01T19:09:50.773+0000] {logging_mixin.py:137} INFO - Mary Aguirre
[2023-02-01T19:09:50.775+0000] {logging_mixin.py:137} INFO - Austin Santos
[2023-02-01T19:09:50.776+0000] {logging_mixin.py:137} INFO - David Nelson
[2023-02-01T19:09:50.779+0000] {logging_mixin.py:137} INFO - Alyssa Mcbride
[2023-02-01T19:09:50.780+0000] {logging_mixin.py:137} INFO - Lisa Gibson
[2023-02-01T19:09:50.782+0000] {logging_mixin.py:137} INFO - Alexander Kelly
[2023-02-01T19:09:50.784+0000] {logging_mixin.py:137} INFO - Ronald Thomas
[2023-02-01T19:09:50.786+0000] {logging_mixin.py:137} INFO - Michael Hurst
[2023-02-01T19:09:50.787+0000] {logging_mixin.py:137} INFO - Lauren Ward
[2023-02-01T19:09:50.789+0000] {logging_mixin.py:137} INFO - Christian Terry
[2023-02-01T19:09:50.790+0000] {logging_mixin.py:137} INFO - Jared Black
[2023-02-01T19:09:50.791+0000] {logging_mixin.py:137} INFO - Anthony Brown
[2023-02-01T19:09:50.794+0000] {logging_mixin.py:137} INFO - John Cole
[2023-02-01T19:09:50.796+0000] {logging_mixin.py:137} INFO - David Lee
[2023-02-01T19:09:50.797+0000] {logging_mixin.py:137} INFO - Lori Thomas
[2023-02-01T19:09:50.798+0000] {logging_mixin.py:137} INFO - Daniel Herman
[2023-02-01T19:09:50.800+0000] {logging_mixin.py:137} INFO - Pam Williams
[2023-02-01T19:09:50.801+0000] {logging_mixin.py:137} INFO - Sarah Jenkins
[2023-02-01T19:09:50.802+0000] {logging_mixin.py:137} INFO - Susan Mitchell
[2023-02-01T19:09:50.803+0000] {logging_mixin.py:137} INFO - Jacqueline Green
[2023-02-01T19:09:50.804+0000] {logging_mixin.py:137} INFO - Victoria Garrison
[2023-02-01T19:09:50.806+0000] {logging_mixin.py:137} INFO - Jonathan Daniels
[2023-02-01T19:09:50.815+0000] {logging_mixin.py:137} INFO - Trevor Hansen
[2023-02-01T19:09:50.820+0000] {logging_mixin.py:137} INFO - Laurie Bowen
[2023-02-01T19:09:50.821+0000] {logging_mixin.py:137} INFO - James Cline
[2023-02-01T19:09:50.823+0000] {logging_mixin.py:137} INFO - Michael Rose
[2023-02-01T19:09:50.825+0000] {logging_mixin.py:137} INFO - Lawrence Juarez
[2023-02-01T19:09:50.826+0000] {logging_mixin.py:137} INFO - Lucas Caldwell
[2023-02-01T19:09:50.827+0000] {logging_mixin.py:137} INFO - Laura Jackson
[2023-02-01T19:09:50.828+0000] {logging_mixin.py:137} INFO - Sherri Thornton
[2023-02-01T19:09:50.830+0000] {logging_mixin.py:137} INFO - Alice Wilson
[2023-02-01T19:09:50.835+0000] {logging_mixin.py:137} INFO - Diane Williams
[2023-02-01T19:09:50.848+0000] {logging_mixin.py:137} INFO - Kara Martin
[2023-02-01T19:09:50.850+0000] {logging_mixin.py:137} INFO - Joseph Moore
[2023-02-01T19:09:50.852+0000] {logging_mixin.py:137} INFO - Jesse Moses
[2023-02-01T19:09:50.855+0000] {logging_mixin.py:137} INFO - Lisa Mccall
[2023-02-01T19:09:50.856+0000] {logging_mixin.py:137} INFO - Alexandra Mccoy
[2023-02-01T19:09:50.858+0000] {logging_mixin.py:137} INFO - Daniel Martin
[2023-02-01T19:09:50.868+0000] {logging_mixin.py:137} INFO - Claudia Peck
[2023-02-01T19:09:50.870+0000] {logging_mixin.py:137} INFO - Jessica Mcconnell
[2023-02-01T19:09:50.872+0000] {logging_mixin.py:137} INFO - Kevin Walker
[2023-02-01T19:09:50.877+0000] {logging_mixin.py:137} INFO - Christina Lee
[2023-02-01T19:09:50.879+0000] {logging_mixin.py:137} INFO - Christopher Schroeder
[2023-02-01T19:09:50.888+0000] {logging_mixin.py:137} INFO - Melissa Parker
[2023-02-01T19:09:50.890+0000] {logging_mixin.py:137} INFO - Janet Molina
[2023-02-01T19:09:50.891+0000] {logging_mixin.py:137} INFO - Barbara Harris
[2023-02-01T19:09:50.893+0000] {logging_mixin.py:137} INFO - Joseph Hurley
[2023-02-01T19:09:50.894+0000] {logging_mixin.py:137} INFO - Greg Hayden
[2023-02-01T19:09:50.895+0000] {logging_mixin.py:137} INFO - Edwin Adams
[2023-02-01T19:09:50.904+0000] {logging_mixin.py:137} INFO - Ashley Hunter
[2023-02-01T19:09:50.905+0000] {logging_mixin.py:137} INFO - Jennifer Tucker
[2023-02-01T19:09:50.906+0000] {logging_mixin.py:137} INFO - Eddie Gray
[2023-02-01T19:09:50.908+0000] {logging_mixin.py:137} INFO - Jennifer Evans
[2023-02-01T19:09:50.914+0000] {logging_mixin.py:137} INFO - Stephen Carey
[2023-02-01T19:09:50.918+0000] {logging_mixin.py:137} INFO - Samantha Campos
[2023-02-01T19:09:50.920+0000] {logging_mixin.py:137} INFO - Meagan Brown
[2023-02-01T19:09:50.926+0000] {logging_mixin.py:137} INFO - Miss Marisa Barber
[2023-02-01T19:09:50.931+0000] {logging_mixin.py:137} INFO - Jay Mann
[2023-02-01T19:09:50.935+0000] {logging_mixin.py:137} INFO - Matthew Campbell
[2023-02-01T19:09:50.937+0000] {logging_mixin.py:137} INFO - Brent Rodriguez
[2023-02-01T19:09:50.938+0000] {logging_mixin.py:137} INFO - Teresa Ross
[2023-02-01T19:09:50.947+0000] {logging_mixin.py:137} INFO - Mary Martinez
[2023-02-01T19:09:50.953+0000] {logging_mixin.py:137} INFO - Joseph Lewis
[2023-02-01T19:09:50.958+0000] {logging_mixin.py:137} INFO - Dale Davis
[2023-02-01T19:09:50.960+0000] {logging_mixin.py:137} INFO - Elizabeth Evans
[2023-02-01T19:09:50.967+0000] {logging_mixin.py:137} INFO - Shannon Wang
[2023-02-01T19:09:50.974+0000] {logging_mixin.py:137} INFO - Brandon Campbell
[2023-02-01T19:09:50.976+0000] {logging_mixin.py:137} INFO - Rhonda Pace
[2023-02-01T19:09:50.978+0000] {logging_mixin.py:137} INFO - Sarah Santos
[2023-02-01T19:09:50.980+0000] {logging_mixin.py:137} INFO - Jacob Ford
[2023-02-01T19:09:50.981+0000] {logging_mixin.py:137} INFO - Matthew Hansen
[2023-02-01T19:09:50.987+0000] {logging_mixin.py:137} INFO - Amy Ray
[2023-02-01T19:09:50.989+0000] {logging_mixin.py:137} INFO - Aaron Fields
[2023-02-01T19:09:50.992+0000] {logging_mixin.py:137} INFO - Mary Taylor
[2023-02-01T19:09:50.999+0000] {logging_mixin.py:137} INFO - James Morris
[2023-02-01T19:09:51.005+0000] {logging_mixin.py:137} INFO - Darrell Cain
[2023-02-01T19:09:51.011+0000] {logging_mixin.py:137} INFO - Michael Smith
[2023-02-01T19:09:51.014+0000] {logging_mixin.py:137} INFO - Scott Coleman
[2023-02-01T19:09:51.016+0000] {logging_mixin.py:137} INFO - David Fitzpatrick
[2023-02-01T19:09:51.017+0000] {logging_mixin.py:137} INFO - Debra Shepherd
[2023-02-01T19:09:51.019+0000] {logging_mixin.py:137} INFO - Paul Rush
[2023-02-01T19:09:51.020+0000] {logging_mixin.py:137} INFO - Brett Hernandez
[2023-02-01T19:09:51.027+0000] {logging_mixin.py:137} INFO - Sheila Riddle
[2023-02-01T19:09:51.030+0000] {logging_mixin.py:137} INFO - Joan Austin
[2023-02-01T19:09:51.035+0000] {logging_mixin.py:137} INFO - Michael Garcia
[2023-02-01T19:09:51.044+0000] {logging_mixin.py:137} INFO - Natalie Harris
[2023-02-01T19:09:51.052+0000] {logging_mixin.py:137} INFO - Steven Dean
[2023-02-01T19:09:51.058+0000] {logging_mixin.py:137} INFO - John Brown
[2023-02-01T19:09:51.062+0000] {logging_mixin.py:137} INFO - Keith Zimmerman
[2023-02-01T19:09:51.070+0000] {logging_mixin.py:137} INFO - Curtis Byrd
[2023-02-01T19:09:51.072+0000] {logging_mixin.py:137} INFO - Mariah Green
[2023-02-01T19:09:51.078+0000] {logging_mixin.py:137} INFO - Roger Huynh
[2023-02-01T19:09:51.080+0000] {logging_mixin.py:137} INFO - Christopher Zamora
[2023-02-01T19:09:51.090+0000] {logging_mixin.py:137} INFO - Joyce Crawford
[2023-02-01T19:09:51.098+0000] {logging_mixin.py:137} INFO - Angela Smith
[2023-02-01T19:09:51.107+0000] {logging_mixin.py:137} INFO - Veronica Robinson
[2023-02-01T19:09:51.119+0000] {logging_mixin.py:137} INFO - Christopher Bates
[2023-02-01T19:09:51.131+0000] {logging_mixin.py:137} INFO - Steve Stone
[2023-02-01T19:09:51.133+0000] {logging_mixin.py:137} INFO - William Cook
[2023-02-01T19:09:51.142+0000] {logging_mixin.py:137} INFO - Lori Wood
[2023-02-01T19:09:51.147+0000] {logging_mixin.py:137} INFO - Jillian Reynolds
[2023-02-01T19:09:51.155+0000] {logging_mixin.py:137} INFO - Angela Caldwell
[2023-02-01T19:09:51.166+0000] {logging_mixin.py:137} INFO - Shane Campbell
[2023-02-01T19:09:51.179+0000] {logging_mixin.py:137} INFO - Karen Lawrence
[2023-02-01T19:09:51.187+0000] {logging_mixin.py:137} INFO - Kimberly Wood
[2023-02-01T19:09:51.196+0000] {logging_mixin.py:137} INFO - Samantha Lopez
[2023-02-01T19:09:51.217+0000] {logging_mixin.py:137} INFO - Harold Miller
[2023-02-01T19:09:51.225+0000] {logging_mixin.py:137} INFO - Raymond Cooper DVM
[2023-02-01T19:09:51.227+0000] {logging_mixin.py:137} INFO - Kristen Patel
[2023-02-01T19:09:51.228+0000] {logging_mixin.py:137} INFO - Anthony Mejia
[2023-02-01T19:09:51.242+0000] {logging_mixin.py:137} INFO - Raymond Thomas
[2023-02-01T19:09:51.252+0000] {logging_mixin.py:137} INFO - Scott Young
[2023-02-01T19:09:51.253+0000] {logging_mixin.py:137} INFO - David Larson
[2023-02-01T19:09:51.261+0000] {logging_mixin.py:137} INFO - Jon Murray
[2023-02-01T19:09:51.263+0000] {logging_mixin.py:137} INFO - Stephen Taylor
[2023-02-01T19:09:51.265+0000] {logging_mixin.py:137} INFO - Jennifer Hernandez
[2023-02-01T19:09:51.267+0000] {logging_mixin.py:137} INFO - Stacy Smith
[2023-02-01T19:09:51.272+0000] {logging_mixin.py:137} INFO - Juan Owens
[2023-02-01T19:09:51.277+0000] {logging_mixin.py:137} INFO - Brian Adkins
[2023-02-01T19:09:51.278+0000] {logging_mixin.py:137} INFO - Jesse Wells
[2023-02-01T19:09:51.280+0000] {logging_mixin.py:137} INFO - Kyle Matthews
[2023-02-01T19:09:51.285+0000] {logging_mixin.py:137} INFO - Dustin Russell
[2023-02-01T19:09:51.292+0000] {logging_mixin.py:137} INFO - Richard White
[2023-02-01T19:09:51.300+0000] {logging_mixin.py:137} INFO - Brittany Nichols
[2023-02-01T19:09:51.334+0000] {logging_mixin.py:137} INFO - Colton Kelly
[2023-02-01T19:09:51.337+0000] {logging_mixin.py:137} INFO - William Perry
[2023-02-01T19:09:51.340+0000] {logging_mixin.py:137} INFO - Thomas Cummings
[2023-02-01T19:09:51.342+0000] {logging_mixin.py:137} INFO - Timothy Ballard
[2023-02-01T19:09:51.344+0000] {logging_mixin.py:137} INFO - Richard Washington
[2023-02-01T19:09:51.345+0000] {logging_mixin.py:137} INFO - Joshua Lam
[2023-02-01T19:09:51.347+0000] {logging_mixin.py:137} INFO - Grant Jackson
[2023-02-01T19:09:51.349+0000] {logging_mixin.py:137} INFO - Erin Baker
[2023-02-01T19:09:51.351+0000] {logging_mixin.py:137} INFO - Scott Flowers
[2023-02-01T19:09:51.353+0000] {logging_mixin.py:137} INFO - James Adams
[2023-02-01T19:09:51.354+0000] {logging_mixin.py:137} INFO - Heather Alvarado
[2023-02-01T19:09:51.357+0000] {logging_mixin.py:137} INFO - Jennifer Snow
[2023-02-01T19:09:51.360+0000] {logging_mixin.py:137} INFO - Mario Jackson
[2023-02-01T19:09:51.361+0000] {logging_mixin.py:137} INFO - Kevin Collins
[2023-02-01T19:09:51.363+0000] {logging_mixin.py:137} INFO - Danielle Garcia
[2023-02-01T19:09:51.365+0000] {logging_mixin.py:137} INFO - Brenda Jackson
[2023-02-01T19:09:51.367+0000] {logging_mixin.py:137} INFO - Ashley Parker
[2023-02-01T19:09:51.369+0000] {logging_mixin.py:137} INFO - Angela Hickman
[2023-02-01T19:09:51.371+0000] {logging_mixin.py:137} INFO - Carol Rodriguez
[2023-02-01T19:09:51.373+0000] {logging_mixin.py:137} INFO - Vernon Anderson
[2023-02-01T19:09:51.375+0000] {logging_mixin.py:137} INFO - Jesus Church
[2023-02-01T19:09:51.376+0000] {logging_mixin.py:137} INFO - Michelle Medina
[2023-02-01T19:09:51.378+0000] {logging_mixin.py:137} INFO - Nancy Bryant
[2023-02-01T19:09:51.379+0000] {logging_mixin.py:137} INFO - Jennifer Martinez
[2023-02-01T19:09:51.381+0000] {logging_mixin.py:137} INFO - Amy Dougherty
[2023-02-01T19:09:51.384+0000] {logging_mixin.py:137} INFO - Alexis Sanders
[2023-02-01T19:09:51.386+0000] {logging_mixin.py:137} INFO - Austin Salazar
[2023-02-01T19:09:51.389+0000] {logging_mixin.py:137} INFO - Amy Williams
[2023-02-01T19:09:51.394+0000] {logging_mixin.py:137} INFO - Richard Haynes
[2023-02-01T19:09:51.399+0000] {logging_mixin.py:137} INFO - Christine Stark
[2023-02-01T19:09:51.419+0000] {logging_mixin.py:137} INFO - Anita Medina
[2023-02-01T19:09:51.425+0000] {logging_mixin.py:137} INFO - Mr. Thomas Duran
[2023-02-01T19:09:51.444+0000] {logging_mixin.py:137} INFO - Mr. Russell Peterson
[2023-02-01T19:09:51.449+0000] {logging_mixin.py:137} INFO - Jack Richard
[2023-02-01T19:09:51.457+0000] {logging_mixin.py:137} INFO - Michelle Erickson
[2023-02-01T19:09:51.462+0000] {logging_mixin.py:137} INFO - Mitchell Williams
[2023-02-01T19:09:51.468+0000] {logging_mixin.py:137} INFO - Adrian Herrera
[2023-02-01T19:09:51.469+0000] {logging_mixin.py:137} INFO - Michael Brady
[2023-02-01T19:09:51.473+0000] {logging_mixin.py:137} INFO - Jamie Zhang
[2023-02-01T19:09:51.494+0000] {logging_mixin.py:137} INFO - Helen Brennan
[2023-02-01T19:09:51.507+0000] {logging_mixin.py:137} INFO - John Myers
[2023-02-01T19:09:51.509+0000] {logging_mixin.py:137} INFO - Patricia Nash
[2023-02-01T19:09:51.510+0000] {logging_mixin.py:137} INFO - Michael Johnson
[2023-02-01T19:09:51.513+0000] {logging_mixin.py:137} INFO - Anita Berger
[2023-02-01T19:09:51.515+0000] {logging_mixin.py:137} INFO - Jason Guerrero DVM
[2023-02-01T19:09:51.517+0000] {logging_mixin.py:137} INFO - Kimberly Davis
[2023-02-01T19:09:51.519+0000] {logging_mixin.py:137} INFO - Bryan Hansen
[2023-02-01T19:09:51.520+0000] {logging_mixin.py:137} INFO - Rebecca Obrien
[2023-02-01T19:09:51.522+0000] {logging_mixin.py:137} INFO - Sarah Santiago
[2023-02-01T19:09:51.523+0000] {logging_mixin.py:137} INFO - Christine Lane
[2023-02-01T19:09:51.529+0000] {logging_mixin.py:137} INFO - Jerry Lewis
[2023-02-01T19:09:51.531+0000] {logging_mixin.py:137} INFO - Stephanie Miller
[2023-02-01T19:09:51.534+0000] {logging_mixin.py:137} INFO - Kristi Bradley
[2023-02-01T19:09:51.538+0000] {logging_mixin.py:137} INFO - Darren Moore
[2023-02-01T19:09:51.539+0000] {logging_mixin.py:137} INFO - Kristina Cunningham
[2023-02-01T19:09:51.542+0000] {logging_mixin.py:137} INFO - Laurie Moore
[2023-02-01T19:09:51.544+0000] {logging_mixin.py:137} INFO - Aaron Lewis
[2023-02-01T19:09:51.547+0000] {logging_mixin.py:137} INFO - Theresa Vang
[2023-02-01T19:09:51.548+0000] {logging_mixin.py:137} INFO - Chase Reese
[2023-02-01T19:09:51.551+0000] {logging_mixin.py:137} INFO - Matthew Ferguson
[2023-02-01T19:09:51.562+0000] {logging_mixin.py:137} INFO - Victoria Lewis
[2023-02-01T19:09:51.564+0000] {logging_mixin.py:137} INFO - Jon Scott
[2023-02-01T19:09:51.565+0000] {logging_mixin.py:137} INFO - Lisa Campbell
[2023-02-01T19:09:51.567+0000] {logging_mixin.py:137} INFO - David Ramirez
[2023-02-01T19:09:51.569+0000] {logging_mixin.py:137} INFO - Gabriel Rosario
[2023-02-01T19:09:51.571+0000] {logging_mixin.py:137} INFO - Kristi Johnson
[2023-02-01T19:09:51.573+0000] {logging_mixin.py:137} INFO - Jennifer Schwartz
[2023-02-01T19:09:51.575+0000] {logging_mixin.py:137} INFO - Daniel Norton
[2023-02-01T19:09:51.578+0000] {logging_mixin.py:137} INFO - Richard Montoya
[2023-02-01T19:09:51.581+0000] {logging_mixin.py:137} INFO - Daniel Norris
[2023-02-01T19:09:51.586+0000] {logging_mixin.py:137} INFO - Chad Taylor
[2023-02-01T19:09:51.589+0000] {logging_mixin.py:137} INFO - Angie Allen
[2023-02-01T19:09:51.593+0000] {logging_mixin.py:137} INFO - Michael Brooks
[2023-02-01T19:09:51.595+0000] {logging_mixin.py:137} INFO - Hannah Poole
[2023-02-01T19:09:51.599+0000] {logging_mixin.py:137} INFO - Caitlin Ray
[2023-02-01T19:09:51.602+0000] {logging_mixin.py:137} INFO - Mr. Steven Gardner
[2023-02-01T19:09:51.614+0000] {logging_mixin.py:137} INFO - Jennifer Macdonald
[2023-02-01T19:09:51.617+0000] {logging_mixin.py:137} INFO - Vanessa Small
[2023-02-01T19:09:51.619+0000] {logging_mixin.py:137} INFO - Dennis Gray
[2023-02-01T19:09:51.623+0000] {logging_mixin.py:137} INFO - Sandra Kirk
[2023-02-01T19:09:51.624+0000] {logging_mixin.py:137} INFO - Jason Wagner
[2023-02-01T19:09:51.625+0000] {logging_mixin.py:137} INFO - David Owen
[2023-02-01T19:09:51.627+0000] {logging_mixin.py:137} INFO - Rose Terrell
[2023-02-01T19:09:51.629+0000] {logging_mixin.py:137} INFO - James Green MD
[2023-02-01T19:09:51.630+0000] {logging_mixin.py:137} INFO - Tammy Patel
[2023-02-01T19:09:51.632+0000] {logging_mixin.py:137} INFO - Joseph Lucero
[2023-02-01T19:09:51.633+0000] {logging_mixin.py:137} INFO - Stephanie Rojas
[2023-02-01T19:09:51.635+0000] {logging_mixin.py:137} INFO - Brittany Johnson
[2023-02-01T19:09:51.636+0000] {logging_mixin.py:137} INFO - Christina Cummings
[2023-02-01T19:09:51.638+0000] {logging_mixin.py:137} INFO - Eric Downs
[2023-02-01T19:09:51.639+0000] {logging_mixin.py:137} INFO - Paul Finley
[2023-02-01T19:09:51.642+0000] {logging_mixin.py:137} INFO - Danielle Jackson
[2023-02-01T19:09:51.646+0000] {logging_mixin.py:137} INFO - Anna Johnston
[2023-02-01T19:09:51.650+0000] {logging_mixin.py:137} INFO - Ashlee Hodges
[2023-02-01T19:09:51.657+0000] {logging_mixin.py:137} INFO - Thomas Francis
[2023-02-01T19:09:51.661+0000] {logging_mixin.py:137} INFO - Cody Baird
[2023-02-01T19:09:51.670+0000] {logging_mixin.py:137} INFO - Jeffrey Walter
[2023-02-01T19:09:51.685+0000] {logging_mixin.py:137} INFO - Hannah West
[2023-02-01T19:09:51.690+0000] {logging_mixin.py:137} INFO - Anthony Byrd
[2023-02-01T19:09:51.705+0000] {logging_mixin.py:137} INFO - Julie Ramirez
[2023-02-01T19:09:51.708+0000] {logging_mixin.py:137} INFO - Seth Peters
[2023-02-01T19:09:51.715+0000] {logging_mixin.py:137} INFO - Keith Salas
[2023-02-01T19:09:51.719+0000] {logging_mixin.py:137} INFO - Kathryn Evans
[2023-02-01T19:09:51.726+0000] {logging_mixin.py:137} INFO - Dr. Maria Scott
[2023-02-01T19:09:51.728+0000] {logging_mixin.py:137} INFO - Brenda Thomas
[2023-02-01T19:09:51.764+0000] {logging_mixin.py:137} INFO - Travis Douglas
[2023-02-01T19:09:51.778+0000] {logging_mixin.py:137} INFO - Kurt Santos
[2023-02-01T19:09:51.789+0000] {logging_mixin.py:137} INFO - Sean Parrish
[2023-02-01T19:09:51.791+0000] {logging_mixin.py:137} INFO - Brittany Walls
[2023-02-01T19:09:51.793+0000] {logging_mixin.py:137} INFO - Gail Brooks
[2023-02-01T19:09:51.799+0000] {logging_mixin.py:137} INFO - Valerie Johnson
[2023-02-01T19:09:51.802+0000] {logging_mixin.py:137} INFO - Jessica Dunn
[2023-02-01T19:09:51.810+0000] {logging_mixin.py:137} INFO - Chad Robinson
[2023-02-01T19:09:51.816+0000] {logging_mixin.py:137} INFO - Catherine Combs
[2023-02-01T19:09:51.820+0000] {logging_mixin.py:137} INFO - Joshua Boyd
[2023-02-01T19:09:51.824+0000] {logging_mixin.py:137} INFO - Alicia Barnett DVM
[2023-02-01T19:09:51.831+0000] {logging_mixin.py:137} INFO - Kevin Cervantes
[2023-02-01T19:09:51.844+0000] {logging_mixin.py:137} INFO - Larry Lester
[2023-02-01T19:09:51.845+0000] {logging_mixin.py:137} INFO - Deanna Espinoza
[2023-02-01T19:09:51.853+0000] {logging_mixin.py:137} INFO - Marilyn Davis
[2023-02-01T19:09:51.855+0000] {logging_mixin.py:137} INFO - Michael Weeks
[2023-02-01T19:09:51.858+0000] {logging_mixin.py:137} INFO - Brandon Stanton
[2023-02-01T19:09:51.868+0000] {logging_mixin.py:137} INFO - Ryan Boyer Jr.
[2023-02-01T19:09:51.873+0000] {logging_mixin.py:137} INFO - Amanda Elliott
[2023-02-01T19:09:51.877+0000] {logging_mixin.py:137} INFO - David Moore
[2023-02-01T19:09:51.881+0000] {logging_mixin.py:137} INFO - Andre Williams
[2023-02-01T19:09:51.882+0000] {logging_mixin.py:137} INFO - Jennifer Garcia
[2023-02-01T19:09:51.884+0000] {logging_mixin.py:137} INFO - Tracey Cook
[2023-02-01T19:09:51.888+0000] {logging_mixin.py:137} INFO - Michael Turner
[2023-02-01T19:09:51.893+0000] {logging_mixin.py:137} INFO - Diana Long
[2023-02-01T19:09:51.909+0000] {logging_mixin.py:137} INFO - John Bradley
[2023-02-01T19:09:51.911+0000] {logging_mixin.py:137} INFO - Ann Benjamin
[2023-02-01T19:09:51.914+0000] {logging_mixin.py:137} INFO - Shane House
[2023-02-01T19:09:51.916+0000] {logging_mixin.py:137} INFO - Erin Lee
[2023-02-01T19:09:51.921+0000] {logging_mixin.py:137} INFO - Joseph Gray
[2023-02-01T19:09:51.924+0000] {logging_mixin.py:137} INFO - Betty Gibson
[2023-02-01T19:09:51.931+0000] {logging_mixin.py:137} INFO - Kristen Graham
[2023-02-01T19:09:51.934+0000] {logging_mixin.py:137} INFO - Daniel Meza
[2023-02-01T19:09:51.937+0000] {logging_mixin.py:137} INFO - Sherri Carpenter
[2023-02-01T19:09:51.939+0000] {logging_mixin.py:137} INFO - Andrea Sanchez
[2023-02-01T19:09:51.950+0000] {logging_mixin.py:137} INFO - Jordan Rios
[2023-02-01T19:09:51.953+0000] {logging_mixin.py:137} INFO - Elizabeth Jackson
[2023-02-01T19:09:51.955+0000] {logging_mixin.py:137} INFO - Elizabeth Myers
[2023-02-01T19:09:51.957+0000] {logging_mixin.py:137} INFO - Juan Barnes
[2023-02-01T19:09:51.963+0000] {logging_mixin.py:137} INFO - Christopher Lozano
[2023-02-01T19:09:51.966+0000] {logging_mixin.py:137} INFO - Jacqueline Griffin
[2023-02-01T19:09:51.968+0000] {logging_mixin.py:137} INFO - Ryan Mason
[2023-02-01T19:09:51.970+0000] {logging_mixin.py:137} INFO - Jonathan Moore
[2023-02-01T19:09:51.972+0000] {logging_mixin.py:137} INFO - Abigail Landry
[2023-02-01T19:09:51.973+0000] {logging_mixin.py:137} INFO - Brenda Hernandez
[2023-02-01T19:09:51.975+0000] {logging_mixin.py:137} INFO - Zachary Pitts
[2023-02-01T19:09:51.976+0000] {logging_mixin.py:137} INFO - Amanda Rogers
[2023-02-01T19:09:51.978+0000] {logging_mixin.py:137} INFO - Cynthia Gray
[2023-02-01T19:09:51.987+0000] {logging_mixin.py:137} INFO - Tyler Barajas
[2023-02-01T19:09:51.989+0000] {logging_mixin.py:137} INFO - Michelle Leon
[2023-02-01T19:09:51.990+0000] {logging_mixin.py:137} INFO - Kathy Lang
[2023-02-01T19:09:51.991+0000] {logging_mixin.py:137} INFO - Scott Townsend MD
[2023-02-01T19:09:51.995+0000] {logging_mixin.py:137} INFO - Theresa Acosta
[2023-02-01T19:09:51.997+0000] {logging_mixin.py:137} INFO - David Jones
[2023-02-01T19:09:51.998+0000] {logging_mixin.py:137} INFO - Jeremy Robinson
[2023-02-01T19:09:51.999+0000] {logging_mixin.py:137} INFO - James Newton
[2023-02-01T19:09:52.000+0000] {logging_mixin.py:137} INFO - Tracey Wells
[2023-02-01T19:09:52.003+0000] {logging_mixin.py:137} INFO - Maria Nelson
[2023-02-01T19:09:52.004+0000] {logging_mixin.py:137} INFO - Christopher Griffith
[2023-02-01T19:09:52.006+0000] {logging_mixin.py:137} INFO - Zachary Griffin
[2023-02-01T19:09:52.007+0000] {logging_mixin.py:137} INFO - Amy Nguyen
[2023-02-01T19:09:52.010+0000] {logging_mixin.py:137} INFO - April Williams
[2023-02-01T19:09:52.015+0000] {logging_mixin.py:137} INFO - Marissa Kelly
[2023-02-01T19:09:52.021+0000] {logging_mixin.py:137} INFO - Brian Lopez PhD
[2023-02-01T19:09:52.023+0000] {logging_mixin.py:137} INFO - William Williams
[2023-02-01T19:09:52.028+0000] {logging_mixin.py:137} INFO - Norman Brown
[2023-02-01T19:09:52.034+0000] {logging_mixin.py:137} INFO - Charles Fuentes
[2023-02-01T19:09:52.037+0000] {logging_mixin.py:137} INFO - Anthony Chang
[2023-02-01T19:09:52.039+0000] {logging_mixin.py:137} INFO - Mary Bell
[2023-02-01T19:09:52.043+0000] {logging_mixin.py:137} INFO - Elizabeth Stuart
[2023-02-01T19:09:52.054+0000] {logging_mixin.py:137} INFO - Mary Mcdonald
[2023-02-01T19:09:52.056+0000] {logging_mixin.py:137} INFO - Martin Harrison
[2023-02-01T19:09:52.058+0000] {logging_mixin.py:137} INFO - Stephanie Fernandez
[2023-02-01T19:09:52.060+0000] {logging_mixin.py:137} INFO - Christopher Brown
[2023-02-01T19:09:52.061+0000] {logging_mixin.py:137} INFO - Alexander Stephenson
[2023-02-01T19:09:52.062+0000] {logging_mixin.py:137} INFO - Grace Diaz
[2023-02-01T19:09:52.063+0000] {logging_mixin.py:137} INFO - Frank Bartlett
[2023-02-01T19:09:52.067+0000] {logging_mixin.py:137} INFO - Audrey Andersen
[2023-02-01T19:09:52.068+0000] {logging_mixin.py:137} INFO - David Green
[2023-02-01T19:09:52.070+0000] {logging_mixin.py:137} INFO - Joshua Diaz Jr.
[2023-02-01T19:09:52.071+0000] {logging_mixin.py:137} INFO - Emily Garcia
[2023-02-01T19:09:52.073+0000] {logging_mixin.py:137} INFO - Devin Hall
[2023-02-01T19:09:52.082+0000] {logging_mixin.py:137} INFO - Phillip Garner
[2023-02-01T19:09:52.085+0000] {logging_mixin.py:137} INFO - Katherine Estrada
[2023-02-01T19:09:52.094+0000] {logging_mixin.py:137} INFO - Corey Saunders
[2023-02-01T19:09:52.096+0000] {logging_mixin.py:137} INFO - Kimberly Collins
[2023-02-01T19:09:52.098+0000] {logging_mixin.py:137} INFO - Amy Elliott
[2023-02-01T19:09:52.099+0000] {logging_mixin.py:137} INFO - Tanya Jones
[2023-02-01T19:09:52.101+0000] {logging_mixin.py:137} INFO - Patricia Gonzalez
[2023-02-01T19:09:52.102+0000] {logging_mixin.py:137} INFO - Jennifer Hill
[2023-02-01T19:09:52.103+0000] {logging_mixin.py:137} INFO - John Haynes
[2023-02-01T19:09:52.105+0000] {logging_mixin.py:137} INFO - Jacob Henry
[2023-02-01T19:09:52.106+0000] {logging_mixin.py:137} INFO - Daniel Clark
[2023-02-01T19:09:52.107+0000] {logging_mixin.py:137} INFO - Jonathon Taylor
[2023-02-01T19:09:52.109+0000] {logging_mixin.py:137} INFO - Jesse Evans
[2023-02-01T19:09:52.115+0000] {logging_mixin.py:137} INFO - James Martinez
[2023-02-01T19:09:52.118+0000] {logging_mixin.py:137} INFO - Kyle Reyes
[2023-02-01T19:09:52.124+0000] {logging_mixin.py:137} INFO - Terrence Barker
[2023-02-01T19:09:52.137+0000] {logging_mixin.py:137} INFO - Anthony Washington
[2023-02-01T19:09:52.145+0000] {logging_mixin.py:137} INFO - Dustin Le
[2023-02-01T19:09:52.149+0000] {logging_mixin.py:137} INFO - Bruce Clark
[2023-02-01T19:09:52.161+0000] {logging_mixin.py:137} INFO - Keith Anthony
[2023-02-01T19:09:52.163+0000] {logging_mixin.py:137} INFO - Jeremiah Stone
[2023-02-01T19:09:52.165+0000] {logging_mixin.py:137} INFO - Michael Haley
[2023-02-01T19:09:52.167+0000] {logging_mixin.py:137} INFO - Regina Carrillo
[2023-02-01T19:09:52.168+0000] {logging_mixin.py:137} INFO - Jacob Lee
[2023-02-01T19:09:52.169+0000] {logging_mixin.py:137} INFO - Thomas Gonzalez
[2023-02-01T19:09:52.171+0000] {logging_mixin.py:137} INFO - Mark Lawrence
[2023-02-01T19:09:52.172+0000] {logging_mixin.py:137} INFO - Matthew Anderson
[2023-02-01T19:09:52.173+0000] {logging_mixin.py:137} INFO - Nicholas Young
[2023-02-01T19:09:52.174+0000] {logging_mixin.py:137} INFO - Melvin Martinez
[2023-02-01T19:09:52.176+0000] {logging_mixin.py:137} INFO - Scott Green
[2023-02-01T19:09:52.177+0000] {logging_mixin.py:137} INFO - Dana Richards
[2023-02-01T19:09:52.178+0000] {logging_mixin.py:137} INFO - Lauren Moore
[2023-02-01T19:09:52.180+0000] {logging_mixin.py:137} INFO - Terry Campbell
[2023-02-01T19:09:52.184+0000] {logging_mixin.py:137} INFO - Ralph Jordan
[2023-02-01T19:09:52.187+0000] {logging_mixin.py:137} INFO - Noah Reyes
[2023-02-01T19:09:52.190+0000] {logging_mixin.py:137} INFO - Mr. Gregory Mills MD
[2023-02-01T19:09:52.196+0000] {logging_mixin.py:137} INFO - Michelle Yates
[2023-02-01T19:09:52.202+0000] {logging_mixin.py:137} INFO - Robin Reyes
[2023-02-01T19:09:52.213+0000] {logging_mixin.py:137} INFO - Rebecca Smith
[2023-02-01T19:09:52.219+0000] {logging_mixin.py:137} INFO - Nicole Torres
[2023-02-01T19:09:52.227+0000] {logging_mixin.py:137} INFO - Ronald Jones
[2023-02-01T19:09:52.231+0000] {logging_mixin.py:137} INFO - Michael Castaneda
[2023-02-01T19:09:52.237+0000] {logging_mixin.py:137} INFO - Christopher Krueger
[2023-02-01T19:09:52.244+0000] {logging_mixin.py:137} INFO - Jennifer Werner
[2023-02-01T19:09:52.250+0000] {logging_mixin.py:137} INFO - Ashley Smith
[2023-02-01T19:09:52.254+0000] {logging_mixin.py:137} INFO - Alyssa Fields
[2023-02-01T19:09:52.258+0000] {logging_mixin.py:137} INFO - John Scott
[2023-02-01T19:09:52.267+0000] {logging_mixin.py:137} INFO - Debra Delacruz
[2023-02-01T19:09:52.270+0000] {logging_mixin.py:137} INFO - James Madden
[2023-02-01T19:09:52.275+0000] {logging_mixin.py:137} INFO - Joseph Gentry
[2023-02-01T19:09:52.278+0000] {logging_mixin.py:137} INFO - Ashley Cabrera
[2023-02-01T19:09:52.280+0000] {logging_mixin.py:137} INFO - Jennifer Fernandez
[2023-02-01T19:09:52.281+0000] {logging_mixin.py:137} INFO - James Harris
[2023-02-01T19:09:52.283+0000] {logging_mixin.py:137} INFO - Candice Young
[2023-02-01T19:09:52.285+0000] {logging_mixin.py:137} INFO - Lisa Baker
[2023-02-01T19:09:52.287+0000] {logging_mixin.py:137} INFO - Brian Mills DDS
[2023-02-01T19:09:52.288+0000] {logging_mixin.py:137} INFO - Kristin Smith
[2023-02-01T19:09:52.292+0000] {logging_mixin.py:137} INFO - Jacob Collins
[2023-02-01T19:09:52.299+0000] {logging_mixin.py:137} INFO - Kimberly Harris
[2023-02-01T19:09:52.302+0000] {logging_mixin.py:137} INFO - Michael Hull
[2023-02-01T19:09:52.314+0000] {logging_mixin.py:137} INFO - Caitlin Todd
[2023-02-01T19:09:52.316+0000] {logging_mixin.py:137} INFO - Lisa Harris
[2023-02-01T19:09:52.317+0000] {logging_mixin.py:137} INFO - Mrs. Ann Stone
[2023-02-01T19:09:52.318+0000] {logging_mixin.py:137} INFO - Michelle Case
[2023-02-01T19:09:52.320+0000] {logging_mixin.py:137} INFO - Joe Lowe
[2023-02-01T19:09:52.325+0000] {logging_mixin.py:137} INFO - Randall Dunn
[2023-02-01T19:09:52.327+0000] {logging_mixin.py:137} INFO - Paula Vargas
[2023-02-01T19:09:52.330+0000] {logging_mixin.py:137} INFO - Daniel Walker
[2023-02-01T19:09:52.332+0000] {logging_mixin.py:137} INFO - James Jackson
[2023-02-01T19:09:52.334+0000] {logging_mixin.py:137} INFO - Shirley Woodard
[2023-02-01T19:09:52.336+0000] {logging_mixin.py:137} INFO - James Hayes
[2023-02-01T19:09:52.339+0000] {logging_mixin.py:137} INFO - Megan Austin
[2023-02-01T19:09:52.341+0000] {logging_mixin.py:137} INFO - Erin Robertson
[2023-02-01T19:09:52.343+0000] {logging_mixin.py:137} INFO - Robert Phillips
[2023-02-01T19:09:52.346+0000] {logging_mixin.py:137} INFO - Amy Torres
[2023-02-01T19:09:52.348+0000] {logging_mixin.py:137} INFO - Joshua Cox
[2023-02-01T19:09:52.350+0000] {logging_mixin.py:137} INFO - Duane Grimes
[2023-02-01T19:09:52.351+0000] {logging_mixin.py:137} INFO - Jennifer Burgess
[2023-02-01T19:09:52.353+0000] {logging_mixin.py:137} INFO - Carlos Duran
[2023-02-01T19:09:52.355+0000] {logging_mixin.py:137} INFO - Jason Johnson
[2023-02-01T19:09:52.357+0000] {logging_mixin.py:137} INFO - Cameron Greer
[2023-02-01T19:09:52.359+0000] {logging_mixin.py:137} INFO - Randall Williams
[2023-02-01T19:09:52.361+0000] {logging_mixin.py:137} INFO - Jessica Harris
[2023-02-01T19:09:52.366+0000] {logging_mixin.py:137} INFO - Joshua Rogers
[2023-02-01T19:09:52.367+0000] {logging_mixin.py:137} INFO - Jose Mahoney
[2023-02-01T19:09:52.369+0000] {logging_mixin.py:137} INFO - Brandy Fuentes
[2023-02-01T19:09:52.371+0000] {logging_mixin.py:137} INFO - Angelica Matthews
[2023-02-01T19:09:52.373+0000] {logging_mixin.py:137} INFO - Glenn Caldwell
[2023-02-01T19:09:52.375+0000] {logging_mixin.py:137} INFO - Cristian Delacruz
[2023-02-01T19:09:52.377+0000] {logging_mixin.py:137} INFO - Alexandra Price
[2023-02-01T19:09:52.380+0000] {logging_mixin.py:137} INFO - Heather Wilson
[2023-02-01T19:09:52.383+0000] {logging_mixin.py:137} INFO - Shawn Thompson
[2023-02-01T19:09:52.384+0000] {logging_mixin.py:137} INFO - Anna Daniel
[2023-02-01T19:09:52.386+0000] {logging_mixin.py:137} INFO - Joseph Cisneros
[2023-02-01T19:09:52.388+0000] {logging_mixin.py:137} INFO - Rebecca Estes
[2023-02-01T19:09:52.390+0000] {logging_mixin.py:137} INFO - Jeremy Porter
[2023-02-01T19:09:52.392+0000] {logging_mixin.py:137} INFO - Lisa Mann
[2023-02-01T19:09:52.396+0000] {logging_mixin.py:137} INFO - Michael Woods
[2023-02-01T19:09:52.398+0000] {logging_mixin.py:137} INFO - Madison Thompson
[2023-02-01T19:09:52.402+0000] {logging_mixin.py:137} INFO - Nancy Gomez
[2023-02-01T19:09:52.408+0000] {logging_mixin.py:137} INFO - Julie Blanchard
[2023-02-01T19:09:52.409+0000] {logging_mixin.py:137} INFO - Michael Smith
[2023-02-01T19:09:52.411+0000] {logging_mixin.py:137} INFO - Angel Huber
[2023-02-01T19:09:52.413+0000] {logging_mixin.py:137} INFO - Michael Coffey
[2023-02-01T19:09:52.414+0000] {logging_mixin.py:137} INFO - Patrick Walter
[2023-02-01T19:09:52.419+0000] {logging_mixin.py:137} INFO - Curtis Davis
[2023-02-01T19:09:52.422+0000] {logging_mixin.py:137} INFO - Kyle Stewart
[2023-02-01T19:09:52.424+0000] {logging_mixin.py:137} INFO - Angela Jimenez
[2023-02-01T19:09:52.426+0000] {logging_mixin.py:137} INFO - Andrew Martinez
[2023-02-01T19:09:52.429+0000] {logging_mixin.py:137} INFO - Angela West
[2023-02-01T19:09:52.431+0000] {logging_mixin.py:137} INFO - Ryan Young
[2023-02-01T19:09:52.433+0000] {logging_mixin.py:137} INFO - Nathaniel Evans
[2023-02-01T19:09:52.435+0000] {logging_mixin.py:137} INFO - Dawn Bryant
[2023-02-01T19:09:52.436+0000] {logging_mixin.py:137} INFO - Danielle Lewis
[2023-02-01T19:09:52.437+0000] {logging_mixin.py:137} INFO - Matthew Newman
[2023-02-01T19:09:52.445+0000] {logging_mixin.py:137} INFO - Robert Smith
[2023-02-01T19:09:52.452+0000] {logging_mixin.py:137} INFO - Melissa Hicks
[2023-02-01T19:09:52.456+0000] {logging_mixin.py:137} INFO - Emily Lambert
[2023-02-01T19:09:52.481+0000] {logging_mixin.py:137} INFO - Krystal Wolfe
[2023-02-01T19:09:52.493+0000] {logging_mixin.py:137} INFO - Donna Murillo
[2023-02-01T19:09:52.497+0000] {logging_mixin.py:137} INFO - Carl Hudson
[2023-02-01T19:09:52.500+0000] {logging_mixin.py:137} INFO - Robert Wilson
[2023-02-01T19:09:52.510+0000] {logging_mixin.py:137} INFO - Patrick Mathis
[2023-02-01T19:09:52.517+0000] {logging_mixin.py:137} INFO - Michael Suarez
[2023-02-01T19:09:52.544+0000] {logging_mixin.py:137} INFO - David Johnson
[2023-02-01T19:09:52.546+0000] {logging_mixin.py:137} INFO - William Thompson
[2023-02-01T19:09:52.556+0000] {logging_mixin.py:137} INFO - Jessica Hansen DVM
[2023-02-01T19:09:52.566+0000] {logging_mixin.py:137} INFO - Katherine Friedman
[2023-02-01T19:09:52.587+0000] {logging_mixin.py:137} INFO - Jillian Johnson
[2023-02-01T19:09:52.592+0000] {logging_mixin.py:137} INFO - Robert Mckee
[2023-02-01T19:09:52.594+0000] {logging_mixin.py:137} INFO - Rachel Little
[2023-02-01T19:09:52.598+0000] {logging_mixin.py:137} INFO - Patricia Smith
[2023-02-01T19:09:52.607+0000] {logging_mixin.py:137} INFO - Heidi Martinez
[2023-02-01T19:09:52.639+0000] {logging_mixin.py:137} INFO - Caitlin Solomon
[2023-02-01T19:09:52.642+0000] {logging_mixin.py:137} INFO - Dr. Olivia Pugh
[2023-02-01T19:09:52.672+0000] {logging_mixin.py:137} INFO - John Steele DDS
[2023-02-01T19:09:52.677+0000] {logging_mixin.py:137} INFO - Jeremy Mathews
[2023-02-01T19:09:52.682+0000] {logging_mixin.py:137} INFO - Tiffany Hill
[2023-02-01T19:09:52.708+0000] {logging_mixin.py:137} INFO - Steven Edwards
[2023-02-01T19:09:52.710+0000] {logging_mixin.py:137} INFO - Charles Campbell
[2023-02-01T19:09:52.711+0000] {logging_mixin.py:137} INFO - Brett Hughes
[2023-02-01T19:09:52.712+0000] {logging_mixin.py:137} INFO - Christina Villegas
[2023-02-01T19:09:52.714+0000] {logging_mixin.py:137} INFO - Anthony Garcia
[2023-02-01T19:09:52.717+0000] {logging_mixin.py:137} INFO - Nathan Murphy
[2023-02-01T19:09:52.720+0000] {logging_mixin.py:137} INFO - Steven Dodson
[2023-02-01T19:09:52.724+0000] {logging_mixin.py:137} INFO - Brian Sullivan
[2023-02-01T19:09:52.726+0000] {logging_mixin.py:137} INFO - Renee White
[2023-02-01T19:09:52.729+0000] {logging_mixin.py:137} INFO - Laura Rowland
[2023-02-01T19:09:52.731+0000] {logging_mixin.py:137} INFO - John Moore
[2023-02-01T19:09:52.735+0000] {logging_mixin.py:137} INFO - Sophia Mckenzie
[2023-02-01T19:09:52.744+0000] {logging_mixin.py:137} INFO - David Roach
[2023-02-01T19:09:52.751+0000] {logging_mixin.py:137} INFO - Jennifer Patterson
[2023-02-01T19:09:52.758+0000] {logging_mixin.py:137} INFO - James Richards
[2023-02-01T19:09:52.765+0000] {logging_mixin.py:137} INFO - Mary Johnston
[2023-02-01T19:09:52.774+0000] {logging_mixin.py:137} INFO - Brandon Mcdaniel
[2023-02-01T19:09:52.780+0000] {logging_mixin.py:137} INFO - Meghan Stevenson
[2023-02-01T19:09:52.783+0000] {logging_mixin.py:137} INFO - Luis Hayes
[2023-02-01T19:09:52.803+0000] {logging_mixin.py:137} INFO - Alejandra Sloan
[2023-02-01T19:09:52.807+0000] {logging_mixin.py:137} INFO - Dr. Sandra Miller
[2023-02-01T19:09:52.812+0000] {logging_mixin.py:137} INFO - Dustin Bond
[2023-02-01T19:09:52.814+0000] {logging_mixin.py:137} INFO - Julia Patrick MD
[2023-02-01T19:09:52.818+0000] {logging_mixin.py:137} INFO - Jill Campbell
[2023-02-01T19:09:52.821+0000] {logging_mixin.py:137} INFO - Mark Ford
[2023-02-01T19:09:52.824+0000] {logging_mixin.py:137} INFO - Brian Long
[2023-02-01T19:09:52.827+0000] {logging_mixin.py:137} INFO - Lisa Peterson
[2023-02-01T19:09:52.831+0000] {logging_mixin.py:137} INFO - Matthew Lee
[2023-02-01T19:09:52.839+0000] {logging_mixin.py:137} INFO - Bradley Miller
[2023-02-01T19:09:52.842+0000] {logging_mixin.py:137} INFO - Jeffrey Moss
[2023-02-01T19:09:52.849+0000] {logging_mixin.py:137} INFO - Sara Carlson
[2023-02-01T19:09:52.853+0000] {logging_mixin.py:137} INFO - Daniel Rodriguez
[2023-02-01T19:09:52.859+0000] {logging_mixin.py:137} INFO - Jeremy David
[2023-02-01T19:09:52.871+0000] {logging_mixin.py:137} INFO - Eric Green
[2023-02-01T19:09:52.878+0000] {logging_mixin.py:137} INFO - Alexis Jones
[2023-02-01T19:09:52.882+0000] {logging_mixin.py:137} INFO - Matthew Rose
[2023-02-01T19:09:52.887+0000] {logging_mixin.py:137} INFO - Catherine Anderson
[2023-02-01T19:09:52.896+0000] {logging_mixin.py:137} INFO - Holly Burton
[2023-02-01T19:09:52.901+0000] {logging_mixin.py:137} INFO - David Matthews
[2023-02-01T19:09:52.907+0000] {logging_mixin.py:137} INFO - Mrs. Kara Little
[2023-02-01T19:09:52.919+0000] {logging_mixin.py:137} INFO - Jeffrey Stanley
[2023-02-01T19:09:52.922+0000] {logging_mixin.py:137} INFO - James Ochoa
[2023-02-01T19:09:52.927+0000] {logging_mixin.py:137} INFO - Jason Frye
[2023-02-01T19:09:52.931+0000] {logging_mixin.py:137} INFO - Christopher Ellis
[2023-02-01T19:09:52.938+0000] {logging_mixin.py:137} INFO - Michelle Nixon
[2023-02-01T19:09:52.941+0000] {logging_mixin.py:137} INFO - Andrew Gill
[2023-02-01T19:09:52.944+0000] {logging_mixin.py:137} INFO - Jennifer Wilson
[2023-02-01T19:09:52.949+0000] {logging_mixin.py:137} INFO - Shawn Black
[2023-02-01T19:09:52.953+0000] {logging_mixin.py:137} INFO - April Patterson
[2023-02-01T19:09:52.957+0000] {logging_mixin.py:137} INFO - Troy Vaughn
[2023-02-01T19:09:52.961+0000] {logging_mixin.py:137} INFO - Alexandria White
[2023-02-01T19:09:52.973+0000] {logging_mixin.py:137} INFO - Scott Phillips
[2023-02-01T19:09:52.981+0000] {logging_mixin.py:137} INFO - Zachary Cisneros
[2023-02-01T19:09:52.988+0000] {logging_mixin.py:137} INFO - Deborah Brown
[2023-02-01T19:09:52.991+0000] {logging_mixin.py:137} INFO - Monica Moses
[2023-02-01T19:09:52.994+0000] {logging_mixin.py:137} INFO - Brenda Reyes
[2023-02-01T19:09:53.003+0000] {logging_mixin.py:137} INFO - Miss Renee Allen
[2023-02-01T19:09:53.006+0000] {logging_mixin.py:137} INFO - Susan Clark
[2023-02-01T19:09:53.010+0000] {logging_mixin.py:137} INFO - Brandy Coffey
[2023-02-01T19:09:53.020+0000] {logging_mixin.py:137} INFO - Brett Nelson
[2023-02-01T19:09:53.025+0000] {logging_mixin.py:137} INFO - Ricardo Young
[2023-02-01T19:09:53.033+0000] {logging_mixin.py:137} INFO - Paul Lee
[2023-02-01T19:09:53.038+0000] {logging_mixin.py:137} INFO - David Allen
[2023-02-01T19:09:53.045+0000] {logging_mixin.py:137} INFO - Andrea Knight
[2023-02-01T19:09:53.048+0000] {logging_mixin.py:137} INFO - James Gomez
[2023-02-01T19:09:53.049+0000] {logging_mixin.py:137} INFO - Melody Gibson
[2023-02-01T19:09:53.051+0000] {logging_mixin.py:137} INFO - Christina Martinez
[2023-02-01T19:09:53.056+0000] {logging_mixin.py:137} INFO - Shelby Smith
[2023-02-01T19:09:53.061+0000] {logging_mixin.py:137} INFO - Jason Howard
[2023-02-01T19:09:53.067+0000] {logging_mixin.py:137} INFO - Amy Davidson
[2023-02-01T19:09:53.069+0000] {logging_mixin.py:137} INFO - Kyle Copeland
[2023-02-01T19:09:53.070+0000] {logging_mixin.py:137} INFO - Madeline Davis
[2023-02-01T19:09:53.072+0000] {logging_mixin.py:137} INFO - Aaron Young
[2023-02-01T19:09:53.073+0000] {logging_mixin.py:137} INFO - Lisa Barrett
[2023-02-01T19:09:53.074+0000] {logging_mixin.py:137} INFO - Joel Jones
[2023-02-01T19:09:53.076+0000] {logging_mixin.py:137} INFO - Christine Evans
[2023-02-01T19:09:53.077+0000] {logging_mixin.py:137} INFO - Kimberly Johnson
[2023-02-01T19:09:53.079+0000] {logging_mixin.py:137} INFO - Charles Hess
[2023-02-01T19:09:53.081+0000] {logging_mixin.py:137} INFO - Paul Dixon
[2023-02-01T19:09:53.083+0000] {logging_mixin.py:137} INFO - Christopher Johnson
[2023-02-01T19:09:53.084+0000] {logging_mixin.py:137} INFO - Robert Dawson
[2023-02-01T19:09:53.086+0000] {logging_mixin.py:137} INFO - Ryan Dixon
[2023-02-01T19:09:53.089+0000] {logging_mixin.py:137} INFO - Julie Martinez
[2023-02-01T19:09:53.094+0000] {logging_mixin.py:137} INFO - David Adams
[2023-02-01T19:09:53.104+0000] {logging_mixin.py:137} INFO - Mariah Brown
[2023-02-01T19:09:53.106+0000] {logging_mixin.py:137} INFO - Deborah Malone
[2023-02-01T19:09:53.109+0000] {logging_mixin.py:137} INFO - John Brown
[2023-02-01T19:09:53.113+0000] {logging_mixin.py:137} INFO - Maria Stewart
[2023-02-01T19:09:53.115+0000] {logging_mixin.py:137} INFO - Mr. Bryan Hawkins
[2023-02-01T19:09:53.117+0000] {logging_mixin.py:137} INFO - Kyle Brooks
[2023-02-01T19:09:53.128+0000] {logging_mixin.py:137} INFO - Kenneth White
[2023-02-01T19:09:53.129+0000] {logging_mixin.py:137} INFO - Patricia Wilson
[2023-02-01T19:09:53.132+0000] {logging_mixin.py:137} INFO - Paul Soto
[2023-02-01T19:09:53.135+0000] {logging_mixin.py:137} INFO - Janice Garrett
[2023-02-01T19:09:53.137+0000] {logging_mixin.py:137} INFO - Randy Strickland
[2023-02-01T19:09:53.141+0000] {logging_mixin.py:137} INFO - Felicia Herrera
[2023-02-01T19:09:53.145+0000] {logging_mixin.py:137} INFO - Andre Campos
[2023-02-01T19:09:53.147+0000] {logging_mixin.py:137} INFO - Justin Meyer
[2023-02-01T19:09:53.148+0000] {logging_mixin.py:137} INFO - Brandon Brooks
[2023-02-01T19:09:53.150+0000] {logging_mixin.py:137} INFO - Abigail Rivera
[2023-02-01T19:09:53.152+0000] {logging_mixin.py:137} INFO - Jessica Mann
[2023-02-01T19:09:53.153+0000] {logging_mixin.py:137} INFO - Michael Sawyer
[2023-02-01T19:09:53.161+0000] {logging_mixin.py:137} INFO - Jeffrey Coleman
[2023-02-01T19:09:53.163+0000] {logging_mixin.py:137} INFO - Micheal Castro
[2023-02-01T19:09:53.165+0000] {logging_mixin.py:137} INFO - Laura Gonzalez
[2023-02-01T19:09:53.166+0000] {logging_mixin.py:137} INFO - Christopher Jackson
[2023-02-01T19:09:53.168+0000] {logging_mixin.py:137} INFO - William Mckenzie
[2023-02-01T19:09:53.171+0000] {logging_mixin.py:137} INFO - Kristina Rodriguez
[2023-02-01T19:09:53.172+0000] {logging_mixin.py:137} INFO - Kelli Williams
[2023-02-01T19:09:53.175+0000] {logging_mixin.py:137} INFO - Diane Norris
[2023-02-01T19:09:53.177+0000] {logging_mixin.py:137} INFO - Kevin Carroll
[2023-02-01T19:09:53.182+0000] {logging_mixin.py:137} INFO - Betty Weber
[2023-02-01T19:09:53.186+0000] {logging_mixin.py:137} INFO - Jeffery Robinson
[2023-02-01T19:09:53.188+0000] {logging_mixin.py:137} INFO - Hannah Cowan
[2023-02-01T19:09:53.192+0000] {logging_mixin.py:137} INFO - Brian Kramer
[2023-02-01T19:09:53.197+0000] {logging_mixin.py:137} INFO - Anthony Roberts
[2023-02-01T19:09:53.200+0000] {logging_mixin.py:137} INFO - Ricardo Blankenship
[2023-02-01T19:09:53.202+0000] {logging_mixin.py:137} INFO - Brooke Collins
[2023-02-01T19:09:53.204+0000] {logging_mixin.py:137} INFO - Tammy Lawson
[2023-02-01T19:09:53.206+0000] {logging_mixin.py:137} INFO - Cody Miller
[2023-02-01T19:09:53.209+0000] {logging_mixin.py:137} INFO - Dr. Janice Salazar
[2023-02-01T19:09:53.211+0000] {logging_mixin.py:137} INFO - David West
[2023-02-01T19:09:53.213+0000] {logging_mixin.py:137} INFO - Robin Carpenter
[2023-02-01T19:09:53.214+0000] {logging_mixin.py:137} INFO - Monique Wall
[2023-02-01T19:09:53.216+0000] {logging_mixin.py:137} INFO - Charles Cardenas
[2023-02-01T19:09:53.218+0000] {logging_mixin.py:137} INFO - Valerie Mitchell
[2023-02-01T19:09:53.222+0000] {logging_mixin.py:137} INFO - Michelle Valenzuela
[2023-02-01T19:09:53.224+0000] {logging_mixin.py:137} INFO - William Poole
[2023-02-01T19:09:53.226+0000] {logging_mixin.py:137} INFO - James Hall
[2023-02-01T19:09:53.227+0000] {logging_mixin.py:137} INFO - Dylan Carpenter
[2023-02-01T19:09:53.229+0000] {logging_mixin.py:137} INFO - Linda Medina
[2023-02-01T19:09:53.232+0000] {logging_mixin.py:137} INFO - Joan White
[2023-02-01T19:09:53.234+0000] {logging_mixin.py:137} INFO - Mary Klein
[2023-02-01T19:09:53.235+0000] {logging_mixin.py:137} INFO - Ashley Wolf
[2023-02-01T19:09:53.237+0000] {logging_mixin.py:137} INFO - William Reed
[2023-02-01T19:09:53.241+0000] {logging_mixin.py:137} INFO - Derek Harvey
[2023-02-01T19:09:53.245+0000] {logging_mixin.py:137} INFO - Kathleen Rodriguez
[2023-02-01T19:09:53.253+0000] {logging_mixin.py:137} INFO - Andrew Rodriguez
[2023-02-01T19:09:53.255+0000] {logging_mixin.py:137} INFO - Ariel Frank
[2023-02-01T19:09:53.257+0000] {logging_mixin.py:137} INFO - Tina French
[2023-02-01T19:09:53.259+0000] {logging_mixin.py:137} INFO - Brent Waller
[2023-02-01T19:09:53.261+0000] {logging_mixin.py:137} INFO - Kevin Allen
[2023-02-01T19:09:53.263+0000] {logging_mixin.py:137} INFO - Xavier Walker
[2023-02-01T19:09:53.265+0000] {logging_mixin.py:137} INFO - Michelle Sanchez
[2023-02-01T19:09:53.267+0000] {logging_mixin.py:137} INFO - Rachael Shepard
[2023-02-01T19:09:53.269+0000] {logging_mixin.py:137} INFO - Kelsey Johnson
[2023-02-01T19:09:53.272+0000] {logging_mixin.py:137} INFO - Nicole Webb
[2023-02-01T19:09:53.279+0000] {logging_mixin.py:137} INFO - Nicholas Rodriguez
[2023-02-01T19:09:53.281+0000] {logging_mixin.py:137} INFO - Eric Vaughan
[2023-02-01T19:09:53.283+0000] {logging_mixin.py:137} INFO - Amanda Richardson
[2023-02-01T19:09:53.285+0000] {logging_mixin.py:137} INFO - Janice Carlson
[2023-02-01T19:09:53.287+0000] {logging_mixin.py:137} INFO - Darryl Walsh
[2023-02-01T19:09:53.290+0000] {logging_mixin.py:137} INFO - Heather Johnson
[2023-02-01T19:09:53.292+0000] {logging_mixin.py:137} INFO - Mark Chambers
[2023-02-01T19:09:53.294+0000] {logging_mixin.py:137} INFO - Tracy Burns
[2023-02-01T19:09:53.296+0000] {logging_mixin.py:137} INFO - John Cole
[2023-02-01T19:09:53.298+0000] {logging_mixin.py:137} INFO - Deborah Silva
[2023-02-01T19:09:53.300+0000] {logging_mixin.py:137} INFO - Shawn Hernandez
[2023-02-01T19:09:53.302+0000] {logging_mixin.py:137} INFO - Bethany Meyer
[2023-02-01T19:09:53.304+0000] {logging_mixin.py:137} INFO - Helen Smith
[2023-02-01T19:09:53.305+0000] {logging_mixin.py:137} INFO - Dana Dennis
[2023-02-01T19:09:53.307+0000] {logging_mixin.py:137} INFO - Kelsey Camacho
[2023-02-01T19:09:53.309+0000] {logging_mixin.py:137} INFO - Matthew Thomas
[2023-02-01T19:09:53.310+0000] {logging_mixin.py:137} INFO - Brittany Arellano
[2023-02-01T19:09:53.314+0000] {logging_mixin.py:137} INFO - Stacey Jones
[2023-02-01T19:09:53.316+0000] {logging_mixin.py:137} INFO - William Weeks
[2023-02-01T19:09:53.318+0000] {logging_mixin.py:137} INFO - Mark Beasley
[2023-02-01T19:09:53.326+0000] {logging_mixin.py:137} INFO - Bruce Pena
[2023-02-01T19:09:53.328+0000] {logging_mixin.py:137} INFO - Jeffery Smith
[2023-02-01T19:09:53.330+0000] {logging_mixin.py:137} INFO - Ann Deleon
[2023-02-01T19:09:53.332+0000] {logging_mixin.py:137} INFO - Kevin Robertson
[2023-02-01T19:09:53.333+0000] {logging_mixin.py:137} INFO - Vincent Willis MD
[2023-02-01T19:09:53.335+0000] {logging_mixin.py:137} INFO - Michael Nielsen
[2023-02-01T19:09:53.337+0000] {logging_mixin.py:137} INFO - Walter Koch
[2023-02-01T19:09:53.346+0000] {logging_mixin.py:137} INFO - Brian Vega
[2023-02-01T19:09:53.347+0000] {logging_mixin.py:137} INFO - Jeffrey Medina
[2023-02-01T19:09:53.355+0000] {logging_mixin.py:137} INFO - Erika Banks
[2023-02-01T19:09:53.365+0000] {logging_mixin.py:137} INFO - Stacey Griffin
[2023-02-01T19:09:53.368+0000] {logging_mixin.py:137} INFO - Michael Marsh
[2023-02-01T19:09:53.377+0000] {logging_mixin.py:137} INFO - Molly White
[2023-02-01T19:09:53.379+0000] {logging_mixin.py:137} INFO - Matthew Morrison
[2023-02-01T19:09:53.383+0000] {logging_mixin.py:137} INFO - Amanda Burns
[2023-02-01T19:09:53.388+0000] {logging_mixin.py:137} INFO - Emily Gonzalez DDS
[2023-02-01T19:09:53.391+0000] {logging_mixin.py:137} INFO - Gregory King
[2023-02-01T19:09:53.392+0000] {logging_mixin.py:137} INFO - Dennis Evans
[2023-02-01T19:09:53.394+0000] {logging_mixin.py:137} INFO - Christina Snyder
[2023-02-01T19:09:53.396+0000] {logging_mixin.py:137} INFO - Carolyn Mata
[2023-02-01T19:09:53.400+0000] {logging_mixin.py:137} INFO - Brandy Lawson
[2023-02-01T19:09:53.402+0000] {logging_mixin.py:137} INFO - Briana Christian
[2023-02-01T19:09:53.407+0000] {logging_mixin.py:137} INFO - Jeffrey Hernandez
[2023-02-01T19:09:53.409+0000] {logging_mixin.py:137} INFO - John Riggs
[2023-02-01T19:09:53.411+0000] {logging_mixin.py:137} INFO - Barbara Short
[2023-02-01T19:09:53.413+0000] {logging_mixin.py:137} INFO - Steven Brooks
[2023-02-01T19:09:53.424+0000] {logging_mixin.py:137} INFO - Gabrielle James
[2023-02-01T19:09:53.433+0000] {logging_mixin.py:137} INFO - Robert Young
[2023-02-01T19:09:53.445+0000] {logging_mixin.py:137} INFO - Derek Sanders
[2023-02-01T19:09:53.447+0000] {logging_mixin.py:137} INFO - Mallory Oliver
[2023-02-01T19:09:53.453+0000] {logging_mixin.py:137} INFO - Terry Howe
[2023-02-01T19:09:53.456+0000] {logging_mixin.py:137} INFO - Samuel Wallace
[2023-02-01T19:09:53.459+0000] {logging_mixin.py:137} INFO - Angel Jones
[2023-02-01T19:09:53.461+0000] {logging_mixin.py:137} INFO - Jacqueline Nichols
[2023-02-01T19:09:53.463+0000] {logging_mixin.py:137} INFO - Melissa Mcgee
[2023-02-01T19:09:53.465+0000] {logging_mixin.py:137} INFO - Michelle Smith
[2023-02-01T19:09:53.466+0000] {logging_mixin.py:137} INFO - Maureen Baxter
[2023-02-01T19:09:53.468+0000] {logging_mixin.py:137} INFO - Kathy Crawford
[2023-02-01T19:09:53.470+0000] {logging_mixin.py:137} INFO - Stacy Wood
[2023-02-01T19:09:53.472+0000] {logging_mixin.py:137} INFO - Justin Parsons
[2023-02-01T19:09:53.475+0000] {logging_mixin.py:137} INFO - Ann Klein
[2023-02-01T19:09:53.479+0000] {logging_mixin.py:137} INFO - Allison Arnold
[2023-02-01T19:09:53.484+0000] {logging_mixin.py:137} INFO - Heather Kirk
[2023-02-01T19:09:53.486+0000] {logging_mixin.py:137} INFO - Monica Smith
[2023-02-01T19:09:53.487+0000] {logging_mixin.py:137} INFO - Brett Oconnor
[2023-02-01T19:09:53.496+0000] {logging_mixin.py:137} INFO - Anthony Bryant
[2023-02-01T19:09:53.529+0000] {logging_mixin.py:137} INFO - Jeremy Russell
[2023-02-01T19:09:53.540+0000] {logging_mixin.py:137} INFO - Julie Poole
[2023-02-01T19:09:53.545+0000] {logging_mixin.py:137} INFO - Emma Thompson
[2023-02-01T19:09:53.552+0000] {logging_mixin.py:137} INFO - Bradley Matthews
[2023-02-01T19:09:53.559+0000] {logging_mixin.py:137} INFO - William Roberts
[2023-02-01T19:09:53.562+0000] {logging_mixin.py:137} INFO - Julie Mooney
[2023-02-01T19:09:53.569+0000] {logging_mixin.py:137} INFO - Amy Doyle
[2023-02-01T19:09:53.574+0000] {logging_mixin.py:137} INFO - Amanda Grant
[2023-02-01T19:09:53.588+0000] {logging_mixin.py:137} INFO - Eric Anderson
[2023-02-01T19:09:53.600+0000] {logging_mixin.py:137} INFO - George Thompson
[2023-02-01T19:09:53.619+0000] {logging_mixin.py:137} INFO - Dustin Hines
[2023-02-01T19:09:53.622+0000] {logging_mixin.py:137} INFO - Andrea Frank
[2023-02-01T19:09:53.634+0000] {logging_mixin.py:137} INFO - Jodi Cook
[2023-02-01T19:09:53.636+0000] {logging_mixin.py:137} INFO - Stacy Haney
[2023-02-01T19:09:53.641+0000] {logging_mixin.py:137} INFO - Paul Callahan
[2023-02-01T19:09:53.650+0000] {logging_mixin.py:137} INFO - Jasmine Chambers
[2023-02-01T19:09:53.654+0000] {logging_mixin.py:137} INFO - Melissa Pittman MD
[2023-02-01T19:09:53.659+0000] {logging_mixin.py:137} INFO - Deborah Larson
[2023-02-01T19:09:53.668+0000] {logging_mixin.py:137} INFO - Brandon Shaw
[2023-02-01T19:09:53.673+0000] {logging_mixin.py:137} INFO - Timothy Paul
[2023-02-01T19:09:53.678+0000] {logging_mixin.py:137} INFO - Michael Trujillo
[2023-02-01T19:09:53.682+0000] {logging_mixin.py:137} INFO - Robert Rivera
[2023-02-01T19:09:53.685+0000] {logging_mixin.py:137} INFO - Dana Nelson
[2023-02-01T19:09:53.692+0000] {logging_mixin.py:137} INFO - Andrea Bennett
[2023-02-01T19:09:53.702+0000] {logging_mixin.py:137} INFO - Jodi Fox
[2023-02-01T19:09:53.705+0000] {logging_mixin.py:137} INFO - Heather Hayes
[2023-02-01T19:09:53.707+0000] {logging_mixin.py:137} INFO - Jennifer Moreno
[2023-02-01T19:09:53.710+0000] {logging_mixin.py:137} INFO - John Patel
[2023-02-01T19:09:53.712+0000] {logging_mixin.py:137} INFO - Teresa Oliver
[2023-02-01T19:09:53.728+0000] {logging_mixin.py:137} INFO - Monique Bell
[2023-02-01T19:09:53.730+0000] {logging_mixin.py:137} INFO - Casey Leonard
[2023-02-01T19:09:53.736+0000] {logging_mixin.py:137} INFO - Steven Clark
[2023-02-01T19:09:53.737+0000] {logging_mixin.py:137} INFO - Edward Martin
[2023-02-01T19:09:53.739+0000] {logging_mixin.py:137} INFO - Shawn Orozco
[2023-02-01T19:09:53.743+0000] {logging_mixin.py:137} INFO - Brandon Yang
[2023-02-01T19:09:53.746+0000] {logging_mixin.py:137} INFO - Nathan Ray
[2023-02-01T19:09:53.749+0000] {logging_mixin.py:137} INFO - Lori Moore
[2023-02-01T19:09:53.751+0000] {logging_mixin.py:137} INFO - Dr. Lisa Shaw DVM
[2023-02-01T19:09:53.753+0000] {logging_mixin.py:137} INFO - Angela Walters
[2023-02-01T19:09:53.754+0000] {logging_mixin.py:137} INFO - David Nolan
[2023-02-01T19:09:53.756+0000] {logging_mixin.py:137} INFO - William Ramsey
[2023-02-01T19:09:53.757+0000] {logging_mixin.py:137} INFO - David Oconnor
[2023-02-01T19:09:53.759+0000] {logging_mixin.py:137} INFO - Mark Washington
[2023-02-01T19:09:53.760+0000] {logging_mixin.py:137} INFO - Jennifer Jacobs
[2023-02-01T19:09:53.761+0000] {logging_mixin.py:137} INFO - Tammy Hampton
[2023-02-01T19:09:53.763+0000] {logging_mixin.py:137} INFO - Stephen Farmer
[2023-02-01T19:09:53.765+0000] {logging_mixin.py:137} INFO - Jasmine Nguyen
[2023-02-01T19:09:53.766+0000] {logging_mixin.py:137} INFO - Rebecca Flores
[2023-02-01T19:09:53.767+0000] {logging_mixin.py:137} INFO - Tyler Davis
[2023-02-01T19:09:53.772+0000] {logging_mixin.py:137} INFO - Nancy Gray
[2023-02-01T19:09:53.774+0000] {logging_mixin.py:137} INFO - Brian Sanchez
[2023-02-01T19:09:53.775+0000] {logging_mixin.py:137} INFO - Laurie Shaw
[2023-02-01T19:09:53.777+0000] {logging_mixin.py:137} INFO - Kristina Torres
[2023-02-01T19:09:53.779+0000] {logging_mixin.py:137} INFO - Andrea Rodgers
[2023-02-01T19:09:53.783+0000] {logging_mixin.py:137} INFO - Jason Walters
[2023-02-01T19:09:53.785+0000] {logging_mixin.py:137} INFO - Jerry Moss
[2023-02-01T19:09:53.792+0000] {logging_mixin.py:137} INFO - Jeffrey Jordan
[2023-02-01T19:09:53.793+0000] {logging_mixin.py:137} INFO - Jennifer Wilson
[2023-02-01T19:09:53.799+0000] {logging_mixin.py:137} INFO - Trevor Mathews
[2023-02-01T19:09:53.802+0000] {logging_mixin.py:137} INFO - Anne Hood
[2023-02-01T19:09:53.807+0000] {logging_mixin.py:137} INFO - Sarah Williams
[2023-02-01T19:09:53.809+0000] {logging_mixin.py:137} INFO - Shelby Hernandez
[2023-02-01T19:09:53.812+0000] {logging_mixin.py:137} INFO - Samantha Velez
[2023-02-01T19:09:53.814+0000] {logging_mixin.py:137} INFO - Matthew Douglas
[2023-02-01T19:09:53.815+0000] {logging_mixin.py:137} INFO - Ashlee George
[2023-02-01T19:09:53.818+0000] {logging_mixin.py:137} INFO - Troy Crane
[2023-02-01T19:09:53.819+0000] {logging_mixin.py:137} INFO - Michael Cooper
[2023-02-01T19:09:53.820+0000] {logging_mixin.py:137} INFO - Michael White
[2023-02-01T19:09:53.824+0000] {logging_mixin.py:137} INFO - Mr. Timothy Fleming
[2023-02-01T19:09:53.826+0000] {logging_mixin.py:137} INFO - Seth Bruce
[2023-02-01T19:09:53.828+0000] {logging_mixin.py:137} INFO - Jacqueline Carpenter
[2023-02-01T19:09:53.829+0000] {logging_mixin.py:137} INFO - Michael Martin
[2023-02-01T19:09:53.832+0000] {logging_mixin.py:137} INFO - Kristopher Henry
[2023-02-01T19:09:53.833+0000] {logging_mixin.py:137} INFO - Tiffany Porter
[2023-02-01T19:09:53.835+0000] {logging_mixin.py:137} INFO - Stacy Simpson
[2023-02-01T19:09:53.837+0000] {logging_mixin.py:137} INFO - Tammy Mcdowell
[2023-02-01T19:09:53.839+0000] {logging_mixin.py:137} INFO - Thomas Walters
[2023-02-01T19:09:53.841+0000] {logging_mixin.py:137} INFO - Dwayne Thompson
[2023-02-01T19:09:53.843+0000] {logging_mixin.py:137} INFO - Natalie Willis
[2023-02-01T19:09:53.846+0000] {logging_mixin.py:137} INFO - Sharon Taylor
[2023-02-01T19:09:53.853+0000] {logging_mixin.py:137} INFO - Sarah Wiggins
[2023-02-01T19:09:53.858+0000] {logging_mixin.py:137} INFO - Amber Thomas
[2023-02-01T19:09:53.866+0000] {logging_mixin.py:137} INFO - Patrick Miller
[2023-02-01T19:09:53.868+0000] {logging_mixin.py:137} INFO - Stephanie Hartman
[2023-02-01T19:09:53.871+0000] {logging_mixin.py:137} INFO - Stacey Mora
[2023-02-01T19:09:53.873+0000] {logging_mixin.py:137} INFO - Katherine Rodriguez
[2023-02-01T19:09:53.875+0000] {logging_mixin.py:137} INFO - Daniel Morgan
[2023-02-01T19:09:53.879+0000] {logging_mixin.py:137} INFO - Rebecca Martinez
[2023-02-01T19:09:53.882+0000] {logging_mixin.py:137} INFO - Nicole Juarez
[2023-02-01T19:09:53.886+0000] {logging_mixin.py:137} INFO - Mark Arroyo
[2023-02-01T19:09:53.894+0000] {logging_mixin.py:137} INFO - April Lucero
[2023-02-01T19:09:53.896+0000] {logging_mixin.py:137} INFO - Samantha Garcia
[2023-02-01T19:09:53.898+0000] {logging_mixin.py:137} INFO - Jon Moore
[2023-02-01T19:09:53.900+0000] {logging_mixin.py:137} INFO - Joshua Flores MD
[2023-02-01T19:09:53.903+0000] {logging_mixin.py:137} INFO - Raymond Jones
[2023-02-01T19:09:53.907+0000] {logging_mixin.py:137} INFO - Billy Hughes
[2023-02-01T19:09:53.909+0000] {logging_mixin.py:137} INFO - Peggy Valdez PhD
[2023-02-01T19:09:53.915+0000] {logging_mixin.py:137} INFO - Joshua Reyes
[2023-02-01T19:09:53.919+0000] {logging_mixin.py:137} INFO - Aaron Green
[2023-02-01T19:09:53.925+0000] {logging_mixin.py:137} INFO - Wendy Espinoza
[2023-02-01T19:09:53.933+0000] {logging_mixin.py:137} INFO - Peter Vasquez
[2023-02-01T19:09:53.935+0000] {logging_mixin.py:137} INFO - Diane Harper
[2023-02-01T19:09:53.936+0000] {logging_mixin.py:137} INFO - Ms. Rebecca Cantu
[2023-02-01T19:09:53.938+0000] {logging_mixin.py:137} INFO - Yolanda Morrow
[2023-02-01T19:09:53.940+0000] {logging_mixin.py:137} INFO - Penny Beard
[2023-02-01T19:09:53.943+0000] {logging_mixin.py:137} INFO - Lisa Long
[2023-02-01T19:09:53.952+0000] {logging_mixin.py:137} INFO - Jerry Harris
[2023-02-01T19:09:53.958+0000] {logging_mixin.py:137} INFO - Bob Willis
[2023-02-01T19:09:53.963+0000] {logging_mixin.py:137} INFO - Duane Chapman
[2023-02-01T19:09:53.965+0000] {logging_mixin.py:137} INFO - William Morgan
[2023-02-01T19:09:53.969+0000] {logging_mixin.py:137} INFO - Amy Gutierrez
[2023-02-01T19:09:53.971+0000] {logging_mixin.py:137} INFO - Amber Nichols
[2023-02-01T19:09:53.973+0000] {logging_mixin.py:137} INFO - Matthew Carr
[2023-02-01T19:09:53.975+0000] {logging_mixin.py:137} INFO - Thomas Duncan
[2023-02-01T19:09:53.976+0000] {logging_mixin.py:137} INFO - Elizabeth Wright
[2023-02-01T19:09:53.978+0000] {logging_mixin.py:137} INFO - Jacqueline Brewer
[2023-02-01T19:09:53.979+0000] {logging_mixin.py:137} INFO - Stephanie Johnson
[2023-02-01T19:09:53.982+0000] {logging_mixin.py:137} INFO - Samantha Calderon
[2023-02-01T19:09:53.985+0000] {logging_mixin.py:137} INFO - Kathryn Gaines
[2023-02-01T19:09:53.987+0000] {logging_mixin.py:137} INFO - Angel Jones
[2023-02-01T19:09:53.988+0000] {logging_mixin.py:137} INFO - Laura Wall
[2023-02-01T19:09:53.996+0000] {logging_mixin.py:137} INFO - Mr. Anthony Hamilton
[2023-02-01T19:09:54.007+0000] {logging_mixin.py:137} INFO - David Smith
[2023-02-01T19:09:54.020+0000] {logging_mixin.py:137} INFO - Kimberly Herrera DDS
[2023-02-01T19:09:54.028+0000] {logging_mixin.py:137} INFO - Gina Wilson
[2023-02-01T19:09:54.031+0000] {logging_mixin.py:137} INFO - Timothy Byrd
[2023-02-01T19:09:54.032+0000] {logging_mixin.py:137} INFO - Michael Mckenzie
[2023-02-01T19:09:54.034+0000] {logging_mixin.py:137} INFO - Jeffrey Mcintyre
[2023-02-01T19:09:54.036+0000] {logging_mixin.py:137} INFO - Teresa Jackson
[2023-02-01T19:09:54.038+0000] {logging_mixin.py:137} INFO - Joseph Wilcox
[2023-02-01T19:09:54.054+0000] {logging_mixin.py:137} INFO - Patrick Mcknight
[2023-02-01T19:09:54.056+0000] {logging_mixin.py:137} INFO - Ronald Moreno
[2023-02-01T19:09:54.057+0000] {logging_mixin.py:137} INFO - Jamie Sullivan
[2023-02-01T19:09:54.060+0000] {logging_mixin.py:137} INFO - Jason Anderson
[2023-02-01T19:09:54.063+0000] {logging_mixin.py:137} INFO - Steven Stewart
[2023-02-01T19:09:54.065+0000] {logging_mixin.py:137} INFO - Melinda Paul
[2023-02-01T19:09:54.067+0000] {logging_mixin.py:137} INFO - Cynthia Simmons
[2023-02-01T19:09:54.068+0000] {logging_mixin.py:137} INFO - Christian Smith
[2023-02-01T19:09:54.070+0000] {logging_mixin.py:137} INFO - William Jimenez
[2023-02-01T19:09:54.073+0000] {logging_mixin.py:137} INFO - Hayley French
[2023-02-01T19:09:54.074+0000] {logging_mixin.py:137} INFO - Brandon Hess
[2023-02-01T19:09:54.076+0000] {logging_mixin.py:137} INFO - Laura Perry
[2023-02-01T19:09:54.077+0000] {logging_mixin.py:137} INFO - Scott Jones
[2023-02-01T19:09:54.081+0000] {logging_mixin.py:137} INFO - Christine Hernandez
[2023-02-01T19:09:54.083+0000] {logging_mixin.py:137} INFO - Douglas Eaton
[2023-02-01T19:09:54.085+0000] {logging_mixin.py:137} INFO - William Soto
[2023-02-01T19:09:54.088+0000] {logging_mixin.py:137} INFO - Mary Jones
[2023-02-01T19:09:54.090+0000] {logging_mixin.py:137} INFO - Stephanie Holmes
[2023-02-01T19:09:54.094+0000] {logging_mixin.py:137} INFO - Keith Meyers
[2023-02-01T19:09:54.097+0000] {logging_mixin.py:137} INFO - Paul Fisher
[2023-02-01T19:09:54.099+0000] {logging_mixin.py:137} INFO - Emily Alexander
[2023-02-01T19:09:54.102+0000] {logging_mixin.py:137} INFO - Anthony Schwartz
[2023-02-01T19:09:54.103+0000] {logging_mixin.py:137} INFO - Evelyn Jacobs
[2023-02-01T19:09:54.106+0000] {logging_mixin.py:137} INFO - Connie Jones
[2023-02-01T19:09:54.109+0000] {logging_mixin.py:137} INFO - Carla Gibbs
[2023-02-01T19:09:54.111+0000] {logging_mixin.py:137} INFO - Ashley Santiago
[2023-02-01T19:09:54.114+0000] {logging_mixin.py:137} INFO - Micheal Mckee
[2023-02-01T19:09:54.116+0000] {logging_mixin.py:137} INFO - Diane Williams
[2023-02-01T19:09:54.119+0000] {logging_mixin.py:137} INFO - Jesse Velasquez
[2023-02-01T19:09:54.123+0000] {logging_mixin.py:137} INFO - Jennifer Rodriguez
[2023-02-01T19:09:54.126+0000] {logging_mixin.py:137} INFO - Joe Griffin
[2023-02-01T19:09:54.128+0000] {logging_mixin.py:137} INFO - Gary Cherry
[2023-02-01T19:09:54.130+0000] {logging_mixin.py:137} INFO - Alyssa Edwards
[2023-02-01T19:09:54.139+0000] {logging_mixin.py:137} INFO - Caroline Hernandez MD
[2023-02-01T19:09:54.148+0000] {logging_mixin.py:137} INFO - Jessica Morton
[2023-02-01T19:09:54.151+0000] {logging_mixin.py:137} INFO - Holly Jones
[2023-02-01T19:09:54.161+0000] {logging_mixin.py:137} INFO - David Shelton
[2023-02-01T19:09:54.163+0000] {logging_mixin.py:137} INFO - Kristina Parks
[2023-02-01T19:09:54.164+0000] {logging_mixin.py:137} INFO - Laurie Hernandez
[2023-02-01T19:09:54.167+0000] {logging_mixin.py:137} INFO - Melissa James
[2023-02-01T19:09:54.169+0000] {logging_mixin.py:137} INFO - Jeremiah Adams
[2023-02-01T19:09:54.171+0000] {logging_mixin.py:137} INFO - Arthur Robinson
[2023-02-01T19:09:54.173+0000] {logging_mixin.py:137} INFO - Anna Shepard
[2023-02-01T19:09:54.178+0000] {logging_mixin.py:137} INFO - Brandon Myers
[2023-02-01T19:09:54.180+0000] {logging_mixin.py:137} INFO - Paul Cardenas
[2023-02-01T19:09:54.182+0000] {logging_mixin.py:137} INFO - Megan Santana
[2023-02-01T19:09:54.184+0000] {logging_mixin.py:137} INFO - Joseph Marshall
[2023-02-01T19:09:54.186+0000] {logging_mixin.py:137} INFO - Mrs. Brenda Harris
[2023-02-01T19:09:54.187+0000] {logging_mixin.py:137} INFO - Nicole Garcia
[2023-02-01T19:09:54.189+0000] {logging_mixin.py:137} INFO - Anna Estrada
[2023-02-01T19:09:54.195+0000] {logging_mixin.py:137} INFO - Carl Moore
[2023-02-01T19:09:54.206+0000] {logging_mixin.py:137} INFO - Rodney Hernandez
[2023-02-01T19:09:54.209+0000] {logging_mixin.py:137} INFO - Madison Christian
[2023-02-01T19:09:54.215+0000] {logging_mixin.py:137} INFO - Heather Rhodes
[2023-02-01T19:09:54.239+0000] {python.py:177} INFO - Done. Returned value was: None
[2023-02-01T19:09:54.311+0000] {taskinstance.py:1323} INFO - Marking task as SUCCESS. dag_id=CSV_DAG, task_id=convertCSVToJson, execution_date=20230201T121000, start_date=20230201T190949, end_date=20230201T190954
[2023-02-01T19:09:54.651+0000] {local_task_job.py:208} INFO - Task exited with return code 0
[2023-02-01T19:09:54.951+0000] {taskinstance.py:2578} INFO - 0 downstream tasks scheduled from follow-on schedule check
