[2023-02-02T10:00:03.513+0000] {taskinstance.py:1083} INFO - Dependencies all met for <TaskInstance: CSV_DAG.convertCSVToJson scheduled__2023-02-01T19:40:00+00:00 [queued]>
[2023-02-02T10:00:03.640+0000] {taskinstance.py:1083} INFO - Dependencies all met for <TaskInstance: CSV_DAG.convertCSVToJson scheduled__2023-02-01T19:40:00+00:00 [queued]>
[2023-02-02T10:00:03.642+0000] {taskinstance.py:1279} INFO - 
--------------------------------------------------------------------------------
[2023-02-02T10:00:03.648+0000] {taskinstance.py:1280} INFO - Starting attempt 1 of 2
[2023-02-02T10:00:03.650+0000] {taskinstance.py:1281} INFO - 
--------------------------------------------------------------------------------
[2023-02-02T10:00:03.766+0000] {taskinstance.py:1300} INFO - Executing <Task(PythonOperator): convertCSVToJson> on 2023-02-01 19:40:00+00:00
[2023-02-02T10:00:03.797+0000] {standard_task_runner.py:55} INFO - Started process 175 to run task
[2023-02-02T10:00:03.825+0000] {standard_task_runner.py:82} INFO - Running: ['***', 'tasks', 'run', 'CSV_DAG', 'convertCSVToJson', 'scheduled__2023-02-01T19:40:00+00:00', '--job-id', '509', '--raw', '--subdir', 'DAGS_FOLDER/csv.py', '--cfg-path', '/tmp/tmpmb0k5_mf']
[2023-02-02T10:00:03.831+0000] {standard_task_runner.py:83} INFO - Job 509: Subtask convertCSVToJson
[2023-02-02T10:00:04.293+0000] {task_command.py:388} INFO - Running <TaskInstance: CSV_DAG.convertCSVToJson scheduled__2023-02-01T19:40:00+00:00 [running]> on host 06d8060e8530
[2023-02-02T10:00:04.698+0000] {taskinstance.py:1509} INFO - Exporting the following env vars:
AIRFLOW_CTX_DAG_OWNER=Kevin Chalmers
AIRFLOW_CTX_DAG_ID=CSV_DAG
AIRFLOW_CTX_TASK_ID=convertCSVToJson
AIRFLOW_CTX_EXECUTION_DATE=2023-02-01T19:40:00+00:00
AIRFLOW_CTX_TRY_NUMBER=1
AIRFLOW_CTX_DAG_RUN_ID=scheduled__2023-02-01T19:40:00+00:00
[2023-02-02T10:00:04.743+0000] {logging_mixin.py:137} INFO - Angelica Lopez
[2023-02-02T10:00:04.757+0000] {logging_mixin.py:137} INFO - Betty Wright
[2023-02-02T10:00:04.760+0000] {logging_mixin.py:137} INFO - Sara Schmidt
[2023-02-02T10:00:04.764+0000] {logging_mixin.py:137} INFO - Dr. Sherry Rodriguez
[2023-02-02T10:00:04.767+0000] {logging_mixin.py:137} INFO - Rebecca Mills
[2023-02-02T10:00:04.772+0000] {logging_mixin.py:137} INFO - Andrew Anderson
[2023-02-02T10:00:04.776+0000] {logging_mixin.py:137} INFO - Martin Everett
[2023-02-02T10:00:04.779+0000] {logging_mixin.py:137} INFO - Felicia Gregory
[2023-02-02T10:00:04.780+0000] {logging_mixin.py:137} INFO - Kara Bowers
[2023-02-02T10:00:04.782+0000] {logging_mixin.py:137} INFO - Vincent Vincent
[2023-02-02T10:00:04.785+0000] {logging_mixin.py:137} INFO - Morgan Butler
[2023-02-02T10:00:04.792+0000] {logging_mixin.py:137} INFO - Stephen Riley
[2023-02-02T10:00:04.806+0000] {logging_mixin.py:137} INFO - Wanda Thomas
[2023-02-02T10:00:04.821+0000] {logging_mixin.py:137} INFO - Michelle Schultz
[2023-02-02T10:00:04.826+0000] {logging_mixin.py:137} INFO - Christopher Rush MD
[2023-02-02T10:00:04.838+0000] {logging_mixin.py:137} INFO - Phyllis Miles
[2023-02-02T10:00:04.844+0000] {logging_mixin.py:137} INFO - Rebecca Price
[2023-02-02T10:00:04.845+0000] {logging_mixin.py:137} INFO - John Morse
[2023-02-02T10:00:04.848+0000] {logging_mixin.py:137} INFO - Nicholas Sanchez
[2023-02-02T10:00:04.855+0000] {logging_mixin.py:137} INFO - Crystal Dean
[2023-02-02T10:00:04.859+0000] {logging_mixin.py:137} INFO - Tyler Diaz
[2023-02-02T10:00:04.868+0000] {logging_mixin.py:137} INFO - Denise Mclean
[2023-02-02T10:00:04.871+0000] {logging_mixin.py:137} INFO - Daniel Grant
[2023-02-02T10:00:04.874+0000] {logging_mixin.py:137} INFO - Sandra Peterson
[2023-02-02T10:00:04.880+0000] {logging_mixin.py:137} INFO - Denise Morse
[2023-02-02T10:00:04.889+0000] {logging_mixin.py:137} INFO - Brianna Smith
[2023-02-02T10:00:04.906+0000] {logging_mixin.py:137} INFO - Tony Miller
[2023-02-02T10:00:04.910+0000] {logging_mixin.py:137} INFO - Jean Booth
[2023-02-02T10:00:04.913+0000] {logging_mixin.py:137} INFO - Penny Salazar
[2023-02-02T10:00:04.931+0000] {logging_mixin.py:137} INFO - Cathy Williams
[2023-02-02T10:00:04.937+0000] {logging_mixin.py:137} INFO - Hannah Collins
[2023-02-02T10:00:04.940+0000] {logging_mixin.py:137} INFO - Maurice Casey
[2023-02-02T10:00:04.944+0000] {logging_mixin.py:137} INFO - Patrick Walker
[2023-02-02T10:00:04.947+0000] {logging_mixin.py:137} INFO - Pamela Barton
[2023-02-02T10:00:04.952+0000] {logging_mixin.py:137} INFO - Anthony Bryant
[2023-02-02T10:00:04.954+0000] {logging_mixin.py:137} INFO - Andrew Harris
[2023-02-02T10:00:04.955+0000] {logging_mixin.py:137} INFO - Aaron Harris
[2023-02-02T10:00:04.957+0000] {logging_mixin.py:137} INFO - Maureen Soto
[2023-02-02T10:00:04.962+0000] {logging_mixin.py:137} INFO - Crystal Mcdaniel
[2023-02-02T10:00:04.965+0000] {logging_mixin.py:137} INFO - Lauren Barrett
[2023-02-02T10:00:04.973+0000] {logging_mixin.py:137} INFO - Brandon Perez
[2023-02-02T10:00:04.975+0000] {logging_mixin.py:137} INFO - Mark Robertson
[2023-02-02T10:00:04.978+0000] {logging_mixin.py:137} INFO - Nicole Gates
[2023-02-02T10:00:04.983+0000] {logging_mixin.py:137} INFO - Bradley Cruz
[2023-02-02T10:00:04.989+0000] {logging_mixin.py:137} INFO - Gina Burns
[2023-02-02T10:00:04.992+0000] {logging_mixin.py:137} INFO - Zachary Martinez
[2023-02-02T10:00:04.996+0000] {logging_mixin.py:137} INFO - Natasha Johnson
[2023-02-02T10:00:05.001+0000] {logging_mixin.py:137} INFO - Patrick Gonzales
[2023-02-02T10:00:05.006+0000] {logging_mixin.py:137} INFO - Terri Wilson
[2023-02-02T10:00:05.014+0000] {logging_mixin.py:137} INFO - Sarah Lopez
[2023-02-02T10:00:05.025+0000] {logging_mixin.py:137} INFO - Dana Turner
[2023-02-02T10:00:05.028+0000] {logging_mixin.py:137} INFO - Cynthia Johnson
[2023-02-02T10:00:05.033+0000] {logging_mixin.py:137} INFO - William Thornton
[2023-02-02T10:00:05.040+0000] {logging_mixin.py:137} INFO - James Lee
[2023-02-02T10:00:05.052+0000] {logging_mixin.py:137} INFO - Stephen Allen
[2023-02-02T10:00:05.056+0000] {logging_mixin.py:137} INFO - William Stark
[2023-02-02T10:00:05.066+0000] {logging_mixin.py:137} INFO - Michael Parker
[2023-02-02T10:00:05.089+0000] {logging_mixin.py:137} INFO - Lisa Stephens
[2023-02-02T10:00:05.096+0000] {logging_mixin.py:137} INFO - Mr. Reginald Wise DDS
[2023-02-02T10:00:05.099+0000] {logging_mixin.py:137} INFO - Alexander James
[2023-02-02T10:00:05.105+0000] {logging_mixin.py:137} INFO - Kristen West
[2023-02-02T10:00:05.121+0000] {logging_mixin.py:137} INFO - Elizabeth Sanchez
[2023-02-02T10:00:05.125+0000] {logging_mixin.py:137} INFO - Jennifer Wilson
[2023-02-02T10:00:05.133+0000] {logging_mixin.py:137} INFO - Catherine Nicholson
[2023-02-02T10:00:05.138+0000] {logging_mixin.py:137} INFO - David Henderson
[2023-02-02T10:00:05.143+0000] {logging_mixin.py:137} INFO - Stephen Davis
[2023-02-02T10:00:05.151+0000] {logging_mixin.py:137} INFO - Paul Skinner
[2023-02-02T10:00:05.167+0000] {logging_mixin.py:137} INFO - Rebecca Wong
[2023-02-02T10:00:05.176+0000] {logging_mixin.py:137} INFO - Tara Benitez
[2023-02-02T10:00:05.181+0000] {logging_mixin.py:137} INFO - Sharon Miller
[2023-02-02T10:00:05.184+0000] {logging_mixin.py:137} INFO - Cynthia Smith
[2023-02-02T10:00:05.186+0000] {logging_mixin.py:137} INFO - Jennifer Werner
[2023-02-02T10:00:05.189+0000] {logging_mixin.py:137} INFO - Rebecca Tucker
[2023-02-02T10:00:05.203+0000] {logging_mixin.py:137} INFO - Ashlee Castillo
[2023-02-02T10:00:05.214+0000] {logging_mixin.py:137} INFO - Christopher Holmes
[2023-02-02T10:00:05.224+0000] {logging_mixin.py:137} INFO - Daniel Velez
[2023-02-02T10:00:05.233+0000] {logging_mixin.py:137} INFO - Amy Serrano
[2023-02-02T10:00:05.236+0000] {logging_mixin.py:137} INFO - Alison Nash
[2023-02-02T10:00:05.240+0000] {logging_mixin.py:137} INFO - Peter Johnson
[2023-02-02T10:00:05.245+0000] {logging_mixin.py:137} INFO - Breanna Harris
[2023-02-02T10:00:05.257+0000] {logging_mixin.py:137} INFO - Eric King
[2023-02-02T10:00:05.259+0000] {logging_mixin.py:137} INFO - Patricia Oliver
[2023-02-02T10:00:05.262+0000] {logging_mixin.py:137} INFO - Denise Grimes
[2023-02-02T10:00:05.271+0000] {logging_mixin.py:137} INFO - Jill Olson
[2023-02-02T10:00:05.279+0000] {logging_mixin.py:137} INFO - Stephanie Hart
[2023-02-02T10:00:05.283+0000] {logging_mixin.py:137} INFO - Ashley Lee
[2023-02-02T10:00:05.285+0000] {logging_mixin.py:137} INFO - Kelly Barnes
[2023-02-02T10:00:05.287+0000] {logging_mixin.py:137} INFO - Christie West
[2023-02-02T10:00:05.290+0000] {logging_mixin.py:137} INFO - Todd Nolan
[2023-02-02T10:00:05.293+0000] {logging_mixin.py:137} INFO - Sarah Reed
[2023-02-02T10:00:05.297+0000] {logging_mixin.py:137} INFO - Jennifer Keith
[2023-02-02T10:00:05.305+0000] {logging_mixin.py:137} INFO - Shawn Alvarez
[2023-02-02T10:00:05.307+0000] {logging_mixin.py:137} INFO - Alexander Wilson
[2023-02-02T10:00:05.311+0000] {logging_mixin.py:137} INFO - Rachel Melendez
[2023-02-02T10:00:05.314+0000] {logging_mixin.py:137} INFO - Morgan Walters
[2023-02-02T10:00:05.318+0000] {logging_mixin.py:137} INFO - Nicole Garcia
[2023-02-02T10:00:05.323+0000] {logging_mixin.py:137} INFO - Jennifer White
[2023-02-02T10:00:05.326+0000] {logging_mixin.py:137} INFO - Leslie Shannon
[2023-02-02T10:00:05.328+0000] {logging_mixin.py:137} INFO - Lisa Clayton
[2023-02-02T10:00:05.332+0000] {logging_mixin.py:137} INFO - Zachary Molina
[2023-02-02T10:00:05.338+0000] {logging_mixin.py:137} INFO - Bruce Butler
[2023-02-02T10:00:05.340+0000] {logging_mixin.py:137} INFO - Dustin Howell
[2023-02-02T10:00:05.359+0000] {logging_mixin.py:137} INFO - Aaron Smith
[2023-02-02T10:00:05.361+0000] {logging_mixin.py:137} INFO - Kyle Green
[2023-02-02T10:00:05.363+0000] {logging_mixin.py:137} INFO - Steven Clark
[2023-02-02T10:00:05.367+0000] {logging_mixin.py:137} INFO - Robert Holden
[2023-02-02T10:00:05.369+0000] {logging_mixin.py:137} INFO - Zachary Harmon
[2023-02-02T10:00:05.377+0000] {logging_mixin.py:137} INFO - Rachel Miller
[2023-02-02T10:00:05.381+0000] {logging_mixin.py:137} INFO - Brandon Parker
[2023-02-02T10:00:05.383+0000] {logging_mixin.py:137} INFO - Walter Martin
[2023-02-02T10:00:05.387+0000] {logging_mixin.py:137} INFO - Jose Young
[2023-02-02T10:00:05.389+0000] {logging_mixin.py:137} INFO - Kelsey Long
[2023-02-02T10:00:05.392+0000] {logging_mixin.py:137} INFO - William Harper
[2023-02-02T10:00:05.397+0000] {logging_mixin.py:137} INFO - Alejandro Lambert
[2023-02-02T10:00:05.407+0000] {logging_mixin.py:137} INFO - Stephanie Carson
[2023-02-02T10:00:05.408+0000] {logging_mixin.py:137} INFO - Diana Ortega MD
[2023-02-02T10:00:05.413+0000] {logging_mixin.py:137} INFO - Janet Morales
[2023-02-02T10:00:05.421+0000] {logging_mixin.py:137} INFO - Eric Fisher
[2023-02-02T10:00:05.424+0000] {logging_mixin.py:137} INFO - Louis Baker
[2023-02-02T10:00:05.426+0000] {logging_mixin.py:137} INFO - Cindy Ward
[2023-02-02T10:00:05.438+0000] {logging_mixin.py:137} INFO - Ana Jenkins
[2023-02-02T10:00:05.444+0000] {logging_mixin.py:137} INFO - Leslie Barton
[2023-02-02T10:00:05.449+0000] {logging_mixin.py:137} INFO - Gregory Price
[2023-02-02T10:00:05.451+0000] {logging_mixin.py:137} INFO - Brandon Moore
[2023-02-02T10:00:05.458+0000] {logging_mixin.py:137} INFO - Heather Garrett
[2023-02-02T10:00:05.465+0000] {logging_mixin.py:137} INFO - Cindy Hawkins
[2023-02-02T10:00:05.469+0000] {logging_mixin.py:137} INFO - Mr. Frank Snyder Jr.
[2023-02-02T10:00:05.471+0000] {logging_mixin.py:137} INFO - Megan Wang
[2023-02-02T10:00:05.480+0000] {logging_mixin.py:137} INFO - Jennifer Fleming
[2023-02-02T10:00:05.487+0000] {logging_mixin.py:137} INFO - Gary Hodge
[2023-02-02T10:00:05.497+0000] {logging_mixin.py:137} INFO - Nichole Miller
[2023-02-02T10:00:05.499+0000] {logging_mixin.py:137} INFO - Mitchell Mendoza
[2023-02-02T10:00:05.501+0000] {logging_mixin.py:137} INFO - Bradley Horton
[2023-02-02T10:00:05.503+0000] {logging_mixin.py:137} INFO - Michelle Hess
[2023-02-02T10:00:05.510+0000] {logging_mixin.py:137} INFO - Ronald Torres
[2023-02-02T10:00:05.514+0000] {logging_mixin.py:137} INFO - Raymond Hudson
[2023-02-02T10:00:05.526+0000] {logging_mixin.py:137} INFO - Vincent Jackson
[2023-02-02T10:00:05.529+0000] {logging_mixin.py:137} INFO - Susan Carey
[2023-02-02T10:00:05.538+0000] {logging_mixin.py:137} INFO - Chase Wilson
[2023-02-02T10:00:05.543+0000] {logging_mixin.py:137} INFO - Tonya Baldwin
[2023-02-02T10:00:05.545+0000] {logging_mixin.py:137} INFO - Mrs. Tina Davis
[2023-02-02T10:00:05.547+0000] {logging_mixin.py:137} INFO - Scott Garrett
[2023-02-02T10:00:05.550+0000] {logging_mixin.py:137} INFO - Michael Wilson
[2023-02-02T10:00:05.560+0000] {logging_mixin.py:137} INFO - Andrew Orozco
[2023-02-02T10:00:05.563+0000] {logging_mixin.py:137} INFO - Troy Carson
[2023-02-02T10:00:05.567+0000] {logging_mixin.py:137} INFO - Alex Winters
[2023-02-02T10:00:05.568+0000] {logging_mixin.py:137} INFO - Toni Frank
[2023-02-02T10:00:05.569+0000] {logging_mixin.py:137} INFO - Kathleen Snyder
[2023-02-02T10:00:05.570+0000] {logging_mixin.py:137} INFO - Anna Lopez
[2023-02-02T10:00:05.572+0000] {logging_mixin.py:137} INFO - Charles Brown
[2023-02-02T10:00:05.573+0000] {logging_mixin.py:137} INFO - Barry Ross
[2023-02-02T10:00:05.575+0000] {logging_mixin.py:137} INFO - Emily Ramirez
[2023-02-02T10:00:05.576+0000] {logging_mixin.py:137} INFO - Anna Williams
[2023-02-02T10:00:05.578+0000] {logging_mixin.py:137} INFO - Kristin Pennington
[2023-02-02T10:00:05.579+0000] {logging_mixin.py:137} INFO - Mary Aguirre
[2023-02-02T10:00:05.581+0000] {logging_mixin.py:137} INFO - Austin Santos
[2023-02-02T10:00:05.585+0000] {logging_mixin.py:137} INFO - David Nelson
[2023-02-02T10:00:05.586+0000] {logging_mixin.py:137} INFO - Alyssa Mcbride
[2023-02-02T10:00:05.588+0000] {logging_mixin.py:137} INFO - Lisa Gibson
[2023-02-02T10:00:05.591+0000] {logging_mixin.py:137} INFO - Alexander Kelly
[2023-02-02T10:00:05.592+0000] {logging_mixin.py:137} INFO - Ronald Thomas
[2023-02-02T10:00:05.593+0000] {logging_mixin.py:137} INFO - Michael Hurst
[2023-02-02T10:00:05.595+0000] {logging_mixin.py:137} INFO - Lauren Ward
[2023-02-02T10:00:05.596+0000] {logging_mixin.py:137} INFO - Christian Terry
[2023-02-02T10:00:05.598+0000] {logging_mixin.py:137} INFO - Jared Black
[2023-02-02T10:00:05.599+0000] {logging_mixin.py:137} INFO - Anthony Brown
[2023-02-02T10:00:05.602+0000] {logging_mixin.py:137} INFO - John Cole
[2023-02-02T10:00:05.606+0000] {logging_mixin.py:137} INFO - David Lee
[2023-02-02T10:00:05.608+0000] {logging_mixin.py:137} INFO - Lori Thomas
[2023-02-02T10:00:05.616+0000] {logging_mixin.py:137} INFO - Daniel Herman
[2023-02-02T10:00:05.622+0000] {logging_mixin.py:137} INFO - Pam Williams
[2023-02-02T10:00:05.625+0000] {logging_mixin.py:137} INFO - Sarah Jenkins
[2023-02-02T10:00:05.630+0000] {logging_mixin.py:137} INFO - Susan Mitchell
[2023-02-02T10:00:05.640+0000] {logging_mixin.py:137} INFO - Jacqueline Green
[2023-02-02T10:00:05.643+0000] {logging_mixin.py:137} INFO - Victoria Garrison
[2023-02-02T10:00:05.648+0000] {logging_mixin.py:137} INFO - Jonathan Daniels
[2023-02-02T10:00:05.650+0000] {logging_mixin.py:137} INFO - Trevor Hansen
[2023-02-02T10:00:05.667+0000] {logging_mixin.py:137} INFO - Laurie Bowen
[2023-02-02T10:00:05.677+0000] {logging_mixin.py:137} INFO - James Cline
[2023-02-02T10:00:05.690+0000] {logging_mixin.py:137} INFO - Michael Rose
[2023-02-02T10:00:05.703+0000] {logging_mixin.py:137} INFO - Lawrence Juarez
[2023-02-02T10:00:05.706+0000] {logging_mixin.py:137} INFO - Lucas Caldwell
[2023-02-02T10:00:05.712+0000] {logging_mixin.py:137} INFO - Laura Jackson
[2023-02-02T10:00:05.715+0000] {logging_mixin.py:137} INFO - Sherri Thornton
[2023-02-02T10:00:05.717+0000] {logging_mixin.py:137} INFO - Alice Wilson
[2023-02-02T10:00:05.722+0000] {logging_mixin.py:137} INFO - Diane Williams
[2023-02-02T10:00:05.742+0000] {logging_mixin.py:137} INFO - Kara Martin
[2023-02-02T10:00:05.748+0000] {logging_mixin.py:137} INFO - Joseph Moore
[2023-02-02T10:00:05.760+0000] {logging_mixin.py:137} INFO - Jesse Moses
[2023-02-02T10:00:05.768+0000] {logging_mixin.py:137} INFO - Lisa Mccall
[2023-02-02T10:00:05.777+0000] {logging_mixin.py:137} INFO - Alexandra Mccoy
[2023-02-02T10:00:05.780+0000] {logging_mixin.py:137} INFO - Daniel Martin
[2023-02-02T10:00:05.784+0000] {logging_mixin.py:137} INFO - Claudia Peck
[2023-02-02T10:00:05.795+0000] {logging_mixin.py:137} INFO - Jessica Mcconnell
[2023-02-02T10:00:05.803+0000] {logging_mixin.py:137} INFO - Kevin Walker
[2023-02-02T10:00:05.807+0000] {logging_mixin.py:137} INFO - Christina Lee
[2023-02-02T10:00:05.809+0000] {logging_mixin.py:137} INFO - Christopher Schroeder
[2023-02-02T10:00:05.810+0000] {logging_mixin.py:137} INFO - Melissa Parker
[2023-02-02T10:00:05.814+0000] {logging_mixin.py:137} INFO - Janet Molina
[2023-02-02T10:00:05.818+0000] {logging_mixin.py:137} INFO - Barbara Harris
[2023-02-02T10:00:05.824+0000] {logging_mixin.py:137} INFO - Joseph Hurley
[2023-02-02T10:00:05.828+0000] {logging_mixin.py:137} INFO - Greg Hayden
[2023-02-02T10:00:05.834+0000] {logging_mixin.py:137} INFO - Edwin Adams
[2023-02-02T10:00:05.838+0000] {logging_mixin.py:137} INFO - Ashley Hunter
[2023-02-02T10:00:05.842+0000] {logging_mixin.py:137} INFO - Jennifer Tucker
[2023-02-02T10:00:05.843+0000] {logging_mixin.py:137} INFO - Eddie Gray
[2023-02-02T10:00:05.848+0000] {logging_mixin.py:137} INFO - Jennifer Evans
[2023-02-02T10:00:05.851+0000] {logging_mixin.py:137} INFO - Stephen Carey
[2023-02-02T10:00:05.855+0000] {logging_mixin.py:137} INFO - Samantha Campos
[2023-02-02T10:00:05.858+0000] {logging_mixin.py:137} INFO - Meagan Brown
[2023-02-02T10:00:05.867+0000] {logging_mixin.py:137} INFO - Miss Marisa Barber
[2023-02-02T10:00:05.871+0000] {logging_mixin.py:137} INFO - Jay Mann
[2023-02-02T10:00:05.879+0000] {logging_mixin.py:137} INFO - Matthew Campbell
[2023-02-02T10:00:05.882+0000] {logging_mixin.py:137} INFO - Brent Rodriguez
[2023-02-02T10:00:05.885+0000] {logging_mixin.py:137} INFO - Teresa Ross
[2023-02-02T10:00:05.892+0000] {logging_mixin.py:137} INFO - Mary Martinez
[2023-02-02T10:00:05.901+0000] {logging_mixin.py:137} INFO - Joseph Lewis
[2023-02-02T10:00:05.910+0000] {logging_mixin.py:137} INFO - Dale Davis
[2023-02-02T10:00:05.914+0000] {logging_mixin.py:137} INFO - Elizabeth Evans
[2023-02-02T10:00:05.917+0000] {logging_mixin.py:137} INFO - Shannon Wang
[2023-02-02T10:00:05.919+0000] {logging_mixin.py:137} INFO - Brandon Campbell
[2023-02-02T10:00:05.922+0000] {logging_mixin.py:137} INFO - Rhonda Pace
[2023-02-02T10:00:05.923+0000] {logging_mixin.py:137} INFO - Sarah Santos
[2023-02-02T10:00:05.926+0000] {logging_mixin.py:137} INFO - Jacob Ford
[2023-02-02T10:00:05.929+0000] {logging_mixin.py:137} INFO - Matthew Hansen
[2023-02-02T10:00:05.932+0000] {logging_mixin.py:137} INFO - Amy Ray
[2023-02-02T10:00:05.934+0000] {logging_mixin.py:137} INFO - Aaron Fields
[2023-02-02T10:00:05.935+0000] {logging_mixin.py:137} INFO - Mary Taylor
[2023-02-02T10:00:05.937+0000] {logging_mixin.py:137} INFO - James Morris
[2023-02-02T10:00:05.946+0000] {logging_mixin.py:137} INFO - Darrell Cain
[2023-02-02T10:00:05.950+0000] {logging_mixin.py:137} INFO - Michael Smith
[2023-02-02T10:00:05.951+0000] {logging_mixin.py:137} INFO - Scott Coleman
[2023-02-02T10:00:05.953+0000] {logging_mixin.py:137} INFO - David Fitzpatrick
[2023-02-02T10:00:05.961+0000] {logging_mixin.py:137} INFO - Debra Shepherd
[2023-02-02T10:00:05.963+0000] {logging_mixin.py:137} INFO - Paul Rush
[2023-02-02T10:00:05.966+0000] {logging_mixin.py:137} INFO - Brett Hernandez
[2023-02-02T10:00:05.968+0000] {logging_mixin.py:137} INFO - Sheila Riddle
[2023-02-02T10:00:05.972+0000] {logging_mixin.py:137} INFO - Joan Austin
[2023-02-02T10:00:05.976+0000] {logging_mixin.py:137} INFO - Michael Garcia
[2023-02-02T10:00:05.979+0000] {logging_mixin.py:137} INFO - Natalie Harris
[2023-02-02T10:00:05.980+0000] {logging_mixin.py:137} INFO - Steven Dean
[2023-02-02T10:00:05.982+0000] {logging_mixin.py:137} INFO - John Brown
[2023-02-02T10:00:05.984+0000] {logging_mixin.py:137} INFO - Keith Zimmerman
[2023-02-02T10:00:05.985+0000] {logging_mixin.py:137} INFO - Curtis Byrd
[2023-02-02T10:00:05.987+0000] {logging_mixin.py:137} INFO - Mariah Green
[2023-02-02T10:00:05.990+0000] {logging_mixin.py:137} INFO - Roger Huynh
[2023-02-02T10:00:05.995+0000] {logging_mixin.py:137} INFO - Christopher Zamora
[2023-02-02T10:00:05.996+0000] {logging_mixin.py:137} INFO - Joyce Crawford
[2023-02-02T10:00:05.997+0000] {logging_mixin.py:137} INFO - Angela Smith
[2023-02-02T10:00:06.006+0000] {logging_mixin.py:137} INFO - Veronica Robinson
[2023-02-02T10:00:06.012+0000] {logging_mixin.py:137} INFO - Christopher Bates
[2023-02-02T10:00:06.015+0000] {logging_mixin.py:137} INFO - Steve Stone
[2023-02-02T10:00:06.016+0000] {logging_mixin.py:137} INFO - William Cook
[2023-02-02T10:00:06.017+0000] {logging_mixin.py:137} INFO - Lori Wood
[2023-02-02T10:00:06.019+0000] {logging_mixin.py:137} INFO - Jillian Reynolds
[2023-02-02T10:00:06.021+0000] {logging_mixin.py:137} INFO - Angela Caldwell
[2023-02-02T10:00:06.032+0000] {logging_mixin.py:137} INFO - Shane Campbell
[2023-02-02T10:00:06.037+0000] {logging_mixin.py:137} INFO - Karen Lawrence
[2023-02-02T10:00:06.040+0000] {logging_mixin.py:137} INFO - Kimberly Wood
[2023-02-02T10:00:06.044+0000] {logging_mixin.py:137} INFO - Samantha Lopez
[2023-02-02T10:00:06.048+0000] {logging_mixin.py:137} INFO - Harold Miller
[2023-02-02T10:00:06.050+0000] {logging_mixin.py:137} INFO - Raymond Cooper DVM
[2023-02-02T10:00:06.054+0000] {logging_mixin.py:137} INFO - Kristen Patel
[2023-02-02T10:00:06.064+0000] {logging_mixin.py:137} INFO - Anthony Mejia
[2023-02-02T10:00:06.067+0000] {logging_mixin.py:137} INFO - Raymond Thomas
[2023-02-02T10:00:06.069+0000] {logging_mixin.py:137} INFO - Scott Young
[2023-02-02T10:00:06.073+0000] {logging_mixin.py:137} INFO - David Larson
[2023-02-02T10:00:06.076+0000] {logging_mixin.py:137} INFO - Jon Murray
[2023-02-02T10:00:06.084+0000] {logging_mixin.py:137} INFO - Stephen Taylor
[2023-02-02T10:00:06.090+0000] {logging_mixin.py:137} INFO - Jennifer Hernandez
[2023-02-02T10:00:06.094+0000] {logging_mixin.py:137} INFO - Stacy Smith
[2023-02-02T10:00:06.099+0000] {logging_mixin.py:137} INFO - Juan Owens
[2023-02-02T10:00:06.103+0000] {logging_mixin.py:137} INFO - Brian Adkins
[2023-02-02T10:00:06.105+0000] {logging_mixin.py:137} INFO - Jesse Wells
[2023-02-02T10:00:06.111+0000] {logging_mixin.py:137} INFO - Kyle Matthews
[2023-02-02T10:00:06.113+0000] {logging_mixin.py:137} INFO - Dustin Russell
[2023-02-02T10:00:06.118+0000] {logging_mixin.py:137} INFO - Richard White
[2023-02-02T10:00:06.125+0000] {logging_mixin.py:137} INFO - Brittany Nichols
[2023-02-02T10:00:06.127+0000] {logging_mixin.py:137} INFO - Colton Kelly
[2023-02-02T10:00:06.134+0000] {logging_mixin.py:137} INFO - William Perry
[2023-02-02T10:00:06.136+0000] {logging_mixin.py:137} INFO - Thomas Cummings
[2023-02-02T10:00:06.138+0000] {logging_mixin.py:137} INFO - Timothy Ballard
[2023-02-02T10:00:06.162+0000] {logging_mixin.py:137} INFO - Richard Washington
[2023-02-02T10:00:06.181+0000] {logging_mixin.py:137} INFO - Joshua Lam
[2023-02-02T10:00:06.189+0000] {logging_mixin.py:137} INFO - Grant Jackson
[2023-02-02T10:00:06.194+0000] {logging_mixin.py:137} INFO - Erin Baker
[2023-02-02T10:00:06.197+0000] {logging_mixin.py:137} INFO - Scott Flowers
[2023-02-02T10:00:06.206+0000] {logging_mixin.py:137} INFO - James Adams
[2023-02-02T10:00:06.218+0000] {logging_mixin.py:137} INFO - Heather Alvarado
[2023-02-02T10:00:06.220+0000] {logging_mixin.py:137} INFO - Jennifer Snow
[2023-02-02T10:00:06.222+0000] {logging_mixin.py:137} INFO - Mario Jackson
[2023-02-02T10:00:06.230+0000] {logging_mixin.py:137} INFO - Kevin Collins
[2023-02-02T10:00:06.242+0000] {logging_mixin.py:137} INFO - Danielle Garcia
[2023-02-02T10:00:06.251+0000] {logging_mixin.py:137} INFO - Brenda Jackson
[2023-02-02T10:00:06.256+0000] {logging_mixin.py:137} INFO - Ashley Parker
[2023-02-02T10:00:06.260+0000] {logging_mixin.py:137} INFO - Angela Hickman
[2023-02-02T10:00:06.272+0000] {logging_mixin.py:137} INFO - Carol Rodriguez
[2023-02-02T10:00:06.276+0000] {logging_mixin.py:137} INFO - Vernon Anderson
[2023-02-02T10:00:06.281+0000] {logging_mixin.py:137} INFO - Jesus Church
[2023-02-02T10:00:06.287+0000] {logging_mixin.py:137} INFO - Michelle Medina
[2023-02-02T10:00:06.290+0000] {logging_mixin.py:137} INFO - Nancy Bryant
[2023-02-02T10:00:06.321+0000] {logging_mixin.py:137} INFO - Jennifer Martinez
[2023-02-02T10:00:06.325+0000] {logging_mixin.py:137} INFO - Amy Dougherty
[2023-02-02T10:00:06.350+0000] {logging_mixin.py:137} INFO - Alexis Sanders
[2023-02-02T10:00:06.355+0000] {logging_mixin.py:137} INFO - Austin Salazar
[2023-02-02T10:00:06.359+0000] {logging_mixin.py:137} INFO - Amy Williams
[2023-02-02T10:00:06.364+0000] {logging_mixin.py:137} INFO - Richard Haynes
[2023-02-02T10:00:06.378+0000] {logging_mixin.py:137} INFO - Christine Stark
[2023-02-02T10:00:06.385+0000] {logging_mixin.py:137} INFO - Anita Medina
[2023-02-02T10:00:06.395+0000] {logging_mixin.py:137} INFO - Mr. Thomas Duran
[2023-02-02T10:00:06.399+0000] {logging_mixin.py:137} INFO - Mr. Russell Peterson
[2023-02-02T10:00:06.413+0000] {logging_mixin.py:137} INFO - Jack Richard
[2023-02-02T10:00:06.424+0000] {logging_mixin.py:137} INFO - Michelle Erickson
[2023-02-02T10:00:06.445+0000] {logging_mixin.py:137} INFO - Mitchell Williams
[2023-02-02T10:00:06.447+0000] {logging_mixin.py:137} INFO - Adrian Herrera
[2023-02-02T10:00:06.459+0000] {logging_mixin.py:137} INFO - Michael Brady
[2023-02-02T10:00:06.468+0000] {logging_mixin.py:137} INFO - Jamie Zhang
[2023-02-02T10:00:06.471+0000] {logging_mixin.py:137} INFO - Helen Brennan
[2023-02-02T10:00:06.477+0000] {logging_mixin.py:137} INFO - John Myers
[2023-02-02T10:00:06.480+0000] {logging_mixin.py:137} INFO - Patricia Nash
[2023-02-02T10:00:06.484+0000] {logging_mixin.py:137} INFO - Michael Johnson
[2023-02-02T10:00:06.502+0000] {logging_mixin.py:137} INFO - Anita Berger
[2023-02-02T10:00:06.510+0000] {logging_mixin.py:137} INFO - Jason Guerrero DVM
[2023-02-02T10:00:06.521+0000] {logging_mixin.py:137} INFO - Kimberly Davis
[2023-02-02T10:00:06.528+0000] {logging_mixin.py:137} INFO - Bryan Hansen
[2023-02-02T10:00:06.531+0000] {logging_mixin.py:137} INFO - Rebecca Obrien
[2023-02-02T10:00:06.540+0000] {logging_mixin.py:137} INFO - Sarah Santiago
[2023-02-02T10:00:06.543+0000] {logging_mixin.py:137} INFO - Christine Lane
[2023-02-02T10:00:06.546+0000] {logging_mixin.py:137} INFO - Jerry Lewis
[2023-02-02T10:00:06.549+0000] {logging_mixin.py:137} INFO - Stephanie Miller
[2023-02-02T10:00:06.552+0000] {logging_mixin.py:137} INFO - Kristi Bradley
[2023-02-02T10:00:06.562+0000] {logging_mixin.py:137} INFO - Darren Moore
[2023-02-02T10:00:06.573+0000] {logging_mixin.py:137} INFO - Kristina Cunningham
[2023-02-02T10:00:06.578+0000] {logging_mixin.py:137} INFO - Laurie Moore
[2023-02-02T10:00:06.584+0000] {logging_mixin.py:137} INFO - Aaron Lewis
[2023-02-02T10:00:06.596+0000] {logging_mixin.py:137} INFO - Theresa Vang
[2023-02-02T10:00:06.603+0000] {logging_mixin.py:137} INFO - Chase Reese
[2023-02-02T10:00:06.608+0000] {logging_mixin.py:137} INFO - Matthew Ferguson
[2023-02-02T10:00:06.618+0000] {logging_mixin.py:137} INFO - Victoria Lewis
[2023-02-02T10:00:06.634+0000] {logging_mixin.py:137} INFO - Jon Scott
[2023-02-02T10:00:06.673+0000] {logging_mixin.py:137} INFO - Lisa Campbell
[2023-02-02T10:00:06.683+0000] {logging_mixin.py:137} INFO - David Ramirez
[2023-02-02T10:00:06.692+0000] {logging_mixin.py:137} INFO - Gabriel Rosario
[2023-02-02T10:00:06.699+0000] {logging_mixin.py:137} INFO - Kristi Johnson
[2023-02-02T10:00:06.706+0000] {logging_mixin.py:137} INFO - Jennifer Schwartz
[2023-02-02T10:00:06.709+0000] {logging_mixin.py:137} INFO - Daniel Norton
[2023-02-02T10:00:06.720+0000] {logging_mixin.py:137} INFO - Richard Montoya
[2023-02-02T10:00:06.726+0000] {logging_mixin.py:137} INFO - Daniel Norris
[2023-02-02T10:00:06.729+0000] {logging_mixin.py:137} INFO - Chad Taylor
[2023-02-02T10:00:06.735+0000] {logging_mixin.py:137} INFO - Angie Allen
[2023-02-02T10:00:06.741+0000] {logging_mixin.py:137} INFO - Michael Brooks
[2023-02-02T10:00:06.747+0000] {logging_mixin.py:137} INFO - Hannah Poole
[2023-02-02T10:00:06.751+0000] {logging_mixin.py:137} INFO - Caitlin Ray
[2023-02-02T10:00:06.757+0000] {logging_mixin.py:137} INFO - Mr. Steven Gardner
[2023-02-02T10:00:06.801+0000] {logging_mixin.py:137} INFO - Jennifer Macdonald
[2023-02-02T10:00:06.812+0000] {logging_mixin.py:137} INFO - Vanessa Small
[2023-02-02T10:00:06.821+0000] {logging_mixin.py:137} INFO - Dennis Gray
[2023-02-02T10:00:06.832+0000] {logging_mixin.py:137} INFO - Sandra Kirk
[2023-02-02T10:00:06.845+0000] {logging_mixin.py:137} INFO - Jason Wagner
[2023-02-02T10:00:06.850+0000] {logging_mixin.py:137} INFO - David Owen
[2023-02-02T10:00:06.853+0000] {logging_mixin.py:137} INFO - Rose Terrell
[2023-02-02T10:00:06.866+0000] {logging_mixin.py:137} INFO - James Green MD
[2023-02-02T10:00:06.880+0000] {logging_mixin.py:137} INFO - Tammy Patel
[2023-02-02T10:00:06.888+0000] {logging_mixin.py:137} INFO - Joseph Lucero
[2023-02-02T10:00:06.900+0000] {logging_mixin.py:137} INFO - Stephanie Rojas
[2023-02-02T10:00:07.002+0000] {logging_mixin.py:137} INFO - Brittany Johnson
[2023-02-02T10:00:07.073+0000] {logging_mixin.py:137} INFO - Christina Cummings
[2023-02-02T10:00:07.096+0000] {logging_mixin.py:137} INFO - Eric Downs
[2023-02-02T10:00:07.100+0000] {logging_mixin.py:137} INFO - Paul Finley
[2023-02-02T10:00:07.108+0000] {logging_mixin.py:137} INFO - Danielle Jackson
[2023-02-02T10:00:07.110+0000] {logging_mixin.py:137} INFO - Anna Johnston
[2023-02-02T10:00:07.125+0000] {logging_mixin.py:137} INFO - Ashlee Hodges
[2023-02-02T10:00:07.157+0000] {logging_mixin.py:137} INFO - Thomas Francis
[2023-02-02T10:00:07.177+0000] {logging_mixin.py:137} INFO - Cody Baird
[2023-02-02T10:00:07.190+0000] {logging_mixin.py:137} INFO - Jeffrey Walter
[2023-02-02T10:00:07.195+0000] {logging_mixin.py:137} INFO - Hannah West
[2023-02-02T10:00:07.202+0000] {logging_mixin.py:137} INFO - Anthony Byrd
[2023-02-02T10:00:07.222+0000] {logging_mixin.py:137} INFO - Julie Ramirez
[2023-02-02T10:00:07.239+0000] {logging_mixin.py:137} INFO - Seth Peters
[2023-02-02T10:00:07.257+0000] {logging_mixin.py:137} INFO - Keith Salas
[2023-02-02T10:00:07.268+0000] {logging_mixin.py:137} INFO - Kathryn Evans
[2023-02-02T10:00:07.274+0000] {logging_mixin.py:137} INFO - Dr. Maria Scott
[2023-02-02T10:00:07.289+0000] {logging_mixin.py:137} INFO - Brenda Thomas
[2023-02-02T10:00:07.298+0000] {logging_mixin.py:137} INFO - Travis Douglas
[2023-02-02T10:00:07.302+0000] {logging_mixin.py:137} INFO - Kurt Santos
[2023-02-02T10:00:07.312+0000] {logging_mixin.py:137} INFO - Sean Parrish
[2023-02-02T10:00:07.322+0000] {logging_mixin.py:137} INFO - Brittany Walls
[2023-02-02T10:00:07.327+0000] {logging_mixin.py:137} INFO - Gail Brooks
[2023-02-02T10:00:07.335+0000] {logging_mixin.py:137} INFO - Valerie Johnson
[2023-02-02T10:00:07.341+0000] {logging_mixin.py:137} INFO - Jessica Dunn
[2023-02-02T10:00:07.359+0000] {logging_mixin.py:137} INFO - Chad Robinson
[2023-02-02T10:00:07.362+0000] {logging_mixin.py:137} INFO - Catherine Combs
[2023-02-02T10:00:07.372+0000] {logging_mixin.py:137} INFO - Joshua Boyd
[2023-02-02T10:00:07.377+0000] {logging_mixin.py:137} INFO - Alicia Barnett DVM
[2023-02-02T10:00:07.386+0000] {logging_mixin.py:137} INFO - Kevin Cervantes
[2023-02-02T10:00:07.397+0000] {logging_mixin.py:137} INFO - Larry Lester
[2023-02-02T10:00:07.406+0000] {logging_mixin.py:137} INFO - Deanna Espinoza
[2023-02-02T10:00:07.425+0000] {logging_mixin.py:137} INFO - Marilyn Davis
[2023-02-02T10:00:07.430+0000] {logging_mixin.py:137} INFO - Michael Weeks
[2023-02-02T10:00:07.443+0000] {logging_mixin.py:137} INFO - Brandon Stanton
[2023-02-02T10:00:07.446+0000] {logging_mixin.py:137} INFO - Ryan Boyer Jr.
[2023-02-02T10:00:07.451+0000] {logging_mixin.py:137} INFO - Amanda Elliott
[2023-02-02T10:00:07.456+0000] {logging_mixin.py:137} INFO - David Moore
[2023-02-02T10:00:07.461+0000] {logging_mixin.py:137} INFO - Andre Williams
[2023-02-02T10:00:07.468+0000] {logging_mixin.py:137} INFO - Jennifer Garcia
[2023-02-02T10:00:07.474+0000] {logging_mixin.py:137} INFO - Tracey Cook
[2023-02-02T10:00:07.492+0000] {logging_mixin.py:137} INFO - Michael Turner
[2023-02-02T10:00:07.499+0000] {logging_mixin.py:137} INFO - Diana Long
[2023-02-02T10:00:07.509+0000] {logging_mixin.py:137} INFO - John Bradley
[2023-02-02T10:00:07.511+0000] {logging_mixin.py:137} INFO - Ann Benjamin
[2023-02-02T10:00:07.517+0000] {logging_mixin.py:137} INFO - Shane House
[2023-02-02T10:00:07.528+0000] {logging_mixin.py:137} INFO - Erin Lee
[2023-02-02T10:00:07.534+0000] {logging_mixin.py:137} INFO - Joseph Gray
[2023-02-02T10:00:07.540+0000] {logging_mixin.py:137} INFO - Betty Gibson
[2023-02-02T10:00:07.550+0000] {logging_mixin.py:137} INFO - Kristen Graham
[2023-02-02T10:00:07.559+0000] {logging_mixin.py:137} INFO - Daniel Meza
[2023-02-02T10:00:07.567+0000] {logging_mixin.py:137} INFO - Sherri Carpenter
[2023-02-02T10:00:07.575+0000] {logging_mixin.py:137} INFO - Andrea Sanchez
[2023-02-02T10:00:07.581+0000] {logging_mixin.py:137} INFO - Jordan Rios
[2023-02-02T10:00:07.602+0000] {logging_mixin.py:137} INFO - Elizabeth Jackson
[2023-02-02T10:00:07.609+0000] {logging_mixin.py:137} INFO - Elizabeth Myers
[2023-02-02T10:00:07.618+0000] {logging_mixin.py:137} INFO - Juan Barnes
[2023-02-02T10:00:07.626+0000] {logging_mixin.py:137} INFO - Christopher Lozano
[2023-02-02T10:00:07.632+0000] {logging_mixin.py:137} INFO - Jacqueline Griffin
[2023-02-02T10:00:07.650+0000] {logging_mixin.py:137} INFO - Ryan Mason
[2023-02-02T10:00:07.653+0000] {logging_mixin.py:137} INFO - Jonathan Moore
[2023-02-02T10:00:07.667+0000] {logging_mixin.py:137} INFO - Abigail Landry
[2023-02-02T10:00:07.675+0000] {logging_mixin.py:137} INFO - Brenda Hernandez
[2023-02-02T10:00:07.681+0000] {logging_mixin.py:137} INFO - Zachary Pitts
[2023-02-02T10:00:07.687+0000] {logging_mixin.py:137} INFO - Amanda Rogers
[2023-02-02T10:00:07.700+0000] {logging_mixin.py:137} INFO - Cynthia Gray
[2023-02-02T10:00:07.707+0000] {logging_mixin.py:137} INFO - Tyler Barajas
[2023-02-02T10:00:07.712+0000] {logging_mixin.py:137} INFO - Michelle Leon
[2023-02-02T10:00:07.718+0000] {logging_mixin.py:137} INFO - Kathy Lang
[2023-02-02T10:00:07.726+0000] {logging_mixin.py:137} INFO - Scott Townsend MD
[2023-02-02T10:00:07.729+0000] {logging_mixin.py:137} INFO - Theresa Acosta
[2023-02-02T10:00:07.737+0000] {logging_mixin.py:137} INFO - David Jones
[2023-02-02T10:00:07.744+0000] {logging_mixin.py:137} INFO - Jeremy Robinson
[2023-02-02T10:00:07.751+0000] {logging_mixin.py:137} INFO - James Newton
[2023-02-02T10:00:07.766+0000] {logging_mixin.py:137} INFO - Tracey Wells
[2023-02-02T10:00:07.776+0000] {logging_mixin.py:137} INFO - Maria Nelson
[2023-02-02T10:00:07.781+0000] {logging_mixin.py:137} INFO - Christopher Griffith
[2023-02-02T10:00:07.786+0000] {logging_mixin.py:137} INFO - Zachary Griffin
[2023-02-02T10:00:07.796+0000] {logging_mixin.py:137} INFO - Amy Nguyen
[2023-02-02T10:00:07.812+0000] {logging_mixin.py:137} INFO - April Williams
[2023-02-02T10:00:07.818+0000] {logging_mixin.py:137} INFO - Marissa Kelly
[2023-02-02T10:00:07.829+0000] {logging_mixin.py:137} INFO - Brian Lopez PhD
[2023-02-02T10:00:07.833+0000] {logging_mixin.py:137} INFO - William Williams
[2023-02-02T10:00:07.841+0000] {logging_mixin.py:137} INFO - Norman Brown
[2023-02-02T10:00:07.846+0000] {logging_mixin.py:137} INFO - Charles Fuentes
[2023-02-02T10:00:07.847+0000] {logging_mixin.py:137} INFO - Anthony Chang
[2023-02-02T10:00:07.850+0000] {logging_mixin.py:137} INFO - Mary Bell
[2023-02-02T10:00:07.857+0000] {logging_mixin.py:137} INFO - Elizabeth Stuart
[2023-02-02T10:00:07.860+0000] {logging_mixin.py:137} INFO - Mary Mcdonald
[2023-02-02T10:00:07.871+0000] {logging_mixin.py:137} INFO - Martin Harrison
[2023-02-02T10:00:07.912+0000] {logging_mixin.py:137} INFO - Stephanie Fernandez
[2023-02-02T10:00:07.917+0000] {logging_mixin.py:137} INFO - Christopher Brown
[2023-02-02T10:00:07.919+0000] {logging_mixin.py:137} INFO - Alexander Stephenson
[2023-02-02T10:00:07.927+0000] {logging_mixin.py:137} INFO - Grace Diaz
[2023-02-02T10:00:07.934+0000] {logging_mixin.py:137} INFO - Frank Bartlett
[2023-02-02T10:00:07.939+0000] {logging_mixin.py:137} INFO - Audrey Andersen
[2023-02-02T10:00:07.948+0000] {logging_mixin.py:137} INFO - David Green
[2023-02-02T10:00:07.952+0000] {logging_mixin.py:137} INFO - Joshua Diaz Jr.
[2023-02-02T10:00:07.961+0000] {logging_mixin.py:137} INFO - Emily Garcia
[2023-02-02T10:00:07.969+0000] {logging_mixin.py:137} INFO - Devin Hall
[2023-02-02T10:00:07.975+0000] {logging_mixin.py:137} INFO - Phillip Garner
[2023-02-02T10:00:07.987+0000] {logging_mixin.py:137} INFO - Katherine Estrada
[2023-02-02T10:00:07.995+0000] {logging_mixin.py:137} INFO - Corey Saunders
[2023-02-02T10:00:07.998+0000] {logging_mixin.py:137} INFO - Kimberly Collins
[2023-02-02T10:00:08.003+0000] {logging_mixin.py:137} INFO - Amy Elliott
[2023-02-02T10:00:08.011+0000] {logging_mixin.py:137} INFO - Tanya Jones
[2023-02-02T10:00:08.020+0000] {logging_mixin.py:137} INFO - Patricia Gonzalez
[2023-02-02T10:00:08.022+0000] {logging_mixin.py:137} INFO - Jennifer Hill
[2023-02-02T10:00:08.028+0000] {logging_mixin.py:137} INFO - John Haynes
[2023-02-02T10:00:08.033+0000] {logging_mixin.py:137} INFO - Jacob Henry
[2023-02-02T10:00:08.036+0000] {logging_mixin.py:137} INFO - Daniel Clark
[2023-02-02T10:00:08.040+0000] {logging_mixin.py:137} INFO - Jonathon Taylor
[2023-02-02T10:00:08.048+0000] {logging_mixin.py:137} INFO - Jesse Evans
[2023-02-02T10:00:08.055+0000] {logging_mixin.py:137} INFO - James Martinez
[2023-02-02T10:00:08.059+0000] {logging_mixin.py:137} INFO - Kyle Reyes
[2023-02-02T10:00:08.072+0000] {logging_mixin.py:137} INFO - Terrence Barker
[2023-02-02T10:00:08.078+0000] {logging_mixin.py:137} INFO - Anthony Washington
[2023-02-02T10:00:08.084+0000] {logging_mixin.py:137} INFO - Dustin Le
[2023-02-02T10:00:08.089+0000] {logging_mixin.py:137} INFO - Bruce Clark
[2023-02-02T10:00:08.097+0000] {logging_mixin.py:137} INFO - Keith Anthony
[2023-02-02T10:00:08.105+0000] {logging_mixin.py:137} INFO - Jeremiah Stone
[2023-02-02T10:00:08.111+0000] {logging_mixin.py:137} INFO - Michael Haley
[2023-02-02T10:00:08.126+0000] {logging_mixin.py:137} INFO - Regina Carrillo
[2023-02-02T10:00:08.132+0000] {logging_mixin.py:137} INFO - Jacob Lee
[2023-02-02T10:00:08.136+0000] {logging_mixin.py:137} INFO - Thomas Gonzalez
[2023-02-02T10:00:08.150+0000] {logging_mixin.py:137} INFO - Mark Lawrence
[2023-02-02T10:00:08.153+0000] {logging_mixin.py:137} INFO - Matthew Anderson
[2023-02-02T10:00:08.163+0000] {logging_mixin.py:137} INFO - Nicholas Young
[2023-02-02T10:00:08.173+0000] {logging_mixin.py:137} INFO - Melvin Martinez
[2023-02-02T10:00:08.182+0000] {logging_mixin.py:137} INFO - Scott Green
[2023-02-02T10:00:08.185+0000] {logging_mixin.py:137} INFO - Dana Richards
[2023-02-02T10:00:08.188+0000] {logging_mixin.py:137} INFO - Lauren Moore
[2023-02-02T10:00:08.199+0000] {logging_mixin.py:137} INFO - Terry Campbell
[2023-02-02T10:00:08.205+0000] {logging_mixin.py:137} INFO - Ralph Jordan
[2023-02-02T10:00:08.214+0000] {logging_mixin.py:137} INFO - Noah Reyes
[2023-02-02T10:00:08.220+0000] {logging_mixin.py:137} INFO - Mr. Gregory Mills MD
[2023-02-02T10:00:08.227+0000] {logging_mixin.py:137} INFO - Michelle Yates
[2023-02-02T10:00:08.231+0000] {logging_mixin.py:137} INFO - Robin Reyes
[2023-02-02T10:00:08.238+0000] {logging_mixin.py:137} INFO - Rebecca Smith
[2023-02-02T10:00:08.242+0000] {logging_mixin.py:137} INFO - Nicole Torres
[2023-02-02T10:00:08.246+0000] {logging_mixin.py:137} INFO - Ronald Jones
[2023-02-02T10:00:08.250+0000] {logging_mixin.py:137} INFO - Michael Castaneda
[2023-02-02T10:00:08.256+0000] {logging_mixin.py:137} INFO - Christopher Krueger
[2023-02-02T10:00:08.265+0000] {logging_mixin.py:137} INFO - Jennifer Werner
[2023-02-02T10:00:08.274+0000] {logging_mixin.py:137} INFO - Ashley Smith
[2023-02-02T10:00:08.279+0000] {logging_mixin.py:137} INFO - Alyssa Fields
[2023-02-02T10:00:08.287+0000] {logging_mixin.py:137} INFO - John Scott
[2023-02-02T10:00:08.293+0000] {logging_mixin.py:137} INFO - Debra Delacruz
[2023-02-02T10:00:08.303+0000] {logging_mixin.py:137} INFO - James Madden
[2023-02-02T10:00:08.308+0000] {logging_mixin.py:137} INFO - Joseph Gentry
[2023-02-02T10:00:08.315+0000] {logging_mixin.py:137} INFO - Ashley Cabrera
[2023-02-02T10:00:08.327+0000] {logging_mixin.py:137} INFO - Jennifer Fernandez
[2023-02-02T10:00:08.330+0000] {logging_mixin.py:137} INFO - James Harris
[2023-02-02T10:00:08.333+0000] {logging_mixin.py:137} INFO - Candice Young
[2023-02-02T10:00:08.344+0000] {logging_mixin.py:137} INFO - Lisa Baker
[2023-02-02T10:00:08.353+0000] {logging_mixin.py:137} INFO - Brian Mills DDS
[2023-02-02T10:00:08.357+0000] {logging_mixin.py:137} INFO - Kristin Smith
[2023-02-02T10:00:08.360+0000] {logging_mixin.py:137} INFO - Jacob Collins
[2023-02-02T10:00:08.368+0000] {logging_mixin.py:137} INFO - Kimberly Harris
[2023-02-02T10:00:08.374+0000] {logging_mixin.py:137} INFO - Michael Hull
[2023-02-02T10:00:08.375+0000] {logging_mixin.py:137} INFO - Caitlin Todd
[2023-02-02T10:00:08.377+0000] {logging_mixin.py:137} INFO - Lisa Harris
[2023-02-02T10:00:08.380+0000] {logging_mixin.py:137} INFO - Mrs. Ann Stone
[2023-02-02T10:00:08.389+0000] {logging_mixin.py:137} INFO - Michelle Case
[2023-02-02T10:00:08.390+0000] {logging_mixin.py:137} INFO - Joe Lowe
[2023-02-02T10:00:08.392+0000] {logging_mixin.py:137} INFO - Randall Dunn
[2023-02-02T10:00:08.399+0000] {logging_mixin.py:137} INFO - Paula Vargas
[2023-02-02T10:00:08.402+0000] {logging_mixin.py:137} INFO - Daniel Walker
[2023-02-02T10:00:08.406+0000] {logging_mixin.py:137} INFO - James Jackson
[2023-02-02T10:00:08.410+0000] {logging_mixin.py:137} INFO - Shirley Woodard
[2023-02-02T10:00:08.432+0000] {logging_mixin.py:137} INFO - James Hayes
[2023-02-02T10:00:08.444+0000] {logging_mixin.py:137} INFO - Megan Austin
[2023-02-02T10:00:08.456+0000] {logging_mixin.py:137} INFO - Erin Robertson
[2023-02-02T10:00:08.461+0000] {logging_mixin.py:137} INFO - Robert Phillips
[2023-02-02T10:00:08.472+0000] {logging_mixin.py:137} INFO - Amy Torres
[2023-02-02T10:00:08.476+0000] {logging_mixin.py:137} INFO - Joshua Cox
[2023-02-02T10:00:08.478+0000] {logging_mixin.py:137} INFO - Duane Grimes
[2023-02-02T10:00:08.491+0000] {logging_mixin.py:137} INFO - Jennifer Burgess
[2023-02-02T10:00:08.501+0000] {logging_mixin.py:137} INFO - Carlos Duran
[2023-02-02T10:00:08.517+0000] {logging_mixin.py:137} INFO - Jason Johnson
[2023-02-02T10:00:08.525+0000] {logging_mixin.py:137} INFO - Cameron Greer
[2023-02-02T10:00:08.534+0000] {logging_mixin.py:137} INFO - Randall Williams
[2023-02-02T10:00:08.547+0000] {logging_mixin.py:137} INFO - Jessica Harris
[2023-02-02T10:00:08.578+0000] {logging_mixin.py:137} INFO - Joshua Rogers
[2023-02-02T10:00:08.584+0000] {logging_mixin.py:137} INFO - Jose Mahoney
[2023-02-02T10:00:08.596+0000] {logging_mixin.py:137} INFO - Brandy Fuentes
[2023-02-02T10:00:08.624+0000] {logging_mixin.py:137} INFO - Angelica Matthews
[2023-02-02T10:00:08.628+0000] {logging_mixin.py:137} INFO - Glenn Caldwell
[2023-02-02T10:00:08.631+0000] {logging_mixin.py:137} INFO - Cristian Delacruz
[2023-02-02T10:00:08.636+0000] {logging_mixin.py:137} INFO - Alexandra Price
[2023-02-02T10:00:08.649+0000] {logging_mixin.py:137} INFO - Heather Wilson
[2023-02-02T10:00:08.654+0000] {logging_mixin.py:137} INFO - Shawn Thompson
[2023-02-02T10:00:08.658+0000] {logging_mixin.py:137} INFO - Anna Daniel
[2023-02-02T10:00:08.663+0000] {logging_mixin.py:137} INFO - Joseph Cisneros
[2023-02-02T10:00:08.665+0000] {logging_mixin.py:137} INFO - Rebecca Estes
[2023-02-02T10:00:08.676+0000] {logging_mixin.py:137} INFO - Jeremy Porter
[2023-02-02T10:00:08.697+0000] {logging_mixin.py:137} INFO - Lisa Mann
[2023-02-02T10:00:08.703+0000] {logging_mixin.py:137} INFO - Michael Woods
[2023-02-02T10:00:08.709+0000] {logging_mixin.py:137} INFO - Madison Thompson
[2023-02-02T10:00:08.716+0000] {logging_mixin.py:137} INFO - Nancy Gomez
[2023-02-02T10:00:08.720+0000] {logging_mixin.py:137} INFO - Julie Blanchard
[2023-02-02T10:00:08.727+0000] {logging_mixin.py:137} INFO - Michael Smith
[2023-02-02T10:00:08.730+0000] {logging_mixin.py:137} INFO - Angel Huber
[2023-02-02T10:00:08.736+0000] {logging_mixin.py:137} INFO - Michael Coffey
[2023-02-02T10:00:08.742+0000] {logging_mixin.py:137} INFO - Patrick Walter
[2023-02-02T10:00:08.752+0000] {logging_mixin.py:137} INFO - Curtis Davis
[2023-02-02T10:00:08.755+0000] {logging_mixin.py:137} INFO - Kyle Stewart
[2023-02-02T10:00:08.758+0000] {logging_mixin.py:137} INFO - Angela Jimenez
[2023-02-02T10:00:08.763+0000] {logging_mixin.py:137} INFO - Andrew Martinez
[2023-02-02T10:00:08.772+0000] {logging_mixin.py:137} INFO - Angela West
[2023-02-02T10:00:08.794+0000] {logging_mixin.py:137} INFO - Ryan Young
[2023-02-02T10:00:08.801+0000] {logging_mixin.py:137} INFO - Nathaniel Evans
[2023-02-02T10:00:08.805+0000] {logging_mixin.py:137} INFO - Dawn Bryant
[2023-02-02T10:00:08.813+0000] {logging_mixin.py:137} INFO - Danielle Lewis
[2023-02-02T10:00:08.818+0000] {logging_mixin.py:137} INFO - Matthew Newman
[2023-02-02T10:00:08.831+0000] {logging_mixin.py:137} INFO - Robert Smith
[2023-02-02T10:00:08.838+0000] {logging_mixin.py:137} INFO - Melissa Hicks
[2023-02-02T10:00:08.844+0000] {logging_mixin.py:137} INFO - Emily Lambert
[2023-02-02T10:00:08.850+0000] {logging_mixin.py:137} INFO - Krystal Wolfe
[2023-02-02T10:00:08.862+0000] {logging_mixin.py:137} INFO - Donna Murillo
[2023-02-02T10:00:08.873+0000] {logging_mixin.py:137} INFO - Carl Hudson
[2023-02-02T10:00:08.882+0000] {logging_mixin.py:137} INFO - Robert Wilson
[2023-02-02T10:00:08.888+0000] {logging_mixin.py:137} INFO - Patrick Mathis
[2023-02-02T10:00:08.912+0000] {logging_mixin.py:137} INFO - Michael Suarez
[2023-02-02T10:00:08.923+0000] {logging_mixin.py:137} INFO - David Johnson
[2023-02-02T10:00:08.926+0000] {logging_mixin.py:137} INFO - William Thompson
[2023-02-02T10:00:08.941+0000] {logging_mixin.py:137} INFO - Jessica Hansen DVM
[2023-02-02T10:00:08.968+0000] {logging_mixin.py:137} INFO - Katherine Friedman
[2023-02-02T10:00:08.971+0000] {logging_mixin.py:137} INFO - Jillian Johnson
[2023-02-02T10:00:08.974+0000] {logging_mixin.py:137} INFO - Robert Mckee
[2023-02-02T10:00:08.982+0000] {logging_mixin.py:137} INFO - Rachel Little
[2023-02-02T10:00:08.985+0000] {logging_mixin.py:137} INFO - Patricia Smith
[2023-02-02T10:00:08.987+0000] {logging_mixin.py:137} INFO - Heidi Martinez
[2023-02-02T10:00:08.995+0000] {logging_mixin.py:137} INFO - Caitlin Solomon
[2023-02-02T10:00:09.009+0000] {logging_mixin.py:137} INFO - Dr. Olivia Pugh
[2023-02-02T10:00:09.015+0000] {logging_mixin.py:137} INFO - John Steele DDS
[2023-02-02T10:00:09.019+0000] {logging_mixin.py:137} INFO - Jeremy Mathews
[2023-02-02T10:00:09.023+0000] {logging_mixin.py:137} INFO - Tiffany Hill
[2023-02-02T10:00:09.030+0000] {logging_mixin.py:137} INFO - Steven Edwards
[2023-02-02T10:00:09.037+0000] {logging_mixin.py:137} INFO - Charles Campbell
[2023-02-02T10:00:09.040+0000] {logging_mixin.py:137} INFO - Brett Hughes
[2023-02-02T10:00:09.047+0000] {logging_mixin.py:137} INFO - Christina Villegas
[2023-02-02T10:00:09.056+0000] {logging_mixin.py:137} INFO - Anthony Garcia
[2023-02-02T10:00:09.059+0000] {logging_mixin.py:137} INFO - Nathan Murphy
[2023-02-02T10:00:09.062+0000] {logging_mixin.py:137} INFO - Steven Dodson
[2023-02-02T10:00:09.066+0000] {logging_mixin.py:137} INFO - Brian Sullivan
[2023-02-02T10:00:09.070+0000] {logging_mixin.py:137} INFO - Renee White
[2023-02-02T10:00:09.072+0000] {logging_mixin.py:137} INFO - Laura Rowland
[2023-02-02T10:00:09.082+0000] {logging_mixin.py:137} INFO - John Moore
[2023-02-02T10:00:09.093+0000] {logging_mixin.py:137} INFO - Sophia Mckenzie
[2023-02-02T10:00:09.101+0000] {logging_mixin.py:137} INFO - David Roach
[2023-02-02T10:00:09.109+0000] {logging_mixin.py:137} INFO - Jennifer Patterson
[2023-02-02T10:00:09.112+0000] {logging_mixin.py:137} INFO - James Richards
[2023-02-02T10:00:09.118+0000] {logging_mixin.py:137} INFO - Mary Johnston
[2023-02-02T10:00:09.122+0000] {logging_mixin.py:137} INFO - Brandon Mcdaniel
[2023-02-02T10:00:09.130+0000] {logging_mixin.py:137} INFO - Meghan Stevenson
[2023-02-02T10:00:09.136+0000] {logging_mixin.py:137} INFO - Luis Hayes
[2023-02-02T10:00:09.154+0000] {logging_mixin.py:137} INFO - Alejandra Sloan
[2023-02-02T10:00:09.168+0000] {logging_mixin.py:137} INFO - Dr. Sandra Miller
[2023-02-02T10:00:09.176+0000] {logging_mixin.py:137} INFO - Dustin Bond
[2023-02-02T10:00:09.189+0000] {logging_mixin.py:137} INFO - Julia Patrick MD
[2023-02-02T10:00:09.201+0000] {logging_mixin.py:137} INFO - Jill Campbell
[2023-02-02T10:00:09.213+0000] {logging_mixin.py:137} INFO - Mark Ford
[2023-02-02T10:00:09.222+0000] {logging_mixin.py:137} INFO - Brian Long
[2023-02-02T10:00:09.230+0000] {logging_mixin.py:137} INFO - Lisa Peterson
[2023-02-02T10:00:09.240+0000] {logging_mixin.py:137} INFO - Matthew Lee
[2023-02-02T10:00:09.245+0000] {logging_mixin.py:137} INFO - Bradley Miller
[2023-02-02T10:00:09.251+0000] {logging_mixin.py:137} INFO - Jeffrey Moss
[2023-02-02T10:00:09.258+0000] {logging_mixin.py:137} INFO - Sara Carlson
[2023-02-02T10:00:09.266+0000] {logging_mixin.py:137} INFO - Daniel Rodriguez
[2023-02-02T10:00:09.272+0000] {logging_mixin.py:137} INFO - Jeremy David
[2023-02-02T10:00:09.277+0000] {logging_mixin.py:137} INFO - Eric Green
[2023-02-02T10:00:09.282+0000] {logging_mixin.py:137} INFO - Alexis Jones
[2023-02-02T10:00:09.299+0000] {logging_mixin.py:137} INFO - Matthew Rose
[2023-02-02T10:00:09.302+0000] {logging_mixin.py:137} INFO - Catherine Anderson
[2023-02-02T10:00:09.306+0000] {logging_mixin.py:137} INFO - Holly Burton
[2023-02-02T10:00:09.310+0000] {logging_mixin.py:137} INFO - David Matthews
[2023-02-02T10:00:09.314+0000] {logging_mixin.py:137} INFO - Mrs. Kara Little
[2023-02-02T10:00:09.316+0000] {logging_mixin.py:137} INFO - Jeffrey Stanley
[2023-02-02T10:00:09.322+0000] {logging_mixin.py:137} INFO - James Ochoa
[2023-02-02T10:00:09.327+0000] {logging_mixin.py:137} INFO - Jason Frye
[2023-02-02T10:00:09.338+0000] {logging_mixin.py:137} INFO - Christopher Ellis
[2023-02-02T10:00:09.355+0000] {logging_mixin.py:137} INFO - Michelle Nixon
[2023-02-02T10:00:09.359+0000] {logging_mixin.py:137} INFO - Andrew Gill
[2023-02-02T10:00:09.367+0000] {logging_mixin.py:137} INFO - Jennifer Wilson
[2023-02-02T10:00:09.372+0000] {logging_mixin.py:137} INFO - Shawn Black
[2023-02-02T10:00:09.376+0000] {logging_mixin.py:137} INFO - April Patterson
[2023-02-02T10:00:09.381+0000] {logging_mixin.py:137} INFO - Troy Vaughn
[2023-02-02T10:00:09.383+0000] {logging_mixin.py:137} INFO - Alexandria White
[2023-02-02T10:00:09.386+0000] {logging_mixin.py:137} INFO - Scott Phillips
[2023-02-02T10:00:09.390+0000] {logging_mixin.py:137} INFO - Zachary Cisneros
[2023-02-02T10:00:09.396+0000] {logging_mixin.py:137} INFO - Deborah Brown
[2023-02-02T10:00:09.409+0000] {logging_mixin.py:137} INFO - Monica Moses
[2023-02-02T10:00:09.414+0000] {logging_mixin.py:137} INFO - Brenda Reyes
[2023-02-02T10:00:09.416+0000] {logging_mixin.py:137} INFO - Miss Renee Allen
[2023-02-02T10:00:09.422+0000] {logging_mixin.py:137} INFO - Susan Clark
[2023-02-02T10:00:09.427+0000] {logging_mixin.py:137} INFO - Brandy Coffey
[2023-02-02T10:00:09.429+0000] {logging_mixin.py:137} INFO - Brett Nelson
[2023-02-02T10:00:09.435+0000] {logging_mixin.py:137} INFO - Ricardo Young
[2023-02-02T10:00:09.444+0000] {logging_mixin.py:137} INFO - Paul Lee
[2023-02-02T10:00:09.450+0000] {logging_mixin.py:137} INFO - David Allen
[2023-02-02T10:00:09.454+0000] {logging_mixin.py:137} INFO - Andrea Knight
[2023-02-02T10:00:09.461+0000] {logging_mixin.py:137} INFO - James Gomez
[2023-02-02T10:00:09.467+0000] {logging_mixin.py:137} INFO - Melody Gibson
[2023-02-02T10:00:09.469+0000] {logging_mixin.py:137} INFO - Christina Martinez
[2023-02-02T10:00:09.473+0000] {logging_mixin.py:137} INFO - Shelby Smith
[2023-02-02T10:00:09.478+0000] {logging_mixin.py:137} INFO - Jason Howard
[2023-02-02T10:00:09.482+0000] {logging_mixin.py:137} INFO - Amy Davidson
[2023-02-02T10:00:09.486+0000] {logging_mixin.py:137} INFO - Kyle Copeland
[2023-02-02T10:00:09.491+0000] {logging_mixin.py:137} INFO - Madeline Davis
[2023-02-02T10:00:09.501+0000] {logging_mixin.py:137} INFO - Aaron Young
[2023-02-02T10:00:09.506+0000] {logging_mixin.py:137} INFO - Lisa Barrett
[2023-02-02T10:00:09.515+0000] {logging_mixin.py:137} INFO - Joel Jones
[2023-02-02T10:00:09.520+0000] {logging_mixin.py:137} INFO - Christine Evans
[2023-02-02T10:00:09.524+0000] {logging_mixin.py:137} INFO - Kimberly Johnson
[2023-02-02T10:00:09.528+0000] {logging_mixin.py:137} INFO - Charles Hess
[2023-02-02T10:00:09.531+0000] {logging_mixin.py:137} INFO - Paul Dixon
[2023-02-02T10:00:09.541+0000] {logging_mixin.py:137} INFO - Christopher Johnson
[2023-02-02T10:00:09.557+0000] {logging_mixin.py:137} INFO - Robert Dawson
[2023-02-02T10:00:09.579+0000] {logging_mixin.py:137} INFO - Ryan Dixon
[2023-02-02T10:00:09.583+0000] {logging_mixin.py:137} INFO - Julie Martinez
[2023-02-02T10:00:09.587+0000] {logging_mixin.py:137} INFO - David Adams
[2023-02-02T10:00:09.591+0000] {logging_mixin.py:137} INFO - Mariah Brown
[2023-02-02T10:00:09.606+0000] {logging_mixin.py:137} INFO - Deborah Malone
[2023-02-02T10:00:09.612+0000] {logging_mixin.py:137} INFO - John Brown
[2023-02-02T10:00:09.618+0000] {logging_mixin.py:137} INFO - Maria Stewart
[2023-02-02T10:00:09.630+0000] {logging_mixin.py:137} INFO - Mr. Bryan Hawkins
[2023-02-02T10:00:09.639+0000] {logging_mixin.py:137} INFO - Kyle Brooks
[2023-02-02T10:00:09.642+0000] {logging_mixin.py:137} INFO - Kenneth White
[2023-02-02T10:00:09.644+0000] {logging_mixin.py:137} INFO - Patricia Wilson
[2023-02-02T10:00:09.651+0000] {logging_mixin.py:137} INFO - Paul Soto
[2023-02-02T10:00:09.660+0000] {logging_mixin.py:137} INFO - Janice Garrett
[2023-02-02T10:00:09.676+0000] {logging_mixin.py:137} INFO - Randy Strickland
[2023-02-02T10:00:09.681+0000] {logging_mixin.py:137} INFO - Felicia Herrera
[2023-02-02T10:00:09.684+0000] {logging_mixin.py:137} INFO - Andre Campos
[2023-02-02T10:00:09.699+0000] {logging_mixin.py:137} INFO - Justin Meyer
[2023-02-02T10:00:09.709+0000] {logging_mixin.py:137} INFO - Brandon Brooks
[2023-02-02T10:00:09.713+0000] {logging_mixin.py:137} INFO - Abigail Rivera
[2023-02-02T10:00:09.720+0000] {logging_mixin.py:137} INFO - Jessica Mann
[2023-02-02T10:00:09.723+0000] {logging_mixin.py:137} INFO - Michael Sawyer
[2023-02-02T10:00:09.726+0000] {logging_mixin.py:137} INFO - Jeffrey Coleman
[2023-02-02T10:00:09.742+0000] {logging_mixin.py:137} INFO - Micheal Castro
[2023-02-02T10:00:09.748+0000] {logging_mixin.py:137} INFO - Laura Gonzalez
[2023-02-02T10:00:09.754+0000] {logging_mixin.py:137} INFO - Christopher Jackson
[2023-02-02T10:00:09.759+0000] {logging_mixin.py:137} INFO - William Mckenzie
[2023-02-02T10:00:09.762+0000] {logging_mixin.py:137} INFO - Kristina Rodriguez
[2023-02-02T10:00:09.769+0000] {logging_mixin.py:137} INFO - Kelli Williams
[2023-02-02T10:00:09.775+0000] {logging_mixin.py:137} INFO - Diane Norris
[2023-02-02T10:00:09.779+0000] {logging_mixin.py:137} INFO - Kevin Carroll
[2023-02-02T10:00:09.785+0000] {logging_mixin.py:137} INFO - Betty Weber
[2023-02-02T10:00:09.790+0000] {logging_mixin.py:137} INFO - Jeffery Robinson
[2023-02-02T10:00:09.807+0000] {logging_mixin.py:137} INFO - Hannah Cowan
[2023-02-02T10:00:09.813+0000] {logging_mixin.py:137} INFO - Brian Kramer
[2023-02-02T10:00:09.823+0000] {logging_mixin.py:137} INFO - Anthony Roberts
[2023-02-02T10:00:09.827+0000] {logging_mixin.py:137} INFO - Ricardo Blankenship
[2023-02-02T10:00:09.842+0000] {logging_mixin.py:137} INFO - Brooke Collins
[2023-02-02T10:00:09.863+0000] {logging_mixin.py:137} INFO - Tammy Lawson
[2023-02-02T10:00:09.870+0000] {logging_mixin.py:137} INFO - Cody Miller
[2023-02-02T10:00:09.878+0000] {logging_mixin.py:137} INFO - Dr. Janice Salazar
[2023-02-02T10:00:09.881+0000] {logging_mixin.py:137} INFO - David West
[2023-02-02T10:00:09.884+0000] {logging_mixin.py:137} INFO - Robin Carpenter
[2023-02-02T10:00:09.900+0000] {logging_mixin.py:137} INFO - Monique Wall
[2023-02-02T10:00:09.907+0000] {logging_mixin.py:137} INFO - Charles Cardenas
[2023-02-02T10:00:09.930+0000] {logging_mixin.py:137} INFO - Valerie Mitchell
[2023-02-02T10:00:09.943+0000] {logging_mixin.py:137} INFO - Michelle Valenzuela
[2023-02-02T10:00:09.957+0000] {logging_mixin.py:137} INFO - William Poole
[2023-02-02T10:00:09.982+0000] {logging_mixin.py:137} INFO - James Hall
[2023-02-02T10:00:09.995+0000] {logging_mixin.py:137} INFO - Dylan Carpenter
[2023-02-02T10:00:10.000+0000] {logging_mixin.py:137} INFO - Linda Medina
[2023-02-02T10:00:10.005+0000] {logging_mixin.py:137} INFO - Joan White
[2023-02-02T10:00:10.010+0000] {logging_mixin.py:137} INFO - Mary Klein
[2023-02-02T10:00:10.012+0000] {logging_mixin.py:137} INFO - Ashley Wolf
[2023-02-02T10:00:10.015+0000] {logging_mixin.py:137} INFO - William Reed
[2023-02-02T10:00:10.029+0000] {logging_mixin.py:137} INFO - Derek Harvey
[2023-02-02T10:00:10.035+0000] {logging_mixin.py:137} INFO - Kathleen Rodriguez
[2023-02-02T10:00:10.040+0000] {logging_mixin.py:137} INFO - Andrew Rodriguez
[2023-02-02T10:00:10.046+0000] {logging_mixin.py:137} INFO - Ariel Frank
[2023-02-02T10:00:10.057+0000] {logging_mixin.py:137} INFO - Tina French
[2023-02-02T10:00:10.077+0000] {logging_mixin.py:137} INFO - Brent Waller
[2023-02-02T10:00:10.081+0000] {logging_mixin.py:137} INFO - Kevin Allen
[2023-02-02T10:00:10.085+0000] {logging_mixin.py:137} INFO - Xavier Walker
[2023-02-02T10:00:10.096+0000] {logging_mixin.py:137} INFO - Michelle Sanchez
[2023-02-02T10:00:10.101+0000] {logging_mixin.py:137} INFO - Rachael Shepard
[2023-02-02T10:00:10.106+0000] {logging_mixin.py:137} INFO - Kelsey Johnson
[2023-02-02T10:00:10.109+0000] {logging_mixin.py:137} INFO - Nicole Webb
[2023-02-02T10:00:10.118+0000] {logging_mixin.py:137} INFO - Nicholas Rodriguez
[2023-02-02T10:00:10.122+0000] {logging_mixin.py:137} INFO - Eric Vaughan
[2023-02-02T10:00:10.136+0000] {logging_mixin.py:137} INFO - Amanda Richardson
[2023-02-02T10:00:10.140+0000] {logging_mixin.py:137} INFO - Janice Carlson
[2023-02-02T10:00:10.143+0000] {logging_mixin.py:137} INFO - Darryl Walsh
[2023-02-02T10:00:10.148+0000] {logging_mixin.py:137} INFO - Heather Johnson
[2023-02-02T10:00:10.166+0000] {logging_mixin.py:137} INFO - Mark Chambers
[2023-02-02T10:00:10.173+0000] {logging_mixin.py:137} INFO - Tracy Burns
[2023-02-02T10:00:10.197+0000] {logging_mixin.py:137} INFO - John Cole
[2023-02-02T10:00:10.200+0000] {logging_mixin.py:137} INFO - Deborah Silva
[2023-02-02T10:00:10.207+0000] {logging_mixin.py:137} INFO - Shawn Hernandez
[2023-02-02T10:00:10.215+0000] {logging_mixin.py:137} INFO - Bethany Meyer
[2023-02-02T10:00:10.221+0000] {logging_mixin.py:137} INFO - Helen Smith
[2023-02-02T10:00:10.229+0000] {logging_mixin.py:137} INFO - Dana Dennis
[2023-02-02T10:00:10.245+0000] {logging_mixin.py:137} INFO - Kelsey Camacho
[2023-02-02T10:00:10.252+0000] {logging_mixin.py:137} INFO - Matthew Thomas
[2023-02-02T10:00:10.265+0000] {logging_mixin.py:137} INFO - Brittany Arellano
[2023-02-02T10:00:10.275+0000] {logging_mixin.py:137} INFO - Stacey Jones
[2023-02-02T10:00:10.284+0000] {logging_mixin.py:137} INFO - William Weeks
[2023-02-02T10:00:10.290+0000] {logging_mixin.py:137} INFO - Mark Beasley
[2023-02-02T10:00:10.297+0000] {logging_mixin.py:137} INFO - Bruce Pena
[2023-02-02T10:00:10.308+0000] {logging_mixin.py:137} INFO - Jeffery Smith
[2023-02-02T10:00:10.317+0000] {logging_mixin.py:137} INFO - Ann Deleon
[2023-02-02T10:00:10.327+0000] {logging_mixin.py:137} INFO - Kevin Robertson
[2023-02-02T10:00:10.331+0000] {logging_mixin.py:137} INFO - Vincent Willis MD
[2023-02-02T10:00:10.339+0000] {logging_mixin.py:137} INFO - Michael Nielsen
[2023-02-02T10:00:10.348+0000] {logging_mixin.py:137} INFO - Walter Koch
[2023-02-02T10:00:10.351+0000] {logging_mixin.py:137} INFO - Brian Vega
[2023-02-02T10:00:10.353+0000] {logging_mixin.py:137} INFO - Jeffrey Medina
[2023-02-02T10:00:10.360+0000] {logging_mixin.py:137} INFO - Erika Banks
[2023-02-02T10:00:10.362+0000] {logging_mixin.py:137} INFO - Stacey Griffin
[2023-02-02T10:00:10.372+0000] {logging_mixin.py:137} INFO - Michael Marsh
[2023-02-02T10:00:10.376+0000] {logging_mixin.py:137} INFO - Molly White
[2023-02-02T10:00:10.379+0000] {logging_mixin.py:137} INFO - Matthew Morrison
[2023-02-02T10:00:10.384+0000] {logging_mixin.py:137} INFO - Amanda Burns
[2023-02-02T10:00:10.388+0000] {logging_mixin.py:137} INFO - Emily Gonzalez DDS
[2023-02-02T10:00:10.390+0000] {logging_mixin.py:137} INFO - Gregory King
[2023-02-02T10:00:10.393+0000] {logging_mixin.py:137} INFO - Dennis Evans
[2023-02-02T10:00:10.400+0000] {logging_mixin.py:137} INFO - Christina Snyder
[2023-02-02T10:00:10.411+0000] {logging_mixin.py:137} INFO - Carolyn Mata
[2023-02-02T10:00:10.418+0000] {logging_mixin.py:137} INFO - Brandy Lawson
[2023-02-02T10:00:10.419+0000] {logging_mixin.py:137} INFO - Briana Christian
[2023-02-02T10:00:10.424+0000] {logging_mixin.py:137} INFO - Jeffrey Hernandez
[2023-02-02T10:00:10.429+0000] {logging_mixin.py:137} INFO - John Riggs
[2023-02-02T10:00:10.433+0000] {logging_mixin.py:137} INFO - Barbara Short
[2023-02-02T10:00:10.443+0000] {logging_mixin.py:137} INFO - Steven Brooks
[2023-02-02T10:00:10.447+0000] {logging_mixin.py:137} INFO - Gabrielle James
[2023-02-02T10:00:10.451+0000] {logging_mixin.py:137} INFO - Robert Young
[2023-02-02T10:00:10.453+0000] {logging_mixin.py:137} INFO - Derek Sanders
[2023-02-02T10:00:10.462+0000] {logging_mixin.py:137} INFO - Mallory Oliver
[2023-02-02T10:00:10.467+0000] {logging_mixin.py:137} INFO - Terry Howe
[2023-02-02T10:00:10.468+0000] {logging_mixin.py:137} INFO - Samuel Wallace
[2023-02-02T10:00:10.475+0000] {logging_mixin.py:137} INFO - Angel Jones
[2023-02-02T10:00:10.480+0000] {logging_mixin.py:137} INFO - Jacqueline Nichols
[2023-02-02T10:00:10.490+0000] {logging_mixin.py:137} INFO - Melissa Mcgee
[2023-02-02T10:00:10.495+0000] {logging_mixin.py:137} INFO - Michelle Smith
[2023-02-02T10:00:10.503+0000] {logging_mixin.py:137} INFO - Maureen Baxter
[2023-02-02T10:00:10.515+0000] {logging_mixin.py:137} INFO - Kathy Crawford
[2023-02-02T10:00:10.523+0000] {logging_mixin.py:137} INFO - Stacy Wood
[2023-02-02T10:00:10.528+0000] {logging_mixin.py:137} INFO - Justin Parsons
[2023-02-02T10:00:10.534+0000] {logging_mixin.py:137} INFO - Ann Klein
[2023-02-02T10:00:10.537+0000] {logging_mixin.py:137} INFO - Allison Arnold
[2023-02-02T10:00:10.540+0000] {logging_mixin.py:137} INFO - Heather Kirk
[2023-02-02T10:00:10.545+0000] {logging_mixin.py:137} INFO - Monica Smith
[2023-02-02T10:00:10.548+0000] {logging_mixin.py:137} INFO - Brett Oconnor
[2023-02-02T10:00:10.550+0000] {logging_mixin.py:137} INFO - Anthony Bryant
[2023-02-02T10:00:10.555+0000] {logging_mixin.py:137} INFO - Jeremy Russell
[2023-02-02T10:00:10.562+0000] {logging_mixin.py:137} INFO - Julie Poole
[2023-02-02T10:00:10.568+0000] {logging_mixin.py:137} INFO - Emma Thompson
[2023-02-02T10:00:10.571+0000] {logging_mixin.py:137} INFO - Bradley Matthews
[2023-02-02T10:00:10.578+0000] {logging_mixin.py:137} INFO - William Roberts
[2023-02-02T10:00:10.584+0000] {logging_mixin.py:137} INFO - Julie Mooney
[2023-02-02T10:00:10.588+0000] {logging_mixin.py:137} INFO - Amy Doyle
[2023-02-02T10:00:10.594+0000] {logging_mixin.py:137} INFO - Amanda Grant
[2023-02-02T10:00:10.603+0000] {logging_mixin.py:137} INFO - Eric Anderson
[2023-02-02T10:00:10.612+0000] {logging_mixin.py:137} INFO - George Thompson
[2023-02-02T10:00:10.629+0000] {logging_mixin.py:137} INFO - Dustin Hines
[2023-02-02T10:00:10.634+0000] {logging_mixin.py:137} INFO - Andrea Frank
[2023-02-02T10:00:10.639+0000] {logging_mixin.py:137} INFO - Jodi Cook
[2023-02-02T10:00:10.649+0000] {logging_mixin.py:137} INFO - Stacy Haney
[2023-02-02T10:00:10.656+0000] {logging_mixin.py:137} INFO - Paul Callahan
[2023-02-02T10:00:10.666+0000] {logging_mixin.py:137} INFO - Jasmine Chambers
[2023-02-02T10:00:10.677+0000] {logging_mixin.py:137} INFO - Melissa Pittman MD
[2023-02-02T10:00:10.682+0000] {logging_mixin.py:137} INFO - Deborah Larson
[2023-02-02T10:00:10.689+0000] {logging_mixin.py:137} INFO - Brandon Shaw
[2023-02-02T10:00:10.697+0000] {logging_mixin.py:137} INFO - Timothy Paul
[2023-02-02T10:00:10.703+0000] {logging_mixin.py:137} INFO - Michael Trujillo
[2023-02-02T10:00:10.718+0000] {logging_mixin.py:137} INFO - Robert Rivera
[2023-02-02T10:00:10.727+0000] {logging_mixin.py:137} INFO - Dana Nelson
[2023-02-02T10:00:10.731+0000] {logging_mixin.py:137} INFO - Andrea Bennett
[2023-02-02T10:00:10.743+0000] {logging_mixin.py:137} INFO - Jodi Fox
[2023-02-02T10:00:10.748+0000] {logging_mixin.py:137} INFO - Heather Hayes
[2023-02-02T10:00:10.752+0000] {logging_mixin.py:137} INFO - Jennifer Moreno
[2023-02-02T10:00:10.761+0000] {logging_mixin.py:137} INFO - John Patel
[2023-02-02T10:00:10.764+0000] {logging_mixin.py:137} INFO - Teresa Oliver
[2023-02-02T10:00:10.774+0000] {logging_mixin.py:137} INFO - Monique Bell
[2023-02-02T10:00:10.781+0000] {logging_mixin.py:137} INFO - Casey Leonard
[2023-02-02T10:00:10.790+0000] {logging_mixin.py:137} INFO - Steven Clark
[2023-02-02T10:00:10.793+0000] {logging_mixin.py:137} INFO - Edward Martin
[2023-02-02T10:00:10.800+0000] {logging_mixin.py:137} INFO - Shawn Orozco
[2023-02-02T10:00:10.803+0000] {logging_mixin.py:137} INFO - Brandon Yang
[2023-02-02T10:00:10.810+0000] {logging_mixin.py:137} INFO - Nathan Ray
[2023-02-02T10:00:10.822+0000] {logging_mixin.py:137} INFO - Lori Moore
[2023-02-02T10:00:10.830+0000] {logging_mixin.py:137} INFO - Dr. Lisa Shaw DVM
[2023-02-02T10:00:10.837+0000] {logging_mixin.py:137} INFO - Angela Walters
[2023-02-02T10:00:10.849+0000] {logging_mixin.py:137} INFO - David Nolan
[2023-02-02T10:00:10.851+0000] {logging_mixin.py:137} INFO - William Ramsey
[2023-02-02T10:00:10.855+0000] {logging_mixin.py:137} INFO - David Oconnor
[2023-02-02T10:00:10.865+0000] {logging_mixin.py:137} INFO - Mark Washington
[2023-02-02T10:00:10.871+0000] {logging_mixin.py:137} INFO - Jennifer Jacobs
[2023-02-02T10:00:10.874+0000] {logging_mixin.py:137} INFO - Tammy Hampton
[2023-02-02T10:00:10.879+0000] {logging_mixin.py:137} INFO - Stephen Farmer
[2023-02-02T10:00:10.890+0000] {logging_mixin.py:137} INFO - Jasmine Nguyen
[2023-02-02T10:00:10.912+0000] {logging_mixin.py:137} INFO - Rebecca Flores
[2023-02-02T10:00:10.918+0000] {logging_mixin.py:137} INFO - Tyler Davis
[2023-02-02T10:00:10.941+0000] {logging_mixin.py:137} INFO - Nancy Gray
[2023-02-02T10:00:10.963+0000] {logging_mixin.py:137} INFO - Brian Sanchez
[2023-02-02T10:00:10.970+0000] {logging_mixin.py:137} INFO - Laurie Shaw
[2023-02-02T10:00:10.979+0000] {logging_mixin.py:137} INFO - Kristina Torres
[2023-02-02T10:00:10.991+0000] {logging_mixin.py:137} INFO - Andrea Rodgers
[2023-02-02T10:00:11.025+0000] {logging_mixin.py:137} INFO - Jason Walters
[2023-02-02T10:00:11.051+0000] {logging_mixin.py:137} INFO - Jerry Moss
[2023-02-02T10:00:11.057+0000] {logging_mixin.py:137} INFO - Jeffrey Jordan
[2023-02-02T10:00:11.068+0000] {logging_mixin.py:137} INFO - Jennifer Wilson
[2023-02-02T10:00:11.080+0000] {logging_mixin.py:137} INFO - Trevor Mathews
[2023-02-02T10:00:11.083+0000] {logging_mixin.py:137} INFO - Anne Hood
[2023-02-02T10:00:11.091+0000] {logging_mixin.py:137} INFO - Sarah Williams
[2023-02-02T10:00:11.102+0000] {logging_mixin.py:137} INFO - Shelby Hernandez
[2023-02-02T10:00:11.110+0000] {logging_mixin.py:137} INFO - Samantha Velez
[2023-02-02T10:00:11.112+0000] {logging_mixin.py:137} INFO - Matthew Douglas
[2023-02-02T10:00:11.114+0000] {logging_mixin.py:137} INFO - Ashlee George
[2023-02-02T10:00:11.127+0000] {logging_mixin.py:137} INFO - Troy Crane
[2023-02-02T10:00:11.129+0000] {logging_mixin.py:137} INFO - Michael Cooper
[2023-02-02T10:00:11.135+0000] {logging_mixin.py:137} INFO - Michael White
[2023-02-02T10:00:11.140+0000] {logging_mixin.py:137} INFO - Mr. Timothy Fleming
[2023-02-02T10:00:11.153+0000] {logging_mixin.py:137} INFO - Seth Bruce
[2023-02-02T10:00:11.159+0000] {logging_mixin.py:137} INFO - Jacqueline Carpenter
[2023-02-02T10:00:11.171+0000] {logging_mixin.py:137} INFO - Michael Martin
[2023-02-02T10:00:11.185+0000] {logging_mixin.py:137} INFO - Kristopher Henry
[2023-02-02T10:00:11.194+0000] {logging_mixin.py:137} INFO - Tiffany Porter
[2023-02-02T10:00:11.202+0000] {logging_mixin.py:137} INFO - Stacy Simpson
[2023-02-02T10:00:11.206+0000] {logging_mixin.py:137} INFO - Tammy Mcdowell
[2023-02-02T10:00:11.213+0000] {logging_mixin.py:137} INFO - Thomas Walters
[2023-02-02T10:00:11.220+0000] {logging_mixin.py:137} INFO - Dwayne Thompson
[2023-02-02T10:00:11.226+0000] {logging_mixin.py:137} INFO - Natalie Willis
[2023-02-02T10:00:11.246+0000] {logging_mixin.py:137} INFO - Sharon Taylor
[2023-02-02T10:00:11.251+0000] {logging_mixin.py:137} INFO - Sarah Wiggins
[2023-02-02T10:00:11.257+0000] {logging_mixin.py:137} INFO - Amber Thomas
[2023-02-02T10:00:11.272+0000] {logging_mixin.py:137} INFO - Patrick Miller
[2023-02-02T10:00:11.278+0000] {logging_mixin.py:137} INFO - Stephanie Hartman
[2023-02-02T10:00:11.287+0000] {logging_mixin.py:137} INFO - Stacey Mora
[2023-02-02T10:00:11.296+0000] {logging_mixin.py:137} INFO - Katherine Rodriguez
[2023-02-02T10:00:11.298+0000] {logging_mixin.py:137} INFO - Daniel Morgan
[2023-02-02T10:00:11.306+0000] {logging_mixin.py:137} INFO - Rebecca Martinez
[2023-02-02T10:00:11.307+0000] {logging_mixin.py:137} INFO - Nicole Juarez
[2023-02-02T10:00:11.310+0000] {logging_mixin.py:137} INFO - Mark Arroyo
[2023-02-02T10:00:11.320+0000] {logging_mixin.py:137} INFO - April Lucero
[2023-02-02T10:00:11.324+0000] {logging_mixin.py:137} INFO - Samantha Garcia
[2023-02-02T10:00:11.327+0000] {logging_mixin.py:137} INFO - Jon Moore
[2023-02-02T10:00:11.349+0000] {logging_mixin.py:137} INFO - Joshua Flores MD
[2023-02-02T10:00:11.356+0000] {logging_mixin.py:137} INFO - Raymond Jones
[2023-02-02T10:00:11.366+0000] {logging_mixin.py:137} INFO - Billy Hughes
[2023-02-02T10:00:11.400+0000] {logging_mixin.py:137} INFO - Peggy Valdez PhD
[2023-02-02T10:00:11.406+0000] {logging_mixin.py:137} INFO - Joshua Reyes
[2023-02-02T10:00:11.418+0000] {logging_mixin.py:137} INFO - Aaron Green
[2023-02-02T10:00:11.426+0000] {logging_mixin.py:137} INFO - Wendy Espinoza
[2023-02-02T10:00:11.430+0000] {logging_mixin.py:137} INFO - Peter Vasquez
[2023-02-02T10:00:11.437+0000] {logging_mixin.py:137} INFO - Diane Harper
[2023-02-02T10:00:11.442+0000] {logging_mixin.py:137} INFO - Ms. Rebecca Cantu
[2023-02-02T10:00:11.449+0000] {logging_mixin.py:137} INFO - Yolanda Morrow
[2023-02-02T10:00:11.451+0000] {logging_mixin.py:137} INFO - Penny Beard
[2023-02-02T10:00:11.456+0000] {logging_mixin.py:137} INFO - Lisa Long
[2023-02-02T10:00:11.461+0000] {logging_mixin.py:137} INFO - Jerry Harris
[2023-02-02T10:00:11.463+0000] {logging_mixin.py:137} INFO - Bob Willis
[2023-02-02T10:00:11.468+0000] {logging_mixin.py:137} INFO - Duane Chapman
[2023-02-02T10:00:11.473+0000] {logging_mixin.py:137} INFO - William Morgan
[2023-02-02T10:00:11.476+0000] {logging_mixin.py:137} INFO - Amy Gutierrez
[2023-02-02T10:00:11.480+0000] {logging_mixin.py:137} INFO - Amber Nichols
[2023-02-02T10:00:11.485+0000] {logging_mixin.py:137} INFO - Matthew Carr
[2023-02-02T10:00:11.488+0000] {logging_mixin.py:137} INFO - Thomas Duncan
[2023-02-02T10:00:11.492+0000] {logging_mixin.py:137} INFO - Elizabeth Wright
[2023-02-02T10:00:11.499+0000] {logging_mixin.py:137} INFO - Jacqueline Brewer
[2023-02-02T10:00:11.504+0000] {logging_mixin.py:137} INFO - Stephanie Johnson
[2023-02-02T10:00:11.508+0000] {logging_mixin.py:137} INFO - Samantha Calderon
[2023-02-02T10:00:11.513+0000] {logging_mixin.py:137} INFO - Kathryn Gaines
[2023-02-02T10:00:11.523+0000] {logging_mixin.py:137} INFO - Angel Jones
[2023-02-02T10:00:11.529+0000] {logging_mixin.py:137} INFO - Laura Wall
[2023-02-02T10:00:11.536+0000] {logging_mixin.py:137} INFO - Mr. Anthony Hamilton
[2023-02-02T10:00:11.544+0000] {logging_mixin.py:137} INFO - David Smith
[2023-02-02T10:00:11.552+0000] {logging_mixin.py:137} INFO - Kimberly Herrera DDS
[2023-02-02T10:00:11.570+0000] {logging_mixin.py:137} INFO - Gina Wilson
[2023-02-02T10:00:11.573+0000] {logging_mixin.py:137} INFO - Timothy Byrd
[2023-02-02T10:00:11.588+0000] {logging_mixin.py:137} INFO - Michael Mckenzie
[2023-02-02T10:00:11.612+0000] {logging_mixin.py:137} INFO - Jeffrey Mcintyre
[2023-02-02T10:00:11.630+0000] {logging_mixin.py:137} INFO - Teresa Jackson
[2023-02-02T10:00:11.653+0000] {logging_mixin.py:137} INFO - Joseph Wilcox
[2023-02-02T10:00:11.655+0000] {logging_mixin.py:137} INFO - Patrick Mcknight
[2023-02-02T10:00:11.667+0000] {logging_mixin.py:137} INFO - Ronald Moreno
[2023-02-02T10:00:11.683+0000] {logging_mixin.py:137} INFO - Jamie Sullivan
[2023-02-02T10:00:11.699+0000] {logging_mixin.py:137} INFO - Jason Anderson
[2023-02-02T10:00:11.701+0000] {logging_mixin.py:137} INFO - Steven Stewart
[2023-02-02T10:00:11.717+0000] {logging_mixin.py:137} INFO - Melinda Paul
[2023-02-02T10:00:11.731+0000] {logging_mixin.py:137} INFO - Cynthia Simmons
[2023-02-02T10:00:11.742+0000] {logging_mixin.py:137} INFO - Christian Smith
[2023-02-02T10:00:11.747+0000] {logging_mixin.py:137} INFO - William Jimenez
[2023-02-02T10:00:11.768+0000] {logging_mixin.py:137} INFO - Hayley French
[2023-02-02T10:00:11.783+0000] {logging_mixin.py:137} INFO - Brandon Hess
[2023-02-02T10:00:11.801+0000] {logging_mixin.py:137} INFO - Laura Perry
[2023-02-02T10:00:11.807+0000] {logging_mixin.py:137} INFO - Scott Jones
[2023-02-02T10:00:11.818+0000] {logging_mixin.py:137} INFO - Christine Hernandez
[2023-02-02T10:00:11.829+0000] {logging_mixin.py:137} INFO - Douglas Eaton
[2023-02-02T10:00:11.836+0000] {logging_mixin.py:137} INFO - William Soto
[2023-02-02T10:00:11.852+0000] {logging_mixin.py:137} INFO - Mary Jones
[2023-02-02T10:00:11.856+0000] {logging_mixin.py:137} INFO - Stephanie Holmes
[2023-02-02T10:00:11.858+0000] {logging_mixin.py:137} INFO - Keith Meyers
[2023-02-02T10:00:11.863+0000] {logging_mixin.py:137} INFO - Paul Fisher
[2023-02-02T10:00:11.892+0000] {logging_mixin.py:137} INFO - Emily Alexander
[2023-02-02T10:00:11.902+0000] {logging_mixin.py:137} INFO - Anthony Schwartz
[2023-02-02T10:00:11.908+0000] {logging_mixin.py:137} INFO - Evelyn Jacobs
[2023-02-02T10:00:11.923+0000] {logging_mixin.py:137} INFO - Connie Jones
[2023-02-02T10:00:11.929+0000] {logging_mixin.py:137} INFO - Carla Gibbs
[2023-02-02T10:00:11.938+0000] {logging_mixin.py:137} INFO - Ashley Santiago
[2023-02-02T10:00:11.945+0000] {logging_mixin.py:137} INFO - Micheal Mckee
[2023-02-02T10:00:11.950+0000] {logging_mixin.py:137} INFO - Diane Williams
[2023-02-02T10:00:11.954+0000] {logging_mixin.py:137} INFO - Jesse Velasquez
[2023-02-02T10:00:11.960+0000] {logging_mixin.py:137} INFO - Jennifer Rodriguez
[2023-02-02T10:00:11.963+0000] {logging_mixin.py:137} INFO - Joe Griffin
[2023-02-02T10:00:11.971+0000] {logging_mixin.py:137} INFO - Gary Cherry
[2023-02-02T10:00:11.975+0000] {logging_mixin.py:137} INFO - Alyssa Edwards
[2023-02-02T10:00:11.978+0000] {logging_mixin.py:137} INFO - Caroline Hernandez MD
[2023-02-02T10:00:11.981+0000] {logging_mixin.py:137} INFO - Jessica Morton
[2023-02-02T10:00:11.985+0000] {logging_mixin.py:137} INFO - Holly Jones
[2023-02-02T10:00:11.987+0000] {logging_mixin.py:137} INFO - David Shelton
[2023-02-02T10:00:12.002+0000] {logging_mixin.py:137} INFO - Kristina Parks
[2023-02-02T10:00:12.013+0000] {logging_mixin.py:137} INFO - Laurie Hernandez
[2023-02-02T10:00:12.017+0000] {logging_mixin.py:137} INFO - Melissa James
[2023-02-02T10:00:12.026+0000] {logging_mixin.py:137} INFO - Jeremiah Adams
[2023-02-02T10:00:12.031+0000] {logging_mixin.py:137} INFO - Arthur Robinson
[2023-02-02T10:00:12.036+0000] {logging_mixin.py:137} INFO - Anna Shepard
[2023-02-02T10:00:12.043+0000] {logging_mixin.py:137} INFO - Brandon Myers
[2023-02-02T10:00:12.052+0000] {logging_mixin.py:137} INFO - Paul Cardenas
[2023-02-02T10:00:12.062+0000] {logging_mixin.py:137} INFO - Megan Santana
[2023-02-02T10:00:12.066+0000] {logging_mixin.py:137} INFO - Joseph Marshall
[2023-02-02T10:00:12.068+0000] {logging_mixin.py:137} INFO - Mrs. Brenda Harris
[2023-02-02T10:00:12.074+0000] {logging_mixin.py:137} INFO - Nicole Garcia
[2023-02-02T10:00:12.084+0000] {logging_mixin.py:137} INFO - Anna Estrada
[2023-02-02T10:00:12.087+0000] {logging_mixin.py:137} INFO - Carl Moore
[2023-02-02T10:00:12.099+0000] {logging_mixin.py:137} INFO - Rodney Hernandez
[2023-02-02T10:00:12.106+0000] {logging_mixin.py:137} INFO - Madison Christian
[2023-02-02T10:00:12.115+0000] {logging_mixin.py:137} INFO - Heather Rhodes
[2023-02-02T10:00:12.137+0000] {python.py:177} INFO - Done. Returned value was: None
[2023-02-02T10:00:12.178+0000] {taskinstance.py:1323} INFO - Marking task as SUCCESS. dag_id=CSV_DAG, task_id=convertCSVToJson, execution_date=20230201T194000, start_date=20230202T100003, end_date=20230202T100012
[2023-02-02T10:00:12.241+0000] {local_task_job.py:208} INFO - Task exited with return code 0
[2023-02-02T10:00:12.350+0000] {taskinstance.py:2578} INFO - 0 downstream tasks scheduled from follow-on schedule check
