[2023-02-01T19:07:42.252+0000] {taskinstance.py:1083} INFO - Dependencies all met for <TaskInstance: CSV_DAG.convertCSVToJson scheduled__2023-02-01T06:35:00+00:00 [queued]>
[2023-02-01T19:07:42.323+0000] {taskinstance.py:1083} INFO - Dependencies all met for <TaskInstance: CSV_DAG.convertCSVToJson scheduled__2023-02-01T06:35:00+00:00 [queued]>
[2023-02-01T19:07:42.334+0000] {taskinstance.py:1279} INFO - 
--------------------------------------------------------------------------------
[2023-02-01T19:07:42.344+0000] {taskinstance.py:1280} INFO - Starting attempt 1 of 2
[2023-02-01T19:07:42.346+0000] {taskinstance.py:1281} INFO - 
--------------------------------------------------------------------------------
[2023-02-01T19:07:42.434+0000] {taskinstance.py:1300} INFO - Executing <Task(PythonOperator): convertCSVToJson> on 2023-02-01 06:35:00+00:00
[2023-02-01T19:07:42.503+0000] {standard_task_runner.py:55} INFO - Started process 680 to run task
[2023-02-01T19:07:42.521+0000] {standard_task_runner.py:82} INFO - Running: ['***', 'tasks', 'run', 'CSV_DAG', 'convertCSVToJson', 'scheduled__2023-02-01T06:35:00+00:00', '--job-id', '188', '--raw', '--subdir', 'DAGS_FOLDER/csv.py', '--cfg-path', '/tmp/tmpmw9psy4d']
[2023-02-01T19:07:42.541+0000] {standard_task_runner.py:83} INFO - Job 188: Subtask convertCSVToJson
[2023-02-01T19:07:43.263+0000] {task_command.py:388} INFO - Running <TaskInstance: CSV_DAG.convertCSVToJson scheduled__2023-02-01T06:35:00+00:00 [running]> on host 06d8060e8530
[2023-02-01T19:07:43.693+0000] {taskinstance.py:1509} INFO - Exporting the following env vars:
AIRFLOW_CTX_DAG_OWNER=Kevin Chalmers
AIRFLOW_CTX_DAG_ID=CSV_DAG
AIRFLOW_CTX_TASK_ID=convertCSVToJson
AIRFLOW_CTX_EXECUTION_DATE=2023-02-01T06:35:00+00:00
AIRFLOW_CTX_TRY_NUMBER=1
AIRFLOW_CTX_DAG_RUN_ID=scheduled__2023-02-01T06:35:00+00:00
[2023-02-01T19:07:43.781+0000] {logging_mixin.py:137} INFO - Angelica Lopez
[2023-02-01T19:07:43.788+0000] {logging_mixin.py:137} INFO - Betty Wright
[2023-02-01T19:07:43.794+0000] {logging_mixin.py:137} INFO - Sara Schmidt
[2023-02-01T19:07:43.806+0000] {logging_mixin.py:137} INFO - Dr. Sherry Rodriguez
[2023-02-01T19:07:43.811+0000] {logging_mixin.py:137} INFO - Rebecca Mills
[2023-02-01T19:07:43.818+0000] {logging_mixin.py:137} INFO - Andrew Anderson
[2023-02-01T19:07:43.829+0000] {logging_mixin.py:137} INFO - Martin Everett
[2023-02-01T19:07:43.838+0000] {logging_mixin.py:137} INFO - Felicia Gregory
[2023-02-01T19:07:43.843+0000] {logging_mixin.py:137} INFO - Kara Bowers
[2023-02-01T19:07:43.846+0000] {logging_mixin.py:137} INFO - Vincent Vincent
[2023-02-01T19:07:43.853+0000] {logging_mixin.py:137} INFO - Morgan Butler
[2023-02-01T19:07:43.854+0000] {logging_mixin.py:137} INFO - Stephen Riley
[2023-02-01T19:07:43.857+0000] {logging_mixin.py:137} INFO - Wanda Thomas
[2023-02-01T19:07:43.864+0000] {logging_mixin.py:137} INFO - Michelle Schultz
[2023-02-01T19:07:43.873+0000] {logging_mixin.py:137} INFO - Christopher Rush MD
[2023-02-01T19:07:43.876+0000] {logging_mixin.py:137} INFO - Phyllis Miles
[2023-02-01T19:07:43.883+0000] {logging_mixin.py:137} INFO - Rebecca Price
[2023-02-01T19:07:43.887+0000] {logging_mixin.py:137} INFO - John Morse
[2023-02-01T19:07:43.892+0000] {logging_mixin.py:137} INFO - Nicholas Sanchez
[2023-02-01T19:07:43.905+0000] {logging_mixin.py:137} INFO - Crystal Dean
[2023-02-01T19:07:43.916+0000] {logging_mixin.py:137} INFO - Tyler Diaz
[2023-02-01T19:07:43.923+0000] {logging_mixin.py:137} INFO - Denise Mclean
[2023-02-01T19:07:43.926+0000] {logging_mixin.py:137} INFO - Daniel Grant
[2023-02-01T19:07:43.929+0000] {logging_mixin.py:137} INFO - Sandra Peterson
[2023-02-01T19:07:43.932+0000] {logging_mixin.py:137} INFO - Denise Morse
[2023-02-01T19:07:43.935+0000] {logging_mixin.py:137} INFO - Brianna Smith
[2023-02-01T19:07:43.940+0000] {logging_mixin.py:137} INFO - Tony Miller
[2023-02-01T19:07:43.944+0000] {logging_mixin.py:137} INFO - Jean Booth
[2023-02-01T19:07:43.949+0000] {logging_mixin.py:137} INFO - Penny Salazar
[2023-02-01T19:07:43.952+0000] {logging_mixin.py:137} INFO - Cathy Williams
[2023-02-01T19:07:43.963+0000] {logging_mixin.py:137} INFO - Hannah Collins
[2023-02-01T19:07:43.974+0000] {logging_mixin.py:137} INFO - Maurice Casey
[2023-02-01T19:07:43.977+0000] {logging_mixin.py:137} INFO - Patrick Walker
[2023-02-01T19:07:43.979+0000] {logging_mixin.py:137} INFO - Pamela Barton
[2023-02-01T19:07:43.985+0000] {logging_mixin.py:137} INFO - Anthony Bryant
[2023-02-01T19:07:43.988+0000] {logging_mixin.py:137} INFO - Andrew Harris
[2023-02-01T19:07:43.991+0000] {logging_mixin.py:137} INFO - Aaron Harris
[2023-02-01T19:07:43.995+0000] {logging_mixin.py:137} INFO - Maureen Soto
[2023-02-01T19:07:43.998+0000] {logging_mixin.py:137} INFO - Crystal Mcdaniel
[2023-02-01T19:07:44.008+0000] {logging_mixin.py:137} INFO - Lauren Barrett
[2023-02-01T19:07:44.012+0000] {logging_mixin.py:137} INFO - Brandon Perez
[2023-02-01T19:07:44.027+0000] {logging_mixin.py:137} INFO - Mark Robertson
[2023-02-01T19:07:44.039+0000] {logging_mixin.py:137} INFO - Nicole Gates
[2023-02-01T19:07:44.041+0000] {logging_mixin.py:137} INFO - Bradley Cruz
[2023-02-01T19:07:44.048+0000] {logging_mixin.py:137} INFO - Gina Burns
[2023-02-01T19:07:44.051+0000] {logging_mixin.py:137} INFO - Zachary Martinez
[2023-02-01T19:07:44.055+0000] {logging_mixin.py:137} INFO - Natasha Johnson
[2023-02-01T19:07:44.063+0000] {logging_mixin.py:137} INFO - Patrick Gonzales
[2023-02-01T19:07:44.068+0000] {logging_mixin.py:137} INFO - Terri Wilson
[2023-02-01T19:07:44.088+0000] {logging_mixin.py:137} INFO - Sarah Lopez
[2023-02-01T19:07:44.099+0000] {logging_mixin.py:137} INFO - Dana Turner
[2023-02-01T19:07:44.117+0000] {logging_mixin.py:137} INFO - Cynthia Johnson
[2023-02-01T19:07:44.120+0000] {logging_mixin.py:137} INFO - William Thornton
[2023-02-01T19:07:44.123+0000] {logging_mixin.py:137} INFO - James Lee
[2023-02-01T19:07:44.126+0000] {logging_mixin.py:137} INFO - Stephen Allen
[2023-02-01T19:07:44.128+0000] {logging_mixin.py:137} INFO - William Stark
[2023-02-01T19:07:44.134+0000] {logging_mixin.py:137} INFO - Michael Parker
[2023-02-01T19:07:44.136+0000] {logging_mixin.py:137} INFO - Lisa Stephens
[2023-02-01T19:07:44.139+0000] {logging_mixin.py:137} INFO - Mr. Reginald Wise DDS
[2023-02-01T19:07:44.145+0000] {logging_mixin.py:137} INFO - Alexander James
[2023-02-01T19:07:44.151+0000] {logging_mixin.py:137} INFO - Kristen West
[2023-02-01T19:07:44.161+0000] {logging_mixin.py:137} INFO - Elizabeth Sanchez
[2023-02-01T19:07:44.173+0000] {logging_mixin.py:137} INFO - Jennifer Wilson
[2023-02-01T19:07:44.184+0000] {logging_mixin.py:137} INFO - Catherine Nicholson
[2023-02-01T19:07:44.192+0000] {logging_mixin.py:137} INFO - David Henderson
[2023-02-01T19:07:44.208+0000] {logging_mixin.py:137} INFO - Stephen Davis
[2023-02-01T19:07:44.214+0000] {logging_mixin.py:137} INFO - Paul Skinner
[2023-02-01T19:07:44.218+0000] {logging_mixin.py:137} INFO - Rebecca Wong
[2023-02-01T19:07:44.227+0000] {logging_mixin.py:137} INFO - Tara Benitez
[2023-02-01T19:07:44.231+0000] {logging_mixin.py:137} INFO - Sharon Miller
[2023-02-01T19:07:44.238+0000] {logging_mixin.py:137} INFO - Cynthia Smith
[2023-02-01T19:07:44.240+0000] {logging_mixin.py:137} INFO - Jennifer Werner
[2023-02-01T19:07:44.243+0000] {logging_mixin.py:137} INFO - Rebecca Tucker
[2023-02-01T19:07:44.251+0000] {logging_mixin.py:137} INFO - Ashlee Castillo
[2023-02-01T19:07:44.258+0000] {logging_mixin.py:137} INFO - Christopher Holmes
[2023-02-01T19:07:44.265+0000] {logging_mixin.py:137} INFO - Daniel Velez
[2023-02-01T19:07:44.271+0000] {logging_mixin.py:137} INFO - Amy Serrano
[2023-02-01T19:07:44.276+0000] {logging_mixin.py:137} INFO - Alison Nash
[2023-02-01T19:07:44.284+0000] {logging_mixin.py:137} INFO - Peter Johnson
[2023-02-01T19:07:44.288+0000] {logging_mixin.py:137} INFO - Breanna Harris
[2023-02-01T19:07:44.295+0000] {logging_mixin.py:137} INFO - Eric King
[2023-02-01T19:07:44.298+0000] {logging_mixin.py:137} INFO - Patricia Oliver
[2023-02-01T19:07:44.310+0000] {logging_mixin.py:137} INFO - Denise Grimes
[2023-02-01T19:07:44.314+0000] {logging_mixin.py:137} INFO - Jill Olson
[2023-02-01T19:07:44.319+0000] {logging_mixin.py:137} INFO - Stephanie Hart
[2023-02-01T19:07:44.329+0000] {logging_mixin.py:137} INFO - Ashley Lee
[2023-02-01T19:07:44.331+0000] {logging_mixin.py:137} INFO - Kelly Barnes
[2023-02-01T19:07:44.332+0000] {logging_mixin.py:137} INFO - Christie West
[2023-02-01T19:07:44.336+0000] {logging_mixin.py:137} INFO - Todd Nolan
[2023-02-01T19:07:44.344+0000] {logging_mixin.py:137} INFO - Sarah Reed
[2023-02-01T19:07:44.351+0000] {logging_mixin.py:137} INFO - Jennifer Keith
[2023-02-01T19:07:44.361+0000] {logging_mixin.py:137} INFO - Shawn Alvarez
[2023-02-01T19:07:44.365+0000] {logging_mixin.py:137} INFO - Alexander Wilson
[2023-02-01T19:07:44.374+0000] {logging_mixin.py:137} INFO - Rachel Melendez
[2023-02-01T19:07:44.377+0000] {logging_mixin.py:137} INFO - Morgan Walters
[2023-02-01T19:07:44.383+0000] {logging_mixin.py:137} INFO - Nicole Garcia
[2023-02-01T19:07:44.386+0000] {logging_mixin.py:137} INFO - Jennifer White
[2023-02-01T19:07:44.392+0000] {logging_mixin.py:137} INFO - Leslie Shannon
[2023-02-01T19:07:44.393+0000] {logging_mixin.py:137} INFO - Lisa Clayton
[2023-02-01T19:07:44.400+0000] {logging_mixin.py:137} INFO - Zachary Molina
[2023-02-01T19:07:44.404+0000] {logging_mixin.py:137} INFO - Bruce Butler
[2023-02-01T19:07:44.408+0000] {logging_mixin.py:137} INFO - Dustin Howell
[2023-02-01T19:07:44.411+0000] {logging_mixin.py:137} INFO - Aaron Smith
[2023-02-01T19:07:44.414+0000] {logging_mixin.py:137} INFO - Kyle Green
[2023-02-01T19:07:44.416+0000] {logging_mixin.py:137} INFO - Steven Clark
[2023-02-01T19:07:44.417+0000] {logging_mixin.py:137} INFO - Robert Holden
[2023-02-01T19:07:44.431+0000] {logging_mixin.py:137} INFO - Zachary Harmon
[2023-02-01T19:07:44.440+0000] {logging_mixin.py:137} INFO - Rachel Miller
[2023-02-01T19:07:44.449+0000] {logging_mixin.py:137} INFO - Brandon Parker
[2023-02-01T19:07:44.453+0000] {logging_mixin.py:137} INFO - Walter Martin
[2023-02-01T19:07:44.458+0000] {logging_mixin.py:137} INFO - Jose Young
[2023-02-01T19:07:44.459+0000] {logging_mixin.py:137} INFO - Kelsey Long
[2023-02-01T19:07:44.461+0000] {logging_mixin.py:137} INFO - William Harper
[2023-02-01T19:07:44.462+0000] {logging_mixin.py:137} INFO - Alejandro Lambert
[2023-02-01T19:07:44.464+0000] {logging_mixin.py:137} INFO - Stephanie Carson
[2023-02-01T19:07:44.467+0000] {logging_mixin.py:137} INFO - Diana Ortega MD
[2023-02-01T19:07:44.478+0000] {logging_mixin.py:137} INFO - Janet Morales
[2023-02-01T19:07:44.482+0000] {logging_mixin.py:137} INFO - Eric Fisher
[2023-02-01T19:07:44.491+0000] {logging_mixin.py:137} INFO - Louis Baker
[2023-02-01T19:07:44.494+0000] {logging_mixin.py:137} INFO - Cindy Ward
[2023-02-01T19:07:44.501+0000] {logging_mixin.py:137} INFO - Ana Jenkins
[2023-02-01T19:07:44.505+0000] {logging_mixin.py:137} INFO - Leslie Barton
[2023-02-01T19:07:44.514+0000] {logging_mixin.py:137} INFO - Gregory Price
[2023-02-01T19:07:44.524+0000] {logging_mixin.py:137} INFO - Brandon Moore
[2023-02-01T19:07:44.539+0000] {logging_mixin.py:137} INFO - Heather Garrett
[2023-02-01T19:07:44.545+0000] {logging_mixin.py:137} INFO - Cindy Hawkins
[2023-02-01T19:07:44.561+0000] {logging_mixin.py:137} INFO - Mr. Frank Snyder Jr.
[2023-02-01T19:07:44.565+0000] {logging_mixin.py:137} INFO - Megan Wang
[2023-02-01T19:07:44.569+0000] {logging_mixin.py:137} INFO - Jennifer Fleming
[2023-02-01T19:07:44.578+0000] {logging_mixin.py:137} INFO - Gary Hodge
[2023-02-01T19:07:44.592+0000] {logging_mixin.py:137} INFO - Nichole Miller
[2023-02-01T19:07:44.604+0000] {logging_mixin.py:137} INFO - Mitchell Mendoza
[2023-02-01T19:07:44.608+0000] {logging_mixin.py:137} INFO - Bradley Horton
[2023-02-01T19:07:44.613+0000] {logging_mixin.py:137} INFO - Michelle Hess
[2023-02-01T19:07:44.619+0000] {logging_mixin.py:137} INFO - Ronald Torres
[2023-02-01T19:07:44.621+0000] {logging_mixin.py:137} INFO - Raymond Hudson
[2023-02-01T19:07:44.628+0000] {logging_mixin.py:137} INFO - Vincent Jackson
[2023-02-01T19:07:44.639+0000] {logging_mixin.py:137} INFO - Susan Carey
[2023-02-01T19:07:44.642+0000] {logging_mixin.py:137} INFO - Chase Wilson
[2023-02-01T19:07:44.656+0000] {logging_mixin.py:137} INFO - Tonya Baldwin
[2023-02-01T19:07:44.659+0000] {logging_mixin.py:137} INFO - Mrs. Tina Davis
[2023-02-01T19:07:44.661+0000] {logging_mixin.py:137} INFO - Scott Garrett
[2023-02-01T19:07:44.680+0000] {logging_mixin.py:137} INFO - Michael Wilson
[2023-02-01T19:07:44.689+0000] {logging_mixin.py:137} INFO - Andrew Orozco
[2023-02-01T19:07:44.695+0000] {logging_mixin.py:137} INFO - Troy Carson
[2023-02-01T19:07:44.702+0000] {logging_mixin.py:137} INFO - Alex Winters
[2023-02-01T19:07:44.719+0000] {logging_mixin.py:137} INFO - Toni Frank
[2023-02-01T19:07:44.724+0000] {logging_mixin.py:137} INFO - Kathleen Snyder
[2023-02-01T19:07:44.733+0000] {logging_mixin.py:137} INFO - Anna Lopez
[2023-02-01T19:07:44.753+0000] {logging_mixin.py:137} INFO - Charles Brown
[2023-02-01T19:07:44.758+0000] {logging_mixin.py:137} INFO - Barry Ross
[2023-02-01T19:07:44.761+0000] {logging_mixin.py:137} INFO - Emily Ramirez
[2023-02-01T19:07:44.765+0000] {logging_mixin.py:137} INFO - Anna Williams
[2023-02-01T19:07:44.776+0000] {logging_mixin.py:137} INFO - Kristin Pennington
[2023-02-01T19:07:44.785+0000] {logging_mixin.py:137} INFO - Mary Aguirre
[2023-02-01T19:07:44.787+0000] {logging_mixin.py:137} INFO - Austin Santos
[2023-02-01T19:07:44.796+0000] {logging_mixin.py:137} INFO - David Nelson
[2023-02-01T19:07:44.810+0000] {logging_mixin.py:137} INFO - Alyssa Mcbride
[2023-02-01T19:07:44.813+0000] {logging_mixin.py:137} INFO - Lisa Gibson
[2023-02-01T19:07:44.815+0000] {logging_mixin.py:137} INFO - Alexander Kelly
[2023-02-01T19:07:44.817+0000] {logging_mixin.py:137} INFO - Ronald Thomas
[2023-02-01T19:07:44.822+0000] {logging_mixin.py:137} INFO - Michael Hurst
[2023-02-01T19:07:44.830+0000] {logging_mixin.py:137} INFO - Lauren Ward
[2023-02-01T19:07:44.836+0000] {logging_mixin.py:137} INFO - Christian Terry
[2023-02-01T19:07:44.838+0000] {logging_mixin.py:137} INFO - Jared Black
[2023-02-01T19:07:44.840+0000] {logging_mixin.py:137} INFO - Anthony Brown
[2023-02-01T19:07:44.849+0000] {logging_mixin.py:137} INFO - John Cole
[2023-02-01T19:07:44.860+0000] {logging_mixin.py:137} INFO - David Lee
[2023-02-01T19:07:44.865+0000] {logging_mixin.py:137} INFO - Lori Thomas
[2023-02-01T19:07:44.868+0000] {logging_mixin.py:137} INFO - Daniel Herman
[2023-02-01T19:07:44.923+0000] {logging_mixin.py:137} INFO - Pam Williams
[2023-02-01T19:07:44.927+0000] {logging_mixin.py:137} INFO - Sarah Jenkins
[2023-02-01T19:07:44.934+0000] {logging_mixin.py:137} INFO - Susan Mitchell
[2023-02-01T19:07:44.942+0000] {logging_mixin.py:137} INFO - Jacqueline Green
[2023-02-01T19:07:44.947+0000] {logging_mixin.py:137} INFO - Victoria Garrison
[2023-02-01T19:07:44.952+0000] {logging_mixin.py:137} INFO - Jonathan Daniels
[2023-02-01T19:07:44.957+0000] {logging_mixin.py:137} INFO - Trevor Hansen
[2023-02-01T19:07:44.960+0000] {logging_mixin.py:137} INFO - Laurie Bowen
[2023-02-01T19:07:44.964+0000] {logging_mixin.py:137} INFO - James Cline
[2023-02-01T19:07:44.970+0000] {logging_mixin.py:137} INFO - Michael Rose
[2023-02-01T19:07:44.981+0000] {logging_mixin.py:137} INFO - Lawrence Juarez
[2023-02-01T19:07:44.996+0000] {logging_mixin.py:137} INFO - Lucas Caldwell
[2023-02-01T19:07:45.001+0000] {logging_mixin.py:137} INFO - Laura Jackson
[2023-02-01T19:07:45.015+0000] {logging_mixin.py:137} INFO - Sherri Thornton
[2023-02-01T19:07:45.018+0000] {logging_mixin.py:137} INFO - Alice Wilson
[2023-02-01T19:07:45.024+0000] {logging_mixin.py:137} INFO - Diane Williams
[2023-02-01T19:07:45.032+0000] {logging_mixin.py:137} INFO - Kara Martin
[2023-02-01T19:07:45.038+0000] {logging_mixin.py:137} INFO - Joseph Moore
[2023-02-01T19:07:45.047+0000] {logging_mixin.py:137} INFO - Jesse Moses
[2023-02-01T19:07:45.060+0000] {logging_mixin.py:137} INFO - Lisa Mccall
[2023-02-01T19:07:45.065+0000] {logging_mixin.py:137} INFO - Alexandra Mccoy
[2023-02-01T19:07:45.075+0000] {logging_mixin.py:137} INFO - Daniel Martin
[2023-02-01T19:07:45.088+0000] {logging_mixin.py:137} INFO - Claudia Peck
[2023-02-01T19:07:45.108+0000] {logging_mixin.py:137} INFO - Jessica Mcconnell
[2023-02-01T19:07:45.127+0000] {logging_mixin.py:137} INFO - Kevin Walker
[2023-02-01T19:07:45.131+0000] {logging_mixin.py:137} INFO - Christina Lee
[2023-02-01T19:07:45.151+0000] {logging_mixin.py:137} INFO - Christopher Schroeder
[2023-02-01T19:07:45.171+0000] {logging_mixin.py:137} INFO - Melissa Parker
[2023-02-01T19:07:45.209+0000] {logging_mixin.py:137} INFO - Janet Molina
[2023-02-01T19:07:45.226+0000] {logging_mixin.py:137} INFO - Barbara Harris
[2023-02-01T19:07:45.252+0000] {logging_mixin.py:137} INFO - Joseph Hurley
[2023-02-01T19:07:45.270+0000] {logging_mixin.py:137} INFO - Greg Hayden
[2023-02-01T19:07:45.274+0000] {logging_mixin.py:137} INFO - Edwin Adams
[2023-02-01T19:07:45.276+0000] {logging_mixin.py:137} INFO - Ashley Hunter
[2023-02-01T19:07:45.283+0000] {logging_mixin.py:137} INFO - Jennifer Tucker
[2023-02-01T19:07:45.287+0000] {logging_mixin.py:137} INFO - Eddie Gray
[2023-02-01T19:07:45.292+0000] {logging_mixin.py:137} INFO - Jennifer Evans
[2023-02-01T19:07:45.300+0000] {logging_mixin.py:137} INFO - Stephen Carey
[2023-02-01T19:07:45.304+0000] {logging_mixin.py:137} INFO - Samantha Campos
[2023-02-01T19:07:45.308+0000] {logging_mixin.py:137} INFO - Meagan Brown
[2023-02-01T19:07:45.315+0000] {logging_mixin.py:137} INFO - Miss Marisa Barber
[2023-02-01T19:07:45.320+0000] {logging_mixin.py:137} INFO - Jay Mann
[2023-02-01T19:07:45.322+0000] {logging_mixin.py:137} INFO - Matthew Campbell
[2023-02-01T19:07:45.326+0000] {logging_mixin.py:137} INFO - Brent Rodriguez
[2023-02-01T19:07:45.329+0000] {logging_mixin.py:137} INFO - Teresa Ross
[2023-02-01T19:07:45.338+0000] {logging_mixin.py:137} INFO - Mary Martinez
[2023-02-01T19:07:45.342+0000] {logging_mixin.py:137} INFO - Joseph Lewis
[2023-02-01T19:07:45.345+0000] {logging_mixin.py:137} INFO - Dale Davis
[2023-02-01T19:07:45.352+0000] {logging_mixin.py:137} INFO - Elizabeth Evans
[2023-02-01T19:07:45.359+0000] {logging_mixin.py:137} INFO - Shannon Wang
[2023-02-01T19:07:45.373+0000] {logging_mixin.py:137} INFO - Brandon Campbell
[2023-02-01T19:07:45.382+0000] {logging_mixin.py:137} INFO - Rhonda Pace
[2023-02-01T19:07:45.385+0000] {logging_mixin.py:137} INFO - Sarah Santos
[2023-02-01T19:07:45.387+0000] {logging_mixin.py:137} INFO - Jacob Ford
[2023-02-01T19:07:45.393+0000] {logging_mixin.py:137} INFO - Matthew Hansen
[2023-02-01T19:07:45.395+0000] {logging_mixin.py:137} INFO - Amy Ray
[2023-02-01T19:07:45.403+0000] {logging_mixin.py:137} INFO - Aaron Fields
[2023-02-01T19:07:45.416+0000] {logging_mixin.py:137} INFO - Mary Taylor
[2023-02-01T19:07:45.418+0000] {logging_mixin.py:137} INFO - James Morris
[2023-02-01T19:07:45.420+0000] {logging_mixin.py:137} INFO - Darrell Cain
[2023-02-01T19:07:45.421+0000] {logging_mixin.py:137} INFO - Michael Smith
[2023-02-01T19:07:45.423+0000] {logging_mixin.py:137} INFO - Scott Coleman
[2023-02-01T19:07:45.426+0000] {logging_mixin.py:137} INFO - David Fitzpatrick
[2023-02-01T19:07:45.427+0000] {logging_mixin.py:137} INFO - Debra Shepherd
[2023-02-01T19:07:45.429+0000] {logging_mixin.py:137} INFO - Paul Rush
[2023-02-01T19:07:45.437+0000] {logging_mixin.py:137} INFO - Brett Hernandez
[2023-02-01T19:07:45.439+0000] {logging_mixin.py:137} INFO - Sheila Riddle
[2023-02-01T19:07:45.440+0000] {logging_mixin.py:137} INFO - Joan Austin
[2023-02-01T19:07:45.443+0000] {logging_mixin.py:137} INFO - Michael Garcia
[2023-02-01T19:07:45.448+0000] {logging_mixin.py:137} INFO - Natalie Harris
[2023-02-01T19:07:45.453+0000] {logging_mixin.py:137} INFO - Steven Dean
[2023-02-01T19:07:45.456+0000] {logging_mixin.py:137} INFO - John Brown
[2023-02-01T19:07:45.462+0000] {logging_mixin.py:137} INFO - Keith Zimmerman
[2023-02-01T19:07:45.473+0000] {logging_mixin.py:137} INFO - Curtis Byrd
[2023-02-01T19:07:45.482+0000] {logging_mixin.py:137} INFO - Mariah Green
[2023-02-01T19:07:45.497+0000] {logging_mixin.py:137} INFO - Roger Huynh
[2023-02-01T19:07:45.500+0000] {logging_mixin.py:137} INFO - Christopher Zamora
[2023-02-01T19:07:45.504+0000] {logging_mixin.py:137} INFO - Joyce Crawford
[2023-02-01T19:07:45.512+0000] {logging_mixin.py:137} INFO - Angela Smith
[2023-02-01T19:07:45.515+0000] {logging_mixin.py:137} INFO - Veronica Robinson
[2023-02-01T19:07:45.521+0000] {logging_mixin.py:137} INFO - Christopher Bates
[2023-02-01T19:07:45.523+0000] {logging_mixin.py:137} INFO - Steve Stone
[2023-02-01T19:07:45.527+0000] {logging_mixin.py:137} INFO - William Cook
[2023-02-01T19:07:45.530+0000] {logging_mixin.py:137} INFO - Lori Wood
[2023-02-01T19:07:45.532+0000] {logging_mixin.py:137} INFO - Jillian Reynolds
[2023-02-01T19:07:45.537+0000] {logging_mixin.py:137} INFO - Angela Caldwell
[2023-02-01T19:07:45.542+0000] {logging_mixin.py:137} INFO - Shane Campbell
[2023-02-01T19:07:45.552+0000] {logging_mixin.py:137} INFO - Karen Lawrence
[2023-02-01T19:07:45.555+0000] {logging_mixin.py:137} INFO - Kimberly Wood
[2023-02-01T19:07:45.558+0000] {logging_mixin.py:137} INFO - Samantha Lopez
[2023-02-01T19:07:45.570+0000] {logging_mixin.py:137} INFO - Harold Miller
[2023-02-01T19:07:45.580+0000] {logging_mixin.py:137} INFO - Raymond Cooper DVM
[2023-02-01T19:07:45.588+0000] {logging_mixin.py:137} INFO - Kristen Patel
[2023-02-01T19:07:45.594+0000] {logging_mixin.py:137} INFO - Anthony Mejia
[2023-02-01T19:07:45.601+0000] {logging_mixin.py:137} INFO - Raymond Thomas
[2023-02-01T19:07:45.614+0000] {logging_mixin.py:137} INFO - Scott Young
[2023-02-01T19:07:45.629+0000] {logging_mixin.py:137} INFO - David Larson
[2023-02-01T19:07:45.631+0000] {logging_mixin.py:137} INFO - Jon Murray
[2023-02-01T19:07:45.633+0000] {logging_mixin.py:137} INFO - Stephen Taylor
[2023-02-01T19:07:45.635+0000] {logging_mixin.py:137} INFO - Jennifer Hernandez
[2023-02-01T19:07:45.640+0000] {logging_mixin.py:137} INFO - Stacy Smith
[2023-02-01T19:07:45.642+0000] {logging_mixin.py:137} INFO - Juan Owens
[2023-02-01T19:07:45.647+0000] {logging_mixin.py:137} INFO - Brian Adkins
[2023-02-01T19:07:45.656+0000] {logging_mixin.py:137} INFO - Jesse Wells
[2023-02-01T19:07:45.660+0000] {logging_mixin.py:137} INFO - Kyle Matthews
[2023-02-01T19:07:45.663+0000] {logging_mixin.py:137} INFO - Dustin Russell
[2023-02-01T19:07:45.669+0000] {logging_mixin.py:137} INFO - Richard White
[2023-02-01T19:07:45.678+0000] {logging_mixin.py:137} INFO - Brittany Nichols
[2023-02-01T19:07:45.680+0000] {logging_mixin.py:137} INFO - Colton Kelly
[2023-02-01T19:07:45.685+0000] {logging_mixin.py:137} INFO - William Perry
[2023-02-01T19:07:45.686+0000] {logging_mixin.py:137} INFO - Thomas Cummings
[2023-02-01T19:07:45.690+0000] {logging_mixin.py:137} INFO - Timothy Ballard
[2023-02-01T19:07:45.692+0000] {logging_mixin.py:137} INFO - Richard Washington
[2023-02-01T19:07:45.695+0000] {logging_mixin.py:137} INFO - Joshua Lam
[2023-02-01T19:07:45.698+0000] {logging_mixin.py:137} INFO - Grant Jackson
[2023-02-01T19:07:45.700+0000] {logging_mixin.py:137} INFO - Erin Baker
[2023-02-01T19:07:45.705+0000] {logging_mixin.py:137} INFO - Scott Flowers
[2023-02-01T19:07:45.709+0000] {logging_mixin.py:137} INFO - James Adams
[2023-02-01T19:07:45.714+0000] {logging_mixin.py:137} INFO - Heather Alvarado
[2023-02-01T19:07:45.720+0000] {logging_mixin.py:137} INFO - Jennifer Snow
[2023-02-01T19:07:45.722+0000] {logging_mixin.py:137} INFO - Mario Jackson
[2023-02-01T19:07:45.725+0000] {logging_mixin.py:137} INFO - Kevin Collins
[2023-02-01T19:07:45.729+0000] {logging_mixin.py:137} INFO - Danielle Garcia
[2023-02-01T19:07:45.733+0000] {logging_mixin.py:137} INFO - Brenda Jackson
[2023-02-01T19:07:45.737+0000] {logging_mixin.py:137} INFO - Ashley Parker
[2023-02-01T19:07:45.738+0000] {logging_mixin.py:137} INFO - Angela Hickman
[2023-02-01T19:07:45.740+0000] {logging_mixin.py:137} INFO - Carol Rodriguez
[2023-02-01T19:07:45.748+0000] {logging_mixin.py:137} INFO - Vernon Anderson
[2023-02-01T19:07:45.754+0000] {logging_mixin.py:137} INFO - Jesus Church
[2023-02-01T19:07:45.761+0000] {logging_mixin.py:137} INFO - Michelle Medina
[2023-02-01T19:07:45.768+0000] {logging_mixin.py:137} INFO - Nancy Bryant
[2023-02-01T19:07:45.773+0000] {logging_mixin.py:137} INFO - Jennifer Martinez
[2023-02-01T19:07:45.777+0000] {logging_mixin.py:137} INFO - Amy Dougherty
[2023-02-01T19:07:45.782+0000] {logging_mixin.py:137} INFO - Alexis Sanders
[2023-02-01T19:07:45.791+0000] {logging_mixin.py:137} INFO - Austin Salazar
[2023-02-01T19:07:45.796+0000] {logging_mixin.py:137} INFO - Amy Williams
[2023-02-01T19:07:45.802+0000] {logging_mixin.py:137} INFO - Richard Haynes
[2023-02-01T19:07:45.806+0000] {logging_mixin.py:137} INFO - Christine Stark
[2023-02-01T19:07:45.810+0000] {logging_mixin.py:137} INFO - Anita Medina
[2023-02-01T19:07:45.817+0000] {logging_mixin.py:137} INFO - Mr. Thomas Duran
[2023-02-01T19:07:45.822+0000] {logging_mixin.py:137} INFO - Mr. Russell Peterson
[2023-02-01T19:07:45.837+0000] {logging_mixin.py:137} INFO - Jack Richard
[2023-02-01T19:07:45.841+0000] {logging_mixin.py:137} INFO - Michelle Erickson
[2023-02-01T19:07:45.850+0000] {logging_mixin.py:137} INFO - Mitchell Williams
[2023-02-01T19:07:45.853+0000] {logging_mixin.py:137} INFO - Adrian Herrera
[2023-02-01T19:07:45.856+0000] {logging_mixin.py:137} INFO - Michael Brady
[2023-02-01T19:07:45.865+0000] {logging_mixin.py:137} INFO - Jamie Zhang
[2023-02-01T19:07:45.871+0000] {logging_mixin.py:137} INFO - Helen Brennan
[2023-02-01T19:07:45.876+0000] {logging_mixin.py:137} INFO - John Myers
[2023-02-01T19:07:45.877+0000] {logging_mixin.py:137} INFO - Patricia Nash
[2023-02-01T19:07:45.880+0000] {logging_mixin.py:137} INFO - Michael Johnson
[2023-02-01T19:07:45.885+0000] {logging_mixin.py:137} INFO - Anita Berger
[2023-02-01T19:07:45.889+0000] {logging_mixin.py:137} INFO - Jason Guerrero DVM
[2023-02-01T19:07:45.893+0000] {logging_mixin.py:137} INFO - Kimberly Davis
[2023-02-01T19:07:45.902+0000] {logging_mixin.py:137} INFO - Bryan Hansen
[2023-02-01T19:07:45.909+0000] {logging_mixin.py:137} INFO - Rebecca Obrien
[2023-02-01T19:07:45.919+0000] {logging_mixin.py:137} INFO - Sarah Santiago
[2023-02-01T19:07:45.932+0000] {logging_mixin.py:137} INFO - Christine Lane
[2023-02-01T19:07:45.944+0000] {logging_mixin.py:137} INFO - Jerry Lewis
[2023-02-01T19:07:45.948+0000] {logging_mixin.py:137} INFO - Stephanie Miller
[2023-02-01T19:07:45.961+0000] {logging_mixin.py:137} INFO - Kristi Bradley
[2023-02-01T19:07:45.972+0000] {logging_mixin.py:137} INFO - Darren Moore
[2023-02-01T19:07:45.982+0000] {logging_mixin.py:137} INFO - Kristina Cunningham
[2023-02-01T19:07:45.985+0000] {logging_mixin.py:137} INFO - Laurie Moore
[2023-02-01T19:07:45.990+0000] {logging_mixin.py:137} INFO - Aaron Lewis
[2023-02-01T19:07:45.993+0000] {logging_mixin.py:137} INFO - Theresa Vang
[2023-02-01T19:07:45.998+0000] {logging_mixin.py:137} INFO - Chase Reese
[2023-02-01T19:07:46.000+0000] {logging_mixin.py:137} INFO - Matthew Ferguson
[2023-02-01T19:07:46.003+0000] {logging_mixin.py:137} INFO - Victoria Lewis
[2023-02-01T19:07:46.005+0000] {logging_mixin.py:137} INFO - Jon Scott
[2023-02-01T19:07:46.006+0000] {logging_mixin.py:137} INFO - Lisa Campbell
[2023-02-01T19:07:46.007+0000] {logging_mixin.py:137} INFO - David Ramirez
[2023-02-01T19:07:46.010+0000] {logging_mixin.py:137} INFO - Gabriel Rosario
[2023-02-01T19:07:46.012+0000] {logging_mixin.py:137} INFO - Kristi Johnson
[2023-02-01T19:07:46.022+0000] {logging_mixin.py:137} INFO - Jennifer Schwartz
[2023-02-01T19:07:46.029+0000] {logging_mixin.py:137} INFO - Daniel Norton
[2023-02-01T19:07:46.031+0000] {logging_mixin.py:137} INFO - Richard Montoya
[2023-02-01T19:07:46.040+0000] {logging_mixin.py:137} INFO - Daniel Norris
[2023-02-01T19:07:46.056+0000] {logging_mixin.py:137} INFO - Chad Taylor
[2023-02-01T19:07:46.066+0000] {logging_mixin.py:137} INFO - Angie Allen
[2023-02-01T19:07:46.069+0000] {logging_mixin.py:137} INFO - Michael Brooks
[2023-02-01T19:07:46.073+0000] {logging_mixin.py:137} INFO - Hannah Poole
[2023-02-01T19:07:46.084+0000] {logging_mixin.py:137} INFO - Caitlin Ray
[2023-02-01T19:07:46.096+0000] {logging_mixin.py:137} INFO - Mr. Steven Gardner
[2023-02-01T19:07:46.101+0000] {logging_mixin.py:137} INFO - Jennifer Macdonald
[2023-02-01T19:07:46.108+0000] {logging_mixin.py:137} INFO - Vanessa Small
[2023-02-01T19:07:46.115+0000] {logging_mixin.py:137} INFO - Dennis Gray
[2023-02-01T19:07:46.119+0000] {logging_mixin.py:137} INFO - Sandra Kirk
[2023-02-01T19:07:46.120+0000] {logging_mixin.py:137} INFO - Jason Wagner
[2023-02-01T19:07:46.123+0000] {logging_mixin.py:137} INFO - David Owen
[2023-02-01T19:07:46.130+0000] {logging_mixin.py:137} INFO - Rose Terrell
[2023-02-01T19:07:46.135+0000] {logging_mixin.py:137} INFO - James Green MD
[2023-02-01T19:07:46.137+0000] {logging_mixin.py:137} INFO - Tammy Patel
[2023-02-01T19:07:46.142+0000] {logging_mixin.py:137} INFO - Joseph Lucero
[2023-02-01T19:07:46.144+0000] {logging_mixin.py:137} INFO - Stephanie Rojas
[2023-02-01T19:07:46.147+0000] {logging_mixin.py:137} INFO - Brittany Johnson
[2023-02-01T19:07:46.149+0000] {logging_mixin.py:137} INFO - Christina Cummings
[2023-02-01T19:07:46.155+0000] {logging_mixin.py:137} INFO - Eric Downs
[2023-02-01T19:07:46.157+0000] {logging_mixin.py:137} INFO - Paul Finley
[2023-02-01T19:07:46.159+0000] {logging_mixin.py:137} INFO - Danielle Jackson
[2023-02-01T19:07:46.167+0000] {logging_mixin.py:137} INFO - Anna Johnston
[2023-02-01T19:07:46.173+0000] {logging_mixin.py:137} INFO - Ashlee Hodges
[2023-02-01T19:07:46.177+0000] {logging_mixin.py:137} INFO - Thomas Francis
[2023-02-01T19:07:46.178+0000] {logging_mixin.py:137} INFO - Cody Baird
[2023-02-01T19:07:46.179+0000] {logging_mixin.py:137} INFO - Jeffrey Walter
[2023-02-01T19:07:46.189+0000] {logging_mixin.py:137} INFO - Hannah West
[2023-02-01T19:07:46.191+0000] {logging_mixin.py:137} INFO - Anthony Byrd
[2023-02-01T19:07:46.197+0000] {logging_mixin.py:137} INFO - Julie Ramirez
[2023-02-01T19:07:46.200+0000] {logging_mixin.py:137} INFO - Seth Peters
[2023-02-01T19:07:46.218+0000] {logging_mixin.py:137} INFO - Keith Salas
[2023-02-01T19:07:46.237+0000] {logging_mixin.py:137} INFO - Kathryn Evans
[2023-02-01T19:07:46.254+0000] {logging_mixin.py:137} INFO - Dr. Maria Scott
[2023-02-01T19:07:46.265+0000] {logging_mixin.py:137} INFO - Brenda Thomas
[2023-02-01T19:07:46.271+0000] {logging_mixin.py:137} INFO - Travis Douglas
[2023-02-01T19:07:46.276+0000] {logging_mixin.py:137} INFO - Kurt Santos
[2023-02-01T19:07:46.285+0000] {logging_mixin.py:137} INFO - Sean Parrish
[2023-02-01T19:07:46.291+0000] {logging_mixin.py:137} INFO - Brittany Walls
[2023-02-01T19:07:46.301+0000] {logging_mixin.py:137} INFO - Gail Brooks
[2023-02-01T19:07:46.310+0000] {logging_mixin.py:137} INFO - Valerie Johnson
[2023-02-01T19:07:46.316+0000] {logging_mixin.py:137} INFO - Jessica Dunn
[2023-02-01T19:07:46.332+0000] {logging_mixin.py:137} INFO - Chad Robinson
[2023-02-01T19:07:46.343+0000] {logging_mixin.py:137} INFO - Catherine Combs
[2023-02-01T19:07:46.346+0000] {logging_mixin.py:137} INFO - Joshua Boyd
[2023-02-01T19:07:46.357+0000] {logging_mixin.py:137} INFO - Alicia Barnett DVM
[2023-02-01T19:07:46.370+0000] {logging_mixin.py:137} INFO - Kevin Cervantes
[2023-02-01T19:07:46.379+0000] {logging_mixin.py:137} INFO - Larry Lester
[2023-02-01T19:07:46.381+0000] {logging_mixin.py:137} INFO - Deanna Espinoza
[2023-02-01T19:07:46.383+0000] {logging_mixin.py:137} INFO - Marilyn Davis
[2023-02-01T19:07:46.386+0000] {logging_mixin.py:137} INFO - Michael Weeks
[2023-02-01T19:07:46.388+0000] {logging_mixin.py:137} INFO - Brandon Stanton
[2023-02-01T19:07:46.391+0000] {logging_mixin.py:137} INFO - Ryan Boyer Jr.
[2023-02-01T19:07:46.394+0000] {logging_mixin.py:137} INFO - Amanda Elliott
[2023-02-01T19:07:46.397+0000] {logging_mixin.py:137} INFO - David Moore
[2023-02-01T19:07:46.400+0000] {logging_mixin.py:137} INFO - Andre Williams
[2023-02-01T19:07:46.402+0000] {logging_mixin.py:137} INFO - Jennifer Garcia
[2023-02-01T19:07:46.404+0000] {logging_mixin.py:137} INFO - Tracey Cook
[2023-02-01T19:07:46.407+0000] {logging_mixin.py:137} INFO - Michael Turner
[2023-02-01T19:07:46.410+0000] {logging_mixin.py:137} INFO - Diana Long
[2023-02-01T19:07:46.414+0000] {logging_mixin.py:137} INFO - John Bradley
[2023-02-01T19:07:46.417+0000] {logging_mixin.py:137} INFO - Ann Benjamin
[2023-02-01T19:07:46.428+0000] {logging_mixin.py:137} INFO - Shane House
[2023-02-01T19:07:46.433+0000] {logging_mixin.py:137} INFO - Erin Lee
[2023-02-01T19:07:46.442+0000] {logging_mixin.py:137} INFO - Joseph Gray
[2023-02-01T19:07:46.446+0000] {logging_mixin.py:137} INFO - Betty Gibson
[2023-02-01T19:07:46.453+0000] {logging_mixin.py:137} INFO - Kristen Graham
[2023-02-01T19:07:46.455+0000] {logging_mixin.py:137} INFO - Daniel Meza
[2023-02-01T19:07:46.457+0000] {logging_mixin.py:137} INFO - Sherri Carpenter
[2023-02-01T19:07:46.460+0000] {logging_mixin.py:137} INFO - Andrea Sanchez
[2023-02-01T19:07:46.467+0000] {logging_mixin.py:137} INFO - Jordan Rios
[2023-02-01T19:07:46.474+0000] {logging_mixin.py:137} INFO - Elizabeth Jackson
[2023-02-01T19:07:46.482+0000] {logging_mixin.py:137} INFO - Elizabeth Myers
[2023-02-01T19:07:46.484+0000] {logging_mixin.py:137} INFO - Juan Barnes
[2023-02-01T19:07:46.496+0000] {logging_mixin.py:137} INFO - Christopher Lozano
[2023-02-01T19:07:46.502+0000] {logging_mixin.py:137} INFO - Jacqueline Griffin
[2023-02-01T19:07:46.505+0000] {logging_mixin.py:137} INFO - Ryan Mason
[2023-02-01T19:07:46.511+0000] {logging_mixin.py:137} INFO - Jonathan Moore
[2023-02-01T19:07:46.514+0000] {logging_mixin.py:137} INFO - Abigail Landry
[2023-02-01T19:07:46.517+0000] {logging_mixin.py:137} INFO - Brenda Hernandez
[2023-02-01T19:07:46.520+0000] {logging_mixin.py:137} INFO - Zachary Pitts
[2023-02-01T19:07:46.537+0000] {logging_mixin.py:137} INFO - Amanda Rogers
[2023-02-01T19:07:46.555+0000] {logging_mixin.py:137} INFO - Cynthia Gray
[2023-02-01T19:07:46.567+0000] {logging_mixin.py:137} INFO - Tyler Barajas
[2023-02-01T19:07:46.573+0000] {logging_mixin.py:137} INFO - Michelle Leon
[2023-02-01T19:07:46.581+0000] {logging_mixin.py:137} INFO - Kathy Lang
[2023-02-01T19:07:46.584+0000] {logging_mixin.py:137} INFO - Scott Townsend MD
[2023-02-01T19:07:46.590+0000] {logging_mixin.py:137} INFO - Theresa Acosta
[2023-02-01T19:07:46.604+0000] {logging_mixin.py:137} INFO - David Jones
[2023-02-01T19:07:46.618+0000] {logging_mixin.py:137} INFO - Jeremy Robinson
[2023-02-01T19:07:46.621+0000] {logging_mixin.py:137} INFO - James Newton
[2023-02-01T19:07:46.625+0000] {logging_mixin.py:137} INFO - Tracey Wells
[2023-02-01T19:07:46.630+0000] {logging_mixin.py:137} INFO - Maria Nelson
[2023-02-01T19:07:46.632+0000] {logging_mixin.py:137} INFO - Christopher Griffith
[2023-02-01T19:07:46.634+0000] {logging_mixin.py:137} INFO - Zachary Griffin
[2023-02-01T19:07:46.645+0000] {logging_mixin.py:137} INFO - Amy Nguyen
[2023-02-01T19:07:46.650+0000] {logging_mixin.py:137} INFO - April Williams
[2023-02-01T19:07:46.653+0000] {logging_mixin.py:137} INFO - Marissa Kelly
[2023-02-01T19:07:46.663+0000] {logging_mixin.py:137} INFO - Brian Lopez PhD
[2023-02-01T19:07:46.672+0000] {logging_mixin.py:137} INFO - William Williams
[2023-02-01T19:07:46.677+0000] {logging_mixin.py:137} INFO - Norman Brown
[2023-02-01T19:07:46.681+0000] {logging_mixin.py:137} INFO - Charles Fuentes
[2023-02-01T19:07:46.690+0000] {logging_mixin.py:137} INFO - Anthony Chang
[2023-02-01T19:07:46.692+0000] {logging_mixin.py:137} INFO - Mary Bell
[2023-02-01T19:07:46.703+0000] {logging_mixin.py:137} INFO - Elizabeth Stuart
[2023-02-01T19:07:46.709+0000] {logging_mixin.py:137} INFO - Mary Mcdonald
[2023-02-01T19:07:46.712+0000] {logging_mixin.py:137} INFO - Martin Harrison
[2023-02-01T19:07:46.715+0000] {logging_mixin.py:137} INFO - Stephanie Fernandez
[2023-02-01T19:07:46.723+0000] {logging_mixin.py:137} INFO - Christopher Brown
[2023-02-01T19:07:46.725+0000] {logging_mixin.py:137} INFO - Alexander Stephenson
[2023-02-01T19:07:46.727+0000] {logging_mixin.py:137} INFO - Grace Diaz
[2023-02-01T19:07:46.731+0000] {logging_mixin.py:137} INFO - Frank Bartlett
[2023-02-01T19:07:46.739+0000] {logging_mixin.py:137} INFO - Audrey Andersen
[2023-02-01T19:07:46.741+0000] {logging_mixin.py:137} INFO - David Green
[2023-02-01T19:07:46.748+0000] {logging_mixin.py:137} INFO - Joshua Diaz Jr.
[2023-02-01T19:07:46.751+0000] {logging_mixin.py:137} INFO - Emily Garcia
[2023-02-01T19:07:46.753+0000] {logging_mixin.py:137} INFO - Devin Hall
[2023-02-01T19:07:46.756+0000] {logging_mixin.py:137} INFO - Phillip Garner
[2023-02-01T19:07:46.760+0000] {logging_mixin.py:137} INFO - Katherine Estrada
[2023-02-01T19:07:46.763+0000] {logging_mixin.py:137} INFO - Corey Saunders
[2023-02-01T19:07:46.766+0000] {logging_mixin.py:137} INFO - Kimberly Collins
[2023-02-01T19:07:46.769+0000] {logging_mixin.py:137} INFO - Amy Elliott
[2023-02-01T19:07:46.772+0000] {logging_mixin.py:137} INFO - Tanya Jones
[2023-02-01T19:07:46.779+0000] {logging_mixin.py:137} INFO - Patricia Gonzalez
[2023-02-01T19:07:46.782+0000] {logging_mixin.py:137} INFO - Jennifer Hill
[2023-02-01T19:07:46.788+0000] {logging_mixin.py:137} INFO - John Haynes
[2023-02-01T19:07:46.793+0000] {logging_mixin.py:137} INFO - Jacob Henry
[2023-02-01T19:07:46.795+0000] {logging_mixin.py:137} INFO - Daniel Clark
[2023-02-01T19:07:46.798+0000] {logging_mixin.py:137} INFO - Jonathon Taylor
[2023-02-01T19:07:46.806+0000] {logging_mixin.py:137} INFO - Jesse Evans
[2023-02-01T19:07:46.809+0000] {logging_mixin.py:137} INFO - James Martinez
[2023-02-01T19:07:46.812+0000] {logging_mixin.py:137} INFO - Kyle Reyes
[2023-02-01T19:07:46.822+0000] {logging_mixin.py:137} INFO - Terrence Barker
[2023-02-01T19:07:46.824+0000] {logging_mixin.py:137} INFO - Anthony Washington
[2023-02-01T19:07:46.827+0000] {logging_mixin.py:137} INFO - Dustin Le
[2023-02-01T19:07:46.835+0000] {logging_mixin.py:137} INFO - Bruce Clark
[2023-02-01T19:07:46.840+0000] {logging_mixin.py:137} INFO - Keith Anthony
[2023-02-01T19:07:46.844+0000] {logging_mixin.py:137} INFO - Jeremiah Stone
[2023-02-01T19:07:46.850+0000] {logging_mixin.py:137} INFO - Michael Haley
[2023-02-01T19:07:46.854+0000] {logging_mixin.py:137} INFO - Regina Carrillo
[2023-02-01T19:07:46.861+0000] {logging_mixin.py:137} INFO - Jacob Lee
[2023-02-01T19:07:46.865+0000] {logging_mixin.py:137} INFO - Thomas Gonzalez
[2023-02-01T19:07:46.875+0000] {logging_mixin.py:137} INFO - Mark Lawrence
[2023-02-01T19:07:46.878+0000] {logging_mixin.py:137} INFO - Matthew Anderson
[2023-02-01T19:07:46.881+0000] {logging_mixin.py:137} INFO - Nicholas Young
[2023-02-01T19:07:46.884+0000] {logging_mixin.py:137} INFO - Melvin Martinez
[2023-02-01T19:07:46.885+0000] {logging_mixin.py:137} INFO - Scott Green
[2023-02-01T19:07:46.894+0000] {logging_mixin.py:137} INFO - Dana Richards
[2023-02-01T19:07:46.906+0000] {logging_mixin.py:137} INFO - Lauren Moore
[2023-02-01T19:07:46.926+0000] {logging_mixin.py:137} INFO - Terry Campbell
[2023-02-01T19:07:46.930+0000] {logging_mixin.py:137} INFO - Ralph Jordan
[2023-02-01T19:07:46.943+0000] {logging_mixin.py:137} INFO - Noah Reyes
[2023-02-01T19:07:46.951+0000] {logging_mixin.py:137} INFO - Mr. Gregory Mills MD
[2023-02-01T19:07:46.959+0000] {logging_mixin.py:137} INFO - Michelle Yates
[2023-02-01T19:07:46.964+0000] {logging_mixin.py:137} INFO - Robin Reyes
[2023-02-01T19:07:46.969+0000] {logging_mixin.py:137} INFO - Rebecca Smith
[2023-02-01T19:07:46.972+0000] {logging_mixin.py:137} INFO - Nicole Torres
[2023-02-01T19:07:46.977+0000] {logging_mixin.py:137} INFO - Ronald Jones
[2023-02-01T19:07:46.986+0000] {logging_mixin.py:137} INFO - Michael Castaneda
[2023-02-01T19:07:46.993+0000] {logging_mixin.py:137} INFO - Christopher Krueger
[2023-02-01T19:07:47.001+0000] {logging_mixin.py:137} INFO - Jennifer Werner
[2023-02-01T19:07:47.007+0000] {logging_mixin.py:137} INFO - Ashley Smith
[2023-02-01T19:07:47.009+0000] {logging_mixin.py:137} INFO - Alyssa Fields
[2023-02-01T19:07:47.013+0000] {logging_mixin.py:137} INFO - John Scott
[2023-02-01T19:07:47.027+0000] {logging_mixin.py:137} INFO - Debra Delacruz
[2023-02-01T19:07:47.030+0000] {logging_mixin.py:137} INFO - James Madden
[2023-02-01T19:07:47.046+0000] {logging_mixin.py:137} INFO - Joseph Gentry
[2023-02-01T19:07:47.050+0000] {logging_mixin.py:137} INFO - Ashley Cabrera
[2023-02-01T19:07:47.059+0000] {logging_mixin.py:137} INFO - Jennifer Fernandez
[2023-02-01T19:07:47.066+0000] {logging_mixin.py:137} INFO - James Harris
[2023-02-01T19:07:47.073+0000] {logging_mixin.py:137} INFO - Candice Young
[2023-02-01T19:07:47.098+0000] {logging_mixin.py:137} INFO - Lisa Baker
[2023-02-01T19:07:47.113+0000] {logging_mixin.py:137} INFO - Brian Mills DDS
[2023-02-01T19:07:47.116+0000] {logging_mixin.py:137} INFO - Kristin Smith
[2023-02-01T19:07:47.118+0000] {logging_mixin.py:137} INFO - Jacob Collins
[2023-02-01T19:07:47.120+0000] {logging_mixin.py:137} INFO - Kimberly Harris
[2023-02-01T19:07:47.122+0000] {logging_mixin.py:137} INFO - Michael Hull
[2023-02-01T19:07:47.127+0000] {logging_mixin.py:137} INFO - Caitlin Todd
[2023-02-01T19:07:47.130+0000] {logging_mixin.py:137} INFO - Lisa Harris
[2023-02-01T19:07:47.133+0000] {logging_mixin.py:137} INFO - Mrs. Ann Stone
[2023-02-01T19:07:47.146+0000] {logging_mixin.py:137} INFO - Michelle Case
[2023-02-01T19:07:47.149+0000] {logging_mixin.py:137} INFO - Joe Lowe
[2023-02-01T19:07:47.150+0000] {logging_mixin.py:137} INFO - Randall Dunn
[2023-02-01T19:07:47.156+0000] {logging_mixin.py:137} INFO - Paula Vargas
[2023-02-01T19:07:47.159+0000] {logging_mixin.py:137} INFO - Daniel Walker
[2023-02-01T19:07:47.161+0000] {logging_mixin.py:137} INFO - James Jackson
[2023-02-01T19:07:47.169+0000] {logging_mixin.py:137} INFO - Shirley Woodard
[2023-02-01T19:07:47.171+0000] {logging_mixin.py:137} INFO - James Hayes
[2023-02-01T19:07:47.172+0000] {logging_mixin.py:137} INFO - Megan Austin
[2023-02-01T19:07:47.175+0000] {logging_mixin.py:137} INFO - Erin Robertson
[2023-02-01T19:07:47.177+0000] {logging_mixin.py:137} INFO - Robert Phillips
[2023-02-01T19:07:47.179+0000] {logging_mixin.py:137} INFO - Amy Torres
[2023-02-01T19:07:47.188+0000] {logging_mixin.py:137} INFO - Joshua Cox
[2023-02-01T19:07:47.202+0000] {logging_mixin.py:137} INFO - Duane Grimes
[2023-02-01T19:07:47.204+0000] {logging_mixin.py:137} INFO - Jennifer Burgess
[2023-02-01T19:07:47.207+0000] {logging_mixin.py:137} INFO - Carlos Duran
[2023-02-01T19:07:47.209+0000] {logging_mixin.py:137} INFO - Jason Johnson
[2023-02-01T19:07:47.213+0000] {logging_mixin.py:137} INFO - Cameron Greer
[2023-02-01T19:07:47.215+0000] {logging_mixin.py:137} INFO - Randall Williams
[2023-02-01T19:07:47.217+0000] {logging_mixin.py:137} INFO - Jessica Harris
[2023-02-01T19:07:47.220+0000] {logging_mixin.py:137} INFO - Joshua Rogers
[2023-02-01T19:07:47.223+0000] {logging_mixin.py:137} INFO - Jose Mahoney
[2023-02-01T19:07:47.224+0000] {logging_mixin.py:137} INFO - Brandy Fuentes
[2023-02-01T19:07:47.230+0000] {logging_mixin.py:137} INFO - Angelica Matthews
[2023-02-01T19:07:47.232+0000] {logging_mixin.py:137} INFO - Glenn Caldwell
[2023-02-01T19:07:47.234+0000] {logging_mixin.py:137} INFO - Cristian Delacruz
[2023-02-01T19:07:47.235+0000] {logging_mixin.py:137} INFO - Alexandra Price
[2023-02-01T19:07:47.237+0000] {logging_mixin.py:137} INFO - Heather Wilson
[2023-02-01T19:07:47.238+0000] {logging_mixin.py:137} INFO - Shawn Thompson
[2023-02-01T19:07:47.243+0000] {logging_mixin.py:137} INFO - Anna Daniel
[2023-02-01T19:07:47.252+0000] {logging_mixin.py:137} INFO - Joseph Cisneros
[2023-02-01T19:07:47.263+0000] {logging_mixin.py:137} INFO - Rebecca Estes
[2023-02-01T19:07:47.267+0000] {logging_mixin.py:137} INFO - Jeremy Porter
[2023-02-01T19:07:47.270+0000] {logging_mixin.py:137} INFO - Lisa Mann
[2023-02-01T19:07:47.272+0000] {logging_mixin.py:137} INFO - Michael Woods
[2023-02-01T19:07:47.274+0000] {logging_mixin.py:137} INFO - Madison Thompson
[2023-02-01T19:07:47.277+0000] {logging_mixin.py:137} INFO - Nancy Gomez
[2023-02-01T19:07:47.280+0000] {logging_mixin.py:137} INFO - Julie Blanchard
[2023-02-01T19:07:47.283+0000] {logging_mixin.py:137} INFO - Michael Smith
[2023-02-01T19:07:47.285+0000] {logging_mixin.py:137} INFO - Angel Huber
[2023-02-01T19:07:47.287+0000] {logging_mixin.py:137} INFO - Michael Coffey
[2023-02-01T19:07:47.288+0000] {logging_mixin.py:137} INFO - Patrick Walter
[2023-02-01T19:07:47.289+0000] {logging_mixin.py:137} INFO - Curtis Davis
[2023-02-01T19:07:47.292+0000] {logging_mixin.py:137} INFO - Kyle Stewart
[2023-02-01T19:07:47.293+0000] {logging_mixin.py:137} INFO - Angela Jimenez
[2023-02-01T19:07:47.296+0000] {logging_mixin.py:137} INFO - Andrew Martinez
[2023-02-01T19:07:47.305+0000] {logging_mixin.py:137} INFO - Angela West
[2023-02-01T19:07:47.308+0000] {logging_mixin.py:137} INFO - Ryan Young
[2023-02-01T19:07:47.309+0000] {logging_mixin.py:137} INFO - Nathaniel Evans
[2023-02-01T19:07:47.310+0000] {logging_mixin.py:137} INFO - Dawn Bryant
[2023-02-01T19:07:47.313+0000] {logging_mixin.py:137} INFO - Danielle Lewis
[2023-02-01T19:07:47.314+0000] {logging_mixin.py:137} INFO - Matthew Newman
[2023-02-01T19:07:47.317+0000] {logging_mixin.py:137} INFO - Robert Smith
[2023-02-01T19:07:47.319+0000] {logging_mixin.py:137} INFO - Melissa Hicks
[2023-02-01T19:07:47.321+0000] {logging_mixin.py:137} INFO - Emily Lambert
[2023-02-01T19:07:47.323+0000] {logging_mixin.py:137} INFO - Krystal Wolfe
[2023-02-01T19:07:47.325+0000] {logging_mixin.py:137} INFO - Donna Murillo
[2023-02-01T19:07:47.327+0000] {logging_mixin.py:137} INFO - Carl Hudson
[2023-02-01T19:07:47.328+0000] {logging_mixin.py:137} INFO - Robert Wilson
[2023-02-01T19:07:47.333+0000] {logging_mixin.py:137} INFO - Patrick Mathis
[2023-02-01T19:07:47.337+0000] {logging_mixin.py:137} INFO - Michael Suarez
[2023-02-01T19:07:47.340+0000] {logging_mixin.py:137} INFO - David Johnson
[2023-02-01T19:07:47.344+0000] {logging_mixin.py:137} INFO - William Thompson
[2023-02-01T19:07:47.349+0000] {logging_mixin.py:137} INFO - Jessica Hansen DVM
[2023-02-01T19:07:47.351+0000] {logging_mixin.py:137} INFO - Katherine Friedman
[2023-02-01T19:07:47.354+0000] {logging_mixin.py:137} INFO - Jillian Johnson
[2023-02-01T19:07:47.355+0000] {logging_mixin.py:137} INFO - Robert Mckee
[2023-02-01T19:07:47.357+0000] {logging_mixin.py:137} INFO - Rachel Little
[2023-02-01T19:07:47.360+0000] {logging_mixin.py:137} INFO - Patricia Smith
[2023-02-01T19:07:47.361+0000] {logging_mixin.py:137} INFO - Heidi Martinez
[2023-02-01T19:07:47.367+0000] {logging_mixin.py:137} INFO - Caitlin Solomon
[2023-02-01T19:07:47.371+0000] {logging_mixin.py:137} INFO - Dr. Olivia Pugh
[2023-02-01T19:07:47.378+0000] {logging_mixin.py:137} INFO - John Steele DDS
[2023-02-01T19:07:47.380+0000] {logging_mixin.py:137} INFO - Jeremy Mathews
[2023-02-01T19:07:47.384+0000] {logging_mixin.py:137} INFO - Tiffany Hill
[2023-02-01T19:07:47.387+0000] {logging_mixin.py:137} INFO - Steven Edwards
[2023-02-01T19:07:47.394+0000] {logging_mixin.py:137} INFO - Charles Campbell
[2023-02-01T19:07:47.400+0000] {logging_mixin.py:137} INFO - Brett Hughes
[2023-02-01T19:07:47.403+0000] {logging_mixin.py:137} INFO - Christina Villegas
[2023-02-01T19:07:47.405+0000] {logging_mixin.py:137} INFO - Anthony Garcia
[2023-02-01T19:07:47.408+0000] {logging_mixin.py:137} INFO - Nathan Murphy
[2023-02-01T19:07:47.413+0000] {logging_mixin.py:137} INFO - Steven Dodson
[2023-02-01T19:07:47.415+0000] {logging_mixin.py:137} INFO - Brian Sullivan
[2023-02-01T19:07:47.424+0000] {logging_mixin.py:137} INFO - Renee White
[2023-02-01T19:07:47.428+0000] {logging_mixin.py:137} INFO - Laura Rowland
[2023-02-01T19:07:47.430+0000] {logging_mixin.py:137} INFO - John Moore
[2023-02-01T19:07:47.433+0000] {logging_mixin.py:137} INFO - Sophia Mckenzie
[2023-02-01T19:07:47.435+0000] {logging_mixin.py:137} INFO - David Roach
[2023-02-01T19:07:47.438+0000] {logging_mixin.py:137} INFO - Jennifer Patterson
[2023-02-01T19:07:47.440+0000] {logging_mixin.py:137} INFO - James Richards
[2023-02-01T19:07:47.443+0000] {logging_mixin.py:137} INFO - Mary Johnston
[2023-02-01T19:07:47.445+0000] {logging_mixin.py:137} INFO - Brandon Mcdaniel
[2023-02-01T19:07:47.446+0000] {logging_mixin.py:137} INFO - Meghan Stevenson
[2023-02-01T19:07:47.448+0000] {logging_mixin.py:137} INFO - Luis Hayes
[2023-02-01T19:07:47.451+0000] {logging_mixin.py:137} INFO - Alejandra Sloan
[2023-02-01T19:07:47.454+0000] {logging_mixin.py:137} INFO - Dr. Sandra Miller
[2023-02-01T19:07:47.457+0000] {logging_mixin.py:137} INFO - Dustin Bond
[2023-02-01T19:07:47.459+0000] {logging_mixin.py:137} INFO - Julia Patrick MD
[2023-02-01T19:07:47.462+0000] {logging_mixin.py:137} INFO - Jill Campbell
[2023-02-01T19:07:47.463+0000] {logging_mixin.py:137} INFO - Mark Ford
[2023-02-01T19:07:47.465+0000] {logging_mixin.py:137} INFO - Brian Long
[2023-02-01T19:07:47.470+0000] {logging_mixin.py:137} INFO - Lisa Peterson
[2023-02-01T19:07:47.471+0000] {logging_mixin.py:137} INFO - Matthew Lee
[2023-02-01T19:07:47.473+0000] {logging_mixin.py:137} INFO - Bradley Miller
[2023-02-01T19:07:47.474+0000] {logging_mixin.py:137} INFO - Jeffrey Moss
[2023-02-01T19:07:47.476+0000] {logging_mixin.py:137} INFO - Sara Carlson
[2023-02-01T19:07:47.478+0000] {logging_mixin.py:137} INFO - Daniel Rodriguez
[2023-02-01T19:07:47.480+0000] {logging_mixin.py:137} INFO - Jeremy David
[2023-02-01T19:07:47.481+0000] {logging_mixin.py:137} INFO - Eric Green
[2023-02-01T19:07:47.487+0000] {logging_mixin.py:137} INFO - Alexis Jones
[2023-02-01T19:07:47.489+0000] {logging_mixin.py:137} INFO - Matthew Rose
[2023-02-01T19:07:47.490+0000] {logging_mixin.py:137} INFO - Catherine Anderson
[2023-02-01T19:07:47.493+0000] {logging_mixin.py:137} INFO - Holly Burton
[2023-02-01T19:07:47.495+0000] {logging_mixin.py:137} INFO - David Matthews
[2023-02-01T19:07:47.496+0000] {logging_mixin.py:137} INFO - Mrs. Kara Little
[2023-02-01T19:07:47.498+0000] {logging_mixin.py:137} INFO - Jeffrey Stanley
[2023-02-01T19:07:47.500+0000] {logging_mixin.py:137} INFO - James Ochoa
[2023-02-01T19:07:47.503+0000] {logging_mixin.py:137} INFO - Jason Frye
[2023-02-01T19:07:47.507+0000] {logging_mixin.py:137} INFO - Christopher Ellis
[2023-02-01T19:07:47.509+0000] {logging_mixin.py:137} INFO - Michelle Nixon
[2023-02-01T19:07:47.510+0000] {logging_mixin.py:137} INFO - Andrew Gill
[2023-02-01T19:07:47.512+0000] {logging_mixin.py:137} INFO - Jennifer Wilson
[2023-02-01T19:07:47.514+0000] {logging_mixin.py:137} INFO - Shawn Black
[2023-02-01T19:07:47.516+0000] {logging_mixin.py:137} INFO - April Patterson
[2023-02-01T19:07:47.518+0000] {logging_mixin.py:137} INFO - Troy Vaughn
[2023-02-01T19:07:47.520+0000] {logging_mixin.py:137} INFO - Alexandria White
[2023-02-01T19:07:47.522+0000] {logging_mixin.py:137} INFO - Scott Phillips
[2023-02-01T19:07:47.524+0000] {logging_mixin.py:137} INFO - Zachary Cisneros
[2023-02-01T19:07:47.526+0000] {logging_mixin.py:137} INFO - Deborah Brown
[2023-02-01T19:07:47.527+0000] {logging_mixin.py:137} INFO - Monica Moses
[2023-02-01T19:07:47.528+0000] {logging_mixin.py:137} INFO - Brenda Reyes
[2023-02-01T19:07:47.530+0000] {logging_mixin.py:137} INFO - Miss Renee Allen
[2023-02-01T19:07:47.532+0000] {logging_mixin.py:137} INFO - Susan Clark
[2023-02-01T19:07:47.535+0000] {logging_mixin.py:137} INFO - Brandy Coffey
[2023-02-01T19:07:47.536+0000] {logging_mixin.py:137} INFO - Brett Nelson
[2023-02-01T19:07:47.538+0000] {logging_mixin.py:137} INFO - Ricardo Young
[2023-02-01T19:07:47.539+0000] {logging_mixin.py:137} INFO - Paul Lee
[2023-02-01T19:07:47.541+0000] {logging_mixin.py:137} INFO - David Allen
[2023-02-01T19:07:47.543+0000] {logging_mixin.py:137} INFO - Andrea Knight
[2023-02-01T19:07:47.544+0000] {logging_mixin.py:137} INFO - James Gomez
[2023-02-01T19:07:47.546+0000] {logging_mixin.py:137} INFO - Melody Gibson
[2023-02-01T19:07:47.549+0000] {logging_mixin.py:137} INFO - Christina Martinez
[2023-02-01T19:07:47.552+0000] {logging_mixin.py:137} INFO - Shelby Smith
[2023-02-01T19:07:47.563+0000] {logging_mixin.py:137} INFO - Jason Howard
[2023-02-01T19:07:47.568+0000] {logging_mixin.py:137} INFO - Amy Davidson
[2023-02-01T19:07:47.573+0000] {logging_mixin.py:137} INFO - Kyle Copeland
[2023-02-01T19:07:47.576+0000] {logging_mixin.py:137} INFO - Madeline Davis
[2023-02-01T19:07:47.578+0000] {logging_mixin.py:137} INFO - Aaron Young
[2023-02-01T19:07:47.580+0000] {logging_mixin.py:137} INFO - Lisa Barrett
[2023-02-01T19:07:47.582+0000] {logging_mixin.py:137} INFO - Joel Jones
[2023-02-01T19:07:47.585+0000] {logging_mixin.py:137} INFO - Christine Evans
[2023-02-01T19:07:47.588+0000] {logging_mixin.py:137} INFO - Kimberly Johnson
[2023-02-01T19:07:47.594+0000] {logging_mixin.py:137} INFO - Charles Hess
[2023-02-01T19:07:47.596+0000] {logging_mixin.py:137} INFO - Paul Dixon
[2023-02-01T19:07:47.601+0000] {logging_mixin.py:137} INFO - Christopher Johnson
[2023-02-01T19:07:47.603+0000] {logging_mixin.py:137} INFO - Robert Dawson
[2023-02-01T19:07:47.606+0000] {logging_mixin.py:137} INFO - Ryan Dixon
[2023-02-01T19:07:47.609+0000] {logging_mixin.py:137} INFO - Julie Martinez
[2023-02-01T19:07:47.611+0000] {logging_mixin.py:137} INFO - David Adams
[2023-02-01T19:07:47.613+0000] {logging_mixin.py:137} INFO - Mariah Brown
[2023-02-01T19:07:47.614+0000] {logging_mixin.py:137} INFO - Deborah Malone
[2023-02-01T19:07:47.617+0000] {logging_mixin.py:137} INFO - John Brown
[2023-02-01T19:07:47.621+0000] {logging_mixin.py:137} INFO - Maria Stewart
[2023-02-01T19:07:47.624+0000] {logging_mixin.py:137} INFO - Mr. Bryan Hawkins
[2023-02-01T19:07:47.626+0000] {logging_mixin.py:137} INFO - Kyle Brooks
[2023-02-01T19:07:47.627+0000] {logging_mixin.py:137} INFO - Kenneth White
[2023-02-01T19:07:47.629+0000] {logging_mixin.py:137} INFO - Patricia Wilson
[2023-02-01T19:07:47.631+0000] {logging_mixin.py:137} INFO - Paul Soto
[2023-02-01T19:07:47.632+0000] {logging_mixin.py:137} INFO - Janice Garrett
[2023-02-01T19:07:47.634+0000] {logging_mixin.py:137} INFO - Randy Strickland
[2023-02-01T19:07:47.635+0000] {logging_mixin.py:137} INFO - Felicia Herrera
[2023-02-01T19:07:47.637+0000] {logging_mixin.py:137} INFO - Andre Campos
[2023-02-01T19:07:47.640+0000] {logging_mixin.py:137} INFO - Justin Meyer
[2023-02-01T19:07:47.643+0000] {logging_mixin.py:137} INFO - Brandon Brooks
[2023-02-01T19:07:47.646+0000] {logging_mixin.py:137} INFO - Abigail Rivera
[2023-02-01T19:07:47.651+0000] {logging_mixin.py:137} INFO - Jessica Mann
[2023-02-01T19:07:47.654+0000] {logging_mixin.py:137} INFO - Michael Sawyer
[2023-02-01T19:07:47.657+0000] {logging_mixin.py:137} INFO - Jeffrey Coleman
[2023-02-01T19:07:47.662+0000] {logging_mixin.py:137} INFO - Micheal Castro
[2023-02-01T19:07:47.668+0000] {logging_mixin.py:137} INFO - Laura Gonzalez
[2023-02-01T19:07:47.670+0000] {logging_mixin.py:137} INFO - Christopher Jackson
[2023-02-01T19:07:47.674+0000] {logging_mixin.py:137} INFO - William Mckenzie
[2023-02-01T19:07:47.676+0000] {logging_mixin.py:137} INFO - Kristina Rodriguez
[2023-02-01T19:07:47.677+0000] {logging_mixin.py:137} INFO - Kelli Williams
[2023-02-01T19:07:47.684+0000] {logging_mixin.py:137} INFO - Diane Norris
[2023-02-01T19:07:47.688+0000] {logging_mixin.py:137} INFO - Kevin Carroll
[2023-02-01T19:07:47.692+0000] {logging_mixin.py:137} INFO - Betty Weber
[2023-02-01T19:07:47.695+0000] {logging_mixin.py:137} INFO - Jeffery Robinson
[2023-02-01T19:07:47.704+0000] {logging_mixin.py:137} INFO - Hannah Cowan
[2023-02-01T19:07:47.710+0000] {logging_mixin.py:137} INFO - Brian Kramer
[2023-02-01T19:07:47.719+0000] {logging_mixin.py:137} INFO - Anthony Roberts
[2023-02-01T19:07:47.767+0000] {logging_mixin.py:137} INFO - Ricardo Blankenship
[2023-02-01T19:07:47.772+0000] {logging_mixin.py:137} INFO - Brooke Collins
[2023-02-01T19:07:47.781+0000] {logging_mixin.py:137} INFO - Tammy Lawson
[2023-02-01T19:07:47.786+0000] {logging_mixin.py:137} INFO - Cody Miller
[2023-02-01T19:07:47.795+0000] {logging_mixin.py:137} INFO - Dr. Janice Salazar
[2023-02-01T19:07:47.808+0000] {logging_mixin.py:137} INFO - David West
[2023-02-01T19:07:47.811+0000] {logging_mixin.py:137} INFO - Robin Carpenter
[2023-02-01T19:07:47.814+0000] {logging_mixin.py:137} INFO - Monique Wall
[2023-02-01T19:07:47.821+0000] {logging_mixin.py:137} INFO - Charles Cardenas
[2023-02-01T19:07:47.825+0000] {logging_mixin.py:137} INFO - Valerie Mitchell
[2023-02-01T19:07:47.830+0000] {logging_mixin.py:137} INFO - Michelle Valenzuela
[2023-02-01T19:07:47.835+0000] {logging_mixin.py:137} INFO - William Poole
[2023-02-01T19:07:47.839+0000] {logging_mixin.py:137} INFO - James Hall
[2023-02-01T19:07:47.853+0000] {logging_mixin.py:137} INFO - Dylan Carpenter
[2023-02-01T19:07:47.857+0000] {logging_mixin.py:137} INFO - Linda Medina
[2023-02-01T19:07:47.861+0000] {logging_mixin.py:137} INFO - Joan White
[2023-02-01T19:07:47.865+0000] {logging_mixin.py:137} INFO - Mary Klein
[2023-02-01T19:07:47.868+0000] {logging_mixin.py:137} INFO - Ashley Wolf
[2023-02-01T19:07:47.875+0000] {logging_mixin.py:137} INFO - William Reed
[2023-02-01T19:07:47.884+0000] {logging_mixin.py:137} INFO - Derek Harvey
[2023-02-01T19:07:47.888+0000] {logging_mixin.py:137} INFO - Kathleen Rodriguez
[2023-02-01T19:07:47.895+0000] {logging_mixin.py:137} INFO - Andrew Rodriguez
[2023-02-01T19:07:47.902+0000] {logging_mixin.py:137} INFO - Ariel Frank
[2023-02-01T19:07:47.905+0000] {logging_mixin.py:137} INFO - Tina French
[2023-02-01T19:07:47.908+0000] {logging_mixin.py:137} INFO - Brent Waller
[2023-02-01T19:07:47.910+0000] {logging_mixin.py:137} INFO - Kevin Allen
[2023-02-01T19:07:47.914+0000] {logging_mixin.py:137} INFO - Xavier Walker
[2023-02-01T19:07:47.921+0000] {logging_mixin.py:137} INFO - Michelle Sanchez
[2023-02-01T19:07:47.925+0000] {logging_mixin.py:137} INFO - Rachael Shepard
[2023-02-01T19:07:47.928+0000] {logging_mixin.py:137} INFO - Kelsey Johnson
[2023-02-01T19:07:47.930+0000] {logging_mixin.py:137} INFO - Nicole Webb
[2023-02-01T19:07:47.934+0000] {logging_mixin.py:137} INFO - Nicholas Rodriguez
[2023-02-01T19:07:47.938+0000] {logging_mixin.py:137} INFO - Eric Vaughan
[2023-02-01T19:07:47.941+0000] {logging_mixin.py:137} INFO - Amanda Richardson
[2023-02-01T19:07:47.944+0000] {logging_mixin.py:137} INFO - Janice Carlson
[2023-02-01T19:07:47.947+0000] {logging_mixin.py:137} INFO - Darryl Walsh
[2023-02-01T19:07:47.950+0000] {logging_mixin.py:137} INFO - Heather Johnson
[2023-02-01T19:07:47.954+0000] {logging_mixin.py:137} INFO - Mark Chambers
[2023-02-01T19:07:47.958+0000] {logging_mixin.py:137} INFO - Tracy Burns
[2023-02-01T19:07:47.964+0000] {logging_mixin.py:137} INFO - John Cole
[2023-02-01T19:07:47.970+0000] {logging_mixin.py:137} INFO - Deborah Silva
[2023-02-01T19:07:47.973+0000] {logging_mixin.py:137} INFO - Shawn Hernandez
[2023-02-01T19:07:47.976+0000] {logging_mixin.py:137} INFO - Bethany Meyer
[2023-02-01T19:07:47.979+0000] {logging_mixin.py:137} INFO - Helen Smith
[2023-02-01T19:07:47.987+0000] {logging_mixin.py:137} INFO - Dana Dennis
[2023-02-01T19:07:47.993+0000] {logging_mixin.py:137} INFO - Kelsey Camacho
[2023-02-01T19:07:47.995+0000] {logging_mixin.py:137} INFO - Matthew Thomas
[2023-02-01T19:07:47.997+0000] {logging_mixin.py:137} INFO - Brittany Arellano
[2023-02-01T19:07:48.000+0000] {logging_mixin.py:137} INFO - Stacey Jones
[2023-02-01T19:07:48.003+0000] {logging_mixin.py:137} INFO - William Weeks
[2023-02-01T19:07:48.005+0000] {logging_mixin.py:137} INFO - Mark Beasley
[2023-02-01T19:07:48.008+0000] {logging_mixin.py:137} INFO - Bruce Pena
[2023-02-01T19:07:48.012+0000] {logging_mixin.py:137} INFO - Jeffery Smith
[2023-02-01T19:07:48.016+0000] {logging_mixin.py:137} INFO - Ann Deleon
[2023-02-01T19:07:48.019+0000] {logging_mixin.py:137} INFO - Kevin Robertson
[2023-02-01T19:07:48.023+0000] {logging_mixin.py:137} INFO - Vincent Willis MD
[2023-02-01T19:07:48.030+0000] {logging_mixin.py:137} INFO - Michael Nielsen
[2023-02-01T19:07:48.036+0000] {logging_mixin.py:137} INFO - Walter Koch
[2023-02-01T19:07:48.039+0000] {logging_mixin.py:137} INFO - Brian Vega
[2023-02-01T19:07:48.043+0000] {logging_mixin.py:137} INFO - Jeffrey Medina
[2023-02-01T19:07:48.046+0000] {logging_mixin.py:137} INFO - Erika Banks
[2023-02-01T19:07:48.048+0000] {logging_mixin.py:137} INFO - Stacey Griffin
[2023-02-01T19:07:48.051+0000] {logging_mixin.py:137} INFO - Michael Marsh
[2023-02-01T19:07:48.053+0000] {logging_mixin.py:137} INFO - Molly White
[2023-02-01T19:07:48.055+0000] {logging_mixin.py:137} INFO - Matthew Morrison
[2023-02-01T19:07:48.059+0000] {logging_mixin.py:137} INFO - Amanda Burns
[2023-02-01T19:07:48.061+0000] {logging_mixin.py:137} INFO - Emily Gonzalez DDS
[2023-02-01T19:07:48.064+0000] {logging_mixin.py:137} INFO - Gregory King
[2023-02-01T19:07:48.066+0000] {logging_mixin.py:137} INFO - Dennis Evans
[2023-02-01T19:07:48.070+0000] {logging_mixin.py:137} INFO - Christina Snyder
[2023-02-01T19:07:48.072+0000] {logging_mixin.py:137} INFO - Carolyn Mata
[2023-02-01T19:07:48.073+0000] {logging_mixin.py:137} INFO - Brandy Lawson
[2023-02-01T19:07:48.075+0000] {logging_mixin.py:137} INFO - Briana Christian
[2023-02-01T19:07:48.079+0000] {logging_mixin.py:137} INFO - Jeffrey Hernandez
[2023-02-01T19:07:48.083+0000] {logging_mixin.py:137} INFO - John Riggs
[2023-02-01T19:07:48.086+0000] {logging_mixin.py:137} INFO - Barbara Short
[2023-02-01T19:07:48.089+0000] {logging_mixin.py:137} INFO - Steven Brooks
[2023-02-01T19:07:48.092+0000] {logging_mixin.py:137} INFO - Gabrielle James
[2023-02-01T19:07:48.096+0000] {logging_mixin.py:137} INFO - Robert Young
[2023-02-01T19:07:48.099+0000] {logging_mixin.py:137} INFO - Derek Sanders
[2023-02-01T19:07:48.102+0000] {logging_mixin.py:137} INFO - Mallory Oliver
[2023-02-01T19:07:48.108+0000] {logging_mixin.py:137} INFO - Terry Howe
[2023-02-01T19:07:48.109+0000] {logging_mixin.py:137} INFO - Samuel Wallace
[2023-02-01T19:07:48.111+0000] {logging_mixin.py:137} INFO - Angel Jones
[2023-02-01T19:07:48.114+0000] {logging_mixin.py:137} INFO - Jacqueline Nichols
[2023-02-01T19:07:48.117+0000] {logging_mixin.py:137} INFO - Melissa Mcgee
[2023-02-01T19:07:48.119+0000] {logging_mixin.py:137} INFO - Michelle Smith
[2023-02-01T19:07:48.121+0000] {logging_mixin.py:137} INFO - Maureen Baxter
[2023-02-01T19:07:48.123+0000] {logging_mixin.py:137} INFO - Kathy Crawford
[2023-02-01T19:07:48.125+0000] {logging_mixin.py:137} INFO - Stacy Wood
[2023-02-01T19:07:48.127+0000] {logging_mixin.py:137} INFO - Justin Parsons
[2023-02-01T19:07:48.129+0000] {logging_mixin.py:137} INFO - Ann Klein
[2023-02-01T19:07:48.131+0000] {logging_mixin.py:137} INFO - Allison Arnold
[2023-02-01T19:07:48.132+0000] {logging_mixin.py:137} INFO - Heather Kirk
[2023-02-01T19:07:48.134+0000] {logging_mixin.py:137} INFO - Monica Smith
[2023-02-01T19:07:48.139+0000] {logging_mixin.py:137} INFO - Brett Oconnor
[2023-02-01T19:07:48.143+0000] {logging_mixin.py:137} INFO - Anthony Bryant
[2023-02-01T19:07:48.147+0000] {logging_mixin.py:137} INFO - Jeremy Russell
[2023-02-01T19:07:48.151+0000] {logging_mixin.py:137} INFO - Julie Poole
[2023-02-01T19:07:48.154+0000] {logging_mixin.py:137} INFO - Emma Thompson
[2023-02-01T19:07:48.157+0000] {logging_mixin.py:137} INFO - Bradley Matthews
[2023-02-01T19:07:48.160+0000] {logging_mixin.py:137} INFO - William Roberts
[2023-02-01T19:07:48.164+0000] {logging_mixin.py:137} INFO - Julie Mooney
[2023-02-01T19:07:48.169+0000] {logging_mixin.py:137} INFO - Amy Doyle
[2023-02-01T19:07:48.172+0000] {logging_mixin.py:137} INFO - Amanda Grant
[2023-02-01T19:07:48.177+0000] {logging_mixin.py:137} INFO - Eric Anderson
[2023-02-01T19:07:48.178+0000] {logging_mixin.py:137} INFO - George Thompson
[2023-02-01T19:07:48.183+0000] {logging_mixin.py:137} INFO - Dustin Hines
[2023-02-01T19:07:48.187+0000] {logging_mixin.py:137} INFO - Andrea Frank
[2023-02-01T19:07:48.191+0000] {logging_mixin.py:137} INFO - Jodi Cook
[2023-02-01T19:07:48.196+0000] {logging_mixin.py:137} INFO - Stacy Haney
[2023-02-01T19:07:48.208+0000] {logging_mixin.py:137} INFO - Paul Callahan
[2023-02-01T19:07:48.212+0000] {logging_mixin.py:137} INFO - Jasmine Chambers
[2023-02-01T19:07:48.217+0000] {logging_mixin.py:137} INFO - Melissa Pittman MD
[2023-02-01T19:07:48.221+0000] {logging_mixin.py:137} INFO - Deborah Larson
[2023-02-01T19:07:48.223+0000] {logging_mixin.py:137} INFO - Brandon Shaw
[2023-02-01T19:07:48.226+0000] {logging_mixin.py:137} INFO - Timothy Paul
[2023-02-01T19:07:48.228+0000] {logging_mixin.py:137} INFO - Michael Trujillo
[2023-02-01T19:07:48.235+0000] {logging_mixin.py:137} INFO - Robert Rivera
[2023-02-01T19:07:48.237+0000] {logging_mixin.py:137} INFO - Dana Nelson
[2023-02-01T19:07:48.239+0000] {logging_mixin.py:137} INFO - Andrea Bennett
[2023-02-01T19:07:48.244+0000] {logging_mixin.py:137} INFO - Jodi Fox
[2023-02-01T19:07:48.246+0000] {logging_mixin.py:137} INFO - Heather Hayes
[2023-02-01T19:07:48.249+0000] {logging_mixin.py:137} INFO - Jennifer Moreno
[2023-02-01T19:07:48.251+0000] {logging_mixin.py:137} INFO - John Patel
[2023-02-01T19:07:48.256+0000] {logging_mixin.py:137} INFO - Teresa Oliver
[2023-02-01T19:07:48.259+0000] {logging_mixin.py:137} INFO - Monique Bell
[2023-02-01T19:07:48.262+0000] {logging_mixin.py:137} INFO - Casey Leonard
[2023-02-01T19:07:48.266+0000] {logging_mixin.py:137} INFO - Steven Clark
[2023-02-01T19:07:48.268+0000] {logging_mixin.py:137} INFO - Edward Martin
[2023-02-01T19:07:48.270+0000] {logging_mixin.py:137} INFO - Shawn Orozco
[2023-02-01T19:07:48.272+0000] {logging_mixin.py:137} INFO - Brandon Yang
[2023-02-01T19:07:48.274+0000] {logging_mixin.py:137} INFO - Nathan Ray
[2023-02-01T19:07:48.276+0000] {logging_mixin.py:137} INFO - Lori Moore
[2023-02-01T19:07:48.278+0000] {logging_mixin.py:137} INFO - Dr. Lisa Shaw DVM
[2023-02-01T19:07:48.280+0000] {logging_mixin.py:137} INFO - Angela Walters
[2023-02-01T19:07:48.283+0000] {logging_mixin.py:137} INFO - David Nolan
[2023-02-01T19:07:48.287+0000] {logging_mixin.py:137} INFO - William Ramsey
[2023-02-01T19:07:48.289+0000] {logging_mixin.py:137} INFO - David Oconnor
[2023-02-01T19:07:48.292+0000] {logging_mixin.py:137} INFO - Mark Washington
[2023-02-01T19:07:48.303+0000] {logging_mixin.py:137} INFO - Jennifer Jacobs
[2023-02-01T19:07:48.309+0000] {logging_mixin.py:137} INFO - Tammy Hampton
[2023-02-01T19:07:48.317+0000] {logging_mixin.py:137} INFO - Stephen Farmer
[2023-02-01T19:07:48.321+0000] {logging_mixin.py:137} INFO - Jasmine Nguyen
[2023-02-01T19:07:48.325+0000] {logging_mixin.py:137} INFO - Rebecca Flores
[2023-02-01T19:07:48.329+0000] {logging_mixin.py:137} INFO - Tyler Davis
[2023-02-01T19:07:48.343+0000] {logging_mixin.py:137} INFO - Nancy Gray
[2023-02-01T19:07:48.347+0000] {logging_mixin.py:137} INFO - Brian Sanchez
[2023-02-01T19:07:48.355+0000] {logging_mixin.py:137} INFO - Laurie Shaw
[2023-02-01T19:07:48.360+0000] {logging_mixin.py:137} INFO - Kristina Torres
[2023-02-01T19:07:48.366+0000] {logging_mixin.py:137} INFO - Andrea Rodgers
[2023-02-01T19:07:48.367+0000] {logging_mixin.py:137} INFO - Jason Walters
[2023-02-01T19:07:48.370+0000] {logging_mixin.py:137} INFO - Jerry Moss
[2023-02-01T19:07:48.372+0000] {logging_mixin.py:137} INFO - Jeffrey Jordan
[2023-02-01T19:07:48.376+0000] {logging_mixin.py:137} INFO - Jennifer Wilson
[2023-02-01T19:07:48.378+0000] {logging_mixin.py:137} INFO - Trevor Mathews
[2023-02-01T19:07:48.381+0000] {logging_mixin.py:137} INFO - Anne Hood
[2023-02-01T19:07:48.383+0000] {logging_mixin.py:137} INFO - Sarah Williams
[2023-02-01T19:07:48.386+0000] {logging_mixin.py:137} INFO - Shelby Hernandez
[2023-02-01T19:07:48.388+0000] {logging_mixin.py:137} INFO - Samantha Velez
[2023-02-01T19:07:48.390+0000] {logging_mixin.py:137} INFO - Matthew Douglas
[2023-02-01T19:07:48.396+0000] {logging_mixin.py:137} INFO - Ashlee George
[2023-02-01T19:07:48.401+0000] {logging_mixin.py:137} INFO - Troy Crane
[2023-02-01T19:07:48.404+0000] {logging_mixin.py:137} INFO - Michael Cooper
[2023-02-01T19:07:48.406+0000] {logging_mixin.py:137} INFO - Michael White
[2023-02-01T19:07:48.409+0000] {logging_mixin.py:137} INFO - Mr. Timothy Fleming
[2023-02-01T19:07:48.415+0000] {logging_mixin.py:137} INFO - Seth Bruce
[2023-02-01T19:07:48.417+0000] {logging_mixin.py:137} INFO - Jacqueline Carpenter
[2023-02-01T19:07:48.419+0000] {logging_mixin.py:137} INFO - Michael Martin
[2023-02-01T19:07:48.421+0000] {logging_mixin.py:137} INFO - Kristopher Henry
[2023-02-01T19:07:48.425+0000] {logging_mixin.py:137} INFO - Tiffany Porter
[2023-02-01T19:07:48.429+0000] {logging_mixin.py:137} INFO - Stacy Simpson
[2023-02-01T19:07:48.436+0000] {logging_mixin.py:137} INFO - Tammy Mcdowell
[2023-02-01T19:07:48.438+0000] {logging_mixin.py:137} INFO - Thomas Walters
[2023-02-01T19:07:48.444+0000] {logging_mixin.py:137} INFO - Dwayne Thompson
[2023-02-01T19:07:48.449+0000] {logging_mixin.py:137} INFO - Natalie Willis
[2023-02-01T19:07:48.451+0000] {logging_mixin.py:137} INFO - Sharon Taylor
[2023-02-01T19:07:48.454+0000] {logging_mixin.py:137} INFO - Sarah Wiggins
[2023-02-01T19:07:48.460+0000] {logging_mixin.py:137} INFO - Amber Thomas
[2023-02-01T19:07:48.464+0000] {logging_mixin.py:137} INFO - Patrick Miller
[2023-02-01T19:07:48.466+0000] {logging_mixin.py:137} INFO - Stephanie Hartman
[2023-02-01T19:07:48.468+0000] {logging_mixin.py:137} INFO - Stacey Mora
[2023-02-01T19:07:48.471+0000] {logging_mixin.py:137} INFO - Katherine Rodriguez
[2023-02-01T19:07:48.473+0000] {logging_mixin.py:137} INFO - Daniel Morgan
[2023-02-01T19:07:48.474+0000] {logging_mixin.py:137} INFO - Rebecca Martinez
[2023-02-01T19:07:48.477+0000] {logging_mixin.py:137} INFO - Nicole Juarez
[2023-02-01T19:07:48.480+0000] {logging_mixin.py:137} INFO - Mark Arroyo
[2023-02-01T19:07:48.483+0000] {logging_mixin.py:137} INFO - April Lucero
[2023-02-01T19:07:48.487+0000] {logging_mixin.py:137} INFO - Samantha Garcia
[2023-02-01T19:07:48.490+0000] {logging_mixin.py:137} INFO - Jon Moore
[2023-02-01T19:07:48.493+0000] {logging_mixin.py:137} INFO - Joshua Flores MD
[2023-02-01T19:07:48.496+0000] {logging_mixin.py:137} INFO - Raymond Jones
[2023-02-01T19:07:48.498+0000] {logging_mixin.py:137} INFO - Billy Hughes
[2023-02-01T19:07:48.500+0000] {logging_mixin.py:137} INFO - Peggy Valdez PhD
[2023-02-01T19:07:48.504+0000] {logging_mixin.py:137} INFO - Joshua Reyes
[2023-02-01T19:07:48.507+0000] {logging_mixin.py:137} INFO - Aaron Green
[2023-02-01T19:07:48.510+0000] {logging_mixin.py:137} INFO - Wendy Espinoza
[2023-02-01T19:07:48.511+0000] {logging_mixin.py:137} INFO - Peter Vasquez
[2023-02-01T19:07:48.517+0000] {logging_mixin.py:137} INFO - Diane Harper
[2023-02-01T19:07:48.520+0000] {logging_mixin.py:137} INFO - Ms. Rebecca Cantu
[2023-02-01T19:07:48.521+0000] {logging_mixin.py:137} INFO - Yolanda Morrow
[2023-02-01T19:07:48.523+0000] {logging_mixin.py:137} INFO - Penny Beard
[2023-02-01T19:07:48.527+0000] {logging_mixin.py:137} INFO - Lisa Long
[2023-02-01T19:07:48.531+0000] {logging_mixin.py:137} INFO - Jerry Harris
[2023-02-01T19:07:48.534+0000] {logging_mixin.py:137} INFO - Bob Willis
[2023-02-01T19:07:48.542+0000] {logging_mixin.py:137} INFO - Duane Chapman
[2023-02-01T19:07:48.545+0000] {logging_mixin.py:137} INFO - William Morgan
[2023-02-01T19:07:48.547+0000] {logging_mixin.py:137} INFO - Amy Gutierrez
[2023-02-01T19:07:48.551+0000] {logging_mixin.py:137} INFO - Amber Nichols
[2023-02-01T19:07:48.553+0000] {logging_mixin.py:137} INFO - Matthew Carr
[2023-02-01T19:07:48.556+0000] {logging_mixin.py:137} INFO - Thomas Duncan
[2023-02-01T19:07:48.560+0000] {logging_mixin.py:137} INFO - Elizabeth Wright
[2023-02-01T19:07:48.563+0000] {logging_mixin.py:137} INFO - Jacqueline Brewer
[2023-02-01T19:07:48.565+0000] {logging_mixin.py:137} INFO - Stephanie Johnson
[2023-02-01T19:07:48.567+0000] {logging_mixin.py:137} INFO - Samantha Calderon
[2023-02-01T19:07:48.568+0000] {logging_mixin.py:137} INFO - Kathryn Gaines
[2023-02-01T19:07:48.570+0000] {logging_mixin.py:137} INFO - Angel Jones
[2023-02-01T19:07:48.573+0000] {logging_mixin.py:137} INFO - Laura Wall
[2023-02-01T19:07:48.576+0000] {logging_mixin.py:137} INFO - Mr. Anthony Hamilton
[2023-02-01T19:07:48.577+0000] {logging_mixin.py:137} INFO - David Smith
[2023-02-01T19:07:48.579+0000] {logging_mixin.py:137} INFO - Kimberly Herrera DDS
[2023-02-01T19:07:48.581+0000] {logging_mixin.py:137} INFO - Gina Wilson
[2023-02-01T19:07:48.582+0000] {logging_mixin.py:137} INFO - Timothy Byrd
[2023-02-01T19:07:48.584+0000] {logging_mixin.py:137} INFO - Michael Mckenzie
[2023-02-01T19:07:48.586+0000] {logging_mixin.py:137} INFO - Jeffrey Mcintyre
[2023-02-01T19:07:48.588+0000] {logging_mixin.py:137} INFO - Teresa Jackson
[2023-02-01T19:07:48.590+0000] {logging_mixin.py:137} INFO - Joseph Wilcox
[2023-02-01T19:07:48.592+0000] {logging_mixin.py:137} INFO - Patrick Mcknight
[2023-02-01T19:07:48.595+0000] {logging_mixin.py:137} INFO - Ronald Moreno
[2023-02-01T19:07:48.601+0000] {logging_mixin.py:137} INFO - Jamie Sullivan
[2023-02-01T19:07:48.608+0000] {logging_mixin.py:137} INFO - Jason Anderson
[2023-02-01T19:07:48.609+0000] {logging_mixin.py:137} INFO - Steven Stewart
[2023-02-01T19:07:48.613+0000] {logging_mixin.py:137} INFO - Melinda Paul
[2023-02-01T19:07:48.616+0000] {logging_mixin.py:137} INFO - Cynthia Simmons
[2023-02-01T19:07:48.621+0000] {logging_mixin.py:137} INFO - Christian Smith
[2023-02-01T19:07:48.623+0000] {logging_mixin.py:137} INFO - William Jimenez
[2023-02-01T19:07:48.627+0000] {logging_mixin.py:137} INFO - Hayley French
[2023-02-01T19:07:48.633+0000] {logging_mixin.py:137} INFO - Brandon Hess
[2023-02-01T19:07:48.637+0000] {logging_mixin.py:137} INFO - Laura Perry
[2023-02-01T19:07:48.639+0000] {logging_mixin.py:137} INFO - Scott Jones
[2023-02-01T19:07:48.641+0000] {logging_mixin.py:137} INFO - Christine Hernandez
[2023-02-01T19:07:48.644+0000] {logging_mixin.py:137} INFO - Douglas Eaton
[2023-02-01T19:07:48.645+0000] {logging_mixin.py:137} INFO - William Soto
[2023-02-01T19:07:48.647+0000] {logging_mixin.py:137} INFO - Mary Jones
[2023-02-01T19:07:48.659+0000] {logging_mixin.py:137} INFO - Stephanie Holmes
[2023-02-01T19:07:48.663+0000] {logging_mixin.py:137} INFO - Keith Meyers
[2023-02-01T19:07:48.665+0000] {logging_mixin.py:137} INFO - Paul Fisher
[2023-02-01T19:07:48.668+0000] {logging_mixin.py:137} INFO - Emily Alexander
[2023-02-01T19:07:48.669+0000] {logging_mixin.py:137} INFO - Anthony Schwartz
[2023-02-01T19:07:48.672+0000] {logging_mixin.py:137} INFO - Evelyn Jacobs
[2023-02-01T19:07:48.676+0000] {logging_mixin.py:137} INFO - Connie Jones
[2023-02-01T19:07:48.679+0000] {logging_mixin.py:137} INFO - Carla Gibbs
[2023-02-01T19:07:48.683+0000] {logging_mixin.py:137} INFO - Ashley Santiago
[2023-02-01T19:07:48.689+0000] {logging_mixin.py:137} INFO - Micheal Mckee
[2023-02-01T19:07:48.691+0000] {logging_mixin.py:137} INFO - Diane Williams
[2023-02-01T19:07:48.693+0000] {logging_mixin.py:137} INFO - Jesse Velasquez
[2023-02-01T19:07:48.695+0000] {logging_mixin.py:137} INFO - Jennifer Rodriguez
[2023-02-01T19:07:48.698+0000] {logging_mixin.py:137} INFO - Joe Griffin
[2023-02-01T19:07:48.701+0000] {logging_mixin.py:137} INFO - Gary Cherry
[2023-02-01T19:07:48.703+0000] {logging_mixin.py:137} INFO - Alyssa Edwards
[2023-02-01T19:07:48.707+0000] {logging_mixin.py:137} INFO - Caroline Hernandez MD
[2023-02-01T19:07:48.709+0000] {logging_mixin.py:137} INFO - Jessica Morton
[2023-02-01T19:07:48.712+0000] {logging_mixin.py:137} INFO - Holly Jones
[2023-02-01T19:07:48.714+0000] {logging_mixin.py:137} INFO - David Shelton
[2023-02-01T19:07:48.718+0000] {logging_mixin.py:137} INFO - Kristina Parks
[2023-02-01T19:07:48.721+0000] {logging_mixin.py:137} INFO - Laurie Hernandez
[2023-02-01T19:07:48.723+0000] {logging_mixin.py:137} INFO - Melissa James
[2023-02-01T19:07:48.726+0000] {logging_mixin.py:137} INFO - Jeremiah Adams
[2023-02-01T19:07:48.728+0000] {logging_mixin.py:137} INFO - Arthur Robinson
[2023-02-01T19:07:48.730+0000] {logging_mixin.py:137} INFO - Anna Shepard
[2023-02-01T19:07:48.733+0000] {logging_mixin.py:137} INFO - Brandon Myers
[2023-02-01T19:07:48.738+0000] {logging_mixin.py:137} INFO - Paul Cardenas
[2023-02-01T19:07:48.741+0000] {logging_mixin.py:137} INFO - Megan Santana
[2023-02-01T19:07:48.743+0000] {logging_mixin.py:137} INFO - Joseph Marshall
[2023-02-01T19:07:48.745+0000] {logging_mixin.py:137} INFO - Mrs. Brenda Harris
[2023-02-01T19:07:48.747+0000] {logging_mixin.py:137} INFO - Nicole Garcia
[2023-02-01T19:07:48.750+0000] {logging_mixin.py:137} INFO - Anna Estrada
[2023-02-01T19:07:48.752+0000] {logging_mixin.py:137} INFO - Carl Moore
[2023-02-01T19:07:48.756+0000] {logging_mixin.py:137} INFO - Rodney Hernandez
[2023-02-01T19:07:48.758+0000] {logging_mixin.py:137} INFO - Madison Christian
[2023-02-01T19:07:48.760+0000] {logging_mixin.py:137} INFO - Heather Rhodes
[2023-02-01T19:07:48.769+0000] {python.py:177} INFO - Done. Returned value was: None
[2023-02-01T19:07:48.807+0000] {taskinstance.py:1323} INFO - Marking task as SUCCESS. dag_id=CSV_DAG, task_id=convertCSVToJson, execution_date=20230201T063500, start_date=20230201T190742, end_date=20230201T190748
[2023-02-01T19:07:48.921+0000] {local_task_job.py:208} INFO - Task exited with return code 0
[2023-02-01T19:07:48.965+0000] {taskinstance.py:2578} INFO - 0 downstream tasks scheduled from follow-on schedule check
