[2023-02-01T13:18:47.915+0000] {taskinstance.py:1083} INFO - Dependencies all met for <TaskInstance: tutorial.templated scheduled__2023-01-31T13:18:37.135478+00:00 [queued]>
[2023-02-01T13:18:47.944+0000] {taskinstance.py:1083} INFO - Dependencies all met for <TaskInstance: tutorial.templated scheduled__2023-01-31T13:18:37.135478+00:00 [queued]>
[2023-02-01T13:18:47.946+0000] {taskinstance.py:1279} INFO - 
--------------------------------------------------------------------------------
[2023-02-01T13:18:47.948+0000] {taskinstance.py:1280} INFO - Starting attempt 1 of 2
[2023-02-01T13:18:47.949+0000] {taskinstance.py:1281} INFO - 
--------------------------------------------------------------------------------
[2023-02-01T13:18:47.972+0000] {taskinstance.py:1300} INFO - Executing <Task(BashOperator): templated> on 2023-01-31 13:18:37.135478+00:00
[2023-02-01T13:18:47.979+0000] {standard_task_runner.py:55} INFO - Started process 13086 to run task
[2023-02-01T13:18:47.984+0000] {standard_task_runner.py:82} INFO - Running: ['***', 'tasks', 'run', 'tutorial', 'templated', 'scheduled__2023-01-31T13:18:37.135478+00:00', '--job-id', '6', '--raw', '--subdir', '/home/***/.local/lib/python3.7/site-packages/***/example_dags/tutorial.py', '--cfg-path', '/tmp/tmplq8fjp1i']
[2023-02-01T13:18:47.986+0000] {standard_task_runner.py:83} INFO - Job 6: Subtask templated
[2023-02-01T13:18:48.093+0000] {task_command.py:388} INFO - Running <TaskInstance: tutorial.templated scheduled__2023-01-31T13:18:37.135478+00:00 [running]> on host f0effdbaf765
[2023-02-01T13:18:48.192+0000] {taskinstance.py:1509} INFO - Exporting the following env vars:
AIRFLOW_CTX_DAG_EMAIL=***@example.com
AIRFLOW_CTX_DAG_OWNER=***
AIRFLOW_CTX_DAG_ID=tutorial
AIRFLOW_CTX_TASK_ID=templated
AIRFLOW_CTX_EXECUTION_DATE=2023-01-31T13:18:37.135478+00:00
AIRFLOW_CTX_TRY_NUMBER=1
AIRFLOW_CTX_DAG_RUN_ID=scheduled__2023-01-31T13:18:37.135478+00:00
[2023-02-01T13:18:48.195+0000] {subprocess.py:63} INFO - Tmp dir root location: 
 /tmp
[2023-02-01T13:18:48.198+0000] {subprocess.py:75} INFO - Running command: ['/bin/bash', '-c', '\n\n    echo "2023-01-31"\n    echo "2023-02-07"\n\n    echo "2023-01-31"\n    echo "2023-02-07"\n\n    echo "2023-01-31"\n    echo "2023-02-07"\n\n    echo "2023-01-31"\n    echo "2023-02-07"\n\n    echo "2023-01-31"\n    echo "2023-02-07"\n']
[2023-02-01T13:18:48.215+0000] {subprocess.py:86} INFO - Output:
[2023-02-01T13:18:48.218+0000] {subprocess.py:93} INFO - 2023-01-31
[2023-02-01T13:18:48.219+0000] {subprocess.py:93} INFO - 2023-02-07
[2023-02-01T13:18:48.221+0000] {subprocess.py:93} INFO - 2023-01-31
[2023-02-01T13:18:48.222+0000] {subprocess.py:93} INFO - 2023-02-07
[2023-02-01T13:18:48.223+0000] {subprocess.py:93} INFO - 2023-01-31
[2023-02-01T13:18:48.225+0000] {subprocess.py:93} INFO - 2023-02-07
[2023-02-01T13:18:48.226+0000] {subprocess.py:93} INFO - 2023-01-31
[2023-02-01T13:18:48.227+0000] {subprocess.py:93} INFO - 2023-02-07
[2023-02-01T13:18:48.229+0000] {subprocess.py:93} INFO - 2023-01-31
[2023-02-01T13:18:48.230+0000] {subprocess.py:93} INFO - 2023-02-07
[2023-02-01T13:18:48.231+0000] {subprocess.py:97} INFO - Command exited with return code 0
[2023-02-01T13:18:48.263+0000] {taskinstance.py:1323} INFO - Marking task as SUCCESS. dag_id=tutorial, task_id=templated, execution_date=20230131T131837, start_date=20230201T131847, end_date=20230201T131848
[2023-02-01T13:18:48.319+0000] {local_task_job.py:208} INFO - Task exited with return code 0
[2023-02-01T13:18:48.338+0000] {taskinstance.py:2578} INFO - 0 downstream tasks scheduled from follow-on schedule check
