[2023-02-02T16:03:38.998+0000] {taskinstance.py:1083} INFO - Dependencies all met for <TaskInstance: CSV_DAG.starting scheduled__2023-02-02T14:25:00+00:00 [queued]>
[2023-02-02T16:03:39.175+0000] {taskinstance.py:1083} INFO - Dependencies all met for <TaskInstance: CSV_DAG.starting scheduled__2023-02-02T14:25:00+00:00 [queued]>
[2023-02-02T16:03:39.179+0000] {taskinstance.py:1279} INFO - 
--------------------------------------------------------------------------------
[2023-02-02T16:03:39.182+0000] {taskinstance.py:1280} INFO - Starting attempt 1 of 2
[2023-02-02T16:03:39.186+0000] {taskinstance.py:1281} INFO - 
--------------------------------------------------------------------------------
[2023-02-02T16:03:39.404+0000] {taskinstance.py:1300} INFO - Executing <Task(BashOperator): starting> on 2023-02-02 14:25:00+00:00
[2023-02-02T16:03:39.511+0000] {standard_task_runner.py:55} INFO - Started process 11431 to run task
[2023-02-02T16:03:39.666+0000] {standard_task_runner.py:82} INFO - Running: ['***', 'tasks', 'run', 'CSV_DAG', 'starting', 'scheduled__2023-02-02T14:25:00+00:00', '--job-id', '947', '--raw', '--subdir', 'DAGS_FOLDER/csv.py', '--cfg-path', '/tmp/tmpib7u75e8']
[2023-02-02T16:03:39.673+0000] {standard_task_runner.py:83} INFO - Job 947: Subtask starting
[2023-02-02T16:03:40.439+0000] {task_command.py:388} INFO - Running <TaskInstance: CSV_DAG.starting scheduled__2023-02-02T14:25:00+00:00 [running]> on host 06d8060e8530
[2023-02-02T16:03:42.230+0000] {taskinstance.py:1509} INFO - Exporting the following env vars:
AIRFLOW_CTX_DAG_OWNER=Kevin Chalmers
AIRFLOW_CTX_DAG_ID=CSV_DAG
AIRFLOW_CTX_TASK_ID=starting
AIRFLOW_CTX_EXECUTION_DATE=2023-02-02T14:25:00+00:00
AIRFLOW_CTX_TRY_NUMBER=1
AIRFLOW_CTX_DAG_RUN_ID=scheduled__2023-02-02T14:25:00+00:00
[2023-02-02T16:03:42.305+0000] {subprocess.py:63} INFO - Tmp dir root location: 
 /tmp
[2023-02-02T16:03:42.336+0000] {subprocess.py:75} INFO - Running command: ['/bin/bash', '-c', 'echo "Reading data"']
