[2023-02-01T19:11:48.834+0000] {taskinstance.py:1083} INFO - Dependencies all met for <TaskInstance: CSV_DAG.convertCSVToJson scheduled__2023-02-01T18:45:00+00:00 [queued]>
[2023-02-01T19:11:48.860+0000] {taskinstance.py:1083} INFO - Dependencies all met for <TaskInstance: CSV_DAG.convertCSVToJson scheduled__2023-02-01T18:45:00+00:00 [queued]>
[2023-02-01T19:11:48.863+0000] {taskinstance.py:1279} INFO - 
--------------------------------------------------------------------------------
[2023-02-01T19:11:48.869+0000] {taskinstance.py:1280} INFO - Starting attempt 1 of 2
[2023-02-01T19:11:48.878+0000] {taskinstance.py:1281} INFO - 
--------------------------------------------------------------------------------
[2023-02-01T19:11:48.928+0000] {taskinstance.py:1300} INFO - Executing <Task(PythonOperator): convertCSVToJson> on 2023-02-01 18:45:00+00:00
[2023-02-01T19:11:48.960+0000] {standard_task_runner.py:55} INFO - Started process 1894 to run task
[2023-02-01T19:11:48.980+0000] {standard_task_runner.py:82} INFO - Running: ['***', 'tasks', 'run', 'CSV_DAG', 'convertCSVToJson', 'scheduled__2023-02-01T18:45:00+00:00', '--job-id', '481', '--raw', '--subdir', 'DAGS_FOLDER/csv.py', '--cfg-path', '/tmp/tmpfgkyzutz']
[2023-02-01T19:11:48.988+0000] {standard_task_runner.py:83} INFO - Job 481: Subtask convertCSVToJson
[2023-02-01T19:11:49.154+0000] {task_command.py:388} INFO - Running <TaskInstance: CSV_DAG.convertCSVToJson scheduled__2023-02-01T18:45:00+00:00 [running]> on host 06d8060e8530
[2023-02-01T19:11:49.338+0000] {taskinstance.py:1509} INFO - Exporting the following env vars:
AIRFLOW_CTX_DAG_OWNER=Kevin Chalmers
AIRFLOW_CTX_DAG_ID=CSV_DAG
AIRFLOW_CTX_TASK_ID=convertCSVToJson
AIRFLOW_CTX_EXECUTION_DATE=2023-02-01T18:45:00+00:00
AIRFLOW_CTX_TRY_NUMBER=1
AIRFLOW_CTX_DAG_RUN_ID=scheduled__2023-02-01T18:45:00+00:00
[2023-02-01T19:11:49.382+0000] {logging_mixin.py:137} INFO - Angelica Lopez
[2023-02-01T19:11:49.389+0000] {logging_mixin.py:137} INFO - Betty Wright
[2023-02-01T19:11:49.393+0000] {logging_mixin.py:137} INFO - Sara Schmidt
[2023-02-01T19:11:49.395+0000] {logging_mixin.py:137} INFO - Dr. Sherry Rodriguez
[2023-02-01T19:11:49.397+0000] {logging_mixin.py:137} INFO - Rebecca Mills
[2023-02-01T19:11:49.401+0000] {logging_mixin.py:137} INFO - Andrew Anderson
[2023-02-01T19:11:49.409+0000] {logging_mixin.py:137} INFO - Martin Everett
[2023-02-01T19:11:49.412+0000] {logging_mixin.py:137} INFO - Felicia Gregory
[2023-02-01T19:11:49.419+0000] {logging_mixin.py:137} INFO - Kara Bowers
[2023-02-01T19:11:49.426+0000] {logging_mixin.py:137} INFO - Vincent Vincent
[2023-02-01T19:11:49.428+0000] {logging_mixin.py:137} INFO - Morgan Butler
[2023-02-01T19:11:49.429+0000] {logging_mixin.py:137} INFO - Stephen Riley
[2023-02-01T19:11:49.430+0000] {logging_mixin.py:137} INFO - Wanda Thomas
[2023-02-01T19:11:49.435+0000] {logging_mixin.py:137} INFO - Michelle Schultz
[2023-02-01T19:11:49.437+0000] {logging_mixin.py:137} INFO - Christopher Rush MD
[2023-02-01T19:11:49.440+0000] {logging_mixin.py:137} INFO - Phyllis Miles
[2023-02-01T19:11:49.442+0000] {logging_mixin.py:137} INFO - Rebecca Price
[2023-02-01T19:11:49.445+0000] {logging_mixin.py:137} INFO - John Morse
[2023-02-01T19:11:49.448+0000] {logging_mixin.py:137} INFO - Nicholas Sanchez
[2023-02-01T19:11:49.453+0000] {logging_mixin.py:137} INFO - Crystal Dean
[2023-02-01T19:11:49.456+0000] {logging_mixin.py:137} INFO - Tyler Diaz
[2023-02-01T19:11:49.459+0000] {logging_mixin.py:137} INFO - Denise Mclean
[2023-02-01T19:11:49.462+0000] {logging_mixin.py:137} INFO - Daniel Grant
[2023-02-01T19:11:49.464+0000] {logging_mixin.py:137} INFO - Sandra Peterson
[2023-02-01T19:11:49.468+0000] {logging_mixin.py:137} INFO - Denise Morse
[2023-02-01T19:11:49.470+0000] {logging_mixin.py:137} INFO - Brianna Smith
[2023-02-01T19:11:49.478+0000] {logging_mixin.py:137} INFO - Tony Miller
[2023-02-01T19:11:49.480+0000] {logging_mixin.py:137} INFO - Jean Booth
[2023-02-01T19:11:49.483+0000] {logging_mixin.py:137} INFO - Penny Salazar
[2023-02-01T19:11:49.485+0000] {logging_mixin.py:137} INFO - Cathy Williams
[2023-02-01T19:11:49.488+0000] {logging_mixin.py:137} INFO - Hannah Collins
[2023-02-01T19:11:49.492+0000] {logging_mixin.py:137} INFO - Maurice Casey
[2023-02-01T19:11:49.496+0000] {logging_mixin.py:137} INFO - Patrick Walker
[2023-02-01T19:11:49.499+0000] {logging_mixin.py:137} INFO - Pamela Barton
[2023-02-01T19:11:49.501+0000] {logging_mixin.py:137} INFO - Anthony Bryant
[2023-02-01T19:11:49.511+0000] {logging_mixin.py:137} INFO - Andrew Harris
[2023-02-01T19:11:49.513+0000] {logging_mixin.py:137} INFO - Aaron Harris
[2023-02-01T19:11:49.515+0000] {logging_mixin.py:137} INFO - Maureen Soto
[2023-02-01T19:11:49.517+0000] {logging_mixin.py:137} INFO - Crystal Mcdaniel
[2023-02-01T19:11:49.518+0000] {logging_mixin.py:137} INFO - Lauren Barrett
[2023-02-01T19:11:49.520+0000] {logging_mixin.py:137} INFO - Brandon Perez
[2023-02-01T19:11:49.525+0000] {logging_mixin.py:137} INFO - Mark Robertson
[2023-02-01T19:11:49.527+0000] {logging_mixin.py:137} INFO - Nicole Gates
[2023-02-01T19:11:49.530+0000] {logging_mixin.py:137} INFO - Bradley Cruz
[2023-02-01T19:11:49.532+0000] {logging_mixin.py:137} INFO - Gina Burns
[2023-02-01T19:11:49.534+0000] {logging_mixin.py:137} INFO - Zachary Martinez
[2023-02-01T19:11:49.538+0000] {logging_mixin.py:137} INFO - Natasha Johnson
[2023-02-01T19:11:49.543+0000] {logging_mixin.py:137} INFO - Patrick Gonzales
[2023-02-01T19:11:49.546+0000] {logging_mixin.py:137} INFO - Terri Wilson
[2023-02-01T19:11:49.549+0000] {logging_mixin.py:137} INFO - Sarah Lopez
[2023-02-01T19:11:49.559+0000] {logging_mixin.py:137} INFO - Dana Turner
[2023-02-01T19:11:49.570+0000] {logging_mixin.py:137} INFO - Cynthia Johnson
[2023-02-01T19:11:49.573+0000] {logging_mixin.py:137} INFO - William Thornton
[2023-02-01T19:11:49.574+0000] {logging_mixin.py:137} INFO - James Lee
[2023-02-01T19:11:49.587+0000] {logging_mixin.py:137} INFO - Stephen Allen
[2023-02-01T19:11:49.591+0000] {logging_mixin.py:137} INFO - William Stark
[2023-02-01T19:11:49.600+0000] {logging_mixin.py:137} INFO - Michael Parker
[2023-02-01T19:11:49.602+0000] {logging_mixin.py:137} INFO - Lisa Stephens
[2023-02-01T19:11:49.605+0000] {logging_mixin.py:137} INFO - Mr. Reginald Wise DDS
[2023-02-01T19:11:49.606+0000] {logging_mixin.py:137} INFO - Alexander James
[2023-02-01T19:11:49.615+0000] {logging_mixin.py:137} INFO - Kristen West
[2023-02-01T19:11:49.621+0000] {logging_mixin.py:137} INFO - Elizabeth Sanchez
[2023-02-01T19:11:49.623+0000] {logging_mixin.py:137} INFO - Jennifer Wilson
[2023-02-01T19:11:49.625+0000] {logging_mixin.py:137} INFO - Catherine Nicholson
[2023-02-01T19:11:49.627+0000] {logging_mixin.py:137} INFO - David Henderson
[2023-02-01T19:11:49.629+0000] {logging_mixin.py:137} INFO - Stephen Davis
[2023-02-01T19:11:49.631+0000] {logging_mixin.py:137} INFO - Paul Skinner
[2023-02-01T19:11:49.637+0000] {logging_mixin.py:137} INFO - Rebecca Wong
[2023-02-01T19:11:49.639+0000] {logging_mixin.py:137} INFO - Tara Benitez
[2023-02-01T19:11:49.641+0000] {logging_mixin.py:137} INFO - Sharon Miller
[2023-02-01T19:11:49.643+0000] {logging_mixin.py:137} INFO - Cynthia Smith
[2023-02-01T19:11:49.644+0000] {logging_mixin.py:137} INFO - Jennifer Werner
[2023-02-01T19:11:49.649+0000] {logging_mixin.py:137} INFO - Rebecca Tucker
[2023-02-01T19:11:49.654+0000] {logging_mixin.py:137} INFO - Ashlee Castillo
[2023-02-01T19:11:49.657+0000] {logging_mixin.py:137} INFO - Christopher Holmes
[2023-02-01T19:11:49.661+0000] {logging_mixin.py:137} INFO - Daniel Velez
[2023-02-01T19:11:49.664+0000] {logging_mixin.py:137} INFO - Amy Serrano
[2023-02-01T19:11:49.668+0000] {logging_mixin.py:137} INFO - Alison Nash
[2023-02-01T19:11:49.670+0000] {logging_mixin.py:137} INFO - Peter Johnson
[2023-02-01T19:11:49.672+0000] {logging_mixin.py:137} INFO - Breanna Harris
[2023-02-01T19:11:49.673+0000] {logging_mixin.py:137} INFO - Eric King
[2023-02-01T19:11:49.675+0000] {logging_mixin.py:137} INFO - Patricia Oliver
[2023-02-01T19:11:49.677+0000] {logging_mixin.py:137} INFO - Denise Grimes
[2023-02-01T19:11:49.678+0000] {logging_mixin.py:137} INFO - Jill Olson
[2023-02-01T19:11:49.680+0000] {logging_mixin.py:137} INFO - Stephanie Hart
[2023-02-01T19:11:49.685+0000] {logging_mixin.py:137} INFO - Ashley Lee
[2023-02-01T19:11:49.688+0000] {logging_mixin.py:137} INFO - Kelly Barnes
[2023-02-01T19:11:49.695+0000] {logging_mixin.py:137} INFO - Christie West
[2023-02-01T19:11:49.698+0000] {logging_mixin.py:137} INFO - Todd Nolan
[2023-02-01T19:11:49.701+0000] {logging_mixin.py:137} INFO - Sarah Reed
[2023-02-01T19:11:49.704+0000] {logging_mixin.py:137} INFO - Jennifer Keith
[2023-02-01T19:11:49.709+0000] {logging_mixin.py:137} INFO - Shawn Alvarez
[2023-02-01T19:11:49.722+0000] {logging_mixin.py:137} INFO - Alexander Wilson
[2023-02-01T19:11:49.724+0000] {logging_mixin.py:137} INFO - Rachel Melendez
[2023-02-01T19:11:49.730+0000] {logging_mixin.py:137} INFO - Morgan Walters
[2023-02-01T19:11:49.732+0000] {logging_mixin.py:137} INFO - Nicole Garcia
[2023-02-01T19:11:49.733+0000] {logging_mixin.py:137} INFO - Jennifer White
[2023-02-01T19:11:49.740+0000] {logging_mixin.py:137} INFO - Leslie Shannon
[2023-02-01T19:11:49.742+0000] {logging_mixin.py:137} INFO - Lisa Clayton
[2023-02-01T19:11:49.744+0000] {logging_mixin.py:137} INFO - Zachary Molina
[2023-02-01T19:11:49.747+0000] {logging_mixin.py:137} INFO - Bruce Butler
[2023-02-01T19:11:49.753+0000] {logging_mixin.py:137} INFO - Dustin Howell
[2023-02-01T19:11:49.756+0000] {logging_mixin.py:137} INFO - Aaron Smith
[2023-02-01T19:11:49.758+0000] {logging_mixin.py:137} INFO - Kyle Green
[2023-02-01T19:11:49.760+0000] {logging_mixin.py:137} INFO - Steven Clark
[2023-02-01T19:11:49.763+0000] {logging_mixin.py:137} INFO - Robert Holden
[2023-02-01T19:11:49.765+0000] {logging_mixin.py:137} INFO - Zachary Harmon
[2023-02-01T19:11:49.770+0000] {logging_mixin.py:137} INFO - Rachel Miller
[2023-02-01T19:11:49.773+0000] {logging_mixin.py:137} INFO - Brandon Parker
[2023-02-01T19:11:49.778+0000] {logging_mixin.py:137} INFO - Walter Martin
[2023-02-01T19:11:49.780+0000] {logging_mixin.py:137} INFO - Jose Young
[2023-02-01T19:11:49.783+0000] {logging_mixin.py:137} INFO - Kelsey Long
[2023-02-01T19:11:49.786+0000] {logging_mixin.py:137} INFO - William Harper
[2023-02-01T19:11:49.790+0000] {logging_mixin.py:137} INFO - Alejandro Lambert
[2023-02-01T19:11:49.798+0000] {logging_mixin.py:137} INFO - Stephanie Carson
[2023-02-01T19:11:49.801+0000] {logging_mixin.py:137} INFO - Diana Ortega MD
[2023-02-01T19:11:49.806+0000] {logging_mixin.py:137} INFO - Janet Morales
[2023-02-01T19:11:49.819+0000] {logging_mixin.py:137} INFO - Eric Fisher
[2023-02-01T19:11:49.821+0000] {logging_mixin.py:137} INFO - Louis Baker
[2023-02-01T19:11:49.822+0000] {logging_mixin.py:137} INFO - Cindy Ward
[2023-02-01T19:11:49.825+0000] {logging_mixin.py:137} INFO - Ana Jenkins
[2023-02-01T19:11:49.830+0000] {logging_mixin.py:137} INFO - Leslie Barton
[2023-02-01T19:11:49.836+0000] {logging_mixin.py:137} INFO - Gregory Price
[2023-02-01T19:11:49.842+0000] {logging_mixin.py:137} INFO - Brandon Moore
[2023-02-01T19:11:49.845+0000] {logging_mixin.py:137} INFO - Heather Garrett
[2023-02-01T19:11:49.847+0000] {logging_mixin.py:137} INFO - Cindy Hawkins
[2023-02-01T19:11:49.849+0000] {logging_mixin.py:137} INFO - Mr. Frank Snyder Jr.
[2023-02-01T19:11:49.851+0000] {logging_mixin.py:137} INFO - Megan Wang
[2023-02-01T19:11:49.856+0000] {logging_mixin.py:137} INFO - Jennifer Fleming
[2023-02-01T19:11:49.858+0000] {logging_mixin.py:137} INFO - Gary Hodge
[2023-02-01T19:11:49.860+0000] {logging_mixin.py:137} INFO - Nichole Miller
[2023-02-01T19:11:49.862+0000] {logging_mixin.py:137} INFO - Mitchell Mendoza
[2023-02-01T19:11:49.866+0000] {logging_mixin.py:137} INFO - Bradley Horton
[2023-02-01T19:11:49.870+0000] {logging_mixin.py:137} INFO - Michelle Hess
[2023-02-01T19:11:49.871+0000] {logging_mixin.py:137} INFO - Ronald Torres
[2023-02-01T19:11:49.873+0000] {logging_mixin.py:137} INFO - Raymond Hudson
[2023-02-01T19:11:49.877+0000] {logging_mixin.py:137} INFO - Vincent Jackson
[2023-02-01T19:11:49.879+0000] {logging_mixin.py:137} INFO - Susan Carey
[2023-02-01T19:11:49.881+0000] {logging_mixin.py:137} INFO - Chase Wilson
[2023-02-01T19:11:49.887+0000] {logging_mixin.py:137} INFO - Tonya Baldwin
[2023-02-01T19:11:49.889+0000] {logging_mixin.py:137} INFO - Mrs. Tina Davis
[2023-02-01T19:11:49.896+0000] {logging_mixin.py:137} INFO - Scott Garrett
[2023-02-01T19:11:49.898+0000] {logging_mixin.py:137} INFO - Michael Wilson
[2023-02-01T19:11:49.900+0000] {logging_mixin.py:137} INFO - Andrew Orozco
[2023-02-01T19:11:49.902+0000] {logging_mixin.py:137} INFO - Troy Carson
[2023-02-01T19:11:49.904+0000] {logging_mixin.py:137} INFO - Alex Winters
[2023-02-01T19:11:49.906+0000] {logging_mixin.py:137} INFO - Toni Frank
[2023-02-01T19:11:49.908+0000] {logging_mixin.py:137} INFO - Kathleen Snyder
[2023-02-01T19:11:49.923+0000] {logging_mixin.py:137} INFO - Anna Lopez
[2023-02-01T19:11:49.925+0000] {logging_mixin.py:137} INFO - Charles Brown
[2023-02-01T19:11:49.931+0000] {logging_mixin.py:137} INFO - Barry Ross
[2023-02-01T19:11:49.935+0000] {logging_mixin.py:137} INFO - Emily Ramirez
[2023-02-01T19:11:49.943+0000] {logging_mixin.py:137} INFO - Anna Williams
[2023-02-01T19:11:49.945+0000] {logging_mixin.py:137} INFO - Kristin Pennington
[2023-02-01T19:11:49.953+0000] {logging_mixin.py:137} INFO - Mary Aguirre
[2023-02-01T19:11:49.959+0000] {logging_mixin.py:137} INFO - Austin Santos
[2023-02-01T19:11:49.960+0000] {logging_mixin.py:137} INFO - David Nelson
[2023-02-01T19:11:49.963+0000] {logging_mixin.py:137} INFO - Alyssa Mcbride
[2023-02-01T19:11:49.967+0000] {logging_mixin.py:137} INFO - Lisa Gibson
[2023-02-01T19:11:49.969+0000] {logging_mixin.py:137} INFO - Alexander Kelly
[2023-02-01T19:11:49.971+0000] {logging_mixin.py:137} INFO - Ronald Thomas
[2023-02-01T19:11:49.974+0000] {logging_mixin.py:137} INFO - Michael Hurst
[2023-02-01T19:11:49.977+0000] {logging_mixin.py:137} INFO - Lauren Ward
[2023-02-01T19:11:49.978+0000] {logging_mixin.py:137} INFO - Christian Terry
[2023-02-01T19:11:49.983+0000] {logging_mixin.py:137} INFO - Jared Black
[2023-02-01T19:11:49.985+0000] {logging_mixin.py:137} INFO - Anthony Brown
[2023-02-01T19:11:49.990+0000] {logging_mixin.py:137} INFO - John Cole
[2023-02-01T19:11:50.000+0000] {logging_mixin.py:137} INFO - David Lee
[2023-02-01T19:11:50.002+0000] {logging_mixin.py:137} INFO - Lori Thomas
[2023-02-01T19:11:50.004+0000] {logging_mixin.py:137} INFO - Daniel Herman
[2023-02-01T19:11:50.006+0000] {logging_mixin.py:137} INFO - Pam Williams
[2023-02-01T19:11:50.009+0000] {logging_mixin.py:137} INFO - Sarah Jenkins
[2023-02-01T19:11:50.011+0000] {logging_mixin.py:137} INFO - Susan Mitchell
[2023-02-01T19:11:50.013+0000] {logging_mixin.py:137} INFO - Jacqueline Green
[2023-02-01T19:11:50.016+0000] {logging_mixin.py:137} INFO - Victoria Garrison
[2023-02-01T19:11:50.025+0000] {logging_mixin.py:137} INFO - Jonathan Daniels
[2023-02-01T19:11:50.029+0000] {logging_mixin.py:137} INFO - Trevor Hansen
[2023-02-01T19:11:50.032+0000] {logging_mixin.py:137} INFO - Laurie Bowen
[2023-02-01T19:11:50.038+0000] {logging_mixin.py:137} INFO - James Cline
[2023-02-01T19:11:50.040+0000] {logging_mixin.py:137} INFO - Michael Rose
[2023-02-01T19:11:50.042+0000] {logging_mixin.py:137} INFO - Lawrence Juarez
[2023-02-01T19:11:50.046+0000] {logging_mixin.py:137} INFO - Lucas Caldwell
[2023-02-01T19:11:50.048+0000] {logging_mixin.py:137} INFO - Laura Jackson
[2023-02-01T19:11:50.053+0000] {logging_mixin.py:137} INFO - Sherri Thornton
[2023-02-01T19:11:50.055+0000] {logging_mixin.py:137} INFO - Alice Wilson
[2023-02-01T19:11:50.058+0000] {logging_mixin.py:137} INFO - Diane Williams
[2023-02-01T19:11:50.064+0000] {logging_mixin.py:137} INFO - Kara Martin
[2023-02-01T19:11:50.069+0000] {logging_mixin.py:137} INFO - Joseph Moore
[2023-02-01T19:11:50.073+0000] {logging_mixin.py:137} INFO - Jesse Moses
[2023-02-01T19:11:50.081+0000] {logging_mixin.py:137} INFO - Lisa Mccall
[2023-02-01T19:11:50.083+0000] {logging_mixin.py:137} INFO - Alexandra Mccoy
[2023-02-01T19:11:50.090+0000] {logging_mixin.py:137} INFO - Daniel Martin
[2023-02-01T19:11:50.093+0000] {logging_mixin.py:137} INFO - Claudia Peck
[2023-02-01T19:11:50.095+0000] {logging_mixin.py:137} INFO - Jessica Mcconnell
[2023-02-01T19:11:50.107+0000] {logging_mixin.py:137} INFO - Kevin Walker
[2023-02-01T19:11:50.109+0000] {logging_mixin.py:137} INFO - Christina Lee
[2023-02-01T19:11:50.112+0000] {logging_mixin.py:137} INFO - Christopher Schroeder
[2023-02-01T19:11:50.114+0000] {logging_mixin.py:137} INFO - Melissa Parker
[2023-02-01T19:11:50.121+0000] {logging_mixin.py:137} INFO - Janet Molina
[2023-02-01T19:11:50.125+0000] {logging_mixin.py:137} INFO - Barbara Harris
[2023-02-01T19:11:50.127+0000] {logging_mixin.py:137} INFO - Joseph Hurley
[2023-02-01T19:11:50.134+0000] {logging_mixin.py:137} INFO - Greg Hayden
[2023-02-01T19:11:50.136+0000] {logging_mixin.py:137} INFO - Edwin Adams
[2023-02-01T19:11:50.138+0000] {logging_mixin.py:137} INFO - Ashley Hunter
[2023-02-01T19:11:50.140+0000] {logging_mixin.py:137} INFO - Jennifer Tucker
[2023-02-01T19:11:50.142+0000] {logging_mixin.py:137} INFO - Eddie Gray
[2023-02-01T19:11:50.148+0000] {logging_mixin.py:137} INFO - Jennifer Evans
[2023-02-01T19:11:50.150+0000] {logging_mixin.py:137} INFO - Stephen Carey
[2023-02-01T19:11:50.151+0000] {logging_mixin.py:137} INFO - Samantha Campos
[2023-02-01T19:11:50.156+0000] {logging_mixin.py:137} INFO - Meagan Brown
[2023-02-01T19:11:50.159+0000] {logging_mixin.py:137} INFO - Miss Marisa Barber
[2023-02-01T19:11:50.161+0000] {logging_mixin.py:137} INFO - Jay Mann
[2023-02-01T19:11:50.164+0000] {logging_mixin.py:137} INFO - Matthew Campbell
[2023-02-01T19:11:50.165+0000] {logging_mixin.py:137} INFO - Brent Rodriguez
[2023-02-01T19:11:50.167+0000] {logging_mixin.py:137} INFO - Teresa Ross
[2023-02-01T19:11:50.168+0000] {logging_mixin.py:137} INFO - Mary Martinez
[2023-02-01T19:11:50.170+0000] {logging_mixin.py:137} INFO - Joseph Lewis
[2023-02-01T19:11:50.173+0000] {logging_mixin.py:137} INFO - Dale Davis
[2023-02-01T19:11:50.175+0000] {logging_mixin.py:137} INFO - Elizabeth Evans
[2023-02-01T19:11:50.177+0000] {logging_mixin.py:137} INFO - Shannon Wang
[2023-02-01T19:11:50.180+0000] {logging_mixin.py:137} INFO - Brandon Campbell
[2023-02-01T19:11:50.184+0000] {logging_mixin.py:137} INFO - Rhonda Pace
[2023-02-01T19:11:50.185+0000] {logging_mixin.py:137} INFO - Sarah Santos
[2023-02-01T19:11:50.186+0000] {logging_mixin.py:137} INFO - Jacob Ford
[2023-02-01T19:11:50.188+0000] {logging_mixin.py:137} INFO - Matthew Hansen
[2023-02-01T19:11:50.190+0000] {logging_mixin.py:137} INFO - Amy Ray
[2023-02-01T19:11:50.192+0000] {logging_mixin.py:137} INFO - Aaron Fields
[2023-02-01T19:11:50.195+0000] {logging_mixin.py:137} INFO - Mary Taylor
[2023-02-01T19:11:50.199+0000] {logging_mixin.py:137} INFO - James Morris
[2023-02-01T19:11:50.201+0000] {logging_mixin.py:137} INFO - Darrell Cain
[2023-02-01T19:11:50.205+0000] {logging_mixin.py:137} INFO - Michael Smith
[2023-02-01T19:11:50.207+0000] {logging_mixin.py:137} INFO - Scott Coleman
[2023-02-01T19:11:50.212+0000] {logging_mixin.py:137} INFO - David Fitzpatrick
[2023-02-01T19:11:50.217+0000] {logging_mixin.py:137} INFO - Debra Shepherd
[2023-02-01T19:11:50.222+0000] {logging_mixin.py:137} INFO - Paul Rush
[2023-02-01T19:11:50.225+0000] {logging_mixin.py:137} INFO - Brett Hernandez
[2023-02-01T19:11:50.228+0000] {logging_mixin.py:137} INFO - Sheila Riddle
[2023-02-01T19:11:50.231+0000] {logging_mixin.py:137} INFO - Joan Austin
[2023-02-01T19:11:50.233+0000] {logging_mixin.py:137} INFO - Michael Garcia
[2023-02-01T19:11:50.236+0000] {logging_mixin.py:137} INFO - Natalie Harris
[2023-02-01T19:11:50.239+0000] {logging_mixin.py:137} INFO - Steven Dean
[2023-02-01T19:11:50.242+0000] {logging_mixin.py:137} INFO - John Brown
[2023-02-01T19:11:50.245+0000] {logging_mixin.py:137} INFO - Keith Zimmerman
[2023-02-01T19:11:50.247+0000] {logging_mixin.py:137} INFO - Curtis Byrd
[2023-02-01T19:11:50.249+0000] {logging_mixin.py:137} INFO - Mariah Green
[2023-02-01T19:11:50.251+0000] {logging_mixin.py:137} INFO - Roger Huynh
[2023-02-01T19:11:50.258+0000] {logging_mixin.py:137} INFO - Christopher Zamora
[2023-02-01T19:11:50.259+0000] {logging_mixin.py:137} INFO - Joyce Crawford
[2023-02-01T19:11:50.261+0000] {logging_mixin.py:137} INFO - Angela Smith
[2023-02-01T19:11:50.264+0000] {logging_mixin.py:137} INFO - Veronica Robinson
[2023-02-01T19:11:50.268+0000] {logging_mixin.py:137} INFO - Christopher Bates
[2023-02-01T19:11:50.271+0000] {logging_mixin.py:137} INFO - Steve Stone
[2023-02-01T19:11:50.275+0000] {logging_mixin.py:137} INFO - William Cook
[2023-02-01T19:11:50.277+0000] {logging_mixin.py:137} INFO - Lori Wood
[2023-02-01T19:11:50.279+0000] {logging_mixin.py:137} INFO - Jillian Reynolds
[2023-02-01T19:11:50.281+0000] {logging_mixin.py:137} INFO - Angela Caldwell
[2023-02-01T19:11:50.287+0000] {logging_mixin.py:137} INFO - Shane Campbell
[2023-02-01T19:11:50.292+0000] {logging_mixin.py:137} INFO - Karen Lawrence
[2023-02-01T19:11:50.296+0000] {logging_mixin.py:137} INFO - Kimberly Wood
[2023-02-01T19:11:50.298+0000] {logging_mixin.py:137} INFO - Samantha Lopez
[2023-02-01T19:11:50.302+0000] {logging_mixin.py:137} INFO - Harold Miller
[2023-02-01T19:11:50.305+0000] {logging_mixin.py:137} INFO - Raymond Cooper DVM
[2023-02-01T19:11:50.307+0000] {logging_mixin.py:137} INFO - Kristen Patel
[2023-02-01T19:11:50.309+0000] {logging_mixin.py:137} INFO - Anthony Mejia
[2023-02-01T19:11:50.315+0000] {logging_mixin.py:137} INFO - Raymond Thomas
[2023-02-01T19:11:50.317+0000] {logging_mixin.py:137} INFO - Scott Young
[2023-02-01T19:11:50.321+0000] {logging_mixin.py:137} INFO - David Larson
[2023-02-01T19:11:50.323+0000] {logging_mixin.py:137} INFO - Jon Murray
[2023-02-01T19:11:50.325+0000] {logging_mixin.py:137} INFO - Stephen Taylor
[2023-02-01T19:11:50.328+0000] {logging_mixin.py:137} INFO - Jennifer Hernandez
[2023-02-01T19:11:50.329+0000] {logging_mixin.py:137} INFO - Stacy Smith
[2023-02-01T19:11:50.331+0000] {logging_mixin.py:137} INFO - Juan Owens
[2023-02-01T19:11:50.334+0000] {logging_mixin.py:137} INFO - Brian Adkins
[2023-02-01T19:11:50.343+0000] {logging_mixin.py:137} INFO - Jesse Wells
[2023-02-01T19:11:50.345+0000] {logging_mixin.py:137} INFO - Kyle Matthews
[2023-02-01T19:11:50.347+0000] {logging_mixin.py:137} INFO - Dustin Russell
[2023-02-01T19:11:50.349+0000] {logging_mixin.py:137} INFO - Richard White
[2023-02-01T19:11:50.352+0000] {logging_mixin.py:137} INFO - Brittany Nichols
[2023-02-01T19:11:50.354+0000] {logging_mixin.py:137} INFO - Colton Kelly
[2023-02-01T19:11:50.363+0000] {logging_mixin.py:137} INFO - William Perry
[2023-02-01T19:11:50.371+0000] {logging_mixin.py:137} INFO - Thomas Cummings
[2023-02-01T19:11:50.376+0000] {logging_mixin.py:137} INFO - Timothy Ballard
[2023-02-01T19:11:50.379+0000] {logging_mixin.py:137} INFO - Richard Washington
[2023-02-01T19:11:50.381+0000] {logging_mixin.py:137} INFO - Joshua Lam
[2023-02-01T19:11:50.383+0000] {logging_mixin.py:137} INFO - Grant Jackson
[2023-02-01T19:11:50.387+0000] {logging_mixin.py:137} INFO - Erin Baker
[2023-02-01T19:11:50.391+0000] {logging_mixin.py:137} INFO - Scott Flowers
[2023-02-01T19:11:50.392+0000] {logging_mixin.py:137} INFO - James Adams
[2023-02-01T19:11:50.394+0000] {logging_mixin.py:137} INFO - Heather Alvarado
[2023-02-01T19:11:50.396+0000] {logging_mixin.py:137} INFO - Jennifer Snow
[2023-02-01T19:11:50.399+0000] {logging_mixin.py:137} INFO - Mario Jackson
[2023-02-01T19:11:50.402+0000] {logging_mixin.py:137} INFO - Kevin Collins
[2023-02-01T19:11:50.405+0000] {logging_mixin.py:137} INFO - Danielle Garcia
[2023-02-01T19:11:50.408+0000] {logging_mixin.py:137} INFO - Brenda Jackson
[2023-02-01T19:11:50.411+0000] {logging_mixin.py:137} INFO - Ashley Parker
[2023-02-01T19:11:50.413+0000] {logging_mixin.py:137} INFO - Angela Hickman
[2023-02-01T19:11:50.414+0000] {logging_mixin.py:137} INFO - Carol Rodriguez
[2023-02-01T19:11:50.418+0000] {logging_mixin.py:137} INFO - Vernon Anderson
[2023-02-01T19:11:50.420+0000] {logging_mixin.py:137} INFO - Jesus Church
[2023-02-01T19:11:50.427+0000] {logging_mixin.py:137} INFO - Michelle Medina
[2023-02-01T19:11:50.430+0000] {logging_mixin.py:137} INFO - Nancy Bryant
[2023-02-01T19:11:50.432+0000] {logging_mixin.py:137} INFO - Jennifer Martinez
[2023-02-01T19:11:50.434+0000] {logging_mixin.py:137} INFO - Amy Dougherty
[2023-02-01T19:11:50.438+0000] {logging_mixin.py:137} INFO - Alexis Sanders
[2023-02-01T19:11:50.441+0000] {logging_mixin.py:137} INFO - Austin Salazar
[2023-02-01T19:11:50.442+0000] {logging_mixin.py:137} INFO - Amy Williams
[2023-02-01T19:11:50.444+0000] {logging_mixin.py:137} INFO - Richard Haynes
[2023-02-01T19:11:50.450+0000] {logging_mixin.py:137} INFO - Christine Stark
[2023-02-01T19:11:50.452+0000] {logging_mixin.py:137} INFO - Anita Medina
[2023-02-01T19:11:50.454+0000] {logging_mixin.py:137} INFO - Mr. Thomas Duran
[2023-02-01T19:11:50.456+0000] {logging_mixin.py:137} INFO - Mr. Russell Peterson
[2023-02-01T19:11:50.459+0000] {logging_mixin.py:137} INFO - Jack Richard
[2023-02-01T19:11:50.462+0000] {logging_mixin.py:137} INFO - Michelle Erickson
[2023-02-01T19:11:50.463+0000] {logging_mixin.py:137} INFO - Mitchell Williams
[2023-02-01T19:11:50.466+0000] {logging_mixin.py:137} INFO - Adrian Herrera
[2023-02-01T19:11:50.468+0000] {logging_mixin.py:137} INFO - Michael Brady
[2023-02-01T19:11:50.475+0000] {logging_mixin.py:137} INFO - Jamie Zhang
[2023-02-01T19:11:50.477+0000] {logging_mixin.py:137} INFO - Helen Brennan
[2023-02-01T19:11:50.488+0000] {logging_mixin.py:137} INFO - John Myers
[2023-02-01T19:11:50.490+0000] {logging_mixin.py:137} INFO - Patricia Nash
[2023-02-01T19:11:50.494+0000] {logging_mixin.py:137} INFO - Michael Johnson
[2023-02-01T19:11:50.496+0000] {logging_mixin.py:137} INFO - Anita Berger
[2023-02-01T19:11:50.498+0000] {logging_mixin.py:137} INFO - Jason Guerrero DVM
[2023-02-01T19:11:50.500+0000] {logging_mixin.py:137} INFO - Kimberly Davis
[2023-02-01T19:11:50.502+0000] {logging_mixin.py:137} INFO - Bryan Hansen
[2023-02-01T19:11:50.504+0000] {logging_mixin.py:137} INFO - Rebecca Obrien
[2023-02-01T19:11:50.513+0000] {logging_mixin.py:137} INFO - Sarah Santiago
[2023-02-01T19:11:50.516+0000] {logging_mixin.py:137} INFO - Christine Lane
[2023-02-01T19:11:50.519+0000] {logging_mixin.py:137} INFO - Jerry Lewis
[2023-02-01T19:11:50.522+0000] {logging_mixin.py:137} INFO - Stephanie Miller
[2023-02-01T19:11:50.524+0000] {logging_mixin.py:137} INFO - Kristi Bradley
[2023-02-01T19:11:50.528+0000] {logging_mixin.py:137} INFO - Darren Moore
[2023-02-01T19:11:50.531+0000] {logging_mixin.py:137} INFO - Kristina Cunningham
[2023-02-01T19:11:50.533+0000] {logging_mixin.py:137} INFO - Laurie Moore
[2023-02-01T19:11:50.536+0000] {logging_mixin.py:137} INFO - Aaron Lewis
[2023-02-01T19:11:50.539+0000] {logging_mixin.py:137} INFO - Theresa Vang
[2023-02-01T19:11:50.545+0000] {logging_mixin.py:137} INFO - Chase Reese
[2023-02-01T19:11:50.553+0000] {logging_mixin.py:137} INFO - Matthew Ferguson
[2023-02-01T19:11:50.555+0000] {logging_mixin.py:137} INFO - Victoria Lewis
[2023-02-01T19:11:50.557+0000] {logging_mixin.py:137} INFO - Jon Scott
[2023-02-01T19:11:50.558+0000] {logging_mixin.py:137} INFO - Lisa Campbell
[2023-02-01T19:11:50.560+0000] {logging_mixin.py:137} INFO - David Ramirez
[2023-02-01T19:11:50.561+0000] {logging_mixin.py:137} INFO - Gabriel Rosario
[2023-02-01T19:11:50.563+0000] {logging_mixin.py:137} INFO - Kristi Johnson
[2023-02-01T19:11:50.566+0000] {logging_mixin.py:137} INFO - Jennifer Schwartz
[2023-02-01T19:11:50.569+0000] {logging_mixin.py:137} INFO - Daniel Norton
[2023-02-01T19:11:50.572+0000] {logging_mixin.py:137} INFO - Richard Montoya
[2023-02-01T19:11:50.574+0000] {logging_mixin.py:137} INFO - Daniel Norris
[2023-02-01T19:11:50.576+0000] {logging_mixin.py:137} INFO - Chad Taylor
[2023-02-01T19:11:50.579+0000] {logging_mixin.py:137} INFO - Angie Allen
[2023-02-01T19:11:50.581+0000] {logging_mixin.py:137} INFO - Michael Brooks
[2023-02-01T19:11:50.588+0000] {logging_mixin.py:137} INFO - Hannah Poole
[2023-02-01T19:11:50.590+0000] {logging_mixin.py:137} INFO - Caitlin Ray
[2023-02-01T19:11:50.594+0000] {logging_mixin.py:137} INFO - Mr. Steven Gardner
[2023-02-01T19:11:50.601+0000] {logging_mixin.py:137} INFO - Jennifer Macdonald
[2023-02-01T19:11:50.609+0000] {logging_mixin.py:137} INFO - Vanessa Small
[2023-02-01T19:11:50.612+0000] {logging_mixin.py:137} INFO - Dennis Gray
[2023-02-01T19:11:50.615+0000] {logging_mixin.py:137} INFO - Sandra Kirk
[2023-02-01T19:11:50.617+0000] {logging_mixin.py:137} INFO - Jason Wagner
[2023-02-01T19:11:50.620+0000] {logging_mixin.py:137} INFO - David Owen
[2023-02-01T19:11:50.622+0000] {logging_mixin.py:137} INFO - Rose Terrell
[2023-02-01T19:11:50.624+0000] {logging_mixin.py:137} INFO - James Green MD
[2023-02-01T19:11:50.626+0000] {logging_mixin.py:137} INFO - Tammy Patel
[2023-02-01T19:11:50.629+0000] {logging_mixin.py:137} INFO - Joseph Lucero
[2023-02-01T19:11:50.632+0000] {logging_mixin.py:137} INFO - Stephanie Rojas
[2023-02-01T19:11:50.636+0000] {logging_mixin.py:137} INFO - Brittany Johnson
[2023-02-01T19:11:50.641+0000] {logging_mixin.py:137} INFO - Christina Cummings
[2023-02-01T19:11:50.643+0000] {logging_mixin.py:137} INFO - Eric Downs
[2023-02-01T19:11:50.647+0000] {logging_mixin.py:137} INFO - Paul Finley
[2023-02-01T19:11:50.652+0000] {logging_mixin.py:137} INFO - Danielle Jackson
[2023-02-01T19:11:50.655+0000] {logging_mixin.py:137} INFO - Anna Johnston
[2023-02-01T19:11:50.657+0000] {logging_mixin.py:137} INFO - Ashlee Hodges
[2023-02-01T19:11:50.659+0000] {logging_mixin.py:137} INFO - Thomas Francis
[2023-02-01T19:11:50.660+0000] {logging_mixin.py:137} INFO - Cody Baird
[2023-02-01T19:11:50.663+0000] {logging_mixin.py:137} INFO - Jeffrey Walter
[2023-02-01T19:11:50.665+0000] {logging_mixin.py:137} INFO - Hannah West
[2023-02-01T19:11:50.668+0000] {logging_mixin.py:137} INFO - Anthony Byrd
[2023-02-01T19:11:50.670+0000] {logging_mixin.py:137} INFO - Julie Ramirez
[2023-02-01T19:11:50.671+0000] {logging_mixin.py:137} INFO - Seth Peters
[2023-02-01T19:11:50.674+0000] {logging_mixin.py:137} INFO - Keith Salas
[2023-02-01T19:11:50.676+0000] {logging_mixin.py:137} INFO - Kathryn Evans
[2023-02-01T19:11:50.679+0000] {logging_mixin.py:137} INFO - Dr. Maria Scott
[2023-02-01T19:11:50.682+0000] {logging_mixin.py:137} INFO - Brenda Thomas
[2023-02-01T19:11:50.688+0000] {logging_mixin.py:137} INFO - Travis Douglas
[2023-02-01T19:11:50.693+0000] {logging_mixin.py:137} INFO - Kurt Santos
[2023-02-01T19:11:50.698+0000] {logging_mixin.py:137} INFO - Sean Parrish
[2023-02-01T19:11:50.701+0000] {logging_mixin.py:137} INFO - Brittany Walls
[2023-02-01T19:11:50.703+0000] {logging_mixin.py:137} INFO - Gail Brooks
[2023-02-01T19:11:50.706+0000] {logging_mixin.py:137} INFO - Valerie Johnson
[2023-02-01T19:11:50.710+0000] {logging_mixin.py:137} INFO - Jessica Dunn
[2023-02-01T19:11:50.714+0000] {logging_mixin.py:137} INFO - Chad Robinson
[2023-02-01T19:11:50.716+0000] {logging_mixin.py:137} INFO - Catherine Combs
[2023-02-01T19:11:50.718+0000] {logging_mixin.py:137} INFO - Joshua Boyd
[2023-02-01T19:11:50.719+0000] {logging_mixin.py:137} INFO - Alicia Barnett DVM
[2023-02-01T19:11:50.723+0000] {logging_mixin.py:137} INFO - Kevin Cervantes
[2023-02-01T19:11:50.726+0000] {logging_mixin.py:137} INFO - Larry Lester
[2023-02-01T19:11:50.728+0000] {logging_mixin.py:137} INFO - Deanna Espinoza
[2023-02-01T19:11:50.729+0000] {logging_mixin.py:137} INFO - Marilyn Davis
[2023-02-01T19:11:50.734+0000] {logging_mixin.py:137} INFO - Michael Weeks
[2023-02-01T19:11:50.737+0000] {logging_mixin.py:137} INFO - Brandon Stanton
[2023-02-01T19:11:50.741+0000] {logging_mixin.py:137} INFO - Ryan Boyer Jr.
[2023-02-01T19:11:50.743+0000] {logging_mixin.py:137} INFO - Amanda Elliott
[2023-02-01T19:11:50.746+0000] {logging_mixin.py:137} INFO - David Moore
[2023-02-01T19:11:50.749+0000] {logging_mixin.py:137} INFO - Andre Williams
[2023-02-01T19:11:50.751+0000] {logging_mixin.py:137} INFO - Jennifer Garcia
[2023-02-01T19:11:50.754+0000] {logging_mixin.py:137} INFO - Tracey Cook
[2023-02-01T19:11:50.757+0000] {logging_mixin.py:137} INFO - Michael Turner
[2023-02-01T19:11:50.759+0000] {logging_mixin.py:137} INFO - Diana Long
[2023-02-01T19:11:50.760+0000] {logging_mixin.py:137} INFO - John Bradley
[2023-02-01T19:11:50.763+0000] {logging_mixin.py:137} INFO - Ann Benjamin
[2023-02-01T19:11:50.766+0000] {logging_mixin.py:137} INFO - Shane House
[2023-02-01T19:11:50.768+0000] {logging_mixin.py:137} INFO - Erin Lee
[2023-02-01T19:11:50.771+0000] {logging_mixin.py:137} INFO - Joseph Gray
[2023-02-01T19:11:50.772+0000] {logging_mixin.py:137} INFO - Betty Gibson
[2023-02-01T19:11:50.774+0000] {logging_mixin.py:137} INFO - Kristen Graham
[2023-02-01T19:11:50.779+0000] {logging_mixin.py:137} INFO - Daniel Meza
[2023-02-01T19:11:50.781+0000] {logging_mixin.py:137} INFO - Sherri Carpenter
[2023-02-01T19:11:50.783+0000] {logging_mixin.py:137} INFO - Andrea Sanchez
[2023-02-01T19:11:50.784+0000] {logging_mixin.py:137} INFO - Jordan Rios
[2023-02-01T19:11:50.786+0000] {logging_mixin.py:137} INFO - Elizabeth Jackson
[2023-02-01T19:11:50.788+0000] {logging_mixin.py:137} INFO - Elizabeth Myers
[2023-02-01T19:11:50.793+0000] {logging_mixin.py:137} INFO - Juan Barnes
[2023-02-01T19:11:50.795+0000] {logging_mixin.py:137} INFO - Christopher Lozano
[2023-02-01T19:11:50.796+0000] {logging_mixin.py:137} INFO - Jacqueline Griffin
[2023-02-01T19:11:50.798+0000] {logging_mixin.py:137} INFO - Ryan Mason
[2023-02-01T19:11:50.799+0000] {logging_mixin.py:137} INFO - Jonathan Moore
[2023-02-01T19:11:50.801+0000] {logging_mixin.py:137} INFO - Abigail Landry
[2023-02-01T19:11:50.803+0000] {logging_mixin.py:137} INFO - Brenda Hernandez
[2023-02-01T19:11:50.805+0000] {logging_mixin.py:137} INFO - Zachary Pitts
[2023-02-01T19:11:50.809+0000] {logging_mixin.py:137} INFO - Amanda Rogers
[2023-02-01T19:11:50.813+0000] {logging_mixin.py:137} INFO - Cynthia Gray
[2023-02-01T19:11:50.815+0000] {logging_mixin.py:137} INFO - Tyler Barajas
[2023-02-01T19:11:50.816+0000] {logging_mixin.py:137} INFO - Michelle Leon
[2023-02-01T19:11:50.818+0000] {logging_mixin.py:137} INFO - Kathy Lang
[2023-02-01T19:11:50.826+0000] {logging_mixin.py:137} INFO - Scott Townsend MD
[2023-02-01T19:11:50.833+0000] {logging_mixin.py:137} INFO - Theresa Acosta
[2023-02-01T19:11:50.836+0000] {logging_mixin.py:137} INFO - David Jones
[2023-02-01T19:11:50.839+0000] {logging_mixin.py:137} INFO - Jeremy Robinson
[2023-02-01T19:11:50.842+0000] {logging_mixin.py:137} INFO - James Newton
[2023-02-01T19:11:50.847+0000] {logging_mixin.py:137} INFO - Tracey Wells
[2023-02-01T19:11:50.850+0000] {logging_mixin.py:137} INFO - Maria Nelson
[2023-02-01T19:11:50.851+0000] {logging_mixin.py:137} INFO - Christopher Griffith
[2023-02-01T19:11:50.854+0000] {logging_mixin.py:137} INFO - Zachary Griffin
[2023-02-01T19:11:50.858+0000] {logging_mixin.py:137} INFO - Amy Nguyen
[2023-02-01T19:11:50.859+0000] {logging_mixin.py:137} INFO - April Williams
[2023-02-01T19:11:50.861+0000] {logging_mixin.py:137} INFO - Marissa Kelly
[2023-02-01T19:11:50.863+0000] {logging_mixin.py:137} INFO - Brian Lopez PhD
[2023-02-01T19:11:50.865+0000] {logging_mixin.py:137} INFO - William Williams
[2023-02-01T19:11:50.867+0000] {logging_mixin.py:137} INFO - Norman Brown
[2023-02-01T19:11:50.868+0000] {logging_mixin.py:137} INFO - Charles Fuentes
[2023-02-01T19:11:50.870+0000] {logging_mixin.py:137} INFO - Anthony Chang
[2023-02-01T19:11:50.873+0000] {logging_mixin.py:137} INFO - Mary Bell
[2023-02-01T19:11:50.875+0000] {logging_mixin.py:137} INFO - Elizabeth Stuart
[2023-02-01T19:11:50.880+0000] {logging_mixin.py:137} INFO - Mary Mcdonald
[2023-02-01T19:11:50.882+0000] {logging_mixin.py:137} INFO - Martin Harrison
[2023-02-01T19:11:50.884+0000] {logging_mixin.py:137} INFO - Stephanie Fernandez
[2023-02-01T19:11:50.885+0000] {logging_mixin.py:137} INFO - Christopher Brown
[2023-02-01T19:11:50.887+0000] {logging_mixin.py:137} INFO - Alexander Stephenson
[2023-02-01T19:11:50.889+0000] {logging_mixin.py:137} INFO - Grace Diaz
[2023-02-01T19:11:50.892+0000] {logging_mixin.py:137} INFO - Frank Bartlett
[2023-02-01T19:11:50.894+0000] {logging_mixin.py:137} INFO - Audrey Andersen
[2023-02-01T19:11:50.896+0000] {logging_mixin.py:137} INFO - David Green
[2023-02-01T19:11:50.898+0000] {logging_mixin.py:137} INFO - Joshua Diaz Jr.
[2023-02-01T19:11:50.900+0000] {logging_mixin.py:137} INFO - Emily Garcia
[2023-02-01T19:11:50.901+0000] {logging_mixin.py:137} INFO - Devin Hall
[2023-02-01T19:11:50.903+0000] {logging_mixin.py:137} INFO - Phillip Garner
[2023-02-01T19:11:50.908+0000] {logging_mixin.py:137} INFO - Katherine Estrada
[2023-02-01T19:11:50.910+0000] {logging_mixin.py:137} INFO - Corey Saunders
[2023-02-01T19:11:50.912+0000] {logging_mixin.py:137} INFO - Kimberly Collins
[2023-02-01T19:11:50.914+0000] {logging_mixin.py:137} INFO - Amy Elliott
[2023-02-01T19:11:50.915+0000] {logging_mixin.py:137} INFO - Tanya Jones
[2023-02-01T19:11:50.917+0000] {logging_mixin.py:137} INFO - Patricia Gonzalez
[2023-02-01T19:11:50.919+0000] {logging_mixin.py:137} INFO - Jennifer Hill
[2023-02-01T19:11:50.920+0000] {logging_mixin.py:137} INFO - John Haynes
[2023-02-01T19:11:50.922+0000] {logging_mixin.py:137} INFO - Jacob Henry
[2023-02-01T19:11:50.925+0000] {logging_mixin.py:137} INFO - Daniel Clark
[2023-02-01T19:11:50.927+0000] {logging_mixin.py:137} INFO - Jonathon Taylor
[2023-02-01T19:11:50.929+0000] {logging_mixin.py:137} INFO - Jesse Evans
[2023-02-01T19:11:50.931+0000] {logging_mixin.py:137} INFO - James Martinez
[2023-02-01T19:11:50.935+0000] {logging_mixin.py:137} INFO - Kyle Reyes
[2023-02-01T19:11:50.937+0000] {logging_mixin.py:137} INFO - Terrence Barker
[2023-02-01T19:11:50.938+0000] {logging_mixin.py:137} INFO - Anthony Washington
[2023-02-01T19:11:50.941+0000] {logging_mixin.py:137} INFO - Dustin Le
[2023-02-01T19:11:50.943+0000] {logging_mixin.py:137} INFO - Bruce Clark
[2023-02-01T19:11:50.947+0000] {logging_mixin.py:137} INFO - Keith Anthony
[2023-02-01T19:11:50.951+0000] {logging_mixin.py:137} INFO - Jeremiah Stone
[2023-02-01T19:11:50.953+0000] {logging_mixin.py:137} INFO - Michael Haley
[2023-02-01T19:11:50.955+0000] {logging_mixin.py:137} INFO - Regina Carrillo
[2023-02-01T19:11:50.956+0000] {logging_mixin.py:137} INFO - Jacob Lee
[2023-02-01T19:11:50.958+0000] {logging_mixin.py:137} INFO - Thomas Gonzalez
[2023-02-01T19:11:50.959+0000] {logging_mixin.py:137} INFO - Mark Lawrence
[2023-02-01T19:11:50.961+0000] {logging_mixin.py:137} INFO - Matthew Anderson
[2023-02-01T19:11:50.963+0000] {logging_mixin.py:137} INFO - Nicholas Young
[2023-02-01T19:11:50.964+0000] {logging_mixin.py:137} INFO - Melvin Martinez
[2023-02-01T19:11:50.967+0000] {logging_mixin.py:137} INFO - Scott Green
[2023-02-01T19:11:50.969+0000] {logging_mixin.py:137} INFO - Dana Richards
[2023-02-01T19:11:50.970+0000] {logging_mixin.py:137} INFO - Lauren Moore
[2023-02-01T19:11:50.972+0000] {logging_mixin.py:137} INFO - Terry Campbell
[2023-02-01T19:11:50.976+0000] {logging_mixin.py:137} INFO - Ralph Jordan
[2023-02-01T19:11:50.978+0000] {logging_mixin.py:137} INFO - Noah Reyes
[2023-02-01T19:11:50.979+0000] {logging_mixin.py:137} INFO - Mr. Gregory Mills MD
[2023-02-01T19:11:50.981+0000] {logging_mixin.py:137} INFO - Michelle Yates
[2023-02-01T19:11:50.982+0000] {logging_mixin.py:137} INFO - Robin Reyes
[2023-02-01T19:11:50.984+0000] {logging_mixin.py:137} INFO - Rebecca Smith
[2023-02-01T19:11:50.985+0000] {logging_mixin.py:137} INFO - Nicole Torres
[2023-02-01T19:11:50.987+0000] {logging_mixin.py:137} INFO - Ronald Jones
[2023-02-01T19:11:50.990+0000] {logging_mixin.py:137} INFO - Michael Castaneda
[2023-02-01T19:11:50.992+0000] {logging_mixin.py:137} INFO - Christopher Krueger
[2023-02-01T19:11:50.993+0000] {logging_mixin.py:137} INFO - Jennifer Werner
[2023-02-01T19:11:50.994+0000] {logging_mixin.py:137} INFO - Ashley Smith
[2023-02-01T19:11:50.995+0000] {logging_mixin.py:137} INFO - Alyssa Fields
[2023-02-01T19:11:50.997+0000] {logging_mixin.py:137} INFO - John Scott
[2023-02-01T19:11:50.998+0000] {logging_mixin.py:137} INFO - Debra Delacruz
[2023-02-01T19:11:51.000+0000] {logging_mixin.py:137} INFO - James Madden
[2023-02-01T19:11:51.001+0000] {logging_mixin.py:137} INFO - Joseph Gentry
[2023-02-01T19:11:51.003+0000] {logging_mixin.py:137} INFO - Ashley Cabrera
[2023-02-01T19:11:51.005+0000] {logging_mixin.py:137} INFO - Jennifer Fernandez
[2023-02-01T19:11:51.007+0000] {logging_mixin.py:137} INFO - James Harris
[2023-02-01T19:11:51.008+0000] {logging_mixin.py:137} INFO - Candice Young
[2023-02-01T19:11:51.009+0000] {logging_mixin.py:137} INFO - Lisa Baker
[2023-02-01T19:11:51.011+0000] {logging_mixin.py:137} INFO - Brian Mills DDS
[2023-02-01T19:11:51.013+0000] {logging_mixin.py:137} INFO - Kristin Smith
[2023-02-01T19:11:51.017+0000] {logging_mixin.py:137} INFO - Jacob Collins
[2023-02-01T19:11:51.018+0000] {logging_mixin.py:137} INFO - Kimberly Harris
[2023-02-01T19:11:51.020+0000] {logging_mixin.py:137} INFO - Michael Hull
[2023-02-01T19:11:51.022+0000] {logging_mixin.py:137} INFO - Caitlin Todd
[2023-02-01T19:11:51.023+0000] {logging_mixin.py:137} INFO - Lisa Harris
[2023-02-01T19:11:51.025+0000] {logging_mixin.py:137} INFO - Mrs. Ann Stone
[2023-02-01T19:11:51.026+0000] {logging_mixin.py:137} INFO - Michelle Case
[2023-02-01T19:11:51.027+0000] {logging_mixin.py:137} INFO - Joe Lowe
[2023-02-01T19:11:51.029+0000] {logging_mixin.py:137} INFO - Randall Dunn
[2023-02-01T19:11:51.031+0000] {logging_mixin.py:137} INFO - Paula Vargas
[2023-02-01T19:11:51.033+0000] {logging_mixin.py:137} INFO - Daniel Walker
[2023-02-01T19:11:51.034+0000] {logging_mixin.py:137} INFO - James Jackson
[2023-02-01T19:11:51.035+0000] {logging_mixin.py:137} INFO - Shirley Woodard
[2023-02-01T19:11:51.038+0000] {logging_mixin.py:137} INFO - James Hayes
[2023-02-01T19:11:51.040+0000] {logging_mixin.py:137} INFO - Megan Austin
[2023-02-01T19:11:51.042+0000] {logging_mixin.py:137} INFO - Erin Robertson
[2023-02-01T19:11:51.045+0000] {logging_mixin.py:137} INFO - Robert Phillips
[2023-02-01T19:11:51.046+0000] {logging_mixin.py:137} INFO - Amy Torres
[2023-02-01T19:11:51.049+0000] {logging_mixin.py:137} INFO - Joshua Cox
[2023-02-01T19:11:51.057+0000] {logging_mixin.py:137} INFO - Duane Grimes
[2023-02-01T19:11:51.058+0000] {logging_mixin.py:137} INFO - Jennifer Burgess
[2023-02-01T19:11:51.061+0000] {logging_mixin.py:137} INFO - Carlos Duran
[2023-02-01T19:11:51.062+0000] {logging_mixin.py:137} INFO - Jason Johnson
[2023-02-01T19:11:51.063+0000] {logging_mixin.py:137} INFO - Cameron Greer
[2023-02-01T19:11:51.064+0000] {logging_mixin.py:137} INFO - Randall Williams
[2023-02-01T19:11:51.068+0000] {logging_mixin.py:137} INFO - Jessica Harris
[2023-02-01T19:11:51.069+0000] {logging_mixin.py:137} INFO - Joshua Rogers
[2023-02-01T19:11:51.071+0000] {logging_mixin.py:137} INFO - Jose Mahoney
[2023-02-01T19:11:51.072+0000] {logging_mixin.py:137} INFO - Brandy Fuentes
[2023-02-01T19:11:51.075+0000] {logging_mixin.py:137} INFO - Angelica Matthews
[2023-02-01T19:11:51.077+0000] {logging_mixin.py:137} INFO - Glenn Caldwell
[2023-02-01T19:11:51.079+0000] {logging_mixin.py:137} INFO - Cristian Delacruz
[2023-02-01T19:11:51.081+0000] {logging_mixin.py:137} INFO - Alexandra Price
[2023-02-01T19:11:51.084+0000] {logging_mixin.py:137} INFO - Heather Wilson
[2023-02-01T19:11:51.086+0000] {logging_mixin.py:137} INFO - Shawn Thompson
[2023-02-01T19:11:51.088+0000] {logging_mixin.py:137} INFO - Anna Daniel
[2023-02-01T19:11:51.090+0000] {logging_mixin.py:137} INFO - Joseph Cisneros
[2023-02-01T19:11:51.092+0000] {logging_mixin.py:137} INFO - Rebecca Estes
[2023-02-01T19:11:51.094+0000] {logging_mixin.py:137} INFO - Jeremy Porter
[2023-02-01T19:11:51.096+0000] {logging_mixin.py:137} INFO - Lisa Mann
[2023-02-01T19:11:51.097+0000] {logging_mixin.py:137} INFO - Michael Woods
[2023-02-01T19:11:51.099+0000] {logging_mixin.py:137} INFO - Madison Thompson
[2023-02-01T19:11:51.101+0000] {logging_mixin.py:137} INFO - Nancy Gomez
[2023-02-01T19:11:51.102+0000] {logging_mixin.py:137} INFO - Julie Blanchard
[2023-02-01T19:11:51.105+0000] {logging_mixin.py:137} INFO - Michael Smith
[2023-02-01T19:11:51.108+0000] {logging_mixin.py:137} INFO - Angel Huber
[2023-02-01T19:11:51.109+0000] {logging_mixin.py:137} INFO - Michael Coffey
[2023-02-01T19:11:51.111+0000] {logging_mixin.py:137} INFO - Patrick Walter
[2023-02-01T19:11:51.112+0000] {logging_mixin.py:137} INFO - Curtis Davis
[2023-02-01T19:11:51.114+0000] {logging_mixin.py:137} INFO - Kyle Stewart
[2023-02-01T19:11:51.115+0000] {logging_mixin.py:137} INFO - Angela Jimenez
[2023-02-01T19:11:51.117+0000] {logging_mixin.py:137} INFO - Andrew Martinez
[2023-02-01T19:11:51.118+0000] {logging_mixin.py:137} INFO - Angela West
[2023-02-01T19:11:51.122+0000] {logging_mixin.py:137} INFO - Ryan Young
[2023-02-01T19:11:51.135+0000] {logging_mixin.py:137} INFO - Nathaniel Evans
[2023-02-01T19:11:51.137+0000] {logging_mixin.py:137} INFO - Dawn Bryant
[2023-02-01T19:11:51.139+0000] {logging_mixin.py:137} INFO - Danielle Lewis
[2023-02-01T19:11:51.141+0000] {logging_mixin.py:137} INFO - Matthew Newman
[2023-02-01T19:11:51.146+0000] {logging_mixin.py:137} INFO - Robert Smith
[2023-02-01T19:11:51.148+0000] {logging_mixin.py:137} INFO - Melissa Hicks
[2023-02-01T19:11:51.150+0000] {logging_mixin.py:137} INFO - Emily Lambert
[2023-02-01T19:11:51.151+0000] {logging_mixin.py:137} INFO - Krystal Wolfe
[2023-02-01T19:11:51.153+0000] {logging_mixin.py:137} INFO - Donna Murillo
[2023-02-01T19:11:51.155+0000] {logging_mixin.py:137} INFO - Carl Hudson
[2023-02-01T19:11:51.157+0000] {logging_mixin.py:137} INFO - Robert Wilson
[2023-02-01T19:11:51.158+0000] {logging_mixin.py:137} INFO - Patrick Mathis
[2023-02-01T19:11:51.160+0000] {logging_mixin.py:137} INFO - Michael Suarez
[2023-02-01T19:11:51.164+0000] {logging_mixin.py:137} INFO - David Johnson
[2023-02-01T19:11:51.166+0000] {logging_mixin.py:137} INFO - William Thompson
[2023-02-01T19:11:51.168+0000] {logging_mixin.py:137} INFO - Jessica Hansen DVM
[2023-02-01T19:11:51.170+0000] {logging_mixin.py:137} INFO - Katherine Friedman
[2023-02-01T19:11:51.171+0000] {logging_mixin.py:137} INFO - Jillian Johnson
[2023-02-01T19:11:51.173+0000] {logging_mixin.py:137} INFO - Robert Mckee
[2023-02-01T19:11:51.175+0000] {logging_mixin.py:137} INFO - Rachel Little
[2023-02-01T19:11:51.176+0000] {logging_mixin.py:137} INFO - Patricia Smith
[2023-02-01T19:11:51.179+0000] {logging_mixin.py:137} INFO - Heidi Martinez
[2023-02-01T19:11:51.181+0000] {logging_mixin.py:137} INFO - Caitlin Solomon
[2023-02-01T19:11:51.182+0000] {logging_mixin.py:137} INFO - Dr. Olivia Pugh
[2023-02-01T19:11:51.184+0000] {logging_mixin.py:137} INFO - John Steele DDS
[2023-02-01T19:11:51.187+0000] {logging_mixin.py:137} INFO - Jeremy Mathews
[2023-02-01T19:11:51.188+0000] {logging_mixin.py:137} INFO - Tiffany Hill
[2023-02-01T19:11:51.190+0000] {logging_mixin.py:137} INFO - Steven Edwards
[2023-02-01T19:11:51.191+0000] {logging_mixin.py:137} INFO - Charles Campbell
[2023-02-01T19:11:51.193+0000] {logging_mixin.py:137} INFO - Brett Hughes
[2023-02-01T19:11:51.195+0000] {logging_mixin.py:137} INFO - Christina Villegas
[2023-02-01T19:11:51.201+0000] {logging_mixin.py:137} INFO - Anthony Garcia
[2023-02-01T19:11:51.203+0000] {logging_mixin.py:137} INFO - Nathan Murphy
[2023-02-01T19:11:51.205+0000] {logging_mixin.py:137} INFO - Steven Dodson
[2023-02-01T19:11:51.207+0000] {logging_mixin.py:137} INFO - Brian Sullivan
[2023-02-01T19:11:51.208+0000] {logging_mixin.py:137} INFO - Renee White
[2023-02-01T19:11:51.209+0000] {logging_mixin.py:137} INFO - Laura Rowland
[2023-02-01T19:11:51.211+0000] {logging_mixin.py:137} INFO - John Moore
[2023-02-01T19:11:51.212+0000] {logging_mixin.py:137} INFO - Sophia Mckenzie
[2023-02-01T19:11:51.214+0000] {logging_mixin.py:137} INFO - David Roach
[2023-02-01T19:11:51.215+0000] {logging_mixin.py:137} INFO - Jennifer Patterson
[2023-02-01T19:11:51.218+0000] {logging_mixin.py:137} INFO - James Richards
[2023-02-01T19:11:51.224+0000] {logging_mixin.py:137} INFO - Mary Johnston
[2023-02-01T19:11:51.226+0000] {logging_mixin.py:137} INFO - Brandon Mcdaniel
[2023-02-01T19:11:51.227+0000] {logging_mixin.py:137} INFO - Meghan Stevenson
[2023-02-01T19:11:51.229+0000] {logging_mixin.py:137} INFO - Luis Hayes
[2023-02-01T19:11:51.231+0000] {logging_mixin.py:137} INFO - Alejandra Sloan
[2023-02-01T19:11:51.233+0000] {logging_mixin.py:137} INFO - Dr. Sandra Miller
[2023-02-01T19:11:51.238+0000] {logging_mixin.py:137} INFO - Dustin Bond
[2023-02-01T19:11:51.241+0000] {logging_mixin.py:137} INFO - Julia Patrick MD
[2023-02-01T19:11:51.243+0000] {logging_mixin.py:137} INFO - Jill Campbell
[2023-02-01T19:11:51.246+0000] {logging_mixin.py:137} INFO - Mark Ford
[2023-02-01T19:11:51.248+0000] {logging_mixin.py:137} INFO - Brian Long
[2023-02-01T19:11:51.252+0000] {logging_mixin.py:137} INFO - Lisa Peterson
[2023-02-01T19:11:51.255+0000] {logging_mixin.py:137} INFO - Matthew Lee
[2023-02-01T19:11:51.257+0000] {logging_mixin.py:137} INFO - Bradley Miller
[2023-02-01T19:11:51.261+0000] {logging_mixin.py:137} INFO - Jeffrey Moss
[2023-02-01T19:11:51.262+0000] {logging_mixin.py:137} INFO - Sara Carlson
[2023-02-01T19:11:51.264+0000] {logging_mixin.py:137} INFO - Daniel Rodriguez
[2023-02-01T19:11:51.265+0000] {logging_mixin.py:137} INFO - Jeremy David
[2023-02-01T19:11:51.267+0000] {logging_mixin.py:137} INFO - Eric Green
[2023-02-01T19:11:51.268+0000] {logging_mixin.py:137} INFO - Alexis Jones
[2023-02-01T19:11:51.270+0000] {logging_mixin.py:137} INFO - Matthew Rose
[2023-02-01T19:11:51.271+0000] {logging_mixin.py:137} INFO - Catherine Anderson
[2023-02-01T19:11:51.273+0000] {logging_mixin.py:137} INFO - Holly Burton
[2023-02-01T19:11:51.274+0000] {logging_mixin.py:137} INFO - David Matthews
[2023-02-01T19:11:51.275+0000] {logging_mixin.py:137} INFO - Mrs. Kara Little
[2023-02-01T19:11:51.281+0000] {logging_mixin.py:137} INFO - Jeffrey Stanley
[2023-02-01T19:11:51.282+0000] {logging_mixin.py:137} INFO - James Ochoa
[2023-02-01T19:11:51.284+0000] {logging_mixin.py:137} INFO - Jason Frye
[2023-02-01T19:11:51.286+0000] {logging_mixin.py:137} INFO - Christopher Ellis
[2023-02-01T19:11:51.288+0000] {logging_mixin.py:137} INFO - Michelle Nixon
[2023-02-01T19:11:51.292+0000] {logging_mixin.py:137} INFO - Andrew Gill
[2023-02-01T19:11:51.293+0000] {logging_mixin.py:137} INFO - Jennifer Wilson
[2023-02-01T19:11:51.295+0000] {logging_mixin.py:137} INFO - Shawn Black
[2023-02-01T19:11:51.297+0000] {logging_mixin.py:137} INFO - April Patterson
[2023-02-01T19:11:51.299+0000] {logging_mixin.py:137} INFO - Troy Vaughn
[2023-02-01T19:11:51.300+0000] {logging_mixin.py:137} INFO - Alexandria White
[2023-02-01T19:11:51.303+0000] {logging_mixin.py:137} INFO - Scott Phillips
[2023-02-01T19:11:51.307+0000] {logging_mixin.py:137} INFO - Zachary Cisneros
[2023-02-01T19:11:51.308+0000] {logging_mixin.py:137} INFO - Deborah Brown
[2023-02-01T19:11:51.310+0000] {logging_mixin.py:137} INFO - Monica Moses
[2023-02-01T19:11:51.312+0000] {logging_mixin.py:137} INFO - Brenda Reyes
[2023-02-01T19:11:51.314+0000] {logging_mixin.py:137} INFO - Miss Renee Allen
[2023-02-01T19:11:51.316+0000] {logging_mixin.py:137} INFO - Susan Clark
[2023-02-01T19:11:51.318+0000] {logging_mixin.py:137} INFO - Brandy Coffey
[2023-02-01T19:11:51.320+0000] {logging_mixin.py:137} INFO - Brett Nelson
[2023-02-01T19:11:51.325+0000] {logging_mixin.py:137} INFO - Ricardo Young
[2023-02-01T19:11:51.326+0000] {logging_mixin.py:137} INFO - Paul Lee
[2023-02-01T19:11:51.328+0000] {logging_mixin.py:137} INFO - David Allen
[2023-02-01T19:11:51.330+0000] {logging_mixin.py:137} INFO - Andrea Knight
[2023-02-01T19:11:51.331+0000] {logging_mixin.py:137} INFO - James Gomez
[2023-02-01T19:11:51.333+0000] {logging_mixin.py:137} INFO - Melody Gibson
[2023-02-01T19:11:51.334+0000] {logging_mixin.py:137} INFO - Christina Martinez
[2023-02-01T19:11:51.336+0000] {logging_mixin.py:137} INFO - Shelby Smith
[2023-02-01T19:11:51.337+0000] {logging_mixin.py:137} INFO - Jason Howard
[2023-02-01T19:11:51.339+0000] {logging_mixin.py:137} INFO - Amy Davidson
[2023-02-01T19:11:51.340+0000] {logging_mixin.py:137} INFO - Kyle Copeland
[2023-02-01T19:11:51.342+0000] {logging_mixin.py:137} INFO - Madeline Davis
[2023-02-01T19:11:51.344+0000] {logging_mixin.py:137} INFO - Aaron Young
[2023-02-01T19:11:51.345+0000] {logging_mixin.py:137} INFO - Lisa Barrett
[2023-02-01T19:11:51.347+0000] {logging_mixin.py:137} INFO - Joel Jones
[2023-02-01T19:11:51.349+0000] {logging_mixin.py:137} INFO - Christine Evans
[2023-02-01T19:11:51.352+0000] {logging_mixin.py:137} INFO - Kimberly Johnson
[2023-02-01T19:11:51.354+0000] {logging_mixin.py:137} INFO - Charles Hess
[2023-02-01T19:11:51.356+0000] {logging_mixin.py:137} INFO - Paul Dixon
[2023-02-01T19:11:51.358+0000] {logging_mixin.py:137} INFO - Christopher Johnson
[2023-02-01T19:11:51.360+0000] {logging_mixin.py:137} INFO - Robert Dawson
[2023-02-01T19:11:51.363+0000] {logging_mixin.py:137} INFO - Ryan Dixon
[2023-02-01T19:11:51.366+0000] {logging_mixin.py:137} INFO - Julie Martinez
[2023-02-01T19:11:51.368+0000] {logging_mixin.py:137} INFO - David Adams
[2023-02-01T19:11:51.369+0000] {logging_mixin.py:137} INFO - Mariah Brown
[2023-02-01T19:11:51.371+0000] {logging_mixin.py:137} INFO - Deborah Malone
[2023-02-01T19:11:51.373+0000] {logging_mixin.py:137} INFO - John Brown
[2023-02-01T19:11:51.375+0000] {logging_mixin.py:137} INFO - Maria Stewart
[2023-02-01T19:11:51.376+0000] {logging_mixin.py:137} INFO - Mr. Bryan Hawkins
[2023-02-01T19:11:51.377+0000] {logging_mixin.py:137} INFO - Kyle Brooks
[2023-02-01T19:11:51.379+0000] {logging_mixin.py:137} INFO - Kenneth White
[2023-02-01T19:11:51.381+0000] {logging_mixin.py:137} INFO - Patricia Wilson
[2023-02-01T19:11:51.382+0000] {logging_mixin.py:137} INFO - Paul Soto
[2023-02-01T19:11:51.383+0000] {logging_mixin.py:137} INFO - Janice Garrett
[2023-02-01T19:11:51.385+0000] {logging_mixin.py:137} INFO - Randy Strickland
[2023-02-01T19:11:51.387+0000] {logging_mixin.py:137} INFO - Felicia Herrera
[2023-02-01T19:11:51.388+0000] {logging_mixin.py:137} INFO - Andre Campos
[2023-02-01T19:11:51.390+0000] {logging_mixin.py:137} INFO - Justin Meyer
[2023-02-01T19:11:51.391+0000] {logging_mixin.py:137} INFO - Brandon Brooks
[2023-02-01T19:11:51.392+0000] {logging_mixin.py:137} INFO - Abigail Rivera
[2023-02-01T19:11:51.393+0000] {logging_mixin.py:137} INFO - Jessica Mann
[2023-02-01T19:11:51.395+0000] {logging_mixin.py:137} INFO - Michael Sawyer
[2023-02-01T19:11:51.396+0000] {logging_mixin.py:137} INFO - Jeffrey Coleman
[2023-02-01T19:11:51.399+0000] {logging_mixin.py:137} INFO - Micheal Castro
[2023-02-01T19:11:51.401+0000] {logging_mixin.py:137} INFO - Laura Gonzalez
[2023-02-01T19:11:51.402+0000] {logging_mixin.py:137} INFO - Christopher Jackson
[2023-02-01T19:11:51.404+0000] {logging_mixin.py:137} INFO - William Mckenzie
[2023-02-01T19:11:51.405+0000] {logging_mixin.py:137} INFO - Kristina Rodriguez
[2023-02-01T19:11:51.406+0000] {logging_mixin.py:137} INFO - Kelli Williams
[2023-02-01T19:11:51.408+0000] {logging_mixin.py:137} INFO - Diane Norris
[2023-02-01T19:11:51.409+0000] {logging_mixin.py:137} INFO - Kevin Carroll
[2023-02-01T19:11:51.410+0000] {logging_mixin.py:137} INFO - Betty Weber
[2023-02-01T19:11:51.412+0000] {logging_mixin.py:137} INFO - Jeffery Robinson
[2023-02-01T19:11:51.413+0000] {logging_mixin.py:137} INFO - Hannah Cowan
[2023-02-01T19:11:51.414+0000] {logging_mixin.py:137} INFO - Brian Kramer
[2023-02-01T19:11:51.417+0000] {logging_mixin.py:137} INFO - Anthony Roberts
[2023-02-01T19:11:51.419+0000] {logging_mixin.py:137} INFO - Ricardo Blankenship
[2023-02-01T19:11:51.420+0000] {logging_mixin.py:137} INFO - Brooke Collins
[2023-02-01T19:11:51.422+0000] {logging_mixin.py:137} INFO - Tammy Lawson
[2023-02-01T19:11:51.423+0000] {logging_mixin.py:137} INFO - Cody Miller
[2023-02-01T19:11:51.424+0000] {logging_mixin.py:137} INFO - Dr. Janice Salazar
[2023-02-01T19:11:51.426+0000] {logging_mixin.py:137} INFO - David West
[2023-02-01T19:11:51.428+0000] {logging_mixin.py:137} INFO - Robin Carpenter
[2023-02-01T19:11:51.430+0000] {logging_mixin.py:137} INFO - Monique Wall
[2023-02-01T19:11:51.432+0000] {logging_mixin.py:137} INFO - Charles Cardenas
[2023-02-01T19:11:51.433+0000] {logging_mixin.py:137} INFO - Valerie Mitchell
[2023-02-01T19:11:51.435+0000] {logging_mixin.py:137} INFO - Michelle Valenzuela
[2023-02-01T19:11:51.436+0000] {logging_mixin.py:137} INFO - William Poole
[2023-02-01T19:11:51.439+0000] {logging_mixin.py:137} INFO - James Hall
[2023-02-01T19:11:51.440+0000] {logging_mixin.py:137} INFO - Dylan Carpenter
[2023-02-01T19:11:51.443+0000] {logging_mixin.py:137} INFO - Linda Medina
[2023-02-01T19:11:51.444+0000] {logging_mixin.py:137} INFO - Joan White
[2023-02-01T19:11:51.446+0000] {logging_mixin.py:137} INFO - Mary Klein
[2023-02-01T19:11:51.448+0000] {logging_mixin.py:137} INFO - Ashley Wolf
[2023-02-01T19:11:51.449+0000] {logging_mixin.py:137} INFO - William Reed
[2023-02-01T19:11:51.454+0000] {logging_mixin.py:137} INFO - Derek Harvey
[2023-02-01T19:11:51.456+0000] {logging_mixin.py:137} INFO - Kathleen Rodriguez
[2023-02-01T19:11:51.457+0000] {logging_mixin.py:137} INFO - Andrew Rodriguez
[2023-02-01T19:11:51.459+0000] {logging_mixin.py:137} INFO - Ariel Frank
[2023-02-01T19:11:51.460+0000] {logging_mixin.py:137} INFO - Tina French
[2023-02-01T19:11:51.461+0000] {logging_mixin.py:137} INFO - Brent Waller
[2023-02-01T19:11:51.462+0000] {logging_mixin.py:137} INFO - Kevin Allen
[2023-02-01T19:11:51.463+0000] {logging_mixin.py:137} INFO - Xavier Walker
[2023-02-01T19:11:51.464+0000] {logging_mixin.py:137} INFO - Michelle Sanchez
[2023-02-01T19:11:51.466+0000] {logging_mixin.py:137} INFO - Rachael Shepard
[2023-02-01T19:11:51.467+0000] {logging_mixin.py:137} INFO - Kelsey Johnson
[2023-02-01T19:11:51.469+0000] {logging_mixin.py:137} INFO - Nicole Webb
[2023-02-01T19:11:51.470+0000] {logging_mixin.py:137} INFO - Nicholas Rodriguez
[2023-02-01T19:11:51.472+0000] {logging_mixin.py:137} INFO - Eric Vaughan
[2023-02-01T19:11:51.473+0000] {logging_mixin.py:137} INFO - Amanda Richardson
[2023-02-01T19:11:51.479+0000] {logging_mixin.py:137} INFO - Janice Carlson
[2023-02-01T19:11:51.480+0000] {logging_mixin.py:137} INFO - Darryl Walsh
[2023-02-01T19:11:51.482+0000] {logging_mixin.py:137} INFO - Heather Johnson
[2023-02-01T19:11:51.483+0000] {logging_mixin.py:137} INFO - Mark Chambers
[2023-02-01T19:11:51.485+0000] {logging_mixin.py:137} INFO - Tracy Burns
[2023-02-01T19:11:51.487+0000] {logging_mixin.py:137} INFO - John Cole
[2023-02-01T19:11:51.490+0000] {logging_mixin.py:137} INFO - Deborah Silva
[2023-02-01T19:11:51.493+0000] {logging_mixin.py:137} INFO - Shawn Hernandez
[2023-02-01T19:11:51.495+0000] {logging_mixin.py:137} INFO - Bethany Meyer
[2023-02-01T19:11:51.497+0000] {logging_mixin.py:137} INFO - Helen Smith
[2023-02-01T19:11:51.499+0000] {logging_mixin.py:137} INFO - Dana Dennis
[2023-02-01T19:11:51.501+0000] {logging_mixin.py:137} INFO - Kelsey Camacho
[2023-02-01T19:11:51.502+0000] {logging_mixin.py:137} INFO - Matthew Thomas
[2023-02-01T19:11:51.504+0000] {logging_mixin.py:137} INFO - Brittany Arellano
[2023-02-01T19:11:51.505+0000] {logging_mixin.py:137} INFO - Stacey Jones
[2023-02-01T19:11:51.507+0000] {logging_mixin.py:137} INFO - William Weeks
[2023-02-01T19:11:51.508+0000] {logging_mixin.py:137} INFO - Mark Beasley
[2023-02-01T19:11:51.510+0000] {logging_mixin.py:137} INFO - Bruce Pena
[2023-02-01T19:11:51.512+0000] {logging_mixin.py:137} INFO - Jeffery Smith
[2023-02-01T19:11:51.513+0000] {logging_mixin.py:137} INFO - Ann Deleon
[2023-02-01T19:11:51.515+0000] {logging_mixin.py:137} INFO - Kevin Robertson
[2023-02-01T19:11:51.516+0000] {logging_mixin.py:137} INFO - Vincent Willis MD
[2023-02-01T19:11:51.518+0000] {logging_mixin.py:137} INFO - Michael Nielsen
[2023-02-01T19:11:51.519+0000] {logging_mixin.py:137} INFO - Walter Koch
[2023-02-01T19:11:51.521+0000] {logging_mixin.py:137} INFO - Brian Vega
[2023-02-01T19:11:51.522+0000] {logging_mixin.py:137} INFO - Jeffrey Medina
[2023-02-01T19:11:51.524+0000] {logging_mixin.py:137} INFO - Erika Banks
[2023-02-01T19:11:51.525+0000] {logging_mixin.py:137} INFO - Stacey Griffin
[2023-02-01T19:11:51.527+0000] {logging_mixin.py:137} INFO - Michael Marsh
[2023-02-01T19:11:51.529+0000] {logging_mixin.py:137} INFO - Molly White
[2023-02-01T19:11:51.531+0000] {logging_mixin.py:137} INFO - Matthew Morrison
[2023-02-01T19:11:51.532+0000] {logging_mixin.py:137} INFO - Amanda Burns
[2023-02-01T19:11:51.534+0000] {logging_mixin.py:137} INFO - Emily Gonzalez DDS
[2023-02-01T19:11:51.535+0000] {logging_mixin.py:137} INFO - Gregory King
[2023-02-01T19:11:51.536+0000] {logging_mixin.py:137} INFO - Dennis Evans
[2023-02-01T19:11:51.538+0000] {logging_mixin.py:137} INFO - Christina Snyder
[2023-02-01T19:11:51.539+0000] {logging_mixin.py:137} INFO - Carolyn Mata
[2023-02-01T19:11:51.541+0000] {logging_mixin.py:137} INFO - Brandy Lawson
[2023-02-01T19:11:51.542+0000] {logging_mixin.py:137} INFO - Briana Christian
[2023-02-01T19:11:51.545+0000] {logging_mixin.py:137} INFO - Jeffrey Hernandez
[2023-02-01T19:11:51.546+0000] {logging_mixin.py:137} INFO - John Riggs
[2023-02-01T19:11:51.547+0000] {logging_mixin.py:137} INFO - Barbara Short
[2023-02-01T19:11:51.549+0000] {logging_mixin.py:137} INFO - Steven Brooks
[2023-02-01T19:11:51.551+0000] {logging_mixin.py:137} INFO - Gabrielle James
[2023-02-01T19:11:51.553+0000] {logging_mixin.py:137} INFO - Robert Young
[2023-02-01T19:11:51.555+0000] {logging_mixin.py:137} INFO - Derek Sanders
[2023-02-01T19:11:51.557+0000] {logging_mixin.py:137} INFO - Mallory Oliver
[2023-02-01T19:11:51.559+0000] {logging_mixin.py:137} INFO - Terry Howe
[2023-02-01T19:11:51.560+0000] {logging_mixin.py:137} INFO - Samuel Wallace
[2023-02-01T19:11:51.562+0000] {logging_mixin.py:137} INFO - Angel Jones
[2023-02-01T19:11:51.564+0000] {logging_mixin.py:137} INFO - Jacqueline Nichols
[2023-02-01T19:11:51.565+0000] {logging_mixin.py:137} INFO - Melissa Mcgee
[2023-02-01T19:11:51.567+0000] {logging_mixin.py:137} INFO - Michelle Smith
[2023-02-01T19:11:51.568+0000] {logging_mixin.py:137} INFO - Maureen Baxter
[2023-02-01T19:11:51.569+0000] {logging_mixin.py:137} INFO - Kathy Crawford
[2023-02-01T19:11:51.571+0000] {logging_mixin.py:137} INFO - Stacy Wood
[2023-02-01T19:11:51.572+0000] {logging_mixin.py:137} INFO - Justin Parsons
[2023-02-01T19:11:51.575+0000] {logging_mixin.py:137} INFO - Ann Klein
[2023-02-01T19:11:51.576+0000] {logging_mixin.py:137} INFO - Allison Arnold
[2023-02-01T19:11:51.578+0000] {logging_mixin.py:137} INFO - Heather Kirk
[2023-02-01T19:11:51.580+0000] {logging_mixin.py:137} INFO - Monica Smith
[2023-02-01T19:11:51.581+0000] {logging_mixin.py:137} INFO - Brett Oconnor
[2023-02-01T19:11:51.583+0000] {logging_mixin.py:137} INFO - Anthony Bryant
[2023-02-01T19:11:51.585+0000] {logging_mixin.py:137} INFO - Jeremy Russell
[2023-02-01T19:11:51.586+0000] {logging_mixin.py:137} INFO - Julie Poole
[2023-02-01T19:11:51.588+0000] {logging_mixin.py:137} INFO - Emma Thompson
[2023-02-01T19:11:51.590+0000] {logging_mixin.py:137} INFO - Bradley Matthews
[2023-02-01T19:11:51.591+0000] {logging_mixin.py:137} INFO - William Roberts
[2023-02-01T19:11:51.593+0000] {logging_mixin.py:137} INFO - Julie Mooney
[2023-02-01T19:11:51.598+0000] {logging_mixin.py:137} INFO - Amy Doyle
[2023-02-01T19:11:51.600+0000] {logging_mixin.py:137} INFO - Amanda Grant
[2023-02-01T19:11:51.602+0000] {logging_mixin.py:137} INFO - Eric Anderson
[2023-02-01T19:11:51.604+0000] {logging_mixin.py:137} INFO - George Thompson
[2023-02-01T19:11:51.605+0000] {logging_mixin.py:137} INFO - Dustin Hines
[2023-02-01T19:11:51.609+0000] {logging_mixin.py:137} INFO - Andrea Frank
[2023-02-01T19:11:51.611+0000] {logging_mixin.py:137} INFO - Jodi Cook
[2023-02-01T19:11:51.613+0000] {logging_mixin.py:137} INFO - Stacy Haney
[2023-02-01T19:11:51.615+0000] {logging_mixin.py:137} INFO - Paul Callahan
[2023-02-01T19:11:51.620+0000] {logging_mixin.py:137} INFO - Jasmine Chambers
[2023-02-01T19:11:51.622+0000] {logging_mixin.py:137} INFO - Melissa Pittman MD
[2023-02-01T19:11:51.625+0000] {logging_mixin.py:137} INFO - Deborah Larson
[2023-02-01T19:11:51.627+0000] {logging_mixin.py:137} INFO - Brandon Shaw
[2023-02-01T19:11:51.629+0000] {logging_mixin.py:137} INFO - Timothy Paul
[2023-02-01T19:11:51.630+0000] {logging_mixin.py:137} INFO - Michael Trujillo
[2023-02-01T19:11:51.632+0000] {logging_mixin.py:137} INFO - Robert Rivera
[2023-02-01T19:11:51.634+0000] {logging_mixin.py:137} INFO - Dana Nelson
[2023-02-01T19:11:51.636+0000] {logging_mixin.py:137} INFO - Andrea Bennett
[2023-02-01T19:11:51.638+0000] {logging_mixin.py:137} INFO - Jodi Fox
[2023-02-01T19:11:51.642+0000] {logging_mixin.py:137} INFO - Heather Hayes
[2023-02-01T19:11:51.645+0000] {logging_mixin.py:137} INFO - Jennifer Moreno
[2023-02-01T19:11:51.647+0000] {logging_mixin.py:137} INFO - John Patel
[2023-02-01T19:11:51.649+0000] {logging_mixin.py:137} INFO - Teresa Oliver
[2023-02-01T19:11:51.651+0000] {logging_mixin.py:137} INFO - Monique Bell
[2023-02-01T19:11:51.653+0000] {logging_mixin.py:137} INFO - Casey Leonard
[2023-02-01T19:11:51.656+0000] {logging_mixin.py:137} INFO - Steven Clark
[2023-02-01T19:11:51.658+0000] {logging_mixin.py:137} INFO - Edward Martin
[2023-02-01T19:11:51.660+0000] {logging_mixin.py:137} INFO - Shawn Orozco
[2023-02-01T19:11:51.662+0000] {logging_mixin.py:137} INFO - Brandon Yang
[2023-02-01T19:11:51.664+0000] {logging_mixin.py:137} INFO - Nathan Ray
[2023-02-01T19:11:51.665+0000] {logging_mixin.py:137} INFO - Lori Moore
[2023-02-01T19:11:51.667+0000] {logging_mixin.py:137} INFO - Dr. Lisa Shaw DVM
[2023-02-01T19:11:51.668+0000] {logging_mixin.py:137} INFO - Angela Walters
[2023-02-01T19:11:51.670+0000] {logging_mixin.py:137} INFO - David Nolan
[2023-02-01T19:11:51.672+0000] {logging_mixin.py:137} INFO - William Ramsey
[2023-02-01T19:11:51.674+0000] {logging_mixin.py:137} INFO - David Oconnor
[2023-02-01T19:11:51.675+0000] {logging_mixin.py:137} INFO - Mark Washington
[2023-02-01T19:11:51.677+0000] {logging_mixin.py:137} INFO - Jennifer Jacobs
[2023-02-01T19:11:51.679+0000] {logging_mixin.py:137} INFO - Tammy Hampton
[2023-02-01T19:11:51.680+0000] {logging_mixin.py:137} INFO - Stephen Farmer
[2023-02-01T19:11:51.682+0000] {logging_mixin.py:137} INFO - Jasmine Nguyen
[2023-02-01T19:11:51.684+0000] {logging_mixin.py:137} INFO - Rebecca Flores
[2023-02-01T19:11:51.687+0000] {logging_mixin.py:137} INFO - Tyler Davis
[2023-02-01T19:11:51.690+0000] {logging_mixin.py:137} INFO - Nancy Gray
[2023-02-01T19:11:51.692+0000] {logging_mixin.py:137} INFO - Brian Sanchez
[2023-02-01T19:11:51.693+0000] {logging_mixin.py:137} INFO - Laurie Shaw
[2023-02-01T19:11:51.695+0000] {logging_mixin.py:137} INFO - Kristina Torres
[2023-02-01T19:11:51.697+0000] {logging_mixin.py:137} INFO - Andrea Rodgers
[2023-02-01T19:11:51.699+0000] {logging_mixin.py:137} INFO - Jason Walters
[2023-02-01T19:11:51.702+0000] {logging_mixin.py:137} INFO - Jerry Moss
[2023-02-01T19:11:51.703+0000] {logging_mixin.py:137} INFO - Jeffrey Jordan
[2023-02-01T19:11:51.706+0000] {logging_mixin.py:137} INFO - Jennifer Wilson
[2023-02-01T19:11:51.707+0000] {logging_mixin.py:137} INFO - Trevor Mathews
[2023-02-01T19:11:51.709+0000] {logging_mixin.py:137} INFO - Anne Hood
[2023-02-01T19:11:51.710+0000] {logging_mixin.py:137} INFO - Sarah Williams
[2023-02-01T19:11:51.712+0000] {logging_mixin.py:137} INFO - Shelby Hernandez
[2023-02-01T19:11:51.713+0000] {logging_mixin.py:137} INFO - Samantha Velez
[2023-02-01T19:11:51.715+0000] {logging_mixin.py:137} INFO - Matthew Douglas
[2023-02-01T19:11:51.716+0000] {logging_mixin.py:137} INFO - Ashlee George
[2023-02-01T19:11:51.717+0000] {logging_mixin.py:137} INFO - Troy Crane
[2023-02-01T19:11:51.719+0000] {logging_mixin.py:137} INFO - Michael Cooper
[2023-02-01T19:11:51.720+0000] {logging_mixin.py:137} INFO - Michael White
[2023-02-01T19:11:51.721+0000] {logging_mixin.py:137} INFO - Mr. Timothy Fleming
[2023-02-01T19:11:51.722+0000] {logging_mixin.py:137} INFO - Seth Bruce
[2023-02-01T19:11:51.723+0000] {logging_mixin.py:137} INFO - Jacqueline Carpenter
[2023-02-01T19:11:51.725+0000] {logging_mixin.py:137} INFO - Michael Martin
[2023-02-01T19:11:51.726+0000] {logging_mixin.py:137} INFO - Kristopher Henry
[2023-02-01T19:11:51.728+0000] {logging_mixin.py:137} INFO - Tiffany Porter
[2023-02-01T19:11:51.730+0000] {logging_mixin.py:137} INFO - Stacy Simpson
[2023-02-01T19:11:51.732+0000] {logging_mixin.py:137} INFO - Tammy Mcdowell
[2023-02-01T19:11:51.734+0000] {logging_mixin.py:137} INFO - Thomas Walters
[2023-02-01T19:11:51.739+0000] {logging_mixin.py:137} INFO - Dwayne Thompson
[2023-02-01T19:11:51.740+0000] {logging_mixin.py:137} INFO - Natalie Willis
[2023-02-01T19:11:51.742+0000] {logging_mixin.py:137} INFO - Sharon Taylor
[2023-02-01T19:11:51.743+0000] {logging_mixin.py:137} INFO - Sarah Wiggins
[2023-02-01T19:11:51.744+0000] {logging_mixin.py:137} INFO - Amber Thomas
[2023-02-01T19:11:51.746+0000] {logging_mixin.py:137} INFO - Patrick Miller
[2023-02-01T19:11:51.747+0000] {logging_mixin.py:137} INFO - Stephanie Hartman
[2023-02-01T19:11:51.749+0000] {logging_mixin.py:137} INFO - Stacey Mora
[2023-02-01T19:11:51.750+0000] {logging_mixin.py:137} INFO - Katherine Rodriguez
[2023-02-01T19:11:51.751+0000] {logging_mixin.py:137} INFO - Daniel Morgan
[2023-02-01T19:11:51.753+0000] {logging_mixin.py:137} INFO - Rebecca Martinez
[2023-02-01T19:11:51.754+0000] {logging_mixin.py:137} INFO - Nicole Juarez
[2023-02-01T19:11:51.755+0000] {logging_mixin.py:137} INFO - Mark Arroyo
[2023-02-01T19:11:51.756+0000] {logging_mixin.py:137} INFO - April Lucero
[2023-02-01T19:11:51.758+0000] {logging_mixin.py:137} INFO - Samantha Garcia
[2023-02-01T19:11:51.759+0000] {logging_mixin.py:137} INFO - Jon Moore
[2023-02-01T19:11:51.761+0000] {logging_mixin.py:137} INFO - Joshua Flores MD
[2023-02-01T19:11:51.763+0000] {logging_mixin.py:137} INFO - Raymond Jones
[2023-02-01T19:11:51.764+0000] {logging_mixin.py:137} INFO - Billy Hughes
[2023-02-01T19:11:51.765+0000] {logging_mixin.py:137} INFO - Peggy Valdez PhD
[2023-02-01T19:11:51.766+0000] {logging_mixin.py:137} INFO - Joshua Reyes
[2023-02-01T19:11:51.767+0000] {logging_mixin.py:137} INFO - Aaron Green
[2023-02-01T19:11:51.768+0000] {logging_mixin.py:137} INFO - Wendy Espinoza
[2023-02-01T19:11:51.769+0000] {logging_mixin.py:137} INFO - Peter Vasquez
[2023-02-01T19:11:51.770+0000] {logging_mixin.py:137} INFO - Diane Harper
[2023-02-01T19:11:51.771+0000] {logging_mixin.py:137} INFO - Ms. Rebecca Cantu
[2023-02-01T19:11:51.772+0000] {logging_mixin.py:137} INFO - Yolanda Morrow
[2023-02-01T19:11:51.774+0000] {logging_mixin.py:137} INFO - Penny Beard
[2023-02-01T19:11:51.775+0000] {logging_mixin.py:137} INFO - Lisa Long
[2023-02-01T19:11:51.776+0000] {logging_mixin.py:137} INFO - Jerry Harris
[2023-02-01T19:11:51.777+0000] {logging_mixin.py:137} INFO - Bob Willis
[2023-02-01T19:11:51.778+0000] {logging_mixin.py:137} INFO - Duane Chapman
[2023-02-01T19:11:51.779+0000] {logging_mixin.py:137} INFO - William Morgan
[2023-02-01T19:11:51.780+0000] {logging_mixin.py:137} INFO - Amy Gutierrez
[2023-02-01T19:11:51.781+0000] {logging_mixin.py:137} INFO - Amber Nichols
[2023-02-01T19:11:51.782+0000] {logging_mixin.py:137} INFO - Matthew Carr
[2023-02-01T19:11:51.783+0000] {logging_mixin.py:137} INFO - Thomas Duncan
[2023-02-01T19:11:51.784+0000] {logging_mixin.py:137} INFO - Elizabeth Wright
[2023-02-01T19:11:51.785+0000] {logging_mixin.py:137} INFO - Jacqueline Brewer
[2023-02-01T19:11:51.786+0000] {logging_mixin.py:137} INFO - Stephanie Johnson
[2023-02-01T19:11:51.786+0000] {logging_mixin.py:137} INFO - Samantha Calderon
[2023-02-01T19:11:51.787+0000] {logging_mixin.py:137} INFO - Kathryn Gaines
[2023-02-01T19:11:51.788+0000] {logging_mixin.py:137} INFO - Angel Jones
[2023-02-01T19:11:51.789+0000] {logging_mixin.py:137} INFO - Laura Wall
[2023-02-01T19:11:51.790+0000] {logging_mixin.py:137} INFO - Mr. Anthony Hamilton
[2023-02-01T19:11:51.791+0000] {logging_mixin.py:137} INFO - David Smith
[2023-02-01T19:11:51.791+0000] {logging_mixin.py:137} INFO - Kimberly Herrera DDS
[2023-02-01T19:11:51.792+0000] {logging_mixin.py:137} INFO - Gina Wilson
[2023-02-01T19:11:51.794+0000] {logging_mixin.py:137} INFO - Timothy Byrd
[2023-02-01T19:11:51.795+0000] {logging_mixin.py:137} INFO - Michael Mckenzie
[2023-02-01T19:11:51.796+0000] {logging_mixin.py:137} INFO - Jeffrey Mcintyre
[2023-02-01T19:11:51.797+0000] {logging_mixin.py:137} INFO - Teresa Jackson
[2023-02-01T19:11:51.798+0000] {logging_mixin.py:137} INFO - Joseph Wilcox
[2023-02-01T19:11:51.799+0000] {logging_mixin.py:137} INFO - Patrick Mcknight
[2023-02-01T19:11:51.800+0000] {logging_mixin.py:137} INFO - Ronald Moreno
[2023-02-01T19:11:51.801+0000] {logging_mixin.py:137} INFO - Jamie Sullivan
[2023-02-01T19:11:51.801+0000] {logging_mixin.py:137} INFO - Jason Anderson
[2023-02-01T19:11:51.802+0000] {logging_mixin.py:137} INFO - Steven Stewart
[2023-02-01T19:11:51.803+0000] {logging_mixin.py:137} INFO - Melinda Paul
[2023-02-01T19:11:51.804+0000] {logging_mixin.py:137} INFO - Cynthia Simmons
[2023-02-01T19:11:51.805+0000] {logging_mixin.py:137} INFO - Christian Smith
[2023-02-01T19:11:51.806+0000] {logging_mixin.py:137} INFO - William Jimenez
[2023-02-01T19:11:51.808+0000] {logging_mixin.py:137} INFO - Hayley French
[2023-02-01T19:11:51.809+0000] {logging_mixin.py:137} INFO - Brandon Hess
[2023-02-01T19:11:51.810+0000] {logging_mixin.py:137} INFO - Laura Perry
[2023-02-01T19:11:51.811+0000] {logging_mixin.py:137} INFO - Scott Jones
[2023-02-01T19:11:51.812+0000] {logging_mixin.py:137} INFO - Christine Hernandez
[2023-02-01T19:11:51.813+0000] {logging_mixin.py:137} INFO - Douglas Eaton
[2023-02-01T19:11:51.814+0000] {logging_mixin.py:137} INFO - William Soto
[2023-02-01T19:11:51.814+0000] {logging_mixin.py:137} INFO - Mary Jones
[2023-02-01T19:11:51.816+0000] {logging_mixin.py:137} INFO - Stephanie Holmes
[2023-02-01T19:11:51.817+0000] {logging_mixin.py:137} INFO - Keith Meyers
[2023-02-01T19:11:51.818+0000] {logging_mixin.py:137} INFO - Paul Fisher
[2023-02-01T19:11:51.819+0000] {logging_mixin.py:137} INFO - Emily Alexander
[2023-02-01T19:11:51.820+0000] {logging_mixin.py:137} INFO - Anthony Schwartz
[2023-02-01T19:11:51.821+0000] {logging_mixin.py:137} INFO - Evelyn Jacobs
[2023-02-01T19:11:51.822+0000] {logging_mixin.py:137} INFO - Connie Jones
[2023-02-01T19:11:51.823+0000] {logging_mixin.py:137} INFO - Carla Gibbs
[2023-02-01T19:11:51.824+0000] {logging_mixin.py:137} INFO - Ashley Santiago
[2023-02-01T19:11:51.825+0000] {logging_mixin.py:137} INFO - Micheal Mckee
[2023-02-01T19:11:51.826+0000] {logging_mixin.py:137} INFO - Diane Williams
[2023-02-01T19:11:51.827+0000] {logging_mixin.py:137} INFO - Jesse Velasquez
[2023-02-01T19:11:51.829+0000] {logging_mixin.py:137} INFO - Jennifer Rodriguez
[2023-02-01T19:11:51.830+0000] {logging_mixin.py:137} INFO - Joe Griffin
[2023-02-01T19:11:51.832+0000] {logging_mixin.py:137} INFO - Gary Cherry
[2023-02-01T19:11:51.833+0000] {logging_mixin.py:137} INFO - Alyssa Edwards
[2023-02-01T19:11:51.835+0000] {logging_mixin.py:137} INFO - Caroline Hernandez MD
[2023-02-01T19:11:51.836+0000] {logging_mixin.py:137} INFO - Jessica Morton
[2023-02-01T19:11:51.837+0000] {logging_mixin.py:137} INFO - Holly Jones
[2023-02-01T19:11:51.839+0000] {logging_mixin.py:137} INFO - David Shelton
[2023-02-01T19:11:51.840+0000] {logging_mixin.py:137} INFO - Kristina Parks
[2023-02-01T19:11:51.841+0000] {logging_mixin.py:137} INFO - Laurie Hernandez
[2023-02-01T19:11:51.843+0000] {logging_mixin.py:137} INFO - Melissa James
[2023-02-01T19:11:51.844+0000] {logging_mixin.py:137} INFO - Jeremiah Adams
[2023-02-01T19:11:51.846+0000] {logging_mixin.py:137} INFO - Arthur Robinson
[2023-02-01T19:11:51.847+0000] {logging_mixin.py:137} INFO - Anna Shepard
[2023-02-01T19:11:51.848+0000] {logging_mixin.py:137} INFO - Brandon Myers
[2023-02-01T19:11:51.849+0000] {logging_mixin.py:137} INFO - Paul Cardenas
[2023-02-01T19:11:51.850+0000] {logging_mixin.py:137} INFO - Megan Santana
[2023-02-01T19:11:51.851+0000] {logging_mixin.py:137} INFO - Joseph Marshall
[2023-02-01T19:11:51.852+0000] {logging_mixin.py:137} INFO - Mrs. Brenda Harris
[2023-02-01T19:11:51.853+0000] {logging_mixin.py:137} INFO - Nicole Garcia
[2023-02-01T19:11:51.854+0000] {logging_mixin.py:137} INFO - Anna Estrada
[2023-02-01T19:11:51.855+0000] {logging_mixin.py:137} INFO - Carl Moore
[2023-02-01T19:11:51.856+0000] {logging_mixin.py:137} INFO - Rodney Hernandez
[2023-02-01T19:11:51.857+0000] {logging_mixin.py:137} INFO - Madison Christian
[2023-02-01T19:11:51.859+0000] {logging_mixin.py:137} INFO - Heather Rhodes
[2023-02-01T19:11:51.863+0000] {python.py:177} INFO - Done. Returned value was: None
[2023-02-01T19:11:51.876+0000] {taskinstance.py:1323} INFO - Marking task as SUCCESS. dag_id=CSV_DAG, task_id=convertCSVToJson, execution_date=20230201T184500, start_date=20230201T191148, end_date=20230201T191151
[2023-02-01T19:11:51.949+0000] {local_task_job.py:208} INFO - Task exited with return code 0
[2023-02-01T19:11:51.971+0000] {taskinstance.py:2578} INFO - 0 downstream tasks scheduled from follow-on schedule check
