[2023-02-02T10:01:03.390+0000] {taskinstance.py:1083} INFO - Dependencies all met for <TaskInstance: CSV_DAG.convertCSVToJson scheduled__2023-02-01T22:40:00+00:00 [queued]>
[2023-02-02T10:01:03.404+0000] {taskinstance.py:1083} INFO - Dependencies all met for <TaskInstance: CSV_DAG.convertCSVToJson scheduled__2023-02-01T22:40:00+00:00 [queued]>
[2023-02-02T10:01:03.409+0000] {taskinstance.py:1279} INFO - 
--------------------------------------------------------------------------------
[2023-02-02T10:01:03.410+0000] {taskinstance.py:1280} INFO - Starting attempt 1 of 2
[2023-02-02T10:01:03.411+0000] {taskinstance.py:1281} INFO - 
--------------------------------------------------------------------------------
[2023-02-02T10:01:03.483+0000] {taskinstance.py:1300} INFO - Executing <Task(PythonOperator): convertCSVToJson> on 2023-02-01 22:40:00+00:00
[2023-02-02T10:01:03.524+0000] {standard_task_runner.py:55} INFO - Started process 455 to run task
[2023-02-02T10:01:03.560+0000] {standard_task_runner.py:82} INFO - Running: ['***', 'tasks', 'run', 'CSV_DAG', 'convertCSVToJson', 'scheduled__2023-02-01T22:40:00+00:00', '--job-id', '580', '--raw', '--subdir', 'DAGS_FOLDER/csv.py', '--cfg-path', '/tmp/tmpu4jn5du8']
[2023-02-02T10:01:03.567+0000] {standard_task_runner.py:83} INFO - Job 580: Subtask convertCSVToJson
[2023-02-02T10:01:03.942+0000] {task_command.py:388} INFO - Running <TaskInstance: CSV_DAG.convertCSVToJson scheduled__2023-02-01T22:40:00+00:00 [running]> on host 06d8060e8530
[2023-02-02T10:01:04.294+0000] {taskinstance.py:1509} INFO - Exporting the following env vars:
AIRFLOW_CTX_DAG_OWNER=Kevin Chalmers
AIRFLOW_CTX_DAG_ID=CSV_DAG
AIRFLOW_CTX_TASK_ID=convertCSVToJson
AIRFLOW_CTX_EXECUTION_DATE=2023-02-01T22:40:00+00:00
AIRFLOW_CTX_TRY_NUMBER=1
AIRFLOW_CTX_DAG_RUN_ID=scheduled__2023-02-01T22:40:00+00:00
[2023-02-02T10:01:04.350+0000] {logging_mixin.py:137} INFO - Angelica Lopez
[2023-02-02T10:01:04.353+0000] {logging_mixin.py:137} INFO - Betty Wright
[2023-02-02T10:01:04.362+0000] {logging_mixin.py:137} INFO - Sara Schmidt
[2023-02-02T10:01:04.366+0000] {logging_mixin.py:137} INFO - Dr. Sherry Rodriguez
[2023-02-02T10:01:04.368+0000] {logging_mixin.py:137} INFO - Rebecca Mills
[2023-02-02T10:01:04.369+0000] {logging_mixin.py:137} INFO - Andrew Anderson
[2023-02-02T10:01:04.371+0000] {logging_mixin.py:137} INFO - Martin Everett
[2023-02-02T10:01:04.373+0000] {logging_mixin.py:137} INFO - Felicia Gregory
[2023-02-02T10:01:04.374+0000] {logging_mixin.py:137} INFO - Kara Bowers
[2023-02-02T10:01:04.375+0000] {logging_mixin.py:137} INFO - Vincent Vincent
[2023-02-02T10:01:04.377+0000] {logging_mixin.py:137} INFO - Morgan Butler
[2023-02-02T10:01:04.379+0000] {logging_mixin.py:137} INFO - Stephen Riley
[2023-02-02T10:01:04.380+0000] {logging_mixin.py:137} INFO - Wanda Thomas
[2023-02-02T10:01:04.385+0000] {logging_mixin.py:137} INFO - Michelle Schultz
[2023-02-02T10:01:04.391+0000] {logging_mixin.py:137} INFO - Christopher Rush MD
[2023-02-02T10:01:04.393+0000] {logging_mixin.py:137} INFO - Phyllis Miles
[2023-02-02T10:01:04.396+0000] {logging_mixin.py:137} INFO - Rebecca Price
[2023-02-02T10:01:04.398+0000] {logging_mixin.py:137} INFO - John Morse
[2023-02-02T10:01:04.400+0000] {logging_mixin.py:137} INFO - Nicholas Sanchez
[2023-02-02T10:01:04.401+0000] {logging_mixin.py:137} INFO - Crystal Dean
[2023-02-02T10:01:04.402+0000] {logging_mixin.py:137} INFO - Tyler Diaz
[2023-02-02T10:01:04.404+0000] {logging_mixin.py:137} INFO - Denise Mclean
[2023-02-02T10:01:04.405+0000] {logging_mixin.py:137} INFO - Daniel Grant
[2023-02-02T10:01:04.409+0000] {logging_mixin.py:137} INFO - Sandra Peterson
[2023-02-02T10:01:04.411+0000] {logging_mixin.py:137} INFO - Denise Morse
[2023-02-02T10:01:04.412+0000] {logging_mixin.py:137} INFO - Brianna Smith
[2023-02-02T10:01:04.413+0000] {logging_mixin.py:137} INFO - Tony Miller
[2023-02-02T10:01:04.414+0000] {logging_mixin.py:137} INFO - Jean Booth
[2023-02-02T10:01:04.415+0000] {logging_mixin.py:137} INFO - Penny Salazar
[2023-02-02T10:01:04.416+0000] {logging_mixin.py:137} INFO - Cathy Williams
[2023-02-02T10:01:04.418+0000] {logging_mixin.py:137} INFO - Hannah Collins
[2023-02-02T10:01:04.420+0000] {logging_mixin.py:137} INFO - Maurice Casey
[2023-02-02T10:01:04.424+0000] {logging_mixin.py:137} INFO - Patrick Walker
[2023-02-02T10:01:04.425+0000] {logging_mixin.py:137} INFO - Pamela Barton
[2023-02-02T10:01:04.426+0000] {logging_mixin.py:137} INFO - Anthony Bryant
[2023-02-02T10:01:04.427+0000] {logging_mixin.py:137} INFO - Andrew Harris
[2023-02-02T10:01:04.429+0000] {logging_mixin.py:137} INFO - Aaron Harris
[2023-02-02T10:01:04.430+0000] {logging_mixin.py:137} INFO - Maureen Soto
[2023-02-02T10:01:04.431+0000] {logging_mixin.py:137} INFO - Crystal Mcdaniel
[2023-02-02T10:01:04.432+0000] {logging_mixin.py:137} INFO - Lauren Barrett
[2023-02-02T10:01:04.433+0000] {logging_mixin.py:137} INFO - Brandon Perez
[2023-02-02T10:01:04.434+0000] {logging_mixin.py:137} INFO - Mark Robertson
[2023-02-02T10:01:04.435+0000] {logging_mixin.py:137} INFO - Nicole Gates
[2023-02-02T10:01:04.440+0000] {logging_mixin.py:137} INFO - Bradley Cruz
[2023-02-02T10:01:04.445+0000] {logging_mixin.py:137} INFO - Gina Burns
[2023-02-02T10:01:04.447+0000] {logging_mixin.py:137} INFO - Zachary Martinez
[2023-02-02T10:01:04.449+0000] {logging_mixin.py:137} INFO - Natasha Johnson
[2023-02-02T10:01:04.450+0000] {logging_mixin.py:137} INFO - Patrick Gonzales
[2023-02-02T10:01:04.453+0000] {logging_mixin.py:137} INFO - Terri Wilson
[2023-02-02T10:01:04.458+0000] {logging_mixin.py:137} INFO - Sarah Lopez
[2023-02-02T10:01:04.459+0000] {logging_mixin.py:137} INFO - Dana Turner
[2023-02-02T10:01:04.461+0000] {logging_mixin.py:137} INFO - Cynthia Johnson
[2023-02-02T10:01:04.463+0000] {logging_mixin.py:137} INFO - William Thornton
[2023-02-02T10:01:04.464+0000] {logging_mixin.py:137} INFO - James Lee
[2023-02-02T10:01:04.465+0000] {logging_mixin.py:137} INFO - Stephen Allen
[2023-02-02T10:01:04.466+0000] {logging_mixin.py:137} INFO - William Stark
[2023-02-02T10:01:04.467+0000] {logging_mixin.py:137} INFO - Michael Parker
[2023-02-02T10:01:04.468+0000] {logging_mixin.py:137} INFO - Lisa Stephens
[2023-02-02T10:01:04.470+0000] {logging_mixin.py:137} INFO - Mr. Reginald Wise DDS
[2023-02-02T10:01:04.471+0000] {logging_mixin.py:137} INFO - Alexander James
[2023-02-02T10:01:04.473+0000] {logging_mixin.py:137} INFO - Kristen West
[2023-02-02T10:01:04.479+0000] {logging_mixin.py:137} INFO - Elizabeth Sanchez
[2023-02-02T10:01:04.480+0000] {logging_mixin.py:137} INFO - Jennifer Wilson
[2023-02-02T10:01:04.482+0000] {logging_mixin.py:137} INFO - Catherine Nicholson
[2023-02-02T10:01:04.490+0000] {logging_mixin.py:137} INFO - David Henderson
[2023-02-02T10:01:04.491+0000] {logging_mixin.py:137} INFO - Stephen Davis
[2023-02-02T10:01:04.493+0000] {logging_mixin.py:137} INFO - Paul Skinner
[2023-02-02T10:01:04.494+0000] {logging_mixin.py:137} INFO - Rebecca Wong
[2023-02-02T10:01:04.495+0000] {logging_mixin.py:137} INFO - Tara Benitez
[2023-02-02T10:01:04.497+0000] {logging_mixin.py:137} INFO - Sharon Miller
[2023-02-02T10:01:04.498+0000] {logging_mixin.py:137} INFO - Cynthia Smith
[2023-02-02T10:01:04.503+0000] {logging_mixin.py:137} INFO - Jennifer Werner
[2023-02-02T10:01:04.505+0000] {logging_mixin.py:137} INFO - Rebecca Tucker
[2023-02-02T10:01:04.506+0000] {logging_mixin.py:137} INFO - Ashlee Castillo
[2023-02-02T10:01:04.507+0000] {logging_mixin.py:137} INFO - Christopher Holmes
[2023-02-02T10:01:04.509+0000] {logging_mixin.py:137} INFO - Daniel Velez
[2023-02-02T10:01:04.510+0000] {logging_mixin.py:137} INFO - Amy Serrano
[2023-02-02T10:01:04.512+0000] {logging_mixin.py:137} INFO - Alison Nash
[2023-02-02T10:01:04.513+0000] {logging_mixin.py:137} INFO - Peter Johnson
[2023-02-02T10:01:04.514+0000] {logging_mixin.py:137} INFO - Breanna Harris
[2023-02-02T10:01:04.518+0000] {logging_mixin.py:137} INFO - Eric King
[2023-02-02T10:01:04.519+0000] {logging_mixin.py:137} INFO - Patricia Oliver
[2023-02-02T10:01:04.520+0000] {logging_mixin.py:137} INFO - Denise Grimes
[2023-02-02T10:01:04.523+0000] {logging_mixin.py:137} INFO - Jill Olson
[2023-02-02T10:01:04.524+0000] {logging_mixin.py:137} INFO - Stephanie Hart
[2023-02-02T10:01:04.526+0000] {logging_mixin.py:137} INFO - Ashley Lee
[2023-02-02T10:01:04.528+0000] {logging_mixin.py:137} INFO - Kelly Barnes
[2023-02-02T10:01:04.531+0000] {logging_mixin.py:137} INFO - Christie West
[2023-02-02T10:01:04.532+0000] {logging_mixin.py:137} INFO - Todd Nolan
[2023-02-02T10:01:04.533+0000] {logging_mixin.py:137} INFO - Sarah Reed
[2023-02-02T10:01:04.535+0000] {logging_mixin.py:137} INFO - Jennifer Keith
[2023-02-02T10:01:04.538+0000] {logging_mixin.py:137} INFO - Shawn Alvarez
[2023-02-02T10:01:04.543+0000] {logging_mixin.py:137} INFO - Alexander Wilson
[2023-02-02T10:01:04.545+0000] {logging_mixin.py:137} INFO - Rachel Melendez
[2023-02-02T10:01:04.548+0000] {logging_mixin.py:137} INFO - Morgan Walters
[2023-02-02T10:01:04.550+0000] {logging_mixin.py:137} INFO - Nicole Garcia
[2023-02-02T10:01:04.552+0000] {logging_mixin.py:137} INFO - Jennifer White
[2023-02-02T10:01:04.553+0000] {logging_mixin.py:137} INFO - Leslie Shannon
[2023-02-02T10:01:04.554+0000] {logging_mixin.py:137} INFO - Lisa Clayton
[2023-02-02T10:01:04.555+0000] {logging_mixin.py:137} INFO - Zachary Molina
[2023-02-02T10:01:04.562+0000] {logging_mixin.py:137} INFO - Bruce Butler
[2023-02-02T10:01:04.583+0000] {logging_mixin.py:137} INFO - Dustin Howell
[2023-02-02T10:01:04.593+0000] {logging_mixin.py:137} INFO - Aaron Smith
[2023-02-02T10:01:04.602+0000] {logging_mixin.py:137} INFO - Kyle Green
[2023-02-02T10:01:04.603+0000] {logging_mixin.py:137} INFO - Steven Clark
[2023-02-02T10:01:04.609+0000] {logging_mixin.py:137} INFO - Robert Holden
[2023-02-02T10:01:04.613+0000] {logging_mixin.py:137} INFO - Zachary Harmon
[2023-02-02T10:01:04.616+0000] {logging_mixin.py:137} INFO - Rachel Miller
[2023-02-02T10:01:04.618+0000] {logging_mixin.py:137} INFO - Brandon Parker
[2023-02-02T10:01:04.621+0000] {logging_mixin.py:137} INFO - Walter Martin
[2023-02-02T10:01:04.623+0000] {logging_mixin.py:137} INFO - Jose Young
[2023-02-02T10:01:04.627+0000] {logging_mixin.py:137} INFO - Kelsey Long
[2023-02-02T10:01:04.632+0000] {logging_mixin.py:137} INFO - William Harper
[2023-02-02T10:01:04.634+0000] {logging_mixin.py:137} INFO - Alejandro Lambert
[2023-02-02T10:01:04.638+0000] {logging_mixin.py:137} INFO - Stephanie Carson
[2023-02-02T10:01:04.640+0000] {logging_mixin.py:137} INFO - Diana Ortega MD
[2023-02-02T10:01:04.641+0000] {logging_mixin.py:137} INFO - Janet Morales
[2023-02-02T10:01:04.646+0000] {logging_mixin.py:137} INFO - Eric Fisher
[2023-02-02T10:01:04.647+0000] {logging_mixin.py:137} INFO - Louis Baker
[2023-02-02T10:01:04.650+0000] {logging_mixin.py:137} INFO - Cindy Ward
[2023-02-02T10:01:04.651+0000] {logging_mixin.py:137} INFO - Ana Jenkins
[2023-02-02T10:01:04.652+0000] {logging_mixin.py:137} INFO - Leslie Barton
[2023-02-02T10:01:04.654+0000] {logging_mixin.py:137} INFO - Gregory Price
[2023-02-02T10:01:04.655+0000] {logging_mixin.py:137} INFO - Brandon Moore
[2023-02-02T10:01:04.658+0000] {logging_mixin.py:137} INFO - Heather Garrett
[2023-02-02T10:01:04.659+0000] {logging_mixin.py:137} INFO - Cindy Hawkins
[2023-02-02T10:01:04.661+0000] {logging_mixin.py:137} INFO - Mr. Frank Snyder Jr.
[2023-02-02T10:01:04.667+0000] {logging_mixin.py:137} INFO - Megan Wang
[2023-02-02T10:01:04.670+0000] {logging_mixin.py:137} INFO - Jennifer Fleming
[2023-02-02T10:01:04.673+0000] {logging_mixin.py:137} INFO - Gary Hodge
[2023-02-02T10:01:04.677+0000] {logging_mixin.py:137} INFO - Nichole Miller
[2023-02-02T10:01:04.679+0000] {logging_mixin.py:137} INFO - Mitchell Mendoza
[2023-02-02T10:01:04.682+0000] {logging_mixin.py:137} INFO - Bradley Horton
[2023-02-02T10:01:04.685+0000] {logging_mixin.py:137} INFO - Michelle Hess
[2023-02-02T10:01:04.687+0000] {logging_mixin.py:137} INFO - Ronald Torres
[2023-02-02T10:01:04.688+0000] {logging_mixin.py:137} INFO - Raymond Hudson
[2023-02-02T10:01:04.690+0000] {logging_mixin.py:137} INFO - Vincent Jackson
[2023-02-02T10:01:04.691+0000] {logging_mixin.py:137} INFO - Susan Carey
[2023-02-02T10:01:04.698+0000] {logging_mixin.py:137} INFO - Chase Wilson
[2023-02-02T10:01:04.701+0000] {logging_mixin.py:137} INFO - Tonya Baldwin
[2023-02-02T10:01:04.702+0000] {logging_mixin.py:137} INFO - Mrs. Tina Davis
[2023-02-02T10:01:04.703+0000] {logging_mixin.py:137} INFO - Scott Garrett
[2023-02-02T10:01:04.705+0000] {logging_mixin.py:137} INFO - Michael Wilson
[2023-02-02T10:01:04.708+0000] {logging_mixin.py:137} INFO - Andrew Orozco
[2023-02-02T10:01:04.710+0000] {logging_mixin.py:137} INFO - Troy Carson
[2023-02-02T10:01:04.711+0000] {logging_mixin.py:137} INFO - Alex Winters
[2023-02-02T10:01:04.713+0000] {logging_mixin.py:137} INFO - Toni Frank
[2023-02-02T10:01:04.714+0000] {logging_mixin.py:137} INFO - Kathleen Snyder
[2023-02-02T10:01:04.715+0000] {logging_mixin.py:137} INFO - Anna Lopez
[2023-02-02T10:01:04.718+0000] {logging_mixin.py:137} INFO - Charles Brown
[2023-02-02T10:01:04.720+0000] {logging_mixin.py:137} INFO - Barry Ross
[2023-02-02T10:01:04.721+0000] {logging_mixin.py:137} INFO - Emily Ramirez
[2023-02-02T10:01:04.723+0000] {logging_mixin.py:137} INFO - Anna Williams
[2023-02-02T10:01:04.725+0000] {logging_mixin.py:137} INFO - Kristin Pennington
[2023-02-02T10:01:04.726+0000] {logging_mixin.py:137} INFO - Mary Aguirre
[2023-02-02T10:01:04.727+0000] {logging_mixin.py:137} INFO - Austin Santos
[2023-02-02T10:01:04.729+0000] {logging_mixin.py:137} INFO - David Nelson
[2023-02-02T10:01:04.730+0000] {logging_mixin.py:137} INFO - Alyssa Mcbride
[2023-02-02T10:01:04.732+0000] {logging_mixin.py:137} INFO - Lisa Gibson
[2023-02-02T10:01:04.738+0000] {logging_mixin.py:137} INFO - Alexander Kelly
[2023-02-02T10:01:04.742+0000] {logging_mixin.py:137} INFO - Ronald Thomas
[2023-02-02T10:01:04.746+0000] {logging_mixin.py:137} INFO - Michael Hurst
[2023-02-02T10:01:04.753+0000] {logging_mixin.py:137} INFO - Lauren Ward
[2023-02-02T10:01:04.763+0000] {logging_mixin.py:137} INFO - Christian Terry
[2023-02-02T10:01:04.764+0000] {logging_mixin.py:137} INFO - Jared Black
[2023-02-02T10:01:04.768+0000] {logging_mixin.py:137} INFO - Anthony Brown
[2023-02-02T10:01:04.771+0000] {logging_mixin.py:137} INFO - John Cole
[2023-02-02T10:01:04.773+0000] {logging_mixin.py:137} INFO - David Lee
[2023-02-02T10:01:04.777+0000] {logging_mixin.py:137} INFO - Lori Thomas
[2023-02-02T10:01:04.780+0000] {logging_mixin.py:137} INFO - Daniel Herman
[2023-02-02T10:01:04.781+0000] {logging_mixin.py:137} INFO - Pam Williams
[2023-02-02T10:01:04.782+0000] {logging_mixin.py:137} INFO - Sarah Jenkins
[2023-02-02T10:01:04.784+0000] {logging_mixin.py:137} INFO - Susan Mitchell
[2023-02-02T10:01:04.787+0000] {logging_mixin.py:137} INFO - Jacqueline Green
[2023-02-02T10:01:04.789+0000] {logging_mixin.py:137} INFO - Victoria Garrison
[2023-02-02T10:01:04.791+0000] {logging_mixin.py:137} INFO - Jonathan Daniels
[2023-02-02T10:01:04.795+0000] {logging_mixin.py:137} INFO - Trevor Hansen
[2023-02-02T10:01:04.797+0000] {logging_mixin.py:137} INFO - Laurie Bowen
[2023-02-02T10:01:04.800+0000] {logging_mixin.py:137} INFO - James Cline
[2023-02-02T10:01:04.802+0000] {logging_mixin.py:137} INFO - Michael Rose
[2023-02-02T10:01:04.805+0000] {logging_mixin.py:137} INFO - Lawrence Juarez
[2023-02-02T10:01:04.806+0000] {logging_mixin.py:137} INFO - Lucas Caldwell
[2023-02-02T10:01:04.810+0000] {logging_mixin.py:137} INFO - Laura Jackson
[2023-02-02T10:01:04.811+0000] {logging_mixin.py:137} INFO - Sherri Thornton
[2023-02-02T10:01:04.819+0000] {logging_mixin.py:137} INFO - Alice Wilson
[2023-02-02T10:01:04.822+0000] {logging_mixin.py:137} INFO - Diane Williams
[2023-02-02T10:01:04.823+0000] {logging_mixin.py:137} INFO - Kara Martin
[2023-02-02T10:01:04.828+0000] {logging_mixin.py:137} INFO - Joseph Moore
[2023-02-02T10:01:04.829+0000] {logging_mixin.py:137} INFO - Jesse Moses
[2023-02-02T10:01:04.831+0000] {logging_mixin.py:137} INFO - Lisa Mccall
[2023-02-02T10:01:04.832+0000] {logging_mixin.py:137} INFO - Alexandra Mccoy
[2023-02-02T10:01:04.834+0000] {logging_mixin.py:137} INFO - Daniel Martin
[2023-02-02T10:01:04.835+0000] {logging_mixin.py:137} INFO - Claudia Peck
[2023-02-02T10:01:04.837+0000] {logging_mixin.py:137} INFO - Jessica Mcconnell
[2023-02-02T10:01:04.840+0000] {logging_mixin.py:137} INFO - Kevin Walker
[2023-02-02T10:01:04.842+0000] {logging_mixin.py:137} INFO - Christina Lee
[2023-02-02T10:01:04.845+0000] {logging_mixin.py:137} INFO - Christopher Schroeder
[2023-02-02T10:01:04.847+0000] {logging_mixin.py:137} INFO - Melissa Parker
[2023-02-02T10:01:04.855+0000] {logging_mixin.py:137} INFO - Janet Molina
[2023-02-02T10:01:04.857+0000] {logging_mixin.py:137} INFO - Barbara Harris
[2023-02-02T10:01:04.858+0000] {logging_mixin.py:137} INFO - Joseph Hurley
[2023-02-02T10:01:04.862+0000] {logging_mixin.py:137} INFO - Greg Hayden
[2023-02-02T10:01:04.869+0000] {logging_mixin.py:137} INFO - Edwin Adams
[2023-02-02T10:01:04.871+0000] {logging_mixin.py:137} INFO - Ashley Hunter
[2023-02-02T10:01:04.873+0000] {logging_mixin.py:137} INFO - Jennifer Tucker
[2023-02-02T10:01:04.874+0000] {logging_mixin.py:137} INFO - Eddie Gray
[2023-02-02T10:01:04.876+0000] {logging_mixin.py:137} INFO - Jennifer Evans
[2023-02-02T10:01:04.877+0000] {logging_mixin.py:137} INFO - Stephen Carey
[2023-02-02T10:01:04.880+0000] {logging_mixin.py:137} INFO - Samantha Campos
[2023-02-02T10:01:04.888+0000] {logging_mixin.py:137} INFO - Meagan Brown
[2023-02-02T10:01:04.890+0000] {logging_mixin.py:137} INFO - Miss Marisa Barber
[2023-02-02T10:01:04.892+0000] {logging_mixin.py:137} INFO - Jay Mann
[2023-02-02T10:01:04.893+0000] {logging_mixin.py:137} INFO - Matthew Campbell
[2023-02-02T10:01:04.895+0000] {logging_mixin.py:137} INFO - Brent Rodriguez
[2023-02-02T10:01:04.896+0000] {logging_mixin.py:137} INFO - Teresa Ross
[2023-02-02T10:01:04.897+0000] {logging_mixin.py:137} INFO - Mary Martinez
[2023-02-02T10:01:04.899+0000] {logging_mixin.py:137} INFO - Joseph Lewis
[2023-02-02T10:01:04.906+0000] {logging_mixin.py:137} INFO - Dale Davis
[2023-02-02T10:01:04.910+0000] {logging_mixin.py:137} INFO - Elizabeth Evans
[2023-02-02T10:01:04.912+0000] {logging_mixin.py:137} INFO - Shannon Wang
[2023-02-02T10:01:04.913+0000] {logging_mixin.py:137} INFO - Brandon Campbell
[2023-02-02T10:01:04.915+0000] {logging_mixin.py:137} INFO - Rhonda Pace
[2023-02-02T10:01:04.919+0000] {logging_mixin.py:137} INFO - Sarah Santos
[2023-02-02T10:01:04.921+0000] {logging_mixin.py:137} INFO - Jacob Ford
[2023-02-02T10:01:04.923+0000] {logging_mixin.py:137} INFO - Matthew Hansen
[2023-02-02T10:01:04.927+0000] {logging_mixin.py:137} INFO - Amy Ray
[2023-02-02T10:01:04.929+0000] {logging_mixin.py:137} INFO - Aaron Fields
[2023-02-02T10:01:04.936+0000] {logging_mixin.py:137} INFO - Mary Taylor
[2023-02-02T10:01:04.938+0000] {logging_mixin.py:137} INFO - James Morris
[2023-02-02T10:01:04.941+0000] {logging_mixin.py:137} INFO - Darrell Cain
[2023-02-02T10:01:04.942+0000] {logging_mixin.py:137} INFO - Michael Smith
[2023-02-02T10:01:04.943+0000] {logging_mixin.py:137} INFO - Scott Coleman
[2023-02-02T10:01:04.944+0000] {logging_mixin.py:137} INFO - David Fitzpatrick
[2023-02-02T10:01:04.945+0000] {logging_mixin.py:137} INFO - Debra Shepherd
[2023-02-02T10:01:04.947+0000] {logging_mixin.py:137} INFO - Paul Rush
[2023-02-02T10:01:04.951+0000] {logging_mixin.py:137} INFO - Brett Hernandez
[2023-02-02T10:01:04.953+0000] {logging_mixin.py:137} INFO - Sheila Riddle
[2023-02-02T10:01:04.954+0000] {logging_mixin.py:137} INFO - Joan Austin
[2023-02-02T10:01:04.955+0000] {logging_mixin.py:137} INFO - Michael Garcia
[2023-02-02T10:01:04.958+0000] {logging_mixin.py:137} INFO - Natalie Harris
[2023-02-02T10:01:04.960+0000] {logging_mixin.py:137} INFO - Steven Dean
[2023-02-02T10:01:04.961+0000] {logging_mixin.py:137} INFO - John Brown
[2023-02-02T10:01:04.963+0000] {logging_mixin.py:137} INFO - Keith Zimmerman
[2023-02-02T10:01:04.965+0000] {logging_mixin.py:137} INFO - Curtis Byrd
[2023-02-02T10:01:04.966+0000] {logging_mixin.py:137} INFO - Mariah Green
[2023-02-02T10:01:04.972+0000] {logging_mixin.py:137} INFO - Roger Huynh
[2023-02-02T10:01:04.973+0000] {logging_mixin.py:137} INFO - Christopher Zamora
[2023-02-02T10:01:04.977+0000] {logging_mixin.py:137} INFO - Joyce Crawford
[2023-02-02T10:01:04.980+0000] {logging_mixin.py:137} INFO - Angela Smith
[2023-02-02T10:01:04.986+0000] {logging_mixin.py:137} INFO - Veronica Robinson
[2023-02-02T10:01:05.005+0000] {logging_mixin.py:137} INFO - Christopher Bates
[2023-02-02T10:01:05.012+0000] {logging_mixin.py:137} INFO - Steve Stone
[2023-02-02T10:01:05.016+0000] {logging_mixin.py:137} INFO - William Cook
[2023-02-02T10:01:05.020+0000] {logging_mixin.py:137} INFO - Lori Wood
[2023-02-02T10:01:05.033+0000] {logging_mixin.py:137} INFO - Jillian Reynolds
[2023-02-02T10:01:05.039+0000] {logging_mixin.py:137} INFO - Angela Caldwell
[2023-02-02T10:01:05.042+0000] {logging_mixin.py:137} INFO - Shane Campbell
[2023-02-02T10:01:05.045+0000] {logging_mixin.py:137} INFO - Karen Lawrence
[2023-02-02T10:01:05.050+0000] {logging_mixin.py:137} INFO - Kimberly Wood
[2023-02-02T10:01:05.053+0000] {logging_mixin.py:137} INFO - Samantha Lopez
[2023-02-02T10:01:05.055+0000] {logging_mixin.py:137} INFO - Harold Miller
[2023-02-02T10:01:05.058+0000] {logging_mixin.py:137} INFO - Raymond Cooper DVM
[2023-02-02T10:01:05.062+0000] {logging_mixin.py:137} INFO - Kristen Patel
[2023-02-02T10:01:05.068+0000] {logging_mixin.py:137} INFO - Anthony Mejia
[2023-02-02T10:01:05.070+0000] {logging_mixin.py:137} INFO - Raymond Thomas
[2023-02-02T10:01:05.073+0000] {logging_mixin.py:137} INFO - Scott Young
[2023-02-02T10:01:05.075+0000] {logging_mixin.py:137} INFO - David Larson
[2023-02-02T10:01:05.077+0000] {logging_mixin.py:137} INFO - Jon Murray
[2023-02-02T10:01:05.082+0000] {logging_mixin.py:137} INFO - Stephen Taylor
[2023-02-02T10:01:05.084+0000] {logging_mixin.py:137} INFO - Jennifer Hernandez
[2023-02-02T10:01:05.085+0000] {logging_mixin.py:137} INFO - Stacy Smith
[2023-02-02T10:01:05.088+0000] {logging_mixin.py:137} INFO - Juan Owens
[2023-02-02T10:01:05.091+0000] {logging_mixin.py:137} INFO - Brian Adkins
[2023-02-02T10:01:05.092+0000] {logging_mixin.py:137} INFO - Jesse Wells
[2023-02-02T10:01:05.095+0000] {logging_mixin.py:137} INFO - Kyle Matthews
[2023-02-02T10:01:05.100+0000] {logging_mixin.py:137} INFO - Dustin Russell
[2023-02-02T10:01:05.104+0000] {logging_mixin.py:137} INFO - Richard White
[2023-02-02T10:01:05.105+0000] {logging_mixin.py:137} INFO - Brittany Nichols
[2023-02-02T10:01:05.113+0000] {logging_mixin.py:137} INFO - Colton Kelly
[2023-02-02T10:01:05.115+0000] {logging_mixin.py:137} INFO - William Perry
[2023-02-02T10:01:05.118+0000] {logging_mixin.py:137} INFO - Thomas Cummings
[2023-02-02T10:01:05.121+0000] {logging_mixin.py:137} INFO - Timothy Ballard
[2023-02-02T10:01:05.124+0000] {logging_mixin.py:137} INFO - Richard Washington
[2023-02-02T10:01:05.130+0000] {logging_mixin.py:137} INFO - Joshua Lam
[2023-02-02T10:01:05.133+0000] {logging_mixin.py:137} INFO - Grant Jackson
[2023-02-02T10:01:05.136+0000] {logging_mixin.py:137} INFO - Erin Baker
[2023-02-02T10:01:05.139+0000] {logging_mixin.py:137} INFO - Scott Flowers
[2023-02-02T10:01:05.142+0000] {logging_mixin.py:137} INFO - James Adams
[2023-02-02T10:01:05.145+0000] {logging_mixin.py:137} INFO - Heather Alvarado
[2023-02-02T10:01:05.147+0000] {logging_mixin.py:137} INFO - Jennifer Snow
[2023-02-02T10:01:05.149+0000] {logging_mixin.py:137} INFO - Mario Jackson
[2023-02-02T10:01:05.151+0000] {logging_mixin.py:137} INFO - Kevin Collins
[2023-02-02T10:01:05.159+0000] {logging_mixin.py:137} INFO - Danielle Garcia
[2023-02-02T10:01:05.164+0000] {logging_mixin.py:137} INFO - Brenda Jackson
[2023-02-02T10:01:05.167+0000] {logging_mixin.py:137} INFO - Ashley Parker
[2023-02-02T10:01:05.170+0000] {logging_mixin.py:137} INFO - Angela Hickman
[2023-02-02T10:01:05.177+0000] {logging_mixin.py:137} INFO - Carol Rodriguez
[2023-02-02T10:01:05.178+0000] {logging_mixin.py:137} INFO - Vernon Anderson
[2023-02-02T10:01:05.181+0000] {logging_mixin.py:137} INFO - Jesus Church
[2023-02-02T10:01:05.188+0000] {logging_mixin.py:137} INFO - Michelle Medina
[2023-02-02T10:01:05.189+0000] {logging_mixin.py:137} INFO - Nancy Bryant
[2023-02-02T10:01:05.192+0000] {logging_mixin.py:137} INFO - Jennifer Martinez
[2023-02-02T10:01:05.197+0000] {logging_mixin.py:137} INFO - Amy Dougherty
[2023-02-02T10:01:05.202+0000] {logging_mixin.py:137} INFO - Alexis Sanders
[2023-02-02T10:01:05.205+0000] {logging_mixin.py:137} INFO - Austin Salazar
[2023-02-02T10:01:05.208+0000] {logging_mixin.py:137} INFO - Amy Williams
[2023-02-02T10:01:05.210+0000] {logging_mixin.py:137} INFO - Richard Haynes
[2023-02-02T10:01:05.213+0000] {logging_mixin.py:137} INFO - Christine Stark
[2023-02-02T10:01:05.216+0000] {logging_mixin.py:137} INFO - Anita Medina
[2023-02-02T10:01:05.217+0000] {logging_mixin.py:137} INFO - Mr. Thomas Duran
[2023-02-02T10:01:05.218+0000] {logging_mixin.py:137} INFO - Mr. Russell Peterson
[2023-02-02T10:01:05.220+0000] {logging_mixin.py:137} INFO - Jack Richard
[2023-02-02T10:01:05.221+0000] {logging_mixin.py:137} INFO - Michelle Erickson
[2023-02-02T10:01:05.223+0000] {logging_mixin.py:137} INFO - Mitchell Williams
[2023-02-02T10:01:05.226+0000] {logging_mixin.py:137} INFO - Adrian Herrera
[2023-02-02T10:01:05.229+0000] {logging_mixin.py:137} INFO - Michael Brady
[2023-02-02T10:01:05.234+0000] {logging_mixin.py:137} INFO - Jamie Zhang
[2023-02-02T10:01:05.245+0000] {logging_mixin.py:137} INFO - Helen Brennan
[2023-02-02T10:01:05.247+0000] {logging_mixin.py:137} INFO - John Myers
[2023-02-02T10:01:05.254+0000] {logging_mixin.py:137} INFO - Patricia Nash
[2023-02-02T10:01:05.256+0000] {logging_mixin.py:137} INFO - Michael Johnson
[2023-02-02T10:01:05.259+0000] {logging_mixin.py:137} INFO - Anita Berger
[2023-02-02T10:01:05.262+0000] {logging_mixin.py:137} INFO - Jason Guerrero DVM
[2023-02-02T10:01:05.265+0000] {logging_mixin.py:137} INFO - Kimberly Davis
[2023-02-02T10:01:05.272+0000] {logging_mixin.py:137} INFO - Bryan Hansen
[2023-02-02T10:01:05.275+0000] {logging_mixin.py:137} INFO - Rebecca Obrien
[2023-02-02T10:01:05.277+0000] {logging_mixin.py:137} INFO - Sarah Santiago
[2023-02-02T10:01:05.280+0000] {logging_mixin.py:137} INFO - Christine Lane
[2023-02-02T10:01:05.283+0000] {logging_mixin.py:137} INFO - Jerry Lewis
[2023-02-02T10:01:05.288+0000] {logging_mixin.py:137} INFO - Stephanie Miller
[2023-02-02T10:01:05.290+0000] {logging_mixin.py:137} INFO - Kristi Bradley
[2023-02-02T10:01:05.294+0000] {logging_mixin.py:137} INFO - Darren Moore
[2023-02-02T10:01:05.296+0000] {logging_mixin.py:137} INFO - Kristina Cunningham
[2023-02-02T10:01:05.298+0000] {logging_mixin.py:137} INFO - Laurie Moore
[2023-02-02T10:01:05.301+0000] {logging_mixin.py:137} INFO - Aaron Lewis
[2023-02-02T10:01:05.303+0000] {logging_mixin.py:137} INFO - Theresa Vang
[2023-02-02T10:01:05.305+0000] {logging_mixin.py:137} INFO - Chase Reese
[2023-02-02T10:01:05.307+0000] {logging_mixin.py:137} INFO - Matthew Ferguson
[2023-02-02T10:01:05.308+0000] {logging_mixin.py:137} INFO - Victoria Lewis
[2023-02-02T10:01:05.312+0000] {logging_mixin.py:137} INFO - Jon Scott
[2023-02-02T10:01:05.315+0000] {logging_mixin.py:137} INFO - Lisa Campbell
[2023-02-02T10:01:05.317+0000] {logging_mixin.py:137} INFO - David Ramirez
[2023-02-02T10:01:05.320+0000] {logging_mixin.py:137} INFO - Gabriel Rosario
[2023-02-02T10:01:05.322+0000] {logging_mixin.py:137} INFO - Kristi Johnson
[2023-02-02T10:01:05.323+0000] {logging_mixin.py:137} INFO - Jennifer Schwartz
[2023-02-02T10:01:05.324+0000] {logging_mixin.py:137} INFO - Daniel Norton
[2023-02-02T10:01:05.327+0000] {logging_mixin.py:137} INFO - Richard Montoya
[2023-02-02T10:01:05.332+0000] {logging_mixin.py:137} INFO - Daniel Norris
[2023-02-02T10:01:05.338+0000] {logging_mixin.py:137} INFO - Chad Taylor
[2023-02-02T10:01:05.341+0000] {logging_mixin.py:137} INFO - Angie Allen
[2023-02-02T10:01:05.342+0000] {logging_mixin.py:137} INFO - Michael Brooks
[2023-02-02T10:01:05.345+0000] {logging_mixin.py:137} INFO - Hannah Poole
[2023-02-02T10:01:05.347+0000] {logging_mixin.py:137} INFO - Caitlin Ray
[2023-02-02T10:01:05.348+0000] {logging_mixin.py:137} INFO - Mr. Steven Gardner
[2023-02-02T10:01:05.351+0000] {logging_mixin.py:137} INFO - Jennifer Macdonald
[2023-02-02T10:01:05.353+0000] {logging_mixin.py:137} INFO - Vanessa Small
[2023-02-02T10:01:05.356+0000] {logging_mixin.py:137} INFO - Dennis Gray
[2023-02-02T10:01:05.358+0000] {logging_mixin.py:137} INFO - Sandra Kirk
[2023-02-02T10:01:05.360+0000] {logging_mixin.py:137} INFO - Jason Wagner
[2023-02-02T10:01:05.361+0000] {logging_mixin.py:137} INFO - David Owen
[2023-02-02T10:01:05.363+0000] {logging_mixin.py:137} INFO - Rose Terrell
[2023-02-02T10:01:05.365+0000] {logging_mixin.py:137} INFO - James Green MD
[2023-02-02T10:01:05.369+0000] {logging_mixin.py:137} INFO - Tammy Patel
[2023-02-02T10:01:05.371+0000] {logging_mixin.py:137} INFO - Joseph Lucero
[2023-02-02T10:01:05.374+0000] {logging_mixin.py:137} INFO - Stephanie Rojas
[2023-02-02T10:01:05.379+0000] {logging_mixin.py:137} INFO - Brittany Johnson
[2023-02-02T10:01:05.381+0000] {logging_mixin.py:137} INFO - Christina Cummings
[2023-02-02T10:01:05.385+0000] {logging_mixin.py:137} INFO - Eric Downs
[2023-02-02T10:01:05.388+0000] {logging_mixin.py:137} INFO - Paul Finley
[2023-02-02T10:01:05.391+0000] {logging_mixin.py:137} INFO - Danielle Jackson
[2023-02-02T10:01:05.393+0000] {logging_mixin.py:137} INFO - Anna Johnston
[2023-02-02T10:01:05.397+0000] {logging_mixin.py:137} INFO - Ashlee Hodges
[2023-02-02T10:01:05.399+0000] {logging_mixin.py:137} INFO - Thomas Francis
[2023-02-02T10:01:05.401+0000] {logging_mixin.py:137} INFO - Cody Baird
[2023-02-02T10:01:05.404+0000] {logging_mixin.py:137} INFO - Jeffrey Walter
[2023-02-02T10:01:05.405+0000] {logging_mixin.py:137} INFO - Hannah West
[2023-02-02T10:01:05.407+0000] {logging_mixin.py:137} INFO - Anthony Byrd
[2023-02-02T10:01:05.410+0000] {logging_mixin.py:137} INFO - Julie Ramirez
[2023-02-02T10:01:05.413+0000] {logging_mixin.py:137} INFO - Seth Peters
[2023-02-02T10:01:05.414+0000] {logging_mixin.py:137} INFO - Keith Salas
[2023-02-02T10:01:05.415+0000] {logging_mixin.py:137} INFO - Kathryn Evans
[2023-02-02T10:01:05.417+0000] {logging_mixin.py:137} INFO - Dr. Maria Scott
[2023-02-02T10:01:05.421+0000] {logging_mixin.py:137} INFO - Brenda Thomas
[2023-02-02T10:01:05.424+0000] {logging_mixin.py:137} INFO - Travis Douglas
[2023-02-02T10:01:05.428+0000] {logging_mixin.py:137} INFO - Kurt Santos
[2023-02-02T10:01:05.430+0000] {logging_mixin.py:137} INFO - Sean Parrish
[2023-02-02T10:01:05.432+0000] {logging_mixin.py:137} INFO - Brittany Walls
[2023-02-02T10:01:05.433+0000] {logging_mixin.py:137} INFO - Gail Brooks
[2023-02-02T10:01:05.434+0000] {logging_mixin.py:137} INFO - Valerie Johnson
[2023-02-02T10:01:05.436+0000] {logging_mixin.py:137} INFO - Jessica Dunn
[2023-02-02T10:01:05.441+0000] {logging_mixin.py:137} INFO - Chad Robinson
[2023-02-02T10:01:05.443+0000] {logging_mixin.py:137} INFO - Catherine Combs
[2023-02-02T10:01:05.445+0000] {logging_mixin.py:137} INFO - Joshua Boyd
[2023-02-02T10:01:05.446+0000] {logging_mixin.py:137} INFO - Alicia Barnett DVM
[2023-02-02T10:01:05.449+0000] {logging_mixin.py:137} INFO - Kevin Cervantes
[2023-02-02T10:01:05.452+0000] {logging_mixin.py:137} INFO - Larry Lester
[2023-02-02T10:01:05.453+0000] {logging_mixin.py:137} INFO - Deanna Espinoza
[2023-02-02T10:01:05.456+0000] {logging_mixin.py:137} INFO - Marilyn Davis
[2023-02-02T10:01:05.458+0000] {logging_mixin.py:137} INFO - Michael Weeks
[2023-02-02T10:01:05.461+0000] {logging_mixin.py:137} INFO - Brandon Stanton
[2023-02-02T10:01:05.463+0000] {logging_mixin.py:137} INFO - Ryan Boyer Jr.
[2023-02-02T10:01:05.466+0000] {logging_mixin.py:137} INFO - Amanda Elliott
[2023-02-02T10:01:05.470+0000] {logging_mixin.py:137} INFO - David Moore
[2023-02-02T10:01:05.474+0000] {logging_mixin.py:137} INFO - Andre Williams
[2023-02-02T10:01:05.477+0000] {logging_mixin.py:137} INFO - Jennifer Garcia
[2023-02-02T10:01:05.480+0000] {logging_mixin.py:137} INFO - Tracey Cook
[2023-02-02T10:01:05.484+0000] {logging_mixin.py:137} INFO - Michael Turner
[2023-02-02T10:01:05.485+0000] {logging_mixin.py:137} INFO - Diana Long
[2023-02-02T10:01:05.488+0000] {logging_mixin.py:137} INFO - John Bradley
[2023-02-02T10:01:05.490+0000] {logging_mixin.py:137} INFO - Ann Benjamin
[2023-02-02T10:01:05.494+0000] {logging_mixin.py:137} INFO - Shane House
[2023-02-02T10:01:05.495+0000] {logging_mixin.py:137} INFO - Erin Lee
[2023-02-02T10:01:05.500+0000] {logging_mixin.py:137} INFO - Joseph Gray
[2023-02-02T10:01:05.503+0000] {logging_mixin.py:137} INFO - Betty Gibson
[2023-02-02T10:01:05.507+0000] {logging_mixin.py:137} INFO - Kristen Graham
[2023-02-02T10:01:05.509+0000] {logging_mixin.py:137} INFO - Daniel Meza
[2023-02-02T10:01:05.510+0000] {logging_mixin.py:137} INFO - Sherri Carpenter
[2023-02-02T10:01:05.512+0000] {logging_mixin.py:137} INFO - Andrea Sanchez
[2023-02-02T10:01:05.517+0000] {logging_mixin.py:137} INFO - Jordan Rios
[2023-02-02T10:01:05.520+0000] {logging_mixin.py:137} INFO - Elizabeth Jackson
[2023-02-02T10:01:05.522+0000] {logging_mixin.py:137} INFO - Elizabeth Myers
[2023-02-02T10:01:05.523+0000] {logging_mixin.py:137} INFO - Juan Barnes
[2023-02-02T10:01:05.525+0000] {logging_mixin.py:137} INFO - Christopher Lozano
[2023-02-02T10:01:05.530+0000] {logging_mixin.py:137} INFO - Jacqueline Griffin
[2023-02-02T10:01:05.535+0000] {logging_mixin.py:137} INFO - Ryan Mason
[2023-02-02T10:01:05.538+0000] {logging_mixin.py:137} INFO - Jonathan Moore
[2023-02-02T10:01:05.542+0000] {logging_mixin.py:137} INFO - Abigail Landry
[2023-02-02T10:01:05.550+0000] {logging_mixin.py:137} INFO - Brenda Hernandez
[2023-02-02T10:01:05.553+0000] {logging_mixin.py:137} INFO - Zachary Pitts
[2023-02-02T10:01:05.556+0000] {logging_mixin.py:137} INFO - Amanda Rogers
[2023-02-02T10:01:05.558+0000] {logging_mixin.py:137} INFO - Cynthia Gray
[2023-02-02T10:01:05.561+0000] {logging_mixin.py:137} INFO - Tyler Barajas
[2023-02-02T10:01:05.567+0000] {logging_mixin.py:137} INFO - Michelle Leon
[2023-02-02T10:01:05.569+0000] {logging_mixin.py:137} INFO - Kathy Lang
[2023-02-02T10:01:05.570+0000] {logging_mixin.py:137} INFO - Scott Townsend MD
[2023-02-02T10:01:05.574+0000] {logging_mixin.py:137} INFO - Theresa Acosta
[2023-02-02T10:01:05.576+0000] {logging_mixin.py:137} INFO - David Jones
[2023-02-02T10:01:05.578+0000] {logging_mixin.py:137} INFO - Jeremy Robinson
[2023-02-02T10:01:05.579+0000] {logging_mixin.py:137} INFO - James Newton
[2023-02-02T10:01:05.580+0000] {logging_mixin.py:137} INFO - Tracey Wells
[2023-02-02T10:01:05.582+0000] {logging_mixin.py:137} INFO - Maria Nelson
[2023-02-02T10:01:05.586+0000] {logging_mixin.py:137} INFO - Christopher Griffith
[2023-02-02T10:01:05.593+0000] {logging_mixin.py:137} INFO - Zachary Griffin
[2023-02-02T10:01:05.598+0000] {logging_mixin.py:137} INFO - Amy Nguyen
[2023-02-02T10:01:05.601+0000] {logging_mixin.py:137} INFO - April Williams
[2023-02-02T10:01:05.606+0000] {logging_mixin.py:137} INFO - Marissa Kelly
[2023-02-02T10:01:05.609+0000] {logging_mixin.py:137} INFO - Brian Lopez PhD
[2023-02-02T10:01:05.617+0000] {logging_mixin.py:137} INFO - William Williams
[2023-02-02T10:01:05.622+0000] {logging_mixin.py:137} INFO - Norman Brown
[2023-02-02T10:01:05.626+0000] {logging_mixin.py:137} INFO - Charles Fuentes
[2023-02-02T10:01:05.630+0000] {logging_mixin.py:137} INFO - Anthony Chang
[2023-02-02T10:01:05.632+0000] {logging_mixin.py:137} INFO - Mary Bell
[2023-02-02T10:01:05.636+0000] {logging_mixin.py:137} INFO - Elizabeth Stuart
[2023-02-02T10:01:05.645+0000] {logging_mixin.py:137} INFO - Mary Mcdonald
[2023-02-02T10:01:05.647+0000] {logging_mixin.py:137} INFO - Martin Harrison
[2023-02-02T10:01:05.650+0000] {logging_mixin.py:137} INFO - Stephanie Fernandez
[2023-02-02T10:01:05.651+0000] {logging_mixin.py:137} INFO - Christopher Brown
[2023-02-02T10:01:05.658+0000] {logging_mixin.py:137} INFO - Alexander Stephenson
[2023-02-02T10:01:05.661+0000] {logging_mixin.py:137} INFO - Grace Diaz
[2023-02-02T10:01:05.663+0000] {logging_mixin.py:137} INFO - Frank Bartlett
[2023-02-02T10:01:05.668+0000] {logging_mixin.py:137} INFO - Audrey Andersen
[2023-02-02T10:01:05.670+0000] {logging_mixin.py:137} INFO - David Green
[2023-02-02T10:01:05.671+0000] {logging_mixin.py:137} INFO - Joshua Diaz Jr.
[2023-02-02T10:01:05.674+0000] {logging_mixin.py:137} INFO - Emily Garcia
[2023-02-02T10:01:05.676+0000] {logging_mixin.py:137} INFO - Devin Hall
[2023-02-02T10:01:05.679+0000] {logging_mixin.py:137} INFO - Phillip Garner
[2023-02-02T10:01:05.689+0000] {logging_mixin.py:137} INFO - Katherine Estrada
[2023-02-02T10:01:05.691+0000] {logging_mixin.py:137} INFO - Corey Saunders
[2023-02-02T10:01:05.695+0000] {logging_mixin.py:137} INFO - Kimberly Collins
[2023-02-02T10:01:05.697+0000] {logging_mixin.py:137} INFO - Amy Elliott
[2023-02-02T10:01:05.699+0000] {logging_mixin.py:137} INFO - Tanya Jones
[2023-02-02T10:01:05.705+0000] {logging_mixin.py:137} INFO - Patricia Gonzalez
[2023-02-02T10:01:05.708+0000] {logging_mixin.py:137} INFO - Jennifer Hill
[2023-02-02T10:01:05.712+0000] {logging_mixin.py:137} INFO - John Haynes
[2023-02-02T10:01:05.713+0000] {logging_mixin.py:137} INFO - Jacob Henry
[2023-02-02T10:01:05.716+0000] {logging_mixin.py:137} INFO - Daniel Clark
[2023-02-02T10:01:05.718+0000] {logging_mixin.py:137} INFO - Jonathon Taylor
[2023-02-02T10:01:05.721+0000] {logging_mixin.py:137} INFO - Jesse Evans
[2023-02-02T10:01:05.722+0000] {logging_mixin.py:137} INFO - James Martinez
[2023-02-02T10:01:05.724+0000] {logging_mixin.py:137} INFO - Kyle Reyes
[2023-02-02T10:01:05.725+0000] {logging_mixin.py:137} INFO - Terrence Barker
[2023-02-02T10:01:05.726+0000] {logging_mixin.py:137} INFO - Anthony Washington
[2023-02-02T10:01:05.729+0000] {logging_mixin.py:137} INFO - Dustin Le
[2023-02-02T10:01:05.730+0000] {logging_mixin.py:137} INFO - Bruce Clark
[2023-02-02T10:01:05.732+0000] {logging_mixin.py:137} INFO - Keith Anthony
[2023-02-02T10:01:05.733+0000] {logging_mixin.py:137} INFO - Jeremiah Stone
[2023-02-02T10:01:05.734+0000] {logging_mixin.py:137} INFO - Michael Haley
[2023-02-02T10:01:05.736+0000] {logging_mixin.py:137} INFO - Regina Carrillo
[2023-02-02T10:01:05.738+0000] {logging_mixin.py:137} INFO - Jacob Lee
[2023-02-02T10:01:05.742+0000] {logging_mixin.py:137} INFO - Thomas Gonzalez
[2023-02-02T10:01:05.744+0000] {logging_mixin.py:137} INFO - Mark Lawrence
[2023-02-02T10:01:05.746+0000] {logging_mixin.py:137} INFO - Matthew Anderson
[2023-02-02T10:01:05.747+0000] {logging_mixin.py:137} INFO - Nicholas Young
[2023-02-02T10:01:05.750+0000] {logging_mixin.py:137} INFO - Melvin Martinez
[2023-02-02T10:01:05.752+0000] {logging_mixin.py:137} INFO - Scott Green
[2023-02-02T10:01:05.754+0000] {logging_mixin.py:137} INFO - Dana Richards
[2023-02-02T10:01:05.756+0000] {logging_mixin.py:137} INFO - Lauren Moore
[2023-02-02T10:01:05.757+0000] {logging_mixin.py:137} INFO - Terry Campbell
[2023-02-02T10:01:05.758+0000] {logging_mixin.py:137} INFO - Ralph Jordan
[2023-02-02T10:01:05.759+0000] {logging_mixin.py:137} INFO - Noah Reyes
[2023-02-02T10:01:05.763+0000] {logging_mixin.py:137} INFO - Mr. Gregory Mills MD
[2023-02-02T10:01:05.765+0000] {logging_mixin.py:137} INFO - Michelle Yates
[2023-02-02T10:01:05.767+0000] {logging_mixin.py:137} INFO - Robin Reyes
[2023-02-02T10:01:05.770+0000] {logging_mixin.py:137} INFO - Rebecca Smith
[2023-02-02T10:01:05.774+0000] {logging_mixin.py:137} INFO - Nicole Torres
[2023-02-02T10:01:05.776+0000] {logging_mixin.py:137} INFO - Ronald Jones
[2023-02-02T10:01:05.778+0000] {logging_mixin.py:137} INFO - Michael Castaneda
[2023-02-02T10:01:05.781+0000] {logging_mixin.py:137} INFO - Christopher Krueger
[2023-02-02T10:01:05.783+0000] {logging_mixin.py:137} INFO - Jennifer Werner
[2023-02-02T10:01:05.786+0000] {logging_mixin.py:137} INFO - Ashley Smith
[2023-02-02T10:01:05.790+0000] {logging_mixin.py:137} INFO - Alyssa Fields
[2023-02-02T10:01:05.792+0000] {logging_mixin.py:137} INFO - John Scott
[2023-02-02T10:01:05.795+0000] {logging_mixin.py:137} INFO - Debra Delacruz
[2023-02-02T10:01:05.801+0000] {logging_mixin.py:137} INFO - James Madden
[2023-02-02T10:01:05.805+0000] {logging_mixin.py:137} INFO - Joseph Gentry
[2023-02-02T10:01:05.808+0000] {logging_mixin.py:137} INFO - Ashley Cabrera
[2023-02-02T10:01:05.810+0000] {logging_mixin.py:137} INFO - Jennifer Fernandez
[2023-02-02T10:01:05.811+0000] {logging_mixin.py:137} INFO - James Harris
[2023-02-02T10:01:05.813+0000] {logging_mixin.py:137} INFO - Candice Young
[2023-02-02T10:01:05.817+0000] {logging_mixin.py:137} INFO - Lisa Baker
[2023-02-02T10:01:05.820+0000] {logging_mixin.py:137} INFO - Brian Mills DDS
[2023-02-02T10:01:05.824+0000] {logging_mixin.py:137} INFO - Kristin Smith
[2023-02-02T10:01:05.833+0000] {logging_mixin.py:137} INFO - Jacob Collins
[2023-02-02T10:01:05.835+0000] {logging_mixin.py:137} INFO - Kimberly Harris
[2023-02-02T10:01:05.837+0000] {logging_mixin.py:137} INFO - Michael Hull
[2023-02-02T10:01:05.840+0000] {logging_mixin.py:137} INFO - Caitlin Todd
[2023-02-02T10:01:05.842+0000] {logging_mixin.py:137} INFO - Lisa Harris
[2023-02-02T10:01:05.847+0000] {logging_mixin.py:137} INFO - Mrs. Ann Stone
[2023-02-02T10:01:05.851+0000] {logging_mixin.py:137} INFO - Michelle Case
[2023-02-02T10:01:05.854+0000] {logging_mixin.py:137} INFO - Joe Lowe
[2023-02-02T10:01:05.859+0000] {logging_mixin.py:137} INFO - Randall Dunn
[2023-02-02T10:01:05.866+0000] {logging_mixin.py:137} INFO - Paula Vargas
[2023-02-02T10:01:05.868+0000] {logging_mixin.py:137} INFO - Daniel Walker
[2023-02-02T10:01:05.873+0000] {logging_mixin.py:137} INFO - James Jackson
[2023-02-02T10:01:05.876+0000] {logging_mixin.py:137} INFO - Shirley Woodard
[2023-02-02T10:01:05.877+0000] {logging_mixin.py:137} INFO - James Hayes
[2023-02-02T10:01:05.881+0000] {logging_mixin.py:137} INFO - Megan Austin
[2023-02-02T10:01:05.885+0000] {logging_mixin.py:137} INFO - Erin Robertson
[2023-02-02T10:01:05.888+0000] {logging_mixin.py:137} INFO - Robert Phillips
[2023-02-02T10:01:05.889+0000] {logging_mixin.py:137} INFO - Amy Torres
[2023-02-02T10:01:05.897+0000] {logging_mixin.py:137} INFO - Joshua Cox
[2023-02-02T10:01:05.899+0000] {logging_mixin.py:137} INFO - Duane Grimes
[2023-02-02T10:01:05.901+0000] {logging_mixin.py:137} INFO - Jennifer Burgess
[2023-02-02T10:01:05.905+0000] {logging_mixin.py:137} INFO - Carlos Duran
[2023-02-02T10:01:05.911+0000] {logging_mixin.py:137} INFO - Jason Johnson
[2023-02-02T10:01:05.915+0000] {logging_mixin.py:137} INFO - Cameron Greer
[2023-02-02T10:01:05.919+0000] {logging_mixin.py:137} INFO - Randall Williams
[2023-02-02T10:01:05.925+0000] {logging_mixin.py:137} INFO - Jessica Harris
[2023-02-02T10:01:05.928+0000] {logging_mixin.py:137} INFO - Joshua Rogers
[2023-02-02T10:01:05.935+0000] {logging_mixin.py:137} INFO - Jose Mahoney
[2023-02-02T10:01:05.938+0000] {logging_mixin.py:137} INFO - Brandy Fuentes
[2023-02-02T10:01:05.945+0000] {logging_mixin.py:137} INFO - Angelica Matthews
[2023-02-02T10:01:05.951+0000] {logging_mixin.py:137} INFO - Glenn Caldwell
[2023-02-02T10:01:05.953+0000] {logging_mixin.py:137} INFO - Cristian Delacruz
[2023-02-02T10:01:05.956+0000] {logging_mixin.py:137} INFO - Alexandra Price
[2023-02-02T10:01:05.958+0000] {logging_mixin.py:137} INFO - Heather Wilson
[2023-02-02T10:01:05.963+0000] {logging_mixin.py:137} INFO - Shawn Thompson
[2023-02-02T10:01:05.970+0000] {logging_mixin.py:137} INFO - Anna Daniel
[2023-02-02T10:01:05.972+0000] {logging_mixin.py:137} INFO - Joseph Cisneros
[2023-02-02T10:01:05.975+0000] {logging_mixin.py:137} INFO - Rebecca Estes
[2023-02-02T10:01:05.979+0000] {logging_mixin.py:137} INFO - Jeremy Porter
[2023-02-02T10:01:05.985+0000] {logging_mixin.py:137} INFO - Lisa Mann
[2023-02-02T10:01:05.989+0000] {logging_mixin.py:137} INFO - Michael Woods
[2023-02-02T10:01:05.993+0000] {logging_mixin.py:137} INFO - Madison Thompson
[2023-02-02T10:01:05.999+0000] {logging_mixin.py:137} INFO - Nancy Gomez
[2023-02-02T10:01:06.001+0000] {logging_mixin.py:137} INFO - Julie Blanchard
[2023-02-02T10:01:06.003+0000] {logging_mixin.py:137} INFO - Michael Smith
[2023-02-02T10:01:06.008+0000] {logging_mixin.py:137} INFO - Angel Huber
[2023-02-02T10:01:06.011+0000] {logging_mixin.py:137} INFO - Michael Coffey
[2023-02-02T10:01:06.013+0000] {logging_mixin.py:137} INFO - Patrick Walter
[2023-02-02T10:01:06.015+0000] {logging_mixin.py:137} INFO - Curtis Davis
[2023-02-02T10:01:06.017+0000] {logging_mixin.py:137} INFO - Kyle Stewart
[2023-02-02T10:01:06.022+0000] {logging_mixin.py:137} INFO - Angela Jimenez
[2023-02-02T10:01:06.024+0000] {logging_mixin.py:137} INFO - Andrew Martinez
[2023-02-02T10:01:06.032+0000] {logging_mixin.py:137} INFO - Angela West
[2023-02-02T10:01:06.037+0000] {logging_mixin.py:137} INFO - Ryan Young
[2023-02-02T10:01:06.043+0000] {logging_mixin.py:137} INFO - Nathaniel Evans
[2023-02-02T10:01:06.049+0000] {logging_mixin.py:137} INFO - Dawn Bryant
[2023-02-02T10:01:06.052+0000] {logging_mixin.py:137} INFO - Danielle Lewis
[2023-02-02T10:01:06.053+0000] {logging_mixin.py:137} INFO - Matthew Newman
[2023-02-02T10:01:06.055+0000] {logging_mixin.py:137} INFO - Robert Smith
[2023-02-02T10:01:06.059+0000] {logging_mixin.py:137} INFO - Melissa Hicks
[2023-02-02T10:01:06.065+0000] {logging_mixin.py:137} INFO - Emily Lambert
[2023-02-02T10:01:06.067+0000] {logging_mixin.py:137} INFO - Krystal Wolfe
[2023-02-02T10:01:06.071+0000] {logging_mixin.py:137} INFO - Donna Murillo
[2023-02-02T10:01:06.072+0000] {logging_mixin.py:137} INFO - Carl Hudson
[2023-02-02T10:01:06.074+0000] {logging_mixin.py:137} INFO - Robert Wilson
[2023-02-02T10:01:06.077+0000] {logging_mixin.py:137} INFO - Patrick Mathis
[2023-02-02T10:01:06.083+0000] {logging_mixin.py:137} INFO - Michael Suarez
[2023-02-02T10:01:06.085+0000] {logging_mixin.py:137} INFO - David Johnson
[2023-02-02T10:01:06.088+0000] {logging_mixin.py:137} INFO - William Thompson
[2023-02-02T10:01:06.094+0000] {logging_mixin.py:137} INFO - Jessica Hansen DVM
[2023-02-02T10:01:06.097+0000] {logging_mixin.py:137} INFO - Katherine Friedman
[2023-02-02T10:01:06.099+0000] {logging_mixin.py:137} INFO - Jillian Johnson
[2023-02-02T10:01:06.104+0000] {logging_mixin.py:137} INFO - Robert Mckee
[2023-02-02T10:01:06.110+0000] {logging_mixin.py:137} INFO - Rachel Little
[2023-02-02T10:01:06.112+0000] {logging_mixin.py:137} INFO - Patricia Smith
[2023-02-02T10:01:06.117+0000] {logging_mixin.py:137} INFO - Heidi Martinez
[2023-02-02T10:01:06.120+0000] {logging_mixin.py:137} INFO - Caitlin Solomon
[2023-02-02T10:01:06.123+0000] {logging_mixin.py:137} INFO - Dr. Olivia Pugh
[2023-02-02T10:01:06.124+0000] {logging_mixin.py:137} INFO - John Steele DDS
[2023-02-02T10:01:06.126+0000] {logging_mixin.py:137} INFO - Jeremy Mathews
[2023-02-02T10:01:06.130+0000] {logging_mixin.py:137} INFO - Tiffany Hill
[2023-02-02T10:01:06.133+0000] {logging_mixin.py:137} INFO - Steven Edwards
[2023-02-02T10:01:06.136+0000] {logging_mixin.py:137} INFO - Charles Campbell
[2023-02-02T10:01:06.139+0000] {logging_mixin.py:137} INFO - Brett Hughes
[2023-02-02T10:01:06.143+0000] {logging_mixin.py:137} INFO - Christina Villegas
[2023-02-02T10:01:06.145+0000] {logging_mixin.py:137} INFO - Anthony Garcia
[2023-02-02T10:01:06.148+0000] {logging_mixin.py:137} INFO - Nathan Murphy
[2023-02-02T10:01:06.150+0000] {logging_mixin.py:137} INFO - Steven Dodson
[2023-02-02T10:01:06.156+0000] {logging_mixin.py:137} INFO - Brian Sullivan
[2023-02-02T10:01:06.158+0000] {logging_mixin.py:137} INFO - Renee White
[2023-02-02T10:01:06.161+0000] {logging_mixin.py:137} INFO - Laura Rowland
[2023-02-02T10:01:06.165+0000] {logging_mixin.py:137} INFO - John Moore
[2023-02-02T10:01:06.166+0000] {logging_mixin.py:137} INFO - Sophia Mckenzie
[2023-02-02T10:01:06.171+0000] {logging_mixin.py:137} INFO - David Roach
[2023-02-02T10:01:06.173+0000] {logging_mixin.py:137} INFO - Jennifer Patterson
[2023-02-02T10:01:06.177+0000] {logging_mixin.py:137} INFO - James Richards
[2023-02-02T10:01:06.179+0000] {logging_mixin.py:137} INFO - Mary Johnston
[2023-02-02T10:01:06.183+0000] {logging_mixin.py:137} INFO - Brandon Mcdaniel
[2023-02-02T10:01:06.193+0000] {logging_mixin.py:137} INFO - Meghan Stevenson
[2023-02-02T10:01:06.195+0000] {logging_mixin.py:137} INFO - Luis Hayes
[2023-02-02T10:01:06.200+0000] {logging_mixin.py:137} INFO - Alejandra Sloan
[2023-02-02T10:01:06.202+0000] {logging_mixin.py:137} INFO - Dr. Sandra Miller
[2023-02-02T10:01:06.204+0000] {logging_mixin.py:137} INFO - Dustin Bond
[2023-02-02T10:01:06.206+0000] {logging_mixin.py:137} INFO - Julia Patrick MD
[2023-02-02T10:01:06.209+0000] {logging_mixin.py:137} INFO - Jill Campbell
[2023-02-02T10:01:06.213+0000] {logging_mixin.py:137} INFO - Mark Ford
[2023-02-02T10:01:06.216+0000] {logging_mixin.py:137} INFO - Brian Long
[2023-02-02T10:01:06.221+0000] {logging_mixin.py:137} INFO - Lisa Peterson
[2023-02-02T10:01:06.223+0000] {logging_mixin.py:137} INFO - Matthew Lee
[2023-02-02T10:01:06.225+0000] {logging_mixin.py:137} INFO - Bradley Miller
[2023-02-02T10:01:06.228+0000] {logging_mixin.py:137} INFO - Jeffrey Moss
[2023-02-02T10:01:06.234+0000] {logging_mixin.py:137} INFO - Sara Carlson
[2023-02-02T10:01:06.237+0000] {logging_mixin.py:137} INFO - Daniel Rodriguez
[2023-02-02T10:01:06.239+0000] {logging_mixin.py:137} INFO - Jeremy David
[2023-02-02T10:01:06.241+0000] {logging_mixin.py:137} INFO - Eric Green
[2023-02-02T10:01:06.249+0000] {logging_mixin.py:137} INFO - Alexis Jones
[2023-02-02T10:01:06.252+0000] {logging_mixin.py:137} INFO - Matthew Rose
[2023-02-02T10:01:06.259+0000] {logging_mixin.py:137} INFO - Catherine Anderson
[2023-02-02T10:01:06.263+0000] {logging_mixin.py:137} INFO - Holly Burton
[2023-02-02T10:01:06.266+0000] {logging_mixin.py:137} INFO - David Matthews
[2023-02-02T10:01:06.269+0000] {logging_mixin.py:137} INFO - Mrs. Kara Little
[2023-02-02T10:01:06.273+0000] {logging_mixin.py:137} INFO - Jeffrey Stanley
[2023-02-02T10:01:06.277+0000] {logging_mixin.py:137} INFO - James Ochoa
[2023-02-02T10:01:06.280+0000] {logging_mixin.py:137} INFO - Jason Frye
[2023-02-02T10:01:06.285+0000] {logging_mixin.py:137} INFO - Christopher Ellis
[2023-02-02T10:01:06.290+0000] {logging_mixin.py:137} INFO - Michelle Nixon
[2023-02-02T10:01:06.298+0000] {logging_mixin.py:137} INFO - Andrew Gill
[2023-02-02T10:01:06.300+0000] {logging_mixin.py:137} INFO - Jennifer Wilson
[2023-02-02T10:01:06.303+0000] {logging_mixin.py:137} INFO - Shawn Black
[2023-02-02T10:01:06.316+0000] {logging_mixin.py:137} INFO - April Patterson
[2023-02-02T10:01:06.318+0000] {logging_mixin.py:137} INFO - Troy Vaughn
[2023-02-02T10:01:06.323+0000] {logging_mixin.py:137} INFO - Alexandria White
[2023-02-02T10:01:06.325+0000] {logging_mixin.py:137} INFO - Scott Phillips
[2023-02-02T10:01:06.326+0000] {logging_mixin.py:137} INFO - Zachary Cisneros
[2023-02-02T10:01:06.332+0000] {logging_mixin.py:137} INFO - Deborah Brown
[2023-02-02T10:01:06.334+0000] {logging_mixin.py:137} INFO - Monica Moses
[2023-02-02T10:01:06.338+0000] {logging_mixin.py:137} INFO - Brenda Reyes
[2023-02-02T10:01:06.342+0000] {logging_mixin.py:137} INFO - Miss Renee Allen
[2023-02-02T10:01:06.345+0000] {logging_mixin.py:137} INFO - Susan Clark
[2023-02-02T10:01:06.353+0000] {logging_mixin.py:137} INFO - Brandy Coffey
[2023-02-02T10:01:06.357+0000] {logging_mixin.py:137} INFO - Brett Nelson
[2023-02-02T10:01:06.359+0000] {logging_mixin.py:137} INFO - Ricardo Young
[2023-02-02T10:01:06.364+0000] {logging_mixin.py:137} INFO - Paul Lee
[2023-02-02T10:01:06.367+0000] {logging_mixin.py:137} INFO - David Allen
[2023-02-02T10:01:06.370+0000] {logging_mixin.py:137} INFO - Andrea Knight
[2023-02-02T10:01:06.373+0000] {logging_mixin.py:137} INFO - James Gomez
[2023-02-02T10:01:06.375+0000] {logging_mixin.py:137} INFO - Melody Gibson
[2023-02-02T10:01:06.377+0000] {logging_mixin.py:137} INFO - Christina Martinez
[2023-02-02T10:01:06.378+0000] {logging_mixin.py:137} INFO - Shelby Smith
[2023-02-02T10:01:06.380+0000] {logging_mixin.py:137} INFO - Jason Howard
[2023-02-02T10:01:06.382+0000] {logging_mixin.py:137} INFO - Amy Davidson
[2023-02-02T10:01:06.385+0000] {logging_mixin.py:137} INFO - Kyle Copeland
[2023-02-02T10:01:06.387+0000] {logging_mixin.py:137} INFO - Madeline Davis
[2023-02-02T10:01:06.393+0000] {logging_mixin.py:137} INFO - Aaron Young
[2023-02-02T10:01:06.396+0000] {logging_mixin.py:137} INFO - Lisa Barrett
[2023-02-02T10:01:06.398+0000] {logging_mixin.py:137} INFO - Joel Jones
[2023-02-02T10:01:06.401+0000] {logging_mixin.py:137} INFO - Christine Evans
[2023-02-02T10:01:06.403+0000] {logging_mixin.py:137} INFO - Kimberly Johnson
[2023-02-02T10:01:06.405+0000] {logging_mixin.py:137} INFO - Charles Hess
[2023-02-02T10:01:06.408+0000] {logging_mixin.py:137} INFO - Paul Dixon
[2023-02-02T10:01:06.411+0000] {logging_mixin.py:137} INFO - Christopher Johnson
[2023-02-02T10:01:06.413+0000] {logging_mixin.py:137} INFO - Robert Dawson
[2023-02-02T10:01:06.418+0000] {logging_mixin.py:137} INFO - Ryan Dixon
[2023-02-02T10:01:06.421+0000] {logging_mixin.py:137} INFO - Julie Martinez
[2023-02-02T10:01:06.424+0000] {logging_mixin.py:137} INFO - David Adams
[2023-02-02T10:01:06.427+0000] {logging_mixin.py:137} INFO - Mariah Brown
[2023-02-02T10:01:06.431+0000] {logging_mixin.py:137} INFO - Deborah Malone
[2023-02-02T10:01:06.433+0000] {logging_mixin.py:137} INFO - John Brown
[2023-02-02T10:01:06.437+0000] {logging_mixin.py:137} INFO - Maria Stewart
[2023-02-02T10:01:06.440+0000] {logging_mixin.py:137} INFO - Mr. Bryan Hawkins
[2023-02-02T10:01:06.444+0000] {logging_mixin.py:137} INFO - Kyle Brooks
[2023-02-02T10:01:06.447+0000] {logging_mixin.py:137} INFO - Kenneth White
[2023-02-02T10:01:06.452+0000] {logging_mixin.py:137} INFO - Patricia Wilson
[2023-02-02T10:01:06.455+0000] {logging_mixin.py:137} INFO - Paul Soto
[2023-02-02T10:01:06.459+0000] {logging_mixin.py:137} INFO - Janice Garrett
[2023-02-02T10:01:06.462+0000] {logging_mixin.py:137} INFO - Randy Strickland
[2023-02-02T10:01:06.469+0000] {logging_mixin.py:137} INFO - Felicia Herrera
[2023-02-02T10:01:06.471+0000] {logging_mixin.py:137} INFO - Andre Campos
[2023-02-02T10:01:06.474+0000] {logging_mixin.py:137} INFO - Justin Meyer
[2023-02-02T10:01:06.476+0000] {logging_mixin.py:137} INFO - Brandon Brooks
[2023-02-02T10:01:06.479+0000] {logging_mixin.py:137} INFO - Abigail Rivera
[2023-02-02T10:01:06.481+0000] {logging_mixin.py:137} INFO - Jessica Mann
[2023-02-02T10:01:06.483+0000] {logging_mixin.py:137} INFO - Michael Sawyer
[2023-02-02T10:01:06.485+0000] {logging_mixin.py:137} INFO - Jeffrey Coleman
[2023-02-02T10:01:06.491+0000] {logging_mixin.py:137} INFO - Micheal Castro
[2023-02-02T10:01:06.494+0000] {logging_mixin.py:137} INFO - Laura Gonzalez
[2023-02-02T10:01:06.496+0000] {logging_mixin.py:137} INFO - Christopher Jackson
[2023-02-02T10:01:06.501+0000] {logging_mixin.py:137} INFO - William Mckenzie
[2023-02-02T10:01:06.504+0000] {logging_mixin.py:137} INFO - Kristina Rodriguez
[2023-02-02T10:01:06.506+0000] {logging_mixin.py:137} INFO - Kelli Williams
[2023-02-02T10:01:06.509+0000] {logging_mixin.py:137} INFO - Diane Norris
[2023-02-02T10:01:06.511+0000] {logging_mixin.py:137} INFO - Kevin Carroll
[2023-02-02T10:01:06.513+0000] {logging_mixin.py:137} INFO - Betty Weber
[2023-02-02T10:01:06.516+0000] {logging_mixin.py:137} INFO - Jeffery Robinson
[2023-02-02T10:01:06.519+0000] {logging_mixin.py:137} INFO - Hannah Cowan
[2023-02-02T10:01:06.522+0000] {logging_mixin.py:137} INFO - Brian Kramer
[2023-02-02T10:01:06.526+0000] {logging_mixin.py:137} INFO - Anthony Roberts
[2023-02-02T10:01:06.530+0000] {logging_mixin.py:137} INFO - Ricardo Blankenship
[2023-02-02T10:01:06.531+0000] {logging_mixin.py:137} INFO - Brooke Collins
[2023-02-02T10:01:06.535+0000] {logging_mixin.py:137} INFO - Tammy Lawson
[2023-02-02T10:01:06.538+0000] {logging_mixin.py:137} INFO - Cody Miller
[2023-02-02T10:01:06.540+0000] {logging_mixin.py:137} INFO - Dr. Janice Salazar
[2023-02-02T10:01:06.544+0000] {logging_mixin.py:137} INFO - David West
[2023-02-02T10:01:06.547+0000] {logging_mixin.py:137} INFO - Robin Carpenter
[2023-02-02T10:01:06.550+0000] {logging_mixin.py:137} INFO - Monique Wall
[2023-02-02T10:01:06.553+0000] {logging_mixin.py:137} INFO - Charles Cardenas
[2023-02-02T10:01:06.558+0000] {logging_mixin.py:137} INFO - Valerie Mitchell
[2023-02-02T10:01:06.560+0000] {logging_mixin.py:137} INFO - Michelle Valenzuela
[2023-02-02T10:01:06.563+0000] {logging_mixin.py:137} INFO - William Poole
[2023-02-02T10:01:06.568+0000] {logging_mixin.py:137} INFO - James Hall
[2023-02-02T10:01:06.572+0000] {logging_mixin.py:137} INFO - Dylan Carpenter
[2023-02-02T10:01:06.578+0000] {logging_mixin.py:137} INFO - Linda Medina
[2023-02-02T10:01:06.581+0000] {logging_mixin.py:137} INFO - Joan White
[2023-02-02T10:01:06.584+0000] {logging_mixin.py:137} INFO - Mary Klein
[2023-02-02T10:01:06.589+0000] {logging_mixin.py:137} INFO - Ashley Wolf
[2023-02-02T10:01:06.591+0000] {logging_mixin.py:137} INFO - William Reed
[2023-02-02T10:01:06.597+0000] {logging_mixin.py:137} INFO - Derek Harvey
[2023-02-02T10:01:06.598+0000] {logging_mixin.py:137} INFO - Kathleen Rodriguez
[2023-02-02T10:01:06.601+0000] {logging_mixin.py:137} INFO - Andrew Rodriguez
[2023-02-02T10:01:06.603+0000] {logging_mixin.py:137} INFO - Ariel Frank
[2023-02-02T10:01:06.605+0000] {logging_mixin.py:137} INFO - Tina French
[2023-02-02T10:01:06.609+0000] {logging_mixin.py:137} INFO - Brent Waller
[2023-02-02T10:01:06.612+0000] {logging_mixin.py:137} INFO - Kevin Allen
[2023-02-02T10:01:06.615+0000] {logging_mixin.py:137} INFO - Xavier Walker
[2023-02-02T10:01:06.617+0000] {logging_mixin.py:137} INFO - Michelle Sanchez
[2023-02-02T10:01:06.619+0000] {logging_mixin.py:137} INFO - Rachael Shepard
[2023-02-02T10:01:06.623+0000] {logging_mixin.py:137} INFO - Kelsey Johnson
[2023-02-02T10:01:06.627+0000] {logging_mixin.py:137} INFO - Nicole Webb
[2023-02-02T10:01:06.629+0000] {logging_mixin.py:137} INFO - Nicholas Rodriguez
[2023-02-02T10:01:06.631+0000] {logging_mixin.py:137} INFO - Eric Vaughan
[2023-02-02T10:01:06.633+0000] {logging_mixin.py:137} INFO - Amanda Richardson
[2023-02-02T10:01:06.636+0000] {logging_mixin.py:137} INFO - Janice Carlson
[2023-02-02T10:01:06.640+0000] {logging_mixin.py:137} INFO - Darryl Walsh
[2023-02-02T10:01:06.644+0000] {logging_mixin.py:137} INFO - Heather Johnson
[2023-02-02T10:01:06.648+0000] {logging_mixin.py:137} INFO - Mark Chambers
[2023-02-02T10:01:06.651+0000] {logging_mixin.py:137} INFO - Tracy Burns
[2023-02-02T10:01:06.653+0000] {logging_mixin.py:137} INFO - John Cole
[2023-02-02T10:01:06.655+0000] {logging_mixin.py:137} INFO - Deborah Silva
[2023-02-02T10:01:06.659+0000] {logging_mixin.py:137} INFO - Shawn Hernandez
[2023-02-02T10:01:06.662+0000] {logging_mixin.py:137} INFO - Bethany Meyer
[2023-02-02T10:01:06.668+0000] {logging_mixin.py:137} INFO - Helen Smith
[2023-02-02T10:01:06.673+0000] {logging_mixin.py:137} INFO - Dana Dennis
[2023-02-02T10:01:06.675+0000] {logging_mixin.py:137} INFO - Kelsey Camacho
[2023-02-02T10:01:06.677+0000] {logging_mixin.py:137} INFO - Matthew Thomas
[2023-02-02T10:01:06.679+0000] {logging_mixin.py:137} INFO - Brittany Arellano
[2023-02-02T10:01:06.683+0000] {logging_mixin.py:137} INFO - Stacey Jones
[2023-02-02T10:01:06.687+0000] {logging_mixin.py:137} INFO - William Weeks
[2023-02-02T10:01:06.690+0000] {logging_mixin.py:137} INFO - Mark Beasley
[2023-02-02T10:01:06.692+0000] {logging_mixin.py:137} INFO - Bruce Pena
[2023-02-02T10:01:06.696+0000] {logging_mixin.py:137} INFO - Jeffery Smith
[2023-02-02T10:01:06.698+0000] {logging_mixin.py:137} INFO - Ann Deleon
[2023-02-02T10:01:06.701+0000] {logging_mixin.py:137} INFO - Kevin Robertson
[2023-02-02T10:01:06.703+0000] {logging_mixin.py:137} INFO - Vincent Willis MD
[2023-02-02T10:01:06.705+0000] {logging_mixin.py:137} INFO - Michael Nielsen
[2023-02-02T10:01:06.707+0000] {logging_mixin.py:137} INFO - Walter Koch
[2023-02-02T10:01:06.710+0000] {logging_mixin.py:137} INFO - Brian Vega
[2023-02-02T10:01:06.713+0000] {logging_mixin.py:137} INFO - Jeffrey Medina
[2023-02-02T10:01:06.716+0000] {logging_mixin.py:137} INFO - Erika Banks
[2023-02-02T10:01:06.721+0000] {logging_mixin.py:137} INFO - Stacey Griffin
[2023-02-02T10:01:06.726+0000] {logging_mixin.py:137} INFO - Michael Marsh
[2023-02-02T10:01:06.728+0000] {logging_mixin.py:137} INFO - Molly White
[2023-02-02T10:01:06.733+0000] {logging_mixin.py:137} INFO - Matthew Morrison
[2023-02-02T10:01:06.735+0000] {logging_mixin.py:137} INFO - Amanda Burns
[2023-02-02T10:01:06.737+0000] {logging_mixin.py:137} INFO - Emily Gonzalez DDS
[2023-02-02T10:01:06.740+0000] {logging_mixin.py:137} INFO - Gregory King
[2023-02-02T10:01:06.743+0000] {logging_mixin.py:137} INFO - Dennis Evans
[2023-02-02T10:01:06.745+0000] {logging_mixin.py:137} INFO - Christina Snyder
[2023-02-02T10:01:06.747+0000] {logging_mixin.py:137} INFO - Carolyn Mata
[2023-02-02T10:01:06.748+0000] {logging_mixin.py:137} INFO - Brandy Lawson
[2023-02-02T10:01:06.751+0000] {logging_mixin.py:137} INFO - Briana Christian
[2023-02-02T10:01:06.758+0000] {logging_mixin.py:137} INFO - Jeffrey Hernandez
[2023-02-02T10:01:06.759+0000] {logging_mixin.py:137} INFO - John Riggs
[2023-02-02T10:01:06.762+0000] {logging_mixin.py:137} INFO - Barbara Short
[2023-02-02T10:01:06.766+0000] {logging_mixin.py:137} INFO - Steven Brooks
[2023-02-02T10:01:06.769+0000] {logging_mixin.py:137} INFO - Gabrielle James
[2023-02-02T10:01:06.772+0000] {logging_mixin.py:137} INFO - Robert Young
[2023-02-02T10:01:06.781+0000] {logging_mixin.py:137} INFO - Derek Sanders
[2023-02-02T10:01:06.784+0000] {logging_mixin.py:137} INFO - Mallory Oliver
[2023-02-02T10:01:06.788+0000] {logging_mixin.py:137} INFO - Terry Howe
[2023-02-02T10:01:06.790+0000] {logging_mixin.py:137} INFO - Samuel Wallace
[2023-02-02T10:01:06.792+0000] {logging_mixin.py:137} INFO - Angel Jones
[2023-02-02T10:01:06.793+0000] {logging_mixin.py:137} INFO - Jacqueline Nichols
[2023-02-02T10:01:06.795+0000] {logging_mixin.py:137} INFO - Melissa Mcgee
[2023-02-02T10:01:06.798+0000] {logging_mixin.py:137} INFO - Michelle Smith
[2023-02-02T10:01:06.800+0000] {logging_mixin.py:137} INFO - Maureen Baxter
[2023-02-02T10:01:06.803+0000] {logging_mixin.py:137} INFO - Kathy Crawford
[2023-02-02T10:01:06.806+0000] {logging_mixin.py:137} INFO - Stacy Wood
[2023-02-02T10:01:06.810+0000] {logging_mixin.py:137} INFO - Justin Parsons
[2023-02-02T10:01:06.812+0000] {logging_mixin.py:137} INFO - Ann Klein
[2023-02-02T10:01:06.813+0000] {logging_mixin.py:137} INFO - Allison Arnold
[2023-02-02T10:01:06.816+0000] {logging_mixin.py:137} INFO - Heather Kirk
[2023-02-02T10:01:06.822+0000] {logging_mixin.py:137} INFO - Monica Smith
[2023-02-02T10:01:06.824+0000] {logging_mixin.py:137} INFO - Brett Oconnor
[2023-02-02T10:01:06.826+0000] {logging_mixin.py:137} INFO - Anthony Bryant
[2023-02-02T10:01:06.829+0000] {logging_mixin.py:137} INFO - Jeremy Russell
[2023-02-02T10:01:06.833+0000] {logging_mixin.py:137} INFO - Julie Poole
[2023-02-02T10:01:06.835+0000] {logging_mixin.py:137} INFO - Emma Thompson
[2023-02-02T10:01:06.837+0000] {logging_mixin.py:137} INFO - Bradley Matthews
[2023-02-02T10:01:06.839+0000] {logging_mixin.py:137} INFO - William Roberts
[2023-02-02T10:01:06.841+0000] {logging_mixin.py:137} INFO - Julie Mooney
[2023-02-02T10:01:06.843+0000] {logging_mixin.py:137} INFO - Amy Doyle
[2023-02-02T10:01:06.846+0000] {logging_mixin.py:137} INFO - Amanda Grant
[2023-02-02T10:01:06.849+0000] {logging_mixin.py:137} INFO - Eric Anderson
[2023-02-02T10:01:06.853+0000] {logging_mixin.py:137} INFO - George Thompson
[2023-02-02T10:01:06.854+0000] {logging_mixin.py:137} INFO - Dustin Hines
[2023-02-02T10:01:06.857+0000] {logging_mixin.py:137} INFO - Andrea Frank
[2023-02-02T10:01:06.861+0000] {logging_mixin.py:137} INFO - Jodi Cook
[2023-02-02T10:01:06.864+0000] {logging_mixin.py:137} INFO - Stacy Haney
[2023-02-02T10:01:06.866+0000] {logging_mixin.py:137} INFO - Paul Callahan
[2023-02-02T10:01:06.868+0000] {logging_mixin.py:137} INFO - Jasmine Chambers
[2023-02-02T10:01:06.871+0000] {logging_mixin.py:137} INFO - Melissa Pittman MD
[2023-02-02T10:01:06.874+0000] {logging_mixin.py:137} INFO - Deborah Larson
[2023-02-02T10:01:06.878+0000] {logging_mixin.py:137} INFO - Brandon Shaw
[2023-02-02T10:01:06.882+0000] {logging_mixin.py:137} INFO - Timothy Paul
[2023-02-02T10:01:06.887+0000] {logging_mixin.py:137} INFO - Michael Trujillo
[2023-02-02T10:01:06.889+0000] {logging_mixin.py:137} INFO - Robert Rivera
[2023-02-02T10:01:06.891+0000] {logging_mixin.py:137} INFO - Dana Nelson
[2023-02-02T10:01:06.895+0000] {logging_mixin.py:137} INFO - Andrea Bennett
[2023-02-02T10:01:06.898+0000] {logging_mixin.py:137} INFO - Jodi Fox
[2023-02-02T10:01:06.901+0000] {logging_mixin.py:137} INFO - Heather Hayes
[2023-02-02T10:01:06.904+0000] {logging_mixin.py:137} INFO - Jennifer Moreno
[2023-02-02T10:01:06.906+0000] {logging_mixin.py:137} INFO - John Patel
[2023-02-02T10:01:06.907+0000] {logging_mixin.py:137} INFO - Teresa Oliver
[2023-02-02T10:01:06.910+0000] {logging_mixin.py:137} INFO - Monique Bell
[2023-02-02T10:01:06.913+0000] {logging_mixin.py:137} INFO - Casey Leonard
[2023-02-02T10:01:06.918+0000] {logging_mixin.py:137} INFO - Steven Clark
[2023-02-02T10:01:06.920+0000] {logging_mixin.py:137} INFO - Edward Martin
[2023-02-02T10:01:06.922+0000] {logging_mixin.py:137} INFO - Shawn Orozco
[2023-02-02T10:01:06.924+0000] {logging_mixin.py:137} INFO - Brandon Yang
[2023-02-02T10:01:06.927+0000] {logging_mixin.py:137} INFO - Nathan Ray
[2023-02-02T10:01:06.931+0000] {logging_mixin.py:137} INFO - Lori Moore
[2023-02-02T10:01:06.935+0000] {logging_mixin.py:137} INFO - Dr. Lisa Shaw DVM
[2023-02-02T10:01:06.936+0000] {logging_mixin.py:137} INFO - Angela Walters
[2023-02-02T10:01:06.939+0000] {logging_mixin.py:137} INFO - David Nolan
[2023-02-02T10:01:06.940+0000] {logging_mixin.py:137} INFO - William Ramsey
[2023-02-02T10:01:06.945+0000] {logging_mixin.py:137} INFO - David Oconnor
[2023-02-02T10:01:06.947+0000] {logging_mixin.py:137} INFO - Mark Washington
[2023-02-02T10:01:06.949+0000] {logging_mixin.py:137} INFO - Jennifer Jacobs
[2023-02-02T10:01:06.951+0000] {logging_mixin.py:137} INFO - Tammy Hampton
[2023-02-02T10:01:06.953+0000] {logging_mixin.py:137} INFO - Stephen Farmer
[2023-02-02T10:01:06.956+0000] {logging_mixin.py:137} INFO - Jasmine Nguyen
[2023-02-02T10:01:06.959+0000] {logging_mixin.py:137} INFO - Rebecca Flores
[2023-02-02T10:01:06.961+0000] {logging_mixin.py:137} INFO - Tyler Davis
[2023-02-02T10:01:06.964+0000] {logging_mixin.py:137} INFO - Nancy Gray
[2023-02-02T10:01:06.967+0000] {logging_mixin.py:137} INFO - Brian Sanchez
[2023-02-02T10:01:06.969+0000] {logging_mixin.py:137} INFO - Laurie Shaw
[2023-02-02T10:01:06.972+0000] {logging_mixin.py:137} INFO - Kristina Torres
[2023-02-02T10:01:06.975+0000] {logging_mixin.py:137} INFO - Andrea Rodgers
[2023-02-02T10:01:06.982+0000] {logging_mixin.py:137} INFO - Jason Walters
[2023-02-02T10:01:06.991+0000] {logging_mixin.py:137} INFO - Jerry Moss
[2023-02-02T10:01:06.992+0000] {logging_mixin.py:137} INFO - Jeffrey Jordan
[2023-02-02T10:01:06.996+0000] {logging_mixin.py:137} INFO - Jennifer Wilson
[2023-02-02T10:01:07.000+0000] {logging_mixin.py:137} INFO - Trevor Mathews
[2023-02-02T10:01:07.002+0000] {logging_mixin.py:137} INFO - Anne Hood
[2023-02-02T10:01:07.004+0000] {logging_mixin.py:137} INFO - Sarah Williams
[2023-02-02T10:01:07.011+0000] {logging_mixin.py:137} INFO - Shelby Hernandez
[2023-02-02T10:01:07.014+0000] {logging_mixin.py:137} INFO - Samantha Velez
[2023-02-02T10:01:07.018+0000] {logging_mixin.py:137} INFO - Matthew Douglas
[2023-02-02T10:01:07.022+0000] {logging_mixin.py:137} INFO - Ashlee George
[2023-02-02T10:01:07.025+0000] {logging_mixin.py:137} INFO - Troy Crane
[2023-02-02T10:01:07.027+0000] {logging_mixin.py:137} INFO - Michael Cooper
[2023-02-02T10:01:07.030+0000] {logging_mixin.py:137} INFO - Michael White
[2023-02-02T10:01:07.033+0000] {logging_mixin.py:137} INFO - Mr. Timothy Fleming
[2023-02-02T10:01:07.035+0000] {logging_mixin.py:137} INFO - Seth Bruce
[2023-02-02T10:01:07.037+0000] {logging_mixin.py:137} INFO - Jacqueline Carpenter
[2023-02-02T10:01:07.039+0000] {logging_mixin.py:137} INFO - Michael Martin
[2023-02-02T10:01:07.041+0000] {logging_mixin.py:137} INFO - Kristopher Henry
[2023-02-02T10:01:07.045+0000] {logging_mixin.py:137} INFO - Tiffany Porter
[2023-02-02T10:01:07.047+0000] {logging_mixin.py:137} INFO - Stacy Simpson
[2023-02-02T10:01:07.049+0000] {logging_mixin.py:137} INFO - Tammy Mcdowell
[2023-02-02T10:01:07.054+0000] {logging_mixin.py:137} INFO - Thomas Walters
[2023-02-02T10:01:07.058+0000] {logging_mixin.py:137} INFO - Dwayne Thompson
[2023-02-02T10:01:07.061+0000] {logging_mixin.py:137} INFO - Natalie Willis
[2023-02-02T10:01:07.063+0000] {logging_mixin.py:137} INFO - Sharon Taylor
[2023-02-02T10:01:07.066+0000] {logging_mixin.py:137} INFO - Sarah Wiggins
[2023-02-02T10:01:07.069+0000] {logging_mixin.py:137} INFO - Amber Thomas
[2023-02-02T10:01:07.076+0000] {logging_mixin.py:137} INFO - Patrick Miller
[2023-02-02T10:01:07.079+0000] {logging_mixin.py:137} INFO - Stephanie Hartman
[2023-02-02T10:01:07.082+0000] {logging_mixin.py:137} INFO - Stacey Mora
[2023-02-02T10:01:07.089+0000] {logging_mixin.py:137} INFO - Katherine Rodriguez
[2023-02-02T10:01:07.091+0000] {logging_mixin.py:137} INFO - Daniel Morgan
[2023-02-02T10:01:07.094+0000] {logging_mixin.py:137} INFO - Rebecca Martinez
[2023-02-02T10:01:07.096+0000] {logging_mixin.py:137} INFO - Nicole Juarez
[2023-02-02T10:01:07.102+0000] {logging_mixin.py:137} INFO - Mark Arroyo
[2023-02-02T10:01:07.105+0000] {logging_mixin.py:137} INFO - April Lucero
[2023-02-02T10:01:07.107+0000] {logging_mixin.py:137} INFO - Samantha Garcia
[2023-02-02T10:01:07.109+0000] {logging_mixin.py:137} INFO - Jon Moore
[2023-02-02T10:01:07.111+0000] {logging_mixin.py:137} INFO - Joshua Flores MD
[2023-02-02T10:01:07.117+0000] {logging_mixin.py:137} INFO - Raymond Jones
[2023-02-02T10:01:07.119+0000] {logging_mixin.py:137} INFO - Billy Hughes
[2023-02-02T10:01:07.121+0000] {logging_mixin.py:137} INFO - Peggy Valdez PhD
[2023-02-02T10:01:07.122+0000] {logging_mixin.py:137} INFO - Joshua Reyes
[2023-02-02T10:01:07.127+0000] {logging_mixin.py:137} INFO - Aaron Green
[2023-02-02T10:01:07.130+0000] {logging_mixin.py:137} INFO - Wendy Espinoza
[2023-02-02T10:01:07.132+0000] {logging_mixin.py:137} INFO - Peter Vasquez
[2023-02-02T10:01:07.134+0000] {logging_mixin.py:137} INFO - Diane Harper
[2023-02-02T10:01:07.136+0000] {logging_mixin.py:137} INFO - Ms. Rebecca Cantu
[2023-02-02T10:01:07.140+0000] {logging_mixin.py:137} INFO - Yolanda Morrow
[2023-02-02T10:01:07.142+0000] {logging_mixin.py:137} INFO - Penny Beard
[2023-02-02T10:01:07.144+0000] {logging_mixin.py:137} INFO - Lisa Long
[2023-02-02T10:01:07.147+0000] {logging_mixin.py:137} INFO - Jerry Harris
[2023-02-02T10:01:07.152+0000] {logging_mixin.py:137} INFO - Bob Willis
[2023-02-02T10:01:07.154+0000] {logging_mixin.py:137} INFO - Duane Chapman
[2023-02-02T10:01:07.155+0000] {logging_mixin.py:137} INFO - William Morgan
[2023-02-02T10:01:07.157+0000] {logging_mixin.py:137} INFO - Amy Gutierrez
[2023-02-02T10:01:07.159+0000] {logging_mixin.py:137} INFO - Amber Nichols
[2023-02-02T10:01:07.165+0000] {logging_mixin.py:137} INFO - Matthew Carr
[2023-02-02T10:01:07.167+0000] {logging_mixin.py:137} INFO - Thomas Duncan
[2023-02-02T10:01:07.169+0000] {logging_mixin.py:137} INFO - Elizabeth Wright
[2023-02-02T10:01:07.174+0000] {logging_mixin.py:137} INFO - Jacqueline Brewer
[2023-02-02T10:01:07.177+0000] {logging_mixin.py:137} INFO - Stephanie Johnson
[2023-02-02T10:01:07.179+0000] {logging_mixin.py:137} INFO - Samantha Calderon
[2023-02-02T10:01:07.181+0000] {logging_mixin.py:137} INFO - Kathryn Gaines
[2023-02-02T10:01:07.184+0000] {logging_mixin.py:137} INFO - Angel Jones
[2023-02-02T10:01:07.185+0000] {logging_mixin.py:137} INFO - Laura Wall
[2023-02-02T10:01:07.187+0000] {logging_mixin.py:137} INFO - Mr. Anthony Hamilton
[2023-02-02T10:01:07.190+0000] {logging_mixin.py:137} INFO - David Smith
[2023-02-02T10:01:07.193+0000] {logging_mixin.py:137} INFO - Kimberly Herrera DDS
[2023-02-02T10:01:07.196+0000] {logging_mixin.py:137} INFO - Gina Wilson
[2023-02-02T10:01:07.200+0000] {logging_mixin.py:137} INFO - Timothy Byrd
[2023-02-02T10:01:07.207+0000] {logging_mixin.py:137} INFO - Michael Mckenzie
[2023-02-02T10:01:07.210+0000] {logging_mixin.py:137} INFO - Jeffrey Mcintyre
[2023-02-02T10:01:07.214+0000] {logging_mixin.py:137} INFO - Teresa Jackson
[2023-02-02T10:01:07.218+0000] {logging_mixin.py:137} INFO - Joseph Wilcox
[2023-02-02T10:01:07.221+0000] {logging_mixin.py:137} INFO - Patrick Mcknight
[2023-02-02T10:01:07.222+0000] {logging_mixin.py:137} INFO - Ronald Moreno
[2023-02-02T10:01:07.225+0000] {logging_mixin.py:137} INFO - Jamie Sullivan
[2023-02-02T10:01:07.231+0000] {logging_mixin.py:137} INFO - Jason Anderson
[2023-02-02T10:01:07.234+0000] {logging_mixin.py:137} INFO - Steven Stewart
[2023-02-02T10:01:07.237+0000] {logging_mixin.py:137} INFO - Melinda Paul
[2023-02-02T10:01:07.239+0000] {logging_mixin.py:137} INFO - Cynthia Simmons
[2023-02-02T10:01:07.244+0000] {logging_mixin.py:137} INFO - Christian Smith
[2023-02-02T10:01:07.247+0000] {logging_mixin.py:137} INFO - William Jimenez
[2023-02-02T10:01:07.254+0000] {logging_mixin.py:137} INFO - Hayley French
[2023-02-02T10:01:07.256+0000] {logging_mixin.py:137} INFO - Brandon Hess
[2023-02-02T10:01:07.262+0000] {logging_mixin.py:137} INFO - Laura Perry
[2023-02-02T10:01:07.266+0000] {logging_mixin.py:137} INFO - Scott Jones
[2023-02-02T10:01:07.272+0000] {logging_mixin.py:137} INFO - Christine Hernandez
[2023-02-02T10:01:07.275+0000] {logging_mixin.py:137} INFO - Douglas Eaton
[2023-02-02T10:01:07.278+0000] {logging_mixin.py:137} INFO - William Soto
[2023-02-02T10:01:07.280+0000] {logging_mixin.py:137} INFO - Mary Jones
[2023-02-02T10:01:07.283+0000] {logging_mixin.py:137} INFO - Stephanie Holmes
[2023-02-02T10:01:07.286+0000] {logging_mixin.py:137} INFO - Keith Meyers
[2023-02-02T10:01:07.288+0000] {logging_mixin.py:137} INFO - Paul Fisher
[2023-02-02T10:01:07.290+0000] {logging_mixin.py:137} INFO - Emily Alexander
[2023-02-02T10:01:07.293+0000] {logging_mixin.py:137} INFO - Anthony Schwartz
[2023-02-02T10:01:07.298+0000] {logging_mixin.py:137} INFO - Evelyn Jacobs
[2023-02-02T10:01:07.301+0000] {logging_mixin.py:137} INFO - Connie Jones
[2023-02-02T10:01:07.309+0000] {logging_mixin.py:137} INFO - Carla Gibbs
[2023-02-02T10:01:07.311+0000] {logging_mixin.py:137} INFO - Ashley Santiago
[2023-02-02T10:01:07.321+0000] {logging_mixin.py:137} INFO - Micheal Mckee
[2023-02-02T10:01:07.325+0000] {logging_mixin.py:137} INFO - Diane Williams
[2023-02-02T10:01:07.331+0000] {logging_mixin.py:137} INFO - Jesse Velasquez
[2023-02-02T10:01:07.342+0000] {logging_mixin.py:137} INFO - Jennifer Rodriguez
[2023-02-02T10:01:07.343+0000] {logging_mixin.py:137} INFO - Joe Griffin
[2023-02-02T10:01:07.359+0000] {logging_mixin.py:137} INFO - Gary Cherry
[2023-02-02T10:01:07.364+0000] {logging_mixin.py:137} INFO - Alyssa Edwards
[2023-02-02T10:01:07.366+0000] {logging_mixin.py:137} INFO - Caroline Hernandez MD
[2023-02-02T10:01:07.367+0000] {logging_mixin.py:137} INFO - Jessica Morton
[2023-02-02T10:01:07.376+0000] {logging_mixin.py:137} INFO - Holly Jones
[2023-02-02T10:01:07.383+0000] {logging_mixin.py:137} INFO - David Shelton
[2023-02-02T10:01:07.388+0000] {logging_mixin.py:137} INFO - Kristina Parks
[2023-02-02T10:01:07.392+0000] {logging_mixin.py:137} INFO - Laurie Hernandez
[2023-02-02T10:01:07.403+0000] {logging_mixin.py:137} INFO - Melissa James
[2023-02-02T10:01:07.405+0000] {logging_mixin.py:137} INFO - Jeremiah Adams
[2023-02-02T10:01:07.407+0000] {logging_mixin.py:137} INFO - Arthur Robinson
[2023-02-02T10:01:07.410+0000] {logging_mixin.py:137} INFO - Anna Shepard
[2023-02-02T10:01:07.413+0000] {logging_mixin.py:137} INFO - Brandon Myers
[2023-02-02T10:01:07.419+0000] {logging_mixin.py:137} INFO - Paul Cardenas
[2023-02-02T10:01:07.422+0000] {logging_mixin.py:137} INFO - Megan Santana
[2023-02-02T10:01:07.423+0000] {logging_mixin.py:137} INFO - Joseph Marshall
[2023-02-02T10:01:07.425+0000] {logging_mixin.py:137} INFO - Mrs. Brenda Harris
[2023-02-02T10:01:07.429+0000] {logging_mixin.py:137} INFO - Nicole Garcia
[2023-02-02T10:01:07.431+0000] {logging_mixin.py:137} INFO - Anna Estrada
[2023-02-02T10:01:07.433+0000] {logging_mixin.py:137} INFO - Carl Moore
[2023-02-02T10:01:07.435+0000] {logging_mixin.py:137} INFO - Rodney Hernandez
[2023-02-02T10:01:07.436+0000] {logging_mixin.py:137} INFO - Madison Christian
[2023-02-02T10:01:07.441+0000] {logging_mixin.py:137} INFO - Heather Rhodes
[2023-02-02T10:01:07.449+0000] {python.py:177} INFO - Done. Returned value was: None
[2023-02-02T10:01:07.467+0000] {taskinstance.py:1323} INFO - Marking task as SUCCESS. dag_id=CSV_DAG, task_id=convertCSVToJson, execution_date=20230201T224000, start_date=20230202T100103, end_date=20230202T100107
[2023-02-02T10:01:07.521+0000] {local_task_job.py:208} INFO - Task exited with return code 0
[2023-02-02T10:01:07.548+0000] {taskinstance.py:2578} INFO - 0 downstream tasks scheduled from follow-on schedule check
