[2023-02-02T11:15:20.475+0000] {taskinstance.py:1083} INFO - Dependencies all met for <TaskInstance: CSV_DAG.convertCSVToJson scheduled__2023-02-02T10:35:00+00:00 [queued]>
[2023-02-02T11:15:20.547+0000] {taskinstance.py:1083} INFO - Dependencies all met for <TaskInstance: CSV_DAG.convertCSVToJson scheduled__2023-02-02T10:35:00+00:00 [queued]>
[2023-02-02T11:15:20.549+0000] {taskinstance.py:1279} INFO - 
--------------------------------------------------------------------------------
[2023-02-02T11:15:20.550+0000] {taskinstance.py:1280} INFO - Starting attempt 1 of 2
[2023-02-02T11:15:20.551+0000] {taskinstance.py:1281} INFO - 
--------------------------------------------------------------------------------
[2023-02-02T11:15:20.636+0000] {taskinstance.py:1300} INFO - Executing <Task(PythonOperator): convertCSVToJson> on 2023-02-02 10:35:00+00:00
[2023-02-02T11:15:20.671+0000] {standard_task_runner.py:55} INFO - Started process 4022 to run task
[2023-02-02T11:15:20.688+0000] {standard_task_runner.py:82} INFO - Running: ['***', 'tasks', 'run', 'CSV_DAG', 'convertCSVToJson', 'scheduled__2023-02-02T10:35:00+00:00', '--job-id', '868', '--raw', '--subdir', 'DAGS_FOLDER/csv.py', '--cfg-path', '/tmp/tmpg01yujrq']
[2023-02-02T11:15:20.696+0000] {standard_task_runner.py:83} INFO - Job 868: Subtask convertCSVToJson
[2023-02-02T11:15:21.695+0000] {task_command.py:388} INFO - Running <TaskInstance: CSV_DAG.convertCSVToJson scheduled__2023-02-02T10:35:00+00:00 [running]> on host 06d8060e8530
[2023-02-02T11:15:22.203+0000] {taskinstance.py:1509} INFO - Exporting the following env vars:
AIRFLOW_CTX_DAG_OWNER=Kevin Chalmers
AIRFLOW_CTX_DAG_ID=CSV_DAG
AIRFLOW_CTX_TASK_ID=convertCSVToJson
AIRFLOW_CTX_EXECUTION_DATE=2023-02-02T10:35:00+00:00
AIRFLOW_CTX_TRY_NUMBER=1
AIRFLOW_CTX_DAG_RUN_ID=scheduled__2023-02-02T10:35:00+00:00
[2023-02-02T11:15:22.284+0000] {logging_mixin.py:137} INFO - Angelica Lopez
[2023-02-02T11:15:22.298+0000] {logging_mixin.py:137} INFO - Betty Wright
[2023-02-02T11:15:22.302+0000] {logging_mixin.py:137} INFO - Sara Schmidt
[2023-02-02T11:15:22.308+0000] {logging_mixin.py:137} INFO - Dr. Sherry Rodriguez
[2023-02-02T11:15:22.311+0000] {logging_mixin.py:137} INFO - Rebecca Mills
[2023-02-02T11:15:22.323+0000] {logging_mixin.py:137} INFO - Andrew Anderson
[2023-02-02T11:15:22.327+0000] {logging_mixin.py:137} INFO - Martin Everett
[2023-02-02T11:15:22.330+0000] {logging_mixin.py:137} INFO - Felicia Gregory
[2023-02-02T11:15:22.332+0000] {logging_mixin.py:137} INFO - Kara Bowers
[2023-02-02T11:15:22.338+0000] {logging_mixin.py:137} INFO - Vincent Vincent
[2023-02-02T11:15:22.345+0000] {logging_mixin.py:137} INFO - Morgan Butler
[2023-02-02T11:15:22.350+0000] {logging_mixin.py:137} INFO - Stephen Riley
[2023-02-02T11:15:22.360+0000] {logging_mixin.py:137} INFO - Wanda Thomas
[2023-02-02T11:15:22.364+0000] {logging_mixin.py:137} INFO - Michelle Schultz
[2023-02-02T11:15:22.366+0000] {logging_mixin.py:137} INFO - Christopher Rush MD
[2023-02-02T11:15:22.371+0000] {logging_mixin.py:137} INFO - Phyllis Miles
[2023-02-02T11:15:22.373+0000] {logging_mixin.py:137} INFO - Rebecca Price
[2023-02-02T11:15:22.375+0000] {logging_mixin.py:137} INFO - John Morse
[2023-02-02T11:15:22.378+0000] {logging_mixin.py:137} INFO - Nicholas Sanchez
[2023-02-02T11:15:22.394+0000] {logging_mixin.py:137} INFO - Crystal Dean
[2023-02-02T11:15:22.396+0000] {logging_mixin.py:137} INFO - Tyler Diaz
[2023-02-02T11:15:22.399+0000] {logging_mixin.py:137} INFO - Denise Mclean
[2023-02-02T11:15:22.401+0000] {logging_mixin.py:137} INFO - Daniel Grant
[2023-02-02T11:15:22.403+0000] {logging_mixin.py:137} INFO - Sandra Peterson
[2023-02-02T11:15:22.405+0000] {logging_mixin.py:137} INFO - Denise Morse
[2023-02-02T11:15:22.407+0000] {logging_mixin.py:137} INFO - Brianna Smith
[2023-02-02T11:15:22.417+0000] {logging_mixin.py:137} INFO - Tony Miller
[2023-02-02T11:15:22.421+0000] {logging_mixin.py:137} INFO - Jean Booth
[2023-02-02T11:15:22.423+0000] {logging_mixin.py:137} INFO - Penny Salazar
[2023-02-02T11:15:22.425+0000] {logging_mixin.py:137} INFO - Cathy Williams
[2023-02-02T11:15:22.428+0000] {logging_mixin.py:137} INFO - Hannah Collins
[2023-02-02T11:15:22.431+0000] {logging_mixin.py:137} INFO - Maurice Casey
[2023-02-02T11:15:22.432+0000] {logging_mixin.py:137} INFO - Patrick Walker
[2023-02-02T11:15:22.434+0000] {logging_mixin.py:137} INFO - Pamela Barton
[2023-02-02T11:15:22.438+0000] {logging_mixin.py:137} INFO - Anthony Bryant
[2023-02-02T11:15:22.440+0000] {logging_mixin.py:137} INFO - Andrew Harris
[2023-02-02T11:15:22.446+0000] {logging_mixin.py:137} INFO - Aaron Harris
[2023-02-02T11:15:22.450+0000] {logging_mixin.py:137} INFO - Maureen Soto
[2023-02-02T11:15:22.452+0000] {logging_mixin.py:137} INFO - Crystal Mcdaniel
[2023-02-02T11:15:22.454+0000] {logging_mixin.py:137} INFO - Lauren Barrett
[2023-02-02T11:15:22.456+0000] {logging_mixin.py:137} INFO - Brandon Perez
[2023-02-02T11:15:22.462+0000] {logging_mixin.py:137} INFO - Mark Robertson
[2023-02-02T11:15:22.464+0000] {logging_mixin.py:137} INFO - Nicole Gates
[2023-02-02T11:15:22.466+0000] {logging_mixin.py:137} INFO - Bradley Cruz
[2023-02-02T11:15:22.469+0000] {logging_mixin.py:137} INFO - Gina Burns
[2023-02-02T11:15:22.472+0000] {logging_mixin.py:137} INFO - Zachary Martinez
[2023-02-02T11:15:22.474+0000] {logging_mixin.py:137} INFO - Natasha Johnson
[2023-02-02T11:15:22.476+0000] {logging_mixin.py:137} INFO - Patrick Gonzales
[2023-02-02T11:15:22.477+0000] {logging_mixin.py:137} INFO - Terri Wilson
[2023-02-02T11:15:22.480+0000] {logging_mixin.py:137} INFO - Sarah Lopez
[2023-02-02T11:15:22.482+0000] {logging_mixin.py:137} INFO - Dana Turner
[2023-02-02T11:15:22.486+0000] {logging_mixin.py:137} INFO - Cynthia Johnson
[2023-02-02T11:15:22.487+0000] {logging_mixin.py:137} INFO - William Thornton
[2023-02-02T11:15:22.490+0000] {logging_mixin.py:137} INFO - James Lee
[2023-02-02T11:15:22.493+0000] {logging_mixin.py:137} INFO - Stephen Allen
[2023-02-02T11:15:22.503+0000] {logging_mixin.py:137} INFO - William Stark
[2023-02-02T11:15:22.505+0000] {logging_mixin.py:137} INFO - Michael Parker
[2023-02-02T11:15:22.514+0000] {logging_mixin.py:137} INFO - Lisa Stephens
[2023-02-02T11:15:22.517+0000] {logging_mixin.py:137} INFO - Mr. Reginald Wise DDS
[2023-02-02T11:15:22.519+0000] {logging_mixin.py:137} INFO - Alexander James
[2023-02-02T11:15:22.521+0000] {logging_mixin.py:137} INFO - Kristen West
[2023-02-02T11:15:22.523+0000] {logging_mixin.py:137} INFO - Elizabeth Sanchez
[2023-02-02T11:15:22.525+0000] {logging_mixin.py:137} INFO - Jennifer Wilson
[2023-02-02T11:15:22.527+0000] {logging_mixin.py:137} INFO - Catherine Nicholson
[2023-02-02T11:15:22.529+0000] {logging_mixin.py:137} INFO - David Henderson
[2023-02-02T11:15:22.534+0000] {logging_mixin.py:137} INFO - Stephen Davis
[2023-02-02T11:15:22.535+0000] {logging_mixin.py:137} INFO - Paul Skinner
[2023-02-02T11:15:22.537+0000] {logging_mixin.py:137} INFO - Rebecca Wong
[2023-02-02T11:15:22.540+0000] {logging_mixin.py:137} INFO - Tara Benitez
[2023-02-02T11:15:22.545+0000] {logging_mixin.py:137} INFO - Sharon Miller
[2023-02-02T11:15:22.549+0000] {logging_mixin.py:137} INFO - Cynthia Smith
[2023-02-02T11:15:22.551+0000] {logging_mixin.py:137} INFO - Jennifer Werner
[2023-02-02T11:15:22.553+0000] {logging_mixin.py:137} INFO - Rebecca Tucker
[2023-02-02T11:15:22.556+0000] {logging_mixin.py:137} INFO - Ashlee Castillo
[2023-02-02T11:15:22.558+0000] {logging_mixin.py:137} INFO - Christopher Holmes
[2023-02-02T11:15:22.561+0000] {logging_mixin.py:137} INFO - Daniel Velez
[2023-02-02T11:15:22.563+0000] {logging_mixin.py:137} INFO - Amy Serrano
[2023-02-02T11:15:22.565+0000] {logging_mixin.py:137} INFO - Alison Nash
[2023-02-02T11:15:22.567+0000] {logging_mixin.py:137} INFO - Peter Johnson
[2023-02-02T11:15:22.568+0000] {logging_mixin.py:137} INFO - Breanna Harris
[2023-02-02T11:15:22.570+0000] {logging_mixin.py:137} INFO - Eric King
[2023-02-02T11:15:22.572+0000] {logging_mixin.py:137} INFO - Patricia Oliver
[2023-02-02T11:15:22.574+0000] {logging_mixin.py:137} INFO - Denise Grimes
[2023-02-02T11:15:22.576+0000] {logging_mixin.py:137} INFO - Jill Olson
[2023-02-02T11:15:22.578+0000] {logging_mixin.py:137} INFO - Stephanie Hart
[2023-02-02T11:15:22.582+0000] {logging_mixin.py:137} INFO - Ashley Lee
[2023-02-02T11:15:22.585+0000] {logging_mixin.py:137} INFO - Kelly Barnes
[2023-02-02T11:15:22.587+0000] {logging_mixin.py:137} INFO - Christie West
[2023-02-02T11:15:22.590+0000] {logging_mixin.py:137} INFO - Todd Nolan
[2023-02-02T11:15:22.592+0000] {logging_mixin.py:137} INFO - Sarah Reed
[2023-02-02T11:15:22.594+0000] {logging_mixin.py:137} INFO - Jennifer Keith
[2023-02-02T11:15:22.606+0000] {logging_mixin.py:137} INFO - Shawn Alvarez
[2023-02-02T11:15:22.608+0000] {logging_mixin.py:137} INFO - Alexander Wilson
[2023-02-02T11:15:22.610+0000] {logging_mixin.py:137} INFO - Rachel Melendez
[2023-02-02T11:15:22.612+0000] {logging_mixin.py:137} INFO - Morgan Walters
[2023-02-02T11:15:22.614+0000] {logging_mixin.py:137} INFO - Nicole Garcia
[2023-02-02T11:15:22.616+0000] {logging_mixin.py:137} INFO - Jennifer White
[2023-02-02T11:15:22.618+0000] {logging_mixin.py:137} INFO - Leslie Shannon
[2023-02-02T11:15:22.620+0000] {logging_mixin.py:137} INFO - Lisa Clayton
[2023-02-02T11:15:22.622+0000] {logging_mixin.py:137} INFO - Zachary Molina
[2023-02-02T11:15:22.623+0000] {logging_mixin.py:137} INFO - Bruce Butler
[2023-02-02T11:15:22.626+0000] {logging_mixin.py:137} INFO - Dustin Howell
[2023-02-02T11:15:22.627+0000] {logging_mixin.py:137} INFO - Aaron Smith
[2023-02-02T11:15:22.630+0000] {logging_mixin.py:137} INFO - Kyle Green
[2023-02-02T11:15:22.632+0000] {logging_mixin.py:137} INFO - Steven Clark
[2023-02-02T11:15:22.634+0000] {logging_mixin.py:137} INFO - Robert Holden
[2023-02-02T11:15:22.639+0000] {logging_mixin.py:137} INFO - Zachary Harmon
[2023-02-02T11:15:22.643+0000] {logging_mixin.py:137} INFO - Rachel Miller
[2023-02-02T11:15:22.645+0000] {logging_mixin.py:137} INFO - Brandon Parker
[2023-02-02T11:15:22.653+0000] {logging_mixin.py:137} INFO - Walter Martin
[2023-02-02T11:15:22.655+0000] {logging_mixin.py:137} INFO - Jose Young
[2023-02-02T11:15:22.657+0000] {logging_mixin.py:137} INFO - Kelsey Long
[2023-02-02T11:15:22.659+0000] {logging_mixin.py:137} INFO - William Harper
[2023-02-02T11:15:22.660+0000] {logging_mixin.py:137} INFO - Alejandro Lambert
[2023-02-02T11:15:22.662+0000] {logging_mixin.py:137} INFO - Stephanie Carson
[2023-02-02T11:15:22.663+0000] {logging_mixin.py:137} INFO - Diana Ortega MD
[2023-02-02T11:15:22.666+0000] {logging_mixin.py:137} INFO - Janet Morales
[2023-02-02T11:15:22.669+0000] {logging_mixin.py:137} INFO - Eric Fisher
[2023-02-02T11:15:22.670+0000] {logging_mixin.py:137} INFO - Louis Baker
[2023-02-02T11:15:22.672+0000] {logging_mixin.py:137} INFO - Cindy Ward
[2023-02-02T11:15:22.677+0000] {logging_mixin.py:137} INFO - Ana Jenkins
[2023-02-02T11:15:22.678+0000] {logging_mixin.py:137} INFO - Leslie Barton
[2023-02-02T11:15:22.679+0000] {logging_mixin.py:137} INFO - Gregory Price
[2023-02-02T11:15:22.682+0000] {logging_mixin.py:137} INFO - Brandon Moore
[2023-02-02T11:15:22.684+0000] {logging_mixin.py:137} INFO - Heather Garrett
[2023-02-02T11:15:22.685+0000] {logging_mixin.py:137} INFO - Cindy Hawkins
[2023-02-02T11:15:22.687+0000] {logging_mixin.py:137} INFO - Mr. Frank Snyder Jr.
[2023-02-02T11:15:22.688+0000] {logging_mixin.py:137} INFO - Megan Wang
[2023-02-02T11:15:22.690+0000] {logging_mixin.py:137} INFO - Jennifer Fleming
[2023-02-02T11:15:22.692+0000] {logging_mixin.py:137} INFO - Gary Hodge
[2023-02-02T11:15:22.694+0000] {logging_mixin.py:137} INFO - Nichole Miller
[2023-02-02T11:15:22.697+0000] {logging_mixin.py:137} INFO - Mitchell Mendoza
[2023-02-02T11:15:22.698+0000] {logging_mixin.py:137} INFO - Bradley Horton
[2023-02-02T11:15:22.700+0000] {logging_mixin.py:137} INFO - Michelle Hess
[2023-02-02T11:15:22.701+0000] {logging_mixin.py:137} INFO - Ronald Torres
[2023-02-02T11:15:22.702+0000] {logging_mixin.py:137} INFO - Raymond Hudson
[2023-02-02T11:15:22.703+0000] {logging_mixin.py:137} INFO - Vincent Jackson
[2023-02-02T11:15:22.705+0000] {logging_mixin.py:137} INFO - Susan Carey
[2023-02-02T11:15:22.706+0000] {logging_mixin.py:137} INFO - Chase Wilson
[2023-02-02T11:15:22.708+0000] {logging_mixin.py:137} INFO - Tonya Baldwin
[2023-02-02T11:15:22.711+0000] {logging_mixin.py:137} INFO - Mrs. Tina Davis
[2023-02-02T11:15:22.713+0000] {logging_mixin.py:137} INFO - Scott Garrett
[2023-02-02T11:15:22.714+0000] {logging_mixin.py:137} INFO - Michael Wilson
[2023-02-02T11:15:22.724+0000] {logging_mixin.py:137} INFO - Andrew Orozco
[2023-02-02T11:15:22.725+0000] {logging_mixin.py:137} INFO - Troy Carson
[2023-02-02T11:15:22.727+0000] {logging_mixin.py:137} INFO - Alex Winters
[2023-02-02T11:15:22.728+0000] {logging_mixin.py:137} INFO - Toni Frank
[2023-02-02T11:15:22.729+0000] {logging_mixin.py:137} INFO - Kathleen Snyder
[2023-02-02T11:15:22.732+0000] {logging_mixin.py:137} INFO - Anna Lopez
[2023-02-02T11:15:22.734+0000] {logging_mixin.py:137} INFO - Charles Brown
[2023-02-02T11:15:22.736+0000] {logging_mixin.py:137} INFO - Barry Ross
[2023-02-02T11:15:22.738+0000] {logging_mixin.py:137} INFO - Emily Ramirez
[2023-02-02T11:15:22.746+0000] {logging_mixin.py:137} INFO - Anna Williams
[2023-02-02T11:15:22.748+0000] {logging_mixin.py:137} INFO - Kristin Pennington
[2023-02-02T11:15:22.750+0000] {logging_mixin.py:137} INFO - Mary Aguirre
[2023-02-02T11:15:22.752+0000] {logging_mixin.py:137} INFO - Austin Santos
[2023-02-02T11:15:22.755+0000] {logging_mixin.py:137} INFO - David Nelson
[2023-02-02T11:15:22.757+0000] {logging_mixin.py:137} INFO - Alyssa Mcbride
[2023-02-02T11:15:22.759+0000] {logging_mixin.py:137} INFO - Lisa Gibson
[2023-02-02T11:15:22.762+0000] {logging_mixin.py:137} INFO - Alexander Kelly
[2023-02-02T11:15:22.764+0000] {logging_mixin.py:137} INFO - Ronald Thomas
[2023-02-02T11:15:22.767+0000] {logging_mixin.py:137} INFO - Michael Hurst
[2023-02-02T11:15:22.769+0000] {logging_mixin.py:137} INFO - Lauren Ward
[2023-02-02T11:15:22.770+0000] {logging_mixin.py:137} INFO - Christian Terry
[2023-02-02T11:15:22.772+0000] {logging_mixin.py:137} INFO - Jared Black
[2023-02-02T11:15:22.773+0000] {logging_mixin.py:137} INFO - Anthony Brown
[2023-02-02T11:15:22.775+0000] {logging_mixin.py:137} INFO - John Cole
[2023-02-02T11:15:22.776+0000] {logging_mixin.py:137} INFO - David Lee
[2023-02-02T11:15:22.777+0000] {logging_mixin.py:137} INFO - Lori Thomas
[2023-02-02T11:15:22.779+0000] {logging_mixin.py:137} INFO - Daniel Herman
[2023-02-02T11:15:22.780+0000] {logging_mixin.py:137} INFO - Pam Williams
[2023-02-02T11:15:22.781+0000] {logging_mixin.py:137} INFO - Sarah Jenkins
[2023-02-02T11:15:22.782+0000] {logging_mixin.py:137} INFO - Susan Mitchell
[2023-02-02T11:15:22.784+0000] {logging_mixin.py:137} INFO - Jacqueline Green
[2023-02-02T11:15:22.785+0000] {logging_mixin.py:137} INFO - Victoria Garrison
[2023-02-02T11:15:22.786+0000] {logging_mixin.py:137} INFO - Jonathan Daniels
[2023-02-02T11:15:22.788+0000] {logging_mixin.py:137} INFO - Trevor Hansen
[2023-02-02T11:15:22.790+0000] {logging_mixin.py:137} INFO - Laurie Bowen
[2023-02-02T11:15:22.793+0000] {logging_mixin.py:137} INFO - James Cline
[2023-02-02T11:15:22.796+0000] {logging_mixin.py:137} INFO - Michael Rose
[2023-02-02T11:15:22.797+0000] {logging_mixin.py:137} INFO - Lawrence Juarez
[2023-02-02T11:15:22.800+0000] {logging_mixin.py:137} INFO - Lucas Caldwell
[2023-02-02T11:15:22.802+0000] {logging_mixin.py:137} INFO - Laura Jackson
[2023-02-02T11:15:22.804+0000] {logging_mixin.py:137} INFO - Sherri Thornton
[2023-02-02T11:15:22.806+0000] {logging_mixin.py:137} INFO - Alice Wilson
[2023-02-02T11:15:22.808+0000] {logging_mixin.py:137} INFO - Diane Williams
[2023-02-02T11:15:22.812+0000] {logging_mixin.py:137} INFO - Kara Martin
[2023-02-02T11:15:22.813+0000] {logging_mixin.py:137} INFO - Joseph Moore
[2023-02-02T11:15:22.815+0000] {logging_mixin.py:137} INFO - Jesse Moses
[2023-02-02T11:15:22.817+0000] {logging_mixin.py:137} INFO - Lisa Mccall
[2023-02-02T11:15:22.818+0000] {logging_mixin.py:137} INFO - Alexandra Mccoy
[2023-02-02T11:15:22.821+0000] {logging_mixin.py:137} INFO - Daniel Martin
[2023-02-02T11:15:22.823+0000] {logging_mixin.py:137} INFO - Claudia Peck
[2023-02-02T11:15:22.882+0000] {logging_mixin.py:137} INFO - Jessica Mcconnell
[2023-02-02T11:15:22.934+0000] {logging_mixin.py:137} INFO - Kevin Walker
[2023-02-02T11:15:22.949+0000] {logging_mixin.py:137} INFO - Christina Lee
[2023-02-02T11:15:22.959+0000] {logging_mixin.py:137} INFO - Christopher Schroeder
[2023-02-02T11:15:22.967+0000] {logging_mixin.py:137} INFO - Melissa Parker
[2023-02-02T11:15:22.983+0000] {logging_mixin.py:137} INFO - Janet Molina
[2023-02-02T11:15:22.985+0000] {logging_mixin.py:137} INFO - Barbara Harris
[2023-02-02T11:15:22.987+0000] {logging_mixin.py:137} INFO - Joseph Hurley
[2023-02-02T11:15:23.008+0000] {logging_mixin.py:137} INFO - Greg Hayden
[2023-02-02T11:15:23.011+0000] {logging_mixin.py:137} INFO - Edwin Adams
[2023-02-02T11:15:23.015+0000] {logging_mixin.py:137} INFO - Ashley Hunter
[2023-02-02T11:15:23.017+0000] {logging_mixin.py:137} INFO - Jennifer Tucker
[2023-02-02T11:15:23.020+0000] {logging_mixin.py:137} INFO - Eddie Gray
[2023-02-02T11:15:23.022+0000] {logging_mixin.py:137} INFO - Jennifer Evans
[2023-02-02T11:15:23.025+0000] {logging_mixin.py:137} INFO - Stephen Carey
[2023-02-02T11:15:23.026+0000] {logging_mixin.py:137} INFO - Samantha Campos
[2023-02-02T11:15:23.028+0000] {logging_mixin.py:137} INFO - Meagan Brown
[2023-02-02T11:15:23.031+0000] {logging_mixin.py:137} INFO - Miss Marisa Barber
[2023-02-02T11:15:23.035+0000] {logging_mixin.py:137} INFO - Jay Mann
[2023-02-02T11:15:23.037+0000] {logging_mixin.py:137} INFO - Matthew Campbell
[2023-02-02T11:15:23.059+0000] {logging_mixin.py:137} INFO - Brent Rodriguez
[2023-02-02T11:15:23.062+0000] {logging_mixin.py:137} INFO - Teresa Ross
[2023-02-02T11:15:23.066+0000] {logging_mixin.py:137} INFO - Mary Martinez
[2023-02-02T11:15:23.068+0000] {logging_mixin.py:137} INFO - Joseph Lewis
[2023-02-02T11:15:23.074+0000] {logging_mixin.py:137} INFO - Dale Davis
[2023-02-02T11:15:23.159+0000] {logging_mixin.py:137} INFO - Elizabeth Evans
[2023-02-02T11:15:23.163+0000] {logging_mixin.py:137} INFO - Shannon Wang
[2023-02-02T11:15:23.166+0000] {logging_mixin.py:137} INFO - Brandon Campbell
[2023-02-02T11:15:23.170+0000] {logging_mixin.py:137} INFO - Rhonda Pace
[2023-02-02T11:15:23.176+0000] {logging_mixin.py:137} INFO - Sarah Santos
[2023-02-02T11:15:23.180+0000] {logging_mixin.py:137} INFO - Jacob Ford
[2023-02-02T11:15:23.187+0000] {logging_mixin.py:137} INFO - Matthew Hansen
[2023-02-02T11:15:23.201+0000] {logging_mixin.py:137} INFO - Amy Ray
[2023-02-02T11:15:23.204+0000] {logging_mixin.py:137} INFO - Aaron Fields
[2023-02-02T11:15:23.207+0000] {logging_mixin.py:137} INFO - Mary Taylor
[2023-02-02T11:15:23.211+0000] {logging_mixin.py:137} INFO - James Morris
[2023-02-02T11:15:23.212+0000] {logging_mixin.py:137} INFO - Darrell Cain
[2023-02-02T11:15:23.214+0000] {logging_mixin.py:137} INFO - Michael Smith
[2023-02-02T11:15:23.220+0000] {logging_mixin.py:137} INFO - Scott Coleman
[2023-02-02T11:15:23.223+0000] {logging_mixin.py:137} INFO - David Fitzpatrick
[2023-02-02T11:15:23.225+0000] {logging_mixin.py:137} INFO - Debra Shepherd
[2023-02-02T11:15:23.227+0000] {logging_mixin.py:137} INFO - Paul Rush
[2023-02-02T11:15:23.228+0000] {logging_mixin.py:137} INFO - Brett Hernandez
[2023-02-02T11:15:23.232+0000] {logging_mixin.py:137} INFO - Sheila Riddle
[2023-02-02T11:15:23.234+0000] {logging_mixin.py:137} INFO - Joan Austin
[2023-02-02T11:15:23.236+0000] {logging_mixin.py:137} INFO - Michael Garcia
[2023-02-02T11:15:23.239+0000] {logging_mixin.py:137} INFO - Natalie Harris
[2023-02-02T11:15:23.241+0000] {logging_mixin.py:137} INFO - Steven Dean
[2023-02-02T11:15:23.243+0000] {logging_mixin.py:137} INFO - John Brown
[2023-02-02T11:15:23.247+0000] {logging_mixin.py:137} INFO - Keith Zimmerman
[2023-02-02T11:15:23.254+0000] {logging_mixin.py:137} INFO - Curtis Byrd
[2023-02-02T11:15:23.257+0000] {logging_mixin.py:137} INFO - Mariah Green
[2023-02-02T11:15:23.261+0000] {logging_mixin.py:137} INFO - Roger Huynh
[2023-02-02T11:15:23.267+0000] {logging_mixin.py:137} INFO - Christopher Zamora
[2023-02-02T11:15:23.270+0000] {logging_mixin.py:137} INFO - Joyce Crawford
[2023-02-02T11:15:23.274+0000] {logging_mixin.py:137} INFO - Angela Smith
[2023-02-02T11:15:23.278+0000] {logging_mixin.py:137} INFO - Veronica Robinson
[2023-02-02T11:15:23.281+0000] {logging_mixin.py:137} INFO - Christopher Bates
[2023-02-02T11:15:23.283+0000] {logging_mixin.py:137} INFO - Steve Stone
[2023-02-02T11:15:23.286+0000] {logging_mixin.py:137} INFO - William Cook
[2023-02-02T11:15:23.306+0000] {logging_mixin.py:137} INFO - Lori Wood
[2023-02-02T11:15:23.309+0000] {logging_mixin.py:137} INFO - Jillian Reynolds
[2023-02-02T11:15:23.316+0000] {logging_mixin.py:137} INFO - Angela Caldwell
[2023-02-02T11:15:23.320+0000] {logging_mixin.py:137} INFO - Shane Campbell
[2023-02-02T11:15:23.323+0000] {logging_mixin.py:137} INFO - Karen Lawrence
[2023-02-02T11:15:23.325+0000] {logging_mixin.py:137} INFO - Kimberly Wood
[2023-02-02T11:15:23.328+0000] {logging_mixin.py:137} INFO - Samantha Lopez
[2023-02-02T11:15:23.330+0000] {logging_mixin.py:137} INFO - Harold Miller
[2023-02-02T11:15:23.331+0000] {logging_mixin.py:137} INFO - Raymond Cooper DVM
[2023-02-02T11:15:23.333+0000] {logging_mixin.py:137} INFO - Kristen Patel
[2023-02-02T11:15:23.336+0000] {logging_mixin.py:137} INFO - Anthony Mejia
[2023-02-02T11:15:23.339+0000] {logging_mixin.py:137} INFO - Raymond Thomas
[2023-02-02T11:15:23.342+0000] {logging_mixin.py:137} INFO - Scott Young
[2023-02-02T11:15:23.345+0000] {logging_mixin.py:137} INFO - David Larson
[2023-02-02T11:15:23.347+0000] {logging_mixin.py:137} INFO - Jon Murray
[2023-02-02T11:15:23.350+0000] {logging_mixin.py:137} INFO - Stephen Taylor
[2023-02-02T11:15:23.353+0000] {logging_mixin.py:137} INFO - Jennifer Hernandez
[2023-02-02T11:15:23.356+0000] {logging_mixin.py:137} INFO - Stacy Smith
[2023-02-02T11:15:23.359+0000] {logging_mixin.py:137} INFO - Juan Owens
[2023-02-02T11:15:23.361+0000] {logging_mixin.py:137} INFO - Brian Adkins
[2023-02-02T11:15:23.363+0000] {logging_mixin.py:137} INFO - Jesse Wells
[2023-02-02T11:15:23.366+0000] {logging_mixin.py:137} INFO - Kyle Matthews
[2023-02-02T11:15:23.371+0000] {logging_mixin.py:137} INFO - Dustin Russell
[2023-02-02T11:15:23.380+0000] {logging_mixin.py:137} INFO - Richard White
[2023-02-02T11:15:23.385+0000] {logging_mixin.py:137} INFO - Brittany Nichols
[2023-02-02T11:15:23.388+0000] {logging_mixin.py:137} INFO - Colton Kelly
[2023-02-02T11:15:23.394+0000] {logging_mixin.py:137} INFO - William Perry
[2023-02-02T11:15:23.403+0000] {logging_mixin.py:137} INFO - Thomas Cummings
[2023-02-02T11:15:23.408+0000] {logging_mixin.py:137} INFO - Timothy Ballard
[2023-02-02T11:15:23.413+0000] {logging_mixin.py:137} INFO - Richard Washington
[2023-02-02T11:15:23.416+0000] {logging_mixin.py:137} INFO - Joshua Lam
[2023-02-02T11:15:23.427+0000] {logging_mixin.py:137} INFO - Grant Jackson
[2023-02-02T11:15:23.429+0000] {logging_mixin.py:137} INFO - Erin Baker
[2023-02-02T11:15:23.437+0000] {logging_mixin.py:137} INFO - Scott Flowers
[2023-02-02T11:15:23.439+0000] {logging_mixin.py:137} INFO - James Adams
[2023-02-02T11:15:23.445+0000] {logging_mixin.py:137} INFO - Heather Alvarado
[2023-02-02T11:15:23.448+0000] {logging_mixin.py:137} INFO - Jennifer Snow
[2023-02-02T11:15:23.450+0000] {logging_mixin.py:137} INFO - Mario Jackson
[2023-02-02T11:15:23.455+0000] {logging_mixin.py:137} INFO - Kevin Collins
[2023-02-02T11:15:23.464+0000] {logging_mixin.py:137} INFO - Danielle Garcia
[2023-02-02T11:15:23.469+0000] {logging_mixin.py:137} INFO - Brenda Jackson
[2023-02-02T11:15:23.495+0000] {logging_mixin.py:137} INFO - Ashley Parker
[2023-02-02T11:15:23.512+0000] {logging_mixin.py:137} INFO - Angela Hickman
[2023-02-02T11:15:23.516+0000] {logging_mixin.py:137} INFO - Carol Rodriguez
[2023-02-02T11:15:23.521+0000] {logging_mixin.py:137} INFO - Vernon Anderson
[2023-02-02T11:15:23.529+0000] {logging_mixin.py:137} INFO - Jesus Church
[2023-02-02T11:15:23.533+0000] {logging_mixin.py:137} INFO - Michelle Medina
[2023-02-02T11:15:23.535+0000] {logging_mixin.py:137} INFO - Nancy Bryant
[2023-02-02T11:15:23.538+0000] {logging_mixin.py:137} INFO - Jennifer Martinez
[2023-02-02T11:15:23.546+0000] {logging_mixin.py:137} INFO - Amy Dougherty
[2023-02-02T11:15:23.552+0000] {logging_mixin.py:137} INFO - Alexis Sanders
[2023-02-02T11:15:23.567+0000] {logging_mixin.py:137} INFO - Austin Salazar
[2023-02-02T11:15:23.572+0000] {logging_mixin.py:137} INFO - Amy Williams
[2023-02-02T11:15:23.574+0000] {logging_mixin.py:137} INFO - Richard Haynes
[2023-02-02T11:15:23.581+0000] {logging_mixin.py:137} INFO - Christine Stark
[2023-02-02T11:15:23.591+0000] {logging_mixin.py:137} INFO - Anita Medina
[2023-02-02T11:15:23.597+0000] {logging_mixin.py:137} INFO - Mr. Thomas Duran
[2023-02-02T11:15:23.601+0000] {logging_mixin.py:137} INFO - Mr. Russell Peterson
[2023-02-02T11:15:23.604+0000] {logging_mixin.py:137} INFO - Jack Richard
[2023-02-02T11:15:23.637+0000] {logging_mixin.py:137} INFO - Michelle Erickson
[2023-02-02T11:15:23.659+0000] {logging_mixin.py:137} INFO - Mitchell Williams
[2023-02-02T11:15:23.667+0000] {logging_mixin.py:137} INFO - Adrian Herrera
[2023-02-02T11:15:23.674+0000] {logging_mixin.py:137} INFO - Michael Brady
[2023-02-02T11:15:23.677+0000] {logging_mixin.py:137} INFO - Jamie Zhang
[2023-02-02T11:15:23.681+0000] {logging_mixin.py:137} INFO - Helen Brennan
[2023-02-02T11:15:23.686+0000] {logging_mixin.py:137} INFO - John Myers
[2023-02-02T11:15:23.689+0000] {logging_mixin.py:137} INFO - Patricia Nash
[2023-02-02T11:15:23.692+0000] {logging_mixin.py:137} INFO - Michael Johnson
[2023-02-02T11:15:23.695+0000] {logging_mixin.py:137} INFO - Anita Berger
[2023-02-02T11:15:23.699+0000] {logging_mixin.py:137} INFO - Jason Guerrero DVM
[2023-02-02T11:15:23.703+0000] {logging_mixin.py:137} INFO - Kimberly Davis
[2023-02-02T11:15:23.713+0000] {logging_mixin.py:137} INFO - Bryan Hansen
[2023-02-02T11:15:23.725+0000] {logging_mixin.py:137} INFO - Rebecca Obrien
[2023-02-02T11:15:23.727+0000] {logging_mixin.py:137} INFO - Sarah Santiago
[2023-02-02T11:15:23.731+0000] {logging_mixin.py:137} INFO - Christine Lane
[2023-02-02T11:15:23.734+0000] {logging_mixin.py:137} INFO - Jerry Lewis
[2023-02-02T11:15:23.737+0000] {logging_mixin.py:137} INFO - Stephanie Miller
[2023-02-02T11:15:23.739+0000] {logging_mixin.py:137} INFO - Kristi Bradley
[2023-02-02T11:15:23.742+0000] {logging_mixin.py:137} INFO - Darren Moore
[2023-02-02T11:15:23.750+0000] {logging_mixin.py:137} INFO - Kristina Cunningham
[2023-02-02T11:15:23.761+0000] {logging_mixin.py:137} INFO - Laurie Moore
[2023-02-02T11:15:23.765+0000] {logging_mixin.py:137} INFO - Aaron Lewis
[2023-02-02T11:15:23.773+0000] {logging_mixin.py:137} INFO - Theresa Vang
[2023-02-02T11:15:23.781+0000] {logging_mixin.py:137} INFO - Chase Reese
[2023-02-02T11:15:23.787+0000] {logging_mixin.py:137} INFO - Matthew Ferguson
[2023-02-02T11:15:23.789+0000] {logging_mixin.py:137} INFO - Victoria Lewis
[2023-02-02T11:15:23.796+0000] {logging_mixin.py:137} INFO - Jon Scott
[2023-02-02T11:15:23.870+0000] {logging_mixin.py:137} INFO - Lisa Campbell
[2023-02-02T11:15:23.998+0000] {logging_mixin.py:137} INFO - David Ramirez
[2023-02-02T11:15:24.019+0000] {logging_mixin.py:137} INFO - Gabriel Rosario
[2023-02-02T11:15:24.025+0000] {logging_mixin.py:137} INFO - Kristi Johnson
[2023-02-02T11:15:24.027+0000] {logging_mixin.py:137} INFO - Jennifer Schwartz
[2023-02-02T11:15:24.029+0000] {logging_mixin.py:137} INFO - Daniel Norton
[2023-02-02T11:15:24.031+0000] {logging_mixin.py:137} INFO - Richard Montoya
[2023-02-02T11:15:24.043+0000] {logging_mixin.py:137} INFO - Daniel Norris
[2023-02-02T11:15:24.057+0000] {logging_mixin.py:137} INFO - Chad Taylor
[2023-02-02T11:15:24.063+0000] {logging_mixin.py:137} INFO - Angie Allen
[2023-02-02T11:15:24.066+0000] {logging_mixin.py:137} INFO - Michael Brooks
[2023-02-02T11:15:24.068+0000] {logging_mixin.py:137} INFO - Hannah Poole
[2023-02-02T11:15:24.073+0000] {logging_mixin.py:137} INFO - Caitlin Ray
[2023-02-02T11:15:24.076+0000] {logging_mixin.py:137} INFO - Mr. Steven Gardner
[2023-02-02T11:15:24.078+0000] {logging_mixin.py:137} INFO - Jennifer Macdonald
[2023-02-02T11:15:24.081+0000] {logging_mixin.py:137} INFO - Vanessa Small
[2023-02-02T11:15:24.084+0000] {logging_mixin.py:137} INFO - Dennis Gray
[2023-02-02T11:15:24.088+0000] {logging_mixin.py:137} INFO - Sandra Kirk
[2023-02-02T11:15:24.092+0000] {logging_mixin.py:137} INFO - Jason Wagner
[2023-02-02T11:15:24.094+0000] {logging_mixin.py:137} INFO - David Owen
[2023-02-02T11:15:24.096+0000] {logging_mixin.py:137} INFO - Rose Terrell
[2023-02-02T11:15:24.100+0000] {logging_mixin.py:137} INFO - James Green MD
[2023-02-02T11:15:24.103+0000] {logging_mixin.py:137} INFO - Tammy Patel
[2023-02-02T11:15:24.106+0000] {logging_mixin.py:137} INFO - Joseph Lucero
[2023-02-02T11:15:24.109+0000] {logging_mixin.py:137} INFO - Stephanie Rojas
[2023-02-02T11:15:24.112+0000] {logging_mixin.py:137} INFO - Brittany Johnson
[2023-02-02T11:15:24.115+0000] {logging_mixin.py:137} INFO - Christina Cummings
[2023-02-02T11:15:24.119+0000] {logging_mixin.py:137} INFO - Eric Downs
[2023-02-02T11:15:24.122+0000] {logging_mixin.py:137} INFO - Paul Finley
[2023-02-02T11:15:24.126+0000] {logging_mixin.py:137} INFO - Danielle Jackson
[2023-02-02T11:15:24.129+0000] {logging_mixin.py:137} INFO - Anna Johnston
[2023-02-02T11:15:24.133+0000] {logging_mixin.py:137} INFO - Ashlee Hodges
[2023-02-02T11:15:24.135+0000] {logging_mixin.py:137} INFO - Thomas Francis
[2023-02-02T11:15:24.138+0000] {logging_mixin.py:137} INFO - Cody Baird
[2023-02-02T11:15:24.140+0000] {logging_mixin.py:137} INFO - Jeffrey Walter
[2023-02-02T11:15:24.156+0000] {logging_mixin.py:137} INFO - Hannah West
[2023-02-02T11:15:24.158+0000] {logging_mixin.py:137} INFO - Anthony Byrd
[2023-02-02T11:15:24.160+0000] {logging_mixin.py:137} INFO - Julie Ramirez
[2023-02-02T11:15:24.163+0000] {logging_mixin.py:137} INFO - Seth Peters
[2023-02-02T11:15:24.165+0000] {logging_mixin.py:137} INFO - Keith Salas
[2023-02-02T11:15:24.167+0000] {logging_mixin.py:137} INFO - Kathryn Evans
[2023-02-02T11:15:24.170+0000] {logging_mixin.py:137} INFO - Dr. Maria Scott
[2023-02-02T11:15:24.173+0000] {logging_mixin.py:137} INFO - Brenda Thomas
[2023-02-02T11:15:24.175+0000] {logging_mixin.py:137} INFO - Travis Douglas
[2023-02-02T11:15:24.177+0000] {logging_mixin.py:137} INFO - Kurt Santos
[2023-02-02T11:15:24.180+0000] {logging_mixin.py:137} INFO - Sean Parrish
[2023-02-02T11:15:24.183+0000] {logging_mixin.py:137} INFO - Brittany Walls
[2023-02-02T11:15:24.186+0000] {logging_mixin.py:137} INFO - Gail Brooks
[2023-02-02T11:15:24.188+0000] {logging_mixin.py:137} INFO - Valerie Johnson
[2023-02-02T11:15:24.190+0000] {logging_mixin.py:137} INFO - Jessica Dunn
[2023-02-02T11:15:24.193+0000] {logging_mixin.py:137} INFO - Chad Robinson
[2023-02-02T11:15:24.195+0000] {logging_mixin.py:137} INFO - Catherine Combs
[2023-02-02T11:15:24.198+0000] {logging_mixin.py:137} INFO - Joshua Boyd
[2023-02-02T11:15:24.200+0000] {logging_mixin.py:137} INFO - Alicia Barnett DVM
[2023-02-02T11:15:24.203+0000] {logging_mixin.py:137} INFO - Kevin Cervantes
[2023-02-02T11:15:24.205+0000] {logging_mixin.py:137} INFO - Larry Lester
[2023-02-02T11:15:24.213+0000] {logging_mixin.py:137} INFO - Deanna Espinoza
[2023-02-02T11:15:24.217+0000] {logging_mixin.py:137} INFO - Marilyn Davis
[2023-02-02T11:15:24.221+0000] {logging_mixin.py:137} INFO - Michael Weeks
[2023-02-02T11:15:24.225+0000] {logging_mixin.py:137} INFO - Brandon Stanton
[2023-02-02T11:15:24.227+0000] {logging_mixin.py:137} INFO - Ryan Boyer Jr.
[2023-02-02T11:15:24.230+0000] {logging_mixin.py:137} INFO - Amanda Elliott
[2023-02-02T11:15:24.233+0000] {logging_mixin.py:137} INFO - David Moore
[2023-02-02T11:15:24.235+0000] {logging_mixin.py:137} INFO - Andre Williams
[2023-02-02T11:15:24.247+0000] {logging_mixin.py:137} INFO - Jennifer Garcia
[2023-02-02T11:15:24.251+0000] {logging_mixin.py:137} INFO - Tracey Cook
[2023-02-02T11:15:24.255+0000] {logging_mixin.py:137} INFO - Michael Turner
[2023-02-02T11:15:24.269+0000] {logging_mixin.py:137} INFO - Diana Long
[2023-02-02T11:15:24.273+0000] {logging_mixin.py:137} INFO - John Bradley
[2023-02-02T11:15:24.281+0000] {logging_mixin.py:137} INFO - Ann Benjamin
[2023-02-02T11:15:24.283+0000] {logging_mixin.py:137} INFO - Shane House
[2023-02-02T11:15:24.288+0000] {logging_mixin.py:137} INFO - Erin Lee
[2023-02-02T11:15:24.297+0000] {logging_mixin.py:137} INFO - Joseph Gray
[2023-02-02T11:15:24.300+0000] {logging_mixin.py:137} INFO - Betty Gibson
[2023-02-02T11:15:24.302+0000] {logging_mixin.py:137} INFO - Kristen Graham
[2023-02-02T11:15:24.309+0000] {logging_mixin.py:137} INFO - Daniel Meza
[2023-02-02T11:15:24.314+0000] {logging_mixin.py:137} INFO - Sherri Carpenter
[2023-02-02T11:15:24.325+0000] {logging_mixin.py:137} INFO - Andrea Sanchez
[2023-02-02T11:15:24.330+0000] {logging_mixin.py:137} INFO - Jordan Rios
[2023-02-02T11:15:24.334+0000] {logging_mixin.py:137} INFO - Elizabeth Jackson
[2023-02-02T11:15:24.338+0000] {logging_mixin.py:137} INFO - Elizabeth Myers
[2023-02-02T11:15:24.342+0000] {logging_mixin.py:137} INFO - Juan Barnes
[2023-02-02T11:15:24.344+0000] {logging_mixin.py:137} INFO - Christopher Lozano
[2023-02-02T11:15:24.346+0000] {logging_mixin.py:137} INFO - Jacqueline Griffin
[2023-02-02T11:15:24.365+0000] {logging_mixin.py:137} INFO - Ryan Mason
[2023-02-02T11:15:24.369+0000] {logging_mixin.py:137} INFO - Jonathan Moore
[2023-02-02T11:15:24.380+0000] {logging_mixin.py:137} INFO - Abigail Landry
[2023-02-02T11:15:24.401+0000] {logging_mixin.py:137} INFO - Brenda Hernandez
[2023-02-02T11:15:24.410+0000] {logging_mixin.py:137} INFO - Zachary Pitts
[2023-02-02T11:15:24.413+0000] {logging_mixin.py:137} INFO - Amanda Rogers
[2023-02-02T11:15:24.426+0000] {logging_mixin.py:137} INFO - Cynthia Gray
[2023-02-02T11:15:24.428+0000] {logging_mixin.py:137} INFO - Tyler Barajas
[2023-02-02T11:15:24.430+0000] {logging_mixin.py:137} INFO - Michelle Leon
[2023-02-02T11:15:24.440+0000] {logging_mixin.py:137} INFO - Kathy Lang
[2023-02-02T11:15:24.445+0000] {logging_mixin.py:137} INFO - Scott Townsend MD
[2023-02-02T11:15:24.448+0000] {logging_mixin.py:137} INFO - Theresa Acosta
[2023-02-02T11:15:24.457+0000] {logging_mixin.py:137} INFO - David Jones
[2023-02-02T11:15:24.469+0000] {logging_mixin.py:137} INFO - Jeremy Robinson
[2023-02-02T11:15:24.485+0000] {logging_mixin.py:137} INFO - James Newton
[2023-02-02T11:15:24.489+0000] {logging_mixin.py:137} INFO - Tracey Wells
[2023-02-02T11:15:24.513+0000] {logging_mixin.py:137} INFO - Maria Nelson
[2023-02-02T11:15:24.535+0000] {logging_mixin.py:137} INFO - Christopher Griffith
[2023-02-02T11:15:24.548+0000] {logging_mixin.py:137} INFO - Zachary Griffin
[2023-02-02T11:15:24.554+0000] {logging_mixin.py:137} INFO - Amy Nguyen
[2023-02-02T11:15:24.557+0000] {logging_mixin.py:137} INFO - April Williams
[2023-02-02T11:15:24.571+0000] {logging_mixin.py:137} INFO - Marissa Kelly
[2023-02-02T11:15:24.579+0000] {logging_mixin.py:137} INFO - Brian Lopez PhD
[2023-02-02T11:15:24.581+0000] {logging_mixin.py:137} INFO - William Williams
[2023-02-02T11:15:24.584+0000] {logging_mixin.py:137} INFO - Norman Brown
[2023-02-02T11:15:24.586+0000] {logging_mixin.py:137} INFO - Charles Fuentes
[2023-02-02T11:15:24.588+0000] {logging_mixin.py:137} INFO - Anthony Chang
[2023-02-02T11:15:24.590+0000] {logging_mixin.py:137} INFO - Mary Bell
[2023-02-02T11:15:24.598+0000] {logging_mixin.py:137} INFO - Elizabeth Stuart
[2023-02-02T11:15:24.603+0000] {logging_mixin.py:137} INFO - Mary Mcdonald
[2023-02-02T11:15:24.607+0000] {logging_mixin.py:137} INFO - Martin Harrison
[2023-02-02T11:15:24.640+0000] {logging_mixin.py:137} INFO - Stephanie Fernandez
[2023-02-02T11:15:24.697+0000] {logging_mixin.py:137} INFO - Christopher Brown
[2023-02-02T11:15:24.761+0000] {logging_mixin.py:137} INFO - Alexander Stephenson
[2023-02-02T11:15:24.763+0000] {logging_mixin.py:137} INFO - Grace Diaz
[2023-02-02T11:15:24.766+0000] {logging_mixin.py:137} INFO - Frank Bartlett
[2023-02-02T11:15:24.769+0000] {logging_mixin.py:137} INFO - Audrey Andersen
[2023-02-02T11:15:24.776+0000] {logging_mixin.py:137} INFO - David Green
[2023-02-02T11:15:24.794+0000] {logging_mixin.py:137} INFO - Joshua Diaz Jr.
[2023-02-02T11:15:24.799+0000] {logging_mixin.py:137} INFO - Emily Garcia
[2023-02-02T11:15:24.802+0000] {logging_mixin.py:137} INFO - Devin Hall
[2023-02-02T11:15:24.804+0000] {logging_mixin.py:137} INFO - Phillip Garner
[2023-02-02T11:15:24.809+0000] {logging_mixin.py:137} INFO - Katherine Estrada
[2023-02-02T11:15:24.812+0000] {logging_mixin.py:137} INFO - Corey Saunders
[2023-02-02T11:15:24.827+0000] {logging_mixin.py:137} INFO - Kimberly Collins
[2023-02-02T11:15:24.832+0000] {logging_mixin.py:137} INFO - Amy Elliott
[2023-02-02T11:15:24.835+0000] {logging_mixin.py:137} INFO - Tanya Jones
[2023-02-02T11:15:24.839+0000] {logging_mixin.py:137} INFO - Patricia Gonzalez
[2023-02-02T11:15:24.843+0000] {logging_mixin.py:137} INFO - Jennifer Hill
[2023-02-02T11:15:24.853+0000] {logging_mixin.py:137} INFO - John Haynes
[2023-02-02T11:15:24.856+0000] {logging_mixin.py:137} INFO - Jacob Henry
[2023-02-02T11:15:24.858+0000] {logging_mixin.py:137} INFO - Daniel Clark
[2023-02-02T11:15:24.861+0000] {logging_mixin.py:137} INFO - Jonathon Taylor
[2023-02-02T11:15:24.871+0000] {logging_mixin.py:137} INFO - Jesse Evans
[2023-02-02T11:15:24.878+0000] {logging_mixin.py:137} INFO - James Martinez
[2023-02-02T11:15:24.881+0000] {logging_mixin.py:137} INFO - Kyle Reyes
[2023-02-02T11:15:24.884+0000] {logging_mixin.py:137} INFO - Terrence Barker
[2023-02-02T11:15:24.889+0000] {logging_mixin.py:137} INFO - Anthony Washington
[2023-02-02T11:15:24.892+0000] {logging_mixin.py:137} INFO - Dustin Le
[2023-02-02T11:15:24.897+0000] {logging_mixin.py:137} INFO - Bruce Clark
[2023-02-02T11:15:24.903+0000] {logging_mixin.py:137} INFO - Keith Anthony
[2023-02-02T11:15:24.915+0000] {logging_mixin.py:137} INFO - Jeremiah Stone
[2023-02-02T11:15:24.918+0000] {logging_mixin.py:137} INFO - Michael Haley
[2023-02-02T11:15:24.925+0000] {logging_mixin.py:137} INFO - Regina Carrillo
[2023-02-02T11:15:24.931+0000] {logging_mixin.py:137} INFO - Jacob Lee
[2023-02-02T11:15:24.936+0000] {logging_mixin.py:137} INFO - Thomas Gonzalez
[2023-02-02T11:15:24.940+0000] {logging_mixin.py:137} INFO - Mark Lawrence
[2023-02-02T11:15:24.943+0000] {logging_mixin.py:137} INFO - Matthew Anderson
[2023-02-02T11:15:24.947+0000] {logging_mixin.py:137} INFO - Nicholas Young
[2023-02-02T11:15:24.949+0000] {logging_mixin.py:137} INFO - Melvin Martinez
[2023-02-02T11:15:24.956+0000] {logging_mixin.py:137} INFO - Scott Green
[2023-02-02T11:15:24.960+0000] {logging_mixin.py:137} INFO - Dana Richards
[2023-02-02T11:15:24.962+0000] {logging_mixin.py:137} INFO - Lauren Moore
[2023-02-02T11:15:24.964+0000] {logging_mixin.py:137} INFO - Terry Campbell
[2023-02-02T11:15:24.966+0000] {logging_mixin.py:137} INFO - Ralph Jordan
[2023-02-02T11:15:24.972+0000] {logging_mixin.py:137} INFO - Noah Reyes
[2023-02-02T11:15:24.975+0000] {logging_mixin.py:137} INFO - Mr. Gregory Mills MD
[2023-02-02T11:15:24.977+0000] {logging_mixin.py:137} INFO - Michelle Yates
[2023-02-02T11:15:24.979+0000] {logging_mixin.py:137} INFO - Robin Reyes
[2023-02-02T11:15:24.984+0000] {logging_mixin.py:137} INFO - Rebecca Smith
[2023-02-02T11:15:24.985+0000] {logging_mixin.py:137} INFO - Nicole Torres
[2023-02-02T11:15:24.986+0000] {logging_mixin.py:137} INFO - Ronald Jones
[2023-02-02T11:15:24.989+0000] {logging_mixin.py:137} INFO - Michael Castaneda
[2023-02-02T11:15:24.991+0000] {logging_mixin.py:137} INFO - Christopher Krueger
[2023-02-02T11:15:24.995+0000] {logging_mixin.py:137} INFO - Jennifer Werner
[2023-02-02T11:15:24.999+0000] {logging_mixin.py:137} INFO - Ashley Smith
[2023-02-02T11:15:25.007+0000] {logging_mixin.py:137} INFO - Alyssa Fields
[2023-02-02T11:15:25.010+0000] {logging_mixin.py:137} INFO - John Scott
[2023-02-02T11:15:25.012+0000] {logging_mixin.py:137} INFO - Debra Delacruz
[2023-02-02T11:15:25.013+0000] {logging_mixin.py:137} INFO - James Madden
[2023-02-02T11:15:25.015+0000] {logging_mixin.py:137} INFO - Joseph Gentry
[2023-02-02T11:15:25.018+0000] {logging_mixin.py:137} INFO - Ashley Cabrera
[2023-02-02T11:15:25.022+0000] {logging_mixin.py:137} INFO - Jennifer Fernandez
[2023-02-02T11:15:25.026+0000] {logging_mixin.py:137} INFO - James Harris
[2023-02-02T11:15:25.029+0000] {logging_mixin.py:137} INFO - Candice Young
[2023-02-02T11:15:25.035+0000] {logging_mixin.py:137} INFO - Lisa Baker
[2023-02-02T11:15:25.045+0000] {logging_mixin.py:137} INFO - Brian Mills DDS
[2023-02-02T11:15:25.049+0000] {logging_mixin.py:137} INFO - Kristin Smith
[2023-02-02T11:15:25.056+0000] {logging_mixin.py:137} INFO - Jacob Collins
[2023-02-02T11:15:25.060+0000] {logging_mixin.py:137} INFO - Kimberly Harris
[2023-02-02T11:15:25.065+0000] {logging_mixin.py:137} INFO - Michael Hull
[2023-02-02T11:15:25.067+0000] {logging_mixin.py:137} INFO - Caitlin Todd
[2023-02-02T11:15:25.069+0000] {logging_mixin.py:137} INFO - Lisa Harris
[2023-02-02T11:15:25.071+0000] {logging_mixin.py:137} INFO - Mrs. Ann Stone
[2023-02-02T11:15:25.073+0000] {logging_mixin.py:137} INFO - Michelle Case
[2023-02-02T11:15:25.075+0000] {logging_mixin.py:137} INFO - Joe Lowe
[2023-02-02T11:15:25.076+0000] {logging_mixin.py:137} INFO - Randall Dunn
[2023-02-02T11:15:25.082+0000] {logging_mixin.py:137} INFO - Paula Vargas
[2023-02-02T11:15:25.084+0000] {logging_mixin.py:137} INFO - Daniel Walker
[2023-02-02T11:15:25.097+0000] {logging_mixin.py:137} INFO - James Jackson
[2023-02-02T11:15:25.099+0000] {logging_mixin.py:137} INFO - Shirley Woodard
[2023-02-02T11:15:25.100+0000] {logging_mixin.py:137} INFO - James Hayes
[2023-02-02T11:15:25.103+0000] {logging_mixin.py:137} INFO - Megan Austin
[2023-02-02T11:15:25.104+0000] {logging_mixin.py:137} INFO - Erin Robertson
[2023-02-02T11:15:25.105+0000] {logging_mixin.py:137} INFO - Robert Phillips
[2023-02-02T11:15:25.106+0000] {logging_mixin.py:137} INFO - Amy Torres
[2023-02-02T11:15:25.107+0000] {logging_mixin.py:137} INFO - Joshua Cox
[2023-02-02T11:15:25.109+0000] {logging_mixin.py:137} INFO - Duane Grimes
[2023-02-02T11:15:25.110+0000] {logging_mixin.py:137} INFO - Jennifer Burgess
[2023-02-02T11:15:25.111+0000] {logging_mixin.py:137} INFO - Carlos Duran
[2023-02-02T11:15:25.112+0000] {logging_mixin.py:137} INFO - Jason Johnson
[2023-02-02T11:15:25.113+0000] {logging_mixin.py:137} INFO - Cameron Greer
[2023-02-02T11:15:25.120+0000] {logging_mixin.py:137} INFO - Randall Williams
[2023-02-02T11:15:25.123+0000] {logging_mixin.py:137} INFO - Jessica Harris
[2023-02-02T11:15:25.126+0000] {logging_mixin.py:137} INFO - Joshua Rogers
[2023-02-02T11:15:25.128+0000] {logging_mixin.py:137} INFO - Jose Mahoney
[2023-02-02T11:15:25.129+0000] {logging_mixin.py:137} INFO - Brandy Fuentes
[2023-02-02T11:15:25.131+0000] {logging_mixin.py:137} INFO - Angelica Matthews
[2023-02-02T11:15:25.132+0000] {logging_mixin.py:137} INFO - Glenn Caldwell
[2023-02-02T11:15:25.133+0000] {logging_mixin.py:137} INFO - Cristian Delacruz
[2023-02-02T11:15:25.134+0000] {logging_mixin.py:137} INFO - Alexandra Price
[2023-02-02T11:15:25.136+0000] {logging_mixin.py:137} INFO - Heather Wilson
[2023-02-02T11:15:25.137+0000] {logging_mixin.py:137} INFO - Shawn Thompson
[2023-02-02T11:15:25.139+0000] {logging_mixin.py:137} INFO - Anna Daniel
[2023-02-02T11:15:25.141+0000] {logging_mixin.py:137} INFO - Joseph Cisneros
[2023-02-02T11:15:25.142+0000] {logging_mixin.py:137} INFO - Rebecca Estes
[2023-02-02T11:15:25.144+0000] {logging_mixin.py:137} INFO - Jeremy Porter
[2023-02-02T11:15:25.146+0000] {logging_mixin.py:137} INFO - Lisa Mann
[2023-02-02T11:15:25.147+0000] {logging_mixin.py:137} INFO - Michael Woods
[2023-02-02T11:15:25.149+0000] {logging_mixin.py:137} INFO - Madison Thompson
[2023-02-02T11:15:25.150+0000] {logging_mixin.py:137} INFO - Nancy Gomez
[2023-02-02T11:15:25.152+0000] {logging_mixin.py:137} INFO - Julie Blanchard
[2023-02-02T11:15:25.154+0000] {logging_mixin.py:137} INFO - Michael Smith
[2023-02-02T11:15:25.160+0000] {logging_mixin.py:137} INFO - Angel Huber
[2023-02-02T11:15:25.163+0000] {logging_mixin.py:137} INFO - Michael Coffey
[2023-02-02T11:15:25.168+0000] {logging_mixin.py:137} INFO - Patrick Walter
[2023-02-02T11:15:25.172+0000] {logging_mixin.py:137} INFO - Curtis Davis
[2023-02-02T11:15:25.178+0000] {logging_mixin.py:137} INFO - Kyle Stewart
[2023-02-02T11:15:25.179+0000] {logging_mixin.py:137} INFO - Angela Jimenez
[2023-02-02T11:15:25.180+0000] {logging_mixin.py:137} INFO - Andrew Martinez
[2023-02-02T11:15:25.182+0000] {logging_mixin.py:137} INFO - Angela West
[2023-02-02T11:15:25.184+0000] {logging_mixin.py:137} INFO - Ryan Young
[2023-02-02T11:15:25.185+0000] {logging_mixin.py:137} INFO - Nathaniel Evans
[2023-02-02T11:15:25.186+0000] {logging_mixin.py:137} INFO - Dawn Bryant
[2023-02-02T11:15:25.187+0000] {logging_mixin.py:137} INFO - Danielle Lewis
[2023-02-02T11:15:25.189+0000] {logging_mixin.py:137} INFO - Matthew Newman
[2023-02-02T11:15:25.191+0000] {logging_mixin.py:137} INFO - Robert Smith
[2023-02-02T11:15:25.193+0000] {logging_mixin.py:137} INFO - Melissa Hicks
[2023-02-02T11:15:25.194+0000] {logging_mixin.py:137} INFO - Emily Lambert
[2023-02-02T11:15:25.195+0000] {logging_mixin.py:137} INFO - Krystal Wolfe
[2023-02-02T11:15:25.197+0000] {logging_mixin.py:137} INFO - Donna Murillo
[2023-02-02T11:15:25.198+0000] {logging_mixin.py:137} INFO - Carl Hudson
[2023-02-02T11:15:25.200+0000] {logging_mixin.py:137} INFO - Robert Wilson
[2023-02-02T11:15:25.208+0000] {logging_mixin.py:137} INFO - Patrick Mathis
[2023-02-02T11:15:25.209+0000] {logging_mixin.py:137} INFO - Michael Suarez
[2023-02-02T11:15:25.211+0000] {logging_mixin.py:137} INFO - David Johnson
[2023-02-02T11:15:25.212+0000] {logging_mixin.py:137} INFO - William Thompson
[2023-02-02T11:15:25.213+0000] {logging_mixin.py:137} INFO - Jessica Hansen DVM
[2023-02-02T11:15:25.214+0000] {logging_mixin.py:137} INFO - Katherine Friedman
[2023-02-02T11:15:25.215+0000] {logging_mixin.py:137} INFO - Jillian Johnson
[2023-02-02T11:15:25.216+0000] {logging_mixin.py:137} INFO - Robert Mckee
[2023-02-02T11:15:25.217+0000] {logging_mixin.py:137} INFO - Rachel Little
[2023-02-02T11:15:25.219+0000] {logging_mixin.py:137} INFO - Patricia Smith
[2023-02-02T11:15:25.220+0000] {logging_mixin.py:137} INFO - Heidi Martinez
[2023-02-02T11:15:25.222+0000] {logging_mixin.py:137} INFO - Caitlin Solomon
[2023-02-02T11:15:25.223+0000] {logging_mixin.py:137} INFO - Dr. Olivia Pugh
[2023-02-02T11:15:25.225+0000] {logging_mixin.py:137} INFO - John Steele DDS
[2023-02-02T11:15:25.227+0000] {logging_mixin.py:137} INFO - Jeremy Mathews
[2023-02-02T11:15:25.229+0000] {logging_mixin.py:137} INFO - Tiffany Hill
[2023-02-02T11:15:25.230+0000] {logging_mixin.py:137} INFO - Steven Edwards
[2023-02-02T11:15:25.231+0000] {logging_mixin.py:137} INFO - Charles Campbell
[2023-02-02T11:15:25.232+0000] {logging_mixin.py:137} INFO - Brett Hughes
[2023-02-02T11:15:25.233+0000] {logging_mixin.py:137} INFO - Christina Villegas
[2023-02-02T11:15:25.235+0000] {logging_mixin.py:137} INFO - Anthony Garcia
[2023-02-02T11:15:25.236+0000] {logging_mixin.py:137} INFO - Nathan Murphy
[2023-02-02T11:15:25.237+0000] {logging_mixin.py:137} INFO - Steven Dodson
[2023-02-02T11:15:25.244+0000] {logging_mixin.py:137} INFO - Brian Sullivan
[2023-02-02T11:15:25.246+0000] {logging_mixin.py:137} INFO - Renee White
[2023-02-02T11:15:25.247+0000] {logging_mixin.py:137} INFO - Laura Rowland
[2023-02-02T11:15:25.249+0000] {logging_mixin.py:137} INFO - John Moore
[2023-02-02T11:15:25.256+0000] {logging_mixin.py:137} INFO - Sophia Mckenzie
[2023-02-02T11:15:25.259+0000] {logging_mixin.py:137} INFO - David Roach
[2023-02-02T11:15:25.269+0000] {logging_mixin.py:137} INFO - Jennifer Patterson
[2023-02-02T11:15:25.278+0000] {logging_mixin.py:137} INFO - James Richards
[2023-02-02T11:15:25.281+0000] {logging_mixin.py:137} INFO - Mary Johnston
[2023-02-02T11:15:25.286+0000] {logging_mixin.py:137} INFO - Brandon Mcdaniel
[2023-02-02T11:15:25.287+0000] {logging_mixin.py:137} INFO - Meghan Stevenson
[2023-02-02T11:15:25.288+0000] {logging_mixin.py:137} INFO - Luis Hayes
[2023-02-02T11:15:25.290+0000] {logging_mixin.py:137} INFO - Alejandra Sloan
[2023-02-02T11:15:25.291+0000] {logging_mixin.py:137} INFO - Dr. Sandra Miller
[2023-02-02T11:15:25.295+0000] {logging_mixin.py:137} INFO - Dustin Bond
[2023-02-02T11:15:25.297+0000] {logging_mixin.py:137} INFO - Julia Patrick MD
[2023-02-02T11:15:25.302+0000] {logging_mixin.py:137} INFO - Jill Campbell
[2023-02-02T11:15:25.304+0000] {logging_mixin.py:137} INFO - Mark Ford
[2023-02-02T11:15:25.305+0000] {logging_mixin.py:137} INFO - Brian Long
[2023-02-02T11:15:25.308+0000] {logging_mixin.py:137} INFO - Lisa Peterson
[2023-02-02T11:15:25.311+0000] {logging_mixin.py:137} INFO - Matthew Lee
[2023-02-02T11:15:25.314+0000] {logging_mixin.py:137} INFO - Bradley Miller
[2023-02-02T11:15:25.316+0000] {logging_mixin.py:137} INFO - Jeffrey Moss
[2023-02-02T11:15:25.325+0000] {logging_mixin.py:137} INFO - Sara Carlson
[2023-02-02T11:15:25.327+0000] {logging_mixin.py:137} INFO - Daniel Rodriguez
[2023-02-02T11:15:25.329+0000] {logging_mixin.py:137} INFO - Jeremy David
[2023-02-02T11:15:25.338+0000] {logging_mixin.py:137} INFO - Eric Green
[2023-02-02T11:15:25.340+0000] {logging_mixin.py:137} INFO - Alexis Jones
[2023-02-02T11:15:25.343+0000] {logging_mixin.py:137} INFO - Matthew Rose
[2023-02-02T11:15:25.344+0000] {logging_mixin.py:137} INFO - Catherine Anderson
[2023-02-02T11:15:25.350+0000] {logging_mixin.py:137} INFO - Holly Burton
[2023-02-02T11:15:25.354+0000] {logging_mixin.py:137} INFO - David Matthews
[2023-02-02T11:15:25.357+0000] {logging_mixin.py:137} INFO - Mrs. Kara Little
[2023-02-02T11:15:25.359+0000] {logging_mixin.py:137} INFO - Jeffrey Stanley
[2023-02-02T11:15:25.360+0000] {logging_mixin.py:137} INFO - James Ochoa
[2023-02-02T11:15:25.366+0000] {logging_mixin.py:137} INFO - Jason Frye
[2023-02-02T11:15:25.367+0000] {logging_mixin.py:137} INFO - Christopher Ellis
[2023-02-02T11:15:25.369+0000] {logging_mixin.py:137} INFO - Michelle Nixon
[2023-02-02T11:15:25.370+0000] {logging_mixin.py:137} INFO - Andrew Gill
[2023-02-02T11:15:25.372+0000] {logging_mixin.py:137} INFO - Jennifer Wilson
[2023-02-02T11:15:25.373+0000] {logging_mixin.py:137} INFO - Shawn Black
[2023-02-02T11:15:25.376+0000] {logging_mixin.py:137} INFO - April Patterson
[2023-02-02T11:15:25.377+0000] {logging_mixin.py:137} INFO - Troy Vaughn
[2023-02-02T11:15:25.378+0000] {logging_mixin.py:137} INFO - Alexandria White
[2023-02-02T11:15:25.380+0000] {logging_mixin.py:137} INFO - Scott Phillips
[2023-02-02T11:15:25.381+0000] {logging_mixin.py:137} INFO - Zachary Cisneros
[2023-02-02T11:15:25.382+0000] {logging_mixin.py:137} INFO - Deborah Brown
[2023-02-02T11:15:25.384+0000] {logging_mixin.py:137} INFO - Monica Moses
[2023-02-02T11:15:25.386+0000] {logging_mixin.py:137} INFO - Brenda Reyes
[2023-02-02T11:15:25.387+0000] {logging_mixin.py:137} INFO - Miss Renee Allen
[2023-02-02T11:15:25.390+0000] {logging_mixin.py:137} INFO - Susan Clark
[2023-02-02T11:15:25.394+0000] {logging_mixin.py:137} INFO - Brandy Coffey
[2023-02-02T11:15:25.396+0000] {logging_mixin.py:137} INFO - Brett Nelson
[2023-02-02T11:15:25.397+0000] {logging_mixin.py:137} INFO - Ricardo Young
[2023-02-02T11:15:25.403+0000] {logging_mixin.py:137} INFO - Paul Lee
[2023-02-02T11:15:25.405+0000] {logging_mixin.py:137} INFO - David Allen
[2023-02-02T11:15:25.407+0000] {logging_mixin.py:137} INFO - Andrea Knight
[2023-02-02T11:15:25.409+0000] {logging_mixin.py:137} INFO - James Gomez
[2023-02-02T11:15:25.410+0000] {logging_mixin.py:137} INFO - Melody Gibson
[2023-02-02T11:15:25.412+0000] {logging_mixin.py:137} INFO - Christina Martinez
[2023-02-02T11:15:25.413+0000] {logging_mixin.py:137} INFO - Shelby Smith
[2023-02-02T11:15:25.418+0000] {logging_mixin.py:137} INFO - Jason Howard
[2023-02-02T11:15:25.420+0000] {logging_mixin.py:137} INFO - Amy Davidson
[2023-02-02T11:15:25.422+0000] {logging_mixin.py:137} INFO - Kyle Copeland
[2023-02-02T11:15:25.423+0000] {logging_mixin.py:137} INFO - Madeline Davis
[2023-02-02T11:15:25.425+0000] {logging_mixin.py:137} INFO - Aaron Young
[2023-02-02T11:15:25.426+0000] {logging_mixin.py:137} INFO - Lisa Barrett
[2023-02-02T11:15:25.428+0000] {logging_mixin.py:137} INFO - Joel Jones
[2023-02-02T11:15:25.430+0000] {logging_mixin.py:137} INFO - Christine Evans
[2023-02-02T11:15:25.431+0000] {logging_mixin.py:137} INFO - Kimberly Johnson
[2023-02-02T11:15:25.433+0000] {logging_mixin.py:137} INFO - Charles Hess
[2023-02-02T11:15:25.434+0000] {logging_mixin.py:137} INFO - Paul Dixon
[2023-02-02T11:15:25.435+0000] {logging_mixin.py:137} INFO - Christopher Johnson
[2023-02-02T11:15:25.437+0000] {logging_mixin.py:137} INFO - Robert Dawson
[2023-02-02T11:15:25.445+0000] {logging_mixin.py:137} INFO - Ryan Dixon
[2023-02-02T11:15:25.447+0000] {logging_mixin.py:137} INFO - Julie Martinez
[2023-02-02T11:15:25.448+0000] {logging_mixin.py:137} INFO - David Adams
[2023-02-02T11:15:25.450+0000] {logging_mixin.py:137} INFO - Mariah Brown
[2023-02-02T11:15:25.451+0000] {logging_mixin.py:137} INFO - Deborah Malone
[2023-02-02T11:15:25.453+0000] {logging_mixin.py:137} INFO - John Brown
[2023-02-02T11:15:25.454+0000] {logging_mixin.py:137} INFO - Maria Stewart
[2023-02-02T11:15:25.455+0000] {logging_mixin.py:137} INFO - Mr. Bryan Hawkins
[2023-02-02T11:15:25.457+0000] {logging_mixin.py:137} INFO - Kyle Brooks
[2023-02-02T11:15:25.458+0000] {logging_mixin.py:137} INFO - Kenneth White
[2023-02-02T11:15:25.459+0000] {logging_mixin.py:137} INFO - Patricia Wilson
[2023-02-02T11:15:25.461+0000] {logging_mixin.py:137} INFO - Paul Soto
[2023-02-02T11:15:25.463+0000] {logging_mixin.py:137} INFO - Janice Garrett
[2023-02-02T11:15:25.472+0000] {logging_mixin.py:137} INFO - Randy Strickland
[2023-02-02T11:15:25.474+0000] {logging_mixin.py:137} INFO - Felicia Herrera
[2023-02-02T11:15:25.476+0000] {logging_mixin.py:137} INFO - Andre Campos
[2023-02-02T11:15:25.477+0000] {logging_mixin.py:137} INFO - Justin Meyer
[2023-02-02T11:15:25.479+0000] {logging_mixin.py:137} INFO - Brandon Brooks
[2023-02-02T11:15:25.481+0000] {logging_mixin.py:137} INFO - Abigail Rivera
[2023-02-02T11:15:25.482+0000] {logging_mixin.py:137} INFO - Jessica Mann
[2023-02-02T11:15:25.484+0000] {logging_mixin.py:137} INFO - Michael Sawyer
[2023-02-02T11:15:25.485+0000] {logging_mixin.py:137} INFO - Jeffrey Coleman
[2023-02-02T11:15:25.487+0000] {logging_mixin.py:137} INFO - Micheal Castro
[2023-02-02T11:15:25.489+0000] {logging_mixin.py:137} INFO - Laura Gonzalez
[2023-02-02T11:15:25.491+0000] {logging_mixin.py:137} INFO - Christopher Jackson
[2023-02-02T11:15:25.492+0000] {logging_mixin.py:137} INFO - William Mckenzie
[2023-02-02T11:15:25.494+0000] {logging_mixin.py:137} INFO - Kristina Rodriguez
[2023-02-02T11:15:25.495+0000] {logging_mixin.py:137} INFO - Kelli Williams
[2023-02-02T11:15:25.498+0000] {logging_mixin.py:137} INFO - Diane Norris
[2023-02-02T11:15:25.501+0000] {logging_mixin.py:137} INFO - Kevin Carroll
[2023-02-02T11:15:25.503+0000] {logging_mixin.py:137} INFO - Betty Weber
[2023-02-02T11:15:25.504+0000] {logging_mixin.py:137} INFO - Jeffery Robinson
[2023-02-02T11:15:25.506+0000] {logging_mixin.py:137} INFO - Hannah Cowan
[2023-02-02T11:15:25.508+0000] {logging_mixin.py:137} INFO - Brian Kramer
[2023-02-02T11:15:25.509+0000] {logging_mixin.py:137} INFO - Anthony Roberts
[2023-02-02T11:15:25.513+0000] {logging_mixin.py:137} INFO - Ricardo Blankenship
[2023-02-02T11:15:25.514+0000] {logging_mixin.py:137} INFO - Brooke Collins
[2023-02-02T11:15:25.516+0000] {logging_mixin.py:137} INFO - Tammy Lawson
[2023-02-02T11:15:25.517+0000] {logging_mixin.py:137} INFO - Cody Miller
[2023-02-02T11:15:25.519+0000] {logging_mixin.py:137} INFO - Dr. Janice Salazar
[2023-02-02T11:15:25.523+0000] {logging_mixin.py:137} INFO - David West
[2023-02-02T11:15:25.525+0000] {logging_mixin.py:137} INFO - Robin Carpenter
[2023-02-02T11:15:25.527+0000] {logging_mixin.py:137} INFO - Monique Wall
[2023-02-02T11:15:25.532+0000] {logging_mixin.py:137} INFO - Charles Cardenas
[2023-02-02T11:15:25.539+0000] {logging_mixin.py:137} INFO - Valerie Mitchell
[2023-02-02T11:15:25.541+0000] {logging_mixin.py:137} INFO - Michelle Valenzuela
[2023-02-02T11:15:25.543+0000] {logging_mixin.py:137} INFO - William Poole
[2023-02-02T11:15:25.549+0000] {logging_mixin.py:137} INFO - James Hall
[2023-02-02T11:15:25.552+0000] {logging_mixin.py:137} INFO - Dylan Carpenter
[2023-02-02T11:15:25.554+0000] {logging_mixin.py:137} INFO - Linda Medina
[2023-02-02T11:15:25.556+0000] {logging_mixin.py:137} INFO - Joan White
[2023-02-02T11:15:25.558+0000] {logging_mixin.py:137} INFO - Mary Klein
[2023-02-02T11:15:25.559+0000] {logging_mixin.py:137} INFO - Ashley Wolf
[2023-02-02T11:15:25.560+0000] {logging_mixin.py:137} INFO - William Reed
[2023-02-02T11:15:25.562+0000] {logging_mixin.py:137} INFO - Derek Harvey
[2023-02-02T11:15:25.565+0000] {logging_mixin.py:137} INFO - Kathleen Rodriguez
[2023-02-02T11:15:25.568+0000] {logging_mixin.py:137} INFO - Andrew Rodriguez
[2023-02-02T11:15:25.571+0000] {logging_mixin.py:137} INFO - Ariel Frank
[2023-02-02T11:15:25.572+0000] {logging_mixin.py:137} INFO - Tina French
[2023-02-02T11:15:25.573+0000] {logging_mixin.py:137} INFO - Brent Waller
[2023-02-02T11:15:25.575+0000] {logging_mixin.py:137} INFO - Kevin Allen
[2023-02-02T11:15:25.576+0000] {logging_mixin.py:137} INFO - Xavier Walker
[2023-02-02T11:15:25.577+0000] {logging_mixin.py:137} INFO - Michelle Sanchez
[2023-02-02T11:15:25.584+0000] {logging_mixin.py:137} INFO - Rachael Shepard
[2023-02-02T11:15:25.587+0000] {logging_mixin.py:137} INFO - Kelsey Johnson
[2023-02-02T11:15:25.589+0000] {logging_mixin.py:137} INFO - Nicole Webb
[2023-02-02T11:15:25.590+0000] {logging_mixin.py:137} INFO - Nicholas Rodriguez
[2023-02-02T11:15:25.591+0000] {logging_mixin.py:137} INFO - Eric Vaughan
[2023-02-02T11:15:25.601+0000] {logging_mixin.py:137} INFO - Amanda Richardson
[2023-02-02T11:15:25.603+0000] {logging_mixin.py:137} INFO - Janice Carlson
[2023-02-02T11:15:25.605+0000] {logging_mixin.py:137} INFO - Darryl Walsh
[2023-02-02T11:15:25.607+0000] {logging_mixin.py:137} INFO - Heather Johnson
[2023-02-02T11:15:25.610+0000] {logging_mixin.py:137} INFO - Mark Chambers
[2023-02-02T11:15:25.612+0000] {logging_mixin.py:137} INFO - Tracy Burns
[2023-02-02T11:15:25.613+0000] {logging_mixin.py:137} INFO - John Cole
[2023-02-02T11:15:25.614+0000] {logging_mixin.py:137} INFO - Deborah Silva
[2023-02-02T11:15:25.616+0000] {logging_mixin.py:137} INFO - Shawn Hernandez
[2023-02-02T11:15:25.618+0000] {logging_mixin.py:137} INFO - Bethany Meyer
[2023-02-02T11:15:25.622+0000] {logging_mixin.py:137} INFO - Helen Smith
[2023-02-02T11:15:25.626+0000] {logging_mixin.py:137} INFO - Dana Dennis
[2023-02-02T11:15:25.627+0000] {logging_mixin.py:137} INFO - Kelsey Camacho
[2023-02-02T11:15:25.629+0000] {logging_mixin.py:137} INFO - Matthew Thomas
[2023-02-02T11:15:25.630+0000] {logging_mixin.py:137} INFO - Brittany Arellano
[2023-02-02T11:15:25.633+0000] {logging_mixin.py:137} INFO - Stacey Jones
[2023-02-02T11:15:25.641+0000] {logging_mixin.py:137} INFO - William Weeks
[2023-02-02T11:15:25.646+0000] {logging_mixin.py:137} INFO - Mark Beasley
[2023-02-02T11:15:25.648+0000] {logging_mixin.py:137} INFO - Bruce Pena
[2023-02-02T11:15:25.650+0000] {logging_mixin.py:137} INFO - Jeffery Smith
[2023-02-02T11:15:25.653+0000] {logging_mixin.py:137} INFO - Ann Deleon
[2023-02-02T11:15:25.656+0000] {logging_mixin.py:137} INFO - Kevin Robertson
[2023-02-02T11:15:25.659+0000] {logging_mixin.py:137} INFO - Vincent Willis MD
[2023-02-02T11:15:25.661+0000] {logging_mixin.py:137} INFO - Michael Nielsen
[2023-02-02T11:15:25.663+0000] {logging_mixin.py:137} INFO - Walter Koch
[2023-02-02T11:15:25.664+0000] {logging_mixin.py:137} INFO - Brian Vega
[2023-02-02T11:15:25.666+0000] {logging_mixin.py:137} INFO - Jeffrey Medina
[2023-02-02T11:15:25.675+0000] {logging_mixin.py:137} INFO - Erika Banks
[2023-02-02T11:15:25.678+0000] {logging_mixin.py:137} INFO - Stacey Griffin
[2023-02-02T11:15:25.682+0000] {logging_mixin.py:137} INFO - Michael Marsh
[2023-02-02T11:15:25.685+0000] {logging_mixin.py:137} INFO - Molly White
[2023-02-02T11:15:25.686+0000] {logging_mixin.py:137} INFO - Matthew Morrison
[2023-02-02T11:15:25.693+0000] {logging_mixin.py:137} INFO - Amanda Burns
[2023-02-02T11:15:25.696+0000] {logging_mixin.py:137} INFO - Emily Gonzalez DDS
[2023-02-02T11:15:25.698+0000] {logging_mixin.py:137} INFO - Gregory King
[2023-02-02T11:15:25.701+0000] {logging_mixin.py:137} INFO - Dennis Evans
[2023-02-02T11:15:25.706+0000] {logging_mixin.py:137} INFO - Christina Snyder
[2023-02-02T11:15:25.711+0000] {logging_mixin.py:137} INFO - Carolyn Mata
[2023-02-02T11:15:25.713+0000] {logging_mixin.py:137} INFO - Brandy Lawson
[2023-02-02T11:15:25.714+0000] {logging_mixin.py:137} INFO - Briana Christian
[2023-02-02T11:15:25.716+0000] {logging_mixin.py:137} INFO - Jeffrey Hernandez
[2023-02-02T11:15:25.718+0000] {logging_mixin.py:137} INFO - John Riggs
[2023-02-02T11:15:25.720+0000] {logging_mixin.py:137} INFO - Barbara Short
[2023-02-02T11:15:25.722+0000] {logging_mixin.py:137} INFO - Steven Brooks
[2023-02-02T11:15:25.724+0000] {logging_mixin.py:137} INFO - Gabrielle James
[2023-02-02T11:15:25.729+0000] {logging_mixin.py:137} INFO - Robert Young
[2023-02-02T11:15:25.734+0000] {logging_mixin.py:137} INFO - Derek Sanders
[2023-02-02T11:15:25.738+0000] {logging_mixin.py:137} INFO - Mallory Oliver
[2023-02-02T11:15:25.744+0000] {logging_mixin.py:137} INFO - Terry Howe
[2023-02-02T11:15:25.749+0000] {logging_mixin.py:137} INFO - Samuel Wallace
[2023-02-02T11:15:25.752+0000] {logging_mixin.py:137} INFO - Angel Jones
[2023-02-02T11:15:25.754+0000] {logging_mixin.py:137} INFO - Jacqueline Nichols
[2023-02-02T11:15:25.756+0000] {logging_mixin.py:137} INFO - Melissa Mcgee
[2023-02-02T11:15:25.759+0000] {logging_mixin.py:137} INFO - Michelle Smith
[2023-02-02T11:15:25.765+0000] {logging_mixin.py:137} INFO - Maureen Baxter
[2023-02-02T11:15:25.771+0000] {logging_mixin.py:137} INFO - Kathy Crawford
[2023-02-02T11:15:25.780+0000] {logging_mixin.py:137} INFO - Stacy Wood
[2023-02-02T11:15:25.785+0000] {logging_mixin.py:137} INFO - Justin Parsons
[2023-02-02T11:15:25.789+0000] {logging_mixin.py:137} INFO - Ann Klein
[2023-02-02T11:15:25.794+0000] {logging_mixin.py:137} INFO - Allison Arnold
[2023-02-02T11:15:25.795+0000] {logging_mixin.py:137} INFO - Heather Kirk
[2023-02-02T11:15:25.798+0000] {logging_mixin.py:137} INFO - Monica Smith
[2023-02-02T11:15:25.801+0000] {logging_mixin.py:137} INFO - Brett Oconnor
[2023-02-02T11:15:25.806+0000] {logging_mixin.py:137} INFO - Anthony Bryant
[2023-02-02T11:15:25.810+0000] {logging_mixin.py:137} INFO - Jeremy Russell
[2023-02-02T11:15:25.817+0000] {logging_mixin.py:137} INFO - Julie Poole
[2023-02-02T11:15:25.827+0000] {logging_mixin.py:137} INFO - Emma Thompson
[2023-02-02T11:15:25.832+0000] {logging_mixin.py:137} INFO - Bradley Matthews
[2023-02-02T11:15:25.835+0000] {logging_mixin.py:137} INFO - William Roberts
[2023-02-02T11:15:25.842+0000] {logging_mixin.py:137} INFO - Julie Mooney
[2023-02-02T11:15:25.845+0000] {logging_mixin.py:137} INFO - Amy Doyle
[2023-02-02T11:15:25.852+0000] {logging_mixin.py:137} INFO - Amanda Grant
[2023-02-02T11:15:25.853+0000] {logging_mixin.py:137} INFO - Eric Anderson
[2023-02-02T11:15:25.856+0000] {logging_mixin.py:137} INFO - George Thompson
[2023-02-02T11:15:25.857+0000] {logging_mixin.py:137} INFO - Dustin Hines
[2023-02-02T11:15:25.860+0000] {logging_mixin.py:137} INFO - Andrea Frank
[2023-02-02T11:15:25.862+0000] {logging_mixin.py:137} INFO - Jodi Cook
[2023-02-02T11:15:25.863+0000] {logging_mixin.py:137} INFO - Stacy Haney
[2023-02-02T11:15:25.864+0000] {logging_mixin.py:137} INFO - Paul Callahan
[2023-02-02T11:15:25.875+0000] {logging_mixin.py:137} INFO - Jasmine Chambers
[2023-02-02T11:15:25.876+0000] {logging_mixin.py:137} INFO - Melissa Pittman MD
[2023-02-02T11:15:25.882+0000] {logging_mixin.py:137} INFO - Deborah Larson
[2023-02-02T11:15:25.884+0000] {logging_mixin.py:137} INFO - Brandon Shaw
[2023-02-02T11:15:25.889+0000] {logging_mixin.py:137} INFO - Timothy Paul
[2023-02-02T11:15:25.891+0000] {logging_mixin.py:137} INFO - Michael Trujillo
[2023-02-02T11:15:25.893+0000] {logging_mixin.py:137} INFO - Robert Rivera
[2023-02-02T11:15:25.895+0000] {logging_mixin.py:137} INFO - Dana Nelson
[2023-02-02T11:15:25.899+0000] {logging_mixin.py:137} INFO - Andrea Bennett
[2023-02-02T11:15:25.904+0000] {logging_mixin.py:137} INFO - Jodi Fox
[2023-02-02T11:15:25.907+0000] {logging_mixin.py:137} INFO - Heather Hayes
[2023-02-02T11:15:25.909+0000] {logging_mixin.py:137} INFO - Jennifer Moreno
[2023-02-02T11:15:25.912+0000] {logging_mixin.py:137} INFO - John Patel
[2023-02-02T11:15:25.920+0000] {logging_mixin.py:137} INFO - Teresa Oliver
[2023-02-02T11:15:25.923+0000] {logging_mixin.py:137} INFO - Monique Bell
[2023-02-02T11:15:25.927+0000] {logging_mixin.py:137} INFO - Casey Leonard
[2023-02-02T11:15:25.931+0000] {logging_mixin.py:137} INFO - Steven Clark
[2023-02-02T11:15:25.933+0000] {logging_mixin.py:137} INFO - Edward Martin
[2023-02-02T11:15:25.939+0000] {logging_mixin.py:137} INFO - Shawn Orozco
[2023-02-02T11:15:25.943+0000] {logging_mixin.py:137} INFO - Brandon Yang
[2023-02-02T11:15:25.944+0000] {logging_mixin.py:137} INFO - Nathan Ray
[2023-02-02T11:15:25.946+0000] {logging_mixin.py:137} INFO - Lori Moore
[2023-02-02T11:15:25.947+0000] {logging_mixin.py:137} INFO - Dr. Lisa Shaw DVM
[2023-02-02T11:15:25.949+0000] {logging_mixin.py:137} INFO - Angela Walters
[2023-02-02T11:15:25.950+0000] {logging_mixin.py:137} INFO - David Nolan
[2023-02-02T11:15:25.952+0000] {logging_mixin.py:137} INFO - William Ramsey
[2023-02-02T11:15:25.955+0000] {logging_mixin.py:137} INFO - David Oconnor
[2023-02-02T11:15:25.956+0000] {logging_mixin.py:137} INFO - Mark Washington
[2023-02-02T11:15:25.962+0000] {logging_mixin.py:137} INFO - Jennifer Jacobs
[2023-02-02T11:15:25.964+0000] {logging_mixin.py:137} INFO - Tammy Hampton
[2023-02-02T11:15:25.965+0000] {logging_mixin.py:137} INFO - Stephen Farmer
[2023-02-02T11:15:25.967+0000] {logging_mixin.py:137} INFO - Jasmine Nguyen
[2023-02-02T11:15:25.968+0000] {logging_mixin.py:137} INFO - Rebecca Flores
[2023-02-02T11:15:25.969+0000] {logging_mixin.py:137} INFO - Tyler Davis
[2023-02-02T11:15:25.971+0000] {logging_mixin.py:137} INFO - Nancy Gray
[2023-02-02T11:15:25.974+0000] {logging_mixin.py:137} INFO - Brian Sanchez
[2023-02-02T11:15:25.976+0000] {logging_mixin.py:137} INFO - Laurie Shaw
[2023-02-02T11:15:25.979+0000] {logging_mixin.py:137} INFO - Kristina Torres
[2023-02-02T11:15:25.992+0000] {logging_mixin.py:137} INFO - Andrea Rodgers
[2023-02-02T11:15:26.003+0000] {logging_mixin.py:137} INFO - Jason Walters
[2023-02-02T11:15:26.006+0000] {logging_mixin.py:137} INFO - Jerry Moss
[2023-02-02T11:15:26.009+0000] {logging_mixin.py:137} INFO - Jeffrey Jordan
[2023-02-02T11:15:26.016+0000] {logging_mixin.py:137} INFO - Jennifer Wilson
[2023-02-02T11:15:26.023+0000] {logging_mixin.py:137} INFO - Trevor Mathews
[2023-02-02T11:15:26.035+0000] {logging_mixin.py:137} INFO - Anne Hood
[2023-02-02T11:15:26.038+0000] {logging_mixin.py:137} INFO - Sarah Williams
[2023-02-02T11:15:26.045+0000] {logging_mixin.py:137} INFO - Shelby Hernandez
[2023-02-02T11:15:26.049+0000] {logging_mixin.py:137} INFO - Samantha Velez
[2023-02-02T11:15:26.053+0000] {logging_mixin.py:137} INFO - Matthew Douglas
[2023-02-02T11:15:26.055+0000] {logging_mixin.py:137} INFO - Ashlee George
[2023-02-02T11:15:26.058+0000] {logging_mixin.py:137} INFO - Troy Crane
[2023-02-02T11:15:26.060+0000] {logging_mixin.py:137} INFO - Michael Cooper
[2023-02-02T11:15:26.063+0000] {logging_mixin.py:137} INFO - Michael White
[2023-02-02T11:15:26.067+0000] {logging_mixin.py:137} INFO - Mr. Timothy Fleming
[2023-02-02T11:15:26.069+0000] {logging_mixin.py:137} INFO - Seth Bruce
[2023-02-02T11:15:26.071+0000] {logging_mixin.py:137} INFO - Jacqueline Carpenter
[2023-02-02T11:15:26.073+0000] {logging_mixin.py:137} INFO - Michael Martin
[2023-02-02T11:15:26.078+0000] {logging_mixin.py:137} INFO - Kristopher Henry
[2023-02-02T11:15:26.080+0000] {logging_mixin.py:137} INFO - Tiffany Porter
[2023-02-02T11:15:26.081+0000] {logging_mixin.py:137} INFO - Stacy Simpson
[2023-02-02T11:15:26.084+0000] {logging_mixin.py:137} INFO - Tammy Mcdowell
[2023-02-02T11:15:26.086+0000] {logging_mixin.py:137} INFO - Thomas Walters
[2023-02-02T11:15:26.089+0000] {logging_mixin.py:137} INFO - Dwayne Thompson
[2023-02-02T11:15:26.091+0000] {logging_mixin.py:137} INFO - Natalie Willis
[2023-02-02T11:15:26.097+0000] {logging_mixin.py:137} INFO - Sharon Taylor
[2023-02-02T11:15:26.098+0000] {logging_mixin.py:137} INFO - Sarah Wiggins
[2023-02-02T11:15:26.102+0000] {logging_mixin.py:137} INFO - Amber Thomas
[2023-02-02T11:15:26.106+0000] {logging_mixin.py:137} INFO - Patrick Miller
[2023-02-02T11:15:26.108+0000] {logging_mixin.py:137} INFO - Stephanie Hartman
[2023-02-02T11:15:26.110+0000] {logging_mixin.py:137} INFO - Stacey Mora
[2023-02-02T11:15:26.118+0000] {logging_mixin.py:137} INFO - Katherine Rodriguez
[2023-02-02T11:15:26.121+0000] {logging_mixin.py:137} INFO - Daniel Morgan
[2023-02-02T11:15:26.125+0000] {logging_mixin.py:137} INFO - Rebecca Martinez
[2023-02-02T11:15:26.127+0000] {logging_mixin.py:137} INFO - Nicole Juarez
[2023-02-02T11:15:26.131+0000] {logging_mixin.py:137} INFO - Mark Arroyo
[2023-02-02T11:15:26.134+0000] {logging_mixin.py:137} INFO - April Lucero
[2023-02-02T11:15:26.146+0000] {logging_mixin.py:137} INFO - Samantha Garcia
[2023-02-02T11:15:26.152+0000] {logging_mixin.py:137} INFO - Jon Moore
[2023-02-02T11:15:26.155+0000] {logging_mixin.py:137} INFO - Joshua Flores MD
[2023-02-02T11:15:26.158+0000] {logging_mixin.py:137} INFO - Raymond Jones
[2023-02-02T11:15:26.162+0000] {logging_mixin.py:137} INFO - Billy Hughes
[2023-02-02T11:15:26.173+0000] {logging_mixin.py:137} INFO - Peggy Valdez PhD
[2023-02-02T11:15:26.175+0000] {logging_mixin.py:137} INFO - Joshua Reyes
[2023-02-02T11:15:26.177+0000] {logging_mixin.py:137} INFO - Aaron Green
[2023-02-02T11:15:26.179+0000] {logging_mixin.py:137} INFO - Wendy Espinoza
[2023-02-02T11:15:26.184+0000] {logging_mixin.py:137} INFO - Peter Vasquez
[2023-02-02T11:15:26.190+0000] {logging_mixin.py:137} INFO - Diane Harper
[2023-02-02T11:15:26.203+0000] {logging_mixin.py:137} INFO - Ms. Rebecca Cantu
[2023-02-02T11:15:26.205+0000] {logging_mixin.py:137} INFO - Yolanda Morrow
[2023-02-02T11:15:26.208+0000] {logging_mixin.py:137} INFO - Penny Beard
[2023-02-02T11:15:26.210+0000] {logging_mixin.py:137} INFO - Lisa Long
[2023-02-02T11:15:26.216+0000] {logging_mixin.py:137} INFO - Jerry Harris
[2023-02-02T11:15:26.226+0000] {logging_mixin.py:137} INFO - Bob Willis
[2023-02-02T11:15:26.228+0000] {logging_mixin.py:137} INFO - Duane Chapman
[2023-02-02T11:15:26.230+0000] {logging_mixin.py:137} INFO - William Morgan
[2023-02-02T11:15:26.242+0000] {logging_mixin.py:137} INFO - Amy Gutierrez
[2023-02-02T11:15:26.267+0000] {logging_mixin.py:137} INFO - Amber Nichols
[2023-02-02T11:15:26.291+0000] {logging_mixin.py:137} INFO - Matthew Carr
[2023-02-02T11:15:26.304+0000] {logging_mixin.py:137} INFO - Thomas Duncan
[2023-02-02T11:15:26.308+0000] {logging_mixin.py:137} INFO - Elizabeth Wright
[2023-02-02T11:15:26.394+0000] {logging_mixin.py:137} INFO - Jacqueline Brewer
[2023-02-02T11:15:26.406+0000] {logging_mixin.py:137} INFO - Stephanie Johnson
[2023-02-02T11:15:26.409+0000] {logging_mixin.py:137} INFO - Samantha Calderon
[2023-02-02T11:15:26.412+0000] {logging_mixin.py:137} INFO - Kathryn Gaines
[2023-02-02T11:15:26.416+0000] {logging_mixin.py:137} INFO - Angel Jones
[2023-02-02T11:15:26.421+0000] {logging_mixin.py:137} INFO - Laura Wall
[2023-02-02T11:15:26.432+0000] {logging_mixin.py:137} INFO - Mr. Anthony Hamilton
[2023-02-02T11:15:26.439+0000] {logging_mixin.py:137} INFO - David Smith
[2023-02-02T11:15:26.447+0000] {logging_mixin.py:137} INFO - Kimberly Herrera DDS
[2023-02-02T11:15:26.460+0000] {logging_mixin.py:137} INFO - Gina Wilson
[2023-02-02T11:15:26.468+0000] {logging_mixin.py:137} INFO - Timothy Byrd
[2023-02-02T11:15:26.472+0000] {logging_mixin.py:137} INFO - Michael Mckenzie
[2023-02-02T11:15:26.476+0000] {logging_mixin.py:137} INFO - Jeffrey Mcintyre
[2023-02-02T11:15:26.480+0000] {logging_mixin.py:137} INFO - Teresa Jackson
[2023-02-02T11:15:26.488+0000] {logging_mixin.py:137} INFO - Joseph Wilcox
[2023-02-02T11:15:26.505+0000] {logging_mixin.py:137} INFO - Patrick Mcknight
[2023-02-02T11:15:26.510+0000] {logging_mixin.py:137} INFO - Ronald Moreno
[2023-02-02T11:15:26.512+0000] {logging_mixin.py:137} INFO - Jamie Sullivan
[2023-02-02T11:15:26.519+0000] {logging_mixin.py:137} INFO - Jason Anderson
[2023-02-02T11:15:26.530+0000] {logging_mixin.py:137} INFO - Steven Stewart
[2023-02-02T11:15:26.532+0000] {logging_mixin.py:137} INFO - Melinda Paul
[2023-02-02T11:15:26.538+0000] {logging_mixin.py:137} INFO - Cynthia Simmons
[2023-02-02T11:15:26.548+0000] {logging_mixin.py:137} INFO - Christian Smith
[2023-02-02T11:15:26.551+0000] {logging_mixin.py:137} INFO - William Jimenez
[2023-02-02T11:15:26.557+0000] {logging_mixin.py:137} INFO - Hayley French
[2023-02-02T11:15:26.563+0000] {logging_mixin.py:137} INFO - Brandon Hess
[2023-02-02T11:15:26.579+0000] {logging_mixin.py:137} INFO - Laura Perry
[2023-02-02T11:15:26.583+0000] {logging_mixin.py:137} INFO - Scott Jones
[2023-02-02T11:15:26.587+0000] {logging_mixin.py:137} INFO - Christine Hernandez
[2023-02-02T11:15:26.590+0000] {logging_mixin.py:137} INFO - Douglas Eaton
[2023-02-02T11:15:26.593+0000] {logging_mixin.py:137} INFO - William Soto
[2023-02-02T11:15:26.594+0000] {logging_mixin.py:137} INFO - Mary Jones
[2023-02-02T11:15:26.596+0000] {logging_mixin.py:137} INFO - Stephanie Holmes
[2023-02-02T11:15:26.598+0000] {logging_mixin.py:137} INFO - Keith Meyers
[2023-02-02T11:15:26.605+0000] {logging_mixin.py:137} INFO - Paul Fisher
[2023-02-02T11:15:26.606+0000] {logging_mixin.py:137} INFO - Emily Alexander
[2023-02-02T11:15:26.607+0000] {logging_mixin.py:137} INFO - Anthony Schwartz
[2023-02-02T11:15:26.612+0000] {logging_mixin.py:137} INFO - Evelyn Jacobs
[2023-02-02T11:15:26.614+0000] {logging_mixin.py:137} INFO - Connie Jones
[2023-02-02T11:15:26.616+0000] {logging_mixin.py:137} INFO - Carla Gibbs
[2023-02-02T11:15:26.617+0000] {logging_mixin.py:137} INFO - Ashley Santiago
[2023-02-02T11:15:26.619+0000] {logging_mixin.py:137} INFO - Micheal Mckee
[2023-02-02T11:15:26.624+0000] {logging_mixin.py:137} INFO - Diane Williams
[2023-02-02T11:15:26.626+0000] {logging_mixin.py:137} INFO - Jesse Velasquez
[2023-02-02T11:15:26.629+0000] {logging_mixin.py:137} INFO - Jennifer Rodriguez
[2023-02-02T11:15:26.630+0000] {logging_mixin.py:137} INFO - Joe Griffin
[2023-02-02T11:15:26.632+0000] {logging_mixin.py:137} INFO - Gary Cherry
[2023-02-02T11:15:26.634+0000] {logging_mixin.py:137} INFO - Alyssa Edwards
[2023-02-02T11:15:26.637+0000] {logging_mixin.py:137} INFO - Caroline Hernandez MD
[2023-02-02T11:15:26.639+0000] {logging_mixin.py:137} INFO - Jessica Morton
[2023-02-02T11:15:26.646+0000] {logging_mixin.py:137} INFO - Holly Jones
[2023-02-02T11:15:26.651+0000] {logging_mixin.py:137} INFO - David Shelton
[2023-02-02T11:15:26.655+0000] {logging_mixin.py:137} INFO - Kristina Parks
[2023-02-02T11:15:26.663+0000] {logging_mixin.py:137} INFO - Laurie Hernandez
[2023-02-02T11:15:26.673+0000] {logging_mixin.py:137} INFO - Melissa James
[2023-02-02T11:15:26.682+0000] {logging_mixin.py:137} INFO - Jeremiah Adams
[2023-02-02T11:15:26.689+0000] {logging_mixin.py:137} INFO - Arthur Robinson
[2023-02-02T11:15:26.694+0000] {logging_mixin.py:137} INFO - Anna Shepard
[2023-02-02T11:15:26.696+0000] {logging_mixin.py:137} INFO - Brandon Myers
[2023-02-02T11:15:26.702+0000] {logging_mixin.py:137} INFO - Paul Cardenas
[2023-02-02T11:15:26.705+0000] {logging_mixin.py:137} INFO - Megan Santana
[2023-02-02T11:15:26.709+0000] {logging_mixin.py:137} INFO - Joseph Marshall
[2023-02-02T11:15:26.711+0000] {logging_mixin.py:137} INFO - Mrs. Brenda Harris
[2023-02-02T11:15:26.712+0000] {logging_mixin.py:137} INFO - Nicole Garcia
[2023-02-02T11:15:26.714+0000] {logging_mixin.py:137} INFO - Anna Estrada
[2023-02-02T11:15:26.718+0000] {logging_mixin.py:137} INFO - Carl Moore
[2023-02-02T11:15:26.721+0000] {logging_mixin.py:137} INFO - Rodney Hernandez
[2023-02-02T11:15:26.723+0000] {logging_mixin.py:137} INFO - Madison Christian
[2023-02-02T11:15:26.729+0000] {logging_mixin.py:137} INFO - Heather Rhodes
[2023-02-02T11:15:26.737+0000] {python.py:177} INFO - Done. Returned value was: None
[2023-02-02T11:15:26.783+0000] {taskinstance.py:1323} INFO - Marking task as SUCCESS. dag_id=CSV_DAG, task_id=convertCSVToJson, execution_date=20230202T103500, start_date=20230202T111520, end_date=20230202T111526
[2023-02-02T11:15:26.861+0000] {local_task_job.py:208} INFO - Task exited with return code 0
[2023-02-02T11:15:26.885+0000] {taskinstance.py:2578} INFO - 0 downstream tasks scheduled from follow-on schedule check
