[2023-02-02T10:04:05.539+0000] {taskinstance.py:1083} INFO - Dependencies all met for <TaskInstance: CSV_DAG.convertCSVToJson scheduled__2023-02-02T09:05:00+00:00 [queued]>
[2023-02-02T10:04:05.617+0000] {taskinstance.py:1083} INFO - Dependencies all met for <TaskInstance: CSV_DAG.convertCSVToJson scheduled__2023-02-02T09:05:00+00:00 [queued]>
[2023-02-02T10:04:05.618+0000] {taskinstance.py:1279} INFO - 
--------------------------------------------------------------------------------
[2023-02-02T10:04:05.620+0000] {taskinstance.py:1280} INFO - Starting attempt 1 of 2
[2023-02-02T10:04:05.627+0000] {taskinstance.py:1281} INFO - 
--------------------------------------------------------------------------------
[2023-02-02T10:04:05.681+0000] {taskinstance.py:1300} INFO - Executing <Task(PythonOperator): convertCSVToJson> on 2023-02-02 09:05:00+00:00
[2023-02-02T10:04:05.711+0000] {standard_task_runner.py:82} INFO - Running: ['***', 'tasks', 'run', 'CSV_DAG', 'convertCSVToJson', 'scheduled__2023-02-02T09:05:00+00:00', '--job-id', '827', '--raw', '--subdir', 'DAGS_FOLDER/csv.py', '--cfg-path', '/tmp/tmpcfwsfsvh']
[2023-02-02T10:04:05.700+0000] {standard_task_runner.py:55} INFO - Started process 1458 to run task
[2023-02-02T10:04:05.715+0000] {standard_task_runner.py:83} INFO - Job 827: Subtask convertCSVToJson
[2023-02-02T10:04:06.021+0000] {task_command.py:388} INFO - Running <TaskInstance: CSV_DAG.convertCSVToJson scheduled__2023-02-02T09:05:00+00:00 [running]> on host 06d8060e8530
[2023-02-02T10:04:06.380+0000] {taskinstance.py:1509} INFO - Exporting the following env vars:
AIRFLOW_CTX_DAG_OWNER=Kevin Chalmers
AIRFLOW_CTX_DAG_ID=CSV_DAG
AIRFLOW_CTX_TASK_ID=convertCSVToJson
AIRFLOW_CTX_EXECUTION_DATE=2023-02-02T09:05:00+00:00
AIRFLOW_CTX_TRY_NUMBER=1
AIRFLOW_CTX_DAG_RUN_ID=scheduled__2023-02-02T09:05:00+00:00
[2023-02-02T10:04:06.421+0000] {logging_mixin.py:137} INFO - Angelica Lopez
[2023-02-02T10:04:06.426+0000] {logging_mixin.py:137} INFO - Betty Wright
[2023-02-02T10:04:06.430+0000] {logging_mixin.py:137} INFO - Sara Schmidt
[2023-02-02T10:04:06.436+0000] {logging_mixin.py:137} INFO - Dr. Sherry Rodriguez
[2023-02-02T10:04:06.438+0000] {logging_mixin.py:137} INFO - Rebecca Mills
[2023-02-02T10:04:06.440+0000] {logging_mixin.py:137} INFO - Andrew Anderson
[2023-02-02T10:04:06.442+0000] {logging_mixin.py:137} INFO - Martin Everett
[2023-02-02T10:04:06.443+0000] {logging_mixin.py:137} INFO - Felicia Gregory
[2023-02-02T10:04:06.452+0000] {logging_mixin.py:137} INFO - Kara Bowers
[2023-02-02T10:04:06.457+0000] {logging_mixin.py:137} INFO - Vincent Vincent
[2023-02-02T10:04:06.464+0000] {logging_mixin.py:137} INFO - Morgan Butler
[2023-02-02T10:04:06.468+0000] {logging_mixin.py:137} INFO - Stephen Riley
[2023-02-02T10:04:06.472+0000] {logging_mixin.py:137} INFO - Wanda Thomas
[2023-02-02T10:04:06.475+0000] {logging_mixin.py:137} INFO - Michelle Schultz
[2023-02-02T10:04:06.485+0000] {logging_mixin.py:137} INFO - Christopher Rush MD
[2023-02-02T10:04:06.490+0000] {logging_mixin.py:137} INFO - Phyllis Miles
[2023-02-02T10:04:06.492+0000] {logging_mixin.py:137} INFO - Rebecca Price
[2023-02-02T10:04:06.494+0000] {logging_mixin.py:137} INFO - John Morse
[2023-02-02T10:04:06.502+0000] {logging_mixin.py:137} INFO - Nicholas Sanchez
[2023-02-02T10:04:06.506+0000] {logging_mixin.py:137} INFO - Crystal Dean
[2023-02-02T10:04:06.509+0000] {logging_mixin.py:137} INFO - Tyler Diaz
[2023-02-02T10:04:06.511+0000] {logging_mixin.py:137} INFO - Denise Mclean
[2023-02-02T10:04:06.514+0000] {logging_mixin.py:137} INFO - Daniel Grant
[2023-02-02T10:04:06.517+0000] {logging_mixin.py:137} INFO - Sandra Peterson
[2023-02-02T10:04:06.530+0000] {logging_mixin.py:137} INFO - Denise Morse
[2023-02-02T10:04:06.532+0000] {logging_mixin.py:137} INFO - Brianna Smith
[2023-02-02T10:04:06.533+0000] {logging_mixin.py:137} INFO - Tony Miller
[2023-02-02T10:04:06.536+0000] {logging_mixin.py:137} INFO - Jean Booth
[2023-02-02T10:04:06.537+0000] {logging_mixin.py:137} INFO - Penny Salazar
[2023-02-02T10:04:06.539+0000] {logging_mixin.py:137} INFO - Cathy Williams
[2023-02-02T10:04:06.541+0000] {logging_mixin.py:137} INFO - Hannah Collins
[2023-02-02T10:04:06.544+0000] {logging_mixin.py:137} INFO - Maurice Casey
[2023-02-02T10:04:06.548+0000] {logging_mixin.py:137} INFO - Patrick Walker
[2023-02-02T10:04:06.552+0000] {logging_mixin.py:137} INFO - Pamela Barton
[2023-02-02T10:04:06.556+0000] {logging_mixin.py:137} INFO - Anthony Bryant
[2023-02-02T10:04:06.559+0000] {logging_mixin.py:137} INFO - Andrew Harris
[2023-02-02T10:04:06.564+0000] {logging_mixin.py:137} INFO - Aaron Harris
[2023-02-02T10:04:06.568+0000] {logging_mixin.py:137} INFO - Maureen Soto
[2023-02-02T10:04:06.579+0000] {logging_mixin.py:137} INFO - Crystal Mcdaniel
[2023-02-02T10:04:06.582+0000] {logging_mixin.py:137} INFO - Lauren Barrett
[2023-02-02T10:04:06.586+0000] {logging_mixin.py:137} INFO - Brandon Perez
[2023-02-02T10:04:06.590+0000] {logging_mixin.py:137} INFO - Mark Robertson
[2023-02-02T10:04:06.592+0000] {logging_mixin.py:137} INFO - Nicole Gates
[2023-02-02T10:04:06.600+0000] {logging_mixin.py:137} INFO - Bradley Cruz
[2023-02-02T10:04:06.601+0000] {logging_mixin.py:137} INFO - Gina Burns
[2023-02-02T10:04:06.607+0000] {logging_mixin.py:137} INFO - Zachary Martinez
[2023-02-02T10:04:06.610+0000] {logging_mixin.py:137} INFO - Natasha Johnson
[2023-02-02T10:04:06.614+0000] {logging_mixin.py:137} INFO - Patrick Gonzales
[2023-02-02T10:04:06.616+0000] {logging_mixin.py:137} INFO - Terri Wilson
[2023-02-02T10:04:06.619+0000] {logging_mixin.py:137} INFO - Sarah Lopez
[2023-02-02T10:04:06.621+0000] {logging_mixin.py:137} INFO - Dana Turner
[2023-02-02T10:04:06.627+0000] {logging_mixin.py:137} INFO - Cynthia Johnson
[2023-02-02T10:04:06.632+0000] {logging_mixin.py:137} INFO - William Thornton
[2023-02-02T10:04:06.634+0000] {logging_mixin.py:137} INFO - James Lee
[2023-02-02T10:04:06.638+0000] {logging_mixin.py:137} INFO - Stephen Allen
[2023-02-02T10:04:06.642+0000] {logging_mixin.py:137} INFO - William Stark
[2023-02-02T10:04:06.650+0000] {logging_mixin.py:137} INFO - Michael Parker
[2023-02-02T10:04:06.654+0000] {logging_mixin.py:137} INFO - Lisa Stephens
[2023-02-02T10:04:06.660+0000] {logging_mixin.py:137} INFO - Mr. Reginald Wise DDS
[2023-02-02T10:04:06.662+0000] {logging_mixin.py:137} INFO - Alexander James
[2023-02-02T10:04:06.670+0000] {logging_mixin.py:137} INFO - Kristen West
[2023-02-02T10:04:06.672+0000] {logging_mixin.py:137} INFO - Elizabeth Sanchez
[2023-02-02T10:04:06.674+0000] {logging_mixin.py:137} INFO - Jennifer Wilson
[2023-02-02T10:04:06.675+0000] {logging_mixin.py:137} INFO - Catherine Nicholson
[2023-02-02T10:04:06.677+0000] {logging_mixin.py:137} INFO - David Henderson
[2023-02-02T10:04:06.678+0000] {logging_mixin.py:137} INFO - Stephen Davis
[2023-02-02T10:04:06.680+0000] {logging_mixin.py:137} INFO - Paul Skinner
[2023-02-02T10:04:06.681+0000] {logging_mixin.py:137} INFO - Rebecca Wong
[2023-02-02T10:04:06.683+0000] {logging_mixin.py:137} INFO - Tara Benitez
[2023-02-02T10:04:06.688+0000] {logging_mixin.py:137} INFO - Sharon Miller
[2023-02-02T10:04:06.691+0000] {logging_mixin.py:137} INFO - Cynthia Smith
[2023-02-02T10:04:06.694+0000] {logging_mixin.py:137} INFO - Jennifer Werner
[2023-02-02T10:04:06.697+0000] {logging_mixin.py:137} INFO - Rebecca Tucker
[2023-02-02T10:04:06.699+0000] {logging_mixin.py:137} INFO - Ashlee Castillo
[2023-02-02T10:04:06.702+0000] {logging_mixin.py:137} INFO - Christopher Holmes
[2023-02-02T10:04:06.707+0000] {logging_mixin.py:137} INFO - Daniel Velez
[2023-02-02T10:04:06.710+0000] {logging_mixin.py:137} INFO - Amy Serrano
[2023-02-02T10:04:06.717+0000] {logging_mixin.py:137} INFO - Alison Nash
[2023-02-02T10:04:06.719+0000] {logging_mixin.py:137} INFO - Peter Johnson
[2023-02-02T10:04:06.724+0000] {logging_mixin.py:137} INFO - Breanna Harris
[2023-02-02T10:04:06.735+0000] {logging_mixin.py:137} INFO - Eric King
[2023-02-02T10:04:06.742+0000] {logging_mixin.py:137} INFO - Patricia Oliver
[2023-02-02T10:04:06.747+0000] {logging_mixin.py:137} INFO - Denise Grimes
[2023-02-02T10:04:06.749+0000] {logging_mixin.py:137} INFO - Jill Olson
[2023-02-02T10:04:06.754+0000] {logging_mixin.py:137} INFO - Stephanie Hart
[2023-02-02T10:04:06.760+0000] {logging_mixin.py:137} INFO - Ashley Lee
[2023-02-02T10:04:06.771+0000] {logging_mixin.py:137} INFO - Kelly Barnes
[2023-02-02T10:04:06.791+0000] {logging_mixin.py:137} INFO - Christie West
[2023-02-02T10:04:06.793+0000] {logging_mixin.py:137} INFO - Todd Nolan
[2023-02-02T10:04:06.797+0000] {logging_mixin.py:137} INFO - Sarah Reed
[2023-02-02T10:04:06.799+0000] {logging_mixin.py:137} INFO - Jennifer Keith
[2023-02-02T10:04:06.803+0000] {logging_mixin.py:137} INFO - Shawn Alvarez
[2023-02-02T10:04:06.806+0000] {logging_mixin.py:137} INFO - Alexander Wilson
[2023-02-02T10:04:06.811+0000] {logging_mixin.py:137} INFO - Rachel Melendez
[2023-02-02T10:04:06.818+0000] {logging_mixin.py:137} INFO - Morgan Walters
[2023-02-02T10:04:06.820+0000] {logging_mixin.py:137} INFO - Nicole Garcia
[2023-02-02T10:04:06.824+0000] {logging_mixin.py:137} INFO - Jennifer White
[2023-02-02T10:04:06.826+0000] {logging_mixin.py:137} INFO - Leslie Shannon
[2023-02-02T10:04:06.827+0000] {logging_mixin.py:137} INFO - Lisa Clayton
[2023-02-02T10:04:06.829+0000] {logging_mixin.py:137} INFO - Zachary Molina
[2023-02-02T10:04:06.832+0000] {logging_mixin.py:137} INFO - Bruce Butler
[2023-02-02T10:04:06.837+0000] {logging_mixin.py:137} INFO - Dustin Howell
[2023-02-02T10:04:06.840+0000] {logging_mixin.py:137} INFO - Aaron Smith
[2023-02-02T10:04:06.851+0000] {logging_mixin.py:137} INFO - Kyle Green
[2023-02-02T10:04:06.859+0000] {logging_mixin.py:137} INFO - Steven Clark
[2023-02-02T10:04:06.868+0000] {logging_mixin.py:137} INFO - Robert Holden
[2023-02-02T10:04:06.874+0000] {logging_mixin.py:137} INFO - Zachary Harmon
[2023-02-02T10:04:06.876+0000] {logging_mixin.py:137} INFO - Rachel Miller
[2023-02-02T10:04:06.879+0000] {logging_mixin.py:137} INFO - Brandon Parker
[2023-02-02T10:04:06.880+0000] {logging_mixin.py:137} INFO - Walter Martin
[2023-02-02T10:04:06.882+0000] {logging_mixin.py:137} INFO - Jose Young
[2023-02-02T10:04:06.883+0000] {logging_mixin.py:137} INFO - Kelsey Long
[2023-02-02T10:04:06.886+0000] {logging_mixin.py:137} INFO - William Harper
[2023-02-02T10:04:06.890+0000] {logging_mixin.py:137} INFO - Alejandro Lambert
[2023-02-02T10:04:06.897+0000] {logging_mixin.py:137} INFO - Stephanie Carson
[2023-02-02T10:04:06.902+0000] {logging_mixin.py:137} INFO - Diana Ortega MD
[2023-02-02T10:04:06.906+0000] {logging_mixin.py:137} INFO - Janet Morales
[2023-02-02T10:04:06.911+0000] {logging_mixin.py:137} INFO - Eric Fisher
[2023-02-02T10:04:06.921+0000] {logging_mixin.py:137} INFO - Louis Baker
[2023-02-02T10:04:06.924+0000] {logging_mixin.py:137} INFO - Cindy Ward
[2023-02-02T10:04:06.926+0000] {logging_mixin.py:137} INFO - Ana Jenkins
[2023-02-02T10:04:06.928+0000] {logging_mixin.py:137} INFO - Leslie Barton
[2023-02-02T10:04:06.940+0000] {logging_mixin.py:137} INFO - Gregory Price
[2023-02-02T10:04:06.942+0000] {logging_mixin.py:137} INFO - Brandon Moore
[2023-02-02T10:04:06.950+0000] {logging_mixin.py:137} INFO - Heather Garrett
[2023-02-02T10:04:06.956+0000] {logging_mixin.py:137} INFO - Cindy Hawkins
[2023-02-02T10:04:06.958+0000] {logging_mixin.py:137} INFO - Mr. Frank Snyder Jr.
[2023-02-02T10:04:06.961+0000] {logging_mixin.py:137} INFO - Megan Wang
[2023-02-02T10:04:06.964+0000] {logging_mixin.py:137} INFO - Jennifer Fleming
[2023-02-02T10:04:06.968+0000] {logging_mixin.py:137} INFO - Gary Hodge
[2023-02-02T10:04:06.973+0000] {logging_mixin.py:137} INFO - Nichole Miller
[2023-02-02T10:04:06.975+0000] {logging_mixin.py:137} INFO - Mitchell Mendoza
[2023-02-02T10:04:06.978+0000] {logging_mixin.py:137} INFO - Bradley Horton
[2023-02-02T10:04:06.980+0000] {logging_mixin.py:137} INFO - Michelle Hess
[2023-02-02T10:04:06.984+0000] {logging_mixin.py:137} INFO - Ronald Torres
[2023-02-02T10:04:06.989+0000] {logging_mixin.py:137} INFO - Raymond Hudson
[2023-02-02T10:04:06.991+0000] {logging_mixin.py:137} INFO - Vincent Jackson
[2023-02-02T10:04:06.993+0000] {logging_mixin.py:137} INFO - Susan Carey
[2023-02-02T10:04:06.996+0000] {logging_mixin.py:137} INFO - Chase Wilson
[2023-02-02T10:04:06.999+0000] {logging_mixin.py:137} INFO - Tonya Baldwin
[2023-02-02T10:04:07.003+0000] {logging_mixin.py:137} INFO - Mrs. Tina Davis
[2023-02-02T10:04:07.006+0000] {logging_mixin.py:137} INFO - Scott Garrett
[2023-02-02T10:04:07.009+0000] {logging_mixin.py:137} INFO - Michael Wilson
[2023-02-02T10:04:07.013+0000] {logging_mixin.py:137} INFO - Andrew Orozco
[2023-02-02T10:04:07.015+0000] {logging_mixin.py:137} INFO - Troy Carson
[2023-02-02T10:04:07.018+0000] {logging_mixin.py:137} INFO - Alex Winters
[2023-02-02T10:04:07.021+0000] {logging_mixin.py:137} INFO - Toni Frank
[2023-02-02T10:04:07.028+0000] {logging_mixin.py:137} INFO - Kathleen Snyder
[2023-02-02T10:04:07.032+0000] {logging_mixin.py:137} INFO - Anna Lopez
[2023-02-02T10:04:07.035+0000] {logging_mixin.py:137} INFO - Charles Brown
[2023-02-02T10:04:07.037+0000] {logging_mixin.py:137} INFO - Barry Ross
[2023-02-02T10:04:07.040+0000] {logging_mixin.py:137} INFO - Emily Ramirez
[2023-02-02T10:04:07.042+0000] {logging_mixin.py:137} INFO - Anna Williams
[2023-02-02T10:04:07.046+0000] {logging_mixin.py:137} INFO - Kristin Pennington
[2023-02-02T10:04:07.054+0000] {logging_mixin.py:137} INFO - Mary Aguirre
[2023-02-02T10:04:07.062+0000] {logging_mixin.py:137} INFO - Austin Santos
[2023-02-02T10:04:07.067+0000] {logging_mixin.py:137} INFO - David Nelson
[2023-02-02T10:04:07.070+0000] {logging_mixin.py:137} INFO - Alyssa Mcbride
[2023-02-02T10:04:07.074+0000] {logging_mixin.py:137} INFO - Lisa Gibson
[2023-02-02T10:04:07.078+0000] {logging_mixin.py:137} INFO - Alexander Kelly
[2023-02-02T10:04:07.083+0000] {logging_mixin.py:137} INFO - Ronald Thomas
[2023-02-02T10:04:07.088+0000] {logging_mixin.py:137} INFO - Michael Hurst
[2023-02-02T10:04:07.092+0000] {logging_mixin.py:137} INFO - Lauren Ward
[2023-02-02T10:04:07.097+0000] {logging_mixin.py:137} INFO - Christian Terry
[2023-02-02T10:04:07.105+0000] {logging_mixin.py:137} INFO - Jared Black
[2023-02-02T10:04:07.107+0000] {logging_mixin.py:137} INFO - Anthony Brown
[2023-02-02T10:04:07.114+0000] {logging_mixin.py:137} INFO - John Cole
[2023-02-02T10:04:07.118+0000] {logging_mixin.py:137} INFO - David Lee
[2023-02-02T10:04:07.122+0000] {logging_mixin.py:137} INFO - Lori Thomas
[2023-02-02T10:04:07.131+0000] {logging_mixin.py:137} INFO - Daniel Herman
[2023-02-02T10:04:07.140+0000] {logging_mixin.py:137} INFO - Pam Williams
[2023-02-02T10:04:07.142+0000] {logging_mixin.py:137} INFO - Sarah Jenkins
[2023-02-02T10:04:07.145+0000] {logging_mixin.py:137} INFO - Susan Mitchell
[2023-02-02T10:04:07.151+0000] {logging_mixin.py:137} INFO - Jacqueline Green
[2023-02-02T10:04:07.153+0000] {logging_mixin.py:137} INFO - Victoria Garrison
[2023-02-02T10:04:07.154+0000] {logging_mixin.py:137} INFO - Jonathan Daniels
[2023-02-02T10:04:07.159+0000] {logging_mixin.py:137} INFO - Trevor Hansen
[2023-02-02T10:04:07.161+0000] {logging_mixin.py:137} INFO - Laurie Bowen
[2023-02-02T10:04:07.162+0000] {logging_mixin.py:137} INFO - James Cline
[2023-02-02T10:04:07.166+0000] {logging_mixin.py:137} INFO - Michael Rose
[2023-02-02T10:04:07.168+0000] {logging_mixin.py:137} INFO - Lawrence Juarez
[2023-02-02T10:04:07.170+0000] {logging_mixin.py:137} INFO - Lucas Caldwell
[2023-02-02T10:04:07.171+0000] {logging_mixin.py:137} INFO - Laura Jackson
[2023-02-02T10:04:07.173+0000] {logging_mixin.py:137} INFO - Sherri Thornton
[2023-02-02T10:04:07.175+0000] {logging_mixin.py:137} INFO - Alice Wilson
[2023-02-02T10:04:07.178+0000] {logging_mixin.py:137} INFO - Diane Williams
[2023-02-02T10:04:07.181+0000] {logging_mixin.py:137} INFO - Kara Martin
[2023-02-02T10:04:07.183+0000] {logging_mixin.py:137} INFO - Joseph Moore
[2023-02-02T10:04:07.187+0000] {logging_mixin.py:137} INFO - Jesse Moses
[2023-02-02T10:04:07.190+0000] {logging_mixin.py:137} INFO - Lisa Mccall
[2023-02-02T10:04:07.200+0000] {logging_mixin.py:137} INFO - Alexandra Mccoy
[2023-02-02T10:04:07.202+0000] {logging_mixin.py:137} INFO - Daniel Martin
[2023-02-02T10:04:07.213+0000] {logging_mixin.py:137} INFO - Claudia Peck
[2023-02-02T10:04:07.215+0000] {logging_mixin.py:137} INFO - Jessica Mcconnell
[2023-02-02T10:04:07.221+0000] {logging_mixin.py:137} INFO - Kevin Walker
[2023-02-02T10:04:07.223+0000] {logging_mixin.py:137} INFO - Christina Lee
[2023-02-02T10:04:07.230+0000] {logging_mixin.py:137} INFO - Christopher Schroeder
[2023-02-02T10:04:07.237+0000] {logging_mixin.py:137} INFO - Melissa Parker
[2023-02-02T10:04:07.250+0000] {logging_mixin.py:137} INFO - Janet Molina
[2023-02-02T10:04:07.255+0000] {logging_mixin.py:137} INFO - Barbara Harris
[2023-02-02T10:04:07.258+0000] {logging_mixin.py:137} INFO - Joseph Hurley
[2023-02-02T10:04:07.261+0000] {logging_mixin.py:137} INFO - Greg Hayden
[2023-02-02T10:04:07.269+0000] {logging_mixin.py:137} INFO - Edwin Adams
[2023-02-02T10:04:07.270+0000] {logging_mixin.py:137} INFO - Ashley Hunter
[2023-02-02T10:04:07.271+0000] {logging_mixin.py:137} INFO - Jennifer Tucker
[2023-02-02T10:04:07.272+0000] {logging_mixin.py:137} INFO - Eddie Gray
[2023-02-02T10:04:07.276+0000] {logging_mixin.py:137} INFO - Jennifer Evans
[2023-02-02T10:04:07.280+0000] {logging_mixin.py:137} INFO - Stephen Carey
[2023-02-02T10:04:07.281+0000] {logging_mixin.py:137} INFO - Samantha Campos
[2023-02-02T10:04:07.283+0000] {logging_mixin.py:137} INFO - Meagan Brown
[2023-02-02T10:04:07.284+0000] {logging_mixin.py:137} INFO - Miss Marisa Barber
[2023-02-02T10:04:07.286+0000] {logging_mixin.py:137} INFO - Jay Mann
[2023-02-02T10:04:07.290+0000] {logging_mixin.py:137} INFO - Matthew Campbell
[2023-02-02T10:04:07.292+0000] {logging_mixin.py:137} INFO - Brent Rodriguez
[2023-02-02T10:04:07.294+0000] {logging_mixin.py:137} INFO - Teresa Ross
[2023-02-02T10:04:07.296+0000] {logging_mixin.py:137} INFO - Mary Martinez
[2023-02-02T10:04:07.297+0000] {logging_mixin.py:137} INFO - Joseph Lewis
[2023-02-02T10:04:07.300+0000] {logging_mixin.py:137} INFO - Dale Davis
[2023-02-02T10:04:07.303+0000] {logging_mixin.py:137} INFO - Elizabeth Evans
[2023-02-02T10:04:07.308+0000] {logging_mixin.py:137} INFO - Shannon Wang
[2023-02-02T10:04:07.311+0000] {logging_mixin.py:137} INFO - Brandon Campbell
[2023-02-02T10:04:07.312+0000] {logging_mixin.py:137} INFO - Rhonda Pace
[2023-02-02T10:04:07.314+0000] {logging_mixin.py:137} INFO - Sarah Santos
[2023-02-02T10:04:07.316+0000] {logging_mixin.py:137} INFO - Jacob Ford
[2023-02-02T10:04:07.317+0000] {logging_mixin.py:137} INFO - Matthew Hansen
[2023-02-02T10:04:07.320+0000] {logging_mixin.py:137} INFO - Amy Ray
[2023-02-02T10:04:07.324+0000] {logging_mixin.py:137} INFO - Aaron Fields
[2023-02-02T10:04:07.335+0000] {logging_mixin.py:137} INFO - Mary Taylor
[2023-02-02T10:04:07.341+0000] {logging_mixin.py:137} INFO - James Morris
[2023-02-02T10:04:07.344+0000] {logging_mixin.py:137} INFO - Darrell Cain
[2023-02-02T10:04:07.347+0000] {logging_mixin.py:137} INFO - Michael Smith
[2023-02-02T10:04:07.352+0000] {logging_mixin.py:137} INFO - Scott Coleman
[2023-02-02T10:04:07.354+0000] {logging_mixin.py:137} INFO - David Fitzpatrick
[2023-02-02T10:04:07.359+0000] {logging_mixin.py:137} INFO - Debra Shepherd
[2023-02-02T10:04:07.361+0000] {logging_mixin.py:137} INFO - Paul Rush
[2023-02-02T10:04:07.362+0000] {logging_mixin.py:137} INFO - Brett Hernandez
[2023-02-02T10:04:07.366+0000] {logging_mixin.py:137} INFO - Sheila Riddle
[2023-02-02T10:04:07.368+0000] {logging_mixin.py:137} INFO - Joan Austin
[2023-02-02T10:04:07.376+0000] {logging_mixin.py:137} INFO - Michael Garcia
[2023-02-02T10:04:07.383+0000] {logging_mixin.py:137} INFO - Natalie Harris
[2023-02-02T10:04:07.387+0000] {logging_mixin.py:137} INFO - Steven Dean
[2023-02-02T10:04:07.392+0000] {logging_mixin.py:137} INFO - John Brown
[2023-02-02T10:04:07.395+0000] {logging_mixin.py:137} INFO - Keith Zimmerman
[2023-02-02T10:04:07.401+0000] {logging_mixin.py:137} INFO - Curtis Byrd
[2023-02-02T10:04:07.418+0000] {logging_mixin.py:137} INFO - Mariah Green
[2023-02-02T10:04:07.425+0000] {logging_mixin.py:137} INFO - Roger Huynh
[2023-02-02T10:04:07.434+0000] {logging_mixin.py:137} INFO - Christopher Zamora
[2023-02-02T10:04:07.442+0000] {logging_mixin.py:137} INFO - Joyce Crawford
[2023-02-02T10:04:07.449+0000] {logging_mixin.py:137} INFO - Angela Smith
[2023-02-02T10:04:07.457+0000] {logging_mixin.py:137} INFO - Veronica Robinson
[2023-02-02T10:04:07.468+0000] {logging_mixin.py:137} INFO - Christopher Bates
[2023-02-02T10:04:07.472+0000] {logging_mixin.py:137} INFO - Steve Stone
[2023-02-02T10:04:07.477+0000] {logging_mixin.py:137} INFO - William Cook
[2023-02-02T10:04:07.480+0000] {logging_mixin.py:137} INFO - Lori Wood
[2023-02-02T10:04:07.483+0000] {logging_mixin.py:137} INFO - Jillian Reynolds
[2023-02-02T10:04:07.485+0000] {logging_mixin.py:137} INFO - Angela Caldwell
[2023-02-02T10:04:07.488+0000] {logging_mixin.py:137} INFO - Shane Campbell
[2023-02-02T10:04:07.491+0000] {logging_mixin.py:137} INFO - Karen Lawrence
[2023-02-02T10:04:07.495+0000] {logging_mixin.py:137} INFO - Kimberly Wood
[2023-02-02T10:04:07.498+0000] {logging_mixin.py:137} INFO - Samantha Lopez
[2023-02-02T10:04:07.499+0000] {logging_mixin.py:137} INFO - Harold Miller
[2023-02-02T10:04:07.501+0000] {logging_mixin.py:137} INFO - Raymond Cooper DVM
[2023-02-02T10:04:07.502+0000] {logging_mixin.py:137} INFO - Kristen Patel
[2023-02-02T10:04:07.504+0000] {logging_mixin.py:137} INFO - Anthony Mejia
[2023-02-02T10:04:07.506+0000] {logging_mixin.py:137} INFO - Raymond Thomas
[2023-02-02T10:04:07.508+0000] {logging_mixin.py:137} INFO - Scott Young
[2023-02-02T10:04:07.512+0000] {logging_mixin.py:137} INFO - David Larson
[2023-02-02T10:04:07.514+0000] {logging_mixin.py:137} INFO - Jon Murray
[2023-02-02T10:04:07.515+0000] {logging_mixin.py:137} INFO - Stephen Taylor
[2023-02-02T10:04:07.517+0000] {logging_mixin.py:137} INFO - Jennifer Hernandez
[2023-02-02T10:04:07.526+0000] {logging_mixin.py:137} INFO - Stacy Smith
[2023-02-02T10:04:07.529+0000] {logging_mixin.py:137} INFO - Juan Owens
[2023-02-02T10:04:07.532+0000] {logging_mixin.py:137} INFO - Brian Adkins
[2023-02-02T10:04:07.535+0000] {logging_mixin.py:137} INFO - Jesse Wells
[2023-02-02T10:04:07.539+0000] {logging_mixin.py:137} INFO - Kyle Matthews
[2023-02-02T10:04:07.541+0000] {logging_mixin.py:137} INFO - Dustin Russell
[2023-02-02T10:04:07.545+0000] {logging_mixin.py:137} INFO - Richard White
[2023-02-02T10:04:07.549+0000] {logging_mixin.py:137} INFO - Brittany Nichols
[2023-02-02T10:04:07.551+0000] {logging_mixin.py:137} INFO - Colton Kelly
[2023-02-02T10:04:07.553+0000] {logging_mixin.py:137} INFO - William Perry
[2023-02-02T10:04:07.555+0000] {logging_mixin.py:137} INFO - Thomas Cummings
[2023-02-02T10:04:07.556+0000] {logging_mixin.py:137} INFO - Timothy Ballard
[2023-02-02T10:04:07.567+0000] {logging_mixin.py:137} INFO - Richard Washington
[2023-02-02T10:04:07.577+0000] {logging_mixin.py:137} INFO - Joshua Lam
[2023-02-02T10:04:07.578+0000] {logging_mixin.py:137} INFO - Grant Jackson
[2023-02-02T10:04:07.581+0000] {logging_mixin.py:137} INFO - Erin Baker
[2023-02-02T10:04:07.588+0000] {logging_mixin.py:137} INFO - Scott Flowers
[2023-02-02T10:04:07.604+0000] {logging_mixin.py:137} INFO - James Adams
[2023-02-02T10:04:07.611+0000] {logging_mixin.py:137} INFO - Heather Alvarado
[2023-02-02T10:04:07.618+0000] {logging_mixin.py:137} INFO - Jennifer Snow
[2023-02-02T10:04:07.623+0000] {logging_mixin.py:137} INFO - Mario Jackson
[2023-02-02T10:04:07.625+0000] {logging_mixin.py:137} INFO - Kevin Collins
[2023-02-02T10:04:07.629+0000] {logging_mixin.py:137} INFO - Danielle Garcia
[2023-02-02T10:04:07.631+0000] {logging_mixin.py:137} INFO - Brenda Jackson
[2023-02-02T10:04:07.640+0000] {logging_mixin.py:137} INFO - Ashley Parker
[2023-02-02T10:04:07.646+0000] {logging_mixin.py:137} INFO - Angela Hickman
[2023-02-02T10:04:07.649+0000] {logging_mixin.py:137} INFO - Carol Rodriguez
[2023-02-02T10:04:07.660+0000] {logging_mixin.py:137} INFO - Vernon Anderson
[2023-02-02T10:04:07.662+0000] {logging_mixin.py:137} INFO - Jesus Church
[2023-02-02T10:04:07.675+0000] {logging_mixin.py:137} INFO - Michelle Medina
[2023-02-02T10:04:07.679+0000] {logging_mixin.py:137} INFO - Nancy Bryant
[2023-02-02T10:04:07.684+0000] {logging_mixin.py:137} INFO - Jennifer Martinez
[2023-02-02T10:04:07.687+0000] {logging_mixin.py:137} INFO - Amy Dougherty
[2023-02-02T10:04:07.691+0000] {logging_mixin.py:137} INFO - Alexis Sanders
[2023-02-02T10:04:07.693+0000] {logging_mixin.py:137} INFO - Austin Salazar
[2023-02-02T10:04:07.694+0000] {logging_mixin.py:137} INFO - Amy Williams
[2023-02-02T10:04:07.701+0000] {logging_mixin.py:137} INFO - Richard Haynes
[2023-02-02T10:04:07.709+0000] {logging_mixin.py:137} INFO - Christine Stark
[2023-02-02T10:04:07.716+0000] {logging_mixin.py:137} INFO - Anita Medina
[2023-02-02T10:04:07.722+0000] {logging_mixin.py:137} INFO - Mr. Thomas Duran
[2023-02-02T10:04:07.724+0000] {logging_mixin.py:137} INFO - Mr. Russell Peterson
[2023-02-02T10:04:07.726+0000] {logging_mixin.py:137} INFO - Jack Richard
[2023-02-02T10:04:07.728+0000] {logging_mixin.py:137} INFO - Michelle Erickson
[2023-02-02T10:04:07.730+0000] {logging_mixin.py:137} INFO - Mitchell Williams
[2023-02-02T10:04:07.734+0000] {logging_mixin.py:137} INFO - Adrian Herrera
[2023-02-02T10:04:07.753+0000] {logging_mixin.py:137} INFO - Michael Brady
[2023-02-02T10:04:07.756+0000] {logging_mixin.py:137} INFO - Jamie Zhang
[2023-02-02T10:04:07.758+0000] {logging_mixin.py:137} INFO - Helen Brennan
[2023-02-02T10:04:07.761+0000] {logging_mixin.py:137} INFO - John Myers
[2023-02-02T10:04:07.765+0000] {logging_mixin.py:137} INFO - Patricia Nash
[2023-02-02T10:04:07.769+0000] {logging_mixin.py:137} INFO - Michael Johnson
[2023-02-02T10:04:07.773+0000] {logging_mixin.py:137} INFO - Anita Berger
[2023-02-02T10:04:07.776+0000] {logging_mixin.py:137} INFO - Jason Guerrero DVM
[2023-02-02T10:04:07.778+0000] {logging_mixin.py:137} INFO - Kimberly Davis
[2023-02-02T10:04:07.780+0000] {logging_mixin.py:137} INFO - Bryan Hansen
[2023-02-02T10:04:07.782+0000] {logging_mixin.py:137} INFO - Rebecca Obrien
[2023-02-02T10:04:07.786+0000] {logging_mixin.py:137} INFO - Sarah Santiago
[2023-02-02T10:04:07.791+0000] {logging_mixin.py:137} INFO - Christine Lane
[2023-02-02T10:04:07.794+0000] {logging_mixin.py:137} INFO - Jerry Lewis
[2023-02-02T10:04:07.796+0000] {logging_mixin.py:137} INFO - Stephanie Miller
[2023-02-02T10:04:07.798+0000] {logging_mixin.py:137} INFO - Kristi Bradley
[2023-02-02T10:04:07.800+0000] {logging_mixin.py:137} INFO - Darren Moore
[2023-02-02T10:04:07.802+0000] {logging_mixin.py:137} INFO - Kristina Cunningham
[2023-02-02T10:04:07.803+0000] {logging_mixin.py:137} INFO - Laurie Moore
[2023-02-02T10:04:07.805+0000] {logging_mixin.py:137} INFO - Aaron Lewis
[2023-02-02T10:04:07.807+0000] {logging_mixin.py:137} INFO - Theresa Vang
[2023-02-02T10:04:07.811+0000] {logging_mixin.py:137} INFO - Chase Reese
[2023-02-02T10:04:07.814+0000] {logging_mixin.py:137} INFO - Matthew Ferguson
[2023-02-02T10:04:07.818+0000] {logging_mixin.py:137} INFO - Victoria Lewis
[2023-02-02T10:04:07.826+0000] {logging_mixin.py:137} INFO - Jon Scott
[2023-02-02T10:04:07.837+0000] {logging_mixin.py:137} INFO - Lisa Campbell
[2023-02-02T10:04:07.842+0000] {logging_mixin.py:137} INFO - David Ramirez
[2023-02-02T10:04:07.844+0000] {logging_mixin.py:137} INFO - Gabriel Rosario
[2023-02-02T10:04:07.846+0000] {logging_mixin.py:137} INFO - Kristi Johnson
[2023-02-02T10:04:07.849+0000] {logging_mixin.py:137} INFO - Jennifer Schwartz
[2023-02-02T10:04:07.850+0000] {logging_mixin.py:137} INFO - Daniel Norton
[2023-02-02T10:04:07.852+0000] {logging_mixin.py:137} INFO - Richard Montoya
[2023-02-02T10:04:07.854+0000] {logging_mixin.py:137} INFO - Daniel Norris
[2023-02-02T10:04:07.863+0000] {logging_mixin.py:137} INFO - Chad Taylor
[2023-02-02T10:04:07.866+0000] {logging_mixin.py:137} INFO - Angie Allen
[2023-02-02T10:04:07.871+0000] {logging_mixin.py:137} INFO - Michael Brooks
[2023-02-02T10:04:07.876+0000] {logging_mixin.py:137} INFO - Hannah Poole
[2023-02-02T10:04:07.878+0000] {logging_mixin.py:137} INFO - Caitlin Ray
[2023-02-02T10:04:07.884+0000] {logging_mixin.py:137} INFO - Mr. Steven Gardner
[2023-02-02T10:04:07.888+0000] {logging_mixin.py:137} INFO - Jennifer Macdonald
[2023-02-02T10:04:07.898+0000] {logging_mixin.py:137} INFO - Vanessa Small
[2023-02-02T10:04:07.909+0000] {logging_mixin.py:137} INFO - Dennis Gray
[2023-02-02T10:04:07.914+0000] {logging_mixin.py:137} INFO - Sandra Kirk
[2023-02-02T10:04:07.917+0000] {logging_mixin.py:137} INFO - Jason Wagner
[2023-02-02T10:04:07.919+0000] {logging_mixin.py:137} INFO - David Owen
[2023-02-02T10:04:07.926+0000] {logging_mixin.py:137} INFO - Rose Terrell
[2023-02-02T10:04:07.928+0000] {logging_mixin.py:137} INFO - James Green MD
[2023-02-02T10:04:07.935+0000] {logging_mixin.py:137} INFO - Tammy Patel
[2023-02-02T10:04:07.938+0000] {logging_mixin.py:137} INFO - Joseph Lucero
[2023-02-02T10:04:07.940+0000] {logging_mixin.py:137} INFO - Stephanie Rojas
[2023-02-02T10:04:07.944+0000] {logging_mixin.py:137} INFO - Brittany Johnson
[2023-02-02T10:04:07.946+0000] {logging_mixin.py:137} INFO - Christina Cummings
[2023-02-02T10:04:07.950+0000] {logging_mixin.py:137} INFO - Eric Downs
[2023-02-02T10:04:07.966+0000] {logging_mixin.py:137} INFO - Paul Finley
[2023-02-02T10:04:07.975+0000] {logging_mixin.py:137} INFO - Danielle Jackson
[2023-02-02T10:04:07.977+0000] {logging_mixin.py:137} INFO - Anna Johnston
[2023-02-02T10:04:07.982+0000] {logging_mixin.py:137} INFO - Ashlee Hodges
[2023-02-02T10:04:07.993+0000] {logging_mixin.py:137} INFO - Thomas Francis
[2023-02-02T10:04:08.003+0000] {logging_mixin.py:137} INFO - Cody Baird
[2023-02-02T10:04:08.008+0000] {logging_mixin.py:137} INFO - Jeffrey Walter
[2023-02-02T10:04:08.012+0000] {logging_mixin.py:137} INFO - Hannah West
[2023-02-02T10:04:08.016+0000] {logging_mixin.py:137} INFO - Anthony Byrd
[2023-02-02T10:04:08.021+0000] {logging_mixin.py:137} INFO - Julie Ramirez
[2023-02-02T10:04:08.024+0000] {logging_mixin.py:137} INFO - Seth Peters
[2023-02-02T10:04:08.026+0000] {logging_mixin.py:137} INFO - Keith Salas
[2023-02-02T10:04:08.029+0000] {logging_mixin.py:137} INFO - Kathryn Evans
[2023-02-02T10:04:08.033+0000] {logging_mixin.py:137} INFO - Dr. Maria Scott
[2023-02-02T10:04:08.045+0000] {logging_mixin.py:137} INFO - Brenda Thomas
[2023-02-02T10:04:08.055+0000] {logging_mixin.py:137} INFO - Travis Douglas
[2023-02-02T10:04:08.062+0000] {logging_mixin.py:137} INFO - Kurt Santos
[2023-02-02T10:04:08.076+0000] {logging_mixin.py:137} INFO - Sean Parrish
[2023-02-02T10:04:08.085+0000] {logging_mixin.py:137} INFO - Brittany Walls
[2023-02-02T10:04:08.096+0000] {logging_mixin.py:137} INFO - Gail Brooks
[2023-02-02T10:04:08.103+0000] {logging_mixin.py:137} INFO - Valerie Johnson
[2023-02-02T10:04:08.108+0000] {logging_mixin.py:137} INFO - Jessica Dunn
[2023-02-02T10:04:08.116+0000] {logging_mixin.py:137} INFO - Chad Robinson
[2023-02-02T10:04:08.118+0000] {logging_mixin.py:137} INFO - Catherine Combs
[2023-02-02T10:04:08.131+0000] {logging_mixin.py:137} INFO - Joshua Boyd
[2023-02-02T10:04:08.134+0000] {logging_mixin.py:137} INFO - Alicia Barnett DVM
[2023-02-02T10:04:08.138+0000] {logging_mixin.py:137} INFO - Kevin Cervantes
[2023-02-02T10:04:08.141+0000] {logging_mixin.py:137} INFO - Larry Lester
[2023-02-02T10:04:08.145+0000] {logging_mixin.py:137} INFO - Deanna Espinoza
[2023-02-02T10:04:08.153+0000] {logging_mixin.py:137} INFO - Marilyn Davis
[2023-02-02T10:04:08.155+0000] {logging_mixin.py:137} INFO - Michael Weeks
[2023-02-02T10:04:08.166+0000] {logging_mixin.py:137} INFO - Brandon Stanton
[2023-02-02T10:04:08.172+0000] {logging_mixin.py:137} INFO - Ryan Boyer Jr.
[2023-02-02T10:04:08.176+0000] {logging_mixin.py:137} INFO - Amanda Elliott
[2023-02-02T10:04:08.179+0000] {logging_mixin.py:137} INFO - David Moore
[2023-02-02T10:04:08.184+0000] {logging_mixin.py:137} INFO - Andre Williams
[2023-02-02T10:04:08.190+0000] {logging_mixin.py:137} INFO - Jennifer Garcia
[2023-02-02T10:04:08.192+0000] {logging_mixin.py:137} INFO - Tracey Cook
[2023-02-02T10:04:08.194+0000] {logging_mixin.py:137} INFO - Michael Turner
[2023-02-02T10:04:08.197+0000] {logging_mixin.py:137} INFO - Diana Long
[2023-02-02T10:04:08.208+0000] {logging_mixin.py:137} INFO - John Bradley
[2023-02-02T10:04:08.210+0000] {logging_mixin.py:137} INFO - Ann Benjamin
[2023-02-02T10:04:08.228+0000] {logging_mixin.py:137} INFO - Shane House
[2023-02-02T10:04:08.234+0000] {logging_mixin.py:137} INFO - Erin Lee
[2023-02-02T10:04:08.254+0000] {logging_mixin.py:137} INFO - Joseph Gray
[2023-02-02T10:04:08.261+0000] {logging_mixin.py:137} INFO - Betty Gibson
[2023-02-02T10:04:08.264+0000] {logging_mixin.py:137} INFO - Kristen Graham
[2023-02-02T10:04:08.279+0000] {logging_mixin.py:137} INFO - Daniel Meza
[2023-02-02T10:04:08.294+0000] {logging_mixin.py:137} INFO - Sherri Carpenter
[2023-02-02T10:04:08.306+0000] {logging_mixin.py:137} INFO - Andrea Sanchez
[2023-02-02T10:04:08.311+0000] {logging_mixin.py:137} INFO - Jordan Rios
[2023-02-02T10:04:08.318+0000] {logging_mixin.py:137} INFO - Elizabeth Jackson
[2023-02-02T10:04:08.334+0000] {logging_mixin.py:137} INFO - Elizabeth Myers
[2023-02-02T10:04:08.359+0000] {logging_mixin.py:137} INFO - Juan Barnes
[2023-02-02T10:04:08.373+0000] {logging_mixin.py:137} INFO - Christopher Lozano
[2023-02-02T10:04:08.383+0000] {logging_mixin.py:137} INFO - Jacqueline Griffin
[2023-02-02T10:04:08.388+0000] {logging_mixin.py:137} INFO - Ryan Mason
[2023-02-02T10:04:08.391+0000] {logging_mixin.py:137} INFO - Jonathan Moore
[2023-02-02T10:04:08.396+0000] {logging_mixin.py:137} INFO - Abigail Landry
[2023-02-02T10:04:08.402+0000] {logging_mixin.py:137} INFO - Brenda Hernandez
[2023-02-02T10:04:08.410+0000] {logging_mixin.py:137} INFO - Zachary Pitts
[2023-02-02T10:04:08.418+0000] {logging_mixin.py:137} INFO - Amanda Rogers
[2023-02-02T10:04:08.420+0000] {logging_mixin.py:137} INFO - Cynthia Gray
[2023-02-02T10:04:08.436+0000] {logging_mixin.py:137} INFO - Tyler Barajas
[2023-02-02T10:04:08.443+0000] {logging_mixin.py:137} INFO - Michelle Leon
[2023-02-02T10:04:08.446+0000] {logging_mixin.py:137} INFO - Kathy Lang
[2023-02-02T10:04:08.449+0000] {logging_mixin.py:137} INFO - Scott Townsend MD
[2023-02-02T10:04:08.457+0000] {logging_mixin.py:137} INFO - Theresa Acosta
[2023-02-02T10:04:08.465+0000] {logging_mixin.py:137} INFO - David Jones
[2023-02-02T10:04:08.485+0000] {logging_mixin.py:137} INFO - Jeremy Robinson
[2023-02-02T10:04:08.497+0000] {logging_mixin.py:137} INFO - James Newton
[2023-02-02T10:04:08.504+0000] {logging_mixin.py:137} INFO - Tracey Wells
[2023-02-02T10:04:08.522+0000] {logging_mixin.py:137} INFO - Maria Nelson
[2023-02-02T10:04:08.534+0000] {logging_mixin.py:137} INFO - Christopher Griffith
[2023-02-02T10:04:08.543+0000] {logging_mixin.py:137} INFO - Zachary Griffin
[2023-02-02T10:04:08.547+0000] {logging_mixin.py:137} INFO - Amy Nguyen
[2023-02-02T10:04:08.550+0000] {logging_mixin.py:137} INFO - April Williams
[2023-02-02T10:04:08.559+0000] {logging_mixin.py:137} INFO - Marissa Kelly
[2023-02-02T10:04:08.562+0000] {logging_mixin.py:137} INFO - Brian Lopez PhD
[2023-02-02T10:04:08.566+0000] {logging_mixin.py:137} INFO - William Williams
[2023-02-02T10:04:08.584+0000] {logging_mixin.py:137} INFO - Norman Brown
[2023-02-02T10:04:08.587+0000] {logging_mixin.py:137} INFO - Charles Fuentes
[2023-02-02T10:04:08.600+0000] {logging_mixin.py:137} INFO - Anthony Chang
[2023-02-02T10:04:08.609+0000] {logging_mixin.py:137} INFO - Mary Bell
[2023-02-02T10:04:08.623+0000] {logging_mixin.py:137} INFO - Elizabeth Stuart
[2023-02-02T10:04:08.629+0000] {logging_mixin.py:137} INFO - Mary Mcdonald
[2023-02-02T10:04:08.631+0000] {logging_mixin.py:137} INFO - Martin Harrison
[2023-02-02T10:04:08.634+0000] {logging_mixin.py:137} INFO - Stephanie Fernandez
[2023-02-02T10:04:08.638+0000] {logging_mixin.py:137} INFO - Christopher Brown
[2023-02-02T10:04:08.643+0000] {logging_mixin.py:137} INFO - Alexander Stephenson
[2023-02-02T10:04:08.650+0000] {logging_mixin.py:137} INFO - Grace Diaz
[2023-02-02T10:04:08.656+0000] {logging_mixin.py:137} INFO - Frank Bartlett
[2023-02-02T10:04:08.664+0000] {logging_mixin.py:137} INFO - Audrey Andersen
[2023-02-02T10:04:08.673+0000] {logging_mixin.py:137} INFO - David Green
[2023-02-02T10:04:08.675+0000] {logging_mixin.py:137} INFO - Joshua Diaz Jr.
[2023-02-02T10:04:08.677+0000] {logging_mixin.py:137} INFO - Emily Garcia
[2023-02-02T10:04:08.681+0000] {logging_mixin.py:137} INFO - Devin Hall
[2023-02-02T10:04:08.689+0000] {logging_mixin.py:137} INFO - Phillip Garner
[2023-02-02T10:04:08.697+0000] {logging_mixin.py:137} INFO - Katherine Estrada
[2023-02-02T10:04:08.702+0000] {logging_mixin.py:137} INFO - Corey Saunders
[2023-02-02T10:04:08.705+0000] {logging_mixin.py:137} INFO - Kimberly Collins
[2023-02-02T10:04:08.710+0000] {logging_mixin.py:137} INFO - Amy Elliott
[2023-02-02T10:04:08.716+0000] {logging_mixin.py:137} INFO - Tanya Jones
[2023-02-02T10:04:08.721+0000] {logging_mixin.py:137} INFO - Patricia Gonzalez
[2023-02-02T10:04:08.724+0000] {logging_mixin.py:137} INFO - Jennifer Hill
[2023-02-02T10:04:08.725+0000] {logging_mixin.py:137} INFO - John Haynes
[2023-02-02T10:04:08.727+0000] {logging_mixin.py:137} INFO - Jacob Henry
[2023-02-02T10:04:08.728+0000] {logging_mixin.py:137} INFO - Daniel Clark
[2023-02-02T10:04:08.732+0000] {logging_mixin.py:137} INFO - Jonathon Taylor
[2023-02-02T10:04:08.739+0000] {logging_mixin.py:137} INFO - Jesse Evans
[2023-02-02T10:04:08.742+0000] {logging_mixin.py:137} INFO - James Martinez
[2023-02-02T10:04:08.748+0000] {logging_mixin.py:137} INFO - Kyle Reyes
[2023-02-02T10:04:08.758+0000] {logging_mixin.py:137} INFO - Terrence Barker
[2023-02-02T10:04:08.761+0000] {logging_mixin.py:137} INFO - Anthony Washington
[2023-02-02T10:04:08.765+0000] {logging_mixin.py:137} INFO - Dustin Le
[2023-02-02T10:04:08.781+0000] {logging_mixin.py:137} INFO - Bruce Clark
[2023-02-02T10:04:08.783+0000] {logging_mixin.py:137} INFO - Keith Anthony
[2023-02-02T10:04:08.786+0000] {logging_mixin.py:137} INFO - Jeremiah Stone
[2023-02-02T10:04:08.788+0000] {logging_mixin.py:137} INFO - Michael Haley
[2023-02-02T10:04:08.794+0000] {logging_mixin.py:137} INFO - Regina Carrillo
[2023-02-02T10:04:08.799+0000] {logging_mixin.py:137} INFO - Jacob Lee
[2023-02-02T10:04:08.802+0000] {logging_mixin.py:137} INFO - Thomas Gonzalez
[2023-02-02T10:04:08.804+0000] {logging_mixin.py:137} INFO - Mark Lawrence
[2023-02-02T10:04:08.806+0000] {logging_mixin.py:137} INFO - Matthew Anderson
[2023-02-02T10:04:08.809+0000] {logging_mixin.py:137} INFO - Nicholas Young
[2023-02-02T10:04:08.813+0000] {logging_mixin.py:137} INFO - Melvin Martinez
[2023-02-02T10:04:08.814+0000] {logging_mixin.py:137} INFO - Scott Green
[2023-02-02T10:04:08.817+0000] {logging_mixin.py:137} INFO - Dana Richards
[2023-02-02T10:04:08.821+0000] {logging_mixin.py:137} INFO - Lauren Moore
[2023-02-02T10:04:08.828+0000] {logging_mixin.py:137} INFO - Terry Campbell
[2023-02-02T10:04:08.834+0000] {logging_mixin.py:137} INFO - Ralph Jordan
[2023-02-02T10:04:08.841+0000] {logging_mixin.py:137} INFO - Noah Reyes
[2023-02-02T10:04:08.848+0000] {logging_mixin.py:137} INFO - Mr. Gregory Mills MD
[2023-02-02T10:04:08.849+0000] {logging_mixin.py:137} INFO - Michelle Yates
[2023-02-02T10:04:08.853+0000] {logging_mixin.py:137} INFO - Robin Reyes
[2023-02-02T10:04:08.857+0000] {logging_mixin.py:137} INFO - Rebecca Smith
[2023-02-02T10:04:08.865+0000] {logging_mixin.py:137} INFO - Nicole Torres
[2023-02-02T10:04:08.868+0000] {logging_mixin.py:137} INFO - Ronald Jones
[2023-02-02T10:04:08.872+0000] {logging_mixin.py:137} INFO - Michael Castaneda
[2023-02-02T10:04:08.883+0000] {logging_mixin.py:137} INFO - Christopher Krueger
[2023-02-02T10:04:08.889+0000] {logging_mixin.py:137} INFO - Jennifer Werner
[2023-02-02T10:04:08.897+0000] {logging_mixin.py:137} INFO - Ashley Smith
[2023-02-02T10:04:08.899+0000] {logging_mixin.py:137} INFO - Alyssa Fields
[2023-02-02T10:04:08.912+0000] {logging_mixin.py:137} INFO - John Scott
[2023-02-02T10:04:08.915+0000] {logging_mixin.py:137} INFO - Debra Delacruz
[2023-02-02T10:04:08.921+0000] {logging_mixin.py:137} INFO - James Madden
[2023-02-02T10:04:08.933+0000] {logging_mixin.py:137} INFO - Joseph Gentry
[2023-02-02T10:04:08.959+0000] {logging_mixin.py:137} INFO - Ashley Cabrera
[2023-02-02T10:04:08.962+0000] {logging_mixin.py:137} INFO - Jennifer Fernandez
[2023-02-02T10:04:08.971+0000] {logging_mixin.py:137} INFO - James Harris
[2023-02-02T10:04:08.975+0000] {logging_mixin.py:137} INFO - Candice Young
[2023-02-02T10:04:08.979+0000] {logging_mixin.py:137} INFO - Lisa Baker
[2023-02-02T10:04:08.988+0000] {logging_mixin.py:137} INFO - Brian Mills DDS
[2023-02-02T10:04:09.007+0000] {logging_mixin.py:137} INFO - Kristin Smith
[2023-02-02T10:04:09.008+0000] {logging_mixin.py:137} INFO - Jacob Collins
[2023-02-02T10:04:09.014+0000] {logging_mixin.py:137} INFO - Kimberly Harris
[2023-02-02T10:04:09.023+0000] {logging_mixin.py:137} INFO - Michael Hull
[2023-02-02T10:04:09.027+0000] {logging_mixin.py:137} INFO - Caitlin Todd
[2023-02-02T10:04:09.043+0000] {logging_mixin.py:137} INFO - Lisa Harris
[2023-02-02T10:04:09.046+0000] {logging_mixin.py:137} INFO - Mrs. Ann Stone
[2023-02-02T10:04:09.048+0000] {logging_mixin.py:137} INFO - Michelle Case
[2023-02-02T10:04:09.050+0000] {logging_mixin.py:137} INFO - Joe Lowe
[2023-02-02T10:04:09.053+0000] {logging_mixin.py:137} INFO - Randall Dunn
[2023-02-02T10:04:09.062+0000] {logging_mixin.py:137} INFO - Paula Vargas
[2023-02-02T10:04:09.063+0000] {logging_mixin.py:137} INFO - Daniel Walker
[2023-02-02T10:04:09.066+0000] {logging_mixin.py:137} INFO - James Jackson
[2023-02-02T10:04:09.069+0000] {logging_mixin.py:137} INFO - Shirley Woodard
[2023-02-02T10:04:09.078+0000] {logging_mixin.py:137} INFO - James Hayes
[2023-02-02T10:04:09.080+0000] {logging_mixin.py:137} INFO - Megan Austin
[2023-02-02T10:04:09.082+0000] {logging_mixin.py:137} INFO - Erin Robertson
[2023-02-02T10:04:09.084+0000] {logging_mixin.py:137} INFO - Robert Phillips
[2023-02-02T10:04:09.087+0000] {logging_mixin.py:137} INFO - Amy Torres
[2023-02-02T10:04:09.099+0000] {logging_mixin.py:137} INFO - Joshua Cox
[2023-02-02T10:04:09.102+0000] {logging_mixin.py:137} INFO - Duane Grimes
[2023-02-02T10:04:09.105+0000] {logging_mixin.py:137} INFO - Jennifer Burgess
[2023-02-02T10:04:09.109+0000] {logging_mixin.py:137} INFO - Carlos Duran
[2023-02-02T10:04:09.114+0000] {logging_mixin.py:137} INFO - Jason Johnson
[2023-02-02T10:04:09.117+0000] {logging_mixin.py:137} INFO - Cameron Greer
[2023-02-02T10:04:09.119+0000] {logging_mixin.py:137} INFO - Randall Williams
[2023-02-02T10:04:09.125+0000] {logging_mixin.py:137} INFO - Jessica Harris
[2023-02-02T10:04:09.128+0000] {logging_mixin.py:137} INFO - Joshua Rogers
[2023-02-02T10:04:09.130+0000] {logging_mixin.py:137} INFO - Jose Mahoney
[2023-02-02T10:04:09.135+0000] {logging_mixin.py:137} INFO - Brandy Fuentes
[2023-02-02T10:04:09.137+0000] {logging_mixin.py:137} INFO - Angelica Matthews
[2023-02-02T10:04:09.140+0000] {logging_mixin.py:137} INFO - Glenn Caldwell
[2023-02-02T10:04:09.141+0000] {logging_mixin.py:137} INFO - Cristian Delacruz
[2023-02-02T10:04:09.143+0000] {logging_mixin.py:137} INFO - Alexandra Price
[2023-02-02T10:04:09.146+0000] {logging_mixin.py:137} INFO - Heather Wilson
[2023-02-02T10:04:09.149+0000] {logging_mixin.py:137} INFO - Shawn Thompson
[2023-02-02T10:04:09.152+0000] {logging_mixin.py:137} INFO - Anna Daniel
[2023-02-02T10:04:09.155+0000] {logging_mixin.py:137} INFO - Joseph Cisneros
[2023-02-02T10:04:09.158+0000] {logging_mixin.py:137} INFO - Rebecca Estes
[2023-02-02T10:04:09.163+0000] {logging_mixin.py:137} INFO - Jeremy Porter
[2023-02-02T10:04:09.169+0000] {logging_mixin.py:137} INFO - Lisa Mann
[2023-02-02T10:04:09.174+0000] {logging_mixin.py:137} INFO - Michael Woods
[2023-02-02T10:04:09.176+0000] {logging_mixin.py:137} INFO - Madison Thompson
[2023-02-02T10:04:09.178+0000] {logging_mixin.py:137} INFO - Nancy Gomez
[2023-02-02T10:04:09.185+0000] {logging_mixin.py:137} INFO - Julie Blanchard
[2023-02-02T10:04:09.187+0000] {logging_mixin.py:137} INFO - Michael Smith
[2023-02-02T10:04:09.190+0000] {logging_mixin.py:137} INFO - Angel Huber
[2023-02-02T10:04:09.194+0000] {logging_mixin.py:137} INFO - Michael Coffey
[2023-02-02T10:04:09.201+0000] {logging_mixin.py:137} INFO - Patrick Walter
[2023-02-02T10:04:09.211+0000] {logging_mixin.py:137} INFO - Curtis Davis
[2023-02-02T10:04:09.213+0000] {logging_mixin.py:137} INFO - Kyle Stewart
[2023-02-02T10:04:09.214+0000] {logging_mixin.py:137} INFO - Angela Jimenez
[2023-02-02T10:04:09.215+0000] {logging_mixin.py:137} INFO - Andrew Martinez
[2023-02-02T10:04:09.220+0000] {logging_mixin.py:137} INFO - Angela West
[2023-02-02T10:04:09.224+0000] {logging_mixin.py:137} INFO - Ryan Young
[2023-02-02T10:04:09.226+0000] {logging_mixin.py:137} INFO - Nathaniel Evans
[2023-02-02T10:04:09.228+0000] {logging_mixin.py:137} INFO - Dawn Bryant
[2023-02-02T10:04:09.229+0000] {logging_mixin.py:137} INFO - Danielle Lewis
[2023-02-02T10:04:09.231+0000] {logging_mixin.py:137} INFO - Matthew Newman
[2023-02-02T10:04:09.232+0000] {logging_mixin.py:137} INFO - Robert Smith
[2023-02-02T10:04:09.235+0000] {logging_mixin.py:137} INFO - Melissa Hicks
[2023-02-02T10:04:09.237+0000] {logging_mixin.py:137} INFO - Emily Lambert
[2023-02-02T10:04:09.239+0000] {logging_mixin.py:137} INFO - Krystal Wolfe
[2023-02-02T10:04:09.242+0000] {logging_mixin.py:137} INFO - Donna Murillo
[2023-02-02T10:04:09.244+0000] {logging_mixin.py:137} INFO - Carl Hudson
[2023-02-02T10:04:09.245+0000] {logging_mixin.py:137} INFO - Robert Wilson
[2023-02-02T10:04:09.246+0000] {logging_mixin.py:137} INFO - Patrick Mathis
[2023-02-02T10:04:09.251+0000] {logging_mixin.py:137} INFO - Michael Suarez
[2023-02-02T10:04:09.257+0000] {logging_mixin.py:137} INFO - David Johnson
[2023-02-02T10:04:09.264+0000] {logging_mixin.py:137} INFO - William Thompson
[2023-02-02T10:04:09.271+0000] {logging_mixin.py:137} INFO - Jessica Hansen DVM
[2023-02-02T10:04:09.276+0000] {logging_mixin.py:137} INFO - Katherine Friedman
[2023-02-02T10:04:09.280+0000] {logging_mixin.py:137} INFO - Jillian Johnson
[2023-02-02T10:04:09.288+0000] {logging_mixin.py:137} INFO - Robert Mckee
[2023-02-02T10:04:09.292+0000] {logging_mixin.py:137} INFO - Rachel Little
[2023-02-02T10:04:09.294+0000] {logging_mixin.py:137} INFO - Patricia Smith
[2023-02-02T10:04:09.297+0000] {logging_mixin.py:137} INFO - Heidi Martinez
[2023-02-02T10:04:09.308+0000] {logging_mixin.py:137} INFO - Caitlin Solomon
[2023-02-02T10:04:09.313+0000] {logging_mixin.py:137} INFO - Dr. Olivia Pugh
[2023-02-02T10:04:09.319+0000] {logging_mixin.py:137} INFO - John Steele DDS
[2023-02-02T10:04:09.324+0000] {logging_mixin.py:137} INFO - Jeremy Mathews
[2023-02-02T10:04:09.335+0000] {logging_mixin.py:137} INFO - Tiffany Hill
[2023-02-02T10:04:09.341+0000] {logging_mixin.py:137} INFO - Steven Edwards
[2023-02-02T10:04:09.343+0000] {logging_mixin.py:137} INFO - Charles Campbell
[2023-02-02T10:04:09.346+0000] {logging_mixin.py:137} INFO - Brett Hughes
[2023-02-02T10:04:09.352+0000] {logging_mixin.py:137} INFO - Christina Villegas
[2023-02-02T10:04:09.362+0000] {logging_mixin.py:137} INFO - Anthony Garcia
[2023-02-02T10:04:09.365+0000] {logging_mixin.py:137} INFO - Nathan Murphy
[2023-02-02T10:04:09.367+0000] {logging_mixin.py:137} INFO - Steven Dodson
[2023-02-02T10:04:09.368+0000] {logging_mixin.py:137} INFO - Brian Sullivan
[2023-02-02T10:04:09.371+0000] {logging_mixin.py:137} INFO - Renee White
[2023-02-02T10:04:09.380+0000] {logging_mixin.py:137} INFO - Laura Rowland
[2023-02-02T10:04:09.385+0000] {logging_mixin.py:137} INFO - John Moore
[2023-02-02T10:04:09.387+0000] {logging_mixin.py:137} INFO - Sophia Mckenzie
[2023-02-02T10:04:09.389+0000] {logging_mixin.py:137} INFO - David Roach
[2023-02-02T10:04:09.392+0000] {logging_mixin.py:137} INFO - Jennifer Patterson
[2023-02-02T10:04:09.395+0000] {logging_mixin.py:137} INFO - James Richards
[2023-02-02T10:04:09.397+0000] {logging_mixin.py:137} INFO - Mary Johnston
[2023-02-02T10:04:09.400+0000] {logging_mixin.py:137} INFO - Brandon Mcdaniel
[2023-02-02T10:04:09.406+0000] {logging_mixin.py:137} INFO - Meghan Stevenson
[2023-02-02T10:04:09.413+0000] {logging_mixin.py:137} INFO - Luis Hayes
[2023-02-02T10:04:09.419+0000] {logging_mixin.py:137} INFO - Alejandra Sloan
[2023-02-02T10:04:09.426+0000] {logging_mixin.py:137} INFO - Dr. Sandra Miller
[2023-02-02T10:04:09.430+0000] {logging_mixin.py:137} INFO - Dustin Bond
[2023-02-02T10:04:09.431+0000] {logging_mixin.py:137} INFO - Julia Patrick MD
[2023-02-02T10:04:09.432+0000] {logging_mixin.py:137} INFO - Jill Campbell
[2023-02-02T10:04:09.434+0000] {logging_mixin.py:137} INFO - Mark Ford
[2023-02-02T10:04:09.443+0000] {logging_mixin.py:137} INFO - Brian Long
[2023-02-02T10:04:09.464+0000] {logging_mixin.py:137} INFO - Lisa Peterson
[2023-02-02T10:04:09.470+0000] {logging_mixin.py:137} INFO - Matthew Lee
[2023-02-02T10:04:09.472+0000] {logging_mixin.py:137} INFO - Bradley Miller
[2023-02-02T10:04:09.473+0000] {logging_mixin.py:137} INFO - Jeffrey Moss
[2023-02-02T10:04:09.475+0000] {logging_mixin.py:137} INFO - Sara Carlson
[2023-02-02T10:04:09.478+0000] {logging_mixin.py:137} INFO - Daniel Rodriguez
[2023-02-02T10:04:09.484+0000] {logging_mixin.py:137} INFO - Jeremy David
[2023-02-02T10:04:09.486+0000] {logging_mixin.py:137} INFO - Eric Green
[2023-02-02T10:04:09.490+0000] {logging_mixin.py:137} INFO - Alexis Jones
[2023-02-02T10:04:09.492+0000] {logging_mixin.py:137} INFO - Matthew Rose
[2023-02-02T10:04:09.497+0000] {logging_mixin.py:137} INFO - Catherine Anderson
[2023-02-02T10:04:09.500+0000] {logging_mixin.py:137} INFO - Holly Burton
[2023-02-02T10:04:09.502+0000] {logging_mixin.py:137} INFO - David Matthews
[2023-02-02T10:04:09.505+0000] {logging_mixin.py:137} INFO - Mrs. Kara Little
[2023-02-02T10:04:09.508+0000] {logging_mixin.py:137} INFO - Jeffrey Stanley
[2023-02-02T10:04:09.515+0000] {logging_mixin.py:137} INFO - James Ochoa
[2023-02-02T10:04:09.519+0000] {logging_mixin.py:137} INFO - Jason Frye
[2023-02-02T10:04:09.523+0000] {logging_mixin.py:137} INFO - Christopher Ellis
[2023-02-02T10:04:09.526+0000] {logging_mixin.py:137} INFO - Michelle Nixon
[2023-02-02T10:04:09.546+0000] {logging_mixin.py:137} INFO - Andrew Gill
[2023-02-02T10:04:09.548+0000] {logging_mixin.py:137} INFO - Jennifer Wilson
[2023-02-02T10:04:09.552+0000] {logging_mixin.py:137} INFO - Shawn Black
[2023-02-02T10:04:09.554+0000] {logging_mixin.py:137} INFO - April Patterson
[2023-02-02T10:04:09.561+0000] {logging_mixin.py:137} INFO - Troy Vaughn
[2023-02-02T10:04:09.562+0000] {logging_mixin.py:137} INFO - Alexandria White
[2023-02-02T10:04:09.569+0000] {logging_mixin.py:137} INFO - Scott Phillips
[2023-02-02T10:04:09.575+0000] {logging_mixin.py:137} INFO - Zachary Cisneros
[2023-02-02T10:04:09.576+0000] {logging_mixin.py:137} INFO - Deborah Brown
[2023-02-02T10:04:09.582+0000] {logging_mixin.py:137} INFO - Monica Moses
[2023-02-02T10:04:09.588+0000] {logging_mixin.py:137} INFO - Brenda Reyes
[2023-02-02T10:04:09.595+0000] {logging_mixin.py:137} INFO - Miss Renee Allen
[2023-02-02T10:04:09.597+0000] {logging_mixin.py:137} INFO - Susan Clark
[2023-02-02T10:04:09.598+0000] {logging_mixin.py:137} INFO - Brandy Coffey
[2023-02-02T10:04:09.600+0000] {logging_mixin.py:137} INFO - Brett Nelson
[2023-02-02T10:04:09.604+0000] {logging_mixin.py:137} INFO - Ricardo Young
[2023-02-02T10:04:09.611+0000] {logging_mixin.py:137} INFO - Paul Lee
[2023-02-02T10:04:09.615+0000] {logging_mixin.py:137} INFO - David Allen
[2023-02-02T10:04:09.622+0000] {logging_mixin.py:137} INFO - Andrea Knight
[2023-02-02T10:04:09.629+0000] {logging_mixin.py:137} INFO - James Gomez
[2023-02-02T10:04:09.636+0000] {logging_mixin.py:137} INFO - Melody Gibson
[2023-02-02T10:04:09.638+0000] {logging_mixin.py:137} INFO - Christina Martinez
[2023-02-02T10:04:09.644+0000] {logging_mixin.py:137} INFO - Shelby Smith
[2023-02-02T10:04:09.647+0000] {logging_mixin.py:137} INFO - Jason Howard
[2023-02-02T10:04:09.650+0000] {logging_mixin.py:137} INFO - Amy Davidson
[2023-02-02T10:04:09.652+0000] {logging_mixin.py:137} INFO - Kyle Copeland
[2023-02-02T10:04:09.659+0000] {logging_mixin.py:137} INFO - Madeline Davis
[2023-02-02T10:04:09.662+0000] {logging_mixin.py:137} INFO - Aaron Young
[2023-02-02T10:04:09.669+0000] {logging_mixin.py:137} INFO - Lisa Barrett
[2023-02-02T10:04:09.671+0000] {logging_mixin.py:137} INFO - Joel Jones
[2023-02-02T10:04:09.675+0000] {logging_mixin.py:137} INFO - Christine Evans
[2023-02-02T10:04:09.682+0000] {logging_mixin.py:137} INFO - Kimberly Johnson
[2023-02-02T10:04:09.689+0000] {logging_mixin.py:137} INFO - Charles Hess
[2023-02-02T10:04:09.691+0000] {logging_mixin.py:137} INFO - Paul Dixon
[2023-02-02T10:04:09.705+0000] {logging_mixin.py:137} INFO - Christopher Johnson
[2023-02-02T10:04:09.709+0000] {logging_mixin.py:137} INFO - Robert Dawson
[2023-02-02T10:04:09.716+0000] {logging_mixin.py:137} INFO - Ryan Dixon
[2023-02-02T10:04:09.718+0000] {logging_mixin.py:137} INFO - Julie Martinez
[2023-02-02T10:04:09.720+0000] {logging_mixin.py:137} INFO - David Adams
[2023-02-02T10:04:09.721+0000] {logging_mixin.py:137} INFO - Mariah Brown
[2023-02-02T10:04:09.723+0000] {logging_mixin.py:137} INFO - Deborah Malone
[2023-02-02T10:04:09.724+0000] {logging_mixin.py:137} INFO - John Brown
[2023-02-02T10:04:09.731+0000] {logging_mixin.py:137} INFO - Maria Stewart
[2023-02-02T10:04:09.737+0000] {logging_mixin.py:137} INFO - Mr. Bryan Hawkins
[2023-02-02T10:04:09.742+0000] {logging_mixin.py:137} INFO - Kyle Brooks
[2023-02-02T10:04:09.744+0000] {logging_mixin.py:137} INFO - Kenneth White
[2023-02-02T10:04:09.745+0000] {logging_mixin.py:137} INFO - Patricia Wilson
[2023-02-02T10:04:09.750+0000] {logging_mixin.py:137} INFO - Paul Soto
[2023-02-02T10:04:09.753+0000] {logging_mixin.py:137} INFO - Janice Garrett
[2023-02-02T10:04:09.759+0000] {logging_mixin.py:137} INFO - Randy Strickland
[2023-02-02T10:04:09.761+0000] {logging_mixin.py:137} INFO - Felicia Herrera
[2023-02-02T10:04:09.763+0000] {logging_mixin.py:137} INFO - Andre Campos
[2023-02-02T10:04:09.764+0000] {logging_mixin.py:137} INFO - Justin Meyer
[2023-02-02T10:04:09.765+0000] {logging_mixin.py:137} INFO - Brandon Brooks
[2023-02-02T10:04:09.766+0000] {logging_mixin.py:137} INFO - Abigail Rivera
[2023-02-02T10:04:09.768+0000] {logging_mixin.py:137} INFO - Jessica Mann
[2023-02-02T10:04:09.772+0000] {logging_mixin.py:137} INFO - Michael Sawyer
[2023-02-02T10:04:09.774+0000] {logging_mixin.py:137} INFO - Jeffrey Coleman
[2023-02-02T10:04:09.776+0000] {logging_mixin.py:137} INFO - Micheal Castro
[2023-02-02T10:04:09.779+0000] {logging_mixin.py:137} INFO - Laura Gonzalez
[2023-02-02T10:04:09.784+0000] {logging_mixin.py:137} INFO - Christopher Jackson
[2023-02-02T10:04:09.787+0000] {logging_mixin.py:137} INFO - William Mckenzie
[2023-02-02T10:04:09.790+0000] {logging_mixin.py:137} INFO - Kristina Rodriguez
[2023-02-02T10:04:09.792+0000] {logging_mixin.py:137} INFO - Kelli Williams
[2023-02-02T10:04:09.794+0000] {logging_mixin.py:137} INFO - Diane Norris
[2023-02-02T10:04:09.796+0000] {logging_mixin.py:137} INFO - Kevin Carroll
[2023-02-02T10:04:09.799+0000] {logging_mixin.py:137} INFO - Betty Weber
[2023-02-02T10:04:09.801+0000] {logging_mixin.py:137} INFO - Jeffery Robinson
[2023-02-02T10:04:09.806+0000] {logging_mixin.py:137} INFO - Hannah Cowan
[2023-02-02T10:04:09.808+0000] {logging_mixin.py:137} INFO - Brian Kramer
[2023-02-02T10:04:09.810+0000] {logging_mixin.py:137} INFO - Anthony Roberts
[2023-02-02T10:04:09.811+0000] {logging_mixin.py:137} INFO - Ricardo Blankenship
[2023-02-02T10:04:09.813+0000] {logging_mixin.py:137} INFO - Brooke Collins
[2023-02-02T10:04:09.814+0000] {logging_mixin.py:137} INFO - Tammy Lawson
[2023-02-02T10:04:09.817+0000] {logging_mixin.py:137} INFO - Cody Miller
[2023-02-02T10:04:09.820+0000] {logging_mixin.py:137} INFO - Dr. Janice Salazar
[2023-02-02T10:04:09.823+0000] {logging_mixin.py:137} INFO - David West
[2023-02-02T10:04:09.828+0000] {logging_mixin.py:137} INFO - Robin Carpenter
[2023-02-02T10:04:09.833+0000] {logging_mixin.py:137} INFO - Monique Wall
[2023-02-02T10:04:09.838+0000] {logging_mixin.py:137} INFO - Charles Cardenas
[2023-02-02T10:04:09.840+0000] {logging_mixin.py:137} INFO - Valerie Mitchell
[2023-02-02T10:04:09.842+0000] {logging_mixin.py:137} INFO - Michelle Valenzuela
[2023-02-02T10:04:09.846+0000] {logging_mixin.py:137} INFO - William Poole
[2023-02-02T10:04:09.847+0000] {logging_mixin.py:137} INFO - James Hall
[2023-02-02T10:04:09.854+0000] {logging_mixin.py:137} INFO - Dylan Carpenter
[2023-02-02T10:04:09.857+0000] {logging_mixin.py:137} INFO - Linda Medina
[2023-02-02T10:04:09.859+0000] {logging_mixin.py:137} INFO - Joan White
[2023-02-02T10:04:09.860+0000] {logging_mixin.py:137} INFO - Mary Klein
[2023-02-02T10:04:09.863+0000] {logging_mixin.py:137} INFO - Ashley Wolf
[2023-02-02T10:04:09.865+0000] {logging_mixin.py:137} INFO - William Reed
[2023-02-02T10:04:09.870+0000] {logging_mixin.py:137} INFO - Derek Harvey
[2023-02-02T10:04:09.872+0000] {logging_mixin.py:137} INFO - Kathleen Rodriguez
[2023-02-02T10:04:09.875+0000] {logging_mixin.py:137} INFO - Andrew Rodriguez
[2023-02-02T10:04:09.877+0000] {logging_mixin.py:137} INFO - Ariel Frank
[2023-02-02T10:04:09.878+0000] {logging_mixin.py:137} INFO - Tina French
[2023-02-02T10:04:09.880+0000] {logging_mixin.py:137} INFO - Brent Waller
[2023-02-02T10:04:09.881+0000] {logging_mixin.py:137} INFO - Kevin Allen
[2023-02-02T10:04:09.883+0000] {logging_mixin.py:137} INFO - Xavier Walker
[2023-02-02T10:04:09.887+0000] {logging_mixin.py:137} INFO - Michelle Sanchez
[2023-02-02T10:04:09.892+0000] {logging_mixin.py:137} INFO - Rachael Shepard
[2023-02-02T10:04:09.896+0000] {logging_mixin.py:137} INFO - Kelsey Johnson
[2023-02-02T10:04:09.904+0000] {logging_mixin.py:137} INFO - Nicole Webb
[2023-02-02T10:04:09.909+0000] {logging_mixin.py:137} INFO - Nicholas Rodriguez
[2023-02-02T10:04:09.912+0000] {logging_mixin.py:137} INFO - Eric Vaughan
[2023-02-02T10:04:09.920+0000] {logging_mixin.py:137} INFO - Amanda Richardson
[2023-02-02T10:04:09.928+0000] {logging_mixin.py:137} INFO - Janice Carlson
[2023-02-02T10:04:09.933+0000] {logging_mixin.py:137} INFO - Darryl Walsh
[2023-02-02T10:04:09.941+0000] {logging_mixin.py:137} INFO - Heather Johnson
[2023-02-02T10:04:09.947+0000] {logging_mixin.py:137} INFO - Mark Chambers
[2023-02-02T10:04:09.951+0000] {logging_mixin.py:137} INFO - Tracy Burns
[2023-02-02T10:04:09.955+0000] {logging_mixin.py:137} INFO - John Cole
[2023-02-02T10:04:09.964+0000] {logging_mixin.py:137} INFO - Deborah Silva
[2023-02-02T10:04:09.971+0000] {logging_mixin.py:137} INFO - Shawn Hernandez
[2023-02-02T10:04:09.975+0000] {logging_mixin.py:137} INFO - Bethany Meyer
[2023-02-02T10:04:09.981+0000] {logging_mixin.py:137} INFO - Helen Smith
[2023-02-02T10:04:09.984+0000] {logging_mixin.py:137} INFO - Dana Dennis
[2023-02-02T10:04:09.991+0000] {logging_mixin.py:137} INFO - Kelsey Camacho
[2023-02-02T10:04:09.995+0000] {logging_mixin.py:137} INFO - Matthew Thomas
[2023-02-02T10:04:10.000+0000] {logging_mixin.py:137} INFO - Brittany Arellano
[2023-02-02T10:04:10.003+0000] {logging_mixin.py:137} INFO - Stacey Jones
[2023-02-02T10:04:10.005+0000] {logging_mixin.py:137} INFO - William Weeks
[2023-02-02T10:04:10.007+0000] {logging_mixin.py:137} INFO - Mark Beasley
[2023-02-02T10:04:10.011+0000] {logging_mixin.py:137} INFO - Bruce Pena
[2023-02-02T10:04:10.021+0000] {logging_mixin.py:137} INFO - Jeffery Smith
[2023-02-02T10:04:10.024+0000] {logging_mixin.py:137} INFO - Ann Deleon
[2023-02-02T10:04:10.030+0000] {logging_mixin.py:137} INFO - Kevin Robertson
[2023-02-02T10:04:10.034+0000] {logging_mixin.py:137} INFO - Vincent Willis MD
[2023-02-02T10:04:10.039+0000] {logging_mixin.py:137} INFO - Michael Nielsen
[2023-02-02T10:04:10.046+0000] {logging_mixin.py:137} INFO - Walter Koch
[2023-02-02T10:04:10.048+0000] {logging_mixin.py:137} INFO - Brian Vega
[2023-02-02T10:04:10.053+0000] {logging_mixin.py:137} INFO - Jeffrey Medina
[2023-02-02T10:04:10.060+0000] {logging_mixin.py:137} INFO - Erika Banks
[2023-02-02T10:04:10.062+0000] {logging_mixin.py:137} INFO - Stacey Griffin
[2023-02-02T10:04:10.065+0000] {logging_mixin.py:137} INFO - Michael Marsh
[2023-02-02T10:04:10.069+0000] {logging_mixin.py:137} INFO - Molly White
[2023-02-02T10:04:10.070+0000] {logging_mixin.py:137} INFO - Matthew Morrison
[2023-02-02T10:04:10.074+0000] {logging_mixin.py:137} INFO - Amanda Burns
[2023-02-02T10:04:10.077+0000] {logging_mixin.py:137} INFO - Emily Gonzalez DDS
[2023-02-02T10:04:10.082+0000] {logging_mixin.py:137} INFO - Gregory King
[2023-02-02T10:04:10.085+0000] {logging_mixin.py:137} INFO - Dennis Evans
[2023-02-02T10:04:10.088+0000] {logging_mixin.py:137} INFO - Christina Snyder
[2023-02-02T10:04:10.091+0000] {logging_mixin.py:137} INFO - Carolyn Mata
[2023-02-02T10:04:10.092+0000] {logging_mixin.py:137} INFO - Brandy Lawson
[2023-02-02T10:04:10.094+0000] {logging_mixin.py:137} INFO - Briana Christian
[2023-02-02T10:04:10.101+0000] {logging_mixin.py:137} INFO - Jeffrey Hernandez
[2023-02-02T10:04:10.105+0000] {logging_mixin.py:137} INFO - John Riggs
[2023-02-02T10:04:10.109+0000] {logging_mixin.py:137} INFO - Barbara Short
[2023-02-02T10:04:10.114+0000] {logging_mixin.py:137} INFO - Steven Brooks
[2023-02-02T10:04:10.117+0000] {logging_mixin.py:137} INFO - Gabrielle James
[2023-02-02T10:04:10.122+0000] {logging_mixin.py:137} INFO - Robert Young
[2023-02-02T10:04:10.124+0000] {logging_mixin.py:137} INFO - Derek Sanders
[2023-02-02T10:04:10.129+0000] {logging_mixin.py:137} INFO - Mallory Oliver
[2023-02-02T10:04:10.140+0000] {logging_mixin.py:137} INFO - Terry Howe
[2023-02-02T10:04:10.147+0000] {logging_mixin.py:137} INFO - Samuel Wallace
[2023-02-02T10:04:10.149+0000] {logging_mixin.py:137} INFO - Angel Jones
[2023-02-02T10:04:10.154+0000] {logging_mixin.py:137} INFO - Jacqueline Nichols
[2023-02-02T10:04:10.158+0000] {logging_mixin.py:137} INFO - Melissa Mcgee
[2023-02-02T10:04:10.162+0000] {logging_mixin.py:137} INFO - Michelle Smith
[2023-02-02T10:04:10.164+0000] {logging_mixin.py:137} INFO - Maureen Baxter
[2023-02-02T10:04:10.165+0000] {logging_mixin.py:137} INFO - Kathy Crawford
[2023-02-02T10:04:10.167+0000] {logging_mixin.py:137} INFO - Stacy Wood
[2023-02-02T10:04:10.168+0000] {logging_mixin.py:137} INFO - Justin Parsons
[2023-02-02T10:04:10.169+0000] {logging_mixin.py:137} INFO - Ann Klein
[2023-02-02T10:04:10.171+0000] {logging_mixin.py:137} INFO - Allison Arnold
[2023-02-02T10:04:10.178+0000] {logging_mixin.py:137} INFO - Heather Kirk
[2023-02-02T10:04:10.180+0000] {logging_mixin.py:137} INFO - Monica Smith
[2023-02-02T10:04:10.181+0000] {logging_mixin.py:137} INFO - Brett Oconnor
[2023-02-02T10:04:10.183+0000] {logging_mixin.py:137} INFO - Anthony Bryant
[2023-02-02T10:04:10.185+0000] {logging_mixin.py:137} INFO - Jeremy Russell
[2023-02-02T10:04:10.188+0000] {logging_mixin.py:137} INFO - Julie Poole
[2023-02-02T10:04:10.190+0000] {logging_mixin.py:137} INFO - Emma Thompson
[2023-02-02T10:04:10.191+0000] {logging_mixin.py:137} INFO - Bradley Matthews
[2023-02-02T10:04:10.193+0000] {logging_mixin.py:137} INFO - William Roberts
[2023-02-02T10:04:10.196+0000] {logging_mixin.py:137} INFO - Julie Mooney
[2023-02-02T10:04:10.197+0000] {logging_mixin.py:137} INFO - Amy Doyle
[2023-02-02T10:04:10.202+0000] {logging_mixin.py:137} INFO - Amanda Grant
[2023-02-02T10:04:10.204+0000] {logging_mixin.py:137} INFO - Eric Anderson
[2023-02-02T10:04:10.206+0000] {logging_mixin.py:137} INFO - George Thompson
[2023-02-02T10:04:10.209+0000] {logging_mixin.py:137} INFO - Dustin Hines
[2023-02-02T10:04:10.211+0000] {logging_mixin.py:137} INFO - Andrea Frank
[2023-02-02T10:04:10.214+0000] {logging_mixin.py:137} INFO - Jodi Cook
[2023-02-02T10:04:10.217+0000] {logging_mixin.py:137} INFO - Stacy Haney
[2023-02-02T10:04:10.218+0000] {logging_mixin.py:137} INFO - Paul Callahan
[2023-02-02T10:04:10.219+0000] {logging_mixin.py:137} INFO - Jasmine Chambers
[2023-02-02T10:04:10.221+0000] {logging_mixin.py:137} INFO - Melissa Pittman MD
[2023-02-02T10:04:10.224+0000] {logging_mixin.py:137} INFO - Deborah Larson
[2023-02-02T10:04:10.225+0000] {logging_mixin.py:137} INFO - Brandon Shaw
[2023-02-02T10:04:10.227+0000] {logging_mixin.py:137} INFO - Timothy Paul
[2023-02-02T10:04:10.229+0000] {logging_mixin.py:137} INFO - Michael Trujillo
[2023-02-02T10:04:10.240+0000] {logging_mixin.py:137} INFO - Robert Rivera
[2023-02-02T10:04:10.246+0000] {logging_mixin.py:137} INFO - Dana Nelson
[2023-02-02T10:04:10.249+0000] {logging_mixin.py:137} INFO - Andrea Bennett
[2023-02-02T10:04:10.251+0000] {logging_mixin.py:137} INFO - Jodi Fox
[2023-02-02T10:04:10.253+0000] {logging_mixin.py:137} INFO - Heather Hayes
[2023-02-02T10:04:10.255+0000] {logging_mixin.py:137} INFO - Jennifer Moreno
[2023-02-02T10:04:10.257+0000] {logging_mixin.py:137} INFO - John Patel
[2023-02-02T10:04:10.259+0000] {logging_mixin.py:137} INFO - Teresa Oliver
[2023-02-02T10:04:10.261+0000] {logging_mixin.py:137} INFO - Monique Bell
[2023-02-02T10:04:10.265+0000] {logging_mixin.py:137} INFO - Casey Leonard
[2023-02-02T10:04:10.268+0000] {logging_mixin.py:137} INFO - Steven Clark
[2023-02-02T10:04:10.270+0000] {logging_mixin.py:137} INFO - Edward Martin
[2023-02-02T10:04:10.271+0000] {logging_mixin.py:137} INFO - Shawn Orozco
[2023-02-02T10:04:10.273+0000] {logging_mixin.py:137} INFO - Brandon Yang
[2023-02-02T10:04:10.274+0000] {logging_mixin.py:137} INFO - Nathan Ray
[2023-02-02T10:04:10.276+0000] {logging_mixin.py:137} INFO - Lori Moore
[2023-02-02T10:04:10.279+0000] {logging_mixin.py:137} INFO - Dr. Lisa Shaw DVM
[2023-02-02T10:04:10.284+0000] {logging_mixin.py:137} INFO - Angela Walters
[2023-02-02T10:04:10.285+0000] {logging_mixin.py:137} INFO - David Nolan
[2023-02-02T10:04:10.287+0000] {logging_mixin.py:137} INFO - William Ramsey
[2023-02-02T10:04:10.290+0000] {logging_mixin.py:137} INFO - David Oconnor
[2023-02-02T10:04:10.291+0000] {logging_mixin.py:137} INFO - Mark Washington
[2023-02-02T10:04:10.293+0000] {logging_mixin.py:137} INFO - Jennifer Jacobs
[2023-02-02T10:04:10.294+0000] {logging_mixin.py:137} INFO - Tammy Hampton
[2023-02-02T10:04:10.296+0000] {logging_mixin.py:137} INFO - Stephen Farmer
[2023-02-02T10:04:10.297+0000] {logging_mixin.py:137} INFO - Jasmine Nguyen
[2023-02-02T10:04:10.298+0000] {logging_mixin.py:137} INFO - Rebecca Flores
[2023-02-02T10:04:10.301+0000] {logging_mixin.py:137} INFO - Tyler Davis
[2023-02-02T10:04:10.308+0000] {logging_mixin.py:137} INFO - Nancy Gray
[2023-02-02T10:04:10.309+0000] {logging_mixin.py:137} INFO - Brian Sanchez
[2023-02-02T10:04:10.311+0000] {logging_mixin.py:137} INFO - Laurie Shaw
[2023-02-02T10:04:10.313+0000] {logging_mixin.py:137} INFO - Kristina Torres
[2023-02-02T10:04:10.316+0000] {logging_mixin.py:137} INFO - Andrea Rodgers
[2023-02-02T10:04:10.317+0000] {logging_mixin.py:137} INFO - Jason Walters
[2023-02-02T10:04:10.319+0000] {logging_mixin.py:137} INFO - Jerry Moss
[2023-02-02T10:04:10.325+0000] {logging_mixin.py:137} INFO - Jeffrey Jordan
[2023-02-02T10:04:10.327+0000] {logging_mixin.py:137} INFO - Jennifer Wilson
[2023-02-02T10:04:10.328+0000] {logging_mixin.py:137} INFO - Trevor Mathews
[2023-02-02T10:04:10.331+0000] {logging_mixin.py:137} INFO - Anne Hood
[2023-02-02T10:04:10.335+0000] {logging_mixin.py:137} INFO - Sarah Williams
[2023-02-02T10:04:10.338+0000] {logging_mixin.py:137} INFO - Shelby Hernandez
[2023-02-02T10:04:10.340+0000] {logging_mixin.py:137} INFO - Samantha Velez
[2023-02-02T10:04:10.341+0000] {logging_mixin.py:137} INFO - Matthew Douglas
[2023-02-02T10:04:10.342+0000] {logging_mixin.py:137} INFO - Ashlee George
[2023-02-02T10:04:10.344+0000] {logging_mixin.py:137} INFO - Troy Crane
[2023-02-02T10:04:10.346+0000] {logging_mixin.py:137} INFO - Michael Cooper
[2023-02-02T10:04:10.348+0000] {logging_mixin.py:137} INFO - Michael White
[2023-02-02T10:04:10.353+0000] {logging_mixin.py:137} INFO - Mr. Timothy Fleming
[2023-02-02T10:04:10.359+0000] {logging_mixin.py:137} INFO - Seth Bruce
[2023-02-02T10:04:10.361+0000] {logging_mixin.py:137} INFO - Jacqueline Carpenter
[2023-02-02T10:04:10.362+0000] {logging_mixin.py:137} INFO - Michael Martin
[2023-02-02T10:04:10.363+0000] {logging_mixin.py:137} INFO - Kristopher Henry
[2023-02-02T10:04:10.365+0000] {logging_mixin.py:137} INFO - Tiffany Porter
[2023-02-02T10:04:10.366+0000] {logging_mixin.py:137} INFO - Stacy Simpson
[2023-02-02T10:04:10.369+0000] {logging_mixin.py:137} INFO - Tammy Mcdowell
[2023-02-02T10:04:10.371+0000] {logging_mixin.py:137} INFO - Thomas Walters
[2023-02-02T10:04:10.372+0000] {logging_mixin.py:137} INFO - Dwayne Thompson
[2023-02-02T10:04:10.374+0000] {logging_mixin.py:137} INFO - Natalie Willis
[2023-02-02T10:04:10.375+0000] {logging_mixin.py:137} INFO - Sharon Taylor
[2023-02-02T10:04:10.378+0000] {logging_mixin.py:137} INFO - Sarah Wiggins
[2023-02-02T10:04:10.382+0000] {logging_mixin.py:137} INFO - Amber Thomas
[2023-02-02T10:04:10.386+0000] {logging_mixin.py:137} INFO - Patrick Miller
[2023-02-02T10:04:10.388+0000] {logging_mixin.py:137} INFO - Stephanie Hartman
[2023-02-02T10:04:10.391+0000] {logging_mixin.py:137} INFO - Stacey Mora
[2023-02-02T10:04:10.394+0000] {logging_mixin.py:137} INFO - Katherine Rodriguez
[2023-02-02T10:04:10.396+0000] {logging_mixin.py:137} INFO - Daniel Morgan
[2023-02-02T10:04:10.399+0000] {logging_mixin.py:137} INFO - Rebecca Martinez
[2023-02-02T10:04:10.401+0000] {logging_mixin.py:137} INFO - Nicole Juarez
[2023-02-02T10:04:10.403+0000] {logging_mixin.py:137} INFO - Mark Arroyo
[2023-02-02T10:04:10.405+0000] {logging_mixin.py:137} INFO - April Lucero
[2023-02-02T10:04:10.407+0000] {logging_mixin.py:137} INFO - Samantha Garcia
[2023-02-02T10:04:10.409+0000] {logging_mixin.py:137} INFO - Jon Moore
[2023-02-02T10:04:10.411+0000] {logging_mixin.py:137} INFO - Joshua Flores MD
[2023-02-02T10:04:10.412+0000] {logging_mixin.py:137} INFO - Raymond Jones
[2023-02-02T10:04:10.421+0000] {logging_mixin.py:137} INFO - Billy Hughes
[2023-02-02T10:04:10.423+0000] {logging_mixin.py:137} INFO - Peggy Valdez PhD
[2023-02-02T10:04:10.425+0000] {logging_mixin.py:137} INFO - Joshua Reyes
[2023-02-02T10:04:10.429+0000] {logging_mixin.py:137} INFO - Aaron Green
[2023-02-02T10:04:10.438+0000] {logging_mixin.py:137} INFO - Wendy Espinoza
[2023-02-02T10:04:10.444+0000] {logging_mixin.py:137} INFO - Peter Vasquez
[2023-02-02T10:04:10.451+0000] {logging_mixin.py:137} INFO - Diane Harper
[2023-02-02T10:04:10.454+0000] {logging_mixin.py:137} INFO - Ms. Rebecca Cantu
[2023-02-02T10:04:10.456+0000] {logging_mixin.py:137} INFO - Yolanda Morrow
[2023-02-02T10:04:10.457+0000] {logging_mixin.py:137} INFO - Penny Beard
[2023-02-02T10:04:10.460+0000] {logging_mixin.py:137} INFO - Lisa Long
[2023-02-02T10:04:10.464+0000] {logging_mixin.py:137} INFO - Jerry Harris
[2023-02-02T10:04:10.467+0000] {logging_mixin.py:137} INFO - Bob Willis
[2023-02-02T10:04:10.468+0000] {logging_mixin.py:137} INFO - Duane Chapman
[2023-02-02T10:04:10.469+0000] {logging_mixin.py:137} INFO - William Morgan
[2023-02-02T10:04:10.471+0000] {logging_mixin.py:137} INFO - Amy Gutierrez
[2023-02-02T10:04:10.472+0000] {logging_mixin.py:137} INFO - Amber Nichols
[2023-02-02T10:04:10.479+0000] {logging_mixin.py:137} INFO - Matthew Carr
[2023-02-02T10:04:10.481+0000] {logging_mixin.py:137} INFO - Thomas Duncan
[2023-02-02T10:04:10.482+0000] {logging_mixin.py:137} INFO - Elizabeth Wright
[2023-02-02T10:04:10.484+0000] {logging_mixin.py:137} INFO - Jacqueline Brewer
[2023-02-02T10:04:10.485+0000] {logging_mixin.py:137} INFO - Stephanie Johnson
[2023-02-02T10:04:10.488+0000] {logging_mixin.py:137} INFO - Samantha Calderon
[2023-02-02T10:04:10.490+0000] {logging_mixin.py:137} INFO - Kathryn Gaines
[2023-02-02T10:04:10.494+0000] {logging_mixin.py:137} INFO - Angel Jones
[2023-02-02T10:04:10.498+0000] {logging_mixin.py:137} INFO - Laura Wall
[2023-02-02T10:04:10.501+0000] {logging_mixin.py:137} INFO - Mr. Anthony Hamilton
[2023-02-02T10:04:10.509+0000] {logging_mixin.py:137} INFO - David Smith
[2023-02-02T10:04:10.518+0000] {logging_mixin.py:137} INFO - Kimberly Herrera DDS
[2023-02-02T10:04:10.520+0000] {logging_mixin.py:137} INFO - Gina Wilson
[2023-02-02T10:04:10.523+0000] {logging_mixin.py:137} INFO - Timothy Byrd
[2023-02-02T10:04:10.526+0000] {logging_mixin.py:137} INFO - Michael Mckenzie
[2023-02-02T10:04:10.528+0000] {logging_mixin.py:137} INFO - Jeffrey Mcintyre
[2023-02-02T10:04:10.544+0000] {logging_mixin.py:137} INFO - Teresa Jackson
[2023-02-02T10:04:10.547+0000] {logging_mixin.py:137} INFO - Joseph Wilcox
[2023-02-02T10:04:10.548+0000] {logging_mixin.py:137} INFO - Patrick Mcknight
[2023-02-02T10:04:10.554+0000] {logging_mixin.py:137} INFO - Ronald Moreno
[2023-02-02T10:04:10.558+0000] {logging_mixin.py:137} INFO - Jamie Sullivan
[2023-02-02T10:04:10.559+0000] {logging_mixin.py:137} INFO - Jason Anderson
[2023-02-02T10:04:10.561+0000] {logging_mixin.py:137} INFO - Steven Stewart
[2023-02-02T10:04:10.567+0000] {logging_mixin.py:137} INFO - Melinda Paul
[2023-02-02T10:04:10.568+0000] {logging_mixin.py:137} INFO - Cynthia Simmons
[2023-02-02T10:04:10.574+0000] {logging_mixin.py:137} INFO - Christian Smith
[2023-02-02T10:04:10.576+0000] {logging_mixin.py:137} INFO - William Jimenez
[2023-02-02T10:04:10.580+0000] {logging_mixin.py:137} INFO - Hayley French
[2023-02-02T10:04:10.583+0000] {logging_mixin.py:137} INFO - Brandon Hess
[2023-02-02T10:04:10.586+0000] {logging_mixin.py:137} INFO - Laura Perry
[2023-02-02T10:04:10.589+0000] {logging_mixin.py:137} INFO - Scott Jones
[2023-02-02T10:04:10.593+0000] {logging_mixin.py:137} INFO - Christine Hernandez
[2023-02-02T10:04:10.595+0000] {logging_mixin.py:137} INFO - Douglas Eaton
[2023-02-02T10:04:10.596+0000] {logging_mixin.py:137} INFO - William Soto
[2023-02-02T10:04:10.598+0000] {logging_mixin.py:137} INFO - Mary Jones
[2023-02-02T10:04:10.601+0000] {logging_mixin.py:137} INFO - Stephanie Holmes
[2023-02-02T10:04:10.603+0000] {logging_mixin.py:137} INFO - Keith Meyers
[2023-02-02T10:04:10.606+0000] {logging_mixin.py:137} INFO - Paul Fisher
[2023-02-02T10:04:10.607+0000] {logging_mixin.py:137} INFO - Emily Alexander
[2023-02-02T10:04:10.609+0000] {logging_mixin.py:137} INFO - Anthony Schwartz
[2023-02-02T10:04:10.611+0000] {logging_mixin.py:137} INFO - Evelyn Jacobs
[2023-02-02T10:04:10.613+0000] {logging_mixin.py:137} INFO - Connie Jones
[2023-02-02T10:04:10.615+0000] {logging_mixin.py:137} INFO - Carla Gibbs
[2023-02-02T10:04:10.616+0000] {logging_mixin.py:137} INFO - Ashley Santiago
[2023-02-02T10:04:10.618+0000] {logging_mixin.py:137} INFO - Micheal Mckee
[2023-02-02T10:04:10.619+0000] {logging_mixin.py:137} INFO - Diane Williams
[2023-02-02T10:04:10.620+0000] {logging_mixin.py:137} INFO - Jesse Velasquez
[2023-02-02T10:04:10.623+0000] {logging_mixin.py:137} INFO - Jennifer Rodriguez
[2023-02-02T10:04:10.625+0000] {logging_mixin.py:137} INFO - Joe Griffin
[2023-02-02T10:04:10.627+0000] {logging_mixin.py:137} INFO - Gary Cherry
[2023-02-02T10:04:10.629+0000] {logging_mixin.py:137} INFO - Alyssa Edwards
[2023-02-02T10:04:10.631+0000] {logging_mixin.py:137} INFO - Caroline Hernandez MD
[2023-02-02T10:04:10.634+0000] {logging_mixin.py:137} INFO - Jessica Morton
[2023-02-02T10:04:10.644+0000] {logging_mixin.py:137} INFO - Holly Jones
[2023-02-02T10:04:10.646+0000] {logging_mixin.py:137} INFO - David Shelton
[2023-02-02T10:04:10.647+0000] {logging_mixin.py:137} INFO - Kristina Parks
[2023-02-02T10:04:10.650+0000] {logging_mixin.py:137} INFO - Laurie Hernandez
[2023-02-02T10:04:10.651+0000] {logging_mixin.py:137} INFO - Melissa James
[2023-02-02T10:04:10.653+0000] {logging_mixin.py:137} INFO - Jeremiah Adams
[2023-02-02T10:04:10.654+0000] {logging_mixin.py:137} INFO - Arthur Robinson
[2023-02-02T10:04:10.657+0000] {logging_mixin.py:137} INFO - Anna Shepard
[2023-02-02T10:04:10.659+0000] {logging_mixin.py:137} INFO - Brandon Myers
[2023-02-02T10:04:10.661+0000] {logging_mixin.py:137} INFO - Paul Cardenas
[2023-02-02T10:04:10.664+0000] {logging_mixin.py:137} INFO - Megan Santana
[2023-02-02T10:04:10.667+0000] {logging_mixin.py:137} INFO - Joseph Marshall
[2023-02-02T10:04:10.677+0000] {logging_mixin.py:137} INFO - Mrs. Brenda Harris
[2023-02-02T10:04:10.681+0000] {logging_mixin.py:137} INFO - Nicole Garcia
[2023-02-02T10:04:10.683+0000] {logging_mixin.py:137} INFO - Anna Estrada
[2023-02-02T10:04:10.685+0000] {logging_mixin.py:137} INFO - Carl Moore
[2023-02-02T10:04:10.688+0000] {logging_mixin.py:137} INFO - Rodney Hernandez
[2023-02-02T10:04:10.692+0000] {logging_mixin.py:137} INFO - Madison Christian
[2023-02-02T10:04:10.697+0000] {logging_mixin.py:137} INFO - Heather Rhodes
[2023-02-02T10:04:10.725+0000] {python.py:177} INFO - Done. Returned value was: None
[2023-02-02T10:04:10.774+0000] {taskinstance.py:1323} INFO - Marking task as SUCCESS. dag_id=CSV_DAG, task_id=convertCSVToJson, execution_date=20230202T090500, start_date=20230202T100405, end_date=20230202T100410
[2023-02-02T10:04:10.911+0000] {local_task_job.py:208} INFO - Task exited with return code 0
[2023-02-02T10:04:11.098+0000] {taskinstance.py:2578} INFO - 0 downstream tasks scheduled from follow-on schedule check
