[2023-02-02T10:02:35.829+0000] {taskinstance.py:1083} INFO - Dependencies all met for <TaskInstance: CSV_DAG.convertCSVToJson scheduled__2023-02-02T04:05:00+00:00 [queued]>
[2023-02-02T10:02:35.865+0000] {taskinstance.py:1083} INFO - Dependencies all met for <TaskInstance: CSV_DAG.convertCSVToJson scheduled__2023-02-02T04:05:00+00:00 [queued]>
[2023-02-02T10:02:35.867+0000] {taskinstance.py:1279} INFO - 
--------------------------------------------------------------------------------
[2023-02-02T10:02:35.870+0000] {taskinstance.py:1280} INFO - Starting attempt 1 of 2
[2023-02-02T10:02:35.872+0000] {taskinstance.py:1281} INFO - 
--------------------------------------------------------------------------------
[2023-02-02T10:02:35.899+0000] {taskinstance.py:1300} INFO - Executing <Task(PythonOperator): convertCSVToJson> on 2023-02-02 04:05:00+00:00
[2023-02-02T10:02:35.909+0000] {standard_task_runner.py:55} INFO - Started process 971 to run task
[2023-02-02T10:02:35.935+0000] {standard_task_runner.py:82} INFO - Running: ['***', 'tasks', 'run', 'CSV_DAG', 'convertCSVToJson', 'scheduled__2023-02-02T04:05:00+00:00', '--job-id', '710', '--raw', '--subdir', 'DAGS_FOLDER/csv.py', '--cfg-path', '/tmp/tmphvz8nlsy']
[2023-02-02T10:02:35.937+0000] {standard_task_runner.py:83} INFO - Job 710: Subtask convertCSVToJson
[2023-02-02T10:02:36.081+0000] {task_command.py:388} INFO - Running <TaskInstance: CSV_DAG.convertCSVToJson scheduled__2023-02-02T04:05:00+00:00 [running]> on host 06d8060e8530
[2023-02-02T10:02:36.205+0000] {taskinstance.py:1509} INFO - Exporting the following env vars:
AIRFLOW_CTX_DAG_OWNER=Kevin Chalmers
AIRFLOW_CTX_DAG_ID=CSV_DAG
AIRFLOW_CTX_TASK_ID=convertCSVToJson
AIRFLOW_CTX_EXECUTION_DATE=2023-02-02T04:05:00+00:00
AIRFLOW_CTX_TRY_NUMBER=1
AIRFLOW_CTX_DAG_RUN_ID=scheduled__2023-02-02T04:05:00+00:00
[2023-02-02T10:02:36.227+0000] {logging_mixin.py:137} INFO - Angelica Lopez
[2023-02-02T10:02:36.229+0000] {logging_mixin.py:137} INFO - Betty Wright
[2023-02-02T10:02:36.231+0000] {logging_mixin.py:137} INFO - Sara Schmidt
[2023-02-02T10:02:36.232+0000] {logging_mixin.py:137} INFO - Dr. Sherry Rodriguez
[2023-02-02T10:02:36.234+0000] {logging_mixin.py:137} INFO - Rebecca Mills
[2023-02-02T10:02:36.235+0000] {logging_mixin.py:137} INFO - Andrew Anderson
[2023-02-02T10:02:36.237+0000] {logging_mixin.py:137} INFO - Martin Everett
[2023-02-02T10:02:36.238+0000] {logging_mixin.py:137} INFO - Felicia Gregory
[2023-02-02T10:02:36.239+0000] {logging_mixin.py:137} INFO - Kara Bowers
[2023-02-02T10:02:36.243+0000] {logging_mixin.py:137} INFO - Vincent Vincent
[2023-02-02T10:02:36.245+0000] {logging_mixin.py:137} INFO - Morgan Butler
[2023-02-02T10:02:36.246+0000] {logging_mixin.py:137} INFO - Stephen Riley
[2023-02-02T10:02:36.248+0000] {logging_mixin.py:137} INFO - Wanda Thomas
[2023-02-02T10:02:36.250+0000] {logging_mixin.py:137} INFO - Michelle Schultz
[2023-02-02T10:02:36.252+0000] {logging_mixin.py:137} INFO - Christopher Rush MD
[2023-02-02T10:02:36.254+0000] {logging_mixin.py:137} INFO - Phyllis Miles
[2023-02-02T10:02:36.256+0000] {logging_mixin.py:137} INFO - Rebecca Price
[2023-02-02T10:02:36.260+0000] {logging_mixin.py:137} INFO - John Morse
[2023-02-02T10:02:36.266+0000] {logging_mixin.py:137} INFO - Nicholas Sanchez
[2023-02-02T10:02:36.269+0000] {logging_mixin.py:137} INFO - Crystal Dean
[2023-02-02T10:02:36.272+0000] {logging_mixin.py:137} INFO - Tyler Diaz
[2023-02-02T10:02:36.274+0000] {logging_mixin.py:137} INFO - Denise Mclean
[2023-02-02T10:02:36.276+0000] {logging_mixin.py:137} INFO - Daniel Grant
[2023-02-02T10:02:36.277+0000] {logging_mixin.py:137} INFO - Sandra Peterson
[2023-02-02T10:02:36.279+0000] {logging_mixin.py:137} INFO - Denise Morse
[2023-02-02T10:02:36.281+0000] {logging_mixin.py:137} INFO - Brianna Smith
[2023-02-02T10:02:36.283+0000] {logging_mixin.py:137} INFO - Tony Miller
[2023-02-02T10:02:36.284+0000] {logging_mixin.py:137} INFO - Jean Booth
[2023-02-02T10:02:36.286+0000] {logging_mixin.py:137} INFO - Penny Salazar
[2023-02-02T10:02:36.289+0000] {logging_mixin.py:137} INFO - Cathy Williams
[2023-02-02T10:02:36.292+0000] {logging_mixin.py:137} INFO - Hannah Collins
[2023-02-02T10:02:36.294+0000] {logging_mixin.py:137} INFO - Maurice Casey
[2023-02-02T10:02:36.295+0000] {logging_mixin.py:137} INFO - Patrick Walker
[2023-02-02T10:02:36.298+0000] {logging_mixin.py:137} INFO - Pamela Barton
[2023-02-02T10:02:36.301+0000] {logging_mixin.py:137} INFO - Anthony Bryant
[2023-02-02T10:02:36.303+0000] {logging_mixin.py:137} INFO - Andrew Harris
[2023-02-02T10:02:36.306+0000] {logging_mixin.py:137} INFO - Aaron Harris
[2023-02-02T10:02:36.308+0000] {logging_mixin.py:137} INFO - Maureen Soto
[2023-02-02T10:02:36.310+0000] {logging_mixin.py:137} INFO - Crystal Mcdaniel
[2023-02-02T10:02:36.313+0000] {logging_mixin.py:137} INFO - Lauren Barrett
[2023-02-02T10:02:36.315+0000] {logging_mixin.py:137} INFO - Brandon Perez
[2023-02-02T10:02:36.316+0000] {logging_mixin.py:137} INFO - Mark Robertson
[2023-02-02T10:02:36.318+0000] {logging_mixin.py:137} INFO - Nicole Gates
[2023-02-02T10:02:36.320+0000] {logging_mixin.py:137} INFO - Bradley Cruz
[2023-02-02T10:02:36.322+0000] {logging_mixin.py:137} INFO - Gina Burns
[2023-02-02T10:02:36.324+0000] {logging_mixin.py:137} INFO - Zachary Martinez
[2023-02-02T10:02:36.325+0000] {logging_mixin.py:137} INFO - Natasha Johnson
[2023-02-02T10:02:36.327+0000] {logging_mixin.py:137} INFO - Patrick Gonzales
[2023-02-02T10:02:36.328+0000] {logging_mixin.py:137} INFO - Terri Wilson
[2023-02-02T10:02:36.329+0000] {logging_mixin.py:137} INFO - Sarah Lopez
[2023-02-02T10:02:36.331+0000] {logging_mixin.py:137} INFO - Dana Turner
[2023-02-02T10:02:36.333+0000] {logging_mixin.py:137} INFO - Cynthia Johnson
[2023-02-02T10:02:36.334+0000] {logging_mixin.py:137} INFO - William Thornton
[2023-02-02T10:02:36.338+0000] {logging_mixin.py:137} INFO - James Lee
[2023-02-02T10:02:36.341+0000] {logging_mixin.py:137} INFO - Stephen Allen
[2023-02-02T10:02:36.343+0000] {logging_mixin.py:137} INFO - William Stark
[2023-02-02T10:02:36.345+0000] {logging_mixin.py:137} INFO - Michael Parker
[2023-02-02T10:02:36.350+0000] {logging_mixin.py:137} INFO - Lisa Stephens
[2023-02-02T10:02:36.352+0000] {logging_mixin.py:137} INFO - Mr. Reginald Wise DDS
[2023-02-02T10:02:36.354+0000] {logging_mixin.py:137} INFO - Alexander James
[2023-02-02T10:02:36.358+0000] {logging_mixin.py:137} INFO - Kristen West
[2023-02-02T10:02:36.362+0000] {logging_mixin.py:137} INFO - Elizabeth Sanchez
[2023-02-02T10:02:36.364+0000] {logging_mixin.py:137} INFO - Jennifer Wilson
[2023-02-02T10:02:36.365+0000] {logging_mixin.py:137} INFO - Catherine Nicholson
[2023-02-02T10:02:36.369+0000] {logging_mixin.py:137} INFO - David Henderson
[2023-02-02T10:02:36.372+0000] {logging_mixin.py:137} INFO - Stephen Davis
[2023-02-02T10:02:36.374+0000] {logging_mixin.py:137} INFO - Paul Skinner
[2023-02-02T10:02:36.376+0000] {logging_mixin.py:137} INFO - Rebecca Wong
[2023-02-02T10:02:36.377+0000] {logging_mixin.py:137} INFO - Tara Benitez
[2023-02-02T10:02:36.380+0000] {logging_mixin.py:137} INFO - Sharon Miller
[2023-02-02T10:02:36.382+0000] {logging_mixin.py:137} INFO - Cynthia Smith
[2023-02-02T10:02:36.384+0000] {logging_mixin.py:137} INFO - Jennifer Werner
[2023-02-02T10:02:36.388+0000] {logging_mixin.py:137} INFO - Rebecca Tucker
[2023-02-02T10:02:36.392+0000] {logging_mixin.py:137} INFO - Ashlee Castillo
[2023-02-02T10:02:36.394+0000] {logging_mixin.py:137} INFO - Christopher Holmes
[2023-02-02T10:02:36.396+0000] {logging_mixin.py:137} INFO - Daniel Velez
[2023-02-02T10:02:36.400+0000] {logging_mixin.py:137} INFO - Amy Serrano
[2023-02-02T10:02:36.402+0000] {logging_mixin.py:137} INFO - Alison Nash
[2023-02-02T10:02:36.404+0000] {logging_mixin.py:137} INFO - Peter Johnson
[2023-02-02T10:02:36.406+0000] {logging_mixin.py:137} INFO - Breanna Harris
[2023-02-02T10:02:36.408+0000] {logging_mixin.py:137} INFO - Eric King
[2023-02-02T10:02:36.411+0000] {logging_mixin.py:137} INFO - Patricia Oliver
[2023-02-02T10:02:36.412+0000] {logging_mixin.py:137} INFO - Denise Grimes
[2023-02-02T10:02:36.414+0000] {logging_mixin.py:137} INFO - Jill Olson
[2023-02-02T10:02:36.416+0000] {logging_mixin.py:137} INFO - Stephanie Hart
[2023-02-02T10:02:36.420+0000] {logging_mixin.py:137} INFO - Ashley Lee
[2023-02-02T10:02:36.421+0000] {logging_mixin.py:137} INFO - Kelly Barnes
[2023-02-02T10:02:36.423+0000] {logging_mixin.py:137} INFO - Christie West
[2023-02-02T10:02:36.425+0000] {logging_mixin.py:137} INFO - Todd Nolan
[2023-02-02T10:02:36.427+0000] {logging_mixin.py:137} INFO - Sarah Reed
[2023-02-02T10:02:36.428+0000] {logging_mixin.py:137} INFO - Jennifer Keith
[2023-02-02T10:02:36.430+0000] {logging_mixin.py:137} INFO - Shawn Alvarez
[2023-02-02T10:02:36.431+0000] {logging_mixin.py:137} INFO - Alexander Wilson
[2023-02-02T10:02:36.433+0000] {logging_mixin.py:137} INFO - Rachel Melendez
[2023-02-02T10:02:36.434+0000] {logging_mixin.py:137} INFO - Morgan Walters
[2023-02-02T10:02:36.435+0000] {logging_mixin.py:137} INFO - Nicole Garcia
[2023-02-02T10:02:36.436+0000] {logging_mixin.py:137} INFO - Jennifer White
[2023-02-02T10:02:36.437+0000] {logging_mixin.py:137} INFO - Leslie Shannon
[2023-02-02T10:02:36.439+0000] {logging_mixin.py:137} INFO - Lisa Clayton
[2023-02-02T10:02:36.440+0000] {logging_mixin.py:137} INFO - Zachary Molina
[2023-02-02T10:02:36.441+0000] {logging_mixin.py:137} INFO - Bruce Butler
[2023-02-02T10:02:36.443+0000] {logging_mixin.py:137} INFO - Dustin Howell
[2023-02-02T10:02:36.444+0000] {logging_mixin.py:137} INFO - Aaron Smith
[2023-02-02T10:02:36.446+0000] {logging_mixin.py:137} INFO - Kyle Green
[2023-02-02T10:02:36.447+0000] {logging_mixin.py:137} INFO - Steven Clark
[2023-02-02T10:02:36.448+0000] {logging_mixin.py:137} INFO - Robert Holden
[2023-02-02T10:02:36.450+0000] {logging_mixin.py:137} INFO - Zachary Harmon
[2023-02-02T10:02:36.452+0000] {logging_mixin.py:137} INFO - Rachel Miller
[2023-02-02T10:02:36.453+0000] {logging_mixin.py:137} INFO - Brandon Parker
[2023-02-02T10:02:36.455+0000] {logging_mixin.py:137} INFO - Walter Martin
[2023-02-02T10:02:36.456+0000] {logging_mixin.py:137} INFO - Jose Young
[2023-02-02T10:02:36.458+0000] {logging_mixin.py:137} INFO - Kelsey Long
[2023-02-02T10:02:36.459+0000] {logging_mixin.py:137} INFO - William Harper
[2023-02-02T10:02:36.461+0000] {logging_mixin.py:137} INFO - Alejandro Lambert
[2023-02-02T10:02:36.462+0000] {logging_mixin.py:137} INFO - Stephanie Carson
[2023-02-02T10:02:36.463+0000] {logging_mixin.py:137} INFO - Diana Ortega MD
[2023-02-02T10:02:36.464+0000] {logging_mixin.py:137} INFO - Janet Morales
[2023-02-02T10:02:36.465+0000] {logging_mixin.py:137} INFO - Eric Fisher
[2023-02-02T10:02:36.467+0000] {logging_mixin.py:137} INFO - Louis Baker
[2023-02-02T10:02:36.468+0000] {logging_mixin.py:137} INFO - Cindy Ward
[2023-02-02T10:02:36.469+0000] {logging_mixin.py:137} INFO - Ana Jenkins
[2023-02-02T10:02:36.470+0000] {logging_mixin.py:137} INFO - Leslie Barton
[2023-02-02T10:02:36.471+0000] {logging_mixin.py:137} INFO - Gregory Price
[2023-02-02T10:02:36.473+0000] {logging_mixin.py:137} INFO - Brandon Moore
[2023-02-02T10:02:36.474+0000] {logging_mixin.py:137} INFO - Heather Garrett
[2023-02-02T10:02:36.475+0000] {logging_mixin.py:137} INFO - Cindy Hawkins
[2023-02-02T10:02:36.476+0000] {logging_mixin.py:137} INFO - Mr. Frank Snyder Jr.
[2023-02-02T10:02:36.477+0000] {logging_mixin.py:137} INFO - Megan Wang
[2023-02-02T10:02:36.478+0000] {logging_mixin.py:137} INFO - Jennifer Fleming
[2023-02-02T10:02:36.480+0000] {logging_mixin.py:137} INFO - Gary Hodge
[2023-02-02T10:02:36.481+0000] {logging_mixin.py:137} INFO - Nichole Miller
[2023-02-02T10:02:36.482+0000] {logging_mixin.py:137} INFO - Mitchell Mendoza
[2023-02-02T10:02:36.483+0000] {logging_mixin.py:137} INFO - Bradley Horton
[2023-02-02T10:02:36.485+0000] {logging_mixin.py:137} INFO - Michelle Hess
[2023-02-02T10:02:36.486+0000] {logging_mixin.py:137} INFO - Ronald Torres
[2023-02-02T10:02:36.487+0000] {logging_mixin.py:137} INFO - Raymond Hudson
[2023-02-02T10:02:36.488+0000] {logging_mixin.py:137} INFO - Vincent Jackson
[2023-02-02T10:02:36.489+0000] {logging_mixin.py:137} INFO - Susan Carey
[2023-02-02T10:02:36.492+0000] {logging_mixin.py:137} INFO - Chase Wilson
[2023-02-02T10:02:36.495+0000] {logging_mixin.py:137} INFO - Tonya Baldwin
[2023-02-02T10:02:36.496+0000] {logging_mixin.py:137} INFO - Mrs. Tina Davis
[2023-02-02T10:02:36.497+0000] {logging_mixin.py:137} INFO - Scott Garrett
[2023-02-02T10:02:36.499+0000] {logging_mixin.py:137} INFO - Michael Wilson
[2023-02-02T10:02:36.500+0000] {logging_mixin.py:137} INFO - Andrew Orozco
[2023-02-02T10:02:36.501+0000] {logging_mixin.py:137} INFO - Troy Carson
[2023-02-02T10:02:36.503+0000] {logging_mixin.py:137} INFO - Alex Winters
[2023-02-02T10:02:36.505+0000] {logging_mixin.py:137} INFO - Toni Frank
[2023-02-02T10:02:36.506+0000] {logging_mixin.py:137} INFO - Kathleen Snyder
[2023-02-02T10:02:36.507+0000] {logging_mixin.py:137} INFO - Anna Lopez
[2023-02-02T10:02:36.508+0000] {logging_mixin.py:137} INFO - Charles Brown
[2023-02-02T10:02:36.509+0000] {logging_mixin.py:137} INFO - Barry Ross
[2023-02-02T10:02:36.511+0000] {logging_mixin.py:137} INFO - Emily Ramirez
[2023-02-02T10:02:36.513+0000] {logging_mixin.py:137} INFO - Anna Williams
[2023-02-02T10:02:36.515+0000] {logging_mixin.py:137} INFO - Kristin Pennington
[2023-02-02T10:02:36.516+0000] {logging_mixin.py:137} INFO - Mary Aguirre
[2023-02-02T10:02:36.518+0000] {logging_mixin.py:137} INFO - Austin Santos
[2023-02-02T10:02:36.519+0000] {logging_mixin.py:137} INFO - David Nelson
[2023-02-02T10:02:36.520+0000] {logging_mixin.py:137} INFO - Alyssa Mcbride
[2023-02-02T10:02:36.522+0000] {logging_mixin.py:137} INFO - Lisa Gibson
[2023-02-02T10:02:36.524+0000] {logging_mixin.py:137} INFO - Alexander Kelly
[2023-02-02T10:02:36.526+0000] {logging_mixin.py:137} INFO - Ronald Thomas
[2023-02-02T10:02:36.528+0000] {logging_mixin.py:137} INFO - Michael Hurst
[2023-02-02T10:02:36.529+0000] {logging_mixin.py:137} INFO - Lauren Ward
[2023-02-02T10:02:36.531+0000] {logging_mixin.py:137} INFO - Christian Terry
[2023-02-02T10:02:36.533+0000] {logging_mixin.py:137} INFO - Jared Black
[2023-02-02T10:02:36.534+0000] {logging_mixin.py:137} INFO - Anthony Brown
[2023-02-02T10:02:36.536+0000] {logging_mixin.py:137} INFO - John Cole
[2023-02-02T10:02:36.538+0000] {logging_mixin.py:137} INFO - David Lee
[2023-02-02T10:02:36.539+0000] {logging_mixin.py:137} INFO - Lori Thomas
[2023-02-02T10:02:36.542+0000] {logging_mixin.py:137} INFO - Daniel Herman
[2023-02-02T10:02:36.543+0000] {logging_mixin.py:137} INFO - Pam Williams
[2023-02-02T10:02:36.544+0000] {logging_mixin.py:137} INFO - Sarah Jenkins
[2023-02-02T10:02:36.545+0000] {logging_mixin.py:137} INFO - Susan Mitchell
[2023-02-02T10:02:36.547+0000] {logging_mixin.py:137} INFO - Jacqueline Green
[2023-02-02T10:02:36.548+0000] {logging_mixin.py:137} INFO - Victoria Garrison
[2023-02-02T10:02:36.550+0000] {logging_mixin.py:137} INFO - Jonathan Daniels
[2023-02-02T10:02:36.551+0000] {logging_mixin.py:137} INFO - Trevor Hansen
[2023-02-02T10:02:36.553+0000] {logging_mixin.py:137} INFO - Laurie Bowen
[2023-02-02T10:02:36.554+0000] {logging_mixin.py:137} INFO - James Cline
[2023-02-02T10:02:36.556+0000] {logging_mixin.py:137} INFO - Michael Rose
[2023-02-02T10:02:36.557+0000] {logging_mixin.py:137} INFO - Lawrence Juarez
[2023-02-02T10:02:36.559+0000] {logging_mixin.py:137} INFO - Lucas Caldwell
[2023-02-02T10:02:36.560+0000] {logging_mixin.py:137} INFO - Laura Jackson
[2023-02-02T10:02:36.562+0000] {logging_mixin.py:137} INFO - Sherri Thornton
[2023-02-02T10:02:36.563+0000] {logging_mixin.py:137} INFO - Alice Wilson
[2023-02-02T10:02:36.565+0000] {logging_mixin.py:137} INFO - Diane Williams
[2023-02-02T10:02:36.566+0000] {logging_mixin.py:137} INFO - Kara Martin
[2023-02-02T10:02:36.567+0000] {logging_mixin.py:137} INFO - Joseph Moore
[2023-02-02T10:02:36.569+0000] {logging_mixin.py:137} INFO - Jesse Moses
[2023-02-02T10:02:36.570+0000] {logging_mixin.py:137} INFO - Lisa Mccall
[2023-02-02T10:02:36.572+0000] {logging_mixin.py:137} INFO - Alexandra Mccoy
[2023-02-02T10:02:36.573+0000] {logging_mixin.py:137} INFO - Daniel Martin
[2023-02-02T10:02:36.575+0000] {logging_mixin.py:137} INFO - Claudia Peck
[2023-02-02T10:02:36.576+0000] {logging_mixin.py:137} INFO - Jessica Mcconnell
[2023-02-02T10:02:36.578+0000] {logging_mixin.py:137} INFO - Kevin Walker
[2023-02-02T10:02:36.582+0000] {logging_mixin.py:137} INFO - Christina Lee
[2023-02-02T10:02:36.585+0000] {logging_mixin.py:137} INFO - Christopher Schroeder
[2023-02-02T10:02:36.586+0000] {logging_mixin.py:137} INFO - Melissa Parker
[2023-02-02T10:02:36.588+0000] {logging_mixin.py:137} INFO - Janet Molina
[2023-02-02T10:02:36.589+0000] {logging_mixin.py:137} INFO - Barbara Harris
[2023-02-02T10:02:36.590+0000] {logging_mixin.py:137} INFO - Joseph Hurley
[2023-02-02T10:02:36.592+0000] {logging_mixin.py:137} INFO - Greg Hayden
[2023-02-02T10:02:36.593+0000] {logging_mixin.py:137} INFO - Edwin Adams
[2023-02-02T10:02:36.594+0000] {logging_mixin.py:137} INFO - Ashley Hunter
[2023-02-02T10:02:36.596+0000] {logging_mixin.py:137} INFO - Jennifer Tucker
[2023-02-02T10:02:36.597+0000] {logging_mixin.py:137} INFO - Eddie Gray
[2023-02-02T10:02:36.598+0000] {logging_mixin.py:137} INFO - Jennifer Evans
[2023-02-02T10:02:36.599+0000] {logging_mixin.py:137} INFO - Stephen Carey
[2023-02-02T10:02:36.600+0000] {logging_mixin.py:137} INFO - Samantha Campos
[2023-02-02T10:02:36.602+0000] {logging_mixin.py:137} INFO - Meagan Brown
[2023-02-02T10:02:36.604+0000] {logging_mixin.py:137} INFO - Miss Marisa Barber
[2023-02-02T10:02:36.605+0000] {logging_mixin.py:137} INFO - Jay Mann
[2023-02-02T10:02:36.606+0000] {logging_mixin.py:137} INFO - Matthew Campbell
[2023-02-02T10:02:36.608+0000] {logging_mixin.py:137} INFO - Brent Rodriguez
[2023-02-02T10:02:36.609+0000] {logging_mixin.py:137} INFO - Teresa Ross
[2023-02-02T10:02:36.610+0000] {logging_mixin.py:137} INFO - Mary Martinez
[2023-02-02T10:02:36.611+0000] {logging_mixin.py:137} INFO - Joseph Lewis
[2023-02-02T10:02:36.613+0000] {logging_mixin.py:137} INFO - Dale Davis
[2023-02-02T10:02:36.615+0000] {logging_mixin.py:137} INFO - Elizabeth Evans
[2023-02-02T10:02:36.618+0000] {logging_mixin.py:137} INFO - Shannon Wang
[2023-02-02T10:02:36.619+0000] {logging_mixin.py:137} INFO - Brandon Campbell
[2023-02-02T10:02:36.621+0000] {logging_mixin.py:137} INFO - Rhonda Pace
[2023-02-02T10:02:36.623+0000] {logging_mixin.py:137} INFO - Sarah Santos
[2023-02-02T10:02:36.624+0000] {logging_mixin.py:137} INFO - Jacob Ford
[2023-02-02T10:02:36.625+0000] {logging_mixin.py:137} INFO - Matthew Hansen
[2023-02-02T10:02:36.627+0000] {logging_mixin.py:137} INFO - Amy Ray
[2023-02-02T10:02:36.629+0000] {logging_mixin.py:137} INFO - Aaron Fields
[2023-02-02T10:02:36.630+0000] {logging_mixin.py:137} INFO - Mary Taylor
[2023-02-02T10:02:36.632+0000] {logging_mixin.py:137} INFO - James Morris
[2023-02-02T10:02:36.633+0000] {logging_mixin.py:137} INFO - Darrell Cain
[2023-02-02T10:02:36.635+0000] {logging_mixin.py:137} INFO - Michael Smith
[2023-02-02T10:02:36.636+0000] {logging_mixin.py:137} INFO - Scott Coleman
[2023-02-02T10:02:36.636+0000] {logging_mixin.py:137} INFO - David Fitzpatrick
[2023-02-02T10:02:36.637+0000] {logging_mixin.py:137} INFO - Debra Shepherd
[2023-02-02T10:02:36.639+0000] {logging_mixin.py:137} INFO - Paul Rush
[2023-02-02T10:02:36.640+0000] {logging_mixin.py:137} INFO - Brett Hernandez
[2023-02-02T10:02:36.641+0000] {logging_mixin.py:137} INFO - Sheila Riddle
[2023-02-02T10:02:36.643+0000] {logging_mixin.py:137} INFO - Joan Austin
[2023-02-02T10:02:36.645+0000] {logging_mixin.py:137} INFO - Michael Garcia
[2023-02-02T10:02:36.647+0000] {logging_mixin.py:137} INFO - Natalie Harris
[2023-02-02T10:02:36.648+0000] {logging_mixin.py:137} INFO - Steven Dean
[2023-02-02T10:02:36.649+0000] {logging_mixin.py:137} INFO - John Brown
[2023-02-02T10:02:36.651+0000] {logging_mixin.py:137} INFO - Keith Zimmerman
[2023-02-02T10:02:36.652+0000] {logging_mixin.py:137} INFO - Curtis Byrd
[2023-02-02T10:02:36.653+0000] {logging_mixin.py:137} INFO - Mariah Green
[2023-02-02T10:02:36.654+0000] {logging_mixin.py:137} INFO - Roger Huynh
[2023-02-02T10:02:36.655+0000] {logging_mixin.py:137} INFO - Christopher Zamora
[2023-02-02T10:02:36.657+0000] {logging_mixin.py:137} INFO - Joyce Crawford
[2023-02-02T10:02:36.658+0000] {logging_mixin.py:137} INFO - Angela Smith
[2023-02-02T10:02:36.661+0000] {logging_mixin.py:137} INFO - Veronica Robinson
[2023-02-02T10:02:36.663+0000] {logging_mixin.py:137} INFO - Christopher Bates
[2023-02-02T10:02:36.664+0000] {logging_mixin.py:137} INFO - Steve Stone
[2023-02-02T10:02:36.666+0000] {logging_mixin.py:137} INFO - William Cook
[2023-02-02T10:02:36.667+0000] {logging_mixin.py:137} INFO - Lori Wood
[2023-02-02T10:02:36.668+0000] {logging_mixin.py:137} INFO - Jillian Reynolds
[2023-02-02T10:02:36.670+0000] {logging_mixin.py:137} INFO - Angela Caldwell
[2023-02-02T10:02:36.671+0000] {logging_mixin.py:137} INFO - Shane Campbell
[2023-02-02T10:02:36.672+0000] {logging_mixin.py:137} INFO - Karen Lawrence
[2023-02-02T10:02:36.673+0000] {logging_mixin.py:137} INFO - Kimberly Wood
[2023-02-02T10:02:36.674+0000] {logging_mixin.py:137} INFO - Samantha Lopez
[2023-02-02T10:02:36.676+0000] {logging_mixin.py:137} INFO - Harold Miller
[2023-02-02T10:02:36.677+0000] {logging_mixin.py:137} INFO - Raymond Cooper DVM
[2023-02-02T10:02:36.678+0000] {logging_mixin.py:137} INFO - Kristen Patel
[2023-02-02T10:02:36.679+0000] {logging_mixin.py:137} INFO - Anthony Mejia
[2023-02-02T10:02:36.681+0000] {logging_mixin.py:137} INFO - Raymond Thomas
[2023-02-02T10:02:36.682+0000] {logging_mixin.py:137} INFO - Scott Young
[2023-02-02T10:02:36.683+0000] {logging_mixin.py:137} INFO - David Larson
[2023-02-02T10:02:36.684+0000] {logging_mixin.py:137} INFO - Jon Murray
[2023-02-02T10:02:36.686+0000] {logging_mixin.py:137} INFO - Stephen Taylor
[2023-02-02T10:02:36.689+0000] {logging_mixin.py:137} INFO - Jennifer Hernandez
[2023-02-02T10:02:36.690+0000] {logging_mixin.py:137} INFO - Stacy Smith
[2023-02-02T10:02:36.693+0000] {logging_mixin.py:137} INFO - Juan Owens
[2023-02-02T10:02:36.697+0000] {logging_mixin.py:137} INFO - Brian Adkins
[2023-02-02T10:02:36.699+0000] {logging_mixin.py:137} INFO - Jesse Wells
[2023-02-02T10:02:36.701+0000] {logging_mixin.py:137} INFO - Kyle Matthews
[2023-02-02T10:02:36.703+0000] {logging_mixin.py:137} INFO - Dustin Russell
[2023-02-02T10:02:36.705+0000] {logging_mixin.py:137} INFO - Richard White
[2023-02-02T10:02:36.708+0000] {logging_mixin.py:137} INFO - Brittany Nichols
[2023-02-02T10:02:36.713+0000] {logging_mixin.py:137} INFO - Colton Kelly
[2023-02-02T10:02:36.716+0000] {logging_mixin.py:137} INFO - William Perry
[2023-02-02T10:02:36.717+0000] {logging_mixin.py:137} INFO - Thomas Cummings
[2023-02-02T10:02:36.719+0000] {logging_mixin.py:137} INFO - Timothy Ballard
[2023-02-02T10:02:36.721+0000] {logging_mixin.py:137} INFO - Richard Washington
[2023-02-02T10:02:36.724+0000] {logging_mixin.py:137} INFO - Joshua Lam
[2023-02-02T10:02:36.731+0000] {logging_mixin.py:137} INFO - Grant Jackson
[2023-02-02T10:02:36.733+0000] {logging_mixin.py:137} INFO - Erin Baker
[2023-02-02T10:02:36.736+0000] {logging_mixin.py:137} INFO - Scott Flowers
[2023-02-02T10:02:36.738+0000] {logging_mixin.py:137} INFO - James Adams
[2023-02-02T10:02:36.741+0000] {logging_mixin.py:137} INFO - Heather Alvarado
[2023-02-02T10:02:36.742+0000] {logging_mixin.py:137} INFO - Jennifer Snow
[2023-02-02T10:02:36.744+0000] {logging_mixin.py:137} INFO - Mario Jackson
[2023-02-02T10:02:36.746+0000] {logging_mixin.py:137} INFO - Kevin Collins
[2023-02-02T10:02:36.748+0000] {logging_mixin.py:137} INFO - Danielle Garcia
[2023-02-02T10:02:36.750+0000] {logging_mixin.py:137} INFO - Brenda Jackson
[2023-02-02T10:02:36.752+0000] {logging_mixin.py:137} INFO - Ashley Parker
[2023-02-02T10:02:36.754+0000] {logging_mixin.py:137} INFO - Angela Hickman
[2023-02-02T10:02:36.755+0000] {logging_mixin.py:137} INFO - Carol Rodriguez
[2023-02-02T10:02:36.757+0000] {logging_mixin.py:137} INFO - Vernon Anderson
[2023-02-02T10:02:36.759+0000] {logging_mixin.py:137} INFO - Jesus Church
[2023-02-02T10:02:36.761+0000] {logging_mixin.py:137} INFO - Michelle Medina
[2023-02-02T10:02:36.766+0000] {logging_mixin.py:137} INFO - Nancy Bryant
[2023-02-02T10:02:36.769+0000] {logging_mixin.py:137} INFO - Jennifer Martinez
[2023-02-02T10:02:36.773+0000] {logging_mixin.py:137} INFO - Amy Dougherty
[2023-02-02T10:02:36.775+0000] {logging_mixin.py:137} INFO - Alexis Sanders
[2023-02-02T10:02:36.777+0000] {logging_mixin.py:137} INFO - Austin Salazar
[2023-02-02T10:02:36.779+0000] {logging_mixin.py:137} INFO - Amy Williams
[2023-02-02T10:02:36.780+0000] {logging_mixin.py:137} INFO - Richard Haynes
[2023-02-02T10:02:36.781+0000] {logging_mixin.py:137} INFO - Christine Stark
[2023-02-02T10:02:36.783+0000] {logging_mixin.py:137} INFO - Anita Medina
[2023-02-02T10:02:36.784+0000] {logging_mixin.py:137} INFO - Mr. Thomas Duran
[2023-02-02T10:02:36.786+0000] {logging_mixin.py:137} INFO - Mr. Russell Peterson
[2023-02-02T10:02:36.787+0000] {logging_mixin.py:137} INFO - Jack Richard
[2023-02-02T10:02:36.790+0000] {logging_mixin.py:137} INFO - Michelle Erickson
[2023-02-02T10:02:36.791+0000] {logging_mixin.py:137} INFO - Mitchell Williams
[2023-02-02T10:02:36.792+0000] {logging_mixin.py:137} INFO - Adrian Herrera
[2023-02-02T10:02:36.794+0000] {logging_mixin.py:137} INFO - Michael Brady
[2023-02-02T10:02:36.796+0000] {logging_mixin.py:137} INFO - Jamie Zhang
[2023-02-02T10:02:36.797+0000] {logging_mixin.py:137} INFO - Helen Brennan
[2023-02-02T10:02:36.799+0000] {logging_mixin.py:137} INFO - John Myers
[2023-02-02T10:02:36.800+0000] {logging_mixin.py:137} INFO - Patricia Nash
[2023-02-02T10:02:36.802+0000] {logging_mixin.py:137} INFO - Michael Johnson
[2023-02-02T10:02:36.803+0000] {logging_mixin.py:137} INFO - Anita Berger
[2023-02-02T10:02:36.805+0000] {logging_mixin.py:137} INFO - Jason Guerrero DVM
[2023-02-02T10:02:36.807+0000] {logging_mixin.py:137} INFO - Kimberly Davis
[2023-02-02T10:02:36.809+0000] {logging_mixin.py:137} INFO - Bryan Hansen
[2023-02-02T10:02:36.810+0000] {logging_mixin.py:137} INFO - Rebecca Obrien
[2023-02-02T10:02:36.811+0000] {logging_mixin.py:137} INFO - Sarah Santiago
[2023-02-02T10:02:36.813+0000] {logging_mixin.py:137} INFO - Christine Lane
[2023-02-02T10:02:36.814+0000] {logging_mixin.py:137} INFO - Jerry Lewis
[2023-02-02T10:02:36.816+0000] {logging_mixin.py:137} INFO - Stephanie Miller
[2023-02-02T10:02:36.819+0000] {logging_mixin.py:137} INFO - Kristi Bradley
[2023-02-02T10:02:36.821+0000] {logging_mixin.py:137} INFO - Darren Moore
[2023-02-02T10:02:36.822+0000] {logging_mixin.py:137} INFO - Kristina Cunningham
[2023-02-02T10:02:36.824+0000] {logging_mixin.py:137} INFO - Laurie Moore
[2023-02-02T10:02:36.826+0000] {logging_mixin.py:137} INFO - Aaron Lewis
[2023-02-02T10:02:36.828+0000] {logging_mixin.py:137} INFO - Theresa Vang
[2023-02-02T10:02:36.829+0000] {logging_mixin.py:137} INFO - Chase Reese
[2023-02-02T10:02:36.833+0000] {logging_mixin.py:137} INFO - Matthew Ferguson
[2023-02-02T10:02:36.835+0000] {logging_mixin.py:137} INFO - Victoria Lewis
[2023-02-02T10:02:36.837+0000] {logging_mixin.py:137} INFO - Jon Scott
[2023-02-02T10:02:36.838+0000] {logging_mixin.py:137} INFO - Lisa Campbell
[2023-02-02T10:02:36.841+0000] {logging_mixin.py:137} INFO - David Ramirez
[2023-02-02T10:02:36.842+0000] {logging_mixin.py:137} INFO - Gabriel Rosario
[2023-02-02T10:02:36.844+0000] {logging_mixin.py:137} INFO - Kristi Johnson
[2023-02-02T10:02:36.848+0000] {logging_mixin.py:137} INFO - Jennifer Schwartz
[2023-02-02T10:02:36.850+0000] {logging_mixin.py:137} INFO - Daniel Norton
[2023-02-02T10:02:36.853+0000] {logging_mixin.py:137} INFO - Richard Montoya
[2023-02-02T10:02:36.855+0000] {logging_mixin.py:137} INFO - Daniel Norris
[2023-02-02T10:02:36.856+0000] {logging_mixin.py:137} INFO - Chad Taylor
[2023-02-02T10:02:36.859+0000] {logging_mixin.py:137} INFO - Angie Allen
[2023-02-02T10:02:36.861+0000] {logging_mixin.py:137} INFO - Michael Brooks
[2023-02-02T10:02:36.863+0000] {logging_mixin.py:137} INFO - Hannah Poole
[2023-02-02T10:02:36.864+0000] {logging_mixin.py:137} INFO - Caitlin Ray
[2023-02-02T10:02:36.866+0000] {logging_mixin.py:137} INFO - Mr. Steven Gardner
[2023-02-02T10:02:36.867+0000] {logging_mixin.py:137} INFO - Jennifer Macdonald
[2023-02-02T10:02:36.868+0000] {logging_mixin.py:137} INFO - Vanessa Small
[2023-02-02T10:02:36.870+0000] {logging_mixin.py:137} INFO - Dennis Gray
[2023-02-02T10:02:36.876+0000] {logging_mixin.py:137} INFO - Sandra Kirk
[2023-02-02T10:02:36.877+0000] {logging_mixin.py:137} INFO - Jason Wagner
[2023-02-02T10:02:36.879+0000] {logging_mixin.py:137} INFO - David Owen
[2023-02-02T10:02:36.880+0000] {logging_mixin.py:137} INFO - Rose Terrell
[2023-02-02T10:02:36.882+0000] {logging_mixin.py:137} INFO - James Green MD
[2023-02-02T10:02:36.884+0000] {logging_mixin.py:137} INFO - Tammy Patel
[2023-02-02T10:02:36.886+0000] {logging_mixin.py:137} INFO - Joseph Lucero
[2023-02-02T10:02:36.888+0000] {logging_mixin.py:137} INFO - Stephanie Rojas
[2023-02-02T10:02:36.889+0000] {logging_mixin.py:137} INFO - Brittany Johnson
[2023-02-02T10:02:36.891+0000] {logging_mixin.py:137} INFO - Christina Cummings
[2023-02-02T10:02:36.893+0000] {logging_mixin.py:137} INFO - Eric Downs
[2023-02-02T10:02:36.894+0000] {logging_mixin.py:137} INFO - Paul Finley
[2023-02-02T10:02:36.896+0000] {logging_mixin.py:137} INFO - Danielle Jackson
[2023-02-02T10:02:36.897+0000] {logging_mixin.py:137} INFO - Anna Johnston
[2023-02-02T10:02:36.898+0000] {logging_mixin.py:137} INFO - Ashlee Hodges
[2023-02-02T10:02:36.900+0000] {logging_mixin.py:137} INFO - Thomas Francis
[2023-02-02T10:02:36.902+0000] {logging_mixin.py:137} INFO - Cody Baird
[2023-02-02T10:02:36.903+0000] {logging_mixin.py:137} INFO - Jeffrey Walter
[2023-02-02T10:02:36.905+0000] {logging_mixin.py:137} INFO - Hannah West
[2023-02-02T10:02:36.906+0000] {logging_mixin.py:137} INFO - Anthony Byrd
[2023-02-02T10:02:36.908+0000] {logging_mixin.py:137} INFO - Julie Ramirez
[2023-02-02T10:02:36.910+0000] {logging_mixin.py:137} INFO - Seth Peters
[2023-02-02T10:02:36.912+0000] {logging_mixin.py:137} INFO - Keith Salas
[2023-02-02T10:02:36.919+0000] {logging_mixin.py:137} INFO - Kathryn Evans
[2023-02-02T10:02:36.921+0000] {logging_mixin.py:137} INFO - Dr. Maria Scott
[2023-02-02T10:02:36.922+0000] {logging_mixin.py:137} INFO - Brenda Thomas
[2023-02-02T10:02:36.925+0000] {logging_mixin.py:137} INFO - Travis Douglas
[2023-02-02T10:02:36.934+0000] {logging_mixin.py:137} INFO - Kurt Santos
[2023-02-02T10:02:36.937+0000] {logging_mixin.py:137} INFO - Sean Parrish
[2023-02-02T10:02:36.941+0000] {logging_mixin.py:137} INFO - Brittany Walls
[2023-02-02T10:02:36.943+0000] {logging_mixin.py:137} INFO - Gail Brooks
[2023-02-02T10:02:36.946+0000] {logging_mixin.py:137} INFO - Valerie Johnson
[2023-02-02T10:02:36.948+0000] {logging_mixin.py:137} INFO - Jessica Dunn
[2023-02-02T10:02:36.949+0000] {logging_mixin.py:137} INFO - Chad Robinson
[2023-02-02T10:02:36.951+0000] {logging_mixin.py:137} INFO - Catherine Combs
[2023-02-02T10:02:36.953+0000] {logging_mixin.py:137} INFO - Joshua Boyd
[2023-02-02T10:02:36.955+0000] {logging_mixin.py:137} INFO - Alicia Barnett DVM
[2023-02-02T10:02:36.956+0000] {logging_mixin.py:137} INFO - Kevin Cervantes
[2023-02-02T10:02:36.958+0000] {logging_mixin.py:137} INFO - Larry Lester
[2023-02-02T10:02:36.960+0000] {logging_mixin.py:137} INFO - Deanna Espinoza
[2023-02-02T10:02:36.962+0000] {logging_mixin.py:137} INFO - Marilyn Davis
[2023-02-02T10:02:36.964+0000] {logging_mixin.py:137} INFO - Michael Weeks
[2023-02-02T10:02:36.965+0000] {logging_mixin.py:137} INFO - Brandon Stanton
[2023-02-02T10:02:36.967+0000] {logging_mixin.py:137} INFO - Ryan Boyer Jr.
[2023-02-02T10:02:36.968+0000] {logging_mixin.py:137} INFO - Amanda Elliott
[2023-02-02T10:02:36.969+0000] {logging_mixin.py:137} INFO - David Moore
[2023-02-02T10:02:36.971+0000] {logging_mixin.py:137} INFO - Andre Williams
[2023-02-02T10:02:36.972+0000] {logging_mixin.py:137} INFO - Jennifer Garcia
[2023-02-02T10:02:36.974+0000] {logging_mixin.py:137} INFO - Tracey Cook
[2023-02-02T10:02:36.975+0000] {logging_mixin.py:137} INFO - Michael Turner
[2023-02-02T10:02:36.976+0000] {logging_mixin.py:137} INFO - Diana Long
[2023-02-02T10:02:36.977+0000] {logging_mixin.py:137} INFO - John Bradley
[2023-02-02T10:02:36.979+0000] {logging_mixin.py:137} INFO - Ann Benjamin
[2023-02-02T10:02:36.980+0000] {logging_mixin.py:137} INFO - Shane House
[2023-02-02T10:02:36.981+0000] {logging_mixin.py:137} INFO - Erin Lee
[2023-02-02T10:02:36.986+0000] {logging_mixin.py:137} INFO - Joseph Gray
[2023-02-02T10:02:36.988+0000] {logging_mixin.py:137} INFO - Betty Gibson
[2023-02-02T10:02:36.989+0000] {logging_mixin.py:137} INFO - Kristen Graham
[2023-02-02T10:02:36.991+0000] {logging_mixin.py:137} INFO - Daniel Meza
[2023-02-02T10:02:36.993+0000] {logging_mixin.py:137} INFO - Sherri Carpenter
[2023-02-02T10:02:36.994+0000] {logging_mixin.py:137} INFO - Andrea Sanchez
[2023-02-02T10:02:36.996+0000] {logging_mixin.py:137} INFO - Jordan Rios
[2023-02-02T10:02:36.997+0000] {logging_mixin.py:137} INFO - Elizabeth Jackson
[2023-02-02T10:02:36.998+0000] {logging_mixin.py:137} INFO - Elizabeth Myers
[2023-02-02T10:02:37.000+0000] {logging_mixin.py:137} INFO - Juan Barnes
[2023-02-02T10:02:37.001+0000] {logging_mixin.py:137} INFO - Christopher Lozano
[2023-02-02T10:02:37.002+0000] {logging_mixin.py:137} INFO - Jacqueline Griffin
[2023-02-02T10:02:37.004+0000] {logging_mixin.py:137} INFO - Ryan Mason
[2023-02-02T10:02:37.005+0000] {logging_mixin.py:137} INFO - Jonathan Moore
[2023-02-02T10:02:37.006+0000] {logging_mixin.py:137} INFO - Abigail Landry
[2023-02-02T10:02:37.017+0000] {logging_mixin.py:137} INFO - Brenda Hernandez
[2023-02-02T10:02:37.019+0000] {logging_mixin.py:137} INFO - Zachary Pitts
[2023-02-02T10:02:37.021+0000] {logging_mixin.py:137} INFO - Amanda Rogers
[2023-02-02T10:02:37.022+0000] {logging_mixin.py:137} INFO - Cynthia Gray
[2023-02-02T10:02:37.024+0000] {logging_mixin.py:137} INFO - Tyler Barajas
[2023-02-02T10:02:37.025+0000] {logging_mixin.py:137} INFO - Michelle Leon
[2023-02-02T10:02:37.027+0000] {logging_mixin.py:137} INFO - Kathy Lang
[2023-02-02T10:02:37.029+0000] {logging_mixin.py:137} INFO - Scott Townsend MD
[2023-02-02T10:02:37.030+0000] {logging_mixin.py:137} INFO - Theresa Acosta
[2023-02-02T10:02:37.032+0000] {logging_mixin.py:137} INFO - David Jones
[2023-02-02T10:02:37.034+0000] {logging_mixin.py:137} INFO - Jeremy Robinson
[2023-02-02T10:02:37.035+0000] {logging_mixin.py:137} INFO - James Newton
[2023-02-02T10:02:37.036+0000] {logging_mixin.py:137} INFO - Tracey Wells
[2023-02-02T10:02:37.038+0000] {logging_mixin.py:137} INFO - Maria Nelson
[2023-02-02T10:02:37.039+0000] {logging_mixin.py:137} INFO - Christopher Griffith
[2023-02-02T10:02:37.040+0000] {logging_mixin.py:137} INFO - Zachary Griffin
[2023-02-02T10:02:37.042+0000] {logging_mixin.py:137} INFO - Amy Nguyen
[2023-02-02T10:02:37.044+0000] {logging_mixin.py:137} INFO - April Williams
[2023-02-02T10:02:37.050+0000] {logging_mixin.py:137} INFO - Marissa Kelly
[2023-02-02T10:02:37.051+0000] {logging_mixin.py:137} INFO - Brian Lopez PhD
[2023-02-02T10:02:37.052+0000] {logging_mixin.py:137} INFO - William Williams
[2023-02-02T10:02:37.054+0000] {logging_mixin.py:137} INFO - Norman Brown
[2023-02-02T10:02:37.055+0000] {logging_mixin.py:137} INFO - Charles Fuentes
[2023-02-02T10:02:37.056+0000] {logging_mixin.py:137} INFO - Anthony Chang
[2023-02-02T10:02:37.058+0000] {logging_mixin.py:137} INFO - Mary Bell
[2023-02-02T10:02:37.059+0000] {logging_mixin.py:137} INFO - Elizabeth Stuart
[2023-02-02T10:02:37.065+0000] {logging_mixin.py:137} INFO - Mary Mcdonald
[2023-02-02T10:02:37.067+0000] {logging_mixin.py:137} INFO - Martin Harrison
[2023-02-02T10:02:37.069+0000] {logging_mixin.py:137} INFO - Stephanie Fernandez
[2023-02-02T10:02:37.071+0000] {logging_mixin.py:137} INFO - Christopher Brown
[2023-02-02T10:02:37.073+0000] {logging_mixin.py:137} INFO - Alexander Stephenson
[2023-02-02T10:02:37.074+0000] {logging_mixin.py:137} INFO - Grace Diaz
[2023-02-02T10:02:37.076+0000] {logging_mixin.py:137} INFO - Frank Bartlett
[2023-02-02T10:02:37.078+0000] {logging_mixin.py:137} INFO - Audrey Andersen
[2023-02-02T10:02:37.079+0000] {logging_mixin.py:137} INFO - David Green
[2023-02-02T10:02:37.083+0000] {logging_mixin.py:137} INFO - Joshua Diaz Jr.
[2023-02-02T10:02:37.085+0000] {logging_mixin.py:137} INFO - Emily Garcia
[2023-02-02T10:02:37.087+0000] {logging_mixin.py:137} INFO - Devin Hall
[2023-02-02T10:02:37.089+0000] {logging_mixin.py:137} INFO - Phillip Garner
[2023-02-02T10:02:37.091+0000] {logging_mixin.py:137} INFO - Katherine Estrada
[2023-02-02T10:02:37.093+0000] {logging_mixin.py:137} INFO - Corey Saunders
[2023-02-02T10:02:37.094+0000] {logging_mixin.py:137} INFO - Kimberly Collins
[2023-02-02T10:02:37.095+0000] {logging_mixin.py:137} INFO - Amy Elliott
[2023-02-02T10:02:37.097+0000] {logging_mixin.py:137} INFO - Tanya Jones
[2023-02-02T10:02:37.099+0000] {logging_mixin.py:137} INFO - Patricia Gonzalez
[2023-02-02T10:02:37.101+0000] {logging_mixin.py:137} INFO - Jennifer Hill
[2023-02-02T10:02:37.104+0000] {logging_mixin.py:137} INFO - John Haynes
[2023-02-02T10:02:37.107+0000] {logging_mixin.py:137} INFO - Jacob Henry
[2023-02-02T10:02:37.109+0000] {logging_mixin.py:137} INFO - Daniel Clark
[2023-02-02T10:02:37.110+0000] {logging_mixin.py:137} INFO - Jonathon Taylor
[2023-02-02T10:02:37.115+0000] {logging_mixin.py:137} INFO - Jesse Evans
[2023-02-02T10:02:37.119+0000] {logging_mixin.py:137} INFO - James Martinez
[2023-02-02T10:02:37.126+0000] {logging_mixin.py:137} INFO - Kyle Reyes
[2023-02-02T10:02:37.131+0000] {logging_mixin.py:137} INFO - Terrence Barker
[2023-02-02T10:02:37.137+0000] {logging_mixin.py:137} INFO - Anthony Washington
[2023-02-02T10:02:37.140+0000] {logging_mixin.py:137} INFO - Dustin Le
[2023-02-02T10:02:37.142+0000] {logging_mixin.py:137} INFO - Bruce Clark
[2023-02-02T10:02:37.144+0000] {logging_mixin.py:137} INFO - Keith Anthony
[2023-02-02T10:02:37.146+0000] {logging_mixin.py:137} INFO - Jeremiah Stone
[2023-02-02T10:02:37.150+0000] {logging_mixin.py:137} INFO - Michael Haley
[2023-02-02T10:02:37.153+0000] {logging_mixin.py:137} INFO - Regina Carrillo
[2023-02-02T10:02:37.155+0000] {logging_mixin.py:137} INFO - Jacob Lee
[2023-02-02T10:02:37.156+0000] {logging_mixin.py:137} INFO - Thomas Gonzalez
[2023-02-02T10:02:37.158+0000] {logging_mixin.py:137} INFO - Mark Lawrence
[2023-02-02T10:02:37.162+0000] {logging_mixin.py:137} INFO - Matthew Anderson
[2023-02-02T10:02:37.165+0000] {logging_mixin.py:137} INFO - Nicholas Young
[2023-02-02T10:02:37.168+0000] {logging_mixin.py:137} INFO - Melvin Martinez
[2023-02-02T10:02:37.171+0000] {logging_mixin.py:137} INFO - Scott Green
[2023-02-02T10:02:37.174+0000] {logging_mixin.py:137} INFO - Dana Richards
[2023-02-02T10:02:37.181+0000] {logging_mixin.py:137} INFO - Lauren Moore
[2023-02-02T10:02:37.183+0000] {logging_mixin.py:137} INFO - Terry Campbell
[2023-02-02T10:02:37.185+0000] {logging_mixin.py:137} INFO - Ralph Jordan
[2023-02-02T10:02:37.187+0000] {logging_mixin.py:137} INFO - Noah Reyes
[2023-02-02T10:02:37.193+0000] {logging_mixin.py:137} INFO - Mr. Gregory Mills MD
[2023-02-02T10:02:37.202+0000] {logging_mixin.py:137} INFO - Michelle Yates
[2023-02-02T10:02:37.204+0000] {logging_mixin.py:137} INFO - Robin Reyes
[2023-02-02T10:02:37.206+0000] {logging_mixin.py:137} INFO - Rebecca Smith
[2023-02-02T10:02:37.210+0000] {logging_mixin.py:137} INFO - Nicole Torres
[2023-02-02T10:02:37.212+0000] {logging_mixin.py:137} INFO - Ronald Jones
[2023-02-02T10:02:37.213+0000] {logging_mixin.py:137} INFO - Michael Castaneda
[2023-02-02T10:02:37.215+0000] {logging_mixin.py:137} INFO - Christopher Krueger
[2023-02-02T10:02:37.219+0000] {logging_mixin.py:137} INFO - Jennifer Werner
[2023-02-02T10:02:37.221+0000] {logging_mixin.py:137} INFO - Ashley Smith
[2023-02-02T10:02:37.223+0000] {logging_mixin.py:137} INFO - Alyssa Fields
[2023-02-02T10:02:37.227+0000] {logging_mixin.py:137} INFO - John Scott
[2023-02-02T10:02:37.231+0000] {logging_mixin.py:137} INFO - Debra Delacruz
[2023-02-02T10:02:37.232+0000] {logging_mixin.py:137} INFO - James Madden
[2023-02-02T10:02:37.234+0000] {logging_mixin.py:137} INFO - Joseph Gentry
[2023-02-02T10:02:37.235+0000] {logging_mixin.py:137} INFO - Ashley Cabrera
[2023-02-02T10:02:37.236+0000] {logging_mixin.py:137} INFO - Jennifer Fernandez
[2023-02-02T10:02:37.238+0000] {logging_mixin.py:137} INFO - James Harris
[2023-02-02T10:02:37.239+0000] {logging_mixin.py:137} INFO - Candice Young
[2023-02-02T10:02:37.241+0000] {logging_mixin.py:137} INFO - Lisa Baker
[2023-02-02T10:02:37.246+0000] {logging_mixin.py:137} INFO - Brian Mills DDS
[2023-02-02T10:02:37.248+0000] {logging_mixin.py:137} INFO - Kristin Smith
[2023-02-02T10:02:37.249+0000] {logging_mixin.py:137} INFO - Jacob Collins
[2023-02-02T10:02:37.251+0000] {logging_mixin.py:137} INFO - Kimberly Harris
[2023-02-02T10:02:37.252+0000] {logging_mixin.py:137} INFO - Michael Hull
[2023-02-02T10:02:37.254+0000] {logging_mixin.py:137} INFO - Caitlin Todd
[2023-02-02T10:02:37.257+0000] {logging_mixin.py:137} INFO - Lisa Harris
[2023-02-02T10:02:37.261+0000] {logging_mixin.py:137} INFO - Mrs. Ann Stone
[2023-02-02T10:02:37.263+0000] {logging_mixin.py:137} INFO - Michelle Case
[2023-02-02T10:02:37.266+0000] {logging_mixin.py:137} INFO - Joe Lowe
[2023-02-02T10:02:37.267+0000] {logging_mixin.py:137} INFO - Randall Dunn
[2023-02-02T10:02:37.268+0000] {logging_mixin.py:137} INFO - Paula Vargas
[2023-02-02T10:02:37.277+0000] {logging_mixin.py:137} INFO - Daniel Walker
[2023-02-02T10:02:37.282+0000] {logging_mixin.py:137} INFO - James Jackson
[2023-02-02T10:02:37.283+0000] {logging_mixin.py:137} INFO - Shirley Woodard
[2023-02-02T10:02:37.285+0000] {logging_mixin.py:137} INFO - James Hayes
[2023-02-02T10:02:37.285+0000] {logging_mixin.py:137} INFO - Megan Austin
[2023-02-02T10:02:37.287+0000] {logging_mixin.py:137} INFO - Erin Robertson
[2023-02-02T10:02:37.290+0000] {logging_mixin.py:137} INFO - Robert Phillips
[2023-02-02T10:02:37.291+0000] {logging_mixin.py:137} INFO - Amy Torres
[2023-02-02T10:02:37.293+0000] {logging_mixin.py:137} INFO - Joshua Cox
[2023-02-02T10:02:37.294+0000] {logging_mixin.py:137} INFO - Duane Grimes
[2023-02-02T10:02:37.302+0000] {logging_mixin.py:137} INFO - Jennifer Burgess
[2023-02-02T10:02:37.303+0000] {logging_mixin.py:137} INFO - Carlos Duran
[2023-02-02T10:02:37.305+0000] {logging_mixin.py:137} INFO - Jason Johnson
[2023-02-02T10:02:37.306+0000] {logging_mixin.py:137} INFO - Cameron Greer
[2023-02-02T10:02:37.307+0000] {logging_mixin.py:137} INFO - Randall Williams
[2023-02-02T10:02:37.309+0000] {logging_mixin.py:137} INFO - Jessica Harris
[2023-02-02T10:02:37.311+0000] {logging_mixin.py:137} INFO - Joshua Rogers
[2023-02-02T10:02:37.312+0000] {logging_mixin.py:137} INFO - Jose Mahoney
[2023-02-02T10:02:37.313+0000] {logging_mixin.py:137} INFO - Brandy Fuentes
[2023-02-02T10:02:37.315+0000] {logging_mixin.py:137} INFO - Angelica Matthews
[2023-02-02T10:02:37.316+0000] {logging_mixin.py:137} INFO - Glenn Caldwell
[2023-02-02T10:02:37.318+0000] {logging_mixin.py:137} INFO - Cristian Delacruz
[2023-02-02T10:02:37.319+0000] {logging_mixin.py:137} INFO - Alexandra Price
[2023-02-02T10:02:37.320+0000] {logging_mixin.py:137} INFO - Heather Wilson
[2023-02-02T10:02:37.323+0000] {logging_mixin.py:137} INFO - Shawn Thompson
[2023-02-02T10:02:37.324+0000] {logging_mixin.py:137} INFO - Anna Daniel
[2023-02-02T10:02:37.326+0000] {logging_mixin.py:137} INFO - Joseph Cisneros
[2023-02-02T10:02:37.330+0000] {logging_mixin.py:137} INFO - Rebecca Estes
[2023-02-02T10:02:37.331+0000] {logging_mixin.py:137} INFO - Jeremy Porter
[2023-02-02T10:02:37.333+0000] {logging_mixin.py:137} INFO - Lisa Mann
[2023-02-02T10:02:37.335+0000] {logging_mixin.py:137} INFO - Michael Woods
[2023-02-02T10:02:37.337+0000] {logging_mixin.py:137} INFO - Madison Thompson
[2023-02-02T10:02:37.344+0000] {logging_mixin.py:137} INFO - Nancy Gomez
[2023-02-02T10:02:37.345+0000] {logging_mixin.py:137} INFO - Julie Blanchard
[2023-02-02T10:02:37.347+0000] {logging_mixin.py:137} INFO - Michael Smith
[2023-02-02T10:02:37.348+0000] {logging_mixin.py:137} INFO - Angel Huber
[2023-02-02T10:02:37.350+0000] {logging_mixin.py:137} INFO - Michael Coffey
[2023-02-02T10:02:37.352+0000] {logging_mixin.py:137} INFO - Patrick Walter
[2023-02-02T10:02:37.355+0000] {logging_mixin.py:137} INFO - Curtis Davis
[2023-02-02T10:02:37.357+0000] {logging_mixin.py:137} INFO - Kyle Stewart
[2023-02-02T10:02:37.359+0000] {logging_mixin.py:137} INFO - Angela Jimenez
[2023-02-02T10:02:37.360+0000] {logging_mixin.py:137} INFO - Andrew Martinez
[2023-02-02T10:02:37.361+0000] {logging_mixin.py:137} INFO - Angela West
[2023-02-02T10:02:37.366+0000] {logging_mixin.py:137} INFO - Ryan Young
[2023-02-02T10:02:37.368+0000] {logging_mixin.py:137} INFO - Nathaniel Evans
[2023-02-02T10:02:37.369+0000] {logging_mixin.py:137} INFO - Dawn Bryant
[2023-02-02T10:02:37.370+0000] {logging_mixin.py:137} INFO - Danielle Lewis
[2023-02-02T10:02:37.371+0000] {logging_mixin.py:137} INFO - Matthew Newman
[2023-02-02T10:02:37.373+0000] {logging_mixin.py:137} INFO - Robert Smith
[2023-02-02T10:02:37.374+0000] {logging_mixin.py:137} INFO - Melissa Hicks
[2023-02-02T10:02:37.377+0000] {logging_mixin.py:137} INFO - Emily Lambert
[2023-02-02T10:02:37.384+0000] {logging_mixin.py:137} INFO - Krystal Wolfe
[2023-02-02T10:02:37.387+0000] {logging_mixin.py:137} INFO - Donna Murillo
[2023-02-02T10:02:37.388+0000] {logging_mixin.py:137} INFO - Carl Hudson
[2023-02-02T10:02:37.392+0000] {logging_mixin.py:137} INFO - Robert Wilson
[2023-02-02T10:02:37.393+0000] {logging_mixin.py:137} INFO - Patrick Mathis
[2023-02-02T10:02:37.396+0000] {logging_mixin.py:137} INFO - Michael Suarez
[2023-02-02T10:02:37.405+0000] {logging_mixin.py:137} INFO - David Johnson
[2023-02-02T10:02:37.407+0000] {logging_mixin.py:137} INFO - William Thompson
[2023-02-02T10:02:37.409+0000] {logging_mixin.py:137} INFO - Jessica Hansen DVM
[2023-02-02T10:02:37.410+0000] {logging_mixin.py:137} INFO - Katherine Friedman
[2023-02-02T10:02:37.412+0000] {logging_mixin.py:137} INFO - Jillian Johnson
[2023-02-02T10:02:37.418+0000] {logging_mixin.py:137} INFO - Robert Mckee
[2023-02-02T10:02:37.420+0000] {logging_mixin.py:137} INFO - Rachel Little
[2023-02-02T10:02:37.421+0000] {logging_mixin.py:137} INFO - Patricia Smith
[2023-02-02T10:02:37.423+0000] {logging_mixin.py:137} INFO - Heidi Martinez
[2023-02-02T10:02:37.424+0000] {logging_mixin.py:137} INFO - Caitlin Solomon
[2023-02-02T10:02:37.425+0000] {logging_mixin.py:137} INFO - Dr. Olivia Pugh
[2023-02-02T10:02:37.427+0000] {logging_mixin.py:137} INFO - John Steele DDS
[2023-02-02T10:02:37.429+0000] {logging_mixin.py:137} INFO - Jeremy Mathews
[2023-02-02T10:02:37.433+0000] {logging_mixin.py:137} INFO - Tiffany Hill
[2023-02-02T10:02:37.436+0000] {logging_mixin.py:137} INFO - Steven Edwards
[2023-02-02T10:02:37.438+0000] {logging_mixin.py:137} INFO - Charles Campbell
[2023-02-02T10:02:37.440+0000] {logging_mixin.py:137} INFO - Brett Hughes
[2023-02-02T10:02:37.441+0000] {logging_mixin.py:137} INFO - Christina Villegas
[2023-02-02T10:02:37.443+0000] {logging_mixin.py:137} INFO - Anthony Garcia
[2023-02-02T10:02:37.445+0000] {logging_mixin.py:137} INFO - Nathan Murphy
[2023-02-02T10:02:37.447+0000] {logging_mixin.py:137} INFO - Steven Dodson
[2023-02-02T10:02:37.449+0000] {logging_mixin.py:137} INFO - Brian Sullivan
[2023-02-02T10:02:37.452+0000] {logging_mixin.py:137} INFO - Renee White
[2023-02-02T10:02:37.456+0000] {logging_mixin.py:137} INFO - Laura Rowland
[2023-02-02T10:02:37.467+0000] {logging_mixin.py:137} INFO - John Moore
[2023-02-02T10:02:37.472+0000] {logging_mixin.py:137} INFO - Sophia Mckenzie
[2023-02-02T10:02:37.476+0000] {logging_mixin.py:137} INFO - David Roach
[2023-02-02T10:02:37.480+0000] {logging_mixin.py:137} INFO - Jennifer Patterson
[2023-02-02T10:02:37.485+0000] {logging_mixin.py:137} INFO - James Richards
[2023-02-02T10:02:37.487+0000] {logging_mixin.py:137} INFO - Mary Johnston
[2023-02-02T10:02:37.491+0000] {logging_mixin.py:137} INFO - Brandon Mcdaniel
[2023-02-02T10:02:37.494+0000] {logging_mixin.py:137} INFO - Meghan Stevenson
[2023-02-02T10:02:37.496+0000] {logging_mixin.py:137} INFO - Luis Hayes
[2023-02-02T10:02:37.497+0000] {logging_mixin.py:137} INFO - Alejandra Sloan
[2023-02-02T10:02:37.498+0000] {logging_mixin.py:137} INFO - Dr. Sandra Miller
[2023-02-02T10:02:37.500+0000] {logging_mixin.py:137} INFO - Dustin Bond
[2023-02-02T10:02:37.502+0000] {logging_mixin.py:137} INFO - Julia Patrick MD
[2023-02-02T10:02:37.504+0000] {logging_mixin.py:137} INFO - Jill Campbell
[2023-02-02T10:02:37.505+0000] {logging_mixin.py:137} INFO - Mark Ford
[2023-02-02T10:02:37.508+0000] {logging_mixin.py:137} INFO - Brian Long
[2023-02-02T10:02:37.511+0000] {logging_mixin.py:137} INFO - Lisa Peterson
[2023-02-02T10:02:37.518+0000] {logging_mixin.py:137} INFO - Matthew Lee
[2023-02-02T10:02:37.519+0000] {logging_mixin.py:137} INFO - Bradley Miller
[2023-02-02T10:02:37.521+0000] {logging_mixin.py:137} INFO - Jeffrey Moss
[2023-02-02T10:02:37.523+0000] {logging_mixin.py:137} INFO - Sara Carlson
[2023-02-02T10:02:37.527+0000] {logging_mixin.py:137} INFO - Daniel Rodriguez
[2023-02-02T10:02:37.530+0000] {logging_mixin.py:137} INFO - Jeremy David
[2023-02-02T10:02:37.532+0000] {logging_mixin.py:137} INFO - Eric Green
[2023-02-02T10:02:37.537+0000] {logging_mixin.py:137} INFO - Alexis Jones
[2023-02-02T10:02:37.539+0000] {logging_mixin.py:137} INFO - Matthew Rose
[2023-02-02T10:02:37.544+0000] {logging_mixin.py:137} INFO - Catherine Anderson
[2023-02-02T10:02:37.546+0000] {logging_mixin.py:137} INFO - Holly Burton
[2023-02-02T10:02:37.548+0000] {logging_mixin.py:137} INFO - David Matthews
[2023-02-02T10:02:37.552+0000] {logging_mixin.py:137} INFO - Mrs. Kara Little
[2023-02-02T10:02:37.555+0000] {logging_mixin.py:137} INFO - Jeffrey Stanley
[2023-02-02T10:02:37.558+0000] {logging_mixin.py:137} INFO - James Ochoa
[2023-02-02T10:02:37.559+0000] {logging_mixin.py:137} INFO - Jason Frye
[2023-02-02T10:02:37.563+0000] {logging_mixin.py:137} INFO - Christopher Ellis
[2023-02-02T10:02:37.564+0000] {logging_mixin.py:137} INFO - Michelle Nixon
[2023-02-02T10:02:37.566+0000] {logging_mixin.py:137} INFO - Andrew Gill
[2023-02-02T10:02:37.567+0000] {logging_mixin.py:137} INFO - Jennifer Wilson
[2023-02-02T10:02:37.569+0000] {logging_mixin.py:137} INFO - Shawn Black
[2023-02-02T10:02:37.570+0000] {logging_mixin.py:137} INFO - April Patterson
[2023-02-02T10:02:37.571+0000] {logging_mixin.py:137} INFO - Troy Vaughn
[2023-02-02T10:02:37.573+0000] {logging_mixin.py:137} INFO - Alexandria White
[2023-02-02T10:02:37.574+0000] {logging_mixin.py:137} INFO - Scott Phillips
[2023-02-02T10:02:37.578+0000] {logging_mixin.py:137} INFO - Zachary Cisneros
[2023-02-02T10:02:37.580+0000] {logging_mixin.py:137} INFO - Deborah Brown
[2023-02-02T10:02:37.585+0000] {logging_mixin.py:137} INFO - Monica Moses
[2023-02-02T10:02:37.587+0000] {logging_mixin.py:137} INFO - Brenda Reyes
[2023-02-02T10:02:37.591+0000] {logging_mixin.py:137} INFO - Miss Renee Allen
[2023-02-02T10:02:37.594+0000] {logging_mixin.py:137} INFO - Susan Clark
[2023-02-02T10:02:37.595+0000] {logging_mixin.py:137} INFO - Brandy Coffey
[2023-02-02T10:02:37.596+0000] {logging_mixin.py:137} INFO - Brett Nelson
[2023-02-02T10:02:37.598+0000] {logging_mixin.py:137} INFO - Ricardo Young
[2023-02-02T10:02:37.606+0000] {logging_mixin.py:137} INFO - Paul Lee
[2023-02-02T10:02:37.611+0000] {logging_mixin.py:137} INFO - David Allen
[2023-02-02T10:02:37.613+0000] {logging_mixin.py:137} INFO - Andrea Knight
[2023-02-02T10:02:37.614+0000] {logging_mixin.py:137} INFO - James Gomez
[2023-02-02T10:02:37.619+0000] {logging_mixin.py:137} INFO - Melody Gibson
[2023-02-02T10:02:37.620+0000] {logging_mixin.py:137} INFO - Christina Martinez
[2023-02-02T10:02:37.622+0000] {logging_mixin.py:137} INFO - Shelby Smith
[2023-02-02T10:02:37.623+0000] {logging_mixin.py:137} INFO - Jason Howard
[2023-02-02T10:02:37.624+0000] {logging_mixin.py:137} INFO - Amy Davidson
[2023-02-02T10:02:37.625+0000] {logging_mixin.py:137} INFO - Kyle Copeland
[2023-02-02T10:02:37.628+0000] {logging_mixin.py:137} INFO - Madeline Davis
[2023-02-02T10:02:37.636+0000] {logging_mixin.py:137} INFO - Aaron Young
[2023-02-02T10:02:37.637+0000] {logging_mixin.py:137} INFO - Lisa Barrett
[2023-02-02T10:02:37.639+0000] {logging_mixin.py:137} INFO - Joel Jones
[2023-02-02T10:02:37.649+0000] {logging_mixin.py:137} INFO - Christine Evans
[2023-02-02T10:02:37.651+0000] {logging_mixin.py:137} INFO - Kimberly Johnson
[2023-02-02T10:02:37.653+0000] {logging_mixin.py:137} INFO - Charles Hess
[2023-02-02T10:02:37.655+0000] {logging_mixin.py:137} INFO - Paul Dixon
[2023-02-02T10:02:37.656+0000] {logging_mixin.py:137} INFO - Christopher Johnson
[2023-02-02T10:02:37.657+0000] {logging_mixin.py:137} INFO - Robert Dawson
[2023-02-02T10:02:37.659+0000] {logging_mixin.py:137} INFO - Ryan Dixon
[2023-02-02T10:02:37.660+0000] {logging_mixin.py:137} INFO - Julie Martinez
[2023-02-02T10:02:37.661+0000] {logging_mixin.py:137} INFO - David Adams
[2023-02-02T10:02:37.667+0000] {logging_mixin.py:137} INFO - Mariah Brown
[2023-02-02T10:02:37.670+0000] {logging_mixin.py:137} INFO - Deborah Malone
[2023-02-02T10:02:37.674+0000] {logging_mixin.py:137} INFO - John Brown
[2023-02-02T10:02:37.675+0000] {logging_mixin.py:137} INFO - Maria Stewart
[2023-02-02T10:02:37.677+0000] {logging_mixin.py:137} INFO - Mr. Bryan Hawkins
[2023-02-02T10:02:37.679+0000] {logging_mixin.py:137} INFO - Kyle Brooks
[2023-02-02T10:02:37.680+0000] {logging_mixin.py:137} INFO - Kenneth White
[2023-02-02T10:02:37.681+0000] {logging_mixin.py:137} INFO - Patricia Wilson
[2023-02-02T10:02:37.682+0000] {logging_mixin.py:137} INFO - Paul Soto
[2023-02-02T10:02:37.684+0000] {logging_mixin.py:137} INFO - Janice Garrett
[2023-02-02T10:02:37.686+0000] {logging_mixin.py:137} INFO - Randy Strickland
[2023-02-02T10:02:37.688+0000] {logging_mixin.py:137} INFO - Felicia Herrera
[2023-02-02T10:02:37.690+0000] {logging_mixin.py:137} INFO - Andre Campos
[2023-02-02T10:02:37.691+0000] {logging_mixin.py:137} INFO - Justin Meyer
[2023-02-02T10:02:37.692+0000] {logging_mixin.py:137} INFO - Brandon Brooks
[2023-02-02T10:02:37.694+0000] {logging_mixin.py:137} INFO - Abigail Rivera
[2023-02-02T10:02:37.695+0000] {logging_mixin.py:137} INFO - Jessica Mann
[2023-02-02T10:02:37.696+0000] {logging_mixin.py:137} INFO - Michael Sawyer
[2023-02-02T10:02:37.701+0000] {logging_mixin.py:137} INFO - Jeffrey Coleman
[2023-02-02T10:02:37.702+0000] {logging_mixin.py:137} INFO - Micheal Castro
[2023-02-02T10:02:37.704+0000] {logging_mixin.py:137} INFO - Laura Gonzalez
[2023-02-02T10:02:37.706+0000] {logging_mixin.py:137} INFO - Christopher Jackson
[2023-02-02T10:02:37.708+0000] {logging_mixin.py:137} INFO - William Mckenzie
[2023-02-02T10:02:37.709+0000] {logging_mixin.py:137} INFO - Kristina Rodriguez
[2023-02-02T10:02:37.710+0000] {logging_mixin.py:137} INFO - Kelli Williams
[2023-02-02T10:02:37.712+0000] {logging_mixin.py:137} INFO - Diane Norris
[2023-02-02T10:02:37.717+0000] {logging_mixin.py:137} INFO - Kevin Carroll
[2023-02-02T10:02:37.719+0000] {logging_mixin.py:137} INFO - Betty Weber
[2023-02-02T10:02:37.722+0000] {logging_mixin.py:137} INFO - Jeffery Robinson
[2023-02-02T10:02:37.726+0000] {logging_mixin.py:137} INFO - Hannah Cowan
[2023-02-02T10:02:37.732+0000] {logging_mixin.py:137} INFO - Brian Kramer
[2023-02-02T10:02:37.735+0000] {logging_mixin.py:137} INFO - Anthony Roberts
[2023-02-02T10:02:37.737+0000] {logging_mixin.py:137} INFO - Ricardo Blankenship
[2023-02-02T10:02:37.739+0000] {logging_mixin.py:137} INFO - Brooke Collins
[2023-02-02T10:02:37.747+0000] {logging_mixin.py:137} INFO - Tammy Lawson
[2023-02-02T10:02:37.749+0000] {logging_mixin.py:137} INFO - Cody Miller
[2023-02-02T10:02:37.752+0000] {logging_mixin.py:137} INFO - Dr. Janice Salazar
[2023-02-02T10:02:37.754+0000] {logging_mixin.py:137} INFO - David West
[2023-02-02T10:02:37.757+0000] {logging_mixin.py:137} INFO - Robin Carpenter
[2023-02-02T10:02:37.761+0000] {logging_mixin.py:137} INFO - Monique Wall
[2023-02-02T10:02:37.762+0000] {logging_mixin.py:137} INFO - Charles Cardenas
[2023-02-02T10:02:37.763+0000] {logging_mixin.py:137} INFO - Valerie Mitchell
[2023-02-02T10:02:37.765+0000] {logging_mixin.py:137} INFO - Michelle Valenzuela
[2023-02-02T10:02:37.767+0000] {logging_mixin.py:137} INFO - William Poole
[2023-02-02T10:02:37.769+0000] {logging_mixin.py:137} INFO - James Hall
[2023-02-02T10:02:37.773+0000] {logging_mixin.py:137} INFO - Dylan Carpenter
[2023-02-02T10:02:37.775+0000] {logging_mixin.py:137} INFO - Linda Medina
[2023-02-02T10:02:37.777+0000] {logging_mixin.py:137} INFO - Joan White
[2023-02-02T10:02:37.782+0000] {logging_mixin.py:137} INFO - Mary Klein
[2023-02-02T10:02:37.784+0000] {logging_mixin.py:137} INFO - Ashley Wolf
[2023-02-02T10:02:37.786+0000] {logging_mixin.py:137} INFO - William Reed
[2023-02-02T10:02:37.792+0000] {logging_mixin.py:137} INFO - Derek Harvey
[2023-02-02T10:02:37.793+0000] {logging_mixin.py:137} INFO - Kathleen Rodriguez
[2023-02-02T10:02:37.795+0000] {logging_mixin.py:137} INFO - Andrew Rodriguez
[2023-02-02T10:02:37.796+0000] {logging_mixin.py:137} INFO - Ariel Frank
[2023-02-02T10:02:37.798+0000] {logging_mixin.py:137} INFO - Tina French
[2023-02-02T10:02:37.802+0000] {logging_mixin.py:137} INFO - Brent Waller
[2023-02-02T10:02:37.805+0000] {logging_mixin.py:137} INFO - Kevin Allen
[2023-02-02T10:02:37.806+0000] {logging_mixin.py:137} INFO - Xavier Walker
[2023-02-02T10:02:37.808+0000] {logging_mixin.py:137} INFO - Michelle Sanchez
[2023-02-02T10:02:37.810+0000] {logging_mixin.py:137} INFO - Rachael Shepard
[2023-02-02T10:02:37.814+0000] {logging_mixin.py:137} INFO - Kelsey Johnson
[2023-02-02T10:02:37.817+0000] {logging_mixin.py:137} INFO - Nicole Webb
[2023-02-02T10:02:37.819+0000] {logging_mixin.py:137} INFO - Nicholas Rodriguez
[2023-02-02T10:02:37.823+0000] {logging_mixin.py:137} INFO - Eric Vaughan
[2023-02-02T10:02:37.825+0000] {logging_mixin.py:137} INFO - Amanda Richardson
[2023-02-02T10:02:37.827+0000] {logging_mixin.py:137} INFO - Janice Carlson
[2023-02-02T10:02:37.828+0000] {logging_mixin.py:137} INFO - Darryl Walsh
[2023-02-02T10:02:37.831+0000] {logging_mixin.py:137} INFO - Heather Johnson
[2023-02-02T10:02:37.833+0000] {logging_mixin.py:137} INFO - Mark Chambers
[2023-02-02T10:02:37.835+0000] {logging_mixin.py:137} INFO - Tracy Burns
[2023-02-02T10:02:37.836+0000] {logging_mixin.py:137} INFO - John Cole
[2023-02-02T10:02:37.838+0000] {logging_mixin.py:137} INFO - Deborah Silva
[2023-02-02T10:02:37.842+0000] {logging_mixin.py:137} INFO - Shawn Hernandez
[2023-02-02T10:02:37.845+0000] {logging_mixin.py:137} INFO - Bethany Meyer
[2023-02-02T10:02:37.846+0000] {logging_mixin.py:137} INFO - Helen Smith
[2023-02-02T10:02:37.848+0000] {logging_mixin.py:137} INFO - Dana Dennis
[2023-02-02T10:02:37.850+0000] {logging_mixin.py:137} INFO - Kelsey Camacho
[2023-02-02T10:02:37.854+0000] {logging_mixin.py:137} INFO - Matthew Thomas
[2023-02-02T10:02:37.858+0000] {logging_mixin.py:137} INFO - Brittany Arellano
[2023-02-02T10:02:37.861+0000] {logging_mixin.py:137} INFO - Stacey Jones
[2023-02-02T10:02:37.863+0000] {logging_mixin.py:137} INFO - William Weeks
[2023-02-02T10:02:37.864+0000] {logging_mixin.py:137} INFO - Mark Beasley
[2023-02-02T10:02:37.867+0000] {logging_mixin.py:137} INFO - Bruce Pena
[2023-02-02T10:02:37.876+0000] {logging_mixin.py:137} INFO - Jeffery Smith
[2023-02-02T10:02:37.882+0000] {logging_mixin.py:137} INFO - Ann Deleon
[2023-02-02T10:02:37.892+0000] {logging_mixin.py:137} INFO - Kevin Robertson
[2023-02-02T10:02:37.894+0000] {logging_mixin.py:137} INFO - Vincent Willis MD
[2023-02-02T10:02:37.897+0000] {logging_mixin.py:137} INFO - Michael Nielsen
[2023-02-02T10:02:37.900+0000] {logging_mixin.py:137} INFO - Walter Koch
[2023-02-02T10:02:37.901+0000] {logging_mixin.py:137} INFO - Brian Vega
[2023-02-02T10:02:37.903+0000] {logging_mixin.py:137} INFO - Jeffrey Medina
[2023-02-02T10:02:37.905+0000] {logging_mixin.py:137} INFO - Erika Banks
[2023-02-02T10:02:37.906+0000] {logging_mixin.py:137} INFO - Stacey Griffin
[2023-02-02T10:02:37.907+0000] {logging_mixin.py:137} INFO - Michael Marsh
[2023-02-02T10:02:37.909+0000] {logging_mixin.py:137} INFO - Molly White
[2023-02-02T10:02:37.911+0000] {logging_mixin.py:137} INFO - Matthew Morrison
[2023-02-02T10:02:37.913+0000] {logging_mixin.py:137} INFO - Amanda Burns
[2023-02-02T10:02:37.917+0000] {logging_mixin.py:137} INFO - Emily Gonzalez DDS
[2023-02-02T10:02:37.918+0000] {logging_mixin.py:137} INFO - Gregory King
[2023-02-02T10:02:37.922+0000] {logging_mixin.py:137} INFO - Dennis Evans
[2023-02-02T10:02:37.925+0000] {logging_mixin.py:137} INFO - Christina Snyder
[2023-02-02T10:02:37.926+0000] {logging_mixin.py:137} INFO - Carolyn Mata
[2023-02-02T10:02:37.928+0000] {logging_mixin.py:137} INFO - Brandy Lawson
[2023-02-02T10:02:37.930+0000] {logging_mixin.py:137} INFO - Briana Christian
[2023-02-02T10:02:37.932+0000] {logging_mixin.py:137} INFO - Jeffrey Hernandez
[2023-02-02T10:02:37.934+0000] {logging_mixin.py:137} INFO - John Riggs
[2023-02-02T10:02:37.935+0000] {logging_mixin.py:137} INFO - Barbara Short
[2023-02-02T10:02:37.937+0000] {logging_mixin.py:137} INFO - Steven Brooks
[2023-02-02T10:02:37.939+0000] {logging_mixin.py:137} INFO - Gabrielle James
[2023-02-02T10:02:37.940+0000] {logging_mixin.py:137} INFO - Robert Young
[2023-02-02T10:02:37.943+0000] {logging_mixin.py:137} INFO - Derek Sanders
[2023-02-02T10:02:37.951+0000] {logging_mixin.py:137} INFO - Mallory Oliver
[2023-02-02T10:02:37.953+0000] {logging_mixin.py:137} INFO - Terry Howe
[2023-02-02T10:02:37.954+0000] {logging_mixin.py:137} INFO - Samuel Wallace
[2023-02-02T10:02:37.956+0000] {logging_mixin.py:137} INFO - Angel Jones
[2023-02-02T10:02:37.959+0000] {logging_mixin.py:137} INFO - Jacqueline Nichols
[2023-02-02T10:02:37.961+0000] {logging_mixin.py:137} INFO - Melissa Mcgee
[2023-02-02T10:02:37.962+0000] {logging_mixin.py:137} INFO - Michelle Smith
[2023-02-02T10:02:37.964+0000] {logging_mixin.py:137} INFO - Maureen Baxter
[2023-02-02T10:02:37.965+0000] {logging_mixin.py:137} INFO - Kathy Crawford
[2023-02-02T10:02:37.966+0000] {logging_mixin.py:137} INFO - Stacy Wood
[2023-02-02T10:02:37.968+0000] {logging_mixin.py:137} INFO - Justin Parsons
[2023-02-02T10:02:37.970+0000] {logging_mixin.py:137} INFO - Ann Klein
[2023-02-02T10:02:37.972+0000] {logging_mixin.py:137} INFO - Allison Arnold
[2023-02-02T10:02:37.977+0000] {logging_mixin.py:137} INFO - Heather Kirk
[2023-02-02T10:02:37.979+0000] {logging_mixin.py:137} INFO - Monica Smith
[2023-02-02T10:02:37.983+0000] {logging_mixin.py:137} INFO - Brett Oconnor
[2023-02-02T10:02:37.984+0000] {logging_mixin.py:137} INFO - Anthony Bryant
[2023-02-02T10:02:37.985+0000] {logging_mixin.py:137} INFO - Jeremy Russell
[2023-02-02T10:02:37.987+0000] {logging_mixin.py:137} INFO - Julie Poole
[2023-02-02T10:02:37.988+0000] {logging_mixin.py:137} INFO - Emma Thompson
[2023-02-02T10:02:37.994+0000] {logging_mixin.py:137} INFO - Bradley Matthews
[2023-02-02T10:02:37.997+0000] {logging_mixin.py:137} INFO - William Roberts
[2023-02-02T10:02:38.000+0000] {logging_mixin.py:137} INFO - Julie Mooney
[2023-02-02T10:02:38.003+0000] {logging_mixin.py:137} INFO - Amy Doyle
[2023-02-02T10:02:38.005+0000] {logging_mixin.py:137} INFO - Amanda Grant
[2023-02-02T10:02:38.007+0000] {logging_mixin.py:137} INFO - Eric Anderson
[2023-02-02T10:02:38.009+0000] {logging_mixin.py:137} INFO - George Thompson
[2023-02-02T10:02:38.013+0000] {logging_mixin.py:137} INFO - Dustin Hines
[2023-02-02T10:02:38.014+0000] {logging_mixin.py:137} INFO - Andrea Frank
[2023-02-02T10:02:38.017+0000] {logging_mixin.py:137} INFO - Jodi Cook
[2023-02-02T10:02:38.021+0000] {logging_mixin.py:137} INFO - Stacy Haney
[2023-02-02T10:02:38.024+0000] {logging_mixin.py:137} INFO - Paul Callahan
[2023-02-02T10:02:38.026+0000] {logging_mixin.py:137} INFO - Jasmine Chambers
[2023-02-02T10:02:38.031+0000] {logging_mixin.py:137} INFO - Melissa Pittman MD
[2023-02-02T10:02:38.033+0000] {logging_mixin.py:137} INFO - Deborah Larson
[2023-02-02T10:02:38.034+0000] {logging_mixin.py:137} INFO - Brandon Shaw
[2023-02-02T10:02:38.037+0000] {logging_mixin.py:137} INFO - Timothy Paul
[2023-02-02T10:02:38.041+0000] {logging_mixin.py:137} INFO - Michael Trujillo
[2023-02-02T10:02:38.044+0000] {logging_mixin.py:137} INFO - Robert Rivera
[2023-02-02T10:02:38.046+0000] {logging_mixin.py:137} INFO - Dana Nelson
[2023-02-02T10:02:38.048+0000] {logging_mixin.py:137} INFO - Andrea Bennett
[2023-02-02T10:02:38.054+0000] {logging_mixin.py:137} INFO - Jodi Fox
[2023-02-02T10:02:38.059+0000] {logging_mixin.py:137} INFO - Heather Hayes
[2023-02-02T10:02:38.061+0000] {logging_mixin.py:137} INFO - Jennifer Moreno
[2023-02-02T10:02:38.063+0000] {logging_mixin.py:137} INFO - John Patel
[2023-02-02T10:02:38.064+0000] {logging_mixin.py:137} INFO - Teresa Oliver
[2023-02-02T10:02:38.066+0000] {logging_mixin.py:137} INFO - Monique Bell
[2023-02-02T10:02:38.067+0000] {logging_mixin.py:137} INFO - Casey Leonard
[2023-02-02T10:02:38.072+0000] {logging_mixin.py:137} INFO - Steven Clark
[2023-02-02T10:02:38.085+0000] {logging_mixin.py:137} INFO - Edward Martin
[2023-02-02T10:02:38.088+0000] {logging_mixin.py:137} INFO - Shawn Orozco
[2023-02-02T10:02:38.089+0000] {logging_mixin.py:137} INFO - Brandon Yang
[2023-02-02T10:02:38.090+0000] {logging_mixin.py:137} INFO - Nathan Ray
[2023-02-02T10:02:38.093+0000] {logging_mixin.py:137} INFO - Lori Moore
[2023-02-02T10:02:38.095+0000] {logging_mixin.py:137} INFO - Dr. Lisa Shaw DVM
[2023-02-02T10:02:38.096+0000] {logging_mixin.py:137} INFO - Angela Walters
[2023-02-02T10:02:38.098+0000] {logging_mixin.py:137} INFO - David Nolan
[2023-02-02T10:02:38.100+0000] {logging_mixin.py:137} INFO - William Ramsey
[2023-02-02T10:02:38.102+0000] {logging_mixin.py:137} INFO - David Oconnor
[2023-02-02T10:02:38.104+0000] {logging_mixin.py:137} INFO - Mark Washington
[2023-02-02T10:02:38.106+0000] {logging_mixin.py:137} INFO - Jennifer Jacobs
[2023-02-02T10:02:38.111+0000] {logging_mixin.py:137} INFO - Tammy Hampton
[2023-02-02T10:02:38.115+0000] {logging_mixin.py:137} INFO - Stephen Farmer
[2023-02-02T10:02:38.117+0000] {logging_mixin.py:137} INFO - Jasmine Nguyen
[2023-02-02T10:02:38.119+0000] {logging_mixin.py:137} INFO - Rebecca Flores
[2023-02-02T10:02:38.121+0000] {logging_mixin.py:137} INFO - Tyler Davis
[2023-02-02T10:02:38.126+0000] {logging_mixin.py:137} INFO - Nancy Gray
[2023-02-02T10:02:38.127+0000] {logging_mixin.py:137} INFO - Brian Sanchez
[2023-02-02T10:02:38.130+0000] {logging_mixin.py:137} INFO - Laurie Shaw
[2023-02-02T10:02:38.132+0000] {logging_mixin.py:137} INFO - Kristina Torres
[2023-02-02T10:02:38.134+0000] {logging_mixin.py:137} INFO - Andrea Rodgers
[2023-02-02T10:02:38.141+0000] {logging_mixin.py:137} INFO - Jason Walters
[2023-02-02T10:02:38.143+0000] {logging_mixin.py:137} INFO - Jerry Moss
[2023-02-02T10:02:38.146+0000] {logging_mixin.py:137} INFO - Jeffrey Jordan
[2023-02-02T10:02:38.148+0000] {logging_mixin.py:137} INFO - Jennifer Wilson
[2023-02-02T10:02:38.150+0000] {logging_mixin.py:137} INFO - Trevor Mathews
[2023-02-02T10:02:38.152+0000] {logging_mixin.py:137} INFO - Anne Hood
[2023-02-02T10:02:38.154+0000] {logging_mixin.py:137} INFO - Sarah Williams
[2023-02-02T10:02:38.160+0000] {logging_mixin.py:137} INFO - Shelby Hernandez
[2023-02-02T10:02:38.170+0000] {logging_mixin.py:137} INFO - Samantha Velez
[2023-02-02T10:02:38.172+0000] {logging_mixin.py:137} INFO - Matthew Douglas
[2023-02-02T10:02:38.174+0000] {logging_mixin.py:137} INFO - Ashlee George
[2023-02-02T10:02:38.175+0000] {logging_mixin.py:137} INFO - Troy Crane
[2023-02-02T10:02:38.176+0000] {logging_mixin.py:137} INFO - Michael Cooper
[2023-02-02T10:02:38.178+0000] {logging_mixin.py:137} INFO - Michael White
[2023-02-02T10:02:38.179+0000] {logging_mixin.py:137} INFO - Mr. Timothy Fleming
[2023-02-02T10:02:38.180+0000] {logging_mixin.py:137} INFO - Seth Bruce
[2023-02-02T10:02:38.181+0000] {logging_mixin.py:137} INFO - Jacqueline Carpenter
[2023-02-02T10:02:38.183+0000] {logging_mixin.py:137} INFO - Michael Martin
[2023-02-02T10:02:38.185+0000] {logging_mixin.py:137} INFO - Kristopher Henry
[2023-02-02T10:02:38.186+0000] {logging_mixin.py:137} INFO - Tiffany Porter
[2023-02-02T10:02:38.188+0000] {logging_mixin.py:137} INFO - Stacy Simpson
[2023-02-02T10:02:38.190+0000] {logging_mixin.py:137} INFO - Tammy Mcdowell
[2023-02-02T10:02:38.192+0000] {logging_mixin.py:137} INFO - Thomas Walters
[2023-02-02T10:02:38.194+0000] {logging_mixin.py:137} INFO - Dwayne Thompson
[2023-02-02T10:02:38.199+0000] {logging_mixin.py:137} INFO - Natalie Willis
[2023-02-02T10:02:38.200+0000] {logging_mixin.py:137} INFO - Sharon Taylor
[2023-02-02T10:02:38.212+0000] {logging_mixin.py:137} INFO - Sarah Wiggins
[2023-02-02T10:02:38.214+0000] {logging_mixin.py:137} INFO - Amber Thomas
[2023-02-02T10:02:38.216+0000] {logging_mixin.py:137} INFO - Patrick Miller
[2023-02-02T10:02:38.217+0000] {logging_mixin.py:137} INFO - Stephanie Hartman
[2023-02-02T10:02:38.220+0000] {logging_mixin.py:137} INFO - Stacey Mora
[2023-02-02T10:02:38.228+0000] {logging_mixin.py:137} INFO - Katherine Rodriguez
[2023-02-02T10:02:38.232+0000] {logging_mixin.py:137} INFO - Daniel Morgan
[2023-02-02T10:02:38.235+0000] {logging_mixin.py:137} INFO - Rebecca Martinez
[2023-02-02T10:02:38.237+0000] {logging_mixin.py:137} INFO - Nicole Juarez
[2023-02-02T10:02:38.241+0000] {logging_mixin.py:137} INFO - Mark Arroyo
[2023-02-02T10:02:38.242+0000] {logging_mixin.py:137} INFO - April Lucero
[2023-02-02T10:02:38.245+0000] {logging_mixin.py:137} INFO - Samantha Garcia
[2023-02-02T10:02:38.247+0000] {logging_mixin.py:137} INFO - Jon Moore
[2023-02-02T10:02:38.248+0000] {logging_mixin.py:137} INFO - Joshua Flores MD
[2023-02-02T10:02:38.250+0000] {logging_mixin.py:137} INFO - Raymond Jones
[2023-02-02T10:02:38.252+0000] {logging_mixin.py:137} INFO - Billy Hughes
[2023-02-02T10:02:38.254+0000] {logging_mixin.py:137} INFO - Peggy Valdez PhD
[2023-02-02T10:02:38.259+0000] {logging_mixin.py:137} INFO - Joshua Reyes
[2023-02-02T10:02:38.264+0000] {logging_mixin.py:137} INFO - Aaron Green
[2023-02-02T10:02:38.265+0000] {logging_mixin.py:137} INFO - Wendy Espinoza
[2023-02-02T10:02:38.273+0000] {logging_mixin.py:137} INFO - Peter Vasquez
[2023-02-02T10:02:38.283+0000] {logging_mixin.py:137} INFO - Diane Harper
[2023-02-02T10:02:38.285+0000] {logging_mixin.py:137} INFO - Ms. Rebecca Cantu
[2023-02-02T10:02:38.291+0000] {logging_mixin.py:137} INFO - Yolanda Morrow
[2023-02-02T10:02:38.293+0000] {logging_mixin.py:137} INFO - Penny Beard
[2023-02-02T10:02:38.295+0000] {logging_mixin.py:137} INFO - Lisa Long
[2023-02-02T10:02:38.297+0000] {logging_mixin.py:137} INFO - Jerry Harris
[2023-02-02T10:02:38.299+0000] {logging_mixin.py:137} INFO - Bob Willis
[2023-02-02T10:02:38.301+0000] {logging_mixin.py:137} INFO - Duane Chapman
[2023-02-02T10:02:38.303+0000] {logging_mixin.py:137} INFO - William Morgan
[2023-02-02T10:02:38.304+0000] {logging_mixin.py:137} INFO - Amy Gutierrez
[2023-02-02T10:02:38.306+0000] {logging_mixin.py:137} INFO - Amber Nichols
[2023-02-02T10:02:38.309+0000] {logging_mixin.py:137} INFO - Matthew Carr
[2023-02-02T10:02:38.312+0000] {logging_mixin.py:137} INFO - Thomas Duncan
[2023-02-02T10:02:38.314+0000] {logging_mixin.py:137} INFO - Elizabeth Wright
[2023-02-02T10:02:38.316+0000] {logging_mixin.py:137} INFO - Jacqueline Brewer
[2023-02-02T10:02:38.319+0000] {logging_mixin.py:137} INFO - Stephanie Johnson
[2023-02-02T10:02:38.321+0000] {logging_mixin.py:137} INFO - Samantha Calderon
[2023-02-02T10:02:38.324+0000] {logging_mixin.py:137} INFO - Kathryn Gaines
[2023-02-02T10:02:38.326+0000] {logging_mixin.py:137} INFO - Angel Jones
[2023-02-02T10:02:38.327+0000] {logging_mixin.py:137} INFO - Laura Wall
[2023-02-02T10:02:38.329+0000] {logging_mixin.py:137} INFO - Mr. Anthony Hamilton
[2023-02-02T10:02:38.331+0000] {logging_mixin.py:137} INFO - David Smith
[2023-02-02T10:02:38.332+0000] {logging_mixin.py:137} INFO - Kimberly Herrera DDS
[2023-02-02T10:02:38.334+0000] {logging_mixin.py:137} INFO - Gina Wilson
[2023-02-02T10:02:38.336+0000] {logging_mixin.py:137} INFO - Timothy Byrd
[2023-02-02T10:02:38.339+0000] {logging_mixin.py:137} INFO - Michael Mckenzie
[2023-02-02T10:02:38.345+0000] {logging_mixin.py:137} INFO - Jeffrey Mcintyre
[2023-02-02T10:02:38.349+0000] {logging_mixin.py:137} INFO - Teresa Jackson
[2023-02-02T10:02:38.355+0000] {logging_mixin.py:137} INFO - Joseph Wilcox
[2023-02-02T10:02:38.357+0000] {logging_mixin.py:137} INFO - Patrick Mcknight
[2023-02-02T10:02:38.360+0000] {logging_mixin.py:137} INFO - Ronald Moreno
[2023-02-02T10:02:38.362+0000] {logging_mixin.py:137} INFO - Jamie Sullivan
[2023-02-02T10:02:38.365+0000] {logging_mixin.py:137} INFO - Jason Anderson
[2023-02-02T10:02:38.369+0000] {logging_mixin.py:137} INFO - Steven Stewart
[2023-02-02T10:02:38.373+0000] {logging_mixin.py:137} INFO - Melinda Paul
[2023-02-02T10:02:38.377+0000] {logging_mixin.py:137} INFO - Cynthia Simmons
[2023-02-02T10:02:38.380+0000] {logging_mixin.py:137} INFO - Christian Smith
[2023-02-02T10:02:38.382+0000] {logging_mixin.py:137} INFO - William Jimenez
[2023-02-02T10:02:38.385+0000] {logging_mixin.py:137} INFO - Hayley French
[2023-02-02T10:02:38.387+0000] {logging_mixin.py:137} INFO - Brandon Hess
[2023-02-02T10:02:38.388+0000] {logging_mixin.py:137} INFO - Laura Perry
[2023-02-02T10:02:38.390+0000] {logging_mixin.py:137} INFO - Scott Jones
[2023-02-02T10:02:38.392+0000] {logging_mixin.py:137} INFO - Christine Hernandez
[2023-02-02T10:02:38.398+0000] {logging_mixin.py:137} INFO - Douglas Eaton
[2023-02-02T10:02:38.400+0000] {logging_mixin.py:137} INFO - William Soto
[2023-02-02T10:02:38.407+0000] {logging_mixin.py:137} INFO - Mary Jones
[2023-02-02T10:02:38.408+0000] {logging_mixin.py:137} INFO - Stephanie Holmes
[2023-02-02T10:02:38.410+0000] {logging_mixin.py:137} INFO - Keith Meyers
[2023-02-02T10:02:38.412+0000] {logging_mixin.py:137} INFO - Paul Fisher
[2023-02-02T10:02:38.414+0000] {logging_mixin.py:137} INFO - Emily Alexander
[2023-02-02T10:02:38.416+0000] {logging_mixin.py:137} INFO - Anthony Schwartz
[2023-02-02T10:02:38.419+0000] {logging_mixin.py:137} INFO - Evelyn Jacobs
[2023-02-02T10:02:38.422+0000] {logging_mixin.py:137} INFO - Connie Jones
[2023-02-02T10:02:38.427+0000] {logging_mixin.py:137} INFO - Carla Gibbs
[2023-02-02T10:02:38.435+0000] {logging_mixin.py:137} INFO - Ashley Santiago
[2023-02-02T10:02:38.444+0000] {logging_mixin.py:137} INFO - Micheal Mckee
[2023-02-02T10:02:38.455+0000] {logging_mixin.py:137} INFO - Diane Williams
[2023-02-02T10:02:38.458+0000] {logging_mixin.py:137} INFO - Jesse Velasquez
[2023-02-02T10:02:38.462+0000] {logging_mixin.py:137} INFO - Jennifer Rodriguez
[2023-02-02T10:02:38.464+0000] {logging_mixin.py:137} INFO - Joe Griffin
[2023-02-02T10:02:38.467+0000] {logging_mixin.py:137} INFO - Gary Cherry
[2023-02-02T10:02:38.471+0000] {logging_mixin.py:137} INFO - Alyssa Edwards
[2023-02-02T10:02:38.477+0000] {logging_mixin.py:137} INFO - Caroline Hernandez MD
[2023-02-02T10:02:38.479+0000] {logging_mixin.py:137} INFO - Jessica Morton
[2023-02-02T10:02:38.491+0000] {logging_mixin.py:137} INFO - Holly Jones
[2023-02-02T10:02:38.495+0000] {logging_mixin.py:137} INFO - David Shelton
[2023-02-02T10:02:38.499+0000] {logging_mixin.py:137} INFO - Kristina Parks
[2023-02-02T10:02:38.504+0000] {logging_mixin.py:137} INFO - Laurie Hernandez
[2023-02-02T10:02:38.507+0000] {logging_mixin.py:137} INFO - Melissa James
[2023-02-02T10:02:38.510+0000] {logging_mixin.py:137} INFO - Jeremiah Adams
[2023-02-02T10:02:38.513+0000] {logging_mixin.py:137} INFO - Arthur Robinson
[2023-02-02T10:02:38.516+0000] {logging_mixin.py:137} INFO - Anna Shepard
[2023-02-02T10:02:38.518+0000] {logging_mixin.py:137} INFO - Brandon Myers
[2023-02-02T10:02:38.521+0000] {logging_mixin.py:137} INFO - Paul Cardenas
[2023-02-02T10:02:38.524+0000] {logging_mixin.py:137} INFO - Megan Santana
[2023-02-02T10:02:38.538+0000] {logging_mixin.py:137} INFO - Joseph Marshall
[2023-02-02T10:02:38.548+0000] {logging_mixin.py:137} INFO - Mrs. Brenda Harris
[2023-02-02T10:02:38.555+0000] {logging_mixin.py:137} INFO - Nicole Garcia
[2023-02-02T10:02:38.561+0000] {logging_mixin.py:137} INFO - Anna Estrada
[2023-02-02T10:02:38.567+0000] {logging_mixin.py:137} INFO - Carl Moore
[2023-02-02T10:02:38.576+0000] {logging_mixin.py:137} INFO - Rodney Hernandez
[2023-02-02T10:02:38.580+0000] {logging_mixin.py:137} INFO - Madison Christian
[2023-02-02T10:02:38.583+0000] {logging_mixin.py:137} INFO - Heather Rhodes
[2023-02-02T10:02:38.599+0000] {python.py:177} INFO - Done. Returned value was: None
[2023-02-02T10:02:38.627+0000] {taskinstance.py:1323} INFO - Marking task as SUCCESS. dag_id=CSV_DAG, task_id=convertCSVToJson, execution_date=20230202T040500, start_date=20230202T100235, end_date=20230202T100238
[2023-02-02T10:02:38.721+0000] {local_task_job.py:208} INFO - Task exited with return code 0
[2023-02-02T10:02:38.753+0000] {taskinstance.py:2578} INFO - 0 downstream tasks scheduled from follow-on schedule check
