[2023-02-01T19:06:00.441+0000] {taskinstance.py:1083} INFO - Dependencies all met for <TaskInstance: CSV_DAG.convertCSVToJson scheduled__2023-02-01T02:10:00+00:00 [queued]>
[2023-02-01T19:06:00.477+0000] {taskinstance.py:1083} INFO - Dependencies all met for <TaskInstance: CSV_DAG.convertCSVToJson scheduled__2023-02-01T02:10:00+00:00 [queued]>
[2023-02-01T19:06:00.493+0000] {taskinstance.py:1279} INFO - 
--------------------------------------------------------------------------------
[2023-02-01T19:06:00.499+0000] {taskinstance.py:1280} INFO - Starting attempt 1 of 2
[2023-02-01T19:06:00.509+0000] {taskinstance.py:1281} INFO - 
--------------------------------------------------------------------------------
[2023-02-01T19:06:00.624+0000] {taskinstance.py:1300} INFO - Executing <Task(PythonOperator): convertCSVToJson> on 2023-02-01 02:10:00+00:00
[2023-02-01T19:06:00.655+0000] {standard_task_runner.py:55} INFO - Started process 254 to run task
[2023-02-01T19:06:00.675+0000] {standard_task_runner.py:82} INFO - Running: ['***', 'tasks', 'run', 'CSV_DAG', 'convertCSVToJson', 'scheduled__2023-02-01T02:10:00+00:00', '--job-id', '87', '--raw', '--subdir', 'DAGS_FOLDER/csv.py', '--cfg-path', '/tmp/tmpo4ok_nbo']
[2023-02-01T19:06:00.678+0000] {standard_task_runner.py:83} INFO - Job 87: Subtask convertCSVToJson
[2023-02-01T19:06:00.901+0000] {task_command.py:388} INFO - Running <TaskInstance: CSV_DAG.convertCSVToJson scheduled__2023-02-01T02:10:00+00:00 [running]> on host 06d8060e8530
[2023-02-01T19:06:01.459+0000] {taskinstance.py:1509} INFO - Exporting the following env vars:
AIRFLOW_CTX_DAG_OWNER=Kevin Chalmers
AIRFLOW_CTX_DAG_ID=CSV_DAG
AIRFLOW_CTX_TASK_ID=convertCSVToJson
AIRFLOW_CTX_EXECUTION_DATE=2023-02-01T02:10:00+00:00
AIRFLOW_CTX_TRY_NUMBER=1
AIRFLOW_CTX_DAG_RUN_ID=scheduled__2023-02-01T02:10:00+00:00
[2023-02-01T19:06:01.512+0000] {logging_mixin.py:137} INFO - Angelica Lopez
[2023-02-01T19:06:01.517+0000] {logging_mixin.py:137} INFO - Betty Wright
[2023-02-01T19:06:01.525+0000] {logging_mixin.py:137} INFO - Sara Schmidt
[2023-02-01T19:06:01.528+0000] {logging_mixin.py:137} INFO - Dr. Sherry Rodriguez
[2023-02-01T19:06:01.535+0000] {logging_mixin.py:137} INFO - Rebecca Mills
[2023-02-01T19:06:01.539+0000] {logging_mixin.py:137} INFO - Andrew Anderson
[2023-02-01T19:06:01.545+0000] {logging_mixin.py:137} INFO - Martin Everett
[2023-02-01T19:06:01.550+0000] {logging_mixin.py:137} INFO - Felicia Gregory
[2023-02-01T19:06:01.556+0000] {logging_mixin.py:137} INFO - Kara Bowers
[2023-02-01T19:06:01.561+0000] {logging_mixin.py:137} INFO - Vincent Vincent
[2023-02-01T19:06:01.567+0000] {logging_mixin.py:137} INFO - Morgan Butler
[2023-02-01T19:06:01.571+0000] {logging_mixin.py:137} INFO - Stephen Riley
[2023-02-01T19:06:01.573+0000] {logging_mixin.py:137} INFO - Wanda Thomas
[2023-02-01T19:06:01.577+0000] {logging_mixin.py:137} INFO - Michelle Schultz
[2023-02-01T19:06:01.591+0000] {logging_mixin.py:137} INFO - Christopher Rush MD
[2023-02-01T19:06:01.600+0000] {logging_mixin.py:137} INFO - Phyllis Miles
[2023-02-01T19:06:01.605+0000] {logging_mixin.py:137} INFO - Rebecca Price
[2023-02-01T19:06:01.607+0000] {logging_mixin.py:137} INFO - John Morse
[2023-02-01T19:06:01.614+0000] {logging_mixin.py:137} INFO - Nicholas Sanchez
[2023-02-01T19:06:01.616+0000] {logging_mixin.py:137} INFO - Crystal Dean
[2023-02-01T19:06:01.619+0000] {logging_mixin.py:137} INFO - Tyler Diaz
[2023-02-01T19:06:01.622+0000] {logging_mixin.py:137} INFO - Denise Mclean
[2023-02-01T19:06:01.625+0000] {logging_mixin.py:137} INFO - Daniel Grant
[2023-02-01T19:06:01.629+0000] {logging_mixin.py:137} INFO - Sandra Peterson
[2023-02-01T19:06:01.639+0000] {logging_mixin.py:137} INFO - Denise Morse
[2023-02-01T19:06:01.641+0000] {logging_mixin.py:137} INFO - Brianna Smith
[2023-02-01T19:06:01.646+0000] {logging_mixin.py:137} INFO - Tony Miller
[2023-02-01T19:06:01.652+0000] {logging_mixin.py:137} INFO - Jean Booth
[2023-02-01T19:06:01.665+0000] {logging_mixin.py:137} INFO - Penny Salazar
[2023-02-01T19:06:01.671+0000] {logging_mixin.py:137} INFO - Cathy Williams
[2023-02-01T19:06:01.676+0000] {logging_mixin.py:137} INFO - Hannah Collins
[2023-02-01T19:06:01.680+0000] {logging_mixin.py:137} INFO - Maurice Casey
[2023-02-01T19:06:01.689+0000] {logging_mixin.py:137} INFO - Patrick Walker
[2023-02-01T19:06:01.696+0000] {logging_mixin.py:137} INFO - Pamela Barton
[2023-02-01T19:06:01.701+0000] {logging_mixin.py:137} INFO - Anthony Bryant
[2023-02-01T19:06:01.707+0000] {logging_mixin.py:137} INFO - Andrew Harris
[2023-02-01T19:06:01.710+0000] {logging_mixin.py:137} INFO - Aaron Harris
[2023-02-01T19:06:01.717+0000] {logging_mixin.py:137} INFO - Maureen Soto
[2023-02-01T19:06:01.722+0000] {logging_mixin.py:137} INFO - Crystal Mcdaniel
[2023-02-01T19:06:01.730+0000] {logging_mixin.py:137} INFO - Lauren Barrett
[2023-02-01T19:06:01.734+0000] {logging_mixin.py:137} INFO - Brandon Perez
[2023-02-01T19:06:01.746+0000] {logging_mixin.py:137} INFO - Mark Robertson
[2023-02-01T19:06:01.757+0000] {logging_mixin.py:137} INFO - Nicole Gates
[2023-02-01T19:06:01.760+0000] {logging_mixin.py:137} INFO - Bradley Cruz
[2023-02-01T19:06:01.766+0000] {logging_mixin.py:137} INFO - Gina Burns
[2023-02-01T19:06:01.772+0000] {logging_mixin.py:137} INFO - Zachary Martinez
[2023-02-01T19:06:01.775+0000] {logging_mixin.py:137} INFO - Natasha Johnson
[2023-02-01T19:06:01.791+0000] {logging_mixin.py:137} INFO - Patrick Gonzales
[2023-02-01T19:06:01.822+0000] {logging_mixin.py:137} INFO - Terri Wilson
[2023-02-01T19:06:01.832+0000] {logging_mixin.py:137} INFO - Sarah Lopez
[2023-02-01T19:06:01.836+0000] {logging_mixin.py:137} INFO - Dana Turner
[2023-02-01T19:06:01.843+0000] {logging_mixin.py:137} INFO - Cynthia Johnson
[2023-02-01T19:06:01.845+0000] {logging_mixin.py:137} INFO - William Thornton
[2023-02-01T19:06:01.849+0000] {logging_mixin.py:137} INFO - James Lee
[2023-02-01T19:06:01.855+0000] {logging_mixin.py:137} INFO - Stephen Allen
[2023-02-01T19:06:01.864+0000] {logging_mixin.py:137} INFO - William Stark
[2023-02-01T19:06:01.868+0000] {logging_mixin.py:137} INFO - Michael Parker
[2023-02-01T19:06:01.870+0000] {logging_mixin.py:137} INFO - Lisa Stephens
[2023-02-01T19:06:01.871+0000] {logging_mixin.py:137} INFO - Mr. Reginald Wise DDS
[2023-02-01T19:06:01.874+0000] {logging_mixin.py:137} INFO - Alexander James
[2023-02-01T19:06:01.881+0000] {logging_mixin.py:137} INFO - Kristen West
[2023-02-01T19:06:01.885+0000] {logging_mixin.py:137} INFO - Elizabeth Sanchez
[2023-02-01T19:06:01.888+0000] {logging_mixin.py:137} INFO - Jennifer Wilson
[2023-02-01T19:06:01.894+0000] {logging_mixin.py:137} INFO - Catherine Nicholson
[2023-02-01T19:06:01.898+0000] {logging_mixin.py:137} INFO - David Henderson
[2023-02-01T19:06:01.904+0000] {logging_mixin.py:137} INFO - Stephen Davis
[2023-02-01T19:06:01.906+0000] {logging_mixin.py:137} INFO - Paul Skinner
[2023-02-01T19:06:01.908+0000] {logging_mixin.py:137} INFO - Rebecca Wong
[2023-02-01T19:06:01.913+0000] {logging_mixin.py:137} INFO - Tara Benitez
[2023-02-01T19:06:01.915+0000] {logging_mixin.py:137} INFO - Sharon Miller
[2023-02-01T19:06:01.917+0000] {logging_mixin.py:137} INFO - Cynthia Smith
[2023-02-01T19:06:01.921+0000] {logging_mixin.py:137} INFO - Jennifer Werner
[2023-02-01T19:06:01.926+0000] {logging_mixin.py:137} INFO - Rebecca Tucker
[2023-02-01T19:06:01.937+0000] {logging_mixin.py:137} INFO - Ashlee Castillo
[2023-02-01T19:06:01.940+0000] {logging_mixin.py:137} INFO - Christopher Holmes
[2023-02-01T19:06:01.951+0000] {logging_mixin.py:137} INFO - Daniel Velez
[2023-02-01T19:06:01.960+0000] {logging_mixin.py:137} INFO - Amy Serrano
[2023-02-01T19:06:01.971+0000] {logging_mixin.py:137} INFO - Alison Nash
[2023-02-01T19:06:01.980+0000] {logging_mixin.py:137} INFO - Peter Johnson
[2023-02-01T19:06:01.991+0000] {logging_mixin.py:137} INFO - Breanna Harris
[2023-02-01T19:06:01.999+0000] {logging_mixin.py:137} INFO - Eric King
[2023-02-01T19:06:02.004+0000] {logging_mixin.py:137} INFO - Patricia Oliver
[2023-02-01T19:06:02.006+0000] {logging_mixin.py:137} INFO - Denise Grimes
[2023-02-01T19:06:02.008+0000] {logging_mixin.py:137} INFO - Jill Olson
[2023-02-01T19:06:02.009+0000] {logging_mixin.py:137} INFO - Stephanie Hart
[2023-02-01T19:06:02.017+0000] {logging_mixin.py:137} INFO - Ashley Lee
[2023-02-01T19:06:02.031+0000] {logging_mixin.py:137} INFO - Kelly Barnes
[2023-02-01T19:06:02.046+0000] {logging_mixin.py:137} INFO - Christie West
[2023-02-01T19:06:02.077+0000] {logging_mixin.py:137} INFO - Todd Nolan
[2023-02-01T19:06:02.080+0000] {logging_mixin.py:137} INFO - Sarah Reed
[2023-02-01T19:06:02.087+0000] {logging_mixin.py:137} INFO - Jennifer Keith
[2023-02-01T19:06:02.090+0000] {logging_mixin.py:137} INFO - Shawn Alvarez
[2023-02-01T19:06:02.099+0000] {logging_mixin.py:137} INFO - Alexander Wilson
[2023-02-01T19:06:02.105+0000] {logging_mixin.py:137} INFO - Rachel Melendez
[2023-02-01T19:06:02.108+0000] {logging_mixin.py:137} INFO - Morgan Walters
[2023-02-01T19:06:02.115+0000] {logging_mixin.py:137} INFO - Nicole Garcia
[2023-02-01T19:06:02.120+0000] {logging_mixin.py:137} INFO - Jennifer White
[2023-02-01T19:06:02.124+0000] {logging_mixin.py:137} INFO - Leslie Shannon
[2023-02-01T19:06:02.126+0000] {logging_mixin.py:137} INFO - Lisa Clayton
[2023-02-01T19:06:02.129+0000] {logging_mixin.py:137} INFO - Zachary Molina
[2023-02-01T19:06:02.140+0000] {logging_mixin.py:137} INFO - Bruce Butler
[2023-02-01T19:06:02.144+0000] {logging_mixin.py:137} INFO - Dustin Howell
[2023-02-01T19:06:02.147+0000] {logging_mixin.py:137} INFO - Aaron Smith
[2023-02-01T19:06:02.152+0000] {logging_mixin.py:137} INFO - Kyle Green
[2023-02-01T19:06:02.156+0000] {logging_mixin.py:137} INFO - Steven Clark
[2023-02-01T19:06:02.175+0000] {logging_mixin.py:137} INFO - Robert Holden
[2023-02-01T19:06:02.181+0000] {logging_mixin.py:137} INFO - Zachary Harmon
[2023-02-01T19:06:02.184+0000] {logging_mixin.py:137} INFO - Rachel Miller
[2023-02-01T19:06:02.185+0000] {logging_mixin.py:137} INFO - Brandon Parker
[2023-02-01T19:06:02.189+0000] {logging_mixin.py:137} INFO - Walter Martin
[2023-02-01T19:06:02.198+0000] {logging_mixin.py:137} INFO - Jose Young
[2023-02-01T19:06:02.202+0000] {logging_mixin.py:137} INFO - Kelsey Long
[2023-02-01T19:06:02.205+0000] {logging_mixin.py:137} INFO - William Harper
[2023-02-01T19:06:02.206+0000] {logging_mixin.py:137} INFO - Alejandro Lambert
[2023-02-01T19:06:02.209+0000] {logging_mixin.py:137} INFO - Stephanie Carson
[2023-02-01T19:06:02.217+0000] {logging_mixin.py:137} INFO - Diana Ortega MD
[2023-02-01T19:06:02.225+0000] {logging_mixin.py:137} INFO - Janet Morales
[2023-02-01T19:06:02.229+0000] {logging_mixin.py:137} INFO - Eric Fisher
[2023-02-01T19:06:02.231+0000] {logging_mixin.py:137} INFO - Louis Baker
[2023-02-01T19:06:02.233+0000] {logging_mixin.py:137} INFO - Cindy Ward
[2023-02-01T19:06:02.239+0000] {logging_mixin.py:137} INFO - Ana Jenkins
[2023-02-01T19:06:02.246+0000] {logging_mixin.py:137} INFO - Leslie Barton
[2023-02-01T19:06:02.253+0000] {logging_mixin.py:137} INFO - Gregory Price
[2023-02-01T19:06:02.256+0000] {logging_mixin.py:137} INFO - Brandon Moore
[2023-02-01T19:06:02.258+0000] {logging_mixin.py:137} INFO - Heather Garrett
[2023-02-01T19:06:02.262+0000] {logging_mixin.py:137} INFO - Cindy Hawkins
[2023-02-01T19:06:02.272+0000] {logging_mixin.py:137} INFO - Mr. Frank Snyder Jr.
[2023-02-01T19:06:02.275+0000] {logging_mixin.py:137} INFO - Megan Wang
[2023-02-01T19:06:02.280+0000] {logging_mixin.py:137} INFO - Jennifer Fleming
[2023-02-01T19:06:02.282+0000] {logging_mixin.py:137} INFO - Gary Hodge
[2023-02-01T19:06:02.284+0000] {logging_mixin.py:137} INFO - Nichole Miller
[2023-02-01T19:06:02.286+0000] {logging_mixin.py:137} INFO - Mitchell Mendoza
[2023-02-01T19:06:02.288+0000] {logging_mixin.py:137} INFO - Bradley Horton
[2023-02-01T19:06:02.290+0000] {logging_mixin.py:137} INFO - Michelle Hess
[2023-02-01T19:06:02.291+0000] {logging_mixin.py:137} INFO - Ronald Torres
[2023-02-01T19:06:02.293+0000] {logging_mixin.py:137} INFO - Raymond Hudson
[2023-02-01T19:06:02.295+0000] {logging_mixin.py:137} INFO - Vincent Jackson
[2023-02-01T19:06:02.296+0000] {logging_mixin.py:137} INFO - Susan Carey
[2023-02-01T19:06:02.301+0000] {logging_mixin.py:137} INFO - Chase Wilson
[2023-02-01T19:06:02.316+0000] {logging_mixin.py:137} INFO - Tonya Baldwin
[2023-02-01T19:06:02.319+0000] {logging_mixin.py:137} INFO - Mrs. Tina Davis
[2023-02-01T19:06:02.322+0000] {logging_mixin.py:137} INFO - Scott Garrett
[2023-02-01T19:06:02.324+0000] {logging_mixin.py:137} INFO - Michael Wilson
[2023-02-01T19:06:02.329+0000] {logging_mixin.py:137} INFO - Andrew Orozco
[2023-02-01T19:06:02.332+0000] {logging_mixin.py:137} INFO - Troy Carson
[2023-02-01T19:06:02.334+0000] {logging_mixin.py:137} INFO - Alex Winters
[2023-02-01T19:06:02.336+0000] {logging_mixin.py:137} INFO - Toni Frank
[2023-02-01T19:06:02.338+0000] {logging_mixin.py:137} INFO - Kathleen Snyder
[2023-02-01T19:06:02.341+0000] {logging_mixin.py:137} INFO - Anna Lopez
[2023-02-01T19:06:02.346+0000] {logging_mixin.py:137} INFO - Charles Brown
[2023-02-01T19:06:02.349+0000] {logging_mixin.py:137} INFO - Barry Ross
[2023-02-01T19:06:02.351+0000] {logging_mixin.py:137} INFO - Emily Ramirez
[2023-02-01T19:06:02.353+0000] {logging_mixin.py:137} INFO - Anna Williams
[2023-02-01T19:06:02.358+0000] {logging_mixin.py:137} INFO - Kristin Pennington
[2023-02-01T19:06:02.361+0000] {logging_mixin.py:137} INFO - Mary Aguirre
[2023-02-01T19:06:02.363+0000] {logging_mixin.py:137} INFO - Austin Santos
[2023-02-01T19:06:02.365+0000] {logging_mixin.py:137} INFO - David Nelson
[2023-02-01T19:06:02.369+0000] {logging_mixin.py:137} INFO - Alyssa Mcbride
[2023-02-01T19:06:02.373+0000] {logging_mixin.py:137} INFO - Lisa Gibson
[2023-02-01T19:06:02.376+0000] {logging_mixin.py:137} INFO - Alexander Kelly
[2023-02-01T19:06:02.384+0000] {logging_mixin.py:137} INFO - Ronald Thomas
[2023-02-01T19:06:02.388+0000] {logging_mixin.py:137} INFO - Michael Hurst
[2023-02-01T19:06:02.390+0000] {logging_mixin.py:137} INFO - Lauren Ward
[2023-02-01T19:06:02.394+0000] {logging_mixin.py:137} INFO - Christian Terry
[2023-02-01T19:06:02.398+0000] {logging_mixin.py:137} INFO - Jared Black
[2023-02-01T19:06:02.402+0000] {logging_mixin.py:137} INFO - Anthony Brown
[2023-02-01T19:06:02.405+0000] {logging_mixin.py:137} INFO - John Cole
[2023-02-01T19:06:02.412+0000] {logging_mixin.py:137} INFO - David Lee
[2023-02-01T19:06:02.423+0000] {logging_mixin.py:137} INFO - Lori Thomas
[2023-02-01T19:06:02.426+0000] {logging_mixin.py:137} INFO - Daniel Herman
[2023-02-01T19:06:02.429+0000] {logging_mixin.py:137} INFO - Pam Williams
[2023-02-01T19:06:02.433+0000] {logging_mixin.py:137} INFO - Sarah Jenkins
[2023-02-01T19:06:02.436+0000] {logging_mixin.py:137} INFO - Susan Mitchell
[2023-02-01T19:06:02.442+0000] {logging_mixin.py:137} INFO - Jacqueline Green
[2023-02-01T19:06:02.449+0000] {logging_mixin.py:137} INFO - Victoria Garrison
[2023-02-01T19:06:02.452+0000] {logging_mixin.py:137} INFO - Jonathan Daniels
[2023-02-01T19:06:02.457+0000] {logging_mixin.py:137} INFO - Trevor Hansen
[2023-02-01T19:06:02.460+0000] {logging_mixin.py:137} INFO - Laurie Bowen
[2023-02-01T19:06:02.464+0000] {logging_mixin.py:137} INFO - James Cline
[2023-02-01T19:06:02.469+0000] {logging_mixin.py:137} INFO - Michael Rose
[2023-02-01T19:06:02.473+0000] {logging_mixin.py:137} INFO - Lawrence Juarez
[2023-02-01T19:06:02.478+0000] {logging_mixin.py:137} INFO - Lucas Caldwell
[2023-02-01T19:06:02.482+0000] {logging_mixin.py:137} INFO - Laura Jackson
[2023-02-01T19:06:02.485+0000] {logging_mixin.py:137} INFO - Sherri Thornton
[2023-02-01T19:06:02.487+0000] {logging_mixin.py:137} INFO - Alice Wilson
[2023-02-01T19:06:02.491+0000] {logging_mixin.py:137} INFO - Diane Williams
[2023-02-01T19:06:02.498+0000] {logging_mixin.py:137} INFO - Kara Martin
[2023-02-01T19:06:02.502+0000] {logging_mixin.py:137} INFO - Joseph Moore
[2023-02-01T19:06:02.504+0000] {logging_mixin.py:137} INFO - Jesse Moses
[2023-02-01T19:06:02.507+0000] {logging_mixin.py:137} INFO - Lisa Mccall
[2023-02-01T19:06:02.509+0000] {logging_mixin.py:137} INFO - Alexandra Mccoy
[2023-02-01T19:06:02.514+0000] {logging_mixin.py:137} INFO - Daniel Martin
[2023-02-01T19:06:02.517+0000] {logging_mixin.py:137} INFO - Claudia Peck
[2023-02-01T19:06:02.522+0000] {logging_mixin.py:137} INFO - Jessica Mcconnell
[2023-02-01T19:06:02.527+0000] {logging_mixin.py:137} INFO - Kevin Walker
[2023-02-01T19:06:02.535+0000] {logging_mixin.py:137} INFO - Christina Lee
[2023-02-01T19:06:02.541+0000] {logging_mixin.py:137} INFO - Christopher Schroeder
[2023-02-01T19:06:02.555+0000] {logging_mixin.py:137} INFO - Melissa Parker
[2023-02-01T19:06:02.558+0000] {logging_mixin.py:137} INFO - Janet Molina
[2023-02-01T19:06:02.559+0000] {logging_mixin.py:137} INFO - Barbara Harris
[2023-02-01T19:06:02.563+0000] {logging_mixin.py:137} INFO - Joseph Hurley
[2023-02-01T19:06:02.564+0000] {logging_mixin.py:137} INFO - Greg Hayden
[2023-02-01T19:06:02.566+0000] {logging_mixin.py:137} INFO - Edwin Adams
[2023-02-01T19:06:02.568+0000] {logging_mixin.py:137} INFO - Ashley Hunter
[2023-02-01T19:06:02.583+0000] {logging_mixin.py:137} INFO - Jennifer Tucker
[2023-02-01T19:06:02.588+0000] {logging_mixin.py:137} INFO - Eddie Gray
[2023-02-01T19:06:02.590+0000] {logging_mixin.py:137} INFO - Jennifer Evans
[2023-02-01T19:06:02.591+0000] {logging_mixin.py:137} INFO - Stephen Carey
[2023-02-01T19:06:02.593+0000] {logging_mixin.py:137} INFO - Samantha Campos
[2023-02-01T19:06:02.595+0000] {logging_mixin.py:137} INFO - Meagan Brown
[2023-02-01T19:06:02.598+0000] {logging_mixin.py:137} INFO - Miss Marisa Barber
[2023-02-01T19:06:02.600+0000] {logging_mixin.py:137} INFO - Jay Mann
[2023-02-01T19:06:02.602+0000] {logging_mixin.py:137} INFO - Matthew Campbell
[2023-02-01T19:06:02.609+0000] {logging_mixin.py:137} INFO - Brent Rodriguez
[2023-02-01T19:06:02.619+0000] {logging_mixin.py:137} INFO - Teresa Ross
[2023-02-01T19:06:02.624+0000] {logging_mixin.py:137} INFO - Mary Martinez
[2023-02-01T19:06:02.627+0000] {logging_mixin.py:137} INFO - Joseph Lewis
[2023-02-01T19:06:02.635+0000] {logging_mixin.py:137} INFO - Dale Davis
[2023-02-01T19:06:02.648+0000] {logging_mixin.py:137} INFO - Elizabeth Evans
[2023-02-01T19:06:02.650+0000] {logging_mixin.py:137} INFO - Shannon Wang
[2023-02-01T19:06:02.656+0000] {logging_mixin.py:137} INFO - Brandon Campbell
[2023-02-01T19:06:02.660+0000] {logging_mixin.py:137} INFO - Rhonda Pace
[2023-02-01T19:06:02.665+0000] {logging_mixin.py:137} INFO - Sarah Santos
[2023-02-01T19:06:02.673+0000] {logging_mixin.py:137} INFO - Jacob Ford
[2023-02-01T19:06:02.675+0000] {logging_mixin.py:137} INFO - Matthew Hansen
[2023-02-01T19:06:02.678+0000] {logging_mixin.py:137} INFO - Amy Ray
[2023-02-01T19:06:02.680+0000] {logging_mixin.py:137} INFO - Aaron Fields
[2023-02-01T19:06:02.684+0000] {logging_mixin.py:137} INFO - Mary Taylor
[2023-02-01T19:06:02.689+0000] {logging_mixin.py:137} INFO - James Morris
[2023-02-01T19:06:02.691+0000] {logging_mixin.py:137} INFO - Darrell Cain
[2023-02-01T19:06:02.694+0000] {logging_mixin.py:137} INFO - Michael Smith
[2023-02-01T19:06:02.700+0000] {logging_mixin.py:137} INFO - Scott Coleman
[2023-02-01T19:06:02.704+0000] {logging_mixin.py:137} INFO - David Fitzpatrick
[2023-02-01T19:06:02.715+0000] {logging_mixin.py:137} INFO - Debra Shepherd
[2023-02-01T19:06:02.720+0000] {logging_mixin.py:137} INFO - Paul Rush
[2023-02-01T19:06:02.728+0000] {logging_mixin.py:137} INFO - Brett Hernandez
[2023-02-01T19:06:02.734+0000] {logging_mixin.py:137} INFO - Sheila Riddle
[2023-02-01T19:06:02.739+0000] {logging_mixin.py:137} INFO - Joan Austin
[2023-02-01T19:06:02.749+0000] {logging_mixin.py:137} INFO - Michael Garcia
[2023-02-01T19:06:02.752+0000] {logging_mixin.py:137} INFO - Natalie Harris
[2023-02-01T19:06:02.767+0000] {logging_mixin.py:137} INFO - Steven Dean
[2023-02-01T19:06:02.773+0000] {logging_mixin.py:137} INFO - John Brown
[2023-02-01T19:06:02.776+0000] {logging_mixin.py:137} INFO - Keith Zimmerman
[2023-02-01T19:06:02.780+0000] {logging_mixin.py:137} INFO - Curtis Byrd
[2023-02-01T19:06:02.785+0000] {logging_mixin.py:137} INFO - Mariah Green
[2023-02-01T19:06:02.796+0000] {logging_mixin.py:137} INFO - Roger Huynh
[2023-02-01T19:06:02.800+0000] {logging_mixin.py:137} INFO - Christopher Zamora
[2023-02-01T19:06:02.803+0000] {logging_mixin.py:137} INFO - Joyce Crawford
[2023-02-01T19:06:02.805+0000] {logging_mixin.py:137} INFO - Angela Smith
[2023-02-01T19:06:02.808+0000] {logging_mixin.py:137} INFO - Veronica Robinson
[2023-02-01T19:06:02.812+0000] {logging_mixin.py:137} INFO - Christopher Bates
[2023-02-01T19:06:02.816+0000] {logging_mixin.py:137} INFO - Steve Stone
[2023-02-01T19:06:02.823+0000] {logging_mixin.py:137} INFO - William Cook
[2023-02-01T19:06:02.831+0000] {logging_mixin.py:137} INFO - Lori Wood
[2023-02-01T19:06:02.837+0000] {logging_mixin.py:137} INFO - Jillian Reynolds
[2023-02-01T19:06:02.841+0000] {logging_mixin.py:137} INFO - Angela Caldwell
[2023-02-01T19:06:02.844+0000] {logging_mixin.py:137} INFO - Shane Campbell
[2023-02-01T19:06:02.847+0000] {logging_mixin.py:137} INFO - Karen Lawrence
[2023-02-01T19:06:02.851+0000] {logging_mixin.py:137} INFO - Kimberly Wood
[2023-02-01T19:06:02.854+0000] {logging_mixin.py:137} INFO - Samantha Lopez
[2023-02-01T19:06:02.856+0000] {logging_mixin.py:137} INFO - Harold Miller
[2023-02-01T19:06:02.860+0000] {logging_mixin.py:137} INFO - Raymond Cooper DVM
[2023-02-01T19:06:02.865+0000] {logging_mixin.py:137} INFO - Kristen Patel
[2023-02-01T19:06:02.869+0000] {logging_mixin.py:137} INFO - Anthony Mejia
[2023-02-01T19:06:02.874+0000] {logging_mixin.py:137} INFO - Raymond Thomas
[2023-02-01T19:06:02.879+0000] {logging_mixin.py:137} INFO - Scott Young
[2023-02-01T19:06:02.886+0000] {logging_mixin.py:137} INFO - David Larson
[2023-02-01T19:06:02.891+0000] {logging_mixin.py:137} INFO - Jon Murray
[2023-02-01T19:06:02.895+0000] {logging_mixin.py:137} INFO - Stephen Taylor
[2023-02-01T19:06:02.898+0000] {logging_mixin.py:137} INFO - Jennifer Hernandez
[2023-02-01T19:06:02.902+0000] {logging_mixin.py:137} INFO - Stacy Smith
[2023-02-01T19:06:02.907+0000] {logging_mixin.py:137} INFO - Juan Owens
[2023-02-01T19:06:02.910+0000] {logging_mixin.py:137} INFO - Brian Adkins
[2023-02-01T19:06:02.914+0000] {logging_mixin.py:137} INFO - Jesse Wells
[2023-02-01T19:06:02.920+0000] {logging_mixin.py:137} INFO - Kyle Matthews
[2023-02-01T19:06:02.932+0000] {logging_mixin.py:137} INFO - Dustin Russell
[2023-02-01T19:06:02.934+0000] {logging_mixin.py:137} INFO - Richard White
[2023-02-01T19:06:02.938+0000] {logging_mixin.py:137} INFO - Brittany Nichols
[2023-02-01T19:06:02.943+0000] {logging_mixin.py:137} INFO - Colton Kelly
[2023-02-01T19:06:02.949+0000] {logging_mixin.py:137} INFO - William Perry
[2023-02-01T19:06:02.952+0000] {logging_mixin.py:137} INFO - Thomas Cummings
[2023-02-01T19:06:02.954+0000] {logging_mixin.py:137} INFO - Timothy Ballard
[2023-02-01T19:06:02.956+0000] {logging_mixin.py:137} INFO - Richard Washington
[2023-02-01T19:06:02.959+0000] {logging_mixin.py:137} INFO - Joshua Lam
[2023-02-01T19:06:02.961+0000] {logging_mixin.py:137} INFO - Grant Jackson
[2023-02-01T19:06:02.964+0000] {logging_mixin.py:137} INFO - Erin Baker
[2023-02-01T19:06:02.966+0000] {logging_mixin.py:137} INFO - Scott Flowers
[2023-02-01T19:06:02.974+0000] {logging_mixin.py:137} INFO - James Adams
[2023-02-01T19:06:02.978+0000] {logging_mixin.py:137} INFO - Heather Alvarado
[2023-02-01T19:06:02.981+0000] {logging_mixin.py:137} INFO - Jennifer Snow
[2023-02-01T19:06:02.986+0000] {logging_mixin.py:137} INFO - Mario Jackson
[2023-02-01T19:06:02.989+0000] {logging_mixin.py:137} INFO - Kevin Collins
[2023-02-01T19:06:02.993+0000] {logging_mixin.py:137} INFO - Danielle Garcia
[2023-02-01T19:06:03.002+0000] {logging_mixin.py:137} INFO - Brenda Jackson
[2023-02-01T19:06:03.006+0000] {logging_mixin.py:137} INFO - Ashley Parker
[2023-02-01T19:06:03.008+0000] {logging_mixin.py:137} INFO - Angela Hickman
[2023-02-01T19:06:03.010+0000] {logging_mixin.py:137} INFO - Carol Rodriguez
[2023-02-01T19:06:03.013+0000] {logging_mixin.py:137} INFO - Vernon Anderson
[2023-02-01T19:06:03.014+0000] {logging_mixin.py:137} INFO - Jesus Church
[2023-02-01T19:06:03.018+0000] {logging_mixin.py:137} INFO - Michelle Medina
[2023-02-01T19:06:03.020+0000] {logging_mixin.py:137} INFO - Nancy Bryant
[2023-02-01T19:06:03.023+0000] {logging_mixin.py:137} INFO - Jennifer Martinez
[2023-02-01T19:06:03.025+0000] {logging_mixin.py:137} INFO - Amy Dougherty
[2023-02-01T19:06:03.035+0000] {logging_mixin.py:137} INFO - Alexis Sanders
[2023-02-01T19:06:03.039+0000] {logging_mixin.py:137} INFO - Austin Salazar
[2023-02-01T19:06:03.042+0000] {logging_mixin.py:137} INFO - Amy Williams
[2023-02-01T19:06:03.047+0000] {logging_mixin.py:137} INFO - Richard Haynes
[2023-02-01T19:06:03.055+0000] {logging_mixin.py:137} INFO - Christine Stark
[2023-02-01T19:06:03.062+0000] {logging_mixin.py:137} INFO - Anita Medina
[2023-02-01T19:06:03.066+0000] {logging_mixin.py:137} INFO - Mr. Thomas Duran
[2023-02-01T19:06:03.068+0000] {logging_mixin.py:137} INFO - Mr. Russell Peterson
[2023-02-01T19:06:03.077+0000] {logging_mixin.py:137} INFO - Jack Richard
[2023-02-01T19:06:03.085+0000] {logging_mixin.py:137} INFO - Michelle Erickson
[2023-02-01T19:06:03.093+0000] {logging_mixin.py:137} INFO - Mitchell Williams
[2023-02-01T19:06:03.096+0000] {logging_mixin.py:137} INFO - Adrian Herrera
[2023-02-01T19:06:03.101+0000] {logging_mixin.py:137} INFO - Michael Brady
[2023-02-01T19:06:03.109+0000] {logging_mixin.py:137} INFO - Jamie Zhang
[2023-02-01T19:06:03.113+0000] {logging_mixin.py:137} INFO - Helen Brennan
[2023-02-01T19:06:03.119+0000] {logging_mixin.py:137} INFO - John Myers
[2023-02-01T19:06:03.121+0000] {logging_mixin.py:137} INFO - Patricia Nash
[2023-02-01T19:06:03.123+0000] {logging_mixin.py:137} INFO - Michael Johnson
[2023-02-01T19:06:03.125+0000] {logging_mixin.py:137} INFO - Anita Berger
[2023-02-01T19:06:03.128+0000] {logging_mixin.py:137} INFO - Jason Guerrero DVM
[2023-02-01T19:06:03.132+0000] {logging_mixin.py:137} INFO - Kimberly Davis
[2023-02-01T19:06:03.134+0000] {logging_mixin.py:137} INFO - Bryan Hansen
[2023-02-01T19:06:03.138+0000] {logging_mixin.py:137} INFO - Rebecca Obrien
[2023-02-01T19:06:03.143+0000] {logging_mixin.py:137} INFO - Sarah Santiago
[2023-02-01T19:06:03.145+0000] {logging_mixin.py:137} INFO - Christine Lane
[2023-02-01T19:06:03.149+0000] {logging_mixin.py:137} INFO - Jerry Lewis
[2023-02-01T19:06:03.156+0000] {logging_mixin.py:137} INFO - Stephanie Miller
[2023-02-01T19:06:03.161+0000] {logging_mixin.py:137} INFO - Kristi Bradley
[2023-02-01T19:06:03.163+0000] {logging_mixin.py:137} INFO - Darren Moore
[2023-02-01T19:06:03.164+0000] {logging_mixin.py:137} INFO - Kristina Cunningham
[2023-02-01T19:06:03.167+0000] {logging_mixin.py:137} INFO - Laurie Moore
[2023-02-01T19:06:03.169+0000] {logging_mixin.py:137} INFO - Aaron Lewis
[2023-02-01T19:06:03.171+0000] {logging_mixin.py:137} INFO - Theresa Vang
[2023-02-01T19:06:03.177+0000] {logging_mixin.py:137} INFO - Chase Reese
[2023-02-01T19:06:03.185+0000] {logging_mixin.py:137} INFO - Matthew Ferguson
[2023-02-01T19:06:03.188+0000] {logging_mixin.py:137} INFO - Victoria Lewis
[2023-02-01T19:06:03.189+0000] {logging_mixin.py:137} INFO - Jon Scott
[2023-02-01T19:06:03.191+0000] {logging_mixin.py:137} INFO - Lisa Campbell
[2023-02-01T19:06:03.194+0000] {logging_mixin.py:137} INFO - David Ramirez
[2023-02-01T19:06:03.198+0000] {logging_mixin.py:137} INFO - Gabriel Rosario
[2023-02-01T19:06:03.201+0000] {logging_mixin.py:137} INFO - Kristi Johnson
[2023-02-01T19:06:03.203+0000] {logging_mixin.py:137} INFO - Jennifer Schwartz
[2023-02-01T19:06:03.204+0000] {logging_mixin.py:137} INFO - Daniel Norton
[2023-02-01T19:06:03.206+0000] {logging_mixin.py:137} INFO - Richard Montoya
[2023-02-01T19:06:03.211+0000] {logging_mixin.py:137} INFO - Daniel Norris
[2023-02-01T19:06:03.214+0000] {logging_mixin.py:137} INFO - Chad Taylor
[2023-02-01T19:06:03.216+0000] {logging_mixin.py:137} INFO - Angie Allen
[2023-02-01T19:06:03.220+0000] {logging_mixin.py:137} INFO - Michael Brooks
[2023-02-01T19:06:03.224+0000] {logging_mixin.py:137} INFO - Hannah Poole
[2023-02-01T19:06:03.232+0000] {logging_mixin.py:137} INFO - Caitlin Ray
[2023-02-01T19:06:03.235+0000] {logging_mixin.py:137} INFO - Mr. Steven Gardner
[2023-02-01T19:06:03.245+0000] {logging_mixin.py:137} INFO - Jennifer Macdonald
[2023-02-01T19:06:03.251+0000] {logging_mixin.py:137} INFO - Vanessa Small
[2023-02-01T19:06:03.257+0000] {logging_mixin.py:137} INFO - Dennis Gray
[2023-02-01T19:06:03.261+0000] {logging_mixin.py:137} INFO - Sandra Kirk
[2023-02-01T19:06:03.266+0000] {logging_mixin.py:137} INFO - Jason Wagner
[2023-02-01T19:06:03.268+0000] {logging_mixin.py:137} INFO - David Owen
[2023-02-01T19:06:03.272+0000] {logging_mixin.py:137} INFO - Rose Terrell
[2023-02-01T19:06:03.274+0000] {logging_mixin.py:137} INFO - James Green MD
[2023-02-01T19:06:03.276+0000] {logging_mixin.py:137} INFO - Tammy Patel
[2023-02-01T19:06:03.277+0000] {logging_mixin.py:137} INFO - Joseph Lucero
[2023-02-01T19:06:03.279+0000] {logging_mixin.py:137} INFO - Stephanie Rojas
[2023-02-01T19:06:03.286+0000] {logging_mixin.py:137} INFO - Brittany Johnson
[2023-02-01T19:06:03.290+0000] {logging_mixin.py:137} INFO - Christina Cummings
[2023-02-01T19:06:03.292+0000] {logging_mixin.py:137} INFO - Eric Downs
[2023-02-01T19:06:03.294+0000] {logging_mixin.py:137} INFO - Paul Finley
[2023-02-01T19:06:03.299+0000] {logging_mixin.py:137} INFO - Danielle Jackson
[2023-02-01T19:06:03.301+0000] {logging_mixin.py:137} INFO - Anna Johnston
[2023-02-01T19:06:03.303+0000] {logging_mixin.py:137} INFO - Ashlee Hodges
[2023-02-01T19:06:03.307+0000] {logging_mixin.py:137} INFO - Thomas Francis
[2023-02-01T19:06:03.310+0000] {logging_mixin.py:137} INFO - Cody Baird
[2023-02-01T19:06:03.312+0000] {logging_mixin.py:137} INFO - Jeffrey Walter
[2023-02-01T19:06:03.316+0000] {logging_mixin.py:137} INFO - Hannah West
[2023-02-01T19:06:03.321+0000] {logging_mixin.py:137} INFO - Anthony Byrd
[2023-02-01T19:06:03.324+0000] {logging_mixin.py:137} INFO - Julie Ramirez
[2023-02-01T19:06:03.326+0000] {logging_mixin.py:137} INFO - Seth Peters
[2023-02-01T19:06:03.327+0000] {logging_mixin.py:137} INFO - Keith Salas
[2023-02-01T19:06:03.330+0000] {logging_mixin.py:137} INFO - Kathryn Evans
[2023-02-01T19:06:03.331+0000] {logging_mixin.py:137} INFO - Dr. Maria Scott
[2023-02-01T19:06:03.336+0000] {logging_mixin.py:137} INFO - Brenda Thomas
[2023-02-01T19:06:03.340+0000] {logging_mixin.py:137} INFO - Travis Douglas
[2023-02-01T19:06:03.353+0000] {logging_mixin.py:137} INFO - Kurt Santos
[2023-02-01T19:06:03.356+0000] {logging_mixin.py:137} INFO - Sean Parrish
[2023-02-01T19:06:03.360+0000] {logging_mixin.py:137} INFO - Brittany Walls
[2023-02-01T19:06:03.364+0000] {logging_mixin.py:137} INFO - Gail Brooks
[2023-02-01T19:06:03.365+0000] {logging_mixin.py:137} INFO - Valerie Johnson
[2023-02-01T19:06:03.369+0000] {logging_mixin.py:137} INFO - Jessica Dunn
[2023-02-01T19:06:03.379+0000] {logging_mixin.py:137} INFO - Chad Robinson
[2023-02-01T19:06:03.382+0000] {logging_mixin.py:137} INFO - Catherine Combs
[2023-02-01T19:06:03.386+0000] {logging_mixin.py:137} INFO - Joshua Boyd
[2023-02-01T19:06:03.390+0000] {logging_mixin.py:137} INFO - Alicia Barnett DVM
[2023-02-01T19:06:03.393+0000] {logging_mixin.py:137} INFO - Kevin Cervantes
[2023-02-01T19:06:03.395+0000] {logging_mixin.py:137} INFO - Larry Lester
[2023-02-01T19:06:03.399+0000] {logging_mixin.py:137} INFO - Deanna Espinoza
[2023-02-01T19:06:03.404+0000] {logging_mixin.py:137} INFO - Marilyn Davis
[2023-02-01T19:06:03.406+0000] {logging_mixin.py:137} INFO - Michael Weeks
[2023-02-01T19:06:03.408+0000] {logging_mixin.py:137} INFO - Brandon Stanton
[2023-02-01T19:06:03.414+0000] {logging_mixin.py:137} INFO - Ryan Boyer Jr.
[2023-02-01T19:06:03.418+0000] {logging_mixin.py:137} INFO - Amanda Elliott
[2023-02-01T19:06:03.422+0000] {logging_mixin.py:137} INFO - David Moore
[2023-02-01T19:06:03.425+0000] {logging_mixin.py:137} INFO - Andre Williams
[2023-02-01T19:06:03.427+0000] {logging_mixin.py:137} INFO - Jennifer Garcia
[2023-02-01T19:06:03.429+0000] {logging_mixin.py:137} INFO - Tracey Cook
[2023-02-01T19:06:03.433+0000] {logging_mixin.py:137} INFO - Michael Turner
[2023-02-01T19:06:03.436+0000] {logging_mixin.py:137} INFO - Diana Long
[2023-02-01T19:06:03.439+0000] {logging_mixin.py:137} INFO - John Bradley
[2023-02-01T19:06:03.452+0000] {logging_mixin.py:137} INFO - Ann Benjamin
[2023-02-01T19:06:03.454+0000] {logging_mixin.py:137} INFO - Shane House
[2023-02-01T19:06:03.456+0000] {logging_mixin.py:137} INFO - Erin Lee
[2023-02-01T19:06:03.461+0000] {logging_mixin.py:137} INFO - Joseph Gray
[2023-02-01T19:06:03.462+0000] {logging_mixin.py:137} INFO - Betty Gibson
[2023-02-01T19:06:03.466+0000] {logging_mixin.py:137} INFO - Kristen Graham
[2023-02-01T19:06:03.470+0000] {logging_mixin.py:137} INFO - Daniel Meza
[2023-02-01T19:06:03.472+0000] {logging_mixin.py:137} INFO - Sherri Carpenter
[2023-02-01T19:06:03.474+0000] {logging_mixin.py:137} INFO - Andrea Sanchez
[2023-02-01T19:06:03.476+0000] {logging_mixin.py:137} INFO - Jordan Rios
[2023-02-01T19:06:03.479+0000] {logging_mixin.py:137} INFO - Elizabeth Jackson
[2023-02-01T19:06:03.480+0000] {logging_mixin.py:137} INFO - Elizabeth Myers
[2023-02-01T19:06:03.482+0000] {logging_mixin.py:137} INFO - Juan Barnes
[2023-02-01T19:06:03.484+0000] {logging_mixin.py:137} INFO - Christopher Lozano
[2023-02-01T19:06:03.486+0000] {logging_mixin.py:137} INFO - Jacqueline Griffin
[2023-02-01T19:06:03.489+0000] {logging_mixin.py:137} INFO - Ryan Mason
[2023-02-01T19:06:03.490+0000] {logging_mixin.py:137} INFO - Jonathan Moore
[2023-02-01T19:06:03.492+0000] {logging_mixin.py:137} INFO - Abigail Landry
[2023-02-01T19:06:03.496+0000] {logging_mixin.py:137} INFO - Brenda Hernandez
[2023-02-01T19:06:03.500+0000] {logging_mixin.py:137} INFO - Zachary Pitts
[2023-02-01T19:06:03.502+0000] {logging_mixin.py:137} INFO - Amanda Rogers
[2023-02-01T19:06:03.504+0000] {logging_mixin.py:137} INFO - Cynthia Gray
[2023-02-01T19:06:03.506+0000] {logging_mixin.py:137} INFO - Tyler Barajas
[2023-02-01T19:06:03.507+0000] {logging_mixin.py:137} INFO - Michelle Leon
[2023-02-01T19:06:03.509+0000] {logging_mixin.py:137} INFO - Kathy Lang
[2023-02-01T19:06:03.512+0000] {logging_mixin.py:137} INFO - Scott Townsend MD
[2023-02-01T19:06:03.523+0000] {logging_mixin.py:137} INFO - Theresa Acosta
[2023-02-01T19:06:03.525+0000] {logging_mixin.py:137} INFO - David Jones
[2023-02-01T19:06:03.528+0000] {logging_mixin.py:137} INFO - Jeremy Robinson
[2023-02-01T19:06:03.530+0000] {logging_mixin.py:137} INFO - James Newton
[2023-02-01T19:06:03.533+0000] {logging_mixin.py:137} INFO - Tracey Wells
[2023-02-01T19:06:03.535+0000] {logging_mixin.py:137} INFO - Maria Nelson
[2023-02-01T19:06:03.539+0000] {logging_mixin.py:137} INFO - Christopher Griffith
[2023-02-01T19:06:03.547+0000] {logging_mixin.py:137} INFO - Zachary Griffin
[2023-02-01T19:06:03.550+0000] {logging_mixin.py:137} INFO - Amy Nguyen
[2023-02-01T19:06:03.552+0000] {logging_mixin.py:137} INFO - April Williams
[2023-02-01T19:06:03.559+0000] {logging_mixin.py:137} INFO - Marissa Kelly
[2023-02-01T19:06:03.563+0000] {logging_mixin.py:137} INFO - Brian Lopez PhD
[2023-02-01T19:06:03.572+0000] {logging_mixin.py:137} INFO - William Williams
[2023-02-01T19:06:03.576+0000] {logging_mixin.py:137} INFO - Norman Brown
[2023-02-01T19:06:03.577+0000] {logging_mixin.py:137} INFO - Charles Fuentes
[2023-02-01T19:06:03.582+0000] {logging_mixin.py:137} INFO - Anthony Chang
[2023-02-01T19:06:03.584+0000] {logging_mixin.py:137} INFO - Mary Bell
[2023-02-01T19:06:03.586+0000] {logging_mixin.py:137} INFO - Elizabeth Stuart
[2023-02-01T19:06:03.594+0000] {logging_mixin.py:137} INFO - Mary Mcdonald
[2023-02-01T19:06:03.597+0000] {logging_mixin.py:137} INFO - Martin Harrison
[2023-02-01T19:06:03.605+0000] {logging_mixin.py:137} INFO - Stephanie Fernandez
[2023-02-01T19:06:03.608+0000] {logging_mixin.py:137} INFO - Christopher Brown
[2023-02-01T19:06:03.613+0000] {logging_mixin.py:137} INFO - Alexander Stephenson
[2023-02-01T19:06:03.621+0000] {logging_mixin.py:137} INFO - Grace Diaz
[2023-02-01T19:06:03.624+0000] {logging_mixin.py:137} INFO - Frank Bartlett
[2023-02-01T19:06:03.627+0000] {logging_mixin.py:137} INFO - Audrey Andersen
[2023-02-01T19:06:03.632+0000] {logging_mixin.py:137} INFO - David Green
[2023-02-01T19:06:03.638+0000] {logging_mixin.py:137} INFO - Joshua Diaz Jr.
[2023-02-01T19:06:03.641+0000] {logging_mixin.py:137} INFO - Emily Garcia
[2023-02-01T19:06:03.645+0000] {logging_mixin.py:137} INFO - Devin Hall
[2023-02-01T19:06:03.647+0000] {logging_mixin.py:137} INFO - Phillip Garner
[2023-02-01T19:06:03.652+0000] {logging_mixin.py:137} INFO - Katherine Estrada
[2023-02-01T19:06:03.656+0000] {logging_mixin.py:137} INFO - Corey Saunders
[2023-02-01T19:06:03.659+0000] {logging_mixin.py:137} INFO - Kimberly Collins
[2023-02-01T19:06:03.660+0000] {logging_mixin.py:137} INFO - Amy Elliott
[2023-02-01T19:06:03.665+0000] {logging_mixin.py:137} INFO - Tanya Jones
[2023-02-01T19:06:03.669+0000] {logging_mixin.py:137} INFO - Patricia Gonzalez
[2023-02-01T19:06:03.673+0000] {logging_mixin.py:137} INFO - Jennifer Hill
[2023-02-01T19:06:03.676+0000] {logging_mixin.py:137} INFO - John Haynes
[2023-02-01T19:06:03.680+0000] {logging_mixin.py:137} INFO - Jacob Henry
[2023-02-01T19:06:03.687+0000] {logging_mixin.py:137} INFO - Daniel Clark
[2023-02-01T19:06:03.693+0000] {logging_mixin.py:137} INFO - Jonathon Taylor
[2023-02-01T19:06:03.695+0000] {logging_mixin.py:137} INFO - Jesse Evans
[2023-02-01T19:06:03.697+0000] {logging_mixin.py:137} INFO - James Martinez
[2023-02-01T19:06:03.703+0000] {logging_mixin.py:137} INFO - Kyle Reyes
[2023-02-01T19:06:03.706+0000] {logging_mixin.py:137} INFO - Terrence Barker
[2023-02-01T19:06:03.712+0000] {logging_mixin.py:137} INFO - Anthony Washington
[2023-02-01T19:06:03.715+0000] {logging_mixin.py:137} INFO - Dustin Le
[2023-02-01T19:06:03.719+0000] {logging_mixin.py:137} INFO - Bruce Clark
[2023-02-01T19:06:03.722+0000] {logging_mixin.py:137} INFO - Keith Anthony
[2023-02-01T19:06:03.724+0000] {logging_mixin.py:137} INFO - Jeremiah Stone
[2023-02-01T19:06:03.727+0000] {logging_mixin.py:137} INFO - Michael Haley
[2023-02-01T19:06:03.730+0000] {logging_mixin.py:137} INFO - Regina Carrillo
[2023-02-01T19:06:03.735+0000] {logging_mixin.py:137} INFO - Jacob Lee
[2023-02-01T19:06:03.739+0000] {logging_mixin.py:137} INFO - Thomas Gonzalez
[2023-02-01T19:06:03.742+0000] {logging_mixin.py:137} INFO - Mark Lawrence
[2023-02-01T19:06:03.751+0000] {logging_mixin.py:137} INFO - Matthew Anderson
[2023-02-01T19:06:03.752+0000] {logging_mixin.py:137} INFO - Nicholas Young
[2023-02-01T19:06:03.756+0000] {logging_mixin.py:137} INFO - Melvin Martinez
[2023-02-01T19:06:03.759+0000] {logging_mixin.py:137} INFO - Scott Green
[2023-02-01T19:06:03.761+0000] {logging_mixin.py:137} INFO - Dana Richards
[2023-02-01T19:06:03.764+0000] {logging_mixin.py:137} INFO - Lauren Moore
[2023-02-01T19:06:03.768+0000] {logging_mixin.py:137} INFO - Terry Campbell
[2023-02-01T19:06:03.774+0000] {logging_mixin.py:137} INFO - Ralph Jordan
[2023-02-01T19:06:03.781+0000] {logging_mixin.py:137} INFO - Noah Reyes
[2023-02-01T19:06:03.785+0000] {logging_mixin.py:137} INFO - Mr. Gregory Mills MD
[2023-02-01T19:06:03.787+0000] {logging_mixin.py:137} INFO - Michelle Yates
[2023-02-01T19:06:03.794+0000] {logging_mixin.py:137} INFO - Robin Reyes
[2023-02-01T19:06:03.798+0000] {logging_mixin.py:137} INFO - Rebecca Smith
[2023-02-01T19:06:03.800+0000] {logging_mixin.py:137} INFO - Nicole Torres
[2023-02-01T19:06:03.803+0000] {logging_mixin.py:137} INFO - Ronald Jones
[2023-02-01T19:06:03.807+0000] {logging_mixin.py:137} INFO - Michael Castaneda
[2023-02-01T19:06:03.810+0000] {logging_mixin.py:137} INFO - Christopher Krueger
[2023-02-01T19:06:03.812+0000] {logging_mixin.py:137} INFO - Jennifer Werner
[2023-02-01T19:06:03.817+0000] {logging_mixin.py:137} INFO - Ashley Smith
[2023-02-01T19:06:03.825+0000] {logging_mixin.py:137} INFO - Alyssa Fields
[2023-02-01T19:06:03.829+0000] {logging_mixin.py:137} INFO - John Scott
[2023-02-01T19:06:03.831+0000] {logging_mixin.py:137} INFO - Debra Delacruz
[2023-02-01T19:06:03.836+0000] {logging_mixin.py:137} INFO - James Madden
[2023-02-01T19:06:03.845+0000] {logging_mixin.py:137} INFO - Joseph Gentry
[2023-02-01T19:06:03.847+0000] {logging_mixin.py:137} INFO - Ashley Cabrera
[2023-02-01T19:06:03.857+0000] {logging_mixin.py:137} INFO - Jennifer Fernandez
[2023-02-01T19:06:03.859+0000] {logging_mixin.py:137} INFO - James Harris
[2023-02-01T19:06:03.864+0000] {logging_mixin.py:137} INFO - Candice Young
[2023-02-01T19:06:03.866+0000] {logging_mixin.py:137} INFO - Lisa Baker
[2023-02-01T19:06:03.874+0000] {logging_mixin.py:137} INFO - Brian Mills DDS
[2023-02-01T19:06:03.875+0000] {logging_mixin.py:137} INFO - Kristin Smith
[2023-02-01T19:06:03.882+0000] {logging_mixin.py:137} INFO - Jacob Collins
[2023-02-01T19:06:03.888+0000] {logging_mixin.py:137} INFO - Kimberly Harris
[2023-02-01T19:06:03.891+0000] {logging_mixin.py:137} INFO - Michael Hull
[2023-02-01T19:06:03.894+0000] {logging_mixin.py:137} INFO - Caitlin Todd
[2023-02-01T19:06:03.902+0000] {logging_mixin.py:137} INFO - Lisa Harris
[2023-02-01T19:06:03.904+0000] {logging_mixin.py:137} INFO - Mrs. Ann Stone
[2023-02-01T19:06:03.908+0000] {logging_mixin.py:137} INFO - Michelle Case
[2023-02-01T19:06:03.913+0000] {logging_mixin.py:137} INFO - Joe Lowe
[2023-02-01T19:06:03.915+0000] {logging_mixin.py:137} INFO - Randall Dunn
[2023-02-01T19:06:03.920+0000] {logging_mixin.py:137} INFO - Paula Vargas
[2023-02-01T19:06:03.922+0000] {logging_mixin.py:137} INFO - Daniel Walker
[2023-02-01T19:06:03.924+0000] {logging_mixin.py:137} INFO - James Jackson
[2023-02-01T19:06:03.927+0000] {logging_mixin.py:137} INFO - Shirley Woodard
[2023-02-01T19:06:03.929+0000] {logging_mixin.py:137} INFO - James Hayes
[2023-02-01T19:06:03.932+0000] {logging_mixin.py:137} INFO - Megan Austin
[2023-02-01T19:06:03.934+0000] {logging_mixin.py:137} INFO - Erin Robertson
[2023-02-01T19:06:03.937+0000] {logging_mixin.py:137} INFO - Robert Phillips
[2023-02-01T19:06:03.939+0000] {logging_mixin.py:137} INFO - Amy Torres
[2023-02-01T19:06:03.941+0000] {logging_mixin.py:137} INFO - Joshua Cox
[2023-02-01T19:06:03.945+0000] {logging_mixin.py:137} INFO - Duane Grimes
[2023-02-01T19:06:03.951+0000] {logging_mixin.py:137} INFO - Jennifer Burgess
[2023-02-01T19:06:03.955+0000] {logging_mixin.py:137} INFO - Carlos Duran
[2023-02-01T19:06:03.957+0000] {logging_mixin.py:137} INFO - Jason Johnson
[2023-02-01T19:06:03.960+0000] {logging_mixin.py:137} INFO - Cameron Greer
[2023-02-01T19:06:03.962+0000] {logging_mixin.py:137} INFO - Randall Williams
[2023-02-01T19:06:03.967+0000] {logging_mixin.py:137} INFO - Jessica Harris
[2023-02-01T19:06:03.969+0000] {logging_mixin.py:137} INFO - Joshua Rogers
[2023-02-01T19:06:03.970+0000] {logging_mixin.py:137} INFO - Jose Mahoney
[2023-02-01T19:06:03.973+0000] {logging_mixin.py:137} INFO - Brandy Fuentes
[2023-02-01T19:06:03.977+0000] {logging_mixin.py:137} INFO - Angelica Matthews
[2023-02-01T19:06:03.979+0000] {logging_mixin.py:137} INFO - Glenn Caldwell
[2023-02-01T19:06:03.981+0000] {logging_mixin.py:137} INFO - Cristian Delacruz
[2023-02-01T19:06:03.986+0000] {logging_mixin.py:137} INFO - Alexandra Price
[2023-02-01T19:06:03.989+0000] {logging_mixin.py:137} INFO - Heather Wilson
[2023-02-01T19:06:03.993+0000] {logging_mixin.py:137} INFO - Shawn Thompson
[2023-02-01T19:06:03.998+0000] {logging_mixin.py:137} INFO - Anna Daniel
[2023-02-01T19:06:04.001+0000] {logging_mixin.py:137} INFO - Joseph Cisneros
[2023-02-01T19:06:04.004+0000] {logging_mixin.py:137} INFO - Rebecca Estes
[2023-02-01T19:06:04.008+0000] {logging_mixin.py:137} INFO - Jeremy Porter
[2023-02-01T19:06:04.013+0000] {logging_mixin.py:137} INFO - Lisa Mann
[2023-02-01T19:06:04.019+0000] {logging_mixin.py:137} INFO - Michael Woods
[2023-02-01T19:06:04.024+0000] {logging_mixin.py:137} INFO - Madison Thompson
[2023-02-01T19:06:04.029+0000] {logging_mixin.py:137} INFO - Nancy Gomez
[2023-02-01T19:06:04.031+0000] {logging_mixin.py:137} INFO - Julie Blanchard
[2023-02-01T19:06:04.034+0000] {logging_mixin.py:137} INFO - Michael Smith
[2023-02-01T19:06:04.036+0000] {logging_mixin.py:137} INFO - Angel Huber
[2023-02-01T19:06:04.038+0000] {logging_mixin.py:137} INFO - Michael Coffey
[2023-02-01T19:06:04.050+0000] {logging_mixin.py:137} INFO - Patrick Walter
[2023-02-01T19:06:04.054+0000] {logging_mixin.py:137} INFO - Curtis Davis
[2023-02-01T19:06:04.058+0000] {logging_mixin.py:137} INFO - Kyle Stewart
[2023-02-01T19:06:04.061+0000] {logging_mixin.py:137} INFO - Angela Jimenez
[2023-02-01T19:06:04.064+0000] {logging_mixin.py:137} INFO - Andrew Martinez
[2023-02-01T19:06:04.068+0000] {logging_mixin.py:137} INFO - Angela West
[2023-02-01T19:06:04.076+0000] {logging_mixin.py:137} INFO - Ryan Young
[2023-02-01T19:06:04.083+0000] {logging_mixin.py:137} INFO - Nathaniel Evans
[2023-02-01T19:06:04.090+0000] {logging_mixin.py:137} INFO - Dawn Bryant
[2023-02-01T19:06:04.095+0000] {logging_mixin.py:137} INFO - Danielle Lewis
[2023-02-01T19:06:04.104+0000] {logging_mixin.py:137} INFO - Matthew Newman
[2023-02-01T19:06:04.108+0000] {logging_mixin.py:137} INFO - Robert Smith
[2023-02-01T19:06:04.112+0000] {logging_mixin.py:137} INFO - Melissa Hicks
[2023-02-01T19:06:04.116+0000] {logging_mixin.py:137} INFO - Emily Lambert
[2023-02-01T19:06:04.120+0000] {logging_mixin.py:137} INFO - Krystal Wolfe
[2023-02-01T19:06:04.122+0000] {logging_mixin.py:137} INFO - Donna Murillo
[2023-02-01T19:06:04.125+0000] {logging_mixin.py:137} INFO - Carl Hudson
[2023-02-01T19:06:04.128+0000] {logging_mixin.py:137} INFO - Robert Wilson
[2023-02-01T19:06:04.130+0000] {logging_mixin.py:137} INFO - Patrick Mathis
[2023-02-01T19:06:04.133+0000] {logging_mixin.py:137} INFO - Michael Suarez
[2023-02-01T19:06:04.135+0000] {logging_mixin.py:137} INFO - David Johnson
[2023-02-01T19:06:04.139+0000] {logging_mixin.py:137} INFO - William Thompson
[2023-02-01T19:06:04.141+0000] {logging_mixin.py:137} INFO - Jessica Hansen DVM
[2023-02-01T19:06:04.145+0000] {logging_mixin.py:137} INFO - Katherine Friedman
[2023-02-01T19:06:04.147+0000] {logging_mixin.py:137} INFO - Jillian Johnson
[2023-02-01T19:06:04.149+0000] {logging_mixin.py:137} INFO - Robert Mckee
[2023-02-01T19:06:04.151+0000] {logging_mixin.py:137} INFO - Rachel Little
[2023-02-01T19:06:04.156+0000] {logging_mixin.py:137} INFO - Patricia Smith
[2023-02-01T19:06:04.159+0000] {logging_mixin.py:137} INFO - Heidi Martinez
[2023-02-01T19:06:04.162+0000] {logging_mixin.py:137} INFO - Caitlin Solomon
[2023-02-01T19:06:04.165+0000] {logging_mixin.py:137} INFO - Dr. Olivia Pugh
[2023-02-01T19:06:04.172+0000] {logging_mixin.py:137} INFO - John Steele DDS
[2023-02-01T19:06:04.174+0000] {logging_mixin.py:137} INFO - Jeremy Mathews
[2023-02-01T19:06:04.180+0000] {logging_mixin.py:137} INFO - Tiffany Hill
[2023-02-01T19:06:04.184+0000] {logging_mixin.py:137} INFO - Steven Edwards
[2023-02-01T19:06:04.186+0000] {logging_mixin.py:137} INFO - Charles Campbell
[2023-02-01T19:06:04.192+0000] {logging_mixin.py:137} INFO - Brett Hughes
[2023-02-01T19:06:04.194+0000] {logging_mixin.py:137} INFO - Christina Villegas
[2023-02-01T19:06:04.197+0000] {logging_mixin.py:137} INFO - Anthony Garcia
[2023-02-01T19:06:04.203+0000] {logging_mixin.py:137} INFO - Nathan Murphy
[2023-02-01T19:06:04.206+0000] {logging_mixin.py:137} INFO - Steven Dodson
[2023-02-01T19:06:04.209+0000] {logging_mixin.py:137} INFO - Brian Sullivan
[2023-02-01T19:06:04.215+0000] {logging_mixin.py:137} INFO - Renee White
[2023-02-01T19:06:04.222+0000] {logging_mixin.py:137} INFO - Laura Rowland
[2023-02-01T19:06:04.223+0000] {logging_mixin.py:137} INFO - John Moore
[2023-02-01T19:06:04.225+0000] {logging_mixin.py:137} INFO - Sophia Mckenzie
[2023-02-01T19:06:04.231+0000] {logging_mixin.py:137} INFO - David Roach
[2023-02-01T19:06:04.234+0000] {logging_mixin.py:137} INFO - Jennifer Patterson
[2023-02-01T19:06:04.240+0000] {logging_mixin.py:137} INFO - James Richards
[2023-02-01T19:06:04.243+0000] {logging_mixin.py:137} INFO - Mary Johnston
[2023-02-01T19:06:04.250+0000] {logging_mixin.py:137} INFO - Brandon Mcdaniel
[2023-02-01T19:06:04.253+0000] {logging_mixin.py:137} INFO - Meghan Stevenson
[2023-02-01T19:06:04.255+0000] {logging_mixin.py:137} INFO - Luis Hayes
[2023-02-01T19:06:04.258+0000] {logging_mixin.py:137} INFO - Alejandra Sloan
[2023-02-01T19:06:04.262+0000] {logging_mixin.py:137} INFO - Dr. Sandra Miller
[2023-02-01T19:06:04.265+0000] {logging_mixin.py:137} INFO - Dustin Bond
[2023-02-01T19:06:04.271+0000] {logging_mixin.py:137} INFO - Julia Patrick MD
[2023-02-01T19:06:04.273+0000] {logging_mixin.py:137} INFO - Jill Campbell
[2023-02-01T19:06:04.279+0000] {logging_mixin.py:137} INFO - Mark Ford
[2023-02-01T19:06:04.282+0000] {logging_mixin.py:137} INFO - Brian Long
[2023-02-01T19:06:04.287+0000] {logging_mixin.py:137} INFO - Lisa Peterson
[2023-02-01T19:06:04.290+0000] {logging_mixin.py:137} INFO - Matthew Lee
[2023-02-01T19:06:04.298+0000] {logging_mixin.py:137} INFO - Bradley Miller
[2023-02-01T19:06:04.306+0000] {logging_mixin.py:137} INFO - Jeffrey Moss
[2023-02-01T19:06:04.312+0000] {logging_mixin.py:137} INFO - Sara Carlson
[2023-02-01T19:06:04.316+0000] {logging_mixin.py:137} INFO - Daniel Rodriguez
[2023-02-01T19:06:04.321+0000] {logging_mixin.py:137} INFO - Jeremy David
[2023-02-01T19:06:04.325+0000] {logging_mixin.py:137} INFO - Eric Green
[2023-02-01T19:06:04.341+0000] {logging_mixin.py:137} INFO - Alexis Jones
[2023-02-01T19:06:04.345+0000] {logging_mixin.py:137} INFO - Matthew Rose
[2023-02-01T19:06:04.354+0000] {logging_mixin.py:137} INFO - Catherine Anderson
[2023-02-01T19:06:04.358+0000] {logging_mixin.py:137} INFO - Holly Burton
[2023-02-01T19:06:04.363+0000] {logging_mixin.py:137} INFO - David Matthews
[2023-02-01T19:06:04.368+0000] {logging_mixin.py:137} INFO - Mrs. Kara Little
[2023-02-01T19:06:04.375+0000] {logging_mixin.py:137} INFO - Jeffrey Stanley
[2023-02-01T19:06:04.377+0000] {logging_mixin.py:137} INFO - James Ochoa
[2023-02-01T19:06:04.381+0000] {logging_mixin.py:137} INFO - Jason Frye
[2023-02-01T19:06:04.384+0000] {logging_mixin.py:137} INFO - Christopher Ellis
[2023-02-01T19:06:04.386+0000] {logging_mixin.py:137} INFO - Michelle Nixon
[2023-02-01T19:06:04.392+0000] {logging_mixin.py:137} INFO - Andrew Gill
[2023-02-01T19:06:04.397+0000] {logging_mixin.py:137} INFO - Jennifer Wilson
[2023-02-01T19:06:04.398+0000] {logging_mixin.py:137} INFO - Shawn Black
[2023-02-01T19:06:04.409+0000] {logging_mixin.py:137} INFO - April Patterson
[2023-02-01T19:06:04.415+0000] {logging_mixin.py:137} INFO - Troy Vaughn
[2023-02-01T19:06:04.418+0000] {logging_mixin.py:137} INFO - Alexandria White
[2023-02-01T19:06:04.422+0000] {logging_mixin.py:137} INFO - Scott Phillips
[2023-02-01T19:06:04.430+0000] {logging_mixin.py:137} INFO - Zachary Cisneros
[2023-02-01T19:06:04.432+0000] {logging_mixin.py:137} INFO - Deborah Brown
[2023-02-01T19:06:04.438+0000] {logging_mixin.py:137} INFO - Monica Moses
[2023-02-01T19:06:04.440+0000] {logging_mixin.py:137} INFO - Brenda Reyes
[2023-02-01T19:06:04.448+0000] {logging_mixin.py:137} INFO - Miss Renee Allen
[2023-02-01T19:06:04.455+0000] {logging_mixin.py:137} INFO - Susan Clark
[2023-02-01T19:06:04.459+0000] {logging_mixin.py:137} INFO - Brandy Coffey
[2023-02-01T19:06:04.463+0000] {logging_mixin.py:137} INFO - Brett Nelson
[2023-02-01T19:06:04.465+0000] {logging_mixin.py:137} INFO - Ricardo Young
[2023-02-01T19:06:04.469+0000] {logging_mixin.py:137} INFO - Paul Lee
[2023-02-01T19:06:04.475+0000] {logging_mixin.py:137} INFO - David Allen
[2023-02-01T19:06:04.478+0000] {logging_mixin.py:137} INFO - Andrea Knight
[2023-02-01T19:06:04.483+0000] {logging_mixin.py:137} INFO - James Gomez
[2023-02-01T19:06:04.484+0000] {logging_mixin.py:137} INFO - Melody Gibson
[2023-02-01T19:06:04.487+0000] {logging_mixin.py:137} INFO - Christina Martinez
[2023-02-01T19:06:04.488+0000] {logging_mixin.py:137} INFO - Shelby Smith
[2023-02-01T19:06:04.491+0000] {logging_mixin.py:137} INFO - Jason Howard
[2023-02-01T19:06:04.498+0000] {logging_mixin.py:137} INFO - Amy Davidson
[2023-02-01T19:06:04.502+0000] {logging_mixin.py:137} INFO - Kyle Copeland
[2023-02-01T19:06:04.507+0000] {logging_mixin.py:137} INFO - Madeline Davis
[2023-02-01T19:06:04.509+0000] {logging_mixin.py:137} INFO - Aaron Young
[2023-02-01T19:06:04.512+0000] {logging_mixin.py:137} INFO - Lisa Barrett
[2023-02-01T19:06:04.515+0000] {logging_mixin.py:137} INFO - Joel Jones
[2023-02-01T19:06:04.518+0000] {logging_mixin.py:137} INFO - Christine Evans
[2023-02-01T19:06:04.522+0000] {logging_mixin.py:137} INFO - Kimberly Johnson
[2023-02-01T19:06:04.523+0000] {logging_mixin.py:137} INFO - Charles Hess
[2023-02-01T19:06:04.526+0000] {logging_mixin.py:137} INFO - Paul Dixon
[2023-02-01T19:06:04.528+0000] {logging_mixin.py:137} INFO - Christopher Johnson
[2023-02-01T19:06:04.531+0000] {logging_mixin.py:137} INFO - Robert Dawson
[2023-02-01T19:06:04.536+0000] {logging_mixin.py:137} INFO - Ryan Dixon
[2023-02-01T19:06:04.539+0000] {logging_mixin.py:137} INFO - Julie Martinez
[2023-02-01T19:06:04.542+0000] {logging_mixin.py:137} INFO - David Adams
[2023-02-01T19:06:04.546+0000] {logging_mixin.py:137} INFO - Mariah Brown
[2023-02-01T19:06:04.551+0000] {logging_mixin.py:137} INFO - Deborah Malone
[2023-02-01T19:06:04.555+0000] {logging_mixin.py:137} INFO - John Brown
[2023-02-01T19:06:04.559+0000] {logging_mixin.py:137} INFO - Maria Stewart
[2023-02-01T19:06:04.563+0000] {logging_mixin.py:137} INFO - Mr. Bryan Hawkins
[2023-02-01T19:06:04.565+0000] {logging_mixin.py:137} INFO - Kyle Brooks
[2023-02-01T19:06:04.568+0000] {logging_mixin.py:137} INFO - Kenneth White
[2023-02-01T19:06:04.571+0000] {logging_mixin.py:137} INFO - Patricia Wilson
[2023-02-01T19:06:04.573+0000] {logging_mixin.py:137} INFO - Paul Soto
[2023-02-01T19:06:04.577+0000] {logging_mixin.py:137} INFO - Janice Garrett
[2023-02-01T19:06:04.581+0000] {logging_mixin.py:137} INFO - Randy Strickland
[2023-02-01T19:06:04.585+0000] {logging_mixin.py:137} INFO - Felicia Herrera
[2023-02-01T19:06:04.588+0000] {logging_mixin.py:137} INFO - Andre Campos
[2023-02-01T19:06:04.591+0000] {logging_mixin.py:137} INFO - Justin Meyer
[2023-02-01T19:06:04.594+0000] {logging_mixin.py:137} INFO - Brandon Brooks
[2023-02-01T19:06:04.600+0000] {logging_mixin.py:137} INFO - Abigail Rivera
[2023-02-01T19:06:04.603+0000] {logging_mixin.py:137} INFO - Jessica Mann
[2023-02-01T19:06:04.607+0000] {logging_mixin.py:137} INFO - Michael Sawyer
[2023-02-01T19:06:04.610+0000] {logging_mixin.py:137} INFO - Jeffrey Coleman
[2023-02-01T19:06:04.614+0000] {logging_mixin.py:137} INFO - Micheal Castro
[2023-02-01T19:06:04.617+0000] {logging_mixin.py:137} INFO - Laura Gonzalez
[2023-02-01T19:06:04.620+0000] {logging_mixin.py:137} INFO - Christopher Jackson
[2023-02-01T19:06:04.622+0000] {logging_mixin.py:137} INFO - William Mckenzie
[2023-02-01T19:06:04.625+0000] {logging_mixin.py:137} INFO - Kristina Rodriguez
[2023-02-01T19:06:04.629+0000] {logging_mixin.py:137} INFO - Kelli Williams
[2023-02-01T19:06:04.630+0000] {logging_mixin.py:137} INFO - Diane Norris
[2023-02-01T19:06:04.636+0000] {logging_mixin.py:137} INFO - Kevin Carroll
[2023-02-01T19:06:04.639+0000] {logging_mixin.py:137} INFO - Betty Weber
[2023-02-01T19:06:04.642+0000] {logging_mixin.py:137} INFO - Jeffery Robinson
[2023-02-01T19:06:04.644+0000] {logging_mixin.py:137} INFO - Hannah Cowan
[2023-02-01T19:06:04.645+0000] {logging_mixin.py:137} INFO - Brian Kramer
[2023-02-01T19:06:04.647+0000] {logging_mixin.py:137} INFO - Anthony Roberts
[2023-02-01T19:06:04.651+0000] {logging_mixin.py:137} INFO - Ricardo Blankenship
[2023-02-01T19:06:04.655+0000] {logging_mixin.py:137} INFO - Brooke Collins
[2023-02-01T19:06:04.658+0000] {logging_mixin.py:137} INFO - Tammy Lawson
[2023-02-01T19:06:04.661+0000] {logging_mixin.py:137} INFO - Cody Miller
[2023-02-01T19:06:04.663+0000] {logging_mixin.py:137} INFO - Dr. Janice Salazar
[2023-02-01T19:06:04.664+0000] {logging_mixin.py:137} INFO - David West
[2023-02-01T19:06:04.667+0000] {logging_mixin.py:137} INFO - Robin Carpenter
[2023-02-01T19:06:04.669+0000] {logging_mixin.py:137} INFO - Monique Wall
[2023-02-01T19:06:04.671+0000] {logging_mixin.py:137} INFO - Charles Cardenas
[2023-02-01T19:06:04.672+0000] {logging_mixin.py:137} INFO - Valerie Mitchell
[2023-02-01T19:06:04.675+0000] {logging_mixin.py:137} INFO - Michelle Valenzuela
[2023-02-01T19:06:04.680+0000] {logging_mixin.py:137} INFO - William Poole
[2023-02-01T19:06:04.683+0000] {logging_mixin.py:137} INFO - James Hall
[2023-02-01T19:06:04.685+0000] {logging_mixin.py:137} INFO - Dylan Carpenter
[2023-02-01T19:06:04.687+0000] {logging_mixin.py:137} INFO - Linda Medina
[2023-02-01T19:06:04.690+0000] {logging_mixin.py:137} INFO - Joan White
[2023-02-01T19:06:04.695+0000] {logging_mixin.py:137} INFO - Mary Klein
[2023-02-01T19:06:04.697+0000] {logging_mixin.py:137} INFO - Ashley Wolf
[2023-02-01T19:06:04.702+0000] {logging_mixin.py:137} INFO - William Reed
[2023-02-01T19:06:04.707+0000] {logging_mixin.py:137} INFO - Derek Harvey
[2023-02-01T19:06:04.709+0000] {logging_mixin.py:137} INFO - Kathleen Rodriguez
[2023-02-01T19:06:04.713+0000] {logging_mixin.py:137} INFO - Andrew Rodriguez
[2023-02-01T19:06:04.718+0000] {logging_mixin.py:137} INFO - Ariel Frank
[2023-02-01T19:06:04.721+0000] {logging_mixin.py:137} INFO - Tina French
[2023-02-01T19:06:04.723+0000] {logging_mixin.py:137} INFO - Brent Waller
[2023-02-01T19:06:04.727+0000] {logging_mixin.py:137} INFO - Kevin Allen
[2023-02-01T19:06:04.734+0000] {logging_mixin.py:137} INFO - Xavier Walker
[2023-02-01T19:06:04.735+0000] {logging_mixin.py:137} INFO - Michelle Sanchez
[2023-02-01T19:06:04.740+0000] {logging_mixin.py:137} INFO - Rachael Shepard
[2023-02-01T19:06:04.743+0000] {logging_mixin.py:137} INFO - Kelsey Johnson
[2023-02-01T19:06:04.746+0000] {logging_mixin.py:137} INFO - Nicole Webb
[2023-02-01T19:06:04.748+0000] {logging_mixin.py:137} INFO - Nicholas Rodriguez
[2023-02-01T19:06:04.750+0000] {logging_mixin.py:137} INFO - Eric Vaughan
[2023-02-01T19:06:04.754+0000] {logging_mixin.py:137} INFO - Amanda Richardson
[2023-02-01T19:06:04.759+0000] {logging_mixin.py:137} INFO - Janice Carlson
[2023-02-01T19:06:04.763+0000] {logging_mixin.py:137} INFO - Darryl Walsh
[2023-02-01T19:06:04.765+0000] {logging_mixin.py:137} INFO - Heather Johnson
[2023-02-01T19:06:04.768+0000] {logging_mixin.py:137} INFO - Mark Chambers
[2023-02-01T19:06:04.777+0000] {logging_mixin.py:137} INFO - Tracy Burns
[2023-02-01T19:06:04.784+0000] {logging_mixin.py:137} INFO - John Cole
[2023-02-01T19:06:04.788+0000] {logging_mixin.py:137} INFO - Deborah Silva
[2023-02-01T19:06:04.795+0000] {logging_mixin.py:137} INFO - Shawn Hernandez
[2023-02-01T19:06:04.805+0000] {logging_mixin.py:137} INFO - Bethany Meyer
[2023-02-01T19:06:04.808+0000] {logging_mixin.py:137} INFO - Helen Smith
[2023-02-01T19:06:04.810+0000] {logging_mixin.py:137} INFO - Dana Dennis
[2023-02-01T19:06:04.813+0000] {logging_mixin.py:137} INFO - Kelsey Camacho
[2023-02-01T19:06:04.816+0000] {logging_mixin.py:137} INFO - Matthew Thomas
[2023-02-01T19:06:04.819+0000] {logging_mixin.py:137} INFO - Brittany Arellano
[2023-02-01T19:06:04.824+0000] {logging_mixin.py:137} INFO - Stacey Jones
[2023-02-01T19:06:04.829+0000] {logging_mixin.py:137} INFO - William Weeks
[2023-02-01T19:06:04.835+0000] {logging_mixin.py:137} INFO - Mark Beasley
[2023-02-01T19:06:04.840+0000] {logging_mixin.py:137} INFO - Bruce Pena
[2023-02-01T19:06:04.847+0000] {logging_mixin.py:137} INFO - Jeffery Smith
[2023-02-01T19:06:04.850+0000] {logging_mixin.py:137} INFO - Ann Deleon
[2023-02-01T19:06:04.852+0000] {logging_mixin.py:137} INFO - Kevin Robertson
[2023-02-01T19:06:04.860+0000] {logging_mixin.py:137} INFO - Vincent Willis MD
[2023-02-01T19:06:04.862+0000] {logging_mixin.py:137} INFO - Michael Nielsen
[2023-02-01T19:06:04.863+0000] {logging_mixin.py:137} INFO - Walter Koch
[2023-02-01T19:06:04.865+0000] {logging_mixin.py:137} INFO - Brian Vega
[2023-02-01T19:06:04.867+0000] {logging_mixin.py:137} INFO - Jeffrey Medina
[2023-02-01T19:06:04.869+0000] {logging_mixin.py:137} INFO - Erika Banks
[2023-02-01T19:06:04.873+0000] {logging_mixin.py:137} INFO - Stacey Griffin
[2023-02-01T19:06:04.876+0000] {logging_mixin.py:137} INFO - Michael Marsh
[2023-02-01T19:06:04.880+0000] {logging_mixin.py:137} INFO - Molly White
[2023-02-01T19:06:04.882+0000] {logging_mixin.py:137} INFO - Matthew Morrison
[2023-02-01T19:06:04.885+0000] {logging_mixin.py:137} INFO - Amanda Burns
[2023-02-01T19:06:04.887+0000] {logging_mixin.py:137} INFO - Emily Gonzalez DDS
[2023-02-01T19:06:04.889+0000] {logging_mixin.py:137} INFO - Gregory King
[2023-02-01T19:06:04.891+0000] {logging_mixin.py:137} INFO - Dennis Evans
[2023-02-01T19:06:04.896+0000] {logging_mixin.py:137} INFO - Christina Snyder
[2023-02-01T19:06:04.899+0000] {logging_mixin.py:137} INFO - Carolyn Mata
[2023-02-01T19:06:04.904+0000] {logging_mixin.py:137} INFO - Brandy Lawson
[2023-02-01T19:06:04.906+0000] {logging_mixin.py:137} INFO - Briana Christian
[2023-02-01T19:06:04.911+0000] {logging_mixin.py:137} INFO - Jeffrey Hernandez
[2023-02-01T19:06:04.921+0000] {logging_mixin.py:137} INFO - John Riggs
[2023-02-01T19:06:04.924+0000] {logging_mixin.py:137} INFO - Barbara Short
[2023-02-01T19:06:04.926+0000] {logging_mixin.py:137} INFO - Steven Brooks
[2023-02-01T19:06:04.930+0000] {logging_mixin.py:137} INFO - Gabrielle James
[2023-02-01T19:06:04.932+0000] {logging_mixin.py:137} INFO - Robert Young
[2023-02-01T19:06:04.934+0000] {logging_mixin.py:137} INFO - Derek Sanders
[2023-02-01T19:06:04.937+0000] {logging_mixin.py:137} INFO - Mallory Oliver
[2023-02-01T19:06:04.940+0000] {logging_mixin.py:137} INFO - Terry Howe
[2023-02-01T19:06:04.945+0000] {logging_mixin.py:137} INFO - Samuel Wallace
[2023-02-01T19:06:04.953+0000] {logging_mixin.py:137} INFO - Angel Jones
[2023-02-01T19:06:04.959+0000] {logging_mixin.py:137} INFO - Jacqueline Nichols
[2023-02-01T19:06:04.963+0000] {logging_mixin.py:137} INFO - Melissa Mcgee
[2023-02-01T19:06:04.966+0000] {logging_mixin.py:137} INFO - Michelle Smith
[2023-02-01T19:06:04.968+0000] {logging_mixin.py:137} INFO - Maureen Baxter
[2023-02-01T19:06:04.970+0000] {logging_mixin.py:137} INFO - Kathy Crawford
[2023-02-01T19:06:04.972+0000] {logging_mixin.py:137} INFO - Stacy Wood
[2023-02-01T19:06:04.978+0000] {logging_mixin.py:137} INFO - Justin Parsons
[2023-02-01T19:06:04.981+0000] {logging_mixin.py:137} INFO - Ann Klein
[2023-02-01T19:06:04.983+0000] {logging_mixin.py:137} INFO - Allison Arnold
[2023-02-01T19:06:04.985+0000] {logging_mixin.py:137} INFO - Heather Kirk
[2023-02-01T19:06:04.988+0000] {logging_mixin.py:137} INFO - Monica Smith
[2023-02-01T19:06:04.991+0000] {logging_mixin.py:137} INFO - Brett Oconnor
[2023-02-01T19:06:04.995+0000] {logging_mixin.py:137} INFO - Anthony Bryant
[2023-02-01T19:06:04.998+0000] {logging_mixin.py:137} INFO - Jeremy Russell
[2023-02-01T19:06:05.003+0000] {logging_mixin.py:137} INFO - Julie Poole
[2023-02-01T19:06:05.012+0000] {logging_mixin.py:137} INFO - Emma Thompson
[2023-02-01T19:06:05.017+0000] {logging_mixin.py:137} INFO - Bradley Matthews
[2023-02-01T19:06:05.019+0000] {logging_mixin.py:137} INFO - William Roberts
[2023-02-01T19:06:05.025+0000] {logging_mixin.py:137} INFO - Julie Mooney
[2023-02-01T19:06:05.029+0000] {logging_mixin.py:137} INFO - Amy Doyle
[2023-02-01T19:06:05.032+0000] {logging_mixin.py:137} INFO - Amanda Grant
[2023-02-01T19:06:05.035+0000] {logging_mixin.py:137} INFO - Eric Anderson
[2023-02-01T19:06:05.039+0000] {logging_mixin.py:137} INFO - George Thompson
[2023-02-01T19:06:05.042+0000] {logging_mixin.py:137} INFO - Dustin Hines
[2023-02-01T19:06:05.047+0000] {logging_mixin.py:137} INFO - Andrea Frank
[2023-02-01T19:06:05.050+0000] {logging_mixin.py:137} INFO - Jodi Cook
[2023-02-01T19:06:05.055+0000] {logging_mixin.py:137} INFO - Stacy Haney
[2023-02-01T19:06:05.060+0000] {logging_mixin.py:137} INFO - Paul Callahan
[2023-02-01T19:06:05.067+0000] {logging_mixin.py:137} INFO - Jasmine Chambers
[2023-02-01T19:06:05.073+0000] {logging_mixin.py:137} INFO - Melissa Pittman MD
[2023-02-01T19:06:05.077+0000] {logging_mixin.py:137} INFO - Deborah Larson
[2023-02-01T19:06:05.082+0000] {logging_mixin.py:137} INFO - Brandon Shaw
[2023-02-01T19:06:05.085+0000] {logging_mixin.py:137} INFO - Timothy Paul
[2023-02-01T19:06:05.087+0000] {logging_mixin.py:137} INFO - Michael Trujillo
[2023-02-01T19:06:05.089+0000] {logging_mixin.py:137} INFO - Robert Rivera
[2023-02-01T19:06:05.090+0000] {logging_mixin.py:137} INFO - Dana Nelson
[2023-02-01T19:06:05.092+0000] {logging_mixin.py:137} INFO - Andrea Bennett
[2023-02-01T19:06:05.096+0000] {logging_mixin.py:137} INFO - Jodi Fox
[2023-02-01T19:06:05.098+0000] {logging_mixin.py:137} INFO - Heather Hayes
[2023-02-01T19:06:05.100+0000] {logging_mixin.py:137} INFO - Jennifer Moreno
[2023-02-01T19:06:05.102+0000] {logging_mixin.py:137} INFO - John Patel
[2023-02-01T19:06:05.106+0000] {logging_mixin.py:137} INFO - Teresa Oliver
[2023-02-01T19:06:05.108+0000] {logging_mixin.py:137} INFO - Monique Bell
[2023-02-01T19:06:05.111+0000] {logging_mixin.py:137} INFO - Casey Leonard
[2023-02-01T19:06:05.114+0000] {logging_mixin.py:137} INFO - Steven Clark
[2023-02-01T19:06:05.115+0000] {logging_mixin.py:137} INFO - Edward Martin
[2023-02-01T19:06:05.117+0000] {logging_mixin.py:137} INFO - Shawn Orozco
[2023-02-01T19:06:05.119+0000] {logging_mixin.py:137} INFO - Brandon Yang
[2023-02-01T19:06:05.124+0000] {logging_mixin.py:137} INFO - Nathan Ray
[2023-02-01T19:06:05.126+0000] {logging_mixin.py:137} INFO - Lori Moore
[2023-02-01T19:06:05.130+0000] {logging_mixin.py:137} INFO - Dr. Lisa Shaw DVM
[2023-02-01T19:06:05.134+0000] {logging_mixin.py:137} INFO - Angela Walters
[2023-02-01T19:06:05.138+0000] {logging_mixin.py:137} INFO - David Nolan
[2023-02-01T19:06:05.139+0000] {logging_mixin.py:137} INFO - William Ramsey
[2023-02-01T19:06:05.141+0000] {logging_mixin.py:137} INFO - David Oconnor
[2023-02-01T19:06:05.144+0000] {logging_mixin.py:137} INFO - Mark Washington
[2023-02-01T19:06:05.147+0000] {logging_mixin.py:137} INFO - Jennifer Jacobs
[2023-02-01T19:06:05.149+0000] {logging_mixin.py:137} INFO - Tammy Hampton
[2023-02-01T19:06:05.150+0000] {logging_mixin.py:137} INFO - Stephen Farmer
[2023-02-01T19:06:05.154+0000] {logging_mixin.py:137} INFO - Jasmine Nguyen
[2023-02-01T19:06:05.156+0000] {logging_mixin.py:137} INFO - Rebecca Flores
[2023-02-01T19:06:05.159+0000] {logging_mixin.py:137} INFO - Tyler Davis
[2023-02-01T19:06:05.166+0000] {logging_mixin.py:137} INFO - Nancy Gray
[2023-02-01T19:06:05.167+0000] {logging_mixin.py:137} INFO - Brian Sanchez
[2023-02-01T19:06:05.169+0000] {logging_mixin.py:137} INFO - Laurie Shaw
[2023-02-01T19:06:05.172+0000] {logging_mixin.py:137} INFO - Kristina Torres
[2023-02-01T19:06:05.175+0000] {logging_mixin.py:137} INFO - Andrea Rodgers
[2023-02-01T19:06:05.176+0000] {logging_mixin.py:137} INFO - Jason Walters
[2023-02-01T19:06:05.179+0000] {logging_mixin.py:137} INFO - Jerry Moss
[2023-02-01T19:06:05.184+0000] {logging_mixin.py:137} INFO - Jeffrey Jordan
[2023-02-01T19:06:05.187+0000] {logging_mixin.py:137} INFO - Jennifer Wilson
[2023-02-01T19:06:05.189+0000] {logging_mixin.py:137} INFO - Trevor Mathews
[2023-02-01T19:06:05.196+0000] {logging_mixin.py:137} INFO - Anne Hood
[2023-02-01T19:06:05.199+0000] {logging_mixin.py:137} INFO - Sarah Williams
[2023-02-01T19:06:05.204+0000] {logging_mixin.py:137} INFO - Shelby Hernandez
[2023-02-01T19:06:05.206+0000] {logging_mixin.py:137} INFO - Samantha Velez
[2023-02-01T19:06:05.213+0000] {logging_mixin.py:137} INFO - Matthew Douglas
[2023-02-01T19:06:05.217+0000] {logging_mixin.py:137} INFO - Ashlee George
[2023-02-01T19:06:05.219+0000] {logging_mixin.py:137} INFO - Troy Crane
[2023-02-01T19:06:05.221+0000] {logging_mixin.py:137} INFO - Michael Cooper
[2023-02-01T19:06:05.222+0000] {logging_mixin.py:137} INFO - Michael White
[2023-02-01T19:06:05.224+0000] {logging_mixin.py:137} INFO - Mr. Timothy Fleming
[2023-02-01T19:06:05.229+0000] {logging_mixin.py:137} INFO - Seth Bruce
[2023-02-01T19:06:05.231+0000] {logging_mixin.py:137} INFO - Jacqueline Carpenter
[2023-02-01T19:06:05.233+0000] {logging_mixin.py:137} INFO - Michael Martin
[2023-02-01T19:06:05.238+0000] {logging_mixin.py:137} INFO - Kristopher Henry
[2023-02-01T19:06:05.241+0000] {logging_mixin.py:137} INFO - Tiffany Porter
[2023-02-01T19:06:05.246+0000] {logging_mixin.py:137} INFO - Stacy Simpson
[2023-02-01T19:06:05.249+0000] {logging_mixin.py:137} INFO - Tammy Mcdowell
[2023-02-01T19:06:05.252+0000] {logging_mixin.py:137} INFO - Thomas Walters
[2023-02-01T19:06:05.259+0000] {logging_mixin.py:137} INFO - Dwayne Thompson
[2023-02-01T19:06:05.261+0000] {logging_mixin.py:137} INFO - Natalie Willis
[2023-02-01T19:06:05.264+0000] {logging_mixin.py:137} INFO - Sharon Taylor
[2023-02-01T19:06:05.267+0000] {logging_mixin.py:137} INFO - Sarah Wiggins
[2023-02-01T19:06:05.271+0000] {logging_mixin.py:137} INFO - Amber Thomas
[2023-02-01T19:06:05.274+0000] {logging_mixin.py:137} INFO - Patrick Miller
[2023-02-01T19:06:05.279+0000] {logging_mixin.py:137} INFO - Stephanie Hartman
[2023-02-01T19:06:05.280+0000] {logging_mixin.py:137} INFO - Stacey Mora
[2023-02-01T19:06:05.284+0000] {logging_mixin.py:137} INFO - Katherine Rodriguez
[2023-02-01T19:06:05.287+0000] {logging_mixin.py:137} INFO - Daniel Morgan
[2023-02-01T19:06:05.293+0000] {logging_mixin.py:137} INFO - Rebecca Martinez
[2023-02-01T19:06:05.295+0000] {logging_mixin.py:137} INFO - Nicole Juarez
[2023-02-01T19:06:05.298+0000] {logging_mixin.py:137} INFO - Mark Arroyo
[2023-02-01T19:06:05.301+0000] {logging_mixin.py:137} INFO - April Lucero
[2023-02-01T19:06:05.307+0000] {logging_mixin.py:137} INFO - Samantha Garcia
[2023-02-01T19:06:05.314+0000] {logging_mixin.py:137} INFO - Jon Moore
[2023-02-01T19:06:05.318+0000] {logging_mixin.py:137} INFO - Joshua Flores MD
[2023-02-01T19:06:05.320+0000] {logging_mixin.py:137} INFO - Raymond Jones
[2023-02-01T19:06:05.322+0000] {logging_mixin.py:137} INFO - Billy Hughes
[2023-02-01T19:06:05.324+0000] {logging_mixin.py:137} INFO - Peggy Valdez PhD
[2023-02-01T19:06:05.334+0000] {logging_mixin.py:137} INFO - Joshua Reyes
[2023-02-01T19:06:05.337+0000] {logging_mixin.py:137} INFO - Aaron Green
[2023-02-01T19:06:05.340+0000] {logging_mixin.py:137} INFO - Wendy Espinoza
[2023-02-01T19:06:05.342+0000] {logging_mixin.py:137} INFO - Peter Vasquez
[2023-02-01T19:06:05.344+0000] {logging_mixin.py:137} INFO - Diane Harper
[2023-02-01T19:06:05.346+0000] {logging_mixin.py:137} INFO - Ms. Rebecca Cantu
[2023-02-01T19:06:05.348+0000] {logging_mixin.py:137} INFO - Yolanda Morrow
[2023-02-01T19:06:05.352+0000] {logging_mixin.py:137} INFO - Penny Beard
[2023-02-01T19:06:05.354+0000] {logging_mixin.py:137} INFO - Lisa Long
[2023-02-01T19:06:05.360+0000] {logging_mixin.py:137} INFO - Jerry Harris
[2023-02-01T19:06:05.367+0000] {logging_mixin.py:137} INFO - Bob Willis
[2023-02-01T19:06:05.371+0000] {logging_mixin.py:137} INFO - Duane Chapman
[2023-02-01T19:06:05.374+0000] {logging_mixin.py:137} INFO - William Morgan
[2023-02-01T19:06:05.379+0000] {logging_mixin.py:137} INFO - Amy Gutierrez
[2023-02-01T19:06:05.386+0000] {logging_mixin.py:137} INFO - Amber Nichols
[2023-02-01T19:06:05.389+0000] {logging_mixin.py:137} INFO - Matthew Carr
[2023-02-01T19:06:05.392+0000] {logging_mixin.py:137} INFO - Thomas Duncan
[2023-02-01T19:06:05.393+0000] {logging_mixin.py:137} INFO - Elizabeth Wright
[2023-02-01T19:06:05.397+0000] {logging_mixin.py:137} INFO - Jacqueline Brewer
[2023-02-01T19:06:05.400+0000] {logging_mixin.py:137} INFO - Stephanie Johnson
[2023-02-01T19:06:05.402+0000] {logging_mixin.py:137} INFO - Samantha Calderon
[2023-02-01T19:06:05.404+0000] {logging_mixin.py:137} INFO - Kathryn Gaines
[2023-02-01T19:06:05.406+0000] {logging_mixin.py:137} INFO - Angel Jones
[2023-02-01T19:06:05.407+0000] {logging_mixin.py:137} INFO - Laura Wall
[2023-02-01T19:06:05.409+0000] {logging_mixin.py:137} INFO - Mr. Anthony Hamilton
[2023-02-01T19:06:05.412+0000] {logging_mixin.py:137} INFO - David Smith
[2023-02-01T19:06:05.419+0000] {logging_mixin.py:137} INFO - Kimberly Herrera DDS
[2023-02-01T19:06:05.421+0000] {logging_mixin.py:137} INFO - Gina Wilson
[2023-02-01T19:06:05.424+0000] {logging_mixin.py:137} INFO - Timothy Byrd
[2023-02-01T19:06:05.426+0000] {logging_mixin.py:137} INFO - Michael Mckenzie
[2023-02-01T19:06:05.427+0000] {logging_mixin.py:137} INFO - Jeffrey Mcintyre
[2023-02-01T19:06:05.429+0000] {logging_mixin.py:137} INFO - Teresa Jackson
[2023-02-01T19:06:05.431+0000] {logging_mixin.py:137} INFO - Joseph Wilcox
[2023-02-01T19:06:05.432+0000] {logging_mixin.py:137} INFO - Patrick Mcknight
[2023-02-01T19:06:05.434+0000] {logging_mixin.py:137} INFO - Ronald Moreno
[2023-02-01T19:06:05.436+0000] {logging_mixin.py:137} INFO - Jamie Sullivan
[2023-02-01T19:06:05.439+0000] {logging_mixin.py:137} INFO - Jason Anderson
[2023-02-01T19:06:05.442+0000] {logging_mixin.py:137} INFO - Steven Stewart
[2023-02-01T19:06:05.445+0000] {logging_mixin.py:137} INFO - Melinda Paul
[2023-02-01T19:06:05.450+0000] {logging_mixin.py:137} INFO - Cynthia Simmons
[2023-02-01T19:06:05.453+0000] {logging_mixin.py:137} INFO - Christian Smith
[2023-02-01T19:06:05.454+0000] {logging_mixin.py:137} INFO - William Jimenez
[2023-02-01T19:06:05.462+0000] {logging_mixin.py:137} INFO - Hayley French
[2023-02-01T19:06:05.465+0000] {logging_mixin.py:137} INFO - Brandon Hess
[2023-02-01T19:06:05.467+0000] {logging_mixin.py:137} INFO - Laura Perry
[2023-02-01T19:06:05.469+0000] {logging_mixin.py:137} INFO - Scott Jones
[2023-02-01T19:06:05.472+0000] {logging_mixin.py:137} INFO - Christine Hernandez
[2023-02-01T19:06:05.475+0000] {logging_mixin.py:137} INFO - Douglas Eaton
[2023-02-01T19:06:05.478+0000] {logging_mixin.py:137} INFO - William Soto
[2023-02-01T19:06:05.480+0000] {logging_mixin.py:137} INFO - Mary Jones
[2023-02-01T19:06:05.482+0000] {logging_mixin.py:137} INFO - Stephanie Holmes
[2023-02-01T19:06:05.485+0000] {logging_mixin.py:137} INFO - Keith Meyers
[2023-02-01T19:06:05.486+0000] {logging_mixin.py:137} INFO - Paul Fisher
[2023-02-01T19:06:05.490+0000] {logging_mixin.py:137} INFO - Emily Alexander
[2023-02-01T19:06:05.492+0000] {logging_mixin.py:137} INFO - Anthony Schwartz
[2023-02-01T19:06:05.494+0000] {logging_mixin.py:137} INFO - Evelyn Jacobs
[2023-02-01T19:06:05.500+0000] {logging_mixin.py:137} INFO - Connie Jones
[2023-02-01T19:06:05.501+0000] {logging_mixin.py:137} INFO - Carla Gibbs
[2023-02-01T19:06:05.502+0000] {logging_mixin.py:137} INFO - Ashley Santiago
[2023-02-01T19:06:05.505+0000] {logging_mixin.py:137} INFO - Micheal Mckee
[2023-02-01T19:06:05.508+0000] {logging_mixin.py:137} INFO - Diane Williams
[2023-02-01T19:06:05.514+0000] {logging_mixin.py:137} INFO - Jesse Velasquez
[2023-02-01T19:06:05.516+0000] {logging_mixin.py:137} INFO - Jennifer Rodriguez
[2023-02-01T19:06:05.518+0000] {logging_mixin.py:137} INFO - Joe Griffin
[2023-02-01T19:06:05.522+0000] {logging_mixin.py:137} INFO - Gary Cherry
[2023-02-01T19:06:05.526+0000] {logging_mixin.py:137} INFO - Alyssa Edwards
[2023-02-01T19:06:05.530+0000] {logging_mixin.py:137} INFO - Caroline Hernandez MD
[2023-02-01T19:06:05.532+0000] {logging_mixin.py:137} INFO - Jessica Morton
[2023-02-01T19:06:05.534+0000] {logging_mixin.py:137} INFO - Holly Jones
[2023-02-01T19:06:05.536+0000] {logging_mixin.py:137} INFO - David Shelton
[2023-02-01T19:06:05.538+0000] {logging_mixin.py:137} INFO - Kristina Parks
[2023-02-01T19:06:05.540+0000] {logging_mixin.py:137} INFO - Laurie Hernandez
[2023-02-01T19:06:05.541+0000] {logging_mixin.py:137} INFO - Melissa James
[2023-02-01T19:06:05.543+0000] {logging_mixin.py:137} INFO - Jeremiah Adams
[2023-02-01T19:06:05.545+0000] {logging_mixin.py:137} INFO - Arthur Robinson
[2023-02-01T19:06:05.546+0000] {logging_mixin.py:137} INFO - Anna Shepard
[2023-02-01T19:06:05.548+0000] {logging_mixin.py:137} INFO - Brandon Myers
[2023-02-01T19:06:05.551+0000] {logging_mixin.py:137} INFO - Paul Cardenas
[2023-02-01T19:06:05.553+0000] {logging_mixin.py:137} INFO - Megan Santana
[2023-02-01T19:06:05.557+0000] {logging_mixin.py:137} INFO - Joseph Marshall
[2023-02-01T19:06:05.559+0000] {logging_mixin.py:137} INFO - Mrs. Brenda Harris
[2023-02-01T19:06:05.561+0000] {logging_mixin.py:137} INFO - Nicole Garcia
[2023-02-01T19:06:05.564+0000] {logging_mixin.py:137} INFO - Anna Estrada
[2023-02-01T19:06:05.567+0000] {logging_mixin.py:137} INFO - Carl Moore
[2023-02-01T19:06:05.568+0000] {logging_mixin.py:137} INFO - Rodney Hernandez
[2023-02-01T19:06:05.571+0000] {logging_mixin.py:137} INFO - Madison Christian
[2023-02-01T19:06:05.573+0000] {logging_mixin.py:137} INFO - Heather Rhodes
[2023-02-01T19:06:05.583+0000] {python.py:177} INFO - Done. Returned value was: None
[2023-02-01T19:06:05.610+0000] {taskinstance.py:1323} INFO - Marking task as SUCCESS. dag_id=CSV_DAG, task_id=convertCSVToJson, execution_date=20230201T021000, start_date=20230201T190600, end_date=20230201T190605
[2023-02-01T19:06:05.674+0000] {local_task_job.py:208} INFO - Task exited with return code 0
[2023-02-01T19:06:05.707+0000] {taskinstance.py:2578} INFO - 0 downstream tasks scheduled from follow-on schedule check
