[2023-02-02T10:02:38.579+0000] {taskinstance.py:1083} INFO - Dependencies all met for <TaskInstance: CSV_DAG.convertCSVToJson scheduled__2023-02-02T04:30:00+00:00 [queued]>
[2023-02-02T10:02:38.604+0000] {taskinstance.py:1083} INFO - Dependencies all met for <TaskInstance: CSV_DAG.convertCSVToJson scheduled__2023-02-02T04:30:00+00:00 [queued]>
[2023-02-02T10:02:38.606+0000] {taskinstance.py:1279} INFO - 
--------------------------------------------------------------------------------
[2023-02-02T10:02:38.612+0000] {taskinstance.py:1280} INFO - Starting attempt 1 of 2
[2023-02-02T10:02:38.616+0000] {taskinstance.py:1281} INFO - 
--------------------------------------------------------------------------------
[2023-02-02T10:02:38.651+0000] {taskinstance.py:1300} INFO - Executing <Task(PythonOperator): convertCSVToJson> on 2023-02-02 04:30:00+00:00
[2023-02-02T10:02:38.662+0000] {standard_task_runner.py:55} INFO - Started process 992 to run task
[2023-02-02T10:02:38.697+0000] {standard_task_runner.py:82} INFO - Running: ['***', 'tasks', 'run', 'CSV_DAG', 'convertCSVToJson', 'scheduled__2023-02-02T04:30:00+00:00', '--job-id', '715', '--raw', '--subdir', 'DAGS_FOLDER/csv.py', '--cfg-path', '/tmp/tmptn94bckf']
[2023-02-02T10:02:38.699+0000] {standard_task_runner.py:83} INFO - Job 715: Subtask convertCSVToJson
[2023-02-02T10:02:38.870+0000] {task_command.py:388} INFO - Running <TaskInstance: CSV_DAG.convertCSVToJson scheduled__2023-02-02T04:30:00+00:00 [running]> on host 06d8060e8530
[2023-02-02T10:02:39.033+0000] {taskinstance.py:1509} INFO - Exporting the following env vars:
AIRFLOW_CTX_DAG_OWNER=Kevin Chalmers
AIRFLOW_CTX_DAG_ID=CSV_DAG
AIRFLOW_CTX_TASK_ID=convertCSVToJson
AIRFLOW_CTX_EXECUTION_DATE=2023-02-02T04:30:00+00:00
AIRFLOW_CTX_TRY_NUMBER=1
AIRFLOW_CTX_DAG_RUN_ID=scheduled__2023-02-02T04:30:00+00:00
[2023-02-02T10:02:39.056+0000] {logging_mixin.py:137} INFO - Angelica Lopez
[2023-02-02T10:02:39.058+0000] {logging_mixin.py:137} INFO - Betty Wright
[2023-02-02T10:02:39.059+0000] {logging_mixin.py:137} INFO - Sara Schmidt
[2023-02-02T10:02:39.061+0000] {logging_mixin.py:137} INFO - Dr. Sherry Rodriguez
[2023-02-02T10:02:39.065+0000] {logging_mixin.py:137} INFO - Rebecca Mills
[2023-02-02T10:02:39.067+0000] {logging_mixin.py:137} INFO - Andrew Anderson
[2023-02-02T10:02:39.069+0000] {logging_mixin.py:137} INFO - Martin Everett
[2023-02-02T10:02:39.071+0000] {logging_mixin.py:137} INFO - Felicia Gregory
[2023-02-02T10:02:39.073+0000] {logging_mixin.py:137} INFO - Kara Bowers
[2023-02-02T10:02:39.074+0000] {logging_mixin.py:137} INFO - Vincent Vincent
[2023-02-02T10:02:39.076+0000] {logging_mixin.py:137} INFO - Morgan Butler
[2023-02-02T10:02:39.079+0000] {logging_mixin.py:137} INFO - Stephen Riley
[2023-02-02T10:02:39.081+0000] {logging_mixin.py:137} INFO - Wanda Thomas
[2023-02-02T10:02:39.083+0000] {logging_mixin.py:137} INFO - Michelle Schultz
[2023-02-02T10:02:39.085+0000] {logging_mixin.py:137} INFO - Christopher Rush MD
[2023-02-02T10:02:39.086+0000] {logging_mixin.py:137} INFO - Phyllis Miles
[2023-02-02T10:02:39.088+0000] {logging_mixin.py:137} INFO - Rebecca Price
[2023-02-02T10:02:39.089+0000] {logging_mixin.py:137} INFO - John Morse
[2023-02-02T10:02:39.091+0000] {logging_mixin.py:137} INFO - Nicholas Sanchez
[2023-02-02T10:02:39.093+0000] {logging_mixin.py:137} INFO - Crystal Dean
[2023-02-02T10:02:39.094+0000] {logging_mixin.py:137} INFO - Tyler Diaz
[2023-02-02T10:02:39.095+0000] {logging_mixin.py:137} INFO - Denise Mclean
[2023-02-02T10:02:39.096+0000] {logging_mixin.py:137} INFO - Daniel Grant
[2023-02-02T10:02:39.098+0000] {logging_mixin.py:137} INFO - Sandra Peterson
[2023-02-02T10:02:39.099+0000] {logging_mixin.py:137} INFO - Denise Morse
[2023-02-02T10:02:39.101+0000] {logging_mixin.py:137} INFO - Brianna Smith
[2023-02-02T10:02:39.103+0000] {logging_mixin.py:137} INFO - Tony Miller
[2023-02-02T10:02:39.105+0000] {logging_mixin.py:137} INFO - Jean Booth
[2023-02-02T10:02:39.106+0000] {logging_mixin.py:137} INFO - Penny Salazar
[2023-02-02T10:02:39.107+0000] {logging_mixin.py:137} INFO - Cathy Williams
[2023-02-02T10:02:39.109+0000] {logging_mixin.py:137} INFO - Hannah Collins
[2023-02-02T10:02:39.112+0000] {logging_mixin.py:137} INFO - Maurice Casey
[2023-02-02T10:02:39.113+0000] {logging_mixin.py:137} INFO - Patrick Walker
[2023-02-02T10:02:39.114+0000] {logging_mixin.py:137} INFO - Pamela Barton
[2023-02-02T10:02:39.115+0000] {logging_mixin.py:137} INFO - Anthony Bryant
[2023-02-02T10:02:39.116+0000] {logging_mixin.py:137} INFO - Andrew Harris
[2023-02-02T10:02:39.118+0000] {logging_mixin.py:137} INFO - Aaron Harris
[2023-02-02T10:02:39.121+0000] {logging_mixin.py:137} INFO - Maureen Soto
[2023-02-02T10:02:39.123+0000] {logging_mixin.py:137} INFO - Crystal Mcdaniel
[2023-02-02T10:02:39.125+0000] {logging_mixin.py:137} INFO - Lauren Barrett
[2023-02-02T10:02:39.127+0000] {logging_mixin.py:137} INFO - Brandon Perez
[2023-02-02T10:02:39.128+0000] {logging_mixin.py:137} INFO - Mark Robertson
[2023-02-02T10:02:39.130+0000] {logging_mixin.py:137} INFO - Nicole Gates
[2023-02-02T10:02:39.132+0000] {logging_mixin.py:137} INFO - Bradley Cruz
[2023-02-02T10:02:39.134+0000] {logging_mixin.py:137} INFO - Gina Burns
[2023-02-02T10:02:39.136+0000] {logging_mixin.py:137} INFO - Zachary Martinez
[2023-02-02T10:02:39.138+0000] {logging_mixin.py:137} INFO - Natasha Johnson
[2023-02-02T10:02:39.139+0000] {logging_mixin.py:137} INFO - Patrick Gonzales
[2023-02-02T10:02:39.141+0000] {logging_mixin.py:137} INFO - Terri Wilson
[2023-02-02T10:02:39.143+0000] {logging_mixin.py:137} INFO - Sarah Lopez
[2023-02-02T10:02:39.146+0000] {logging_mixin.py:137} INFO - Dana Turner
[2023-02-02T10:02:39.149+0000] {logging_mixin.py:137} INFO - Cynthia Johnson
[2023-02-02T10:02:39.151+0000] {logging_mixin.py:137} INFO - William Thornton
[2023-02-02T10:02:39.153+0000] {logging_mixin.py:137} INFO - James Lee
[2023-02-02T10:02:39.154+0000] {logging_mixin.py:137} INFO - Stephen Allen
[2023-02-02T10:02:39.156+0000] {logging_mixin.py:137} INFO - William Stark
[2023-02-02T10:02:39.158+0000] {logging_mixin.py:137} INFO - Michael Parker
[2023-02-02T10:02:39.159+0000] {logging_mixin.py:137} INFO - Lisa Stephens
[2023-02-02T10:02:39.161+0000] {logging_mixin.py:137} INFO - Mr. Reginald Wise DDS
[2023-02-02T10:02:39.163+0000] {logging_mixin.py:137} INFO - Alexander James
[2023-02-02T10:02:39.167+0000] {logging_mixin.py:137} INFO - Kristen West
[2023-02-02T10:02:39.168+0000] {logging_mixin.py:137} INFO - Elizabeth Sanchez
[2023-02-02T10:02:39.170+0000] {logging_mixin.py:137} INFO - Jennifer Wilson
[2023-02-02T10:02:39.171+0000] {logging_mixin.py:137} INFO - Catherine Nicholson
[2023-02-02T10:02:39.173+0000] {logging_mixin.py:137} INFO - David Henderson
[2023-02-02T10:02:39.180+0000] {logging_mixin.py:137} INFO - Stephen Davis
[2023-02-02T10:02:39.183+0000] {logging_mixin.py:137} INFO - Paul Skinner
[2023-02-02T10:02:39.185+0000] {logging_mixin.py:137} INFO - Rebecca Wong
[2023-02-02T10:02:39.187+0000] {logging_mixin.py:137} INFO - Tara Benitez
[2023-02-02T10:02:39.189+0000] {logging_mixin.py:137} INFO - Sharon Miller
[2023-02-02T10:02:39.191+0000] {logging_mixin.py:137} INFO - Cynthia Smith
[2023-02-02T10:02:39.192+0000] {logging_mixin.py:137} INFO - Jennifer Werner
[2023-02-02T10:02:39.193+0000] {logging_mixin.py:137} INFO - Rebecca Tucker
[2023-02-02T10:02:39.195+0000] {logging_mixin.py:137} INFO - Ashlee Castillo
[2023-02-02T10:02:39.199+0000] {logging_mixin.py:137} INFO - Christopher Holmes
[2023-02-02T10:02:39.200+0000] {logging_mixin.py:137} INFO - Daniel Velez
[2023-02-02T10:02:39.202+0000] {logging_mixin.py:137} INFO - Amy Serrano
[2023-02-02T10:02:39.204+0000] {logging_mixin.py:137} INFO - Alison Nash
[2023-02-02T10:02:39.207+0000] {logging_mixin.py:137} INFO - Peter Johnson
[2023-02-02T10:02:39.209+0000] {logging_mixin.py:137} INFO - Breanna Harris
[2023-02-02T10:02:39.211+0000] {logging_mixin.py:137} INFO - Eric King
[2023-02-02T10:02:39.213+0000] {logging_mixin.py:137} INFO - Patricia Oliver
[2023-02-02T10:02:39.215+0000] {logging_mixin.py:137} INFO - Denise Grimes
[2023-02-02T10:02:39.217+0000] {logging_mixin.py:137} INFO - Jill Olson
[2023-02-02T10:02:39.220+0000] {logging_mixin.py:137} INFO - Stephanie Hart
[2023-02-02T10:02:39.223+0000] {logging_mixin.py:137} INFO - Ashley Lee
[2023-02-02T10:02:39.225+0000] {logging_mixin.py:137} INFO - Kelly Barnes
[2023-02-02T10:02:39.226+0000] {logging_mixin.py:137} INFO - Christie West
[2023-02-02T10:02:39.228+0000] {logging_mixin.py:137} INFO - Todd Nolan
[2023-02-02T10:02:39.231+0000] {logging_mixin.py:137} INFO - Sarah Reed
[2023-02-02T10:02:39.233+0000] {logging_mixin.py:137} INFO - Jennifer Keith
[2023-02-02T10:02:39.235+0000] {logging_mixin.py:137} INFO - Shawn Alvarez
[2023-02-02T10:02:39.237+0000] {logging_mixin.py:137} INFO - Alexander Wilson
[2023-02-02T10:02:39.239+0000] {logging_mixin.py:137} INFO - Rachel Melendez
[2023-02-02T10:02:39.240+0000] {logging_mixin.py:137} INFO - Morgan Walters
[2023-02-02T10:02:39.243+0000] {logging_mixin.py:137} INFO - Nicole Garcia
[2023-02-02T10:02:39.245+0000] {logging_mixin.py:137} INFO - Jennifer White
[2023-02-02T10:02:39.248+0000] {logging_mixin.py:137} INFO - Leslie Shannon
[2023-02-02T10:02:39.249+0000] {logging_mixin.py:137} INFO - Lisa Clayton
[2023-02-02T10:02:39.251+0000] {logging_mixin.py:137} INFO - Zachary Molina
[2023-02-02T10:02:39.252+0000] {logging_mixin.py:137} INFO - Bruce Butler
[2023-02-02T10:02:39.253+0000] {logging_mixin.py:137} INFO - Dustin Howell
[2023-02-02T10:02:39.255+0000] {logging_mixin.py:137} INFO - Aaron Smith
[2023-02-02T10:02:39.256+0000] {logging_mixin.py:137} INFO - Kyle Green
[2023-02-02T10:02:39.261+0000] {logging_mixin.py:137} INFO - Steven Clark
[2023-02-02T10:02:39.264+0000] {logging_mixin.py:137} INFO - Robert Holden
[2023-02-02T10:02:39.266+0000] {logging_mixin.py:137} INFO - Zachary Harmon
[2023-02-02T10:02:39.267+0000] {logging_mixin.py:137} INFO - Rachel Miller
[2023-02-02T10:02:39.268+0000] {logging_mixin.py:137} INFO - Brandon Parker
[2023-02-02T10:02:39.270+0000] {logging_mixin.py:137} INFO - Walter Martin
[2023-02-02T10:02:39.271+0000] {logging_mixin.py:137} INFO - Jose Young
[2023-02-02T10:02:39.273+0000] {logging_mixin.py:137} INFO - Kelsey Long
[2023-02-02T10:02:39.274+0000] {logging_mixin.py:137} INFO - William Harper
[2023-02-02T10:02:39.276+0000] {logging_mixin.py:137} INFO - Alejandro Lambert
[2023-02-02T10:02:39.279+0000] {logging_mixin.py:137} INFO - Stephanie Carson
[2023-02-02T10:02:39.283+0000] {logging_mixin.py:137} INFO - Diana Ortega MD
[2023-02-02T10:02:39.288+0000] {logging_mixin.py:137} INFO - Janet Morales
[2023-02-02T10:02:39.290+0000] {logging_mixin.py:137} INFO - Eric Fisher
[2023-02-02T10:02:39.293+0000] {logging_mixin.py:137} INFO - Louis Baker
[2023-02-02T10:02:39.294+0000] {logging_mixin.py:137} INFO - Cindy Ward
[2023-02-02T10:02:39.296+0000] {logging_mixin.py:137} INFO - Ana Jenkins
[2023-02-02T10:02:39.297+0000] {logging_mixin.py:137} INFO - Leslie Barton
[2023-02-02T10:02:39.299+0000] {logging_mixin.py:137} INFO - Gregory Price
[2023-02-02T10:02:39.301+0000] {logging_mixin.py:137} INFO - Brandon Moore
[2023-02-02T10:02:39.304+0000] {logging_mixin.py:137} INFO - Heather Garrett
[2023-02-02T10:02:39.306+0000] {logging_mixin.py:137} INFO - Cindy Hawkins
[2023-02-02T10:02:39.308+0000] {logging_mixin.py:137} INFO - Mr. Frank Snyder Jr.
[2023-02-02T10:02:39.311+0000] {logging_mixin.py:137} INFO - Megan Wang
[2023-02-02T10:02:39.312+0000] {logging_mixin.py:137} INFO - Jennifer Fleming
[2023-02-02T10:02:39.314+0000] {logging_mixin.py:137} INFO - Gary Hodge
[2023-02-02T10:02:39.317+0000] {logging_mixin.py:137} INFO - Nichole Miller
[2023-02-02T10:02:39.318+0000] {logging_mixin.py:137} INFO - Mitchell Mendoza
[2023-02-02T10:02:39.320+0000] {logging_mixin.py:137} INFO - Bradley Horton
[2023-02-02T10:02:39.330+0000] {logging_mixin.py:137} INFO - Michelle Hess
[2023-02-02T10:02:39.332+0000] {logging_mixin.py:137} INFO - Ronald Torres
[2023-02-02T10:02:39.335+0000] {logging_mixin.py:137} INFO - Raymond Hudson
[2023-02-02T10:02:39.337+0000] {logging_mixin.py:137} INFO - Vincent Jackson
[2023-02-02T10:02:39.340+0000] {logging_mixin.py:137} INFO - Susan Carey
[2023-02-02T10:02:39.343+0000] {logging_mixin.py:137} INFO - Chase Wilson
[2023-02-02T10:02:39.345+0000] {logging_mixin.py:137} INFO - Tonya Baldwin
[2023-02-02T10:02:39.347+0000] {logging_mixin.py:137} INFO - Mrs. Tina Davis
[2023-02-02T10:02:39.349+0000] {logging_mixin.py:137} INFO - Scott Garrett
[2023-02-02T10:02:39.353+0000] {logging_mixin.py:137} INFO - Michael Wilson
[2023-02-02T10:02:39.360+0000] {logging_mixin.py:137} INFO - Andrew Orozco
[2023-02-02T10:02:39.362+0000] {logging_mixin.py:137} INFO - Troy Carson
[2023-02-02T10:02:39.363+0000] {logging_mixin.py:137} INFO - Alex Winters
[2023-02-02T10:02:39.365+0000] {logging_mixin.py:137} INFO - Toni Frank
[2023-02-02T10:02:39.367+0000] {logging_mixin.py:137} INFO - Kathleen Snyder
[2023-02-02T10:02:39.370+0000] {logging_mixin.py:137} INFO - Anna Lopez
[2023-02-02T10:02:39.372+0000] {logging_mixin.py:137} INFO - Charles Brown
[2023-02-02T10:02:39.374+0000] {logging_mixin.py:137} INFO - Barry Ross
[2023-02-02T10:02:39.375+0000] {logging_mixin.py:137} INFO - Emily Ramirez
[2023-02-02T10:02:39.377+0000] {logging_mixin.py:137} INFO - Anna Williams
[2023-02-02T10:02:39.379+0000] {logging_mixin.py:137} INFO - Kristin Pennington
[2023-02-02T10:02:39.381+0000] {logging_mixin.py:137} INFO - Mary Aguirre
[2023-02-02T10:02:39.382+0000] {logging_mixin.py:137} INFO - Austin Santos
[2023-02-02T10:02:39.384+0000] {logging_mixin.py:137} INFO - David Nelson
[2023-02-02T10:02:39.387+0000] {logging_mixin.py:137} INFO - Alyssa Mcbride
[2023-02-02T10:02:39.390+0000] {logging_mixin.py:137} INFO - Lisa Gibson
[2023-02-02T10:02:39.392+0000] {logging_mixin.py:137} INFO - Alexander Kelly
[2023-02-02T10:02:39.394+0000] {logging_mixin.py:137} INFO - Ronald Thomas
[2023-02-02T10:02:39.397+0000] {logging_mixin.py:137} INFO - Michael Hurst
[2023-02-02T10:02:39.399+0000] {logging_mixin.py:137} INFO - Lauren Ward
[2023-02-02T10:02:39.401+0000] {logging_mixin.py:137} INFO - Christian Terry
[2023-02-02T10:02:39.402+0000] {logging_mixin.py:137} INFO - Jared Black
[2023-02-02T10:02:39.404+0000] {logging_mixin.py:137} INFO - Anthony Brown
[2023-02-02T10:02:39.406+0000] {logging_mixin.py:137} INFO - John Cole
[2023-02-02T10:02:39.408+0000] {logging_mixin.py:137} INFO - David Lee
[2023-02-02T10:02:39.410+0000] {logging_mixin.py:137} INFO - Lori Thomas
[2023-02-02T10:02:39.411+0000] {logging_mixin.py:137} INFO - Daniel Herman
[2023-02-02T10:02:39.412+0000] {logging_mixin.py:137} INFO - Pam Williams
[2023-02-02T10:02:39.414+0000] {logging_mixin.py:137} INFO - Sarah Jenkins
[2023-02-02T10:02:39.416+0000] {logging_mixin.py:137} INFO - Susan Mitchell
[2023-02-02T10:02:39.417+0000] {logging_mixin.py:137} INFO - Jacqueline Green
[2023-02-02T10:02:39.418+0000] {logging_mixin.py:137} INFO - Victoria Garrison
[2023-02-02T10:02:39.420+0000] {logging_mixin.py:137} INFO - Jonathan Daniels
[2023-02-02T10:02:39.423+0000] {logging_mixin.py:137} INFO - Trevor Hansen
[2023-02-02T10:02:39.424+0000] {logging_mixin.py:137} INFO - Laurie Bowen
[2023-02-02T10:02:39.426+0000] {logging_mixin.py:137} INFO - James Cline
[2023-02-02T10:02:39.428+0000] {logging_mixin.py:137} INFO - Michael Rose
[2023-02-02T10:02:39.429+0000] {logging_mixin.py:137} INFO - Lawrence Juarez
[2023-02-02T10:02:39.431+0000] {logging_mixin.py:137} INFO - Lucas Caldwell
[2023-02-02T10:02:39.433+0000] {logging_mixin.py:137} INFO - Laura Jackson
[2023-02-02T10:02:39.439+0000] {logging_mixin.py:137} INFO - Sherri Thornton
[2023-02-02T10:02:39.440+0000] {logging_mixin.py:137} INFO - Alice Wilson
[2023-02-02T10:02:39.441+0000] {logging_mixin.py:137} INFO - Diane Williams
[2023-02-02T10:02:39.444+0000] {logging_mixin.py:137} INFO - Kara Martin
[2023-02-02T10:02:39.446+0000] {logging_mixin.py:137} INFO - Joseph Moore
[2023-02-02T10:02:39.448+0000] {logging_mixin.py:137} INFO - Jesse Moses
[2023-02-02T10:02:39.449+0000] {logging_mixin.py:137} INFO - Lisa Mccall
[2023-02-02T10:02:39.450+0000] {logging_mixin.py:137} INFO - Alexandra Mccoy
[2023-02-02T10:02:39.452+0000] {logging_mixin.py:137} INFO - Daniel Martin
[2023-02-02T10:02:39.455+0000] {logging_mixin.py:137} INFO - Claudia Peck
[2023-02-02T10:02:39.456+0000] {logging_mixin.py:137} INFO - Jessica Mcconnell
[2023-02-02T10:02:39.459+0000] {logging_mixin.py:137} INFO - Kevin Walker
[2023-02-02T10:02:39.460+0000] {logging_mixin.py:137} INFO - Christina Lee
[2023-02-02T10:02:39.463+0000] {logging_mixin.py:137} INFO - Christopher Schroeder
[2023-02-02T10:02:39.464+0000] {logging_mixin.py:137} INFO - Melissa Parker
[2023-02-02T10:02:39.466+0000] {logging_mixin.py:137} INFO - Janet Molina
[2023-02-02T10:02:39.468+0000] {logging_mixin.py:137} INFO - Barbara Harris
[2023-02-02T10:02:39.470+0000] {logging_mixin.py:137} INFO - Joseph Hurley
[2023-02-02T10:02:39.473+0000] {logging_mixin.py:137} INFO - Greg Hayden
[2023-02-02T10:02:39.475+0000] {logging_mixin.py:137} INFO - Edwin Adams
[2023-02-02T10:02:39.476+0000] {logging_mixin.py:137} INFO - Ashley Hunter
[2023-02-02T10:02:39.478+0000] {logging_mixin.py:137} INFO - Jennifer Tucker
[2023-02-02T10:02:39.480+0000] {logging_mixin.py:137} INFO - Eddie Gray
[2023-02-02T10:02:39.481+0000] {logging_mixin.py:137} INFO - Jennifer Evans
[2023-02-02T10:02:39.483+0000] {logging_mixin.py:137} INFO - Stephen Carey
[2023-02-02T10:02:39.484+0000] {logging_mixin.py:137} INFO - Samantha Campos
[2023-02-02T10:02:39.487+0000] {logging_mixin.py:137} INFO - Meagan Brown
[2023-02-02T10:02:39.488+0000] {logging_mixin.py:137} INFO - Miss Marisa Barber
[2023-02-02T10:02:39.490+0000] {logging_mixin.py:137} INFO - Jay Mann
[2023-02-02T10:02:39.492+0000] {logging_mixin.py:137} INFO - Matthew Campbell
[2023-02-02T10:02:39.494+0000] {logging_mixin.py:137} INFO - Brent Rodriguez
[2023-02-02T10:02:39.497+0000] {logging_mixin.py:137} INFO - Teresa Ross
[2023-02-02T10:02:39.500+0000] {logging_mixin.py:137} INFO - Mary Martinez
[2023-02-02T10:02:39.502+0000] {logging_mixin.py:137} INFO - Joseph Lewis
[2023-02-02T10:02:39.504+0000] {logging_mixin.py:137} INFO - Dale Davis
[2023-02-02T10:02:39.506+0000] {logging_mixin.py:137} INFO - Elizabeth Evans
[2023-02-02T10:02:39.507+0000] {logging_mixin.py:137} INFO - Shannon Wang
[2023-02-02T10:02:39.508+0000] {logging_mixin.py:137} INFO - Brandon Campbell
[2023-02-02T10:02:39.515+0000] {logging_mixin.py:137} INFO - Rhonda Pace
[2023-02-02T10:02:39.516+0000] {logging_mixin.py:137} INFO - Sarah Santos
[2023-02-02T10:02:39.518+0000] {logging_mixin.py:137} INFO - Jacob Ford
[2023-02-02T10:02:39.520+0000] {logging_mixin.py:137} INFO - Matthew Hansen
[2023-02-02T10:02:39.521+0000] {logging_mixin.py:137} INFO - Amy Ray
[2023-02-02T10:02:39.523+0000] {logging_mixin.py:137} INFO - Aaron Fields
[2023-02-02T10:02:39.524+0000] {logging_mixin.py:137} INFO - Mary Taylor
[2023-02-02T10:02:39.527+0000] {logging_mixin.py:137} INFO - James Morris
[2023-02-02T10:02:39.528+0000] {logging_mixin.py:137} INFO - Darrell Cain
[2023-02-02T10:02:39.530+0000] {logging_mixin.py:137} INFO - Michael Smith
[2023-02-02T10:02:39.532+0000] {logging_mixin.py:137} INFO - Scott Coleman
[2023-02-02T10:02:39.533+0000] {logging_mixin.py:137} INFO - David Fitzpatrick
[2023-02-02T10:02:39.537+0000] {logging_mixin.py:137} INFO - Debra Shepherd
[2023-02-02T10:02:39.539+0000] {logging_mixin.py:137} INFO - Paul Rush
[2023-02-02T10:02:39.541+0000] {logging_mixin.py:137} INFO - Brett Hernandez
[2023-02-02T10:02:39.543+0000] {logging_mixin.py:137} INFO - Sheila Riddle
[2023-02-02T10:02:39.545+0000] {logging_mixin.py:137} INFO - Joan Austin
[2023-02-02T10:02:39.548+0000] {logging_mixin.py:137} INFO - Michael Garcia
[2023-02-02T10:02:39.551+0000] {logging_mixin.py:137} INFO - Natalie Harris
[2023-02-02T10:02:39.553+0000] {logging_mixin.py:137} INFO - Steven Dean
[2023-02-02T10:02:39.554+0000] {logging_mixin.py:137} INFO - John Brown
[2023-02-02T10:02:39.557+0000] {logging_mixin.py:137} INFO - Keith Zimmerman
[2023-02-02T10:02:39.560+0000] {logging_mixin.py:137} INFO - Curtis Byrd
[2023-02-02T10:02:39.561+0000] {logging_mixin.py:137} INFO - Mariah Green
[2023-02-02T10:02:39.567+0000] {logging_mixin.py:137} INFO - Roger Huynh
[2023-02-02T10:02:39.571+0000] {logging_mixin.py:137} INFO - Christopher Zamora
[2023-02-02T10:02:39.573+0000] {logging_mixin.py:137} INFO - Joyce Crawford
[2023-02-02T10:02:39.577+0000] {logging_mixin.py:137} INFO - Angela Smith
[2023-02-02T10:02:39.580+0000] {logging_mixin.py:137} INFO - Veronica Robinson
[2023-02-02T10:02:39.584+0000] {logging_mixin.py:137} INFO - Christopher Bates
[2023-02-02T10:02:39.589+0000] {logging_mixin.py:137} INFO - Steve Stone
[2023-02-02T10:02:39.592+0000] {logging_mixin.py:137} INFO - William Cook
[2023-02-02T10:02:39.594+0000] {logging_mixin.py:137} INFO - Lori Wood
[2023-02-02T10:02:39.597+0000] {logging_mixin.py:137} INFO - Jillian Reynolds
[2023-02-02T10:02:39.599+0000] {logging_mixin.py:137} INFO - Angela Caldwell
[2023-02-02T10:02:39.601+0000] {logging_mixin.py:137} INFO - Shane Campbell
[2023-02-02T10:02:39.603+0000] {logging_mixin.py:137} INFO - Karen Lawrence
[2023-02-02T10:02:39.606+0000] {logging_mixin.py:137} INFO - Kimberly Wood
[2023-02-02T10:02:39.609+0000] {logging_mixin.py:137} INFO - Samantha Lopez
[2023-02-02T10:02:39.611+0000] {logging_mixin.py:137} INFO - Harold Miller
[2023-02-02T10:02:39.613+0000] {logging_mixin.py:137} INFO - Raymond Cooper DVM
[2023-02-02T10:02:39.617+0000] {logging_mixin.py:137} INFO - Kristen Patel
[2023-02-02T10:02:39.620+0000] {logging_mixin.py:137} INFO - Anthony Mejia
[2023-02-02T10:02:39.622+0000] {logging_mixin.py:137} INFO - Raymond Thomas
[2023-02-02T10:02:39.624+0000] {logging_mixin.py:137} INFO - Scott Young
[2023-02-02T10:02:39.626+0000] {logging_mixin.py:137} INFO - David Larson
[2023-02-02T10:02:39.628+0000] {logging_mixin.py:137} INFO - Jon Murray
[2023-02-02T10:02:39.630+0000] {logging_mixin.py:137} INFO - Stephen Taylor
[2023-02-02T10:02:39.632+0000] {logging_mixin.py:137} INFO - Jennifer Hernandez
[2023-02-02T10:02:39.634+0000] {logging_mixin.py:137} INFO - Stacy Smith
[2023-02-02T10:02:39.637+0000] {logging_mixin.py:137} INFO - Juan Owens
[2023-02-02T10:02:39.638+0000] {logging_mixin.py:137} INFO - Brian Adkins
[2023-02-02T10:02:39.642+0000] {logging_mixin.py:137} INFO - Jesse Wells
[2023-02-02T10:02:39.643+0000] {logging_mixin.py:137} INFO - Kyle Matthews
[2023-02-02T10:02:39.645+0000] {logging_mixin.py:137} INFO - Dustin Russell
[2023-02-02T10:02:39.647+0000] {logging_mixin.py:137} INFO - Richard White
[2023-02-02T10:02:39.648+0000] {logging_mixin.py:137} INFO - Brittany Nichols
[2023-02-02T10:02:39.651+0000] {logging_mixin.py:137} INFO - Colton Kelly
[2023-02-02T10:02:39.654+0000] {logging_mixin.py:137} INFO - William Perry
[2023-02-02T10:02:39.658+0000] {logging_mixin.py:137} INFO - Thomas Cummings
[2023-02-02T10:02:39.661+0000] {logging_mixin.py:137} INFO - Timothy Ballard
[2023-02-02T10:02:39.664+0000] {logging_mixin.py:137} INFO - Richard Washington
[2023-02-02T10:02:39.666+0000] {logging_mixin.py:137} INFO - Joshua Lam
[2023-02-02T10:02:39.668+0000] {logging_mixin.py:137} INFO - Grant Jackson
[2023-02-02T10:02:39.674+0000] {logging_mixin.py:137} INFO - Erin Baker
[2023-02-02T10:02:39.683+0000] {logging_mixin.py:137} INFO - Scott Flowers
[2023-02-02T10:02:39.686+0000] {logging_mixin.py:137} INFO - James Adams
[2023-02-02T10:02:39.688+0000] {logging_mixin.py:137} INFO - Heather Alvarado
[2023-02-02T10:02:39.693+0000] {logging_mixin.py:137} INFO - Jennifer Snow
[2023-02-02T10:02:39.695+0000] {logging_mixin.py:137} INFO - Mario Jackson
[2023-02-02T10:02:39.697+0000] {logging_mixin.py:137} INFO - Kevin Collins
[2023-02-02T10:02:39.700+0000] {logging_mixin.py:137} INFO - Danielle Garcia
[2023-02-02T10:02:39.702+0000] {logging_mixin.py:137} INFO - Brenda Jackson
[2023-02-02T10:02:39.704+0000] {logging_mixin.py:137} INFO - Ashley Parker
[2023-02-02T10:02:39.706+0000] {logging_mixin.py:137} INFO - Angela Hickman
[2023-02-02T10:02:39.708+0000] {logging_mixin.py:137} INFO - Carol Rodriguez
[2023-02-02T10:02:39.710+0000] {logging_mixin.py:137} INFO - Vernon Anderson
[2023-02-02T10:02:39.717+0000] {logging_mixin.py:137} INFO - Jesus Church
[2023-02-02T10:02:39.719+0000] {logging_mixin.py:137} INFO - Michelle Medina
[2023-02-02T10:02:39.723+0000] {logging_mixin.py:137} INFO - Nancy Bryant
[2023-02-02T10:02:39.726+0000] {logging_mixin.py:137} INFO - Jennifer Martinez
[2023-02-02T10:02:39.727+0000] {logging_mixin.py:137} INFO - Amy Dougherty
[2023-02-02T10:02:39.730+0000] {logging_mixin.py:137} INFO - Alexis Sanders
[2023-02-02T10:02:39.733+0000] {logging_mixin.py:137} INFO - Austin Salazar
[2023-02-02T10:02:39.735+0000] {logging_mixin.py:137} INFO - Amy Williams
[2023-02-02T10:02:39.737+0000] {logging_mixin.py:137} INFO - Richard Haynes
[2023-02-02T10:02:39.739+0000] {logging_mixin.py:137} INFO - Christine Stark
[2023-02-02T10:02:39.741+0000] {logging_mixin.py:137} INFO - Anita Medina
[2023-02-02T10:02:39.745+0000] {logging_mixin.py:137} INFO - Mr. Thomas Duran
[2023-02-02T10:02:39.747+0000] {logging_mixin.py:137} INFO - Mr. Russell Peterson
[2023-02-02T10:02:39.748+0000] {logging_mixin.py:137} INFO - Jack Richard
[2023-02-02T10:02:39.751+0000] {logging_mixin.py:137} INFO - Michelle Erickson
[2023-02-02T10:02:39.753+0000] {logging_mixin.py:137} INFO - Mitchell Williams
[2023-02-02T10:02:39.755+0000] {logging_mixin.py:137} INFO - Adrian Herrera
[2023-02-02T10:02:39.757+0000] {logging_mixin.py:137} INFO - Michael Brady
[2023-02-02T10:02:39.760+0000] {logging_mixin.py:137} INFO - Jamie Zhang
[2023-02-02T10:02:39.762+0000] {logging_mixin.py:137} INFO - Helen Brennan
[2023-02-02T10:02:39.764+0000] {logging_mixin.py:137} INFO - John Myers
[2023-02-02T10:02:39.765+0000] {logging_mixin.py:137} INFO - Patricia Nash
[2023-02-02T10:02:39.767+0000] {logging_mixin.py:137} INFO - Michael Johnson
[2023-02-02T10:02:39.769+0000] {logging_mixin.py:137} INFO - Anita Berger
[2023-02-02T10:02:39.771+0000] {logging_mixin.py:137} INFO - Jason Guerrero DVM
[2023-02-02T10:02:39.773+0000] {logging_mixin.py:137} INFO - Kimberly Davis
[2023-02-02T10:02:39.778+0000] {logging_mixin.py:137} INFO - Bryan Hansen
[2023-02-02T10:02:39.783+0000] {logging_mixin.py:137} INFO - Rebecca Obrien
[2023-02-02T10:02:39.789+0000] {logging_mixin.py:137} INFO - Sarah Santiago
[2023-02-02T10:02:39.791+0000] {logging_mixin.py:137} INFO - Christine Lane
[2023-02-02T10:02:39.793+0000] {logging_mixin.py:137} INFO - Jerry Lewis
[2023-02-02T10:02:39.795+0000] {logging_mixin.py:137} INFO - Stephanie Miller
[2023-02-02T10:02:39.796+0000] {logging_mixin.py:137} INFO - Kristi Bradley
[2023-02-02T10:02:39.798+0000] {logging_mixin.py:137} INFO - Darren Moore
[2023-02-02T10:02:39.800+0000] {logging_mixin.py:137} INFO - Kristina Cunningham
[2023-02-02T10:02:39.803+0000] {logging_mixin.py:137} INFO - Laurie Moore
[2023-02-02T10:02:39.806+0000] {logging_mixin.py:137} INFO - Aaron Lewis
[2023-02-02T10:02:39.808+0000] {logging_mixin.py:137} INFO - Theresa Vang
[2023-02-02T10:02:39.810+0000] {logging_mixin.py:137} INFO - Chase Reese
[2023-02-02T10:02:39.811+0000] {logging_mixin.py:137} INFO - Matthew Ferguson
[2023-02-02T10:02:39.813+0000] {logging_mixin.py:137} INFO - Victoria Lewis
[2023-02-02T10:02:39.817+0000] {logging_mixin.py:137} INFO - Jon Scott
[2023-02-02T10:02:39.821+0000] {logging_mixin.py:137} INFO - Lisa Campbell
[2023-02-02T10:02:39.823+0000] {logging_mixin.py:137} INFO - David Ramirez
[2023-02-02T10:02:39.827+0000] {logging_mixin.py:137} INFO - Gabriel Rosario
[2023-02-02T10:02:39.832+0000] {logging_mixin.py:137} INFO - Kristi Johnson
[2023-02-02T10:02:39.834+0000] {logging_mixin.py:137} INFO - Jennifer Schwartz
[2023-02-02T10:02:39.836+0000] {logging_mixin.py:137} INFO - Daniel Norton
[2023-02-02T10:02:39.838+0000] {logging_mixin.py:137} INFO - Richard Montoya
[2023-02-02T10:02:39.841+0000] {logging_mixin.py:137} INFO - Daniel Norris
[2023-02-02T10:02:39.843+0000] {logging_mixin.py:137} INFO - Chad Taylor
[2023-02-02T10:02:39.845+0000] {logging_mixin.py:137} INFO - Angie Allen
[2023-02-02T10:02:39.847+0000] {logging_mixin.py:137} INFO - Michael Brooks
[2023-02-02T10:02:39.849+0000] {logging_mixin.py:137} INFO - Hannah Poole
[2023-02-02T10:02:39.850+0000] {logging_mixin.py:137} INFO - Caitlin Ray
[2023-02-02T10:02:39.853+0000] {logging_mixin.py:137} INFO - Mr. Steven Gardner
[2023-02-02T10:02:39.856+0000] {logging_mixin.py:137} INFO - Jennifer Macdonald
[2023-02-02T10:02:39.858+0000] {logging_mixin.py:137} INFO - Vanessa Small
[2023-02-02T10:02:39.860+0000] {logging_mixin.py:137} INFO - Dennis Gray
[2023-02-02T10:02:39.863+0000] {logging_mixin.py:137} INFO - Sandra Kirk
[2023-02-02T10:02:39.864+0000] {logging_mixin.py:137} INFO - Jason Wagner
[2023-02-02T10:02:39.866+0000] {logging_mixin.py:137} INFO - David Owen
[2023-02-02T10:02:39.869+0000] {logging_mixin.py:137} INFO - Rose Terrell
[2023-02-02T10:02:39.870+0000] {logging_mixin.py:137} INFO - James Green MD
[2023-02-02T10:02:39.872+0000] {logging_mixin.py:137} INFO - Tammy Patel
[2023-02-02T10:02:39.875+0000] {logging_mixin.py:137} INFO - Joseph Lucero
[2023-02-02T10:02:39.876+0000] {logging_mixin.py:137} INFO - Stephanie Rojas
[2023-02-02T10:02:39.878+0000] {logging_mixin.py:137} INFO - Brittany Johnson
[2023-02-02T10:02:39.880+0000] {logging_mixin.py:137} INFO - Christina Cummings
[2023-02-02T10:02:39.882+0000] {logging_mixin.py:137} INFO - Eric Downs
[2023-02-02T10:02:39.884+0000] {logging_mixin.py:137} INFO - Paul Finley
[2023-02-02T10:02:39.886+0000] {logging_mixin.py:137} INFO - Danielle Jackson
[2023-02-02T10:02:39.889+0000] {logging_mixin.py:137} INFO - Anna Johnston
[2023-02-02T10:02:39.891+0000] {logging_mixin.py:137} INFO - Ashlee Hodges
[2023-02-02T10:02:39.893+0000] {logging_mixin.py:137} INFO - Thomas Francis
[2023-02-02T10:02:39.894+0000] {logging_mixin.py:137} INFO - Cody Baird
[2023-02-02T10:02:39.896+0000] {logging_mixin.py:137} INFO - Jeffrey Walter
[2023-02-02T10:02:39.897+0000] {logging_mixin.py:137} INFO - Hannah West
[2023-02-02T10:02:39.899+0000] {logging_mixin.py:137} INFO - Anthony Byrd
[2023-02-02T10:02:39.901+0000] {logging_mixin.py:137} INFO - Julie Ramirez
[2023-02-02T10:02:39.902+0000] {logging_mixin.py:137} INFO - Seth Peters
[2023-02-02T10:02:39.904+0000] {logging_mixin.py:137} INFO - Keith Salas
[2023-02-02T10:02:39.905+0000] {logging_mixin.py:137} INFO - Kathryn Evans
[2023-02-02T10:02:39.906+0000] {logging_mixin.py:137} INFO - Dr. Maria Scott
[2023-02-02T10:02:39.908+0000] {logging_mixin.py:137} INFO - Brenda Thomas
[2023-02-02T10:02:39.909+0000] {logging_mixin.py:137} INFO - Travis Douglas
[2023-02-02T10:02:39.911+0000] {logging_mixin.py:137} INFO - Kurt Santos
[2023-02-02T10:02:39.912+0000] {logging_mixin.py:137} INFO - Sean Parrish
[2023-02-02T10:02:39.914+0000] {logging_mixin.py:137} INFO - Brittany Walls
[2023-02-02T10:02:39.915+0000] {logging_mixin.py:137} INFO - Gail Brooks
[2023-02-02T10:02:39.917+0000] {logging_mixin.py:137} INFO - Valerie Johnson
[2023-02-02T10:02:39.919+0000] {logging_mixin.py:137} INFO - Jessica Dunn
[2023-02-02T10:02:39.920+0000] {logging_mixin.py:137} INFO - Chad Robinson
[2023-02-02T10:02:39.921+0000] {logging_mixin.py:137} INFO - Catherine Combs
[2023-02-02T10:02:39.925+0000] {logging_mixin.py:137} INFO - Joshua Boyd
[2023-02-02T10:02:39.929+0000] {logging_mixin.py:137} INFO - Alicia Barnett DVM
[2023-02-02T10:02:39.931+0000] {logging_mixin.py:137} INFO - Kevin Cervantes
[2023-02-02T10:02:39.933+0000] {logging_mixin.py:137} INFO - Larry Lester
[2023-02-02T10:02:39.935+0000] {logging_mixin.py:137} INFO - Deanna Espinoza
[2023-02-02T10:02:39.937+0000] {logging_mixin.py:137} INFO - Marilyn Davis
[2023-02-02T10:02:39.938+0000] {logging_mixin.py:137} INFO - Michael Weeks
[2023-02-02T10:02:39.940+0000] {logging_mixin.py:137} INFO - Brandon Stanton
[2023-02-02T10:02:39.942+0000] {logging_mixin.py:137} INFO - Ryan Boyer Jr.
[2023-02-02T10:02:39.943+0000] {logging_mixin.py:137} INFO - Amanda Elliott
[2023-02-02T10:02:39.945+0000] {logging_mixin.py:137} INFO - David Moore
[2023-02-02T10:02:39.947+0000] {logging_mixin.py:137} INFO - Andre Williams
[2023-02-02T10:02:39.949+0000] {logging_mixin.py:137} INFO - Jennifer Garcia
[2023-02-02T10:02:39.953+0000] {logging_mixin.py:137} INFO - Tracey Cook
[2023-02-02T10:02:39.955+0000] {logging_mixin.py:137} INFO - Michael Turner
[2023-02-02T10:02:39.957+0000] {logging_mixin.py:137} INFO - Diana Long
[2023-02-02T10:02:39.958+0000] {logging_mixin.py:137} INFO - John Bradley
[2023-02-02T10:02:39.960+0000] {logging_mixin.py:137} INFO - Ann Benjamin
[2023-02-02T10:02:39.961+0000] {logging_mixin.py:137} INFO - Shane House
[2023-02-02T10:02:39.963+0000] {logging_mixin.py:137} INFO - Erin Lee
[2023-02-02T10:02:39.966+0000] {logging_mixin.py:137} INFO - Joseph Gray
[2023-02-02T10:02:39.967+0000] {logging_mixin.py:137} INFO - Betty Gibson
[2023-02-02T10:02:39.969+0000] {logging_mixin.py:137} INFO - Kristen Graham
[2023-02-02T10:02:39.971+0000] {logging_mixin.py:137} INFO - Daniel Meza
[2023-02-02T10:02:39.973+0000] {logging_mixin.py:137} INFO - Sherri Carpenter
[2023-02-02T10:02:39.975+0000] {logging_mixin.py:137} INFO - Andrea Sanchez
[2023-02-02T10:02:39.977+0000] {logging_mixin.py:137} INFO - Jordan Rios
[2023-02-02T10:02:39.978+0000] {logging_mixin.py:137} INFO - Elizabeth Jackson
[2023-02-02T10:02:39.979+0000] {logging_mixin.py:137} INFO - Elizabeth Myers
[2023-02-02T10:02:39.980+0000] {logging_mixin.py:137} INFO - Juan Barnes
[2023-02-02T10:02:39.982+0000] {logging_mixin.py:137} INFO - Christopher Lozano
[2023-02-02T10:02:39.984+0000] {logging_mixin.py:137} INFO - Jacqueline Griffin
[2023-02-02T10:02:39.986+0000] {logging_mixin.py:137} INFO - Ryan Mason
[2023-02-02T10:02:39.987+0000] {logging_mixin.py:137} INFO - Jonathan Moore
[2023-02-02T10:02:39.989+0000] {logging_mixin.py:137} INFO - Abigail Landry
[2023-02-02T10:02:39.990+0000] {logging_mixin.py:137} INFO - Brenda Hernandez
[2023-02-02T10:02:39.992+0000] {logging_mixin.py:137} INFO - Zachary Pitts
[2023-02-02T10:02:39.994+0000] {logging_mixin.py:137} INFO - Amanda Rogers
[2023-02-02T10:02:39.995+0000] {logging_mixin.py:137} INFO - Cynthia Gray
[2023-02-02T10:02:39.997+0000] {logging_mixin.py:137} INFO - Tyler Barajas
[2023-02-02T10:02:40.000+0000] {logging_mixin.py:137} INFO - Michelle Leon
[2023-02-02T10:02:40.002+0000] {logging_mixin.py:137} INFO - Kathy Lang
[2023-02-02T10:02:40.004+0000] {logging_mixin.py:137} INFO - Scott Townsend MD
[2023-02-02T10:02:40.005+0000] {logging_mixin.py:137} INFO - Theresa Acosta
[2023-02-02T10:02:40.007+0000] {logging_mixin.py:137} INFO - David Jones
[2023-02-02T10:02:40.011+0000] {logging_mixin.py:137} INFO - Jeremy Robinson
[2023-02-02T10:02:40.012+0000] {logging_mixin.py:137} INFO - James Newton
[2023-02-02T10:02:40.014+0000] {logging_mixin.py:137} INFO - Tracey Wells
[2023-02-02T10:02:40.017+0000] {logging_mixin.py:137} INFO - Maria Nelson
[2023-02-02T10:02:40.018+0000] {logging_mixin.py:137} INFO - Christopher Griffith
[2023-02-02T10:02:40.020+0000] {logging_mixin.py:137} INFO - Zachary Griffin
[2023-02-02T10:02:40.021+0000] {logging_mixin.py:137} INFO - Amy Nguyen
[2023-02-02T10:02:40.023+0000] {logging_mixin.py:137} INFO - April Williams
[2023-02-02T10:02:40.024+0000] {logging_mixin.py:137} INFO - Marissa Kelly
[2023-02-02T10:02:40.025+0000] {logging_mixin.py:137} INFO - Brian Lopez PhD
[2023-02-02T10:02:40.028+0000] {logging_mixin.py:137} INFO - William Williams
[2023-02-02T10:02:40.029+0000] {logging_mixin.py:137} INFO - Norman Brown
[2023-02-02T10:02:40.031+0000] {logging_mixin.py:137} INFO - Charles Fuentes
[2023-02-02T10:02:40.032+0000] {logging_mixin.py:137} INFO - Anthony Chang
[2023-02-02T10:02:40.034+0000] {logging_mixin.py:137} INFO - Mary Bell
[2023-02-02T10:02:40.035+0000] {logging_mixin.py:137} INFO - Elizabeth Stuart
[2023-02-02T10:02:40.036+0000] {logging_mixin.py:137} INFO - Mary Mcdonald
[2023-02-02T10:02:40.037+0000] {logging_mixin.py:137} INFO - Martin Harrison
[2023-02-02T10:02:40.038+0000] {logging_mixin.py:137} INFO - Stephanie Fernandez
[2023-02-02T10:02:40.039+0000] {logging_mixin.py:137} INFO - Christopher Brown
[2023-02-02T10:02:40.040+0000] {logging_mixin.py:137} INFO - Alexander Stephenson
[2023-02-02T10:02:40.042+0000] {logging_mixin.py:137} INFO - Grace Diaz
[2023-02-02T10:02:40.043+0000] {logging_mixin.py:137} INFO - Frank Bartlett
[2023-02-02T10:02:40.044+0000] {logging_mixin.py:137} INFO - Audrey Andersen
[2023-02-02T10:02:40.045+0000] {logging_mixin.py:137} INFO - David Green
[2023-02-02T10:02:40.046+0000] {logging_mixin.py:137} INFO - Joshua Diaz Jr.
[2023-02-02T10:02:40.047+0000] {logging_mixin.py:137} INFO - Emily Garcia
[2023-02-02T10:02:40.048+0000] {logging_mixin.py:137} INFO - Devin Hall
[2023-02-02T10:02:40.049+0000] {logging_mixin.py:137} INFO - Phillip Garner
[2023-02-02T10:02:40.051+0000] {logging_mixin.py:137} INFO - Katherine Estrada
[2023-02-02T10:02:40.052+0000] {logging_mixin.py:137} INFO - Corey Saunders
[2023-02-02T10:02:40.053+0000] {logging_mixin.py:137} INFO - Kimberly Collins
[2023-02-02T10:02:40.054+0000] {logging_mixin.py:137} INFO - Amy Elliott
[2023-02-02T10:02:40.055+0000] {logging_mixin.py:137} INFO - Tanya Jones
[2023-02-02T10:02:40.056+0000] {logging_mixin.py:137} INFO - Patricia Gonzalez
[2023-02-02T10:02:40.057+0000] {logging_mixin.py:137} INFO - Jennifer Hill
[2023-02-02T10:02:40.058+0000] {logging_mixin.py:137} INFO - John Haynes
[2023-02-02T10:02:40.059+0000] {logging_mixin.py:137} INFO - Jacob Henry
[2023-02-02T10:02:40.060+0000] {logging_mixin.py:137} INFO - Daniel Clark
[2023-02-02T10:02:40.061+0000] {logging_mixin.py:137} INFO - Jonathon Taylor
[2023-02-02T10:02:40.062+0000] {logging_mixin.py:137} INFO - Jesse Evans
[2023-02-02T10:02:40.063+0000] {logging_mixin.py:137} INFO - James Martinez
[2023-02-02T10:02:40.064+0000] {logging_mixin.py:137} INFO - Kyle Reyes
[2023-02-02T10:02:40.065+0000] {logging_mixin.py:137} INFO - Terrence Barker
[2023-02-02T10:02:40.066+0000] {logging_mixin.py:137} INFO - Anthony Washington
[2023-02-02T10:02:40.067+0000] {logging_mixin.py:137} INFO - Dustin Le
[2023-02-02T10:02:40.068+0000] {logging_mixin.py:137} INFO - Bruce Clark
[2023-02-02T10:02:40.069+0000] {logging_mixin.py:137} INFO - Keith Anthony
[2023-02-02T10:02:40.070+0000] {logging_mixin.py:137} INFO - Jeremiah Stone
[2023-02-02T10:02:40.071+0000] {logging_mixin.py:137} INFO - Michael Haley
[2023-02-02T10:02:40.071+0000] {logging_mixin.py:137} INFO - Regina Carrillo
[2023-02-02T10:02:40.072+0000] {logging_mixin.py:137} INFO - Jacob Lee
[2023-02-02T10:02:40.073+0000] {logging_mixin.py:137} INFO - Thomas Gonzalez
[2023-02-02T10:02:40.074+0000] {logging_mixin.py:137} INFO - Mark Lawrence
[2023-02-02T10:02:40.075+0000] {logging_mixin.py:137} INFO - Matthew Anderson
[2023-02-02T10:02:40.076+0000] {logging_mixin.py:137} INFO - Nicholas Young
[2023-02-02T10:02:40.077+0000] {logging_mixin.py:137} INFO - Melvin Martinez
[2023-02-02T10:02:40.078+0000] {logging_mixin.py:137} INFO - Scott Green
[2023-02-02T10:02:40.079+0000] {logging_mixin.py:137} INFO - Dana Richards
[2023-02-02T10:02:40.080+0000] {logging_mixin.py:137} INFO - Lauren Moore
[2023-02-02T10:02:40.081+0000] {logging_mixin.py:137} INFO - Terry Campbell
[2023-02-02T10:02:40.082+0000] {logging_mixin.py:137} INFO - Ralph Jordan
[2023-02-02T10:02:40.083+0000] {logging_mixin.py:137} INFO - Noah Reyes
[2023-02-02T10:02:40.084+0000] {logging_mixin.py:137} INFO - Mr. Gregory Mills MD
[2023-02-02T10:02:40.085+0000] {logging_mixin.py:137} INFO - Michelle Yates
[2023-02-02T10:02:40.086+0000] {logging_mixin.py:137} INFO - Robin Reyes
[2023-02-02T10:02:40.087+0000] {logging_mixin.py:137} INFO - Rebecca Smith
[2023-02-02T10:02:40.088+0000] {logging_mixin.py:137} INFO - Nicole Torres
[2023-02-02T10:02:40.089+0000] {logging_mixin.py:137} INFO - Ronald Jones
[2023-02-02T10:02:40.090+0000] {logging_mixin.py:137} INFO - Michael Castaneda
[2023-02-02T10:02:40.092+0000] {logging_mixin.py:137} INFO - Christopher Krueger
[2023-02-02T10:02:40.093+0000] {logging_mixin.py:137} INFO - Jennifer Werner
[2023-02-02T10:02:40.094+0000] {logging_mixin.py:137} INFO - Ashley Smith
[2023-02-02T10:02:40.095+0000] {logging_mixin.py:137} INFO - Alyssa Fields
[2023-02-02T10:02:40.096+0000] {logging_mixin.py:137} INFO - John Scott
[2023-02-02T10:02:40.097+0000] {logging_mixin.py:137} INFO - Debra Delacruz
[2023-02-02T10:02:40.098+0000] {logging_mixin.py:137} INFO - James Madden
[2023-02-02T10:02:40.099+0000] {logging_mixin.py:137} INFO - Joseph Gentry
[2023-02-02T10:02:40.100+0000] {logging_mixin.py:137} INFO - Ashley Cabrera
[2023-02-02T10:02:40.101+0000] {logging_mixin.py:137} INFO - Jennifer Fernandez
[2023-02-02T10:02:40.102+0000] {logging_mixin.py:137} INFO - James Harris
[2023-02-02T10:02:40.102+0000] {logging_mixin.py:137} INFO - Candice Young
[2023-02-02T10:02:40.103+0000] {logging_mixin.py:137} INFO - Lisa Baker
[2023-02-02T10:02:40.105+0000] {logging_mixin.py:137} INFO - Brian Mills DDS
[2023-02-02T10:02:40.106+0000] {logging_mixin.py:137} INFO - Kristin Smith
[2023-02-02T10:02:40.107+0000] {logging_mixin.py:137} INFO - Jacob Collins
[2023-02-02T10:02:40.108+0000] {logging_mixin.py:137} INFO - Kimberly Harris
[2023-02-02T10:02:40.109+0000] {logging_mixin.py:137} INFO - Michael Hull
[2023-02-02T10:02:40.110+0000] {logging_mixin.py:137} INFO - Caitlin Todd
[2023-02-02T10:02:40.111+0000] {logging_mixin.py:137} INFO - Lisa Harris
[2023-02-02T10:02:40.112+0000] {logging_mixin.py:137} INFO - Mrs. Ann Stone
[2023-02-02T10:02:40.113+0000] {logging_mixin.py:137} INFO - Michelle Case
[2023-02-02T10:02:40.114+0000] {logging_mixin.py:137} INFO - Joe Lowe
[2023-02-02T10:02:40.115+0000] {logging_mixin.py:137} INFO - Randall Dunn
[2023-02-02T10:02:40.117+0000] {logging_mixin.py:137} INFO - Paula Vargas
[2023-02-02T10:02:40.118+0000] {logging_mixin.py:137} INFO - Daniel Walker
[2023-02-02T10:02:40.119+0000] {logging_mixin.py:137} INFO - James Jackson
[2023-02-02T10:02:40.120+0000] {logging_mixin.py:137} INFO - Shirley Woodard
[2023-02-02T10:02:40.121+0000] {logging_mixin.py:137} INFO - James Hayes
[2023-02-02T10:02:40.122+0000] {logging_mixin.py:137} INFO - Megan Austin
[2023-02-02T10:02:40.123+0000] {logging_mixin.py:137} INFO - Erin Robertson
[2023-02-02T10:02:40.123+0000] {logging_mixin.py:137} INFO - Robert Phillips
[2023-02-02T10:02:40.124+0000] {logging_mixin.py:137} INFO - Amy Torres
[2023-02-02T10:02:40.125+0000] {logging_mixin.py:137} INFO - Joshua Cox
[2023-02-02T10:02:40.126+0000] {logging_mixin.py:137} INFO - Duane Grimes
[2023-02-02T10:02:40.128+0000] {logging_mixin.py:137} INFO - Jennifer Burgess
[2023-02-02T10:02:40.130+0000] {logging_mixin.py:137} INFO - Carlos Duran
[2023-02-02T10:02:40.131+0000] {logging_mixin.py:137} INFO - Jason Johnson
[2023-02-02T10:02:40.132+0000] {logging_mixin.py:137} INFO - Cameron Greer
[2023-02-02T10:02:40.133+0000] {logging_mixin.py:137} INFO - Randall Williams
[2023-02-02T10:02:40.134+0000] {logging_mixin.py:137} INFO - Jessica Harris
[2023-02-02T10:02:40.135+0000] {logging_mixin.py:137} INFO - Joshua Rogers
[2023-02-02T10:02:40.136+0000] {logging_mixin.py:137} INFO - Jose Mahoney
[2023-02-02T10:02:40.137+0000] {logging_mixin.py:137} INFO - Brandy Fuentes
[2023-02-02T10:02:40.138+0000] {logging_mixin.py:137} INFO - Angelica Matthews
[2023-02-02T10:02:40.139+0000] {logging_mixin.py:137} INFO - Glenn Caldwell
[2023-02-02T10:02:40.140+0000] {logging_mixin.py:137} INFO - Cristian Delacruz
[2023-02-02T10:02:40.141+0000] {logging_mixin.py:137} INFO - Alexandra Price
[2023-02-02T10:02:40.142+0000] {logging_mixin.py:137} INFO - Heather Wilson
[2023-02-02T10:02:40.143+0000] {logging_mixin.py:137} INFO - Shawn Thompson
[2023-02-02T10:02:40.144+0000] {logging_mixin.py:137} INFO - Anna Daniel
[2023-02-02T10:02:40.145+0000] {logging_mixin.py:137} INFO - Joseph Cisneros
[2023-02-02T10:02:40.146+0000] {logging_mixin.py:137} INFO - Rebecca Estes
[2023-02-02T10:02:40.147+0000] {logging_mixin.py:137} INFO - Jeremy Porter
[2023-02-02T10:02:40.148+0000] {logging_mixin.py:137} INFO - Lisa Mann
[2023-02-02T10:02:40.149+0000] {logging_mixin.py:137} INFO - Michael Woods
[2023-02-02T10:02:40.150+0000] {logging_mixin.py:137} INFO - Madison Thompson
[2023-02-02T10:02:40.151+0000] {logging_mixin.py:137} INFO - Nancy Gomez
[2023-02-02T10:02:40.152+0000] {logging_mixin.py:137} INFO - Julie Blanchard
[2023-02-02T10:02:40.153+0000] {logging_mixin.py:137} INFO - Michael Smith
[2023-02-02T10:02:40.154+0000] {logging_mixin.py:137} INFO - Angel Huber
[2023-02-02T10:02:40.155+0000] {logging_mixin.py:137} INFO - Michael Coffey
[2023-02-02T10:02:40.156+0000] {logging_mixin.py:137} INFO - Patrick Walter
[2023-02-02T10:02:40.157+0000] {logging_mixin.py:137} INFO - Curtis Davis
[2023-02-02T10:02:40.158+0000] {logging_mixin.py:137} INFO - Kyle Stewart
[2023-02-02T10:02:40.159+0000] {logging_mixin.py:137} INFO - Angela Jimenez
[2023-02-02T10:02:40.160+0000] {logging_mixin.py:137} INFO - Andrew Martinez
[2023-02-02T10:02:40.161+0000] {logging_mixin.py:137} INFO - Angela West
[2023-02-02T10:02:40.162+0000] {logging_mixin.py:137} INFO - Ryan Young
[2023-02-02T10:02:40.164+0000] {logging_mixin.py:137} INFO - Nathaniel Evans
[2023-02-02T10:02:40.164+0000] {logging_mixin.py:137} INFO - Dawn Bryant
[2023-02-02T10:02:40.165+0000] {logging_mixin.py:137} INFO - Danielle Lewis
[2023-02-02T10:02:40.166+0000] {logging_mixin.py:137} INFO - Matthew Newman
[2023-02-02T10:02:40.167+0000] {logging_mixin.py:137} INFO - Robert Smith
[2023-02-02T10:02:40.168+0000] {logging_mixin.py:137} INFO - Melissa Hicks
[2023-02-02T10:02:40.169+0000] {logging_mixin.py:137} INFO - Emily Lambert
[2023-02-02T10:02:40.170+0000] {logging_mixin.py:137} INFO - Krystal Wolfe
[2023-02-02T10:02:40.171+0000] {logging_mixin.py:137} INFO - Donna Murillo
[2023-02-02T10:02:40.171+0000] {logging_mixin.py:137} INFO - Carl Hudson
[2023-02-02T10:02:40.172+0000] {logging_mixin.py:137} INFO - Robert Wilson
[2023-02-02T10:02:40.173+0000] {logging_mixin.py:137} INFO - Patrick Mathis
[2023-02-02T10:02:40.174+0000] {logging_mixin.py:137} INFO - Michael Suarez
[2023-02-02T10:02:40.176+0000] {logging_mixin.py:137} INFO - David Johnson
[2023-02-02T10:02:40.177+0000] {logging_mixin.py:137} INFO - William Thompson
[2023-02-02T10:02:40.178+0000] {logging_mixin.py:137} INFO - Jessica Hansen DVM
[2023-02-02T10:02:40.179+0000] {logging_mixin.py:137} INFO - Katherine Friedman
[2023-02-02T10:02:40.180+0000] {logging_mixin.py:137} INFO - Jillian Johnson
[2023-02-02T10:02:40.181+0000] {logging_mixin.py:137} INFO - Robert Mckee
[2023-02-02T10:02:40.182+0000] {logging_mixin.py:137} INFO - Rachel Little
[2023-02-02T10:02:40.183+0000] {logging_mixin.py:137} INFO - Patricia Smith
[2023-02-02T10:02:40.184+0000] {logging_mixin.py:137} INFO - Heidi Martinez
[2023-02-02T10:02:40.185+0000] {logging_mixin.py:137} INFO - Caitlin Solomon
[2023-02-02T10:02:40.186+0000] {logging_mixin.py:137} INFO - Dr. Olivia Pugh
[2023-02-02T10:02:40.187+0000] {logging_mixin.py:137} INFO - John Steele DDS
[2023-02-02T10:02:40.188+0000] {logging_mixin.py:137} INFO - Jeremy Mathews
[2023-02-02T10:02:40.189+0000] {logging_mixin.py:137} INFO - Tiffany Hill
[2023-02-02T10:02:40.190+0000] {logging_mixin.py:137} INFO - Steven Edwards
[2023-02-02T10:02:40.191+0000] {logging_mixin.py:137} INFO - Charles Campbell
[2023-02-02T10:02:40.192+0000] {logging_mixin.py:137} INFO - Brett Hughes
[2023-02-02T10:02:40.193+0000] {logging_mixin.py:137} INFO - Christina Villegas
[2023-02-02T10:02:40.194+0000] {logging_mixin.py:137} INFO - Anthony Garcia
[2023-02-02T10:02:40.195+0000] {logging_mixin.py:137} INFO - Nathan Murphy
[2023-02-02T10:02:40.196+0000] {logging_mixin.py:137} INFO - Steven Dodson
[2023-02-02T10:02:40.197+0000] {logging_mixin.py:137} INFO - Brian Sullivan
[2023-02-02T10:02:40.198+0000] {logging_mixin.py:137} INFO - Renee White
[2023-02-02T10:02:40.199+0000] {logging_mixin.py:137} INFO - Laura Rowland
[2023-02-02T10:02:40.200+0000] {logging_mixin.py:137} INFO - John Moore
[2023-02-02T10:02:40.201+0000] {logging_mixin.py:137} INFO - Sophia Mckenzie
[2023-02-02T10:02:40.202+0000] {logging_mixin.py:137} INFO - David Roach
[2023-02-02T10:02:40.203+0000] {logging_mixin.py:137} INFO - Jennifer Patterson
[2023-02-02T10:02:40.203+0000] {logging_mixin.py:137} INFO - James Richards
[2023-02-02T10:02:40.204+0000] {logging_mixin.py:137} INFO - Mary Johnston
[2023-02-02T10:02:40.205+0000] {logging_mixin.py:137} INFO - Brandon Mcdaniel
[2023-02-02T10:02:40.206+0000] {logging_mixin.py:137} INFO - Meghan Stevenson
[2023-02-02T10:02:40.207+0000] {logging_mixin.py:137} INFO - Luis Hayes
[2023-02-02T10:02:40.208+0000] {logging_mixin.py:137} INFO - Alejandra Sloan
[2023-02-02T10:02:40.209+0000] {logging_mixin.py:137} INFO - Dr. Sandra Miller
[2023-02-02T10:02:40.210+0000] {logging_mixin.py:137} INFO - Dustin Bond
[2023-02-02T10:02:40.211+0000] {logging_mixin.py:137} INFO - Julia Patrick MD
[2023-02-02T10:02:40.211+0000] {logging_mixin.py:137} INFO - Jill Campbell
[2023-02-02T10:02:40.213+0000] {logging_mixin.py:137} INFO - Mark Ford
[2023-02-02T10:02:40.214+0000] {logging_mixin.py:137} INFO - Brian Long
[2023-02-02T10:02:40.216+0000] {logging_mixin.py:137} INFO - Lisa Peterson
[2023-02-02T10:02:40.217+0000] {logging_mixin.py:137} INFO - Matthew Lee
[2023-02-02T10:02:40.218+0000] {logging_mixin.py:137} INFO - Bradley Miller
[2023-02-02T10:02:40.219+0000] {logging_mixin.py:137} INFO - Jeffrey Moss
[2023-02-02T10:02:40.220+0000] {logging_mixin.py:137} INFO - Sara Carlson
[2023-02-02T10:02:40.220+0000] {logging_mixin.py:137} INFO - Daniel Rodriguez
[2023-02-02T10:02:40.221+0000] {logging_mixin.py:137} INFO - Jeremy David
[2023-02-02T10:02:40.223+0000] {logging_mixin.py:137} INFO - Eric Green
[2023-02-02T10:02:40.224+0000] {logging_mixin.py:137} INFO - Alexis Jones
[2023-02-02T10:02:40.225+0000] {logging_mixin.py:137} INFO - Matthew Rose
[2023-02-02T10:02:40.227+0000] {logging_mixin.py:137} INFO - Catherine Anderson
[2023-02-02T10:02:40.227+0000] {logging_mixin.py:137} INFO - Holly Burton
[2023-02-02T10:02:40.228+0000] {logging_mixin.py:137} INFO - David Matthews
[2023-02-02T10:02:40.229+0000] {logging_mixin.py:137} INFO - Mrs. Kara Little
[2023-02-02T10:02:40.231+0000] {logging_mixin.py:137} INFO - Jeffrey Stanley
[2023-02-02T10:02:40.232+0000] {logging_mixin.py:137} INFO - James Ochoa
[2023-02-02T10:02:40.234+0000] {logging_mixin.py:137} INFO - Jason Frye
[2023-02-02T10:02:40.235+0000] {logging_mixin.py:137} INFO - Christopher Ellis
[2023-02-02T10:02:40.237+0000] {logging_mixin.py:137} INFO - Michelle Nixon
[2023-02-02T10:02:40.238+0000] {logging_mixin.py:137} INFO - Andrew Gill
[2023-02-02T10:02:40.239+0000] {logging_mixin.py:137} INFO - Jennifer Wilson
[2023-02-02T10:02:40.240+0000] {logging_mixin.py:137} INFO - Shawn Black
[2023-02-02T10:02:40.242+0000] {logging_mixin.py:137} INFO - April Patterson
[2023-02-02T10:02:40.243+0000] {logging_mixin.py:137} INFO - Troy Vaughn
[2023-02-02T10:02:40.244+0000] {logging_mixin.py:137} INFO - Alexandria White
[2023-02-02T10:02:40.245+0000] {logging_mixin.py:137} INFO - Scott Phillips
[2023-02-02T10:02:40.246+0000] {logging_mixin.py:137} INFO - Zachary Cisneros
[2023-02-02T10:02:40.247+0000] {logging_mixin.py:137} INFO - Deborah Brown
[2023-02-02T10:02:40.248+0000] {logging_mixin.py:137} INFO - Monica Moses
[2023-02-02T10:02:40.249+0000] {logging_mixin.py:137} INFO - Brenda Reyes
[2023-02-02T10:02:40.250+0000] {logging_mixin.py:137} INFO - Miss Renee Allen
[2023-02-02T10:02:40.251+0000] {logging_mixin.py:137} INFO - Susan Clark
[2023-02-02T10:02:40.253+0000] {logging_mixin.py:137} INFO - Brandy Coffey
[2023-02-02T10:02:40.254+0000] {logging_mixin.py:137} INFO - Brett Nelson
[2023-02-02T10:02:40.255+0000] {logging_mixin.py:137} INFO - Ricardo Young
[2023-02-02T10:02:40.257+0000] {logging_mixin.py:137} INFO - Paul Lee
[2023-02-02T10:02:40.258+0000] {logging_mixin.py:137} INFO - David Allen
[2023-02-02T10:02:40.259+0000] {logging_mixin.py:137} INFO - Andrea Knight
[2023-02-02T10:02:40.260+0000] {logging_mixin.py:137} INFO - James Gomez
[2023-02-02T10:02:40.261+0000] {logging_mixin.py:137} INFO - Melody Gibson
[2023-02-02T10:02:40.262+0000] {logging_mixin.py:137} INFO - Christina Martinez
[2023-02-02T10:02:40.263+0000] {logging_mixin.py:137} INFO - Shelby Smith
[2023-02-02T10:02:40.264+0000] {logging_mixin.py:137} INFO - Jason Howard
[2023-02-02T10:02:40.265+0000] {logging_mixin.py:137} INFO - Amy Davidson
[2023-02-02T10:02:40.266+0000] {logging_mixin.py:137} INFO - Kyle Copeland
[2023-02-02T10:02:40.267+0000] {logging_mixin.py:137} INFO - Madeline Davis
[2023-02-02T10:02:40.268+0000] {logging_mixin.py:137} INFO - Aaron Young
[2023-02-02T10:02:40.269+0000] {logging_mixin.py:137} INFO - Lisa Barrett
[2023-02-02T10:02:40.272+0000] {logging_mixin.py:137} INFO - Joel Jones
[2023-02-02T10:02:40.273+0000] {logging_mixin.py:137} INFO - Christine Evans
[2023-02-02T10:02:40.274+0000] {logging_mixin.py:137} INFO - Kimberly Johnson
[2023-02-02T10:02:40.276+0000] {logging_mixin.py:137} INFO - Charles Hess
[2023-02-02T10:02:40.277+0000] {logging_mixin.py:137} INFO - Paul Dixon
[2023-02-02T10:02:40.279+0000] {logging_mixin.py:137} INFO - Christopher Johnson
[2023-02-02T10:02:40.280+0000] {logging_mixin.py:137} INFO - Robert Dawson
[2023-02-02T10:02:40.282+0000] {logging_mixin.py:137} INFO - Ryan Dixon
[2023-02-02T10:02:40.283+0000] {logging_mixin.py:137} INFO - Julie Martinez
[2023-02-02T10:02:40.285+0000] {logging_mixin.py:137} INFO - David Adams
[2023-02-02T10:02:40.286+0000] {logging_mixin.py:137} INFO - Mariah Brown
[2023-02-02T10:02:40.287+0000] {logging_mixin.py:137} INFO - Deborah Malone
[2023-02-02T10:02:40.289+0000] {logging_mixin.py:137} INFO - John Brown
[2023-02-02T10:02:40.291+0000] {logging_mixin.py:137} INFO - Maria Stewart
[2023-02-02T10:02:40.292+0000] {logging_mixin.py:137} INFO - Mr. Bryan Hawkins
[2023-02-02T10:02:40.293+0000] {logging_mixin.py:137} INFO - Kyle Brooks
[2023-02-02T10:02:40.294+0000] {logging_mixin.py:137} INFO - Kenneth White
[2023-02-02T10:02:40.295+0000] {logging_mixin.py:137} INFO - Patricia Wilson
[2023-02-02T10:02:40.296+0000] {logging_mixin.py:137} INFO - Paul Soto
[2023-02-02T10:02:40.299+0000] {logging_mixin.py:137} INFO - Janice Garrett
[2023-02-02T10:02:40.300+0000] {logging_mixin.py:137} INFO - Randy Strickland
[2023-02-02T10:02:40.301+0000] {logging_mixin.py:137} INFO - Felicia Herrera
[2023-02-02T10:02:40.303+0000] {logging_mixin.py:137} INFO - Andre Campos
[2023-02-02T10:02:40.304+0000] {logging_mixin.py:137} INFO - Justin Meyer
[2023-02-02T10:02:40.306+0000] {logging_mixin.py:137} INFO - Brandon Brooks
[2023-02-02T10:02:40.307+0000] {logging_mixin.py:137} INFO - Abigail Rivera
[2023-02-02T10:02:40.308+0000] {logging_mixin.py:137} INFO - Jessica Mann
[2023-02-02T10:02:40.309+0000] {logging_mixin.py:137} INFO - Michael Sawyer
[2023-02-02T10:02:40.310+0000] {logging_mixin.py:137} INFO - Jeffrey Coleman
[2023-02-02T10:02:40.311+0000] {logging_mixin.py:137} INFO - Micheal Castro
[2023-02-02T10:02:40.313+0000] {logging_mixin.py:137} INFO - Laura Gonzalez
[2023-02-02T10:02:40.314+0000] {logging_mixin.py:137} INFO - Christopher Jackson
[2023-02-02T10:02:40.315+0000] {logging_mixin.py:137} INFO - William Mckenzie
[2023-02-02T10:02:40.316+0000] {logging_mixin.py:137} INFO - Kristina Rodriguez
[2023-02-02T10:02:40.317+0000] {logging_mixin.py:137} INFO - Kelli Williams
[2023-02-02T10:02:40.318+0000] {logging_mixin.py:137} INFO - Diane Norris
[2023-02-02T10:02:40.319+0000] {logging_mixin.py:137} INFO - Kevin Carroll
[2023-02-02T10:02:40.320+0000] {logging_mixin.py:137} INFO - Betty Weber
[2023-02-02T10:02:40.321+0000] {logging_mixin.py:137} INFO - Jeffery Robinson
[2023-02-02T10:02:40.322+0000] {logging_mixin.py:137} INFO - Hannah Cowan
[2023-02-02T10:02:40.324+0000] {logging_mixin.py:137} INFO - Brian Kramer
[2023-02-02T10:02:40.325+0000] {logging_mixin.py:137} INFO - Anthony Roberts
[2023-02-02T10:02:40.326+0000] {logging_mixin.py:137} INFO - Ricardo Blankenship
[2023-02-02T10:02:40.327+0000] {logging_mixin.py:137} INFO - Brooke Collins
[2023-02-02T10:02:40.328+0000] {logging_mixin.py:137} INFO - Tammy Lawson
[2023-02-02T10:02:40.330+0000] {logging_mixin.py:137} INFO - Cody Miller
[2023-02-02T10:02:40.332+0000] {logging_mixin.py:137} INFO - Dr. Janice Salazar
[2023-02-02T10:02:40.334+0000] {logging_mixin.py:137} INFO - David West
[2023-02-02T10:02:40.335+0000] {logging_mixin.py:137} INFO - Robin Carpenter
[2023-02-02T10:02:40.337+0000] {logging_mixin.py:137} INFO - Monique Wall
[2023-02-02T10:02:40.339+0000] {logging_mixin.py:137} INFO - Charles Cardenas
[2023-02-02T10:02:40.340+0000] {logging_mixin.py:137} INFO - Valerie Mitchell
[2023-02-02T10:02:40.341+0000] {logging_mixin.py:137} INFO - Michelle Valenzuela
[2023-02-02T10:02:40.344+0000] {logging_mixin.py:137} INFO - William Poole
[2023-02-02T10:02:40.346+0000] {logging_mixin.py:137} INFO - James Hall
[2023-02-02T10:02:40.347+0000] {logging_mixin.py:137} INFO - Dylan Carpenter
[2023-02-02T10:02:40.350+0000] {logging_mixin.py:137} INFO - Linda Medina
[2023-02-02T10:02:40.352+0000] {logging_mixin.py:137} INFO - Joan White
[2023-02-02T10:02:40.353+0000] {logging_mixin.py:137} INFO - Mary Klein
[2023-02-02T10:02:40.354+0000] {logging_mixin.py:137} INFO - Ashley Wolf
[2023-02-02T10:02:40.356+0000] {logging_mixin.py:137} INFO - William Reed
[2023-02-02T10:02:40.358+0000] {logging_mixin.py:137} INFO - Derek Harvey
[2023-02-02T10:02:40.359+0000] {logging_mixin.py:137} INFO - Kathleen Rodriguez
[2023-02-02T10:02:40.360+0000] {logging_mixin.py:137} INFO - Andrew Rodriguez
[2023-02-02T10:02:40.361+0000] {logging_mixin.py:137} INFO - Ariel Frank
[2023-02-02T10:02:40.362+0000] {logging_mixin.py:137} INFO - Tina French
[2023-02-02T10:02:40.364+0000] {logging_mixin.py:137} INFO - Brent Waller
[2023-02-02T10:02:40.365+0000] {logging_mixin.py:137} INFO - Kevin Allen
[2023-02-02T10:02:40.367+0000] {logging_mixin.py:137} INFO - Xavier Walker
[2023-02-02T10:02:40.368+0000] {logging_mixin.py:137} INFO - Michelle Sanchez
[2023-02-02T10:02:40.370+0000] {logging_mixin.py:137} INFO - Rachael Shepard
[2023-02-02T10:02:40.371+0000] {logging_mixin.py:137} INFO - Kelsey Johnson
[2023-02-02T10:02:40.372+0000] {logging_mixin.py:137} INFO - Nicole Webb
[2023-02-02T10:02:40.373+0000] {logging_mixin.py:137} INFO - Nicholas Rodriguez
[2023-02-02T10:02:40.374+0000] {logging_mixin.py:137} INFO - Eric Vaughan
[2023-02-02T10:02:40.375+0000] {logging_mixin.py:137} INFO - Amanda Richardson
[2023-02-02T10:02:40.376+0000] {logging_mixin.py:137} INFO - Janice Carlson
[2023-02-02T10:02:40.377+0000] {logging_mixin.py:137} INFO - Darryl Walsh
[2023-02-02T10:02:40.378+0000] {logging_mixin.py:137} INFO - Heather Johnson
[2023-02-02T10:02:40.380+0000] {logging_mixin.py:137} INFO - Mark Chambers
[2023-02-02T10:02:40.381+0000] {logging_mixin.py:137} INFO - Tracy Burns
[2023-02-02T10:02:40.381+0000] {logging_mixin.py:137} INFO - John Cole
[2023-02-02T10:02:40.383+0000] {logging_mixin.py:137} INFO - Deborah Silva
[2023-02-02T10:02:40.384+0000] {logging_mixin.py:137} INFO - Shawn Hernandez
[2023-02-02T10:02:40.385+0000] {logging_mixin.py:137} INFO - Bethany Meyer
[2023-02-02T10:02:40.386+0000] {logging_mixin.py:137} INFO - Helen Smith
[2023-02-02T10:02:40.387+0000] {logging_mixin.py:137} INFO - Dana Dennis
[2023-02-02T10:02:40.389+0000] {logging_mixin.py:137} INFO - Kelsey Camacho
[2023-02-02T10:02:40.390+0000] {logging_mixin.py:137} INFO - Matthew Thomas
[2023-02-02T10:02:40.391+0000] {logging_mixin.py:137} INFO - Brittany Arellano
[2023-02-02T10:02:40.392+0000] {logging_mixin.py:137} INFO - Stacey Jones
[2023-02-02T10:02:40.393+0000] {logging_mixin.py:137} INFO - William Weeks
[2023-02-02T10:02:40.394+0000] {logging_mixin.py:137} INFO - Mark Beasley
[2023-02-02T10:02:40.395+0000] {logging_mixin.py:137} INFO - Bruce Pena
[2023-02-02T10:02:40.396+0000] {logging_mixin.py:137} INFO - Jeffery Smith
[2023-02-02T10:02:40.397+0000] {logging_mixin.py:137} INFO - Ann Deleon
[2023-02-02T10:02:40.398+0000] {logging_mixin.py:137} INFO - Kevin Robertson
[2023-02-02T10:02:40.399+0000] {logging_mixin.py:137} INFO - Vincent Willis MD
[2023-02-02T10:02:40.400+0000] {logging_mixin.py:137} INFO - Michael Nielsen
[2023-02-02T10:02:40.403+0000] {logging_mixin.py:137} INFO - Walter Koch
[2023-02-02T10:02:40.404+0000] {logging_mixin.py:137} INFO - Brian Vega
[2023-02-02T10:02:40.407+0000] {logging_mixin.py:137} INFO - Jeffrey Medina
[2023-02-02T10:02:40.410+0000] {logging_mixin.py:137} INFO - Erika Banks
[2023-02-02T10:02:40.412+0000] {logging_mixin.py:137} INFO - Stacey Griffin
[2023-02-02T10:02:40.415+0000] {logging_mixin.py:137} INFO - Michael Marsh
[2023-02-02T10:02:40.417+0000] {logging_mixin.py:137} INFO - Molly White
[2023-02-02T10:02:40.418+0000] {logging_mixin.py:137} INFO - Matthew Morrison
[2023-02-02T10:02:40.419+0000] {logging_mixin.py:137} INFO - Amanda Burns
[2023-02-02T10:02:40.420+0000] {logging_mixin.py:137} INFO - Emily Gonzalez DDS
[2023-02-02T10:02:40.422+0000] {logging_mixin.py:137} INFO - Gregory King
[2023-02-02T10:02:40.423+0000] {logging_mixin.py:137} INFO - Dennis Evans
[2023-02-02T10:02:40.424+0000] {logging_mixin.py:137} INFO - Christina Snyder
[2023-02-02T10:02:40.425+0000] {logging_mixin.py:137} INFO - Carolyn Mata
[2023-02-02T10:02:40.426+0000] {logging_mixin.py:137} INFO - Brandy Lawson
[2023-02-02T10:02:40.427+0000] {logging_mixin.py:137} INFO - Briana Christian
[2023-02-02T10:02:40.429+0000] {logging_mixin.py:137} INFO - Jeffrey Hernandez
[2023-02-02T10:02:40.430+0000] {logging_mixin.py:137} INFO - John Riggs
[2023-02-02T10:02:40.431+0000] {logging_mixin.py:137} INFO - Barbara Short
[2023-02-02T10:02:40.432+0000] {logging_mixin.py:137} INFO - Steven Brooks
[2023-02-02T10:02:40.433+0000] {logging_mixin.py:137} INFO - Gabrielle James
[2023-02-02T10:02:40.434+0000] {logging_mixin.py:137} INFO - Robert Young
[2023-02-02T10:02:40.435+0000] {logging_mixin.py:137} INFO - Derek Sanders
[2023-02-02T10:02:40.436+0000] {logging_mixin.py:137} INFO - Mallory Oliver
[2023-02-02T10:02:40.437+0000] {logging_mixin.py:137} INFO - Terry Howe
[2023-02-02T10:02:40.438+0000] {logging_mixin.py:137} INFO - Samuel Wallace
[2023-02-02T10:02:40.438+0000] {logging_mixin.py:137} INFO - Angel Jones
[2023-02-02T10:02:40.439+0000] {logging_mixin.py:137} INFO - Jacqueline Nichols
[2023-02-02T10:02:40.440+0000] {logging_mixin.py:137} INFO - Melissa Mcgee
[2023-02-02T10:02:40.441+0000] {logging_mixin.py:137} INFO - Michelle Smith
[2023-02-02T10:02:40.443+0000] {logging_mixin.py:137} INFO - Maureen Baxter
[2023-02-02T10:02:40.445+0000] {logging_mixin.py:137} INFO - Kathy Crawford
[2023-02-02T10:02:40.446+0000] {logging_mixin.py:137} INFO - Stacy Wood
[2023-02-02T10:02:40.446+0000] {logging_mixin.py:137} INFO - Justin Parsons
[2023-02-02T10:02:40.448+0000] {logging_mixin.py:137} INFO - Ann Klein
[2023-02-02T10:02:40.448+0000] {logging_mixin.py:137} INFO - Allison Arnold
[2023-02-02T10:02:40.449+0000] {logging_mixin.py:137} INFO - Heather Kirk
[2023-02-02T10:02:40.450+0000] {logging_mixin.py:137} INFO - Monica Smith
[2023-02-02T10:02:40.451+0000] {logging_mixin.py:137} INFO - Brett Oconnor
[2023-02-02T10:02:40.452+0000] {logging_mixin.py:137} INFO - Anthony Bryant
[2023-02-02T10:02:40.453+0000] {logging_mixin.py:137} INFO - Jeremy Russell
[2023-02-02T10:02:40.454+0000] {logging_mixin.py:137} INFO - Julie Poole
[2023-02-02T10:02:40.455+0000] {logging_mixin.py:137} INFO - Emma Thompson
[2023-02-02T10:02:40.456+0000] {logging_mixin.py:137} INFO - Bradley Matthews
[2023-02-02T10:02:40.457+0000] {logging_mixin.py:137} INFO - William Roberts
[2023-02-02T10:02:40.457+0000] {logging_mixin.py:137} INFO - Julie Mooney
[2023-02-02T10:02:40.458+0000] {logging_mixin.py:137} INFO - Amy Doyle
[2023-02-02T10:02:40.459+0000] {logging_mixin.py:137} INFO - Amanda Grant
[2023-02-02T10:02:40.460+0000] {logging_mixin.py:137} INFO - Eric Anderson
[2023-02-02T10:02:40.461+0000] {logging_mixin.py:137} INFO - George Thompson
[2023-02-02T10:02:40.462+0000] {logging_mixin.py:137} INFO - Dustin Hines
[2023-02-02T10:02:40.463+0000] {logging_mixin.py:137} INFO - Andrea Frank
[2023-02-02T10:02:40.464+0000] {logging_mixin.py:137} INFO - Jodi Cook
[2023-02-02T10:02:40.465+0000] {logging_mixin.py:137} INFO - Stacy Haney
[2023-02-02T10:02:40.466+0000] {logging_mixin.py:137} INFO - Paul Callahan
[2023-02-02T10:02:40.467+0000] {logging_mixin.py:137} INFO - Jasmine Chambers
[2023-02-02T10:02:40.468+0000] {logging_mixin.py:137} INFO - Melissa Pittman MD
[2023-02-02T10:02:40.469+0000] {logging_mixin.py:137} INFO - Deborah Larson
[2023-02-02T10:02:40.470+0000] {logging_mixin.py:137} INFO - Brandon Shaw
[2023-02-02T10:02:40.471+0000] {logging_mixin.py:137} INFO - Timothy Paul
[2023-02-02T10:02:40.472+0000] {logging_mixin.py:137} INFO - Michael Trujillo
[2023-02-02T10:02:40.473+0000] {logging_mixin.py:137} INFO - Robert Rivera
[2023-02-02T10:02:40.474+0000] {logging_mixin.py:137} INFO - Dana Nelson
[2023-02-02T10:02:40.475+0000] {logging_mixin.py:137} INFO - Andrea Bennett
[2023-02-02T10:02:40.477+0000] {logging_mixin.py:137} INFO - Jodi Fox
[2023-02-02T10:02:40.478+0000] {logging_mixin.py:137} INFO - Heather Hayes
[2023-02-02T10:02:40.479+0000] {logging_mixin.py:137} INFO - Jennifer Moreno
[2023-02-02T10:02:40.480+0000] {logging_mixin.py:137} INFO - John Patel
[2023-02-02T10:02:40.481+0000] {logging_mixin.py:137} INFO - Teresa Oliver
[2023-02-02T10:02:40.482+0000] {logging_mixin.py:137} INFO - Monique Bell
[2023-02-02T10:02:40.483+0000] {logging_mixin.py:137} INFO - Casey Leonard
[2023-02-02T10:02:40.485+0000] {logging_mixin.py:137} INFO - Steven Clark
[2023-02-02T10:02:40.486+0000] {logging_mixin.py:137} INFO - Edward Martin
[2023-02-02T10:02:40.487+0000] {logging_mixin.py:137} INFO - Shawn Orozco
[2023-02-02T10:02:40.488+0000] {logging_mixin.py:137} INFO - Brandon Yang
[2023-02-02T10:02:40.489+0000] {logging_mixin.py:137} INFO - Nathan Ray
[2023-02-02T10:02:40.489+0000] {logging_mixin.py:137} INFO - Lori Moore
[2023-02-02T10:02:40.490+0000] {logging_mixin.py:137} INFO - Dr. Lisa Shaw DVM
[2023-02-02T10:02:40.491+0000] {logging_mixin.py:137} INFO - Angela Walters
[2023-02-02T10:02:40.492+0000] {logging_mixin.py:137} INFO - David Nolan
[2023-02-02T10:02:40.493+0000] {logging_mixin.py:137} INFO - William Ramsey
[2023-02-02T10:02:40.494+0000] {logging_mixin.py:137} INFO - David Oconnor
[2023-02-02T10:02:40.495+0000] {logging_mixin.py:137} INFO - Mark Washington
[2023-02-02T10:02:40.496+0000] {logging_mixin.py:137} INFO - Jennifer Jacobs
[2023-02-02T10:02:40.497+0000] {logging_mixin.py:137} INFO - Tammy Hampton
[2023-02-02T10:02:40.498+0000] {logging_mixin.py:137} INFO - Stephen Farmer
[2023-02-02T10:02:40.499+0000] {logging_mixin.py:137} INFO - Jasmine Nguyen
[2023-02-02T10:02:40.500+0000] {logging_mixin.py:137} INFO - Rebecca Flores
[2023-02-02T10:02:40.501+0000] {logging_mixin.py:137} INFO - Tyler Davis
[2023-02-02T10:02:40.502+0000] {logging_mixin.py:137} INFO - Nancy Gray
[2023-02-02T10:02:40.503+0000] {logging_mixin.py:137} INFO - Brian Sanchez
[2023-02-02T10:02:40.504+0000] {logging_mixin.py:137} INFO - Laurie Shaw
[2023-02-02T10:02:40.505+0000] {logging_mixin.py:137} INFO - Kristina Torres
[2023-02-02T10:02:40.505+0000] {logging_mixin.py:137} INFO - Andrea Rodgers
[2023-02-02T10:02:40.506+0000] {logging_mixin.py:137} INFO - Jason Walters
[2023-02-02T10:02:40.507+0000] {logging_mixin.py:137} INFO - Jerry Moss
[2023-02-02T10:02:40.508+0000] {logging_mixin.py:137} INFO - Jeffrey Jordan
[2023-02-02T10:02:40.509+0000] {logging_mixin.py:137} INFO - Jennifer Wilson
[2023-02-02T10:02:40.510+0000] {logging_mixin.py:137} INFO - Trevor Mathews
[2023-02-02T10:02:40.511+0000] {logging_mixin.py:137} INFO - Anne Hood
[2023-02-02T10:02:40.512+0000] {logging_mixin.py:137} INFO - Sarah Williams
[2023-02-02T10:02:40.513+0000] {logging_mixin.py:137} INFO - Shelby Hernandez
[2023-02-02T10:02:40.514+0000] {logging_mixin.py:137} INFO - Samantha Velez
[2023-02-02T10:02:40.515+0000] {logging_mixin.py:137} INFO - Matthew Douglas
[2023-02-02T10:02:40.516+0000] {logging_mixin.py:137} INFO - Ashlee George
[2023-02-02T10:02:40.517+0000] {logging_mixin.py:137} INFO - Troy Crane
[2023-02-02T10:02:40.517+0000] {logging_mixin.py:137} INFO - Michael Cooper
[2023-02-02T10:02:40.519+0000] {logging_mixin.py:137} INFO - Michael White
[2023-02-02T10:02:40.520+0000] {logging_mixin.py:137} INFO - Mr. Timothy Fleming
[2023-02-02T10:02:40.522+0000] {logging_mixin.py:137} INFO - Seth Bruce
[2023-02-02T10:02:40.523+0000] {logging_mixin.py:137} INFO - Jacqueline Carpenter
[2023-02-02T10:02:40.524+0000] {logging_mixin.py:137} INFO - Michael Martin
[2023-02-02T10:02:40.524+0000] {logging_mixin.py:137} INFO - Kristopher Henry
[2023-02-02T10:02:40.525+0000] {logging_mixin.py:137} INFO - Tiffany Porter
[2023-02-02T10:02:40.526+0000] {logging_mixin.py:137} INFO - Stacy Simpson
[2023-02-02T10:02:40.527+0000] {logging_mixin.py:137} INFO - Tammy Mcdowell
[2023-02-02T10:02:40.528+0000] {logging_mixin.py:137} INFO - Thomas Walters
[2023-02-02T10:02:40.529+0000] {logging_mixin.py:137} INFO - Dwayne Thompson
[2023-02-02T10:02:40.530+0000] {logging_mixin.py:137} INFO - Natalie Willis
[2023-02-02T10:02:40.532+0000] {logging_mixin.py:137} INFO - Sharon Taylor
[2023-02-02T10:02:40.533+0000] {logging_mixin.py:137} INFO - Sarah Wiggins
[2023-02-02T10:02:40.534+0000] {logging_mixin.py:137} INFO - Amber Thomas
[2023-02-02T10:02:40.535+0000] {logging_mixin.py:137} INFO - Patrick Miller
[2023-02-02T10:02:40.536+0000] {logging_mixin.py:137} INFO - Stephanie Hartman
[2023-02-02T10:02:40.537+0000] {logging_mixin.py:137} INFO - Stacey Mora
[2023-02-02T10:02:40.539+0000] {logging_mixin.py:137} INFO - Katherine Rodriguez
[2023-02-02T10:02:40.540+0000] {logging_mixin.py:137} INFO - Daniel Morgan
[2023-02-02T10:02:40.541+0000] {logging_mixin.py:137} INFO - Rebecca Martinez
[2023-02-02T10:02:40.543+0000] {logging_mixin.py:137} INFO - Nicole Juarez
[2023-02-02T10:02:40.544+0000] {logging_mixin.py:137} INFO - Mark Arroyo
[2023-02-02T10:02:40.545+0000] {logging_mixin.py:137} INFO - April Lucero
[2023-02-02T10:02:40.546+0000] {logging_mixin.py:137} INFO - Samantha Garcia
[2023-02-02T10:02:40.548+0000] {logging_mixin.py:137} INFO - Jon Moore
[2023-02-02T10:02:40.548+0000] {logging_mixin.py:137} INFO - Joshua Flores MD
[2023-02-02T10:02:40.550+0000] {logging_mixin.py:137} INFO - Raymond Jones
[2023-02-02T10:02:40.551+0000] {logging_mixin.py:137} INFO - Billy Hughes
[2023-02-02T10:02:40.553+0000] {logging_mixin.py:137} INFO - Peggy Valdez PhD
[2023-02-02T10:02:40.554+0000] {logging_mixin.py:137} INFO - Joshua Reyes
[2023-02-02T10:02:40.555+0000] {logging_mixin.py:137} INFO - Aaron Green
[2023-02-02T10:02:40.556+0000] {logging_mixin.py:137} INFO - Wendy Espinoza
[2023-02-02T10:02:40.556+0000] {logging_mixin.py:137} INFO - Peter Vasquez
[2023-02-02T10:02:40.557+0000] {logging_mixin.py:137} INFO - Diane Harper
[2023-02-02T10:02:40.558+0000] {logging_mixin.py:137} INFO - Ms. Rebecca Cantu
[2023-02-02T10:02:40.560+0000] {logging_mixin.py:137} INFO - Yolanda Morrow
[2023-02-02T10:02:40.561+0000] {logging_mixin.py:137} INFO - Penny Beard
[2023-02-02T10:02:40.562+0000] {logging_mixin.py:137} INFO - Lisa Long
[2023-02-02T10:02:40.563+0000] {logging_mixin.py:137} INFO - Jerry Harris
[2023-02-02T10:02:40.564+0000] {logging_mixin.py:137} INFO - Bob Willis
[2023-02-02T10:02:40.565+0000] {logging_mixin.py:137} INFO - Duane Chapman
[2023-02-02T10:02:40.566+0000] {logging_mixin.py:137} INFO - William Morgan
[2023-02-02T10:02:40.567+0000] {logging_mixin.py:137} INFO - Amy Gutierrez
[2023-02-02T10:02:40.568+0000] {logging_mixin.py:137} INFO - Amber Nichols
[2023-02-02T10:02:40.569+0000] {logging_mixin.py:137} INFO - Matthew Carr
[2023-02-02T10:02:40.570+0000] {logging_mixin.py:137} INFO - Thomas Duncan
[2023-02-02T10:02:40.571+0000] {logging_mixin.py:137} INFO - Elizabeth Wright
[2023-02-02T10:02:40.572+0000] {logging_mixin.py:137} INFO - Jacqueline Brewer
[2023-02-02T10:02:40.573+0000] {logging_mixin.py:137} INFO - Stephanie Johnson
[2023-02-02T10:02:40.574+0000] {logging_mixin.py:137} INFO - Samantha Calderon
[2023-02-02T10:02:40.575+0000] {logging_mixin.py:137} INFO - Kathryn Gaines
[2023-02-02T10:02:40.576+0000] {logging_mixin.py:137} INFO - Angel Jones
[2023-02-02T10:02:40.577+0000] {logging_mixin.py:137} INFO - Laura Wall
[2023-02-02T10:02:40.577+0000] {logging_mixin.py:137} INFO - Mr. Anthony Hamilton
[2023-02-02T10:02:40.579+0000] {logging_mixin.py:137} INFO - David Smith
[2023-02-02T10:02:40.579+0000] {logging_mixin.py:137} INFO - Kimberly Herrera DDS
[2023-02-02T10:02:40.580+0000] {logging_mixin.py:137} INFO - Gina Wilson
[2023-02-02T10:02:40.581+0000] {logging_mixin.py:137} INFO - Timothy Byrd
[2023-02-02T10:02:40.583+0000] {logging_mixin.py:137} INFO - Michael Mckenzie
[2023-02-02T10:02:40.584+0000] {logging_mixin.py:137} INFO - Jeffrey Mcintyre
[2023-02-02T10:02:40.585+0000] {logging_mixin.py:137} INFO - Teresa Jackson
[2023-02-02T10:02:40.586+0000] {logging_mixin.py:137} INFO - Joseph Wilcox
[2023-02-02T10:02:40.587+0000] {logging_mixin.py:137} INFO - Patrick Mcknight
[2023-02-02T10:02:40.589+0000] {logging_mixin.py:137} INFO - Ronald Moreno
[2023-02-02T10:02:40.591+0000] {logging_mixin.py:137} INFO - Jamie Sullivan
[2023-02-02T10:02:40.592+0000] {logging_mixin.py:137} INFO - Jason Anderson
[2023-02-02T10:02:40.593+0000] {logging_mixin.py:137} INFO - Steven Stewart
[2023-02-02T10:02:40.595+0000] {logging_mixin.py:137} INFO - Melinda Paul
[2023-02-02T10:02:40.596+0000] {logging_mixin.py:137} INFO - Cynthia Simmons
[2023-02-02T10:02:40.597+0000] {logging_mixin.py:137} INFO - Christian Smith
[2023-02-02T10:02:40.598+0000] {logging_mixin.py:137} INFO - William Jimenez
[2023-02-02T10:02:40.600+0000] {logging_mixin.py:137} INFO - Hayley French
[2023-02-02T10:02:40.601+0000] {logging_mixin.py:137} INFO - Brandon Hess
[2023-02-02T10:02:40.602+0000] {logging_mixin.py:137} INFO - Laura Perry
[2023-02-02T10:02:40.603+0000] {logging_mixin.py:137} INFO - Scott Jones
[2023-02-02T10:02:40.603+0000] {logging_mixin.py:137} INFO - Christine Hernandez
[2023-02-02T10:02:40.604+0000] {logging_mixin.py:137} INFO - Douglas Eaton
[2023-02-02T10:02:40.605+0000] {logging_mixin.py:137} INFO - William Soto
[2023-02-02T10:02:40.606+0000] {logging_mixin.py:137} INFO - Mary Jones
[2023-02-02T10:02:40.607+0000] {logging_mixin.py:137} INFO - Stephanie Holmes
[2023-02-02T10:02:40.608+0000] {logging_mixin.py:137} INFO - Keith Meyers
[2023-02-02T10:02:40.609+0000] {logging_mixin.py:137} INFO - Paul Fisher
[2023-02-02T10:02:40.609+0000] {logging_mixin.py:137} INFO - Emily Alexander
[2023-02-02T10:02:40.610+0000] {logging_mixin.py:137} INFO - Anthony Schwartz
[2023-02-02T10:02:40.611+0000] {logging_mixin.py:137} INFO - Evelyn Jacobs
[2023-02-02T10:02:40.612+0000] {logging_mixin.py:137} INFO - Connie Jones
[2023-02-02T10:02:40.613+0000] {logging_mixin.py:137} INFO - Carla Gibbs
[2023-02-02T10:02:40.614+0000] {logging_mixin.py:137} INFO - Ashley Santiago
[2023-02-02T10:02:40.615+0000] {logging_mixin.py:137} INFO - Micheal Mckee
[2023-02-02T10:02:40.616+0000] {logging_mixin.py:137} INFO - Diane Williams
[2023-02-02T10:02:40.619+0000] {logging_mixin.py:137} INFO - Jesse Velasquez
[2023-02-02T10:02:40.619+0000] {logging_mixin.py:137} INFO - Jennifer Rodriguez
[2023-02-02T10:02:40.620+0000] {logging_mixin.py:137} INFO - Joe Griffin
[2023-02-02T10:02:40.622+0000] {logging_mixin.py:137} INFO - Gary Cherry
[2023-02-02T10:02:40.623+0000] {logging_mixin.py:137} INFO - Alyssa Edwards
[2023-02-02T10:02:40.623+0000] {logging_mixin.py:137} INFO - Caroline Hernandez MD
[2023-02-02T10:02:40.624+0000] {logging_mixin.py:137} INFO - Jessica Morton
[2023-02-02T10:02:40.625+0000] {logging_mixin.py:137} INFO - Holly Jones
[2023-02-02T10:02:40.627+0000] {logging_mixin.py:137} INFO - David Shelton
[2023-02-02T10:02:40.628+0000] {logging_mixin.py:137} INFO - Kristina Parks
[2023-02-02T10:02:40.630+0000] {logging_mixin.py:137} INFO - Laurie Hernandez
[2023-02-02T10:02:40.631+0000] {logging_mixin.py:137} INFO - Melissa James
[2023-02-02T10:02:40.632+0000] {logging_mixin.py:137} INFO - Jeremiah Adams
[2023-02-02T10:02:40.633+0000] {logging_mixin.py:137} INFO - Arthur Robinson
[2023-02-02T10:02:40.634+0000] {logging_mixin.py:137} INFO - Anna Shepard
[2023-02-02T10:02:40.635+0000] {logging_mixin.py:137} INFO - Brandon Myers
[2023-02-02T10:02:40.635+0000] {logging_mixin.py:137} INFO - Paul Cardenas
[2023-02-02T10:02:40.636+0000] {logging_mixin.py:137} INFO - Megan Santana
[2023-02-02T10:02:40.637+0000] {logging_mixin.py:137} INFO - Joseph Marshall
[2023-02-02T10:02:40.638+0000] {logging_mixin.py:137} INFO - Mrs. Brenda Harris
[2023-02-02T10:02:40.639+0000] {logging_mixin.py:137} INFO - Nicole Garcia
[2023-02-02T10:02:40.640+0000] {logging_mixin.py:137} INFO - Anna Estrada
[2023-02-02T10:02:40.642+0000] {logging_mixin.py:137} INFO - Carl Moore
[2023-02-02T10:02:40.643+0000] {logging_mixin.py:137} INFO - Rodney Hernandez
[2023-02-02T10:02:40.645+0000] {logging_mixin.py:137} INFO - Madison Christian
[2023-02-02T10:02:40.647+0000] {logging_mixin.py:137} INFO - Heather Rhodes
[2023-02-02T10:02:40.651+0000] {python.py:177} INFO - Done. Returned value was: None
[2023-02-02T10:02:40.665+0000] {taskinstance.py:1323} INFO - Marking task as SUCCESS. dag_id=CSV_DAG, task_id=convertCSVToJson, execution_date=20230202T043000, start_date=20230202T100238, end_date=20230202T100240
[2023-02-02T10:02:40.698+0000] {local_task_job.py:208} INFO - Task exited with return code 0
[2023-02-02T10:02:40.723+0000] {taskinstance.py:2578} INFO - 0 downstream tasks scheduled from follow-on schedule check
