[2023-02-02T16:03:37.293+0000] {taskinstance.py:1083} INFO - Dependencies all met for <TaskInstance: CSV_DAG.starting scheduled__2023-02-02T14:30:00+00:00 [queued]>
[2023-02-02T16:03:37.605+0000] {taskinstance.py:1083} INFO - Dependencies all met for <TaskInstance: CSV_DAG.starting scheduled__2023-02-02T14:30:00+00:00 [queued]>
[2023-02-02T16:03:37.621+0000] {taskinstance.py:1279} INFO - 
--------------------------------------------------------------------------------
[2023-02-02T16:03:37.631+0000] {taskinstance.py:1280} INFO - Starting attempt 1 of 2
[2023-02-02T16:03:37.656+0000] {taskinstance.py:1281} INFO - 
--------------------------------------------------------------------------------
[2023-02-02T16:03:38.069+0000] {taskinstance.py:1300} INFO - Executing <Task(BashOperator): starting> on 2023-02-02 14:30:00+00:00
[2023-02-02T16:03:38.233+0000] {standard_task_runner.py:55} INFO - Started process 11430 to run task
[2023-02-02T16:03:38.404+0000] {standard_task_runner.py:82} INFO - Running: ['***', 'tasks', 'run', 'CSV_DAG', 'starting', 'scheduled__2023-02-02T14:30:00+00:00', '--job-id', '946', '--raw', '--subdir', 'DAGS_FOLDER/csv.py', '--cfg-path', '/tmp/tmpen685v0n']
[2023-02-02T16:03:38.408+0000] {standard_task_runner.py:83} INFO - Job 946: Subtask starting
[2023-02-02T16:03:39.357+0000] {task_command.py:388} INFO - Running <TaskInstance: CSV_DAG.starting scheduled__2023-02-02T14:30:00+00:00 [running]> on host 06d8060e8530
[2023-02-02T16:03:40.364+0000] {taskinstance.py:1509} INFO - Exporting the following env vars:
AIRFLOW_CTX_DAG_OWNER=Kevin Chalmers
AIRFLOW_CTX_DAG_ID=CSV_DAG
AIRFLOW_CTX_TASK_ID=starting
AIRFLOW_CTX_EXECUTION_DATE=2023-02-02T14:30:00+00:00
AIRFLOW_CTX_TRY_NUMBER=1
AIRFLOW_CTX_DAG_RUN_ID=scheduled__2023-02-02T14:30:00+00:00
[2023-02-02T16:03:40.374+0000] {subprocess.py:63} INFO - Tmp dir root location: 
 /tmp
[2023-02-02T16:03:40.394+0000] {subprocess.py:75} INFO - Running command: ['/bin/bash', '-c', 'echo "Reading data"']
[2023-02-02T16:03:40.849+0000] {subprocess.py:86} INFO - Output:
[2023-02-02T16:03:40.991+0000] {subprocess.py:93} INFO - Reading data
[2023-02-02T16:03:41.026+0000] {subprocess.py:97} INFO - Command exited with return code 0
[2023-02-02T16:03:41.313+0000] {taskinstance.py:1323} INFO - Marking task as SUCCESS. dag_id=CSV_DAG, task_id=starting, execution_date=20230202T143000, start_date=20230202T160337, end_date=20230202T160341
[2023-02-02T16:03:41.635+0000] {local_task_job.py:208} INFO - Task exited with return code 0
[2023-02-02T16:03:42.151+0000] {taskinstance.py:2578} INFO - 1 downstream tasks scheduled from follow-on schedule check
