[2023-02-01T19:09:37.004+0000] {taskinstance.py:1083} INFO - Dependencies all met for <TaskInstance: CSV_DAG.convertCSVToJson scheduled__2023-02-01T11:50:00+00:00 [queued]>
[2023-02-01T19:09:37.026+0000] {taskinstance.py:1083} INFO - Dependencies all met for <TaskInstance: CSV_DAG.convertCSVToJson scheduled__2023-02-01T11:50:00+00:00 [queued]>
[2023-02-01T19:09:37.027+0000] {taskinstance.py:1279} INFO - 
--------------------------------------------------------------------------------
[2023-02-01T19:09:37.036+0000] {taskinstance.py:1280} INFO - Starting attempt 1 of 2
[2023-02-01T19:09:37.038+0000] {taskinstance.py:1281} INFO - 
--------------------------------------------------------------------------------
[2023-02-01T19:09:37.070+0000] {taskinstance.py:1300} INFO - Executing <Task(PythonOperator): convertCSVToJson> on 2023-02-01 11:50:00+00:00
[2023-02-01T19:09:37.087+0000] {standard_task_runner.py:55} INFO - Started process 1216 to run task
[2023-02-01T19:09:37.102+0000] {standard_task_runner.py:82} INFO - Running: ['***', 'tasks', 'run', 'CSV_DAG', 'convertCSVToJson', 'scheduled__2023-02-01T11:50:00+00:00', '--job-id', '316', '--raw', '--subdir', 'DAGS_FOLDER/csv.py', '--cfg-path', '/tmp/tmps157p597']
[2023-02-01T19:09:37.106+0000] {standard_task_runner.py:83} INFO - Job 316: Subtask convertCSVToJson
[2023-02-01T19:09:37.401+0000] {task_command.py:388} INFO - Running <TaskInstance: CSV_DAG.convertCSVToJson scheduled__2023-02-01T11:50:00+00:00 [running]> on host 06d8060e8530
[2023-02-01T19:09:37.607+0000] {taskinstance.py:1509} INFO - Exporting the following env vars:
AIRFLOW_CTX_DAG_OWNER=Kevin Chalmers
AIRFLOW_CTX_DAG_ID=CSV_DAG
AIRFLOW_CTX_TASK_ID=convertCSVToJson
AIRFLOW_CTX_EXECUTION_DATE=2023-02-01T11:50:00+00:00
AIRFLOW_CTX_TRY_NUMBER=1
AIRFLOW_CTX_DAG_RUN_ID=scheduled__2023-02-01T11:50:00+00:00
[2023-02-01T19:09:37.645+0000] {logging_mixin.py:137} INFO - Angelica Lopez
[2023-02-01T19:09:37.649+0000] {logging_mixin.py:137} INFO - Betty Wright
[2023-02-01T19:09:37.650+0000] {logging_mixin.py:137} INFO - Sara Schmidt
[2023-02-01T19:09:37.652+0000] {logging_mixin.py:137} INFO - Dr. Sherry Rodriguez
[2023-02-01T19:09:37.657+0000] {logging_mixin.py:137} INFO - Rebecca Mills
[2023-02-01T19:09:37.661+0000] {logging_mixin.py:137} INFO - Andrew Anderson
[2023-02-01T19:09:37.664+0000] {logging_mixin.py:137} INFO - Martin Everett
[2023-02-01T19:09:37.667+0000] {logging_mixin.py:137} INFO - Felicia Gregory
[2023-02-01T19:09:37.669+0000] {logging_mixin.py:137} INFO - Kara Bowers
[2023-02-01T19:09:37.673+0000] {logging_mixin.py:137} INFO - Vincent Vincent
[2023-02-01T19:09:37.675+0000] {logging_mixin.py:137} INFO - Morgan Butler
[2023-02-01T19:09:37.677+0000] {logging_mixin.py:137} INFO - Stephen Riley
[2023-02-01T19:09:37.679+0000] {logging_mixin.py:137} INFO - Wanda Thomas
[2023-02-01T19:09:37.682+0000] {logging_mixin.py:137} INFO - Michelle Schultz
[2023-02-01T19:09:37.686+0000] {logging_mixin.py:137} INFO - Christopher Rush MD
[2023-02-01T19:09:37.690+0000] {logging_mixin.py:137} INFO - Phyllis Miles
[2023-02-01T19:09:37.696+0000] {logging_mixin.py:137} INFO - Rebecca Price
[2023-02-01T19:09:37.702+0000] {logging_mixin.py:137} INFO - John Morse
[2023-02-01T19:09:37.709+0000] {logging_mixin.py:137} INFO - Nicholas Sanchez
[2023-02-01T19:09:37.714+0000] {logging_mixin.py:137} INFO - Crystal Dean
[2023-02-01T19:09:37.715+0000] {logging_mixin.py:137} INFO - Tyler Diaz
[2023-02-01T19:09:37.717+0000] {logging_mixin.py:137} INFO - Denise Mclean
[2023-02-01T19:09:37.722+0000] {logging_mixin.py:137} INFO - Daniel Grant
[2023-02-01T19:09:37.726+0000] {logging_mixin.py:137} INFO - Sandra Peterson
[2023-02-01T19:09:37.728+0000] {logging_mixin.py:137} INFO - Denise Morse
[2023-02-01T19:09:37.730+0000] {logging_mixin.py:137} INFO - Brianna Smith
[2023-02-01T19:09:37.733+0000] {logging_mixin.py:137} INFO - Tony Miller
[2023-02-01T19:09:37.735+0000] {logging_mixin.py:137} INFO - Jean Booth
[2023-02-01T19:09:37.740+0000] {logging_mixin.py:137} INFO - Penny Salazar
[2023-02-01T19:09:37.743+0000] {logging_mixin.py:137} INFO - Cathy Williams
[2023-02-01T19:09:37.749+0000] {logging_mixin.py:137} INFO - Hannah Collins
[2023-02-01T19:09:37.756+0000] {logging_mixin.py:137} INFO - Maurice Casey
[2023-02-01T19:09:37.758+0000] {logging_mixin.py:137} INFO - Patrick Walker
[2023-02-01T19:09:37.763+0000] {logging_mixin.py:137} INFO - Pamela Barton
[2023-02-01T19:09:37.769+0000] {logging_mixin.py:137} INFO - Anthony Bryant
[2023-02-01T19:09:37.773+0000] {logging_mixin.py:137} INFO - Andrew Harris
[2023-02-01T19:09:37.780+0000] {logging_mixin.py:137} INFO - Aaron Harris
[2023-02-01T19:09:37.783+0000] {logging_mixin.py:137} INFO - Maureen Soto
[2023-02-01T19:09:37.787+0000] {logging_mixin.py:137} INFO - Crystal Mcdaniel
[2023-02-01T19:09:37.789+0000] {logging_mixin.py:137} INFO - Lauren Barrett
[2023-02-01T19:09:37.791+0000] {logging_mixin.py:137} INFO - Brandon Perez
[2023-02-01T19:09:37.793+0000] {logging_mixin.py:137} INFO - Mark Robertson
[2023-02-01T19:09:37.795+0000] {logging_mixin.py:137} INFO - Nicole Gates
[2023-02-01T19:09:37.802+0000] {logging_mixin.py:137} INFO - Bradley Cruz
[2023-02-01T19:09:37.804+0000] {logging_mixin.py:137} INFO - Gina Burns
[2023-02-01T19:09:37.807+0000] {logging_mixin.py:137} INFO - Zachary Martinez
[2023-02-01T19:09:37.813+0000] {logging_mixin.py:137} INFO - Natasha Johnson
[2023-02-01T19:09:37.817+0000] {logging_mixin.py:137} INFO - Patrick Gonzales
[2023-02-01T19:09:37.819+0000] {logging_mixin.py:137} INFO - Terri Wilson
[2023-02-01T19:09:37.824+0000] {logging_mixin.py:137} INFO - Sarah Lopez
[2023-02-01T19:09:37.826+0000] {logging_mixin.py:137} INFO - Dana Turner
[2023-02-01T19:09:37.831+0000] {logging_mixin.py:137} INFO - Cynthia Johnson
[2023-02-01T19:09:37.833+0000] {logging_mixin.py:137} INFO - William Thornton
[2023-02-01T19:09:37.835+0000] {logging_mixin.py:137} INFO - James Lee
[2023-02-01T19:09:37.837+0000] {logging_mixin.py:137} INFO - Stephen Allen
[2023-02-01T19:09:37.843+0000] {logging_mixin.py:137} INFO - William Stark
[2023-02-01T19:09:37.847+0000] {logging_mixin.py:137} INFO - Michael Parker
[2023-02-01T19:09:37.849+0000] {logging_mixin.py:137} INFO - Lisa Stephens
[2023-02-01T19:09:37.851+0000] {logging_mixin.py:137} INFO - Mr. Reginald Wise DDS
[2023-02-01T19:09:37.853+0000] {logging_mixin.py:137} INFO - Alexander James
[2023-02-01T19:09:37.854+0000] {logging_mixin.py:137} INFO - Kristen West
[2023-02-01T19:09:37.856+0000] {logging_mixin.py:137} INFO - Elizabeth Sanchez
[2023-02-01T19:09:37.859+0000] {logging_mixin.py:137} INFO - Jennifer Wilson
[2023-02-01T19:09:37.863+0000] {logging_mixin.py:137} INFO - Catherine Nicholson
[2023-02-01T19:09:37.866+0000] {logging_mixin.py:137} INFO - David Henderson
[2023-02-01T19:09:37.867+0000] {logging_mixin.py:137} INFO - Stephen Davis
[2023-02-01T19:09:37.870+0000] {logging_mixin.py:137} INFO - Paul Skinner
[2023-02-01T19:09:37.875+0000] {logging_mixin.py:137} INFO - Rebecca Wong
[2023-02-01T19:09:37.877+0000] {logging_mixin.py:137} INFO - Tara Benitez
[2023-02-01T19:09:37.879+0000] {logging_mixin.py:137} INFO - Sharon Miller
[2023-02-01T19:09:37.880+0000] {logging_mixin.py:137} INFO - Cynthia Smith
[2023-02-01T19:09:37.883+0000] {logging_mixin.py:137} INFO - Jennifer Werner
[2023-02-01T19:09:37.884+0000] {logging_mixin.py:137} INFO - Rebecca Tucker
[2023-02-01T19:09:37.887+0000] {logging_mixin.py:137} INFO - Ashlee Castillo
[2023-02-01T19:09:37.897+0000] {logging_mixin.py:137} INFO - Christopher Holmes
[2023-02-01T19:09:37.899+0000] {logging_mixin.py:137} INFO - Daniel Velez
[2023-02-01T19:09:37.901+0000] {logging_mixin.py:137} INFO - Amy Serrano
[2023-02-01T19:09:37.903+0000] {logging_mixin.py:137} INFO - Alison Nash
[2023-02-01T19:09:37.908+0000] {logging_mixin.py:137} INFO - Peter Johnson
[2023-02-01T19:09:37.912+0000] {logging_mixin.py:137} INFO - Breanna Harris
[2023-02-01T19:09:37.917+0000] {logging_mixin.py:137} INFO - Eric King
[2023-02-01T19:09:37.919+0000] {logging_mixin.py:137} INFO - Patricia Oliver
[2023-02-01T19:09:37.921+0000] {logging_mixin.py:137} INFO - Denise Grimes
[2023-02-01T19:09:37.923+0000] {logging_mixin.py:137} INFO - Jill Olson
[2023-02-01T19:09:37.926+0000] {logging_mixin.py:137} INFO - Stephanie Hart
[2023-02-01T19:09:37.937+0000] {logging_mixin.py:137} INFO - Ashley Lee
[2023-02-01T19:09:37.939+0000] {logging_mixin.py:137} INFO - Kelly Barnes
[2023-02-01T19:09:37.942+0000] {logging_mixin.py:137} INFO - Christie West
[2023-02-01T19:09:37.947+0000] {logging_mixin.py:137} INFO - Todd Nolan
[2023-02-01T19:09:37.952+0000] {logging_mixin.py:137} INFO - Sarah Reed
[2023-02-01T19:09:37.955+0000] {logging_mixin.py:137} INFO - Jennifer Keith
[2023-02-01T19:09:37.958+0000] {logging_mixin.py:137} INFO - Shawn Alvarez
[2023-02-01T19:09:37.960+0000] {logging_mixin.py:137} INFO - Alexander Wilson
[2023-02-01T19:09:37.965+0000] {logging_mixin.py:137} INFO - Rachel Melendez
[2023-02-01T19:09:37.971+0000] {logging_mixin.py:137} INFO - Morgan Walters
[2023-02-01T19:09:37.974+0000] {logging_mixin.py:137} INFO - Nicole Garcia
[2023-02-01T19:09:37.979+0000] {logging_mixin.py:137} INFO - Jennifer White
[2023-02-01T19:09:37.982+0000] {logging_mixin.py:137} INFO - Leslie Shannon
[2023-02-01T19:09:37.984+0000] {logging_mixin.py:137} INFO - Lisa Clayton
[2023-02-01T19:09:37.987+0000] {logging_mixin.py:137} INFO - Zachary Molina
[2023-02-01T19:09:37.992+0000] {logging_mixin.py:137} INFO - Bruce Butler
[2023-02-01T19:09:37.997+0000] {logging_mixin.py:137} INFO - Dustin Howell
[2023-02-01T19:09:38.008+0000] {logging_mixin.py:137} INFO - Aaron Smith
[2023-02-01T19:09:38.012+0000] {logging_mixin.py:137} INFO - Kyle Green
[2023-02-01T19:09:38.016+0000] {logging_mixin.py:137} INFO - Steven Clark
[2023-02-01T19:09:38.024+0000] {logging_mixin.py:137} INFO - Robert Holden
[2023-02-01T19:09:38.030+0000] {logging_mixin.py:137} INFO - Zachary Harmon
[2023-02-01T19:09:38.033+0000] {logging_mixin.py:137} INFO - Rachel Miller
[2023-02-01T19:09:38.038+0000] {logging_mixin.py:137} INFO - Brandon Parker
[2023-02-01T19:09:38.041+0000] {logging_mixin.py:137} INFO - Walter Martin
[2023-02-01T19:09:38.044+0000] {logging_mixin.py:137} INFO - Jose Young
[2023-02-01T19:09:38.046+0000] {logging_mixin.py:137} INFO - Kelsey Long
[2023-02-01T19:09:38.051+0000] {logging_mixin.py:137} INFO - William Harper
[2023-02-01T19:09:38.056+0000] {logging_mixin.py:137} INFO - Alejandro Lambert
[2023-02-01T19:09:38.058+0000] {logging_mixin.py:137} INFO - Stephanie Carson
[2023-02-01T19:09:38.063+0000] {logging_mixin.py:137} INFO - Diana Ortega MD
[2023-02-01T19:09:38.069+0000] {logging_mixin.py:137} INFO - Janet Morales
[2023-02-01T19:09:38.073+0000] {logging_mixin.py:137} INFO - Eric Fisher
[2023-02-01T19:09:38.075+0000] {logging_mixin.py:137} INFO - Louis Baker
[2023-02-01T19:09:38.079+0000] {logging_mixin.py:137} INFO - Cindy Ward
[2023-02-01T19:09:38.081+0000] {logging_mixin.py:137} INFO - Ana Jenkins
[2023-02-01T19:09:38.082+0000] {logging_mixin.py:137} INFO - Leslie Barton
[2023-02-01T19:09:38.085+0000] {logging_mixin.py:137} INFO - Gregory Price
[2023-02-01T19:09:38.087+0000] {logging_mixin.py:137} INFO - Brandon Moore
[2023-02-01T19:09:38.088+0000] {logging_mixin.py:137} INFO - Heather Garrett
[2023-02-01T19:09:38.090+0000] {logging_mixin.py:137} INFO - Cindy Hawkins
[2023-02-01T19:09:38.093+0000] {logging_mixin.py:137} INFO - Mr. Frank Snyder Jr.
[2023-02-01T19:09:38.095+0000] {logging_mixin.py:137} INFO - Megan Wang
[2023-02-01T19:09:38.101+0000] {logging_mixin.py:137} INFO - Jennifer Fleming
[2023-02-01T19:09:38.102+0000] {logging_mixin.py:137} INFO - Gary Hodge
[2023-02-01T19:09:38.105+0000] {logging_mixin.py:137} INFO - Nichole Miller
[2023-02-01T19:09:38.109+0000] {logging_mixin.py:137} INFO - Mitchell Mendoza
[2023-02-01T19:09:38.111+0000] {logging_mixin.py:137} INFO - Bradley Horton
[2023-02-01T19:09:38.113+0000] {logging_mixin.py:137} INFO - Michelle Hess
[2023-02-01T19:09:38.114+0000] {logging_mixin.py:137} INFO - Ronald Torres
[2023-02-01T19:09:38.117+0000] {logging_mixin.py:137} INFO - Raymond Hudson
[2023-02-01T19:09:38.121+0000] {logging_mixin.py:137} INFO - Vincent Jackson
[2023-02-01T19:09:38.123+0000] {logging_mixin.py:137} INFO - Susan Carey
[2023-02-01T19:09:38.127+0000] {logging_mixin.py:137} INFO - Chase Wilson
[2023-02-01T19:09:38.131+0000] {logging_mixin.py:137} INFO - Tonya Baldwin
[2023-02-01T19:09:38.137+0000] {logging_mixin.py:137} INFO - Mrs. Tina Davis
[2023-02-01T19:09:38.140+0000] {logging_mixin.py:137} INFO - Scott Garrett
[2023-02-01T19:09:38.143+0000] {logging_mixin.py:137} INFO - Michael Wilson
[2023-02-01T19:09:38.145+0000] {logging_mixin.py:137} INFO - Andrew Orozco
[2023-02-01T19:09:38.147+0000] {logging_mixin.py:137} INFO - Troy Carson
[2023-02-01T19:09:38.151+0000] {logging_mixin.py:137} INFO - Alex Winters
[2023-02-01T19:09:38.154+0000] {logging_mixin.py:137} INFO - Toni Frank
[2023-02-01T19:09:38.157+0000] {logging_mixin.py:137} INFO - Kathleen Snyder
[2023-02-01T19:09:38.159+0000] {logging_mixin.py:137} INFO - Anna Lopez
[2023-02-01T19:09:38.162+0000] {logging_mixin.py:137} INFO - Charles Brown
[2023-02-01T19:09:38.165+0000] {logging_mixin.py:137} INFO - Barry Ross
[2023-02-01T19:09:38.168+0000] {logging_mixin.py:137} INFO - Emily Ramirez
[2023-02-01T19:09:38.170+0000] {logging_mixin.py:137} INFO - Anna Williams
[2023-02-01T19:09:38.175+0000] {logging_mixin.py:137} INFO - Kristin Pennington
[2023-02-01T19:09:38.179+0000] {logging_mixin.py:137} INFO - Mary Aguirre
[2023-02-01T19:09:38.181+0000] {logging_mixin.py:137} INFO - Austin Santos
[2023-02-01T19:09:38.184+0000] {logging_mixin.py:137} INFO - David Nelson
[2023-02-01T19:09:38.189+0000] {logging_mixin.py:137} INFO - Alyssa Mcbride
[2023-02-01T19:09:38.192+0000] {logging_mixin.py:137} INFO - Lisa Gibson
[2023-02-01T19:09:38.194+0000] {logging_mixin.py:137} INFO - Alexander Kelly
[2023-02-01T19:09:38.197+0000] {logging_mixin.py:137} INFO - Ronald Thomas
[2023-02-01T19:09:38.199+0000] {logging_mixin.py:137} INFO - Michael Hurst
[2023-02-01T19:09:38.203+0000] {logging_mixin.py:137} INFO - Lauren Ward
[2023-02-01T19:09:38.206+0000] {logging_mixin.py:137} INFO - Christian Terry
[2023-02-01T19:09:38.208+0000] {logging_mixin.py:137} INFO - Jared Black
[2023-02-01T19:09:38.213+0000] {logging_mixin.py:137} INFO - Anthony Brown
[2023-02-01T19:09:38.216+0000] {logging_mixin.py:137} INFO - John Cole
[2023-02-01T19:09:38.218+0000] {logging_mixin.py:137} INFO - David Lee
[2023-02-01T19:09:38.219+0000] {logging_mixin.py:137} INFO - Lori Thomas
[2023-02-01T19:09:38.221+0000] {logging_mixin.py:137} INFO - Daniel Herman
[2023-02-01T19:09:38.223+0000] {logging_mixin.py:137} INFO - Pam Williams
[2023-02-01T19:09:38.225+0000] {logging_mixin.py:137} INFO - Sarah Jenkins
[2023-02-01T19:09:38.229+0000] {logging_mixin.py:137} INFO - Susan Mitchell
[2023-02-01T19:09:38.233+0000] {logging_mixin.py:137} INFO - Jacqueline Green
[2023-02-01T19:09:38.238+0000] {logging_mixin.py:137} INFO - Victoria Garrison
[2023-02-01T19:09:38.241+0000] {logging_mixin.py:137} INFO - Jonathan Daniels
[2023-02-01T19:09:38.249+0000] {logging_mixin.py:137} INFO - Trevor Hansen
[2023-02-01T19:09:38.252+0000] {logging_mixin.py:137} INFO - Laurie Bowen
[2023-02-01T19:09:38.255+0000] {logging_mixin.py:137} INFO - James Cline
[2023-02-01T19:09:38.256+0000] {logging_mixin.py:137} INFO - Michael Rose
[2023-02-01T19:09:38.259+0000] {logging_mixin.py:137} INFO - Lawrence Juarez
[2023-02-01T19:09:38.265+0000] {logging_mixin.py:137} INFO - Lucas Caldwell
[2023-02-01T19:09:38.269+0000] {logging_mixin.py:137} INFO - Laura Jackson
[2023-02-01T19:09:38.273+0000] {logging_mixin.py:137} INFO - Sherri Thornton
[2023-02-01T19:09:38.275+0000] {logging_mixin.py:137} INFO - Alice Wilson
[2023-02-01T19:09:38.277+0000] {logging_mixin.py:137} INFO - Diane Williams
[2023-02-01T19:09:38.280+0000] {logging_mixin.py:137} INFO - Kara Martin
[2023-02-01T19:09:38.283+0000] {logging_mixin.py:137} INFO - Joseph Moore
[2023-02-01T19:09:38.286+0000] {logging_mixin.py:137} INFO - Jesse Moses
[2023-02-01T19:09:38.289+0000] {logging_mixin.py:137} INFO - Lisa Mccall
[2023-02-01T19:09:38.291+0000] {logging_mixin.py:137} INFO - Alexandra Mccoy
[2023-02-01T19:09:38.294+0000] {logging_mixin.py:137} INFO - Daniel Martin
[2023-02-01T19:09:38.297+0000] {logging_mixin.py:137} INFO - Claudia Peck
[2023-02-01T19:09:38.303+0000] {logging_mixin.py:137} INFO - Jessica Mcconnell
[2023-02-01T19:09:38.308+0000] {logging_mixin.py:137} INFO - Kevin Walker
[2023-02-01T19:09:38.315+0000] {logging_mixin.py:137} INFO - Christina Lee
[2023-02-01T19:09:38.319+0000] {logging_mixin.py:137} INFO - Christopher Schroeder
[2023-02-01T19:09:38.321+0000] {logging_mixin.py:137} INFO - Melissa Parker
[2023-02-01T19:09:38.323+0000] {logging_mixin.py:137} INFO - Janet Molina
[2023-02-01T19:09:38.327+0000] {logging_mixin.py:137} INFO - Barbara Harris
[2023-02-01T19:09:38.330+0000] {logging_mixin.py:137} INFO - Joseph Hurley
[2023-02-01T19:09:38.335+0000] {logging_mixin.py:137} INFO - Greg Hayden
[2023-02-01T19:09:38.337+0000] {logging_mixin.py:137} INFO - Edwin Adams
[2023-02-01T19:09:38.338+0000] {logging_mixin.py:137} INFO - Ashley Hunter
[2023-02-01T19:09:38.340+0000] {logging_mixin.py:137} INFO - Jennifer Tucker
[2023-02-01T19:09:38.342+0000] {logging_mixin.py:137} INFO - Eddie Gray
[2023-02-01T19:09:38.344+0000] {logging_mixin.py:137} INFO - Jennifer Evans
[2023-02-01T19:09:38.349+0000] {logging_mixin.py:137} INFO - Stephen Carey
[2023-02-01T19:09:38.351+0000] {logging_mixin.py:137} INFO - Samantha Campos
[2023-02-01T19:09:38.354+0000] {logging_mixin.py:137} INFO - Meagan Brown
[2023-02-01T19:09:38.357+0000] {logging_mixin.py:137} INFO - Miss Marisa Barber
[2023-02-01T19:09:38.361+0000] {logging_mixin.py:137} INFO - Jay Mann
[2023-02-01T19:09:38.363+0000] {logging_mixin.py:137} INFO - Matthew Campbell
[2023-02-01T19:09:38.364+0000] {logging_mixin.py:137} INFO - Brent Rodriguez
[2023-02-01T19:09:38.367+0000] {logging_mixin.py:137} INFO - Teresa Ross
[2023-02-01T19:09:38.370+0000] {logging_mixin.py:137} INFO - Mary Martinez
[2023-02-01T19:09:38.372+0000] {logging_mixin.py:137} INFO - Joseph Lewis
[2023-02-01T19:09:38.373+0000] {logging_mixin.py:137} INFO - Dale Davis
[2023-02-01T19:09:38.376+0000] {logging_mixin.py:137} INFO - Elizabeth Evans
[2023-02-01T19:09:38.380+0000] {logging_mixin.py:137} INFO - Shannon Wang
[2023-02-01T19:09:38.383+0000] {logging_mixin.py:137} INFO - Brandon Campbell
[2023-02-01T19:09:38.386+0000] {logging_mixin.py:137} INFO - Rhonda Pace
[2023-02-01T19:09:38.388+0000] {logging_mixin.py:137} INFO - Sarah Santos
[2023-02-01T19:09:38.390+0000] {logging_mixin.py:137} INFO - Jacob Ford
[2023-02-01T19:09:38.393+0000] {logging_mixin.py:137} INFO - Matthew Hansen
[2023-02-01T19:09:38.396+0000] {logging_mixin.py:137} INFO - Amy Ray
[2023-02-01T19:09:38.398+0000] {logging_mixin.py:137} INFO - Aaron Fields
[2023-02-01T19:09:38.400+0000] {logging_mixin.py:137} INFO - Mary Taylor
[2023-02-01T19:09:38.404+0000] {logging_mixin.py:137} INFO - James Morris
[2023-02-01T19:09:38.406+0000] {logging_mixin.py:137} INFO - Darrell Cain
[2023-02-01T19:09:38.410+0000] {logging_mixin.py:137} INFO - Michael Smith
[2023-02-01T19:09:38.415+0000] {logging_mixin.py:137} INFO - Scott Coleman
[2023-02-01T19:09:38.417+0000] {logging_mixin.py:137} INFO - David Fitzpatrick
[2023-02-01T19:09:38.419+0000] {logging_mixin.py:137} INFO - Debra Shepherd
[2023-02-01T19:09:38.421+0000] {logging_mixin.py:137} INFO - Paul Rush
[2023-02-01T19:09:38.424+0000] {logging_mixin.py:137} INFO - Brett Hernandez
[2023-02-01T19:09:38.428+0000] {logging_mixin.py:137} INFO - Sheila Riddle
[2023-02-01T19:09:38.431+0000] {logging_mixin.py:137} INFO - Joan Austin
[2023-02-01T19:09:38.432+0000] {logging_mixin.py:137} INFO - Michael Garcia
[2023-02-01T19:09:38.435+0000] {logging_mixin.py:137} INFO - Natalie Harris
[2023-02-01T19:09:38.437+0000] {logging_mixin.py:137} INFO - Steven Dean
[2023-02-01T19:09:38.440+0000] {logging_mixin.py:137} INFO - John Brown
[2023-02-01T19:09:38.442+0000] {logging_mixin.py:137} INFO - Keith Zimmerman
[2023-02-01T19:09:38.444+0000] {logging_mixin.py:137} INFO - Curtis Byrd
[2023-02-01T19:09:38.450+0000] {logging_mixin.py:137} INFO - Mariah Green
[2023-02-01T19:09:38.455+0000] {logging_mixin.py:137} INFO - Roger Huynh
[2023-02-01T19:09:38.457+0000] {logging_mixin.py:137} INFO - Christopher Zamora
[2023-02-01T19:09:38.458+0000] {logging_mixin.py:137} INFO - Joyce Crawford
[2023-02-01T19:09:38.460+0000] {logging_mixin.py:137} INFO - Angela Smith
[2023-02-01T19:09:38.466+0000] {logging_mixin.py:137} INFO - Veronica Robinson
[2023-02-01T19:09:38.470+0000] {logging_mixin.py:137} INFO - Christopher Bates
[2023-02-01T19:09:38.472+0000] {logging_mixin.py:137} INFO - Steve Stone
[2023-02-01T19:09:38.473+0000] {logging_mixin.py:137} INFO - William Cook
[2023-02-01T19:09:38.478+0000] {logging_mixin.py:137} INFO - Lori Wood
[2023-02-01T19:09:38.480+0000] {logging_mixin.py:137} INFO - Jillian Reynolds
[2023-02-01T19:09:38.482+0000] {logging_mixin.py:137} INFO - Angela Caldwell
[2023-02-01T19:09:38.485+0000] {logging_mixin.py:137} INFO - Shane Campbell
[2023-02-01T19:09:38.487+0000] {logging_mixin.py:137} INFO - Karen Lawrence
[2023-02-01T19:09:38.489+0000] {logging_mixin.py:137} INFO - Kimberly Wood
[2023-02-01T19:09:38.491+0000] {logging_mixin.py:137} INFO - Samantha Lopez
[2023-02-01T19:09:38.498+0000] {logging_mixin.py:137} INFO - Harold Miller
[2023-02-01T19:09:38.501+0000] {logging_mixin.py:137} INFO - Raymond Cooper DVM
[2023-02-01T19:09:38.503+0000] {logging_mixin.py:137} INFO - Kristen Patel
[2023-02-01T19:09:38.507+0000] {logging_mixin.py:137} INFO - Anthony Mejia
[2023-02-01T19:09:38.509+0000] {logging_mixin.py:137} INFO - Raymond Thomas
[2023-02-01T19:09:38.511+0000] {logging_mixin.py:137} INFO - Scott Young
[2023-02-01T19:09:38.513+0000] {logging_mixin.py:137} INFO - David Larson
[2023-02-01T19:09:38.518+0000] {logging_mixin.py:137} INFO - Jon Murray
[2023-02-01T19:09:38.520+0000] {logging_mixin.py:137} INFO - Stephen Taylor
[2023-02-01T19:09:38.524+0000] {logging_mixin.py:137} INFO - Jennifer Hernandez
[2023-02-01T19:09:38.528+0000] {logging_mixin.py:137} INFO - Stacy Smith
[2023-02-01T19:09:38.531+0000] {logging_mixin.py:137} INFO - Juan Owens
[2023-02-01T19:09:38.534+0000] {logging_mixin.py:137} INFO - Brian Adkins
[2023-02-01T19:09:38.537+0000] {logging_mixin.py:137} INFO - Jesse Wells
[2023-02-01T19:09:38.541+0000] {logging_mixin.py:137} INFO - Kyle Matthews
[2023-02-01T19:09:38.551+0000] {logging_mixin.py:137} INFO - Dustin Russell
[2023-02-01T19:09:38.554+0000] {logging_mixin.py:137} INFO - Richard White
[2023-02-01T19:09:38.557+0000] {logging_mixin.py:137} INFO - Brittany Nichols
[2023-02-01T19:09:38.559+0000] {logging_mixin.py:137} INFO - Colton Kelly
[2023-02-01T19:09:38.561+0000] {logging_mixin.py:137} INFO - William Perry
[2023-02-01T19:09:38.566+0000] {logging_mixin.py:137} INFO - Thomas Cummings
[2023-02-01T19:09:38.568+0000] {logging_mixin.py:137} INFO - Timothy Ballard
[2023-02-01T19:09:38.571+0000] {logging_mixin.py:137} INFO - Richard Washington
[2023-02-01T19:09:38.573+0000] {logging_mixin.py:137} INFO - Joshua Lam
[2023-02-01T19:09:38.575+0000] {logging_mixin.py:137} INFO - Grant Jackson
[2023-02-01T19:09:38.579+0000] {logging_mixin.py:137} INFO - Erin Baker
[2023-02-01T19:09:38.582+0000] {logging_mixin.py:137} INFO - Scott Flowers
[2023-02-01T19:09:38.585+0000] {logging_mixin.py:137} INFO - James Adams
[2023-02-01T19:09:38.588+0000] {logging_mixin.py:137} INFO - Heather Alvarado
[2023-02-01T19:09:38.590+0000] {logging_mixin.py:137} INFO - Jennifer Snow
[2023-02-01T19:09:38.593+0000] {logging_mixin.py:137} INFO - Mario Jackson
[2023-02-01T19:09:38.595+0000] {logging_mixin.py:137} INFO - Kevin Collins
[2023-02-01T19:09:38.597+0000] {logging_mixin.py:137} INFO - Danielle Garcia
[2023-02-01T19:09:38.600+0000] {logging_mixin.py:137} INFO - Brenda Jackson
[2023-02-01T19:09:38.605+0000] {logging_mixin.py:137} INFO - Ashley Parker
[2023-02-01T19:09:38.607+0000] {logging_mixin.py:137} INFO - Angela Hickman
[2023-02-01T19:09:38.609+0000] {logging_mixin.py:137} INFO - Carol Rodriguez
[2023-02-01T19:09:38.611+0000] {logging_mixin.py:137} INFO - Vernon Anderson
[2023-02-01T19:09:38.617+0000] {logging_mixin.py:137} INFO - Jesus Church
[2023-02-01T19:09:38.621+0000] {logging_mixin.py:137} INFO - Michelle Medina
[2023-02-01T19:09:38.625+0000] {logging_mixin.py:137} INFO - Nancy Bryant
[2023-02-01T19:09:38.628+0000] {logging_mixin.py:137} INFO - Jennifer Martinez
[2023-02-01T19:09:38.632+0000] {logging_mixin.py:137} INFO - Amy Dougherty
[2023-02-01T19:09:38.637+0000] {logging_mixin.py:137} INFO - Alexis Sanders
[2023-02-01T19:09:38.639+0000] {logging_mixin.py:137} INFO - Austin Salazar
[2023-02-01T19:09:38.648+0000] {logging_mixin.py:137} INFO - Amy Williams
[2023-02-01T19:09:38.650+0000] {logging_mixin.py:137} INFO - Richard Haynes
[2023-02-01T19:09:38.653+0000] {logging_mixin.py:137} INFO - Christine Stark
[2023-02-01T19:09:38.657+0000] {logging_mixin.py:137} INFO - Anita Medina
[2023-02-01T19:09:38.660+0000] {logging_mixin.py:137} INFO - Mr. Thomas Duran
[2023-02-01T19:09:38.662+0000] {logging_mixin.py:137} INFO - Mr. Russell Peterson
[2023-02-01T19:09:38.664+0000] {logging_mixin.py:137} INFO - Jack Richard
[2023-02-01T19:09:38.666+0000] {logging_mixin.py:137} INFO - Michelle Erickson
[2023-02-01T19:09:38.670+0000] {logging_mixin.py:137} INFO - Mitchell Williams
[2023-02-01T19:09:38.672+0000] {logging_mixin.py:137} INFO - Adrian Herrera
[2023-02-01T19:09:38.676+0000] {logging_mixin.py:137} INFO - Michael Brady
[2023-02-01T19:09:38.680+0000] {logging_mixin.py:137} INFO - Jamie Zhang
[2023-02-01T19:09:38.683+0000] {logging_mixin.py:137} INFO - Helen Brennan
[2023-02-01T19:09:38.685+0000] {logging_mixin.py:137} INFO - John Myers
[2023-02-01T19:09:38.687+0000] {logging_mixin.py:137} INFO - Patricia Nash
[2023-02-01T19:09:38.690+0000] {logging_mixin.py:137} INFO - Michael Johnson
[2023-02-01T19:09:38.694+0000] {logging_mixin.py:137} INFO - Anita Berger
[2023-02-01T19:09:38.696+0000] {logging_mixin.py:137} INFO - Jason Guerrero DVM
[2023-02-01T19:09:38.701+0000] {logging_mixin.py:137} INFO - Kimberly Davis
[2023-02-01T19:09:38.705+0000] {logging_mixin.py:137} INFO - Bryan Hansen
[2023-02-01T19:09:38.709+0000] {logging_mixin.py:137} INFO - Rebecca Obrien
[2023-02-01T19:09:38.711+0000] {logging_mixin.py:137} INFO - Sarah Santiago
[2023-02-01T19:09:38.712+0000] {logging_mixin.py:137} INFO - Christine Lane
[2023-02-01T19:09:38.714+0000] {logging_mixin.py:137} INFO - Jerry Lewis
[2023-02-01T19:09:38.715+0000] {logging_mixin.py:137} INFO - Stephanie Miller
[2023-02-01T19:09:38.720+0000] {logging_mixin.py:137} INFO - Kristi Bradley
[2023-02-01T19:09:38.723+0000] {logging_mixin.py:137} INFO - Darren Moore
[2023-02-01T19:09:38.726+0000] {logging_mixin.py:137} INFO - Kristina Cunningham
[2023-02-01T19:09:38.729+0000] {logging_mixin.py:137} INFO - Laurie Moore
[2023-02-01T19:09:38.731+0000] {logging_mixin.py:137} INFO - Aaron Lewis
[2023-02-01T19:09:38.735+0000] {logging_mixin.py:137} INFO - Theresa Vang
[2023-02-01T19:09:38.739+0000] {logging_mixin.py:137} INFO - Chase Reese
[2023-02-01T19:09:38.741+0000] {logging_mixin.py:137} INFO - Matthew Ferguson
[2023-02-01T19:09:38.742+0000] {logging_mixin.py:137} INFO - Victoria Lewis
[2023-02-01T19:09:38.744+0000] {logging_mixin.py:137} INFO - Jon Scott
[2023-02-01T19:09:38.746+0000] {logging_mixin.py:137} INFO - Lisa Campbell
[2023-02-01T19:09:38.748+0000] {logging_mixin.py:137} INFO - David Ramirez
[2023-02-01T19:09:38.750+0000] {logging_mixin.py:137} INFO - Gabriel Rosario
[2023-02-01T19:09:38.751+0000] {logging_mixin.py:137} INFO - Kristi Johnson
[2023-02-01T19:09:38.755+0000] {logging_mixin.py:137} INFO - Jennifer Schwartz
[2023-02-01T19:09:38.756+0000] {logging_mixin.py:137} INFO - Daniel Norton
[2023-02-01T19:09:38.760+0000] {logging_mixin.py:137} INFO - Richard Montoya
[2023-02-01T19:09:38.762+0000] {logging_mixin.py:137} INFO - Daniel Norris
[2023-02-01T19:09:38.764+0000] {logging_mixin.py:137} INFO - Chad Taylor
[2023-02-01T19:09:38.767+0000] {logging_mixin.py:137} INFO - Angie Allen
[2023-02-01T19:09:38.769+0000] {logging_mixin.py:137} INFO - Michael Brooks
[2023-02-01T19:09:38.771+0000] {logging_mixin.py:137} INFO - Hannah Poole
[2023-02-01T19:09:38.773+0000] {logging_mixin.py:137} INFO - Caitlin Ray
[2023-02-01T19:09:38.777+0000] {logging_mixin.py:137} INFO - Mr. Steven Gardner
[2023-02-01T19:09:38.779+0000] {logging_mixin.py:137} INFO - Jennifer Macdonald
[2023-02-01T19:09:38.781+0000] {logging_mixin.py:137} INFO - Vanessa Small
[2023-02-01T19:09:38.785+0000] {logging_mixin.py:137} INFO - Dennis Gray
[2023-02-01T19:09:38.790+0000] {logging_mixin.py:137} INFO - Sandra Kirk
[2023-02-01T19:09:38.792+0000] {logging_mixin.py:137} INFO - Jason Wagner
[2023-02-01T19:09:38.794+0000] {logging_mixin.py:137} INFO - David Owen
[2023-02-01T19:09:38.796+0000] {logging_mixin.py:137} INFO - Rose Terrell
[2023-02-01T19:09:38.797+0000] {logging_mixin.py:137} INFO - James Green MD
[2023-02-01T19:09:38.799+0000] {logging_mixin.py:137} INFO - Tammy Patel
[2023-02-01T19:09:38.801+0000] {logging_mixin.py:137} INFO - Joseph Lucero
[2023-02-01T19:09:38.803+0000] {logging_mixin.py:137} INFO - Stephanie Rojas
[2023-02-01T19:09:38.805+0000] {logging_mixin.py:137} INFO - Brittany Johnson
[2023-02-01T19:09:38.807+0000] {logging_mixin.py:137} INFO - Christina Cummings
[2023-02-01T19:09:38.808+0000] {logging_mixin.py:137} INFO - Eric Downs
[2023-02-01T19:09:38.810+0000] {logging_mixin.py:137} INFO - Paul Finley
[2023-02-01T19:09:38.812+0000] {logging_mixin.py:137} INFO - Danielle Jackson
[2023-02-01T19:09:38.815+0000] {logging_mixin.py:137} INFO - Anna Johnston
[2023-02-01T19:09:38.816+0000] {logging_mixin.py:137} INFO - Ashlee Hodges
[2023-02-01T19:09:38.818+0000] {logging_mixin.py:137} INFO - Thomas Francis
[2023-02-01T19:09:38.821+0000] {logging_mixin.py:137} INFO - Cody Baird
[2023-02-01T19:09:38.823+0000] {logging_mixin.py:137} INFO - Jeffrey Walter
[2023-02-01T19:09:38.825+0000] {logging_mixin.py:137} INFO - Hannah West
[2023-02-01T19:09:38.827+0000] {logging_mixin.py:137} INFO - Anthony Byrd
[2023-02-01T19:09:38.829+0000] {logging_mixin.py:137} INFO - Julie Ramirez
[2023-02-01T19:09:38.833+0000] {logging_mixin.py:137} INFO - Seth Peters
[2023-02-01T19:09:38.835+0000] {logging_mixin.py:137} INFO - Keith Salas
[2023-02-01T19:09:38.836+0000] {logging_mixin.py:137} INFO - Kathryn Evans
[2023-02-01T19:09:38.838+0000] {logging_mixin.py:137} INFO - Dr. Maria Scott
[2023-02-01T19:09:38.840+0000] {logging_mixin.py:137} INFO - Brenda Thomas
[2023-02-01T19:09:38.843+0000] {logging_mixin.py:137} INFO - Travis Douglas
[2023-02-01T19:09:38.845+0000] {logging_mixin.py:137} INFO - Kurt Santos
[2023-02-01T19:09:38.848+0000] {logging_mixin.py:137} INFO - Sean Parrish
[2023-02-01T19:09:38.850+0000] {logging_mixin.py:137} INFO - Brittany Walls
[2023-02-01T19:09:38.852+0000] {logging_mixin.py:137} INFO - Gail Brooks
[2023-02-01T19:09:38.853+0000] {logging_mixin.py:137} INFO - Valerie Johnson
[2023-02-01T19:09:38.855+0000] {logging_mixin.py:137} INFO - Jessica Dunn
[2023-02-01T19:09:38.857+0000] {logging_mixin.py:137} INFO - Chad Robinson
[2023-02-01T19:09:38.858+0000] {logging_mixin.py:137} INFO - Catherine Combs
[2023-02-01T19:09:38.860+0000] {logging_mixin.py:137} INFO - Joshua Boyd
[2023-02-01T19:09:38.862+0000] {logging_mixin.py:137} INFO - Alicia Barnett DVM
[2023-02-01T19:09:38.864+0000] {logging_mixin.py:137} INFO - Kevin Cervantes
[2023-02-01T19:09:38.865+0000] {logging_mixin.py:137} INFO - Larry Lester
[2023-02-01T19:09:38.867+0000] {logging_mixin.py:137} INFO - Deanna Espinoza
[2023-02-01T19:09:38.869+0000] {logging_mixin.py:137} INFO - Marilyn Davis
[2023-02-01T19:09:38.870+0000] {logging_mixin.py:137} INFO - Michael Weeks
[2023-02-01T19:09:38.872+0000] {logging_mixin.py:137} INFO - Brandon Stanton
[2023-02-01T19:09:38.875+0000] {logging_mixin.py:137} INFO - Ryan Boyer Jr.
[2023-02-01T19:09:38.876+0000] {logging_mixin.py:137} INFO - Amanda Elliott
[2023-02-01T19:09:38.879+0000] {logging_mixin.py:137} INFO - David Moore
[2023-02-01T19:09:38.881+0000] {logging_mixin.py:137} INFO - Andre Williams
[2023-02-01T19:09:38.884+0000] {logging_mixin.py:137} INFO - Jennifer Garcia
[2023-02-01T19:09:38.885+0000] {logging_mixin.py:137} INFO - Tracey Cook
[2023-02-01T19:09:38.887+0000] {logging_mixin.py:137} INFO - Michael Turner
[2023-02-01T19:09:38.889+0000] {logging_mixin.py:137} INFO - Diana Long
[2023-02-01T19:09:38.893+0000] {logging_mixin.py:137} INFO - John Bradley
[2023-02-01T19:09:38.895+0000] {logging_mixin.py:137} INFO - Ann Benjamin
[2023-02-01T19:09:38.897+0000] {logging_mixin.py:137} INFO - Shane House
[2023-02-01T19:09:38.898+0000] {logging_mixin.py:137} INFO - Erin Lee
[2023-02-01T19:09:38.902+0000] {logging_mixin.py:137} INFO - Joseph Gray
[2023-02-01T19:09:38.903+0000] {logging_mixin.py:137} INFO - Betty Gibson
[2023-02-01T19:09:38.906+0000] {logging_mixin.py:137} INFO - Kristen Graham
[2023-02-01T19:09:38.907+0000] {logging_mixin.py:137} INFO - Daniel Meza
[2023-02-01T19:09:38.909+0000] {logging_mixin.py:137} INFO - Sherri Carpenter
[2023-02-01T19:09:38.910+0000] {logging_mixin.py:137} INFO - Andrea Sanchez
[2023-02-01T19:09:38.912+0000] {logging_mixin.py:137} INFO - Jordan Rios
[2023-02-01T19:09:38.915+0000] {logging_mixin.py:137} INFO - Elizabeth Jackson
[2023-02-01T19:09:38.918+0000] {logging_mixin.py:137} INFO - Elizabeth Myers
[2023-02-01T19:09:38.921+0000] {logging_mixin.py:137} INFO - Juan Barnes
[2023-02-01T19:09:38.922+0000] {logging_mixin.py:137} INFO - Christopher Lozano
[2023-02-01T19:09:38.925+0000] {logging_mixin.py:137} INFO - Jacqueline Griffin
[2023-02-01T19:09:38.927+0000] {logging_mixin.py:137} INFO - Ryan Mason
[2023-02-01T19:09:38.929+0000] {logging_mixin.py:137} INFO - Jonathan Moore
[2023-02-01T19:09:38.931+0000] {logging_mixin.py:137} INFO - Abigail Landry
[2023-02-01T19:09:38.933+0000] {logging_mixin.py:137} INFO - Brenda Hernandez
[2023-02-01T19:09:38.937+0000] {logging_mixin.py:137} INFO - Zachary Pitts
[2023-02-01T19:09:38.939+0000] {logging_mixin.py:137} INFO - Amanda Rogers
[2023-02-01T19:09:38.940+0000] {logging_mixin.py:137} INFO - Cynthia Gray
[2023-02-01T19:09:38.942+0000] {logging_mixin.py:137} INFO - Tyler Barajas
[2023-02-01T19:09:38.945+0000] {logging_mixin.py:137} INFO - Michelle Leon
[2023-02-01T19:09:38.947+0000] {logging_mixin.py:137} INFO - Kathy Lang
[2023-02-01T19:09:38.949+0000] {logging_mixin.py:137} INFO - Scott Townsend MD
[2023-02-01T19:09:38.950+0000] {logging_mixin.py:137} INFO - Theresa Acosta
[2023-02-01T19:09:38.952+0000] {logging_mixin.py:137} INFO - David Jones
[2023-02-01T19:09:38.955+0000] {logging_mixin.py:137} INFO - Jeremy Robinson
[2023-02-01T19:09:38.957+0000] {logging_mixin.py:137} INFO - James Newton
[2023-02-01T19:09:38.960+0000] {logging_mixin.py:137} INFO - Tracey Wells
[2023-02-01T19:09:38.962+0000] {logging_mixin.py:137} INFO - Maria Nelson
[2023-02-01T19:09:38.963+0000] {logging_mixin.py:137} INFO - Christopher Griffith
[2023-02-01T19:09:38.964+0000] {logging_mixin.py:137} INFO - Zachary Griffin
[2023-02-01T19:09:38.967+0000] {logging_mixin.py:137} INFO - Amy Nguyen
[2023-02-01T19:09:38.971+0000] {logging_mixin.py:137} INFO - April Williams
[2023-02-01T19:09:38.974+0000] {logging_mixin.py:137} INFO - Marissa Kelly
[2023-02-01T19:09:38.975+0000] {logging_mixin.py:137} INFO - Brian Lopez PhD
[2023-02-01T19:09:38.978+0000] {logging_mixin.py:137} INFO - William Williams
[2023-02-01T19:09:38.980+0000] {logging_mixin.py:137} INFO - Norman Brown
[2023-02-01T19:09:38.982+0000] {logging_mixin.py:137} INFO - Charles Fuentes
[2023-02-01T19:09:38.984+0000] {logging_mixin.py:137} INFO - Anthony Chang
[2023-02-01T19:09:38.986+0000] {logging_mixin.py:137} INFO - Mary Bell
[2023-02-01T19:09:38.987+0000] {logging_mixin.py:137} INFO - Elizabeth Stuart
[2023-02-01T19:09:38.989+0000] {logging_mixin.py:137} INFO - Mary Mcdonald
[2023-02-01T19:09:38.991+0000] {logging_mixin.py:137} INFO - Martin Harrison
[2023-02-01T19:09:38.994+0000] {logging_mixin.py:137} INFO - Stephanie Fernandez
[2023-02-01T19:09:38.996+0000] {logging_mixin.py:137} INFO - Christopher Brown
[2023-02-01T19:09:38.998+0000] {logging_mixin.py:137} INFO - Alexander Stephenson
[2023-02-01T19:09:38.999+0000] {logging_mixin.py:137} INFO - Grace Diaz
[2023-02-01T19:09:39.003+0000] {logging_mixin.py:137} INFO - Frank Bartlett
[2023-02-01T19:09:39.007+0000] {logging_mixin.py:137} INFO - Audrey Andersen
[2023-02-01T19:09:39.009+0000] {logging_mixin.py:137} INFO - David Green
[2023-02-01T19:09:39.011+0000] {logging_mixin.py:137} INFO - Joshua Diaz Jr.
[2023-02-01T19:09:39.013+0000] {logging_mixin.py:137} INFO - Emily Garcia
[2023-02-01T19:09:39.015+0000] {logging_mixin.py:137} INFO - Devin Hall
[2023-02-01T19:09:39.018+0000] {logging_mixin.py:137} INFO - Phillip Garner
[2023-02-01T19:09:39.022+0000] {logging_mixin.py:137} INFO - Katherine Estrada
[2023-02-01T19:09:39.024+0000] {logging_mixin.py:137} INFO - Corey Saunders
[2023-02-01T19:09:39.025+0000] {logging_mixin.py:137} INFO - Kimberly Collins
[2023-02-01T19:09:39.026+0000] {logging_mixin.py:137} INFO - Amy Elliott
[2023-02-01T19:09:39.028+0000] {logging_mixin.py:137} INFO - Tanya Jones
[2023-02-01T19:09:39.029+0000] {logging_mixin.py:137} INFO - Patricia Gonzalez
[2023-02-01T19:09:39.030+0000] {logging_mixin.py:137} INFO - Jennifer Hill
[2023-02-01T19:09:39.035+0000] {logging_mixin.py:137} INFO - John Haynes
[2023-02-01T19:09:39.038+0000] {logging_mixin.py:137} INFO - Jacob Henry
[2023-02-01T19:09:39.041+0000] {logging_mixin.py:137} INFO - Daniel Clark
[2023-02-01T19:09:39.045+0000] {logging_mixin.py:137} INFO - Jonathon Taylor
[2023-02-01T19:09:39.047+0000] {logging_mixin.py:137} INFO - Jesse Evans
[2023-02-01T19:09:39.050+0000] {logging_mixin.py:137} INFO - James Martinez
[2023-02-01T19:09:39.057+0000] {logging_mixin.py:137} INFO - Kyle Reyes
[2023-02-01T19:09:39.059+0000] {logging_mixin.py:137} INFO - Terrence Barker
[2023-02-01T19:09:39.061+0000] {logging_mixin.py:137} INFO - Anthony Washington
[2023-02-01T19:09:39.063+0000] {logging_mixin.py:137} INFO - Dustin Le
[2023-02-01T19:09:39.066+0000] {logging_mixin.py:137} INFO - Bruce Clark
[2023-02-01T19:09:39.069+0000] {logging_mixin.py:137} INFO - Keith Anthony
[2023-02-01T19:09:39.071+0000] {logging_mixin.py:137} INFO - Jeremiah Stone
[2023-02-01T19:09:39.073+0000] {logging_mixin.py:137} INFO - Michael Haley
[2023-02-01T19:09:39.075+0000] {logging_mixin.py:137} INFO - Regina Carrillo
[2023-02-01T19:09:39.078+0000] {logging_mixin.py:137} INFO - Jacob Lee
[2023-02-01T19:09:39.079+0000] {logging_mixin.py:137} INFO - Thomas Gonzalez
[2023-02-01T19:09:39.081+0000] {logging_mixin.py:137} INFO - Mark Lawrence
[2023-02-01T19:09:39.083+0000] {logging_mixin.py:137} INFO - Matthew Anderson
[2023-02-01T19:09:39.084+0000] {logging_mixin.py:137} INFO - Nicholas Young
[2023-02-01T19:09:39.085+0000] {logging_mixin.py:137} INFO - Melvin Martinez
[2023-02-01T19:09:39.088+0000] {logging_mixin.py:137} INFO - Scott Green
[2023-02-01T19:09:39.091+0000] {logging_mixin.py:137} INFO - Dana Richards
[2023-02-01T19:09:39.093+0000] {logging_mixin.py:137} INFO - Lauren Moore
[2023-02-01T19:09:39.095+0000] {logging_mixin.py:137} INFO - Terry Campbell
[2023-02-01T19:09:39.099+0000] {logging_mixin.py:137} INFO - Ralph Jordan
[2023-02-01T19:09:39.100+0000] {logging_mixin.py:137} INFO - Noah Reyes
[2023-02-01T19:09:39.105+0000] {logging_mixin.py:137} INFO - Mr. Gregory Mills MD
[2023-02-01T19:09:39.107+0000] {logging_mixin.py:137} INFO - Michelle Yates
[2023-02-01T19:09:39.109+0000] {logging_mixin.py:137} INFO - Robin Reyes
[2023-02-01T19:09:39.110+0000] {logging_mixin.py:137} INFO - Rebecca Smith
[2023-02-01T19:09:39.112+0000] {logging_mixin.py:137} INFO - Nicole Torres
[2023-02-01T19:09:39.115+0000] {logging_mixin.py:137} INFO - Ronald Jones
[2023-02-01T19:09:39.122+0000] {logging_mixin.py:137} INFO - Michael Castaneda
[2023-02-01T19:09:39.124+0000] {logging_mixin.py:137} INFO - Christopher Krueger
[2023-02-01T19:09:39.126+0000] {logging_mixin.py:137} INFO - Jennifer Werner
[2023-02-01T19:09:39.129+0000] {logging_mixin.py:137} INFO - Ashley Smith
[2023-02-01T19:09:39.131+0000] {logging_mixin.py:137} INFO - Alyssa Fields
[2023-02-01T19:09:39.132+0000] {logging_mixin.py:137} INFO - John Scott
[2023-02-01T19:09:39.135+0000] {logging_mixin.py:137} INFO - Debra Delacruz
[2023-02-01T19:09:39.138+0000] {logging_mixin.py:137} INFO - James Madden
[2023-02-01T19:09:39.140+0000] {logging_mixin.py:137} INFO - Joseph Gentry
[2023-02-01T19:09:39.141+0000] {logging_mixin.py:137} INFO - Ashley Cabrera
[2023-02-01T19:09:39.145+0000] {logging_mixin.py:137} INFO - Jennifer Fernandez
[2023-02-01T19:09:39.147+0000] {logging_mixin.py:137} INFO - James Harris
[2023-02-01T19:09:39.149+0000] {logging_mixin.py:137} INFO - Candice Young
[2023-02-01T19:09:39.152+0000] {logging_mixin.py:137} INFO - Lisa Baker
[2023-02-01T19:09:39.161+0000] {logging_mixin.py:137} INFO - Brian Mills DDS
[2023-02-01T19:09:39.164+0000] {logging_mixin.py:137} INFO - Kristin Smith
[2023-02-01T19:09:39.167+0000] {logging_mixin.py:137} INFO - Jacob Collins
[2023-02-01T19:09:39.168+0000] {logging_mixin.py:137} INFO - Kimberly Harris
[2023-02-01T19:09:39.171+0000] {logging_mixin.py:137} INFO - Michael Hull
[2023-02-01T19:09:39.174+0000] {logging_mixin.py:137} INFO - Caitlin Todd
[2023-02-01T19:09:39.176+0000] {logging_mixin.py:137} INFO - Lisa Harris
[2023-02-01T19:09:39.179+0000] {logging_mixin.py:137} INFO - Mrs. Ann Stone
[2023-02-01T19:09:39.182+0000] {logging_mixin.py:137} INFO - Michelle Case
[2023-02-01T19:09:39.187+0000] {logging_mixin.py:137} INFO - Joe Lowe
[2023-02-01T19:09:39.189+0000] {logging_mixin.py:137} INFO - Randall Dunn
[2023-02-01T19:09:39.191+0000] {logging_mixin.py:137} INFO - Paula Vargas
[2023-02-01T19:09:39.194+0000] {logging_mixin.py:137} INFO - Daniel Walker
[2023-02-01T19:09:39.196+0000] {logging_mixin.py:137} INFO - James Jackson
[2023-02-01T19:09:39.198+0000] {logging_mixin.py:137} INFO - Shirley Woodard
[2023-02-01T19:09:39.201+0000] {logging_mixin.py:137} INFO - James Hayes
[2023-02-01T19:09:39.204+0000] {logging_mixin.py:137} INFO - Megan Austin
[2023-02-01T19:09:39.206+0000] {logging_mixin.py:137} INFO - Erin Robertson
[2023-02-01T19:09:39.209+0000] {logging_mixin.py:137} INFO - Robert Phillips
[2023-02-01T19:09:39.214+0000] {logging_mixin.py:137} INFO - Amy Torres
[2023-02-01T19:09:39.216+0000] {logging_mixin.py:137} INFO - Joshua Cox
[2023-02-01T19:09:39.218+0000] {logging_mixin.py:137} INFO - Duane Grimes
[2023-02-01T19:09:39.222+0000] {logging_mixin.py:137} INFO - Jennifer Burgess
[2023-02-01T19:09:39.226+0000] {logging_mixin.py:137} INFO - Carlos Duran
[2023-02-01T19:09:39.230+0000] {logging_mixin.py:137} INFO - Jason Johnson
[2023-02-01T19:09:39.232+0000] {logging_mixin.py:137} INFO - Cameron Greer
[2023-02-01T19:09:39.235+0000] {logging_mixin.py:137} INFO - Randall Williams
[2023-02-01T19:09:39.238+0000] {logging_mixin.py:137} INFO - Jessica Harris
[2023-02-01T19:09:39.243+0000] {logging_mixin.py:137} INFO - Joshua Rogers
[2023-02-01T19:09:39.245+0000] {logging_mixin.py:137} INFO - Jose Mahoney
[2023-02-01T19:09:39.247+0000] {logging_mixin.py:137} INFO - Brandy Fuentes
[2023-02-01T19:09:39.252+0000] {logging_mixin.py:137} INFO - Angelica Matthews
[2023-02-01T19:09:39.254+0000] {logging_mixin.py:137} INFO - Glenn Caldwell
[2023-02-01T19:09:39.256+0000] {logging_mixin.py:137} INFO - Cristian Delacruz
[2023-02-01T19:09:39.257+0000] {logging_mixin.py:137} INFO - Alexandra Price
[2023-02-01T19:09:39.259+0000] {logging_mixin.py:137} INFO - Heather Wilson
[2023-02-01T19:09:39.261+0000] {logging_mixin.py:137} INFO - Shawn Thompson
[2023-02-01T19:09:39.263+0000] {logging_mixin.py:137} INFO - Anna Daniel
[2023-02-01T19:09:39.265+0000] {logging_mixin.py:137} INFO - Joseph Cisneros
[2023-02-01T19:09:39.266+0000] {logging_mixin.py:137} INFO - Rebecca Estes
[2023-02-01T19:09:39.268+0000] {logging_mixin.py:137} INFO - Jeremy Porter
[2023-02-01T19:09:39.270+0000] {logging_mixin.py:137} INFO - Lisa Mann
[2023-02-01T19:09:39.271+0000] {logging_mixin.py:137} INFO - Michael Woods
[2023-02-01T19:09:39.273+0000] {logging_mixin.py:137} INFO - Madison Thompson
[2023-02-01T19:09:39.276+0000] {logging_mixin.py:137} INFO - Nancy Gomez
[2023-02-01T19:09:39.278+0000] {logging_mixin.py:137} INFO - Julie Blanchard
[2023-02-01T19:09:39.281+0000] {logging_mixin.py:137} INFO - Michael Smith
[2023-02-01T19:09:39.283+0000] {logging_mixin.py:137} INFO - Angel Huber
[2023-02-01T19:09:39.284+0000] {logging_mixin.py:137} INFO - Michael Coffey
[2023-02-01T19:09:39.287+0000] {logging_mixin.py:137} INFO - Patrick Walter
[2023-02-01T19:09:39.289+0000] {logging_mixin.py:137} INFO - Curtis Davis
[2023-02-01T19:09:39.291+0000] {logging_mixin.py:137} INFO - Kyle Stewart
[2023-02-01T19:09:39.292+0000] {logging_mixin.py:137} INFO - Angela Jimenez
[2023-02-01T19:09:39.295+0000] {logging_mixin.py:137} INFO - Andrew Martinez
[2023-02-01T19:09:39.296+0000] {logging_mixin.py:137} INFO - Angela West
[2023-02-01T19:09:39.299+0000] {logging_mixin.py:137} INFO - Ryan Young
[2023-02-01T19:09:39.301+0000] {logging_mixin.py:137} INFO - Nathaniel Evans
[2023-02-01T19:09:39.305+0000] {logging_mixin.py:137} INFO - Dawn Bryant
[2023-02-01T19:09:39.307+0000] {logging_mixin.py:137} INFO - Danielle Lewis
[2023-02-01T19:09:39.310+0000] {logging_mixin.py:137} INFO - Matthew Newman
[2023-02-01T19:09:39.311+0000] {logging_mixin.py:137} INFO - Robert Smith
[2023-02-01T19:09:39.313+0000] {logging_mixin.py:137} INFO - Melissa Hicks
[2023-02-01T19:09:39.315+0000] {logging_mixin.py:137} INFO - Emily Lambert
[2023-02-01T19:09:39.317+0000] {logging_mixin.py:137} INFO - Krystal Wolfe
[2023-02-01T19:09:39.319+0000] {logging_mixin.py:137} INFO - Donna Murillo
[2023-02-01T19:09:39.322+0000] {logging_mixin.py:137} INFO - Carl Hudson
[2023-02-01T19:09:39.325+0000] {logging_mixin.py:137} INFO - Robert Wilson
[2023-02-01T19:09:39.327+0000] {logging_mixin.py:137} INFO - Patrick Mathis
[2023-02-01T19:09:39.328+0000] {logging_mixin.py:137} INFO - Michael Suarez
[2023-02-01T19:09:39.330+0000] {logging_mixin.py:137} INFO - David Johnson
[2023-02-01T19:09:39.332+0000] {logging_mixin.py:137} INFO - William Thompson
[2023-02-01T19:09:39.333+0000] {logging_mixin.py:137} INFO - Jessica Hansen DVM
[2023-02-01T19:09:39.335+0000] {logging_mixin.py:137} INFO - Katherine Friedman
[2023-02-01T19:09:39.337+0000] {logging_mixin.py:137} INFO - Jillian Johnson
[2023-02-01T19:09:39.339+0000] {logging_mixin.py:137} INFO - Robert Mckee
[2023-02-01T19:09:39.341+0000] {logging_mixin.py:137} INFO - Rachel Little
[2023-02-01T19:09:39.342+0000] {logging_mixin.py:137} INFO - Patricia Smith
[2023-02-01T19:09:39.344+0000] {logging_mixin.py:137} INFO - Heidi Martinez
[2023-02-01T19:09:39.348+0000] {logging_mixin.py:137} INFO - Caitlin Solomon
[2023-02-01T19:09:39.350+0000] {logging_mixin.py:137} INFO - Dr. Olivia Pugh
[2023-02-01T19:09:39.352+0000] {logging_mixin.py:137} INFO - John Steele DDS
[2023-02-01T19:09:39.353+0000] {logging_mixin.py:137} INFO - Jeremy Mathews
[2023-02-01T19:09:39.355+0000] {logging_mixin.py:137} INFO - Tiffany Hill
[2023-02-01T19:09:39.357+0000] {logging_mixin.py:137} INFO - Steven Edwards
[2023-02-01T19:09:39.359+0000] {logging_mixin.py:137} INFO - Charles Campbell
[2023-02-01T19:09:39.360+0000] {logging_mixin.py:137} INFO - Brett Hughes
[2023-02-01T19:09:39.362+0000] {logging_mixin.py:137} INFO - Christina Villegas
[2023-02-01T19:09:39.363+0000] {logging_mixin.py:137} INFO - Anthony Garcia
[2023-02-01T19:09:39.366+0000] {logging_mixin.py:137} INFO - Nathan Murphy
[2023-02-01T19:09:39.367+0000] {logging_mixin.py:137} INFO - Steven Dodson
[2023-02-01T19:09:39.369+0000] {logging_mixin.py:137} INFO - Brian Sullivan
[2023-02-01T19:09:39.370+0000] {logging_mixin.py:137} INFO - Renee White
[2023-02-01T19:09:39.372+0000] {logging_mixin.py:137} INFO - Laura Rowland
[2023-02-01T19:09:39.375+0000] {logging_mixin.py:137} INFO - John Moore
[2023-02-01T19:09:39.378+0000] {logging_mixin.py:137} INFO - Sophia Mckenzie
[2023-02-01T19:09:39.379+0000] {logging_mixin.py:137} INFO - David Roach
[2023-02-01T19:09:39.381+0000] {logging_mixin.py:137} INFO - Jennifer Patterson
[2023-02-01T19:09:39.383+0000] {logging_mixin.py:137} INFO - James Richards
[2023-02-01T19:09:39.386+0000] {logging_mixin.py:137} INFO - Mary Johnston
[2023-02-01T19:09:39.388+0000] {logging_mixin.py:137} INFO - Brandon Mcdaniel
[2023-02-01T19:09:39.390+0000] {logging_mixin.py:137} INFO - Meghan Stevenson
[2023-02-01T19:09:39.391+0000] {logging_mixin.py:137} INFO - Luis Hayes
[2023-02-01T19:09:39.392+0000] {logging_mixin.py:137} INFO - Alejandra Sloan
[2023-02-01T19:09:39.394+0000] {logging_mixin.py:137} INFO - Dr. Sandra Miller
[2023-02-01T19:09:39.395+0000] {logging_mixin.py:137} INFO - Dustin Bond
[2023-02-01T19:09:39.397+0000] {logging_mixin.py:137} INFO - Julia Patrick MD
[2023-02-01T19:09:39.398+0000] {logging_mixin.py:137} INFO - Jill Campbell
[2023-02-01T19:09:39.401+0000] {logging_mixin.py:137} INFO - Mark Ford
[2023-02-01T19:09:39.402+0000] {logging_mixin.py:137} INFO - Brian Long
[2023-02-01T19:09:39.405+0000] {logging_mixin.py:137} INFO - Lisa Peterson
[2023-02-01T19:09:39.406+0000] {logging_mixin.py:137} INFO - Matthew Lee
[2023-02-01T19:09:39.407+0000] {logging_mixin.py:137} INFO - Bradley Miller
[2023-02-01T19:09:39.409+0000] {logging_mixin.py:137} INFO - Jeffrey Moss
[2023-02-01T19:09:39.412+0000] {logging_mixin.py:137} INFO - Sara Carlson
[2023-02-01T19:09:39.413+0000] {logging_mixin.py:137} INFO - Daniel Rodriguez
[2023-02-01T19:09:39.415+0000] {logging_mixin.py:137} INFO - Jeremy David
[2023-02-01T19:09:39.417+0000] {logging_mixin.py:137} INFO - Eric Green
[2023-02-01T19:09:39.418+0000] {logging_mixin.py:137} INFO - Alexis Jones
[2023-02-01T19:09:39.419+0000] {logging_mixin.py:137} INFO - Matthew Rose
[2023-02-01T19:09:39.421+0000] {logging_mixin.py:137} INFO - Catherine Anderson
[2023-02-01T19:09:39.423+0000] {logging_mixin.py:137} INFO - Holly Burton
[2023-02-01T19:09:39.426+0000] {logging_mixin.py:137} INFO - David Matthews
[2023-02-01T19:09:39.427+0000] {logging_mixin.py:137} INFO - Mrs. Kara Little
[2023-02-01T19:09:39.429+0000] {logging_mixin.py:137} INFO - Jeffrey Stanley
[2023-02-01T19:09:39.431+0000] {logging_mixin.py:137} INFO - James Ochoa
[2023-02-01T19:09:39.433+0000] {logging_mixin.py:137} INFO - Jason Frye
[2023-02-01T19:09:39.434+0000] {logging_mixin.py:137} INFO - Christopher Ellis
[2023-02-01T19:09:39.436+0000] {logging_mixin.py:137} INFO - Michelle Nixon
[2023-02-01T19:09:39.438+0000] {logging_mixin.py:137} INFO - Andrew Gill
[2023-02-01T19:09:39.440+0000] {logging_mixin.py:137} INFO - Jennifer Wilson
[2023-02-01T19:09:39.441+0000] {logging_mixin.py:137} INFO - Shawn Black
[2023-02-01T19:09:39.442+0000] {logging_mixin.py:137} INFO - April Patterson
[2023-02-01T19:09:39.444+0000] {logging_mixin.py:137} INFO - Troy Vaughn
[2023-02-01T19:09:39.448+0000] {logging_mixin.py:137} INFO - Alexandria White
[2023-02-01T19:09:39.451+0000] {logging_mixin.py:137} INFO - Scott Phillips
[2023-02-01T19:09:39.454+0000] {logging_mixin.py:137} INFO - Zachary Cisneros
[2023-02-01T19:09:39.455+0000] {logging_mixin.py:137} INFO - Deborah Brown
[2023-02-01T19:09:39.457+0000] {logging_mixin.py:137} INFO - Monica Moses
[2023-02-01T19:09:39.459+0000] {logging_mixin.py:137} INFO - Brenda Reyes
[2023-02-01T19:09:39.460+0000] {logging_mixin.py:137} INFO - Miss Renee Allen
[2023-02-01T19:09:39.461+0000] {logging_mixin.py:137} INFO - Susan Clark
[2023-02-01T19:09:39.463+0000] {logging_mixin.py:137} INFO - Brandy Coffey
[2023-02-01T19:09:39.465+0000] {logging_mixin.py:137} INFO - Brett Nelson
[2023-02-01T19:09:39.467+0000] {logging_mixin.py:137} INFO - Ricardo Young
[2023-02-01T19:09:39.470+0000] {logging_mixin.py:137} INFO - Paul Lee
[2023-02-01T19:09:39.471+0000] {logging_mixin.py:137} INFO - David Allen
[2023-02-01T19:09:39.472+0000] {logging_mixin.py:137} INFO - Andrea Knight
[2023-02-01T19:09:39.473+0000] {logging_mixin.py:137} INFO - James Gomez
[2023-02-01T19:09:39.477+0000] {logging_mixin.py:137} INFO - Melody Gibson
[2023-02-01T19:09:39.480+0000] {logging_mixin.py:137} INFO - Christina Martinez
[2023-02-01T19:09:39.481+0000] {logging_mixin.py:137} INFO - Shelby Smith
[2023-02-01T19:09:39.483+0000] {logging_mixin.py:137} INFO - Jason Howard
[2023-02-01T19:09:39.485+0000] {logging_mixin.py:137} INFO - Amy Davidson
[2023-02-01T19:09:39.489+0000] {logging_mixin.py:137} INFO - Kyle Copeland
[2023-02-01T19:09:39.490+0000] {logging_mixin.py:137} INFO - Madeline Davis
[2023-02-01T19:09:39.491+0000] {logging_mixin.py:137} INFO - Aaron Young
[2023-02-01T19:09:39.493+0000] {logging_mixin.py:137} INFO - Lisa Barrett
[2023-02-01T19:09:39.494+0000] {logging_mixin.py:137} INFO - Joel Jones
[2023-02-01T19:09:39.495+0000] {logging_mixin.py:137} INFO - Christine Evans
[2023-02-01T19:09:39.496+0000] {logging_mixin.py:137} INFO - Kimberly Johnson
[2023-02-01T19:09:39.498+0000] {logging_mixin.py:137} INFO - Charles Hess
[2023-02-01T19:09:39.499+0000] {logging_mixin.py:137} INFO - Paul Dixon
[2023-02-01T19:09:39.501+0000] {logging_mixin.py:137} INFO - Christopher Johnson
[2023-02-01T19:09:39.502+0000] {logging_mixin.py:137} INFO - Robert Dawson
[2023-02-01T19:09:39.505+0000] {logging_mixin.py:137} INFO - Ryan Dixon
[2023-02-01T19:09:39.506+0000] {logging_mixin.py:137} INFO - Julie Martinez
[2023-02-01T19:09:39.507+0000] {logging_mixin.py:137} INFO - David Adams
[2023-02-01T19:09:39.509+0000] {logging_mixin.py:137} INFO - Mariah Brown
[2023-02-01T19:09:39.510+0000] {logging_mixin.py:137} INFO - Deborah Malone
[2023-02-01T19:09:39.513+0000] {logging_mixin.py:137} INFO - John Brown
[2023-02-01T19:09:39.515+0000] {logging_mixin.py:137} INFO - Maria Stewart
[2023-02-01T19:09:39.516+0000] {logging_mixin.py:137} INFO - Mr. Bryan Hawkins
[2023-02-01T19:09:39.518+0000] {logging_mixin.py:137} INFO - Kyle Brooks
[2023-02-01T19:09:39.519+0000] {logging_mixin.py:137} INFO - Kenneth White
[2023-02-01T19:09:39.521+0000] {logging_mixin.py:137} INFO - Patricia Wilson
[2023-02-01T19:09:39.522+0000] {logging_mixin.py:137} INFO - Paul Soto
[2023-02-01T19:09:39.524+0000] {logging_mixin.py:137} INFO - Janice Garrett
[2023-02-01T19:09:39.526+0000] {logging_mixin.py:137} INFO - Randy Strickland
[2023-02-01T19:09:39.528+0000] {logging_mixin.py:137} INFO - Felicia Herrera
[2023-02-01T19:09:39.530+0000] {logging_mixin.py:137} INFO - Andre Campos
[2023-02-01T19:09:39.532+0000] {logging_mixin.py:137} INFO - Justin Meyer
[2023-02-01T19:09:39.534+0000] {logging_mixin.py:137} INFO - Brandon Brooks
[2023-02-01T19:09:39.536+0000] {logging_mixin.py:137} INFO - Abigail Rivera
[2023-02-01T19:09:39.537+0000] {logging_mixin.py:137} INFO - Jessica Mann
[2023-02-01T19:09:39.538+0000] {logging_mixin.py:137} INFO - Michael Sawyer
[2023-02-01T19:09:39.539+0000] {logging_mixin.py:137} INFO - Jeffrey Coleman
[2023-02-01T19:09:39.541+0000] {logging_mixin.py:137} INFO - Micheal Castro
[2023-02-01T19:09:39.543+0000] {logging_mixin.py:137} INFO - Laura Gonzalez
[2023-02-01T19:09:39.544+0000] {logging_mixin.py:137} INFO - Christopher Jackson
[2023-02-01T19:09:39.545+0000] {logging_mixin.py:137} INFO - William Mckenzie
[2023-02-01T19:09:39.549+0000] {logging_mixin.py:137} INFO - Kristina Rodriguez
[2023-02-01T19:09:39.551+0000] {logging_mixin.py:137} INFO - Kelli Williams
[2023-02-01T19:09:39.552+0000] {logging_mixin.py:137} INFO - Diane Norris
[2023-02-01T19:09:39.554+0000] {logging_mixin.py:137} INFO - Kevin Carroll
[2023-02-01T19:09:39.555+0000] {logging_mixin.py:137} INFO - Betty Weber
[2023-02-01T19:09:39.557+0000] {logging_mixin.py:137} INFO - Jeffery Robinson
[2023-02-01T19:09:39.558+0000] {logging_mixin.py:137} INFO - Hannah Cowan
[2023-02-01T19:09:39.560+0000] {logging_mixin.py:137} INFO - Brian Kramer
[2023-02-01T19:09:39.561+0000] {logging_mixin.py:137} INFO - Anthony Roberts
[2023-02-01T19:09:39.562+0000] {logging_mixin.py:137} INFO - Ricardo Blankenship
[2023-02-01T19:09:39.564+0000] {logging_mixin.py:137} INFO - Brooke Collins
[2023-02-01T19:09:39.566+0000] {logging_mixin.py:137} INFO - Tammy Lawson
[2023-02-01T19:09:39.568+0000] {logging_mixin.py:137} INFO - Cody Miller
[2023-02-01T19:09:39.570+0000] {logging_mixin.py:137} INFO - Dr. Janice Salazar
[2023-02-01T19:09:39.571+0000] {logging_mixin.py:137} INFO - David West
[2023-02-01T19:09:39.573+0000] {logging_mixin.py:137} INFO - Robin Carpenter
[2023-02-01T19:09:39.574+0000] {logging_mixin.py:137} INFO - Monique Wall
[2023-02-01T19:09:39.575+0000] {logging_mixin.py:137} INFO - Charles Cardenas
[2023-02-01T19:09:39.577+0000] {logging_mixin.py:137} INFO - Valerie Mitchell
[2023-02-01T19:09:39.579+0000] {logging_mixin.py:137} INFO - Michelle Valenzuela
[2023-02-01T19:09:39.580+0000] {logging_mixin.py:137} INFO - William Poole
[2023-02-01T19:09:39.582+0000] {logging_mixin.py:137} INFO - James Hall
[2023-02-01T19:09:39.583+0000] {logging_mixin.py:137} INFO - Dylan Carpenter
[2023-02-01T19:09:39.585+0000] {logging_mixin.py:137} INFO - Linda Medina
[2023-02-01T19:09:39.586+0000] {logging_mixin.py:137} INFO - Joan White
[2023-02-01T19:09:39.588+0000] {logging_mixin.py:137} INFO - Mary Klein
[2023-02-01T19:09:39.590+0000] {logging_mixin.py:137} INFO - Ashley Wolf
[2023-02-01T19:09:39.593+0000] {logging_mixin.py:137} INFO - William Reed
[2023-02-01T19:09:39.596+0000] {logging_mixin.py:137} INFO - Derek Harvey
[2023-02-01T19:09:39.600+0000] {logging_mixin.py:137} INFO - Kathleen Rodriguez
[2023-02-01T19:09:39.601+0000] {logging_mixin.py:137} INFO - Andrew Rodriguez
[2023-02-01T19:09:39.603+0000] {logging_mixin.py:137} INFO - Ariel Frank
[2023-02-01T19:09:39.605+0000] {logging_mixin.py:137} INFO - Tina French
[2023-02-01T19:09:39.606+0000] {logging_mixin.py:137} INFO - Brent Waller
[2023-02-01T19:09:39.609+0000] {logging_mixin.py:137} INFO - Kevin Allen
[2023-02-01T19:09:39.611+0000] {logging_mixin.py:137} INFO - Xavier Walker
[2023-02-01T19:09:39.614+0000] {logging_mixin.py:137} INFO - Michelle Sanchez
[2023-02-01T19:09:39.615+0000] {logging_mixin.py:137} INFO - Rachael Shepard
[2023-02-01T19:09:39.617+0000] {logging_mixin.py:137} INFO - Kelsey Johnson
[2023-02-01T19:09:39.619+0000] {logging_mixin.py:137} INFO - Nicole Webb
[2023-02-01T19:09:39.621+0000] {logging_mixin.py:137} INFO - Nicholas Rodriguez
[2023-02-01T19:09:39.623+0000] {logging_mixin.py:137} INFO - Eric Vaughan
[2023-02-01T19:09:39.625+0000] {logging_mixin.py:137} INFO - Amanda Richardson
[2023-02-01T19:09:39.628+0000] {logging_mixin.py:137} INFO - Janice Carlson
[2023-02-01T19:09:39.629+0000] {logging_mixin.py:137} INFO - Darryl Walsh
[2023-02-01T19:09:39.631+0000] {logging_mixin.py:137} INFO - Heather Johnson
[2023-02-01T19:09:39.633+0000] {logging_mixin.py:137} INFO - Mark Chambers
[2023-02-01T19:09:39.635+0000] {logging_mixin.py:137} INFO - Tracy Burns
[2023-02-01T19:09:39.637+0000] {logging_mixin.py:137} INFO - John Cole
[2023-02-01T19:09:39.638+0000] {logging_mixin.py:137} INFO - Deborah Silva
[2023-02-01T19:09:39.639+0000] {logging_mixin.py:137} INFO - Shawn Hernandez
[2023-02-01T19:09:39.641+0000] {logging_mixin.py:137} INFO - Bethany Meyer
[2023-02-01T19:09:39.647+0000] {logging_mixin.py:137} INFO - Helen Smith
[2023-02-01T19:09:39.650+0000] {logging_mixin.py:137} INFO - Dana Dennis
[2023-02-01T19:09:39.653+0000] {logging_mixin.py:137} INFO - Kelsey Camacho
[2023-02-01T19:09:39.654+0000] {logging_mixin.py:137} INFO - Matthew Thomas
[2023-02-01T19:09:39.656+0000] {logging_mixin.py:137} INFO - Brittany Arellano
[2023-02-01T19:09:39.658+0000] {logging_mixin.py:137} INFO - Stacey Jones
[2023-02-01T19:09:39.663+0000] {logging_mixin.py:137} INFO - William Weeks
[2023-02-01T19:09:39.664+0000] {logging_mixin.py:137} INFO - Mark Beasley
[2023-02-01T19:09:39.665+0000] {logging_mixin.py:137} INFO - Bruce Pena
[2023-02-01T19:09:39.667+0000] {logging_mixin.py:137} INFO - Jeffery Smith
[2023-02-01T19:09:39.668+0000] {logging_mixin.py:137} INFO - Ann Deleon
[2023-02-01T19:09:39.670+0000] {logging_mixin.py:137} INFO - Kevin Robertson
[2023-02-01T19:09:39.671+0000] {logging_mixin.py:137} INFO - Vincent Willis MD
[2023-02-01T19:09:39.674+0000] {logging_mixin.py:137} INFO - Michael Nielsen
[2023-02-01T19:09:39.676+0000] {logging_mixin.py:137} INFO - Walter Koch
[2023-02-01T19:09:39.680+0000] {logging_mixin.py:137} INFO - Brian Vega
[2023-02-01T19:09:39.682+0000] {logging_mixin.py:137} INFO - Jeffrey Medina
[2023-02-01T19:09:39.683+0000] {logging_mixin.py:137} INFO - Erika Banks
[2023-02-01T19:09:39.684+0000] {logging_mixin.py:137} INFO - Stacey Griffin
[2023-02-01T19:09:39.685+0000] {logging_mixin.py:137} INFO - Michael Marsh
[2023-02-01T19:09:39.687+0000] {logging_mixin.py:137} INFO - Molly White
[2023-02-01T19:09:39.688+0000] {logging_mixin.py:137} INFO - Matthew Morrison
[2023-02-01T19:09:39.690+0000] {logging_mixin.py:137} INFO - Amanda Burns
[2023-02-01T19:09:39.691+0000] {logging_mixin.py:137} INFO - Emily Gonzalez DDS
[2023-02-01T19:09:39.693+0000] {logging_mixin.py:137} INFO - Gregory King
[2023-02-01T19:09:39.694+0000] {logging_mixin.py:137} INFO - Dennis Evans
[2023-02-01T19:09:39.695+0000] {logging_mixin.py:137} INFO - Christina Snyder
[2023-02-01T19:09:39.697+0000] {logging_mixin.py:137} INFO - Carolyn Mata
[2023-02-01T19:09:39.699+0000] {logging_mixin.py:137} INFO - Brandy Lawson
[2023-02-01T19:09:39.701+0000] {logging_mixin.py:137} INFO - Briana Christian
[2023-02-01T19:09:39.705+0000] {logging_mixin.py:137} INFO - Jeffrey Hernandez
[2023-02-01T19:09:39.708+0000] {logging_mixin.py:137} INFO - John Riggs
[2023-02-01T19:09:39.710+0000] {logging_mixin.py:137} INFO - Barbara Short
[2023-02-01T19:09:39.711+0000] {logging_mixin.py:137} INFO - Steven Brooks
[2023-02-01T19:09:39.713+0000] {logging_mixin.py:137} INFO - Gabrielle James
[2023-02-01T19:09:39.717+0000] {logging_mixin.py:137} INFO - Robert Young
[2023-02-01T19:09:39.719+0000] {logging_mixin.py:137} INFO - Derek Sanders
[2023-02-01T19:09:39.720+0000] {logging_mixin.py:137} INFO - Mallory Oliver
[2023-02-01T19:09:39.724+0000] {logging_mixin.py:137} INFO - Terry Howe
[2023-02-01T19:09:39.726+0000] {logging_mixin.py:137} INFO - Samuel Wallace
[2023-02-01T19:09:39.729+0000] {logging_mixin.py:137} INFO - Angel Jones
[2023-02-01T19:09:39.733+0000] {logging_mixin.py:137} INFO - Jacqueline Nichols
[2023-02-01T19:09:39.735+0000] {logging_mixin.py:137} INFO - Melissa Mcgee
[2023-02-01T19:09:39.738+0000] {logging_mixin.py:137} INFO - Michelle Smith
[2023-02-01T19:09:39.740+0000] {logging_mixin.py:137} INFO - Maureen Baxter
[2023-02-01T19:09:39.745+0000] {logging_mixin.py:137} INFO - Kathy Crawford
[2023-02-01T19:09:39.748+0000] {logging_mixin.py:137} INFO - Stacy Wood
[2023-02-01T19:09:39.750+0000] {logging_mixin.py:137} INFO - Justin Parsons
[2023-02-01T19:09:39.753+0000] {logging_mixin.py:137} INFO - Ann Klein
[2023-02-01T19:09:39.755+0000] {logging_mixin.py:137} INFO - Allison Arnold
[2023-02-01T19:09:39.757+0000] {logging_mixin.py:137} INFO - Heather Kirk
[2023-02-01T19:09:39.759+0000] {logging_mixin.py:137} INFO - Monica Smith
[2023-02-01T19:09:39.762+0000] {logging_mixin.py:137} INFO - Brett Oconnor
[2023-02-01T19:09:39.763+0000] {logging_mixin.py:137} INFO - Anthony Bryant
[2023-02-01T19:09:39.765+0000] {logging_mixin.py:137} INFO - Jeremy Russell
[2023-02-01T19:09:39.768+0000] {logging_mixin.py:137} INFO - Julie Poole
[2023-02-01T19:09:39.769+0000] {logging_mixin.py:137} INFO - Emma Thompson
[2023-02-01T19:09:39.771+0000] {logging_mixin.py:137} INFO - Bradley Matthews
[2023-02-01T19:09:39.773+0000] {logging_mixin.py:137} INFO - William Roberts
[2023-02-01T19:09:39.774+0000] {logging_mixin.py:137} INFO - Julie Mooney
[2023-02-01T19:09:39.776+0000] {logging_mixin.py:137} INFO - Amy Doyle
[2023-02-01T19:09:39.778+0000] {logging_mixin.py:137} INFO - Amanda Grant
[2023-02-01T19:09:39.780+0000] {logging_mixin.py:137} INFO - Eric Anderson
[2023-02-01T19:09:39.783+0000] {logging_mixin.py:137} INFO - George Thompson
[2023-02-01T19:09:39.785+0000] {logging_mixin.py:137} INFO - Dustin Hines
[2023-02-01T19:09:39.786+0000] {logging_mixin.py:137} INFO - Andrea Frank
[2023-02-01T19:09:39.788+0000] {logging_mixin.py:137} INFO - Jodi Cook
[2023-02-01T19:09:39.790+0000] {logging_mixin.py:137} INFO - Stacy Haney
[2023-02-01T19:09:39.792+0000] {logging_mixin.py:137} INFO - Paul Callahan
[2023-02-01T19:09:39.793+0000] {logging_mixin.py:137} INFO - Jasmine Chambers
[2023-02-01T19:09:39.797+0000] {logging_mixin.py:137} INFO - Melissa Pittman MD
[2023-02-01T19:09:39.799+0000] {logging_mixin.py:137} INFO - Deborah Larson
[2023-02-01T19:09:39.802+0000] {logging_mixin.py:137} INFO - Brandon Shaw
[2023-02-01T19:09:39.803+0000] {logging_mixin.py:137} INFO - Timothy Paul
[2023-02-01T19:09:39.806+0000] {logging_mixin.py:137} INFO - Michael Trujillo
[2023-02-01T19:09:39.811+0000] {logging_mixin.py:137} INFO - Robert Rivera
[2023-02-01T19:09:39.814+0000] {logging_mixin.py:137} INFO - Dana Nelson
[2023-02-01T19:09:39.816+0000] {logging_mixin.py:137} INFO - Andrea Bennett
[2023-02-01T19:09:39.818+0000] {logging_mixin.py:137} INFO - Jodi Fox
[2023-02-01T19:09:39.820+0000] {logging_mixin.py:137} INFO - Heather Hayes
[2023-02-01T19:09:39.822+0000] {logging_mixin.py:137} INFO - Jennifer Moreno
[2023-02-01T19:09:39.823+0000] {logging_mixin.py:137} INFO - John Patel
[2023-02-01T19:09:39.824+0000] {logging_mixin.py:137} INFO - Teresa Oliver
[2023-02-01T19:09:39.826+0000] {logging_mixin.py:137} INFO - Monique Bell
[2023-02-01T19:09:39.828+0000] {logging_mixin.py:137} INFO - Casey Leonard
[2023-02-01T19:09:39.833+0000] {logging_mixin.py:137} INFO - Steven Clark
[2023-02-01T19:09:39.835+0000] {logging_mixin.py:137} INFO - Edward Martin
[2023-02-01T19:09:39.837+0000] {logging_mixin.py:137} INFO - Shawn Orozco
[2023-02-01T19:09:39.838+0000] {logging_mixin.py:137} INFO - Brandon Yang
[2023-02-01T19:09:39.840+0000] {logging_mixin.py:137} INFO - Nathan Ray
[2023-02-01T19:09:39.842+0000] {logging_mixin.py:137} INFO - Lori Moore
[2023-02-01T19:09:39.844+0000] {logging_mixin.py:137} INFO - Dr. Lisa Shaw DVM
[2023-02-01T19:09:39.846+0000] {logging_mixin.py:137} INFO - Angela Walters
[2023-02-01T19:09:39.850+0000] {logging_mixin.py:137} INFO - David Nolan
[2023-02-01T19:09:39.855+0000] {logging_mixin.py:137} INFO - William Ramsey
[2023-02-01T19:09:39.859+0000] {logging_mixin.py:137} INFO - David Oconnor
[2023-02-01T19:09:39.862+0000] {logging_mixin.py:137} INFO - Mark Washington
[2023-02-01T19:09:39.866+0000] {logging_mixin.py:137} INFO - Jennifer Jacobs
[2023-02-01T19:09:39.871+0000] {logging_mixin.py:137} INFO - Tammy Hampton
[2023-02-01T19:09:39.873+0000] {logging_mixin.py:137} INFO - Stephen Farmer
[2023-02-01T19:09:39.877+0000] {logging_mixin.py:137} INFO - Jasmine Nguyen
[2023-02-01T19:09:39.879+0000] {logging_mixin.py:137} INFO - Rebecca Flores
[2023-02-01T19:09:39.881+0000] {logging_mixin.py:137} INFO - Tyler Davis
[2023-02-01T19:09:39.883+0000] {logging_mixin.py:137} INFO - Nancy Gray
[2023-02-01T19:09:39.886+0000] {logging_mixin.py:137} INFO - Brian Sanchez
[2023-02-01T19:09:39.893+0000] {logging_mixin.py:137} INFO - Laurie Shaw
[2023-02-01T19:09:39.896+0000] {logging_mixin.py:137} INFO - Kristina Torres
[2023-02-01T19:09:39.900+0000] {logging_mixin.py:137} INFO - Andrea Rodgers
[2023-02-01T19:09:39.905+0000] {logging_mixin.py:137} INFO - Jason Walters
[2023-02-01T19:09:39.907+0000] {logging_mixin.py:137} INFO - Jerry Moss
[2023-02-01T19:09:39.910+0000] {logging_mixin.py:137} INFO - Jeffrey Jordan
[2023-02-01T19:09:39.912+0000] {logging_mixin.py:137} INFO - Jennifer Wilson
[2023-02-01T19:09:39.916+0000] {logging_mixin.py:137} INFO - Trevor Mathews
[2023-02-01T19:09:39.922+0000] {logging_mixin.py:137} INFO - Anne Hood
[2023-02-01T19:09:39.926+0000] {logging_mixin.py:137} INFO - Sarah Williams
[2023-02-01T19:09:39.931+0000] {logging_mixin.py:137} INFO - Shelby Hernandez
[2023-02-01T19:09:39.933+0000] {logging_mixin.py:137} INFO - Samantha Velez
[2023-02-01T19:09:39.935+0000] {logging_mixin.py:137} INFO - Matthew Douglas
[2023-02-01T19:09:39.938+0000] {logging_mixin.py:137} INFO - Ashlee George
[2023-02-01T19:09:39.941+0000] {logging_mixin.py:137} INFO - Troy Crane
[2023-02-01T19:09:39.944+0000] {logging_mixin.py:137} INFO - Michael Cooper
[2023-02-01T19:09:39.946+0000] {logging_mixin.py:137} INFO - Michael White
[2023-02-01T19:09:39.948+0000] {logging_mixin.py:137} INFO - Mr. Timothy Fleming
[2023-02-01T19:09:39.950+0000] {logging_mixin.py:137} INFO - Seth Bruce
[2023-02-01T19:09:39.953+0000] {logging_mixin.py:137} INFO - Jacqueline Carpenter
[2023-02-01T19:09:39.955+0000] {logging_mixin.py:137} INFO - Michael Martin
[2023-02-01T19:09:39.957+0000] {logging_mixin.py:137} INFO - Kristopher Henry
[2023-02-01T19:09:39.958+0000] {logging_mixin.py:137} INFO - Tiffany Porter
[2023-02-01T19:09:39.961+0000] {logging_mixin.py:137} INFO - Stacy Simpson
[2023-02-01T19:09:39.962+0000] {logging_mixin.py:137} INFO - Tammy Mcdowell
[2023-02-01T19:09:39.964+0000] {logging_mixin.py:137} INFO - Thomas Walters
[2023-02-01T19:09:39.966+0000] {logging_mixin.py:137} INFO - Dwayne Thompson
[2023-02-01T19:09:39.968+0000] {logging_mixin.py:137} INFO - Natalie Willis
[2023-02-01T19:09:39.969+0000] {logging_mixin.py:137} INFO - Sharon Taylor
[2023-02-01T19:09:39.970+0000] {logging_mixin.py:137} INFO - Sarah Wiggins
[2023-02-01T19:09:39.972+0000] {logging_mixin.py:137} INFO - Amber Thomas
[2023-02-01T19:09:39.974+0000] {logging_mixin.py:137} INFO - Patrick Miller
[2023-02-01T19:09:39.976+0000] {logging_mixin.py:137} INFO - Stephanie Hartman
[2023-02-01T19:09:39.977+0000] {logging_mixin.py:137} INFO - Stacey Mora
[2023-02-01T19:09:39.982+0000] {logging_mixin.py:137} INFO - Katherine Rodriguez
[2023-02-01T19:09:39.984+0000] {logging_mixin.py:137} INFO - Daniel Morgan
[2023-02-01T19:09:39.987+0000] {logging_mixin.py:137} INFO - Rebecca Martinez
[2023-02-01T19:09:39.991+0000] {logging_mixin.py:137} INFO - Nicole Juarez
[2023-02-01T19:09:39.994+0000] {logging_mixin.py:137} INFO - Mark Arroyo
[2023-02-01T19:09:39.997+0000] {logging_mixin.py:137} INFO - April Lucero
[2023-02-01T19:09:39.998+0000] {logging_mixin.py:137} INFO - Samantha Garcia
[2023-02-01T19:09:40.000+0000] {logging_mixin.py:137} INFO - Jon Moore
[2023-02-01T19:09:40.001+0000] {logging_mixin.py:137} INFO - Joshua Flores MD
[2023-02-01T19:09:40.003+0000] {logging_mixin.py:137} INFO - Raymond Jones
[2023-02-01T19:09:40.004+0000] {logging_mixin.py:137} INFO - Billy Hughes
[2023-02-01T19:09:40.006+0000] {logging_mixin.py:137} INFO - Peggy Valdez PhD
[2023-02-01T19:09:40.007+0000] {logging_mixin.py:137} INFO - Joshua Reyes
[2023-02-01T19:09:40.009+0000] {logging_mixin.py:137} INFO - Aaron Green
[2023-02-01T19:09:40.011+0000] {logging_mixin.py:137} INFO - Wendy Espinoza
[2023-02-01T19:09:40.012+0000] {logging_mixin.py:137} INFO - Peter Vasquez
[2023-02-01T19:09:40.014+0000] {logging_mixin.py:137} INFO - Diane Harper
[2023-02-01T19:09:40.016+0000] {logging_mixin.py:137} INFO - Ms. Rebecca Cantu
[2023-02-01T19:09:40.017+0000] {logging_mixin.py:137} INFO - Yolanda Morrow
[2023-02-01T19:09:40.019+0000] {logging_mixin.py:137} INFO - Penny Beard
[2023-02-01T19:09:40.021+0000] {logging_mixin.py:137} INFO - Lisa Long
[2023-02-01T19:09:40.023+0000] {logging_mixin.py:137} INFO - Jerry Harris
[2023-02-01T19:09:40.025+0000] {logging_mixin.py:137} INFO - Bob Willis
[2023-02-01T19:09:40.028+0000] {logging_mixin.py:137} INFO - Duane Chapman
[2023-02-01T19:09:40.030+0000] {logging_mixin.py:137} INFO - William Morgan
[2023-02-01T19:09:40.033+0000] {logging_mixin.py:137} INFO - Amy Gutierrez
[2023-02-01T19:09:40.034+0000] {logging_mixin.py:137} INFO - Amber Nichols
[2023-02-01T19:09:40.036+0000] {logging_mixin.py:137} INFO - Matthew Carr
[2023-02-01T19:09:40.039+0000] {logging_mixin.py:137} INFO - Thomas Duncan
[2023-02-01T19:09:40.043+0000] {logging_mixin.py:137} INFO - Elizabeth Wright
[2023-02-01T19:09:40.045+0000] {logging_mixin.py:137} INFO - Jacqueline Brewer
[2023-02-01T19:09:40.047+0000] {logging_mixin.py:137} INFO - Stephanie Johnson
[2023-02-01T19:09:40.048+0000] {logging_mixin.py:137} INFO - Samantha Calderon
[2023-02-01T19:09:40.050+0000] {logging_mixin.py:137} INFO - Kathryn Gaines
[2023-02-01T19:09:40.053+0000] {logging_mixin.py:137} INFO - Angel Jones
[2023-02-01T19:09:40.055+0000] {logging_mixin.py:137} INFO - Laura Wall
[2023-02-01T19:09:40.056+0000] {logging_mixin.py:137} INFO - Mr. Anthony Hamilton
[2023-02-01T19:09:40.058+0000] {logging_mixin.py:137} INFO - David Smith
[2023-02-01T19:09:40.059+0000] {logging_mixin.py:137} INFO - Kimberly Herrera DDS
[2023-02-01T19:09:40.061+0000] {logging_mixin.py:137} INFO - Gina Wilson
[2023-02-01T19:09:40.062+0000] {logging_mixin.py:137} INFO - Timothy Byrd
[2023-02-01T19:09:40.063+0000] {logging_mixin.py:137} INFO - Michael Mckenzie
[2023-02-01T19:09:40.065+0000] {logging_mixin.py:137} INFO - Jeffrey Mcintyre
[2023-02-01T19:09:40.066+0000] {logging_mixin.py:137} INFO - Teresa Jackson
[2023-02-01T19:09:40.069+0000] {logging_mixin.py:137} INFO - Joseph Wilcox
[2023-02-01T19:09:40.070+0000] {logging_mixin.py:137} INFO - Patrick Mcknight
[2023-02-01T19:09:40.071+0000] {logging_mixin.py:137} INFO - Ronald Moreno
[2023-02-01T19:09:40.072+0000] {logging_mixin.py:137} INFO - Jamie Sullivan
[2023-02-01T19:09:40.073+0000] {logging_mixin.py:137} INFO - Jason Anderson
[2023-02-01T19:09:40.075+0000] {logging_mixin.py:137} INFO - Steven Stewart
[2023-02-01T19:09:40.076+0000] {logging_mixin.py:137} INFO - Melinda Paul
[2023-02-01T19:09:40.078+0000] {logging_mixin.py:137} INFO - Cynthia Simmons
[2023-02-01T19:09:40.079+0000] {logging_mixin.py:137} INFO - Christian Smith
[2023-02-01T19:09:40.080+0000] {logging_mixin.py:137} INFO - William Jimenez
[2023-02-01T19:09:40.082+0000] {logging_mixin.py:137} INFO - Hayley French
[2023-02-01T19:09:40.083+0000] {logging_mixin.py:137} INFO - Brandon Hess
[2023-02-01T19:09:40.084+0000] {logging_mixin.py:137} INFO - Laura Perry
[2023-02-01T19:09:40.086+0000] {logging_mixin.py:137} INFO - Scott Jones
[2023-02-01T19:09:40.087+0000] {logging_mixin.py:137} INFO - Christine Hernandez
[2023-02-01T19:09:40.088+0000] {logging_mixin.py:137} INFO - Douglas Eaton
[2023-02-01T19:09:40.090+0000] {logging_mixin.py:137} INFO - William Soto
[2023-02-01T19:09:40.091+0000] {logging_mixin.py:137} INFO - Mary Jones
[2023-02-01T19:09:40.092+0000] {logging_mixin.py:137} INFO - Stephanie Holmes
[2023-02-01T19:09:40.094+0000] {logging_mixin.py:137} INFO - Keith Meyers
[2023-02-01T19:09:40.095+0000] {logging_mixin.py:137} INFO - Paul Fisher
[2023-02-01T19:09:40.096+0000] {logging_mixin.py:137} INFO - Emily Alexander
[2023-02-01T19:09:40.097+0000] {logging_mixin.py:137} INFO - Anthony Schwartz
[2023-02-01T19:09:40.099+0000] {logging_mixin.py:137} INFO - Evelyn Jacobs
[2023-02-01T19:09:40.100+0000] {logging_mixin.py:137} INFO - Connie Jones
[2023-02-01T19:09:40.101+0000] {logging_mixin.py:137} INFO - Carla Gibbs
[2023-02-01T19:09:40.104+0000] {logging_mixin.py:137} INFO - Ashley Santiago
[2023-02-01T19:09:40.105+0000] {logging_mixin.py:137} INFO - Micheal Mckee
[2023-02-01T19:09:40.106+0000] {logging_mixin.py:137} INFO - Diane Williams
[2023-02-01T19:09:40.107+0000] {logging_mixin.py:137} INFO - Jesse Velasquez
[2023-02-01T19:09:40.108+0000] {logging_mixin.py:137} INFO - Jennifer Rodriguez
[2023-02-01T19:09:40.109+0000] {logging_mixin.py:137} INFO - Joe Griffin
[2023-02-01T19:09:40.110+0000] {logging_mixin.py:137} INFO - Gary Cherry
[2023-02-01T19:09:40.112+0000] {logging_mixin.py:137} INFO - Alyssa Edwards
[2023-02-01T19:09:40.114+0000] {logging_mixin.py:137} INFO - Caroline Hernandez MD
[2023-02-01T19:09:40.115+0000] {logging_mixin.py:137} INFO - Jessica Morton
[2023-02-01T19:09:40.116+0000] {logging_mixin.py:137} INFO - Holly Jones
[2023-02-01T19:09:40.117+0000] {logging_mixin.py:137} INFO - David Shelton
[2023-02-01T19:09:40.118+0000] {logging_mixin.py:137} INFO - Kristina Parks
[2023-02-01T19:09:40.119+0000] {logging_mixin.py:137} INFO - Laurie Hernandez
[2023-02-01T19:09:40.120+0000] {logging_mixin.py:137} INFO - Melissa James
[2023-02-01T19:09:40.121+0000] {logging_mixin.py:137} INFO - Jeremiah Adams
[2023-02-01T19:09:40.124+0000] {logging_mixin.py:137} INFO - Arthur Robinson
[2023-02-01T19:09:40.126+0000] {logging_mixin.py:137} INFO - Anna Shepard
[2023-02-01T19:09:40.127+0000] {logging_mixin.py:137} INFO - Brandon Myers
[2023-02-01T19:09:40.128+0000] {logging_mixin.py:137} INFO - Paul Cardenas
[2023-02-01T19:09:40.130+0000] {logging_mixin.py:137} INFO - Megan Santana
[2023-02-01T19:09:40.131+0000] {logging_mixin.py:137} INFO - Joseph Marshall
[2023-02-01T19:09:40.132+0000] {logging_mixin.py:137} INFO - Mrs. Brenda Harris
[2023-02-01T19:09:40.134+0000] {logging_mixin.py:137} INFO - Nicole Garcia
[2023-02-01T19:09:40.135+0000] {logging_mixin.py:137} INFO - Anna Estrada
[2023-02-01T19:09:40.136+0000] {logging_mixin.py:137} INFO - Carl Moore
[2023-02-01T19:09:40.137+0000] {logging_mixin.py:137} INFO - Rodney Hernandez
[2023-02-01T19:09:40.138+0000] {logging_mixin.py:137} INFO - Madison Christian
[2023-02-01T19:09:40.139+0000] {logging_mixin.py:137} INFO - Heather Rhodes
[2023-02-01T19:09:40.144+0000] {python.py:177} INFO - Done. Returned value was: None
[2023-02-01T19:09:40.157+0000] {taskinstance.py:1323} INFO - Marking task as SUCCESS. dag_id=CSV_DAG, task_id=convertCSVToJson, execution_date=20230201T115000, start_date=20230201T190937, end_date=20230201T190940
[2023-02-01T19:09:40.214+0000] {local_task_job.py:208} INFO - Task exited with return code 0
[2023-02-01T19:09:40.248+0000] {taskinstance.py:2578} INFO - 0 downstream tasks scheduled from follow-on schedule check
