[2023-02-01T19:10:39.624+0000] {taskinstance.py:1083} INFO - Dependencies all met for <TaskInstance: CSV_DAG.starting scheduled__2023-02-01T15:25:00+00:00 [queued]>
[2023-02-01T19:10:39.736+0000] {taskinstance.py:1083} INFO - Dependencies all met for <TaskInstance: CSV_DAG.starting scheduled__2023-02-01T15:25:00+00:00 [queued]>
[2023-02-01T19:10:39.737+0000] {taskinstance.py:1279} INFO - 
--------------------------------------------------------------------------------
[2023-02-01T19:10:39.740+0000] {taskinstance.py:1280} INFO - Starting attempt 1 of 2
[2023-02-01T19:10:39.741+0000] {taskinstance.py:1281} INFO - 
--------------------------------------------------------------------------------
[2023-02-01T19:10:39.781+0000] {taskinstance.py:1300} INFO - Executing <Task(BashOperator): starting> on 2023-02-01 15:25:00+00:00
[2023-02-01T19:10:39.800+0000] {standard_task_runner.py:55} INFO - Started process 1549 to run task
[2023-02-01T19:10:39.836+0000] {standard_task_runner.py:82} INFO - Running: ['***', 'tasks', 'run', 'CSV_DAG', 'starting', 'scheduled__2023-02-01T15:25:00+00:00', '--job-id', '392', '--raw', '--subdir', 'DAGS_FOLDER/csv.py', '--cfg-path', '/tmp/tmplwzbtdwp']
[2023-02-01T19:10:39.843+0000] {standard_task_runner.py:83} INFO - Job 392: Subtask starting
[2023-02-01T19:10:40.241+0000] {task_command.py:388} INFO - Running <TaskInstance: CSV_DAG.starting scheduled__2023-02-01T15:25:00+00:00 [running]> on host 06d8060e8530
[2023-02-01T19:10:40.582+0000] {taskinstance.py:1509} INFO - Exporting the following env vars:
AIRFLOW_CTX_DAG_OWNER=Kevin Chalmers
AIRFLOW_CTX_DAG_ID=CSV_DAG
AIRFLOW_CTX_TASK_ID=starting
AIRFLOW_CTX_EXECUTION_DATE=2023-02-01T15:25:00+00:00
AIRFLOW_CTX_TRY_NUMBER=1
AIRFLOW_CTX_DAG_RUN_ID=scheduled__2023-02-01T15:25:00+00:00
[2023-02-01T19:10:40.594+0000] {subprocess.py:63} INFO - Tmp dir root location: 
 /tmp
[2023-02-01T19:10:40.599+0000] {subprocess.py:75} INFO - Running command: ['/bin/bash', '-c', 'echo "Reading data"']
[2023-02-01T19:10:40.690+0000] {subprocess.py:86} INFO - Output:
[2023-02-01T19:10:40.695+0000] {subprocess.py:93} INFO - Reading data
[2023-02-01T19:10:40.701+0000] {subprocess.py:97} INFO - Command exited with return code 0
[2023-02-01T19:10:40.805+0000] {taskinstance.py:1323} INFO - Marking task as SUCCESS. dag_id=CSV_DAG, task_id=starting, execution_date=20230201T152500, start_date=20230201T191039, end_date=20230201T191040
[2023-02-01T19:10:40.880+0000] {local_task_job.py:208} INFO - Task exited with return code 0
[2023-02-01T19:10:40.975+0000] {taskinstance.py:2578} INFO - 1 downstream tasks scheduled from follow-on schedule check
