[2023-02-02T13:15:18.563+0000] {taskinstance.py:1083} INFO - Dependencies all met for <TaskInstance: CSV_DAG.convertCSVToJson scheduled__2023-02-02T13:10:00+00:00 [queued]>
[2023-02-02T13:15:18.626+0000] {taskinstance.py:1083} INFO - Dependencies all met for <TaskInstance: CSV_DAG.convertCSVToJson scheduled__2023-02-02T13:10:00+00:00 [queued]>
[2023-02-02T13:15:18.628+0000] {taskinstance.py:1279} INFO - 
--------------------------------------------------------------------------------
[2023-02-02T13:15:18.630+0000] {taskinstance.py:1280} INFO - Starting attempt 1 of 2
[2023-02-02T13:15:18.632+0000] {taskinstance.py:1281} INFO - 
--------------------------------------------------------------------------------
[2023-02-02T13:15:18.739+0000] {taskinstance.py:1300} INFO - Executing <Task(PythonOperator): convertCSVToJson> on 2023-02-02 13:10:00+00:00
[2023-02-02T13:15:18.776+0000] {standard_task_runner.py:55} INFO - Started process 8535 to run task
[2023-02-02T13:15:18.835+0000] {standard_task_runner.py:82} INFO - Running: ['***', 'tasks', 'run', 'CSV_DAG', 'convertCSVToJson', 'scheduled__2023-02-02T13:10:00+00:00', '--job-id', '920', '--raw', '--subdir', 'DAGS_FOLDER/csv.py', '--cfg-path', '/tmp/tmp7judyln6']
[2023-02-02T13:15:18.839+0000] {standard_task_runner.py:83} INFO - Job 920: Subtask convertCSVToJson
[2023-02-02T13:15:19.303+0000] {task_command.py:388} INFO - Running <TaskInstance: CSV_DAG.convertCSVToJson scheduled__2023-02-02T13:10:00+00:00 [running]> on host 06d8060e8530
[2023-02-02T13:15:19.700+0000] {taskinstance.py:1509} INFO - Exporting the following env vars:
AIRFLOW_CTX_DAG_OWNER=Kevin Chalmers
AIRFLOW_CTX_DAG_ID=CSV_DAG
AIRFLOW_CTX_TASK_ID=convertCSVToJson
AIRFLOW_CTX_EXECUTION_DATE=2023-02-02T13:10:00+00:00
AIRFLOW_CTX_TRY_NUMBER=1
AIRFLOW_CTX_DAG_RUN_ID=scheduled__2023-02-02T13:10:00+00:00
[2023-02-02T13:15:19.765+0000] {logging_mixin.py:137} INFO - Angelica Lopez
[2023-02-02T13:15:19.771+0000] {logging_mixin.py:137} INFO - Betty Wright
[2023-02-02T13:15:19.777+0000] {logging_mixin.py:137} INFO - Sara Schmidt
[2023-02-02T13:15:19.780+0000] {logging_mixin.py:137} INFO - Dr. Sherry Rodriguez
[2023-02-02T13:15:19.782+0000] {logging_mixin.py:137} INFO - Rebecca Mills
[2023-02-02T13:15:19.786+0000] {logging_mixin.py:137} INFO - Andrew Anderson
[2023-02-02T13:15:19.795+0000] {logging_mixin.py:137} INFO - Martin Everett
[2023-02-02T13:15:19.800+0000] {logging_mixin.py:137} INFO - Felicia Gregory
[2023-02-02T13:15:19.803+0000] {logging_mixin.py:137} INFO - Kara Bowers
[2023-02-02T13:15:19.812+0000] {logging_mixin.py:137} INFO - Vincent Vincent
[2023-02-02T13:15:19.817+0000] {logging_mixin.py:137} INFO - Morgan Butler
[2023-02-02T13:15:19.823+0000] {logging_mixin.py:137} INFO - Stephen Riley
[2023-02-02T13:15:19.831+0000] {logging_mixin.py:137} INFO - Wanda Thomas
[2023-02-02T13:15:19.839+0000] {logging_mixin.py:137} INFO - Michelle Schultz
[2023-02-02T13:15:19.848+0000] {logging_mixin.py:137} INFO - Christopher Rush MD
[2023-02-02T13:15:19.856+0000] {logging_mixin.py:137} INFO - Phyllis Miles
[2023-02-02T13:15:19.860+0000] {logging_mixin.py:137} INFO - Rebecca Price
[2023-02-02T13:15:19.862+0000] {logging_mixin.py:137} INFO - John Morse
[2023-02-02T13:15:19.879+0000] {logging_mixin.py:137} INFO - Nicholas Sanchez
[2023-02-02T13:15:19.882+0000] {logging_mixin.py:137} INFO - Crystal Dean
[2023-02-02T13:15:19.886+0000] {logging_mixin.py:137} INFO - Tyler Diaz
[2023-02-02T13:15:19.898+0000] {logging_mixin.py:137} INFO - Denise Mclean
[2023-02-02T13:15:19.901+0000] {logging_mixin.py:137} INFO - Daniel Grant
[2023-02-02T13:15:19.903+0000] {logging_mixin.py:137} INFO - Sandra Peterson
[2023-02-02T13:15:19.906+0000] {logging_mixin.py:137} INFO - Denise Morse
[2023-02-02T13:15:19.915+0000] {logging_mixin.py:137} INFO - Brianna Smith
[2023-02-02T13:15:19.917+0000] {logging_mixin.py:137} INFO - Tony Miller
[2023-02-02T13:15:19.921+0000] {logging_mixin.py:137} INFO - Jean Booth
[2023-02-02T13:15:19.923+0000] {logging_mixin.py:137} INFO - Penny Salazar
[2023-02-02T13:15:19.924+0000] {logging_mixin.py:137} INFO - Cathy Williams
[2023-02-02T13:15:19.929+0000] {logging_mixin.py:137} INFO - Hannah Collins
[2023-02-02T13:15:19.931+0000] {logging_mixin.py:137} INFO - Maurice Casey
[2023-02-02T13:15:19.933+0000] {logging_mixin.py:137} INFO - Patrick Walker
[2023-02-02T13:15:19.935+0000] {logging_mixin.py:137} INFO - Pamela Barton
[2023-02-02T13:15:19.937+0000] {logging_mixin.py:137} INFO - Anthony Bryant
[2023-02-02T13:15:19.939+0000] {logging_mixin.py:137} INFO - Andrew Harris
[2023-02-02T13:15:19.941+0000] {logging_mixin.py:137} INFO - Aaron Harris
[2023-02-02T13:15:19.943+0000] {logging_mixin.py:137} INFO - Maureen Soto
[2023-02-02T13:15:19.946+0000] {logging_mixin.py:137} INFO - Crystal Mcdaniel
[2023-02-02T13:15:19.948+0000] {logging_mixin.py:137} INFO - Lauren Barrett
[2023-02-02T13:15:19.950+0000] {logging_mixin.py:137} INFO - Brandon Perez
[2023-02-02T13:15:19.953+0000] {logging_mixin.py:137} INFO - Mark Robertson
[2023-02-02T13:15:19.958+0000] {logging_mixin.py:137} INFO - Nicole Gates
[2023-02-02T13:15:19.960+0000] {logging_mixin.py:137} INFO - Bradley Cruz
[2023-02-02T13:15:19.962+0000] {logging_mixin.py:137} INFO - Gina Burns
[2023-02-02T13:15:19.965+0000] {logging_mixin.py:137} INFO - Zachary Martinez
[2023-02-02T13:15:19.970+0000] {logging_mixin.py:137} INFO - Natasha Johnson
[2023-02-02T13:15:19.974+0000] {logging_mixin.py:137} INFO - Patrick Gonzales
[2023-02-02T13:15:19.980+0000] {logging_mixin.py:137} INFO - Terri Wilson
[2023-02-02T13:15:19.985+0000] {logging_mixin.py:137} INFO - Sarah Lopez
[2023-02-02T13:15:19.995+0000] {logging_mixin.py:137} INFO - Dana Turner
[2023-02-02T13:15:19.998+0000] {logging_mixin.py:137} INFO - Cynthia Johnson
[2023-02-02T13:15:20.001+0000] {logging_mixin.py:137} INFO - William Thornton
[2023-02-02T13:15:20.007+0000] {logging_mixin.py:137} INFO - James Lee
[2023-02-02T13:15:20.021+0000] {logging_mixin.py:137} INFO - Stephen Allen
[2023-02-02T13:15:20.026+0000] {logging_mixin.py:137} INFO - William Stark
[2023-02-02T13:15:20.036+0000] {logging_mixin.py:137} INFO - Michael Parker
[2023-02-02T13:15:20.054+0000] {logging_mixin.py:137} INFO - Lisa Stephens
[2023-02-02T13:15:20.061+0000] {logging_mixin.py:137} INFO - Mr. Reginald Wise DDS
[2023-02-02T13:15:20.068+0000] {logging_mixin.py:137} INFO - Alexander James
[2023-02-02T13:15:20.074+0000] {logging_mixin.py:137} INFO - Kristen West
[2023-02-02T13:15:20.077+0000] {logging_mixin.py:137} INFO - Elizabeth Sanchez
[2023-02-02T13:15:20.080+0000] {logging_mixin.py:137} INFO - Jennifer Wilson
[2023-02-02T13:15:20.098+0000] {logging_mixin.py:137} INFO - Catherine Nicholson
[2023-02-02T13:15:20.109+0000] {logging_mixin.py:137} INFO - David Henderson
[2023-02-02T13:15:20.119+0000] {logging_mixin.py:137} INFO - Stephen Davis
[2023-02-02T13:15:20.125+0000] {logging_mixin.py:137} INFO - Paul Skinner
[2023-02-02T13:15:20.137+0000] {logging_mixin.py:137} INFO - Rebecca Wong
[2023-02-02T13:15:20.139+0000] {logging_mixin.py:137} INFO - Tara Benitez
[2023-02-02T13:15:20.142+0000] {logging_mixin.py:137} INFO - Sharon Miller
[2023-02-02T13:15:20.144+0000] {logging_mixin.py:137} INFO - Cynthia Smith
[2023-02-02T13:15:20.148+0000] {logging_mixin.py:137} INFO - Jennifer Werner
[2023-02-02T13:15:20.151+0000] {logging_mixin.py:137} INFO - Rebecca Tucker
[2023-02-02T13:15:20.153+0000] {logging_mixin.py:137} INFO - Ashlee Castillo
[2023-02-02T13:15:20.157+0000] {logging_mixin.py:137} INFO - Christopher Holmes
[2023-02-02T13:15:20.160+0000] {logging_mixin.py:137} INFO - Daniel Velez
[2023-02-02T13:15:20.162+0000] {logging_mixin.py:137} INFO - Amy Serrano
[2023-02-02T13:15:20.164+0000] {logging_mixin.py:137} INFO - Alison Nash
[2023-02-02T13:15:20.166+0000] {logging_mixin.py:137} INFO - Peter Johnson
[2023-02-02T13:15:20.170+0000] {logging_mixin.py:137} INFO - Breanna Harris
[2023-02-02T13:15:20.176+0000] {logging_mixin.py:137} INFO - Eric King
[2023-02-02T13:15:20.178+0000] {logging_mixin.py:137} INFO - Patricia Oliver
[2023-02-02T13:15:20.183+0000] {logging_mixin.py:137} INFO - Denise Grimes
[2023-02-02T13:15:20.190+0000] {logging_mixin.py:137} INFO - Jill Olson
[2023-02-02T13:15:20.199+0000] {logging_mixin.py:137} INFO - Stephanie Hart
[2023-02-02T13:15:20.203+0000] {logging_mixin.py:137} INFO - Ashley Lee
[2023-02-02T13:15:20.206+0000] {logging_mixin.py:137} INFO - Kelly Barnes
[2023-02-02T13:15:20.209+0000] {logging_mixin.py:137} INFO - Christie West
[2023-02-02T13:15:20.212+0000] {logging_mixin.py:137} INFO - Todd Nolan
[2023-02-02T13:15:20.214+0000] {logging_mixin.py:137} INFO - Sarah Reed
[2023-02-02T13:15:20.221+0000] {logging_mixin.py:137} INFO - Jennifer Keith
[2023-02-02T13:15:20.223+0000] {logging_mixin.py:137} INFO - Shawn Alvarez
[2023-02-02T13:15:20.224+0000] {logging_mixin.py:137} INFO - Alexander Wilson
[2023-02-02T13:15:20.226+0000] {logging_mixin.py:137} INFO - Rachel Melendez
[2023-02-02T13:15:20.228+0000] {logging_mixin.py:137} INFO - Morgan Walters
[2023-02-02T13:15:20.235+0000] {logging_mixin.py:137} INFO - Nicole Garcia
[2023-02-02T13:15:20.237+0000] {logging_mixin.py:137} INFO - Jennifer White
[2023-02-02T13:15:20.239+0000] {logging_mixin.py:137} INFO - Leslie Shannon
[2023-02-02T13:15:20.241+0000] {logging_mixin.py:137} INFO - Lisa Clayton
[2023-02-02T13:15:20.243+0000] {logging_mixin.py:137} INFO - Zachary Molina
[2023-02-02T13:15:20.248+0000] {logging_mixin.py:137} INFO - Bruce Butler
[2023-02-02T13:15:20.253+0000] {logging_mixin.py:137} INFO - Dustin Howell
[2023-02-02T13:15:20.257+0000] {logging_mixin.py:137} INFO - Aaron Smith
[2023-02-02T13:15:20.261+0000] {logging_mixin.py:137} INFO - Kyle Green
[2023-02-02T13:15:20.265+0000] {logging_mixin.py:137} INFO - Steven Clark
[2023-02-02T13:15:20.267+0000] {logging_mixin.py:137} INFO - Robert Holden
[2023-02-02T13:15:20.269+0000] {logging_mixin.py:137} INFO - Zachary Harmon
[2023-02-02T13:15:20.271+0000] {logging_mixin.py:137} INFO - Rachel Miller
[2023-02-02T13:15:20.278+0000] {logging_mixin.py:137} INFO - Brandon Parker
[2023-02-02T13:15:20.281+0000] {logging_mixin.py:137} INFO - Walter Martin
[2023-02-02T13:15:20.284+0000] {logging_mixin.py:137} INFO - Jose Young
[2023-02-02T13:15:20.285+0000] {logging_mixin.py:137} INFO - Kelsey Long
[2023-02-02T13:15:20.290+0000] {logging_mixin.py:137} INFO - William Harper
[2023-02-02T13:15:20.300+0000] {logging_mixin.py:137} INFO - Alejandro Lambert
[2023-02-02T13:15:20.302+0000] {logging_mixin.py:137} INFO - Stephanie Carson
[2023-02-02T13:15:20.304+0000] {logging_mixin.py:137} INFO - Diana Ortega MD
[2023-02-02T13:15:20.307+0000] {logging_mixin.py:137} INFO - Janet Morales
[2023-02-02T13:15:20.311+0000] {logging_mixin.py:137} INFO - Eric Fisher
[2023-02-02T13:15:20.313+0000] {logging_mixin.py:137} INFO - Louis Baker
[2023-02-02T13:15:20.315+0000] {logging_mixin.py:137} INFO - Cindy Ward
[2023-02-02T13:15:20.317+0000] {logging_mixin.py:137} INFO - Ana Jenkins
[2023-02-02T13:15:20.318+0000] {logging_mixin.py:137} INFO - Leslie Barton
[2023-02-02T13:15:20.320+0000] {logging_mixin.py:137} INFO - Gregory Price
[2023-02-02T13:15:20.322+0000] {logging_mixin.py:137} INFO - Brandon Moore
[2023-02-02T13:15:20.324+0000] {logging_mixin.py:137} INFO - Heather Garrett
[2023-02-02T13:15:20.326+0000] {logging_mixin.py:137} INFO - Cindy Hawkins
[2023-02-02T13:15:20.329+0000] {logging_mixin.py:137} INFO - Mr. Frank Snyder Jr.
[2023-02-02T13:15:20.331+0000] {logging_mixin.py:137} INFO - Megan Wang
[2023-02-02T13:15:20.333+0000] {logging_mixin.py:137} INFO - Jennifer Fleming
[2023-02-02T13:15:20.334+0000] {logging_mixin.py:137} INFO - Gary Hodge
[2023-02-02T13:15:20.336+0000] {logging_mixin.py:137} INFO - Nichole Miller
[2023-02-02T13:15:20.337+0000] {logging_mixin.py:137} INFO - Mitchell Mendoza
[2023-02-02T13:15:20.339+0000] {logging_mixin.py:137} INFO - Bradley Horton
[2023-02-02T13:15:20.341+0000] {logging_mixin.py:137} INFO - Michelle Hess
[2023-02-02T13:15:20.343+0000] {logging_mixin.py:137} INFO - Ronald Torres
[2023-02-02T13:15:20.344+0000] {logging_mixin.py:137} INFO - Raymond Hudson
[2023-02-02T13:15:20.347+0000] {logging_mixin.py:137} INFO - Vincent Jackson
[2023-02-02T13:15:20.350+0000] {logging_mixin.py:137} INFO - Susan Carey
[2023-02-02T13:15:20.355+0000] {logging_mixin.py:137} INFO - Chase Wilson
[2023-02-02T13:15:20.358+0000] {logging_mixin.py:137} INFO - Tonya Baldwin
[2023-02-02T13:15:20.361+0000] {logging_mixin.py:137} INFO - Mrs. Tina Davis
[2023-02-02T13:15:20.362+0000] {logging_mixin.py:137} INFO - Scott Garrett
[2023-02-02T13:15:20.366+0000] {logging_mixin.py:137} INFO - Michael Wilson
[2023-02-02T13:15:20.367+0000] {logging_mixin.py:137} INFO - Andrew Orozco
[2023-02-02T13:15:20.369+0000] {logging_mixin.py:137} INFO - Troy Carson
[2023-02-02T13:15:20.385+0000] {logging_mixin.py:137} INFO - Alex Winters
[2023-02-02T13:15:20.390+0000] {logging_mixin.py:137} INFO - Toni Frank
[2023-02-02T13:15:20.393+0000] {logging_mixin.py:137} INFO - Kathleen Snyder
[2023-02-02T13:15:20.395+0000] {logging_mixin.py:137} INFO - Anna Lopez
[2023-02-02T13:15:20.398+0000] {logging_mixin.py:137} INFO - Charles Brown
[2023-02-02T13:15:20.403+0000] {logging_mixin.py:137} INFO - Barry Ross
[2023-02-02T13:15:20.410+0000] {logging_mixin.py:137} INFO - Emily Ramirez
[2023-02-02T13:15:20.413+0000] {logging_mixin.py:137} INFO - Anna Williams
[2023-02-02T13:15:20.416+0000] {logging_mixin.py:137} INFO - Kristin Pennington
[2023-02-02T13:15:20.419+0000] {logging_mixin.py:137} INFO - Mary Aguirre
[2023-02-02T13:15:20.421+0000] {logging_mixin.py:137} INFO - Austin Santos
[2023-02-02T13:15:20.423+0000] {logging_mixin.py:137} INFO - David Nelson
[2023-02-02T13:15:20.426+0000] {logging_mixin.py:137} INFO - Alyssa Mcbride
[2023-02-02T13:15:20.427+0000] {logging_mixin.py:137} INFO - Lisa Gibson
[2023-02-02T13:15:20.432+0000] {logging_mixin.py:137} INFO - Alexander Kelly
[2023-02-02T13:15:20.434+0000] {logging_mixin.py:137} INFO - Ronald Thomas
[2023-02-02T13:15:20.436+0000] {logging_mixin.py:137} INFO - Michael Hurst
[2023-02-02T13:15:20.440+0000] {logging_mixin.py:137} INFO - Lauren Ward
[2023-02-02T13:15:20.448+0000] {logging_mixin.py:137} INFO - Christian Terry
[2023-02-02T13:15:20.450+0000] {logging_mixin.py:137} INFO - Jared Black
[2023-02-02T13:15:20.453+0000] {logging_mixin.py:137} INFO - Anthony Brown
[2023-02-02T13:15:20.456+0000] {logging_mixin.py:137} INFO - John Cole
[2023-02-02T13:15:20.459+0000] {logging_mixin.py:137} INFO - David Lee
[2023-02-02T13:15:20.466+0000] {logging_mixin.py:137} INFO - Lori Thomas
[2023-02-02T13:15:20.468+0000] {logging_mixin.py:137} INFO - Daniel Herman
[2023-02-02T13:15:20.471+0000] {logging_mixin.py:137} INFO - Pam Williams
[2023-02-02T13:15:20.474+0000] {logging_mixin.py:137} INFO - Sarah Jenkins
[2023-02-02T13:15:20.478+0000] {logging_mixin.py:137} INFO - Susan Mitchell
[2023-02-02T13:15:20.484+0000] {logging_mixin.py:137} INFO - Jacqueline Green
[2023-02-02T13:15:20.487+0000] {logging_mixin.py:137} INFO - Victoria Garrison
[2023-02-02T13:15:20.490+0000] {logging_mixin.py:137} INFO - Jonathan Daniels
[2023-02-02T13:15:20.492+0000] {logging_mixin.py:137} INFO - Trevor Hansen
[2023-02-02T13:15:20.504+0000] {logging_mixin.py:137} INFO - Laurie Bowen
[2023-02-02T13:15:20.506+0000] {logging_mixin.py:137} INFO - James Cline
[2023-02-02T13:15:20.508+0000] {logging_mixin.py:137} INFO - Michael Rose
[2023-02-02T13:15:20.510+0000] {logging_mixin.py:137} INFO - Lawrence Juarez
[2023-02-02T13:15:20.512+0000] {logging_mixin.py:137} INFO - Lucas Caldwell
[2023-02-02T13:15:20.515+0000] {logging_mixin.py:137} INFO - Laura Jackson
[2023-02-02T13:15:20.517+0000] {logging_mixin.py:137} INFO - Sherri Thornton
[2023-02-02T13:15:20.520+0000] {logging_mixin.py:137} INFO - Alice Wilson
[2023-02-02T13:15:20.523+0000] {logging_mixin.py:137} INFO - Diane Williams
[2023-02-02T13:15:20.530+0000] {logging_mixin.py:137} INFO - Kara Martin
[2023-02-02T13:15:20.533+0000] {logging_mixin.py:137} INFO - Joseph Moore
[2023-02-02T13:15:20.534+0000] {logging_mixin.py:137} INFO - Jesse Moses
[2023-02-02T13:15:20.537+0000] {logging_mixin.py:137} INFO - Lisa Mccall
[2023-02-02T13:15:20.542+0000] {logging_mixin.py:137} INFO - Alexandra Mccoy
[2023-02-02T13:15:20.544+0000] {logging_mixin.py:137} INFO - Daniel Martin
[2023-02-02T13:15:20.547+0000] {logging_mixin.py:137} INFO - Claudia Peck
[2023-02-02T13:15:20.549+0000] {logging_mixin.py:137} INFO - Jessica Mcconnell
[2023-02-02T13:15:20.558+0000] {logging_mixin.py:137} INFO - Kevin Walker
[2023-02-02T13:15:20.561+0000] {logging_mixin.py:137} INFO - Christina Lee
[2023-02-02T13:15:20.564+0000] {logging_mixin.py:137} INFO - Christopher Schroeder
[2023-02-02T13:15:20.566+0000] {logging_mixin.py:137} INFO - Melissa Parker
[2023-02-02T13:15:20.568+0000] {logging_mixin.py:137} INFO - Janet Molina
[2023-02-02T13:15:20.575+0000] {logging_mixin.py:137} INFO - Barbara Harris
[2023-02-02T13:15:20.582+0000] {logging_mixin.py:137} INFO - Joseph Hurley
[2023-02-02T13:15:20.584+0000] {logging_mixin.py:137} INFO - Greg Hayden
[2023-02-02T13:15:20.586+0000] {logging_mixin.py:137} INFO - Edwin Adams
[2023-02-02T13:15:20.588+0000] {logging_mixin.py:137} INFO - Ashley Hunter
[2023-02-02T13:15:20.590+0000] {logging_mixin.py:137} INFO - Jennifer Tucker
[2023-02-02T13:15:20.592+0000] {logging_mixin.py:137} INFO - Eddie Gray
[2023-02-02T13:15:20.594+0000] {logging_mixin.py:137} INFO - Jennifer Evans
[2023-02-02T13:15:20.620+0000] {logging_mixin.py:137} INFO - Stephen Carey
[2023-02-02T13:15:20.622+0000] {logging_mixin.py:137} INFO - Samantha Campos
[2023-02-02T13:15:20.625+0000] {logging_mixin.py:137} INFO - Meagan Brown
[2023-02-02T13:15:20.629+0000] {logging_mixin.py:137} INFO - Miss Marisa Barber
[2023-02-02T13:15:20.634+0000] {logging_mixin.py:137} INFO - Jay Mann
[2023-02-02T13:15:20.637+0000] {logging_mixin.py:137} INFO - Matthew Campbell
[2023-02-02T13:15:20.642+0000] {logging_mixin.py:137} INFO - Brent Rodriguez
[2023-02-02T13:15:20.650+0000] {logging_mixin.py:137} INFO - Teresa Ross
[2023-02-02T13:15:20.654+0000] {logging_mixin.py:137} INFO - Mary Martinez
[2023-02-02T13:15:20.657+0000] {logging_mixin.py:137} INFO - Joseph Lewis
[2023-02-02T13:15:20.660+0000] {logging_mixin.py:137} INFO - Dale Davis
[2023-02-02T13:15:20.663+0000] {logging_mixin.py:137} INFO - Elizabeth Evans
[2023-02-02T13:15:20.671+0000] {logging_mixin.py:137} INFO - Shannon Wang
[2023-02-02T13:15:20.673+0000] {logging_mixin.py:137} INFO - Brandon Campbell
[2023-02-02T13:15:20.676+0000] {logging_mixin.py:137} INFO - Rhonda Pace
[2023-02-02T13:15:20.679+0000] {logging_mixin.py:137} INFO - Sarah Santos
[2023-02-02T13:15:20.681+0000] {logging_mixin.py:137} INFO - Jacob Ford
[2023-02-02T13:15:20.684+0000] {logging_mixin.py:137} INFO - Matthew Hansen
[2023-02-02T13:15:20.686+0000] {logging_mixin.py:137} INFO - Amy Ray
[2023-02-02T13:15:20.696+0000] {logging_mixin.py:137} INFO - Aaron Fields
[2023-02-02T13:15:20.703+0000] {logging_mixin.py:137} INFO - Mary Taylor
[2023-02-02T13:15:20.708+0000] {logging_mixin.py:137} INFO - James Morris
[2023-02-02T13:15:20.710+0000] {logging_mixin.py:137} INFO - Darrell Cain
[2023-02-02T13:15:20.713+0000] {logging_mixin.py:137} INFO - Michael Smith
[2023-02-02T13:15:20.721+0000] {logging_mixin.py:137} INFO - Scott Coleman
[2023-02-02T13:15:20.728+0000] {logging_mixin.py:137} INFO - David Fitzpatrick
[2023-02-02T13:15:20.730+0000] {logging_mixin.py:137} INFO - Debra Shepherd
[2023-02-02T13:15:20.733+0000] {logging_mixin.py:137} INFO - Paul Rush
[2023-02-02T13:15:20.740+0000] {logging_mixin.py:137} INFO - Brett Hernandez
[2023-02-02T13:15:20.746+0000] {logging_mixin.py:137} INFO - Sheila Riddle
[2023-02-02T13:15:20.752+0000] {logging_mixin.py:137} INFO - Joan Austin
[2023-02-02T13:15:20.756+0000] {logging_mixin.py:137} INFO - Michael Garcia
[2023-02-02T13:15:20.769+0000] {logging_mixin.py:137} INFO - Natalie Harris
[2023-02-02T13:15:20.774+0000] {logging_mixin.py:137} INFO - Steven Dean
[2023-02-02T13:15:20.808+0000] {logging_mixin.py:137} INFO - John Brown
[2023-02-02T13:15:20.819+0000] {logging_mixin.py:137} INFO - Keith Zimmerman
[2023-02-02T13:15:20.823+0000] {logging_mixin.py:137} INFO - Curtis Byrd
[2023-02-02T13:15:20.830+0000] {logging_mixin.py:137} INFO - Mariah Green
[2023-02-02T13:15:20.852+0000] {logging_mixin.py:137} INFO - Roger Huynh
[2023-02-02T13:15:20.859+0000] {logging_mixin.py:137} INFO - Christopher Zamora
[2023-02-02T13:15:20.865+0000] {logging_mixin.py:137} INFO - Joyce Crawford
[2023-02-02T13:15:20.867+0000] {logging_mixin.py:137} INFO - Angela Smith
[2023-02-02T13:15:20.877+0000] {logging_mixin.py:137} INFO - Veronica Robinson
[2023-02-02T13:15:20.880+0000] {logging_mixin.py:137} INFO - Christopher Bates
[2023-02-02T13:15:20.885+0000] {logging_mixin.py:137} INFO - Steve Stone
[2023-02-02T13:15:20.891+0000] {logging_mixin.py:137} INFO - William Cook
[2023-02-02T13:15:20.894+0000] {logging_mixin.py:137} INFO - Lori Wood
[2023-02-02T13:15:20.917+0000] {logging_mixin.py:137} INFO - Jillian Reynolds
[2023-02-02T13:15:20.925+0000] {logging_mixin.py:137} INFO - Angela Caldwell
[2023-02-02T13:15:20.934+0000] {logging_mixin.py:137} INFO - Shane Campbell
[2023-02-02T13:15:20.937+0000] {logging_mixin.py:137} INFO - Karen Lawrence
[2023-02-02T13:15:20.944+0000] {logging_mixin.py:137} INFO - Kimberly Wood
[2023-02-02T13:15:20.950+0000] {logging_mixin.py:137} INFO - Samantha Lopez
[2023-02-02T13:15:20.955+0000] {logging_mixin.py:137} INFO - Harold Miller
[2023-02-02T13:15:20.958+0000] {logging_mixin.py:137} INFO - Raymond Cooper DVM
[2023-02-02T13:15:20.962+0000] {logging_mixin.py:137} INFO - Kristen Patel
[2023-02-02T13:15:20.965+0000] {logging_mixin.py:137} INFO - Anthony Mejia
[2023-02-02T13:15:20.969+0000] {logging_mixin.py:137} INFO - Raymond Thomas
[2023-02-02T13:15:20.973+0000] {logging_mixin.py:137} INFO - Scott Young
[2023-02-02T13:15:20.978+0000] {logging_mixin.py:137} INFO - David Larson
[2023-02-02T13:15:20.985+0000] {logging_mixin.py:137} INFO - Jon Murray
[2023-02-02T13:15:21.017+0000] {logging_mixin.py:137} INFO - Stephen Taylor
[2023-02-02T13:15:21.056+0000] {logging_mixin.py:137} INFO - Jennifer Hernandez
[2023-02-02T13:15:21.063+0000] {logging_mixin.py:137} INFO - Stacy Smith
[2023-02-02T13:15:21.090+0000] {logging_mixin.py:137} INFO - Juan Owens
[2023-02-02T13:15:21.100+0000] {logging_mixin.py:137} INFO - Brian Adkins
[2023-02-02T13:15:21.115+0000] {logging_mixin.py:137} INFO - Jesse Wells
[2023-02-02T13:15:21.120+0000] {logging_mixin.py:137} INFO - Kyle Matthews
[2023-02-02T13:15:21.129+0000] {logging_mixin.py:137} INFO - Dustin Russell
[2023-02-02T13:15:21.132+0000] {logging_mixin.py:137} INFO - Richard White
[2023-02-02T13:15:21.144+0000] {logging_mixin.py:137} INFO - Brittany Nichols
[2023-02-02T13:15:21.151+0000] {logging_mixin.py:137} INFO - Colton Kelly
[2023-02-02T13:15:21.155+0000] {logging_mixin.py:137} INFO - William Perry
[2023-02-02T13:15:21.163+0000] {logging_mixin.py:137} INFO - Thomas Cummings
[2023-02-02T13:15:21.169+0000] {logging_mixin.py:137} INFO - Timothy Ballard
[2023-02-02T13:15:21.248+0000] {logging_mixin.py:137} INFO - Richard Washington
[2023-02-02T13:15:21.262+0000] {logging_mixin.py:137} INFO - Joshua Lam
[2023-02-02T13:15:21.269+0000] {logging_mixin.py:137} INFO - Grant Jackson
[2023-02-02T13:15:21.271+0000] {logging_mixin.py:137} INFO - Erin Baker
[2023-02-02T13:15:21.274+0000] {logging_mixin.py:137} INFO - Scott Flowers
[2023-02-02T13:15:21.289+0000] {logging_mixin.py:137} INFO - James Adams
[2023-02-02T13:15:21.307+0000] {logging_mixin.py:137} INFO - Heather Alvarado
[2023-02-02T13:15:21.319+0000] {logging_mixin.py:137} INFO - Jennifer Snow
[2023-02-02T13:15:21.321+0000] {logging_mixin.py:137} INFO - Mario Jackson
[2023-02-02T13:15:21.324+0000] {logging_mixin.py:137} INFO - Kevin Collins
[2023-02-02T13:15:21.326+0000] {logging_mixin.py:137} INFO - Danielle Garcia
[2023-02-02T13:15:21.328+0000] {logging_mixin.py:137} INFO - Brenda Jackson
[2023-02-02T13:15:21.333+0000] {logging_mixin.py:137} INFO - Ashley Parker
[2023-02-02T13:15:21.336+0000] {logging_mixin.py:137} INFO - Angela Hickman
[2023-02-02T13:15:21.345+0000] {logging_mixin.py:137} INFO - Carol Rodriguez
[2023-02-02T13:15:21.347+0000] {logging_mixin.py:137} INFO - Vernon Anderson
[2023-02-02T13:15:21.348+0000] {logging_mixin.py:137} INFO - Jesus Church
[2023-02-02T13:15:21.350+0000] {logging_mixin.py:137} INFO - Michelle Medina
[2023-02-02T13:15:21.352+0000] {logging_mixin.py:137} INFO - Nancy Bryant
[2023-02-02T13:15:21.357+0000] {logging_mixin.py:137} INFO - Jennifer Martinez
[2023-02-02T13:15:21.359+0000] {logging_mixin.py:137} INFO - Amy Dougherty
[2023-02-02T13:15:21.367+0000] {logging_mixin.py:137} INFO - Alexis Sanders
[2023-02-02T13:15:21.368+0000] {logging_mixin.py:137} INFO - Austin Salazar
[2023-02-02T13:15:21.370+0000] {logging_mixin.py:137} INFO - Amy Williams
[2023-02-02T13:15:21.372+0000] {logging_mixin.py:137} INFO - Richard Haynes
[2023-02-02T13:15:21.374+0000] {logging_mixin.py:137} INFO - Christine Stark
[2023-02-02T13:15:21.379+0000] {logging_mixin.py:137} INFO - Anita Medina
[2023-02-02T13:15:21.384+0000] {logging_mixin.py:137} INFO - Mr. Thomas Duran
[2023-02-02T13:15:21.398+0000] {logging_mixin.py:137} INFO - Mr. Russell Peterson
[2023-02-02T13:15:21.413+0000] {logging_mixin.py:137} INFO - Jack Richard
[2023-02-02T13:15:21.418+0000] {logging_mixin.py:137} INFO - Michelle Erickson
[2023-02-02T13:15:21.423+0000] {logging_mixin.py:137} INFO - Mitchell Williams
[2023-02-02T13:15:21.435+0000] {logging_mixin.py:137} INFO - Adrian Herrera
[2023-02-02T13:15:21.460+0000] {logging_mixin.py:137} INFO - Michael Brady
[2023-02-02T13:15:21.466+0000] {logging_mixin.py:137} INFO - Jamie Zhang
[2023-02-02T13:15:21.469+0000] {logging_mixin.py:137} INFO - Helen Brennan
[2023-02-02T13:15:21.475+0000] {logging_mixin.py:137} INFO - John Myers
[2023-02-02T13:15:21.482+0000] {logging_mixin.py:137} INFO - Patricia Nash
[2023-02-02T13:15:21.487+0000] {logging_mixin.py:137} INFO - Michael Johnson
[2023-02-02T13:15:21.490+0000] {logging_mixin.py:137} INFO - Anita Berger
[2023-02-02T13:15:21.497+0000] {logging_mixin.py:137} INFO - Jason Guerrero DVM
[2023-02-02T13:15:21.506+0000] {logging_mixin.py:137} INFO - Kimberly Davis
[2023-02-02T13:15:21.515+0000] {logging_mixin.py:137} INFO - Bryan Hansen
[2023-02-02T13:15:21.517+0000] {logging_mixin.py:137} INFO - Rebecca Obrien
[2023-02-02T13:15:21.518+0000] {logging_mixin.py:137} INFO - Sarah Santiago
[2023-02-02T13:15:21.522+0000] {logging_mixin.py:137} INFO - Christine Lane
[2023-02-02T13:15:21.526+0000] {logging_mixin.py:137} INFO - Jerry Lewis
[2023-02-02T13:15:21.532+0000] {logging_mixin.py:137} INFO - Stephanie Miller
[2023-02-02T13:15:21.537+0000] {logging_mixin.py:137} INFO - Kristi Bradley
[2023-02-02T13:15:21.542+0000] {logging_mixin.py:137} INFO - Darren Moore
[2023-02-02T13:15:21.548+0000] {logging_mixin.py:137} INFO - Kristina Cunningham
[2023-02-02T13:15:21.559+0000] {logging_mixin.py:137} INFO - Laurie Moore
[2023-02-02T13:15:21.561+0000] {logging_mixin.py:137} INFO - Aaron Lewis
[2023-02-02T13:15:21.570+0000] {logging_mixin.py:137} INFO - Theresa Vang
[2023-02-02T13:15:21.571+0000] {logging_mixin.py:137} INFO - Chase Reese
[2023-02-02T13:15:21.585+0000] {logging_mixin.py:137} INFO - Matthew Ferguson
[2023-02-02T13:15:21.591+0000] {logging_mixin.py:137} INFO - Victoria Lewis
[2023-02-02T13:15:21.596+0000] {logging_mixin.py:137} INFO - Jon Scott
[2023-02-02T13:15:21.600+0000] {logging_mixin.py:137} INFO - Lisa Campbell
[2023-02-02T13:15:21.603+0000] {logging_mixin.py:137} INFO - David Ramirez
[2023-02-02T13:15:21.612+0000] {logging_mixin.py:137} INFO - Gabriel Rosario
[2023-02-02T13:15:21.615+0000] {logging_mixin.py:137} INFO - Kristi Johnson
[2023-02-02T13:15:21.616+0000] {logging_mixin.py:137} INFO - Jennifer Schwartz
[2023-02-02T13:15:21.618+0000] {logging_mixin.py:137} INFO - Daniel Norton
[2023-02-02T13:15:21.621+0000] {logging_mixin.py:137} INFO - Richard Montoya
[2023-02-02T13:15:21.626+0000] {logging_mixin.py:137} INFO - Daniel Norris
[2023-02-02T13:15:21.628+0000] {logging_mixin.py:137} INFO - Chad Taylor
[2023-02-02T13:15:21.630+0000] {logging_mixin.py:137} INFO - Angie Allen
[2023-02-02T13:15:21.633+0000] {logging_mixin.py:137} INFO - Michael Brooks
[2023-02-02T13:15:21.635+0000] {logging_mixin.py:137} INFO - Hannah Poole
[2023-02-02T13:15:21.639+0000] {logging_mixin.py:137} INFO - Caitlin Ray
[2023-02-02T13:15:21.645+0000] {logging_mixin.py:137} INFO - Mr. Steven Gardner
[2023-02-02T13:15:21.647+0000] {logging_mixin.py:137} INFO - Jennifer Macdonald
[2023-02-02T13:15:21.649+0000] {logging_mixin.py:137} INFO - Vanessa Small
[2023-02-02T13:15:21.651+0000] {logging_mixin.py:137} INFO - Dennis Gray
[2023-02-02T13:15:21.655+0000] {logging_mixin.py:137} INFO - Sandra Kirk
[2023-02-02T13:15:21.657+0000] {logging_mixin.py:137} INFO - Jason Wagner
[2023-02-02T13:15:21.659+0000] {logging_mixin.py:137} INFO - David Owen
[2023-02-02T13:15:21.660+0000] {logging_mixin.py:137} INFO - Rose Terrell
[2023-02-02T13:15:21.662+0000] {logging_mixin.py:137} INFO - James Green MD
[2023-02-02T13:15:21.664+0000] {logging_mixin.py:137} INFO - Tammy Patel
[2023-02-02T13:15:21.666+0000] {logging_mixin.py:137} INFO - Joseph Lucero
[2023-02-02T13:15:21.671+0000] {logging_mixin.py:137} INFO - Stephanie Rojas
[2023-02-02T13:15:21.673+0000] {logging_mixin.py:137} INFO - Brittany Johnson
[2023-02-02T13:15:21.676+0000] {logging_mixin.py:137} INFO - Christina Cummings
[2023-02-02T13:15:21.677+0000] {logging_mixin.py:137} INFO - Eric Downs
[2023-02-02T13:15:21.679+0000] {logging_mixin.py:137} INFO - Paul Finley
[2023-02-02T13:15:21.681+0000] {logging_mixin.py:137} INFO - Danielle Jackson
[2023-02-02T13:15:21.683+0000] {logging_mixin.py:137} INFO - Anna Johnston
[2023-02-02T13:15:21.689+0000] {logging_mixin.py:137} INFO - Ashlee Hodges
[2023-02-02T13:15:21.692+0000] {logging_mixin.py:137} INFO - Thomas Francis
[2023-02-02T13:15:21.696+0000] {logging_mixin.py:137} INFO - Cody Baird
[2023-02-02T13:15:21.697+0000] {logging_mixin.py:137} INFO - Jeffrey Walter
[2023-02-02T13:15:21.699+0000] {logging_mixin.py:137} INFO - Hannah West
[2023-02-02T13:15:21.701+0000] {logging_mixin.py:137} INFO - Anthony Byrd
[2023-02-02T13:15:21.703+0000] {logging_mixin.py:137} INFO - Julie Ramirez
[2023-02-02T13:15:21.706+0000] {logging_mixin.py:137} INFO - Seth Peters
[2023-02-02T13:15:21.714+0000] {logging_mixin.py:137} INFO - Keith Salas
[2023-02-02T13:15:21.716+0000] {logging_mixin.py:137} INFO - Kathryn Evans
[2023-02-02T13:15:21.717+0000] {logging_mixin.py:137} INFO - Dr. Maria Scott
[2023-02-02T13:15:21.719+0000] {logging_mixin.py:137} INFO - Brenda Thomas
[2023-02-02T13:15:21.721+0000] {logging_mixin.py:137} INFO - Travis Douglas
[2023-02-02T13:15:21.723+0000] {logging_mixin.py:137} INFO - Kurt Santos
[2023-02-02T13:15:21.726+0000] {logging_mixin.py:137} INFO - Sean Parrish
[2023-02-02T13:15:21.728+0000] {logging_mixin.py:137} INFO - Brittany Walls
[2023-02-02T13:15:21.734+0000] {logging_mixin.py:137} INFO - Gail Brooks
[2023-02-02T13:15:21.737+0000] {logging_mixin.py:137} INFO - Valerie Johnson
[2023-02-02T13:15:21.739+0000] {logging_mixin.py:137} INFO - Jessica Dunn
[2023-02-02T13:15:21.743+0000] {logging_mixin.py:137} INFO - Chad Robinson
[2023-02-02T13:15:21.745+0000] {logging_mixin.py:137} INFO - Catherine Combs
[2023-02-02T13:15:21.747+0000] {logging_mixin.py:137} INFO - Joshua Boyd
[2023-02-02T13:15:21.750+0000] {logging_mixin.py:137} INFO - Alicia Barnett DVM
[2023-02-02T13:15:21.751+0000] {logging_mixin.py:137} INFO - Kevin Cervantes
[2023-02-02T13:15:21.753+0000] {logging_mixin.py:137} INFO - Larry Lester
[2023-02-02T13:15:21.755+0000] {logging_mixin.py:137} INFO - Deanna Espinoza
[2023-02-02T13:15:21.758+0000] {logging_mixin.py:137} INFO - Marilyn Davis
[2023-02-02T13:15:21.762+0000] {logging_mixin.py:137} INFO - Michael Weeks
[2023-02-02T13:15:21.763+0000] {logging_mixin.py:137} INFO - Brandon Stanton
[2023-02-02T13:15:21.766+0000] {logging_mixin.py:137} INFO - Ryan Boyer Jr.
[2023-02-02T13:15:21.769+0000] {logging_mixin.py:137} INFO - Amanda Elliott
[2023-02-02T13:15:21.771+0000] {logging_mixin.py:137} INFO - David Moore
[2023-02-02T13:15:21.773+0000] {logging_mixin.py:137} INFO - Andre Williams
[2023-02-02T13:15:21.775+0000] {logging_mixin.py:137} INFO - Jennifer Garcia
[2023-02-02T13:15:21.780+0000] {logging_mixin.py:137} INFO - Tracey Cook
[2023-02-02T13:15:21.782+0000] {logging_mixin.py:137} INFO - Michael Turner
[2023-02-02T13:15:21.785+0000] {logging_mixin.py:137} INFO - Diana Long
[2023-02-02T13:15:21.787+0000] {logging_mixin.py:137} INFO - John Bradley
[2023-02-02T13:15:21.789+0000] {logging_mixin.py:137} INFO - Ann Benjamin
[2023-02-02T13:15:21.790+0000] {logging_mixin.py:137} INFO - Shane House
[2023-02-02T13:15:21.791+0000] {logging_mixin.py:137} INFO - Erin Lee
[2023-02-02T13:15:21.794+0000] {logging_mixin.py:137} INFO - Joseph Gray
[2023-02-02T13:15:21.797+0000] {logging_mixin.py:137} INFO - Betty Gibson
[2023-02-02T13:15:21.799+0000] {logging_mixin.py:137} INFO - Kristen Graham
[2023-02-02T13:15:21.804+0000] {logging_mixin.py:137} INFO - Daniel Meza
[2023-02-02T13:15:21.806+0000] {logging_mixin.py:137} INFO - Sherri Carpenter
[2023-02-02T13:15:21.814+0000] {logging_mixin.py:137} INFO - Andrea Sanchez
[2023-02-02T13:15:21.816+0000] {logging_mixin.py:137} INFO - Jordan Rios
[2023-02-02T13:15:21.817+0000] {logging_mixin.py:137} INFO - Elizabeth Jackson
[2023-02-02T13:15:21.818+0000] {logging_mixin.py:137} INFO - Elizabeth Myers
[2023-02-02T13:15:21.820+0000] {logging_mixin.py:137} INFO - Juan Barnes
[2023-02-02T13:15:21.822+0000] {logging_mixin.py:137} INFO - Christopher Lozano
[2023-02-02T13:15:21.823+0000] {logging_mixin.py:137} INFO - Jacqueline Griffin
[2023-02-02T13:15:21.824+0000] {logging_mixin.py:137} INFO - Ryan Mason
[2023-02-02T13:15:21.828+0000] {logging_mixin.py:137} INFO - Jonathan Moore
[2023-02-02T13:15:21.830+0000] {logging_mixin.py:137} INFO - Abigail Landry
[2023-02-02T13:15:21.832+0000] {logging_mixin.py:137} INFO - Brenda Hernandez
[2023-02-02T13:15:21.835+0000] {logging_mixin.py:137} INFO - Zachary Pitts
[2023-02-02T13:15:21.837+0000] {logging_mixin.py:137} INFO - Amanda Rogers
[2023-02-02T13:15:21.838+0000] {logging_mixin.py:137} INFO - Cynthia Gray
[2023-02-02T13:15:21.841+0000] {logging_mixin.py:137} INFO - Tyler Barajas
[2023-02-02T13:15:21.844+0000] {logging_mixin.py:137} INFO - Michelle Leon
[2023-02-02T13:15:21.846+0000] {logging_mixin.py:137} INFO - Kathy Lang
[2023-02-02T13:15:21.848+0000] {logging_mixin.py:137} INFO - Scott Townsend MD
[2023-02-02T13:15:21.850+0000] {logging_mixin.py:137} INFO - Theresa Acosta
[2023-02-02T13:15:21.851+0000] {logging_mixin.py:137} INFO - David Jones
[2023-02-02T13:15:21.854+0000] {logging_mixin.py:137} INFO - Jeremy Robinson
[2023-02-02T13:15:21.856+0000] {logging_mixin.py:137} INFO - James Newton
[2023-02-02T13:15:21.857+0000] {logging_mixin.py:137} INFO - Tracey Wells
[2023-02-02T13:15:21.859+0000] {logging_mixin.py:137} INFO - Maria Nelson
[2023-02-02T13:15:21.861+0000] {logging_mixin.py:137} INFO - Christopher Griffith
[2023-02-02T13:15:21.863+0000] {logging_mixin.py:137} INFO - Zachary Griffin
[2023-02-02T13:15:21.865+0000] {logging_mixin.py:137} INFO - Amy Nguyen
[2023-02-02T13:15:21.867+0000] {logging_mixin.py:137} INFO - April Williams
[2023-02-02T13:15:21.871+0000] {logging_mixin.py:137} INFO - Marissa Kelly
[2023-02-02T13:15:21.873+0000] {logging_mixin.py:137} INFO - Brian Lopez PhD
[2023-02-02T13:15:21.876+0000] {logging_mixin.py:137} INFO - William Williams
[2023-02-02T13:15:21.878+0000] {logging_mixin.py:137} INFO - Norman Brown
[2023-02-02T13:15:21.882+0000] {logging_mixin.py:137} INFO - Charles Fuentes
[2023-02-02T13:15:21.884+0000] {logging_mixin.py:137} INFO - Anthony Chang
[2023-02-02T13:15:21.886+0000] {logging_mixin.py:137} INFO - Mary Bell
[2023-02-02T13:15:21.888+0000] {logging_mixin.py:137} INFO - Elizabeth Stuart
[2023-02-02T13:15:21.891+0000] {logging_mixin.py:137} INFO - Mary Mcdonald
[2023-02-02T13:15:21.892+0000] {logging_mixin.py:137} INFO - Martin Harrison
[2023-02-02T13:15:21.897+0000] {logging_mixin.py:137} INFO - Stephanie Fernandez
[2023-02-02T13:15:21.899+0000] {logging_mixin.py:137} INFO - Christopher Brown
[2023-02-02T13:15:21.901+0000] {logging_mixin.py:137} INFO - Alexander Stephenson
[2023-02-02T13:15:21.903+0000] {logging_mixin.py:137} INFO - Grace Diaz
[2023-02-02T13:15:21.905+0000] {logging_mixin.py:137} INFO - Frank Bartlett
[2023-02-02T13:15:21.907+0000] {logging_mixin.py:137} INFO - Audrey Andersen
[2023-02-02T13:15:21.912+0000] {logging_mixin.py:137} INFO - David Green
[2023-02-02T13:15:21.916+0000] {logging_mixin.py:137} INFO - Joshua Diaz Jr.
[2023-02-02T13:15:21.917+0000] {logging_mixin.py:137} INFO - Emily Garcia
[2023-02-02T13:15:21.919+0000] {logging_mixin.py:137} INFO - Devin Hall
[2023-02-02T13:15:21.920+0000] {logging_mixin.py:137} INFO - Phillip Garner
[2023-02-02T13:15:21.923+0000] {logging_mixin.py:137} INFO - Katherine Estrada
[2023-02-02T13:15:21.925+0000] {logging_mixin.py:137} INFO - Corey Saunders
[2023-02-02T13:15:21.928+0000] {logging_mixin.py:137} INFO - Kimberly Collins
[2023-02-02T13:15:21.938+0000] {logging_mixin.py:137} INFO - Amy Elliott
[2023-02-02T13:15:21.943+0000] {logging_mixin.py:137} INFO - Tanya Jones
[2023-02-02T13:15:21.946+0000] {logging_mixin.py:137} INFO - Patricia Gonzalez
[2023-02-02T13:15:21.951+0000] {logging_mixin.py:137} INFO - Jennifer Hill
[2023-02-02T13:15:21.953+0000] {logging_mixin.py:137} INFO - John Haynes
[2023-02-02T13:15:21.955+0000] {logging_mixin.py:137} INFO - Jacob Henry
[2023-02-02T13:15:21.957+0000] {logging_mixin.py:137} INFO - Daniel Clark
[2023-02-02T13:15:21.960+0000] {logging_mixin.py:137} INFO - Jonathon Taylor
[2023-02-02T13:15:21.962+0000] {logging_mixin.py:137} INFO - Jesse Evans
[2023-02-02T13:15:21.965+0000] {logging_mixin.py:137} INFO - James Martinez
[2023-02-02T13:15:21.968+0000] {logging_mixin.py:137} INFO - Kyle Reyes
[2023-02-02T13:15:21.970+0000] {logging_mixin.py:137} INFO - Terrence Barker
[2023-02-02T13:15:21.974+0000] {logging_mixin.py:137} INFO - Anthony Washington
[2023-02-02T13:15:21.977+0000] {logging_mixin.py:137} INFO - Dustin Le
[2023-02-02T13:15:21.981+0000] {logging_mixin.py:137} INFO - Bruce Clark
[2023-02-02T13:15:21.990+0000] {logging_mixin.py:137} INFO - Keith Anthony
[2023-02-02T13:15:21.993+0000] {logging_mixin.py:137} INFO - Jeremiah Stone
[2023-02-02T13:15:21.996+0000] {logging_mixin.py:137} INFO - Michael Haley
[2023-02-02T13:15:21.999+0000] {logging_mixin.py:137} INFO - Regina Carrillo
[2023-02-02T13:15:22.001+0000] {logging_mixin.py:137} INFO - Jacob Lee
[2023-02-02T13:15:22.014+0000] {logging_mixin.py:137} INFO - Thomas Gonzalez
[2023-02-02T13:15:22.016+0000] {logging_mixin.py:137} INFO - Mark Lawrence
[2023-02-02T13:15:22.019+0000] {logging_mixin.py:137} INFO - Matthew Anderson
[2023-02-02T13:15:22.021+0000] {logging_mixin.py:137} INFO - Nicholas Young
[2023-02-02T13:15:22.022+0000] {logging_mixin.py:137} INFO - Melvin Martinez
[2023-02-02T13:15:22.026+0000] {logging_mixin.py:137} INFO - Scott Green
[2023-02-02T13:15:22.029+0000] {logging_mixin.py:137} INFO - Dana Richards
[2023-02-02T13:15:22.033+0000] {logging_mixin.py:137} INFO - Lauren Moore
[2023-02-02T13:15:22.037+0000] {logging_mixin.py:137} INFO - Terry Campbell
[2023-02-02T13:15:22.042+0000] {logging_mixin.py:137} INFO - Ralph Jordan
[2023-02-02T13:15:22.045+0000] {logging_mixin.py:137} INFO - Noah Reyes
[2023-02-02T13:15:22.048+0000] {logging_mixin.py:137} INFO - Mr. Gregory Mills MD
[2023-02-02T13:15:22.052+0000] {logging_mixin.py:137} INFO - Michelle Yates
[2023-02-02T13:15:22.055+0000] {logging_mixin.py:137} INFO - Robin Reyes
[2023-02-02T13:15:22.057+0000] {logging_mixin.py:137} INFO - Rebecca Smith
[2023-02-02T13:15:22.060+0000] {logging_mixin.py:137} INFO - Nicole Torres
[2023-02-02T13:15:22.063+0000] {logging_mixin.py:137} INFO - Ronald Jones
[2023-02-02T13:15:22.066+0000] {logging_mixin.py:137} INFO - Michael Castaneda
[2023-02-02T13:15:22.070+0000] {logging_mixin.py:137} INFO - Christopher Krueger
[2023-02-02T13:15:22.072+0000] {logging_mixin.py:137} INFO - Jennifer Werner
[2023-02-02T13:15:22.074+0000] {logging_mixin.py:137} INFO - Ashley Smith
[2023-02-02T13:15:22.076+0000] {logging_mixin.py:137} INFO - Alyssa Fields
[2023-02-02T13:15:22.078+0000] {logging_mixin.py:137} INFO - John Scott
[2023-02-02T13:15:22.080+0000] {logging_mixin.py:137} INFO - Debra Delacruz
[2023-02-02T13:15:22.082+0000] {logging_mixin.py:137} INFO - James Madden
[2023-02-02T13:15:22.088+0000] {logging_mixin.py:137} INFO - Joseph Gentry
[2023-02-02T13:15:22.090+0000] {logging_mixin.py:137} INFO - Ashley Cabrera
[2023-02-02T13:15:22.093+0000] {logging_mixin.py:137} INFO - Jennifer Fernandez
[2023-02-02T13:15:22.096+0000] {logging_mixin.py:137} INFO - James Harris
[2023-02-02T13:15:22.097+0000] {logging_mixin.py:137} INFO - Candice Young
[2023-02-02T13:15:22.100+0000] {logging_mixin.py:137} INFO - Lisa Baker
[2023-02-02T13:15:22.105+0000] {logging_mixin.py:137} INFO - Brian Mills DDS
[2023-02-02T13:15:22.107+0000] {logging_mixin.py:137} INFO - Kristin Smith
[2023-02-02T13:15:22.114+0000] {logging_mixin.py:137} INFO - Jacob Collins
[2023-02-02T13:15:22.118+0000] {logging_mixin.py:137} INFO - Kimberly Harris
[2023-02-02T13:15:22.121+0000] {logging_mixin.py:137} INFO - Michael Hull
[2023-02-02T13:15:22.122+0000] {logging_mixin.py:137} INFO - Caitlin Todd
[2023-02-02T13:15:22.124+0000] {logging_mixin.py:137} INFO - Lisa Harris
[2023-02-02T13:15:22.126+0000] {logging_mixin.py:137} INFO - Mrs. Ann Stone
[2023-02-02T13:15:22.127+0000] {logging_mixin.py:137} INFO - Michelle Case
[2023-02-02T13:15:22.129+0000] {logging_mixin.py:137} INFO - Joe Lowe
[2023-02-02T13:15:22.132+0000] {logging_mixin.py:137} INFO - Randall Dunn
[2023-02-02T13:15:22.136+0000] {logging_mixin.py:137} INFO - Paula Vargas
[2023-02-02T13:15:22.146+0000] {logging_mixin.py:137} INFO - Daniel Walker
[2023-02-02T13:15:22.149+0000] {logging_mixin.py:137} INFO - James Jackson
[2023-02-02T13:15:22.154+0000] {logging_mixin.py:137} INFO - Shirley Woodard
[2023-02-02T13:15:22.169+0000] {logging_mixin.py:137} INFO - James Hayes
[2023-02-02T13:15:22.172+0000] {logging_mixin.py:137} INFO - Megan Austin
[2023-02-02T13:15:22.175+0000] {logging_mixin.py:137} INFO - Erin Robertson
[2023-02-02T13:15:22.183+0000] {logging_mixin.py:137} INFO - Robert Phillips
[2023-02-02T13:15:22.186+0000] {logging_mixin.py:137} INFO - Amy Torres
[2023-02-02T13:15:22.188+0000] {logging_mixin.py:137} INFO - Joshua Cox
[2023-02-02T13:15:22.191+0000] {logging_mixin.py:137} INFO - Duane Grimes
[2023-02-02T13:15:22.194+0000] {logging_mixin.py:137} INFO - Jennifer Burgess
[2023-02-02T13:15:22.198+0000] {logging_mixin.py:137} INFO - Carlos Duran
[2023-02-02T13:15:22.202+0000] {logging_mixin.py:137} INFO - Jason Johnson
[2023-02-02T13:15:22.205+0000] {logging_mixin.py:137} INFO - Cameron Greer
[2023-02-02T13:15:22.208+0000] {logging_mixin.py:137} INFO - Randall Williams
[2023-02-02T13:15:22.217+0000] {logging_mixin.py:137} INFO - Jessica Harris
[2023-02-02T13:15:22.219+0000] {logging_mixin.py:137} INFO - Joshua Rogers
[2023-02-02T13:15:22.223+0000] {logging_mixin.py:137} INFO - Jose Mahoney
[2023-02-02T13:15:22.225+0000] {logging_mixin.py:137} INFO - Brandy Fuentes
[2023-02-02T13:15:22.232+0000] {logging_mixin.py:137} INFO - Angelica Matthews
[2023-02-02T13:15:22.234+0000] {logging_mixin.py:137} INFO - Glenn Caldwell
[2023-02-02T13:15:22.236+0000] {logging_mixin.py:137} INFO - Cristian Delacruz
[2023-02-02T13:15:22.238+0000] {logging_mixin.py:137} INFO - Alexandra Price
[2023-02-02T13:15:22.240+0000] {logging_mixin.py:137} INFO - Heather Wilson
[2023-02-02T13:15:22.241+0000] {logging_mixin.py:137} INFO - Shawn Thompson
[2023-02-02T13:15:22.243+0000] {logging_mixin.py:137} INFO - Anna Daniel
[2023-02-02T13:15:22.245+0000] {logging_mixin.py:137} INFO - Joseph Cisneros
[2023-02-02T13:15:22.248+0000] {logging_mixin.py:137} INFO - Rebecca Estes
[2023-02-02T13:15:22.252+0000] {logging_mixin.py:137} INFO - Jeremy Porter
[2023-02-02T13:15:22.255+0000] {logging_mixin.py:137} INFO - Lisa Mann
[2023-02-02T13:15:22.258+0000] {logging_mixin.py:137} INFO - Michael Woods
[2023-02-02T13:15:22.263+0000] {logging_mixin.py:137} INFO - Madison Thompson
[2023-02-02T13:15:22.269+0000] {logging_mixin.py:137} INFO - Nancy Gomez
[2023-02-02T13:15:22.273+0000] {logging_mixin.py:137} INFO - Julie Blanchard
[2023-02-02T13:15:22.276+0000] {logging_mixin.py:137} INFO - Michael Smith
[2023-02-02T13:15:22.278+0000] {logging_mixin.py:137} INFO - Angel Huber
[2023-02-02T13:15:22.280+0000] {logging_mixin.py:137} INFO - Michael Coffey
[2023-02-02T13:15:22.282+0000] {logging_mixin.py:137} INFO - Patrick Walter
[2023-02-02T13:15:22.284+0000] {logging_mixin.py:137} INFO - Curtis Davis
[2023-02-02T13:15:22.286+0000] {logging_mixin.py:137} INFO - Kyle Stewart
[2023-02-02T13:15:22.287+0000] {logging_mixin.py:137} INFO - Angela Jimenez
[2023-02-02T13:15:22.289+0000] {logging_mixin.py:137} INFO - Andrew Martinez
[2023-02-02T13:15:22.291+0000] {logging_mixin.py:137} INFO - Angela West
[2023-02-02T13:15:22.294+0000] {logging_mixin.py:137} INFO - Ryan Young
[2023-02-02T13:15:22.296+0000] {logging_mixin.py:137} INFO - Nathaniel Evans
[2023-02-02T13:15:22.298+0000] {logging_mixin.py:137} INFO - Dawn Bryant
[2023-02-02T13:15:22.299+0000] {logging_mixin.py:137} INFO - Danielle Lewis
[2023-02-02T13:15:22.301+0000] {logging_mixin.py:137} INFO - Matthew Newman
[2023-02-02T13:15:22.305+0000] {logging_mixin.py:137} INFO - Robert Smith
[2023-02-02T13:15:22.307+0000] {logging_mixin.py:137} INFO - Melissa Hicks
[2023-02-02T13:15:22.314+0000] {logging_mixin.py:137} INFO - Emily Lambert
[2023-02-02T13:15:22.317+0000] {logging_mixin.py:137} INFO - Krystal Wolfe
[2023-02-02T13:15:22.319+0000] {logging_mixin.py:137} INFO - Donna Murillo
[2023-02-02T13:15:22.321+0000] {logging_mixin.py:137} INFO - Carl Hudson
[2023-02-02T13:15:22.322+0000] {logging_mixin.py:137} INFO - Robert Wilson
[2023-02-02T13:15:22.324+0000] {logging_mixin.py:137} INFO - Patrick Mathis
[2023-02-02T13:15:22.325+0000] {logging_mixin.py:137} INFO - Michael Suarez
[2023-02-02T13:15:22.328+0000] {logging_mixin.py:137} INFO - David Johnson
[2023-02-02T13:15:22.333+0000] {logging_mixin.py:137} INFO - William Thompson
[2023-02-02T13:15:22.336+0000] {logging_mixin.py:137} INFO - Jessica Hansen DVM
[2023-02-02T13:15:22.338+0000] {logging_mixin.py:137} INFO - Katherine Friedman
[2023-02-02T13:15:22.340+0000] {logging_mixin.py:137} INFO - Jillian Johnson
[2023-02-02T13:15:22.342+0000] {logging_mixin.py:137} INFO - Robert Mckee
[2023-02-02T13:15:22.344+0000] {logging_mixin.py:137} INFO - Rachel Little
[2023-02-02T13:15:22.346+0000] {logging_mixin.py:137} INFO - Patricia Smith
[2023-02-02T13:15:22.349+0000] {logging_mixin.py:137} INFO - Heidi Martinez
[2023-02-02T13:15:22.353+0000] {logging_mixin.py:137} INFO - Caitlin Solomon
[2023-02-02T13:15:22.355+0000] {logging_mixin.py:137} INFO - Dr. Olivia Pugh
[2023-02-02T13:15:22.356+0000] {logging_mixin.py:137} INFO - John Steele DDS
[2023-02-02T13:15:22.358+0000] {logging_mixin.py:137} INFO - Jeremy Mathews
[2023-02-02T13:15:22.360+0000] {logging_mixin.py:137} INFO - Tiffany Hill
[2023-02-02T13:15:22.363+0000] {logging_mixin.py:137} INFO - Steven Edwards
[2023-02-02T13:15:22.364+0000] {logging_mixin.py:137} INFO - Charles Campbell
[2023-02-02T13:15:22.367+0000] {logging_mixin.py:137} INFO - Brett Hughes
[2023-02-02T13:15:22.369+0000] {logging_mixin.py:137} INFO - Christina Villegas
[2023-02-02T13:15:22.372+0000] {logging_mixin.py:137} INFO - Anthony Garcia
[2023-02-02T13:15:22.375+0000] {logging_mixin.py:137} INFO - Nathan Murphy
[2023-02-02T13:15:22.378+0000] {logging_mixin.py:137} INFO - Steven Dodson
[2023-02-02T13:15:22.381+0000] {logging_mixin.py:137} INFO - Brian Sullivan
[2023-02-02T13:15:22.383+0000] {logging_mixin.py:137} INFO - Renee White
[2023-02-02T13:15:22.385+0000] {logging_mixin.py:137} INFO - Laura Rowland
[2023-02-02T13:15:22.387+0000] {logging_mixin.py:137} INFO - John Moore
[2023-02-02T13:15:22.388+0000] {logging_mixin.py:137} INFO - Sophia Mckenzie
[2023-02-02T13:15:22.390+0000] {logging_mixin.py:137} INFO - David Roach
[2023-02-02T13:15:22.393+0000] {logging_mixin.py:137} INFO - Jennifer Patterson
[2023-02-02T13:15:22.395+0000] {logging_mixin.py:137} INFO - James Richards
[2023-02-02T13:15:22.397+0000] {logging_mixin.py:137} INFO - Mary Johnston
[2023-02-02T13:15:22.399+0000] {logging_mixin.py:137} INFO - Brandon Mcdaniel
[2023-02-02T13:15:22.401+0000] {logging_mixin.py:137} INFO - Meghan Stevenson
[2023-02-02T13:15:22.403+0000] {logging_mixin.py:137} INFO - Luis Hayes
[2023-02-02T13:15:22.407+0000] {logging_mixin.py:137} INFO - Alejandra Sloan
[2023-02-02T13:15:22.415+0000] {logging_mixin.py:137} INFO - Dr. Sandra Miller
[2023-02-02T13:15:22.417+0000] {logging_mixin.py:137} INFO - Dustin Bond
[2023-02-02T13:15:22.420+0000] {logging_mixin.py:137} INFO - Julia Patrick MD
[2023-02-02T13:15:22.421+0000] {logging_mixin.py:137} INFO - Jill Campbell
[2023-02-02T13:15:22.424+0000] {logging_mixin.py:137} INFO - Mark Ford
[2023-02-02T13:15:22.427+0000] {logging_mixin.py:137} INFO - Brian Long
[2023-02-02T13:15:22.430+0000] {logging_mixin.py:137} INFO - Lisa Peterson
[2023-02-02T13:15:22.432+0000] {logging_mixin.py:137} INFO - Matthew Lee
[2023-02-02T13:15:22.434+0000] {logging_mixin.py:137} INFO - Bradley Miller
[2023-02-02T13:15:22.435+0000] {logging_mixin.py:137} INFO - Jeffrey Moss
[2023-02-02T13:15:22.440+0000] {logging_mixin.py:137} INFO - Sara Carlson
[2023-02-02T13:15:22.442+0000] {logging_mixin.py:137} INFO - Daniel Rodriguez
[2023-02-02T13:15:22.446+0000] {logging_mixin.py:137} INFO - Jeremy David
[2023-02-02T13:15:22.448+0000] {logging_mixin.py:137} INFO - Eric Green
[2023-02-02T13:15:22.452+0000] {logging_mixin.py:137} INFO - Alexis Jones
[2023-02-02T13:15:22.455+0000] {logging_mixin.py:137} INFO - Matthew Rose
[2023-02-02T13:15:22.458+0000] {logging_mixin.py:137} INFO - Catherine Anderson
[2023-02-02T13:15:22.460+0000] {logging_mixin.py:137} INFO - Holly Burton
[2023-02-02T13:15:22.464+0000] {logging_mixin.py:137} INFO - David Matthews
[2023-02-02T13:15:22.467+0000] {logging_mixin.py:137} INFO - Mrs. Kara Little
[2023-02-02T13:15:22.472+0000] {logging_mixin.py:137} INFO - Jeffrey Stanley
[2023-02-02T13:15:22.474+0000] {logging_mixin.py:137} INFO - James Ochoa
[2023-02-02T13:15:22.477+0000] {logging_mixin.py:137} INFO - Jason Frye
[2023-02-02T13:15:22.483+0000] {logging_mixin.py:137} INFO - Christopher Ellis
[2023-02-02T13:15:22.488+0000] {logging_mixin.py:137} INFO - Michelle Nixon
[2023-02-02T13:15:22.506+0000] {logging_mixin.py:137} INFO - Andrew Gill
[2023-02-02T13:15:22.516+0000] {logging_mixin.py:137} INFO - Jennifer Wilson
[2023-02-02T13:15:22.521+0000] {logging_mixin.py:137} INFO - Shawn Black
[2023-02-02T13:15:22.524+0000] {logging_mixin.py:137} INFO - April Patterson
[2023-02-02T13:15:22.525+0000] {logging_mixin.py:137} INFO - Troy Vaughn
[2023-02-02T13:15:22.529+0000] {logging_mixin.py:137} INFO - Alexandria White
[2023-02-02T13:15:22.532+0000] {logging_mixin.py:137} INFO - Scott Phillips
[2023-02-02T13:15:22.534+0000] {logging_mixin.py:137} INFO - Zachary Cisneros
[2023-02-02T13:15:22.537+0000] {logging_mixin.py:137} INFO - Deborah Brown
[2023-02-02T13:15:22.538+0000] {logging_mixin.py:137} INFO - Monica Moses
[2023-02-02T13:15:22.540+0000] {logging_mixin.py:137} INFO - Brenda Reyes
[2023-02-02T13:15:22.542+0000] {logging_mixin.py:137} INFO - Miss Renee Allen
[2023-02-02T13:15:22.546+0000] {logging_mixin.py:137} INFO - Susan Clark
[2023-02-02T13:15:22.571+0000] {logging_mixin.py:137} INFO - Brandy Coffey
[2023-02-02T13:15:22.590+0000] {logging_mixin.py:137} INFO - Brett Nelson
[2023-02-02T13:15:22.593+0000] {logging_mixin.py:137} INFO - Ricardo Young
[2023-02-02T13:15:22.595+0000] {logging_mixin.py:137} INFO - Paul Lee
[2023-02-02T13:15:22.601+0000] {logging_mixin.py:137} INFO - David Allen
[2023-02-02T13:15:22.608+0000] {logging_mixin.py:137} INFO - Andrea Knight
[2023-02-02T13:15:22.620+0000] {logging_mixin.py:137} INFO - James Gomez
[2023-02-02T13:15:22.624+0000] {logging_mixin.py:137} INFO - Melody Gibson
[2023-02-02T13:15:22.627+0000] {logging_mixin.py:137} INFO - Christina Martinez
[2023-02-02T13:15:22.634+0000] {logging_mixin.py:137} INFO - Shelby Smith
[2023-02-02T13:15:22.640+0000] {logging_mixin.py:137} INFO - Jason Howard
[2023-02-02T13:15:22.642+0000] {logging_mixin.py:137} INFO - Amy Davidson
[2023-02-02T13:15:22.646+0000] {logging_mixin.py:137} INFO - Kyle Copeland
[2023-02-02T13:15:22.649+0000] {logging_mixin.py:137} INFO - Madeline Davis
[2023-02-02T13:15:22.651+0000] {logging_mixin.py:137} INFO - Aaron Young
[2023-02-02T13:15:22.655+0000] {logging_mixin.py:137} INFO - Lisa Barrett
[2023-02-02T13:15:22.663+0000] {logging_mixin.py:137} INFO - Joel Jones
[2023-02-02T13:15:22.693+0000] {logging_mixin.py:137} INFO - Christine Evans
[2023-02-02T13:15:22.707+0000] {logging_mixin.py:137} INFO - Kimberly Johnson
[2023-02-02T13:15:22.709+0000] {logging_mixin.py:137} INFO - Charles Hess
[2023-02-02T13:15:22.711+0000] {logging_mixin.py:137} INFO - Paul Dixon
[2023-02-02T13:15:22.728+0000] {logging_mixin.py:137} INFO - Christopher Johnson
[2023-02-02T13:15:22.731+0000] {logging_mixin.py:137} INFO - Robert Dawson
[2023-02-02T13:15:22.738+0000] {logging_mixin.py:137} INFO - Ryan Dixon
[2023-02-02T13:15:22.744+0000] {logging_mixin.py:137} INFO - Julie Martinez
[2023-02-02T13:15:22.753+0000] {logging_mixin.py:137} INFO - David Adams
[2023-02-02T13:15:22.757+0000] {logging_mixin.py:137} INFO - Mariah Brown
[2023-02-02T13:15:22.760+0000] {logging_mixin.py:137} INFO - Deborah Malone
[2023-02-02T13:15:22.762+0000] {logging_mixin.py:137} INFO - John Brown
[2023-02-02T13:15:22.794+0000] {logging_mixin.py:137} INFO - Maria Stewart
[2023-02-02T13:15:22.802+0000] {logging_mixin.py:137} INFO - Mr. Bryan Hawkins
[2023-02-02T13:15:22.808+0000] {logging_mixin.py:137} INFO - Kyle Brooks
[2023-02-02T13:15:22.811+0000] {logging_mixin.py:137} INFO - Kenneth White
[2023-02-02T13:15:22.814+0000] {logging_mixin.py:137} INFO - Patricia Wilson
[2023-02-02T13:15:22.826+0000] {logging_mixin.py:137} INFO - Paul Soto
[2023-02-02T13:15:22.828+0000] {logging_mixin.py:137} INFO - Janice Garrett
[2023-02-02T13:15:22.838+0000] {logging_mixin.py:137} INFO - Randy Strickland
[2023-02-02T13:15:22.842+0000] {logging_mixin.py:137} INFO - Felicia Herrera
[2023-02-02T13:15:22.844+0000] {logging_mixin.py:137} INFO - Andre Campos
[2023-02-02T13:15:22.850+0000] {logging_mixin.py:137} INFO - Justin Meyer
[2023-02-02T13:15:22.852+0000] {logging_mixin.py:137} INFO - Brandon Brooks
[2023-02-02T13:15:22.855+0000] {logging_mixin.py:137} INFO - Abigail Rivera
[2023-02-02T13:15:22.860+0000] {logging_mixin.py:137} INFO - Jessica Mann
[2023-02-02T13:15:22.863+0000] {logging_mixin.py:137} INFO - Michael Sawyer
[2023-02-02T13:15:22.865+0000] {logging_mixin.py:137} INFO - Jeffrey Coleman
[2023-02-02T13:15:22.872+0000] {logging_mixin.py:137} INFO - Micheal Castro
[2023-02-02T13:15:22.874+0000] {logging_mixin.py:137} INFO - Laura Gonzalez
[2023-02-02T13:15:22.876+0000] {logging_mixin.py:137} INFO - Christopher Jackson
[2023-02-02T13:15:22.879+0000] {logging_mixin.py:137} INFO - William Mckenzie
[2023-02-02T13:15:22.882+0000] {logging_mixin.py:137} INFO - Kristina Rodriguez
[2023-02-02T13:15:22.885+0000] {logging_mixin.py:137} INFO - Kelli Williams
[2023-02-02T13:15:22.887+0000] {logging_mixin.py:137} INFO - Diane Norris
[2023-02-02T13:15:22.890+0000] {logging_mixin.py:137} INFO - Kevin Carroll
[2023-02-02T13:15:22.892+0000] {logging_mixin.py:137} INFO - Betty Weber
[2023-02-02T13:15:22.894+0000] {logging_mixin.py:137} INFO - Jeffery Robinson
[2023-02-02T13:15:22.897+0000] {logging_mixin.py:137} INFO - Hannah Cowan
[2023-02-02T13:15:22.903+0000] {logging_mixin.py:137} INFO - Brian Kramer
[2023-02-02T13:15:22.908+0000] {logging_mixin.py:137} INFO - Anthony Roberts
[2023-02-02T13:15:22.911+0000] {logging_mixin.py:137} INFO - Ricardo Blankenship
[2023-02-02T13:15:22.914+0000] {logging_mixin.py:137} INFO - Brooke Collins
[2023-02-02T13:15:22.927+0000] {logging_mixin.py:137} INFO - Tammy Lawson
[2023-02-02T13:15:22.929+0000] {logging_mixin.py:137} INFO - Cody Miller
[2023-02-02T13:15:22.931+0000] {logging_mixin.py:137} INFO - Dr. Janice Salazar
[2023-02-02T13:15:22.934+0000] {logging_mixin.py:137} INFO - David West
[2023-02-02T13:15:22.936+0000] {logging_mixin.py:137} INFO - Robin Carpenter
[2023-02-02T13:15:22.942+0000] {logging_mixin.py:137} INFO - Monique Wall
[2023-02-02T13:15:22.946+0000] {logging_mixin.py:137} INFO - Charles Cardenas
[2023-02-02T13:15:22.949+0000] {logging_mixin.py:137} INFO - Valerie Mitchell
[2023-02-02T13:15:22.951+0000] {logging_mixin.py:137} INFO - Michelle Valenzuela
[2023-02-02T13:15:22.956+0000] {logging_mixin.py:137} INFO - William Poole
[2023-02-02T13:15:22.962+0000] {logging_mixin.py:137} INFO - James Hall
[2023-02-02T13:15:22.967+0000] {logging_mixin.py:137} INFO - Dylan Carpenter
[2023-02-02T13:15:22.973+0000] {logging_mixin.py:137} INFO - Linda Medina
[2023-02-02T13:15:22.976+0000] {logging_mixin.py:137} INFO - Joan White
[2023-02-02T13:15:22.978+0000] {logging_mixin.py:137} INFO - Mary Klein
[2023-02-02T13:15:22.984+0000] {logging_mixin.py:137} INFO - Ashley Wolf
[2023-02-02T13:15:22.989+0000] {logging_mixin.py:137} INFO - William Reed
[2023-02-02T13:15:22.998+0000] {logging_mixin.py:137} INFO - Derek Harvey
[2023-02-02T13:15:23.000+0000] {logging_mixin.py:137} INFO - Kathleen Rodriguez
[2023-02-02T13:15:23.002+0000] {logging_mixin.py:137} INFO - Andrew Rodriguez
[2023-02-02T13:15:23.005+0000] {logging_mixin.py:137} INFO - Ariel Frank
[2023-02-02T13:15:23.007+0000] {logging_mixin.py:137} INFO - Tina French
[2023-02-02T13:15:23.010+0000] {logging_mixin.py:137} INFO - Brent Waller
[2023-02-02T13:15:23.014+0000] {logging_mixin.py:137} INFO - Kevin Allen
[2023-02-02T13:15:23.016+0000] {logging_mixin.py:137} INFO - Xavier Walker
[2023-02-02T13:15:23.025+0000] {logging_mixin.py:137} INFO - Michelle Sanchez
[2023-02-02T13:15:23.027+0000] {logging_mixin.py:137} INFO - Rachael Shepard
[2023-02-02T13:15:23.029+0000] {logging_mixin.py:137} INFO - Kelsey Johnson
[2023-02-02T13:15:23.038+0000] {logging_mixin.py:137} INFO - Nicole Webb
[2023-02-02T13:15:23.040+0000] {logging_mixin.py:137} INFO - Nicholas Rodriguez
[2023-02-02T13:15:23.044+0000] {logging_mixin.py:137} INFO - Eric Vaughan
[2023-02-02T13:15:23.046+0000] {logging_mixin.py:137} INFO - Amanda Richardson
[2023-02-02T13:15:23.049+0000] {logging_mixin.py:137} INFO - Janice Carlson
[2023-02-02T13:15:23.051+0000] {logging_mixin.py:137} INFO - Darryl Walsh
[2023-02-02T13:15:23.053+0000] {logging_mixin.py:137} INFO - Heather Johnson
[2023-02-02T13:15:23.056+0000] {logging_mixin.py:137} INFO - Mark Chambers
[2023-02-02T13:15:23.058+0000] {logging_mixin.py:137} INFO - Tracy Burns
[2023-02-02T13:15:23.060+0000] {logging_mixin.py:137} INFO - John Cole
[2023-02-02T13:15:23.064+0000] {logging_mixin.py:137} INFO - Deborah Silva
[2023-02-02T13:15:23.066+0000] {logging_mixin.py:137} INFO - Shawn Hernandez
[2023-02-02T13:15:23.071+0000] {logging_mixin.py:137} INFO - Bethany Meyer
[2023-02-02T13:15:23.077+0000] {logging_mixin.py:137} INFO - Helen Smith
[2023-02-02T13:15:23.079+0000] {logging_mixin.py:137} INFO - Dana Dennis
[2023-02-02T13:15:23.082+0000] {logging_mixin.py:137} INFO - Kelsey Camacho
[2023-02-02T13:15:23.089+0000] {logging_mixin.py:137} INFO - Matthew Thomas
[2023-02-02T13:15:23.095+0000] {logging_mixin.py:137} INFO - Brittany Arellano
[2023-02-02T13:15:23.099+0000] {logging_mixin.py:137} INFO - Stacey Jones
[2023-02-02T13:15:23.104+0000] {logging_mixin.py:137} INFO - William Weeks
[2023-02-02T13:15:23.107+0000] {logging_mixin.py:137} INFO - Mark Beasley
[2023-02-02T13:15:23.108+0000] {logging_mixin.py:137} INFO - Bruce Pena
[2023-02-02T13:15:23.110+0000] {logging_mixin.py:137} INFO - Jeffery Smith
[2023-02-02T13:15:23.112+0000] {logging_mixin.py:137} INFO - Ann Deleon
[2023-02-02T13:15:23.115+0000] {logging_mixin.py:137} INFO - Kevin Robertson
[2023-02-02T13:15:23.119+0000] {logging_mixin.py:137} INFO - Vincent Willis MD
[2023-02-02T13:15:23.126+0000] {logging_mixin.py:137} INFO - Michael Nielsen
[2023-02-02T13:15:23.130+0000] {logging_mixin.py:137} INFO - Walter Koch
[2023-02-02T13:15:23.132+0000] {logging_mixin.py:137} INFO - Brian Vega
[2023-02-02T13:15:23.135+0000] {logging_mixin.py:137} INFO - Jeffrey Medina
[2023-02-02T13:15:23.137+0000] {logging_mixin.py:137} INFO - Erika Banks
[2023-02-02T13:15:23.141+0000] {logging_mixin.py:137} INFO - Stacey Griffin
[2023-02-02T13:15:23.143+0000] {logging_mixin.py:137} INFO - Michael Marsh
[2023-02-02T13:15:23.146+0000] {logging_mixin.py:137} INFO - Molly White
[2023-02-02T13:15:23.147+0000] {logging_mixin.py:137} INFO - Matthew Morrison
[2023-02-02T13:15:23.149+0000] {logging_mixin.py:137} INFO - Amanda Burns
[2023-02-02T13:15:23.153+0000] {logging_mixin.py:137} INFO - Emily Gonzalez DDS
[2023-02-02T13:15:23.155+0000] {logging_mixin.py:137} INFO - Gregory King
[2023-02-02T13:15:23.157+0000] {logging_mixin.py:137} INFO - Dennis Evans
[2023-02-02T13:15:23.159+0000] {logging_mixin.py:137} INFO - Christina Snyder
[2023-02-02T13:15:23.160+0000] {logging_mixin.py:137} INFO - Carolyn Mata
[2023-02-02T13:15:23.161+0000] {logging_mixin.py:137} INFO - Brandy Lawson
[2023-02-02T13:15:23.163+0000] {logging_mixin.py:137} INFO - Briana Christian
[2023-02-02T13:15:23.166+0000] {logging_mixin.py:137} INFO - Jeffrey Hernandez
[2023-02-02T13:15:23.170+0000] {logging_mixin.py:137} INFO - John Riggs
[2023-02-02T13:15:23.172+0000] {logging_mixin.py:137} INFO - Barbara Short
[2023-02-02T13:15:23.174+0000] {logging_mixin.py:137} INFO - Steven Brooks
[2023-02-02T13:15:23.177+0000] {logging_mixin.py:137} INFO - Gabrielle James
[2023-02-02T13:15:23.180+0000] {logging_mixin.py:137} INFO - Robert Young
[2023-02-02T13:15:23.182+0000] {logging_mixin.py:137} INFO - Derek Sanders
[2023-02-02T13:15:23.184+0000] {logging_mixin.py:137} INFO - Mallory Oliver
[2023-02-02T13:15:23.186+0000] {logging_mixin.py:137} INFO - Terry Howe
[2023-02-02T13:15:23.188+0000] {logging_mixin.py:137} INFO - Samuel Wallace
[2023-02-02T13:15:23.190+0000] {logging_mixin.py:137} INFO - Angel Jones
[2023-02-02T13:15:23.192+0000] {logging_mixin.py:137} INFO - Jacqueline Nichols
[2023-02-02T13:15:23.194+0000] {logging_mixin.py:137} INFO - Melissa Mcgee
[2023-02-02T13:15:23.196+0000] {logging_mixin.py:137} INFO - Michelle Smith
[2023-02-02T13:15:23.198+0000] {logging_mixin.py:137} INFO - Maureen Baxter
[2023-02-02T13:15:23.200+0000] {logging_mixin.py:137} INFO - Kathy Crawford
[2023-02-02T13:15:23.203+0000] {logging_mixin.py:137} INFO - Stacy Wood
[2023-02-02T13:15:23.205+0000] {logging_mixin.py:137} INFO - Justin Parsons
[2023-02-02T13:15:23.207+0000] {logging_mixin.py:137} INFO - Ann Klein
[2023-02-02T13:15:23.210+0000] {logging_mixin.py:137} INFO - Allison Arnold
[2023-02-02T13:15:23.212+0000] {logging_mixin.py:137} INFO - Heather Kirk
[2023-02-02T13:15:23.215+0000] {logging_mixin.py:137} INFO - Monica Smith
[2023-02-02T13:15:23.216+0000] {logging_mixin.py:137} INFO - Brett Oconnor
[2023-02-02T13:15:23.218+0000] {logging_mixin.py:137} INFO - Anthony Bryant
[2023-02-02T13:15:23.223+0000] {logging_mixin.py:137} INFO - Jeremy Russell
[2023-02-02T13:15:23.228+0000] {logging_mixin.py:137} INFO - Julie Poole
[2023-02-02T13:15:23.229+0000] {logging_mixin.py:137} INFO - Emma Thompson
[2023-02-02T13:15:23.231+0000] {logging_mixin.py:137} INFO - Bradley Matthews
[2023-02-02T13:15:23.233+0000] {logging_mixin.py:137} INFO - William Roberts
[2023-02-02T13:15:23.235+0000] {logging_mixin.py:137} INFO - Julie Mooney
[2023-02-02T13:15:23.237+0000] {logging_mixin.py:137} INFO - Amy Doyle
[2023-02-02T13:15:23.238+0000] {logging_mixin.py:137} INFO - Amanda Grant
[2023-02-02T13:15:23.241+0000] {logging_mixin.py:137} INFO - Eric Anderson
[2023-02-02T13:15:23.242+0000] {logging_mixin.py:137} INFO - George Thompson
[2023-02-02T13:15:23.244+0000] {logging_mixin.py:137} INFO - Dustin Hines
[2023-02-02T13:15:23.246+0000] {logging_mixin.py:137} INFO - Andrea Frank
[2023-02-02T13:15:23.248+0000] {logging_mixin.py:137} INFO - Jodi Cook
[2023-02-02T13:15:23.249+0000] {logging_mixin.py:137} INFO - Stacy Haney
[2023-02-02T13:15:23.251+0000] {logging_mixin.py:137} INFO - Paul Callahan
[2023-02-02T13:15:23.252+0000] {logging_mixin.py:137} INFO - Jasmine Chambers
[2023-02-02T13:15:23.254+0000] {logging_mixin.py:137} INFO - Melissa Pittman MD
[2023-02-02T13:15:23.256+0000] {logging_mixin.py:137} INFO - Deborah Larson
[2023-02-02T13:15:23.257+0000] {logging_mixin.py:137} INFO - Brandon Shaw
[2023-02-02T13:15:23.259+0000] {logging_mixin.py:137} INFO - Timothy Paul
[2023-02-02T13:15:23.262+0000] {logging_mixin.py:137} INFO - Michael Trujillo
[2023-02-02T13:15:23.263+0000] {logging_mixin.py:137} INFO - Robert Rivera
[2023-02-02T13:15:23.265+0000] {logging_mixin.py:137} INFO - Dana Nelson
[2023-02-02T13:15:23.267+0000] {logging_mixin.py:137} INFO - Andrea Bennett
[2023-02-02T13:15:23.269+0000] {logging_mixin.py:137} INFO - Jodi Fox
[2023-02-02T13:15:23.271+0000] {logging_mixin.py:137} INFO - Heather Hayes
[2023-02-02T13:15:23.273+0000] {logging_mixin.py:137} INFO - Jennifer Moreno
[2023-02-02T13:15:23.275+0000] {logging_mixin.py:137} INFO - John Patel
[2023-02-02T13:15:23.277+0000] {logging_mixin.py:137} INFO - Teresa Oliver
[2023-02-02T13:15:23.280+0000] {logging_mixin.py:137} INFO - Monique Bell
[2023-02-02T13:15:23.281+0000] {logging_mixin.py:137} INFO - Casey Leonard
[2023-02-02T13:15:23.284+0000] {logging_mixin.py:137} INFO - Steven Clark
[2023-02-02T13:15:23.286+0000] {logging_mixin.py:137} INFO - Edward Martin
[2023-02-02T13:15:23.288+0000] {logging_mixin.py:137} INFO - Shawn Orozco
[2023-02-02T13:15:23.289+0000] {logging_mixin.py:137} INFO - Brandon Yang
[2023-02-02T13:15:23.291+0000] {logging_mixin.py:137} INFO - Nathan Ray
[2023-02-02T13:15:23.293+0000] {logging_mixin.py:137} INFO - Lori Moore
[2023-02-02T13:15:23.294+0000] {logging_mixin.py:137} INFO - Dr. Lisa Shaw DVM
[2023-02-02T13:15:23.296+0000] {logging_mixin.py:137} INFO - Angela Walters
[2023-02-02T13:15:23.298+0000] {logging_mixin.py:137} INFO - David Nolan
[2023-02-02T13:15:23.299+0000] {logging_mixin.py:137} INFO - William Ramsey
[2023-02-02T13:15:23.303+0000] {logging_mixin.py:137} INFO - David Oconnor
[2023-02-02T13:15:23.304+0000] {logging_mixin.py:137} INFO - Mark Washington
[2023-02-02T13:15:23.306+0000] {logging_mixin.py:137} INFO - Jennifer Jacobs
[2023-02-02T13:15:23.308+0000] {logging_mixin.py:137} INFO - Tammy Hampton
[2023-02-02T13:15:23.309+0000] {logging_mixin.py:137} INFO - Stephen Farmer
[2023-02-02T13:15:23.314+0000] {logging_mixin.py:137} INFO - Jasmine Nguyen
[2023-02-02T13:15:23.316+0000] {logging_mixin.py:137} INFO - Rebecca Flores
[2023-02-02T13:15:23.318+0000] {logging_mixin.py:137} INFO - Tyler Davis
[2023-02-02T13:15:23.319+0000] {logging_mixin.py:137} INFO - Nancy Gray
[2023-02-02T13:15:23.323+0000] {logging_mixin.py:137} INFO - Brian Sanchez
[2023-02-02T13:15:23.328+0000] {logging_mixin.py:137} INFO - Laurie Shaw
[2023-02-02T13:15:23.331+0000] {logging_mixin.py:137} INFO - Kristina Torres
[2023-02-02T13:15:23.334+0000] {logging_mixin.py:137} INFO - Andrea Rodgers
[2023-02-02T13:15:23.335+0000] {logging_mixin.py:137} INFO - Jason Walters
[2023-02-02T13:15:23.337+0000] {logging_mixin.py:137} INFO - Jerry Moss
[2023-02-02T13:15:23.339+0000] {logging_mixin.py:137} INFO - Jeffrey Jordan
[2023-02-02T13:15:23.341+0000] {logging_mixin.py:137} INFO - Jennifer Wilson
[2023-02-02T13:15:23.342+0000] {logging_mixin.py:137} INFO - Trevor Mathews
[2023-02-02T13:15:23.344+0000] {logging_mixin.py:137} INFO - Anne Hood
[2023-02-02T13:15:23.345+0000] {logging_mixin.py:137} INFO - Sarah Williams
[2023-02-02T13:15:23.347+0000] {logging_mixin.py:137} INFO - Shelby Hernandez
[2023-02-02T13:15:23.350+0000] {logging_mixin.py:137} INFO - Samantha Velez
[2023-02-02T13:15:23.354+0000] {logging_mixin.py:137} INFO - Matthew Douglas
[2023-02-02T13:15:23.356+0000] {logging_mixin.py:137} INFO - Ashlee George
[2023-02-02T13:15:23.359+0000] {logging_mixin.py:137} INFO - Troy Crane
[2023-02-02T13:15:23.360+0000] {logging_mixin.py:137} INFO - Michael Cooper
[2023-02-02T13:15:23.362+0000] {logging_mixin.py:137} INFO - Michael White
[2023-02-02T13:15:23.366+0000] {logging_mixin.py:137} INFO - Mr. Timothy Fleming
[2023-02-02T13:15:23.372+0000] {logging_mixin.py:137} INFO - Seth Bruce
[2023-02-02T13:15:23.384+0000] {logging_mixin.py:137} INFO - Jacqueline Carpenter
[2023-02-02T13:15:23.397+0000] {logging_mixin.py:137} INFO - Michael Martin
[2023-02-02T13:15:23.400+0000] {logging_mixin.py:137} INFO - Kristopher Henry
[2023-02-02T13:15:23.404+0000] {logging_mixin.py:137} INFO - Tiffany Porter
[2023-02-02T13:15:23.407+0000] {logging_mixin.py:137} INFO - Stacy Simpson
[2023-02-02T13:15:23.409+0000] {logging_mixin.py:137} INFO - Tammy Mcdowell
[2023-02-02T13:15:23.412+0000] {logging_mixin.py:137} INFO - Thomas Walters
[2023-02-02T13:15:23.414+0000] {logging_mixin.py:137} INFO - Dwayne Thompson
[2023-02-02T13:15:23.417+0000] {logging_mixin.py:137} INFO - Natalie Willis
[2023-02-02T13:15:23.419+0000] {logging_mixin.py:137} INFO - Sharon Taylor
[2023-02-02T13:15:23.429+0000] {logging_mixin.py:137} INFO - Sarah Wiggins
[2023-02-02T13:15:23.431+0000] {logging_mixin.py:137} INFO - Amber Thomas
[2023-02-02T13:15:23.433+0000] {logging_mixin.py:137} INFO - Patrick Miller
[2023-02-02T13:15:23.436+0000] {logging_mixin.py:137} INFO - Stephanie Hartman
[2023-02-02T13:15:23.441+0000] {logging_mixin.py:137} INFO - Stacey Mora
[2023-02-02T13:15:23.445+0000] {logging_mixin.py:137} INFO - Katherine Rodriguez
[2023-02-02T13:15:23.447+0000] {logging_mixin.py:137} INFO - Daniel Morgan
[2023-02-02T13:15:23.451+0000] {logging_mixin.py:137} INFO - Rebecca Martinez
[2023-02-02T13:15:23.453+0000] {logging_mixin.py:137} INFO - Nicole Juarez
[2023-02-02T13:15:23.455+0000] {logging_mixin.py:137} INFO - Mark Arroyo
[2023-02-02T13:15:23.457+0000] {logging_mixin.py:137} INFO - April Lucero
[2023-02-02T13:15:23.458+0000] {logging_mixin.py:137} INFO - Samantha Garcia
[2023-02-02T13:15:23.459+0000] {logging_mixin.py:137} INFO - Jon Moore
[2023-02-02T13:15:23.461+0000] {logging_mixin.py:137} INFO - Joshua Flores MD
[2023-02-02T13:15:23.463+0000] {logging_mixin.py:137} INFO - Raymond Jones
[2023-02-02T13:15:23.464+0000] {logging_mixin.py:137} INFO - Billy Hughes
[2023-02-02T13:15:23.467+0000] {logging_mixin.py:137} INFO - Peggy Valdez PhD
[2023-02-02T13:15:23.469+0000] {logging_mixin.py:137} INFO - Joshua Reyes
[2023-02-02T13:15:23.471+0000] {logging_mixin.py:137} INFO - Aaron Green
[2023-02-02T13:15:23.472+0000] {logging_mixin.py:137} INFO - Wendy Espinoza
[2023-02-02T13:15:23.474+0000] {logging_mixin.py:137} INFO - Peter Vasquez
[2023-02-02T13:15:23.475+0000] {logging_mixin.py:137} INFO - Diane Harper
[2023-02-02T13:15:23.477+0000] {logging_mixin.py:137} INFO - Ms. Rebecca Cantu
[2023-02-02T13:15:23.479+0000] {logging_mixin.py:137} INFO - Yolanda Morrow
[2023-02-02T13:15:23.480+0000] {logging_mixin.py:137} INFO - Penny Beard
[2023-02-02T13:15:23.482+0000] {logging_mixin.py:137} INFO - Lisa Long
[2023-02-02T13:15:23.484+0000] {logging_mixin.py:137} INFO - Jerry Harris
[2023-02-02T13:15:23.486+0000] {logging_mixin.py:137} INFO - Bob Willis
[2023-02-02T13:15:23.488+0000] {logging_mixin.py:137} INFO - Duane Chapman
[2023-02-02T13:15:23.490+0000] {logging_mixin.py:137} INFO - William Morgan
[2023-02-02T13:15:23.491+0000] {logging_mixin.py:137} INFO - Amy Gutierrez
[2023-02-02T13:15:23.493+0000] {logging_mixin.py:137} INFO - Amber Nichols
[2023-02-02T13:15:23.494+0000] {logging_mixin.py:137} INFO - Matthew Carr
[2023-02-02T13:15:23.496+0000] {logging_mixin.py:137} INFO - Thomas Duncan
[2023-02-02T13:15:23.498+0000] {logging_mixin.py:137} INFO - Elizabeth Wright
[2023-02-02T13:15:23.500+0000] {logging_mixin.py:137} INFO - Jacqueline Brewer
[2023-02-02T13:15:23.502+0000] {logging_mixin.py:137} INFO - Stephanie Johnson
[2023-02-02T13:15:23.503+0000] {logging_mixin.py:137} INFO - Samantha Calderon
[2023-02-02T13:15:23.505+0000] {logging_mixin.py:137} INFO - Kathryn Gaines
[2023-02-02T13:15:23.506+0000] {logging_mixin.py:137} INFO - Angel Jones
[2023-02-02T13:15:23.508+0000] {logging_mixin.py:137} INFO - Laura Wall
[2023-02-02T13:15:23.509+0000] {logging_mixin.py:137} INFO - Mr. Anthony Hamilton
[2023-02-02T13:15:23.511+0000] {logging_mixin.py:137} INFO - David Smith
[2023-02-02T13:15:23.513+0000] {logging_mixin.py:137} INFO - Kimberly Herrera DDS
[2023-02-02T13:15:23.514+0000] {logging_mixin.py:137} INFO - Gina Wilson
[2023-02-02T13:15:23.518+0000] {logging_mixin.py:137} INFO - Timothy Byrd
[2023-02-02T13:15:23.521+0000] {logging_mixin.py:137} INFO - Michael Mckenzie
[2023-02-02T13:15:23.523+0000] {logging_mixin.py:137} INFO - Jeffrey Mcintyre
[2023-02-02T13:15:23.526+0000] {logging_mixin.py:137} INFO - Teresa Jackson
[2023-02-02T13:15:23.529+0000] {logging_mixin.py:137} INFO - Joseph Wilcox
[2023-02-02T13:15:23.530+0000] {logging_mixin.py:137} INFO - Patrick Mcknight
[2023-02-02T13:15:23.532+0000] {logging_mixin.py:137} INFO - Ronald Moreno
[2023-02-02T13:15:23.533+0000] {logging_mixin.py:137} INFO - Jamie Sullivan
[2023-02-02T13:15:23.535+0000] {logging_mixin.py:137} INFO - Jason Anderson
[2023-02-02T13:15:23.537+0000] {logging_mixin.py:137} INFO - Steven Stewart
[2023-02-02T13:15:23.539+0000] {logging_mixin.py:137} INFO - Melinda Paul
[2023-02-02T13:15:23.540+0000] {logging_mixin.py:137} INFO - Cynthia Simmons
[2023-02-02T13:15:23.541+0000] {logging_mixin.py:137} INFO - Christian Smith
[2023-02-02T13:15:23.543+0000] {logging_mixin.py:137} INFO - William Jimenez
[2023-02-02T13:15:23.545+0000] {logging_mixin.py:137} INFO - Hayley French
[2023-02-02T13:15:23.547+0000] {logging_mixin.py:137} INFO - Brandon Hess
[2023-02-02T13:15:23.549+0000] {logging_mixin.py:137} INFO - Laura Perry
[2023-02-02T13:15:23.551+0000] {logging_mixin.py:137} INFO - Scott Jones
[2023-02-02T13:15:23.553+0000] {logging_mixin.py:137} INFO - Christine Hernandez
[2023-02-02T13:15:23.555+0000] {logging_mixin.py:137} INFO - Douglas Eaton
[2023-02-02T13:15:23.557+0000] {logging_mixin.py:137} INFO - William Soto
[2023-02-02T13:15:23.558+0000] {logging_mixin.py:137} INFO - Mary Jones
[2023-02-02T13:15:23.560+0000] {logging_mixin.py:137} INFO - Stephanie Holmes
[2023-02-02T13:15:23.563+0000] {logging_mixin.py:137} INFO - Keith Meyers
[2023-02-02T13:15:23.564+0000] {logging_mixin.py:137} INFO - Paul Fisher
[2023-02-02T13:15:23.567+0000] {logging_mixin.py:137} INFO - Emily Alexander
[2023-02-02T13:15:23.569+0000] {logging_mixin.py:137} INFO - Anthony Schwartz
[2023-02-02T13:15:23.570+0000] {logging_mixin.py:137} INFO - Evelyn Jacobs
[2023-02-02T13:15:23.572+0000] {logging_mixin.py:137} INFO - Connie Jones
[2023-02-02T13:15:23.574+0000] {logging_mixin.py:137} INFO - Carla Gibbs
[2023-02-02T13:15:23.578+0000] {logging_mixin.py:137} INFO - Ashley Santiago
[2023-02-02T13:15:23.580+0000] {logging_mixin.py:137} INFO - Micheal Mckee
[2023-02-02T13:15:23.582+0000] {logging_mixin.py:137} INFO - Diane Williams
[2023-02-02T13:15:23.583+0000] {logging_mixin.py:137} INFO - Jesse Velasquez
[2023-02-02T13:15:23.585+0000] {logging_mixin.py:137} INFO - Jennifer Rodriguez
[2023-02-02T13:15:23.587+0000] {logging_mixin.py:137} INFO - Joe Griffin
[2023-02-02T13:15:23.589+0000] {logging_mixin.py:137} INFO - Gary Cherry
[2023-02-02T13:15:23.592+0000] {logging_mixin.py:137} INFO - Alyssa Edwards
[2023-02-02T13:15:23.594+0000] {logging_mixin.py:137} INFO - Caroline Hernandez MD
[2023-02-02T13:15:23.595+0000] {logging_mixin.py:137} INFO - Jessica Morton
[2023-02-02T13:15:23.596+0000] {logging_mixin.py:137} INFO - Holly Jones
[2023-02-02T13:15:23.598+0000] {logging_mixin.py:137} INFO - David Shelton
[2023-02-02T13:15:23.600+0000] {logging_mixin.py:137} INFO - Kristina Parks
[2023-02-02T13:15:23.601+0000] {logging_mixin.py:137} INFO - Laurie Hernandez
[2023-02-02T13:15:23.602+0000] {logging_mixin.py:137} INFO - Melissa James
[2023-02-02T13:15:23.604+0000] {logging_mixin.py:137} INFO - Jeremiah Adams
[2023-02-02T13:15:23.606+0000] {logging_mixin.py:137} INFO - Arthur Robinson
[2023-02-02T13:15:23.608+0000] {logging_mixin.py:137} INFO - Anna Shepard
[2023-02-02T13:15:23.609+0000] {logging_mixin.py:137} INFO - Brandon Myers
[2023-02-02T13:15:23.611+0000] {logging_mixin.py:137} INFO - Paul Cardenas
[2023-02-02T13:15:23.612+0000] {logging_mixin.py:137} INFO - Megan Santana
[2023-02-02T13:15:23.614+0000] {logging_mixin.py:137} INFO - Joseph Marshall
[2023-02-02T13:15:23.615+0000] {logging_mixin.py:137} INFO - Mrs. Brenda Harris
[2023-02-02T13:15:23.617+0000] {logging_mixin.py:137} INFO - Nicole Garcia
[2023-02-02T13:15:23.618+0000] {logging_mixin.py:137} INFO - Anna Estrada
[2023-02-02T13:15:23.619+0000] {logging_mixin.py:137} INFO - Carl Moore
[2023-02-02T13:15:23.621+0000] {logging_mixin.py:137} INFO - Rodney Hernandez
[2023-02-02T13:15:23.622+0000] {logging_mixin.py:137} INFO - Madison Christian
[2023-02-02T13:15:23.624+0000] {logging_mixin.py:137} INFO - Heather Rhodes
[2023-02-02T13:15:23.635+0000] {python.py:177} INFO - Done. Returned value was: None
[2023-02-02T13:15:23.652+0000] {taskinstance.py:1323} INFO - Marking task as SUCCESS. dag_id=CSV_DAG, task_id=convertCSVToJson, execution_date=20230202T131000, start_date=20230202T131518, end_date=20230202T131523
[2023-02-02T13:15:23.722+0000] {local_task_job.py:208} INFO - Task exited with return code 0
[2023-02-02T13:15:23.764+0000] {taskinstance.py:2578} INFO - 0 downstream tasks scheduled from follow-on schedule check
