[2023-02-10T16:08:23.086+0000] {processor.py:153} INFO - Started process (PID=78) to work on /home/airflow/.local/lib/python3.7/site-packages/airflow/example_dags/example_sensors.py
[2023-02-10T16:08:23.090+0000] {processor.py:743} INFO - Processing file /home/airflow/.local/lib/python3.7/site-packages/airflow/example_dags/example_sensors.py for tasks to queue
[2023-02-10T16:08:23.093+0000] {logging_mixin.py:137} INFO - [2023-02-10T16:08:23.092+0000] {dagbag.py:538} INFO - Filling up the DagBag from /home/airflow/.local/lib/python3.7/site-packages/airflow/example_dags/example_sensors.py
[2023-02-10T16:08:23.150+0000] {processor.py:753} INFO - DAG(s) dict_keys(['example_sensors']) retrieved from /home/airflow/.local/lib/python3.7/site-packages/airflow/example_dags/example_sensors.py
[2023-02-10T16:08:23.218+0000] {logging_mixin.py:137} INFO - [2023-02-10T16:08:23.218+0000] {dag.py:2690} INFO - Sync 1 DAGs
[2023-02-10T16:08:23.284+0000] {logging_mixin.py:137} INFO - [2023-02-10T16:08:23.284+0000] {dag.py:3441} INFO - Setting next_dagrun for example_sensors to None, run_after=None
[2023-02-10T16:08:23.325+0000] {processor.py:175} INFO - Processing /home/airflow/.local/lib/python3.7/site-packages/airflow/example_dags/example_sensors.py took 0.250 seconds
[2023-02-10T16:08:53.602+0000] {processor.py:153} INFO - Started process (PID=149) to work on /home/airflow/.local/lib/python3.7/site-packages/airflow/example_dags/example_sensors.py
[2023-02-10T16:08:53.605+0000] {processor.py:743} INFO - Processing file /home/airflow/.local/lib/python3.7/site-packages/airflow/example_dags/example_sensors.py for tasks to queue
[2023-02-10T16:08:53.607+0000] {logging_mixin.py:137} INFO - [2023-02-10T16:08:53.607+0000] {dagbag.py:538} INFO - Filling up the DagBag from /home/airflow/.local/lib/python3.7/site-packages/airflow/example_dags/example_sensors.py
[2023-02-10T16:08:53.634+0000] {processor.py:753} INFO - DAG(s) dict_keys(['example_sensors']) retrieved from /home/airflow/.local/lib/python3.7/site-packages/airflow/example_dags/example_sensors.py
[2023-02-10T16:08:53.668+0000] {logging_mixin.py:137} INFO - [2023-02-10T16:08:53.668+0000] {dag.py:2690} INFO - Sync 1 DAGs
[2023-02-10T16:08:53.699+0000] {logging_mixin.py:137} INFO - [2023-02-10T16:08:53.698+0000] {dag.py:3441} INFO - Setting next_dagrun for example_sensors to None, run_after=None
[2023-02-10T16:08:53.720+0000] {processor.py:175} INFO - Processing /home/airflow/.local/lib/python3.7/site-packages/airflow/example_dags/example_sensors.py took 0.125 seconds
[2023-02-10T16:09:24.523+0000] {processor.py:153} INFO - Started process (PID=226) to work on /home/airflow/.local/lib/python3.7/site-packages/airflow/example_dags/example_sensors.py
[2023-02-10T16:09:24.529+0000] {processor.py:743} INFO - Processing file /home/airflow/.local/lib/python3.7/site-packages/airflow/example_dags/example_sensors.py for tasks to queue
[2023-02-10T16:09:24.534+0000] {logging_mixin.py:137} INFO - [2023-02-10T16:09:24.534+0000] {dagbag.py:538} INFO - Filling up the DagBag from /home/airflow/.local/lib/python3.7/site-packages/airflow/example_dags/example_sensors.py
[2023-02-10T16:09:24.608+0000] {processor.py:753} INFO - DAG(s) dict_keys(['example_sensors']) retrieved from /home/airflow/.local/lib/python3.7/site-packages/airflow/example_dags/example_sensors.py
[2023-02-10T16:09:24.728+0000] {logging_mixin.py:137} INFO - [2023-02-10T16:09:24.727+0000] {dag.py:2690} INFO - Sync 1 DAGs
[2023-02-10T16:09:24.811+0000] {logging_mixin.py:137} INFO - [2023-02-10T16:09:24.811+0000] {dag.py:3441} INFO - Setting next_dagrun for example_sensors to None, run_after=None
[2023-02-10T16:09:24.857+0000] {processor.py:175} INFO - Processing /home/airflow/.local/lib/python3.7/site-packages/airflow/example_dags/example_sensors.py took 0.351 seconds
[2023-02-10T16:09:55.001+0000] {processor.py:153} INFO - Started process (PID=304) to work on /home/airflow/.local/lib/python3.7/site-packages/airflow/example_dags/example_sensors.py
[2023-02-10T16:09:55.004+0000] {processor.py:743} INFO - Processing file /home/airflow/.local/lib/python3.7/site-packages/airflow/example_dags/example_sensors.py for tasks to queue
[2023-02-10T16:09:55.007+0000] {logging_mixin.py:137} INFO - [2023-02-10T16:09:55.006+0000] {dagbag.py:538} INFO - Filling up the DagBag from /home/airflow/.local/lib/python3.7/site-packages/airflow/example_dags/example_sensors.py
[2023-02-10T16:09:55.033+0000] {processor.py:753} INFO - DAG(s) dict_keys(['example_sensors']) retrieved from /home/airflow/.local/lib/python3.7/site-packages/airflow/example_dags/example_sensors.py
[2023-02-10T16:09:55.070+0000] {logging_mixin.py:137} INFO - [2023-02-10T16:09:55.070+0000] {dag.py:2690} INFO - Sync 1 DAGs
[2023-02-10T16:09:55.103+0000] {logging_mixin.py:137} INFO - [2023-02-10T16:09:55.103+0000] {dag.py:3441} INFO - Setting next_dagrun for example_sensors to None, run_after=None
[2023-02-10T16:09:55.131+0000] {processor.py:175} INFO - Processing /home/airflow/.local/lib/python3.7/site-packages/airflow/example_dags/example_sensors.py took 0.135 seconds
[2023-02-10T16:10:25.471+0000] {processor.py:153} INFO - Started process (PID=374) to work on /home/airflow/.local/lib/python3.7/site-packages/airflow/example_dags/example_sensors.py
[2023-02-10T16:10:25.473+0000] {processor.py:743} INFO - Processing file /home/airflow/.local/lib/python3.7/site-packages/airflow/example_dags/example_sensors.py for tasks to queue
[2023-02-10T16:10:25.476+0000] {logging_mixin.py:137} INFO - [2023-02-10T16:10:25.476+0000] {dagbag.py:538} INFO - Filling up the DagBag from /home/airflow/.local/lib/python3.7/site-packages/airflow/example_dags/example_sensors.py
[2023-02-10T16:10:25.502+0000] {processor.py:753} INFO - DAG(s) dict_keys(['example_sensors']) retrieved from /home/airflow/.local/lib/python3.7/site-packages/airflow/example_dags/example_sensors.py
[2023-02-10T16:10:25.539+0000] {logging_mixin.py:137} INFO - [2023-02-10T16:10:25.539+0000] {dag.py:2690} INFO - Sync 1 DAGs
[2023-02-10T16:10:25.570+0000] {logging_mixin.py:137} INFO - [2023-02-10T16:10:25.570+0000] {dag.py:3441} INFO - Setting next_dagrun for example_sensors to None, run_after=None
[2023-02-10T16:10:25.592+0000] {processor.py:175} INFO - Processing /home/airflow/.local/lib/python3.7/site-packages/airflow/example_dags/example_sensors.py took 0.126 seconds
[2023-02-10T16:10:57.058+0000] {processor.py:153} INFO - Started process (PID=453) to work on /home/airflow/.local/lib/python3.7/site-packages/airflow/example_dags/example_sensors.py
[2023-02-10T16:10:57.068+0000] {processor.py:743} INFO - Processing file /home/airflow/.local/lib/python3.7/site-packages/airflow/example_dags/example_sensors.py for tasks to queue
[2023-02-10T16:10:57.075+0000] {logging_mixin.py:137} INFO - [2023-02-10T16:10:57.074+0000] {dagbag.py:538} INFO - Filling up the DagBag from /home/airflow/.local/lib/python3.7/site-packages/airflow/example_dags/example_sensors.py
[2023-02-10T16:10:57.130+0000] {processor.py:753} INFO - DAG(s) dict_keys(['example_sensors']) retrieved from /home/airflow/.local/lib/python3.7/site-packages/airflow/example_dags/example_sensors.py
[2023-02-10T16:10:57.239+0000] {logging_mixin.py:137} INFO - [2023-02-10T16:10:57.239+0000] {dag.py:2690} INFO - Sync 1 DAGs
[2023-02-10T16:10:57.325+0000] {logging_mixin.py:137} INFO - [2023-02-10T16:10:57.324+0000] {dag.py:3441} INFO - Setting next_dagrun for example_sensors to None, run_after=None
[2023-02-10T16:10:57.397+0000] {processor.py:175} INFO - Processing /home/airflow/.local/lib/python3.7/site-packages/airflow/example_dags/example_sensors.py took 0.346 seconds
[2023-02-10T16:11:28.249+0000] {processor.py:153} INFO - Started process (PID=528) to work on /home/airflow/.local/lib/python3.7/site-packages/airflow/example_dags/example_sensors.py
[2023-02-10T16:11:28.253+0000] {processor.py:743} INFO - Processing file /home/airflow/.local/lib/python3.7/site-packages/airflow/example_dags/example_sensors.py for tasks to queue
[2023-02-10T16:11:28.255+0000] {logging_mixin.py:137} INFO - [2023-02-10T16:11:28.255+0000] {dagbag.py:538} INFO - Filling up the DagBag from /home/airflow/.local/lib/python3.7/site-packages/airflow/example_dags/example_sensors.py
[2023-02-10T16:11:28.294+0000] {processor.py:753} INFO - DAG(s) dict_keys(['example_sensors']) retrieved from /home/airflow/.local/lib/python3.7/site-packages/airflow/example_dags/example_sensors.py
[2023-02-10T16:11:28.360+0000] {logging_mixin.py:137} INFO - [2023-02-10T16:11:28.360+0000] {dag.py:2690} INFO - Sync 1 DAGs
[2023-02-10T16:11:28.409+0000] {logging_mixin.py:137} INFO - [2023-02-10T16:11:28.409+0000] {dag.py:3441} INFO - Setting next_dagrun for example_sensors to None, run_after=None
[2023-02-10T16:11:28.444+0000] {processor.py:175} INFO - Processing /home/airflow/.local/lib/python3.7/site-packages/airflow/example_dags/example_sensors.py took 0.204 seconds
[2023-02-10T16:11:58.548+0000] {processor.py:153} INFO - Started process (PID=598) to work on /home/airflow/.local/lib/python3.7/site-packages/airflow/example_dags/example_sensors.py
[2023-02-10T16:11:58.552+0000] {processor.py:743} INFO - Processing file /home/airflow/.local/lib/python3.7/site-packages/airflow/example_dags/example_sensors.py for tasks to queue
[2023-02-10T16:11:58.556+0000] {logging_mixin.py:137} INFO - [2023-02-10T16:11:58.556+0000] {dagbag.py:538} INFO - Filling up the DagBag from /home/airflow/.local/lib/python3.7/site-packages/airflow/example_dags/example_sensors.py
[2023-02-10T16:11:58.597+0000] {processor.py:753} INFO - DAG(s) dict_keys(['example_sensors']) retrieved from /home/airflow/.local/lib/python3.7/site-packages/airflow/example_dags/example_sensors.py
[2023-02-10T16:11:58.652+0000] {logging_mixin.py:137} INFO - [2023-02-10T16:11:58.652+0000] {dag.py:2690} INFO - Sync 1 DAGs
[2023-02-10T16:11:58.705+0000] {logging_mixin.py:137} INFO - [2023-02-10T16:11:58.705+0000] {dag.py:3441} INFO - Setting next_dagrun for example_sensors to None, run_after=None
[2023-02-10T16:11:58.742+0000] {processor.py:175} INFO - Processing /home/airflow/.local/lib/python3.7/site-packages/airflow/example_dags/example_sensors.py took 0.203 seconds
[2023-02-10T16:12:29.027+0000] {processor.py:153} INFO - Started process (PID=669) to work on /home/airflow/.local/lib/python3.7/site-packages/airflow/example_dags/example_sensors.py
[2023-02-10T16:12:29.031+0000] {processor.py:743} INFO - Processing file /home/airflow/.local/lib/python3.7/site-packages/airflow/example_dags/example_sensors.py for tasks to queue
[2023-02-10T16:12:29.035+0000] {logging_mixin.py:137} INFO - [2023-02-10T16:12:29.035+0000] {dagbag.py:538} INFO - Filling up the DagBag from /home/airflow/.local/lib/python3.7/site-packages/airflow/example_dags/example_sensors.py
[2023-02-10T16:12:29.090+0000] {processor.py:753} INFO - DAG(s) dict_keys(['example_sensors']) retrieved from /home/airflow/.local/lib/python3.7/site-packages/airflow/example_dags/example_sensors.py
[2023-02-10T16:12:29.162+0000] {logging_mixin.py:137} INFO - [2023-02-10T16:12:29.162+0000] {dag.py:2690} INFO - Sync 1 DAGs
[2023-02-10T16:12:29.224+0000] {logging_mixin.py:137} INFO - [2023-02-10T16:12:29.224+0000] {dag.py:3441} INFO - Setting next_dagrun for example_sensors to None, run_after=None
[2023-02-10T16:12:29.249+0000] {processor.py:175} INFO - Processing /home/airflow/.local/lib/python3.7/site-packages/airflow/example_dags/example_sensors.py took 0.229 seconds
[2023-02-10T16:12:59.991+0000] {processor.py:153} INFO - Started process (PID=753) to work on /home/airflow/.local/lib/python3.7/site-packages/airflow/example_dags/example_sensors.py
[2023-02-10T16:12:59.996+0000] {processor.py:743} INFO - Processing file /home/airflow/.local/lib/python3.7/site-packages/airflow/example_dags/example_sensors.py for tasks to queue
[2023-02-10T16:13:00.001+0000] {logging_mixin.py:137} INFO - [2023-02-10T16:13:00.000+0000] {dagbag.py:538} INFO - Filling up the DagBag from /home/airflow/.local/lib/python3.7/site-packages/airflow/example_dags/example_sensors.py
[2023-02-10T16:13:00.052+0000] {processor.py:753} INFO - DAG(s) dict_keys(['example_sensors']) retrieved from /home/airflow/.local/lib/python3.7/site-packages/airflow/example_dags/example_sensors.py
[2023-02-10T16:13:00.109+0000] {logging_mixin.py:137} INFO - [2023-02-10T16:13:00.108+0000] {dag.py:2690} INFO - Sync 1 DAGs
[2023-02-10T16:13:00.146+0000] {logging_mixin.py:137} INFO - [2023-02-10T16:13:00.146+0000] {dag.py:3441} INFO - Setting next_dagrun for example_sensors to None, run_after=None
[2023-02-10T16:13:00.173+0000] {processor.py:175} INFO - Processing /home/airflow/.local/lib/python3.7/site-packages/airflow/example_dags/example_sensors.py took 0.189 seconds
[2023-02-10T16:13:30.272+0000] {processor.py:153} INFO - Started process (PID=826) to work on /home/airflow/.local/lib/python3.7/site-packages/airflow/example_dags/example_sensors.py
[2023-02-10T16:13:30.276+0000] {processor.py:743} INFO - Processing file /home/airflow/.local/lib/python3.7/site-packages/airflow/example_dags/example_sensors.py for tasks to queue
[2023-02-10T16:13:30.279+0000] {logging_mixin.py:137} INFO - [2023-02-10T16:13:30.279+0000] {dagbag.py:538} INFO - Filling up the DagBag from /home/airflow/.local/lib/python3.7/site-packages/airflow/example_dags/example_sensors.py
[2023-02-10T16:13:30.338+0000] {processor.py:753} INFO - DAG(s) dict_keys(['example_sensors']) retrieved from /home/airflow/.local/lib/python3.7/site-packages/airflow/example_dags/example_sensors.py
[2023-02-10T16:13:30.404+0000] {logging_mixin.py:137} INFO - [2023-02-10T16:13:30.404+0000] {dag.py:2690} INFO - Sync 1 DAGs
[2023-02-10T16:13:30.442+0000] {logging_mixin.py:137} INFO - [2023-02-10T16:13:30.442+0000] {dag.py:3441} INFO - Setting next_dagrun for example_sensors to None, run_after=None
[2023-02-10T16:13:30.466+0000] {processor.py:175} INFO - Processing /home/airflow/.local/lib/python3.7/site-packages/airflow/example_dags/example_sensors.py took 0.205 seconds
[2023-02-10T16:14:00.823+0000] {processor.py:153} INFO - Started process (PID=900) to work on /home/airflow/.local/lib/python3.7/site-packages/airflow/example_dags/example_sensors.py
[2023-02-10T16:14:00.825+0000] {processor.py:743} INFO - Processing file /home/airflow/.local/lib/python3.7/site-packages/airflow/example_dags/example_sensors.py for tasks to queue
[2023-02-10T16:14:00.827+0000] {logging_mixin.py:137} INFO - [2023-02-10T16:14:00.827+0000] {dagbag.py:538} INFO - Filling up the DagBag from /home/airflow/.local/lib/python3.7/site-packages/airflow/example_dags/example_sensors.py
[2023-02-10T16:14:00.852+0000] {processor.py:753} INFO - DAG(s) dict_keys(['example_sensors']) retrieved from /home/airflow/.local/lib/python3.7/site-packages/airflow/example_dags/example_sensors.py
[2023-02-10T16:14:00.892+0000] {logging_mixin.py:137} INFO - [2023-02-10T16:14:00.891+0000] {dag.py:2690} INFO - Sync 1 DAGs
[2023-02-10T16:14:00.927+0000] {logging_mixin.py:137} INFO - [2023-02-10T16:14:00.927+0000] {dag.py:3441} INFO - Setting next_dagrun for example_sensors to None, run_after=None
[2023-02-10T16:14:00.954+0000] {processor.py:175} INFO - Processing /home/airflow/.local/lib/python3.7/site-packages/airflow/example_dags/example_sensors.py took 0.136 seconds
[2023-02-10T16:14:31.314+0000] {processor.py:153} INFO - Started process (PID=986) to work on /home/airflow/.local/lib/python3.7/site-packages/airflow/example_dags/example_sensors.py
[2023-02-10T16:14:31.318+0000] {processor.py:743} INFO - Processing file /home/airflow/.local/lib/python3.7/site-packages/airflow/example_dags/example_sensors.py for tasks to queue
[2023-02-10T16:14:31.320+0000] {logging_mixin.py:137} INFO - [2023-02-10T16:14:31.320+0000] {dagbag.py:538} INFO - Filling up the DagBag from /home/airflow/.local/lib/python3.7/site-packages/airflow/example_dags/example_sensors.py
[2023-02-10T16:14:31.352+0000] {processor.py:753} INFO - DAG(s) dict_keys(['example_sensors']) retrieved from /home/airflow/.local/lib/python3.7/site-packages/airflow/example_dags/example_sensors.py
[2023-02-10T16:14:31.397+0000] {logging_mixin.py:137} INFO - [2023-02-10T16:14:31.397+0000] {dag.py:2690} INFO - Sync 1 DAGs
[2023-02-10T16:14:31.445+0000] {logging_mixin.py:137} INFO - [2023-02-10T16:14:31.445+0000] {dag.py:3441} INFO - Setting next_dagrun for example_sensors to None, run_after=None
[2023-02-10T16:14:31.479+0000] {processor.py:175} INFO - Processing /home/airflow/.local/lib/python3.7/site-packages/airflow/example_dags/example_sensors.py took 0.170 seconds
[2023-02-10T16:15:02.111+0000] {processor.py:153} INFO - Started process (PID=1059) to work on /home/airflow/.local/lib/python3.7/site-packages/airflow/example_dags/example_sensors.py
[2023-02-10T16:15:02.113+0000] {processor.py:743} INFO - Processing file /home/airflow/.local/lib/python3.7/site-packages/airflow/example_dags/example_sensors.py for tasks to queue
[2023-02-10T16:15:02.115+0000] {logging_mixin.py:137} INFO - [2023-02-10T16:15:02.115+0000] {dagbag.py:538} INFO - Filling up the DagBag from /home/airflow/.local/lib/python3.7/site-packages/airflow/example_dags/example_sensors.py
[2023-02-10T16:15:02.141+0000] {processor.py:753} INFO - DAG(s) dict_keys(['example_sensors']) retrieved from /home/airflow/.local/lib/python3.7/site-packages/airflow/example_dags/example_sensors.py
[2023-02-10T16:15:02.183+0000] {logging_mixin.py:137} INFO - [2023-02-10T16:15:02.183+0000] {dag.py:2690} INFO - Sync 1 DAGs
[2023-02-10T16:15:02.214+0000] {logging_mixin.py:137} INFO - [2023-02-10T16:15:02.214+0000] {dag.py:3441} INFO - Setting next_dagrun for example_sensors to None, run_after=None
[2023-02-10T16:15:02.237+0000] {processor.py:175} INFO - Processing /home/airflow/.local/lib/python3.7/site-packages/airflow/example_dags/example_sensors.py took 0.131 seconds
[2023-02-10T16:15:32.557+0000] {processor.py:153} INFO - Started process (PID=1132) to work on /home/airflow/.local/lib/python3.7/site-packages/airflow/example_dags/example_sensors.py
[2023-02-10T16:15:32.559+0000] {processor.py:743} INFO - Processing file /home/airflow/.local/lib/python3.7/site-packages/airflow/example_dags/example_sensors.py for tasks to queue
[2023-02-10T16:15:32.561+0000] {logging_mixin.py:137} INFO - [2023-02-10T16:15:32.560+0000] {dagbag.py:538} INFO - Filling up the DagBag from /home/airflow/.local/lib/python3.7/site-packages/airflow/example_dags/example_sensors.py
[2023-02-10T16:15:32.587+0000] {processor.py:753} INFO - DAG(s) dict_keys(['example_sensors']) retrieved from /home/airflow/.local/lib/python3.7/site-packages/airflow/example_dags/example_sensors.py
[2023-02-10T16:15:32.626+0000] {logging_mixin.py:137} INFO - [2023-02-10T16:15:32.626+0000] {dag.py:2690} INFO - Sync 1 DAGs
[2023-02-10T16:15:32.662+0000] {logging_mixin.py:137} INFO - [2023-02-10T16:15:32.661+0000] {dag.py:3441} INFO - Setting next_dagrun for example_sensors to None, run_after=None
[2023-02-10T16:15:32.689+0000] {processor.py:175} INFO - Processing /home/airflow/.local/lib/python3.7/site-packages/airflow/example_dags/example_sensors.py took 0.137 seconds
[2023-02-10T16:16:04.369+0000] {processor.py:153} INFO - Started process (PID=1218) to work on /home/airflow/.local/lib/python3.7/site-packages/airflow/example_dags/example_sensors.py
[2023-02-10T16:16:04.372+0000] {processor.py:743} INFO - Processing file /home/airflow/.local/lib/python3.7/site-packages/airflow/example_dags/example_sensors.py for tasks to queue
[2023-02-10T16:16:04.375+0000] {logging_mixin.py:137} INFO - [2023-02-10T16:16:04.374+0000] {dagbag.py:538} INFO - Filling up the DagBag from /home/airflow/.local/lib/python3.7/site-packages/airflow/example_dags/example_sensors.py
[2023-02-10T16:16:04.410+0000] {processor.py:753} INFO - DAG(s) dict_keys(['example_sensors']) retrieved from /home/airflow/.local/lib/python3.7/site-packages/airflow/example_dags/example_sensors.py
[2023-02-10T16:16:04.455+0000] {logging_mixin.py:137} INFO - [2023-02-10T16:16:04.455+0000] {dag.py:2690} INFO - Sync 1 DAGs
[2023-02-10T16:16:04.508+0000] {logging_mixin.py:137} INFO - [2023-02-10T16:16:04.507+0000] {dag.py:3441} INFO - Setting next_dagrun for example_sensors to None, run_after=None
[2023-02-10T16:16:04.542+0000] {processor.py:175} INFO - Processing /home/airflow/.local/lib/python3.7/site-packages/airflow/example_dags/example_sensors.py took 0.179 seconds
[2023-02-10T16:16:34.946+0000] {processor.py:153} INFO - Started process (PID=1290) to work on /home/airflow/.local/lib/python3.7/site-packages/airflow/example_dags/example_sensors.py
[2023-02-10T16:16:34.951+0000] {processor.py:743} INFO - Processing file /home/airflow/.local/lib/python3.7/site-packages/airflow/example_dags/example_sensors.py for tasks to queue
[2023-02-10T16:16:34.953+0000] {logging_mixin.py:137} INFO - [2023-02-10T16:16:34.953+0000] {dagbag.py:538} INFO - Filling up the DagBag from /home/airflow/.local/lib/python3.7/site-packages/airflow/example_dags/example_sensors.py
[2023-02-10T16:16:34.989+0000] {processor.py:753} INFO - DAG(s) dict_keys(['example_sensors']) retrieved from /home/airflow/.local/lib/python3.7/site-packages/airflow/example_dags/example_sensors.py
[2023-02-10T16:16:35.035+0000] {logging_mixin.py:137} INFO - [2023-02-10T16:16:35.035+0000] {dag.py:2690} INFO - Sync 1 DAGs
[2023-02-10T16:16:35.066+0000] {logging_mixin.py:137} INFO - [2023-02-10T16:16:35.066+0000] {dag.py:3441} INFO - Setting next_dagrun for example_sensors to None, run_after=None
[2023-02-10T16:16:35.088+0000] {processor.py:175} INFO - Processing /home/airflow/.local/lib/python3.7/site-packages/airflow/example_dags/example_sensors.py took 0.149 seconds
[2023-02-10T16:17:06.069+0000] {processor.py:153} INFO - Started process (PID=1377) to work on /home/airflow/.local/lib/python3.7/site-packages/airflow/example_dags/example_sensors.py
[2023-02-10T16:17:06.072+0000] {processor.py:743} INFO - Processing file /home/airflow/.local/lib/python3.7/site-packages/airflow/example_dags/example_sensors.py for tasks to queue
[2023-02-10T16:17:06.073+0000] {logging_mixin.py:137} INFO - [2023-02-10T16:17:06.073+0000] {dagbag.py:538} INFO - Filling up the DagBag from /home/airflow/.local/lib/python3.7/site-packages/airflow/example_dags/example_sensors.py
[2023-02-10T16:17:06.099+0000] {processor.py:753} INFO - DAG(s) dict_keys(['example_sensors']) retrieved from /home/airflow/.local/lib/python3.7/site-packages/airflow/example_dags/example_sensors.py
[2023-02-10T16:17:06.134+0000] {logging_mixin.py:137} INFO - [2023-02-10T16:17:06.133+0000] {dag.py:2690} INFO - Sync 1 DAGs
[2023-02-10T16:17:06.169+0000] {logging_mixin.py:137} INFO - [2023-02-10T16:17:06.169+0000] {dag.py:3441} INFO - Setting next_dagrun for example_sensors to None, run_after=None
[2023-02-10T16:17:06.200+0000] {processor.py:175} INFO - Processing /home/airflow/.local/lib/python3.7/site-packages/airflow/example_dags/example_sensors.py took 0.136 seconds
[2023-02-10T16:17:36.542+0000] {processor.py:153} INFO - Started process (PID=1449) to work on /home/airflow/.local/lib/python3.7/site-packages/airflow/example_dags/example_sensors.py
[2023-02-10T16:17:36.545+0000] {processor.py:743} INFO - Processing file /home/airflow/.local/lib/python3.7/site-packages/airflow/example_dags/example_sensors.py for tasks to queue
[2023-02-10T16:17:36.547+0000] {logging_mixin.py:137} INFO - [2023-02-10T16:17:36.547+0000] {dagbag.py:538} INFO - Filling up the DagBag from /home/airflow/.local/lib/python3.7/site-packages/airflow/example_dags/example_sensors.py
[2023-02-10T16:17:36.574+0000] {processor.py:753} INFO - DAG(s) dict_keys(['example_sensors']) retrieved from /home/airflow/.local/lib/python3.7/site-packages/airflow/example_dags/example_sensors.py
[2023-02-10T16:17:36.612+0000] {logging_mixin.py:137} INFO - [2023-02-10T16:17:36.612+0000] {dag.py:2690} INFO - Sync 1 DAGs
[2023-02-10T16:17:36.644+0000] {logging_mixin.py:137} INFO - [2023-02-10T16:17:36.643+0000] {dag.py:3441} INFO - Setting next_dagrun for example_sensors to None, run_after=None
[2023-02-10T16:17:36.669+0000] {processor.py:175} INFO - Processing /home/airflow/.local/lib/python3.7/site-packages/airflow/example_dags/example_sensors.py took 0.133 seconds
[2023-02-10T16:18:07.722+0000] {processor.py:153} INFO - Started process (PID=1535) to work on /home/airflow/.local/lib/python3.7/site-packages/airflow/example_dags/example_sensors.py
[2023-02-10T16:18:07.725+0000] {processor.py:743} INFO - Processing file /home/airflow/.local/lib/python3.7/site-packages/airflow/example_dags/example_sensors.py for tasks to queue
[2023-02-10T16:18:07.727+0000] {logging_mixin.py:137} INFO - [2023-02-10T16:18:07.727+0000] {dagbag.py:538} INFO - Filling up the DagBag from /home/airflow/.local/lib/python3.7/site-packages/airflow/example_dags/example_sensors.py
[2023-02-10T16:18:07.755+0000] {processor.py:753} INFO - DAG(s) dict_keys(['example_sensors']) retrieved from /home/airflow/.local/lib/python3.7/site-packages/airflow/example_dags/example_sensors.py
[2023-02-10T16:18:07.792+0000] {logging_mixin.py:137} INFO - [2023-02-10T16:18:07.792+0000] {dag.py:2690} INFO - Sync 1 DAGs
[2023-02-10T16:18:07.824+0000] {logging_mixin.py:137} INFO - [2023-02-10T16:18:07.824+0000] {dag.py:3441} INFO - Setting next_dagrun for example_sensors to None, run_after=None
[2023-02-10T16:18:07.847+0000] {processor.py:175} INFO - Processing /home/airflow/.local/lib/python3.7/site-packages/airflow/example_dags/example_sensors.py took 0.130 seconds
[2023-02-10T16:18:38.643+0000] {processor.py:153} INFO - Started process (PID=1607) to work on /home/airflow/.local/lib/python3.7/site-packages/airflow/example_dags/example_sensors.py
[2023-02-10T16:18:38.647+0000] {processor.py:743} INFO - Processing file /home/airflow/.local/lib/python3.7/site-packages/airflow/example_dags/example_sensors.py for tasks to queue
[2023-02-10T16:18:38.649+0000] {logging_mixin.py:137} INFO - [2023-02-10T16:18:38.649+0000] {dagbag.py:538} INFO - Filling up the DagBag from /home/airflow/.local/lib/python3.7/site-packages/airflow/example_dags/example_sensors.py
[2023-02-10T16:18:38.678+0000] {processor.py:753} INFO - DAG(s) dict_keys(['example_sensors']) retrieved from /home/airflow/.local/lib/python3.7/site-packages/airflow/example_dags/example_sensors.py
[2023-02-10T16:18:38.720+0000] {logging_mixin.py:137} INFO - [2023-02-10T16:18:38.720+0000] {dag.py:2690} INFO - Sync 1 DAGs
[2023-02-10T16:18:38.755+0000] {logging_mixin.py:137} INFO - [2023-02-10T16:18:38.755+0000] {dag.py:3441} INFO - Setting next_dagrun for example_sensors to None, run_after=None
[2023-02-10T16:18:38.778+0000] {processor.py:175} INFO - Processing /home/airflow/.local/lib/python3.7/site-packages/airflow/example_dags/example_sensors.py took 0.140 seconds
[2023-02-10T16:19:09.058+0000] {processor.py:153} INFO - Started process (PID=1688) to work on /home/airflow/.local/lib/python3.7/site-packages/airflow/example_dags/example_sensors.py
[2023-02-10T16:19:09.060+0000] {processor.py:743} INFO - Processing file /home/airflow/.local/lib/python3.7/site-packages/airflow/example_dags/example_sensors.py for tasks to queue
[2023-02-10T16:19:09.062+0000] {logging_mixin.py:137} INFO - [2023-02-10T16:19:09.062+0000] {dagbag.py:538} INFO - Filling up the DagBag from /home/airflow/.local/lib/python3.7/site-packages/airflow/example_dags/example_sensors.py
[2023-02-10T16:19:09.088+0000] {processor.py:753} INFO - DAG(s) dict_keys(['example_sensors']) retrieved from /home/airflow/.local/lib/python3.7/site-packages/airflow/example_dags/example_sensors.py
[2023-02-10T16:19:09.124+0000] {logging_mixin.py:137} INFO - [2023-02-10T16:19:09.124+0000] {dag.py:2690} INFO - Sync 1 DAGs
[2023-02-10T16:19:09.159+0000] {logging_mixin.py:137} INFO - [2023-02-10T16:19:09.159+0000] {dag.py:3441} INFO - Setting next_dagrun for example_sensors to None, run_after=None
[2023-02-10T16:19:09.198+0000] {processor.py:175} INFO - Processing /home/airflow/.local/lib/python3.7/site-packages/airflow/example_dags/example_sensors.py took 0.146 seconds
[2023-02-10T16:19:39.624+0000] {processor.py:153} INFO - Started process (PID=1765) to work on /home/airflow/.local/lib/python3.7/site-packages/airflow/example_dags/example_sensors.py
[2023-02-10T16:19:39.626+0000] {processor.py:743} INFO - Processing file /home/airflow/.local/lib/python3.7/site-packages/airflow/example_dags/example_sensors.py for tasks to queue
[2023-02-10T16:19:39.629+0000] {logging_mixin.py:137} INFO - [2023-02-10T16:19:39.629+0000] {dagbag.py:538} INFO - Filling up the DagBag from /home/airflow/.local/lib/python3.7/site-packages/airflow/example_dags/example_sensors.py
[2023-02-10T16:19:39.654+0000] {processor.py:753} INFO - DAG(s) dict_keys(['example_sensors']) retrieved from /home/airflow/.local/lib/python3.7/site-packages/airflow/example_dags/example_sensors.py
[2023-02-10T16:19:39.690+0000] {logging_mixin.py:137} INFO - [2023-02-10T16:19:39.690+0000] {dag.py:2690} INFO - Sync 1 DAGs
[2023-02-10T16:19:39.725+0000] {logging_mixin.py:137} INFO - [2023-02-10T16:19:39.725+0000] {dag.py:3441} INFO - Setting next_dagrun for example_sensors to None, run_after=None
[2023-02-10T16:19:39.758+0000] {processor.py:175} INFO - Processing /home/airflow/.local/lib/python3.7/site-packages/airflow/example_dags/example_sensors.py took 0.139 seconds
[2023-02-10T16:20:10.116+0000] {processor.py:153} INFO - Started process (PID=1837) to work on /home/airflow/.local/lib/python3.7/site-packages/airflow/example_dags/example_sensors.py
[2023-02-10T16:20:10.119+0000] {processor.py:743} INFO - Processing file /home/airflow/.local/lib/python3.7/site-packages/airflow/example_dags/example_sensors.py for tasks to queue
[2023-02-10T16:20:10.121+0000] {logging_mixin.py:137} INFO - [2023-02-10T16:20:10.121+0000] {dagbag.py:538} INFO - Filling up the DagBag from /home/airflow/.local/lib/python3.7/site-packages/airflow/example_dags/example_sensors.py
[2023-02-10T16:20:10.148+0000] {processor.py:753} INFO - DAG(s) dict_keys(['example_sensors']) retrieved from /home/airflow/.local/lib/python3.7/site-packages/airflow/example_dags/example_sensors.py
[2023-02-10T16:20:10.187+0000] {logging_mixin.py:137} INFO - [2023-02-10T16:20:10.187+0000] {dag.py:2690} INFO - Sync 1 DAGs
[2023-02-10T16:20:10.221+0000] {logging_mixin.py:137} INFO - [2023-02-10T16:20:10.221+0000] {dag.py:3441} INFO - Setting next_dagrun for example_sensors to None, run_after=None
[2023-02-10T16:20:10.250+0000] {processor.py:175} INFO - Processing /home/airflow/.local/lib/python3.7/site-packages/airflow/example_dags/example_sensors.py took 0.139 seconds
[2023-02-10T16:20:41.009+0000] {processor.py:153} INFO - Started process (PID=1923) to work on /home/airflow/.local/lib/python3.7/site-packages/airflow/example_dags/example_sensors.py
[2023-02-10T16:20:41.011+0000] {processor.py:743} INFO - Processing file /home/airflow/.local/lib/python3.7/site-packages/airflow/example_dags/example_sensors.py for tasks to queue
[2023-02-10T16:20:41.013+0000] {logging_mixin.py:137} INFO - [2023-02-10T16:20:41.013+0000] {dagbag.py:538} INFO - Filling up the DagBag from /home/airflow/.local/lib/python3.7/site-packages/airflow/example_dags/example_sensors.py
[2023-02-10T16:20:41.040+0000] {processor.py:753} INFO - DAG(s) dict_keys(['example_sensors']) retrieved from /home/airflow/.local/lib/python3.7/site-packages/airflow/example_dags/example_sensors.py
[2023-02-10T16:20:41.080+0000] {logging_mixin.py:137} INFO - [2023-02-10T16:20:41.080+0000] {dag.py:2690} INFO - Sync 1 DAGs
[2023-02-10T16:20:41.112+0000] {logging_mixin.py:137} INFO - [2023-02-10T16:20:41.112+0000] {dag.py:3441} INFO - Setting next_dagrun for example_sensors to None, run_after=None
[2023-02-10T16:20:41.135+0000] {processor.py:175} INFO - Processing /home/airflow/.local/lib/python3.7/site-packages/airflow/example_dags/example_sensors.py took 0.131 seconds
[2023-02-10T16:21:11.725+0000] {processor.py:153} INFO - Started process (PID=1995) to work on /home/airflow/.local/lib/python3.7/site-packages/airflow/example_dags/example_sensors.py
[2023-02-10T16:21:11.728+0000] {processor.py:743} INFO - Processing file /home/airflow/.local/lib/python3.7/site-packages/airflow/example_dags/example_sensors.py for tasks to queue
[2023-02-10T16:21:11.730+0000] {logging_mixin.py:137} INFO - [2023-02-10T16:21:11.730+0000] {dagbag.py:538} INFO - Filling up the DagBag from /home/airflow/.local/lib/python3.7/site-packages/airflow/example_dags/example_sensors.py
[2023-02-10T16:21:11.762+0000] {processor.py:753} INFO - DAG(s) dict_keys(['example_sensors']) retrieved from /home/airflow/.local/lib/python3.7/site-packages/airflow/example_dags/example_sensors.py
[2023-02-10T16:21:11.802+0000] {logging_mixin.py:137} INFO - [2023-02-10T16:21:11.802+0000] {dag.py:2690} INFO - Sync 1 DAGs
[2023-02-10T16:21:11.834+0000] {logging_mixin.py:137} INFO - [2023-02-10T16:21:11.834+0000] {dag.py:3441} INFO - Setting next_dagrun for example_sensors to None, run_after=None
[2023-02-10T16:21:11.869+0000] {processor.py:175} INFO - Processing /home/airflow/.local/lib/python3.7/site-packages/airflow/example_dags/example_sensors.py took 0.149 seconds
[2023-02-10T16:21:42.424+0000] {processor.py:153} INFO - Started process (PID=2081) to work on /home/airflow/.local/lib/python3.7/site-packages/airflow/example_dags/example_sensors.py
[2023-02-10T16:21:42.426+0000] {processor.py:743} INFO - Processing file /home/airflow/.local/lib/python3.7/site-packages/airflow/example_dags/example_sensors.py for tasks to queue
[2023-02-10T16:21:42.429+0000] {logging_mixin.py:137} INFO - [2023-02-10T16:21:42.428+0000] {dagbag.py:538} INFO - Filling up the DagBag from /home/airflow/.local/lib/python3.7/site-packages/airflow/example_dags/example_sensors.py
[2023-02-10T16:21:42.455+0000] {processor.py:753} INFO - DAG(s) dict_keys(['example_sensors']) retrieved from /home/airflow/.local/lib/python3.7/site-packages/airflow/example_dags/example_sensors.py
[2023-02-10T16:21:42.490+0000] {logging_mixin.py:137} INFO - [2023-02-10T16:21:42.490+0000] {dag.py:2690} INFO - Sync 1 DAGs
[2023-02-10T16:21:42.521+0000] {logging_mixin.py:137} INFO - [2023-02-10T16:21:42.521+0000] {dag.py:3441} INFO - Setting next_dagrun for example_sensors to None, run_after=None
[2023-02-10T16:21:42.544+0000] {processor.py:175} INFO - Processing /home/airflow/.local/lib/python3.7/site-packages/airflow/example_dags/example_sensors.py took 0.125 seconds
[2023-02-10T16:22:13.295+0000] {processor.py:153} INFO - Started process (PID=2152) to work on /home/airflow/.local/lib/python3.7/site-packages/airflow/example_dags/example_sensors.py
[2023-02-10T16:22:13.297+0000] {processor.py:743} INFO - Processing file /home/airflow/.local/lib/python3.7/site-packages/airflow/example_dags/example_sensors.py for tasks to queue
[2023-02-10T16:22:13.299+0000] {logging_mixin.py:137} INFO - [2023-02-10T16:22:13.299+0000] {dagbag.py:538} INFO - Filling up the DagBag from /home/airflow/.local/lib/python3.7/site-packages/airflow/example_dags/example_sensors.py
[2023-02-10T16:22:13.326+0000] {processor.py:753} INFO - DAG(s) dict_keys(['example_sensors']) retrieved from /home/airflow/.local/lib/python3.7/site-packages/airflow/example_dags/example_sensors.py
[2023-02-10T16:22:13.364+0000] {logging_mixin.py:137} INFO - [2023-02-10T16:22:13.364+0000] {dag.py:2690} INFO - Sync 1 DAGs
[2023-02-10T16:22:13.395+0000] {logging_mixin.py:137} INFO - [2023-02-10T16:22:13.395+0000] {dag.py:3441} INFO - Setting next_dagrun for example_sensors to None, run_after=None
[2023-02-10T16:22:13.418+0000] {processor.py:175} INFO - Processing /home/airflow/.local/lib/python3.7/site-packages/airflow/example_dags/example_sensors.py took 0.128 seconds
[2023-02-10T16:22:43.745+0000] {processor.py:153} INFO - Started process (PID=2224) to work on /home/airflow/.local/lib/python3.7/site-packages/airflow/example_dags/example_sensors.py
[2023-02-10T16:22:43.748+0000] {processor.py:743} INFO - Processing file /home/airflow/.local/lib/python3.7/site-packages/airflow/example_dags/example_sensors.py for tasks to queue
[2023-02-10T16:22:43.750+0000] {logging_mixin.py:137} INFO - [2023-02-10T16:22:43.750+0000] {dagbag.py:538} INFO - Filling up the DagBag from /home/airflow/.local/lib/python3.7/site-packages/airflow/example_dags/example_sensors.py
[2023-02-10T16:22:43.786+0000] {processor.py:753} INFO - DAG(s) dict_keys(['example_sensors']) retrieved from /home/airflow/.local/lib/python3.7/site-packages/airflow/example_dags/example_sensors.py
[2023-02-10T16:22:43.841+0000] {logging_mixin.py:137} INFO - [2023-02-10T16:22:43.841+0000] {dag.py:2690} INFO - Sync 1 DAGs
[2023-02-10T16:22:43.884+0000] {logging_mixin.py:137} INFO - [2023-02-10T16:22:43.884+0000] {dag.py:3441} INFO - Setting next_dagrun for example_sensors to None, run_after=None
[2023-02-10T16:22:43.913+0000] {processor.py:175} INFO - Processing /home/airflow/.local/lib/python3.7/site-packages/airflow/example_dags/example_sensors.py took 0.175 seconds
[2023-02-10T16:23:14.620+0000] {processor.py:153} INFO - Started process (PID=2312) to work on /home/airflow/.local/lib/python3.7/site-packages/airflow/example_dags/example_sensors.py
[2023-02-10T16:23:14.622+0000] {processor.py:743} INFO - Processing file /home/airflow/.local/lib/python3.7/site-packages/airflow/example_dags/example_sensors.py for tasks to queue
[2023-02-10T16:23:14.624+0000] {logging_mixin.py:137} INFO - [2023-02-10T16:23:14.624+0000] {dagbag.py:538} INFO - Filling up the DagBag from /home/airflow/.local/lib/python3.7/site-packages/airflow/example_dags/example_sensors.py
[2023-02-10T16:23:14.650+0000] {processor.py:753} INFO - DAG(s) dict_keys(['example_sensors']) retrieved from /home/airflow/.local/lib/python3.7/site-packages/airflow/example_dags/example_sensors.py
[2023-02-10T16:23:14.688+0000] {logging_mixin.py:137} INFO - [2023-02-10T16:23:14.687+0000] {dag.py:2690} INFO - Sync 1 DAGs
[2023-02-10T16:23:14.718+0000] {logging_mixin.py:137} INFO - [2023-02-10T16:23:14.718+0000] {dag.py:3441} INFO - Setting next_dagrun for example_sensors to None, run_after=None
[2023-02-10T16:23:14.742+0000] {processor.py:175} INFO - Processing /home/airflow/.local/lib/python3.7/site-packages/airflow/example_dags/example_sensors.py took 0.128 seconds
[2023-02-10T16:23:45.706+0000] {processor.py:153} INFO - Started process (PID=2384) to work on /home/airflow/.local/lib/python3.7/site-packages/airflow/example_dags/example_sensors.py
[2023-02-10T16:23:45.708+0000] {processor.py:743} INFO - Processing file /home/airflow/.local/lib/python3.7/site-packages/airflow/example_dags/example_sensors.py for tasks to queue
[2023-02-10T16:23:45.710+0000] {logging_mixin.py:137} INFO - [2023-02-10T16:23:45.710+0000] {dagbag.py:538} INFO - Filling up the DagBag from /home/airflow/.local/lib/python3.7/site-packages/airflow/example_dags/example_sensors.py
[2023-02-10T16:23:45.737+0000] {processor.py:753} INFO - DAG(s) dict_keys(['example_sensors']) retrieved from /home/airflow/.local/lib/python3.7/site-packages/airflow/example_dags/example_sensors.py
[2023-02-10T16:23:45.771+0000] {logging_mixin.py:137} INFO - [2023-02-10T16:23:45.771+0000] {dag.py:2690} INFO - Sync 1 DAGs
[2023-02-10T16:23:45.803+0000] {logging_mixin.py:137} INFO - [2023-02-10T16:23:45.802+0000] {dag.py:3441} INFO - Setting next_dagrun for example_sensors to None, run_after=None
[2023-02-10T16:23:45.826+0000] {processor.py:175} INFO - Processing /home/airflow/.local/lib/python3.7/site-packages/airflow/example_dags/example_sensors.py took 0.125 seconds
[2023-02-10T16:24:16.141+0000] {processor.py:153} INFO - Started process (PID=2471) to work on /home/airflow/.local/lib/python3.7/site-packages/airflow/example_dags/example_sensors.py
[2023-02-10T16:24:16.144+0000] {processor.py:743} INFO - Processing file /home/airflow/.local/lib/python3.7/site-packages/airflow/example_dags/example_sensors.py for tasks to queue
[2023-02-10T16:24:16.147+0000] {logging_mixin.py:137} INFO - [2023-02-10T16:24:16.147+0000] {dagbag.py:538} INFO - Filling up the DagBag from /home/airflow/.local/lib/python3.7/site-packages/airflow/example_dags/example_sensors.py
[2023-02-10T16:24:16.186+0000] {processor.py:753} INFO - DAG(s) dict_keys(['example_sensors']) retrieved from /home/airflow/.local/lib/python3.7/site-packages/airflow/example_dags/example_sensors.py
[2023-02-10T16:24:16.234+0000] {logging_mixin.py:137} INFO - [2023-02-10T16:24:16.234+0000] {dag.py:2690} INFO - Sync 1 DAGs
[2023-02-10T16:24:16.280+0000] {logging_mixin.py:137} INFO - [2023-02-10T16:24:16.280+0000] {dag.py:3441} INFO - Setting next_dagrun for example_sensors to None, run_after=None
[2023-02-10T16:24:16.314+0000] {processor.py:175} INFO - Processing /home/airflow/.local/lib/python3.7/site-packages/airflow/example_dags/example_sensors.py took 0.179 seconds
[2023-02-10T16:24:46.448+0000] {processor.py:153} INFO - Started process (PID=2542) to work on /home/airflow/.local/lib/python3.7/site-packages/airflow/example_dags/example_sensors.py
[2023-02-10T16:24:46.451+0000] {processor.py:743} INFO - Processing file /home/airflow/.local/lib/python3.7/site-packages/airflow/example_dags/example_sensors.py for tasks to queue
[2023-02-10T16:24:46.455+0000] {logging_mixin.py:137} INFO - [2023-02-10T16:24:46.455+0000] {dagbag.py:538} INFO - Filling up the DagBag from /home/airflow/.local/lib/python3.7/site-packages/airflow/example_dags/example_sensors.py
[2023-02-10T16:24:46.485+0000] {processor.py:753} INFO - DAG(s) dict_keys(['example_sensors']) retrieved from /home/airflow/.local/lib/python3.7/site-packages/airflow/example_dags/example_sensors.py
[2023-02-10T16:24:46.526+0000] {logging_mixin.py:137} INFO - [2023-02-10T16:24:46.526+0000] {dag.py:2690} INFO - Sync 1 DAGs
[2023-02-10T16:24:46.558+0000] {logging_mixin.py:137} INFO - [2023-02-10T16:24:46.558+0000] {dag.py:3441} INFO - Setting next_dagrun for example_sensors to None, run_after=None
[2023-02-10T16:24:46.586+0000] {processor.py:175} INFO - Processing /home/airflow/.local/lib/python3.7/site-packages/airflow/example_dags/example_sensors.py took 0.144 seconds
[2023-02-10T16:25:16.849+0000] {processor.py:153} INFO - Started process (PID=2614) to work on /home/airflow/.local/lib/python3.7/site-packages/airflow/example_dags/example_sensors.py
[2023-02-10T16:25:16.852+0000] {processor.py:743} INFO - Processing file /home/airflow/.local/lib/python3.7/site-packages/airflow/example_dags/example_sensors.py for tasks to queue
[2023-02-10T16:25:16.854+0000] {logging_mixin.py:137} INFO - [2023-02-10T16:25:16.854+0000] {dagbag.py:538} INFO - Filling up the DagBag from /home/airflow/.local/lib/python3.7/site-packages/airflow/example_dags/example_sensors.py
[2023-02-10T16:25:16.888+0000] {processor.py:753} INFO - DAG(s) dict_keys(['example_sensors']) retrieved from /home/airflow/.local/lib/python3.7/site-packages/airflow/example_dags/example_sensors.py
[2023-02-10T16:25:16.930+0000] {logging_mixin.py:137} INFO - [2023-02-10T16:25:16.930+0000] {dag.py:2690} INFO - Sync 1 DAGs
[2023-02-10T16:25:16.964+0000] {logging_mixin.py:137} INFO - [2023-02-10T16:25:16.964+0000] {dag.py:3441} INFO - Setting next_dagrun for example_sensors to None, run_after=None
[2023-02-10T16:25:16.989+0000] {processor.py:175} INFO - Processing /home/airflow/.local/lib/python3.7/site-packages/airflow/example_dags/example_sensors.py took 0.145 seconds
[2023-02-10T16:25:47.639+0000] {processor.py:153} INFO - Started process (PID=2702) to work on /home/airflow/.local/lib/python3.7/site-packages/airflow/example_dags/example_sensors.py
[2023-02-10T16:25:47.642+0000] {processor.py:743} INFO - Processing file /home/airflow/.local/lib/python3.7/site-packages/airflow/example_dags/example_sensors.py for tasks to queue
[2023-02-10T16:25:47.645+0000] {logging_mixin.py:137} INFO - [2023-02-10T16:25:47.644+0000] {dagbag.py:538} INFO - Filling up the DagBag from /home/airflow/.local/lib/python3.7/site-packages/airflow/example_dags/example_sensors.py
[2023-02-10T16:25:47.675+0000] {processor.py:753} INFO - DAG(s) dict_keys(['example_sensors']) retrieved from /home/airflow/.local/lib/python3.7/site-packages/airflow/example_dags/example_sensors.py
[2023-02-10T16:25:47.714+0000] {logging_mixin.py:137} INFO - [2023-02-10T16:25:47.714+0000] {dag.py:2690} INFO - Sync 1 DAGs
[2023-02-10T16:25:47.748+0000] {logging_mixin.py:137} INFO - [2023-02-10T16:25:47.747+0000] {dag.py:3441} INFO - Setting next_dagrun for example_sensors to None, run_after=None
[2023-02-10T16:25:47.771+0000] {processor.py:175} INFO - Processing /home/airflow/.local/lib/python3.7/site-packages/airflow/example_dags/example_sensors.py took 0.137 seconds
[2023-02-10T16:26:17.970+0000] {processor.py:153} INFO - Started process (PID=2773) to work on /home/airflow/.local/lib/python3.7/site-packages/airflow/example_dags/example_sensors.py
[2023-02-10T16:26:17.972+0000] {processor.py:743} INFO - Processing file /home/airflow/.local/lib/python3.7/site-packages/airflow/example_dags/example_sensors.py for tasks to queue
[2023-02-10T16:26:17.974+0000] {logging_mixin.py:137} INFO - [2023-02-10T16:26:17.974+0000] {dagbag.py:538} INFO - Filling up the DagBag from /home/airflow/.local/lib/python3.7/site-packages/airflow/example_dags/example_sensors.py
[2023-02-10T16:26:18.007+0000] {processor.py:753} INFO - DAG(s) dict_keys(['example_sensors']) retrieved from /home/airflow/.local/lib/python3.7/site-packages/airflow/example_dags/example_sensors.py
[2023-02-10T16:26:18.047+0000] {logging_mixin.py:137} INFO - [2023-02-10T16:26:18.047+0000] {dag.py:2690} INFO - Sync 1 DAGs
[2023-02-10T16:26:18.081+0000] {logging_mixin.py:137} INFO - [2023-02-10T16:26:18.081+0000] {dag.py:3441} INFO - Setting next_dagrun for example_sensors to None, run_after=None
[2023-02-10T16:26:18.106+0000] {processor.py:175} INFO - Processing /home/airflow/.local/lib/python3.7/site-packages/airflow/example_dags/example_sensors.py took 0.142 seconds
[2023-02-10T16:26:48.460+0000] {processor.py:153} INFO - Started process (PID=2853) to work on /home/airflow/.local/lib/python3.7/site-packages/airflow/example_dags/example_sensors.py
[2023-02-10T16:26:48.462+0000] {processor.py:743} INFO - Processing file /home/airflow/.local/lib/python3.7/site-packages/airflow/example_dags/example_sensors.py for tasks to queue
[2023-02-10T16:26:48.465+0000] {logging_mixin.py:137} INFO - [2023-02-10T16:26:48.465+0000] {dagbag.py:538} INFO - Filling up the DagBag from /home/airflow/.local/lib/python3.7/site-packages/airflow/example_dags/example_sensors.py
[2023-02-10T16:26:48.497+0000] {processor.py:753} INFO - DAG(s) dict_keys(['example_sensors']) retrieved from /home/airflow/.local/lib/python3.7/site-packages/airflow/example_dags/example_sensors.py
[2023-02-10T16:26:48.540+0000] {logging_mixin.py:137} INFO - [2023-02-10T16:26:48.540+0000] {dag.py:2690} INFO - Sync 1 DAGs
[2023-02-10T16:26:48.586+0000] {logging_mixin.py:137} INFO - [2023-02-10T16:26:48.586+0000] {dag.py:3441} INFO - Setting next_dagrun for example_sensors to None, run_after=None
[2023-02-10T16:26:48.633+0000] {processor.py:175} INFO - Processing /home/airflow/.local/lib/python3.7/site-packages/airflow/example_dags/example_sensors.py took 0.178 seconds
[2023-02-10T16:27:19.264+0000] {processor.py:153} INFO - Started process (PID=2930) to work on /home/airflow/.local/lib/python3.7/site-packages/airflow/example_dags/example_sensors.py
[2023-02-10T16:27:19.267+0000] {processor.py:743} INFO - Processing file /home/airflow/.local/lib/python3.7/site-packages/airflow/example_dags/example_sensors.py for tasks to queue
[2023-02-10T16:27:19.268+0000] {logging_mixin.py:137} INFO - [2023-02-10T16:27:19.268+0000] {dagbag.py:538} INFO - Filling up the DagBag from /home/airflow/.local/lib/python3.7/site-packages/airflow/example_dags/example_sensors.py
[2023-02-10T16:27:19.297+0000] {processor.py:753} INFO - DAG(s) dict_keys(['example_sensors']) retrieved from /home/airflow/.local/lib/python3.7/site-packages/airflow/example_dags/example_sensors.py
[2023-02-10T16:27:19.365+0000] {logging_mixin.py:137} INFO - [2023-02-10T16:27:19.365+0000] {dag.py:2690} INFO - Sync 1 DAGs
[2023-02-10T16:27:19.435+0000] {logging_mixin.py:137} INFO - [2023-02-10T16:27:19.435+0000] {dag.py:3441} INFO - Setting next_dagrun for example_sensors to None, run_after=None
[2023-02-10T16:27:19.462+0000] {processor.py:175} INFO - Processing /home/airflow/.local/lib/python3.7/site-packages/airflow/example_dags/example_sensors.py took 0.202 seconds
[2023-02-10T16:27:50.295+0000] {processor.py:153} INFO - Started process (PID=3002) to work on /home/airflow/.local/lib/python3.7/site-packages/airflow/example_dags/example_sensors.py
[2023-02-10T16:27:50.298+0000] {processor.py:743} INFO - Processing file /home/airflow/.local/lib/python3.7/site-packages/airflow/example_dags/example_sensors.py for tasks to queue
[2023-02-10T16:27:50.302+0000] {logging_mixin.py:137} INFO - [2023-02-10T16:27:50.302+0000] {dagbag.py:538} INFO - Filling up the DagBag from /home/airflow/.local/lib/python3.7/site-packages/airflow/example_dags/example_sensors.py
[2023-02-10T16:27:50.329+0000] {processor.py:753} INFO - DAG(s) dict_keys(['example_sensors']) retrieved from /home/airflow/.local/lib/python3.7/site-packages/airflow/example_dags/example_sensors.py
[2023-02-10T16:27:50.368+0000] {logging_mixin.py:137} INFO - [2023-02-10T16:27:50.368+0000] {dag.py:2690} INFO - Sync 1 DAGs
[2023-02-10T16:27:50.401+0000] {logging_mixin.py:137} INFO - [2023-02-10T16:27:50.401+0000] {dag.py:3441} INFO - Setting next_dagrun for example_sensors to None, run_after=None
[2023-02-10T16:27:50.426+0000] {processor.py:175} INFO - Processing /home/airflow/.local/lib/python3.7/site-packages/airflow/example_dags/example_sensors.py took 0.136 seconds
[2023-02-10T16:28:20.877+0000] {processor.py:153} INFO - Started process (PID=3088) to work on /home/airflow/.local/lib/python3.7/site-packages/airflow/example_dags/example_sensors.py
[2023-02-10T16:28:20.880+0000] {processor.py:743} INFO - Processing file /home/airflow/.local/lib/python3.7/site-packages/airflow/example_dags/example_sensors.py for tasks to queue
[2023-02-10T16:28:20.882+0000] {logging_mixin.py:137} INFO - [2023-02-10T16:28:20.882+0000] {dagbag.py:538} INFO - Filling up the DagBag from /home/airflow/.local/lib/python3.7/site-packages/airflow/example_dags/example_sensors.py
[2023-02-10T16:28:20.912+0000] {processor.py:753} INFO - DAG(s) dict_keys(['example_sensors']) retrieved from /home/airflow/.local/lib/python3.7/site-packages/airflow/example_dags/example_sensors.py
[2023-02-10T16:28:20.949+0000] {logging_mixin.py:137} INFO - [2023-02-10T16:28:20.949+0000] {dag.py:2690} INFO - Sync 1 DAGs
[2023-02-10T16:28:20.981+0000] {logging_mixin.py:137} INFO - [2023-02-10T16:28:20.981+0000] {dag.py:3441} INFO - Setting next_dagrun for example_sensors to None, run_after=None
[2023-02-10T16:28:21.009+0000] {processor.py:175} INFO - Processing /home/airflow/.local/lib/python3.7/site-packages/airflow/example_dags/example_sensors.py took 0.137 seconds
[2023-02-10T16:28:51.356+0000] {processor.py:153} INFO - Started process (PID=3160) to work on /home/airflow/.local/lib/python3.7/site-packages/airflow/example_dags/example_sensors.py
[2023-02-10T16:28:51.360+0000] {processor.py:743} INFO - Processing file /home/airflow/.local/lib/python3.7/site-packages/airflow/example_dags/example_sensors.py for tasks to queue
[2023-02-10T16:28:51.363+0000] {logging_mixin.py:137} INFO - [2023-02-10T16:28:51.363+0000] {dagbag.py:538} INFO - Filling up the DagBag from /home/airflow/.local/lib/python3.7/site-packages/airflow/example_dags/example_sensors.py
[2023-02-10T16:28:51.406+0000] {processor.py:753} INFO - DAG(s) dict_keys(['example_sensors']) retrieved from /home/airflow/.local/lib/python3.7/site-packages/airflow/example_dags/example_sensors.py
[2023-02-10T16:28:51.454+0000] {logging_mixin.py:137} INFO - [2023-02-10T16:28:51.454+0000] {dag.py:2690} INFO - Sync 1 DAGs
[2023-02-10T16:28:51.487+0000] {logging_mixin.py:137} INFO - [2023-02-10T16:28:51.487+0000] {dag.py:3441} INFO - Setting next_dagrun for example_sensors to None, run_after=None
[2023-02-10T16:28:51.511+0000] {processor.py:175} INFO - Processing /home/airflow/.local/lib/python3.7/site-packages/airflow/example_dags/example_sensors.py took 0.162 seconds
[2023-02-10T16:29:21.822+0000] {processor.py:153} INFO - Started process (PID=3242) to work on /home/airflow/.local/lib/python3.7/site-packages/airflow/example_dags/example_sensors.py
[2023-02-10T16:29:21.827+0000] {processor.py:743} INFO - Processing file /home/airflow/.local/lib/python3.7/site-packages/airflow/example_dags/example_sensors.py for tasks to queue
[2023-02-10T16:29:21.830+0000] {logging_mixin.py:137} INFO - [2023-02-10T16:29:21.830+0000] {dagbag.py:538} INFO - Filling up the DagBag from /home/airflow/.local/lib/python3.7/site-packages/airflow/example_dags/example_sensors.py
[2023-02-10T16:29:21.898+0000] {processor.py:753} INFO - DAG(s) dict_keys(['example_sensors']) retrieved from /home/airflow/.local/lib/python3.7/site-packages/airflow/example_dags/example_sensors.py
[2023-02-10T16:29:21.971+0000] {logging_mixin.py:137} INFO - [2023-02-10T16:29:21.970+0000] {dag.py:2690} INFO - Sync 1 DAGs
[2023-02-10T16:29:22.009+0000] {logging_mixin.py:137} INFO - [2023-02-10T16:29:22.008+0000] {dag.py:3441} INFO - Setting next_dagrun for example_sensors to None, run_after=None
[2023-02-10T16:29:22.038+0000] {processor.py:175} INFO - Processing /home/airflow/.local/lib/python3.7/site-packages/airflow/example_dags/example_sensors.py took 0.222 seconds
[2023-02-10T16:29:52.396+0000] {processor.py:153} INFO - Started process (PID=3318) to work on /home/airflow/.local/lib/python3.7/site-packages/airflow/example_dags/example_sensors.py
[2023-02-10T16:29:52.399+0000] {processor.py:743} INFO - Processing file /home/airflow/.local/lib/python3.7/site-packages/airflow/example_dags/example_sensors.py for tasks to queue
[2023-02-10T16:29:52.402+0000] {logging_mixin.py:137} INFO - [2023-02-10T16:29:52.402+0000] {dagbag.py:538} INFO - Filling up the DagBag from /home/airflow/.local/lib/python3.7/site-packages/airflow/example_dags/example_sensors.py
[2023-02-10T16:29:52.432+0000] {processor.py:753} INFO - DAG(s) dict_keys(['example_sensors']) retrieved from /home/airflow/.local/lib/python3.7/site-packages/airflow/example_dags/example_sensors.py
[2023-02-10T16:29:52.471+0000] {logging_mixin.py:137} INFO - [2023-02-10T16:29:52.471+0000] {dag.py:2690} INFO - Sync 1 DAGs
[2023-02-10T16:29:52.502+0000] {logging_mixin.py:137} INFO - [2023-02-10T16:29:52.502+0000] {dag.py:3441} INFO - Setting next_dagrun for example_sensors to None, run_after=None
[2023-02-10T16:29:52.526+0000] {processor.py:175} INFO - Processing /home/airflow/.local/lib/python3.7/site-packages/airflow/example_dags/example_sensors.py took 0.135 seconds
[2023-02-10T16:30:23.066+0000] {processor.py:153} INFO - Started process (PID=3390) to work on /home/airflow/.local/lib/python3.7/site-packages/airflow/example_dags/example_sensors.py
[2023-02-10T16:30:23.069+0000] {processor.py:743} INFO - Processing file /home/airflow/.local/lib/python3.7/site-packages/airflow/example_dags/example_sensors.py for tasks to queue
[2023-02-10T16:30:23.071+0000] {logging_mixin.py:137} INFO - [2023-02-10T16:30:23.071+0000] {dagbag.py:538} INFO - Filling up the DagBag from /home/airflow/.local/lib/python3.7/site-packages/airflow/example_dags/example_sensors.py
[2023-02-10T16:30:23.103+0000] {processor.py:753} INFO - DAG(s) dict_keys(['example_sensors']) retrieved from /home/airflow/.local/lib/python3.7/site-packages/airflow/example_dags/example_sensors.py
[2023-02-10T16:30:23.144+0000] {logging_mixin.py:137} INFO - [2023-02-10T16:30:23.143+0000] {dag.py:2690} INFO - Sync 1 DAGs
[2023-02-10T16:30:23.176+0000] {logging_mixin.py:137} INFO - [2023-02-10T16:30:23.176+0000] {dag.py:3441} INFO - Setting next_dagrun for example_sensors to None, run_after=None
[2023-02-10T16:30:23.201+0000] {processor.py:175} INFO - Processing /home/airflow/.local/lib/python3.7/site-packages/airflow/example_dags/example_sensors.py took 0.141 seconds
[2023-02-10T16:30:53.578+0000] {processor.py:153} INFO - Started process (PID=3475) to work on /home/airflow/.local/lib/python3.7/site-packages/airflow/example_dags/example_sensors.py
[2023-02-10T16:30:53.582+0000] {processor.py:743} INFO - Processing file /home/airflow/.local/lib/python3.7/site-packages/airflow/example_dags/example_sensors.py for tasks to queue
[2023-02-10T16:30:53.587+0000] {logging_mixin.py:137} INFO - [2023-02-10T16:30:53.587+0000] {dagbag.py:538} INFO - Filling up the DagBag from /home/airflow/.local/lib/python3.7/site-packages/airflow/example_dags/example_sensors.py
[2023-02-10T16:30:53.640+0000] {processor.py:753} INFO - DAG(s) dict_keys(['example_sensors']) retrieved from /home/airflow/.local/lib/python3.7/site-packages/airflow/example_dags/example_sensors.py
[2023-02-10T16:30:53.696+0000] {logging_mixin.py:137} INFO - [2023-02-10T16:30:53.696+0000] {dag.py:2690} INFO - Sync 1 DAGs
[2023-02-10T16:30:53.738+0000] {logging_mixin.py:137} INFO - [2023-02-10T16:30:53.738+0000] {dag.py:3441} INFO - Setting next_dagrun for example_sensors to None, run_after=None
[2023-02-10T16:30:53.769+0000] {processor.py:175} INFO - Processing /home/airflow/.local/lib/python3.7/site-packages/airflow/example_dags/example_sensors.py took 0.197 seconds
[2023-02-10T16:31:24.156+0000] {processor.py:153} INFO - Started process (PID=3549) to work on /home/airflow/.local/lib/python3.7/site-packages/airflow/example_dags/example_sensors.py
[2023-02-10T16:31:24.162+0000] {processor.py:743} INFO - Processing file /home/airflow/.local/lib/python3.7/site-packages/airflow/example_dags/example_sensors.py for tasks to queue
[2023-02-10T16:31:24.166+0000] {logging_mixin.py:137} INFO - [2023-02-10T16:31:24.165+0000] {dagbag.py:538} INFO - Filling up the DagBag from /home/airflow/.local/lib/python3.7/site-packages/airflow/example_dags/example_sensors.py
[2023-02-10T16:31:24.203+0000] {processor.py:753} INFO - DAG(s) dict_keys(['example_sensors']) retrieved from /home/airflow/.local/lib/python3.7/site-packages/airflow/example_dags/example_sensors.py
[2023-02-10T16:31:24.256+0000] {logging_mixin.py:137} INFO - [2023-02-10T16:31:24.256+0000] {dag.py:2690} INFO - Sync 1 DAGs
[2023-02-10T16:31:24.298+0000] {logging_mixin.py:137} INFO - [2023-02-10T16:31:24.298+0000] {dag.py:3441} INFO - Setting next_dagrun for example_sensors to None, run_after=None
[2023-02-10T16:31:24.329+0000] {processor.py:175} INFO - Processing /home/airflow/.local/lib/python3.7/site-packages/airflow/example_dags/example_sensors.py took 0.180 seconds
[2023-02-10T16:31:54.427+0000] {processor.py:153} INFO - Started process (PID=3621) to work on /home/airflow/.local/lib/python3.7/site-packages/airflow/example_dags/example_sensors.py
[2023-02-10T16:31:54.430+0000] {processor.py:743} INFO - Processing file /home/airflow/.local/lib/python3.7/site-packages/airflow/example_dags/example_sensors.py for tasks to queue
[2023-02-10T16:31:54.433+0000] {logging_mixin.py:137} INFO - [2023-02-10T16:31:54.432+0000] {dagbag.py:538} INFO - Filling up the DagBag from /home/airflow/.local/lib/python3.7/site-packages/airflow/example_dags/example_sensors.py
[2023-02-10T16:31:54.465+0000] {processor.py:753} INFO - DAG(s) dict_keys(['example_sensors']) retrieved from /home/airflow/.local/lib/python3.7/site-packages/airflow/example_dags/example_sensors.py
[2023-02-10T16:31:54.517+0000] {logging_mixin.py:137} INFO - [2023-02-10T16:31:54.517+0000] {dag.py:2690} INFO - Sync 1 DAGs
[2023-02-10T16:31:54.557+0000] {logging_mixin.py:137} INFO - [2023-02-10T16:31:54.557+0000] {dag.py:3441} INFO - Setting next_dagrun for example_sensors to None, run_after=None
[2023-02-10T16:31:54.586+0000] {processor.py:175} INFO - Processing /home/airflow/.local/lib/python3.7/site-packages/airflow/example_dags/example_sensors.py took 0.167 seconds
[2023-02-10T16:32:25.139+0000] {processor.py:153} INFO - Started process (PID=3709) to work on /home/airflow/.local/lib/python3.7/site-packages/airflow/example_dags/example_sensors.py
[2023-02-10T16:32:25.142+0000] {processor.py:743} INFO - Processing file /home/airflow/.local/lib/python3.7/site-packages/airflow/example_dags/example_sensors.py for tasks to queue
[2023-02-10T16:32:25.144+0000] {logging_mixin.py:137} INFO - [2023-02-10T16:32:25.144+0000] {dagbag.py:538} INFO - Filling up the DagBag from /home/airflow/.local/lib/python3.7/site-packages/airflow/example_dags/example_sensors.py
[2023-02-10T16:32:25.170+0000] {processor.py:753} INFO - DAG(s) dict_keys(['example_sensors']) retrieved from /home/airflow/.local/lib/python3.7/site-packages/airflow/example_dags/example_sensors.py
[2023-02-10T16:32:25.206+0000] {logging_mixin.py:137} INFO - [2023-02-10T16:32:25.206+0000] {dag.py:2690} INFO - Sync 1 DAGs
[2023-02-10T16:32:25.236+0000] {logging_mixin.py:137} INFO - [2023-02-10T16:32:25.236+0000] {dag.py:3441} INFO - Setting next_dagrun for example_sensors to None, run_after=None
[2023-02-10T16:32:25.261+0000] {processor.py:175} INFO - Processing /home/airflow/.local/lib/python3.7/site-packages/airflow/example_dags/example_sensors.py took 0.126 seconds
[2023-02-10T16:32:56.005+0000] {processor.py:153} INFO - Started process (PID=3781) to work on /home/airflow/.local/lib/python3.7/site-packages/airflow/example_dags/example_sensors.py
[2023-02-10T16:32:56.009+0000] {processor.py:743} INFO - Processing file /home/airflow/.local/lib/python3.7/site-packages/airflow/example_dags/example_sensors.py for tasks to queue
[2023-02-10T16:32:56.016+0000] {logging_mixin.py:137} INFO - [2023-02-10T16:32:56.016+0000] {dagbag.py:538} INFO - Filling up the DagBag from /home/airflow/.local/lib/python3.7/site-packages/airflow/example_dags/example_sensors.py
[2023-02-10T16:32:56.050+0000] {processor.py:753} INFO - DAG(s) dict_keys(['example_sensors']) retrieved from /home/airflow/.local/lib/python3.7/site-packages/airflow/example_dags/example_sensors.py
[2023-02-10T16:32:56.096+0000] {logging_mixin.py:137} INFO - [2023-02-10T16:32:56.096+0000] {dag.py:2690} INFO - Sync 1 DAGs
[2023-02-10T16:32:56.141+0000] {logging_mixin.py:137} INFO - [2023-02-10T16:32:56.141+0000] {dag.py:3441} INFO - Setting next_dagrun for example_sensors to None, run_after=None
[2023-02-10T16:32:56.175+0000] {processor.py:175} INFO - Processing /home/airflow/.local/lib/python3.7/site-packages/airflow/example_dags/example_sensors.py took 0.176 seconds
