[2023-02-10T16:08:24.295+0000] {processor.py:153} INFO - Started process (PID=89) to work on /home/airflow/.local/lib/python3.7/site-packages/airflow/example_dags/example_latest_only.py
[2023-02-10T16:08:24.299+0000] {processor.py:743} INFO - Processing file /home/airflow/.local/lib/python3.7/site-packages/airflow/example_dags/example_latest_only.py for tasks to queue
[2023-02-10T16:08:24.302+0000] {logging_mixin.py:137} INFO - [2023-02-10T16:08:24.302+0000] {dagbag.py:538} INFO - Filling up the DagBag from /home/airflow/.local/lib/python3.7/site-packages/airflow/example_dags/example_latest_only.py
[2023-02-10T16:08:24.329+0000] {processor.py:753} INFO - DAG(s) dict_keys(['latest_only']) retrieved from /home/airflow/.local/lib/python3.7/site-packages/airflow/example_dags/example_latest_only.py
[2023-02-10T16:08:24.383+0000] {logging_mixin.py:137} INFO - [2023-02-10T16:08:24.383+0000] {dag.py:2690} INFO - Sync 1 DAGs
[2023-02-10T16:08:24.435+0000] {logging_mixin.py:137} INFO - [2023-02-10T16:08:24.435+0000] {dag.py:3441} INFO - Setting next_dagrun for latest_only to 2023-02-10T12:08:24.434875+00:00, run_after=2023-02-10T16:08:24.434875+00:00
[2023-02-10T16:08:24.468+0000] {processor.py:175} INFO - Processing /home/airflow/.local/lib/python3.7/site-packages/airflow/example_dags/example_latest_only.py took 0.180 seconds
[2023-02-10T16:08:54.716+0000] {processor.py:153} INFO - Started process (PID=160) to work on /home/airflow/.local/lib/python3.7/site-packages/airflow/example_dags/example_latest_only.py
[2023-02-10T16:08:54.719+0000] {processor.py:743} INFO - Processing file /home/airflow/.local/lib/python3.7/site-packages/airflow/example_dags/example_latest_only.py for tasks to queue
[2023-02-10T16:08:54.721+0000] {logging_mixin.py:137} INFO - [2023-02-10T16:08:54.721+0000] {dagbag.py:538} INFO - Filling up the DagBag from /home/airflow/.local/lib/python3.7/site-packages/airflow/example_dags/example_latest_only.py
[2023-02-10T16:08:54.743+0000] {processor.py:753} INFO - DAG(s) dict_keys(['latest_only']) retrieved from /home/airflow/.local/lib/python3.7/site-packages/airflow/example_dags/example_latest_only.py
[2023-02-10T16:08:54.781+0000] {logging_mixin.py:137} INFO - [2023-02-10T16:08:54.781+0000] {dag.py:2690} INFO - Sync 1 DAGs
[2023-02-10T16:08:54.818+0000] {logging_mixin.py:137} INFO - [2023-02-10T16:08:54.818+0000] {dag.py:3441} INFO - Setting next_dagrun for latest_only to 2023-02-10T12:08:54.818382+00:00, run_after=2023-02-10T16:08:54.818382+00:00
[2023-02-10T16:08:54.849+0000] {processor.py:175} INFO - Processing /home/airflow/.local/lib/python3.7/site-packages/airflow/example_dags/example_latest_only.py took 0.139 seconds
[2023-02-10T16:09:26.360+0000] {processor.py:153} INFO - Started process (PID=244) to work on /home/airflow/.local/lib/python3.7/site-packages/airflow/example_dags/example_latest_only.py
[2023-02-10T16:09:26.365+0000] {processor.py:743} INFO - Processing file /home/airflow/.local/lib/python3.7/site-packages/airflow/example_dags/example_latest_only.py for tasks to queue
[2023-02-10T16:09:26.368+0000] {logging_mixin.py:137} INFO - [2023-02-10T16:09:26.368+0000] {dagbag.py:538} INFO - Filling up the DagBag from /home/airflow/.local/lib/python3.7/site-packages/airflow/example_dags/example_latest_only.py
[2023-02-10T16:09:26.398+0000] {processor.py:753} INFO - DAG(s) dict_keys(['latest_only']) retrieved from /home/airflow/.local/lib/python3.7/site-packages/airflow/example_dags/example_latest_only.py
[2023-02-10T16:09:26.462+0000] {logging_mixin.py:137} INFO - [2023-02-10T16:09:26.462+0000] {dag.py:2690} INFO - Sync 1 DAGs
[2023-02-10T16:09:26.550+0000] {logging_mixin.py:137} INFO - [2023-02-10T16:09:26.549+0000] {dag.py:3441} INFO - Setting next_dagrun for latest_only to 2023-02-10T12:09:26.543761+00:00, run_after=2023-02-10T16:09:26.543761+00:00
[2023-02-10T16:09:26.682+0000] {processor.py:175} INFO - Processing /home/airflow/.local/lib/python3.7/site-packages/airflow/example_dags/example_latest_only.py took 0.334 seconds
[2023-02-10T16:09:57.214+0000] {processor.py:153} INFO - Started process (PID=315) to work on /home/airflow/.local/lib/python3.7/site-packages/airflow/example_dags/example_latest_only.py
[2023-02-10T16:09:57.218+0000] {processor.py:743} INFO - Processing file /home/airflow/.local/lib/python3.7/site-packages/airflow/example_dags/example_latest_only.py for tasks to queue
[2023-02-10T16:09:57.220+0000] {logging_mixin.py:137} INFO - [2023-02-10T16:09:57.219+0000] {dagbag.py:538} INFO - Filling up the DagBag from /home/airflow/.local/lib/python3.7/site-packages/airflow/example_dags/example_latest_only.py
[2023-02-10T16:09:57.239+0000] {processor.py:753} INFO - DAG(s) dict_keys(['latest_only']) retrieved from /home/airflow/.local/lib/python3.7/site-packages/airflow/example_dags/example_latest_only.py
[2023-02-10T16:09:57.272+0000] {logging_mixin.py:137} INFO - [2023-02-10T16:09:57.272+0000] {dag.py:2690} INFO - Sync 1 DAGs
[2023-02-10T16:09:57.319+0000] {logging_mixin.py:137} INFO - [2023-02-10T16:09:57.319+0000] {dag.py:3441} INFO - Setting next_dagrun for latest_only to 2023-02-10T12:09:57.318574+00:00, run_after=2023-02-10T16:09:57.318574+00:00
[2023-02-10T16:09:57.352+0000] {processor.py:175} INFO - Processing /home/airflow/.local/lib/python3.7/site-packages/airflow/example_dags/example_latest_only.py took 0.143 seconds
[2023-02-10T16:10:27.899+0000] {processor.py:153} INFO - Started process (PID=385) to work on /home/airflow/.local/lib/python3.7/site-packages/airflow/example_dags/example_latest_only.py
[2023-02-10T16:10:27.902+0000] {processor.py:743} INFO - Processing file /home/airflow/.local/lib/python3.7/site-packages/airflow/example_dags/example_latest_only.py for tasks to queue
[2023-02-10T16:10:27.906+0000] {logging_mixin.py:137} INFO - [2023-02-10T16:10:27.905+0000] {dagbag.py:538} INFO - Filling up the DagBag from /home/airflow/.local/lib/python3.7/site-packages/airflow/example_dags/example_latest_only.py
[2023-02-10T16:10:27.939+0000] {processor.py:753} INFO - DAG(s) dict_keys(['latest_only']) retrieved from /home/airflow/.local/lib/python3.7/site-packages/airflow/example_dags/example_latest_only.py
[2023-02-10T16:10:27.979+0000] {logging_mixin.py:137} INFO - [2023-02-10T16:10:27.979+0000] {dag.py:2690} INFO - Sync 1 DAGs
[2023-02-10T16:10:28.014+0000] {logging_mixin.py:137} INFO - [2023-02-10T16:10:28.014+0000] {dag.py:3441} INFO - Setting next_dagrun for latest_only to 2023-02-10T12:10:28.014021+00:00, run_after=2023-02-10T16:10:28.014021+00:00
[2023-02-10T16:10:28.038+0000] {processor.py:175} INFO - Processing /home/airflow/.local/lib/python3.7/site-packages/airflow/example_dags/example_latest_only.py took 0.145 seconds
[2023-02-10T16:10:58.751+0000] {processor.py:153} INFO - Started process (PID=469) to work on /home/airflow/.local/lib/python3.7/site-packages/airflow/example_dags/example_latest_only.py
[2023-02-10T16:10:58.762+0000] {processor.py:743} INFO - Processing file /home/airflow/.local/lib/python3.7/site-packages/airflow/example_dags/example_latest_only.py for tasks to queue
[2023-02-10T16:10:58.768+0000] {logging_mixin.py:137} INFO - [2023-02-10T16:10:58.767+0000] {dagbag.py:538} INFO - Filling up the DagBag from /home/airflow/.local/lib/python3.7/site-packages/airflow/example_dags/example_latest_only.py
[2023-02-10T16:10:58.798+0000] {processor.py:753} INFO - DAG(s) dict_keys(['latest_only']) retrieved from /home/airflow/.local/lib/python3.7/site-packages/airflow/example_dags/example_latest_only.py
[2023-02-10T16:10:58.857+0000] {logging_mixin.py:137} INFO - [2023-02-10T16:10:58.857+0000] {dag.py:2690} INFO - Sync 1 DAGs
[2023-02-10T16:10:59.095+0000] {logging_mixin.py:137} INFO - [2023-02-10T16:10:59.094+0000] {dag.py:3441} INFO - Setting next_dagrun for latest_only to 2023-02-10T12:10:59.093579+00:00, run_after=2023-02-10T16:10:59.093579+00:00
[2023-02-10T16:10:59.149+0000] {processor.py:175} INFO - Processing /home/airflow/.local/lib/python3.7/site-packages/airflow/example_dags/example_latest_only.py took 0.410 seconds
[2023-02-10T16:11:29.606+0000] {processor.py:153} INFO - Started process (PID=540) to work on /home/airflow/.local/lib/python3.7/site-packages/airflow/example_dags/example_latest_only.py
[2023-02-10T16:11:29.609+0000] {processor.py:743} INFO - Processing file /home/airflow/.local/lib/python3.7/site-packages/airflow/example_dags/example_latest_only.py for tasks to queue
[2023-02-10T16:11:29.611+0000] {logging_mixin.py:137} INFO - [2023-02-10T16:11:29.611+0000] {dagbag.py:538} INFO - Filling up the DagBag from /home/airflow/.local/lib/python3.7/site-packages/airflow/example_dags/example_latest_only.py
[2023-02-10T16:11:29.629+0000] {processor.py:753} INFO - DAG(s) dict_keys(['latest_only']) retrieved from /home/airflow/.local/lib/python3.7/site-packages/airflow/example_dags/example_latest_only.py
[2023-02-10T16:11:29.662+0000] {logging_mixin.py:137} INFO - [2023-02-10T16:11:29.662+0000] {dag.py:2690} INFO - Sync 1 DAGs
[2023-02-10T16:11:29.700+0000] {logging_mixin.py:137} INFO - [2023-02-10T16:11:29.700+0000] {dag.py:3441} INFO - Setting next_dagrun for latest_only to 2023-02-10T12:11:29.700449+00:00, run_after=2023-02-10T16:11:29.700449+00:00
[2023-02-10T16:11:29.725+0000] {processor.py:175} INFO - Processing /home/airflow/.local/lib/python3.7/site-packages/airflow/example_dags/example_latest_only.py took 0.123 seconds
[2023-02-10T16:11:59.934+0000] {processor.py:153} INFO - Started process (PID=610) to work on /home/airflow/.local/lib/python3.7/site-packages/airflow/example_dags/example_latest_only.py
[2023-02-10T16:11:59.937+0000] {processor.py:743} INFO - Processing file /home/airflow/.local/lib/python3.7/site-packages/airflow/example_dags/example_latest_only.py for tasks to queue
[2023-02-10T16:11:59.940+0000] {logging_mixin.py:137} INFO - [2023-02-10T16:11:59.940+0000] {dagbag.py:538} INFO - Filling up the DagBag from /home/airflow/.local/lib/python3.7/site-packages/airflow/example_dags/example_latest_only.py
[2023-02-10T16:11:59.960+0000] {processor.py:753} INFO - DAG(s) dict_keys(['latest_only']) retrieved from /home/airflow/.local/lib/python3.7/site-packages/airflow/example_dags/example_latest_only.py
[2023-02-10T16:11:59.998+0000] {logging_mixin.py:137} INFO - [2023-02-10T16:11:59.998+0000] {dag.py:2690} INFO - Sync 1 DAGs
[2023-02-10T16:12:00.040+0000] {logging_mixin.py:137} INFO - [2023-02-10T16:12:00.040+0000] {dag.py:3441} INFO - Setting next_dagrun for latest_only to 2023-02-10T12:12:00.040426+00:00, run_after=2023-02-10T16:12:00.040426+00:00
[2023-02-10T16:12:00.068+0000] {processor.py:175} INFO - Processing /home/airflow/.local/lib/python3.7/site-packages/airflow/example_dags/example_latest_only.py took 0.142 seconds
[2023-02-10T16:12:30.195+0000] {processor.py:153} INFO - Started process (PID=690) to work on /home/airflow/.local/lib/python3.7/site-packages/airflow/example_dags/example_latest_only.py
[2023-02-10T16:12:30.197+0000] {processor.py:743} INFO - Processing file /home/airflow/.local/lib/python3.7/site-packages/airflow/example_dags/example_latest_only.py for tasks to queue
[2023-02-10T16:12:30.199+0000] {logging_mixin.py:137} INFO - [2023-02-10T16:12:30.199+0000] {dagbag.py:538} INFO - Filling up the DagBag from /home/airflow/.local/lib/python3.7/site-packages/airflow/example_dags/example_latest_only.py
[2023-02-10T16:12:30.217+0000] {processor.py:753} INFO - DAG(s) dict_keys(['latest_only']) retrieved from /home/airflow/.local/lib/python3.7/site-packages/airflow/example_dags/example_latest_only.py
[2023-02-10T16:12:30.253+0000] {logging_mixin.py:137} INFO - [2023-02-10T16:12:30.253+0000] {dag.py:2690} INFO - Sync 1 DAGs
[2023-02-10T16:12:30.287+0000] {logging_mixin.py:137} INFO - [2023-02-10T16:12:30.287+0000] {dag.py:3441} INFO - Setting next_dagrun for latest_only to 2023-02-10T12:12:30.286609+00:00, run_after=2023-02-10T16:12:30.286609+00:00
[2023-02-10T16:12:30.311+0000] {processor.py:175} INFO - Processing /home/airflow/.local/lib/python3.7/site-packages/airflow/example_dags/example_latest_only.py took 0.121 seconds
[2023-02-10T16:13:01.165+0000] {processor.py:153} INFO - Started process (PID=764) to work on /home/airflow/.local/lib/python3.7/site-packages/airflow/example_dags/example_latest_only.py
[2023-02-10T16:13:01.167+0000] {processor.py:743} INFO - Processing file /home/airflow/.local/lib/python3.7/site-packages/airflow/example_dags/example_latest_only.py for tasks to queue
[2023-02-10T16:13:01.170+0000] {logging_mixin.py:137} INFO - [2023-02-10T16:13:01.170+0000] {dagbag.py:538} INFO - Filling up the DagBag from /home/airflow/.local/lib/python3.7/site-packages/airflow/example_dags/example_latest_only.py
[2023-02-10T16:13:01.191+0000] {processor.py:753} INFO - DAG(s) dict_keys(['latest_only']) retrieved from /home/airflow/.local/lib/python3.7/site-packages/airflow/example_dags/example_latest_only.py
[2023-02-10T16:13:01.248+0000] {logging_mixin.py:137} INFO - [2023-02-10T16:13:01.248+0000] {dag.py:2690} INFO - Sync 1 DAGs
[2023-02-10T16:13:01.294+0000] {logging_mixin.py:137} INFO - [2023-02-10T16:13:01.294+0000] {dag.py:3441} INFO - Setting next_dagrun for latest_only to 2023-02-10T12:13:01.293873+00:00, run_after=2023-02-10T16:13:01.293873+00:00
[2023-02-10T16:13:01.325+0000] {processor.py:175} INFO - Processing /home/airflow/.local/lib/python3.7/site-packages/airflow/example_dags/example_latest_only.py took 0.165 seconds
[2023-02-10T16:13:31.477+0000] {processor.py:153} INFO - Started process (PID=837) to work on /home/airflow/.local/lib/python3.7/site-packages/airflow/example_dags/example_latest_only.py
[2023-02-10T16:13:31.481+0000] {processor.py:743} INFO - Processing file /home/airflow/.local/lib/python3.7/site-packages/airflow/example_dags/example_latest_only.py for tasks to queue
[2023-02-10T16:13:31.484+0000] {logging_mixin.py:137} INFO - [2023-02-10T16:13:31.484+0000] {dagbag.py:538} INFO - Filling up the DagBag from /home/airflow/.local/lib/python3.7/site-packages/airflow/example_dags/example_latest_only.py
[2023-02-10T16:13:31.506+0000] {processor.py:753} INFO - DAG(s) dict_keys(['latest_only']) retrieved from /home/airflow/.local/lib/python3.7/site-packages/airflow/example_dags/example_latest_only.py
[2023-02-10T16:13:31.551+0000] {logging_mixin.py:137} INFO - [2023-02-10T16:13:31.551+0000] {dag.py:2690} INFO - Sync 1 DAGs
[2023-02-10T16:13:31.593+0000] {logging_mixin.py:137} INFO - [2023-02-10T16:13:31.593+0000] {dag.py:3441} INFO - Setting next_dagrun for latest_only to 2023-02-10T12:13:31.592912+00:00, run_after=2023-02-10T16:13:31.592912+00:00
[2023-02-10T16:13:31.632+0000] {processor.py:175} INFO - Processing /home/airflow/.local/lib/python3.7/site-packages/airflow/example_dags/example_latest_only.py took 0.160 seconds
[2023-02-10T16:14:02.050+0000] {processor.py:153} INFO - Started process (PID=911) to work on /home/airflow/.local/lib/python3.7/site-packages/airflow/example_dags/example_latest_only.py
[2023-02-10T16:14:02.052+0000] {processor.py:743} INFO - Processing file /home/airflow/.local/lib/python3.7/site-packages/airflow/example_dags/example_latest_only.py for tasks to queue
[2023-02-10T16:14:02.054+0000] {logging_mixin.py:137} INFO - [2023-02-10T16:14:02.054+0000] {dagbag.py:538} INFO - Filling up the DagBag from /home/airflow/.local/lib/python3.7/site-packages/airflow/example_dags/example_latest_only.py
[2023-02-10T16:14:02.074+0000] {processor.py:753} INFO - DAG(s) dict_keys(['latest_only']) retrieved from /home/airflow/.local/lib/python3.7/site-packages/airflow/example_dags/example_latest_only.py
[2023-02-10T16:14:02.112+0000] {logging_mixin.py:137} INFO - [2023-02-10T16:14:02.112+0000] {dag.py:2690} INFO - Sync 1 DAGs
[2023-02-10T16:14:02.149+0000] {logging_mixin.py:137} INFO - [2023-02-10T16:14:02.149+0000] {dag.py:3441} INFO - Setting next_dagrun for latest_only to 2023-02-10T12:14:02.149002+00:00, run_after=2023-02-10T16:14:02.149002+00:00
[2023-02-10T16:14:02.196+0000] {processor.py:175} INFO - Processing /home/airflow/.local/lib/python3.7/site-packages/airflow/example_dags/example_latest_only.py took 0.152 seconds
[2023-02-10T16:14:32.428+0000] {processor.py:153} INFO - Started process (PID=998) to work on /home/airflow/.local/lib/python3.7/site-packages/airflow/example_dags/example_latest_only.py
[2023-02-10T16:14:32.431+0000] {processor.py:743} INFO - Processing file /home/airflow/.local/lib/python3.7/site-packages/airflow/example_dags/example_latest_only.py for tasks to queue
[2023-02-10T16:14:32.434+0000] {logging_mixin.py:137} INFO - [2023-02-10T16:14:32.433+0000] {dagbag.py:538} INFO - Filling up the DagBag from /home/airflow/.local/lib/python3.7/site-packages/airflow/example_dags/example_latest_only.py
[2023-02-10T16:14:32.452+0000] {processor.py:753} INFO - DAG(s) dict_keys(['latest_only']) retrieved from /home/airflow/.local/lib/python3.7/site-packages/airflow/example_dags/example_latest_only.py
[2023-02-10T16:14:32.486+0000] {logging_mixin.py:137} INFO - [2023-02-10T16:14:32.486+0000] {dag.py:2690} INFO - Sync 1 DAGs
[2023-02-10T16:14:32.518+0000] {logging_mixin.py:137} INFO - [2023-02-10T16:14:32.518+0000] {dag.py:3441} INFO - Setting next_dagrun for latest_only to 2023-02-10T12:14:32.518348+00:00, run_after=2023-02-10T16:14:32.518348+00:00
[2023-02-10T16:14:32.542+0000] {processor.py:175} INFO - Processing /home/airflow/.local/lib/python3.7/site-packages/airflow/example_dags/example_latest_only.py took 0.119 seconds
[2023-02-10T16:15:03.102+0000] {processor.py:153} INFO - Started process (PID=1070) to work on /home/airflow/.local/lib/python3.7/site-packages/airflow/example_dags/example_latest_only.py
[2023-02-10T16:15:03.105+0000] {processor.py:743} INFO - Processing file /home/airflow/.local/lib/python3.7/site-packages/airflow/example_dags/example_latest_only.py for tasks to queue
[2023-02-10T16:15:03.107+0000] {logging_mixin.py:137} INFO - [2023-02-10T16:15:03.107+0000] {dagbag.py:538} INFO - Filling up the DagBag from /home/airflow/.local/lib/python3.7/site-packages/airflow/example_dags/example_latest_only.py
[2023-02-10T16:15:03.126+0000] {processor.py:753} INFO - DAG(s) dict_keys(['latest_only']) retrieved from /home/airflow/.local/lib/python3.7/site-packages/airflow/example_dags/example_latest_only.py
[2023-02-10T16:15:03.161+0000] {logging_mixin.py:137} INFO - [2023-02-10T16:15:03.161+0000] {dag.py:2690} INFO - Sync 1 DAGs
[2023-02-10T16:15:03.203+0000] {logging_mixin.py:137} INFO - [2023-02-10T16:15:03.203+0000] {dag.py:3441} INFO - Setting next_dagrun for latest_only to 2023-02-10T12:15:03.202945+00:00, run_after=2023-02-10T16:15:03.202945+00:00
[2023-02-10T16:15:03.232+0000] {processor.py:175} INFO - Processing /home/airflow/.local/lib/python3.7/site-packages/airflow/example_dags/example_latest_only.py took 0.135 seconds
[2023-02-10T16:15:33.667+0000] {processor.py:153} INFO - Started process (PID=1152) to work on /home/airflow/.local/lib/python3.7/site-packages/airflow/example_dags/example_latest_only.py
[2023-02-10T16:15:33.675+0000] {processor.py:743} INFO - Processing file /home/airflow/.local/lib/python3.7/site-packages/airflow/example_dags/example_latest_only.py for tasks to queue
[2023-02-10T16:15:33.679+0000] {logging_mixin.py:137} INFO - [2023-02-10T16:15:33.679+0000] {dagbag.py:538} INFO - Filling up the DagBag from /home/airflow/.local/lib/python3.7/site-packages/airflow/example_dags/example_latest_only.py
[2023-02-10T16:15:33.732+0000] {processor.py:753} INFO - DAG(s) dict_keys(['latest_only']) retrieved from /home/airflow/.local/lib/python3.7/site-packages/airflow/example_dags/example_latest_only.py
[2023-02-10T16:15:33.795+0000] {logging_mixin.py:137} INFO - [2023-02-10T16:15:33.794+0000] {dag.py:2690} INFO - Sync 1 DAGs
[2023-02-10T16:15:33.885+0000] {logging_mixin.py:137} INFO - [2023-02-10T16:15:33.885+0000] {dag.py:3441} INFO - Setting next_dagrun for latest_only to 2023-02-10T12:15:33.883955+00:00, run_after=2023-02-10T16:15:33.883955+00:00
[2023-02-10T16:15:33.945+0000] {processor.py:175} INFO - Processing /home/airflow/.local/lib/python3.7/site-packages/airflow/example_dags/example_latest_only.py took 0.297 seconds
[2023-02-10T16:16:05.443+0000] {processor.py:153} INFO - Started process (PID=1229) to work on /home/airflow/.local/lib/python3.7/site-packages/airflow/example_dags/example_latest_only.py
[2023-02-10T16:16:05.445+0000] {processor.py:743} INFO - Processing file /home/airflow/.local/lib/python3.7/site-packages/airflow/example_dags/example_latest_only.py for tasks to queue
[2023-02-10T16:16:05.447+0000] {logging_mixin.py:137} INFO - [2023-02-10T16:16:05.447+0000] {dagbag.py:538} INFO - Filling up the DagBag from /home/airflow/.local/lib/python3.7/site-packages/airflow/example_dags/example_latest_only.py
[2023-02-10T16:16:05.466+0000] {processor.py:753} INFO - DAG(s) dict_keys(['latest_only']) retrieved from /home/airflow/.local/lib/python3.7/site-packages/airflow/example_dags/example_latest_only.py
[2023-02-10T16:16:05.505+0000] {logging_mixin.py:137} INFO - [2023-02-10T16:16:05.504+0000] {dag.py:2690} INFO - Sync 1 DAGs
[2023-02-10T16:16:05.546+0000] {logging_mixin.py:137} INFO - [2023-02-10T16:16:05.546+0000] {dag.py:3441} INFO - Setting next_dagrun for latest_only to 2023-02-10T12:16:05.546322+00:00, run_after=2023-02-10T16:16:05.546322+00:00
[2023-02-10T16:16:05.571+0000] {processor.py:175} INFO - Processing /home/airflow/.local/lib/python3.7/site-packages/airflow/example_dags/example_latest_only.py took 0.134 seconds
[2023-02-10T16:16:36.070+0000] {processor.py:153} INFO - Started process (PID=1301) to work on /home/airflow/.local/lib/python3.7/site-packages/airflow/example_dags/example_latest_only.py
[2023-02-10T16:16:36.072+0000] {processor.py:743} INFO - Processing file /home/airflow/.local/lib/python3.7/site-packages/airflow/example_dags/example_latest_only.py for tasks to queue
[2023-02-10T16:16:36.074+0000] {logging_mixin.py:137} INFO - [2023-02-10T16:16:36.074+0000] {dagbag.py:538} INFO - Filling up the DagBag from /home/airflow/.local/lib/python3.7/site-packages/airflow/example_dags/example_latest_only.py
[2023-02-10T16:16:36.091+0000] {processor.py:753} INFO - DAG(s) dict_keys(['latest_only']) retrieved from /home/airflow/.local/lib/python3.7/site-packages/airflow/example_dags/example_latest_only.py
[2023-02-10T16:16:36.123+0000] {logging_mixin.py:137} INFO - [2023-02-10T16:16:36.123+0000] {dag.py:2690} INFO - Sync 1 DAGs
[2023-02-10T16:16:36.160+0000] {logging_mixin.py:137} INFO - [2023-02-10T16:16:36.160+0000] {dag.py:3441} INFO - Setting next_dagrun for latest_only to 2023-02-10T12:16:36.159565+00:00, run_after=2023-02-10T16:16:36.159565+00:00
[2023-02-10T16:16:36.195+0000] {processor.py:175} INFO - Processing /home/airflow/.local/lib/python3.7/site-packages/airflow/example_dags/example_latest_only.py took 0.130 seconds
[2023-02-10T16:17:06.959+0000] {processor.py:153} INFO - Started process (PID=1388) to work on /home/airflow/.local/lib/python3.7/site-packages/airflow/example_dags/example_latest_only.py
[2023-02-10T16:17:06.961+0000] {processor.py:743} INFO - Processing file /home/airflow/.local/lib/python3.7/site-packages/airflow/example_dags/example_latest_only.py for tasks to queue
[2023-02-10T16:17:06.963+0000] {logging_mixin.py:137} INFO - [2023-02-10T16:17:06.963+0000] {dagbag.py:538} INFO - Filling up the DagBag from /home/airflow/.local/lib/python3.7/site-packages/airflow/example_dags/example_latest_only.py
[2023-02-10T16:17:06.980+0000] {processor.py:753} INFO - DAG(s) dict_keys(['latest_only']) retrieved from /home/airflow/.local/lib/python3.7/site-packages/airflow/example_dags/example_latest_only.py
[2023-02-10T16:17:07.012+0000] {logging_mixin.py:137} INFO - [2023-02-10T16:17:07.012+0000] {dag.py:2690} INFO - Sync 1 DAGs
[2023-02-10T16:17:07.043+0000] {logging_mixin.py:137} INFO - [2023-02-10T16:17:07.043+0000] {dag.py:3441} INFO - Setting next_dagrun for latest_only to 2023-02-10T12:17:07.043272+00:00, run_after=2023-02-10T16:17:07.043272+00:00
[2023-02-10T16:17:07.067+0000] {processor.py:175} INFO - Processing /home/airflow/.local/lib/python3.7/site-packages/airflow/example_dags/example_latest_only.py took 0.113 seconds
[2023-02-10T16:17:38.401+0000] {processor.py:153} INFO - Started process (PID=1469) to work on /home/airflow/.local/lib/python3.7/site-packages/airflow/example_dags/example_latest_only.py
[2023-02-10T16:17:38.405+0000] {processor.py:743} INFO - Processing file /home/airflow/.local/lib/python3.7/site-packages/airflow/example_dags/example_latest_only.py for tasks to queue
[2023-02-10T16:17:38.408+0000] {logging_mixin.py:137} INFO - [2023-02-10T16:17:38.408+0000] {dagbag.py:538} INFO - Filling up the DagBag from /home/airflow/.local/lib/python3.7/site-packages/airflow/example_dags/example_latest_only.py
[2023-02-10T16:17:38.448+0000] {processor.py:753} INFO - DAG(s) dict_keys(['latest_only']) retrieved from /home/airflow/.local/lib/python3.7/site-packages/airflow/example_dags/example_latest_only.py
[2023-02-10T16:17:38.514+0000] {logging_mixin.py:137} INFO - [2023-02-10T16:17:38.513+0000] {dag.py:2690} INFO - Sync 1 DAGs
[2023-02-10T16:17:38.618+0000] {logging_mixin.py:137} INFO - [2023-02-10T16:17:38.617+0000] {dag.py:3441} INFO - Setting next_dagrun for latest_only to 2023-02-10T12:17:38.616591+00:00, run_after=2023-02-10T16:17:38.616591+00:00
[2023-02-10T16:17:38.680+0000] {processor.py:175} INFO - Processing /home/airflow/.local/lib/python3.7/site-packages/airflow/example_dags/example_latest_only.py took 0.288 seconds
[2023-02-10T16:18:09.546+0000] {processor.py:153} INFO - Started process (PID=1546) to work on /home/airflow/.local/lib/python3.7/site-packages/airflow/example_dags/example_latest_only.py
[2023-02-10T16:18:09.548+0000] {processor.py:743} INFO - Processing file /home/airflow/.local/lib/python3.7/site-packages/airflow/example_dags/example_latest_only.py for tasks to queue
[2023-02-10T16:18:09.550+0000] {logging_mixin.py:137} INFO - [2023-02-10T16:18:09.549+0000] {dagbag.py:538} INFO - Filling up the DagBag from /home/airflow/.local/lib/python3.7/site-packages/airflow/example_dags/example_latest_only.py
[2023-02-10T16:18:09.567+0000] {processor.py:753} INFO - DAG(s) dict_keys(['latest_only']) retrieved from /home/airflow/.local/lib/python3.7/site-packages/airflow/example_dags/example_latest_only.py
[2023-02-10T16:18:09.600+0000] {logging_mixin.py:137} INFO - [2023-02-10T16:18:09.600+0000] {dag.py:2690} INFO - Sync 1 DAGs
[2023-02-10T16:18:09.631+0000] {logging_mixin.py:137} INFO - [2023-02-10T16:18:09.631+0000] {dag.py:3441} INFO - Setting next_dagrun for latest_only to 2023-02-10T12:18:09.631507+00:00, run_after=2023-02-10T16:18:09.631507+00:00
[2023-02-10T16:18:09.654+0000] {processor.py:175} INFO - Processing /home/airflow/.local/lib/python3.7/site-packages/airflow/example_dags/example_latest_only.py took 0.113 seconds
[2023-02-10T16:18:40.457+0000] {processor.py:153} INFO - Started process (PID=1618) to work on /home/airflow/.local/lib/python3.7/site-packages/airflow/example_dags/example_latest_only.py
[2023-02-10T16:18:40.469+0000] {processor.py:743} INFO - Processing file /home/airflow/.local/lib/python3.7/site-packages/airflow/example_dags/example_latest_only.py for tasks to queue
[2023-02-10T16:18:40.476+0000] {logging_mixin.py:137} INFO - [2023-02-10T16:18:40.475+0000] {dagbag.py:538} INFO - Filling up the DagBag from /home/airflow/.local/lib/python3.7/site-packages/airflow/example_dags/example_latest_only.py
[2023-02-10T16:18:40.531+0000] {processor.py:753} INFO - DAG(s) dict_keys(['latest_only']) retrieved from /home/airflow/.local/lib/python3.7/site-packages/airflow/example_dags/example_latest_only.py
[2023-02-10T16:18:40.600+0000] {logging_mixin.py:137} INFO - [2023-02-10T16:18:40.600+0000] {dag.py:2690} INFO - Sync 1 DAGs
[2023-02-10T16:18:40.673+0000] {logging_mixin.py:137} INFO - [2023-02-10T16:18:40.672+0000] {dag.py:3441} INFO - Setting next_dagrun for latest_only to 2023-02-10T12:18:40.672063+00:00, run_after=2023-02-10T16:18:40.672063+00:00
[2023-02-10T16:18:40.736+0000] {processor.py:175} INFO - Processing /home/airflow/.local/lib/python3.7/site-packages/airflow/example_dags/example_latest_only.py took 0.295 seconds
[2023-02-10T16:19:11.436+0000] {processor.py:153} INFO - Started process (PID=1704) to work on /home/airflow/.local/lib/python3.7/site-packages/airflow/example_dags/example_latest_only.py
[2023-02-10T16:19:11.438+0000] {processor.py:743} INFO - Processing file /home/airflow/.local/lib/python3.7/site-packages/airflow/example_dags/example_latest_only.py for tasks to queue
[2023-02-10T16:19:11.440+0000] {logging_mixin.py:137} INFO - [2023-02-10T16:19:11.440+0000] {dagbag.py:538} INFO - Filling up the DagBag from /home/airflow/.local/lib/python3.7/site-packages/airflow/example_dags/example_latest_only.py
[2023-02-10T16:19:11.461+0000] {processor.py:753} INFO - DAG(s) dict_keys(['latest_only']) retrieved from /home/airflow/.local/lib/python3.7/site-packages/airflow/example_dags/example_latest_only.py
[2023-02-10T16:19:11.494+0000] {logging_mixin.py:137} INFO - [2023-02-10T16:19:11.494+0000] {dag.py:2690} INFO - Sync 1 DAGs
[2023-02-10T16:19:11.526+0000] {logging_mixin.py:137} INFO - [2023-02-10T16:19:11.525+0000] {dag.py:3441} INFO - Setting next_dagrun for latest_only to 2023-02-10T12:19:11.525695+00:00, run_after=2023-02-10T16:19:11.525695+00:00
[2023-02-10T16:19:11.547+0000] {processor.py:175} INFO - Processing /home/airflow/.local/lib/python3.7/site-packages/airflow/example_dags/example_latest_only.py took 0.117 seconds
[2023-02-10T16:19:41.668+0000] {processor.py:153} INFO - Started process (PID=1776) to work on /home/airflow/.local/lib/python3.7/site-packages/airflow/example_dags/example_latest_only.py
[2023-02-10T16:19:41.671+0000] {processor.py:743} INFO - Processing file /home/airflow/.local/lib/python3.7/site-packages/airflow/example_dags/example_latest_only.py for tasks to queue
[2023-02-10T16:19:41.672+0000] {logging_mixin.py:137} INFO - [2023-02-10T16:19:41.672+0000] {dagbag.py:538} INFO - Filling up the DagBag from /home/airflow/.local/lib/python3.7/site-packages/airflow/example_dags/example_latest_only.py
[2023-02-10T16:19:41.690+0000] {processor.py:753} INFO - DAG(s) dict_keys(['latest_only']) retrieved from /home/airflow/.local/lib/python3.7/site-packages/airflow/example_dags/example_latest_only.py
[2023-02-10T16:19:41.725+0000] {logging_mixin.py:137} INFO - [2023-02-10T16:19:41.725+0000] {dag.py:2690} INFO - Sync 1 DAGs
[2023-02-10T16:19:41.758+0000] {logging_mixin.py:137} INFO - [2023-02-10T16:19:41.758+0000] {dag.py:3441} INFO - Setting next_dagrun for latest_only to 2023-02-10T12:19:41.758170+00:00, run_after=2023-02-10T16:19:41.758170+00:00
[2023-02-10T16:19:41.782+0000] {processor.py:175} INFO - Processing /home/airflow/.local/lib/python3.7/site-packages/airflow/example_dags/example_latest_only.py took 0.119 seconds
[2023-02-10T16:20:11.985+0000] {processor.py:153} INFO - Started process (PID=1848) to work on /home/airflow/.local/lib/python3.7/site-packages/airflow/example_dags/example_latest_only.py
[2023-02-10T16:20:11.988+0000] {processor.py:743} INFO - Processing file /home/airflow/.local/lib/python3.7/site-packages/airflow/example_dags/example_latest_only.py for tasks to queue
[2023-02-10T16:20:11.992+0000] {logging_mixin.py:137} INFO - [2023-02-10T16:20:11.991+0000] {dagbag.py:538} INFO - Filling up the DagBag from /home/airflow/.local/lib/python3.7/site-packages/airflow/example_dags/example_latest_only.py
[2023-02-10T16:20:12.019+0000] {processor.py:753} INFO - DAG(s) dict_keys(['latest_only']) retrieved from /home/airflow/.local/lib/python3.7/site-packages/airflow/example_dags/example_latest_only.py
[2023-02-10T16:20:12.069+0000] {logging_mixin.py:137} INFO - [2023-02-10T16:20:12.068+0000] {dag.py:2690} INFO - Sync 1 DAGs
[2023-02-10T16:20:12.120+0000] {logging_mixin.py:137} INFO - [2023-02-10T16:20:12.120+0000] {dag.py:3441} INFO - Setting next_dagrun for latest_only to 2023-02-10T12:20:12.119962+00:00, run_after=2023-02-10T16:20:12.119962+00:00
[2023-02-10T16:20:12.161+0000] {processor.py:175} INFO - Processing /home/airflow/.local/lib/python3.7/site-packages/airflow/example_dags/example_latest_only.py took 0.184 seconds
[2023-02-10T16:20:42.867+0000] {processor.py:153} INFO - Started process (PID=1934) to work on /home/airflow/.local/lib/python3.7/site-packages/airflow/example_dags/example_latest_only.py
[2023-02-10T16:20:42.870+0000] {processor.py:743} INFO - Processing file /home/airflow/.local/lib/python3.7/site-packages/airflow/example_dags/example_latest_only.py for tasks to queue
[2023-02-10T16:20:42.872+0000] {logging_mixin.py:137} INFO - [2023-02-10T16:20:42.871+0000] {dagbag.py:538} INFO - Filling up the DagBag from /home/airflow/.local/lib/python3.7/site-packages/airflow/example_dags/example_latest_only.py
[2023-02-10T16:20:42.891+0000] {processor.py:753} INFO - DAG(s) dict_keys(['latest_only']) retrieved from /home/airflow/.local/lib/python3.7/site-packages/airflow/example_dags/example_latest_only.py
[2023-02-10T16:20:42.924+0000] {logging_mixin.py:137} INFO - [2023-02-10T16:20:42.924+0000] {dag.py:2690} INFO - Sync 1 DAGs
[2023-02-10T16:20:42.956+0000] {logging_mixin.py:137} INFO - [2023-02-10T16:20:42.956+0000] {dag.py:3441} INFO - Setting next_dagrun for latest_only to 2023-02-10T12:20:42.955811+00:00, run_after=2023-02-10T16:20:42.955811+00:00
[2023-02-10T16:20:42.979+0000] {processor.py:175} INFO - Processing /home/airflow/.local/lib/python3.7/site-packages/airflow/example_dags/example_latest_only.py took 0.118 seconds
[2023-02-10T16:21:13.686+0000] {processor.py:153} INFO - Started process (PID=2006) to work on /home/airflow/.local/lib/python3.7/site-packages/airflow/example_dags/example_latest_only.py
[2023-02-10T16:21:13.688+0000] {processor.py:743} INFO - Processing file /home/airflow/.local/lib/python3.7/site-packages/airflow/example_dags/example_latest_only.py for tasks to queue
[2023-02-10T16:21:13.690+0000] {logging_mixin.py:137} INFO - [2023-02-10T16:21:13.689+0000] {dagbag.py:538} INFO - Filling up the DagBag from /home/airflow/.local/lib/python3.7/site-packages/airflow/example_dags/example_latest_only.py
[2023-02-10T16:21:13.705+0000] {processor.py:753} INFO - DAG(s) dict_keys(['latest_only']) retrieved from /home/airflow/.local/lib/python3.7/site-packages/airflow/example_dags/example_latest_only.py
[2023-02-10T16:21:13.739+0000] {logging_mixin.py:137} INFO - [2023-02-10T16:21:13.738+0000] {dag.py:2690} INFO - Sync 1 DAGs
[2023-02-10T16:21:13.774+0000] {logging_mixin.py:137} INFO - [2023-02-10T16:21:13.774+0000] {dag.py:3441} INFO - Setting next_dagrun for latest_only to 2023-02-10T12:21:13.773937+00:00, run_after=2023-02-10T16:21:13.773937+00:00
[2023-02-10T16:21:13.826+0000] {processor.py:175} INFO - Processing /home/airflow/.local/lib/python3.7/site-packages/airflow/example_dags/example_latest_only.py took 0.144 seconds
[2023-02-10T16:21:44.293+0000] {processor.py:153} INFO - Started process (PID=2092) to work on /home/airflow/.local/lib/python3.7/site-packages/airflow/example_dags/example_latest_only.py
[2023-02-10T16:21:44.296+0000] {processor.py:743} INFO - Processing file /home/airflow/.local/lib/python3.7/site-packages/airflow/example_dags/example_latest_only.py for tasks to queue
[2023-02-10T16:21:44.298+0000] {logging_mixin.py:137} INFO - [2023-02-10T16:21:44.298+0000] {dagbag.py:538} INFO - Filling up the DagBag from /home/airflow/.local/lib/python3.7/site-packages/airflow/example_dags/example_latest_only.py
[2023-02-10T16:21:44.321+0000] {processor.py:753} INFO - DAG(s) dict_keys(['latest_only']) retrieved from /home/airflow/.local/lib/python3.7/site-packages/airflow/example_dags/example_latest_only.py
[2023-02-10T16:21:44.367+0000] {logging_mixin.py:137} INFO - [2023-02-10T16:21:44.367+0000] {dag.py:2690} INFO - Sync 1 DAGs
[2023-02-10T16:21:44.408+0000] {logging_mixin.py:137} INFO - [2023-02-10T16:21:44.408+0000] {dag.py:3441} INFO - Setting next_dagrun for latest_only to 2023-02-10T12:21:44.408162+00:00, run_after=2023-02-10T16:21:44.408162+00:00
[2023-02-10T16:21:44.436+0000] {processor.py:175} INFO - Processing /home/airflow/.local/lib/python3.7/site-packages/airflow/example_dags/example_latest_only.py took 0.149 seconds
[2023-02-10T16:22:15.107+0000] {processor.py:153} INFO - Started process (PID=2163) to work on /home/airflow/.local/lib/python3.7/site-packages/airflow/example_dags/example_latest_only.py
[2023-02-10T16:22:15.109+0000] {processor.py:743} INFO - Processing file /home/airflow/.local/lib/python3.7/site-packages/airflow/example_dags/example_latest_only.py for tasks to queue
[2023-02-10T16:22:15.111+0000] {logging_mixin.py:137} INFO - [2023-02-10T16:22:15.111+0000] {dagbag.py:538} INFO - Filling up the DagBag from /home/airflow/.local/lib/python3.7/site-packages/airflow/example_dags/example_latest_only.py
[2023-02-10T16:22:15.132+0000] {processor.py:753} INFO - DAG(s) dict_keys(['latest_only']) retrieved from /home/airflow/.local/lib/python3.7/site-packages/airflow/example_dags/example_latest_only.py
[2023-02-10T16:22:15.168+0000] {logging_mixin.py:137} INFO - [2023-02-10T16:22:15.168+0000] {dag.py:2690} INFO - Sync 1 DAGs
[2023-02-10T16:22:15.200+0000] {logging_mixin.py:137} INFO - [2023-02-10T16:22:15.200+0000] {dag.py:3441} INFO - Setting next_dagrun for latest_only to 2023-02-10T12:22:15.199963+00:00, run_after=2023-02-10T16:22:15.199963+00:00
[2023-02-10T16:22:15.223+0000] {processor.py:175} INFO - Processing /home/airflow/.local/lib/python3.7/site-packages/airflow/example_dags/example_latest_only.py took 0.121 seconds
[2023-02-10T16:22:45.841+0000] {processor.py:153} INFO - Started process (PID=2249) to work on /home/airflow/.local/lib/python3.7/site-packages/airflow/example_dags/example_latest_only.py
[2023-02-10T16:22:45.844+0000] {processor.py:743} INFO - Processing file /home/airflow/.local/lib/python3.7/site-packages/airflow/example_dags/example_latest_only.py for tasks to queue
[2023-02-10T16:22:45.845+0000] {logging_mixin.py:137} INFO - [2023-02-10T16:22:45.845+0000] {dagbag.py:538} INFO - Filling up the DagBag from /home/airflow/.local/lib/python3.7/site-packages/airflow/example_dags/example_latest_only.py
[2023-02-10T16:22:45.863+0000] {processor.py:753} INFO - DAG(s) dict_keys(['latest_only']) retrieved from /home/airflow/.local/lib/python3.7/site-packages/airflow/example_dags/example_latest_only.py
[2023-02-10T16:22:45.894+0000] {logging_mixin.py:137} INFO - [2023-02-10T16:22:45.894+0000] {dag.py:2690} INFO - Sync 1 DAGs
[2023-02-10T16:22:45.926+0000] {logging_mixin.py:137} INFO - [2023-02-10T16:22:45.926+0000] {dag.py:3441} INFO - Setting next_dagrun for latest_only to 2023-02-10T12:22:45.926070+00:00, run_after=2023-02-10T16:22:45.926070+00:00
[2023-02-10T16:22:45.949+0000] {processor.py:175} INFO - Processing /home/airflow/.local/lib/python3.7/site-packages/airflow/example_dags/example_latest_only.py took 0.113 seconds
[2023-02-10T16:23:16.521+0000] {processor.py:153} INFO - Started process (PID=2323) to work on /home/airflow/.local/lib/python3.7/site-packages/airflow/example_dags/example_latest_only.py
[2023-02-10T16:23:16.523+0000] {processor.py:743} INFO - Processing file /home/airflow/.local/lib/python3.7/site-packages/airflow/example_dags/example_latest_only.py for tasks to queue
[2023-02-10T16:23:16.524+0000] {logging_mixin.py:137} INFO - [2023-02-10T16:23:16.524+0000] {dagbag.py:538} INFO - Filling up the DagBag from /home/airflow/.local/lib/python3.7/site-packages/airflow/example_dags/example_latest_only.py
[2023-02-10T16:23:16.542+0000] {processor.py:753} INFO - DAG(s) dict_keys(['latest_only']) retrieved from /home/airflow/.local/lib/python3.7/site-packages/airflow/example_dags/example_latest_only.py
[2023-02-10T16:23:16.573+0000] {logging_mixin.py:137} INFO - [2023-02-10T16:23:16.573+0000] {dag.py:2690} INFO - Sync 1 DAGs
[2023-02-10T16:23:16.602+0000] {logging_mixin.py:137} INFO - [2023-02-10T16:23:16.602+0000] {dag.py:3441} INFO - Setting next_dagrun for latest_only to 2023-02-10T12:23:16.602334+00:00, run_after=2023-02-10T16:23:16.602334+00:00
[2023-02-10T16:23:16.625+0000] {processor.py:175} INFO - Processing /home/airflow/.local/lib/python3.7/site-packages/airflow/example_dags/example_latest_only.py took 0.109 seconds
[2023-02-10T16:23:46.725+0000] {processor.py:153} INFO - Started process (PID=2395) to work on /home/airflow/.local/lib/python3.7/site-packages/airflow/example_dags/example_latest_only.py
[2023-02-10T16:23:46.728+0000] {processor.py:743} INFO - Processing file /home/airflow/.local/lib/python3.7/site-packages/airflow/example_dags/example_latest_only.py for tasks to queue
[2023-02-10T16:23:46.731+0000] {logging_mixin.py:137} INFO - [2023-02-10T16:23:46.731+0000] {dagbag.py:538} INFO - Filling up the DagBag from /home/airflow/.local/lib/python3.7/site-packages/airflow/example_dags/example_latest_only.py
[2023-02-10T16:23:46.753+0000] {processor.py:753} INFO - DAG(s) dict_keys(['latest_only']) retrieved from /home/airflow/.local/lib/python3.7/site-packages/airflow/example_dags/example_latest_only.py
[2023-02-10T16:23:46.795+0000] {logging_mixin.py:137} INFO - [2023-02-10T16:23:46.795+0000] {dag.py:2690} INFO - Sync 1 DAGs
[2023-02-10T16:23:46.830+0000] {logging_mixin.py:137} INFO - [2023-02-10T16:23:46.829+0000] {dag.py:3441} INFO - Setting next_dagrun for latest_only to 2023-02-10T12:23:46.829572+00:00, run_after=2023-02-10T16:23:46.829572+00:00
[2023-02-10T16:23:46.857+0000] {processor.py:175} INFO - Processing /home/airflow/.local/lib/python3.7/site-packages/airflow/example_dags/example_latest_only.py took 0.138 seconds
[2023-02-10T16:24:17.858+0000] {processor.py:153} INFO - Started process (PID=2482) to work on /home/airflow/.local/lib/python3.7/site-packages/airflow/example_dags/example_latest_only.py
[2023-02-10T16:24:17.861+0000] {processor.py:743} INFO - Processing file /home/airflow/.local/lib/python3.7/site-packages/airflow/example_dags/example_latest_only.py for tasks to queue
[2023-02-10T16:24:17.864+0000] {logging_mixin.py:137} INFO - [2023-02-10T16:24:17.863+0000] {dagbag.py:538} INFO - Filling up the DagBag from /home/airflow/.local/lib/python3.7/site-packages/airflow/example_dags/example_latest_only.py
[2023-02-10T16:24:17.885+0000] {processor.py:753} INFO - DAG(s) dict_keys(['latest_only']) retrieved from /home/airflow/.local/lib/python3.7/site-packages/airflow/example_dags/example_latest_only.py
[2023-02-10T16:24:17.920+0000] {logging_mixin.py:137} INFO - [2023-02-10T16:24:17.920+0000] {dag.py:2690} INFO - Sync 1 DAGs
[2023-02-10T16:24:17.961+0000] {logging_mixin.py:137} INFO - [2023-02-10T16:24:17.960+0000] {dag.py:3441} INFO - Setting next_dagrun for latest_only to 2023-02-10T12:24:17.960478+00:00, run_after=2023-02-10T16:24:17.960478+00:00
[2023-02-10T16:24:17.991+0000] {processor.py:175} INFO - Processing /home/airflow/.local/lib/python3.7/site-packages/airflow/example_dags/example_latest_only.py took 0.138 seconds
[2023-02-10T16:24:48.420+0000] {processor.py:153} INFO - Started process (PID=2553) to work on /home/airflow/.local/lib/python3.7/site-packages/airflow/example_dags/example_latest_only.py
[2023-02-10T16:24:48.423+0000] {processor.py:743} INFO - Processing file /home/airflow/.local/lib/python3.7/site-packages/airflow/example_dags/example_latest_only.py for tasks to queue
[2023-02-10T16:24:48.425+0000] {logging_mixin.py:137} INFO - [2023-02-10T16:24:48.425+0000] {dagbag.py:538} INFO - Filling up the DagBag from /home/airflow/.local/lib/python3.7/site-packages/airflow/example_dags/example_latest_only.py
[2023-02-10T16:24:48.443+0000] {processor.py:753} INFO - DAG(s) dict_keys(['latest_only']) retrieved from /home/airflow/.local/lib/python3.7/site-packages/airflow/example_dags/example_latest_only.py
[2023-02-10T16:24:48.475+0000] {logging_mixin.py:137} INFO - [2023-02-10T16:24:48.475+0000] {dag.py:2690} INFO - Sync 1 DAGs
[2023-02-10T16:24:48.507+0000] {logging_mixin.py:137} INFO - [2023-02-10T16:24:48.507+0000] {dag.py:3441} INFO - Setting next_dagrun for latest_only to 2023-02-10T12:24:48.506716+00:00, run_after=2023-02-10T16:24:48.506716+00:00
[2023-02-10T16:24:48.531+0000] {processor.py:175} INFO - Processing /home/airflow/.local/lib/python3.7/site-packages/airflow/example_dags/example_latest_only.py took 0.116 seconds
[2023-02-10T16:25:19.082+0000] {processor.py:153} INFO - Started process (PID=2634) to work on /home/airflow/.local/lib/python3.7/site-packages/airflow/example_dags/example_latest_only.py
[2023-02-10T16:25:19.085+0000] {processor.py:743} INFO - Processing file /home/airflow/.local/lib/python3.7/site-packages/airflow/example_dags/example_latest_only.py for tasks to queue
[2023-02-10T16:25:19.088+0000] {logging_mixin.py:137} INFO - [2023-02-10T16:25:19.088+0000] {dagbag.py:538} INFO - Filling up the DagBag from /home/airflow/.local/lib/python3.7/site-packages/airflow/example_dags/example_latest_only.py
[2023-02-10T16:25:19.115+0000] {processor.py:753} INFO - DAG(s) dict_keys(['latest_only']) retrieved from /home/airflow/.local/lib/python3.7/site-packages/airflow/example_dags/example_latest_only.py
[2023-02-10T16:25:19.217+0000] {logging_mixin.py:137} INFO - [2023-02-10T16:25:19.217+0000] {dag.py:2690} INFO - Sync 1 DAGs
[2023-02-10T16:25:19.285+0000] {logging_mixin.py:137} INFO - [2023-02-10T16:25:19.285+0000] {dag.py:3441} INFO - Setting next_dagrun for latest_only to 2023-02-10T12:25:19.285129+00:00, run_after=2023-02-10T16:25:19.285129+00:00
[2023-02-10T16:25:19.322+0000] {processor.py:175} INFO - Processing /home/airflow/.local/lib/python3.7/site-packages/airflow/example_dags/example_latest_only.py took 0.245 seconds
[2023-02-10T16:25:49.728+0000] {processor.py:153} INFO - Started process (PID=2713) to work on /home/airflow/.local/lib/python3.7/site-packages/airflow/example_dags/example_latest_only.py
[2023-02-10T16:25:49.730+0000] {processor.py:743} INFO - Processing file /home/airflow/.local/lib/python3.7/site-packages/airflow/example_dags/example_latest_only.py for tasks to queue
[2023-02-10T16:25:49.732+0000] {logging_mixin.py:137} INFO - [2023-02-10T16:25:49.732+0000] {dagbag.py:538} INFO - Filling up the DagBag from /home/airflow/.local/lib/python3.7/site-packages/airflow/example_dags/example_latest_only.py
[2023-02-10T16:25:49.752+0000] {processor.py:753} INFO - DAG(s) dict_keys(['latest_only']) retrieved from /home/airflow/.local/lib/python3.7/site-packages/airflow/example_dags/example_latest_only.py
[2023-02-10T16:25:49.787+0000] {logging_mixin.py:137} INFO - [2023-02-10T16:25:49.786+0000] {dag.py:2690} INFO - Sync 1 DAGs
[2023-02-10T16:25:49.821+0000] {logging_mixin.py:137} INFO - [2023-02-10T16:25:49.821+0000] {dag.py:3441} INFO - Setting next_dagrun for latest_only to 2023-02-10T12:25:49.821051+00:00, run_after=2023-02-10T16:25:49.821051+00:00
[2023-02-10T16:25:49.848+0000] {processor.py:175} INFO - Processing /home/airflow/.local/lib/python3.7/site-packages/airflow/example_dags/example_latest_only.py took 0.125 seconds
[2023-02-10T16:26:20.023+0000] {processor.py:153} INFO - Started process (PID=2784) to work on /home/airflow/.local/lib/python3.7/site-packages/airflow/example_dags/example_latest_only.py
[2023-02-10T16:26:20.026+0000] {processor.py:743} INFO - Processing file /home/airflow/.local/lib/python3.7/site-packages/airflow/example_dags/example_latest_only.py for tasks to queue
[2023-02-10T16:26:20.027+0000] {logging_mixin.py:137} INFO - [2023-02-10T16:26:20.027+0000] {dagbag.py:538} INFO - Filling up the DagBag from /home/airflow/.local/lib/python3.7/site-packages/airflow/example_dags/example_latest_only.py
[2023-02-10T16:26:20.048+0000] {processor.py:753} INFO - DAG(s) dict_keys(['latest_only']) retrieved from /home/airflow/.local/lib/python3.7/site-packages/airflow/example_dags/example_latest_only.py
[2023-02-10T16:26:20.116+0000] {logging_mixin.py:137} INFO - [2023-02-10T16:26:20.116+0000] {dag.py:2690} INFO - Sync 1 DAGs
[2023-02-10T16:26:20.169+0000] {logging_mixin.py:137} INFO - [2023-02-10T16:26:20.168+0000] {dag.py:3441} INFO - Setting next_dagrun for latest_only to 2023-02-10T12:26:20.168493+00:00, run_after=2023-02-10T16:26:20.168493+00:00
[2023-02-10T16:26:20.205+0000] {processor.py:175} INFO - Processing /home/airflow/.local/lib/python3.7/site-packages/airflow/example_dags/example_latest_only.py took 0.187 seconds
[2023-02-10T16:26:50.634+0000] {processor.py:153} INFO - Started process (PID=2869) to work on /home/airflow/.local/lib/python3.7/site-packages/airflow/example_dags/example_latest_only.py
[2023-02-10T16:26:50.636+0000] {processor.py:743} INFO - Processing file /home/airflow/.local/lib/python3.7/site-packages/airflow/example_dags/example_latest_only.py for tasks to queue
[2023-02-10T16:26:50.638+0000] {logging_mixin.py:137} INFO - [2023-02-10T16:26:50.638+0000] {dagbag.py:538} INFO - Filling up the DagBag from /home/airflow/.local/lib/python3.7/site-packages/airflow/example_dags/example_latest_only.py
[2023-02-10T16:26:50.658+0000] {processor.py:753} INFO - DAG(s) dict_keys(['latest_only']) retrieved from /home/airflow/.local/lib/python3.7/site-packages/airflow/example_dags/example_latest_only.py
[2023-02-10T16:26:50.698+0000] {logging_mixin.py:137} INFO - [2023-02-10T16:26:50.697+0000] {dag.py:2690} INFO - Sync 1 DAGs
[2023-02-10T16:26:50.747+0000] {logging_mixin.py:137} INFO - [2023-02-10T16:26:50.747+0000] {dag.py:3441} INFO - Setting next_dagrun for latest_only to 2023-02-10T12:26:50.746688+00:00, run_after=2023-02-10T16:26:50.746688+00:00
[2023-02-10T16:26:50.784+0000] {processor.py:175} INFO - Processing /home/airflow/.local/lib/python3.7/site-packages/airflow/example_dags/example_latest_only.py took 0.155 seconds
[2023-02-10T16:27:21.521+0000] {processor.py:153} INFO - Started process (PID=2941) to work on /home/airflow/.local/lib/python3.7/site-packages/airflow/example_dags/example_latest_only.py
[2023-02-10T16:27:21.524+0000] {processor.py:743} INFO - Processing file /home/airflow/.local/lib/python3.7/site-packages/airflow/example_dags/example_latest_only.py for tasks to queue
[2023-02-10T16:27:21.528+0000] {logging_mixin.py:137} INFO - [2023-02-10T16:27:21.528+0000] {dagbag.py:538} INFO - Filling up the DagBag from /home/airflow/.local/lib/python3.7/site-packages/airflow/example_dags/example_latest_only.py
[2023-02-10T16:27:21.556+0000] {processor.py:753} INFO - DAG(s) dict_keys(['latest_only']) retrieved from /home/airflow/.local/lib/python3.7/site-packages/airflow/example_dags/example_latest_only.py
[2023-02-10T16:27:21.601+0000] {logging_mixin.py:137} INFO - [2023-02-10T16:27:21.600+0000] {dag.py:2690} INFO - Sync 1 DAGs
[2023-02-10T16:27:21.646+0000] {logging_mixin.py:137} INFO - [2023-02-10T16:27:21.646+0000] {dag.py:3441} INFO - Setting next_dagrun for latest_only to 2023-02-10T12:27:21.645780+00:00, run_after=2023-02-10T16:27:21.645780+00:00
[2023-02-10T16:27:21.681+0000] {processor.py:175} INFO - Processing /home/airflow/.local/lib/python3.7/site-packages/airflow/example_dags/example_latest_only.py took 0.168 seconds
[2023-02-10T16:27:52.298+0000] {processor.py:153} INFO - Started process (PID=3022) to work on /home/airflow/.local/lib/python3.7/site-packages/airflow/example_dags/example_latest_only.py
[2023-02-10T16:27:52.301+0000] {processor.py:743} INFO - Processing file /home/airflow/.local/lib/python3.7/site-packages/airflow/example_dags/example_latest_only.py for tasks to queue
[2023-02-10T16:27:52.303+0000] {logging_mixin.py:137} INFO - [2023-02-10T16:27:52.302+0000] {dagbag.py:538} INFO - Filling up the DagBag from /home/airflow/.local/lib/python3.7/site-packages/airflow/example_dags/example_latest_only.py
[2023-02-10T16:27:52.321+0000] {processor.py:753} INFO - DAG(s) dict_keys(['latest_only']) retrieved from /home/airflow/.local/lib/python3.7/site-packages/airflow/example_dags/example_latest_only.py
[2023-02-10T16:27:52.354+0000] {logging_mixin.py:137} INFO - [2023-02-10T16:27:52.354+0000] {dag.py:2690} INFO - Sync 1 DAGs
[2023-02-10T16:27:52.386+0000] {logging_mixin.py:137} INFO - [2023-02-10T16:27:52.386+0000] {dag.py:3441} INFO - Setting next_dagrun for latest_only to 2023-02-10T12:27:52.385709+00:00, run_after=2023-02-10T16:27:52.385709+00:00
[2023-02-10T16:27:52.410+0000] {processor.py:175} INFO - Processing /home/airflow/.local/lib/python3.7/site-packages/airflow/example_dags/example_latest_only.py took 0.117 seconds
[2023-02-10T16:28:22.850+0000] {processor.py:153} INFO - Started process (PID=3099) to work on /home/airflow/.local/lib/python3.7/site-packages/airflow/example_dags/example_latest_only.py
[2023-02-10T16:28:22.852+0000] {processor.py:743} INFO - Processing file /home/airflow/.local/lib/python3.7/site-packages/airflow/example_dags/example_latest_only.py for tasks to queue
[2023-02-10T16:28:22.854+0000] {logging_mixin.py:137} INFO - [2023-02-10T16:28:22.853+0000] {dagbag.py:538} INFO - Filling up the DagBag from /home/airflow/.local/lib/python3.7/site-packages/airflow/example_dags/example_latest_only.py
[2023-02-10T16:28:22.871+0000] {processor.py:753} INFO - DAG(s) dict_keys(['latest_only']) retrieved from /home/airflow/.local/lib/python3.7/site-packages/airflow/example_dags/example_latest_only.py
[2023-02-10T16:28:22.902+0000] {logging_mixin.py:137} INFO - [2023-02-10T16:28:22.902+0000] {dag.py:2690} INFO - Sync 1 DAGs
[2023-02-10T16:28:22.934+0000] {logging_mixin.py:137} INFO - [2023-02-10T16:28:22.934+0000] {dag.py:3441} INFO - Setting next_dagrun for latest_only to 2023-02-10T12:28:22.933882+00:00, run_after=2023-02-10T16:28:22.933882+00:00
[2023-02-10T16:28:22.958+0000] {processor.py:175} INFO - Processing /home/airflow/.local/lib/python3.7/site-packages/airflow/example_dags/example_latest_only.py took 0.113 seconds
[2023-02-10T16:28:53.487+0000] {processor.py:153} INFO - Started process (PID=3171) to work on /home/airflow/.local/lib/python3.7/site-packages/airflow/example_dags/example_latest_only.py
[2023-02-10T16:28:53.489+0000] {processor.py:743} INFO - Processing file /home/airflow/.local/lib/python3.7/site-packages/airflow/example_dags/example_latest_only.py for tasks to queue
[2023-02-10T16:28:53.491+0000] {logging_mixin.py:137} INFO - [2023-02-10T16:28:53.491+0000] {dagbag.py:538} INFO - Filling up the DagBag from /home/airflow/.local/lib/python3.7/site-packages/airflow/example_dags/example_latest_only.py
[2023-02-10T16:28:53.510+0000] {processor.py:753} INFO - DAG(s) dict_keys(['latest_only']) retrieved from /home/airflow/.local/lib/python3.7/site-packages/airflow/example_dags/example_latest_only.py
[2023-02-10T16:28:53.550+0000] {logging_mixin.py:137} INFO - [2023-02-10T16:28:53.549+0000] {dag.py:2690} INFO - Sync 1 DAGs
[2023-02-10T16:28:53.586+0000] {logging_mixin.py:137} INFO - [2023-02-10T16:28:53.585+0000] {dag.py:3441} INFO - Setting next_dagrun for latest_only to 2023-02-10T12:28:53.585471+00:00, run_after=2023-02-10T16:28:53.585471+00:00
[2023-02-10T16:28:53.619+0000] {processor.py:175} INFO - Processing /home/airflow/.local/lib/python3.7/site-packages/airflow/example_dags/example_latest_only.py took 0.136 seconds
[2023-02-10T16:29:24.186+0000] {processor.py:153} INFO - Started process (PID=3258) to work on /home/airflow/.local/lib/python3.7/site-packages/airflow/example_dags/example_latest_only.py
[2023-02-10T16:29:24.188+0000] {processor.py:743} INFO - Processing file /home/airflow/.local/lib/python3.7/site-packages/airflow/example_dags/example_latest_only.py for tasks to queue
[2023-02-10T16:29:24.191+0000] {logging_mixin.py:137} INFO - [2023-02-10T16:29:24.190+0000] {dagbag.py:538} INFO - Filling up the DagBag from /home/airflow/.local/lib/python3.7/site-packages/airflow/example_dags/example_latest_only.py
[2023-02-10T16:29:24.223+0000] {processor.py:753} INFO - DAG(s) dict_keys(['latest_only']) retrieved from /home/airflow/.local/lib/python3.7/site-packages/airflow/example_dags/example_latest_only.py
[2023-02-10T16:29:24.270+0000] {logging_mixin.py:137} INFO - [2023-02-10T16:29:24.270+0000] {dag.py:2690} INFO - Sync 1 DAGs
[2023-02-10T16:29:24.312+0000] {logging_mixin.py:137} INFO - [2023-02-10T16:29:24.311+0000] {dag.py:3441} INFO - Setting next_dagrun for latest_only to 2023-02-10T12:29:24.311317+00:00, run_after=2023-02-10T16:29:24.311317+00:00
[2023-02-10T16:29:24.345+0000] {processor.py:175} INFO - Processing /home/airflow/.local/lib/python3.7/site-packages/airflow/example_dags/example_latest_only.py took 0.166 seconds
[2023-02-10T16:29:54.417+0000] {processor.py:153} INFO - Started process (PID=3328) to work on /home/airflow/.local/lib/python3.7/site-packages/airflow/example_dags/example_latest_only.py
[2023-02-10T16:29:54.419+0000] {processor.py:743} INFO - Processing file /home/airflow/.local/lib/python3.7/site-packages/airflow/example_dags/example_latest_only.py for tasks to queue
[2023-02-10T16:29:54.421+0000] {logging_mixin.py:137} INFO - [2023-02-10T16:29:54.421+0000] {dagbag.py:538} INFO - Filling up the DagBag from /home/airflow/.local/lib/python3.7/site-packages/airflow/example_dags/example_latest_only.py
[2023-02-10T16:29:54.438+0000] {processor.py:753} INFO - DAG(s) dict_keys(['latest_only']) retrieved from /home/airflow/.local/lib/python3.7/site-packages/airflow/example_dags/example_latest_only.py
[2023-02-10T16:29:54.470+0000] {logging_mixin.py:137} INFO - [2023-02-10T16:29:54.470+0000] {dag.py:2690} INFO - Sync 1 DAGs
[2023-02-10T16:29:54.500+0000] {logging_mixin.py:137} INFO - [2023-02-10T16:29:54.499+0000] {dag.py:3441} INFO - Setting next_dagrun for latest_only to 2023-02-10T12:29:54.499718+00:00, run_after=2023-02-10T16:29:54.499718+00:00
[2023-02-10T16:29:54.521+0000] {processor.py:175} INFO - Processing /home/airflow/.local/lib/python3.7/site-packages/airflow/example_dags/example_latest_only.py took 0.109 seconds
[2023-02-10T16:30:25.143+0000] {processor.py:153} INFO - Started process (PID=3401) to work on /home/airflow/.local/lib/python3.7/site-packages/airflow/example_dags/example_latest_only.py
[2023-02-10T16:30:25.146+0000] {processor.py:743} INFO - Processing file /home/airflow/.local/lib/python3.7/site-packages/airflow/example_dags/example_latest_only.py for tasks to queue
[2023-02-10T16:30:25.147+0000] {logging_mixin.py:137} INFO - [2023-02-10T16:30:25.147+0000] {dagbag.py:538} INFO - Filling up the DagBag from /home/airflow/.local/lib/python3.7/site-packages/airflow/example_dags/example_latest_only.py
[2023-02-10T16:30:25.165+0000] {processor.py:753} INFO - DAG(s) dict_keys(['latest_only']) retrieved from /home/airflow/.local/lib/python3.7/site-packages/airflow/example_dags/example_latest_only.py
[2023-02-10T16:30:25.199+0000] {logging_mixin.py:137} INFO - [2023-02-10T16:30:25.199+0000] {dag.py:2690} INFO - Sync 1 DAGs
[2023-02-10T16:30:25.235+0000] {logging_mixin.py:137} INFO - [2023-02-10T16:30:25.235+0000] {dag.py:3441} INFO - Setting next_dagrun for latest_only to 2023-02-10T12:30:25.234757+00:00, run_after=2023-02-10T16:30:25.234757+00:00
[2023-02-10T16:30:25.262+0000] {processor.py:175} INFO - Processing /home/airflow/.local/lib/python3.7/site-packages/airflow/example_dags/example_latest_only.py took 0.124 seconds
[2023-02-10T16:30:55.669+0000] {processor.py:153} INFO - Started process (PID=3486) to work on /home/airflow/.local/lib/python3.7/site-packages/airflow/example_dags/example_latest_only.py
[2023-02-10T16:30:55.671+0000] {processor.py:743} INFO - Processing file /home/airflow/.local/lib/python3.7/site-packages/airflow/example_dags/example_latest_only.py for tasks to queue
[2023-02-10T16:30:55.673+0000] {logging_mixin.py:137} INFO - [2023-02-10T16:30:55.672+0000] {dagbag.py:538} INFO - Filling up the DagBag from /home/airflow/.local/lib/python3.7/site-packages/airflow/example_dags/example_latest_only.py
[2023-02-10T16:30:55.690+0000] {processor.py:753} INFO - DAG(s) dict_keys(['latest_only']) retrieved from /home/airflow/.local/lib/python3.7/site-packages/airflow/example_dags/example_latest_only.py
[2023-02-10T16:30:55.724+0000] {logging_mixin.py:137} INFO - [2023-02-10T16:30:55.724+0000] {dag.py:2690} INFO - Sync 1 DAGs
[2023-02-10T16:30:55.758+0000] {logging_mixin.py:137} INFO - [2023-02-10T16:30:55.758+0000] {dag.py:3441} INFO - Setting next_dagrun for latest_only to 2023-02-10T12:30:55.757746+00:00, run_after=2023-02-10T16:30:55.757746+00:00
[2023-02-10T16:30:55.782+0000] {processor.py:175} INFO - Processing /home/airflow/.local/lib/python3.7/site-packages/airflow/example_dags/example_latest_only.py took 0.118 seconds
[2023-02-10T16:31:26.300+0000] {processor.py:153} INFO - Started process (PID=3560) to work on /home/airflow/.local/lib/python3.7/site-packages/airflow/example_dags/example_latest_only.py
[2023-02-10T16:31:26.303+0000] {processor.py:743} INFO - Processing file /home/airflow/.local/lib/python3.7/site-packages/airflow/example_dags/example_latest_only.py for tasks to queue
[2023-02-10T16:31:26.304+0000] {logging_mixin.py:137} INFO - [2023-02-10T16:31:26.304+0000] {dagbag.py:538} INFO - Filling up the DagBag from /home/airflow/.local/lib/python3.7/site-packages/airflow/example_dags/example_latest_only.py
[2023-02-10T16:31:26.323+0000] {processor.py:753} INFO - DAG(s) dict_keys(['latest_only']) retrieved from /home/airflow/.local/lib/python3.7/site-packages/airflow/example_dags/example_latest_only.py
[2023-02-10T16:31:26.354+0000] {logging_mixin.py:137} INFO - [2023-02-10T16:31:26.354+0000] {dag.py:2690} INFO - Sync 1 DAGs
[2023-02-10T16:31:26.388+0000] {logging_mixin.py:137} INFO - [2023-02-10T16:31:26.388+0000] {dag.py:3441} INFO - Setting next_dagrun for latest_only to 2023-02-10T12:31:26.387966+00:00, run_after=2023-02-10T16:31:26.387966+00:00
[2023-02-10T16:31:26.414+0000] {processor.py:175} INFO - Processing /home/airflow/.local/lib/python3.7/site-packages/airflow/example_dags/example_latest_only.py took 0.118 seconds
[2023-02-10T16:31:56.689+0000] {processor.py:153} INFO - Started process (PID=3632) to work on /home/airflow/.local/lib/python3.7/site-packages/airflow/example_dags/example_latest_only.py
[2023-02-10T16:31:56.692+0000] {processor.py:743} INFO - Processing file /home/airflow/.local/lib/python3.7/site-packages/airflow/example_dags/example_latest_only.py for tasks to queue
[2023-02-10T16:31:56.694+0000] {logging_mixin.py:137} INFO - [2023-02-10T16:31:56.694+0000] {dagbag.py:538} INFO - Filling up the DagBag from /home/airflow/.local/lib/python3.7/site-packages/airflow/example_dags/example_latest_only.py
[2023-02-10T16:31:56.712+0000] {processor.py:753} INFO - DAG(s) dict_keys(['latest_only']) retrieved from /home/airflow/.local/lib/python3.7/site-packages/airflow/example_dags/example_latest_only.py
[2023-02-10T16:31:56.748+0000] {logging_mixin.py:137} INFO - [2023-02-10T16:31:56.748+0000] {dag.py:2690} INFO - Sync 1 DAGs
[2023-02-10T16:31:56.782+0000] {logging_mixin.py:137} INFO - [2023-02-10T16:31:56.782+0000] {dag.py:3441} INFO - Setting next_dagrun for latest_only to 2023-02-10T12:31:56.781748+00:00, run_after=2023-02-10T16:31:56.781748+00:00
[2023-02-10T16:31:56.806+0000] {processor.py:175} INFO - Processing /home/airflow/.local/lib/python3.7/site-packages/airflow/example_dags/example_latest_only.py took 0.122 seconds
[2023-02-10T16:32:27.317+0000] {processor.py:153} INFO - Started process (PID=3720) to work on /home/airflow/.local/lib/python3.7/site-packages/airflow/example_dags/example_latest_only.py
[2023-02-10T16:32:27.319+0000] {processor.py:743} INFO - Processing file /home/airflow/.local/lib/python3.7/site-packages/airflow/example_dags/example_latest_only.py for tasks to queue
[2023-02-10T16:32:27.321+0000] {logging_mixin.py:137} INFO - [2023-02-10T16:32:27.321+0000] {dagbag.py:538} INFO - Filling up the DagBag from /home/airflow/.local/lib/python3.7/site-packages/airflow/example_dags/example_latest_only.py
[2023-02-10T16:32:27.339+0000] {processor.py:753} INFO - DAG(s) dict_keys(['latest_only']) retrieved from /home/airflow/.local/lib/python3.7/site-packages/airflow/example_dags/example_latest_only.py
[2023-02-10T16:32:27.373+0000] {logging_mixin.py:137} INFO - [2023-02-10T16:32:27.373+0000] {dag.py:2690} INFO - Sync 1 DAGs
[2023-02-10T16:32:27.416+0000] {logging_mixin.py:137} INFO - [2023-02-10T16:32:27.416+0000] {dag.py:3441} INFO - Setting next_dagrun for latest_only to 2023-02-10T12:32:27.416065+00:00, run_after=2023-02-10T16:32:27.416065+00:00
[2023-02-10T16:32:27.444+0000] {processor.py:175} INFO - Processing /home/airflow/.local/lib/python3.7/site-packages/airflow/example_dags/example_latest_only.py took 0.133 seconds
[2023-02-10T16:32:58.235+0000] {processor.py:153} INFO - Started process (PID=3793) to work on /home/airflow/.local/lib/python3.7/site-packages/airflow/example_dags/example_latest_only.py
[2023-02-10T16:32:58.237+0000] {processor.py:743} INFO - Processing file /home/airflow/.local/lib/python3.7/site-packages/airflow/example_dags/example_latest_only.py for tasks to queue
[2023-02-10T16:32:58.239+0000] {logging_mixin.py:137} INFO - [2023-02-10T16:32:58.239+0000] {dagbag.py:538} INFO - Filling up the DagBag from /home/airflow/.local/lib/python3.7/site-packages/airflow/example_dags/example_latest_only.py
[2023-02-10T16:32:58.262+0000] {processor.py:753} INFO - DAG(s) dict_keys(['latest_only']) retrieved from /home/airflow/.local/lib/python3.7/site-packages/airflow/example_dags/example_latest_only.py
[2023-02-10T16:32:58.297+0000] {logging_mixin.py:137} INFO - [2023-02-10T16:32:58.297+0000] {dag.py:2690} INFO - Sync 1 DAGs
[2023-02-10T16:32:58.333+0000] {logging_mixin.py:137} INFO - [2023-02-10T16:32:58.333+0000] {dag.py:3441} INFO - Setting next_dagrun for latest_only to 2023-02-10T12:32:58.333227+00:00, run_after=2023-02-10T16:32:58.333227+00:00
[2023-02-10T16:32:58.361+0000] {processor.py:175} INFO - Processing /home/airflow/.local/lib/python3.7/site-packages/airflow/example_dags/example_latest_only.py took 0.131 seconds
