[2023-02-10T16:08:17.964+0000] {processor.py:153} INFO - Started process (PID=52) to work on /home/airflow/.local/lib/python3.7/site-packages/airflow/example_dags/example_dynamic_task_mapping.py
[2023-02-10T16:08:17.972+0000] {processor.py:743} INFO - Processing file /home/airflow/.local/lib/python3.7/site-packages/airflow/example_dags/example_dynamic_task_mapping.py for tasks to queue
[2023-02-10T16:08:17.989+0000] {logging_mixin.py:137} INFO - [2023-02-10T16:08:17.983+0000] {dagbag.py:538} INFO - Filling up the DagBag from /home/airflow/.local/lib/python3.7/site-packages/airflow/example_dags/example_dynamic_task_mapping.py
[2023-02-10T16:08:18.130+0000] {processor.py:753} INFO - DAG(s) dict_keys(['example_dynamic_task_mapping']) retrieved from /home/airflow/.local/lib/python3.7/site-packages/airflow/example_dags/example_dynamic_task_mapping.py
[2023-02-10T16:08:18.200+0000] {logging_mixin.py:137} INFO - [2023-02-10T16:08:18.199+0000] {dag.py:2690} INFO - Sync 1 DAGs
[2023-02-10T16:08:18.353+0000] {logging_mixin.py:137} INFO - [2023-02-10T16:08:18.353+0000] {dag.py:3441} INFO - Setting next_dagrun for example_dynamic_task_mapping to 2022-03-04T00:00:00+00:00, run_after=2022-03-05T00:00:00+00:00
[2023-02-10T16:08:18.449+0000] {processor.py:175} INFO - Processing /home/airflow/.local/lib/python3.7/site-packages/airflow/example_dags/example_dynamic_task_mapping.py took 0.542 seconds
[2023-02-10T16:08:48.980+0000] {processor.py:153} INFO - Started process (PID=128) to work on /home/airflow/.local/lib/python3.7/site-packages/airflow/example_dags/example_dynamic_task_mapping.py
[2023-02-10T16:08:48.982+0000] {processor.py:743} INFO - Processing file /home/airflow/.local/lib/python3.7/site-packages/airflow/example_dags/example_dynamic_task_mapping.py for tasks to queue
[2023-02-10T16:08:48.984+0000] {logging_mixin.py:137} INFO - [2023-02-10T16:08:48.984+0000] {dagbag.py:538} INFO - Filling up the DagBag from /home/airflow/.local/lib/python3.7/site-packages/airflow/example_dags/example_dynamic_task_mapping.py
[2023-02-10T16:08:49.013+0000] {processor.py:753} INFO - DAG(s) dict_keys(['example_dynamic_task_mapping']) retrieved from /home/airflow/.local/lib/python3.7/site-packages/airflow/example_dags/example_dynamic_task_mapping.py
[2023-02-10T16:08:49.044+0000] {logging_mixin.py:137} INFO - [2023-02-10T16:08:49.044+0000] {dag.py:2690} INFO - Sync 1 DAGs
[2023-02-10T16:08:49.075+0000] {logging_mixin.py:137} INFO - [2023-02-10T16:08:49.075+0000] {dag.py:3441} INFO - Setting next_dagrun for example_dynamic_task_mapping to 2022-03-04T00:00:00+00:00, run_after=2022-03-05T00:00:00+00:00
[2023-02-10T16:08:49.097+0000] {processor.py:175} INFO - Processing /home/airflow/.local/lib/python3.7/site-packages/airflow/example_dags/example_dynamic_task_mapping.py took 0.123 seconds
[2023-02-10T16:09:19.914+0000] {processor.py:153} INFO - Started process (PID=198) to work on /home/airflow/.local/lib/python3.7/site-packages/airflow/example_dags/example_dynamic_task_mapping.py
[2023-02-10T16:09:19.917+0000] {processor.py:743} INFO - Processing file /home/airflow/.local/lib/python3.7/site-packages/airflow/example_dags/example_dynamic_task_mapping.py for tasks to queue
[2023-02-10T16:09:19.919+0000] {logging_mixin.py:137} INFO - [2023-02-10T16:09:19.919+0000] {dagbag.py:538} INFO - Filling up the DagBag from /home/airflow/.local/lib/python3.7/site-packages/airflow/example_dags/example_dynamic_task_mapping.py
[2023-02-10T16:09:19.953+0000] {processor.py:753} INFO - DAG(s) dict_keys(['example_dynamic_task_mapping']) retrieved from /home/airflow/.local/lib/python3.7/site-packages/airflow/example_dags/example_dynamic_task_mapping.py
[2023-02-10T16:09:19.987+0000] {logging_mixin.py:137} INFO - [2023-02-10T16:09:19.987+0000] {dag.py:2690} INFO - Sync 1 DAGs
[2023-02-10T16:09:20.021+0000] {logging_mixin.py:137} INFO - [2023-02-10T16:09:20.020+0000] {dag.py:3441} INFO - Setting next_dagrun for example_dynamic_task_mapping to 2022-03-04T00:00:00+00:00, run_after=2022-03-05T00:00:00+00:00
[2023-02-10T16:09:20.046+0000] {processor.py:175} INFO - Processing /home/airflow/.local/lib/python3.7/site-packages/airflow/example_dags/example_dynamic_task_mapping.py took 0.137 seconds
[2023-02-10T16:09:50.681+0000] {processor.py:153} INFO - Started process (PID=269) to work on /home/airflow/.local/lib/python3.7/site-packages/airflow/example_dags/example_dynamic_task_mapping.py
[2023-02-10T16:09:50.692+0000] {processor.py:743} INFO - Processing file /home/airflow/.local/lib/python3.7/site-packages/airflow/example_dags/example_dynamic_task_mapping.py for tasks to queue
[2023-02-10T16:09:50.703+0000] {logging_mixin.py:137} INFO - [2023-02-10T16:09:50.701+0000] {dagbag.py:538} INFO - Filling up the DagBag from /home/airflow/.local/lib/python3.7/site-packages/airflow/example_dags/example_dynamic_task_mapping.py
[2023-02-10T16:09:50.803+0000] {processor.py:753} INFO - DAG(s) dict_keys(['example_dynamic_task_mapping']) retrieved from /home/airflow/.local/lib/python3.7/site-packages/airflow/example_dags/example_dynamic_task_mapping.py
[2023-02-10T16:09:50.897+0000] {logging_mixin.py:137} INFO - [2023-02-10T16:09:50.897+0000] {dag.py:2690} INFO - Sync 1 DAGs
[2023-02-10T16:09:50.960+0000] {logging_mixin.py:137} INFO - [2023-02-10T16:09:50.959+0000] {dag.py:3441} INFO - Setting next_dagrun for example_dynamic_task_mapping to 2022-03-04T00:00:00+00:00, run_after=2022-03-05T00:00:00+00:00
[2023-02-10T16:09:51.010+0000] {processor.py:175} INFO - Processing /home/airflow/.local/lib/python3.7/site-packages/airflow/example_dags/example_dynamic_task_mapping.py took 0.344 seconds
[2023-02-10T16:10:21.314+0000] {processor.py:153} INFO - Started process (PID=353) to work on /home/airflow/.local/lib/python3.7/site-packages/airflow/example_dags/example_dynamic_task_mapping.py
[2023-02-10T16:10:21.316+0000] {processor.py:743} INFO - Processing file /home/airflow/.local/lib/python3.7/site-packages/airflow/example_dags/example_dynamic_task_mapping.py for tasks to queue
[2023-02-10T16:10:21.318+0000] {logging_mixin.py:137} INFO - [2023-02-10T16:10:21.318+0000] {dagbag.py:538} INFO - Filling up the DagBag from /home/airflow/.local/lib/python3.7/site-packages/airflow/example_dags/example_dynamic_task_mapping.py
[2023-02-10T16:10:21.349+0000] {processor.py:753} INFO - DAG(s) dict_keys(['example_dynamic_task_mapping']) retrieved from /home/airflow/.local/lib/python3.7/site-packages/airflow/example_dags/example_dynamic_task_mapping.py
[2023-02-10T16:10:21.385+0000] {logging_mixin.py:137} INFO - [2023-02-10T16:10:21.385+0000] {dag.py:2690} INFO - Sync 1 DAGs
[2023-02-10T16:10:21.417+0000] {logging_mixin.py:137} INFO - [2023-02-10T16:10:21.417+0000] {dag.py:3441} INFO - Setting next_dagrun for example_dynamic_task_mapping to 2022-03-04T00:00:00+00:00, run_after=2022-03-05T00:00:00+00:00
[2023-02-10T16:10:21.440+0000] {processor.py:175} INFO - Processing /home/airflow/.local/lib/python3.7/site-packages/airflow/example_dags/example_dynamic_task_mapping.py took 0.130 seconds
[2023-02-10T16:10:52.093+0000] {processor.py:153} INFO - Started process (PID=423) to work on /home/airflow/.local/lib/python3.7/site-packages/airflow/example_dags/example_dynamic_task_mapping.py
[2023-02-10T16:10:52.095+0000] {processor.py:743} INFO - Processing file /home/airflow/.local/lib/python3.7/site-packages/airflow/example_dags/example_dynamic_task_mapping.py for tasks to queue
[2023-02-10T16:10:52.097+0000] {logging_mixin.py:137} INFO - [2023-02-10T16:10:52.097+0000] {dagbag.py:538} INFO - Filling up the DagBag from /home/airflow/.local/lib/python3.7/site-packages/airflow/example_dags/example_dynamic_task_mapping.py
[2023-02-10T16:10:52.146+0000] {processor.py:753} INFO - DAG(s) dict_keys(['example_dynamic_task_mapping']) retrieved from /home/airflow/.local/lib/python3.7/site-packages/airflow/example_dags/example_dynamic_task_mapping.py
[2023-02-10T16:10:52.200+0000] {logging_mixin.py:137} INFO - [2023-02-10T16:10:52.200+0000] {dag.py:2690} INFO - Sync 1 DAGs
[2023-02-10T16:10:52.242+0000] {logging_mixin.py:137} INFO - [2023-02-10T16:10:52.242+0000] {dag.py:3441} INFO - Setting next_dagrun for example_dynamic_task_mapping to 2022-03-04T00:00:00+00:00, run_after=2022-03-05T00:00:00+00:00
[2023-02-10T16:10:52.272+0000] {processor.py:175} INFO - Processing /home/airflow/.local/lib/python3.7/site-packages/airflow/example_dags/example_dynamic_task_mapping.py took 0.185 seconds
[2023-02-10T16:11:22.461+0000] {processor.py:153} INFO - Started process (PID=493) to work on /home/airflow/.local/lib/python3.7/site-packages/airflow/example_dags/example_dynamic_task_mapping.py
[2023-02-10T16:11:22.465+0000] {processor.py:743} INFO - Processing file /home/airflow/.local/lib/python3.7/site-packages/airflow/example_dags/example_dynamic_task_mapping.py for tasks to queue
[2023-02-10T16:11:22.468+0000] {logging_mixin.py:137} INFO - [2023-02-10T16:11:22.467+0000] {dagbag.py:538} INFO - Filling up the DagBag from /home/airflow/.local/lib/python3.7/site-packages/airflow/example_dags/example_dynamic_task_mapping.py
[2023-02-10T16:11:22.512+0000] {processor.py:753} INFO - DAG(s) dict_keys(['example_dynamic_task_mapping']) retrieved from /home/airflow/.local/lib/python3.7/site-packages/airflow/example_dags/example_dynamic_task_mapping.py
[2023-02-10T16:11:22.556+0000] {logging_mixin.py:137} INFO - [2023-02-10T16:11:22.556+0000] {dag.py:2690} INFO - Sync 1 DAGs
[2023-02-10T16:11:22.596+0000] {logging_mixin.py:137} INFO - [2023-02-10T16:11:22.596+0000] {dag.py:3441} INFO - Setting next_dagrun for example_dynamic_task_mapping to 2022-03-04T00:00:00+00:00, run_after=2022-03-05T00:00:00+00:00
[2023-02-10T16:11:22.628+0000] {processor.py:175} INFO - Processing /home/airflow/.local/lib/python3.7/site-packages/airflow/example_dags/example_dynamic_task_mapping.py took 0.174 seconds
[2023-02-10T16:11:52.987+0000] {processor.py:153} INFO - Started process (PID=577) to work on /home/airflow/.local/lib/python3.7/site-packages/airflow/example_dags/example_dynamic_task_mapping.py
[2023-02-10T16:11:52.990+0000] {processor.py:743} INFO - Processing file /home/airflow/.local/lib/python3.7/site-packages/airflow/example_dags/example_dynamic_task_mapping.py for tasks to queue
[2023-02-10T16:11:52.993+0000] {logging_mixin.py:137} INFO - [2023-02-10T16:11:52.992+0000] {dagbag.py:538} INFO - Filling up the DagBag from /home/airflow/.local/lib/python3.7/site-packages/airflow/example_dags/example_dynamic_task_mapping.py
[2023-02-10T16:11:53.026+0000] {processor.py:753} INFO - DAG(s) dict_keys(['example_dynamic_task_mapping']) retrieved from /home/airflow/.local/lib/python3.7/site-packages/airflow/example_dags/example_dynamic_task_mapping.py
[2023-02-10T16:11:53.068+0000] {logging_mixin.py:137} INFO - [2023-02-10T16:11:53.068+0000] {dag.py:2690} INFO - Sync 1 DAGs
[2023-02-10T16:11:53.112+0000] {logging_mixin.py:137} INFO - [2023-02-10T16:11:53.112+0000] {dag.py:3441} INFO - Setting next_dagrun for example_dynamic_task_mapping to 2022-03-04T00:00:00+00:00, run_after=2022-03-05T00:00:00+00:00
[2023-02-10T16:11:53.151+0000] {processor.py:175} INFO - Processing /home/airflow/.local/lib/python3.7/site-packages/airflow/example_dags/example_dynamic_task_mapping.py took 0.170 seconds
[2023-02-10T16:12:23.908+0000] {processor.py:153} INFO - Started process (PID=648) to work on /home/airflow/.local/lib/python3.7/site-packages/airflow/example_dags/example_dynamic_task_mapping.py
[2023-02-10T16:12:23.911+0000] {processor.py:743} INFO - Processing file /home/airflow/.local/lib/python3.7/site-packages/airflow/example_dags/example_dynamic_task_mapping.py for tasks to queue
[2023-02-10T16:12:23.912+0000] {logging_mixin.py:137} INFO - [2023-02-10T16:12:23.912+0000] {dagbag.py:538} INFO - Filling up the DagBag from /home/airflow/.local/lib/python3.7/site-packages/airflow/example_dags/example_dynamic_task_mapping.py
[2023-02-10T16:12:23.940+0000] {processor.py:753} INFO - DAG(s) dict_keys(['example_dynamic_task_mapping']) retrieved from /home/airflow/.local/lib/python3.7/site-packages/airflow/example_dags/example_dynamic_task_mapping.py
[2023-02-10T16:12:23.972+0000] {logging_mixin.py:137} INFO - [2023-02-10T16:12:23.972+0000] {dag.py:2690} INFO - Sync 1 DAGs
[2023-02-10T16:12:24.003+0000] {logging_mixin.py:137} INFO - [2023-02-10T16:12:24.003+0000] {dag.py:3441} INFO - Setting next_dagrun for example_dynamic_task_mapping to 2022-03-04T00:00:00+00:00, run_after=2022-03-05T00:00:00+00:00
[2023-02-10T16:12:24.026+0000] {processor.py:175} INFO - Processing /home/airflow/.local/lib/python3.7/site-packages/airflow/example_dags/example_dynamic_task_mapping.py took 0.123 seconds
[2023-02-10T16:12:54.544+0000] {processor.py:153} INFO - Started process (PID=724) to work on /home/airflow/.local/lib/python3.7/site-packages/airflow/example_dags/example_dynamic_task_mapping.py
[2023-02-10T16:12:54.554+0000] {processor.py:743} INFO - Processing file /home/airflow/.local/lib/python3.7/site-packages/airflow/example_dags/example_dynamic_task_mapping.py for tasks to queue
[2023-02-10T16:12:54.562+0000] {logging_mixin.py:137} INFO - [2023-02-10T16:12:54.560+0000] {dagbag.py:538} INFO - Filling up the DagBag from /home/airflow/.local/lib/python3.7/site-packages/airflow/example_dags/example_dynamic_task_mapping.py
[2023-02-10T16:12:54.635+0000] {processor.py:753} INFO - DAG(s) dict_keys(['example_dynamic_task_mapping']) retrieved from /home/airflow/.local/lib/python3.7/site-packages/airflow/example_dags/example_dynamic_task_mapping.py
[2023-02-10T16:12:54.732+0000] {logging_mixin.py:137} INFO - [2023-02-10T16:12:54.730+0000] {dag.py:2690} INFO - Sync 1 DAGs
[2023-02-10T16:12:54.826+0000] {logging_mixin.py:137} INFO - [2023-02-10T16:12:54.825+0000] {dag.py:3441} INFO - Setting next_dagrun for example_dynamic_task_mapping to 2022-03-04T00:00:00+00:00, run_after=2022-03-05T00:00:00+00:00
[2023-02-10T16:12:54.889+0000] {processor.py:175} INFO - Processing /home/airflow/.local/lib/python3.7/site-packages/airflow/example_dags/example_dynamic_task_mapping.py took 0.355 seconds
[2023-02-10T16:13:25.536+0000] {processor.py:153} INFO - Started process (PID=804) to work on /home/airflow/.local/lib/python3.7/site-packages/airflow/example_dags/example_dynamic_task_mapping.py
[2023-02-10T16:13:25.539+0000] {processor.py:743} INFO - Processing file /home/airflow/.local/lib/python3.7/site-packages/airflow/example_dags/example_dynamic_task_mapping.py for tasks to queue
[2023-02-10T16:13:25.541+0000] {logging_mixin.py:137} INFO - [2023-02-10T16:13:25.541+0000] {dagbag.py:538} INFO - Filling up the DagBag from /home/airflow/.local/lib/python3.7/site-packages/airflow/example_dags/example_dynamic_task_mapping.py
[2023-02-10T16:13:25.569+0000] {processor.py:753} INFO - DAG(s) dict_keys(['example_dynamic_task_mapping']) retrieved from /home/airflow/.local/lib/python3.7/site-packages/airflow/example_dags/example_dynamic_task_mapping.py
[2023-02-10T16:13:25.599+0000] {logging_mixin.py:137} INFO - [2023-02-10T16:13:25.599+0000] {dag.py:2690} INFO - Sync 1 DAGs
[2023-02-10T16:13:25.630+0000] {logging_mixin.py:137} INFO - [2023-02-10T16:13:25.630+0000] {dag.py:3441} INFO - Setting next_dagrun for example_dynamic_task_mapping to 2022-03-04T00:00:00+00:00, run_after=2022-03-05T00:00:00+00:00
[2023-02-10T16:13:25.653+0000] {processor.py:175} INFO - Processing /home/airflow/.local/lib/python3.7/site-packages/airflow/example_dags/example_dynamic_task_mapping.py took 0.124 seconds
[2023-02-10T16:13:55.988+0000] {processor.py:153} INFO - Started process (PID=876) to work on /home/airflow/.local/lib/python3.7/site-packages/airflow/example_dags/example_dynamic_task_mapping.py
[2023-02-10T16:13:55.991+0000] {processor.py:743} INFO - Processing file /home/airflow/.local/lib/python3.7/site-packages/airflow/example_dags/example_dynamic_task_mapping.py for tasks to queue
[2023-02-10T16:13:55.993+0000] {logging_mixin.py:137} INFO - [2023-02-10T16:13:55.993+0000] {dagbag.py:538} INFO - Filling up the DagBag from /home/airflow/.local/lib/python3.7/site-packages/airflow/example_dags/example_dynamic_task_mapping.py
[2023-02-10T16:13:56.030+0000] {processor.py:753} INFO - DAG(s) dict_keys(['example_dynamic_task_mapping']) retrieved from /home/airflow/.local/lib/python3.7/site-packages/airflow/example_dags/example_dynamic_task_mapping.py
[2023-02-10T16:13:56.064+0000] {logging_mixin.py:137} INFO - [2023-02-10T16:13:56.063+0000] {dag.py:2690} INFO - Sync 1 DAGs
[2023-02-10T16:13:56.102+0000] {logging_mixin.py:137} INFO - [2023-02-10T16:13:56.102+0000] {dag.py:3441} INFO - Setting next_dagrun for example_dynamic_task_mapping to 2022-03-04T00:00:00+00:00, run_after=2022-03-05T00:00:00+00:00
[2023-02-10T16:13:56.134+0000] {processor.py:175} INFO - Processing /home/airflow/.local/lib/python3.7/site-packages/airflow/example_dags/example_dynamic_task_mapping.py took 0.152 seconds
[2023-02-10T16:14:26.978+0000] {processor.py:153} INFO - Started process (PID=948) to work on /home/airflow/.local/lib/python3.7/site-packages/airflow/example_dags/example_dynamic_task_mapping.py
[2023-02-10T16:14:26.982+0000] {processor.py:743} INFO - Processing file /home/airflow/.local/lib/python3.7/site-packages/airflow/example_dags/example_dynamic_task_mapping.py for tasks to queue
[2023-02-10T16:14:26.985+0000] {logging_mixin.py:137} INFO - [2023-02-10T16:14:26.985+0000] {dagbag.py:538} INFO - Filling up the DagBag from /home/airflow/.local/lib/python3.7/site-packages/airflow/example_dags/example_dynamic_task_mapping.py
[2023-02-10T16:14:27.024+0000] {processor.py:753} INFO - DAG(s) dict_keys(['example_dynamic_task_mapping']) retrieved from /home/airflow/.local/lib/python3.7/site-packages/airflow/example_dags/example_dynamic_task_mapping.py
[2023-02-10T16:14:27.065+0000] {logging_mixin.py:137} INFO - [2023-02-10T16:14:27.065+0000] {dag.py:2690} INFO - Sync 1 DAGs
[2023-02-10T16:14:27.107+0000] {logging_mixin.py:137} INFO - [2023-02-10T16:14:27.106+0000] {dag.py:3441} INFO - Setting next_dagrun for example_dynamic_task_mapping to 2022-03-04T00:00:00+00:00, run_after=2022-03-05T00:00:00+00:00
[2023-02-10T16:14:27.142+0000] {processor.py:175} INFO - Processing /home/airflow/.local/lib/python3.7/site-packages/airflow/example_dags/example_dynamic_task_mapping.py took 0.170 seconds
[2023-02-10T16:14:57.384+0000] {processor.py:153} INFO - Started process (PID=1034) to work on /home/airflow/.local/lib/python3.7/site-packages/airflow/example_dags/example_dynamic_task_mapping.py
[2023-02-10T16:14:57.387+0000] {processor.py:743} INFO - Processing file /home/airflow/.local/lib/python3.7/site-packages/airflow/example_dags/example_dynamic_task_mapping.py for tasks to queue
[2023-02-10T16:14:57.389+0000] {logging_mixin.py:137} INFO - [2023-02-10T16:14:57.389+0000] {dagbag.py:538} INFO - Filling up the DagBag from /home/airflow/.local/lib/python3.7/site-packages/airflow/example_dags/example_dynamic_task_mapping.py
[2023-02-10T16:14:57.429+0000] {processor.py:753} INFO - DAG(s) dict_keys(['example_dynamic_task_mapping']) retrieved from /home/airflow/.local/lib/python3.7/site-packages/airflow/example_dags/example_dynamic_task_mapping.py
[2023-02-10T16:14:57.472+0000] {logging_mixin.py:137} INFO - [2023-02-10T16:14:57.472+0000] {dag.py:2690} INFO - Sync 1 DAGs
[2023-02-10T16:14:57.513+0000] {logging_mixin.py:137} INFO - [2023-02-10T16:14:57.513+0000] {dag.py:3441} INFO - Setting next_dagrun for example_dynamic_task_mapping to 2022-03-04T00:00:00+00:00, run_after=2022-03-05T00:00:00+00:00
[2023-02-10T16:14:57.543+0000] {processor.py:175} INFO - Processing /home/airflow/.local/lib/python3.7/site-packages/airflow/example_dags/example_dynamic_task_mapping.py took 0.164 seconds
[2023-02-10T16:15:27.861+0000] {processor.py:153} INFO - Started process (PID=1107) to work on /home/airflow/.local/lib/python3.7/site-packages/airflow/example_dags/example_dynamic_task_mapping.py
[2023-02-10T16:15:27.864+0000] {processor.py:743} INFO - Processing file /home/airflow/.local/lib/python3.7/site-packages/airflow/example_dags/example_dynamic_task_mapping.py for tasks to queue
[2023-02-10T16:15:27.866+0000] {logging_mixin.py:137} INFO - [2023-02-10T16:15:27.866+0000] {dagbag.py:538} INFO - Filling up the DagBag from /home/airflow/.local/lib/python3.7/site-packages/airflow/example_dags/example_dynamic_task_mapping.py
[2023-02-10T16:15:27.897+0000] {processor.py:753} INFO - DAG(s) dict_keys(['example_dynamic_task_mapping']) retrieved from /home/airflow/.local/lib/python3.7/site-packages/airflow/example_dags/example_dynamic_task_mapping.py
[2023-02-10T16:15:27.930+0000] {logging_mixin.py:137} INFO - [2023-02-10T16:15:27.930+0000] {dag.py:2690} INFO - Sync 1 DAGs
[2023-02-10T16:15:27.967+0000] {logging_mixin.py:137} INFO - [2023-02-10T16:15:27.967+0000] {dag.py:3441} INFO - Setting next_dagrun for example_dynamic_task_mapping to 2022-03-04T00:00:00+00:00, run_after=2022-03-05T00:00:00+00:00
[2023-02-10T16:15:27.993+0000] {processor.py:175} INFO - Processing /home/airflow/.local/lib/python3.7/site-packages/airflow/example_dags/example_dynamic_task_mapping.py took 0.138 seconds
[2023-02-10T16:15:58.706+0000] {processor.py:153} INFO - Started process (PID=1188) to work on /home/airflow/.local/lib/python3.7/site-packages/airflow/example_dags/example_dynamic_task_mapping.py
[2023-02-10T16:15:58.708+0000] {processor.py:743} INFO - Processing file /home/airflow/.local/lib/python3.7/site-packages/airflow/example_dags/example_dynamic_task_mapping.py for tasks to queue
[2023-02-10T16:15:58.711+0000] {logging_mixin.py:137} INFO - [2023-02-10T16:15:58.710+0000] {dagbag.py:538} INFO - Filling up the DagBag from /home/airflow/.local/lib/python3.7/site-packages/airflow/example_dags/example_dynamic_task_mapping.py
[2023-02-10T16:15:58.747+0000] {processor.py:753} INFO - DAG(s) dict_keys(['example_dynamic_task_mapping']) retrieved from /home/airflow/.local/lib/python3.7/site-packages/airflow/example_dags/example_dynamic_task_mapping.py
[2023-02-10T16:15:58.797+0000] {logging_mixin.py:137} INFO - [2023-02-10T16:15:58.797+0000] {dag.py:2690} INFO - Sync 1 DAGs
[2023-02-10T16:15:58.855+0000] {logging_mixin.py:137} INFO - [2023-02-10T16:15:58.855+0000] {dag.py:3441} INFO - Setting next_dagrun for example_dynamic_task_mapping to 2022-03-04T00:00:00+00:00, run_after=2022-03-05T00:00:00+00:00
[2023-02-10T16:15:58.886+0000] {processor.py:175} INFO - Processing /home/airflow/.local/lib/python3.7/site-packages/airflow/example_dags/example_dynamic_task_mapping.py took 0.187 seconds
[2023-02-10T16:16:29.152+0000] {processor.py:153} INFO - Started process (PID=1265) to work on /home/airflow/.local/lib/python3.7/site-packages/airflow/example_dags/example_dynamic_task_mapping.py
[2023-02-10T16:16:29.156+0000] {processor.py:743} INFO - Processing file /home/airflow/.local/lib/python3.7/site-packages/airflow/example_dags/example_dynamic_task_mapping.py for tasks to queue
[2023-02-10T16:16:29.158+0000] {logging_mixin.py:137} INFO - [2023-02-10T16:16:29.158+0000] {dagbag.py:538} INFO - Filling up the DagBag from /home/airflow/.local/lib/python3.7/site-packages/airflow/example_dags/example_dynamic_task_mapping.py
[2023-02-10T16:16:29.194+0000] {processor.py:753} INFO - DAG(s) dict_keys(['example_dynamic_task_mapping']) retrieved from /home/airflow/.local/lib/python3.7/site-packages/airflow/example_dags/example_dynamic_task_mapping.py
[2023-02-10T16:16:29.229+0000] {logging_mixin.py:137} INFO - [2023-02-10T16:16:29.229+0000] {dag.py:2690} INFO - Sync 1 DAGs
[2023-02-10T16:16:29.261+0000] {logging_mixin.py:137} INFO - [2023-02-10T16:16:29.261+0000] {dag.py:3441} INFO - Setting next_dagrun for example_dynamic_task_mapping to 2022-03-04T00:00:00+00:00, run_after=2022-03-05T00:00:00+00:00
[2023-02-10T16:16:29.283+0000] {processor.py:175} INFO - Processing /home/airflow/.local/lib/python3.7/site-packages/airflow/example_dags/example_dynamic_task_mapping.py took 0.137 seconds
[2023-02-10T16:16:59.847+0000] {processor.py:153} INFO - Started process (PID=1337) to work on /home/airflow/.local/lib/python3.7/site-packages/airflow/example_dags/example_dynamic_task_mapping.py
[2023-02-10T16:16:59.849+0000] {processor.py:743} INFO - Processing file /home/airflow/.local/lib/python3.7/site-packages/airflow/example_dags/example_dynamic_task_mapping.py for tasks to queue
[2023-02-10T16:16:59.851+0000] {logging_mixin.py:137} INFO - [2023-02-10T16:16:59.851+0000] {dagbag.py:538} INFO - Filling up the DagBag from /home/airflow/.local/lib/python3.7/site-packages/airflow/example_dags/example_dynamic_task_mapping.py
[2023-02-10T16:16:59.883+0000] {processor.py:753} INFO - DAG(s) dict_keys(['example_dynamic_task_mapping']) retrieved from /home/airflow/.local/lib/python3.7/site-packages/airflow/example_dags/example_dynamic_task_mapping.py
[2023-02-10T16:16:59.916+0000] {logging_mixin.py:137} INFO - [2023-02-10T16:16:59.916+0000] {dag.py:2690} INFO - Sync 1 DAGs
[2023-02-10T16:16:59.947+0000] {logging_mixin.py:137} INFO - [2023-02-10T16:16:59.947+0000] {dag.py:3441} INFO - Setting next_dagrun for example_dynamic_task_mapping to 2022-03-04T00:00:00+00:00, run_after=2022-03-05T00:00:00+00:00
[2023-02-10T16:16:59.969+0000] {processor.py:175} INFO - Processing /home/airflow/.local/lib/python3.7/site-packages/airflow/example_dags/example_dynamic_task_mapping.py took 0.128 seconds
[2023-02-10T16:17:30.636+0000] {processor.py:153} INFO - Started process (PID=1424) to work on /home/airflow/.local/lib/python3.7/site-packages/airflow/example_dags/example_dynamic_task_mapping.py
[2023-02-10T16:17:30.639+0000] {processor.py:743} INFO - Processing file /home/airflow/.local/lib/python3.7/site-packages/airflow/example_dags/example_dynamic_task_mapping.py for tasks to queue
[2023-02-10T16:17:30.642+0000] {logging_mixin.py:137} INFO - [2023-02-10T16:17:30.642+0000] {dagbag.py:538} INFO - Filling up the DagBag from /home/airflow/.local/lib/python3.7/site-packages/airflow/example_dags/example_dynamic_task_mapping.py
[2023-02-10T16:17:30.677+0000] {processor.py:753} INFO - DAG(s) dict_keys(['example_dynamic_task_mapping']) retrieved from /home/airflow/.local/lib/python3.7/site-packages/airflow/example_dags/example_dynamic_task_mapping.py
[2023-02-10T16:17:30.717+0000] {logging_mixin.py:137} INFO - [2023-02-10T16:17:30.716+0000] {dag.py:2690} INFO - Sync 1 DAGs
[2023-02-10T16:17:30.754+0000] {logging_mixin.py:137} INFO - [2023-02-10T16:17:30.754+0000] {dag.py:3441} INFO - Setting next_dagrun for example_dynamic_task_mapping to 2022-03-04T00:00:00+00:00, run_after=2022-03-05T00:00:00+00:00
[2023-02-10T16:17:30.780+0000] {processor.py:175} INFO - Processing /home/airflow/.local/lib/python3.7/site-packages/airflow/example_dags/example_dynamic_task_mapping.py took 0.151 seconds
[2023-02-10T16:18:01.157+0000] {processor.py:153} INFO - Started process (PID=1496) to work on /home/airflow/.local/lib/python3.7/site-packages/airflow/example_dags/example_dynamic_task_mapping.py
[2023-02-10T16:18:01.162+0000] {processor.py:743} INFO - Processing file /home/airflow/.local/lib/python3.7/site-packages/airflow/example_dags/example_dynamic_task_mapping.py for tasks to queue
[2023-02-10T16:18:01.166+0000] {logging_mixin.py:137} INFO - [2023-02-10T16:18:01.166+0000] {dagbag.py:538} INFO - Filling up the DagBag from /home/airflow/.local/lib/python3.7/site-packages/airflow/example_dags/example_dynamic_task_mapping.py
[2023-02-10T16:18:01.228+0000] {processor.py:753} INFO - DAG(s) dict_keys(['example_dynamic_task_mapping']) retrieved from /home/airflow/.local/lib/python3.7/site-packages/airflow/example_dags/example_dynamic_task_mapping.py
[2023-02-10T16:18:01.274+0000] {logging_mixin.py:137} INFO - [2023-02-10T16:18:01.274+0000] {dag.py:2690} INFO - Sync 1 DAGs
[2023-02-10T16:18:01.315+0000] {logging_mixin.py:137} INFO - [2023-02-10T16:18:01.314+0000] {dag.py:3441} INFO - Setting next_dagrun for example_dynamic_task_mapping to 2022-03-04T00:00:00+00:00, run_after=2022-03-05T00:00:00+00:00
[2023-02-10T16:18:01.341+0000] {processor.py:175} INFO - Processing /home/airflow/.local/lib/python3.7/site-packages/airflow/example_dags/example_dynamic_task_mapping.py took 0.196 seconds
[2023-02-10T16:18:31.769+0000] {processor.py:153} INFO - Started process (PID=1582) to work on /home/airflow/.local/lib/python3.7/site-packages/airflow/example_dags/example_dynamic_task_mapping.py
[2023-02-10T16:18:31.772+0000] {processor.py:743} INFO - Processing file /home/airflow/.local/lib/python3.7/site-packages/airflow/example_dags/example_dynamic_task_mapping.py for tasks to queue
[2023-02-10T16:18:31.773+0000] {logging_mixin.py:137} INFO - [2023-02-10T16:18:31.773+0000] {dagbag.py:538} INFO - Filling up the DagBag from /home/airflow/.local/lib/python3.7/site-packages/airflow/example_dags/example_dynamic_task_mapping.py
[2023-02-10T16:18:31.805+0000] {processor.py:753} INFO - DAG(s) dict_keys(['example_dynamic_task_mapping']) retrieved from /home/airflow/.local/lib/python3.7/site-packages/airflow/example_dags/example_dynamic_task_mapping.py
[2023-02-10T16:18:31.841+0000] {logging_mixin.py:137} INFO - [2023-02-10T16:18:31.841+0000] {dag.py:2690} INFO - Sync 1 DAGs
[2023-02-10T16:18:31.881+0000] {logging_mixin.py:137} INFO - [2023-02-10T16:18:31.881+0000] {dag.py:3441} INFO - Setting next_dagrun for example_dynamic_task_mapping to 2022-03-04T00:00:00+00:00, run_after=2022-03-05T00:00:00+00:00
[2023-02-10T16:18:31.906+0000] {processor.py:175} INFO - Processing /home/airflow/.local/lib/python3.7/site-packages/airflow/example_dags/example_dynamic_task_mapping.py took 0.142 seconds
[2023-02-10T16:19:02.466+0000] {processor.py:153} INFO - Started process (PID=1654) to work on /home/airflow/.local/lib/python3.7/site-packages/airflow/example_dags/example_dynamic_task_mapping.py
[2023-02-10T16:19:02.470+0000] {processor.py:743} INFO - Processing file /home/airflow/.local/lib/python3.7/site-packages/airflow/example_dags/example_dynamic_task_mapping.py for tasks to queue
[2023-02-10T16:19:02.471+0000] {logging_mixin.py:137} INFO - [2023-02-10T16:19:02.471+0000] {dagbag.py:538} INFO - Filling up the DagBag from /home/airflow/.local/lib/python3.7/site-packages/airflow/example_dags/example_dynamic_task_mapping.py
[2023-02-10T16:19:02.501+0000] {processor.py:753} INFO - DAG(s) dict_keys(['example_dynamic_task_mapping']) retrieved from /home/airflow/.local/lib/python3.7/site-packages/airflow/example_dags/example_dynamic_task_mapping.py
[2023-02-10T16:19:02.535+0000] {logging_mixin.py:137} INFO - [2023-02-10T16:19:02.535+0000] {dag.py:2690} INFO - Sync 1 DAGs
[2023-02-10T16:19:02.577+0000] {logging_mixin.py:137} INFO - [2023-02-10T16:19:02.577+0000] {dag.py:3441} INFO - Setting next_dagrun for example_dynamic_task_mapping to 2022-03-04T00:00:00+00:00, run_after=2022-03-05T00:00:00+00:00
[2023-02-10T16:19:02.616+0000] {processor.py:175} INFO - Processing /home/airflow/.local/lib/python3.7/site-packages/airflow/example_dags/example_dynamic_task_mapping.py took 0.156 seconds
[2023-02-10T16:19:33.158+0000] {processor.py:153} INFO - Started process (PID=1726) to work on /home/airflow/.local/lib/python3.7/site-packages/airflow/example_dags/example_dynamic_task_mapping.py
[2023-02-10T16:19:33.160+0000] {processor.py:743} INFO - Processing file /home/airflow/.local/lib/python3.7/site-packages/airflow/example_dags/example_dynamic_task_mapping.py for tasks to queue
[2023-02-10T16:19:33.163+0000] {logging_mixin.py:137} INFO - [2023-02-10T16:19:33.163+0000] {dagbag.py:538} INFO - Filling up the DagBag from /home/airflow/.local/lib/python3.7/site-packages/airflow/example_dags/example_dynamic_task_mapping.py
[2023-02-10T16:19:33.202+0000] {processor.py:753} INFO - DAG(s) dict_keys(['example_dynamic_task_mapping']) retrieved from /home/airflow/.local/lib/python3.7/site-packages/airflow/example_dags/example_dynamic_task_mapping.py
[2023-02-10T16:19:33.239+0000] {logging_mixin.py:137} INFO - [2023-02-10T16:19:33.239+0000] {dag.py:2690} INFO - Sync 1 DAGs
[2023-02-10T16:19:33.273+0000] {logging_mixin.py:137} INFO - [2023-02-10T16:19:33.273+0000] {dag.py:3441} INFO - Setting next_dagrun for example_dynamic_task_mapping to 2022-03-04T00:00:00+00:00, run_after=2022-03-05T00:00:00+00:00
[2023-02-10T16:19:33.296+0000] {processor.py:175} INFO - Processing /home/airflow/.local/lib/python3.7/site-packages/airflow/example_dags/example_dynamic_task_mapping.py took 0.144 seconds
[2023-02-10T16:20:03.459+0000] {processor.py:153} INFO - Started process (PID=1812) to work on /home/airflow/.local/lib/python3.7/site-packages/airflow/example_dags/example_dynamic_task_mapping.py
[2023-02-10T16:20:03.462+0000] {processor.py:743} INFO - Processing file /home/airflow/.local/lib/python3.7/site-packages/airflow/example_dags/example_dynamic_task_mapping.py for tasks to queue
[2023-02-10T16:20:03.465+0000] {logging_mixin.py:137} INFO - [2023-02-10T16:20:03.465+0000] {dagbag.py:538} INFO - Filling up the DagBag from /home/airflow/.local/lib/python3.7/site-packages/airflow/example_dags/example_dynamic_task_mapping.py
[2023-02-10T16:20:03.502+0000] {processor.py:753} INFO - DAG(s) dict_keys(['example_dynamic_task_mapping']) retrieved from /home/airflow/.local/lib/python3.7/site-packages/airflow/example_dags/example_dynamic_task_mapping.py
[2023-02-10T16:20:03.540+0000] {logging_mixin.py:137} INFO - [2023-02-10T16:20:03.540+0000] {dag.py:2690} INFO - Sync 1 DAGs
[2023-02-10T16:20:03.578+0000] {logging_mixin.py:137} INFO - [2023-02-10T16:20:03.578+0000] {dag.py:3441} INFO - Setting next_dagrun for example_dynamic_task_mapping to 2022-03-04T00:00:00+00:00, run_after=2022-03-05T00:00:00+00:00
[2023-02-10T16:20:03.605+0000] {processor.py:175} INFO - Processing /home/airflow/.local/lib/python3.7/site-packages/airflow/example_dags/example_dynamic_task_mapping.py took 0.153 seconds
[2023-02-10T16:20:33.829+0000] {processor.py:153} INFO - Started process (PID=1884) to work on /home/airflow/.local/lib/python3.7/site-packages/airflow/example_dags/example_dynamic_task_mapping.py
[2023-02-10T16:20:33.832+0000] {processor.py:743} INFO - Processing file /home/airflow/.local/lib/python3.7/site-packages/airflow/example_dags/example_dynamic_task_mapping.py for tasks to queue
[2023-02-10T16:20:33.835+0000] {logging_mixin.py:137} INFO - [2023-02-10T16:20:33.834+0000] {dagbag.py:538} INFO - Filling up the DagBag from /home/airflow/.local/lib/python3.7/site-packages/airflow/example_dags/example_dynamic_task_mapping.py
[2023-02-10T16:20:33.869+0000] {processor.py:753} INFO - DAG(s) dict_keys(['example_dynamic_task_mapping']) retrieved from /home/airflow/.local/lib/python3.7/site-packages/airflow/example_dags/example_dynamic_task_mapping.py
[2023-02-10T16:20:33.909+0000] {logging_mixin.py:137} INFO - [2023-02-10T16:20:33.908+0000] {dag.py:2690} INFO - Sync 1 DAGs
[2023-02-10T16:20:33.969+0000] {logging_mixin.py:137} INFO - [2023-02-10T16:20:33.969+0000] {dag.py:3441} INFO - Setting next_dagrun for example_dynamic_task_mapping to 2022-03-04T00:00:00+00:00, run_after=2022-03-05T00:00:00+00:00
[2023-02-10T16:20:34.026+0000] {processor.py:175} INFO - Processing /home/airflow/.local/lib/python3.7/site-packages/airflow/example_dags/example_dynamic_task_mapping.py took 0.204 seconds
[2023-02-10T16:21:04.871+0000] {processor.py:153} INFO - Started process (PID=1970) to work on /home/airflow/.local/lib/python3.7/site-packages/airflow/example_dags/example_dynamic_task_mapping.py
[2023-02-10T16:21:04.873+0000] {processor.py:743} INFO - Processing file /home/airflow/.local/lib/python3.7/site-packages/airflow/example_dags/example_dynamic_task_mapping.py for tasks to queue
[2023-02-10T16:21:04.875+0000] {logging_mixin.py:137} INFO - [2023-02-10T16:21:04.875+0000] {dagbag.py:538} INFO - Filling up the DagBag from /home/airflow/.local/lib/python3.7/site-packages/airflow/example_dags/example_dynamic_task_mapping.py
[2023-02-10T16:21:04.908+0000] {processor.py:753} INFO - DAG(s) dict_keys(['example_dynamic_task_mapping']) retrieved from /home/airflow/.local/lib/python3.7/site-packages/airflow/example_dags/example_dynamic_task_mapping.py
[2023-02-10T16:21:04.946+0000] {logging_mixin.py:137} INFO - [2023-02-10T16:21:04.946+0000] {dag.py:2690} INFO - Sync 1 DAGs
[2023-02-10T16:21:05.047+0000] {logging_mixin.py:137} INFO - [2023-02-10T16:21:05.047+0000] {dag.py:3441} INFO - Setting next_dagrun for example_dynamic_task_mapping to 2022-03-04T00:00:00+00:00, run_after=2022-03-05T00:00:00+00:00
[2023-02-10T16:21:05.134+0000] {processor.py:175} INFO - Processing /home/airflow/.local/lib/python3.7/site-packages/airflow/example_dags/example_dynamic_task_mapping.py took 0.270 seconds
[2023-02-10T16:21:35.638+0000] {processor.py:153} INFO - Started process (PID=2042) to work on /home/airflow/.local/lib/python3.7/site-packages/airflow/example_dags/example_dynamic_task_mapping.py
[2023-02-10T16:21:35.641+0000] {processor.py:743} INFO - Processing file /home/airflow/.local/lib/python3.7/site-packages/airflow/example_dags/example_dynamic_task_mapping.py for tasks to queue
[2023-02-10T16:21:35.644+0000] {logging_mixin.py:137} INFO - [2023-02-10T16:21:35.644+0000] {dagbag.py:538} INFO - Filling up the DagBag from /home/airflow/.local/lib/python3.7/site-packages/airflow/example_dags/example_dynamic_task_mapping.py
[2023-02-10T16:21:35.679+0000] {processor.py:753} INFO - DAG(s) dict_keys(['example_dynamic_task_mapping']) retrieved from /home/airflow/.local/lib/python3.7/site-packages/airflow/example_dags/example_dynamic_task_mapping.py
[2023-02-10T16:21:35.721+0000] {logging_mixin.py:137} INFO - [2023-02-10T16:21:35.721+0000] {dag.py:2690} INFO - Sync 1 DAGs
[2023-02-10T16:21:35.763+0000] {logging_mixin.py:137} INFO - [2023-02-10T16:21:35.763+0000] {dag.py:3441} INFO - Setting next_dagrun for example_dynamic_task_mapping to 2022-03-04T00:00:00+00:00, run_after=2022-03-05T00:00:00+00:00
[2023-02-10T16:21:35.795+0000] {processor.py:175} INFO - Processing /home/airflow/.local/lib/python3.7/site-packages/airflow/example_dags/example_dynamic_task_mapping.py took 0.166 seconds
[2023-02-10T16:22:06.044+0000] {processor.py:153} INFO - Started process (PID=2122) to work on /home/airflow/.local/lib/python3.7/site-packages/airflow/example_dags/example_dynamic_task_mapping.py
[2023-02-10T16:22:06.047+0000] {processor.py:743} INFO - Processing file /home/airflow/.local/lib/python3.7/site-packages/airflow/example_dags/example_dynamic_task_mapping.py for tasks to queue
[2023-02-10T16:22:06.049+0000] {logging_mixin.py:137} INFO - [2023-02-10T16:22:06.049+0000] {dagbag.py:538} INFO - Filling up the DagBag from /home/airflow/.local/lib/python3.7/site-packages/airflow/example_dags/example_dynamic_task_mapping.py
[2023-02-10T16:22:06.078+0000] {processor.py:753} INFO - DAG(s) dict_keys(['example_dynamic_task_mapping']) retrieved from /home/airflow/.local/lib/python3.7/site-packages/airflow/example_dags/example_dynamic_task_mapping.py
[2023-02-10T16:22:06.118+0000] {logging_mixin.py:137} INFO - [2023-02-10T16:22:06.118+0000] {dag.py:2690} INFO - Sync 1 DAGs
[2023-02-10T16:22:06.152+0000] {logging_mixin.py:137} INFO - [2023-02-10T16:22:06.152+0000] {dag.py:3441} INFO - Setting next_dagrun for example_dynamic_task_mapping to 2022-03-04T00:00:00+00:00, run_after=2022-03-05T00:00:00+00:00
[2023-02-10T16:22:06.197+0000] {processor.py:175} INFO - Processing /home/airflow/.local/lib/python3.7/site-packages/airflow/example_dags/example_dynamic_task_mapping.py took 0.158 seconds
[2023-02-10T16:22:36.397+0000] {processor.py:153} INFO - Started process (PID=2201) to work on /home/airflow/.local/lib/python3.7/site-packages/airflow/example_dags/example_dynamic_task_mapping.py
[2023-02-10T16:22:36.400+0000] {processor.py:743} INFO - Processing file /home/airflow/.local/lib/python3.7/site-packages/airflow/example_dags/example_dynamic_task_mapping.py for tasks to queue
[2023-02-10T16:22:36.402+0000] {logging_mixin.py:137} INFO - [2023-02-10T16:22:36.401+0000] {dagbag.py:538} INFO - Filling up the DagBag from /home/airflow/.local/lib/python3.7/site-packages/airflow/example_dags/example_dynamic_task_mapping.py
[2023-02-10T16:22:36.429+0000] {processor.py:753} INFO - DAG(s) dict_keys(['example_dynamic_task_mapping']) retrieved from /home/airflow/.local/lib/python3.7/site-packages/airflow/example_dags/example_dynamic_task_mapping.py
[2023-02-10T16:22:36.460+0000] {logging_mixin.py:137} INFO - [2023-02-10T16:22:36.460+0000] {dag.py:2690} INFO - Sync 1 DAGs
[2023-02-10T16:22:36.500+0000] {logging_mixin.py:137} INFO - [2023-02-10T16:22:36.500+0000] {dag.py:3441} INFO - Setting next_dagrun for example_dynamic_task_mapping to 2022-03-04T00:00:00+00:00, run_after=2022-03-05T00:00:00+00:00
[2023-02-10T16:22:36.520+0000] {processor.py:175} INFO - Processing /home/airflow/.local/lib/python3.7/site-packages/airflow/example_dags/example_dynamic_task_mapping.py took 0.128 seconds
[2023-02-10T16:23:06.624+0000] {processor.py:153} INFO - Started process (PID=2274) to work on /home/airflow/.local/lib/python3.7/site-packages/airflow/example_dags/example_dynamic_task_mapping.py
[2023-02-10T16:23:06.627+0000] {processor.py:743} INFO - Processing file /home/airflow/.local/lib/python3.7/site-packages/airflow/example_dags/example_dynamic_task_mapping.py for tasks to queue
[2023-02-10T16:23:06.630+0000] {logging_mixin.py:137} INFO - [2023-02-10T16:23:06.630+0000] {dagbag.py:538} INFO - Filling up the DagBag from /home/airflow/.local/lib/python3.7/site-packages/airflow/example_dags/example_dynamic_task_mapping.py
[2023-02-10T16:23:06.661+0000] {processor.py:753} INFO - DAG(s) dict_keys(['example_dynamic_task_mapping']) retrieved from /home/airflow/.local/lib/python3.7/site-packages/airflow/example_dags/example_dynamic_task_mapping.py
[2023-02-10T16:23:06.695+0000] {logging_mixin.py:137} INFO - [2023-02-10T16:23:06.695+0000] {dag.py:2690} INFO - Sync 1 DAGs
[2023-02-10T16:23:06.731+0000] {logging_mixin.py:137} INFO - [2023-02-10T16:23:06.730+0000] {dag.py:3441} INFO - Setting next_dagrun for example_dynamic_task_mapping to 2022-03-04T00:00:00+00:00, run_after=2022-03-05T00:00:00+00:00
[2023-02-10T16:23:06.755+0000] {processor.py:175} INFO - Processing /home/airflow/.local/lib/python3.7/site-packages/airflow/example_dags/example_dynamic_task_mapping.py took 0.137 seconds
[2023-02-10T16:23:37.388+0000] {processor.py:153} INFO - Started process (PID=2361) to work on /home/airflow/.local/lib/python3.7/site-packages/airflow/example_dags/example_dynamic_task_mapping.py
[2023-02-10T16:23:37.391+0000] {processor.py:743} INFO - Processing file /home/airflow/.local/lib/python3.7/site-packages/airflow/example_dags/example_dynamic_task_mapping.py for tasks to queue
[2023-02-10T16:23:37.394+0000] {logging_mixin.py:137} INFO - [2023-02-10T16:23:37.394+0000] {dagbag.py:538} INFO - Filling up the DagBag from /home/airflow/.local/lib/python3.7/site-packages/airflow/example_dags/example_dynamic_task_mapping.py
[2023-02-10T16:23:37.433+0000] {processor.py:753} INFO - DAG(s) dict_keys(['example_dynamic_task_mapping']) retrieved from /home/airflow/.local/lib/python3.7/site-packages/airflow/example_dags/example_dynamic_task_mapping.py
[2023-02-10T16:23:37.486+0000] {logging_mixin.py:137} INFO - [2023-02-10T16:23:37.486+0000] {dag.py:2690} INFO - Sync 1 DAGs
[2023-02-10T16:23:37.548+0000] {logging_mixin.py:137} INFO - [2023-02-10T16:23:37.548+0000] {dag.py:3441} INFO - Setting next_dagrun for example_dynamic_task_mapping to 2022-03-04T00:00:00+00:00, run_after=2022-03-05T00:00:00+00:00
[2023-02-10T16:23:37.592+0000] {processor.py:175} INFO - Processing /home/airflow/.local/lib/python3.7/site-packages/airflow/example_dags/example_dynamic_task_mapping.py took 0.213 seconds
[2023-02-10T16:24:07.823+0000] {processor.py:153} INFO - Started process (PID=2434) to work on /home/airflow/.local/lib/python3.7/site-packages/airflow/example_dags/example_dynamic_task_mapping.py
[2023-02-10T16:24:07.827+0000] {processor.py:743} INFO - Processing file /home/airflow/.local/lib/python3.7/site-packages/airflow/example_dags/example_dynamic_task_mapping.py for tasks to queue
[2023-02-10T16:24:07.830+0000] {logging_mixin.py:137} INFO - [2023-02-10T16:24:07.830+0000] {dagbag.py:538} INFO - Filling up the DagBag from /home/airflow/.local/lib/python3.7/site-packages/airflow/example_dags/example_dynamic_task_mapping.py
[2023-02-10T16:24:07.866+0000] {processor.py:753} INFO - DAG(s) dict_keys(['example_dynamic_task_mapping']) retrieved from /home/airflow/.local/lib/python3.7/site-packages/airflow/example_dags/example_dynamic_task_mapping.py
[2023-02-10T16:24:07.908+0000] {logging_mixin.py:137} INFO - [2023-02-10T16:24:07.908+0000] {dag.py:2690} INFO - Sync 1 DAGs
[2023-02-10T16:24:07.942+0000] {logging_mixin.py:137} INFO - [2023-02-10T16:24:07.941+0000] {dag.py:3441} INFO - Setting next_dagrun for example_dynamic_task_mapping to 2022-03-04T00:00:00+00:00, run_after=2022-03-05T00:00:00+00:00
[2023-02-10T16:24:07.965+0000] {processor.py:175} INFO - Processing /home/airflow/.local/lib/python3.7/site-packages/airflow/example_dags/example_dynamic_task_mapping.py took 0.152 seconds
[2023-02-10T16:24:38.061+0000] {processor.py:153} INFO - Started process (PID=2505) to work on /home/airflow/.local/lib/python3.7/site-packages/airflow/example_dags/example_dynamic_task_mapping.py
[2023-02-10T16:24:38.065+0000] {processor.py:743} INFO - Processing file /home/airflow/.local/lib/python3.7/site-packages/airflow/example_dags/example_dynamic_task_mapping.py for tasks to queue
[2023-02-10T16:24:38.067+0000] {logging_mixin.py:137} INFO - [2023-02-10T16:24:38.067+0000] {dagbag.py:538} INFO - Filling up the DagBag from /home/airflow/.local/lib/python3.7/site-packages/airflow/example_dags/example_dynamic_task_mapping.py
[2023-02-10T16:24:38.104+0000] {processor.py:753} INFO - DAG(s) dict_keys(['example_dynamic_task_mapping']) retrieved from /home/airflow/.local/lib/python3.7/site-packages/airflow/example_dags/example_dynamic_task_mapping.py
[2023-02-10T16:24:38.148+0000] {logging_mixin.py:137} INFO - [2023-02-10T16:24:38.148+0000] {dag.py:2690} INFO - Sync 1 DAGs
[2023-02-10T16:24:38.192+0000] {logging_mixin.py:137} INFO - [2023-02-10T16:24:38.192+0000] {dag.py:3441} INFO - Setting next_dagrun for example_dynamic_task_mapping to 2022-03-04T00:00:00+00:00, run_after=2022-03-05T00:00:00+00:00
[2023-02-10T16:24:38.228+0000] {processor.py:175} INFO - Processing /home/airflow/.local/lib/python3.7/site-packages/airflow/example_dags/example_dynamic_task_mapping.py took 0.173 seconds
[2023-02-10T16:25:08.455+0000] {processor.py:153} INFO - Started process (PID=2591) to work on /home/airflow/.local/lib/python3.7/site-packages/airflow/example_dags/example_dynamic_task_mapping.py
[2023-02-10T16:25:08.459+0000] {processor.py:743} INFO - Processing file /home/airflow/.local/lib/python3.7/site-packages/airflow/example_dags/example_dynamic_task_mapping.py for tasks to queue
[2023-02-10T16:25:08.462+0000] {logging_mixin.py:137} INFO - [2023-02-10T16:25:08.461+0000] {dagbag.py:538} INFO - Filling up the DagBag from /home/airflow/.local/lib/python3.7/site-packages/airflow/example_dags/example_dynamic_task_mapping.py
[2023-02-10T16:25:08.504+0000] {processor.py:753} INFO - DAG(s) dict_keys(['example_dynamic_task_mapping']) retrieved from /home/airflow/.local/lib/python3.7/site-packages/airflow/example_dags/example_dynamic_task_mapping.py
[2023-02-10T16:25:08.559+0000] {logging_mixin.py:137} INFO - [2023-02-10T16:25:08.558+0000] {dag.py:2690} INFO - Sync 1 DAGs
[2023-02-10T16:25:08.597+0000] {logging_mixin.py:137} INFO - [2023-02-10T16:25:08.597+0000] {dag.py:3441} INFO - Setting next_dagrun for example_dynamic_task_mapping to 2022-03-04T00:00:00+00:00, run_after=2022-03-05T00:00:00+00:00
[2023-02-10T16:25:08.624+0000] {processor.py:175} INFO - Processing /home/airflow/.local/lib/python3.7/site-packages/airflow/example_dags/example_dynamic_task_mapping.py took 0.175 seconds
[2023-02-10T16:25:38.888+0000] {processor.py:153} INFO - Started process (PID=2663) to work on /home/airflow/.local/lib/python3.7/site-packages/airflow/example_dags/example_dynamic_task_mapping.py
[2023-02-10T16:25:38.892+0000] {processor.py:743} INFO - Processing file /home/airflow/.local/lib/python3.7/site-packages/airflow/example_dags/example_dynamic_task_mapping.py for tasks to queue
[2023-02-10T16:25:38.896+0000] {logging_mixin.py:137} INFO - [2023-02-10T16:25:38.896+0000] {dagbag.py:538} INFO - Filling up the DagBag from /home/airflow/.local/lib/python3.7/site-packages/airflow/example_dags/example_dynamic_task_mapping.py
[2023-02-10T16:25:38.933+0000] {processor.py:753} INFO - DAG(s) dict_keys(['example_dynamic_task_mapping']) retrieved from /home/airflow/.local/lib/python3.7/site-packages/airflow/example_dags/example_dynamic_task_mapping.py
[2023-02-10T16:25:38.977+0000] {logging_mixin.py:137} INFO - [2023-02-10T16:25:38.977+0000] {dag.py:2690} INFO - Sync 1 DAGs
[2023-02-10T16:25:39.017+0000] {logging_mixin.py:137} INFO - [2023-02-10T16:25:39.017+0000] {dag.py:3441} INFO - Setting next_dagrun for example_dynamic_task_mapping to 2022-03-04T00:00:00+00:00, run_after=2022-03-05T00:00:00+00:00
[2023-02-10T16:25:39.043+0000] {processor.py:175} INFO - Processing /home/airflow/.local/lib/python3.7/site-packages/airflow/example_dags/example_dynamic_task_mapping.py took 0.165 seconds
[2023-02-10T16:26:09.514+0000] {processor.py:153} INFO - Started process (PID=2735) to work on /home/airflow/.local/lib/python3.7/site-packages/airflow/example_dags/example_dynamic_task_mapping.py
[2023-02-10T16:26:09.518+0000] {processor.py:743} INFO - Processing file /home/airflow/.local/lib/python3.7/site-packages/airflow/example_dags/example_dynamic_task_mapping.py for tasks to queue
[2023-02-10T16:26:09.521+0000] {logging_mixin.py:137} INFO - [2023-02-10T16:26:09.521+0000] {dagbag.py:538} INFO - Filling up the DagBag from /home/airflow/.local/lib/python3.7/site-packages/airflow/example_dags/example_dynamic_task_mapping.py
[2023-02-10T16:26:09.566+0000] {processor.py:753} INFO - DAG(s) dict_keys(['example_dynamic_task_mapping']) retrieved from /home/airflow/.local/lib/python3.7/site-packages/airflow/example_dags/example_dynamic_task_mapping.py
[2023-02-10T16:26:09.626+0000] {logging_mixin.py:137} INFO - [2023-02-10T16:26:09.626+0000] {dag.py:2690} INFO - Sync 1 DAGs
[2023-02-10T16:26:09.707+0000] {logging_mixin.py:137} INFO - [2023-02-10T16:26:09.706+0000] {dag.py:3441} INFO - Setting next_dagrun for example_dynamic_task_mapping to 2022-03-04T00:00:00+00:00, run_after=2022-03-05T00:00:00+00:00
[2023-02-10T16:26:09.746+0000] {processor.py:175} INFO - Processing /home/airflow/.local/lib/python3.7/site-packages/airflow/example_dags/example_dynamic_task_mapping.py took 0.240 seconds
[2023-02-10T16:26:39.952+0000] {processor.py:153} INFO - Started process (PID=2822) to work on /home/airflow/.local/lib/python3.7/site-packages/airflow/example_dags/example_dynamic_task_mapping.py
[2023-02-10T16:26:39.955+0000] {processor.py:743} INFO - Processing file /home/airflow/.local/lib/python3.7/site-packages/airflow/example_dags/example_dynamic_task_mapping.py for tasks to queue
[2023-02-10T16:26:39.957+0000] {logging_mixin.py:137} INFO - [2023-02-10T16:26:39.957+0000] {dagbag.py:538} INFO - Filling up the DagBag from /home/airflow/.local/lib/python3.7/site-packages/airflow/example_dags/example_dynamic_task_mapping.py
[2023-02-10T16:26:39.992+0000] {processor.py:753} INFO - DAG(s) dict_keys(['example_dynamic_task_mapping']) retrieved from /home/airflow/.local/lib/python3.7/site-packages/airflow/example_dags/example_dynamic_task_mapping.py
[2023-02-10T16:26:40.026+0000] {logging_mixin.py:137} INFO - [2023-02-10T16:26:40.026+0000] {dag.py:2690} INFO - Sync 1 DAGs
[2023-02-10T16:26:40.062+0000] {logging_mixin.py:137} INFO - [2023-02-10T16:26:40.061+0000] {dag.py:3441} INFO - Setting next_dagrun for example_dynamic_task_mapping to 2022-03-04T00:00:00+00:00, run_after=2022-03-05T00:00:00+00:00
[2023-02-10T16:26:40.093+0000] {processor.py:175} INFO - Processing /home/airflow/.local/lib/python3.7/site-packages/airflow/example_dags/example_dynamic_task_mapping.py took 0.147 seconds
[2023-02-10T16:27:10.521+0000] {processor.py:153} INFO - Started process (PID=2893) to work on /home/airflow/.local/lib/python3.7/site-packages/airflow/example_dags/example_dynamic_task_mapping.py
[2023-02-10T16:27:10.524+0000] {processor.py:743} INFO - Processing file /home/airflow/.local/lib/python3.7/site-packages/airflow/example_dags/example_dynamic_task_mapping.py for tasks to queue
[2023-02-10T16:27:10.527+0000] {logging_mixin.py:137} INFO - [2023-02-10T16:27:10.527+0000] {dagbag.py:538} INFO - Filling up the DagBag from /home/airflow/.local/lib/python3.7/site-packages/airflow/example_dags/example_dynamic_task_mapping.py
[2023-02-10T16:27:10.569+0000] {processor.py:753} INFO - DAG(s) dict_keys(['example_dynamic_task_mapping']) retrieved from /home/airflow/.local/lib/python3.7/site-packages/airflow/example_dags/example_dynamic_task_mapping.py
[2023-02-10T16:27:10.616+0000] {logging_mixin.py:137} INFO - [2023-02-10T16:27:10.616+0000] {dag.py:2690} INFO - Sync 1 DAGs
[2023-02-10T16:27:10.659+0000] {logging_mixin.py:137} INFO - [2023-02-10T16:27:10.659+0000] {dag.py:3441} INFO - Setting next_dagrun for example_dynamic_task_mapping to 2022-03-04T00:00:00+00:00, run_after=2022-03-05T00:00:00+00:00
[2023-02-10T16:27:10.690+0000] {processor.py:175} INFO - Processing /home/airflow/.local/lib/python3.7/site-packages/airflow/example_dags/example_dynamic_task_mapping.py took 0.176 seconds
[2023-02-10T16:27:40.931+0000] {processor.py:153} INFO - Started process (PID=2979) to work on /home/airflow/.local/lib/python3.7/site-packages/airflow/example_dags/example_dynamic_task_mapping.py
[2023-02-10T16:27:40.933+0000] {processor.py:743} INFO - Processing file /home/airflow/.local/lib/python3.7/site-packages/airflow/example_dags/example_dynamic_task_mapping.py for tasks to queue
[2023-02-10T16:27:40.935+0000] {logging_mixin.py:137} INFO - [2023-02-10T16:27:40.935+0000] {dagbag.py:538} INFO - Filling up the DagBag from /home/airflow/.local/lib/python3.7/site-packages/airflow/example_dags/example_dynamic_task_mapping.py
[2023-02-10T16:27:40.960+0000] {processor.py:753} INFO - DAG(s) dict_keys(['example_dynamic_task_mapping']) retrieved from /home/airflow/.local/lib/python3.7/site-packages/airflow/example_dags/example_dynamic_task_mapping.py
[2023-02-10T16:27:40.995+0000] {logging_mixin.py:137} INFO - [2023-02-10T16:27:40.995+0000] {dag.py:2690} INFO - Sync 1 DAGs
[2023-02-10T16:27:41.032+0000] {logging_mixin.py:137} INFO - [2023-02-10T16:27:41.032+0000] {dag.py:3441} INFO - Setting next_dagrun for example_dynamic_task_mapping to 2022-03-04T00:00:00+00:00, run_after=2022-03-05T00:00:00+00:00
[2023-02-10T16:27:41.054+0000] {processor.py:175} INFO - Processing /home/airflow/.local/lib/python3.7/site-packages/airflow/example_dags/example_dynamic_task_mapping.py took 0.128 seconds
[2023-02-10T16:28:11.495+0000] {processor.py:153} INFO - Started process (PID=3051) to work on /home/airflow/.local/lib/python3.7/site-packages/airflow/example_dags/example_dynamic_task_mapping.py
[2023-02-10T16:28:11.497+0000] {processor.py:743} INFO - Processing file /home/airflow/.local/lib/python3.7/site-packages/airflow/example_dags/example_dynamic_task_mapping.py for tasks to queue
[2023-02-10T16:28:11.499+0000] {logging_mixin.py:137} INFO - [2023-02-10T16:28:11.499+0000] {dagbag.py:538} INFO - Filling up the DagBag from /home/airflow/.local/lib/python3.7/site-packages/airflow/example_dags/example_dynamic_task_mapping.py
[2023-02-10T16:28:11.533+0000] {processor.py:753} INFO - DAG(s) dict_keys(['example_dynamic_task_mapping']) retrieved from /home/airflow/.local/lib/python3.7/site-packages/airflow/example_dags/example_dynamic_task_mapping.py
[2023-02-10T16:28:11.571+0000] {logging_mixin.py:137} INFO - [2023-02-10T16:28:11.571+0000] {dag.py:2690} INFO - Sync 1 DAGs
[2023-02-10T16:28:11.606+0000] {logging_mixin.py:137} INFO - [2023-02-10T16:28:11.606+0000] {dag.py:3441} INFO - Setting next_dagrun for example_dynamic_task_mapping to 2022-03-04T00:00:00+00:00, run_after=2022-03-05T00:00:00+00:00
[2023-02-10T16:28:11.631+0000] {processor.py:175} INFO - Processing /home/airflow/.local/lib/python3.7/site-packages/airflow/example_dags/example_dynamic_task_mapping.py took 0.142 seconds
[2023-02-10T16:28:42.022+0000] {processor.py:153} INFO - Started process (PID=3123) to work on /home/airflow/.local/lib/python3.7/site-packages/airflow/example_dags/example_dynamic_task_mapping.py
[2023-02-10T16:28:42.025+0000] {processor.py:743} INFO - Processing file /home/airflow/.local/lib/python3.7/site-packages/airflow/example_dags/example_dynamic_task_mapping.py for tasks to queue
[2023-02-10T16:28:42.027+0000] {logging_mixin.py:137} INFO - [2023-02-10T16:28:42.027+0000] {dagbag.py:538} INFO - Filling up the DagBag from /home/airflow/.local/lib/python3.7/site-packages/airflow/example_dags/example_dynamic_task_mapping.py
[2023-02-10T16:28:42.053+0000] {processor.py:753} INFO - DAG(s) dict_keys(['example_dynamic_task_mapping']) retrieved from /home/airflow/.local/lib/python3.7/site-packages/airflow/example_dags/example_dynamic_task_mapping.py
[2023-02-10T16:28:42.084+0000] {logging_mixin.py:137} INFO - [2023-02-10T16:28:42.084+0000] {dag.py:2690} INFO - Sync 1 DAGs
[2023-02-10T16:28:42.120+0000] {logging_mixin.py:137} INFO - [2023-02-10T16:28:42.120+0000] {dag.py:3441} INFO - Setting next_dagrun for example_dynamic_task_mapping to 2022-03-04T00:00:00+00:00, run_after=2022-03-05T00:00:00+00:00
[2023-02-10T16:28:42.157+0000] {processor.py:175} INFO - Processing /home/airflow/.local/lib/python3.7/site-packages/airflow/example_dags/example_dynamic_task_mapping.py took 0.139 seconds
[2023-02-10T16:29:12.423+0000] {processor.py:153} INFO - Started process (PID=3210) to work on /home/airflow/.local/lib/python3.7/site-packages/airflow/example_dags/example_dynamic_task_mapping.py
[2023-02-10T16:29:12.426+0000] {processor.py:743} INFO - Processing file /home/airflow/.local/lib/python3.7/site-packages/airflow/example_dags/example_dynamic_task_mapping.py for tasks to queue
[2023-02-10T16:29:12.427+0000] {logging_mixin.py:137} INFO - [2023-02-10T16:29:12.427+0000] {dagbag.py:538} INFO - Filling up the DagBag from /home/airflow/.local/lib/python3.7/site-packages/airflow/example_dags/example_dynamic_task_mapping.py
[2023-02-10T16:29:12.459+0000] {processor.py:753} INFO - DAG(s) dict_keys(['example_dynamic_task_mapping']) retrieved from /home/airflow/.local/lib/python3.7/site-packages/airflow/example_dags/example_dynamic_task_mapping.py
[2023-02-10T16:29:12.491+0000] {logging_mixin.py:137} INFO - [2023-02-10T16:29:12.491+0000] {dag.py:2690} INFO - Sync 1 DAGs
[2023-02-10T16:29:12.524+0000] {logging_mixin.py:137} INFO - [2023-02-10T16:29:12.523+0000] {dag.py:3441} INFO - Setting next_dagrun for example_dynamic_task_mapping to 2022-03-04T00:00:00+00:00, run_after=2022-03-05T00:00:00+00:00
[2023-02-10T16:29:12.548+0000] {processor.py:175} INFO - Processing /home/airflow/.local/lib/python3.7/site-packages/airflow/example_dags/example_dynamic_task_mapping.py took 0.131 seconds
[2023-02-10T16:29:43.443+0000] {processor.py:153} INFO - Started process (PID=3281) to work on /home/airflow/.local/lib/python3.7/site-packages/airflow/example_dags/example_dynamic_task_mapping.py
[2023-02-10T16:29:43.446+0000] {processor.py:743} INFO - Processing file /home/airflow/.local/lib/python3.7/site-packages/airflow/example_dags/example_dynamic_task_mapping.py for tasks to queue
[2023-02-10T16:29:43.448+0000] {logging_mixin.py:137} INFO - [2023-02-10T16:29:43.448+0000] {dagbag.py:538} INFO - Filling up the DagBag from /home/airflow/.local/lib/python3.7/site-packages/airflow/example_dags/example_dynamic_task_mapping.py
[2023-02-10T16:29:43.480+0000] {processor.py:753} INFO - DAG(s) dict_keys(['example_dynamic_task_mapping']) retrieved from /home/airflow/.local/lib/python3.7/site-packages/airflow/example_dags/example_dynamic_task_mapping.py
[2023-02-10T16:29:43.513+0000] {logging_mixin.py:137} INFO - [2023-02-10T16:29:43.512+0000] {dag.py:2690} INFO - Sync 1 DAGs
[2023-02-10T16:29:43.543+0000] {logging_mixin.py:137} INFO - [2023-02-10T16:29:43.543+0000] {dag.py:3441} INFO - Setting next_dagrun for example_dynamic_task_mapping to 2022-03-04T00:00:00+00:00, run_after=2022-03-05T00:00:00+00:00
[2023-02-10T16:29:43.568+0000] {processor.py:175} INFO - Processing /home/airflow/.local/lib/python3.7/site-packages/airflow/example_dags/example_dynamic_task_mapping.py took 0.130 seconds
[2023-02-10T16:30:13.816+0000] {processor.py:153} INFO - Started process (PID=3367) to work on /home/airflow/.local/lib/python3.7/site-packages/airflow/example_dags/example_dynamic_task_mapping.py
[2023-02-10T16:30:13.820+0000] {processor.py:743} INFO - Processing file /home/airflow/.local/lib/python3.7/site-packages/airflow/example_dags/example_dynamic_task_mapping.py for tasks to queue
[2023-02-10T16:30:13.824+0000] {logging_mixin.py:137} INFO - [2023-02-10T16:30:13.824+0000] {dagbag.py:538} INFO - Filling up the DagBag from /home/airflow/.local/lib/python3.7/site-packages/airflow/example_dags/example_dynamic_task_mapping.py
[2023-02-10T16:30:13.867+0000] {processor.py:753} INFO - DAG(s) dict_keys(['example_dynamic_task_mapping']) retrieved from /home/airflow/.local/lib/python3.7/site-packages/airflow/example_dags/example_dynamic_task_mapping.py
[2023-02-10T16:30:13.909+0000] {logging_mixin.py:137} INFO - [2023-02-10T16:30:13.908+0000] {dag.py:2690} INFO - Sync 1 DAGs
[2023-02-10T16:30:13.950+0000] {logging_mixin.py:137} INFO - [2023-02-10T16:30:13.950+0000] {dag.py:3441} INFO - Setting next_dagrun for example_dynamic_task_mapping to 2022-03-04T00:00:00+00:00, run_after=2022-03-05T00:00:00+00:00
[2023-02-10T16:30:13.990+0000] {processor.py:175} INFO - Processing /home/airflow/.local/lib/python3.7/site-packages/airflow/example_dags/example_dynamic_task_mapping.py took 0.182 seconds
[2023-02-10T16:30:44.355+0000] {processor.py:153} INFO - Started process (PID=3438) to work on /home/airflow/.local/lib/python3.7/site-packages/airflow/example_dags/example_dynamic_task_mapping.py
[2023-02-10T16:30:44.359+0000] {processor.py:743} INFO - Processing file /home/airflow/.local/lib/python3.7/site-packages/airflow/example_dags/example_dynamic_task_mapping.py for tasks to queue
[2023-02-10T16:30:44.360+0000] {logging_mixin.py:137} INFO - [2023-02-10T16:30:44.360+0000] {dagbag.py:538} INFO - Filling up the DagBag from /home/airflow/.local/lib/python3.7/site-packages/airflow/example_dags/example_dynamic_task_mapping.py
[2023-02-10T16:30:44.391+0000] {processor.py:753} INFO - DAG(s) dict_keys(['example_dynamic_task_mapping']) retrieved from /home/airflow/.local/lib/python3.7/site-packages/airflow/example_dags/example_dynamic_task_mapping.py
[2023-02-10T16:30:44.426+0000] {logging_mixin.py:137} INFO - [2023-02-10T16:30:44.425+0000] {dag.py:2690} INFO - Sync 1 DAGs
[2023-02-10T16:30:44.459+0000] {logging_mixin.py:137} INFO - [2023-02-10T16:30:44.459+0000] {dag.py:3441} INFO - Setting next_dagrun for example_dynamic_task_mapping to 2022-03-04T00:00:00+00:00, run_after=2022-03-05T00:00:00+00:00
[2023-02-10T16:30:44.486+0000] {processor.py:175} INFO - Processing /home/airflow/.local/lib/python3.7/site-packages/airflow/example_dags/example_dynamic_task_mapping.py took 0.136 seconds
[2023-02-10T16:31:14.820+0000] {processor.py:153} INFO - Started process (PID=3512) to work on /home/airflow/.local/lib/python3.7/site-packages/airflow/example_dags/example_dynamic_task_mapping.py
[2023-02-10T16:31:14.823+0000] {processor.py:743} INFO - Processing file /home/airflow/.local/lib/python3.7/site-packages/airflow/example_dags/example_dynamic_task_mapping.py for tasks to queue
[2023-02-10T16:31:14.825+0000] {logging_mixin.py:137} INFO - [2023-02-10T16:31:14.825+0000] {dagbag.py:538} INFO - Filling up the DagBag from /home/airflow/.local/lib/python3.7/site-packages/airflow/example_dags/example_dynamic_task_mapping.py
[2023-02-10T16:31:14.858+0000] {processor.py:753} INFO - DAG(s) dict_keys(['example_dynamic_task_mapping']) retrieved from /home/airflow/.local/lib/python3.7/site-packages/airflow/example_dags/example_dynamic_task_mapping.py
[2023-02-10T16:31:14.893+0000] {logging_mixin.py:137} INFO - [2023-02-10T16:31:14.893+0000] {dag.py:2690} INFO - Sync 1 DAGs
[2023-02-10T16:31:14.930+0000] {logging_mixin.py:137} INFO - [2023-02-10T16:31:14.930+0000] {dag.py:3441} INFO - Setting next_dagrun for example_dynamic_task_mapping to 2022-03-04T00:00:00+00:00, run_after=2022-03-05T00:00:00+00:00
[2023-02-10T16:31:14.956+0000] {processor.py:175} INFO - Processing /home/airflow/.local/lib/python3.7/site-packages/airflow/example_dags/example_dynamic_task_mapping.py took 0.144 seconds
[2023-02-10T16:31:45.283+0000] {processor.py:153} INFO - Started process (PID=3593) to work on /home/airflow/.local/lib/python3.7/site-packages/airflow/example_dags/example_dynamic_task_mapping.py
[2023-02-10T16:31:45.286+0000] {processor.py:743} INFO - Processing file /home/airflow/.local/lib/python3.7/site-packages/airflow/example_dags/example_dynamic_task_mapping.py for tasks to queue
[2023-02-10T16:31:45.289+0000] {logging_mixin.py:137} INFO - [2023-02-10T16:31:45.289+0000] {dagbag.py:538} INFO - Filling up the DagBag from /home/airflow/.local/lib/python3.7/site-packages/airflow/example_dags/example_dynamic_task_mapping.py
[2023-02-10T16:31:45.344+0000] {processor.py:753} INFO - DAG(s) dict_keys(['example_dynamic_task_mapping']) retrieved from /home/airflow/.local/lib/python3.7/site-packages/airflow/example_dags/example_dynamic_task_mapping.py
[2023-02-10T16:31:45.399+0000] {logging_mixin.py:137} INFO - [2023-02-10T16:31:45.399+0000] {dag.py:2690} INFO - Sync 1 DAGs
[2023-02-10T16:31:45.432+0000] {logging_mixin.py:137} INFO - [2023-02-10T16:31:45.432+0000] {dag.py:3441} INFO - Setting next_dagrun for example_dynamic_task_mapping to 2022-03-04T00:00:00+00:00, run_after=2022-03-05T00:00:00+00:00
[2023-02-10T16:31:45.458+0000] {processor.py:175} INFO - Processing /home/airflow/.local/lib/python3.7/site-packages/airflow/example_dags/example_dynamic_task_mapping.py took 0.182 seconds
[2023-02-10T16:32:15.617+0000] {processor.py:153} INFO - Started process (PID=3671) to work on /home/airflow/.local/lib/python3.7/site-packages/airflow/example_dags/example_dynamic_task_mapping.py
[2023-02-10T16:32:15.620+0000] {processor.py:743} INFO - Processing file /home/airflow/.local/lib/python3.7/site-packages/airflow/example_dags/example_dynamic_task_mapping.py for tasks to queue
[2023-02-10T16:32:15.623+0000] {logging_mixin.py:137} INFO - [2023-02-10T16:32:15.622+0000] {dagbag.py:538} INFO - Filling up the DagBag from /home/airflow/.local/lib/python3.7/site-packages/airflow/example_dags/example_dynamic_task_mapping.py
[2023-02-10T16:32:15.657+0000] {processor.py:753} INFO - DAG(s) dict_keys(['example_dynamic_task_mapping']) retrieved from /home/airflow/.local/lib/python3.7/site-packages/airflow/example_dags/example_dynamic_task_mapping.py
[2023-02-10T16:32:15.691+0000] {logging_mixin.py:137} INFO - [2023-02-10T16:32:15.691+0000] {dag.py:2690} INFO - Sync 1 DAGs
[2023-02-10T16:32:15.724+0000] {logging_mixin.py:137} INFO - [2023-02-10T16:32:15.724+0000] {dag.py:3441} INFO - Setting next_dagrun for example_dynamic_task_mapping to 2022-03-04T00:00:00+00:00, run_after=2022-03-05T00:00:00+00:00
[2023-02-10T16:32:15.746+0000] {processor.py:175} INFO - Processing /home/airflow/.local/lib/python3.7/site-packages/airflow/example_dags/example_dynamic_task_mapping.py took 0.134 seconds
[2023-02-10T16:32:45.833+0000] {processor.py:153} INFO - Started process (PID=3744) to work on /home/airflow/.local/lib/python3.7/site-packages/airflow/example_dags/example_dynamic_task_mapping.py
[2023-02-10T16:32:45.835+0000] {processor.py:743} INFO - Processing file /home/airflow/.local/lib/python3.7/site-packages/airflow/example_dags/example_dynamic_task_mapping.py for tasks to queue
[2023-02-10T16:32:45.837+0000] {logging_mixin.py:137} INFO - [2023-02-10T16:32:45.837+0000] {dagbag.py:538} INFO - Filling up the DagBag from /home/airflow/.local/lib/python3.7/site-packages/airflow/example_dags/example_dynamic_task_mapping.py
[2023-02-10T16:32:45.871+0000] {processor.py:753} INFO - DAG(s) dict_keys(['example_dynamic_task_mapping']) retrieved from /home/airflow/.local/lib/python3.7/site-packages/airflow/example_dags/example_dynamic_task_mapping.py
[2023-02-10T16:32:45.909+0000] {logging_mixin.py:137} INFO - [2023-02-10T16:32:45.908+0000] {dag.py:2690} INFO - Sync 1 DAGs
[2023-02-10T16:32:45.946+0000] {logging_mixin.py:137} INFO - [2023-02-10T16:32:45.946+0000] {dag.py:3441} INFO - Setting next_dagrun for example_dynamic_task_mapping to 2022-03-04T00:00:00+00:00, run_after=2022-03-05T00:00:00+00:00
[2023-02-10T16:32:45.985+0000] {processor.py:175} INFO - Processing /home/airflow/.local/lib/python3.7/site-packages/airflow/example_dags/example_dynamic_task_mapping.py took 0.158 seconds
[2023-02-10T16:33:16.920+0000] {processor.py:153} INFO - Started process (PID=3830) to work on /home/airflow/.local/lib/python3.7/site-packages/airflow/example_dags/example_dynamic_task_mapping.py
[2023-02-10T16:33:16.926+0000] {processor.py:743} INFO - Processing file /home/airflow/.local/lib/python3.7/site-packages/airflow/example_dags/example_dynamic_task_mapping.py for tasks to queue
[2023-02-10T16:33:16.933+0000] {logging_mixin.py:137} INFO - [2023-02-10T16:33:16.933+0000] {dagbag.py:538} INFO - Filling up the DagBag from /home/airflow/.local/lib/python3.7/site-packages/airflow/example_dags/example_dynamic_task_mapping.py
[2023-02-10T16:33:17.012+0000] {processor.py:753} INFO - DAG(s) dict_keys(['example_dynamic_task_mapping']) retrieved from /home/airflow/.local/lib/python3.7/site-packages/airflow/example_dags/example_dynamic_task_mapping.py
[2023-02-10T16:33:17.070+0000] {logging_mixin.py:137} INFO - [2023-02-10T16:33:17.070+0000] {dag.py:2690} INFO - Sync 1 DAGs
[2023-02-10T16:33:17.127+0000] {logging_mixin.py:137} INFO - [2023-02-10T16:33:17.126+0000] {dag.py:3441} INFO - Setting next_dagrun for example_dynamic_task_mapping to 2022-03-04T00:00:00+00:00, run_after=2022-03-05T00:00:00+00:00
[2023-02-10T16:33:17.182+0000] {processor.py:175} INFO - Processing /home/airflow/.local/lib/python3.7/site-packages/airflow/example_dags/example_dynamic_task_mapping.py took 0.278 seconds
