[2023-02-10T16:08:20.231+0000] {processor.py:153} INFO - Started process (PID=64) to work on /home/airflow/.local/lib/python3.7/site-packages/airflow/example_dags/example_external_task_marker_dag.py
[2023-02-10T16:08:20.255+0000] {processor.py:743} INFO - Processing file /home/airflow/.local/lib/python3.7/site-packages/airflow/example_dags/example_external_task_marker_dag.py for tasks to queue
[2023-02-10T16:08:20.267+0000] {logging_mixin.py:137} INFO - [2023-02-10T16:08:20.266+0000] {dagbag.py:538} INFO - Filling up the DagBag from /home/airflow/.local/lib/python3.7/site-packages/airflow/example_dags/example_external_task_marker_dag.py
[2023-02-10T16:08:20.365+0000] {processor.py:753} INFO - DAG(s) dict_keys(['example_external_task_marker_child', 'example_external_task_marker_parent']) retrieved from /home/airflow/.local/lib/python3.7/site-packages/airflow/example_dags/example_external_task_marker_dag.py
[2023-02-10T16:08:20.448+0000] {logging_mixin.py:137} INFO - [2023-02-10T16:08:20.447+0000] {dag.py:2690} INFO - Sync 2 DAGs
[2023-02-10T16:08:20.594+0000] {logging_mixin.py:137} INFO - [2023-02-10T16:08:20.593+0000] {dag.py:3441} INFO - Setting next_dagrun for example_external_task_marker_child to None, run_after=None
[2023-02-10T16:08:20.611+0000] {logging_mixin.py:137} INFO - [2023-02-10T16:08:20.611+0000] {dag.py:3441} INFO - Setting next_dagrun for example_external_task_marker_parent to None, run_after=None
[2023-02-10T16:08:20.679+0000] {processor.py:175} INFO - Processing /home/airflow/.local/lib/python3.7/site-packages/airflow/example_dags/example_external_task_marker_dag.py took 0.495 seconds
[2023-02-10T16:08:51.624+0000] {processor.py:153} INFO - Started process (PID=135) to work on /home/airflow/.local/lib/python3.7/site-packages/airflow/example_dags/example_external_task_marker_dag.py
[2023-02-10T16:08:51.627+0000] {processor.py:743} INFO - Processing file /home/airflow/.local/lib/python3.7/site-packages/airflow/example_dags/example_external_task_marker_dag.py for tasks to queue
[2023-02-10T16:08:51.629+0000] {logging_mixin.py:137} INFO - [2023-02-10T16:08:51.629+0000] {dagbag.py:538} INFO - Filling up the DagBag from /home/airflow/.local/lib/python3.7/site-packages/airflow/example_dags/example_external_task_marker_dag.py
[2023-02-10T16:08:51.649+0000] {processor.py:753} INFO - DAG(s) dict_keys(['example_external_task_marker_parent', 'example_external_task_marker_child']) retrieved from /home/airflow/.local/lib/python3.7/site-packages/airflow/example_dags/example_external_task_marker_dag.py
[2023-02-10T16:08:51.686+0000] {logging_mixin.py:137} INFO - [2023-02-10T16:08:51.686+0000] {dag.py:2690} INFO - Sync 2 DAGs
[2023-02-10T16:08:51.719+0000] {logging_mixin.py:137} INFO - [2023-02-10T16:08:51.719+0000] {dag.py:3441} INFO - Setting next_dagrun for example_external_task_marker_child to None, run_after=None
[2023-02-10T16:08:51.725+0000] {logging_mixin.py:137} INFO - [2023-02-10T16:08:51.724+0000] {dag.py:3441} INFO - Setting next_dagrun for example_external_task_marker_parent to None, run_after=None
[2023-02-10T16:08:51.750+0000] {processor.py:175} INFO - Processing /home/airflow/.local/lib/python3.7/site-packages/airflow/example_dags/example_external_task_marker_dag.py took 0.132 seconds
[2023-02-10T16:09:22.013+0000] {processor.py:153} INFO - Started process (PID=205) to work on /home/airflow/.local/lib/python3.7/site-packages/airflow/example_dags/example_external_task_marker_dag.py
[2023-02-10T16:09:22.016+0000] {processor.py:743} INFO - Processing file /home/airflow/.local/lib/python3.7/site-packages/airflow/example_dags/example_external_task_marker_dag.py for tasks to queue
[2023-02-10T16:09:22.018+0000] {logging_mixin.py:137} INFO - [2023-02-10T16:09:22.018+0000] {dagbag.py:538} INFO - Filling up the DagBag from /home/airflow/.local/lib/python3.7/site-packages/airflow/example_dags/example_external_task_marker_dag.py
[2023-02-10T16:09:22.041+0000] {processor.py:753} INFO - DAG(s) dict_keys(['example_external_task_marker_child', 'example_external_task_marker_parent']) retrieved from /home/airflow/.local/lib/python3.7/site-packages/airflow/example_dags/example_external_task_marker_dag.py
[2023-02-10T16:09:22.105+0000] {logging_mixin.py:137} INFO - [2023-02-10T16:09:22.105+0000] {dag.py:2690} INFO - Sync 2 DAGs
[2023-02-10T16:09:22.167+0000] {logging_mixin.py:137} INFO - [2023-02-10T16:09:22.167+0000] {dag.py:3441} INFO - Setting next_dagrun for example_external_task_marker_child to None, run_after=None
[2023-02-10T16:09:22.181+0000] {logging_mixin.py:137} INFO - [2023-02-10T16:09:22.180+0000] {dag.py:3441} INFO - Setting next_dagrun for example_external_task_marker_parent to None, run_after=None
[2023-02-10T16:09:22.225+0000] {processor.py:175} INFO - Processing /home/airflow/.local/lib/python3.7/site-packages/airflow/example_dags/example_external_task_marker_dag.py took 0.221 seconds
[2023-02-10T16:09:52.544+0000] {processor.py:153} INFO - Started process (PID=290) to work on /home/airflow/.local/lib/python3.7/site-packages/airflow/example_dags/example_external_task_marker_dag.py
[2023-02-10T16:09:52.550+0000] {processor.py:743} INFO - Processing file /home/airflow/.local/lib/python3.7/site-packages/airflow/example_dags/example_external_task_marker_dag.py for tasks to queue
[2023-02-10T16:09:52.555+0000] {logging_mixin.py:137} INFO - [2023-02-10T16:09:52.554+0000] {dagbag.py:538} INFO - Filling up the DagBag from /home/airflow/.local/lib/python3.7/site-packages/airflow/example_dags/example_external_task_marker_dag.py
[2023-02-10T16:09:52.581+0000] {processor.py:753} INFO - DAG(s) dict_keys(['example_external_task_marker_child', 'example_external_task_marker_parent']) retrieved from /home/airflow/.local/lib/python3.7/site-packages/airflow/example_dags/example_external_task_marker_dag.py
[2023-02-10T16:09:52.631+0000] {logging_mixin.py:137} INFO - [2023-02-10T16:09:52.631+0000] {dag.py:2690} INFO - Sync 2 DAGs
[2023-02-10T16:09:52.673+0000] {logging_mixin.py:137} INFO - [2023-02-10T16:09:52.673+0000] {dag.py:3441} INFO - Setting next_dagrun for example_external_task_marker_child to None, run_after=None
[2023-02-10T16:09:52.681+0000] {logging_mixin.py:137} INFO - [2023-02-10T16:09:52.681+0000] {dag.py:3441} INFO - Setting next_dagrun for example_external_task_marker_parent to None, run_after=None
[2023-02-10T16:09:52.712+0000] {processor.py:175} INFO - Processing /home/airflow/.local/lib/python3.7/site-packages/airflow/example_dags/example_external_task_marker_dag.py took 0.173 seconds
[2023-02-10T16:10:23.009+0000] {processor.py:153} INFO - Started process (PID=360) to work on /home/airflow/.local/lib/python3.7/site-packages/airflow/example_dags/example_external_task_marker_dag.py
[2023-02-10T16:10:23.011+0000] {processor.py:743} INFO - Processing file /home/airflow/.local/lib/python3.7/site-packages/airflow/example_dags/example_external_task_marker_dag.py for tasks to queue
[2023-02-10T16:10:23.013+0000] {logging_mixin.py:137} INFO - [2023-02-10T16:10:23.013+0000] {dagbag.py:538} INFO - Filling up the DagBag from /home/airflow/.local/lib/python3.7/site-packages/airflow/example_dags/example_external_task_marker_dag.py
[2023-02-10T16:10:23.031+0000] {processor.py:753} INFO - DAG(s) dict_keys(['example_external_task_marker_parent', 'example_external_task_marker_child']) retrieved from /home/airflow/.local/lib/python3.7/site-packages/airflow/example_dags/example_external_task_marker_dag.py
[2023-02-10T16:10:23.074+0000] {logging_mixin.py:137} INFO - [2023-02-10T16:10:23.073+0000] {dag.py:2690} INFO - Sync 2 DAGs
[2023-02-10T16:10:23.118+0000] {logging_mixin.py:137} INFO - [2023-02-10T16:10:23.118+0000] {dag.py:3441} INFO - Setting next_dagrun for example_external_task_marker_child to None, run_after=None
[2023-02-10T16:10:23.126+0000] {logging_mixin.py:137} INFO - [2023-02-10T16:10:23.125+0000] {dag.py:3441} INFO - Setting next_dagrun for example_external_task_marker_parent to None, run_after=None
[2023-02-10T16:10:23.158+0000] {processor.py:175} INFO - Processing /home/airflow/.local/lib/python3.7/site-packages/airflow/example_dags/example_external_task_marker_dag.py took 0.154 seconds
[2023-02-10T16:10:54.114+0000] {processor.py:153} INFO - Started process (PID=430) to work on /home/airflow/.local/lib/python3.7/site-packages/airflow/example_dags/example_external_task_marker_dag.py
[2023-02-10T16:10:54.118+0000] {processor.py:743} INFO - Processing file /home/airflow/.local/lib/python3.7/site-packages/airflow/example_dags/example_external_task_marker_dag.py for tasks to queue
[2023-02-10T16:10:54.120+0000] {logging_mixin.py:137} INFO - [2023-02-10T16:10:54.120+0000] {dagbag.py:538} INFO - Filling up the DagBag from /home/airflow/.local/lib/python3.7/site-packages/airflow/example_dags/example_external_task_marker_dag.py
[2023-02-10T16:10:54.140+0000] {processor.py:753} INFO - DAG(s) dict_keys(['example_external_task_marker_parent', 'example_external_task_marker_child']) retrieved from /home/airflow/.local/lib/python3.7/site-packages/airflow/example_dags/example_external_task_marker_dag.py
[2023-02-10T16:10:54.200+0000] {logging_mixin.py:137} INFO - [2023-02-10T16:10:54.200+0000] {dag.py:2690} INFO - Sync 2 DAGs
[2023-02-10T16:10:54.239+0000] {logging_mixin.py:137} INFO - [2023-02-10T16:10:54.239+0000] {dag.py:3441} INFO - Setting next_dagrun for example_external_task_marker_child to None, run_after=None
[2023-02-10T16:10:54.249+0000] {logging_mixin.py:137} INFO - [2023-02-10T16:10:54.249+0000] {dag.py:3441} INFO - Setting next_dagrun for example_external_task_marker_parent to None, run_after=None
[2023-02-10T16:10:54.274+0000] {processor.py:175} INFO - Processing /home/airflow/.local/lib/python3.7/site-packages/airflow/example_dags/example_external_task_marker_dag.py took 0.165 seconds
[2023-02-10T16:11:24.579+0000] {processor.py:153} INFO - Started process (PID=509) to work on /home/airflow/.local/lib/python3.7/site-packages/airflow/example_dags/example_external_task_marker_dag.py
[2023-02-10T16:11:24.584+0000] {processor.py:743} INFO - Processing file /home/airflow/.local/lib/python3.7/site-packages/airflow/example_dags/example_external_task_marker_dag.py for tasks to queue
[2023-02-10T16:11:24.589+0000] {logging_mixin.py:137} INFO - [2023-02-10T16:11:24.589+0000] {dagbag.py:538} INFO - Filling up the DagBag from /home/airflow/.local/lib/python3.7/site-packages/airflow/example_dags/example_external_task_marker_dag.py
[2023-02-10T16:11:24.624+0000] {processor.py:753} INFO - DAG(s) dict_keys(['example_external_task_marker_parent', 'example_external_task_marker_child']) retrieved from /home/airflow/.local/lib/python3.7/site-packages/airflow/example_dags/example_external_task_marker_dag.py
[2023-02-10T16:11:24.701+0000] {logging_mixin.py:137} INFO - [2023-02-10T16:11:24.700+0000] {dag.py:2690} INFO - Sync 2 DAGs
[2023-02-10T16:11:24.749+0000] {logging_mixin.py:137} INFO - [2023-02-10T16:11:24.749+0000] {dag.py:3441} INFO - Setting next_dagrun for example_external_task_marker_child to None, run_after=None
[2023-02-10T16:11:24.759+0000] {logging_mixin.py:137} INFO - [2023-02-10T16:11:24.758+0000] {dag.py:3441} INFO - Setting next_dagrun for example_external_task_marker_parent to None, run_after=None
[2023-02-10T16:11:24.794+0000] {processor.py:175} INFO - Processing /home/airflow/.local/lib/python3.7/site-packages/airflow/example_dags/example_external_task_marker_dag.py took 0.231 seconds
[2023-02-10T16:11:54.965+0000] {processor.py:153} INFO - Started process (PID=584) to work on /home/airflow/.local/lib/python3.7/site-packages/airflow/example_dags/example_external_task_marker_dag.py
[2023-02-10T16:11:54.968+0000] {processor.py:743} INFO - Processing file /home/airflow/.local/lib/python3.7/site-packages/airflow/example_dags/example_external_task_marker_dag.py for tasks to queue
[2023-02-10T16:11:54.971+0000] {logging_mixin.py:137} INFO - [2023-02-10T16:11:54.971+0000] {dagbag.py:538} INFO - Filling up the DagBag from /home/airflow/.local/lib/python3.7/site-packages/airflow/example_dags/example_external_task_marker_dag.py
[2023-02-10T16:11:54.991+0000] {processor.py:753} INFO - DAG(s) dict_keys(['example_external_task_marker_parent', 'example_external_task_marker_child']) retrieved from /home/airflow/.local/lib/python3.7/site-packages/airflow/example_dags/example_external_task_marker_dag.py
[2023-02-10T16:11:55.046+0000] {logging_mixin.py:137} INFO - [2023-02-10T16:11:55.046+0000] {dag.py:2690} INFO - Sync 2 DAGs
[2023-02-10T16:11:55.093+0000] {logging_mixin.py:137} INFO - [2023-02-10T16:11:55.093+0000] {dag.py:3441} INFO - Setting next_dagrun for example_external_task_marker_child to None, run_after=None
[2023-02-10T16:11:55.099+0000] {logging_mixin.py:137} INFO - [2023-02-10T16:11:55.099+0000] {dag.py:3441} INFO - Setting next_dagrun for example_external_task_marker_parent to None, run_after=None
[2023-02-10T16:11:55.125+0000] {processor.py:175} INFO - Processing /home/airflow/.local/lib/python3.7/site-packages/airflow/example_dags/example_external_task_marker_dag.py took 0.167 seconds
[2023-02-10T16:12:25.767+0000] {processor.py:153} INFO - Started process (PID=655) to work on /home/airflow/.local/lib/python3.7/site-packages/airflow/example_dags/example_external_task_marker_dag.py
[2023-02-10T16:12:25.769+0000] {processor.py:743} INFO - Processing file /home/airflow/.local/lib/python3.7/site-packages/airflow/example_dags/example_external_task_marker_dag.py for tasks to queue
[2023-02-10T16:12:25.771+0000] {logging_mixin.py:137} INFO - [2023-02-10T16:12:25.771+0000] {dagbag.py:538} INFO - Filling up the DagBag from /home/airflow/.local/lib/python3.7/site-packages/airflow/example_dags/example_external_task_marker_dag.py
[2023-02-10T16:12:25.788+0000] {processor.py:753} INFO - DAG(s) dict_keys(['example_external_task_marker_child', 'example_external_task_marker_parent']) retrieved from /home/airflow/.local/lib/python3.7/site-packages/airflow/example_dags/example_external_task_marker_dag.py
[2023-02-10T16:12:25.824+0000] {logging_mixin.py:137} INFO - [2023-02-10T16:12:25.824+0000] {dag.py:2690} INFO - Sync 2 DAGs
[2023-02-10T16:12:25.857+0000] {logging_mixin.py:137} INFO - [2023-02-10T16:12:25.857+0000] {dag.py:3441} INFO - Setting next_dagrun for example_external_task_marker_child to None, run_after=None
[2023-02-10T16:12:25.864+0000] {logging_mixin.py:137} INFO - [2023-02-10T16:12:25.864+0000] {dag.py:3441} INFO - Setting next_dagrun for example_external_task_marker_parent to None, run_after=None
[2023-02-10T16:12:25.885+0000] {processor.py:175} INFO - Processing /home/airflow/.local/lib/python3.7/site-packages/airflow/example_dags/example_external_task_marker_dag.py took 0.122 seconds
[2023-02-10T16:12:57.281+0000] {processor.py:153} INFO - Started process (PID=739) to work on /home/airflow/.local/lib/python3.7/site-packages/airflow/example_dags/example_external_task_marker_dag.py
[2023-02-10T16:12:57.283+0000] {processor.py:743} INFO - Processing file /home/airflow/.local/lib/python3.7/site-packages/airflow/example_dags/example_external_task_marker_dag.py for tasks to queue
[2023-02-10T16:12:57.285+0000] {logging_mixin.py:137} INFO - [2023-02-10T16:12:57.285+0000] {dagbag.py:538} INFO - Filling up the DagBag from /home/airflow/.local/lib/python3.7/site-packages/airflow/example_dags/example_external_task_marker_dag.py
[2023-02-10T16:12:57.305+0000] {processor.py:753} INFO - DAG(s) dict_keys(['example_external_task_marker_parent', 'example_external_task_marker_child']) retrieved from /home/airflow/.local/lib/python3.7/site-packages/airflow/example_dags/example_external_task_marker_dag.py
[2023-02-10T16:12:57.347+0000] {logging_mixin.py:137} INFO - [2023-02-10T16:12:57.347+0000] {dag.py:2690} INFO - Sync 2 DAGs
[2023-02-10T16:12:57.403+0000] {logging_mixin.py:137} INFO - [2023-02-10T16:12:57.403+0000] {dag.py:3441} INFO - Setting next_dagrun for example_external_task_marker_child to None, run_after=None
[2023-02-10T16:12:57.410+0000] {logging_mixin.py:137} INFO - [2023-02-10T16:12:57.410+0000] {dag.py:3441} INFO - Setting next_dagrun for example_external_task_marker_parent to None, run_after=None
[2023-02-10T16:12:57.435+0000] {processor.py:175} INFO - Processing /home/airflow/.local/lib/python3.7/site-packages/airflow/example_dags/example_external_task_marker_dag.py took 0.159 seconds
[2023-02-10T16:13:27.619+0000] {processor.py:153} INFO - Started process (PID=812) to work on /home/airflow/.local/lib/python3.7/site-packages/airflow/example_dags/example_external_task_marker_dag.py
[2023-02-10T16:13:27.626+0000] {processor.py:743} INFO - Processing file /home/airflow/.local/lib/python3.7/site-packages/airflow/example_dags/example_external_task_marker_dag.py for tasks to queue
[2023-02-10T16:13:27.629+0000] {logging_mixin.py:137} INFO - [2023-02-10T16:13:27.629+0000] {dagbag.py:538} INFO - Filling up the DagBag from /home/airflow/.local/lib/python3.7/site-packages/airflow/example_dags/example_external_task_marker_dag.py
[2023-02-10T16:13:27.655+0000] {processor.py:753} INFO - DAG(s) dict_keys(['example_external_task_marker_parent', 'example_external_task_marker_child']) retrieved from /home/airflow/.local/lib/python3.7/site-packages/airflow/example_dags/example_external_task_marker_dag.py
[2023-02-10T16:13:27.712+0000] {logging_mixin.py:137} INFO - [2023-02-10T16:13:27.712+0000] {dag.py:2690} INFO - Sync 2 DAGs
[2023-02-10T16:13:27.766+0000] {logging_mixin.py:137} INFO - [2023-02-10T16:13:27.766+0000] {dag.py:3441} INFO - Setting next_dagrun for example_external_task_marker_child to None, run_after=None
[2023-02-10T16:13:27.776+0000] {logging_mixin.py:137} INFO - [2023-02-10T16:13:27.775+0000] {dag.py:3441} INFO - Setting next_dagrun for example_external_task_marker_parent to None, run_after=None
[2023-02-10T16:13:27.817+0000] {processor.py:175} INFO - Processing /home/airflow/.local/lib/python3.7/site-packages/airflow/example_dags/example_external_task_marker_dag.py took 0.204 seconds
[2023-02-10T16:13:58.177+0000] {processor.py:153} INFO - Started process (PID=886) to work on /home/airflow/.local/lib/python3.7/site-packages/airflow/example_dags/example_external_task_marker_dag.py
[2023-02-10T16:13:58.246+0000] {processor.py:743} INFO - Processing file /home/airflow/.local/lib/python3.7/site-packages/airflow/example_dags/example_external_task_marker_dag.py for tasks to queue
[2023-02-10T16:13:58.252+0000] {logging_mixin.py:137} INFO - [2023-02-10T16:13:58.251+0000] {dagbag.py:538} INFO - Filling up the DagBag from /home/airflow/.local/lib/python3.7/site-packages/airflow/example_dags/example_external_task_marker_dag.py
[2023-02-10T16:13:58.314+0000] {processor.py:753} INFO - DAG(s) dict_keys(['example_external_task_marker_parent', 'example_external_task_marker_child']) retrieved from /home/airflow/.local/lib/python3.7/site-packages/airflow/example_dags/example_external_task_marker_dag.py
[2023-02-10T16:13:58.385+0000] {logging_mixin.py:137} INFO - [2023-02-10T16:13:58.385+0000] {dag.py:2690} INFO - Sync 2 DAGs
[2023-02-10T16:13:58.537+0000] {logging_mixin.py:137} INFO - [2023-02-10T16:13:58.537+0000] {dag.py:3441} INFO - Setting next_dagrun for example_external_task_marker_child to None, run_after=None
[2023-02-10T16:13:58.549+0000] {logging_mixin.py:137} INFO - [2023-02-10T16:13:58.549+0000] {dag.py:3441} INFO - Setting next_dagrun for example_external_task_marker_parent to None, run_after=None
[2023-02-10T16:13:58.644+0000] {processor.py:175} INFO - Processing /home/airflow/.local/lib/python3.7/site-packages/airflow/example_dags/example_external_task_marker_dag.py took 0.505 seconds
[2023-02-10T16:14:29.347+0000] {processor.py:153} INFO - Started process (PID=967) to work on /home/airflow/.local/lib/python3.7/site-packages/airflow/example_dags/example_external_task_marker_dag.py
[2023-02-10T16:14:29.350+0000] {processor.py:743} INFO - Processing file /home/airflow/.local/lib/python3.7/site-packages/airflow/example_dags/example_external_task_marker_dag.py for tasks to queue
[2023-02-10T16:14:29.354+0000] {logging_mixin.py:137} INFO - [2023-02-10T16:14:29.353+0000] {dagbag.py:538} INFO - Filling up the DagBag from /home/airflow/.local/lib/python3.7/site-packages/airflow/example_dags/example_external_task_marker_dag.py
[2023-02-10T16:14:29.381+0000] {processor.py:753} INFO - DAG(s) dict_keys(['example_external_task_marker_child', 'example_external_task_marker_parent']) retrieved from /home/airflow/.local/lib/python3.7/site-packages/airflow/example_dags/example_external_task_marker_dag.py
[2023-02-10T16:14:29.443+0000] {logging_mixin.py:137} INFO - [2023-02-10T16:14:29.443+0000] {dag.py:2690} INFO - Sync 2 DAGs
[2023-02-10T16:14:29.495+0000] {logging_mixin.py:137} INFO - [2023-02-10T16:14:29.495+0000] {dag.py:3441} INFO - Setting next_dagrun for example_external_task_marker_child to None, run_after=None
[2023-02-10T16:14:29.502+0000] {logging_mixin.py:137} INFO - [2023-02-10T16:14:29.502+0000] {dag.py:3441} INFO - Setting next_dagrun for example_external_task_marker_parent to None, run_after=None
[2023-02-10T16:14:29.533+0000] {processor.py:175} INFO - Processing /home/airflow/.local/lib/python3.7/site-packages/airflow/example_dags/example_external_task_marker_dag.py took 0.192 seconds
[2023-02-10T16:14:59.651+0000] {processor.py:153} INFO - Started process (PID=1045) to work on /home/airflow/.local/lib/python3.7/site-packages/airflow/example_dags/example_external_task_marker_dag.py
[2023-02-10T16:14:59.653+0000] {processor.py:743} INFO - Processing file /home/airflow/.local/lib/python3.7/site-packages/airflow/example_dags/example_external_task_marker_dag.py for tasks to queue
[2023-02-10T16:14:59.655+0000] {logging_mixin.py:137} INFO - [2023-02-10T16:14:59.654+0000] {dagbag.py:538} INFO - Filling up the DagBag from /home/airflow/.local/lib/python3.7/site-packages/airflow/example_dags/example_external_task_marker_dag.py
[2023-02-10T16:14:59.672+0000] {processor.py:753} INFO - DAG(s) dict_keys(['example_external_task_marker_child', 'example_external_task_marker_parent']) retrieved from /home/airflow/.local/lib/python3.7/site-packages/airflow/example_dags/example_external_task_marker_dag.py
[2023-02-10T16:14:59.712+0000] {logging_mixin.py:137} INFO - [2023-02-10T16:14:59.712+0000] {dag.py:2690} INFO - Sync 2 DAGs
[2023-02-10T16:14:59.747+0000] {logging_mixin.py:137} INFO - [2023-02-10T16:14:59.746+0000] {dag.py:3441} INFO - Setting next_dagrun for example_external_task_marker_child to None, run_after=None
[2023-02-10T16:14:59.752+0000] {logging_mixin.py:137} INFO - [2023-02-10T16:14:59.752+0000] {dag.py:3441} INFO - Setting next_dagrun for example_external_task_marker_parent to None, run_after=None
[2023-02-10T16:14:59.772+0000] {processor.py:175} INFO - Processing /home/airflow/.local/lib/python3.7/site-packages/airflow/example_dags/example_external_task_marker_dag.py took 0.126 seconds
[2023-02-10T16:15:30.115+0000] {processor.py:153} INFO - Started process (PID=1118) to work on /home/airflow/.local/lib/python3.7/site-packages/airflow/example_dags/example_external_task_marker_dag.py
[2023-02-10T16:15:30.118+0000] {processor.py:743} INFO - Processing file /home/airflow/.local/lib/python3.7/site-packages/airflow/example_dags/example_external_task_marker_dag.py for tasks to queue
[2023-02-10T16:15:30.121+0000] {logging_mixin.py:137} INFO - [2023-02-10T16:15:30.121+0000] {dagbag.py:538} INFO - Filling up the DagBag from /home/airflow/.local/lib/python3.7/site-packages/airflow/example_dags/example_external_task_marker_dag.py
[2023-02-10T16:15:30.144+0000] {processor.py:753} INFO - DAG(s) dict_keys(['example_external_task_marker_parent', 'example_external_task_marker_child']) retrieved from /home/airflow/.local/lib/python3.7/site-packages/airflow/example_dags/example_external_task_marker_dag.py
[2023-02-10T16:15:30.192+0000] {logging_mixin.py:137} INFO - [2023-02-10T16:15:30.192+0000] {dag.py:2690} INFO - Sync 2 DAGs
[2023-02-10T16:15:30.235+0000] {logging_mixin.py:137} INFO - [2023-02-10T16:15:30.234+0000] {dag.py:3441} INFO - Setting next_dagrun for example_external_task_marker_child to None, run_after=None
[2023-02-10T16:15:30.243+0000] {logging_mixin.py:137} INFO - [2023-02-10T16:15:30.243+0000] {dag.py:3441} INFO - Setting next_dagrun for example_external_task_marker_parent to None, run_after=None
[2023-02-10T16:15:30.278+0000] {processor.py:175} INFO - Processing /home/airflow/.local/lib/python3.7/site-packages/airflow/example_dags/example_external_task_marker_dag.py took 0.167 seconds
[2023-02-10T16:16:01.042+0000] {processor.py:153} INFO - Started process (PID=1204) to work on /home/airflow/.local/lib/python3.7/site-packages/airflow/example_dags/example_external_task_marker_dag.py
[2023-02-10T16:16:01.046+0000] {processor.py:743} INFO - Processing file /home/airflow/.local/lib/python3.7/site-packages/airflow/example_dags/example_external_task_marker_dag.py for tasks to queue
[2023-02-10T16:16:01.048+0000] {logging_mixin.py:137} INFO - [2023-02-10T16:16:01.048+0000] {dagbag.py:538} INFO - Filling up the DagBag from /home/airflow/.local/lib/python3.7/site-packages/airflow/example_dags/example_external_task_marker_dag.py
[2023-02-10T16:16:01.072+0000] {processor.py:753} INFO - DAG(s) dict_keys(['example_external_task_marker_child', 'example_external_task_marker_parent']) retrieved from /home/airflow/.local/lib/python3.7/site-packages/airflow/example_dags/example_external_task_marker_dag.py
[2023-02-10T16:16:01.120+0000] {logging_mixin.py:137} INFO - [2023-02-10T16:16:01.120+0000] {dag.py:2690} INFO - Sync 2 DAGs
[2023-02-10T16:16:01.170+0000] {logging_mixin.py:137} INFO - [2023-02-10T16:16:01.170+0000] {dag.py:3441} INFO - Setting next_dagrun for example_external_task_marker_child to None, run_after=None
[2023-02-10T16:16:01.177+0000] {logging_mixin.py:137} INFO - [2023-02-10T16:16:01.177+0000] {dag.py:3441} INFO - Setting next_dagrun for example_external_task_marker_parent to None, run_after=None
[2023-02-10T16:16:01.203+0000] {processor.py:175} INFO - Processing /home/airflow/.local/lib/python3.7/site-packages/airflow/example_dags/example_external_task_marker_dag.py took 0.167 seconds
[2023-02-10T16:16:31.590+0000] {processor.py:153} INFO - Started process (PID=1276) to work on /home/airflow/.local/lib/python3.7/site-packages/airflow/example_dags/example_external_task_marker_dag.py
[2023-02-10T16:16:31.592+0000] {processor.py:743} INFO - Processing file /home/airflow/.local/lib/python3.7/site-packages/airflow/example_dags/example_external_task_marker_dag.py for tasks to queue
[2023-02-10T16:16:31.594+0000] {logging_mixin.py:137} INFO - [2023-02-10T16:16:31.594+0000] {dagbag.py:538} INFO - Filling up the DagBag from /home/airflow/.local/lib/python3.7/site-packages/airflow/example_dags/example_external_task_marker_dag.py
[2023-02-10T16:16:31.611+0000] {processor.py:753} INFO - DAG(s) dict_keys(['example_external_task_marker_child', 'example_external_task_marker_parent']) retrieved from /home/airflow/.local/lib/python3.7/site-packages/airflow/example_dags/example_external_task_marker_dag.py
[2023-02-10T16:16:31.647+0000] {logging_mixin.py:137} INFO - [2023-02-10T16:16:31.646+0000] {dag.py:2690} INFO - Sync 2 DAGs
[2023-02-10T16:16:31.678+0000] {logging_mixin.py:137} INFO - [2023-02-10T16:16:31.678+0000] {dag.py:3441} INFO - Setting next_dagrun for example_external_task_marker_child to None, run_after=None
[2023-02-10T16:16:31.683+0000] {logging_mixin.py:137} INFO - [2023-02-10T16:16:31.683+0000] {dag.py:3441} INFO - Setting next_dagrun for example_external_task_marker_parent to None, run_after=None
[2023-02-10T16:16:31.701+0000] {processor.py:175} INFO - Processing /home/airflow/.local/lib/python3.7/site-packages/airflow/example_dags/example_external_task_marker_dag.py took 0.116 seconds
[2023-02-10T16:17:02.038+0000] {processor.py:153} INFO - Started process (PID=1363) to work on /home/airflow/.local/lib/python3.7/site-packages/airflow/example_dags/example_external_task_marker_dag.py
[2023-02-10T16:17:02.040+0000] {processor.py:743} INFO - Processing file /home/airflow/.local/lib/python3.7/site-packages/airflow/example_dags/example_external_task_marker_dag.py for tasks to queue
[2023-02-10T16:17:02.042+0000] {logging_mixin.py:137} INFO - [2023-02-10T16:17:02.042+0000] {dagbag.py:538} INFO - Filling up the DagBag from /home/airflow/.local/lib/python3.7/site-packages/airflow/example_dags/example_external_task_marker_dag.py
[2023-02-10T16:17:02.059+0000] {processor.py:753} INFO - DAG(s) dict_keys(['example_external_task_marker_child', 'example_external_task_marker_parent']) retrieved from /home/airflow/.local/lib/python3.7/site-packages/airflow/example_dags/example_external_task_marker_dag.py
[2023-02-10T16:17:02.097+0000] {logging_mixin.py:137} INFO - [2023-02-10T16:17:02.097+0000] {dag.py:2690} INFO - Sync 2 DAGs
[2023-02-10T16:17:02.136+0000] {logging_mixin.py:137} INFO - [2023-02-10T16:17:02.135+0000] {dag.py:3441} INFO - Setting next_dagrun for example_external_task_marker_child to None, run_after=None
[2023-02-10T16:17:02.141+0000] {logging_mixin.py:137} INFO - [2023-02-10T16:17:02.141+0000] {dag.py:3441} INFO - Setting next_dagrun for example_external_task_marker_parent to None, run_after=None
[2023-02-10T16:17:02.162+0000] {processor.py:175} INFO - Processing /home/airflow/.local/lib/python3.7/site-packages/airflow/example_dags/example_external_task_marker_dag.py took 0.129 seconds
[2023-02-10T16:17:32.863+0000] {processor.py:153} INFO - Started process (PID=1434) to work on /home/airflow/.local/lib/python3.7/site-packages/airflow/example_dags/example_external_task_marker_dag.py
[2023-02-10T16:17:32.866+0000] {processor.py:743} INFO - Processing file /home/airflow/.local/lib/python3.7/site-packages/airflow/example_dags/example_external_task_marker_dag.py for tasks to queue
[2023-02-10T16:17:32.869+0000] {logging_mixin.py:137} INFO - [2023-02-10T16:17:32.868+0000] {dagbag.py:538} INFO - Filling up the DagBag from /home/airflow/.local/lib/python3.7/site-packages/airflow/example_dags/example_external_task_marker_dag.py
[2023-02-10T16:17:32.892+0000] {processor.py:753} INFO - DAG(s) dict_keys(['example_external_task_marker_child', 'example_external_task_marker_parent']) retrieved from /home/airflow/.local/lib/python3.7/site-packages/airflow/example_dags/example_external_task_marker_dag.py
[2023-02-10T16:17:32.936+0000] {logging_mixin.py:137} INFO - [2023-02-10T16:17:32.936+0000] {dag.py:2690} INFO - Sync 2 DAGs
[2023-02-10T16:17:32.976+0000] {logging_mixin.py:137} INFO - [2023-02-10T16:17:32.976+0000] {dag.py:3441} INFO - Setting next_dagrun for example_external_task_marker_child to None, run_after=None
[2023-02-10T16:17:32.983+0000] {logging_mixin.py:137} INFO - [2023-02-10T16:17:32.983+0000] {dag.py:3441} INFO - Setting next_dagrun for example_external_task_marker_parent to None, run_after=None
[2023-02-10T16:17:33.011+0000] {processor.py:175} INFO - Processing /home/airflow/.local/lib/python3.7/site-packages/airflow/example_dags/example_external_task_marker_dag.py took 0.154 seconds
[2023-02-10T16:18:03.601+0000] {processor.py:153} INFO - Started process (PID=1512) to work on /home/airflow/.local/lib/python3.7/site-packages/airflow/example_dags/example_external_task_marker_dag.py
[2023-02-10T16:18:03.603+0000] {processor.py:743} INFO - Processing file /home/airflow/.local/lib/python3.7/site-packages/airflow/example_dags/example_external_task_marker_dag.py for tasks to queue
[2023-02-10T16:18:03.605+0000] {logging_mixin.py:137} INFO - [2023-02-10T16:18:03.605+0000] {dagbag.py:538} INFO - Filling up the DagBag from /home/airflow/.local/lib/python3.7/site-packages/airflow/example_dags/example_external_task_marker_dag.py
[2023-02-10T16:18:03.623+0000] {processor.py:753} INFO - DAG(s) dict_keys(['example_external_task_marker_parent', 'example_external_task_marker_child']) retrieved from /home/airflow/.local/lib/python3.7/site-packages/airflow/example_dags/example_external_task_marker_dag.py
[2023-02-10T16:18:03.659+0000] {logging_mixin.py:137} INFO - [2023-02-10T16:18:03.658+0000] {dag.py:2690} INFO - Sync 2 DAGs
[2023-02-10T16:18:03.688+0000] {logging_mixin.py:137} INFO - [2023-02-10T16:18:03.688+0000] {dag.py:3441} INFO - Setting next_dagrun for example_external_task_marker_child to None, run_after=None
[2023-02-10T16:18:03.694+0000] {logging_mixin.py:137} INFO - [2023-02-10T16:18:03.694+0000] {dag.py:3441} INFO - Setting next_dagrun for example_external_task_marker_parent to None, run_after=None
[2023-02-10T16:18:03.715+0000] {processor.py:175} INFO - Processing /home/airflow/.local/lib/python3.7/site-packages/airflow/example_dags/example_external_task_marker_dag.py took 0.119 seconds
[2023-02-10T16:18:33.989+0000] {processor.py:153} INFO - Started process (PID=1591) to work on /home/airflow/.local/lib/python3.7/site-packages/airflow/example_dags/example_external_task_marker_dag.py
[2023-02-10T16:18:33.994+0000] {processor.py:743} INFO - Processing file /home/airflow/.local/lib/python3.7/site-packages/airflow/example_dags/example_external_task_marker_dag.py for tasks to queue
[2023-02-10T16:18:33.996+0000] {logging_mixin.py:137} INFO - [2023-02-10T16:18:33.996+0000] {dagbag.py:538} INFO - Filling up the DagBag from /home/airflow/.local/lib/python3.7/site-packages/airflow/example_dags/example_external_task_marker_dag.py
[2023-02-10T16:18:34.021+0000] {processor.py:753} INFO - DAG(s) dict_keys(['example_external_task_marker_parent', 'example_external_task_marker_child']) retrieved from /home/airflow/.local/lib/python3.7/site-packages/airflow/example_dags/example_external_task_marker_dag.py
[2023-02-10T16:18:34.080+0000] {logging_mixin.py:137} INFO - [2023-02-10T16:18:34.079+0000] {dag.py:2690} INFO - Sync 2 DAGs
[2023-02-10T16:18:34.118+0000] {logging_mixin.py:137} INFO - [2023-02-10T16:18:34.118+0000] {dag.py:3441} INFO - Setting next_dagrun for example_external_task_marker_child to None, run_after=None
[2023-02-10T16:18:34.127+0000] {logging_mixin.py:137} INFO - [2023-02-10T16:18:34.126+0000] {dag.py:3441} INFO - Setting next_dagrun for example_external_task_marker_parent to None, run_after=None
[2023-02-10T16:18:34.154+0000] {processor.py:175} INFO - Processing /home/airflow/.local/lib/python3.7/site-packages/airflow/example_dags/example_external_task_marker_dag.py took 0.171 seconds
[2023-02-10T16:19:04.374+0000] {processor.py:153} INFO - Started process (PID=1663) to work on /home/airflow/.local/lib/python3.7/site-packages/airflow/example_dags/example_external_task_marker_dag.py
[2023-02-10T16:19:04.377+0000] {processor.py:743} INFO - Processing file /home/airflow/.local/lib/python3.7/site-packages/airflow/example_dags/example_external_task_marker_dag.py for tasks to queue
[2023-02-10T16:19:04.378+0000] {logging_mixin.py:137} INFO - [2023-02-10T16:19:04.378+0000] {dagbag.py:538} INFO - Filling up the DagBag from /home/airflow/.local/lib/python3.7/site-packages/airflow/example_dags/example_external_task_marker_dag.py
[2023-02-10T16:19:04.398+0000] {processor.py:753} INFO - DAG(s) dict_keys(['example_external_task_marker_parent', 'example_external_task_marker_child']) retrieved from /home/airflow/.local/lib/python3.7/site-packages/airflow/example_dags/example_external_task_marker_dag.py
[2023-02-10T16:19:04.440+0000] {logging_mixin.py:137} INFO - [2023-02-10T16:19:04.440+0000] {dag.py:2690} INFO - Sync 2 DAGs
[2023-02-10T16:19:04.478+0000] {logging_mixin.py:137} INFO - [2023-02-10T16:19:04.478+0000] {dag.py:3441} INFO - Setting next_dagrun for example_external_task_marker_child to None, run_after=None
[2023-02-10T16:19:04.486+0000] {logging_mixin.py:137} INFO - [2023-02-10T16:19:04.486+0000] {dag.py:3441} INFO - Setting next_dagrun for example_external_task_marker_parent to None, run_after=None
[2023-02-10T16:19:04.521+0000] {processor.py:175} INFO - Processing /home/airflow/.local/lib/python3.7/site-packages/airflow/example_dags/example_external_task_marker_dag.py took 0.153 seconds
[2023-02-10T16:19:35.102+0000] {processor.py:153} INFO - Started process (PID=1744) to work on /home/airflow/.local/lib/python3.7/site-packages/airflow/example_dags/example_external_task_marker_dag.py
[2023-02-10T16:19:35.105+0000] {processor.py:743} INFO - Processing file /home/airflow/.local/lib/python3.7/site-packages/airflow/example_dags/example_external_task_marker_dag.py for tasks to queue
[2023-02-10T16:19:35.109+0000] {logging_mixin.py:137} INFO - [2023-02-10T16:19:35.109+0000] {dagbag.py:538} INFO - Filling up the DagBag from /home/airflow/.local/lib/python3.7/site-packages/airflow/example_dags/example_external_task_marker_dag.py
[2023-02-10T16:19:35.129+0000] {processor.py:753} INFO - DAG(s) dict_keys(['example_external_task_marker_child', 'example_external_task_marker_parent']) retrieved from /home/airflow/.local/lib/python3.7/site-packages/airflow/example_dags/example_external_task_marker_dag.py
[2023-02-10T16:19:35.168+0000] {logging_mixin.py:137} INFO - [2023-02-10T16:19:35.168+0000] {dag.py:2690} INFO - Sync 2 DAGs
[2023-02-10T16:19:35.202+0000] {logging_mixin.py:137} INFO - [2023-02-10T16:19:35.201+0000] {dag.py:3441} INFO - Setting next_dagrun for example_external_task_marker_child to None, run_after=None
[2023-02-10T16:19:35.206+0000] {logging_mixin.py:137} INFO - [2023-02-10T16:19:35.206+0000] {dag.py:3441} INFO - Setting next_dagrun for example_external_task_marker_parent to None, run_after=None
[2023-02-10T16:19:35.227+0000] {processor.py:175} INFO - Processing /home/airflow/.local/lib/python3.7/site-packages/airflow/example_dags/example_external_task_marker_dag.py took 0.130 seconds
[2023-02-10T16:20:05.697+0000] {processor.py:153} INFO - Started process (PID=1821) to work on /home/airflow/.local/lib/python3.7/site-packages/airflow/example_dags/example_external_task_marker_dag.py
[2023-02-10T16:20:05.699+0000] {processor.py:743} INFO - Processing file /home/airflow/.local/lib/python3.7/site-packages/airflow/example_dags/example_external_task_marker_dag.py for tasks to queue
[2023-02-10T16:20:05.702+0000] {logging_mixin.py:137} INFO - [2023-02-10T16:20:05.701+0000] {dagbag.py:538} INFO - Filling up the DagBag from /home/airflow/.local/lib/python3.7/site-packages/airflow/example_dags/example_external_task_marker_dag.py
[2023-02-10T16:20:05.720+0000] {processor.py:753} INFO - DAG(s) dict_keys(['example_external_task_marker_parent', 'example_external_task_marker_child']) retrieved from /home/airflow/.local/lib/python3.7/site-packages/airflow/example_dags/example_external_task_marker_dag.py
[2023-02-10T16:20:05.756+0000] {logging_mixin.py:137} INFO - [2023-02-10T16:20:05.756+0000] {dag.py:2690} INFO - Sync 2 DAGs
[2023-02-10T16:20:05.788+0000] {logging_mixin.py:137} INFO - [2023-02-10T16:20:05.788+0000] {dag.py:3441} INFO - Setting next_dagrun for example_external_task_marker_child to None, run_after=None
[2023-02-10T16:20:05.793+0000] {logging_mixin.py:137} INFO - [2023-02-10T16:20:05.793+0000] {dag.py:3441} INFO - Setting next_dagrun for example_external_task_marker_parent to None, run_after=None
[2023-02-10T16:20:05.817+0000] {processor.py:175} INFO - Processing /home/airflow/.local/lib/python3.7/site-packages/airflow/example_dags/example_external_task_marker_dag.py took 0.125 seconds
[2023-02-10T16:20:36.632+0000] {processor.py:153} INFO - Started process (PID=1893) to work on /home/airflow/.local/lib/python3.7/site-packages/airflow/example_dags/example_external_task_marker_dag.py
[2023-02-10T16:20:36.635+0000] {processor.py:743} INFO - Processing file /home/airflow/.local/lib/python3.7/site-packages/airflow/example_dags/example_external_task_marker_dag.py for tasks to queue
[2023-02-10T16:20:36.637+0000] {logging_mixin.py:137} INFO - [2023-02-10T16:20:36.637+0000] {dagbag.py:538} INFO - Filling up the DagBag from /home/airflow/.local/lib/python3.7/site-packages/airflow/example_dags/example_external_task_marker_dag.py
[2023-02-10T16:20:36.658+0000] {processor.py:753} INFO - DAG(s) dict_keys(['example_external_task_marker_parent', 'example_external_task_marker_child']) retrieved from /home/airflow/.local/lib/python3.7/site-packages/airflow/example_dags/example_external_task_marker_dag.py
[2023-02-10T16:20:36.699+0000] {logging_mixin.py:137} INFO - [2023-02-10T16:20:36.699+0000] {dag.py:2690} INFO - Sync 2 DAGs
[2023-02-10T16:20:36.733+0000] {logging_mixin.py:137} INFO - [2023-02-10T16:20:36.732+0000] {dag.py:3441} INFO - Setting next_dagrun for example_external_task_marker_child to None, run_after=None
[2023-02-10T16:20:36.741+0000] {logging_mixin.py:137} INFO - [2023-02-10T16:20:36.741+0000] {dag.py:3441} INFO - Setting next_dagrun for example_external_task_marker_parent to None, run_after=None
[2023-02-10T16:20:36.770+0000] {processor.py:175} INFO - Processing /home/airflow/.local/lib/python3.7/site-packages/airflow/example_dags/example_external_task_marker_dag.py took 0.143 seconds
[2023-02-10T16:21:07.388+0000] {processor.py:153} INFO - Started process (PID=1979) to work on /home/airflow/.local/lib/python3.7/site-packages/airflow/example_dags/example_external_task_marker_dag.py
[2023-02-10T16:21:07.392+0000] {processor.py:743} INFO - Processing file /home/airflow/.local/lib/python3.7/site-packages/airflow/example_dags/example_external_task_marker_dag.py for tasks to queue
[2023-02-10T16:21:07.395+0000] {logging_mixin.py:137} INFO - [2023-02-10T16:21:07.395+0000] {dagbag.py:538} INFO - Filling up the DagBag from /home/airflow/.local/lib/python3.7/site-packages/airflow/example_dags/example_external_task_marker_dag.py
[2023-02-10T16:21:07.421+0000] {processor.py:753} INFO - DAG(s) dict_keys(['example_external_task_marker_parent', 'example_external_task_marker_child']) retrieved from /home/airflow/.local/lib/python3.7/site-packages/airflow/example_dags/example_external_task_marker_dag.py
[2023-02-10T16:21:07.496+0000] {logging_mixin.py:137} INFO - [2023-02-10T16:21:07.496+0000] {dag.py:2690} INFO - Sync 2 DAGs
[2023-02-10T16:21:07.558+0000] {logging_mixin.py:137} INFO - [2023-02-10T16:21:07.557+0000] {dag.py:3441} INFO - Setting next_dagrun for example_external_task_marker_child to None, run_after=None
[2023-02-10T16:21:07.566+0000] {logging_mixin.py:137} INFO - [2023-02-10T16:21:07.566+0000] {dag.py:3441} INFO - Setting next_dagrun for example_external_task_marker_parent to None, run_after=None
[2023-02-10T16:21:07.602+0000] {processor.py:175} INFO - Processing /home/airflow/.local/lib/python3.7/site-packages/airflow/example_dags/example_external_task_marker_dag.py took 0.220 seconds
[2023-02-10T16:21:37.902+0000] {processor.py:153} INFO - Started process (PID=2051) to work on /home/airflow/.local/lib/python3.7/site-packages/airflow/example_dags/example_external_task_marker_dag.py
[2023-02-10T16:21:37.905+0000] {processor.py:743} INFO - Processing file /home/airflow/.local/lib/python3.7/site-packages/airflow/example_dags/example_external_task_marker_dag.py for tasks to queue
[2023-02-10T16:21:37.907+0000] {logging_mixin.py:137} INFO - [2023-02-10T16:21:37.907+0000] {dagbag.py:538} INFO - Filling up the DagBag from /home/airflow/.local/lib/python3.7/site-packages/airflow/example_dags/example_external_task_marker_dag.py
[2023-02-10T16:21:37.926+0000] {processor.py:753} INFO - DAG(s) dict_keys(['example_external_task_marker_child', 'example_external_task_marker_parent']) retrieved from /home/airflow/.local/lib/python3.7/site-packages/airflow/example_dags/example_external_task_marker_dag.py
[2023-02-10T16:21:37.967+0000] {logging_mixin.py:137} INFO - [2023-02-10T16:21:37.967+0000] {dag.py:2690} INFO - Sync 2 DAGs
[2023-02-10T16:21:37.999+0000] {logging_mixin.py:137} INFO - [2023-02-10T16:21:37.999+0000] {dag.py:3441} INFO - Setting next_dagrun for example_external_task_marker_child to None, run_after=None
[2023-02-10T16:21:38.004+0000] {logging_mixin.py:137} INFO - [2023-02-10T16:21:38.004+0000] {dag.py:3441} INFO - Setting next_dagrun for example_external_task_marker_parent to None, run_after=None
[2023-02-10T16:21:38.030+0000] {processor.py:175} INFO - Processing /home/airflow/.local/lib/python3.7/site-packages/airflow/example_dags/example_external_task_marker_dag.py took 0.133 seconds
[2023-02-10T16:22:08.832+0000] {processor.py:153} INFO - Started process (PID=2136) to work on /home/airflow/.local/lib/python3.7/site-packages/airflow/example_dags/example_external_task_marker_dag.py
[2023-02-10T16:22:08.835+0000] {processor.py:743} INFO - Processing file /home/airflow/.local/lib/python3.7/site-packages/airflow/example_dags/example_external_task_marker_dag.py for tasks to queue
[2023-02-10T16:22:08.837+0000] {logging_mixin.py:137} INFO - [2023-02-10T16:22:08.836+0000] {dagbag.py:538} INFO - Filling up the DagBag from /home/airflow/.local/lib/python3.7/site-packages/airflow/example_dags/example_external_task_marker_dag.py
[2023-02-10T16:22:08.854+0000] {processor.py:753} INFO - DAG(s) dict_keys(['example_external_task_marker_parent', 'example_external_task_marker_child']) retrieved from /home/airflow/.local/lib/python3.7/site-packages/airflow/example_dags/example_external_task_marker_dag.py
[2023-02-10T16:22:08.892+0000] {logging_mixin.py:137} INFO - [2023-02-10T16:22:08.892+0000] {dag.py:2690} INFO - Sync 2 DAGs
[2023-02-10T16:22:08.929+0000] {logging_mixin.py:137} INFO - [2023-02-10T16:22:08.929+0000] {dag.py:3441} INFO - Setting next_dagrun for example_external_task_marker_child to None, run_after=None
[2023-02-10T16:22:08.935+0000] {logging_mixin.py:137} INFO - [2023-02-10T16:22:08.935+0000] {dag.py:3441} INFO - Setting next_dagrun for example_external_task_marker_parent to None, run_after=None
[2023-02-10T16:22:08.957+0000] {processor.py:175} INFO - Processing /home/airflow/.local/lib/python3.7/site-packages/airflow/example_dags/example_external_task_marker_dag.py took 0.131 seconds
[2023-02-10T16:22:39.174+0000] {processor.py:153} INFO - Started process (PID=2209) to work on /home/airflow/.local/lib/python3.7/site-packages/airflow/example_dags/example_external_task_marker_dag.py
[2023-02-10T16:22:39.176+0000] {processor.py:743} INFO - Processing file /home/airflow/.local/lib/python3.7/site-packages/airflow/example_dags/example_external_task_marker_dag.py for tasks to queue
[2023-02-10T16:22:39.179+0000] {logging_mixin.py:137} INFO - [2023-02-10T16:22:39.179+0000] {dagbag.py:538} INFO - Filling up the DagBag from /home/airflow/.local/lib/python3.7/site-packages/airflow/example_dags/example_external_task_marker_dag.py
[2023-02-10T16:22:39.202+0000] {processor.py:753} INFO - DAG(s) dict_keys(['example_external_task_marker_child', 'example_external_task_marker_parent']) retrieved from /home/airflow/.local/lib/python3.7/site-packages/airflow/example_dags/example_external_task_marker_dag.py
[2023-02-10T16:22:39.251+0000] {logging_mixin.py:137} INFO - [2023-02-10T16:22:39.250+0000] {dag.py:2690} INFO - Sync 2 DAGs
[2023-02-10T16:22:39.293+0000] {logging_mixin.py:137} INFO - [2023-02-10T16:22:39.293+0000] {dag.py:3441} INFO - Setting next_dagrun for example_external_task_marker_child to None, run_after=None
[2023-02-10T16:22:39.300+0000] {logging_mixin.py:137} INFO - [2023-02-10T16:22:39.300+0000] {dag.py:3441} INFO - Setting next_dagrun for example_external_task_marker_parent to None, run_after=None
[2023-02-10T16:22:39.329+0000] {processor.py:175} INFO - Processing /home/airflow/.local/lib/python3.7/site-packages/airflow/example_dags/example_external_task_marker_dag.py took 0.165 seconds
[2023-02-10T16:23:10.250+0000] {processor.py:153} INFO - Started process (PID=2292) to work on /home/airflow/.local/lib/python3.7/site-packages/airflow/example_dags/example_external_task_marker_dag.py
[2023-02-10T16:23:10.255+0000] {processor.py:743} INFO - Processing file /home/airflow/.local/lib/python3.7/site-packages/airflow/example_dags/example_external_task_marker_dag.py for tasks to queue
[2023-02-10T16:23:10.258+0000] {logging_mixin.py:137} INFO - [2023-02-10T16:23:10.258+0000] {dagbag.py:538} INFO - Filling up the DagBag from /home/airflow/.local/lib/python3.7/site-packages/airflow/example_dags/example_external_task_marker_dag.py
[2023-02-10T16:23:10.284+0000] {processor.py:753} INFO - DAG(s) dict_keys(['example_external_task_marker_child', 'example_external_task_marker_parent']) retrieved from /home/airflow/.local/lib/python3.7/site-packages/airflow/example_dags/example_external_task_marker_dag.py
[2023-02-10T16:23:10.337+0000] {logging_mixin.py:137} INFO - [2023-02-10T16:23:10.337+0000] {dag.py:2690} INFO - Sync 2 DAGs
[2023-02-10T16:23:10.382+0000] {logging_mixin.py:137} INFO - [2023-02-10T16:23:10.381+0000] {dag.py:3441} INFO - Setting next_dagrun for example_external_task_marker_child to None, run_after=None
[2023-02-10T16:23:10.390+0000] {logging_mixin.py:137} INFO - [2023-02-10T16:23:10.390+0000] {dag.py:3441} INFO - Setting next_dagrun for example_external_task_marker_parent to None, run_after=None
[2023-02-10T16:23:10.424+0000] {processor.py:175} INFO - Processing /home/airflow/.local/lib/python3.7/site-packages/airflow/example_dags/example_external_task_marker_dag.py took 0.182 seconds
[2023-02-10T16:23:41.063+0000] {processor.py:153} INFO - Started process (PID=2369) to work on /home/airflow/.local/lib/python3.7/site-packages/airflow/example_dags/example_external_task_marker_dag.py
[2023-02-10T16:23:41.065+0000] {processor.py:743} INFO - Processing file /home/airflow/.local/lib/python3.7/site-packages/airflow/example_dags/example_external_task_marker_dag.py for tasks to queue
[2023-02-10T16:23:41.068+0000] {logging_mixin.py:137} INFO - [2023-02-10T16:23:41.068+0000] {dagbag.py:538} INFO - Filling up the DagBag from /home/airflow/.local/lib/python3.7/site-packages/airflow/example_dags/example_external_task_marker_dag.py
[2023-02-10T16:23:41.088+0000] {processor.py:753} INFO - DAG(s) dict_keys(['example_external_task_marker_parent', 'example_external_task_marker_child']) retrieved from /home/airflow/.local/lib/python3.7/site-packages/airflow/example_dags/example_external_task_marker_dag.py
[2023-02-10T16:23:41.127+0000] {logging_mixin.py:137} INFO - [2023-02-10T16:23:41.127+0000] {dag.py:2690} INFO - Sync 2 DAGs
[2023-02-10T16:23:41.162+0000] {logging_mixin.py:137} INFO - [2023-02-10T16:23:41.162+0000] {dag.py:3441} INFO - Setting next_dagrun for example_external_task_marker_child to None, run_after=None
[2023-02-10T16:23:41.169+0000] {logging_mixin.py:137} INFO - [2023-02-10T16:23:41.168+0000] {dag.py:3441} INFO - Setting next_dagrun for example_external_task_marker_parent to None, run_after=None
[2023-02-10T16:23:41.193+0000] {processor.py:175} INFO - Processing /home/airflow/.local/lib/python3.7/site-packages/airflow/example_dags/example_external_task_marker_dag.py took 0.136 seconds
[2023-02-10T16:24:11.444+0000] {processor.py:153} INFO - Started process (PID=2441) to work on /home/airflow/.local/lib/python3.7/site-packages/airflow/example_dags/example_external_task_marker_dag.py
[2023-02-10T16:24:11.447+0000] {processor.py:743} INFO - Processing file /home/airflow/.local/lib/python3.7/site-packages/airflow/example_dags/example_external_task_marker_dag.py for tasks to queue
[2023-02-10T16:24:11.448+0000] {logging_mixin.py:137} INFO - [2023-02-10T16:24:11.448+0000] {dagbag.py:538} INFO - Filling up the DagBag from /home/airflow/.local/lib/python3.7/site-packages/airflow/example_dags/example_external_task_marker_dag.py
[2023-02-10T16:24:11.466+0000] {processor.py:753} INFO - DAG(s) dict_keys(['example_external_task_marker_parent', 'example_external_task_marker_child']) retrieved from /home/airflow/.local/lib/python3.7/site-packages/airflow/example_dags/example_external_task_marker_dag.py
[2023-02-10T16:24:11.500+0000] {logging_mixin.py:137} INFO - [2023-02-10T16:24:11.500+0000] {dag.py:2690} INFO - Sync 2 DAGs
[2023-02-10T16:24:11.529+0000] {logging_mixin.py:137} INFO - [2023-02-10T16:24:11.529+0000] {dag.py:3441} INFO - Setting next_dagrun for example_external_task_marker_child to None, run_after=None
[2023-02-10T16:24:11.535+0000] {logging_mixin.py:137} INFO - [2023-02-10T16:24:11.534+0000] {dag.py:3441} INFO - Setting next_dagrun for example_external_task_marker_parent to None, run_after=None
[2023-02-10T16:24:11.556+0000] {processor.py:175} INFO - Processing /home/airflow/.local/lib/python3.7/site-packages/airflow/example_dags/example_external_task_marker_dag.py took 0.116 seconds
[2023-02-10T16:24:41.835+0000] {processor.py:153} INFO - Started process (PID=2526) to work on /home/airflow/.local/lib/python3.7/site-packages/airflow/example_dags/example_external_task_marker_dag.py
[2023-02-10T16:24:41.840+0000] {processor.py:743} INFO - Processing file /home/airflow/.local/lib/python3.7/site-packages/airflow/example_dags/example_external_task_marker_dag.py for tasks to queue
[2023-02-10T16:24:41.844+0000] {logging_mixin.py:137} INFO - [2023-02-10T16:24:41.844+0000] {dagbag.py:538} INFO - Filling up the DagBag from /home/airflow/.local/lib/python3.7/site-packages/airflow/example_dags/example_external_task_marker_dag.py
[2023-02-10T16:24:41.886+0000] {processor.py:753} INFO - DAG(s) dict_keys(['example_external_task_marker_child', 'example_external_task_marker_parent']) retrieved from /home/airflow/.local/lib/python3.7/site-packages/airflow/example_dags/example_external_task_marker_dag.py
[2023-02-10T16:24:41.941+0000] {logging_mixin.py:137} INFO - [2023-02-10T16:24:41.941+0000] {dag.py:2690} INFO - Sync 2 DAGs
[2023-02-10T16:24:41.983+0000] {logging_mixin.py:137} INFO - [2023-02-10T16:24:41.983+0000] {dag.py:3441} INFO - Setting next_dagrun for example_external_task_marker_child to None, run_after=None
[2023-02-10T16:24:41.991+0000] {logging_mixin.py:137} INFO - [2023-02-10T16:24:41.990+0000] {dag.py:3441} INFO - Setting next_dagrun for example_external_task_marker_parent to None, run_after=None
[2023-02-10T16:24:42.014+0000] {processor.py:175} INFO - Processing /home/airflow/.local/lib/python3.7/site-packages/airflow/example_dags/example_external_task_marker_dag.py took 0.193 seconds
[2023-02-10T16:25:12.095+0000] {processor.py:153} INFO - Started process (PID=2598) to work on /home/airflow/.local/lib/python3.7/site-packages/airflow/example_dags/example_external_task_marker_dag.py
[2023-02-10T16:25:12.097+0000] {processor.py:743} INFO - Processing file /home/airflow/.local/lib/python3.7/site-packages/airflow/example_dags/example_external_task_marker_dag.py for tasks to queue
[2023-02-10T16:25:12.099+0000] {logging_mixin.py:137} INFO - [2023-02-10T16:25:12.099+0000] {dagbag.py:538} INFO - Filling up the DagBag from /home/airflow/.local/lib/python3.7/site-packages/airflow/example_dags/example_external_task_marker_dag.py
[2023-02-10T16:25:12.118+0000] {processor.py:753} INFO - DAG(s) dict_keys(['example_external_task_marker_parent', 'example_external_task_marker_child']) retrieved from /home/airflow/.local/lib/python3.7/site-packages/airflow/example_dags/example_external_task_marker_dag.py
[2023-02-10T16:25:12.153+0000] {logging_mixin.py:137} INFO - [2023-02-10T16:25:12.152+0000] {dag.py:2690} INFO - Sync 2 DAGs
[2023-02-10T16:25:12.184+0000] {logging_mixin.py:137} INFO - [2023-02-10T16:25:12.184+0000] {dag.py:3441} INFO - Setting next_dagrun for example_external_task_marker_child to None, run_after=None
[2023-02-10T16:25:12.190+0000] {logging_mixin.py:137} INFO - [2023-02-10T16:25:12.190+0000] {dag.py:3441} INFO - Setting next_dagrun for example_external_task_marker_parent to None, run_after=None
[2023-02-10T16:25:12.213+0000] {processor.py:175} INFO - Processing /home/airflow/.local/lib/python3.7/site-packages/airflow/example_dags/example_external_task_marker_dag.py took 0.124 seconds
[2023-02-10T16:25:42.578+0000] {processor.py:153} INFO - Started process (PID=2670) to work on /home/airflow/.local/lib/python3.7/site-packages/airflow/example_dags/example_external_task_marker_dag.py
[2023-02-10T16:25:42.581+0000] {processor.py:743} INFO - Processing file /home/airflow/.local/lib/python3.7/site-packages/airflow/example_dags/example_external_task_marker_dag.py for tasks to queue
[2023-02-10T16:25:42.585+0000] {logging_mixin.py:137} INFO - [2023-02-10T16:25:42.584+0000] {dagbag.py:538} INFO - Filling up the DagBag from /home/airflow/.local/lib/python3.7/site-packages/airflow/example_dags/example_external_task_marker_dag.py
[2023-02-10T16:25:42.608+0000] {processor.py:753} INFO - DAG(s) dict_keys(['example_external_task_marker_child', 'example_external_task_marker_parent']) retrieved from /home/airflow/.local/lib/python3.7/site-packages/airflow/example_dags/example_external_task_marker_dag.py
[2023-02-10T16:25:42.654+0000] {logging_mixin.py:137} INFO - [2023-02-10T16:25:42.654+0000] {dag.py:2690} INFO - Sync 2 DAGs
[2023-02-10T16:25:42.689+0000] {logging_mixin.py:137} INFO - [2023-02-10T16:25:42.689+0000] {dag.py:3441} INFO - Setting next_dagrun for example_external_task_marker_child to None, run_after=None
[2023-02-10T16:25:42.695+0000] {logging_mixin.py:137} INFO - [2023-02-10T16:25:42.695+0000] {dag.py:3441} INFO - Setting next_dagrun for example_external_task_marker_parent to None, run_after=None
[2023-02-10T16:25:42.719+0000] {processor.py:175} INFO - Processing /home/airflow/.local/lib/python3.7/site-packages/airflow/example_dags/example_external_task_marker_dag.py took 0.146 seconds
[2023-02-10T16:26:13.348+0000] {processor.py:153} INFO - Started process (PID=2755) to work on /home/airflow/.local/lib/python3.7/site-packages/airflow/example_dags/example_external_task_marker_dag.py
[2023-02-10T16:26:13.350+0000] {processor.py:743} INFO - Processing file /home/airflow/.local/lib/python3.7/site-packages/airflow/example_dags/example_external_task_marker_dag.py for tasks to queue
[2023-02-10T16:26:13.354+0000] {logging_mixin.py:137} INFO - [2023-02-10T16:26:13.354+0000] {dagbag.py:538} INFO - Filling up the DagBag from /home/airflow/.local/lib/python3.7/site-packages/airflow/example_dags/example_external_task_marker_dag.py
[2023-02-10T16:26:13.375+0000] {processor.py:753} INFO - DAG(s) dict_keys(['example_external_task_marker_child', 'example_external_task_marker_parent']) retrieved from /home/airflow/.local/lib/python3.7/site-packages/airflow/example_dags/example_external_task_marker_dag.py
[2023-02-10T16:26:13.410+0000] {logging_mixin.py:137} INFO - [2023-02-10T16:26:13.410+0000] {dag.py:2690} INFO - Sync 2 DAGs
[2023-02-10T16:26:13.441+0000] {logging_mixin.py:137} INFO - [2023-02-10T16:26:13.440+0000] {dag.py:3441} INFO - Setting next_dagrun for example_external_task_marker_child to None, run_after=None
[2023-02-10T16:26:13.445+0000] {logging_mixin.py:137} INFO - [2023-02-10T16:26:13.445+0000] {dag.py:3441} INFO - Setting next_dagrun for example_external_task_marker_parent to None, run_after=None
[2023-02-10T16:26:13.466+0000] {processor.py:175} INFO - Processing /home/airflow/.local/lib/python3.7/site-packages/airflow/example_dags/example_external_task_marker_dag.py took 0.123 seconds
[2023-02-10T16:26:43.563+0000] {processor.py:153} INFO - Started process (PID=2829) to work on /home/airflow/.local/lib/python3.7/site-packages/airflow/example_dags/example_external_task_marker_dag.py
[2023-02-10T16:26:43.565+0000] {processor.py:743} INFO - Processing file /home/airflow/.local/lib/python3.7/site-packages/airflow/example_dags/example_external_task_marker_dag.py for tasks to queue
[2023-02-10T16:26:43.567+0000] {logging_mixin.py:137} INFO - [2023-02-10T16:26:43.566+0000] {dagbag.py:538} INFO - Filling up the DagBag from /home/airflow/.local/lib/python3.7/site-packages/airflow/example_dags/example_external_task_marker_dag.py
[2023-02-10T16:26:43.582+0000] {processor.py:753} INFO - DAG(s) dict_keys(['example_external_task_marker_parent', 'example_external_task_marker_child']) retrieved from /home/airflow/.local/lib/python3.7/site-packages/airflow/example_dags/example_external_task_marker_dag.py
[2023-02-10T16:26:43.624+0000] {logging_mixin.py:137} INFO - [2023-02-10T16:26:43.624+0000] {dag.py:2690} INFO - Sync 2 DAGs
[2023-02-10T16:26:43.666+0000] {logging_mixin.py:137} INFO - [2023-02-10T16:26:43.666+0000] {dag.py:3441} INFO - Setting next_dagrun for example_external_task_marker_child to None, run_after=None
[2023-02-10T16:26:43.675+0000] {logging_mixin.py:137} INFO - [2023-02-10T16:26:43.675+0000] {dag.py:3441} INFO - Setting next_dagrun for example_external_task_marker_parent to None, run_after=None
[2023-02-10T16:26:43.708+0000] {processor.py:175} INFO - Processing /home/airflow/.local/lib/python3.7/site-packages/airflow/example_dags/example_external_task_marker_dag.py took 0.148 seconds
[2023-02-10T16:27:14.181+0000] {processor.py:153} INFO - Started process (PID=2909) to work on /home/airflow/.local/lib/python3.7/site-packages/airflow/example_dags/example_external_task_marker_dag.py
[2023-02-10T16:27:14.183+0000] {processor.py:743} INFO - Processing file /home/airflow/.local/lib/python3.7/site-packages/airflow/example_dags/example_external_task_marker_dag.py for tasks to queue
[2023-02-10T16:27:14.184+0000] {logging_mixin.py:137} INFO - [2023-02-10T16:27:14.184+0000] {dagbag.py:538} INFO - Filling up the DagBag from /home/airflow/.local/lib/python3.7/site-packages/airflow/example_dags/example_external_task_marker_dag.py
[2023-02-10T16:27:14.202+0000] {processor.py:753} INFO - DAG(s) dict_keys(['example_external_task_marker_child', 'example_external_task_marker_parent']) retrieved from /home/airflow/.local/lib/python3.7/site-packages/airflow/example_dags/example_external_task_marker_dag.py
[2023-02-10T16:27:14.235+0000] {logging_mixin.py:137} INFO - [2023-02-10T16:27:14.235+0000] {dag.py:2690} INFO - Sync 2 DAGs
[2023-02-10T16:27:14.267+0000] {logging_mixin.py:137} INFO - [2023-02-10T16:27:14.266+0000] {dag.py:3441} INFO - Setting next_dagrun for example_external_task_marker_child to None, run_after=None
[2023-02-10T16:27:14.273+0000] {logging_mixin.py:137} INFO - [2023-02-10T16:27:14.273+0000] {dag.py:3441} INFO - Setting next_dagrun for example_external_task_marker_parent to None, run_after=None
[2023-02-10T16:27:14.295+0000] {processor.py:175} INFO - Processing /home/airflow/.local/lib/python3.7/site-packages/airflow/example_dags/example_external_task_marker_dag.py took 0.117 seconds
[2023-02-10T16:27:44.591+0000] {processor.py:153} INFO - Started process (PID=2986) to work on /home/airflow/.local/lib/python3.7/site-packages/airflow/example_dags/example_external_task_marker_dag.py
[2023-02-10T16:27:44.594+0000] {processor.py:743} INFO - Processing file /home/airflow/.local/lib/python3.7/site-packages/airflow/example_dags/example_external_task_marker_dag.py for tasks to queue
[2023-02-10T16:27:44.596+0000] {logging_mixin.py:137} INFO - [2023-02-10T16:27:44.596+0000] {dagbag.py:538} INFO - Filling up the DagBag from /home/airflow/.local/lib/python3.7/site-packages/airflow/example_dags/example_external_task_marker_dag.py
[2023-02-10T16:27:44.616+0000] {processor.py:753} INFO - DAG(s) dict_keys(['example_external_task_marker_parent', 'example_external_task_marker_child']) retrieved from /home/airflow/.local/lib/python3.7/site-packages/airflow/example_dags/example_external_task_marker_dag.py
[2023-02-10T16:27:44.657+0000] {logging_mixin.py:137} INFO - [2023-02-10T16:27:44.657+0000] {dag.py:2690} INFO - Sync 2 DAGs
[2023-02-10T16:27:44.691+0000] {logging_mixin.py:137} INFO - [2023-02-10T16:27:44.690+0000] {dag.py:3441} INFO - Setting next_dagrun for example_external_task_marker_child to None, run_after=None
[2023-02-10T16:27:44.696+0000] {logging_mixin.py:137} INFO - [2023-02-10T16:27:44.696+0000] {dag.py:3441} INFO - Setting next_dagrun for example_external_task_marker_parent to None, run_after=None
[2023-02-10T16:27:44.719+0000] {processor.py:175} INFO - Processing /home/airflow/.local/lib/python3.7/site-packages/airflow/example_dags/example_external_task_marker_dag.py took 0.133 seconds
[2023-02-10T16:28:15.037+0000] {processor.py:153} INFO - Started process (PID=3058) to work on /home/airflow/.local/lib/python3.7/site-packages/airflow/example_dags/example_external_task_marker_dag.py
[2023-02-10T16:28:15.039+0000] {processor.py:743} INFO - Processing file /home/airflow/.local/lib/python3.7/site-packages/airflow/example_dags/example_external_task_marker_dag.py for tasks to queue
[2023-02-10T16:28:15.041+0000] {logging_mixin.py:137} INFO - [2023-02-10T16:28:15.040+0000] {dagbag.py:538} INFO - Filling up the DagBag from /home/airflow/.local/lib/python3.7/site-packages/airflow/example_dags/example_external_task_marker_dag.py
[2023-02-10T16:28:15.059+0000] {processor.py:753} INFO - DAG(s) dict_keys(['example_external_task_marker_parent', 'example_external_task_marker_child']) retrieved from /home/airflow/.local/lib/python3.7/site-packages/airflow/example_dags/example_external_task_marker_dag.py
[2023-02-10T16:28:15.093+0000] {logging_mixin.py:137} INFO - [2023-02-10T16:28:15.093+0000] {dag.py:2690} INFO - Sync 2 DAGs
[2023-02-10T16:28:15.124+0000] {logging_mixin.py:137} INFO - [2023-02-10T16:28:15.124+0000] {dag.py:3441} INFO - Setting next_dagrun for example_external_task_marker_child to None, run_after=None
[2023-02-10T16:28:15.129+0000] {logging_mixin.py:137} INFO - [2023-02-10T16:28:15.129+0000] {dag.py:3441} INFO - Setting next_dagrun for example_external_task_marker_parent to None, run_after=None
[2023-02-10T16:28:15.149+0000] {processor.py:175} INFO - Processing /home/airflow/.local/lib/python3.7/site-packages/airflow/example_dags/example_external_task_marker_dag.py took 0.117 seconds
[2023-02-10T16:28:45.725+0000] {processor.py:153} INFO - Started process (PID=3144) to work on /home/airflow/.local/lib/python3.7/site-packages/airflow/example_dags/example_external_task_marker_dag.py
[2023-02-10T16:28:45.728+0000] {processor.py:743} INFO - Processing file /home/airflow/.local/lib/python3.7/site-packages/airflow/example_dags/example_external_task_marker_dag.py for tasks to queue
[2023-02-10T16:28:45.730+0000] {logging_mixin.py:137} INFO - [2023-02-10T16:28:45.730+0000] {dagbag.py:538} INFO - Filling up the DagBag from /home/airflow/.local/lib/python3.7/site-packages/airflow/example_dags/example_external_task_marker_dag.py
[2023-02-10T16:28:45.754+0000] {processor.py:753} INFO - DAG(s) dict_keys(['example_external_task_marker_parent', 'example_external_task_marker_child']) retrieved from /home/airflow/.local/lib/python3.7/site-packages/airflow/example_dags/example_external_task_marker_dag.py
[2023-02-10T16:28:45.796+0000] {logging_mixin.py:137} INFO - [2023-02-10T16:28:45.796+0000] {dag.py:2690} INFO - Sync 2 DAGs
[2023-02-10T16:28:45.833+0000] {logging_mixin.py:137} INFO - [2023-02-10T16:28:45.832+0000] {dag.py:3441} INFO - Setting next_dagrun for example_external_task_marker_child to None, run_after=None
[2023-02-10T16:28:45.838+0000] {logging_mixin.py:137} INFO - [2023-02-10T16:28:45.838+0000] {dag.py:3441} INFO - Setting next_dagrun for example_external_task_marker_parent to None, run_after=None
[2023-02-10T16:28:45.863+0000] {processor.py:175} INFO - Processing /home/airflow/.local/lib/python3.7/site-packages/airflow/example_dags/example_external_task_marker_dag.py took 0.141 seconds
[2023-02-10T16:29:16.021+0000] {processor.py:153} INFO - Started process (PID=3217) to work on /home/airflow/.local/lib/python3.7/site-packages/airflow/example_dags/example_external_task_marker_dag.py
[2023-02-10T16:29:16.024+0000] {processor.py:743} INFO - Processing file /home/airflow/.local/lib/python3.7/site-packages/airflow/example_dags/example_external_task_marker_dag.py for tasks to queue
[2023-02-10T16:29:16.027+0000] {logging_mixin.py:137} INFO - [2023-02-10T16:29:16.026+0000] {dagbag.py:538} INFO - Filling up the DagBag from /home/airflow/.local/lib/python3.7/site-packages/airflow/example_dags/example_external_task_marker_dag.py
[2023-02-10T16:29:16.052+0000] {processor.py:753} INFO - DAG(s) dict_keys(['example_external_task_marker_parent', 'example_external_task_marker_child']) retrieved from /home/airflow/.local/lib/python3.7/site-packages/airflow/example_dags/example_external_task_marker_dag.py
[2023-02-10T16:29:16.111+0000] {logging_mixin.py:137} INFO - [2023-02-10T16:29:16.111+0000] {dag.py:2690} INFO - Sync 2 DAGs
[2023-02-10T16:29:16.154+0000] {logging_mixin.py:137} INFO - [2023-02-10T16:29:16.153+0000] {dag.py:3441} INFO - Setting next_dagrun for example_external_task_marker_child to None, run_after=None
[2023-02-10T16:29:16.160+0000] {logging_mixin.py:137} INFO - [2023-02-10T16:29:16.160+0000] {dag.py:3441} INFO - Setting next_dagrun for example_external_task_marker_parent to None, run_after=None
[2023-02-10T16:29:16.187+0000] {processor.py:175} INFO - Processing /home/airflow/.local/lib/python3.7/site-packages/airflow/example_dags/example_external_task_marker_dag.py took 0.172 seconds
[2023-02-10T16:29:46.834+0000] {processor.py:153} INFO - Started process (PID=3288) to work on /home/airflow/.local/lib/python3.7/site-packages/airflow/example_dags/example_external_task_marker_dag.py
[2023-02-10T16:29:46.836+0000] {processor.py:743} INFO - Processing file /home/airflow/.local/lib/python3.7/site-packages/airflow/example_dags/example_external_task_marker_dag.py for tasks to queue
[2023-02-10T16:29:46.838+0000] {logging_mixin.py:137} INFO - [2023-02-10T16:29:46.838+0000] {dagbag.py:538} INFO - Filling up the DagBag from /home/airflow/.local/lib/python3.7/site-packages/airflow/example_dags/example_external_task_marker_dag.py
[2023-02-10T16:29:46.854+0000] {processor.py:753} INFO - DAG(s) dict_keys(['example_external_task_marker_child', 'example_external_task_marker_parent']) retrieved from /home/airflow/.local/lib/python3.7/site-packages/airflow/example_dags/example_external_task_marker_dag.py
[2023-02-10T16:29:46.889+0000] {logging_mixin.py:137} INFO - [2023-02-10T16:29:46.889+0000] {dag.py:2690} INFO - Sync 2 DAGs
[2023-02-10T16:29:46.921+0000] {logging_mixin.py:137} INFO - [2023-02-10T16:29:46.921+0000] {dag.py:3441} INFO - Setting next_dagrun for example_external_task_marker_child to None, run_after=None
[2023-02-10T16:29:46.927+0000] {logging_mixin.py:137} INFO - [2023-02-10T16:29:46.927+0000] {dag.py:3441} INFO - Setting next_dagrun for example_external_task_marker_parent to None, run_after=None
[2023-02-10T16:29:46.952+0000] {processor.py:175} INFO - Processing /home/airflow/.local/lib/python3.7/site-packages/airflow/example_dags/example_external_task_marker_dag.py took 0.123 seconds
[2023-02-10T16:30:17.504+0000] {processor.py:153} INFO - Started process (PID=3374) to work on /home/airflow/.local/lib/python3.7/site-packages/airflow/example_dags/example_external_task_marker_dag.py
[2023-02-10T16:30:17.506+0000] {processor.py:743} INFO - Processing file /home/airflow/.local/lib/python3.7/site-packages/airflow/example_dags/example_external_task_marker_dag.py for tasks to queue
[2023-02-10T16:30:17.508+0000] {logging_mixin.py:137} INFO - [2023-02-10T16:30:17.508+0000] {dagbag.py:538} INFO - Filling up the DagBag from /home/airflow/.local/lib/python3.7/site-packages/airflow/example_dags/example_external_task_marker_dag.py
[2023-02-10T16:30:17.526+0000] {processor.py:753} INFO - DAG(s) dict_keys(['example_external_task_marker_child', 'example_external_task_marker_parent']) retrieved from /home/airflow/.local/lib/python3.7/site-packages/airflow/example_dags/example_external_task_marker_dag.py
[2023-02-10T16:30:17.559+0000] {logging_mixin.py:137} INFO - [2023-02-10T16:30:17.559+0000] {dag.py:2690} INFO - Sync 2 DAGs
[2023-02-10T16:30:17.589+0000] {logging_mixin.py:137} INFO - [2023-02-10T16:30:17.589+0000] {dag.py:3441} INFO - Setting next_dagrun for example_external_task_marker_child to None, run_after=None
[2023-02-10T16:30:17.594+0000] {logging_mixin.py:137} INFO - [2023-02-10T16:30:17.594+0000] {dag.py:3441} INFO - Setting next_dagrun for example_external_task_marker_parent to None, run_after=None
[2023-02-10T16:30:17.615+0000] {processor.py:175} INFO - Processing /home/airflow/.local/lib/python3.7/site-packages/airflow/example_dags/example_external_task_marker_dag.py took 0.116 seconds
[2023-02-10T16:30:47.992+0000] {processor.py:153} INFO - Started process (PID=3445) to work on /home/airflow/.local/lib/python3.7/site-packages/airflow/example_dags/example_external_task_marker_dag.py
[2023-02-10T16:30:47.994+0000] {processor.py:743} INFO - Processing file /home/airflow/.local/lib/python3.7/site-packages/airflow/example_dags/example_external_task_marker_dag.py for tasks to queue
[2023-02-10T16:30:47.996+0000] {logging_mixin.py:137} INFO - [2023-02-10T16:30:47.996+0000] {dagbag.py:538} INFO - Filling up the DagBag from /home/airflow/.local/lib/python3.7/site-packages/airflow/example_dags/example_external_task_marker_dag.py
[2023-02-10T16:30:48.015+0000] {processor.py:753} INFO - DAG(s) dict_keys(['example_external_task_marker_child', 'example_external_task_marker_parent']) retrieved from /home/airflow/.local/lib/python3.7/site-packages/airflow/example_dags/example_external_task_marker_dag.py
[2023-02-10T16:30:48.051+0000] {logging_mixin.py:137} INFO - [2023-02-10T16:30:48.051+0000] {dag.py:2690} INFO - Sync 2 DAGs
[2023-02-10T16:30:48.084+0000] {logging_mixin.py:137} INFO - [2023-02-10T16:30:48.084+0000] {dag.py:3441} INFO - Setting next_dagrun for example_external_task_marker_child to None, run_after=None
[2023-02-10T16:30:48.091+0000] {logging_mixin.py:137} INFO - [2023-02-10T16:30:48.091+0000] {dag.py:3441} INFO - Setting next_dagrun for example_external_task_marker_parent to None, run_after=None
[2023-02-10T16:30:48.120+0000] {processor.py:175} INFO - Processing /home/airflow/.local/lib/python3.7/site-packages/airflow/example_dags/example_external_task_marker_dag.py took 0.133 seconds
[2023-02-10T16:31:18.397+0000] {processor.py:153} INFO - Started process (PID=3533) to work on /home/airflow/.local/lib/python3.7/site-packages/airflow/example_dags/example_external_task_marker_dag.py
[2023-02-10T16:31:18.399+0000] {processor.py:743} INFO - Processing file /home/airflow/.local/lib/python3.7/site-packages/airflow/example_dags/example_external_task_marker_dag.py for tasks to queue
[2023-02-10T16:31:18.402+0000] {logging_mixin.py:137} INFO - [2023-02-10T16:31:18.401+0000] {dagbag.py:538} INFO - Filling up the DagBag from /home/airflow/.local/lib/python3.7/site-packages/airflow/example_dags/example_external_task_marker_dag.py
[2023-02-10T16:31:18.424+0000] {processor.py:753} INFO - DAG(s) dict_keys(['example_external_task_marker_child', 'example_external_task_marker_parent']) retrieved from /home/airflow/.local/lib/python3.7/site-packages/airflow/example_dags/example_external_task_marker_dag.py
[2023-02-10T16:31:18.469+0000] {logging_mixin.py:137} INFO - [2023-02-10T16:31:18.469+0000] {dag.py:2690} INFO - Sync 2 DAGs
[2023-02-10T16:31:18.504+0000] {logging_mixin.py:137} INFO - [2023-02-10T16:31:18.504+0000] {dag.py:3441} INFO - Setting next_dagrun for example_external_task_marker_child to None, run_after=None
[2023-02-10T16:31:18.510+0000] {logging_mixin.py:137} INFO - [2023-02-10T16:31:18.509+0000] {dag.py:3441} INFO - Setting next_dagrun for example_external_task_marker_parent to None, run_after=None
[2023-02-10T16:31:18.533+0000] {processor.py:175} INFO - Processing /home/airflow/.local/lib/python3.7/site-packages/airflow/example_dags/example_external_task_marker_dag.py took 0.141 seconds
[2023-02-10T16:31:48.941+0000] {processor.py:153} INFO - Started process (PID=3605) to work on /home/airflow/.local/lib/python3.7/site-packages/airflow/example_dags/example_external_task_marker_dag.py
[2023-02-10T16:31:48.944+0000] {processor.py:743} INFO - Processing file /home/airflow/.local/lib/python3.7/site-packages/airflow/example_dags/example_external_task_marker_dag.py for tasks to queue
[2023-02-10T16:31:48.947+0000] {logging_mixin.py:137} INFO - [2023-02-10T16:31:48.946+0000] {dagbag.py:538} INFO - Filling up the DagBag from /home/airflow/.local/lib/python3.7/site-packages/airflow/example_dags/example_external_task_marker_dag.py
[2023-02-10T16:31:48.968+0000] {processor.py:753} INFO - DAG(s) dict_keys(['example_external_task_marker_child', 'example_external_task_marker_parent']) retrieved from /home/airflow/.local/lib/python3.7/site-packages/airflow/example_dags/example_external_task_marker_dag.py
[2023-02-10T16:31:49.012+0000] {logging_mixin.py:137} INFO - [2023-02-10T16:31:49.012+0000] {dag.py:2690} INFO - Sync 2 DAGs
[2023-02-10T16:31:49.055+0000] {logging_mixin.py:137} INFO - [2023-02-10T16:31:49.055+0000] {dag.py:3441} INFO - Setting next_dagrun for example_external_task_marker_child to None, run_after=None
[2023-02-10T16:31:49.062+0000] {logging_mixin.py:137} INFO - [2023-02-10T16:31:49.062+0000] {dag.py:3441} INFO - Setting next_dagrun for example_external_task_marker_parent to None, run_after=None
[2023-02-10T16:31:49.089+0000] {processor.py:175} INFO - Processing /home/airflow/.local/lib/python3.7/site-packages/airflow/example_dags/example_external_task_marker_dag.py took 0.154 seconds
[2023-02-10T16:32:19.207+0000] {processor.py:153} INFO - Started process (PID=3678) to work on /home/airflow/.local/lib/python3.7/site-packages/airflow/example_dags/example_external_task_marker_dag.py
[2023-02-10T16:32:19.210+0000] {processor.py:743} INFO - Processing file /home/airflow/.local/lib/python3.7/site-packages/airflow/example_dags/example_external_task_marker_dag.py for tasks to queue
[2023-02-10T16:32:19.212+0000] {logging_mixin.py:137} INFO - [2023-02-10T16:32:19.212+0000] {dagbag.py:538} INFO - Filling up the DagBag from /home/airflow/.local/lib/python3.7/site-packages/airflow/example_dags/example_external_task_marker_dag.py
[2023-02-10T16:32:19.233+0000] {processor.py:753} INFO - DAG(s) dict_keys(['example_external_task_marker_child', 'example_external_task_marker_parent']) retrieved from /home/airflow/.local/lib/python3.7/site-packages/airflow/example_dags/example_external_task_marker_dag.py
[2023-02-10T16:32:19.275+0000] {logging_mixin.py:137} INFO - [2023-02-10T16:32:19.275+0000] {dag.py:2690} INFO - Sync 2 DAGs
[2023-02-10T16:32:19.315+0000] {logging_mixin.py:137} INFO - [2023-02-10T16:32:19.315+0000] {dag.py:3441} INFO - Setting next_dagrun for example_external_task_marker_child to None, run_after=None
[2023-02-10T16:32:19.323+0000] {logging_mixin.py:137} INFO - [2023-02-10T16:32:19.323+0000] {dag.py:3441} INFO - Setting next_dagrun for example_external_task_marker_parent to None, run_after=None
[2023-02-10T16:32:19.351+0000] {processor.py:175} INFO - Processing /home/airflow/.local/lib/python3.7/site-packages/airflow/example_dags/example_external_task_marker_dag.py took 0.148 seconds
[2023-02-10T16:32:49.455+0000] {processor.py:153} INFO - Started process (PID=3760) to work on /home/airflow/.local/lib/python3.7/site-packages/airflow/example_dags/example_external_task_marker_dag.py
[2023-02-10T16:32:49.456+0000] {processor.py:743} INFO - Processing file /home/airflow/.local/lib/python3.7/site-packages/airflow/example_dags/example_external_task_marker_dag.py for tasks to queue
[2023-02-10T16:32:49.458+0000] {logging_mixin.py:137} INFO - [2023-02-10T16:32:49.458+0000] {dagbag.py:538} INFO - Filling up the DagBag from /home/airflow/.local/lib/python3.7/site-packages/airflow/example_dags/example_external_task_marker_dag.py
[2023-02-10T16:32:49.478+0000] {processor.py:753} INFO - DAG(s) dict_keys(['example_external_task_marker_child', 'example_external_task_marker_parent']) retrieved from /home/airflow/.local/lib/python3.7/site-packages/airflow/example_dags/example_external_task_marker_dag.py
[2023-02-10T16:32:49.514+0000] {logging_mixin.py:137} INFO - [2023-02-10T16:32:49.513+0000] {dag.py:2690} INFO - Sync 2 DAGs
[2023-02-10T16:32:49.545+0000] {logging_mixin.py:137} INFO - [2023-02-10T16:32:49.544+0000] {dag.py:3441} INFO - Setting next_dagrun for example_external_task_marker_child to None, run_after=None
[2023-02-10T16:32:49.551+0000] {logging_mixin.py:137} INFO - [2023-02-10T16:32:49.551+0000] {dag.py:3441} INFO - Setting next_dagrun for example_external_task_marker_parent to None, run_after=None
[2023-02-10T16:32:49.579+0000] {processor.py:175} INFO - Processing /home/airflow/.local/lib/python3.7/site-packages/airflow/example_dags/example_external_task_marker_dag.py took 0.129 seconds
