[2023-02-01T19:10:04.185+0000] {taskinstance.py:1083} INFO - Dependencies all met for <TaskInstance: CSV_DAG.convertCSVToJson scheduled__2023-02-01T13:20:00+00:00 [queued]>
[2023-02-01T19:10:04.218+0000] {taskinstance.py:1083} INFO - Dependencies all met for <TaskInstance: CSV_DAG.convertCSVToJson scheduled__2023-02-01T13:20:00+00:00 [queued]>
[2023-02-01T19:10:04.223+0000] {taskinstance.py:1279} INFO - 
--------------------------------------------------------------------------------
[2023-02-01T19:10:04.229+0000] {taskinstance.py:1280} INFO - Starting attempt 1 of 2
[2023-02-01T19:10:04.230+0000] {taskinstance.py:1281} INFO - 
--------------------------------------------------------------------------------
[2023-02-01T19:10:04.287+0000] {taskinstance.py:1300} INFO - Executing <Task(PythonOperator): convertCSVToJson> on 2023-02-01 13:20:00+00:00
[2023-02-01T19:10:04.301+0000] {standard_task_runner.py:55} INFO - Started process 1358 to run task
[2023-02-01T19:10:04.337+0000] {standard_task_runner.py:82} INFO - Running: ['***', 'tasks', 'run', 'CSV_DAG', 'convertCSVToJson', 'scheduled__2023-02-01T13:20:00+00:00', '--job-id', '351', '--raw', '--subdir', 'DAGS_FOLDER/csv.py', '--cfg-path', '/tmp/tmp696g6v2l']
[2023-02-01T19:10:04.341+0000] {standard_task_runner.py:83} INFO - Job 351: Subtask convertCSVToJson
[2023-02-01T19:10:04.652+0000] {task_command.py:388} INFO - Running <TaskInstance: CSV_DAG.convertCSVToJson scheduled__2023-02-01T13:20:00+00:00 [running]> on host 06d8060e8530
[2023-02-01T19:10:04.886+0000] {taskinstance.py:1509} INFO - Exporting the following env vars:
AIRFLOW_CTX_DAG_OWNER=Kevin Chalmers
AIRFLOW_CTX_DAG_ID=CSV_DAG
AIRFLOW_CTX_TASK_ID=convertCSVToJson
AIRFLOW_CTX_EXECUTION_DATE=2023-02-01T13:20:00+00:00
AIRFLOW_CTX_TRY_NUMBER=1
AIRFLOW_CTX_DAG_RUN_ID=scheduled__2023-02-01T13:20:00+00:00
[2023-02-01T19:10:04.926+0000] {logging_mixin.py:137} INFO - Angelica Lopez
[2023-02-01T19:10:04.933+0000] {logging_mixin.py:137} INFO - Betty Wright
[2023-02-01T19:10:04.952+0000] {logging_mixin.py:137} INFO - Sara Schmidt
[2023-02-01T19:10:04.975+0000] {logging_mixin.py:137} INFO - Dr. Sherry Rodriguez
[2023-02-01T19:10:04.977+0000] {logging_mixin.py:137} INFO - Rebecca Mills
[2023-02-01T19:10:04.979+0000] {logging_mixin.py:137} INFO - Andrew Anderson
[2023-02-01T19:10:04.983+0000] {logging_mixin.py:137} INFO - Martin Everett
[2023-02-01T19:10:04.991+0000] {logging_mixin.py:137} INFO - Felicia Gregory
[2023-02-01T19:10:04.999+0000] {logging_mixin.py:137} INFO - Kara Bowers
[2023-02-01T19:10:05.005+0000] {logging_mixin.py:137} INFO - Vincent Vincent
[2023-02-01T19:10:05.007+0000] {logging_mixin.py:137} INFO - Morgan Butler
[2023-02-01T19:10:05.009+0000] {logging_mixin.py:137} INFO - Stephen Riley
[2023-02-01T19:10:05.012+0000] {logging_mixin.py:137} INFO - Wanda Thomas
[2023-02-01T19:10:05.017+0000] {logging_mixin.py:137} INFO - Michelle Schultz
[2023-02-01T19:10:05.019+0000] {logging_mixin.py:137} INFO - Christopher Rush MD
[2023-02-01T19:10:05.022+0000] {logging_mixin.py:137} INFO - Phyllis Miles
[2023-02-01T19:10:05.023+0000] {logging_mixin.py:137} INFO - Rebecca Price
[2023-02-01T19:10:05.029+0000] {logging_mixin.py:137} INFO - John Morse
[2023-02-01T19:10:05.030+0000] {logging_mixin.py:137} INFO - Nicholas Sanchez
[2023-02-01T19:10:05.033+0000] {logging_mixin.py:137} INFO - Crystal Dean
[2023-02-01T19:10:05.035+0000] {logging_mixin.py:137} INFO - Tyler Diaz
[2023-02-01T19:10:05.039+0000] {logging_mixin.py:137} INFO - Denise Mclean
[2023-02-01T19:10:05.042+0000] {logging_mixin.py:137} INFO - Daniel Grant
[2023-02-01T19:10:05.043+0000] {logging_mixin.py:137} INFO - Sandra Peterson
[2023-02-01T19:10:05.045+0000] {logging_mixin.py:137} INFO - Denise Morse
[2023-02-01T19:10:05.047+0000] {logging_mixin.py:137} INFO - Brianna Smith
[2023-02-01T19:10:05.049+0000] {logging_mixin.py:137} INFO - Tony Miller
[2023-02-01T19:10:05.051+0000] {logging_mixin.py:137} INFO - Jean Booth
[2023-02-01T19:10:05.054+0000] {logging_mixin.py:137} INFO - Penny Salazar
[2023-02-01T19:10:05.058+0000] {logging_mixin.py:137} INFO - Cathy Williams
[2023-02-01T19:10:05.062+0000] {logging_mixin.py:137} INFO - Hannah Collins
[2023-02-01T19:10:05.064+0000] {logging_mixin.py:137} INFO - Maurice Casey
[2023-02-01T19:10:05.066+0000] {logging_mixin.py:137} INFO - Patrick Walker
[2023-02-01T19:10:05.070+0000] {logging_mixin.py:137} INFO - Pamela Barton
[2023-02-01T19:10:05.073+0000] {logging_mixin.py:137} INFO - Anthony Bryant
[2023-02-01T19:10:05.079+0000] {logging_mixin.py:137} INFO - Andrew Harris
[2023-02-01T19:10:05.081+0000] {logging_mixin.py:137} INFO - Aaron Harris
[2023-02-01T19:10:05.084+0000] {logging_mixin.py:137} INFO - Maureen Soto
[2023-02-01T19:10:05.086+0000] {logging_mixin.py:137} INFO - Crystal Mcdaniel
[2023-02-01T19:10:05.090+0000] {logging_mixin.py:137} INFO - Lauren Barrett
[2023-02-01T19:10:05.093+0000] {logging_mixin.py:137} INFO - Brandon Perez
[2023-02-01T19:10:05.095+0000] {logging_mixin.py:137} INFO - Mark Robertson
[2023-02-01T19:10:05.097+0000] {logging_mixin.py:137} INFO - Nicole Gates
[2023-02-01T19:10:05.103+0000] {logging_mixin.py:137} INFO - Bradley Cruz
[2023-02-01T19:10:05.105+0000] {logging_mixin.py:137} INFO - Gina Burns
[2023-02-01T19:10:05.108+0000] {logging_mixin.py:137} INFO - Zachary Martinez
[2023-02-01T19:10:05.109+0000] {logging_mixin.py:137} INFO - Natasha Johnson
[2023-02-01T19:10:05.111+0000] {logging_mixin.py:137} INFO - Patrick Gonzales
[2023-02-01T19:10:05.114+0000] {logging_mixin.py:137} INFO - Terri Wilson
[2023-02-01T19:10:05.116+0000] {logging_mixin.py:137} INFO - Sarah Lopez
[2023-02-01T19:10:05.118+0000] {logging_mixin.py:137} INFO - Dana Turner
[2023-02-01T19:10:05.125+0000] {logging_mixin.py:137} INFO - Cynthia Johnson
[2023-02-01T19:10:05.127+0000] {logging_mixin.py:137} INFO - William Thornton
[2023-02-01T19:10:05.130+0000] {logging_mixin.py:137} INFO - James Lee
[2023-02-01T19:10:05.135+0000] {logging_mixin.py:137} INFO - Stephen Allen
[2023-02-01T19:10:05.142+0000] {logging_mixin.py:137} INFO - William Stark
[2023-02-01T19:10:05.145+0000] {logging_mixin.py:137} INFO - Michael Parker
[2023-02-01T19:10:05.147+0000] {logging_mixin.py:137} INFO - Lisa Stephens
[2023-02-01T19:10:05.149+0000] {logging_mixin.py:137} INFO - Mr. Reginald Wise DDS
[2023-02-01T19:10:05.155+0000] {logging_mixin.py:137} INFO - Alexander James
[2023-02-01T19:10:05.157+0000] {logging_mixin.py:137} INFO - Kristen West
[2023-02-01T19:10:05.161+0000] {logging_mixin.py:137} INFO - Elizabeth Sanchez
[2023-02-01T19:10:05.168+0000] {logging_mixin.py:137} INFO - Jennifer Wilson
[2023-02-01T19:10:05.172+0000] {logging_mixin.py:137} INFO - Catherine Nicholson
[2023-02-01T19:10:05.174+0000] {logging_mixin.py:137} INFO - David Henderson
[2023-02-01T19:10:05.179+0000] {logging_mixin.py:137} INFO - Stephen Davis
[2023-02-01T19:10:05.181+0000] {logging_mixin.py:137} INFO - Paul Skinner
[2023-02-01T19:10:05.184+0000] {logging_mixin.py:137} INFO - Rebecca Wong
[2023-02-01T19:10:05.190+0000] {logging_mixin.py:137} INFO - Tara Benitez
[2023-02-01T19:10:05.191+0000] {logging_mixin.py:137} INFO - Sharon Miller
[2023-02-01T19:10:05.194+0000] {logging_mixin.py:137} INFO - Cynthia Smith
[2023-02-01T19:10:05.199+0000] {logging_mixin.py:137} INFO - Jennifer Werner
[2023-02-01T19:10:05.204+0000] {logging_mixin.py:137} INFO - Rebecca Tucker
[2023-02-01T19:10:05.206+0000] {logging_mixin.py:137} INFO - Ashlee Castillo
[2023-02-01T19:10:05.210+0000] {logging_mixin.py:137} INFO - Christopher Holmes
[2023-02-01T19:10:05.212+0000] {logging_mixin.py:137} INFO - Daniel Velez
[2023-02-01T19:10:05.217+0000] {logging_mixin.py:137} INFO - Amy Serrano
[2023-02-01T19:10:05.220+0000] {logging_mixin.py:137} INFO - Alison Nash
[2023-02-01T19:10:05.224+0000] {logging_mixin.py:137} INFO - Peter Johnson
[2023-02-01T19:10:05.227+0000] {logging_mixin.py:137} INFO - Breanna Harris
[2023-02-01T19:10:05.230+0000] {logging_mixin.py:137} INFO - Eric King
[2023-02-01T19:10:05.232+0000] {logging_mixin.py:137} INFO - Patricia Oliver
[2023-02-01T19:10:05.234+0000] {logging_mixin.py:137} INFO - Denise Grimes
[2023-02-01T19:10:05.236+0000] {logging_mixin.py:137} INFO - Jill Olson
[2023-02-01T19:10:05.242+0000] {logging_mixin.py:137} INFO - Stephanie Hart
[2023-02-01T19:10:05.248+0000] {logging_mixin.py:137} INFO - Ashley Lee
[2023-02-01T19:10:05.251+0000] {logging_mixin.py:137} INFO - Kelly Barnes
[2023-02-01T19:10:05.253+0000] {logging_mixin.py:137} INFO - Christie West
[2023-02-01T19:10:05.257+0000] {logging_mixin.py:137} INFO - Todd Nolan
[2023-02-01T19:10:05.261+0000] {logging_mixin.py:137} INFO - Sarah Reed
[2023-02-01T19:10:05.266+0000] {logging_mixin.py:137} INFO - Jennifer Keith
[2023-02-01T19:10:05.270+0000] {logging_mixin.py:137} INFO - Shawn Alvarez
[2023-02-01T19:10:05.277+0000] {logging_mixin.py:137} INFO - Alexander Wilson
[2023-02-01T19:10:05.279+0000] {logging_mixin.py:137} INFO - Rachel Melendez
[2023-02-01T19:10:05.284+0000] {logging_mixin.py:137} INFO - Morgan Walters
[2023-02-01T19:10:05.286+0000] {logging_mixin.py:137} INFO - Nicole Garcia
[2023-02-01T19:10:05.290+0000] {logging_mixin.py:137} INFO - Jennifer White
[2023-02-01T19:10:05.297+0000] {logging_mixin.py:137} INFO - Leslie Shannon
[2023-02-01T19:10:05.299+0000] {logging_mixin.py:137} INFO - Lisa Clayton
[2023-02-01T19:10:05.302+0000] {logging_mixin.py:137} INFO - Zachary Molina
[2023-02-01T19:10:05.307+0000] {logging_mixin.py:137} INFO - Bruce Butler
[2023-02-01T19:10:05.309+0000] {logging_mixin.py:137} INFO - Dustin Howell
[2023-02-01T19:10:05.311+0000] {logging_mixin.py:137} INFO - Aaron Smith
[2023-02-01T19:10:05.313+0000] {logging_mixin.py:137} INFO - Kyle Green
[2023-02-01T19:10:05.314+0000] {logging_mixin.py:137} INFO - Steven Clark
[2023-02-01T19:10:05.315+0000] {logging_mixin.py:137} INFO - Robert Holden
[2023-02-01T19:10:05.319+0000] {logging_mixin.py:137} INFO - Zachary Harmon
[2023-02-01T19:10:05.322+0000] {logging_mixin.py:137} INFO - Rachel Miller
[2023-02-01T19:10:05.324+0000] {logging_mixin.py:137} INFO - Brandon Parker
[2023-02-01T19:10:05.326+0000] {logging_mixin.py:137} INFO - Walter Martin
[2023-02-01T19:10:05.327+0000] {logging_mixin.py:137} INFO - Jose Young
[2023-02-01T19:10:05.329+0000] {logging_mixin.py:137} INFO - Kelsey Long
[2023-02-01T19:10:05.331+0000] {logging_mixin.py:137} INFO - William Harper
[2023-02-01T19:10:05.335+0000] {logging_mixin.py:137} INFO - Alejandro Lambert
[2023-02-01T19:10:05.341+0000] {logging_mixin.py:137} INFO - Stephanie Carson
[2023-02-01T19:10:05.344+0000] {logging_mixin.py:137} INFO - Diana Ortega MD
[2023-02-01T19:10:05.346+0000] {logging_mixin.py:137} INFO - Janet Morales
[2023-02-01T19:10:05.352+0000] {logging_mixin.py:137} INFO - Eric Fisher
[2023-02-01T19:10:05.355+0000] {logging_mixin.py:137} INFO - Louis Baker
[2023-02-01T19:10:05.357+0000] {logging_mixin.py:137} INFO - Cindy Ward
[2023-02-01T19:10:05.358+0000] {logging_mixin.py:137} INFO - Ana Jenkins
[2023-02-01T19:10:05.361+0000] {logging_mixin.py:137} INFO - Leslie Barton
[2023-02-01T19:10:05.364+0000] {logging_mixin.py:137} INFO - Gregory Price
[2023-02-01T19:10:05.367+0000] {logging_mixin.py:137} INFO - Brandon Moore
[2023-02-01T19:10:05.370+0000] {logging_mixin.py:137} INFO - Heather Garrett
[2023-02-01T19:10:05.373+0000] {logging_mixin.py:137} INFO - Cindy Hawkins
[2023-02-01T19:10:05.383+0000] {logging_mixin.py:137} INFO - Mr. Frank Snyder Jr.
[2023-02-01T19:10:05.392+0000] {logging_mixin.py:137} INFO - Megan Wang
[2023-02-01T19:10:05.395+0000] {logging_mixin.py:137} INFO - Jennifer Fleming
[2023-02-01T19:10:05.396+0000] {logging_mixin.py:137} INFO - Gary Hodge
[2023-02-01T19:10:05.398+0000] {logging_mixin.py:137} INFO - Nichole Miller
[2023-02-01T19:10:05.403+0000] {logging_mixin.py:137} INFO - Mitchell Mendoza
[2023-02-01T19:10:05.405+0000] {logging_mixin.py:137} INFO - Bradley Horton
[2023-02-01T19:10:05.407+0000] {logging_mixin.py:137} INFO - Michelle Hess
[2023-02-01T19:10:05.410+0000] {logging_mixin.py:137} INFO - Ronald Torres
[2023-02-01T19:10:05.412+0000] {logging_mixin.py:137} INFO - Raymond Hudson
[2023-02-01T19:10:05.414+0000] {logging_mixin.py:137} INFO - Vincent Jackson
[2023-02-01T19:10:05.416+0000] {logging_mixin.py:137} INFO - Susan Carey
[2023-02-01T19:10:05.418+0000] {logging_mixin.py:137} INFO - Chase Wilson
[2023-02-01T19:10:05.423+0000] {logging_mixin.py:137} INFO - Tonya Baldwin
[2023-02-01T19:10:05.426+0000] {logging_mixin.py:137} INFO - Mrs. Tina Davis
[2023-02-01T19:10:05.431+0000] {logging_mixin.py:137} INFO - Scott Garrett
[2023-02-01T19:10:05.438+0000] {logging_mixin.py:137} INFO - Michael Wilson
[2023-02-01T19:10:05.441+0000] {logging_mixin.py:137} INFO - Andrew Orozco
[2023-02-01T19:10:05.445+0000] {logging_mixin.py:137} INFO - Troy Carson
[2023-02-01T19:10:05.451+0000] {logging_mixin.py:137} INFO - Alex Winters
[2023-02-01T19:10:05.453+0000] {logging_mixin.py:137} INFO - Toni Frank
[2023-02-01T19:10:05.456+0000] {logging_mixin.py:137} INFO - Kathleen Snyder
[2023-02-01T19:10:05.459+0000] {logging_mixin.py:137} INFO - Anna Lopez
[2023-02-01T19:10:05.462+0000] {logging_mixin.py:137} INFO - Charles Brown
[2023-02-01T19:10:05.464+0000] {logging_mixin.py:137} INFO - Barry Ross
[2023-02-01T19:10:05.465+0000] {logging_mixin.py:137} INFO - Emily Ramirez
[2023-02-01T19:10:05.470+0000] {logging_mixin.py:137} INFO - Anna Williams
[2023-02-01T19:10:05.476+0000] {logging_mixin.py:137} INFO - Kristin Pennington
[2023-02-01T19:10:05.478+0000] {logging_mixin.py:137} INFO - Mary Aguirre
[2023-02-01T19:10:05.481+0000] {logging_mixin.py:137} INFO - Austin Santos
[2023-02-01T19:10:05.484+0000] {logging_mixin.py:137} INFO - David Nelson
[2023-02-01T19:10:05.486+0000] {logging_mixin.py:137} INFO - Alyssa Mcbride
[2023-02-01T19:10:05.491+0000] {logging_mixin.py:137} INFO - Lisa Gibson
[2023-02-01T19:10:05.494+0000] {logging_mixin.py:137} INFO - Alexander Kelly
[2023-02-01T19:10:05.496+0000] {logging_mixin.py:137} INFO - Ronald Thomas
[2023-02-01T19:10:05.498+0000] {logging_mixin.py:137} INFO - Michael Hurst
[2023-02-01T19:10:05.500+0000] {logging_mixin.py:137} INFO - Lauren Ward
[2023-02-01T19:10:05.502+0000] {logging_mixin.py:137} INFO - Christian Terry
[2023-02-01T19:10:05.504+0000] {logging_mixin.py:137} INFO - Jared Black
[2023-02-01T19:10:05.508+0000] {logging_mixin.py:137} INFO - Anthony Brown
[2023-02-01T19:10:05.511+0000] {logging_mixin.py:137} INFO - John Cole
[2023-02-01T19:10:05.512+0000] {logging_mixin.py:137} INFO - David Lee
[2023-02-01T19:10:05.514+0000] {logging_mixin.py:137} INFO - Lori Thomas
[2023-02-01T19:10:05.516+0000] {logging_mixin.py:137} INFO - Daniel Herman
[2023-02-01T19:10:05.517+0000] {logging_mixin.py:137} INFO - Pam Williams
[2023-02-01T19:10:05.524+0000] {logging_mixin.py:137} INFO - Sarah Jenkins
[2023-02-01T19:10:05.527+0000] {logging_mixin.py:137} INFO - Susan Mitchell
[2023-02-01T19:10:05.529+0000] {logging_mixin.py:137} INFO - Jacqueline Green
[2023-02-01T19:10:05.531+0000] {logging_mixin.py:137} INFO - Victoria Garrison
[2023-02-01T19:10:05.537+0000] {logging_mixin.py:137} INFO - Jonathan Daniels
[2023-02-01T19:10:05.541+0000] {logging_mixin.py:137} INFO - Trevor Hansen
[2023-02-01T19:10:05.543+0000] {logging_mixin.py:137} INFO - Laurie Bowen
[2023-02-01T19:10:05.546+0000] {logging_mixin.py:137} INFO - James Cline
[2023-02-01T19:10:05.548+0000] {logging_mixin.py:137} INFO - Michael Rose
[2023-02-01T19:10:05.550+0000] {logging_mixin.py:137} INFO - Lawrence Juarez
[2023-02-01T19:10:05.555+0000] {logging_mixin.py:137} INFO - Lucas Caldwell
[2023-02-01T19:10:05.557+0000] {logging_mixin.py:137} INFO - Laura Jackson
[2023-02-01T19:10:05.559+0000] {logging_mixin.py:137} INFO - Sherri Thornton
[2023-02-01T19:10:05.561+0000] {logging_mixin.py:137} INFO - Alice Wilson
[2023-02-01T19:10:05.563+0000] {logging_mixin.py:137} INFO - Diane Williams
[2023-02-01T19:10:05.567+0000] {logging_mixin.py:137} INFO - Kara Martin
[2023-02-01T19:10:05.569+0000] {logging_mixin.py:137} INFO - Joseph Moore
[2023-02-01T19:10:05.571+0000] {logging_mixin.py:137} INFO - Jesse Moses
[2023-02-01T19:10:05.573+0000] {logging_mixin.py:137} INFO - Lisa Mccall
[2023-02-01T19:10:05.574+0000] {logging_mixin.py:137} INFO - Alexandra Mccoy
[2023-02-01T19:10:05.576+0000] {logging_mixin.py:137} INFO - Daniel Martin
[2023-02-01T19:10:05.581+0000] {logging_mixin.py:137} INFO - Claudia Peck
[2023-02-01T19:10:05.583+0000] {logging_mixin.py:137} INFO - Jessica Mcconnell
[2023-02-01T19:10:05.587+0000] {logging_mixin.py:137} INFO - Kevin Walker
[2023-02-01T19:10:05.589+0000] {logging_mixin.py:137} INFO - Christina Lee
[2023-02-01T19:10:05.594+0000] {logging_mixin.py:137} INFO - Christopher Schroeder
[2023-02-01T19:10:05.597+0000] {logging_mixin.py:137} INFO - Melissa Parker
[2023-02-01T19:10:05.601+0000] {logging_mixin.py:137} INFO - Janet Molina
[2023-02-01T19:10:05.602+0000] {logging_mixin.py:137} INFO - Barbara Harris
[2023-02-01T19:10:05.604+0000] {logging_mixin.py:137} INFO - Joseph Hurley
[2023-02-01T19:10:05.606+0000] {logging_mixin.py:137} INFO - Greg Hayden
[2023-02-01T19:10:05.608+0000] {logging_mixin.py:137} INFO - Edwin Adams
[2023-02-01T19:10:05.610+0000] {logging_mixin.py:137} INFO - Ashley Hunter
[2023-02-01T19:10:05.612+0000] {logging_mixin.py:137} INFO - Jennifer Tucker
[2023-02-01T19:10:05.614+0000] {logging_mixin.py:137} INFO - Eddie Gray
[2023-02-01T19:10:05.615+0000] {logging_mixin.py:137} INFO - Jennifer Evans
[2023-02-01T19:10:05.618+0000] {logging_mixin.py:137} INFO - Stephen Carey
[2023-02-01T19:10:05.621+0000] {logging_mixin.py:137} INFO - Samantha Campos
[2023-02-01T19:10:05.624+0000] {logging_mixin.py:137} INFO - Meagan Brown
[2023-02-01T19:10:05.626+0000] {logging_mixin.py:137} INFO - Miss Marisa Barber
[2023-02-01T19:10:05.629+0000] {logging_mixin.py:137} INFO - Jay Mann
[2023-02-01T19:10:05.631+0000] {logging_mixin.py:137} INFO - Matthew Campbell
[2023-02-01T19:10:05.634+0000] {logging_mixin.py:137} INFO - Brent Rodriguez
[2023-02-01T19:10:05.636+0000] {logging_mixin.py:137} INFO - Teresa Ross
[2023-02-01T19:10:05.637+0000] {logging_mixin.py:137} INFO - Mary Martinez
[2023-02-01T19:10:05.640+0000] {logging_mixin.py:137} INFO - Joseph Lewis
[2023-02-01T19:10:05.642+0000] {logging_mixin.py:137} INFO - Dale Davis
[2023-02-01T19:10:05.644+0000] {logging_mixin.py:137} INFO - Elizabeth Evans
[2023-02-01T19:10:05.646+0000] {logging_mixin.py:137} INFO - Shannon Wang
[2023-02-01T19:10:05.649+0000] {logging_mixin.py:137} INFO - Brandon Campbell
[2023-02-01T19:10:05.651+0000] {logging_mixin.py:137} INFO - Rhonda Pace
[2023-02-01T19:10:05.653+0000] {logging_mixin.py:137} INFO - Sarah Santos
[2023-02-01T19:10:05.655+0000] {logging_mixin.py:137} INFO - Jacob Ford
[2023-02-01T19:10:05.656+0000] {logging_mixin.py:137} INFO - Matthew Hansen
[2023-02-01T19:10:05.659+0000] {logging_mixin.py:137} INFO - Amy Ray
[2023-02-01T19:10:05.662+0000] {logging_mixin.py:137} INFO - Aaron Fields
[2023-02-01T19:10:05.664+0000] {logging_mixin.py:137} INFO - Mary Taylor
[2023-02-01T19:10:05.666+0000] {logging_mixin.py:137} INFO - James Morris
[2023-02-01T19:10:05.667+0000] {logging_mixin.py:137} INFO - Darrell Cain
[2023-02-01T19:10:05.671+0000] {logging_mixin.py:137} INFO - Michael Smith
[2023-02-01T19:10:05.673+0000] {logging_mixin.py:137} INFO - Scott Coleman
[2023-02-01T19:10:05.675+0000] {logging_mixin.py:137} INFO - David Fitzpatrick
[2023-02-01T19:10:05.677+0000] {logging_mixin.py:137} INFO - Debra Shepherd
[2023-02-01T19:10:05.680+0000] {logging_mixin.py:137} INFO - Paul Rush
[2023-02-01T19:10:05.682+0000] {logging_mixin.py:137} INFO - Brett Hernandez
[2023-02-01T19:10:05.684+0000] {logging_mixin.py:137} INFO - Sheila Riddle
[2023-02-01T19:10:05.686+0000] {logging_mixin.py:137} INFO - Joan Austin
[2023-02-01T19:10:05.688+0000] {logging_mixin.py:137} INFO - Michael Garcia
[2023-02-01T19:10:05.692+0000] {logging_mixin.py:137} INFO - Natalie Harris
[2023-02-01T19:10:05.694+0000] {logging_mixin.py:137} INFO - Steven Dean
[2023-02-01T19:10:05.695+0000] {logging_mixin.py:137} INFO - John Brown
[2023-02-01T19:10:05.698+0000] {logging_mixin.py:137} INFO - Keith Zimmerman
[2023-02-01T19:10:05.700+0000] {logging_mixin.py:137} INFO - Curtis Byrd
[2023-02-01T19:10:05.702+0000] {logging_mixin.py:137} INFO - Mariah Green
[2023-02-01T19:10:05.704+0000] {logging_mixin.py:137} INFO - Roger Huynh
[2023-02-01T19:10:05.706+0000] {logging_mixin.py:137} INFO - Christopher Zamora
[2023-02-01T19:10:05.707+0000] {logging_mixin.py:137} INFO - Joyce Crawford
[2023-02-01T19:10:05.709+0000] {logging_mixin.py:137} INFO - Angela Smith
[2023-02-01T19:10:05.716+0000] {logging_mixin.py:137} INFO - Veronica Robinson
[2023-02-01T19:10:05.718+0000] {logging_mixin.py:137} INFO - Christopher Bates
[2023-02-01T19:10:05.719+0000] {logging_mixin.py:137} INFO - Steve Stone
[2023-02-01T19:10:05.722+0000] {logging_mixin.py:137} INFO - William Cook
[2023-02-01T19:10:05.725+0000] {logging_mixin.py:137} INFO - Lori Wood
[2023-02-01T19:10:05.727+0000] {logging_mixin.py:137} INFO - Jillian Reynolds
[2023-02-01T19:10:05.729+0000] {logging_mixin.py:137} INFO - Angela Caldwell
[2023-02-01T19:10:05.731+0000] {logging_mixin.py:137} INFO - Shane Campbell
[2023-02-01T19:10:05.733+0000] {logging_mixin.py:137} INFO - Karen Lawrence
[2023-02-01T19:10:05.734+0000] {logging_mixin.py:137} INFO - Kimberly Wood
[2023-02-01T19:10:05.737+0000] {logging_mixin.py:137} INFO - Samantha Lopez
[2023-02-01T19:10:05.740+0000] {logging_mixin.py:137} INFO - Harold Miller
[2023-02-01T19:10:05.741+0000] {logging_mixin.py:137} INFO - Raymond Cooper DVM
[2023-02-01T19:10:05.743+0000] {logging_mixin.py:137} INFO - Kristen Patel
[2023-02-01T19:10:05.745+0000] {logging_mixin.py:137} INFO - Anthony Mejia
[2023-02-01T19:10:05.746+0000] {logging_mixin.py:137} INFO - Raymond Thomas
[2023-02-01T19:10:05.748+0000] {logging_mixin.py:137} INFO - Scott Young
[2023-02-01T19:10:05.749+0000] {logging_mixin.py:137} INFO - David Larson
[2023-02-01T19:10:05.751+0000] {logging_mixin.py:137} INFO - Jon Murray
[2023-02-01T19:10:05.752+0000] {logging_mixin.py:137} INFO - Stephen Taylor
[2023-02-01T19:10:05.754+0000] {logging_mixin.py:137} INFO - Jennifer Hernandez
[2023-02-01T19:10:05.756+0000] {logging_mixin.py:137} INFO - Stacy Smith
[2023-02-01T19:10:05.758+0000] {logging_mixin.py:137} INFO - Juan Owens
[2023-02-01T19:10:05.760+0000] {logging_mixin.py:137} INFO - Brian Adkins
[2023-02-01T19:10:05.761+0000] {logging_mixin.py:137} INFO - Jesse Wells
[2023-02-01T19:10:05.763+0000] {logging_mixin.py:137} INFO - Kyle Matthews
[2023-02-01T19:10:05.765+0000] {logging_mixin.py:137} INFO - Dustin Russell
[2023-02-01T19:10:05.766+0000] {logging_mixin.py:137} INFO - Richard White
[2023-02-01T19:10:05.768+0000] {logging_mixin.py:137} INFO - Brittany Nichols
[2023-02-01T19:10:05.769+0000] {logging_mixin.py:137} INFO - Colton Kelly
[2023-02-01T19:10:05.771+0000] {logging_mixin.py:137} INFO - William Perry
[2023-02-01T19:10:05.773+0000] {logging_mixin.py:137} INFO - Thomas Cummings
[2023-02-01T19:10:05.775+0000] {logging_mixin.py:137} INFO - Timothy Ballard
[2023-02-01T19:10:05.777+0000] {logging_mixin.py:137} INFO - Richard Washington
[2023-02-01T19:10:05.778+0000] {logging_mixin.py:137} INFO - Joshua Lam
[2023-02-01T19:10:05.780+0000] {logging_mixin.py:137} INFO - Grant Jackson
[2023-02-01T19:10:05.781+0000] {logging_mixin.py:137} INFO - Erin Baker
[2023-02-01T19:10:05.782+0000] {logging_mixin.py:137} INFO - Scott Flowers
[2023-02-01T19:10:05.785+0000] {logging_mixin.py:137} INFO - James Adams
[2023-02-01T19:10:05.787+0000] {logging_mixin.py:137} INFO - Heather Alvarado
[2023-02-01T19:10:05.789+0000] {logging_mixin.py:137} INFO - Jennifer Snow
[2023-02-01T19:10:05.791+0000] {logging_mixin.py:137} INFO - Mario Jackson
[2023-02-01T19:10:05.794+0000] {logging_mixin.py:137} INFO - Kevin Collins
[2023-02-01T19:10:05.796+0000] {logging_mixin.py:137} INFO - Danielle Garcia
[2023-02-01T19:10:05.798+0000] {logging_mixin.py:137} INFO - Brenda Jackson
[2023-02-01T19:10:05.800+0000] {logging_mixin.py:137} INFO - Ashley Parker
[2023-02-01T19:10:05.802+0000] {logging_mixin.py:137} INFO - Angela Hickman
[2023-02-01T19:10:05.804+0000] {logging_mixin.py:137} INFO - Carol Rodriguez
[2023-02-01T19:10:05.806+0000] {logging_mixin.py:137} INFO - Vernon Anderson
[2023-02-01T19:10:05.809+0000] {logging_mixin.py:137} INFO - Jesus Church
[2023-02-01T19:10:05.813+0000] {logging_mixin.py:137} INFO - Michelle Medina
[2023-02-01T19:10:05.815+0000] {logging_mixin.py:137} INFO - Nancy Bryant
[2023-02-01T19:10:05.818+0000] {logging_mixin.py:137} INFO - Jennifer Martinez
[2023-02-01T19:10:05.820+0000] {logging_mixin.py:137} INFO - Amy Dougherty
[2023-02-01T19:10:05.829+0000] {logging_mixin.py:137} INFO - Alexis Sanders
[2023-02-01T19:10:05.831+0000] {logging_mixin.py:137} INFO - Austin Salazar
[2023-02-01T19:10:05.834+0000] {logging_mixin.py:137} INFO - Amy Williams
[2023-02-01T19:10:05.839+0000] {logging_mixin.py:137} INFO - Richard Haynes
[2023-02-01T19:10:05.842+0000] {logging_mixin.py:137} INFO - Christine Stark
[2023-02-01T19:10:05.846+0000] {logging_mixin.py:137} INFO - Anita Medina
[2023-02-01T19:10:05.848+0000] {logging_mixin.py:137} INFO - Mr. Thomas Duran
[2023-02-01T19:10:05.851+0000] {logging_mixin.py:137} INFO - Mr. Russell Peterson
[2023-02-01T19:10:05.853+0000] {logging_mixin.py:137} INFO - Jack Richard
[2023-02-01T19:10:05.855+0000] {logging_mixin.py:137} INFO - Michelle Erickson
[2023-02-01T19:10:05.858+0000] {logging_mixin.py:137} INFO - Mitchell Williams
[2023-02-01T19:10:05.861+0000] {logging_mixin.py:137} INFO - Adrian Herrera
[2023-02-01T19:10:05.864+0000] {logging_mixin.py:137} INFO - Michael Brady
[2023-02-01T19:10:05.866+0000] {logging_mixin.py:137} INFO - Jamie Zhang
[2023-02-01T19:10:05.871+0000] {logging_mixin.py:137} INFO - Helen Brennan
[2023-02-01T19:10:05.873+0000] {logging_mixin.py:137} INFO - John Myers
[2023-02-01T19:10:05.877+0000] {logging_mixin.py:137} INFO - Patricia Nash
[2023-02-01T19:10:05.880+0000] {logging_mixin.py:137} INFO - Michael Johnson
[2023-02-01T19:10:05.883+0000] {logging_mixin.py:137} INFO - Anita Berger
[2023-02-01T19:10:05.885+0000] {logging_mixin.py:137} INFO - Jason Guerrero DVM
[2023-02-01T19:10:05.888+0000] {logging_mixin.py:137} INFO - Kimberly Davis
[2023-02-01T19:10:05.892+0000] {logging_mixin.py:137} INFO - Bryan Hansen
[2023-02-01T19:10:05.897+0000] {logging_mixin.py:137} INFO - Rebecca Obrien
[2023-02-01T19:10:05.901+0000] {logging_mixin.py:137} INFO - Sarah Santiago
[2023-02-01T19:10:05.905+0000] {logging_mixin.py:137} INFO - Christine Lane
[2023-02-01T19:10:05.907+0000] {logging_mixin.py:137} INFO - Jerry Lewis
[2023-02-01T19:10:05.911+0000] {logging_mixin.py:137} INFO - Stephanie Miller
[2023-02-01T19:10:05.914+0000] {logging_mixin.py:137} INFO - Kristi Bradley
[2023-02-01T19:10:05.919+0000] {logging_mixin.py:137} INFO - Darren Moore
[2023-02-01T19:10:05.923+0000] {logging_mixin.py:137} INFO - Kristina Cunningham
[2023-02-01T19:10:05.927+0000] {logging_mixin.py:137} INFO - Laurie Moore
[2023-02-01T19:10:05.929+0000] {logging_mixin.py:137} INFO - Aaron Lewis
[2023-02-01T19:10:05.932+0000] {logging_mixin.py:137} INFO - Theresa Vang
[2023-02-01T19:10:05.941+0000] {logging_mixin.py:137} INFO - Chase Reese
[2023-02-01T19:10:05.943+0000] {logging_mixin.py:137} INFO - Matthew Ferguson
[2023-02-01T19:10:05.946+0000] {logging_mixin.py:137} INFO - Victoria Lewis
[2023-02-01T19:10:05.948+0000] {logging_mixin.py:137} INFO - Jon Scott
[2023-02-01T19:10:05.951+0000] {logging_mixin.py:137} INFO - Lisa Campbell
[2023-02-01T19:10:05.954+0000] {logging_mixin.py:137} INFO - David Ramirez
[2023-02-01T19:10:05.956+0000] {logging_mixin.py:137} INFO - Gabriel Rosario
[2023-02-01T19:10:05.957+0000] {logging_mixin.py:137} INFO - Kristi Johnson
[2023-02-01T19:10:05.959+0000] {logging_mixin.py:137} INFO - Jennifer Schwartz
[2023-02-01T19:10:05.960+0000] {logging_mixin.py:137} INFO - Daniel Norton
[2023-02-01T19:10:05.963+0000] {logging_mixin.py:137} INFO - Richard Montoya
[2023-02-01T19:10:05.967+0000] {logging_mixin.py:137} INFO - Daniel Norris
[2023-02-01T19:10:05.969+0000] {logging_mixin.py:137} INFO - Chad Taylor
[2023-02-01T19:10:05.971+0000] {logging_mixin.py:137} INFO - Angie Allen
[2023-02-01T19:10:05.974+0000] {logging_mixin.py:137} INFO - Michael Brooks
[2023-02-01T19:10:05.977+0000] {logging_mixin.py:137} INFO - Hannah Poole
[2023-02-01T19:10:05.983+0000] {logging_mixin.py:137} INFO - Caitlin Ray
[2023-02-01T19:10:05.990+0000] {logging_mixin.py:137} INFO - Mr. Steven Gardner
[2023-02-01T19:10:05.992+0000] {logging_mixin.py:137} INFO - Jennifer Macdonald
[2023-02-01T19:10:05.995+0000] {logging_mixin.py:137} INFO - Vanessa Small
[2023-02-01T19:10:05.997+0000] {logging_mixin.py:137} INFO - Dennis Gray
[2023-02-01T19:10:06.000+0000] {logging_mixin.py:137} INFO - Sandra Kirk
[2023-02-01T19:10:06.003+0000] {logging_mixin.py:137} INFO - Jason Wagner
[2023-02-01T19:10:06.007+0000] {logging_mixin.py:137} INFO - David Owen
[2023-02-01T19:10:06.009+0000] {logging_mixin.py:137} INFO - Rose Terrell
[2023-02-01T19:10:06.011+0000] {logging_mixin.py:137} INFO - James Green MD
[2023-02-01T19:10:06.013+0000] {logging_mixin.py:137} INFO - Tammy Patel
[2023-02-01T19:10:06.017+0000] {logging_mixin.py:137} INFO - Joseph Lucero
[2023-02-01T19:10:06.020+0000] {logging_mixin.py:137} INFO - Stephanie Rojas
[2023-02-01T19:10:06.025+0000] {logging_mixin.py:137} INFO - Brittany Johnson
[2023-02-01T19:10:06.028+0000] {logging_mixin.py:137} INFO - Christina Cummings
[2023-02-01T19:10:06.030+0000] {logging_mixin.py:137} INFO - Eric Downs
[2023-02-01T19:10:06.033+0000] {logging_mixin.py:137} INFO - Paul Finley
[2023-02-01T19:10:06.034+0000] {logging_mixin.py:137} INFO - Danielle Jackson
[2023-02-01T19:10:06.037+0000] {logging_mixin.py:137} INFO - Anna Johnston
[2023-02-01T19:10:06.040+0000] {logging_mixin.py:137} INFO - Ashlee Hodges
[2023-02-01T19:10:06.045+0000] {logging_mixin.py:137} INFO - Thomas Francis
[2023-02-01T19:10:06.047+0000] {logging_mixin.py:137} INFO - Cody Baird
[2023-02-01T19:10:06.051+0000] {logging_mixin.py:137} INFO - Jeffrey Walter
[2023-02-01T19:10:06.053+0000] {logging_mixin.py:137} INFO - Hannah West
[2023-02-01T19:10:06.055+0000] {logging_mixin.py:137} INFO - Anthony Byrd
[2023-02-01T19:10:06.057+0000] {logging_mixin.py:137} INFO - Julie Ramirez
[2023-02-01T19:10:06.058+0000] {logging_mixin.py:137} INFO - Seth Peters
[2023-02-01T19:10:06.064+0000] {logging_mixin.py:137} INFO - Keith Salas
[2023-02-01T19:10:06.067+0000] {logging_mixin.py:137} INFO - Kathryn Evans
[2023-02-01T19:10:06.068+0000] {logging_mixin.py:137} INFO - Dr. Maria Scott
[2023-02-01T19:10:06.070+0000] {logging_mixin.py:137} INFO - Brenda Thomas
[2023-02-01T19:10:06.074+0000] {logging_mixin.py:137} INFO - Travis Douglas
[2023-02-01T19:10:06.077+0000] {logging_mixin.py:137} INFO - Kurt Santos
[2023-02-01T19:10:06.078+0000] {logging_mixin.py:137} INFO - Sean Parrish
[2023-02-01T19:10:06.081+0000] {logging_mixin.py:137} INFO - Brittany Walls
[2023-02-01T19:10:06.083+0000] {logging_mixin.py:137} INFO - Gail Brooks
[2023-02-01T19:10:06.085+0000] {logging_mixin.py:137} INFO - Valerie Johnson
[2023-02-01T19:10:06.086+0000] {logging_mixin.py:137} INFO - Jessica Dunn
[2023-02-01T19:10:06.088+0000] {logging_mixin.py:137} INFO - Chad Robinson
[2023-02-01T19:10:06.091+0000] {logging_mixin.py:137} INFO - Catherine Combs
[2023-02-01T19:10:06.093+0000] {logging_mixin.py:137} INFO - Joshua Boyd
[2023-02-01T19:10:06.096+0000] {logging_mixin.py:137} INFO - Alicia Barnett DVM
[2023-02-01T19:10:06.099+0000] {logging_mixin.py:137} INFO - Kevin Cervantes
[2023-02-01T19:10:06.101+0000] {logging_mixin.py:137} INFO - Larry Lester
[2023-02-01T19:10:06.105+0000] {logging_mixin.py:137} INFO - Deanna Espinoza
[2023-02-01T19:10:06.107+0000] {logging_mixin.py:137} INFO - Marilyn Davis
[2023-02-01T19:10:06.110+0000] {logging_mixin.py:137} INFO - Michael Weeks
[2023-02-01T19:10:06.112+0000] {logging_mixin.py:137} INFO - Brandon Stanton
[2023-02-01T19:10:06.114+0000] {logging_mixin.py:137} INFO - Ryan Boyer Jr.
[2023-02-01T19:10:06.115+0000] {logging_mixin.py:137} INFO - Amanda Elliott
[2023-02-01T19:10:06.119+0000] {logging_mixin.py:137} INFO - David Moore
[2023-02-01T19:10:06.120+0000] {logging_mixin.py:137} INFO - Andre Williams
[2023-02-01T19:10:06.123+0000] {logging_mixin.py:137} INFO - Jennifer Garcia
[2023-02-01T19:10:06.126+0000] {logging_mixin.py:137} INFO - Tracey Cook
[2023-02-01T19:10:06.129+0000] {logging_mixin.py:137} INFO - Michael Turner
[2023-02-01T19:10:06.131+0000] {logging_mixin.py:137} INFO - Diana Long
[2023-02-01T19:10:06.132+0000] {logging_mixin.py:137} INFO - John Bradley
[2023-02-01T19:10:06.134+0000] {logging_mixin.py:137} INFO - Ann Benjamin
[2023-02-01T19:10:06.136+0000] {logging_mixin.py:137} INFO - Shane House
[2023-02-01T19:10:06.139+0000] {logging_mixin.py:137} INFO - Erin Lee
[2023-02-01T19:10:06.143+0000] {logging_mixin.py:137} INFO - Joseph Gray
[2023-02-01T19:10:06.145+0000] {logging_mixin.py:137} INFO - Betty Gibson
[2023-02-01T19:10:06.148+0000] {logging_mixin.py:137} INFO - Kristen Graham
[2023-02-01T19:10:06.150+0000] {logging_mixin.py:137} INFO - Daniel Meza
[2023-02-01T19:10:06.152+0000] {logging_mixin.py:137} INFO - Sherri Carpenter
[2023-02-01T19:10:06.154+0000] {logging_mixin.py:137} INFO - Andrea Sanchez
[2023-02-01T19:10:06.156+0000] {logging_mixin.py:137} INFO - Jordan Rios
[2023-02-01T19:10:06.159+0000] {logging_mixin.py:137} INFO - Elizabeth Jackson
[2023-02-01T19:10:06.161+0000] {logging_mixin.py:137} INFO - Elizabeth Myers
[2023-02-01T19:10:06.162+0000] {logging_mixin.py:137} INFO - Juan Barnes
[2023-02-01T19:10:06.164+0000] {logging_mixin.py:137} INFO - Christopher Lozano
[2023-02-01T19:10:06.165+0000] {logging_mixin.py:137} INFO - Jacqueline Griffin
[2023-02-01T19:10:06.167+0000] {logging_mixin.py:137} INFO - Ryan Mason
[2023-02-01T19:10:06.171+0000] {logging_mixin.py:137} INFO - Jonathan Moore
[2023-02-01T19:10:06.173+0000] {logging_mixin.py:137} INFO - Abigail Landry
[2023-02-01T19:10:06.176+0000] {logging_mixin.py:137} INFO - Brenda Hernandez
[2023-02-01T19:10:06.177+0000] {logging_mixin.py:137} INFO - Zachary Pitts
[2023-02-01T19:10:06.179+0000] {logging_mixin.py:137} INFO - Amanda Rogers
[2023-02-01T19:10:06.182+0000] {logging_mixin.py:137} INFO - Cynthia Gray
[2023-02-01T19:10:06.184+0000] {logging_mixin.py:137} INFO - Tyler Barajas
[2023-02-01T19:10:06.186+0000] {logging_mixin.py:137} INFO - Michelle Leon
[2023-02-01T19:10:06.189+0000] {logging_mixin.py:137} INFO - Kathy Lang
[2023-02-01T19:10:06.191+0000] {logging_mixin.py:137} INFO - Scott Townsend MD
[2023-02-01T19:10:06.193+0000] {logging_mixin.py:137} INFO - Theresa Acosta
[2023-02-01T19:10:06.196+0000] {logging_mixin.py:137} INFO - David Jones
[2023-02-01T19:10:06.200+0000] {logging_mixin.py:137} INFO - Jeremy Robinson
[2023-02-01T19:10:06.203+0000] {logging_mixin.py:137} INFO - James Newton
[2023-02-01T19:10:06.204+0000] {logging_mixin.py:137} INFO - Tracey Wells
[2023-02-01T19:10:06.206+0000] {logging_mixin.py:137} INFO - Maria Nelson
[2023-02-01T19:10:06.207+0000] {logging_mixin.py:137} INFO - Christopher Griffith
[2023-02-01T19:10:06.209+0000] {logging_mixin.py:137} INFO - Zachary Griffin
[2023-02-01T19:10:06.211+0000] {logging_mixin.py:137} INFO - Amy Nguyen
[2023-02-01T19:10:06.214+0000] {logging_mixin.py:137} INFO - April Williams
[2023-02-01T19:10:06.215+0000] {logging_mixin.py:137} INFO - Marissa Kelly
[2023-02-01T19:10:06.217+0000] {logging_mixin.py:137} INFO - Brian Lopez PhD
[2023-02-01T19:10:06.219+0000] {logging_mixin.py:137} INFO - William Williams
[2023-02-01T19:10:06.221+0000] {logging_mixin.py:137} INFO - Norman Brown
[2023-02-01T19:10:06.225+0000] {logging_mixin.py:137} INFO - Charles Fuentes
[2023-02-01T19:10:06.228+0000] {logging_mixin.py:137} INFO - Anthony Chang
[2023-02-01T19:10:06.229+0000] {logging_mixin.py:137} INFO - Mary Bell
[2023-02-01T19:10:06.231+0000] {logging_mixin.py:137} INFO - Elizabeth Stuart
[2023-02-01T19:10:06.233+0000] {logging_mixin.py:137} INFO - Mary Mcdonald
[2023-02-01T19:10:06.235+0000] {logging_mixin.py:137} INFO - Martin Harrison
[2023-02-01T19:10:06.238+0000] {logging_mixin.py:137} INFO - Stephanie Fernandez
[2023-02-01T19:10:06.241+0000] {logging_mixin.py:137} INFO - Christopher Brown
[2023-02-01T19:10:06.244+0000] {logging_mixin.py:137} INFO - Alexander Stephenson
[2023-02-01T19:10:06.246+0000] {logging_mixin.py:137} INFO - Grace Diaz
[2023-02-01T19:10:06.248+0000] {logging_mixin.py:137} INFO - Frank Bartlett
[2023-02-01T19:10:06.252+0000] {logging_mixin.py:137} INFO - Audrey Andersen
[2023-02-01T19:10:06.253+0000] {logging_mixin.py:137} INFO - David Green
[2023-02-01T19:10:06.256+0000] {logging_mixin.py:137} INFO - Joshua Diaz Jr.
[2023-02-01T19:10:06.258+0000] {logging_mixin.py:137} INFO - Emily Garcia
[2023-02-01T19:10:06.260+0000] {logging_mixin.py:137} INFO - Devin Hall
[2023-02-01T19:10:06.261+0000] {logging_mixin.py:137} INFO - Phillip Garner
[2023-02-01T19:10:06.264+0000] {logging_mixin.py:137} INFO - Katherine Estrada
[2023-02-01T19:10:06.267+0000] {logging_mixin.py:137} INFO - Corey Saunders
[2023-02-01T19:10:06.269+0000] {logging_mixin.py:137} INFO - Kimberly Collins
[2023-02-01T19:10:06.271+0000] {logging_mixin.py:137} INFO - Amy Elliott
[2023-02-01T19:10:06.273+0000] {logging_mixin.py:137} INFO - Tanya Jones
[2023-02-01T19:10:06.275+0000] {logging_mixin.py:137} INFO - Patricia Gonzalez
[2023-02-01T19:10:06.277+0000] {logging_mixin.py:137} INFO - Jennifer Hill
[2023-02-01T19:10:06.281+0000] {logging_mixin.py:137} INFO - John Haynes
[2023-02-01T19:10:06.283+0000] {logging_mixin.py:137} INFO - Jacob Henry
[2023-02-01T19:10:06.285+0000] {logging_mixin.py:137} INFO - Daniel Clark
[2023-02-01T19:10:06.289+0000] {logging_mixin.py:137} INFO - Jonathon Taylor
[2023-02-01T19:10:06.290+0000] {logging_mixin.py:137} INFO - Jesse Evans
[2023-02-01T19:10:06.292+0000] {logging_mixin.py:137} INFO - James Martinez
[2023-02-01T19:10:06.295+0000] {logging_mixin.py:137} INFO - Kyle Reyes
[2023-02-01T19:10:06.299+0000] {logging_mixin.py:137} INFO - Terrence Barker
[2023-02-01T19:10:06.302+0000] {logging_mixin.py:137} INFO - Anthony Washington
[2023-02-01T19:10:06.304+0000] {logging_mixin.py:137} INFO - Dustin Le
[2023-02-01T19:10:06.306+0000] {logging_mixin.py:137} INFO - Bruce Clark
[2023-02-01T19:10:06.311+0000] {logging_mixin.py:137} INFO - Keith Anthony
[2023-02-01T19:10:06.313+0000] {logging_mixin.py:137} INFO - Jeremiah Stone
[2023-02-01T19:10:06.316+0000] {logging_mixin.py:137} INFO - Michael Haley
[2023-02-01T19:10:06.318+0000] {logging_mixin.py:137} INFO - Regina Carrillo
[2023-02-01T19:10:06.321+0000] {logging_mixin.py:137} INFO - Jacob Lee
[2023-02-01T19:10:06.324+0000] {logging_mixin.py:137} INFO - Thomas Gonzalez
[2023-02-01T19:10:06.325+0000] {logging_mixin.py:137} INFO - Mark Lawrence
[2023-02-01T19:10:06.327+0000] {logging_mixin.py:137} INFO - Matthew Anderson
[2023-02-01T19:10:06.329+0000] {logging_mixin.py:137} INFO - Nicholas Young
[2023-02-01T19:10:06.331+0000] {logging_mixin.py:137} INFO - Melvin Martinez
[2023-02-01T19:10:06.335+0000] {logging_mixin.py:137} INFO - Scott Green
[2023-02-01T19:10:06.338+0000] {logging_mixin.py:137} INFO - Dana Richards
[2023-02-01T19:10:06.340+0000] {logging_mixin.py:137} INFO - Lauren Moore
[2023-02-01T19:10:06.342+0000] {logging_mixin.py:137} INFO - Terry Campbell
[2023-02-01T19:10:06.344+0000] {logging_mixin.py:137} INFO - Ralph Jordan
[2023-02-01T19:10:06.346+0000] {logging_mixin.py:137} INFO - Noah Reyes
[2023-02-01T19:10:06.349+0000] {logging_mixin.py:137} INFO - Mr. Gregory Mills MD
[2023-02-01T19:10:06.350+0000] {logging_mixin.py:137} INFO - Michelle Yates
[2023-02-01T19:10:06.353+0000] {logging_mixin.py:137} INFO - Robin Reyes
[2023-02-01T19:10:06.355+0000] {logging_mixin.py:137} INFO - Rebecca Smith
[2023-02-01T19:10:06.358+0000] {logging_mixin.py:137} INFO - Nicole Torres
[2023-02-01T19:10:06.360+0000] {logging_mixin.py:137} INFO - Ronald Jones
[2023-02-01T19:10:06.362+0000] {logging_mixin.py:137} INFO - Michael Castaneda
[2023-02-01T19:10:06.367+0000] {logging_mixin.py:137} INFO - Christopher Krueger
[2023-02-01T19:10:06.369+0000] {logging_mixin.py:137} INFO - Jennifer Werner
[2023-02-01T19:10:06.370+0000] {logging_mixin.py:137} INFO - Ashley Smith
[2023-02-01T19:10:06.372+0000] {logging_mixin.py:137} INFO - Alyssa Fields
[2023-02-01T19:10:06.374+0000] {logging_mixin.py:137} INFO - John Scott
[2023-02-01T19:10:06.375+0000] {logging_mixin.py:137} INFO - Debra Delacruz
[2023-02-01T19:10:06.378+0000] {logging_mixin.py:137} INFO - James Madden
[2023-02-01T19:10:06.379+0000] {logging_mixin.py:137} INFO - Joseph Gentry
[2023-02-01T19:10:06.382+0000] {logging_mixin.py:137} INFO - Ashley Cabrera
[2023-02-01T19:10:06.383+0000] {logging_mixin.py:137} INFO - Jennifer Fernandez
[2023-02-01T19:10:06.385+0000] {logging_mixin.py:137} INFO - James Harris
[2023-02-01T19:10:06.387+0000] {logging_mixin.py:137} INFO - Candice Young
[2023-02-01T19:10:06.390+0000] {logging_mixin.py:137} INFO - Lisa Baker
[2023-02-01T19:10:06.397+0000] {logging_mixin.py:137} INFO - Brian Mills DDS
[2023-02-01T19:10:06.398+0000] {logging_mixin.py:137} INFO - Kristin Smith
[2023-02-01T19:10:06.400+0000] {logging_mixin.py:137} INFO - Jacob Collins
[2023-02-01T19:10:06.402+0000] {logging_mixin.py:137} INFO - Kimberly Harris
[2023-02-01T19:10:06.403+0000] {logging_mixin.py:137} INFO - Michael Hull
[2023-02-01T19:10:06.405+0000] {logging_mixin.py:137} INFO - Caitlin Todd
[2023-02-01T19:10:06.408+0000] {logging_mixin.py:137} INFO - Lisa Harris
[2023-02-01T19:10:06.411+0000] {logging_mixin.py:137} INFO - Mrs. Ann Stone
[2023-02-01T19:10:06.413+0000] {logging_mixin.py:137} INFO - Michelle Case
[2023-02-01T19:10:06.415+0000] {logging_mixin.py:137} INFO - Joe Lowe
[2023-02-01T19:10:06.418+0000] {logging_mixin.py:137} INFO - Randall Dunn
[2023-02-01T19:10:06.420+0000] {logging_mixin.py:137} INFO - Paula Vargas
[2023-02-01T19:10:06.422+0000] {logging_mixin.py:137} INFO - Daniel Walker
[2023-02-01T19:10:06.425+0000] {logging_mixin.py:137} INFO - James Jackson
[2023-02-01T19:10:06.427+0000] {logging_mixin.py:137} INFO - Shirley Woodard
[2023-02-01T19:10:06.428+0000] {logging_mixin.py:137} INFO - James Hayes
[2023-02-01T19:10:06.430+0000] {logging_mixin.py:137} INFO - Megan Austin
[2023-02-01T19:10:06.432+0000] {logging_mixin.py:137} INFO - Erin Robertson
[2023-02-01T19:10:06.434+0000] {logging_mixin.py:137} INFO - Robert Phillips
[2023-02-01T19:10:06.435+0000] {logging_mixin.py:137} INFO - Amy Torres
[2023-02-01T19:10:06.438+0000] {logging_mixin.py:137} INFO - Joshua Cox
[2023-02-01T19:10:06.440+0000] {logging_mixin.py:137} INFO - Duane Grimes
[2023-02-01T19:10:06.444+0000] {logging_mixin.py:137} INFO - Jennifer Burgess
[2023-02-01T19:10:06.446+0000] {logging_mixin.py:137} INFO - Carlos Duran
[2023-02-01T19:10:06.454+0000] {logging_mixin.py:137} INFO - Jason Johnson
[2023-02-01T19:10:06.456+0000] {logging_mixin.py:137} INFO - Cameron Greer
[2023-02-01T19:10:06.458+0000] {logging_mixin.py:137} INFO - Randall Williams
[2023-02-01T19:10:06.460+0000] {logging_mixin.py:137} INFO - Jessica Harris
[2023-02-01T19:10:06.462+0000] {logging_mixin.py:137} INFO - Joshua Rogers
[2023-02-01T19:10:06.463+0000] {logging_mixin.py:137} INFO - Jose Mahoney
[2023-02-01T19:10:06.465+0000] {logging_mixin.py:137} INFO - Brandy Fuentes
[2023-02-01T19:10:06.469+0000] {logging_mixin.py:137} INFO - Angelica Matthews
[2023-02-01T19:10:06.472+0000] {logging_mixin.py:137} INFO - Glenn Caldwell
[2023-02-01T19:10:06.474+0000] {logging_mixin.py:137} INFO - Cristian Delacruz
[2023-02-01T19:10:06.476+0000] {logging_mixin.py:137} INFO - Alexandra Price
[2023-02-01T19:10:06.477+0000] {logging_mixin.py:137} INFO - Heather Wilson
[2023-02-01T19:10:06.479+0000] {logging_mixin.py:137} INFO - Shawn Thompson
[2023-02-01T19:10:06.481+0000] {logging_mixin.py:137} INFO - Anna Daniel
[2023-02-01T19:10:06.483+0000] {logging_mixin.py:137} INFO - Joseph Cisneros
[2023-02-01T19:10:06.484+0000] {logging_mixin.py:137} INFO - Rebecca Estes
[2023-02-01T19:10:06.488+0000] {logging_mixin.py:137} INFO - Jeremy Porter
[2023-02-01T19:10:06.492+0000] {logging_mixin.py:137} INFO - Lisa Mann
[2023-02-01T19:10:06.493+0000] {logging_mixin.py:137} INFO - Michael Woods
[2023-02-01T19:10:06.495+0000] {logging_mixin.py:137} INFO - Madison Thompson
[2023-02-01T19:10:06.498+0000] {logging_mixin.py:137} INFO - Nancy Gomez
[2023-02-01T19:10:06.500+0000] {logging_mixin.py:137} INFO - Julie Blanchard
[2023-02-01T19:10:06.502+0000] {logging_mixin.py:137} INFO - Michael Smith
[2023-02-01T19:10:06.505+0000] {logging_mixin.py:137} INFO - Angel Huber
[2023-02-01T19:10:06.507+0000] {logging_mixin.py:137} INFO - Michael Coffey
[2023-02-01T19:10:06.510+0000] {logging_mixin.py:137} INFO - Patrick Walter
[2023-02-01T19:10:06.514+0000] {logging_mixin.py:137} INFO - Curtis Davis
[2023-02-01T19:10:06.515+0000] {logging_mixin.py:137} INFO - Kyle Stewart
[2023-02-01T19:10:06.520+0000] {logging_mixin.py:137} INFO - Angela Jimenez
[2023-02-01T19:10:06.522+0000] {logging_mixin.py:137} INFO - Andrew Martinez
[2023-02-01T19:10:06.524+0000] {logging_mixin.py:137} INFO - Angela West
[2023-02-01T19:10:06.527+0000] {logging_mixin.py:137} INFO - Ryan Young
[2023-02-01T19:10:06.530+0000] {logging_mixin.py:137} INFO - Nathaniel Evans
[2023-02-01T19:10:06.532+0000] {logging_mixin.py:137} INFO - Dawn Bryant
[2023-02-01T19:10:06.533+0000] {logging_mixin.py:137} INFO - Danielle Lewis
[2023-02-01T19:10:06.535+0000] {logging_mixin.py:137} INFO - Matthew Newman
[2023-02-01T19:10:06.537+0000] {logging_mixin.py:137} INFO - Robert Smith
[2023-02-01T19:10:06.538+0000] {logging_mixin.py:137} INFO - Melissa Hicks
[2023-02-01T19:10:06.540+0000] {logging_mixin.py:137} INFO - Emily Lambert
[2023-02-01T19:10:06.541+0000] {logging_mixin.py:137} INFO - Krystal Wolfe
[2023-02-01T19:10:06.543+0000] {logging_mixin.py:137} INFO - Donna Murillo
[2023-02-01T19:10:06.545+0000] {logging_mixin.py:137} INFO - Carl Hudson
[2023-02-01T19:10:06.547+0000] {logging_mixin.py:137} INFO - Robert Wilson
[2023-02-01T19:10:06.551+0000] {logging_mixin.py:137} INFO - Patrick Mathis
[2023-02-01T19:10:06.553+0000] {logging_mixin.py:137} INFO - Michael Suarez
[2023-02-01T19:10:06.555+0000] {logging_mixin.py:137} INFO - David Johnson
[2023-02-01T19:10:06.557+0000] {logging_mixin.py:137} INFO - William Thompson
[2023-02-01T19:10:06.559+0000] {logging_mixin.py:137} INFO - Jessica Hansen DVM
[2023-02-01T19:10:06.561+0000] {logging_mixin.py:137} INFO - Katherine Friedman
[2023-02-01T19:10:06.565+0000] {logging_mixin.py:137} INFO - Jillian Johnson
[2023-02-01T19:10:06.566+0000] {logging_mixin.py:137} INFO - Robert Mckee
[2023-02-01T19:10:06.568+0000] {logging_mixin.py:137} INFO - Rachel Little
[2023-02-01T19:10:06.569+0000] {logging_mixin.py:137} INFO - Patricia Smith
[2023-02-01T19:10:06.570+0000] {logging_mixin.py:137} INFO - Heidi Martinez
[2023-02-01T19:10:06.572+0000] {logging_mixin.py:137} INFO - Caitlin Solomon
[2023-02-01T19:10:06.576+0000] {logging_mixin.py:137} INFO - Dr. Olivia Pugh
[2023-02-01T19:10:06.579+0000] {logging_mixin.py:137} INFO - John Steele DDS
[2023-02-01T19:10:06.581+0000] {logging_mixin.py:137} INFO - Jeremy Mathews
[2023-02-01T19:10:06.583+0000] {logging_mixin.py:137} INFO - Tiffany Hill
[2023-02-01T19:10:06.585+0000] {logging_mixin.py:137} INFO - Steven Edwards
[2023-02-01T19:10:06.587+0000] {logging_mixin.py:137} INFO - Charles Campbell
[2023-02-01T19:10:06.590+0000] {logging_mixin.py:137} INFO - Brett Hughes
[2023-02-01T19:10:06.592+0000] {logging_mixin.py:137} INFO - Christina Villegas
[2023-02-01T19:10:06.596+0000] {logging_mixin.py:137} INFO - Anthony Garcia
[2023-02-01T19:10:06.597+0000] {logging_mixin.py:137} INFO - Nathan Murphy
[2023-02-01T19:10:06.599+0000] {logging_mixin.py:137} INFO - Steven Dodson
[2023-02-01T19:10:06.601+0000] {logging_mixin.py:137} INFO - Brian Sullivan
[2023-02-01T19:10:06.604+0000] {logging_mixin.py:137} INFO - Renee White
[2023-02-01T19:10:06.606+0000] {logging_mixin.py:137} INFO - Laura Rowland
[2023-02-01T19:10:06.607+0000] {logging_mixin.py:137} INFO - John Moore
[2023-02-01T19:10:06.609+0000] {logging_mixin.py:137} INFO - Sophia Mckenzie
[2023-02-01T19:10:06.610+0000] {logging_mixin.py:137} INFO - David Roach
[2023-02-01T19:10:06.611+0000] {logging_mixin.py:137} INFO - Jennifer Patterson
[2023-02-01T19:10:06.613+0000] {logging_mixin.py:137} INFO - James Richards
[2023-02-01T19:10:06.614+0000] {logging_mixin.py:137} INFO - Mary Johnston
[2023-02-01T19:10:06.615+0000] {logging_mixin.py:137} INFO - Brandon Mcdaniel
[2023-02-01T19:10:06.617+0000] {logging_mixin.py:137} INFO - Meghan Stevenson
[2023-02-01T19:10:06.618+0000] {logging_mixin.py:137} INFO - Luis Hayes
[2023-02-01T19:10:06.620+0000] {logging_mixin.py:137} INFO - Alejandra Sloan
[2023-02-01T19:10:06.624+0000] {logging_mixin.py:137} INFO - Dr. Sandra Miller
[2023-02-01T19:10:06.626+0000] {logging_mixin.py:137} INFO - Dustin Bond
[2023-02-01T19:10:06.628+0000] {logging_mixin.py:137} INFO - Julia Patrick MD
[2023-02-01T19:10:06.630+0000] {logging_mixin.py:137} INFO - Jill Campbell
[2023-02-01T19:10:06.632+0000] {logging_mixin.py:137} INFO - Mark Ford
[2023-02-01T19:10:06.634+0000] {logging_mixin.py:137} INFO - Brian Long
[2023-02-01T19:10:06.638+0000] {logging_mixin.py:137} INFO - Lisa Peterson
[2023-02-01T19:10:06.640+0000] {logging_mixin.py:137} INFO - Matthew Lee
[2023-02-01T19:10:06.642+0000] {logging_mixin.py:137} INFO - Bradley Miller
[2023-02-01T19:10:06.644+0000] {logging_mixin.py:137} INFO - Jeffrey Moss
[2023-02-01T19:10:06.647+0000] {logging_mixin.py:137} INFO - Sara Carlson
[2023-02-01T19:10:06.650+0000] {logging_mixin.py:137} INFO - Daniel Rodriguez
[2023-02-01T19:10:06.651+0000] {logging_mixin.py:137} INFO - Jeremy David
[2023-02-01T19:10:06.653+0000] {logging_mixin.py:137} INFO - Eric Green
[2023-02-01T19:10:06.654+0000] {logging_mixin.py:137} INFO - Alexis Jones
[2023-02-01T19:10:06.656+0000] {logging_mixin.py:137} INFO - Matthew Rose
[2023-02-01T19:10:06.659+0000] {logging_mixin.py:137} INFO - Catherine Anderson
[2023-02-01T19:10:06.661+0000] {logging_mixin.py:137} INFO - Holly Burton
[2023-02-01T19:10:06.663+0000] {logging_mixin.py:137} INFO - David Matthews
[2023-02-01T19:10:06.664+0000] {logging_mixin.py:137} INFO - Mrs. Kara Little
[2023-02-01T19:10:06.666+0000] {logging_mixin.py:137} INFO - Jeffrey Stanley
[2023-02-01T19:10:06.667+0000] {logging_mixin.py:137} INFO - James Ochoa
[2023-02-01T19:10:06.669+0000] {logging_mixin.py:137} INFO - Jason Frye
[2023-02-01T19:10:06.670+0000] {logging_mixin.py:137} INFO - Christopher Ellis
[2023-02-01T19:10:06.672+0000] {logging_mixin.py:137} INFO - Michelle Nixon
[2023-02-01T19:10:06.673+0000] {logging_mixin.py:137} INFO - Andrew Gill
[2023-02-01T19:10:06.675+0000] {logging_mixin.py:137} INFO - Jennifer Wilson
[2023-02-01T19:10:06.676+0000] {logging_mixin.py:137} INFO - Shawn Black
[2023-02-01T19:10:06.677+0000] {logging_mixin.py:137} INFO - April Patterson
[2023-02-01T19:10:06.679+0000] {logging_mixin.py:137} INFO - Troy Vaughn
[2023-02-01T19:10:06.680+0000] {logging_mixin.py:137} INFO - Alexandria White
[2023-02-01T19:10:06.681+0000] {logging_mixin.py:137} INFO - Scott Phillips
[2023-02-01T19:10:06.683+0000] {logging_mixin.py:137} INFO - Zachary Cisneros
[2023-02-01T19:10:06.685+0000] {logging_mixin.py:137} INFO - Deborah Brown
[2023-02-01T19:10:06.686+0000] {logging_mixin.py:137} INFO - Monica Moses
[2023-02-01T19:10:06.688+0000] {logging_mixin.py:137} INFO - Brenda Reyes
[2023-02-01T19:10:06.690+0000] {logging_mixin.py:137} INFO - Miss Renee Allen
[2023-02-01T19:10:06.694+0000] {logging_mixin.py:137} INFO - Susan Clark
[2023-02-01T19:10:06.697+0000] {logging_mixin.py:137} INFO - Brandy Coffey
[2023-02-01T19:10:06.700+0000] {logging_mixin.py:137} INFO - Brett Nelson
[2023-02-01T19:10:06.702+0000] {logging_mixin.py:137} INFO - Ricardo Young
[2023-02-01T19:10:06.704+0000] {logging_mixin.py:137} INFO - Paul Lee
[2023-02-01T19:10:06.705+0000] {logging_mixin.py:137} INFO - David Allen
[2023-02-01T19:10:06.707+0000] {logging_mixin.py:137} INFO - Andrea Knight
[2023-02-01T19:10:06.709+0000] {logging_mixin.py:137} INFO - James Gomez
[2023-02-01T19:10:06.711+0000] {logging_mixin.py:137} INFO - Melody Gibson
[2023-02-01T19:10:06.714+0000] {logging_mixin.py:137} INFO - Christina Martinez
[2023-02-01T19:10:06.715+0000] {logging_mixin.py:137} INFO - Shelby Smith
[2023-02-01T19:10:06.717+0000] {logging_mixin.py:137} INFO - Jason Howard
[2023-02-01T19:10:06.719+0000] {logging_mixin.py:137} INFO - Amy Davidson
[2023-02-01T19:10:06.720+0000] {logging_mixin.py:137} INFO - Kyle Copeland
[2023-02-01T19:10:06.722+0000] {logging_mixin.py:137} INFO - Madeline Davis
[2023-02-01T19:10:06.724+0000] {logging_mixin.py:137} INFO - Aaron Young
[2023-02-01T19:10:06.726+0000] {logging_mixin.py:137} INFO - Lisa Barrett
[2023-02-01T19:10:06.727+0000] {logging_mixin.py:137} INFO - Joel Jones
[2023-02-01T19:10:06.729+0000] {logging_mixin.py:137} INFO - Christine Evans
[2023-02-01T19:10:06.731+0000] {logging_mixin.py:137} INFO - Kimberly Johnson
[2023-02-01T19:10:06.733+0000] {logging_mixin.py:137} INFO - Charles Hess
[2023-02-01T19:10:06.735+0000] {logging_mixin.py:137} INFO - Paul Dixon
[2023-02-01T19:10:06.737+0000] {logging_mixin.py:137} INFO - Christopher Johnson
[2023-02-01T19:10:06.739+0000] {logging_mixin.py:137} INFO - Robert Dawson
[2023-02-01T19:10:06.743+0000] {logging_mixin.py:137} INFO - Ryan Dixon
[2023-02-01T19:10:06.744+0000] {logging_mixin.py:137} INFO - Julie Martinez
[2023-02-01T19:10:06.745+0000] {logging_mixin.py:137} INFO - David Adams
[2023-02-01T19:10:06.747+0000] {logging_mixin.py:137} INFO - Mariah Brown
[2023-02-01T19:10:06.748+0000] {logging_mixin.py:137} INFO - Deborah Malone
[2023-02-01T19:10:06.750+0000] {logging_mixin.py:137} INFO - John Brown
[2023-02-01T19:10:06.752+0000] {logging_mixin.py:137} INFO - Maria Stewart
[2023-02-01T19:10:06.754+0000] {logging_mixin.py:137} INFO - Mr. Bryan Hawkins
[2023-02-01T19:10:06.755+0000] {logging_mixin.py:137} INFO - Kyle Brooks
[2023-02-01T19:10:06.757+0000] {logging_mixin.py:137} INFO - Kenneth White
[2023-02-01T19:10:06.759+0000] {logging_mixin.py:137} INFO - Patricia Wilson
[2023-02-01T19:10:06.761+0000] {logging_mixin.py:137} INFO - Paul Soto
[2023-02-01T19:10:06.763+0000] {logging_mixin.py:137} INFO - Janice Garrett
[2023-02-01T19:10:06.764+0000] {logging_mixin.py:137} INFO - Randy Strickland
[2023-02-01T19:10:06.766+0000] {logging_mixin.py:137} INFO - Felicia Herrera
[2023-02-01T19:10:06.767+0000] {logging_mixin.py:137} INFO - Andre Campos
[2023-02-01T19:10:06.769+0000] {logging_mixin.py:137} INFO - Justin Meyer
[2023-02-01T19:10:06.770+0000] {logging_mixin.py:137} INFO - Brandon Brooks
[2023-02-01T19:10:06.772+0000] {logging_mixin.py:137} INFO - Abigail Rivera
[2023-02-01T19:10:06.773+0000] {logging_mixin.py:137} INFO - Jessica Mann
[2023-02-01T19:10:06.775+0000] {logging_mixin.py:137} INFO - Michael Sawyer
[2023-02-01T19:10:06.777+0000] {logging_mixin.py:137} INFO - Jeffrey Coleman
[2023-02-01T19:10:06.779+0000] {logging_mixin.py:137} INFO - Micheal Castro
[2023-02-01T19:10:06.781+0000] {logging_mixin.py:137} INFO - Laura Gonzalez
[2023-02-01T19:10:06.783+0000] {logging_mixin.py:137} INFO - Christopher Jackson
[2023-02-01T19:10:06.785+0000] {logging_mixin.py:137} INFO - William Mckenzie
[2023-02-01T19:10:06.788+0000] {logging_mixin.py:137} INFO - Kristina Rodriguez
[2023-02-01T19:10:06.791+0000] {logging_mixin.py:137} INFO - Kelli Williams
[2023-02-01T19:10:06.813+0000] {logging_mixin.py:137} INFO - Diane Norris
[2023-02-01T19:10:06.817+0000] {logging_mixin.py:137} INFO - Kevin Carroll
[2023-02-01T19:10:06.820+0000] {logging_mixin.py:137} INFO - Betty Weber
[2023-02-01T19:10:06.822+0000] {logging_mixin.py:137} INFO - Jeffery Robinson
[2023-02-01T19:10:06.824+0000] {logging_mixin.py:137} INFO - Hannah Cowan
[2023-02-01T19:10:06.827+0000] {logging_mixin.py:137} INFO - Brian Kramer
[2023-02-01T19:10:06.829+0000] {logging_mixin.py:137} INFO - Anthony Roberts
[2023-02-01T19:10:06.831+0000] {logging_mixin.py:137} INFO - Ricardo Blankenship
[2023-02-01T19:10:06.833+0000] {logging_mixin.py:137} INFO - Brooke Collins
[2023-02-01T19:10:06.834+0000] {logging_mixin.py:137} INFO - Tammy Lawson
[2023-02-01T19:10:06.836+0000] {logging_mixin.py:137} INFO - Cody Miller
[2023-02-01T19:10:06.838+0000] {logging_mixin.py:137} INFO - Dr. Janice Salazar
[2023-02-01T19:10:06.839+0000] {logging_mixin.py:137} INFO - David West
[2023-02-01T19:10:06.841+0000] {logging_mixin.py:137} INFO - Robin Carpenter
[2023-02-01T19:10:06.842+0000] {logging_mixin.py:137} INFO - Monique Wall
[2023-02-01T19:10:06.844+0000] {logging_mixin.py:137} INFO - Charles Cardenas
[2023-02-01T19:10:06.846+0000] {logging_mixin.py:137} INFO - Valerie Mitchell
[2023-02-01T19:10:06.847+0000] {logging_mixin.py:137} INFO - Michelle Valenzuela
[2023-02-01T19:10:06.848+0000] {logging_mixin.py:137} INFO - William Poole
[2023-02-01T19:10:06.849+0000] {logging_mixin.py:137} INFO - James Hall
[2023-02-01T19:10:06.850+0000] {logging_mixin.py:137} INFO - Dylan Carpenter
[2023-02-01T19:10:06.852+0000] {logging_mixin.py:137} INFO - Linda Medina
[2023-02-01T19:10:06.853+0000] {logging_mixin.py:137} INFO - Joan White
[2023-02-01T19:10:06.854+0000] {logging_mixin.py:137} INFO - Mary Klein
[2023-02-01T19:10:06.856+0000] {logging_mixin.py:137} INFO - Ashley Wolf
[2023-02-01T19:10:06.857+0000] {logging_mixin.py:137} INFO - William Reed
[2023-02-01T19:10:06.859+0000] {logging_mixin.py:137} INFO - Derek Harvey
[2023-02-01T19:10:06.863+0000] {logging_mixin.py:137} INFO - Kathleen Rodriguez
[2023-02-01T19:10:06.864+0000] {logging_mixin.py:137} INFO - Andrew Rodriguez
[2023-02-01T19:10:06.866+0000] {logging_mixin.py:137} INFO - Ariel Frank
[2023-02-01T19:10:06.867+0000] {logging_mixin.py:137} INFO - Tina French
[2023-02-01T19:10:06.868+0000] {logging_mixin.py:137} INFO - Brent Waller
[2023-02-01T19:10:06.869+0000] {logging_mixin.py:137} INFO - Kevin Allen
[2023-02-01T19:10:06.870+0000] {logging_mixin.py:137} INFO - Xavier Walker
[2023-02-01T19:10:06.872+0000] {logging_mixin.py:137} INFO - Michelle Sanchez
[2023-02-01T19:10:06.873+0000] {logging_mixin.py:137} INFO - Rachael Shepard
[2023-02-01T19:10:06.875+0000] {logging_mixin.py:137} INFO - Kelsey Johnson
[2023-02-01T19:10:06.876+0000] {logging_mixin.py:137} INFO - Nicole Webb
[2023-02-01T19:10:06.877+0000] {logging_mixin.py:137} INFO - Nicholas Rodriguez
[2023-02-01T19:10:06.878+0000] {logging_mixin.py:137} INFO - Eric Vaughan
[2023-02-01T19:10:06.879+0000] {logging_mixin.py:137} INFO - Amanda Richardson
[2023-02-01T19:10:06.880+0000] {logging_mixin.py:137} INFO - Janice Carlson
[2023-02-01T19:10:06.881+0000] {logging_mixin.py:137} INFO - Darryl Walsh
[2023-02-01T19:10:06.882+0000] {logging_mixin.py:137} INFO - Heather Johnson
[2023-02-01T19:10:06.883+0000] {logging_mixin.py:137} INFO - Mark Chambers
[2023-02-01T19:10:06.885+0000] {logging_mixin.py:137} INFO - Tracy Burns
[2023-02-01T19:10:06.886+0000] {logging_mixin.py:137} INFO - John Cole
[2023-02-01T19:10:06.887+0000] {logging_mixin.py:137} INFO - Deborah Silva
[2023-02-01T19:10:06.888+0000] {logging_mixin.py:137} INFO - Shawn Hernandez
[2023-02-01T19:10:06.890+0000] {logging_mixin.py:137} INFO - Bethany Meyer
[2023-02-01T19:10:06.892+0000] {logging_mixin.py:137} INFO - Helen Smith
[2023-02-01T19:10:06.893+0000] {logging_mixin.py:137} INFO - Dana Dennis
[2023-02-01T19:10:06.894+0000] {logging_mixin.py:137} INFO - Kelsey Camacho
[2023-02-01T19:10:06.896+0000] {logging_mixin.py:137} INFO - Matthew Thomas
[2023-02-01T19:10:06.897+0000] {logging_mixin.py:137} INFO - Brittany Arellano
[2023-02-01T19:10:06.898+0000] {logging_mixin.py:137} INFO - Stacey Jones
[2023-02-01T19:10:06.900+0000] {logging_mixin.py:137} INFO - William Weeks
[2023-02-01T19:10:06.902+0000] {logging_mixin.py:137} INFO - Mark Beasley
[2023-02-01T19:10:06.903+0000] {logging_mixin.py:137} INFO - Bruce Pena
[2023-02-01T19:10:06.904+0000] {logging_mixin.py:137} INFO - Jeffery Smith
[2023-02-01T19:10:06.905+0000] {logging_mixin.py:137} INFO - Ann Deleon
[2023-02-01T19:10:06.906+0000] {logging_mixin.py:137} INFO - Kevin Robertson
[2023-02-01T19:10:06.907+0000] {logging_mixin.py:137} INFO - Vincent Willis MD
[2023-02-01T19:10:06.909+0000] {logging_mixin.py:137} INFO - Michael Nielsen
[2023-02-01T19:10:06.910+0000] {logging_mixin.py:137} INFO - Walter Koch
[2023-02-01T19:10:06.911+0000] {logging_mixin.py:137} INFO - Brian Vega
[2023-02-01T19:10:06.912+0000] {logging_mixin.py:137} INFO - Jeffrey Medina
[2023-02-01T19:10:06.913+0000] {logging_mixin.py:137} INFO - Erika Banks
[2023-02-01T19:10:06.914+0000] {logging_mixin.py:137} INFO - Stacey Griffin
[2023-02-01T19:10:06.915+0000] {logging_mixin.py:137} INFO - Michael Marsh
[2023-02-01T19:10:06.916+0000] {logging_mixin.py:137} INFO - Molly White
[2023-02-01T19:10:06.917+0000] {logging_mixin.py:137} INFO - Matthew Morrison
[2023-02-01T19:10:06.918+0000] {logging_mixin.py:137} INFO - Amanda Burns
[2023-02-01T19:10:06.919+0000] {logging_mixin.py:137} INFO - Emily Gonzalez DDS
[2023-02-01T19:10:06.920+0000] {logging_mixin.py:137} INFO - Gregory King
[2023-02-01T19:10:06.921+0000] {logging_mixin.py:137} INFO - Dennis Evans
[2023-02-01T19:10:06.922+0000] {logging_mixin.py:137} INFO - Christina Snyder
[2023-02-01T19:10:06.923+0000] {logging_mixin.py:137} INFO - Carolyn Mata
[2023-02-01T19:10:06.924+0000] {logging_mixin.py:137} INFO - Brandy Lawson
[2023-02-01T19:10:06.925+0000] {logging_mixin.py:137} INFO - Briana Christian
[2023-02-01T19:10:06.926+0000] {logging_mixin.py:137} INFO - Jeffrey Hernandez
[2023-02-01T19:10:06.927+0000] {logging_mixin.py:137} INFO - John Riggs
[2023-02-01T19:10:06.928+0000] {logging_mixin.py:137} INFO - Barbara Short
[2023-02-01T19:10:06.929+0000] {logging_mixin.py:137} INFO - Steven Brooks
[2023-02-01T19:10:06.930+0000] {logging_mixin.py:137} INFO - Gabrielle James
[2023-02-01T19:10:06.931+0000] {logging_mixin.py:137} INFO - Robert Young
[2023-02-01T19:10:06.932+0000] {logging_mixin.py:137} INFO - Derek Sanders
[2023-02-01T19:10:06.933+0000] {logging_mixin.py:137} INFO - Mallory Oliver
[2023-02-01T19:10:06.934+0000] {logging_mixin.py:137} INFO - Terry Howe
[2023-02-01T19:10:06.935+0000] {logging_mixin.py:137} INFO - Samuel Wallace
[2023-02-01T19:10:06.935+0000] {logging_mixin.py:137} INFO - Angel Jones
[2023-02-01T19:10:06.937+0000] {logging_mixin.py:137} INFO - Jacqueline Nichols
[2023-02-01T19:10:06.938+0000] {logging_mixin.py:137} INFO - Melissa Mcgee
[2023-02-01T19:10:06.939+0000] {logging_mixin.py:137} INFO - Michelle Smith
[2023-02-01T19:10:06.940+0000] {logging_mixin.py:137} INFO - Maureen Baxter
[2023-02-01T19:10:06.941+0000] {logging_mixin.py:137} INFO - Kathy Crawford
[2023-02-01T19:10:06.942+0000] {logging_mixin.py:137} INFO - Stacy Wood
[2023-02-01T19:10:06.943+0000] {logging_mixin.py:137} INFO - Justin Parsons
[2023-02-01T19:10:06.944+0000] {logging_mixin.py:137} INFO - Ann Klein
[2023-02-01T19:10:06.945+0000] {logging_mixin.py:137} INFO - Allison Arnold
[2023-02-01T19:10:06.947+0000] {logging_mixin.py:137} INFO - Heather Kirk
[2023-02-01T19:10:06.948+0000] {logging_mixin.py:137} INFO - Monica Smith
[2023-02-01T19:10:06.949+0000] {logging_mixin.py:137} INFO - Brett Oconnor
[2023-02-01T19:10:06.951+0000] {logging_mixin.py:137} INFO - Anthony Bryant
[2023-02-01T19:10:06.952+0000] {logging_mixin.py:137} INFO - Jeremy Russell
[2023-02-01T19:10:06.953+0000] {logging_mixin.py:137} INFO - Julie Poole
[2023-02-01T19:10:06.955+0000] {logging_mixin.py:137} INFO - Emma Thompson
[2023-02-01T19:10:06.957+0000] {logging_mixin.py:137} INFO - Bradley Matthews
[2023-02-01T19:10:06.959+0000] {logging_mixin.py:137} INFO - William Roberts
[2023-02-01T19:10:06.962+0000] {logging_mixin.py:137} INFO - Julie Mooney
[2023-02-01T19:10:06.964+0000] {logging_mixin.py:137} INFO - Amy Doyle
[2023-02-01T19:10:06.966+0000] {logging_mixin.py:137} INFO - Amanda Grant
[2023-02-01T19:10:06.968+0000] {logging_mixin.py:137} INFO - Eric Anderson
[2023-02-01T19:10:06.970+0000] {logging_mixin.py:137} INFO - George Thompson
[2023-02-01T19:10:06.972+0000] {logging_mixin.py:137} INFO - Dustin Hines
[2023-02-01T19:10:06.974+0000] {logging_mixin.py:137} INFO - Andrea Frank
[2023-02-01T19:10:06.976+0000] {logging_mixin.py:137} INFO - Jodi Cook
[2023-02-01T19:10:06.978+0000] {logging_mixin.py:137} INFO - Stacy Haney
[2023-02-01T19:10:06.979+0000] {logging_mixin.py:137} INFO - Paul Callahan
[2023-02-01T19:10:06.981+0000] {logging_mixin.py:137} INFO - Jasmine Chambers
[2023-02-01T19:10:06.983+0000] {logging_mixin.py:137} INFO - Melissa Pittman MD
[2023-02-01T19:10:06.984+0000] {logging_mixin.py:137} INFO - Deborah Larson
[2023-02-01T19:10:06.986+0000] {logging_mixin.py:137} INFO - Brandon Shaw
[2023-02-01T19:10:06.988+0000] {logging_mixin.py:137} INFO - Timothy Paul
[2023-02-01T19:10:06.990+0000] {logging_mixin.py:137} INFO - Michael Trujillo
[2023-02-01T19:10:06.992+0000] {logging_mixin.py:137} INFO - Robert Rivera
[2023-02-01T19:10:06.995+0000] {logging_mixin.py:137} INFO - Dana Nelson
[2023-02-01T19:10:06.997+0000] {logging_mixin.py:137} INFO - Andrea Bennett
[2023-02-01T19:10:06.999+0000] {logging_mixin.py:137} INFO - Jodi Fox
[2023-02-01T19:10:07.000+0000] {logging_mixin.py:137} INFO - Heather Hayes
[2023-02-01T19:10:07.001+0000] {logging_mixin.py:137} INFO - Jennifer Moreno
[2023-02-01T19:10:07.003+0000] {logging_mixin.py:137} INFO - John Patel
[2023-02-01T19:10:07.005+0000] {logging_mixin.py:137} INFO - Teresa Oliver
[2023-02-01T19:10:07.006+0000] {logging_mixin.py:137} INFO - Monique Bell
[2023-02-01T19:10:07.007+0000] {logging_mixin.py:137} INFO - Casey Leonard
[2023-02-01T19:10:07.009+0000] {logging_mixin.py:137} INFO - Steven Clark
[2023-02-01T19:10:07.010+0000] {logging_mixin.py:137} INFO - Edward Martin
[2023-02-01T19:10:07.012+0000] {logging_mixin.py:137} INFO - Shawn Orozco
[2023-02-01T19:10:07.013+0000] {logging_mixin.py:137} INFO - Brandon Yang
[2023-02-01T19:10:07.014+0000] {logging_mixin.py:137} INFO - Nathan Ray
[2023-02-01T19:10:07.015+0000] {logging_mixin.py:137} INFO - Lori Moore
[2023-02-01T19:10:07.016+0000] {logging_mixin.py:137} INFO - Dr. Lisa Shaw DVM
[2023-02-01T19:10:07.018+0000] {logging_mixin.py:137} INFO - Angela Walters
[2023-02-01T19:10:07.019+0000] {logging_mixin.py:137} INFO - David Nolan
[2023-02-01T19:10:07.021+0000] {logging_mixin.py:137} INFO - William Ramsey
[2023-02-01T19:10:07.023+0000] {logging_mixin.py:137} INFO - David Oconnor
[2023-02-01T19:10:07.024+0000] {logging_mixin.py:137} INFO - Mark Washington
[2023-02-01T19:10:07.025+0000] {logging_mixin.py:137} INFO - Jennifer Jacobs
[2023-02-01T19:10:07.026+0000] {logging_mixin.py:137} INFO - Tammy Hampton
[2023-02-01T19:10:07.028+0000] {logging_mixin.py:137} INFO - Stephen Farmer
[2023-02-01T19:10:07.029+0000] {logging_mixin.py:137} INFO - Jasmine Nguyen
[2023-02-01T19:10:07.031+0000] {logging_mixin.py:137} INFO - Rebecca Flores
[2023-02-01T19:10:07.032+0000] {logging_mixin.py:137} INFO - Tyler Davis
[2023-02-01T19:10:07.033+0000] {logging_mixin.py:137} INFO - Nancy Gray
[2023-02-01T19:10:07.034+0000] {logging_mixin.py:137} INFO - Brian Sanchez
[2023-02-01T19:10:07.036+0000] {logging_mixin.py:137} INFO - Laurie Shaw
[2023-02-01T19:10:07.037+0000] {logging_mixin.py:137} INFO - Kristina Torres
[2023-02-01T19:10:07.039+0000] {logging_mixin.py:137} INFO - Andrea Rodgers
[2023-02-01T19:10:07.041+0000] {logging_mixin.py:137} INFO - Jason Walters
[2023-02-01T19:10:07.043+0000] {logging_mixin.py:137} INFO - Jerry Moss
[2023-02-01T19:10:07.044+0000] {logging_mixin.py:137} INFO - Jeffrey Jordan
[2023-02-01T19:10:07.046+0000] {logging_mixin.py:137} INFO - Jennifer Wilson
[2023-02-01T19:10:07.048+0000] {logging_mixin.py:137} INFO - Trevor Mathews
[2023-02-01T19:10:07.049+0000] {logging_mixin.py:137} INFO - Anne Hood
[2023-02-01T19:10:07.051+0000] {logging_mixin.py:137} INFO - Sarah Williams
[2023-02-01T19:10:07.053+0000] {logging_mixin.py:137} INFO - Shelby Hernandez
[2023-02-01T19:10:07.055+0000] {logging_mixin.py:137} INFO - Samantha Velez
[2023-02-01T19:10:07.056+0000] {logging_mixin.py:137} INFO - Matthew Douglas
[2023-02-01T19:10:07.058+0000] {logging_mixin.py:137} INFO - Ashlee George
[2023-02-01T19:10:07.059+0000] {logging_mixin.py:137} INFO - Troy Crane
[2023-02-01T19:10:07.061+0000] {logging_mixin.py:137} INFO - Michael Cooper
[2023-02-01T19:10:07.063+0000] {logging_mixin.py:137} INFO - Michael White
[2023-02-01T19:10:07.064+0000] {logging_mixin.py:137} INFO - Mr. Timothy Fleming
[2023-02-01T19:10:07.065+0000] {logging_mixin.py:137} INFO - Seth Bruce
[2023-02-01T19:10:07.068+0000] {logging_mixin.py:137} INFO - Jacqueline Carpenter
[2023-02-01T19:10:07.070+0000] {logging_mixin.py:137} INFO - Michael Martin
[2023-02-01T19:10:07.072+0000] {logging_mixin.py:137} INFO - Kristopher Henry
[2023-02-01T19:10:07.074+0000] {logging_mixin.py:137} INFO - Tiffany Porter
[2023-02-01T19:10:07.075+0000] {logging_mixin.py:137} INFO - Stacy Simpson
[2023-02-01T19:10:07.077+0000] {logging_mixin.py:137} INFO - Tammy Mcdowell
[2023-02-01T19:10:07.080+0000] {logging_mixin.py:137} INFO - Thomas Walters
[2023-02-01T19:10:07.082+0000] {logging_mixin.py:137} INFO - Dwayne Thompson
[2023-02-01T19:10:07.085+0000] {logging_mixin.py:137} INFO - Natalie Willis
[2023-02-01T19:10:07.087+0000] {logging_mixin.py:137} INFO - Sharon Taylor
[2023-02-01T19:10:07.089+0000] {logging_mixin.py:137} INFO - Sarah Wiggins
[2023-02-01T19:10:07.091+0000] {logging_mixin.py:137} INFO - Amber Thomas
[2023-02-01T19:10:07.099+0000] {logging_mixin.py:137} INFO - Patrick Miller
[2023-02-01T19:10:07.102+0000] {logging_mixin.py:137} INFO - Stephanie Hartman
[2023-02-01T19:10:07.103+0000] {logging_mixin.py:137} INFO - Stacey Mora
[2023-02-01T19:10:07.107+0000] {logging_mixin.py:137} INFO - Katherine Rodriguez
[2023-02-01T19:10:07.109+0000] {logging_mixin.py:137} INFO - Daniel Morgan
[2023-02-01T19:10:07.110+0000] {logging_mixin.py:137} INFO - Rebecca Martinez
[2023-02-01T19:10:07.112+0000] {logging_mixin.py:137} INFO - Nicole Juarez
[2023-02-01T19:10:07.114+0000] {logging_mixin.py:137} INFO - Mark Arroyo
[2023-02-01T19:10:07.115+0000] {logging_mixin.py:137} INFO - April Lucero
[2023-02-01T19:10:07.116+0000] {logging_mixin.py:137} INFO - Samantha Garcia
[2023-02-01T19:10:07.118+0000] {logging_mixin.py:137} INFO - Jon Moore
[2023-02-01T19:10:07.119+0000] {logging_mixin.py:137} INFO - Joshua Flores MD
[2023-02-01T19:10:07.120+0000] {logging_mixin.py:137} INFO - Raymond Jones
[2023-02-01T19:10:07.122+0000] {logging_mixin.py:137} INFO - Billy Hughes
[2023-02-01T19:10:07.123+0000] {logging_mixin.py:137} INFO - Peggy Valdez PhD
[2023-02-01T19:10:07.124+0000] {logging_mixin.py:137} INFO - Joshua Reyes
[2023-02-01T19:10:07.126+0000] {logging_mixin.py:137} INFO - Aaron Green
[2023-02-01T19:10:07.127+0000] {logging_mixin.py:137} INFO - Wendy Espinoza
[2023-02-01T19:10:07.130+0000] {logging_mixin.py:137} INFO - Peter Vasquez
[2023-02-01T19:10:07.136+0000] {logging_mixin.py:137} INFO - Diane Harper
[2023-02-01T19:10:07.139+0000] {logging_mixin.py:137} INFO - Ms. Rebecca Cantu
[2023-02-01T19:10:07.142+0000] {logging_mixin.py:137} INFO - Yolanda Morrow
[2023-02-01T19:10:07.144+0000] {logging_mixin.py:137} INFO - Penny Beard
[2023-02-01T19:10:07.146+0000] {logging_mixin.py:137} INFO - Lisa Long
[2023-02-01T19:10:07.149+0000] {logging_mixin.py:137} INFO - Jerry Harris
[2023-02-01T19:10:07.151+0000] {logging_mixin.py:137} INFO - Bob Willis
[2023-02-01T19:10:07.153+0000] {logging_mixin.py:137} INFO - Duane Chapman
[2023-02-01T19:10:07.155+0000] {logging_mixin.py:137} INFO - William Morgan
[2023-02-01T19:10:07.157+0000] {logging_mixin.py:137} INFO - Amy Gutierrez
[2023-02-01T19:10:07.159+0000] {logging_mixin.py:137} INFO - Amber Nichols
[2023-02-01T19:10:07.161+0000] {logging_mixin.py:137} INFO - Matthew Carr
[2023-02-01T19:10:07.162+0000] {logging_mixin.py:137} INFO - Thomas Duncan
[2023-02-01T19:10:07.164+0000] {logging_mixin.py:137} INFO - Elizabeth Wright
[2023-02-01T19:10:07.165+0000] {logging_mixin.py:137} INFO - Jacqueline Brewer
[2023-02-01T19:10:07.167+0000] {logging_mixin.py:137} INFO - Stephanie Johnson
[2023-02-01T19:10:07.169+0000] {logging_mixin.py:137} INFO - Samantha Calderon
[2023-02-01T19:10:07.173+0000] {logging_mixin.py:137} INFO - Kathryn Gaines
[2023-02-01T19:10:07.175+0000] {logging_mixin.py:137} INFO - Angel Jones
[2023-02-01T19:10:07.176+0000] {logging_mixin.py:137} INFO - Laura Wall
[2023-02-01T19:10:07.178+0000] {logging_mixin.py:137} INFO - Mr. Anthony Hamilton
[2023-02-01T19:10:07.179+0000] {logging_mixin.py:137} INFO - David Smith
[2023-02-01T19:10:07.181+0000] {logging_mixin.py:137} INFO - Kimberly Herrera DDS
[2023-02-01T19:10:07.182+0000] {logging_mixin.py:137} INFO - Gina Wilson
[2023-02-01T19:10:07.184+0000] {logging_mixin.py:137} INFO - Timothy Byrd
[2023-02-01T19:10:07.185+0000] {logging_mixin.py:137} INFO - Michael Mckenzie
[2023-02-01T19:10:07.186+0000] {logging_mixin.py:137} INFO - Jeffrey Mcintyre
[2023-02-01T19:10:07.188+0000] {logging_mixin.py:137} INFO - Teresa Jackson
[2023-02-01T19:10:07.190+0000] {logging_mixin.py:137} INFO - Joseph Wilcox
[2023-02-01T19:10:07.191+0000] {logging_mixin.py:137} INFO - Patrick Mcknight
[2023-02-01T19:10:07.193+0000] {logging_mixin.py:137} INFO - Ronald Moreno
[2023-02-01T19:10:07.194+0000] {logging_mixin.py:137} INFO - Jamie Sullivan
[2023-02-01T19:10:07.195+0000] {logging_mixin.py:137} INFO - Jason Anderson
[2023-02-01T19:10:07.196+0000] {logging_mixin.py:137} INFO - Steven Stewart
[2023-02-01T19:10:07.197+0000] {logging_mixin.py:137} INFO - Melinda Paul
[2023-02-01T19:10:07.198+0000] {logging_mixin.py:137} INFO - Cynthia Simmons
[2023-02-01T19:10:07.200+0000] {logging_mixin.py:137} INFO - Christian Smith
[2023-02-01T19:10:07.201+0000] {logging_mixin.py:137} INFO - William Jimenez
[2023-02-01T19:10:07.203+0000] {logging_mixin.py:137} INFO - Hayley French
[2023-02-01T19:10:07.205+0000] {logging_mixin.py:137} INFO - Brandon Hess
[2023-02-01T19:10:07.207+0000] {logging_mixin.py:137} INFO - Laura Perry
[2023-02-01T19:10:07.208+0000] {logging_mixin.py:137} INFO - Scott Jones
[2023-02-01T19:10:07.209+0000] {logging_mixin.py:137} INFO - Christine Hernandez
[2023-02-01T19:10:07.210+0000] {logging_mixin.py:137} INFO - Douglas Eaton
[2023-02-01T19:10:07.211+0000] {logging_mixin.py:137} INFO - William Soto
[2023-02-01T19:10:07.212+0000] {logging_mixin.py:137} INFO - Mary Jones
[2023-02-01T19:10:07.213+0000] {logging_mixin.py:137} INFO - Stephanie Holmes
[2023-02-01T19:10:07.214+0000] {logging_mixin.py:137} INFO - Keith Meyers
[2023-02-01T19:10:07.215+0000] {logging_mixin.py:137} INFO - Paul Fisher
[2023-02-01T19:10:07.216+0000] {logging_mixin.py:137} INFO - Emily Alexander
[2023-02-01T19:10:07.217+0000] {logging_mixin.py:137} INFO - Anthony Schwartz
[2023-02-01T19:10:07.218+0000] {logging_mixin.py:137} INFO - Evelyn Jacobs
[2023-02-01T19:10:07.219+0000] {logging_mixin.py:137} INFO - Connie Jones
[2023-02-01T19:10:07.221+0000] {logging_mixin.py:137} INFO - Carla Gibbs
[2023-02-01T19:10:07.223+0000] {logging_mixin.py:137} INFO - Ashley Santiago
[2023-02-01T19:10:07.224+0000] {logging_mixin.py:137} INFO - Micheal Mckee
[2023-02-01T19:10:07.226+0000] {logging_mixin.py:137} INFO - Diane Williams
[2023-02-01T19:10:07.228+0000] {logging_mixin.py:137} INFO - Jesse Velasquez
[2023-02-01T19:10:07.229+0000] {logging_mixin.py:137} INFO - Jennifer Rodriguez
[2023-02-01T19:10:07.230+0000] {logging_mixin.py:137} INFO - Joe Griffin
[2023-02-01T19:10:07.232+0000] {logging_mixin.py:137} INFO - Gary Cherry
[2023-02-01T19:10:07.233+0000] {logging_mixin.py:137} INFO - Alyssa Edwards
[2023-02-01T19:10:07.234+0000] {logging_mixin.py:137} INFO - Caroline Hernandez MD
[2023-02-01T19:10:07.236+0000] {logging_mixin.py:137} INFO - Jessica Morton
[2023-02-01T19:10:07.237+0000] {logging_mixin.py:137} INFO - Holly Jones
[2023-02-01T19:10:07.238+0000] {logging_mixin.py:137} INFO - David Shelton
[2023-02-01T19:10:07.240+0000] {logging_mixin.py:137} INFO - Kristina Parks
[2023-02-01T19:10:07.241+0000] {logging_mixin.py:137} INFO - Laurie Hernandez
[2023-02-01T19:10:07.242+0000] {logging_mixin.py:137} INFO - Melissa James
[2023-02-01T19:10:07.244+0000] {logging_mixin.py:137} INFO - Jeremiah Adams
[2023-02-01T19:10:07.245+0000] {logging_mixin.py:137} INFO - Arthur Robinson
[2023-02-01T19:10:07.246+0000] {logging_mixin.py:137} INFO - Anna Shepard
[2023-02-01T19:10:07.247+0000] {logging_mixin.py:137} INFO - Brandon Myers
[2023-02-01T19:10:07.248+0000] {logging_mixin.py:137} INFO - Paul Cardenas
[2023-02-01T19:10:07.249+0000] {logging_mixin.py:137} INFO - Megan Santana
[2023-02-01T19:10:07.250+0000] {logging_mixin.py:137} INFO - Joseph Marshall
[2023-02-01T19:10:07.251+0000] {logging_mixin.py:137} INFO - Mrs. Brenda Harris
[2023-02-01T19:10:07.252+0000] {logging_mixin.py:137} INFO - Nicole Garcia
[2023-02-01T19:10:07.253+0000] {logging_mixin.py:137} INFO - Anna Estrada
[2023-02-01T19:10:07.254+0000] {logging_mixin.py:137} INFO - Carl Moore
[2023-02-01T19:10:07.255+0000] {logging_mixin.py:137} INFO - Rodney Hernandez
[2023-02-01T19:10:07.256+0000] {logging_mixin.py:137} INFO - Madison Christian
[2023-02-01T19:10:07.257+0000] {logging_mixin.py:137} INFO - Heather Rhodes
[2023-02-01T19:10:07.261+0000] {python.py:177} INFO - Done. Returned value was: None
[2023-02-01T19:10:07.272+0000] {taskinstance.py:1323} INFO - Marking task as SUCCESS. dag_id=CSV_DAG, task_id=convertCSVToJson, execution_date=20230201T132000, start_date=20230201T191004, end_date=20230201T191007
[2023-02-01T19:10:07.334+0000] {local_task_job.py:208} INFO - Task exited with return code 0
[2023-02-01T19:10:07.358+0000] {taskinstance.py:2578} INFO - 0 downstream tasks scheduled from follow-on schedule check
