[2023-02-02T10:03:24.638+0000] {taskinstance.py:1083} INFO - Dependencies all met for <TaskInstance: CSV_DAG.convertCSVToJson scheduled__2023-02-02T06:25:00+00:00 [queued]>
[2023-02-02T10:03:24.705+0000] {taskinstance.py:1083} INFO - Dependencies all met for <TaskInstance: CSV_DAG.convertCSVToJson scheduled__2023-02-02T06:25:00+00:00 [queued]>
[2023-02-02T10:03:24.710+0000] {taskinstance.py:1279} INFO - 
--------------------------------------------------------------------------------
[2023-02-02T10:03:24.712+0000] {taskinstance.py:1280} INFO - Starting attempt 1 of 2
[2023-02-02T10:03:24.720+0000] {taskinstance.py:1281} INFO - 
--------------------------------------------------------------------------------
[2023-02-02T10:03:24.865+0000] {taskinstance.py:1300} INFO - Executing <Task(PythonOperator): convertCSVToJson> on 2023-02-02 06:25:00+00:00
[2023-02-02T10:03:24.885+0000] {standard_task_runner.py:55} INFO - Started process 1241 to run task
[2023-02-02T10:03:24.921+0000] {standard_task_runner.py:82} INFO - Running: ['***', 'tasks', 'run', 'CSV_DAG', 'convertCSVToJson', 'scheduled__2023-02-02T06:25:00+00:00', '--job-id', '771', '--raw', '--subdir', 'DAGS_FOLDER/csv.py', '--cfg-path', '/tmp/tmp2e1aoio3']
[2023-02-02T10:03:24.928+0000] {standard_task_runner.py:83} INFO - Job 771: Subtask convertCSVToJson
[2023-02-02T10:03:25.365+0000] {task_command.py:388} INFO - Running <TaskInstance: CSV_DAG.convertCSVToJson scheduled__2023-02-02T06:25:00+00:00 [running]> on host 06d8060e8530
[2023-02-02T10:03:26.185+0000] {taskinstance.py:1509} INFO - Exporting the following env vars:
AIRFLOW_CTX_DAG_OWNER=Kevin Chalmers
AIRFLOW_CTX_DAG_ID=CSV_DAG
AIRFLOW_CTX_TASK_ID=convertCSVToJson
AIRFLOW_CTX_EXECUTION_DATE=2023-02-02T06:25:00+00:00
AIRFLOW_CTX_TRY_NUMBER=1
AIRFLOW_CTX_DAG_RUN_ID=scheduled__2023-02-02T06:25:00+00:00
[2023-02-02T10:03:26.329+0000] {logging_mixin.py:137} INFO - Angelica Lopez
[2023-02-02T10:03:26.372+0000] {logging_mixin.py:137} INFO - Betty Wright
[2023-02-02T10:03:26.379+0000] {logging_mixin.py:137} INFO - Sara Schmidt
[2023-02-02T10:03:26.387+0000] {logging_mixin.py:137} INFO - Dr. Sherry Rodriguez
[2023-02-02T10:03:26.393+0000] {logging_mixin.py:137} INFO - Rebecca Mills
[2023-02-02T10:03:26.397+0000] {logging_mixin.py:137} INFO - Andrew Anderson
[2023-02-02T10:03:26.404+0000] {logging_mixin.py:137} INFO - Martin Everett
[2023-02-02T10:03:26.407+0000] {logging_mixin.py:137} INFO - Felicia Gregory
[2023-02-02T10:03:26.411+0000] {logging_mixin.py:137} INFO - Kara Bowers
[2023-02-02T10:03:26.418+0000] {logging_mixin.py:137} INFO - Vincent Vincent
[2023-02-02T10:03:26.423+0000] {logging_mixin.py:137} INFO - Morgan Butler
[2023-02-02T10:03:26.427+0000] {logging_mixin.py:137} INFO - Stephen Riley
[2023-02-02T10:03:26.432+0000] {logging_mixin.py:137} INFO - Wanda Thomas
[2023-02-02T10:03:26.437+0000] {logging_mixin.py:137} INFO - Michelle Schultz
[2023-02-02T10:03:26.441+0000] {logging_mixin.py:137} INFO - Christopher Rush MD
[2023-02-02T10:03:26.444+0000] {logging_mixin.py:137} INFO - Phyllis Miles
[2023-02-02T10:03:26.447+0000] {logging_mixin.py:137} INFO - Rebecca Price
[2023-02-02T10:03:26.473+0000] {logging_mixin.py:137} INFO - John Morse
[2023-02-02T10:03:26.478+0000] {logging_mixin.py:137} INFO - Nicholas Sanchez
[2023-02-02T10:03:26.481+0000] {logging_mixin.py:137} INFO - Crystal Dean
[2023-02-02T10:03:26.484+0000] {logging_mixin.py:137} INFO - Tyler Diaz
[2023-02-02T10:03:26.494+0000] {logging_mixin.py:137} INFO - Denise Mclean
[2023-02-02T10:03:26.497+0000] {logging_mixin.py:137} INFO - Daniel Grant
[2023-02-02T10:03:26.499+0000] {logging_mixin.py:137} INFO - Sandra Peterson
[2023-02-02T10:03:26.514+0000] {logging_mixin.py:137} INFO - Denise Morse
[2023-02-02T10:03:26.523+0000] {logging_mixin.py:137} INFO - Brianna Smith
[2023-02-02T10:03:26.526+0000] {logging_mixin.py:137} INFO - Tony Miller
[2023-02-02T10:03:26.531+0000] {logging_mixin.py:137} INFO - Jean Booth
[2023-02-02T10:03:26.538+0000] {logging_mixin.py:137} INFO - Penny Salazar
[2023-02-02T10:03:26.541+0000] {logging_mixin.py:137} INFO - Cathy Williams
[2023-02-02T10:03:26.544+0000] {logging_mixin.py:137} INFO - Hannah Collins
[2023-02-02T10:03:26.546+0000] {logging_mixin.py:137} INFO - Maurice Casey
[2023-02-02T10:03:26.548+0000] {logging_mixin.py:137} INFO - Patrick Walker
[2023-02-02T10:03:26.550+0000] {logging_mixin.py:137} INFO - Pamela Barton
[2023-02-02T10:03:26.551+0000] {logging_mixin.py:137} INFO - Anthony Bryant
[2023-02-02T10:03:26.563+0000] {logging_mixin.py:137} INFO - Andrew Harris
[2023-02-02T10:03:26.564+0000] {logging_mixin.py:137} INFO - Aaron Harris
[2023-02-02T10:03:26.569+0000] {logging_mixin.py:137} INFO - Maureen Soto
[2023-02-02T10:03:26.571+0000] {logging_mixin.py:137} INFO - Crystal Mcdaniel
[2023-02-02T10:03:26.575+0000] {logging_mixin.py:137} INFO - Lauren Barrett
[2023-02-02T10:03:26.581+0000] {logging_mixin.py:137} INFO - Brandon Perez
[2023-02-02T10:03:26.595+0000] {logging_mixin.py:137} INFO - Mark Robertson
[2023-02-02T10:03:26.608+0000] {logging_mixin.py:137} INFO - Nicole Gates
[2023-02-02T10:03:26.620+0000] {logging_mixin.py:137} INFO - Bradley Cruz
[2023-02-02T10:03:26.634+0000] {logging_mixin.py:137} INFO - Gina Burns
[2023-02-02T10:03:26.650+0000] {logging_mixin.py:137} INFO - Zachary Martinez
[2023-02-02T10:03:26.661+0000] {logging_mixin.py:137} INFO - Natasha Johnson
[2023-02-02T10:03:26.669+0000] {logging_mixin.py:137} INFO - Patrick Gonzales
[2023-02-02T10:03:26.682+0000] {logging_mixin.py:137} INFO - Terri Wilson
[2023-02-02T10:03:26.687+0000] {logging_mixin.py:137} INFO - Sarah Lopez
[2023-02-02T10:03:26.693+0000] {logging_mixin.py:137} INFO - Dana Turner
[2023-02-02T10:03:26.697+0000] {logging_mixin.py:137} INFO - Cynthia Johnson
[2023-02-02T10:03:26.702+0000] {logging_mixin.py:137} INFO - William Thornton
[2023-02-02T10:03:26.709+0000] {logging_mixin.py:137} INFO - James Lee
[2023-02-02T10:03:26.713+0000] {logging_mixin.py:137} INFO - Stephen Allen
[2023-02-02T10:03:26.718+0000] {logging_mixin.py:137} INFO - William Stark
[2023-02-02T10:03:26.735+0000] {logging_mixin.py:137} INFO - Michael Parker
[2023-02-02T10:03:26.738+0000] {logging_mixin.py:137} INFO - Lisa Stephens
[2023-02-02T10:03:26.753+0000] {logging_mixin.py:137} INFO - Mr. Reginald Wise DDS
[2023-02-02T10:03:26.755+0000] {logging_mixin.py:137} INFO - Alexander James
[2023-02-02T10:03:26.768+0000] {logging_mixin.py:137} INFO - Kristen West
[2023-02-02T10:03:26.776+0000] {logging_mixin.py:137} INFO - Elizabeth Sanchez
[2023-02-02T10:03:26.782+0000] {logging_mixin.py:137} INFO - Jennifer Wilson
[2023-02-02T10:03:26.785+0000] {logging_mixin.py:137} INFO - Catherine Nicholson
[2023-02-02T10:03:26.794+0000] {logging_mixin.py:137} INFO - David Henderson
[2023-02-02T10:03:26.798+0000] {logging_mixin.py:137} INFO - Stephen Davis
[2023-02-02T10:03:26.817+0000] {logging_mixin.py:137} INFO - Paul Skinner
[2023-02-02T10:03:26.824+0000] {logging_mixin.py:137} INFO - Rebecca Wong
[2023-02-02T10:03:26.831+0000] {logging_mixin.py:137} INFO - Tara Benitez
[2023-02-02T10:03:26.836+0000] {logging_mixin.py:137} INFO - Sharon Miller
[2023-02-02T10:03:26.844+0000] {logging_mixin.py:137} INFO - Cynthia Smith
[2023-02-02T10:03:26.848+0000] {logging_mixin.py:137} INFO - Jennifer Werner
[2023-02-02T10:03:26.863+0000] {logging_mixin.py:137} INFO - Rebecca Tucker
[2023-02-02T10:03:26.868+0000] {logging_mixin.py:137} INFO - Ashlee Castillo
[2023-02-02T10:03:26.872+0000] {logging_mixin.py:137} INFO - Christopher Holmes
[2023-02-02T10:03:26.874+0000] {logging_mixin.py:137} INFO - Daniel Velez
[2023-02-02T10:03:26.888+0000] {logging_mixin.py:137} INFO - Amy Serrano
[2023-02-02T10:03:26.892+0000] {logging_mixin.py:137} INFO - Alison Nash
[2023-02-02T10:03:26.899+0000] {logging_mixin.py:137} INFO - Peter Johnson
[2023-02-02T10:03:26.900+0000] {logging_mixin.py:137} INFO - Breanna Harris
[2023-02-02T10:03:26.903+0000] {logging_mixin.py:137} INFO - Eric King
[2023-02-02T10:03:26.918+0000] {logging_mixin.py:137} INFO - Patricia Oliver
[2023-02-02T10:03:26.924+0000] {logging_mixin.py:137} INFO - Denise Grimes
[2023-02-02T10:03:26.933+0000] {logging_mixin.py:137} INFO - Jill Olson
[2023-02-02T10:03:26.939+0000] {logging_mixin.py:137} INFO - Stephanie Hart
[2023-02-02T10:03:26.947+0000] {logging_mixin.py:137} INFO - Ashley Lee
[2023-02-02T10:03:26.948+0000] {logging_mixin.py:137} INFO - Kelly Barnes
[2023-02-02T10:03:26.954+0000] {logging_mixin.py:137} INFO - Christie West
[2023-02-02T10:03:26.958+0000] {logging_mixin.py:137} INFO - Todd Nolan
[2023-02-02T10:03:26.965+0000] {logging_mixin.py:137} INFO - Sarah Reed
[2023-02-02T10:03:26.968+0000] {logging_mixin.py:137} INFO - Jennifer Keith
[2023-02-02T10:03:26.974+0000] {logging_mixin.py:137} INFO - Shawn Alvarez
[2023-02-02T10:03:26.978+0000] {logging_mixin.py:137} INFO - Alexander Wilson
[2023-02-02T10:03:26.984+0000] {logging_mixin.py:137} INFO - Rachel Melendez
[2023-02-02T10:03:26.987+0000] {logging_mixin.py:137} INFO - Morgan Walters
[2023-02-02T10:03:26.989+0000] {logging_mixin.py:137} INFO - Nicole Garcia
[2023-02-02T10:03:27.000+0000] {logging_mixin.py:137} INFO - Jennifer White
[2023-02-02T10:03:27.003+0000] {logging_mixin.py:137} INFO - Leslie Shannon
[2023-02-02T10:03:27.005+0000] {logging_mixin.py:137} INFO - Lisa Clayton
[2023-02-02T10:03:27.006+0000] {logging_mixin.py:137} INFO - Zachary Molina
[2023-02-02T10:03:27.008+0000] {logging_mixin.py:137} INFO - Bruce Butler
[2023-02-02T10:03:27.009+0000] {logging_mixin.py:137} INFO - Dustin Howell
[2023-02-02T10:03:27.015+0000] {logging_mixin.py:137} INFO - Aaron Smith
[2023-02-02T10:03:27.019+0000] {logging_mixin.py:137} INFO - Kyle Green
[2023-02-02T10:03:27.026+0000] {logging_mixin.py:137} INFO - Steven Clark
[2023-02-02T10:03:27.030+0000] {logging_mixin.py:137} INFO - Robert Holden
[2023-02-02T10:03:27.037+0000] {logging_mixin.py:137} INFO - Zachary Harmon
[2023-02-02T10:03:27.043+0000] {logging_mixin.py:137} INFO - Rachel Miller
[2023-02-02T10:03:27.051+0000] {logging_mixin.py:137} INFO - Brandon Parker
[2023-02-02T10:03:27.056+0000] {logging_mixin.py:137} INFO - Walter Martin
[2023-02-02T10:03:27.066+0000] {logging_mixin.py:137} INFO - Jose Young
[2023-02-02T10:03:27.071+0000] {logging_mixin.py:137} INFO - Kelsey Long
[2023-02-02T10:03:27.074+0000] {logging_mixin.py:137} INFO - William Harper
[2023-02-02T10:03:27.076+0000] {logging_mixin.py:137} INFO - Alejandro Lambert
[2023-02-02T10:03:27.082+0000] {logging_mixin.py:137} INFO - Stephanie Carson
[2023-02-02T10:03:27.088+0000] {logging_mixin.py:137} INFO - Diana Ortega MD
[2023-02-02T10:03:27.089+0000] {logging_mixin.py:137} INFO - Janet Morales
[2023-02-02T10:03:27.093+0000] {logging_mixin.py:137} INFO - Eric Fisher
[2023-02-02T10:03:27.096+0000] {logging_mixin.py:137} INFO - Louis Baker
[2023-02-02T10:03:27.098+0000] {logging_mixin.py:137} INFO - Cindy Ward
[2023-02-02T10:03:27.101+0000] {logging_mixin.py:137} INFO - Ana Jenkins
[2023-02-02T10:03:27.107+0000] {logging_mixin.py:137} INFO - Leslie Barton
[2023-02-02T10:03:27.111+0000] {logging_mixin.py:137} INFO - Gregory Price
[2023-02-02T10:03:27.113+0000] {logging_mixin.py:137} INFO - Brandon Moore
[2023-02-02T10:03:27.118+0000] {logging_mixin.py:137} INFO - Heather Garrett
[2023-02-02T10:03:27.120+0000] {logging_mixin.py:137} INFO - Cindy Hawkins
[2023-02-02T10:03:27.123+0000] {logging_mixin.py:137} INFO - Mr. Frank Snyder Jr.
[2023-02-02T10:03:27.125+0000] {logging_mixin.py:137} INFO - Megan Wang
[2023-02-02T10:03:27.127+0000] {logging_mixin.py:137} INFO - Jennifer Fleming
[2023-02-02T10:03:27.137+0000] {logging_mixin.py:137} INFO - Gary Hodge
[2023-02-02T10:03:27.139+0000] {logging_mixin.py:137} INFO - Nichole Miller
[2023-02-02T10:03:27.141+0000] {logging_mixin.py:137} INFO - Mitchell Mendoza
[2023-02-02T10:03:27.143+0000] {logging_mixin.py:137} INFO - Bradley Horton
[2023-02-02T10:03:27.144+0000] {logging_mixin.py:137} INFO - Michelle Hess
[2023-02-02T10:03:27.149+0000] {logging_mixin.py:137} INFO - Ronald Torres
[2023-02-02T10:03:27.150+0000] {logging_mixin.py:137} INFO - Raymond Hudson
[2023-02-02T10:03:27.151+0000] {logging_mixin.py:137} INFO - Vincent Jackson
[2023-02-02T10:03:27.162+0000] {logging_mixin.py:137} INFO - Susan Carey
[2023-02-02T10:03:27.163+0000] {logging_mixin.py:137} INFO - Chase Wilson
[2023-02-02T10:03:27.165+0000] {logging_mixin.py:137} INFO - Tonya Baldwin
[2023-02-02T10:03:27.167+0000] {logging_mixin.py:137} INFO - Mrs. Tina Davis
[2023-02-02T10:03:27.169+0000] {logging_mixin.py:137} INFO - Scott Garrett
[2023-02-02T10:03:27.171+0000] {logging_mixin.py:137} INFO - Michael Wilson
[2023-02-02T10:03:27.173+0000] {logging_mixin.py:137} INFO - Andrew Orozco
[2023-02-02T10:03:27.176+0000] {logging_mixin.py:137} INFO - Troy Carson
[2023-02-02T10:03:27.184+0000] {logging_mixin.py:137} INFO - Alex Winters
[2023-02-02T10:03:27.188+0000] {logging_mixin.py:137} INFO - Toni Frank
[2023-02-02T10:03:27.194+0000] {logging_mixin.py:137} INFO - Kathleen Snyder
[2023-02-02T10:03:27.199+0000] {logging_mixin.py:137} INFO - Anna Lopez
[2023-02-02T10:03:27.207+0000] {logging_mixin.py:137} INFO - Charles Brown
[2023-02-02T10:03:27.210+0000] {logging_mixin.py:137} INFO - Barry Ross
[2023-02-02T10:03:27.214+0000] {logging_mixin.py:137} INFO - Emily Ramirez
[2023-02-02T10:03:27.217+0000] {logging_mixin.py:137} INFO - Anna Williams
[2023-02-02T10:03:27.224+0000] {logging_mixin.py:137} INFO - Kristin Pennington
[2023-02-02T10:03:27.231+0000] {logging_mixin.py:137} INFO - Mary Aguirre
[2023-02-02T10:03:27.240+0000] {logging_mixin.py:137} INFO - Austin Santos
[2023-02-02T10:03:27.242+0000] {logging_mixin.py:137} INFO - David Nelson
[2023-02-02T10:03:27.243+0000] {logging_mixin.py:137} INFO - Alyssa Mcbride
[2023-02-02T10:03:27.249+0000] {logging_mixin.py:137} INFO - Lisa Gibson
[2023-02-02T10:03:27.258+0000] {logging_mixin.py:137} INFO - Alexander Kelly
[2023-02-02T10:03:27.267+0000] {logging_mixin.py:137} INFO - Ronald Thomas
[2023-02-02T10:03:27.282+0000] {logging_mixin.py:137} INFO - Michael Hurst
[2023-02-02T10:03:27.298+0000] {logging_mixin.py:137} INFO - Lauren Ward
[2023-02-02T10:03:27.307+0000] {logging_mixin.py:137} INFO - Christian Terry
[2023-02-02T10:03:27.317+0000] {logging_mixin.py:137} INFO - Jared Black
[2023-02-02T10:03:27.320+0000] {logging_mixin.py:137} INFO - Anthony Brown
[2023-02-02T10:03:27.330+0000] {logging_mixin.py:137} INFO - John Cole
[2023-02-02T10:03:27.332+0000] {logging_mixin.py:137} INFO - David Lee
[2023-02-02T10:03:27.339+0000] {logging_mixin.py:137} INFO - Lori Thomas
[2023-02-02T10:03:27.344+0000] {logging_mixin.py:137} INFO - Daniel Herman
[2023-02-02T10:03:27.349+0000] {logging_mixin.py:137} INFO - Pam Williams
[2023-02-02T10:03:27.351+0000] {logging_mixin.py:137} INFO - Sarah Jenkins
[2023-02-02T10:03:27.353+0000] {logging_mixin.py:137} INFO - Susan Mitchell
[2023-02-02T10:03:27.354+0000] {logging_mixin.py:137} INFO - Jacqueline Green
[2023-02-02T10:03:27.357+0000] {logging_mixin.py:137} INFO - Victoria Garrison
[2023-02-02T10:03:27.358+0000] {logging_mixin.py:137} INFO - Jonathan Daniels
[2023-02-02T10:03:27.360+0000] {logging_mixin.py:137} INFO - Trevor Hansen
[2023-02-02T10:03:27.365+0000] {logging_mixin.py:137} INFO - Laurie Bowen
[2023-02-02T10:03:27.369+0000] {logging_mixin.py:137} INFO - James Cline
[2023-02-02T10:03:27.373+0000] {logging_mixin.py:137} INFO - Michael Rose
[2023-02-02T10:03:27.382+0000] {logging_mixin.py:137} INFO - Lawrence Juarez
[2023-02-02T10:03:27.384+0000] {logging_mixin.py:137} INFO - Lucas Caldwell
[2023-02-02T10:03:27.388+0000] {logging_mixin.py:137} INFO - Laura Jackson
[2023-02-02T10:03:27.394+0000] {logging_mixin.py:137} INFO - Sherri Thornton
[2023-02-02T10:03:27.398+0000] {logging_mixin.py:137} INFO - Alice Wilson
[2023-02-02T10:03:27.403+0000] {logging_mixin.py:137} INFO - Diane Williams
[2023-02-02T10:03:27.414+0000] {logging_mixin.py:137} INFO - Kara Martin
[2023-02-02T10:03:27.416+0000] {logging_mixin.py:137} INFO - Joseph Moore
[2023-02-02T10:03:27.423+0000] {logging_mixin.py:137} INFO - Jesse Moses
[2023-02-02T10:03:27.425+0000] {logging_mixin.py:137} INFO - Lisa Mccall
[2023-02-02T10:03:27.426+0000] {logging_mixin.py:137} INFO - Alexandra Mccoy
[2023-02-02T10:03:27.428+0000] {logging_mixin.py:137} INFO - Daniel Martin
[2023-02-02T10:03:27.429+0000] {logging_mixin.py:137} INFO - Claudia Peck
[2023-02-02T10:03:27.430+0000] {logging_mixin.py:137} INFO - Jessica Mcconnell
[2023-02-02T10:03:27.434+0000] {logging_mixin.py:137} INFO - Kevin Walker
[2023-02-02T10:03:27.436+0000] {logging_mixin.py:137} INFO - Christina Lee
[2023-02-02T10:03:27.440+0000] {logging_mixin.py:137} INFO - Christopher Schroeder
[2023-02-02T10:03:27.441+0000] {logging_mixin.py:137} INFO - Melissa Parker
[2023-02-02T10:03:27.443+0000] {logging_mixin.py:137} INFO - Janet Molina
[2023-02-02T10:03:27.445+0000] {logging_mixin.py:137} INFO - Barbara Harris
[2023-02-02T10:03:27.446+0000] {logging_mixin.py:137} INFO - Joseph Hurley
[2023-02-02T10:03:27.449+0000] {logging_mixin.py:137} INFO - Greg Hayden
[2023-02-02T10:03:27.450+0000] {logging_mixin.py:137} INFO - Edwin Adams
[2023-02-02T10:03:27.452+0000] {logging_mixin.py:137} INFO - Ashley Hunter
[2023-02-02T10:03:27.458+0000] {logging_mixin.py:137} INFO - Jennifer Tucker
[2023-02-02T10:03:27.463+0000] {logging_mixin.py:137} INFO - Eddie Gray
[2023-02-02T10:03:27.468+0000] {logging_mixin.py:137} INFO - Jennifer Evans
[2023-02-02T10:03:27.501+0000] {logging_mixin.py:137} INFO - Stephen Carey
[2023-02-02T10:03:27.514+0000] {logging_mixin.py:137} INFO - Samantha Campos
[2023-02-02T10:03:27.515+0000] {logging_mixin.py:137} INFO - Meagan Brown
[2023-02-02T10:03:27.517+0000] {logging_mixin.py:137} INFO - Miss Marisa Barber
[2023-02-02T10:03:27.519+0000] {logging_mixin.py:137} INFO - Jay Mann
[2023-02-02T10:03:27.524+0000] {logging_mixin.py:137} INFO - Matthew Campbell
[2023-02-02T10:03:27.529+0000] {logging_mixin.py:137} INFO - Brent Rodriguez
[2023-02-02T10:03:27.535+0000] {logging_mixin.py:137} INFO - Teresa Ross
[2023-02-02T10:03:27.541+0000] {logging_mixin.py:137} INFO - Mary Martinez
[2023-02-02T10:03:27.545+0000] {logging_mixin.py:137} INFO - Joseph Lewis
[2023-02-02T10:03:27.549+0000] {logging_mixin.py:137} INFO - Dale Davis
[2023-02-02T10:03:27.551+0000] {logging_mixin.py:137} INFO - Elizabeth Evans
[2023-02-02T10:03:27.557+0000] {logging_mixin.py:137} INFO - Shannon Wang
[2023-02-02T10:03:27.561+0000] {logging_mixin.py:137} INFO - Brandon Campbell
[2023-02-02T10:03:27.566+0000] {logging_mixin.py:137} INFO - Rhonda Pace
[2023-02-02T10:03:27.579+0000] {logging_mixin.py:137} INFO - Sarah Santos
[2023-02-02T10:03:27.585+0000] {logging_mixin.py:137} INFO - Jacob Ford
[2023-02-02T10:03:27.592+0000] {logging_mixin.py:137} INFO - Matthew Hansen
[2023-02-02T10:03:27.594+0000] {logging_mixin.py:137} INFO - Amy Ray
[2023-02-02T10:03:27.599+0000] {logging_mixin.py:137} INFO - Aaron Fields
[2023-02-02T10:03:27.608+0000] {logging_mixin.py:137} INFO - Mary Taylor
[2023-02-02T10:03:27.620+0000] {logging_mixin.py:137} INFO - James Morris
[2023-02-02T10:03:27.622+0000] {logging_mixin.py:137} INFO - Darrell Cain
[2023-02-02T10:03:27.631+0000] {logging_mixin.py:137} INFO - Michael Smith
[2023-02-02T10:03:27.639+0000] {logging_mixin.py:137} INFO - Scott Coleman
[2023-02-02T10:03:27.653+0000] {logging_mixin.py:137} INFO - David Fitzpatrick
[2023-02-02T10:03:27.658+0000] {logging_mixin.py:137} INFO - Debra Shepherd
[2023-02-02T10:03:27.662+0000] {logging_mixin.py:137} INFO - Paul Rush
[2023-02-02T10:03:27.670+0000] {logging_mixin.py:137} INFO - Brett Hernandez
[2023-02-02T10:03:27.672+0000] {logging_mixin.py:137} INFO - Sheila Riddle
[2023-02-02T10:03:27.675+0000] {logging_mixin.py:137} INFO - Joan Austin
[2023-02-02T10:03:27.679+0000] {logging_mixin.py:137} INFO - Michael Garcia
[2023-02-02T10:03:27.681+0000] {logging_mixin.py:137} INFO - Natalie Harris
[2023-02-02T10:03:27.687+0000] {logging_mixin.py:137} INFO - Steven Dean
[2023-02-02T10:03:27.690+0000] {logging_mixin.py:137} INFO - John Brown
[2023-02-02T10:03:27.694+0000] {logging_mixin.py:137} INFO - Keith Zimmerman
[2023-02-02T10:03:27.697+0000] {logging_mixin.py:137} INFO - Curtis Byrd
[2023-02-02T10:03:27.699+0000] {logging_mixin.py:137} INFO - Mariah Green
[2023-02-02T10:03:27.702+0000] {logging_mixin.py:137} INFO - Roger Huynh
[2023-02-02T10:03:27.708+0000] {logging_mixin.py:137} INFO - Christopher Zamora
[2023-02-02T10:03:27.713+0000] {logging_mixin.py:137} INFO - Joyce Crawford
[2023-02-02T10:03:27.716+0000] {logging_mixin.py:137} INFO - Angela Smith
[2023-02-02T10:03:27.719+0000] {logging_mixin.py:137} INFO - Veronica Robinson
[2023-02-02T10:03:27.723+0000] {logging_mixin.py:137} INFO - Christopher Bates
[2023-02-02T10:03:27.725+0000] {logging_mixin.py:137} INFO - Steve Stone
[2023-02-02T10:03:27.727+0000] {logging_mixin.py:137} INFO - William Cook
[2023-02-02T10:03:27.729+0000] {logging_mixin.py:137} INFO - Lori Wood
[2023-02-02T10:03:27.736+0000] {logging_mixin.py:137} INFO - Jillian Reynolds
[2023-02-02T10:03:27.745+0000] {logging_mixin.py:137} INFO - Angela Caldwell
[2023-02-02T10:03:27.748+0000] {logging_mixin.py:137} INFO - Shane Campbell
[2023-02-02T10:03:27.752+0000] {logging_mixin.py:137} INFO - Karen Lawrence
[2023-02-02T10:03:27.754+0000] {logging_mixin.py:137} INFO - Kimberly Wood
[2023-02-02T10:03:27.757+0000] {logging_mixin.py:137} INFO - Samantha Lopez
[2023-02-02T10:03:27.758+0000] {logging_mixin.py:137} INFO - Harold Miller
[2023-02-02T10:03:27.760+0000] {logging_mixin.py:137} INFO - Raymond Cooper DVM
[2023-02-02T10:03:27.770+0000] {logging_mixin.py:137} INFO - Kristen Patel
[2023-02-02T10:03:27.773+0000] {logging_mixin.py:137} INFO - Anthony Mejia
[2023-02-02T10:03:27.779+0000] {logging_mixin.py:137} INFO - Raymond Thomas
[2023-02-02T10:03:27.781+0000] {logging_mixin.py:137} INFO - Scott Young
[2023-02-02T10:03:27.784+0000] {logging_mixin.py:137} INFO - David Larson
[2023-02-02T10:03:27.786+0000] {logging_mixin.py:137} INFO - Jon Murray
[2023-02-02T10:03:27.789+0000] {logging_mixin.py:137} INFO - Stephen Taylor
[2023-02-02T10:03:27.791+0000] {logging_mixin.py:137} INFO - Jennifer Hernandez
[2023-02-02T10:03:27.803+0000] {logging_mixin.py:137} INFO - Stacy Smith
[2023-02-02T10:03:27.808+0000] {logging_mixin.py:137} INFO - Juan Owens
[2023-02-02T10:03:27.812+0000] {logging_mixin.py:137} INFO - Brian Adkins
[2023-02-02T10:03:27.817+0000] {logging_mixin.py:137} INFO - Jesse Wells
[2023-02-02T10:03:27.820+0000] {logging_mixin.py:137} INFO - Kyle Matthews
[2023-02-02T10:03:27.821+0000] {logging_mixin.py:137} INFO - Dustin Russell
[2023-02-02T10:03:27.825+0000] {logging_mixin.py:137} INFO - Richard White
[2023-02-02T10:03:27.827+0000] {logging_mixin.py:137} INFO - Brittany Nichols
[2023-02-02T10:03:27.833+0000] {logging_mixin.py:137} INFO - Colton Kelly
[2023-02-02T10:03:27.835+0000] {logging_mixin.py:137} INFO - William Perry
[2023-02-02T10:03:27.839+0000] {logging_mixin.py:137} INFO - Thomas Cummings
[2023-02-02T10:03:27.842+0000] {logging_mixin.py:137} INFO - Timothy Ballard
[2023-02-02T10:03:27.844+0000] {logging_mixin.py:137} INFO - Richard Washington
[2023-02-02T10:03:27.846+0000] {logging_mixin.py:137} INFO - Joshua Lam
[2023-02-02T10:03:27.848+0000] {logging_mixin.py:137} INFO - Grant Jackson
[2023-02-02T10:03:27.850+0000] {logging_mixin.py:137} INFO - Erin Baker
[2023-02-02T10:03:27.853+0000] {logging_mixin.py:137} INFO - Scott Flowers
[2023-02-02T10:03:27.855+0000] {logging_mixin.py:137} INFO - James Adams
[2023-02-02T10:03:27.858+0000] {logging_mixin.py:137} INFO - Heather Alvarado
[2023-02-02T10:03:27.864+0000] {logging_mixin.py:137} INFO - Jennifer Snow
[2023-02-02T10:03:27.866+0000] {logging_mixin.py:137} INFO - Mario Jackson
[2023-02-02T10:03:27.869+0000] {logging_mixin.py:137} INFO - Kevin Collins
[2023-02-02T10:03:27.871+0000] {logging_mixin.py:137} INFO - Danielle Garcia
[2023-02-02T10:03:27.874+0000] {logging_mixin.py:137} INFO - Brenda Jackson
[2023-02-02T10:03:27.878+0000] {logging_mixin.py:137} INFO - Ashley Parker
[2023-02-02T10:03:27.881+0000] {logging_mixin.py:137} INFO - Angela Hickman
[2023-02-02T10:03:27.884+0000] {logging_mixin.py:137} INFO - Carol Rodriguez
[2023-02-02T10:03:27.886+0000] {logging_mixin.py:137} INFO - Vernon Anderson
[2023-02-02T10:03:27.892+0000] {logging_mixin.py:137} INFO - Jesus Church
[2023-02-02T10:03:27.897+0000] {logging_mixin.py:137} INFO - Michelle Medina
[2023-02-02T10:03:27.903+0000] {logging_mixin.py:137} INFO - Nancy Bryant
[2023-02-02T10:03:27.906+0000] {logging_mixin.py:137} INFO - Jennifer Martinez
[2023-02-02T10:03:27.909+0000] {logging_mixin.py:137} INFO - Amy Dougherty
[2023-02-02T10:03:27.923+0000] {logging_mixin.py:137} INFO - Alexis Sanders
[2023-02-02T10:03:27.926+0000] {logging_mixin.py:137} INFO - Austin Salazar
[2023-02-02T10:03:27.928+0000] {logging_mixin.py:137} INFO - Amy Williams
[2023-02-02T10:03:27.936+0000] {logging_mixin.py:137} INFO - Richard Haynes
[2023-02-02T10:03:27.944+0000] {logging_mixin.py:137} INFO - Christine Stark
[2023-02-02T10:03:27.946+0000] {logging_mixin.py:137} INFO - Anita Medina
[2023-02-02T10:03:27.952+0000] {logging_mixin.py:137} INFO - Mr. Thomas Duran
[2023-02-02T10:03:27.957+0000] {logging_mixin.py:137} INFO - Mr. Russell Peterson
[2023-02-02T10:03:27.963+0000] {logging_mixin.py:137} INFO - Jack Richard
[2023-02-02T10:03:27.968+0000] {logging_mixin.py:137} INFO - Michelle Erickson
[2023-02-02T10:03:27.971+0000] {logging_mixin.py:137} INFO - Mitchell Williams
[2023-02-02T10:03:27.973+0000] {logging_mixin.py:137} INFO - Adrian Herrera
[2023-02-02T10:03:27.980+0000] {logging_mixin.py:137} INFO - Michael Brady
[2023-02-02T10:03:27.984+0000] {logging_mixin.py:137} INFO - Jamie Zhang
[2023-02-02T10:03:27.986+0000] {logging_mixin.py:137} INFO - Helen Brennan
[2023-02-02T10:03:27.988+0000] {logging_mixin.py:137} INFO - John Myers
[2023-02-02T10:03:27.990+0000] {logging_mixin.py:137} INFO - Patricia Nash
[2023-02-02T10:03:28.000+0000] {logging_mixin.py:137} INFO - Michael Johnson
[2023-02-02T10:03:28.002+0000] {logging_mixin.py:137} INFO - Anita Berger
[2023-02-02T10:03:28.004+0000] {logging_mixin.py:137} INFO - Jason Guerrero DVM
[2023-02-02T10:03:28.008+0000] {logging_mixin.py:137} INFO - Kimberly Davis
[2023-02-02T10:03:28.009+0000] {logging_mixin.py:137} INFO - Bryan Hansen
[2023-02-02T10:03:28.011+0000] {logging_mixin.py:137} INFO - Rebecca Obrien
[2023-02-02T10:03:28.020+0000] {logging_mixin.py:137} INFO - Sarah Santiago
[2023-02-02T10:03:28.025+0000] {logging_mixin.py:137} INFO - Christine Lane
[2023-02-02T10:03:28.028+0000] {logging_mixin.py:137} INFO - Jerry Lewis
[2023-02-02T10:03:28.030+0000] {logging_mixin.py:137} INFO - Stephanie Miller
[2023-02-02T10:03:28.032+0000] {logging_mixin.py:137} INFO - Kristi Bradley
[2023-02-02T10:03:28.033+0000] {logging_mixin.py:137} INFO - Darren Moore
[2023-02-02T10:03:28.036+0000] {logging_mixin.py:137} INFO - Kristina Cunningham
[2023-02-02T10:03:28.038+0000] {logging_mixin.py:137} INFO - Laurie Moore
[2023-02-02T10:03:28.040+0000] {logging_mixin.py:137} INFO - Aaron Lewis
[2023-02-02T10:03:28.041+0000] {logging_mixin.py:137} INFO - Theresa Vang
[2023-02-02T10:03:28.043+0000] {logging_mixin.py:137} INFO - Chase Reese
[2023-02-02T10:03:28.048+0000] {logging_mixin.py:137} INFO - Matthew Ferguson
[2023-02-02T10:03:28.050+0000] {logging_mixin.py:137} INFO - Victoria Lewis
[2023-02-02T10:03:28.052+0000] {logging_mixin.py:137} INFO - Jon Scott
[2023-02-02T10:03:28.057+0000] {logging_mixin.py:137} INFO - Lisa Campbell
[2023-02-02T10:03:28.059+0000] {logging_mixin.py:137} INFO - David Ramirez
[2023-02-02T10:03:28.062+0000] {logging_mixin.py:137} INFO - Gabriel Rosario
[2023-02-02T10:03:28.065+0000] {logging_mixin.py:137} INFO - Kristi Johnson
[2023-02-02T10:03:28.071+0000] {logging_mixin.py:137} INFO - Jennifer Schwartz
[2023-02-02T10:03:28.074+0000] {logging_mixin.py:137} INFO - Daniel Norton
[2023-02-02T10:03:28.081+0000] {logging_mixin.py:137} INFO - Richard Montoya
[2023-02-02T10:03:28.084+0000] {logging_mixin.py:137} INFO - Daniel Norris
[2023-02-02T10:03:28.086+0000] {logging_mixin.py:137} INFO - Chad Taylor
[2023-02-02T10:03:28.087+0000] {logging_mixin.py:137} INFO - Angie Allen
[2023-02-02T10:03:28.095+0000] {logging_mixin.py:137} INFO - Michael Brooks
[2023-02-02T10:03:28.101+0000] {logging_mixin.py:137} INFO - Hannah Poole
[2023-02-02T10:03:28.103+0000] {logging_mixin.py:137} INFO - Caitlin Ray
[2023-02-02T10:03:28.105+0000] {logging_mixin.py:137} INFO - Mr. Steven Gardner
[2023-02-02T10:03:28.107+0000] {logging_mixin.py:137} INFO - Jennifer Macdonald
[2023-02-02T10:03:28.109+0000] {logging_mixin.py:137} INFO - Vanessa Small
[2023-02-02T10:03:28.114+0000] {logging_mixin.py:137} INFO - Dennis Gray
[2023-02-02T10:03:28.121+0000] {logging_mixin.py:137} INFO - Sandra Kirk
[2023-02-02T10:03:28.128+0000] {logging_mixin.py:137} INFO - Jason Wagner
[2023-02-02T10:03:28.130+0000] {logging_mixin.py:137} INFO - David Owen
[2023-02-02T10:03:28.133+0000] {logging_mixin.py:137} INFO - Rose Terrell
[2023-02-02T10:03:28.134+0000] {logging_mixin.py:137} INFO - James Green MD
[2023-02-02T10:03:28.136+0000] {logging_mixin.py:137} INFO - Tammy Patel
[2023-02-02T10:03:28.138+0000] {logging_mixin.py:137} INFO - Joseph Lucero
[2023-02-02T10:03:28.141+0000] {logging_mixin.py:137} INFO - Stephanie Rojas
[2023-02-02T10:03:28.146+0000] {logging_mixin.py:137} INFO - Brittany Johnson
[2023-02-02T10:03:28.154+0000] {logging_mixin.py:137} INFO - Christina Cummings
[2023-02-02T10:03:28.164+0000] {logging_mixin.py:137} INFO - Eric Downs
[2023-02-02T10:03:28.166+0000] {logging_mixin.py:137} INFO - Paul Finley
[2023-02-02T10:03:28.167+0000] {logging_mixin.py:137} INFO - Danielle Jackson
[2023-02-02T10:03:28.170+0000] {logging_mixin.py:137} INFO - Anna Johnston
[2023-02-02T10:03:28.176+0000] {logging_mixin.py:137} INFO - Ashlee Hodges
[2023-02-02T10:03:28.183+0000] {logging_mixin.py:137} INFO - Thomas Francis
[2023-02-02T10:03:28.195+0000] {logging_mixin.py:137} INFO - Cody Baird
[2023-02-02T10:03:28.197+0000] {logging_mixin.py:137} INFO - Jeffrey Walter
[2023-02-02T10:03:28.204+0000] {logging_mixin.py:137} INFO - Hannah West
[2023-02-02T10:03:28.206+0000] {logging_mixin.py:137} INFO - Anthony Byrd
[2023-02-02T10:03:28.208+0000] {logging_mixin.py:137} INFO - Julie Ramirez
[2023-02-02T10:03:28.212+0000] {logging_mixin.py:137} INFO - Seth Peters
[2023-02-02T10:03:28.215+0000] {logging_mixin.py:137} INFO - Keith Salas
[2023-02-02T10:03:28.218+0000] {logging_mixin.py:137} INFO - Kathryn Evans
[2023-02-02T10:03:28.219+0000] {logging_mixin.py:137} INFO - Dr. Maria Scott
[2023-02-02T10:03:28.228+0000] {logging_mixin.py:137} INFO - Brenda Thomas
[2023-02-02T10:03:28.231+0000] {logging_mixin.py:137} INFO - Travis Douglas
[2023-02-02T10:03:28.236+0000] {logging_mixin.py:137} INFO - Kurt Santos
[2023-02-02T10:03:28.238+0000] {logging_mixin.py:137} INFO - Sean Parrish
[2023-02-02T10:03:28.243+0000] {logging_mixin.py:137} INFO - Brittany Walls
[2023-02-02T10:03:28.245+0000] {logging_mixin.py:137} INFO - Gail Brooks
[2023-02-02T10:03:28.248+0000] {logging_mixin.py:137} INFO - Valerie Johnson
[2023-02-02T10:03:28.251+0000] {logging_mixin.py:137} INFO - Jessica Dunn
[2023-02-02T10:03:28.255+0000] {logging_mixin.py:137} INFO - Chad Robinson
[2023-02-02T10:03:28.265+0000] {logging_mixin.py:137} INFO - Catherine Combs
[2023-02-02T10:03:28.267+0000] {logging_mixin.py:137} INFO - Joshua Boyd
[2023-02-02T10:03:28.272+0000] {logging_mixin.py:137} INFO - Alicia Barnett DVM
[2023-02-02T10:03:28.275+0000] {logging_mixin.py:137} INFO - Kevin Cervantes
[2023-02-02T10:03:28.279+0000] {logging_mixin.py:137} INFO - Larry Lester
[2023-02-02T10:03:28.281+0000] {logging_mixin.py:137} INFO - Deanna Espinoza
[2023-02-02T10:03:28.283+0000] {logging_mixin.py:137} INFO - Marilyn Davis
[2023-02-02T10:03:28.294+0000] {logging_mixin.py:137} INFO - Michael Weeks
[2023-02-02T10:03:28.297+0000] {logging_mixin.py:137} INFO - Brandon Stanton
[2023-02-02T10:03:28.301+0000] {logging_mixin.py:137} INFO - Ryan Boyer Jr.
[2023-02-02T10:03:28.304+0000] {logging_mixin.py:137} INFO - Amanda Elliott
[2023-02-02T10:03:28.311+0000] {logging_mixin.py:137} INFO - David Moore
[2023-02-02T10:03:28.314+0000] {logging_mixin.py:137} INFO - Andre Williams
[2023-02-02T10:03:28.318+0000] {logging_mixin.py:137} INFO - Jennifer Garcia
[2023-02-02T10:03:28.321+0000] {logging_mixin.py:137} INFO - Tracey Cook
[2023-02-02T10:03:28.324+0000] {logging_mixin.py:137} INFO - Michael Turner
[2023-02-02T10:03:28.329+0000] {logging_mixin.py:137} INFO - Diana Long
[2023-02-02T10:03:28.331+0000] {logging_mixin.py:137} INFO - John Bradley
[2023-02-02T10:03:28.334+0000] {logging_mixin.py:137} INFO - Ann Benjamin
[2023-02-02T10:03:28.336+0000] {logging_mixin.py:137} INFO - Shane House
[2023-02-02T10:03:28.339+0000] {logging_mixin.py:137} INFO - Erin Lee
[2023-02-02T10:03:28.344+0000] {logging_mixin.py:137} INFO - Joseph Gray
[2023-02-02T10:03:28.346+0000] {logging_mixin.py:137} INFO - Betty Gibson
[2023-02-02T10:03:28.347+0000] {logging_mixin.py:137} INFO - Kristen Graham
[2023-02-02T10:03:28.349+0000] {logging_mixin.py:137} INFO - Daniel Meza
[2023-02-02T10:03:28.350+0000] {logging_mixin.py:137} INFO - Sherri Carpenter
[2023-02-02T10:03:28.352+0000] {logging_mixin.py:137} INFO - Andrea Sanchez
[2023-02-02T10:03:28.353+0000] {logging_mixin.py:137} INFO - Jordan Rios
[2023-02-02T10:03:28.355+0000] {logging_mixin.py:137} INFO - Elizabeth Jackson
[2023-02-02T10:03:28.359+0000] {logging_mixin.py:137} INFO - Elizabeth Myers
[2023-02-02T10:03:28.362+0000] {logging_mixin.py:137} INFO - Juan Barnes
[2023-02-02T10:03:28.365+0000] {logging_mixin.py:137} INFO - Christopher Lozano
[2023-02-02T10:03:28.367+0000] {logging_mixin.py:137} INFO - Jacqueline Griffin
[2023-02-02T10:03:28.371+0000] {logging_mixin.py:137} INFO - Ryan Mason
[2023-02-02T10:03:28.374+0000] {logging_mixin.py:137} INFO - Jonathan Moore
[2023-02-02T10:03:28.376+0000] {logging_mixin.py:137} INFO - Abigail Landry
[2023-02-02T10:03:28.377+0000] {logging_mixin.py:137} INFO - Brenda Hernandez
[2023-02-02T10:03:28.379+0000] {logging_mixin.py:137} INFO - Zachary Pitts
[2023-02-02T10:03:28.382+0000] {logging_mixin.py:137} INFO - Amanda Rogers
[2023-02-02T10:03:28.390+0000] {logging_mixin.py:137} INFO - Cynthia Gray
[2023-02-02T10:03:28.394+0000] {logging_mixin.py:137} INFO - Tyler Barajas
[2023-02-02T10:03:28.398+0000] {logging_mixin.py:137} INFO - Michelle Leon
[2023-02-02T10:03:28.402+0000] {logging_mixin.py:137} INFO - Kathy Lang
[2023-02-02T10:03:28.404+0000] {logging_mixin.py:137} INFO - Scott Townsend MD
[2023-02-02T10:03:28.412+0000] {logging_mixin.py:137} INFO - Theresa Acosta
[2023-02-02T10:03:28.415+0000] {logging_mixin.py:137} INFO - David Jones
[2023-02-02T10:03:28.416+0000] {logging_mixin.py:137} INFO - Jeremy Robinson
[2023-02-02T10:03:28.418+0000] {logging_mixin.py:137} INFO - James Newton
[2023-02-02T10:03:28.421+0000] {logging_mixin.py:137} INFO - Tracey Wells
[2023-02-02T10:03:28.425+0000] {logging_mixin.py:137} INFO - Maria Nelson
[2023-02-02T10:03:28.426+0000] {logging_mixin.py:137} INFO - Christopher Griffith
[2023-02-02T10:03:28.429+0000] {logging_mixin.py:137} INFO - Zachary Griffin
[2023-02-02T10:03:28.439+0000] {logging_mixin.py:137} INFO - Amy Nguyen
[2023-02-02T10:03:28.443+0000] {logging_mixin.py:137} INFO - April Williams
[2023-02-02T10:03:28.446+0000] {logging_mixin.py:137} INFO - Marissa Kelly
[2023-02-02T10:03:28.448+0000] {logging_mixin.py:137} INFO - Brian Lopez PhD
[2023-02-02T10:03:28.459+0000] {logging_mixin.py:137} INFO - William Williams
[2023-02-02T10:03:28.461+0000] {logging_mixin.py:137} INFO - Norman Brown
[2023-02-02T10:03:28.466+0000] {logging_mixin.py:137} INFO - Charles Fuentes
[2023-02-02T10:03:28.472+0000] {logging_mixin.py:137} INFO - Anthony Chang
[2023-02-02T10:03:28.476+0000] {logging_mixin.py:137} INFO - Mary Bell
[2023-02-02T10:03:28.489+0000] {logging_mixin.py:137} INFO - Elizabeth Stuart
[2023-02-02T10:03:28.496+0000] {logging_mixin.py:137} INFO - Mary Mcdonald
[2023-02-02T10:03:28.498+0000] {logging_mixin.py:137} INFO - Martin Harrison
[2023-02-02T10:03:28.501+0000] {logging_mixin.py:137} INFO - Stephanie Fernandez
[2023-02-02T10:03:28.503+0000] {logging_mixin.py:137} INFO - Christopher Brown
[2023-02-02T10:03:28.506+0000] {logging_mixin.py:137} INFO - Alexander Stephenson
[2023-02-02T10:03:28.508+0000] {logging_mixin.py:137} INFO - Grace Diaz
[2023-02-02T10:03:28.514+0000] {logging_mixin.py:137} INFO - Frank Bartlett
[2023-02-02T10:03:28.517+0000] {logging_mixin.py:137} INFO - Audrey Andersen
[2023-02-02T10:03:28.519+0000] {logging_mixin.py:137} INFO - David Green
[2023-02-02T10:03:28.524+0000] {logging_mixin.py:137} INFO - Joshua Diaz Jr.
[2023-02-02T10:03:28.541+0000] {logging_mixin.py:137} INFO - Emily Garcia
[2023-02-02T10:03:28.544+0000] {logging_mixin.py:137} INFO - Devin Hall
[2023-02-02T10:03:28.548+0000] {logging_mixin.py:137} INFO - Phillip Garner
[2023-02-02T10:03:28.576+0000] {logging_mixin.py:137} INFO - Katherine Estrada
[2023-02-02T10:03:28.588+0000] {logging_mixin.py:137} INFO - Corey Saunders
[2023-02-02T10:03:28.590+0000] {logging_mixin.py:137} INFO - Kimberly Collins
[2023-02-02T10:03:28.597+0000] {logging_mixin.py:137} INFO - Amy Elliott
[2023-02-02T10:03:28.601+0000] {logging_mixin.py:137} INFO - Tanya Jones
[2023-02-02T10:03:28.603+0000] {logging_mixin.py:137} INFO - Patricia Gonzalez
[2023-02-02T10:03:28.605+0000] {logging_mixin.py:137} INFO - Jennifer Hill
[2023-02-02T10:03:28.607+0000] {logging_mixin.py:137} INFO - John Haynes
[2023-02-02T10:03:28.611+0000] {logging_mixin.py:137} INFO - Jacob Henry
[2023-02-02T10:03:28.615+0000] {logging_mixin.py:137} INFO - Daniel Clark
[2023-02-02T10:03:28.623+0000] {logging_mixin.py:137} INFO - Jonathon Taylor
[2023-02-02T10:03:28.626+0000] {logging_mixin.py:137} INFO - Jesse Evans
[2023-02-02T10:03:28.628+0000] {logging_mixin.py:137} INFO - James Martinez
[2023-02-02T10:03:28.630+0000] {logging_mixin.py:137} INFO - Kyle Reyes
[2023-02-02T10:03:28.632+0000] {logging_mixin.py:137} INFO - Terrence Barker
[2023-02-02T10:03:28.646+0000] {logging_mixin.py:137} INFO - Anthony Washington
[2023-02-02T10:03:28.651+0000] {logging_mixin.py:137} INFO - Dustin Le
[2023-02-02T10:03:28.654+0000] {logging_mixin.py:137} INFO - Bruce Clark
[2023-02-02T10:03:28.657+0000] {logging_mixin.py:137} INFO - Keith Anthony
[2023-02-02T10:03:28.660+0000] {logging_mixin.py:137} INFO - Jeremiah Stone
[2023-02-02T10:03:28.664+0000] {logging_mixin.py:137} INFO - Michael Haley
[2023-02-02T10:03:28.666+0000] {logging_mixin.py:137} INFO - Regina Carrillo
[2023-02-02T10:03:28.672+0000] {logging_mixin.py:137} INFO - Jacob Lee
[2023-02-02T10:03:28.678+0000] {logging_mixin.py:137} INFO - Thomas Gonzalez
[2023-02-02T10:03:28.681+0000] {logging_mixin.py:137} INFO - Mark Lawrence
[2023-02-02T10:03:28.689+0000] {logging_mixin.py:137} INFO - Matthew Anderson
[2023-02-02T10:03:28.691+0000] {logging_mixin.py:137} INFO - Nicholas Young
[2023-02-02T10:03:28.696+0000] {logging_mixin.py:137} INFO - Melvin Martinez
[2023-02-02T10:03:28.698+0000] {logging_mixin.py:137} INFO - Scott Green
[2023-02-02T10:03:28.701+0000] {logging_mixin.py:137} INFO - Dana Richards
[2023-02-02T10:03:28.711+0000] {logging_mixin.py:137} INFO - Lauren Moore
[2023-02-02T10:03:28.714+0000] {logging_mixin.py:137} INFO - Terry Campbell
[2023-02-02T10:03:28.716+0000] {logging_mixin.py:137} INFO - Ralph Jordan
[2023-02-02T10:03:28.720+0000] {logging_mixin.py:137} INFO - Noah Reyes
[2023-02-02T10:03:28.732+0000] {logging_mixin.py:137} INFO - Mr. Gregory Mills MD
[2023-02-02T10:03:28.736+0000] {logging_mixin.py:137} INFO - Michelle Yates
[2023-02-02T10:03:28.746+0000] {logging_mixin.py:137} INFO - Robin Reyes
[2023-02-02T10:03:28.749+0000] {logging_mixin.py:137} INFO - Rebecca Smith
[2023-02-02T10:03:28.751+0000] {logging_mixin.py:137} INFO - Nicole Torres
[2023-02-02T10:03:28.755+0000] {logging_mixin.py:137} INFO - Ronald Jones
[2023-02-02T10:03:28.765+0000] {logging_mixin.py:137} INFO - Michael Castaneda
[2023-02-02T10:03:28.770+0000] {logging_mixin.py:137} INFO - Christopher Krueger
[2023-02-02T10:03:28.777+0000] {logging_mixin.py:137} INFO - Jennifer Werner
[2023-02-02T10:03:28.786+0000] {logging_mixin.py:137} INFO - Ashley Smith
[2023-02-02T10:03:28.793+0000] {logging_mixin.py:137} INFO - Alyssa Fields
[2023-02-02T10:03:28.796+0000] {logging_mixin.py:137} INFO - John Scott
[2023-02-02T10:03:28.802+0000] {logging_mixin.py:137} INFO - Debra Delacruz
[2023-02-02T10:03:28.809+0000] {logging_mixin.py:137} INFO - James Madden
[2023-02-02T10:03:28.818+0000] {logging_mixin.py:137} INFO - Joseph Gentry
[2023-02-02T10:03:28.828+0000] {logging_mixin.py:137} INFO - Ashley Cabrera
[2023-02-02T10:03:28.830+0000] {logging_mixin.py:137} INFO - Jennifer Fernandez
[2023-02-02T10:03:28.834+0000] {logging_mixin.py:137} INFO - James Harris
[2023-02-02T10:03:28.836+0000] {logging_mixin.py:137} INFO - Candice Young
[2023-02-02T10:03:28.840+0000] {logging_mixin.py:137} INFO - Lisa Baker
[2023-02-02T10:03:28.843+0000] {logging_mixin.py:137} INFO - Brian Mills DDS
[2023-02-02T10:03:28.847+0000] {logging_mixin.py:137} INFO - Kristin Smith
[2023-02-02T10:03:28.854+0000] {logging_mixin.py:137} INFO - Jacob Collins
[2023-02-02T10:03:28.860+0000] {logging_mixin.py:137} INFO - Kimberly Harris
[2023-02-02T10:03:28.862+0000] {logging_mixin.py:137} INFO - Michael Hull
[2023-02-02T10:03:28.866+0000] {logging_mixin.py:137} INFO - Caitlin Todd
[2023-02-02T10:03:28.880+0000] {logging_mixin.py:137} INFO - Lisa Harris
[2023-02-02T10:03:28.883+0000] {logging_mixin.py:137} INFO - Mrs. Ann Stone
[2023-02-02T10:03:28.887+0000] {logging_mixin.py:137} INFO - Michelle Case
[2023-02-02T10:03:28.897+0000] {logging_mixin.py:137} INFO - Joe Lowe
[2023-02-02T10:03:28.900+0000] {logging_mixin.py:137} INFO - Randall Dunn
[2023-02-02T10:03:28.904+0000] {logging_mixin.py:137} INFO - Paula Vargas
[2023-02-02T10:03:28.906+0000] {logging_mixin.py:137} INFO - Daniel Walker
[2023-02-02T10:03:28.909+0000] {logging_mixin.py:137} INFO - James Jackson
[2023-02-02T10:03:28.911+0000] {logging_mixin.py:137} INFO - Shirley Woodard
[2023-02-02T10:03:28.921+0000] {logging_mixin.py:137} INFO - James Hayes
[2023-02-02T10:03:28.925+0000] {logging_mixin.py:137} INFO - Megan Austin
[2023-02-02T10:03:28.927+0000] {logging_mixin.py:137} INFO - Erin Robertson
[2023-02-02T10:03:28.931+0000] {logging_mixin.py:137} INFO - Robert Phillips
[2023-02-02T10:03:28.936+0000] {logging_mixin.py:137} INFO - Amy Torres
[2023-02-02T10:03:28.940+0000] {logging_mixin.py:137} INFO - Joshua Cox
[2023-02-02T10:03:28.946+0000] {logging_mixin.py:137} INFO - Duane Grimes
[2023-02-02T10:03:28.962+0000] {logging_mixin.py:137} INFO - Jennifer Burgess
[2023-02-02T10:03:28.976+0000] {logging_mixin.py:137} INFO - Carlos Duran
[2023-02-02T10:03:28.982+0000] {logging_mixin.py:137} INFO - Jason Johnson
[2023-02-02T10:03:28.988+0000] {logging_mixin.py:137} INFO - Cameron Greer
[2023-02-02T10:03:28.991+0000] {logging_mixin.py:137} INFO - Randall Williams
[2023-02-02T10:03:28.993+0000] {logging_mixin.py:137} INFO - Jessica Harris
[2023-02-02T10:03:29.002+0000] {logging_mixin.py:137} INFO - Joshua Rogers
[2023-02-02T10:03:29.008+0000] {logging_mixin.py:137} INFO - Jose Mahoney
[2023-02-02T10:03:29.011+0000] {logging_mixin.py:137} INFO - Brandy Fuentes
[2023-02-02T10:03:29.014+0000] {logging_mixin.py:137} INFO - Angelica Matthews
[2023-02-02T10:03:29.019+0000] {logging_mixin.py:137} INFO - Glenn Caldwell
[2023-02-02T10:03:29.028+0000] {logging_mixin.py:137} INFO - Cristian Delacruz
[2023-02-02T10:03:29.040+0000] {logging_mixin.py:137} INFO - Alexandra Price
[2023-02-02T10:03:29.051+0000] {logging_mixin.py:137} INFO - Heather Wilson
[2023-02-02T10:03:29.054+0000] {logging_mixin.py:137} INFO - Shawn Thompson
[2023-02-02T10:03:29.063+0000] {logging_mixin.py:137} INFO - Anna Daniel
[2023-02-02T10:03:29.068+0000] {logging_mixin.py:137} INFO - Joseph Cisneros
[2023-02-02T10:03:29.071+0000] {logging_mixin.py:137} INFO - Rebecca Estes
[2023-02-02T10:03:29.073+0000] {logging_mixin.py:137} INFO - Jeremy Porter
[2023-02-02T10:03:29.077+0000] {logging_mixin.py:137} INFO - Lisa Mann
[2023-02-02T10:03:29.080+0000] {logging_mixin.py:137} INFO - Michael Woods
[2023-02-02T10:03:29.083+0000] {logging_mixin.py:137} INFO - Madison Thompson
[2023-02-02T10:03:29.091+0000] {logging_mixin.py:137} INFO - Nancy Gomez
[2023-02-02T10:03:29.098+0000] {logging_mixin.py:137} INFO - Julie Blanchard
[2023-02-02T10:03:29.101+0000] {logging_mixin.py:137} INFO - Michael Smith
[2023-02-02T10:03:29.110+0000] {logging_mixin.py:137} INFO - Angel Huber
[2023-02-02T10:03:29.112+0000] {logging_mixin.py:137} INFO - Michael Coffey
[2023-02-02T10:03:29.116+0000] {logging_mixin.py:137} INFO - Patrick Walter
[2023-02-02T10:03:29.121+0000] {logging_mixin.py:137} INFO - Curtis Davis
[2023-02-02T10:03:29.128+0000] {logging_mixin.py:137} INFO - Kyle Stewart
[2023-02-02T10:03:29.131+0000] {logging_mixin.py:137} INFO - Angela Jimenez
[2023-02-02T10:03:29.132+0000] {logging_mixin.py:137} INFO - Andrew Martinez
[2023-02-02T10:03:29.134+0000] {logging_mixin.py:137} INFO - Angela West
[2023-02-02T10:03:29.138+0000] {logging_mixin.py:137} INFO - Ryan Young
[2023-02-02T10:03:29.142+0000] {logging_mixin.py:137} INFO - Nathaniel Evans
[2023-02-02T10:03:29.144+0000] {logging_mixin.py:137} INFO - Dawn Bryant
[2023-02-02T10:03:29.154+0000] {logging_mixin.py:137} INFO - Danielle Lewis
[2023-02-02T10:03:29.156+0000] {logging_mixin.py:137} INFO - Matthew Newman
[2023-02-02T10:03:29.160+0000] {logging_mixin.py:137} INFO - Robert Smith
[2023-02-02T10:03:29.172+0000] {logging_mixin.py:137} INFO - Melissa Hicks
[2023-02-02T10:03:29.178+0000] {logging_mixin.py:137} INFO - Emily Lambert
[2023-02-02T10:03:29.179+0000] {logging_mixin.py:137} INFO - Krystal Wolfe
[2023-02-02T10:03:29.181+0000] {logging_mixin.py:137} INFO - Donna Murillo
[2023-02-02T10:03:29.183+0000] {logging_mixin.py:137} INFO - Carl Hudson
[2023-02-02T10:03:29.184+0000] {logging_mixin.py:137} INFO - Robert Wilson
[2023-02-02T10:03:29.186+0000] {logging_mixin.py:137} INFO - Patrick Mathis
[2023-02-02T10:03:29.194+0000] {logging_mixin.py:137} INFO - Michael Suarez
[2023-02-02T10:03:29.197+0000] {logging_mixin.py:137} INFO - David Johnson
[2023-02-02T10:03:29.202+0000] {logging_mixin.py:137} INFO - William Thompson
[2023-02-02T10:03:29.206+0000] {logging_mixin.py:137} INFO - Jessica Hansen DVM
[2023-02-02T10:03:29.208+0000] {logging_mixin.py:137} INFO - Katherine Friedman
[2023-02-02T10:03:29.215+0000] {logging_mixin.py:137} INFO - Jillian Johnson
[2023-02-02T10:03:29.232+0000] {logging_mixin.py:137} INFO - Robert Mckee
[2023-02-02T10:03:29.234+0000] {logging_mixin.py:137} INFO - Rachel Little
[2023-02-02T10:03:29.235+0000] {logging_mixin.py:137} INFO - Patricia Smith
[2023-02-02T10:03:29.239+0000] {logging_mixin.py:137} INFO - Heidi Martinez
[2023-02-02T10:03:29.243+0000] {logging_mixin.py:137} INFO - Caitlin Solomon
[2023-02-02T10:03:29.246+0000] {logging_mixin.py:137} INFO - Dr. Olivia Pugh
[2023-02-02T10:03:29.250+0000] {logging_mixin.py:137} INFO - John Steele DDS
[2023-02-02T10:03:29.252+0000] {logging_mixin.py:137} INFO - Jeremy Mathews
[2023-02-02T10:03:29.254+0000] {logging_mixin.py:137} INFO - Tiffany Hill
[2023-02-02T10:03:29.255+0000] {logging_mixin.py:137} INFO - Steven Edwards
[2023-02-02T10:03:29.262+0000] {logging_mixin.py:137} INFO - Charles Campbell
[2023-02-02T10:03:29.271+0000] {logging_mixin.py:137} INFO - Brett Hughes
[2023-02-02T10:03:29.277+0000] {logging_mixin.py:137} INFO - Christina Villegas
[2023-02-02T10:03:29.281+0000] {logging_mixin.py:137} INFO - Anthony Garcia
[2023-02-02T10:03:29.286+0000] {logging_mixin.py:137} INFO - Nathan Murphy
[2023-02-02T10:03:29.294+0000] {logging_mixin.py:137} INFO - Steven Dodson
[2023-02-02T10:03:29.296+0000] {logging_mixin.py:137} INFO - Brian Sullivan
[2023-02-02T10:03:29.298+0000] {logging_mixin.py:137} INFO - Renee White
[2023-02-02T10:03:29.305+0000] {logging_mixin.py:137} INFO - Laura Rowland
[2023-02-02T10:03:29.322+0000] {logging_mixin.py:137} INFO - John Moore
[2023-02-02T10:03:29.325+0000] {logging_mixin.py:137} INFO - Sophia Mckenzie
[2023-02-02T10:03:29.327+0000] {logging_mixin.py:137} INFO - David Roach
[2023-02-02T10:03:29.330+0000] {logging_mixin.py:137} INFO - Jennifer Patterson
[2023-02-02T10:03:29.338+0000] {logging_mixin.py:137} INFO - James Richards
[2023-02-02T10:03:29.341+0000] {logging_mixin.py:137} INFO - Mary Johnston
[2023-02-02T10:03:29.343+0000] {logging_mixin.py:137} INFO - Brandon Mcdaniel
[2023-02-02T10:03:29.346+0000] {logging_mixin.py:137} INFO - Meghan Stevenson
[2023-02-02T10:03:29.349+0000] {logging_mixin.py:137} INFO - Luis Hayes
[2023-02-02T10:03:29.351+0000] {logging_mixin.py:137} INFO - Alejandra Sloan
[2023-02-02T10:03:29.363+0000] {logging_mixin.py:137} INFO - Dr. Sandra Miller
[2023-02-02T10:03:29.375+0000] {logging_mixin.py:137} INFO - Dustin Bond
[2023-02-02T10:03:29.382+0000] {logging_mixin.py:137} INFO - Julia Patrick MD
[2023-02-02T10:03:29.386+0000] {logging_mixin.py:137} INFO - Jill Campbell
[2023-02-02T10:03:29.391+0000] {logging_mixin.py:137} INFO - Mark Ford
[2023-02-02T10:03:29.395+0000] {logging_mixin.py:137} INFO - Brian Long
[2023-02-02T10:03:29.410+0000] {logging_mixin.py:137} INFO - Lisa Peterson
[2023-02-02T10:03:29.419+0000] {logging_mixin.py:137} INFO - Matthew Lee
[2023-02-02T10:03:29.421+0000] {logging_mixin.py:137} INFO - Bradley Miller
[2023-02-02T10:03:29.425+0000] {logging_mixin.py:137} INFO - Jeffrey Moss
[2023-02-02T10:03:29.426+0000] {logging_mixin.py:137} INFO - Sara Carlson
[2023-02-02T10:03:29.428+0000] {logging_mixin.py:137} INFO - Daniel Rodriguez
[2023-02-02T10:03:29.431+0000] {logging_mixin.py:137} INFO - Jeremy David
[2023-02-02T10:03:29.438+0000] {logging_mixin.py:137} INFO - Eric Green
[2023-02-02T10:03:29.441+0000] {logging_mixin.py:137} INFO - Alexis Jones
[2023-02-02T10:03:29.444+0000] {logging_mixin.py:137} INFO - Matthew Rose
[2023-02-02T10:03:29.448+0000] {logging_mixin.py:137} INFO - Catherine Anderson
[2023-02-02T10:03:29.452+0000] {logging_mixin.py:137} INFO - Holly Burton
[2023-02-02T10:03:29.454+0000] {logging_mixin.py:137} INFO - David Matthews
[2023-02-02T10:03:29.456+0000] {logging_mixin.py:137} INFO - Mrs. Kara Little
[2023-02-02T10:03:29.459+0000] {logging_mixin.py:137} INFO - Jeffrey Stanley
[2023-02-02T10:03:29.461+0000] {logging_mixin.py:137} INFO - James Ochoa
[2023-02-02T10:03:29.468+0000] {logging_mixin.py:137} INFO - Jason Frye
[2023-02-02T10:03:29.473+0000] {logging_mixin.py:137} INFO - Christopher Ellis
[2023-02-02T10:03:29.478+0000] {logging_mixin.py:137} INFO - Michelle Nixon
[2023-02-02T10:03:29.482+0000] {logging_mixin.py:137} INFO - Andrew Gill
[2023-02-02T10:03:29.485+0000] {logging_mixin.py:137} INFO - Jennifer Wilson
[2023-02-02T10:03:29.491+0000] {logging_mixin.py:137} INFO - Shawn Black
[2023-02-02T10:03:29.502+0000] {logging_mixin.py:137} INFO - April Patterson
[2023-02-02T10:03:29.506+0000] {logging_mixin.py:137} INFO - Troy Vaughn
[2023-02-02T10:03:29.508+0000] {logging_mixin.py:137} INFO - Alexandria White
[2023-02-02T10:03:29.514+0000] {logging_mixin.py:137} INFO - Scott Phillips
[2023-02-02T10:03:29.519+0000] {logging_mixin.py:137} INFO - Zachary Cisneros
[2023-02-02T10:03:29.524+0000] {logging_mixin.py:137} INFO - Deborah Brown
[2023-02-02T10:03:29.531+0000] {logging_mixin.py:137} INFO - Monica Moses
[2023-02-02T10:03:29.533+0000] {logging_mixin.py:137} INFO - Brenda Reyes
[2023-02-02T10:03:29.535+0000] {logging_mixin.py:137} INFO - Miss Renee Allen
[2023-02-02T10:03:29.538+0000] {logging_mixin.py:137} INFO - Susan Clark
[2023-02-02T10:03:29.546+0000] {logging_mixin.py:137} INFO - Brandy Coffey
[2023-02-02T10:03:29.550+0000] {logging_mixin.py:137} INFO - Brett Nelson
[2023-02-02T10:03:29.555+0000] {logging_mixin.py:137} INFO - Ricardo Young
[2023-02-02T10:03:29.561+0000] {logging_mixin.py:137} INFO - Paul Lee
[2023-02-02T10:03:29.563+0000] {logging_mixin.py:137} INFO - David Allen
[2023-02-02T10:03:29.564+0000] {logging_mixin.py:137} INFO - Andrea Knight
[2023-02-02T10:03:29.569+0000] {logging_mixin.py:137} INFO - James Gomez
[2023-02-02T10:03:29.576+0000] {logging_mixin.py:137} INFO - Melody Gibson
[2023-02-02T10:03:29.580+0000] {logging_mixin.py:137} INFO - Christina Martinez
[2023-02-02T10:03:29.583+0000] {logging_mixin.py:137} INFO - Shelby Smith
[2023-02-02T10:03:29.592+0000] {logging_mixin.py:137} INFO - Jason Howard
[2023-02-02T10:03:29.595+0000] {logging_mixin.py:137} INFO - Amy Davidson
[2023-02-02T10:03:29.597+0000] {logging_mixin.py:137} INFO - Kyle Copeland
[2023-02-02T10:03:29.601+0000] {logging_mixin.py:137} INFO - Madeline Davis
[2023-02-02T10:03:29.611+0000] {logging_mixin.py:137} INFO - Aaron Young
[2023-02-02T10:03:29.619+0000] {logging_mixin.py:137} INFO - Lisa Barrett
[2023-02-02T10:03:29.624+0000] {logging_mixin.py:137} INFO - Joel Jones
[2023-02-02T10:03:29.627+0000] {logging_mixin.py:137} INFO - Christine Evans
[2023-02-02T10:03:29.635+0000] {logging_mixin.py:137} INFO - Kimberly Johnson
[2023-02-02T10:03:29.640+0000] {logging_mixin.py:137} INFO - Charles Hess
[2023-02-02T10:03:29.643+0000] {logging_mixin.py:137} INFO - Paul Dixon
[2023-02-02T10:03:29.646+0000] {logging_mixin.py:137} INFO - Christopher Johnson
[2023-02-02T10:03:29.649+0000] {logging_mixin.py:137} INFO - Robert Dawson
[2023-02-02T10:03:29.656+0000] {logging_mixin.py:137} INFO - Ryan Dixon
[2023-02-02T10:03:29.658+0000] {logging_mixin.py:137} INFO - Julie Martinez
[2023-02-02T10:03:29.661+0000] {logging_mixin.py:137} INFO - David Adams
[2023-02-02T10:03:29.662+0000] {logging_mixin.py:137} INFO - Mariah Brown
[2023-02-02T10:03:29.664+0000] {logging_mixin.py:137} INFO - Deborah Malone
[2023-02-02T10:03:29.665+0000] {logging_mixin.py:137} INFO - John Brown
[2023-02-02T10:03:29.667+0000] {logging_mixin.py:137} INFO - Maria Stewart
[2023-02-02T10:03:29.669+0000] {logging_mixin.py:137} INFO - Mr. Bryan Hawkins
[2023-02-02T10:03:29.671+0000] {logging_mixin.py:137} INFO - Kyle Brooks
[2023-02-02T10:03:29.672+0000] {logging_mixin.py:137} INFO - Kenneth White
[2023-02-02T10:03:29.678+0000] {logging_mixin.py:137} INFO - Patricia Wilson
[2023-02-02T10:03:29.681+0000] {logging_mixin.py:137} INFO - Paul Soto
[2023-02-02T10:03:29.683+0000] {logging_mixin.py:137} INFO - Janice Garrett
[2023-02-02T10:03:29.686+0000] {logging_mixin.py:137} INFO - Randy Strickland
[2023-02-02T10:03:29.688+0000] {logging_mixin.py:137} INFO - Felicia Herrera
[2023-02-02T10:03:29.691+0000] {logging_mixin.py:137} INFO - Andre Campos
[2023-02-02T10:03:29.693+0000] {logging_mixin.py:137} INFO - Justin Meyer
[2023-02-02T10:03:29.696+0000] {logging_mixin.py:137} INFO - Brandon Brooks
[2023-02-02T10:03:29.698+0000] {logging_mixin.py:137} INFO - Abigail Rivera
[2023-02-02T10:03:29.701+0000] {logging_mixin.py:137} INFO - Jessica Mann
[2023-02-02T10:03:29.704+0000] {logging_mixin.py:137} INFO - Michael Sawyer
[2023-02-02T10:03:29.709+0000] {logging_mixin.py:137} INFO - Jeffrey Coleman
[2023-02-02T10:03:29.712+0000] {logging_mixin.py:137} INFO - Micheal Castro
[2023-02-02T10:03:29.713+0000] {logging_mixin.py:137} INFO - Laura Gonzalez
[2023-02-02T10:03:29.715+0000] {logging_mixin.py:137} INFO - Christopher Jackson
[2023-02-02T10:03:29.716+0000] {logging_mixin.py:137} INFO - William Mckenzie
[2023-02-02T10:03:29.720+0000] {logging_mixin.py:137} INFO - Kristina Rodriguez
[2023-02-02T10:03:29.725+0000] {logging_mixin.py:137} INFO - Kelli Williams
[2023-02-02T10:03:29.727+0000] {logging_mixin.py:137} INFO - Diane Norris
[2023-02-02T10:03:29.729+0000] {logging_mixin.py:137} INFO - Kevin Carroll
[2023-02-02T10:03:29.734+0000] {logging_mixin.py:137} INFO - Betty Weber
[2023-02-02T10:03:29.736+0000] {logging_mixin.py:137} INFO - Jeffery Robinson
[2023-02-02T10:03:29.737+0000] {logging_mixin.py:137} INFO - Hannah Cowan
[2023-02-02T10:03:29.739+0000] {logging_mixin.py:137} INFO - Brian Kramer
[2023-02-02T10:03:29.740+0000] {logging_mixin.py:137} INFO - Anthony Roberts
[2023-02-02T10:03:29.742+0000] {logging_mixin.py:137} INFO - Ricardo Blankenship
[2023-02-02T10:03:29.748+0000] {logging_mixin.py:137} INFO - Brooke Collins
[2023-02-02T10:03:29.750+0000] {logging_mixin.py:137} INFO - Tammy Lawson
[2023-02-02T10:03:29.752+0000] {logging_mixin.py:137} INFO - Cody Miller
[2023-02-02T10:03:29.753+0000] {logging_mixin.py:137} INFO - Dr. Janice Salazar
[2023-02-02T10:03:29.758+0000] {logging_mixin.py:137} INFO - David West
[2023-02-02T10:03:29.760+0000] {logging_mixin.py:137} INFO - Robin Carpenter
[2023-02-02T10:03:29.763+0000] {logging_mixin.py:137} INFO - Monique Wall
[2023-02-02T10:03:29.764+0000] {logging_mixin.py:137} INFO - Charles Cardenas
[2023-02-02T10:03:29.767+0000] {logging_mixin.py:137} INFO - Valerie Mitchell
[2023-02-02T10:03:29.769+0000] {logging_mixin.py:137} INFO - Michelle Valenzuela
[2023-02-02T10:03:29.771+0000] {logging_mixin.py:137} INFO - William Poole
[2023-02-02T10:03:29.773+0000] {logging_mixin.py:137} INFO - James Hall
[2023-02-02T10:03:29.775+0000] {logging_mixin.py:137} INFO - Dylan Carpenter
[2023-02-02T10:03:29.779+0000] {logging_mixin.py:137} INFO - Linda Medina
[2023-02-02T10:03:29.782+0000] {logging_mixin.py:137} INFO - Joan White
[2023-02-02T10:03:29.786+0000] {logging_mixin.py:137} INFO - Mary Klein
[2023-02-02T10:03:29.789+0000] {logging_mixin.py:137} INFO - Ashley Wolf
[2023-02-02T10:03:29.793+0000] {logging_mixin.py:137} INFO - William Reed
[2023-02-02T10:03:29.803+0000] {logging_mixin.py:137} INFO - Derek Harvey
[2023-02-02T10:03:29.807+0000] {logging_mixin.py:137} INFO - Kathleen Rodriguez
[2023-02-02T10:03:29.811+0000] {logging_mixin.py:137} INFO - Andrew Rodriguez
[2023-02-02T10:03:29.814+0000] {logging_mixin.py:137} INFO - Ariel Frank
[2023-02-02T10:03:29.825+0000] {logging_mixin.py:137} INFO - Tina French
[2023-02-02T10:03:29.830+0000] {logging_mixin.py:137} INFO - Brent Waller
[2023-02-02T10:03:29.836+0000] {logging_mixin.py:137} INFO - Kevin Allen
[2023-02-02T10:03:29.845+0000] {logging_mixin.py:137} INFO - Xavier Walker
[2023-02-02T10:03:29.849+0000] {logging_mixin.py:137} INFO - Michelle Sanchez
[2023-02-02T10:03:29.857+0000] {logging_mixin.py:137} INFO - Rachael Shepard
[2023-02-02T10:03:29.865+0000] {logging_mixin.py:137} INFO - Kelsey Johnson
[2023-02-02T10:03:29.871+0000] {logging_mixin.py:137} INFO - Nicole Webb
[2023-02-02T10:03:29.878+0000] {logging_mixin.py:137} INFO - Nicholas Rodriguez
[2023-02-02T10:03:29.888+0000] {logging_mixin.py:137} INFO - Eric Vaughan
[2023-02-02T10:03:29.892+0000] {logging_mixin.py:137} INFO - Amanda Richardson
[2023-02-02T10:03:29.900+0000] {logging_mixin.py:137} INFO - Janice Carlson
[2023-02-02T10:03:29.903+0000] {logging_mixin.py:137} INFO - Darryl Walsh
[2023-02-02T10:03:29.908+0000] {logging_mixin.py:137} INFO - Heather Johnson
[2023-02-02T10:03:29.916+0000] {logging_mixin.py:137} INFO - Mark Chambers
[2023-02-02T10:03:29.925+0000] {logging_mixin.py:137} INFO - Tracy Burns
[2023-02-02T10:03:29.931+0000] {logging_mixin.py:137} INFO - John Cole
[2023-02-02T10:03:29.939+0000] {logging_mixin.py:137} INFO - Deborah Silva
[2023-02-02T10:03:29.942+0000] {logging_mixin.py:137} INFO - Shawn Hernandez
[2023-02-02T10:03:29.945+0000] {logging_mixin.py:137} INFO - Bethany Meyer
[2023-02-02T10:03:29.949+0000] {logging_mixin.py:137} INFO - Helen Smith
[2023-02-02T10:03:29.961+0000] {logging_mixin.py:137} INFO - Dana Dennis
[2023-02-02T10:03:29.963+0000] {logging_mixin.py:137} INFO - Kelsey Camacho
[2023-02-02T10:03:29.965+0000] {logging_mixin.py:137} INFO - Matthew Thomas
[2023-02-02T10:03:29.967+0000] {logging_mixin.py:137} INFO - Brittany Arellano
[2023-02-02T10:03:29.969+0000] {logging_mixin.py:137} INFO - Stacey Jones
[2023-02-02T10:03:29.972+0000] {logging_mixin.py:137} INFO - William Weeks
[2023-02-02T10:03:29.979+0000] {logging_mixin.py:137} INFO - Mark Beasley
[2023-02-02T10:03:29.980+0000] {logging_mixin.py:137} INFO - Bruce Pena
[2023-02-02T10:03:29.985+0000] {logging_mixin.py:137} INFO - Jeffery Smith
[2023-02-02T10:03:29.988+0000] {logging_mixin.py:137} INFO - Ann Deleon
[2023-02-02T10:03:29.993+0000] {logging_mixin.py:137} INFO - Kevin Robertson
[2023-02-02T10:03:30.000+0000] {logging_mixin.py:137} INFO - Vincent Willis MD
[2023-02-02T10:03:30.007+0000] {logging_mixin.py:137} INFO - Michael Nielsen
[2023-02-02T10:03:30.010+0000] {logging_mixin.py:137} INFO - Walter Koch
[2023-02-02T10:03:30.018+0000] {logging_mixin.py:137} INFO - Brian Vega
[2023-02-02T10:03:30.022+0000] {logging_mixin.py:137} INFO - Jeffrey Medina
[2023-02-02T10:03:30.026+0000] {logging_mixin.py:137} INFO - Erika Banks
[2023-02-02T10:03:30.033+0000] {logging_mixin.py:137} INFO - Stacey Griffin
[2023-02-02T10:03:30.036+0000] {logging_mixin.py:137} INFO - Michael Marsh
[2023-02-02T10:03:30.040+0000] {logging_mixin.py:137} INFO - Molly White
[2023-02-02T10:03:30.046+0000] {logging_mixin.py:137} INFO - Matthew Morrison
[2023-02-02T10:03:30.053+0000] {logging_mixin.py:137} INFO - Amanda Burns
[2023-02-02T10:03:30.056+0000] {logging_mixin.py:137} INFO - Emily Gonzalez DDS
[2023-02-02T10:03:30.058+0000] {logging_mixin.py:137} INFO - Gregory King
[2023-02-02T10:03:30.060+0000] {logging_mixin.py:137} INFO - Dennis Evans
[2023-02-02T10:03:30.067+0000] {logging_mixin.py:137} INFO - Christina Snyder
[2023-02-02T10:03:30.071+0000] {logging_mixin.py:137} INFO - Carolyn Mata
[2023-02-02T10:03:30.077+0000] {logging_mixin.py:137} INFO - Brandy Lawson
[2023-02-02T10:03:30.079+0000] {logging_mixin.py:137} INFO - Briana Christian
[2023-02-02T10:03:30.087+0000] {logging_mixin.py:137} INFO - Jeffrey Hernandez
[2023-02-02T10:03:30.089+0000] {logging_mixin.py:137} INFO - John Riggs
[2023-02-02T10:03:30.094+0000] {logging_mixin.py:137} INFO - Barbara Short
[2023-02-02T10:03:30.096+0000] {logging_mixin.py:137} INFO - Steven Brooks
[2023-02-02T10:03:30.098+0000] {logging_mixin.py:137} INFO - Gabrielle James
[2023-02-02T10:03:30.101+0000] {logging_mixin.py:137} INFO - Robert Young
[2023-02-02T10:03:30.112+0000] {logging_mixin.py:137} INFO - Derek Sanders
[2023-02-02T10:03:30.114+0000] {logging_mixin.py:137} INFO - Mallory Oliver
[2023-02-02T10:03:30.122+0000] {logging_mixin.py:137} INFO - Terry Howe
[2023-02-02T10:03:30.125+0000] {logging_mixin.py:137} INFO - Samuel Wallace
[2023-02-02T10:03:30.128+0000] {logging_mixin.py:137} INFO - Angel Jones
[2023-02-02T10:03:30.130+0000] {logging_mixin.py:137} INFO - Jacqueline Nichols
[2023-02-02T10:03:30.133+0000] {logging_mixin.py:137} INFO - Melissa Mcgee
[2023-02-02T10:03:30.143+0000] {logging_mixin.py:137} INFO - Michelle Smith
[2023-02-02T10:03:30.148+0000] {logging_mixin.py:137} INFO - Maureen Baxter
[2023-02-02T10:03:30.151+0000] {logging_mixin.py:137} INFO - Kathy Crawford
[2023-02-02T10:03:30.157+0000] {logging_mixin.py:137} INFO - Stacy Wood
[2023-02-02T10:03:30.159+0000] {logging_mixin.py:137} INFO - Justin Parsons
[2023-02-02T10:03:30.162+0000] {logging_mixin.py:137} INFO - Ann Klein
[2023-02-02T10:03:30.164+0000] {logging_mixin.py:137} INFO - Allison Arnold
[2023-02-02T10:03:30.171+0000] {logging_mixin.py:137} INFO - Heather Kirk
[2023-02-02T10:03:30.174+0000] {logging_mixin.py:137} INFO - Monica Smith
[2023-02-02T10:03:30.176+0000] {logging_mixin.py:137} INFO - Brett Oconnor
[2023-02-02T10:03:30.182+0000] {logging_mixin.py:137} INFO - Anthony Bryant
[2023-02-02T10:03:30.184+0000] {logging_mixin.py:137} INFO - Jeremy Russell
[2023-02-02T10:03:30.186+0000] {logging_mixin.py:137} INFO - Julie Poole
[2023-02-02T10:03:30.190+0000] {logging_mixin.py:137} INFO - Emma Thompson
[2023-02-02T10:03:30.195+0000] {logging_mixin.py:137} INFO - Bradley Matthews
[2023-02-02T10:03:30.199+0000] {logging_mixin.py:137} INFO - William Roberts
[2023-02-02T10:03:30.202+0000] {logging_mixin.py:137} INFO - Julie Mooney
[2023-02-02T10:03:30.205+0000] {logging_mixin.py:137} INFO - Amy Doyle
[2023-02-02T10:03:30.208+0000] {logging_mixin.py:137} INFO - Amanda Grant
[2023-02-02T10:03:30.217+0000] {logging_mixin.py:137} INFO - Eric Anderson
[2023-02-02T10:03:30.222+0000] {logging_mixin.py:137} INFO - George Thompson
[2023-02-02T10:03:30.224+0000] {logging_mixin.py:137} INFO - Dustin Hines
[2023-02-02T10:03:30.230+0000] {logging_mixin.py:137} INFO - Andrea Frank
[2023-02-02T10:03:30.234+0000] {logging_mixin.py:137} INFO - Jodi Cook
[2023-02-02T10:03:30.236+0000] {logging_mixin.py:137} INFO - Stacy Haney
[2023-02-02T10:03:30.239+0000] {logging_mixin.py:137} INFO - Paul Callahan
[2023-02-02T10:03:30.242+0000] {logging_mixin.py:137} INFO - Jasmine Chambers
[2023-02-02T10:03:30.245+0000] {logging_mixin.py:137} INFO - Melissa Pittman MD
[2023-02-02T10:03:30.253+0000] {logging_mixin.py:137} INFO - Deborah Larson
[2023-02-02T10:03:30.258+0000] {logging_mixin.py:137} INFO - Brandon Shaw
[2023-02-02T10:03:30.262+0000] {logging_mixin.py:137} INFO - Timothy Paul
[2023-02-02T10:03:30.271+0000] {logging_mixin.py:137} INFO - Michael Trujillo
[2023-02-02T10:03:30.277+0000] {logging_mixin.py:137} INFO - Robert Rivera
[2023-02-02T10:03:30.284+0000] {logging_mixin.py:137} INFO - Dana Nelson
[2023-02-02T10:03:30.288+0000] {logging_mixin.py:137} INFO - Andrea Bennett
[2023-02-02T10:03:30.290+0000] {logging_mixin.py:137} INFO - Jodi Fox
[2023-02-02T10:03:30.293+0000] {logging_mixin.py:137} INFO - Heather Hayes
[2023-02-02T10:03:30.310+0000] {logging_mixin.py:137} INFO - Jennifer Moreno
[2023-02-02T10:03:30.319+0000] {logging_mixin.py:137} INFO - John Patel
[2023-02-02T10:03:30.335+0000] {logging_mixin.py:137} INFO - Teresa Oliver
[2023-02-02T10:03:30.343+0000] {logging_mixin.py:137} INFO - Monique Bell
[2023-02-02T10:03:30.348+0000] {logging_mixin.py:137} INFO - Casey Leonard
[2023-02-02T10:03:30.364+0000] {logging_mixin.py:137} INFO - Steven Clark
[2023-02-02T10:03:30.368+0000] {logging_mixin.py:137} INFO - Edward Martin
[2023-02-02T10:03:30.371+0000] {logging_mixin.py:137} INFO - Shawn Orozco
[2023-02-02T10:03:30.373+0000] {logging_mixin.py:137} INFO - Brandon Yang
[2023-02-02T10:03:30.376+0000] {logging_mixin.py:137} INFO - Nathan Ray
[2023-02-02T10:03:30.378+0000] {logging_mixin.py:137} INFO - Lori Moore
[2023-02-02T10:03:30.380+0000] {logging_mixin.py:137} INFO - Dr. Lisa Shaw DVM
[2023-02-02T10:03:30.388+0000] {logging_mixin.py:137} INFO - Angela Walters
[2023-02-02T10:03:30.397+0000] {logging_mixin.py:137} INFO - David Nolan
[2023-02-02T10:03:30.406+0000] {logging_mixin.py:137} INFO - William Ramsey
[2023-02-02T10:03:30.407+0000] {logging_mixin.py:137} INFO - David Oconnor
[2023-02-02T10:03:30.410+0000] {logging_mixin.py:137} INFO - Mark Washington
[2023-02-02T10:03:30.415+0000] {logging_mixin.py:137} INFO - Jennifer Jacobs
[2023-02-02T10:03:30.422+0000] {logging_mixin.py:137} INFO - Tammy Hampton
[2023-02-02T10:03:30.424+0000] {logging_mixin.py:137} INFO - Stephen Farmer
[2023-02-02T10:03:30.429+0000] {logging_mixin.py:137} INFO - Jasmine Nguyen
[2023-02-02T10:03:30.432+0000] {logging_mixin.py:137} INFO - Rebecca Flores
[2023-02-02T10:03:30.434+0000] {logging_mixin.py:137} INFO - Tyler Davis
[2023-02-02T10:03:30.439+0000] {logging_mixin.py:137} INFO - Nancy Gray
[2023-02-02T10:03:30.441+0000] {logging_mixin.py:137} INFO - Brian Sanchez
[2023-02-02T10:03:30.443+0000] {logging_mixin.py:137} INFO - Laurie Shaw
[2023-02-02T10:03:30.445+0000] {logging_mixin.py:137} INFO - Kristina Torres
[2023-02-02T10:03:30.447+0000] {logging_mixin.py:137} INFO - Andrea Rodgers
[2023-02-02T10:03:30.449+0000] {logging_mixin.py:137} INFO - Jason Walters
[2023-02-02T10:03:30.451+0000] {logging_mixin.py:137} INFO - Jerry Moss
[2023-02-02T10:03:30.458+0000] {logging_mixin.py:137} INFO - Jeffrey Jordan
[2023-02-02T10:03:30.468+0000] {logging_mixin.py:137} INFO - Jennifer Wilson
[2023-02-02T10:03:30.473+0000] {logging_mixin.py:137} INFO - Trevor Mathews
[2023-02-02T10:03:30.476+0000] {logging_mixin.py:137} INFO - Anne Hood
[2023-02-02T10:03:30.485+0000] {logging_mixin.py:137} INFO - Sarah Williams
[2023-02-02T10:03:30.487+0000] {logging_mixin.py:137} INFO - Shelby Hernandez
[2023-02-02T10:03:30.491+0000] {logging_mixin.py:137} INFO - Samantha Velez
[2023-02-02T10:03:30.494+0000] {logging_mixin.py:137} INFO - Matthew Douglas
[2023-02-02T10:03:30.498+0000] {logging_mixin.py:137} INFO - Ashlee George
[2023-02-02T10:03:30.501+0000] {logging_mixin.py:137} INFO - Troy Crane
[2023-02-02T10:03:30.503+0000] {logging_mixin.py:137} INFO - Michael Cooper
[2023-02-02T10:03:30.515+0000] {logging_mixin.py:137} INFO - Michael White
[2023-02-02T10:03:30.518+0000] {logging_mixin.py:137} INFO - Mr. Timothy Fleming
[2023-02-02T10:03:30.520+0000] {logging_mixin.py:137} INFO - Seth Bruce
[2023-02-02T10:03:30.530+0000] {logging_mixin.py:137} INFO - Jacqueline Carpenter
[2023-02-02T10:03:30.548+0000] {logging_mixin.py:137} INFO - Michael Martin
[2023-02-02T10:03:30.559+0000] {logging_mixin.py:137} INFO - Kristopher Henry
[2023-02-02T10:03:30.560+0000] {logging_mixin.py:137} INFO - Tiffany Porter
[2023-02-02T10:03:30.562+0000] {logging_mixin.py:137} INFO - Stacy Simpson
[2023-02-02T10:03:30.566+0000] {logging_mixin.py:137} INFO - Tammy Mcdowell
[2023-02-02T10:03:30.572+0000] {logging_mixin.py:137} INFO - Thomas Walters
[2023-02-02T10:03:30.586+0000] {logging_mixin.py:137} INFO - Dwayne Thompson
[2023-02-02T10:03:30.589+0000] {logging_mixin.py:137} INFO - Natalie Willis
[2023-02-02T10:03:30.591+0000] {logging_mixin.py:137} INFO - Sharon Taylor
[2023-02-02T10:03:30.594+0000] {logging_mixin.py:137} INFO - Sarah Wiggins
[2023-02-02T10:03:30.601+0000] {logging_mixin.py:137} INFO - Amber Thomas
[2023-02-02T10:03:30.612+0000] {logging_mixin.py:137} INFO - Patrick Miller
[2023-02-02T10:03:30.620+0000] {logging_mixin.py:137} INFO - Stephanie Hartman
[2023-02-02T10:03:30.626+0000] {logging_mixin.py:137} INFO - Stacey Mora
[2023-02-02T10:03:30.638+0000] {logging_mixin.py:137} INFO - Katherine Rodriguez
[2023-02-02T10:03:30.640+0000] {logging_mixin.py:137} INFO - Daniel Morgan
[2023-02-02T10:03:30.643+0000] {logging_mixin.py:137} INFO - Rebecca Martinez
[2023-02-02T10:03:30.646+0000] {logging_mixin.py:137} INFO - Nicole Juarez
[2023-02-02T10:03:30.648+0000] {logging_mixin.py:137} INFO - Mark Arroyo
[2023-02-02T10:03:30.651+0000] {logging_mixin.py:137} INFO - April Lucero
[2023-02-02T10:03:30.666+0000] {logging_mixin.py:137} INFO - Samantha Garcia
[2023-02-02T10:03:30.671+0000] {logging_mixin.py:137} INFO - Jon Moore
[2023-02-02T10:03:30.673+0000] {logging_mixin.py:137} INFO - Joshua Flores MD
[2023-02-02T10:03:30.679+0000] {logging_mixin.py:137} INFO - Raymond Jones
[2023-02-02T10:03:30.681+0000] {logging_mixin.py:137} INFO - Billy Hughes
[2023-02-02T10:03:30.684+0000] {logging_mixin.py:137} INFO - Peggy Valdez PhD
[2023-02-02T10:03:30.686+0000] {logging_mixin.py:137} INFO - Joshua Reyes
[2023-02-02T10:03:30.689+0000] {logging_mixin.py:137} INFO - Aaron Green
[2023-02-02T10:03:30.701+0000] {logging_mixin.py:137} INFO - Wendy Espinoza
[2023-02-02T10:03:30.708+0000] {logging_mixin.py:137} INFO - Peter Vasquez
[2023-02-02T10:03:30.713+0000] {logging_mixin.py:137} INFO - Diane Harper
[2023-02-02T10:03:30.722+0000] {logging_mixin.py:137} INFO - Ms. Rebecca Cantu
[2023-02-02T10:03:30.723+0000] {logging_mixin.py:137} INFO - Yolanda Morrow
[2023-02-02T10:03:30.725+0000] {logging_mixin.py:137} INFO - Penny Beard
[2023-02-02T10:03:30.727+0000] {logging_mixin.py:137} INFO - Lisa Long
[2023-02-02T10:03:30.731+0000] {logging_mixin.py:137} INFO - Jerry Harris
[2023-02-02T10:03:30.735+0000] {logging_mixin.py:137} INFO - Bob Willis
[2023-02-02T10:03:30.738+0000] {logging_mixin.py:137} INFO - Duane Chapman
[2023-02-02T10:03:30.740+0000] {logging_mixin.py:137} INFO - William Morgan
[2023-02-02T10:03:30.742+0000] {logging_mixin.py:137} INFO - Amy Gutierrez
[2023-02-02T10:03:30.750+0000] {logging_mixin.py:137} INFO - Amber Nichols
[2023-02-02T10:03:30.752+0000] {logging_mixin.py:137} INFO - Matthew Carr
[2023-02-02T10:03:30.760+0000] {logging_mixin.py:137} INFO - Thomas Duncan
[2023-02-02T10:03:30.765+0000] {logging_mixin.py:137} INFO - Elizabeth Wright
[2023-02-02T10:03:30.770+0000] {logging_mixin.py:137} INFO - Jacqueline Brewer
[2023-02-02T10:03:30.774+0000] {logging_mixin.py:137} INFO - Stephanie Johnson
[2023-02-02T10:03:30.785+0000] {logging_mixin.py:137} INFO - Samantha Calderon
[2023-02-02T10:03:30.788+0000] {logging_mixin.py:137} INFO - Kathryn Gaines
[2023-02-02T10:03:30.789+0000] {logging_mixin.py:137} INFO - Angel Jones
[2023-02-02T10:03:30.791+0000] {logging_mixin.py:137} INFO - Laura Wall
[2023-02-02T10:03:30.794+0000] {logging_mixin.py:137} INFO - Mr. Anthony Hamilton
[2023-02-02T10:03:30.805+0000] {logging_mixin.py:137} INFO - David Smith
[2023-02-02T10:03:30.808+0000] {logging_mixin.py:137} INFO - Kimberly Herrera DDS
[2023-02-02T10:03:30.811+0000] {logging_mixin.py:137} INFO - Gina Wilson
[2023-02-02T10:03:30.813+0000] {logging_mixin.py:137} INFO - Timothy Byrd
[2023-02-02T10:03:30.823+0000] {logging_mixin.py:137} INFO - Michael Mckenzie
[2023-02-02T10:03:30.825+0000] {logging_mixin.py:137} INFO - Jeffrey Mcintyre
[2023-02-02T10:03:30.827+0000] {logging_mixin.py:137} INFO - Teresa Jackson
[2023-02-02T10:03:30.832+0000] {logging_mixin.py:137} INFO - Joseph Wilcox
[2023-02-02T10:03:30.835+0000] {logging_mixin.py:137} INFO - Patrick Mcknight
[2023-02-02T10:03:30.840+0000] {logging_mixin.py:137} INFO - Ronald Moreno
[2023-02-02T10:03:30.842+0000] {logging_mixin.py:137} INFO - Jamie Sullivan
[2023-02-02T10:03:30.844+0000] {logging_mixin.py:137} INFO - Jason Anderson
[2023-02-02T10:03:30.847+0000] {logging_mixin.py:137} INFO - Steven Stewart
[2023-02-02T10:03:30.849+0000] {logging_mixin.py:137} INFO - Melinda Paul
[2023-02-02T10:03:30.856+0000] {logging_mixin.py:137} INFO - Cynthia Simmons
[2023-02-02T10:03:30.859+0000] {logging_mixin.py:137} INFO - Christian Smith
[2023-02-02T10:03:30.864+0000] {logging_mixin.py:137} INFO - William Jimenez
[2023-02-02T10:03:30.869+0000] {logging_mixin.py:137} INFO - Hayley French
[2023-02-02T10:03:30.884+0000] {logging_mixin.py:137} INFO - Brandon Hess
[2023-02-02T10:03:30.886+0000] {logging_mixin.py:137} INFO - Laura Perry
[2023-02-02T10:03:30.890+0000] {logging_mixin.py:137} INFO - Scott Jones
[2023-02-02T10:03:30.892+0000] {logging_mixin.py:137} INFO - Christine Hernandez
[2023-02-02T10:03:30.893+0000] {logging_mixin.py:137} INFO - Douglas Eaton
[2023-02-02T10:03:30.895+0000] {logging_mixin.py:137} INFO - William Soto
[2023-02-02T10:03:30.897+0000] {logging_mixin.py:137} INFO - Mary Jones
[2023-02-02T10:03:30.899+0000] {logging_mixin.py:137} INFO - Stephanie Holmes
[2023-02-02T10:03:30.903+0000] {logging_mixin.py:137} INFO - Keith Meyers
[2023-02-02T10:03:30.908+0000] {logging_mixin.py:137} INFO - Paul Fisher
[2023-02-02T10:03:30.910+0000] {logging_mixin.py:137} INFO - Emily Alexander
[2023-02-02T10:03:30.911+0000] {logging_mixin.py:137} INFO - Anthony Schwartz
[2023-02-02T10:03:30.921+0000] {logging_mixin.py:137} INFO - Evelyn Jacobs
[2023-02-02T10:03:30.927+0000] {logging_mixin.py:137} INFO - Connie Jones
[2023-02-02T10:03:30.930+0000] {logging_mixin.py:137} INFO - Carla Gibbs
[2023-02-02T10:03:30.932+0000] {logging_mixin.py:137} INFO - Ashley Santiago
[2023-02-02T10:03:30.934+0000] {logging_mixin.py:137} INFO - Micheal Mckee
[2023-02-02T10:03:30.940+0000] {logging_mixin.py:137} INFO - Diane Williams
[2023-02-02T10:03:30.943+0000] {logging_mixin.py:137} INFO - Jesse Velasquez
[2023-02-02T10:03:30.945+0000] {logging_mixin.py:137} INFO - Jennifer Rodriguez
[2023-02-02T10:03:30.947+0000] {logging_mixin.py:137} INFO - Joe Griffin
[2023-02-02T10:03:30.948+0000] {logging_mixin.py:137} INFO - Gary Cherry
[2023-02-02T10:03:30.951+0000] {logging_mixin.py:137} INFO - Alyssa Edwards
[2023-02-02T10:03:30.953+0000] {logging_mixin.py:137} INFO - Caroline Hernandez MD
[2023-02-02T10:03:30.955+0000] {logging_mixin.py:137} INFO - Jessica Morton
[2023-02-02T10:03:30.957+0000] {logging_mixin.py:137} INFO - Holly Jones
[2023-02-02T10:03:30.959+0000] {logging_mixin.py:137} INFO - David Shelton
[2023-02-02T10:03:30.961+0000] {logging_mixin.py:137} INFO - Kristina Parks
[2023-02-02T10:03:30.964+0000] {logging_mixin.py:137} INFO - Laurie Hernandez
[2023-02-02T10:03:30.969+0000] {logging_mixin.py:137} INFO - Melissa James
[2023-02-02T10:03:30.973+0000] {logging_mixin.py:137} INFO - Jeremiah Adams
[2023-02-02T10:03:30.975+0000] {logging_mixin.py:137} INFO - Arthur Robinson
[2023-02-02T10:03:30.979+0000] {logging_mixin.py:137} INFO - Anna Shepard
[2023-02-02T10:03:30.985+0000] {logging_mixin.py:137} INFO - Brandon Myers
[2023-02-02T10:03:30.989+0000] {logging_mixin.py:137} INFO - Paul Cardenas
[2023-02-02T10:03:30.991+0000] {logging_mixin.py:137} INFO - Megan Santana
[2023-02-02T10:03:30.992+0000] {logging_mixin.py:137} INFO - Joseph Marshall
[2023-02-02T10:03:30.999+0000] {logging_mixin.py:137} INFO - Mrs. Brenda Harris
[2023-02-02T10:03:31.006+0000] {logging_mixin.py:137} INFO - Nicole Garcia
[2023-02-02T10:03:31.010+0000] {logging_mixin.py:137} INFO - Anna Estrada
[2023-02-02T10:03:31.013+0000] {logging_mixin.py:137} INFO - Carl Moore
[2023-02-02T10:03:31.015+0000] {logging_mixin.py:137} INFO - Rodney Hernandez
[2023-02-02T10:03:31.024+0000] {logging_mixin.py:137} INFO - Madison Christian
[2023-02-02T10:03:31.026+0000] {logging_mixin.py:137} INFO - Heather Rhodes
[2023-02-02T10:03:31.037+0000] {python.py:177} INFO - Done. Returned value was: None
[2023-02-02T10:03:31.067+0000] {taskinstance.py:1323} INFO - Marking task as SUCCESS. dag_id=CSV_DAG, task_id=convertCSVToJson, execution_date=20230202T062500, start_date=20230202T100324, end_date=20230202T100331
[2023-02-02T10:03:31.165+0000] {local_task_job.py:208} INFO - Task exited with return code 0
[2023-02-02T10:03:31.195+0000] {taskinstance.py:2578} INFO - 0 downstream tasks scheduled from follow-on schedule check
