[2023-02-01T19:11:15.825+0000] {taskinstance.py:1083} INFO - Dependencies all met for <TaskInstance: CSV_DAG.convertCSVToJson scheduled__2023-02-01T16:40:00+00:00 [queued]>
[2023-02-01T19:11:15.937+0000] {taskinstance.py:1083} INFO - Dependencies all met for <TaskInstance: CSV_DAG.convertCSVToJson scheduled__2023-02-01T16:40:00+00:00 [queued]>
[2023-02-01T19:11:15.962+0000] {taskinstance.py:1279} INFO - 
--------------------------------------------------------------------------------
[2023-02-01T19:11:15.967+0000] {taskinstance.py:1280} INFO - Starting attempt 1 of 2
[2023-02-01T19:11:15.970+0000] {taskinstance.py:1281} INFO - 
--------------------------------------------------------------------------------
[2023-02-01T19:11:16.323+0000] {taskinstance.py:1300} INFO - Executing <Task(PythonOperator): convertCSVToJson> on 2023-02-01 16:40:00+00:00
[2023-02-01T19:11:16.407+0000] {standard_task_runner.py:55} INFO - Started process 1730 to run task
[2023-02-01T19:11:16.448+0000] {standard_task_runner.py:82} INFO - Running: ['***', 'tasks', 'run', 'CSV_DAG', 'convertCSVToJson', 'scheduled__2023-02-01T16:40:00+00:00', '--job-id', '438', '--raw', '--subdir', 'DAGS_FOLDER/csv.py', '--cfg-path', '/tmp/tmph_trxpk7']
[2023-02-01T19:11:16.451+0000] {standard_task_runner.py:83} INFO - Job 438: Subtask convertCSVToJson
[2023-02-01T19:11:16.909+0000] {task_command.py:388} INFO - Running <TaskInstance: CSV_DAG.convertCSVToJson scheduled__2023-02-01T16:40:00+00:00 [running]> on host 06d8060e8530
[2023-02-01T19:11:17.299+0000] {taskinstance.py:1509} INFO - Exporting the following env vars:
AIRFLOW_CTX_DAG_OWNER=Kevin Chalmers
AIRFLOW_CTX_DAG_ID=CSV_DAG
AIRFLOW_CTX_TASK_ID=convertCSVToJson
AIRFLOW_CTX_EXECUTION_DATE=2023-02-01T16:40:00+00:00
AIRFLOW_CTX_TRY_NUMBER=1
AIRFLOW_CTX_DAG_RUN_ID=scheduled__2023-02-01T16:40:00+00:00
[2023-02-01T19:11:17.396+0000] {logging_mixin.py:137} INFO - Angelica Lopez
[2023-02-01T19:11:17.400+0000] {logging_mixin.py:137} INFO - Betty Wright
[2023-02-01T19:11:17.403+0000] {logging_mixin.py:137} INFO - Sara Schmidt
[2023-02-01T19:11:17.405+0000] {logging_mixin.py:137} INFO - Dr. Sherry Rodriguez
[2023-02-01T19:11:17.412+0000] {logging_mixin.py:137} INFO - Rebecca Mills
[2023-02-01T19:11:17.414+0000] {logging_mixin.py:137} INFO - Andrew Anderson
[2023-02-01T19:11:17.415+0000] {logging_mixin.py:137} INFO - Martin Everett
[2023-02-01T19:11:17.416+0000] {logging_mixin.py:137} INFO - Felicia Gregory
[2023-02-01T19:11:17.417+0000] {logging_mixin.py:137} INFO - Kara Bowers
[2023-02-01T19:11:17.419+0000] {logging_mixin.py:137} INFO - Vincent Vincent
[2023-02-01T19:11:17.420+0000] {logging_mixin.py:137} INFO - Morgan Butler
[2023-02-01T19:11:17.423+0000] {logging_mixin.py:137} INFO - Stephen Riley
[2023-02-01T19:11:17.424+0000] {logging_mixin.py:137} INFO - Wanda Thomas
[2023-02-01T19:11:17.426+0000] {logging_mixin.py:137} INFO - Michelle Schultz
[2023-02-01T19:11:17.427+0000] {logging_mixin.py:137} INFO - Christopher Rush MD
[2023-02-01T19:11:17.428+0000] {logging_mixin.py:137} INFO - Phyllis Miles
[2023-02-01T19:11:17.429+0000] {logging_mixin.py:137} INFO - Rebecca Price
[2023-02-01T19:11:17.430+0000] {logging_mixin.py:137} INFO - John Morse
[2023-02-01T19:11:17.432+0000] {logging_mixin.py:137} INFO - Nicholas Sanchez
[2023-02-01T19:11:17.434+0000] {logging_mixin.py:137} INFO - Crystal Dean
[2023-02-01T19:11:17.436+0000] {logging_mixin.py:137} INFO - Tyler Diaz
[2023-02-01T19:11:17.438+0000] {logging_mixin.py:137} INFO - Denise Mclean
[2023-02-01T19:11:17.439+0000] {logging_mixin.py:137} INFO - Daniel Grant
[2023-02-01T19:11:17.441+0000] {logging_mixin.py:137} INFO - Sandra Peterson
[2023-02-01T19:11:17.444+0000] {logging_mixin.py:137} INFO - Denise Morse
[2023-02-01T19:11:17.446+0000] {logging_mixin.py:137} INFO - Brianna Smith
[2023-02-01T19:11:17.447+0000] {logging_mixin.py:137} INFO - Tony Miller
[2023-02-01T19:11:17.449+0000] {logging_mixin.py:137} INFO - Jean Booth
[2023-02-01T19:11:17.450+0000] {logging_mixin.py:137} INFO - Penny Salazar
[2023-02-01T19:11:17.459+0000] {logging_mixin.py:137} INFO - Cathy Williams
[2023-02-01T19:11:17.464+0000] {logging_mixin.py:137} INFO - Hannah Collins
[2023-02-01T19:11:17.468+0000] {logging_mixin.py:137} INFO - Maurice Casey
[2023-02-01T19:11:17.471+0000] {logging_mixin.py:137} INFO - Patrick Walker
[2023-02-01T19:11:17.475+0000] {logging_mixin.py:137} INFO - Pamela Barton
[2023-02-01T19:11:17.491+0000] {logging_mixin.py:137} INFO - Anthony Bryant
[2023-02-01T19:11:17.498+0000] {logging_mixin.py:137} INFO - Andrew Harris
[2023-02-01T19:11:17.502+0000] {logging_mixin.py:137} INFO - Aaron Harris
[2023-02-01T19:11:17.507+0000] {logging_mixin.py:137} INFO - Maureen Soto
[2023-02-01T19:11:17.513+0000] {logging_mixin.py:137} INFO - Crystal Mcdaniel
[2023-02-01T19:11:17.515+0000] {logging_mixin.py:137} INFO - Lauren Barrett
[2023-02-01T19:11:17.517+0000] {logging_mixin.py:137} INFO - Brandon Perez
[2023-02-01T19:11:17.522+0000] {logging_mixin.py:137} INFO - Mark Robertson
[2023-02-01T19:11:17.523+0000] {logging_mixin.py:137} INFO - Nicole Gates
[2023-02-01T19:11:17.525+0000] {logging_mixin.py:137} INFO - Bradley Cruz
[2023-02-01T19:11:17.527+0000] {logging_mixin.py:137} INFO - Gina Burns
[2023-02-01T19:11:17.528+0000] {logging_mixin.py:137} INFO - Zachary Martinez
[2023-02-01T19:11:17.530+0000] {logging_mixin.py:137} INFO - Natasha Johnson
[2023-02-01T19:11:17.533+0000] {logging_mixin.py:137} INFO - Patrick Gonzales
[2023-02-01T19:11:17.535+0000] {logging_mixin.py:137} INFO - Terri Wilson
[2023-02-01T19:11:17.536+0000] {logging_mixin.py:137} INFO - Sarah Lopez
[2023-02-01T19:11:17.540+0000] {logging_mixin.py:137} INFO - Dana Turner
[2023-02-01T19:11:17.547+0000] {logging_mixin.py:137} INFO - Cynthia Johnson
[2023-02-01T19:11:17.561+0000] {logging_mixin.py:137} INFO - William Thornton
[2023-02-01T19:11:17.567+0000] {logging_mixin.py:137} INFO - James Lee
[2023-02-01T19:11:17.569+0000] {logging_mixin.py:137} INFO - Stephen Allen
[2023-02-01T19:11:17.574+0000] {logging_mixin.py:137} INFO - William Stark
[2023-02-01T19:11:17.577+0000] {logging_mixin.py:137} INFO - Michael Parker
[2023-02-01T19:11:17.579+0000] {logging_mixin.py:137} INFO - Lisa Stephens
[2023-02-01T19:11:17.581+0000] {logging_mixin.py:137} INFO - Mr. Reginald Wise DDS
[2023-02-01T19:11:17.584+0000] {logging_mixin.py:137} INFO - Alexander James
[2023-02-01T19:11:17.586+0000] {logging_mixin.py:137} INFO - Kristen West
[2023-02-01T19:11:17.593+0000] {logging_mixin.py:137} INFO - Elizabeth Sanchez
[2023-02-01T19:11:17.601+0000] {logging_mixin.py:137} INFO - Jennifer Wilson
[2023-02-01T19:11:17.603+0000] {logging_mixin.py:137} INFO - Catherine Nicholson
[2023-02-01T19:11:17.610+0000] {logging_mixin.py:137} INFO - David Henderson
[2023-02-01T19:11:17.617+0000] {logging_mixin.py:137} INFO - Stephen Davis
[2023-02-01T19:11:17.629+0000] {logging_mixin.py:137} INFO - Paul Skinner
[2023-02-01T19:11:17.645+0000] {logging_mixin.py:137} INFO - Rebecca Wong
[2023-02-01T19:11:17.647+0000] {logging_mixin.py:137} INFO - Tara Benitez
[2023-02-01T19:11:17.654+0000] {logging_mixin.py:137} INFO - Sharon Miller
[2023-02-01T19:11:17.658+0000] {logging_mixin.py:137} INFO - Cynthia Smith
[2023-02-01T19:11:17.677+0000] {logging_mixin.py:137} INFO - Jennifer Werner
[2023-02-01T19:11:17.683+0000] {logging_mixin.py:137} INFO - Rebecca Tucker
[2023-02-01T19:11:17.694+0000] {logging_mixin.py:137} INFO - Ashlee Castillo
[2023-02-01T19:11:17.697+0000] {logging_mixin.py:137} INFO - Christopher Holmes
[2023-02-01T19:11:17.699+0000] {logging_mixin.py:137} INFO - Daniel Velez
[2023-02-01T19:11:17.709+0000] {logging_mixin.py:137} INFO - Amy Serrano
[2023-02-01T19:11:17.715+0000] {logging_mixin.py:137} INFO - Alison Nash
[2023-02-01T19:11:17.720+0000] {logging_mixin.py:137} INFO - Peter Johnson
[2023-02-01T19:11:17.725+0000] {logging_mixin.py:137} INFO - Breanna Harris
[2023-02-01T19:11:17.737+0000] {logging_mixin.py:137} INFO - Eric King
[2023-02-01T19:11:17.741+0000] {logging_mixin.py:137} INFO - Patricia Oliver
[2023-02-01T19:11:17.746+0000] {logging_mixin.py:137} INFO - Denise Grimes
[2023-02-01T19:11:17.748+0000] {logging_mixin.py:137} INFO - Jill Olson
[2023-02-01T19:11:17.770+0000] {logging_mixin.py:137} INFO - Stephanie Hart
[2023-02-01T19:11:17.774+0000] {logging_mixin.py:137} INFO - Ashley Lee
[2023-02-01T19:11:17.778+0000] {logging_mixin.py:137} INFO - Kelly Barnes
[2023-02-01T19:11:17.789+0000] {logging_mixin.py:137} INFO - Christie West
[2023-02-01T19:11:17.798+0000] {logging_mixin.py:137} INFO - Todd Nolan
[2023-02-01T19:11:17.807+0000] {logging_mixin.py:137} INFO - Sarah Reed
[2023-02-01T19:11:17.812+0000] {logging_mixin.py:137} INFO - Jennifer Keith
[2023-02-01T19:11:17.824+0000] {logging_mixin.py:137} INFO - Shawn Alvarez
[2023-02-01T19:11:17.827+0000] {logging_mixin.py:137} INFO - Alexander Wilson
[2023-02-01T19:11:17.828+0000] {logging_mixin.py:137} INFO - Rachel Melendez
[2023-02-01T19:11:17.830+0000] {logging_mixin.py:137} INFO - Morgan Walters
[2023-02-01T19:11:17.837+0000] {logging_mixin.py:137} INFO - Nicole Garcia
[2023-02-01T19:11:17.842+0000] {logging_mixin.py:137} INFO - Jennifer White
[2023-02-01T19:11:17.847+0000] {logging_mixin.py:137} INFO - Leslie Shannon
[2023-02-01T19:11:17.854+0000] {logging_mixin.py:137} INFO - Lisa Clayton
[2023-02-01T19:11:17.863+0000] {logging_mixin.py:137} INFO - Zachary Molina
[2023-02-01T19:11:17.868+0000] {logging_mixin.py:137} INFO - Bruce Butler
[2023-02-01T19:11:17.873+0000] {logging_mixin.py:137} INFO - Dustin Howell
[2023-02-01T19:11:17.883+0000] {logging_mixin.py:137} INFO - Aaron Smith
[2023-02-01T19:11:17.897+0000] {logging_mixin.py:137} INFO - Kyle Green
[2023-02-01T19:11:17.901+0000] {logging_mixin.py:137} INFO - Steven Clark
[2023-02-01T19:11:17.911+0000] {logging_mixin.py:137} INFO - Robert Holden
[2023-02-01T19:11:17.925+0000] {logging_mixin.py:137} INFO - Zachary Harmon
[2023-02-01T19:11:17.928+0000] {logging_mixin.py:137} INFO - Rachel Miller
[2023-02-01T19:11:17.942+0000] {logging_mixin.py:137} INFO - Brandon Parker
[2023-02-01T19:11:17.945+0000] {logging_mixin.py:137} INFO - Walter Martin
[2023-02-01T19:11:17.948+0000] {logging_mixin.py:137} INFO - Jose Young
[2023-02-01T19:11:17.951+0000] {logging_mixin.py:137} INFO - Kelsey Long
[2023-02-01T19:11:17.955+0000] {logging_mixin.py:137} INFO - William Harper
[2023-02-01T19:11:17.963+0000] {logging_mixin.py:137} INFO - Alejandro Lambert
[2023-02-01T19:11:17.968+0000] {logging_mixin.py:137} INFO - Stephanie Carson
[2023-02-01T19:11:17.971+0000] {logging_mixin.py:137} INFO - Diana Ortega MD
[2023-02-01T19:11:17.979+0000] {logging_mixin.py:137} INFO - Janet Morales
[2023-02-01T19:11:17.982+0000] {logging_mixin.py:137} INFO - Eric Fisher
[2023-02-01T19:11:17.986+0000] {logging_mixin.py:137} INFO - Louis Baker
[2023-02-01T19:11:17.987+0000] {logging_mixin.py:137} INFO - Cindy Ward
[2023-02-01T19:11:17.989+0000] {logging_mixin.py:137} INFO - Ana Jenkins
[2023-02-01T19:11:17.992+0000] {logging_mixin.py:137} INFO - Leslie Barton
[2023-02-01T19:11:17.995+0000] {logging_mixin.py:137} INFO - Gregory Price
[2023-02-01T19:11:17.998+0000] {logging_mixin.py:137} INFO - Brandon Moore
[2023-02-01T19:11:18.000+0000] {logging_mixin.py:137} INFO - Heather Garrett
[2023-02-01T19:11:18.003+0000] {logging_mixin.py:137} INFO - Cindy Hawkins
[2023-02-01T19:11:18.019+0000] {logging_mixin.py:137} INFO - Mr. Frank Snyder Jr.
[2023-02-01T19:11:18.028+0000] {logging_mixin.py:137} INFO - Megan Wang
[2023-02-01T19:11:18.034+0000] {logging_mixin.py:137} INFO - Jennifer Fleming
[2023-02-01T19:11:18.045+0000] {logging_mixin.py:137} INFO - Gary Hodge
[2023-02-01T19:11:18.054+0000] {logging_mixin.py:137} INFO - Nichole Miller
[2023-02-01T19:11:18.065+0000] {logging_mixin.py:137} INFO - Mitchell Mendoza
[2023-02-01T19:11:18.070+0000] {logging_mixin.py:137} INFO - Bradley Horton
[2023-02-01T19:11:18.082+0000] {logging_mixin.py:137} INFO - Michelle Hess
[2023-02-01T19:11:18.093+0000] {logging_mixin.py:137} INFO - Ronald Torres
[2023-02-01T19:11:18.101+0000] {logging_mixin.py:137} INFO - Raymond Hudson
[2023-02-01T19:11:18.105+0000] {logging_mixin.py:137} INFO - Vincent Jackson
[2023-02-01T19:11:18.108+0000] {logging_mixin.py:137} INFO - Susan Carey
[2023-02-01T19:11:18.112+0000] {logging_mixin.py:137} INFO - Chase Wilson
[2023-02-01T19:11:18.127+0000] {logging_mixin.py:137} INFO - Tonya Baldwin
[2023-02-01T19:11:18.130+0000] {logging_mixin.py:137} INFO - Mrs. Tina Davis
[2023-02-01T19:11:18.136+0000] {logging_mixin.py:137} INFO - Scott Garrett
[2023-02-01T19:11:18.144+0000] {logging_mixin.py:137} INFO - Michael Wilson
[2023-02-01T19:11:18.149+0000] {logging_mixin.py:137} INFO - Andrew Orozco
[2023-02-01T19:11:18.155+0000] {logging_mixin.py:137} INFO - Troy Carson
[2023-02-01T19:11:18.167+0000] {logging_mixin.py:137} INFO - Alex Winters
[2023-02-01T19:11:18.173+0000] {logging_mixin.py:137} INFO - Toni Frank
[2023-02-01T19:11:18.179+0000] {logging_mixin.py:137} INFO - Kathleen Snyder
[2023-02-01T19:11:18.195+0000] {logging_mixin.py:137} INFO - Anna Lopez
[2023-02-01T19:11:18.198+0000] {logging_mixin.py:137} INFO - Charles Brown
[2023-02-01T19:11:18.204+0000] {logging_mixin.py:137} INFO - Barry Ross
[2023-02-01T19:11:18.212+0000] {logging_mixin.py:137} INFO - Emily Ramirez
[2023-02-01T19:11:18.219+0000] {logging_mixin.py:137} INFO - Anna Williams
[2023-02-01T19:11:18.223+0000] {logging_mixin.py:137} INFO - Kristin Pennington
[2023-02-01T19:11:18.237+0000] {logging_mixin.py:137} INFO - Mary Aguirre
[2023-02-01T19:11:18.240+0000] {logging_mixin.py:137} INFO - Austin Santos
[2023-02-01T19:11:18.244+0000] {logging_mixin.py:137} INFO - David Nelson
[2023-02-01T19:11:18.246+0000] {logging_mixin.py:137} INFO - Alyssa Mcbride
[2023-02-01T19:11:18.251+0000] {logging_mixin.py:137} INFO - Lisa Gibson
[2023-02-01T19:11:18.258+0000] {logging_mixin.py:137} INFO - Alexander Kelly
[2023-02-01T19:11:18.270+0000] {logging_mixin.py:137} INFO - Ronald Thomas
[2023-02-01T19:11:18.275+0000] {logging_mixin.py:137} INFO - Michael Hurst
[2023-02-01T19:11:18.300+0000] {logging_mixin.py:137} INFO - Lauren Ward
[2023-02-01T19:11:18.306+0000] {logging_mixin.py:137} INFO - Christian Terry
[2023-02-01T19:11:18.313+0000] {logging_mixin.py:137} INFO - Jared Black
[2023-02-01T19:11:18.318+0000] {logging_mixin.py:137} INFO - Anthony Brown
[2023-02-01T19:11:18.321+0000] {logging_mixin.py:137} INFO - John Cole
[2023-02-01T19:11:18.323+0000] {logging_mixin.py:137} INFO - David Lee
[2023-02-01T19:11:18.325+0000] {logging_mixin.py:137} INFO - Lori Thomas
[2023-02-01T19:11:18.330+0000] {logging_mixin.py:137} INFO - Daniel Herman
[2023-02-01T19:11:18.341+0000] {logging_mixin.py:137} INFO - Pam Williams
[2023-02-01T19:11:18.343+0000] {logging_mixin.py:137} INFO - Sarah Jenkins
[2023-02-01T19:11:18.346+0000] {logging_mixin.py:137} INFO - Susan Mitchell
[2023-02-01T19:11:18.349+0000] {logging_mixin.py:137} INFO - Jacqueline Green
[2023-02-01T19:11:18.351+0000] {logging_mixin.py:137} INFO - Victoria Garrison
[2023-02-01T19:11:18.354+0000] {logging_mixin.py:137} INFO - Jonathan Daniels
[2023-02-01T19:11:18.358+0000] {logging_mixin.py:137} INFO - Trevor Hansen
[2023-02-01T19:11:18.360+0000] {logging_mixin.py:137} INFO - Laurie Bowen
[2023-02-01T19:11:18.363+0000] {logging_mixin.py:137} INFO - James Cline
[2023-02-01T19:11:18.365+0000] {logging_mixin.py:137} INFO - Michael Rose
[2023-02-01T19:11:18.369+0000] {logging_mixin.py:137} INFO - Lawrence Juarez
[2023-02-01T19:11:18.375+0000] {logging_mixin.py:137} INFO - Lucas Caldwell
[2023-02-01T19:11:18.377+0000] {logging_mixin.py:137} INFO - Laura Jackson
[2023-02-01T19:11:18.380+0000] {logging_mixin.py:137} INFO - Sherri Thornton
[2023-02-01T19:11:18.383+0000] {logging_mixin.py:137} INFO - Alice Wilson
[2023-02-01T19:11:18.387+0000] {logging_mixin.py:137} INFO - Diane Williams
[2023-02-01T19:11:18.390+0000] {logging_mixin.py:137} INFO - Kara Martin
[2023-02-01T19:11:18.393+0000] {logging_mixin.py:137} INFO - Joseph Moore
[2023-02-01T19:11:18.397+0000] {logging_mixin.py:137} INFO - Jesse Moses
[2023-02-01T19:11:18.401+0000] {logging_mixin.py:137} INFO - Lisa Mccall
[2023-02-01T19:11:18.408+0000] {logging_mixin.py:137} INFO - Alexandra Mccoy
[2023-02-01T19:11:18.416+0000] {logging_mixin.py:137} INFO - Daniel Martin
[2023-02-01T19:11:18.420+0000] {logging_mixin.py:137} INFO - Claudia Peck
[2023-02-01T19:11:18.424+0000] {logging_mixin.py:137} INFO - Jessica Mcconnell
[2023-02-01T19:11:18.433+0000] {logging_mixin.py:137} INFO - Kevin Walker
[2023-02-01T19:11:18.437+0000] {logging_mixin.py:137} INFO - Christina Lee
[2023-02-01T19:11:18.439+0000] {logging_mixin.py:137} INFO - Christopher Schroeder
[2023-02-01T19:11:18.449+0000] {logging_mixin.py:137} INFO - Melissa Parker
[2023-02-01T19:11:18.457+0000] {logging_mixin.py:137} INFO - Janet Molina
[2023-02-01T19:11:18.463+0000] {logging_mixin.py:137} INFO - Barbara Harris
[2023-02-01T19:11:18.467+0000] {logging_mixin.py:137} INFO - Joseph Hurley
[2023-02-01T19:11:18.469+0000] {logging_mixin.py:137} INFO - Greg Hayden
[2023-02-01T19:11:18.472+0000] {logging_mixin.py:137} INFO - Edwin Adams
[2023-02-01T19:11:18.474+0000] {logging_mixin.py:137} INFO - Ashley Hunter
[2023-02-01T19:11:18.480+0000] {logging_mixin.py:137} INFO - Jennifer Tucker
[2023-02-01T19:11:18.481+0000] {logging_mixin.py:137} INFO - Eddie Gray
[2023-02-01T19:11:18.485+0000] {logging_mixin.py:137} INFO - Jennifer Evans
[2023-02-01T19:11:18.487+0000] {logging_mixin.py:137} INFO - Stephen Carey
[2023-02-01T19:11:18.489+0000] {logging_mixin.py:137} INFO - Samantha Campos
[2023-02-01T19:11:18.494+0000] {logging_mixin.py:137} INFO - Meagan Brown
[2023-02-01T19:11:18.499+0000] {logging_mixin.py:137} INFO - Miss Marisa Barber
[2023-02-01T19:11:18.504+0000] {logging_mixin.py:137} INFO - Jay Mann
[2023-02-01T19:11:18.509+0000] {logging_mixin.py:137} INFO - Matthew Campbell
[2023-02-01T19:11:18.511+0000] {logging_mixin.py:137} INFO - Brent Rodriguez
[2023-02-01T19:11:18.514+0000] {logging_mixin.py:137} INFO - Teresa Ross
[2023-02-01T19:11:18.522+0000] {logging_mixin.py:137} INFO - Mary Martinez
[2023-02-01T19:11:18.527+0000] {logging_mixin.py:137} INFO - Joseph Lewis
[2023-02-01T19:11:18.529+0000] {logging_mixin.py:137} INFO - Dale Davis
[2023-02-01T19:11:18.531+0000] {logging_mixin.py:137} INFO - Elizabeth Evans
[2023-02-01T19:11:18.533+0000] {logging_mixin.py:137} INFO - Shannon Wang
[2023-02-01T19:11:18.536+0000] {logging_mixin.py:137} INFO - Brandon Campbell
[2023-02-01T19:11:18.539+0000] {logging_mixin.py:137} INFO - Rhonda Pace
[2023-02-01T19:11:18.542+0000] {logging_mixin.py:137} INFO - Sarah Santos
[2023-02-01T19:11:18.544+0000] {logging_mixin.py:137} INFO - Jacob Ford
[2023-02-01T19:11:18.545+0000] {logging_mixin.py:137} INFO - Matthew Hansen
[2023-02-01T19:11:18.547+0000] {logging_mixin.py:137} INFO - Amy Ray
[2023-02-01T19:11:18.548+0000] {logging_mixin.py:137} INFO - Aaron Fields
[2023-02-01T19:11:18.550+0000] {logging_mixin.py:137} INFO - Mary Taylor
[2023-02-01T19:11:18.554+0000] {logging_mixin.py:137} INFO - James Morris
[2023-02-01T19:11:18.557+0000] {logging_mixin.py:137} INFO - Darrell Cain
[2023-02-01T19:11:18.559+0000] {logging_mixin.py:137} INFO - Michael Smith
[2023-02-01T19:11:18.561+0000] {logging_mixin.py:137} INFO - Scott Coleman
[2023-02-01T19:11:18.563+0000] {logging_mixin.py:137} INFO - David Fitzpatrick
[2023-02-01T19:11:18.566+0000] {logging_mixin.py:137} INFO - Debra Shepherd
[2023-02-01T19:11:18.586+0000] {logging_mixin.py:137} INFO - Paul Rush
[2023-02-01T19:11:18.588+0000] {logging_mixin.py:137} INFO - Brett Hernandez
[2023-02-01T19:11:18.591+0000] {logging_mixin.py:137} INFO - Sheila Riddle
[2023-02-01T19:11:18.599+0000] {logging_mixin.py:137} INFO - Joan Austin
[2023-02-01T19:11:18.600+0000] {logging_mixin.py:137} INFO - Michael Garcia
[2023-02-01T19:11:18.605+0000] {logging_mixin.py:137} INFO - Natalie Harris
[2023-02-01T19:11:18.614+0000] {logging_mixin.py:137} INFO - Steven Dean
[2023-02-01T19:11:18.617+0000] {logging_mixin.py:137} INFO - John Brown
[2023-02-01T19:11:18.618+0000] {logging_mixin.py:137} INFO - Keith Zimmerman
[2023-02-01T19:11:18.620+0000] {logging_mixin.py:137} INFO - Curtis Byrd
[2023-02-01T19:11:18.622+0000] {logging_mixin.py:137} INFO - Mariah Green
[2023-02-01T19:11:18.624+0000] {logging_mixin.py:137} INFO - Roger Huynh
[2023-02-01T19:11:18.626+0000] {logging_mixin.py:137} INFO - Christopher Zamora
[2023-02-01T19:11:18.629+0000] {logging_mixin.py:137} INFO - Joyce Crawford
[2023-02-01T19:11:18.632+0000] {logging_mixin.py:137} INFO - Angela Smith
[2023-02-01T19:11:18.647+0000] {logging_mixin.py:137} INFO - Veronica Robinson
[2023-02-01T19:11:18.651+0000] {logging_mixin.py:137} INFO - Christopher Bates
[2023-02-01T19:11:18.654+0000] {logging_mixin.py:137} INFO - Steve Stone
[2023-02-01T19:11:18.660+0000] {logging_mixin.py:137} INFO - William Cook
[2023-02-01T19:11:18.667+0000] {logging_mixin.py:137} INFO - Lori Wood
[2023-02-01T19:11:18.671+0000] {logging_mixin.py:137} INFO - Jillian Reynolds
[2023-02-01T19:11:18.673+0000] {logging_mixin.py:137} INFO - Angela Caldwell
[2023-02-01T19:11:18.676+0000] {logging_mixin.py:137} INFO - Shane Campbell
[2023-02-01T19:11:18.678+0000] {logging_mixin.py:137} INFO - Karen Lawrence
[2023-02-01T19:11:18.683+0000] {logging_mixin.py:137} INFO - Kimberly Wood
[2023-02-01T19:11:18.687+0000] {logging_mixin.py:137} INFO - Samantha Lopez
[2023-02-01T19:11:18.689+0000] {logging_mixin.py:137} INFO - Harold Miller
[2023-02-01T19:11:18.691+0000] {logging_mixin.py:137} INFO - Raymond Cooper DVM
[2023-02-01T19:11:18.697+0000] {logging_mixin.py:137} INFO - Kristen Patel
[2023-02-01T19:11:18.699+0000] {logging_mixin.py:137} INFO - Anthony Mejia
[2023-02-01T19:11:18.702+0000] {logging_mixin.py:137} INFO - Raymond Thomas
[2023-02-01T19:11:18.705+0000] {logging_mixin.py:137} INFO - Scott Young
[2023-02-01T19:11:18.707+0000] {logging_mixin.py:137} INFO - David Larson
[2023-02-01T19:11:18.708+0000] {logging_mixin.py:137} INFO - Jon Murray
[2023-02-01T19:11:18.710+0000] {logging_mixin.py:137} INFO - Stephen Taylor
[2023-02-01T19:11:18.715+0000] {logging_mixin.py:137} INFO - Jennifer Hernandez
[2023-02-01T19:11:18.720+0000] {logging_mixin.py:137} INFO - Stacy Smith
[2023-02-01T19:11:18.725+0000] {logging_mixin.py:137} INFO - Juan Owens
[2023-02-01T19:11:18.740+0000] {logging_mixin.py:137} INFO - Brian Adkins
[2023-02-01T19:11:18.744+0000] {logging_mixin.py:137} INFO - Jesse Wells
[2023-02-01T19:11:18.750+0000] {logging_mixin.py:137} INFO - Kyle Matthews
[2023-02-01T19:11:18.753+0000] {logging_mixin.py:137} INFO - Dustin Russell
[2023-02-01T19:11:18.756+0000] {logging_mixin.py:137} INFO - Richard White
[2023-02-01T19:11:18.763+0000] {logging_mixin.py:137} INFO - Brittany Nichols
[2023-02-01T19:11:18.770+0000] {logging_mixin.py:137} INFO - Colton Kelly
[2023-02-01T19:11:18.777+0000] {logging_mixin.py:137} INFO - William Perry
[2023-02-01T19:11:18.781+0000] {logging_mixin.py:137} INFO - Thomas Cummings
[2023-02-01T19:11:18.786+0000] {logging_mixin.py:137} INFO - Timothy Ballard
[2023-02-01T19:11:18.791+0000] {logging_mixin.py:137} INFO - Richard Washington
[2023-02-01T19:11:18.795+0000] {logging_mixin.py:137} INFO - Joshua Lam
[2023-02-01T19:11:18.800+0000] {logging_mixin.py:137} INFO - Grant Jackson
[2023-02-01T19:11:18.803+0000] {logging_mixin.py:137} INFO - Erin Baker
[2023-02-01T19:11:18.812+0000] {logging_mixin.py:137} INFO - Scott Flowers
[2023-02-01T19:11:18.817+0000] {logging_mixin.py:137} INFO - James Adams
[2023-02-01T19:11:18.820+0000] {logging_mixin.py:137} INFO - Heather Alvarado
[2023-02-01T19:11:18.827+0000] {logging_mixin.py:137} INFO - Jennifer Snow
[2023-02-01T19:11:18.832+0000] {logging_mixin.py:137} INFO - Mario Jackson
[2023-02-01T19:11:18.834+0000] {logging_mixin.py:137} INFO - Kevin Collins
[2023-02-01T19:11:18.836+0000] {logging_mixin.py:137} INFO - Danielle Garcia
[2023-02-01T19:11:18.841+0000] {logging_mixin.py:137} INFO - Brenda Jackson
[2023-02-01T19:11:18.844+0000] {logging_mixin.py:137} INFO - Ashley Parker
[2023-02-01T19:11:18.847+0000] {logging_mixin.py:137} INFO - Angela Hickman
[2023-02-01T19:11:18.865+0000] {logging_mixin.py:137} INFO - Carol Rodriguez
[2023-02-01T19:11:18.875+0000] {logging_mixin.py:137} INFO - Vernon Anderson
[2023-02-01T19:11:18.878+0000] {logging_mixin.py:137} INFO - Jesus Church
[2023-02-01T19:11:18.889+0000] {logging_mixin.py:137} INFO - Michelle Medina
[2023-02-01T19:11:18.896+0000] {logging_mixin.py:137} INFO - Nancy Bryant
[2023-02-01T19:11:18.902+0000] {logging_mixin.py:137} INFO - Jennifer Martinez
[2023-02-01T19:11:18.909+0000] {logging_mixin.py:137} INFO - Amy Dougherty
[2023-02-01T19:11:18.920+0000] {logging_mixin.py:137} INFO - Alexis Sanders
[2023-02-01T19:11:18.943+0000] {logging_mixin.py:137} INFO - Austin Salazar
[2023-02-01T19:11:18.946+0000] {logging_mixin.py:137} INFO - Amy Williams
[2023-02-01T19:11:18.966+0000] {logging_mixin.py:137} INFO - Richard Haynes
[2023-02-01T19:11:18.971+0000] {logging_mixin.py:137} INFO - Christine Stark
[2023-02-01T19:11:18.975+0000] {logging_mixin.py:137} INFO - Anita Medina
[2023-02-01T19:11:18.977+0000] {logging_mixin.py:137} INFO - Mr. Thomas Duran
[2023-02-01T19:11:18.979+0000] {logging_mixin.py:137} INFO - Mr. Russell Peterson
[2023-02-01T19:11:18.983+0000] {logging_mixin.py:137} INFO - Jack Richard
[2023-02-01T19:11:18.985+0000] {logging_mixin.py:137} INFO - Michelle Erickson
[2023-02-01T19:11:18.990+0000] {logging_mixin.py:137} INFO - Mitchell Williams
[2023-02-01T19:11:18.999+0000] {logging_mixin.py:137} INFO - Adrian Herrera
[2023-02-01T19:11:19.007+0000] {logging_mixin.py:137} INFO - Michael Brady
[2023-02-01T19:11:19.010+0000] {logging_mixin.py:137} INFO - Jamie Zhang
[2023-02-01T19:11:19.012+0000] {logging_mixin.py:137} INFO - Helen Brennan
[2023-02-01T19:11:19.014+0000] {logging_mixin.py:137} INFO - John Myers
[2023-02-01T19:11:19.017+0000] {logging_mixin.py:137} INFO - Patricia Nash
[2023-02-01T19:11:19.019+0000] {logging_mixin.py:137} INFO - Michael Johnson
[2023-02-01T19:11:19.022+0000] {logging_mixin.py:137} INFO - Anita Berger
[2023-02-01T19:11:19.024+0000] {logging_mixin.py:137} INFO - Jason Guerrero DVM
[2023-02-01T19:11:19.026+0000] {logging_mixin.py:137} INFO - Kimberly Davis
[2023-02-01T19:11:19.027+0000] {logging_mixin.py:137} INFO - Bryan Hansen
[2023-02-01T19:11:19.029+0000] {logging_mixin.py:137} INFO - Rebecca Obrien
[2023-02-01T19:11:19.030+0000] {logging_mixin.py:137} INFO - Sarah Santiago
[2023-02-01T19:11:19.032+0000] {logging_mixin.py:137} INFO - Christine Lane
[2023-02-01T19:11:19.035+0000] {logging_mixin.py:137} INFO - Jerry Lewis
[2023-02-01T19:11:19.040+0000] {logging_mixin.py:137} INFO - Stephanie Miller
[2023-02-01T19:11:19.042+0000] {logging_mixin.py:137} INFO - Kristi Bradley
[2023-02-01T19:11:19.045+0000] {logging_mixin.py:137} INFO - Darren Moore
[2023-02-01T19:11:19.048+0000] {logging_mixin.py:137} INFO - Kristina Cunningham
[2023-02-01T19:11:19.051+0000] {logging_mixin.py:137} INFO - Laurie Moore
[2023-02-01T19:11:19.054+0000] {logging_mixin.py:137} INFO - Aaron Lewis
[2023-02-01T19:11:19.061+0000] {logging_mixin.py:137} INFO - Theresa Vang
[2023-02-01T19:11:19.063+0000] {logging_mixin.py:137} INFO - Chase Reese
[2023-02-01T19:11:19.068+0000] {logging_mixin.py:137} INFO - Matthew Ferguson
[2023-02-01T19:11:19.073+0000] {logging_mixin.py:137} INFO - Victoria Lewis
[2023-02-01T19:11:19.075+0000] {logging_mixin.py:137} INFO - Jon Scott
[2023-02-01T19:11:19.080+0000] {logging_mixin.py:137} INFO - Lisa Campbell
[2023-02-01T19:11:19.083+0000] {logging_mixin.py:137} INFO - David Ramirez
[2023-02-01T19:11:19.086+0000] {logging_mixin.py:137} INFO - Gabriel Rosario
[2023-02-01T19:11:19.090+0000] {logging_mixin.py:137} INFO - Kristi Johnson
[2023-02-01T19:11:19.092+0000] {logging_mixin.py:137} INFO - Jennifer Schwartz
[2023-02-01T19:11:19.099+0000] {logging_mixin.py:137} INFO - Daniel Norton
[2023-02-01T19:11:19.101+0000] {logging_mixin.py:137} INFO - Richard Montoya
[2023-02-01T19:11:19.112+0000] {logging_mixin.py:137} INFO - Daniel Norris
[2023-02-01T19:11:19.115+0000] {logging_mixin.py:137} INFO - Chad Taylor
[2023-02-01T19:11:19.117+0000] {logging_mixin.py:137} INFO - Angie Allen
[2023-02-01T19:11:19.120+0000] {logging_mixin.py:137} INFO - Michael Brooks
[2023-02-01T19:11:19.122+0000] {logging_mixin.py:137} INFO - Hannah Poole
[2023-02-01T19:11:19.124+0000] {logging_mixin.py:137} INFO - Caitlin Ray
[2023-02-01T19:11:19.126+0000] {logging_mixin.py:137} INFO - Mr. Steven Gardner
[2023-02-01T19:11:19.130+0000] {logging_mixin.py:137} INFO - Jennifer Macdonald
[2023-02-01T19:11:19.135+0000] {logging_mixin.py:137} INFO - Vanessa Small
[2023-02-01T19:11:19.141+0000] {logging_mixin.py:137} INFO - Dennis Gray
[2023-02-01T19:11:19.151+0000] {logging_mixin.py:137} INFO - Sandra Kirk
[2023-02-01T19:11:19.158+0000] {logging_mixin.py:137} INFO - Jason Wagner
[2023-02-01T19:11:19.163+0000] {logging_mixin.py:137} INFO - David Owen
[2023-02-01T19:11:19.164+0000] {logging_mixin.py:137} INFO - Rose Terrell
[2023-02-01T19:11:19.166+0000] {logging_mixin.py:137} INFO - James Green MD
[2023-02-01T19:11:19.170+0000] {logging_mixin.py:137} INFO - Tammy Patel
[2023-02-01T19:11:19.172+0000] {logging_mixin.py:137} INFO - Joseph Lucero
[2023-02-01T19:11:19.174+0000] {logging_mixin.py:137} INFO - Stephanie Rojas
[2023-02-01T19:11:19.177+0000] {logging_mixin.py:137} INFO - Brittany Johnson
[2023-02-01T19:11:19.178+0000] {logging_mixin.py:137} INFO - Christina Cummings
[2023-02-01T19:11:19.180+0000] {logging_mixin.py:137} INFO - Eric Downs
[2023-02-01T19:11:19.183+0000] {logging_mixin.py:137} INFO - Paul Finley
[2023-02-01T19:11:19.187+0000] {logging_mixin.py:137} INFO - Danielle Jackson
[2023-02-01T19:11:19.190+0000] {logging_mixin.py:137} INFO - Anna Johnston
[2023-02-01T19:11:19.197+0000] {logging_mixin.py:137} INFO - Ashlee Hodges
[2023-02-01T19:11:19.199+0000] {logging_mixin.py:137} INFO - Thomas Francis
[2023-02-01T19:11:19.200+0000] {logging_mixin.py:137} INFO - Cody Baird
[2023-02-01T19:11:19.210+0000] {logging_mixin.py:137} INFO - Jeffrey Walter
[2023-02-01T19:11:19.221+0000] {logging_mixin.py:137} INFO - Hannah West
[2023-02-01T19:11:19.231+0000] {logging_mixin.py:137} INFO - Anthony Byrd
[2023-02-01T19:11:19.233+0000] {logging_mixin.py:137} INFO - Julie Ramirez
[2023-02-01T19:11:19.235+0000] {logging_mixin.py:137} INFO - Seth Peters
[2023-02-01T19:11:19.237+0000] {logging_mixin.py:137} INFO - Keith Salas
[2023-02-01T19:11:19.239+0000] {logging_mixin.py:137} INFO - Kathryn Evans
[2023-02-01T19:11:19.241+0000] {logging_mixin.py:137} INFO - Dr. Maria Scott
[2023-02-01T19:11:19.247+0000] {logging_mixin.py:137} INFO - Brenda Thomas
[2023-02-01T19:11:19.250+0000] {logging_mixin.py:137} INFO - Travis Douglas
[2023-02-01T19:11:19.253+0000] {logging_mixin.py:137} INFO - Kurt Santos
[2023-02-01T19:11:19.258+0000] {logging_mixin.py:137} INFO - Sean Parrish
[2023-02-01T19:11:19.262+0000] {logging_mixin.py:137} INFO - Brittany Walls
[2023-02-01T19:11:19.266+0000] {logging_mixin.py:137} INFO - Gail Brooks
[2023-02-01T19:11:19.267+0000] {logging_mixin.py:137} INFO - Valerie Johnson
[2023-02-01T19:11:19.281+0000] {logging_mixin.py:137} INFO - Jessica Dunn
[2023-02-01T19:11:19.285+0000] {logging_mixin.py:137} INFO - Chad Robinson
[2023-02-01T19:11:19.290+0000] {logging_mixin.py:137} INFO - Catherine Combs
[2023-02-01T19:11:19.296+0000] {logging_mixin.py:137} INFO - Joshua Boyd
[2023-02-01T19:11:19.303+0000] {logging_mixin.py:137} INFO - Alicia Barnett DVM
[2023-02-01T19:11:19.308+0000] {logging_mixin.py:137} INFO - Kevin Cervantes
[2023-02-01T19:11:19.313+0000] {logging_mixin.py:137} INFO - Larry Lester
[2023-02-01T19:11:19.320+0000] {logging_mixin.py:137} INFO - Deanna Espinoza
[2023-02-01T19:11:19.322+0000] {logging_mixin.py:137} INFO - Marilyn Davis
[2023-02-01T19:11:19.331+0000] {logging_mixin.py:137} INFO - Michael Weeks
[2023-02-01T19:11:19.342+0000] {logging_mixin.py:137} INFO - Brandon Stanton
[2023-02-01T19:11:19.347+0000] {logging_mixin.py:137} INFO - Ryan Boyer Jr.
[2023-02-01T19:11:19.350+0000] {logging_mixin.py:137} INFO - Amanda Elliott
[2023-02-01T19:11:19.357+0000] {logging_mixin.py:137} INFO - David Moore
[2023-02-01T19:11:19.366+0000] {logging_mixin.py:137} INFO - Andre Williams
[2023-02-01T19:11:19.377+0000] {logging_mixin.py:137} INFO - Jennifer Garcia
[2023-02-01T19:11:19.383+0000] {logging_mixin.py:137} INFO - Tracey Cook
[2023-02-01T19:11:19.387+0000] {logging_mixin.py:137} INFO - Michael Turner
[2023-02-01T19:11:19.390+0000] {logging_mixin.py:137} INFO - Diana Long
[2023-02-01T19:11:19.398+0000] {logging_mixin.py:137} INFO - John Bradley
[2023-02-01T19:11:19.402+0000] {logging_mixin.py:137} INFO - Ann Benjamin
[2023-02-01T19:11:19.405+0000] {logging_mixin.py:137} INFO - Shane House
[2023-02-01T19:11:19.409+0000] {logging_mixin.py:137} INFO - Erin Lee
[2023-02-01T19:11:19.414+0000] {logging_mixin.py:137} INFO - Joseph Gray
[2023-02-01T19:11:19.416+0000] {logging_mixin.py:137} INFO - Betty Gibson
[2023-02-01T19:11:19.418+0000] {logging_mixin.py:137} INFO - Kristen Graham
[2023-02-01T19:11:19.420+0000] {logging_mixin.py:137} INFO - Daniel Meza
[2023-02-01T19:11:19.421+0000] {logging_mixin.py:137} INFO - Sherri Carpenter
[2023-02-01T19:11:19.423+0000] {logging_mixin.py:137} INFO - Andrea Sanchez
[2023-02-01T19:11:19.427+0000] {logging_mixin.py:137} INFO - Jordan Rios
[2023-02-01T19:11:19.428+0000] {logging_mixin.py:137} INFO - Elizabeth Jackson
[2023-02-01T19:11:19.431+0000] {logging_mixin.py:137} INFO - Elizabeth Myers
[2023-02-01T19:11:19.434+0000] {logging_mixin.py:137} INFO - Juan Barnes
[2023-02-01T19:11:19.435+0000] {logging_mixin.py:137} INFO - Christopher Lozano
[2023-02-01T19:11:19.437+0000] {logging_mixin.py:137} INFO - Jacqueline Griffin
[2023-02-01T19:11:19.439+0000] {logging_mixin.py:137} INFO - Ryan Mason
[2023-02-01T19:11:19.442+0000] {logging_mixin.py:137} INFO - Jonathan Moore
[2023-02-01T19:11:19.443+0000] {logging_mixin.py:137} INFO - Abigail Landry
[2023-02-01T19:11:19.445+0000] {logging_mixin.py:137} INFO - Brenda Hernandez
[2023-02-01T19:11:19.447+0000] {logging_mixin.py:137} INFO - Zachary Pitts
[2023-02-01T19:11:19.448+0000] {logging_mixin.py:137} INFO - Amanda Rogers
[2023-02-01T19:11:19.449+0000] {logging_mixin.py:137} INFO - Cynthia Gray
[2023-02-01T19:11:19.452+0000] {logging_mixin.py:137} INFO - Tyler Barajas
[2023-02-01T19:11:19.455+0000] {logging_mixin.py:137} INFO - Michelle Leon
[2023-02-01T19:11:19.457+0000] {logging_mixin.py:137} INFO - Kathy Lang
[2023-02-01T19:11:19.463+0000] {logging_mixin.py:137} INFO - Scott Townsend MD
[2023-02-01T19:11:19.465+0000] {logging_mixin.py:137} INFO - Theresa Acosta
[2023-02-01T19:11:19.469+0000] {logging_mixin.py:137} INFO - David Jones
[2023-02-01T19:11:19.472+0000] {logging_mixin.py:137} INFO - Jeremy Robinson
[2023-02-01T19:11:19.480+0000] {logging_mixin.py:137} INFO - James Newton
[2023-02-01T19:11:19.483+0000] {logging_mixin.py:137} INFO - Tracey Wells
[2023-02-01T19:11:19.489+0000] {logging_mixin.py:137} INFO - Maria Nelson
[2023-02-01T19:11:19.497+0000] {logging_mixin.py:137} INFO - Christopher Griffith
[2023-02-01T19:11:19.499+0000] {logging_mixin.py:137} INFO - Zachary Griffin
[2023-02-01T19:11:19.503+0000] {logging_mixin.py:137} INFO - Amy Nguyen
[2023-02-01T19:11:19.509+0000] {logging_mixin.py:137} INFO - April Williams
[2023-02-01T19:11:19.511+0000] {logging_mixin.py:137} INFO - Marissa Kelly
[2023-02-01T19:11:19.512+0000] {logging_mixin.py:137} INFO - Brian Lopez PhD
[2023-02-01T19:11:19.515+0000] {logging_mixin.py:137} INFO - William Williams
[2023-02-01T19:11:19.518+0000] {logging_mixin.py:137} INFO - Norman Brown
[2023-02-01T19:11:19.522+0000] {logging_mixin.py:137} INFO - Charles Fuentes
[2023-02-01T19:11:19.524+0000] {logging_mixin.py:137} INFO - Anthony Chang
[2023-02-01T19:11:19.525+0000] {logging_mixin.py:137} INFO - Mary Bell
[2023-02-01T19:11:19.532+0000] {logging_mixin.py:137} INFO - Elizabeth Stuart
[2023-02-01T19:11:19.534+0000] {logging_mixin.py:137} INFO - Mary Mcdonald
[2023-02-01T19:11:19.544+0000] {logging_mixin.py:137} INFO - Martin Harrison
[2023-02-01T19:11:19.546+0000] {logging_mixin.py:137} INFO - Stephanie Fernandez
[2023-02-01T19:11:19.551+0000] {logging_mixin.py:137} INFO - Christopher Brown
[2023-02-01T19:11:19.554+0000] {logging_mixin.py:137} INFO - Alexander Stephenson
[2023-02-01T19:11:19.557+0000] {logging_mixin.py:137} INFO - Grace Diaz
[2023-02-01T19:11:19.570+0000] {logging_mixin.py:137} INFO - Frank Bartlett
[2023-02-01T19:11:19.575+0000] {logging_mixin.py:137} INFO - Audrey Andersen
[2023-02-01T19:11:19.577+0000] {logging_mixin.py:137} INFO - David Green
[2023-02-01T19:11:19.578+0000] {logging_mixin.py:137} INFO - Joshua Diaz Jr.
[2023-02-01T19:11:19.580+0000] {logging_mixin.py:137} INFO - Emily Garcia
[2023-02-01T19:11:19.582+0000] {logging_mixin.py:137} INFO - Devin Hall
[2023-02-01T19:11:19.585+0000] {logging_mixin.py:137} INFO - Phillip Garner
[2023-02-01T19:11:19.596+0000] {logging_mixin.py:137} INFO - Katherine Estrada
[2023-02-01T19:11:19.598+0000] {logging_mixin.py:137} INFO - Corey Saunders
[2023-02-01T19:11:19.600+0000] {logging_mixin.py:137} INFO - Kimberly Collins
[2023-02-01T19:11:19.603+0000] {logging_mixin.py:137} INFO - Amy Elliott
[2023-02-01T19:11:19.611+0000] {logging_mixin.py:137} INFO - Tanya Jones
[2023-02-01T19:11:19.614+0000] {logging_mixin.py:137} INFO - Patricia Gonzalez
[2023-02-01T19:11:19.616+0000] {logging_mixin.py:137} INFO - Jennifer Hill
[2023-02-01T19:11:19.621+0000] {logging_mixin.py:137} INFO - John Haynes
[2023-02-01T19:11:19.623+0000] {logging_mixin.py:137} INFO - Jacob Henry
[2023-02-01T19:11:19.626+0000] {logging_mixin.py:137} INFO - Daniel Clark
[2023-02-01T19:11:19.632+0000] {logging_mixin.py:137} INFO - Jonathon Taylor
[2023-02-01T19:11:19.638+0000] {logging_mixin.py:137} INFO - Jesse Evans
[2023-02-01T19:11:19.644+0000] {logging_mixin.py:137} INFO - James Martinez
[2023-02-01T19:11:19.647+0000] {logging_mixin.py:137} INFO - Kyle Reyes
[2023-02-01T19:11:19.652+0000] {logging_mixin.py:137} INFO - Terrence Barker
[2023-02-01T19:11:19.653+0000] {logging_mixin.py:137} INFO - Anthony Washington
[2023-02-01T19:11:19.655+0000] {logging_mixin.py:137} INFO - Dustin Le
[2023-02-01T19:11:19.657+0000] {logging_mixin.py:137} INFO - Bruce Clark
[2023-02-01T19:11:19.661+0000] {logging_mixin.py:137} INFO - Keith Anthony
[2023-02-01T19:11:19.677+0000] {logging_mixin.py:137} INFO - Jeremiah Stone
[2023-02-01T19:11:19.684+0000] {logging_mixin.py:137} INFO - Michael Haley
[2023-02-01T19:11:19.691+0000] {logging_mixin.py:137} INFO - Regina Carrillo
[2023-02-01T19:11:19.699+0000] {logging_mixin.py:137} INFO - Jacob Lee
[2023-02-01T19:11:19.703+0000] {logging_mixin.py:137} INFO - Thomas Gonzalez
[2023-02-01T19:11:19.705+0000] {logging_mixin.py:137} INFO - Mark Lawrence
[2023-02-01T19:11:19.707+0000] {logging_mixin.py:137} INFO - Matthew Anderson
[2023-02-01T19:11:19.710+0000] {logging_mixin.py:137} INFO - Nicholas Young
[2023-02-01T19:11:19.722+0000] {logging_mixin.py:137} INFO - Melvin Martinez
[2023-02-01T19:11:19.725+0000] {logging_mixin.py:137} INFO - Scott Green
[2023-02-01T19:11:19.729+0000] {logging_mixin.py:137} INFO - Dana Richards
[2023-02-01T19:11:19.733+0000] {logging_mixin.py:137} INFO - Lauren Moore
[2023-02-01T19:11:19.745+0000] {logging_mixin.py:137} INFO - Terry Campbell
[2023-02-01T19:11:19.747+0000] {logging_mixin.py:137} INFO - Ralph Jordan
[2023-02-01T19:11:19.749+0000] {logging_mixin.py:137} INFO - Noah Reyes
[2023-02-01T19:11:19.751+0000] {logging_mixin.py:137} INFO - Mr. Gregory Mills MD
[2023-02-01T19:11:19.753+0000] {logging_mixin.py:137} INFO - Michelle Yates
[2023-02-01T19:11:19.755+0000] {logging_mixin.py:137} INFO - Robin Reyes
[2023-02-01T19:11:19.757+0000] {logging_mixin.py:137} INFO - Rebecca Smith
[2023-02-01T19:11:19.758+0000] {logging_mixin.py:137} INFO - Nicole Torres
[2023-02-01T19:11:19.760+0000] {logging_mixin.py:137} INFO - Ronald Jones
[2023-02-01T19:11:19.764+0000] {logging_mixin.py:137} INFO - Michael Castaneda
[2023-02-01T19:11:19.769+0000] {logging_mixin.py:137} INFO - Christopher Krueger
[2023-02-01T19:11:19.775+0000] {logging_mixin.py:137} INFO - Jennifer Werner
[2023-02-01T19:11:19.781+0000] {logging_mixin.py:137} INFO - Ashley Smith
[2023-02-01T19:11:19.784+0000] {logging_mixin.py:137} INFO - Alyssa Fields
[2023-02-01T19:11:19.787+0000] {logging_mixin.py:137} INFO - John Scott
[2023-02-01T19:11:19.803+0000] {logging_mixin.py:137} INFO - Debra Delacruz
[2023-02-01T19:11:19.820+0000] {logging_mixin.py:137} INFO - James Madden
[2023-02-01T19:11:19.842+0000] {logging_mixin.py:137} INFO - Joseph Gentry
[2023-02-01T19:11:19.859+0000] {logging_mixin.py:137} INFO - Ashley Cabrera
[2023-02-01T19:11:19.869+0000] {logging_mixin.py:137} INFO - Jennifer Fernandez
[2023-02-01T19:11:19.872+0000] {logging_mixin.py:137} INFO - James Harris
[2023-02-01T19:11:19.873+0000] {logging_mixin.py:137} INFO - Candice Young
[2023-02-01T19:11:19.884+0000] {logging_mixin.py:137} INFO - Lisa Baker
[2023-02-01T19:11:19.892+0000] {logging_mixin.py:137} INFO - Brian Mills DDS
[2023-02-01T19:11:19.895+0000] {logging_mixin.py:137} INFO - Kristin Smith
[2023-02-01T19:11:19.898+0000] {logging_mixin.py:137} INFO - Jacob Collins
[2023-02-01T19:11:19.902+0000] {logging_mixin.py:137} INFO - Kimberly Harris
[2023-02-01T19:11:19.911+0000] {logging_mixin.py:137} INFO - Michael Hull
[2023-02-01T19:11:19.929+0000] {logging_mixin.py:137} INFO - Caitlin Todd
[2023-02-01T19:11:19.934+0000] {logging_mixin.py:137} INFO - Lisa Harris
[2023-02-01T19:11:19.940+0000] {logging_mixin.py:137} INFO - Mrs. Ann Stone
[2023-02-01T19:11:19.942+0000] {logging_mixin.py:137} INFO - Michelle Case
[2023-02-01T19:11:19.945+0000] {logging_mixin.py:137} INFO - Joe Lowe
[2023-02-01T19:11:19.947+0000] {logging_mixin.py:137} INFO - Randall Dunn
[2023-02-01T19:11:19.952+0000] {logging_mixin.py:137} INFO - Paula Vargas
[2023-02-01T19:11:19.955+0000] {logging_mixin.py:137} INFO - Daniel Walker
[2023-02-01T19:11:19.964+0000] {logging_mixin.py:137} INFO - James Jackson
[2023-02-01T19:11:19.968+0000] {logging_mixin.py:137} INFO - Shirley Woodard
[2023-02-01T19:11:19.973+0000] {logging_mixin.py:137} INFO - James Hayes
[2023-02-01T19:11:19.978+0000] {logging_mixin.py:137} INFO - Megan Austin
[2023-02-01T19:11:19.984+0000] {logging_mixin.py:137} INFO - Erin Robertson
[2023-02-01T19:11:19.988+0000] {logging_mixin.py:137} INFO - Robert Phillips
[2023-02-01T19:11:19.996+0000] {logging_mixin.py:137} INFO - Amy Torres
[2023-02-01T19:11:20.010+0000] {logging_mixin.py:137} INFO - Joshua Cox
[2023-02-01T19:11:20.013+0000] {logging_mixin.py:137} INFO - Duane Grimes
[2023-02-01T19:11:20.029+0000] {logging_mixin.py:137} INFO - Jennifer Burgess
[2023-02-01T19:11:20.037+0000] {logging_mixin.py:137} INFO - Carlos Duran
[2023-02-01T19:11:20.053+0000] {logging_mixin.py:137} INFO - Jason Johnson
[2023-02-01T19:11:20.071+0000] {logging_mixin.py:137} INFO - Cameron Greer
[2023-02-01T19:11:20.081+0000] {logging_mixin.py:137} INFO - Randall Williams
[2023-02-01T19:11:20.086+0000] {logging_mixin.py:137} INFO - Jessica Harris
[2023-02-01T19:11:20.094+0000] {logging_mixin.py:137} INFO - Joshua Rogers
[2023-02-01T19:11:20.108+0000] {logging_mixin.py:137} INFO - Jose Mahoney
[2023-02-01T19:11:20.114+0000] {logging_mixin.py:137} INFO - Brandy Fuentes
[2023-02-01T19:11:20.122+0000] {logging_mixin.py:137} INFO - Angelica Matthews
[2023-02-01T19:11:20.127+0000] {logging_mixin.py:137} INFO - Glenn Caldwell
[2023-02-01T19:11:20.135+0000] {logging_mixin.py:137} INFO - Cristian Delacruz
[2023-02-01T19:11:20.150+0000] {logging_mixin.py:137} INFO - Alexandra Price
[2023-02-01T19:11:20.153+0000] {logging_mixin.py:137} INFO - Heather Wilson
[2023-02-01T19:11:20.164+0000] {logging_mixin.py:137} INFO - Shawn Thompson
[2023-02-01T19:11:20.182+0000] {logging_mixin.py:137} INFO - Anna Daniel
[2023-02-01T19:11:20.191+0000] {logging_mixin.py:137} INFO - Joseph Cisneros
[2023-02-01T19:11:20.197+0000] {logging_mixin.py:137} INFO - Rebecca Estes
[2023-02-01T19:11:20.202+0000] {logging_mixin.py:137} INFO - Jeremy Porter
[2023-02-01T19:11:20.209+0000] {logging_mixin.py:137} INFO - Lisa Mann
[2023-02-01T19:11:20.212+0000] {logging_mixin.py:137} INFO - Michael Woods
[2023-02-01T19:11:20.216+0000] {logging_mixin.py:137} INFO - Madison Thompson
[2023-02-01T19:11:20.218+0000] {logging_mixin.py:137} INFO - Nancy Gomez
[2023-02-01T19:11:20.221+0000] {logging_mixin.py:137} INFO - Julie Blanchard
[2023-02-01T19:11:20.224+0000] {logging_mixin.py:137} INFO - Michael Smith
[2023-02-01T19:11:20.230+0000] {logging_mixin.py:137} INFO - Angel Huber
[2023-02-01T19:11:20.236+0000] {logging_mixin.py:137} INFO - Michael Coffey
[2023-02-01T19:11:20.240+0000] {logging_mixin.py:137} INFO - Patrick Walter
[2023-02-01T19:11:20.242+0000] {logging_mixin.py:137} INFO - Curtis Davis
[2023-02-01T19:11:20.258+0000] {logging_mixin.py:137} INFO - Kyle Stewart
[2023-02-01T19:11:20.261+0000] {logging_mixin.py:137} INFO - Angela Jimenez
[2023-02-01T19:11:20.266+0000] {logging_mixin.py:137} INFO - Andrew Martinez
[2023-02-01T19:11:20.271+0000] {logging_mixin.py:137} INFO - Angela West
[2023-02-01T19:11:20.283+0000] {logging_mixin.py:137} INFO - Ryan Young
[2023-02-01T19:11:20.289+0000] {logging_mixin.py:137} INFO - Nathaniel Evans
[2023-02-01T19:11:20.296+0000] {logging_mixin.py:137} INFO - Dawn Bryant
[2023-02-01T19:11:20.307+0000] {logging_mixin.py:137} INFO - Danielle Lewis
[2023-02-01T19:11:20.309+0000] {logging_mixin.py:137} INFO - Matthew Newman
[2023-02-01T19:11:20.313+0000] {logging_mixin.py:137} INFO - Robert Smith
[2023-02-01T19:11:20.315+0000] {logging_mixin.py:137} INFO - Melissa Hicks
[2023-02-01T19:11:20.318+0000] {logging_mixin.py:137} INFO - Emily Lambert
[2023-02-01T19:11:20.320+0000] {logging_mixin.py:137} INFO - Krystal Wolfe
[2023-02-01T19:11:20.322+0000] {logging_mixin.py:137} INFO - Donna Murillo
[2023-02-01T19:11:20.324+0000] {logging_mixin.py:137} INFO - Carl Hudson
[2023-02-01T19:11:20.328+0000] {logging_mixin.py:137} INFO - Robert Wilson
[2023-02-01T19:11:20.334+0000] {logging_mixin.py:137} INFO - Patrick Mathis
[2023-02-01T19:11:20.336+0000] {logging_mixin.py:137} INFO - Michael Suarez
[2023-02-01T19:11:20.340+0000] {logging_mixin.py:137} INFO - David Johnson
[2023-02-01T19:11:20.349+0000] {logging_mixin.py:137} INFO - William Thompson
[2023-02-01T19:11:20.358+0000] {logging_mixin.py:137} INFO - Jessica Hansen DVM
[2023-02-01T19:11:20.366+0000] {logging_mixin.py:137} INFO - Katherine Friedman
[2023-02-01T19:11:20.402+0000] {logging_mixin.py:137} INFO - Jillian Johnson
[2023-02-01T19:11:20.407+0000] {logging_mixin.py:137} INFO - Robert Mckee
[2023-02-01T19:11:20.412+0000] {logging_mixin.py:137} INFO - Rachel Little
[2023-02-01T19:11:20.416+0000] {logging_mixin.py:137} INFO - Patricia Smith
[2023-02-01T19:11:20.418+0000] {logging_mixin.py:137} INFO - Heidi Martinez
[2023-02-01T19:11:20.420+0000] {logging_mixin.py:137} INFO - Caitlin Solomon
[2023-02-01T19:11:20.423+0000] {logging_mixin.py:137} INFO - Dr. Olivia Pugh
[2023-02-01T19:11:20.426+0000] {logging_mixin.py:137} INFO - John Steele DDS
[2023-02-01T19:11:20.429+0000] {logging_mixin.py:137} INFO - Jeremy Mathews
[2023-02-01T19:11:20.433+0000] {logging_mixin.py:137} INFO - Tiffany Hill
[2023-02-01T19:11:20.436+0000] {logging_mixin.py:137} INFO - Steven Edwards
[2023-02-01T19:11:20.443+0000] {logging_mixin.py:137} INFO - Charles Campbell
[2023-02-01T19:11:20.445+0000] {logging_mixin.py:137} INFO - Brett Hughes
[2023-02-01T19:11:20.446+0000] {logging_mixin.py:137} INFO - Christina Villegas
[2023-02-01T19:11:20.448+0000] {logging_mixin.py:137} INFO - Anthony Garcia
[2023-02-01T19:11:20.450+0000] {logging_mixin.py:137} INFO - Nathan Murphy
[2023-02-01T19:11:20.453+0000] {logging_mixin.py:137} INFO - Steven Dodson
[2023-02-01T19:11:20.456+0000] {logging_mixin.py:137} INFO - Brian Sullivan
[2023-02-01T19:11:20.458+0000] {logging_mixin.py:137} INFO - Renee White
[2023-02-01T19:11:20.461+0000] {logging_mixin.py:137} INFO - Laura Rowland
[2023-02-01T19:11:20.468+0000] {logging_mixin.py:137} INFO - John Moore
[2023-02-01T19:11:20.470+0000] {logging_mixin.py:137} INFO - Sophia Mckenzie
[2023-02-01T19:11:20.472+0000] {logging_mixin.py:137} INFO - David Roach
[2023-02-01T19:11:20.476+0000] {logging_mixin.py:137} INFO - Jennifer Patterson
[2023-02-01T19:11:20.480+0000] {logging_mixin.py:137} INFO - James Richards
[2023-02-01T19:11:20.482+0000] {logging_mixin.py:137} INFO - Mary Johnston
[2023-02-01T19:11:20.483+0000] {logging_mixin.py:137} INFO - Brandon Mcdaniel
[2023-02-01T19:11:20.489+0000] {logging_mixin.py:137} INFO - Meghan Stevenson
[2023-02-01T19:11:20.491+0000] {logging_mixin.py:137} INFO - Luis Hayes
[2023-02-01T19:11:20.498+0000] {logging_mixin.py:137} INFO - Alejandra Sloan
[2023-02-01T19:11:20.500+0000] {logging_mixin.py:137} INFO - Dr. Sandra Miller
[2023-02-01T19:11:20.505+0000] {logging_mixin.py:137} INFO - Dustin Bond
[2023-02-01T19:11:20.517+0000] {logging_mixin.py:137} INFO - Julia Patrick MD
[2023-02-01T19:11:20.533+0000] {logging_mixin.py:137} INFO - Jill Campbell
[2023-02-01T19:11:20.551+0000] {logging_mixin.py:137} INFO - Mark Ford
[2023-02-01T19:11:20.557+0000] {logging_mixin.py:137} INFO - Brian Long
[2023-02-01T19:11:20.560+0000] {logging_mixin.py:137} INFO - Lisa Peterson
[2023-02-01T19:11:20.561+0000] {logging_mixin.py:137} INFO - Matthew Lee
[2023-02-01T19:11:20.580+0000] {logging_mixin.py:137} INFO - Bradley Miller
[2023-02-01T19:11:20.589+0000] {logging_mixin.py:137} INFO - Jeffrey Moss
[2023-02-01T19:11:20.593+0000] {logging_mixin.py:137} INFO - Sara Carlson
[2023-02-01T19:11:20.601+0000] {logging_mixin.py:137} INFO - Daniel Rodriguez
[2023-02-01T19:11:20.611+0000] {logging_mixin.py:137} INFO - Jeremy David
[2023-02-01T19:11:20.621+0000] {logging_mixin.py:137} INFO - Eric Green
[2023-02-01T19:11:20.629+0000] {logging_mixin.py:137} INFO - Alexis Jones
[2023-02-01T19:11:20.640+0000] {logging_mixin.py:137} INFO - Matthew Rose
[2023-02-01T19:11:20.650+0000] {logging_mixin.py:137} INFO - Catherine Anderson
[2023-02-01T19:11:20.654+0000] {logging_mixin.py:137} INFO - Holly Burton
[2023-02-01T19:11:20.656+0000] {logging_mixin.py:137} INFO - David Matthews
[2023-02-01T19:11:20.660+0000] {logging_mixin.py:137} INFO - Mrs. Kara Little
[2023-02-01T19:11:20.666+0000] {logging_mixin.py:137} INFO - Jeffrey Stanley
[2023-02-01T19:11:20.684+0000] {logging_mixin.py:137} INFO - James Ochoa
[2023-02-01T19:11:20.686+0000] {logging_mixin.py:137} INFO - Jason Frye
[2023-02-01T19:11:20.691+0000] {logging_mixin.py:137} INFO - Christopher Ellis
[2023-02-01T19:11:20.696+0000] {logging_mixin.py:137} INFO - Michelle Nixon
[2023-02-01T19:11:20.698+0000] {logging_mixin.py:137} INFO - Andrew Gill
[2023-02-01T19:11:20.705+0000] {logging_mixin.py:137} INFO - Jennifer Wilson
[2023-02-01T19:11:20.711+0000] {logging_mixin.py:137} INFO - Shawn Black
[2023-02-01T19:11:20.713+0000] {logging_mixin.py:137} INFO - April Patterson
[2023-02-01T19:11:20.715+0000] {logging_mixin.py:137} INFO - Troy Vaughn
[2023-02-01T19:11:20.719+0000] {logging_mixin.py:137} INFO - Alexandria White
[2023-02-01T19:11:20.725+0000] {logging_mixin.py:137} INFO - Scott Phillips
[2023-02-01T19:11:20.730+0000] {logging_mixin.py:137} INFO - Zachary Cisneros
[2023-02-01T19:11:20.743+0000] {logging_mixin.py:137} INFO - Deborah Brown
[2023-02-01T19:11:20.744+0000] {logging_mixin.py:137} INFO - Monica Moses
[2023-02-01T19:11:20.746+0000] {logging_mixin.py:137} INFO - Brenda Reyes
[2023-02-01T19:11:20.747+0000] {logging_mixin.py:137} INFO - Miss Renee Allen
[2023-02-01T19:11:20.749+0000] {logging_mixin.py:137} INFO - Susan Clark
[2023-02-01T19:11:20.752+0000] {logging_mixin.py:137} INFO - Brandy Coffey
[2023-02-01T19:11:20.754+0000] {logging_mixin.py:137} INFO - Brett Nelson
[2023-02-01T19:11:20.756+0000] {logging_mixin.py:137} INFO - Ricardo Young
[2023-02-01T19:11:20.762+0000] {logging_mixin.py:137} INFO - Paul Lee
[2023-02-01T19:11:20.763+0000] {logging_mixin.py:137} INFO - David Allen
[2023-02-01T19:11:20.767+0000] {logging_mixin.py:137} INFO - Andrea Knight
[2023-02-01T19:11:20.768+0000] {logging_mixin.py:137} INFO - James Gomez
[2023-02-01T19:11:20.770+0000] {logging_mixin.py:137} INFO - Melody Gibson
[2023-02-01T19:11:20.772+0000] {logging_mixin.py:137} INFO - Christina Martinez
[2023-02-01T19:11:20.775+0000] {logging_mixin.py:137} INFO - Shelby Smith
[2023-02-01T19:11:20.780+0000] {logging_mixin.py:137} INFO - Jason Howard
[2023-02-01T19:11:20.787+0000] {logging_mixin.py:137} INFO - Amy Davidson
[2023-02-01T19:11:20.790+0000] {logging_mixin.py:137} INFO - Kyle Copeland
[2023-02-01T19:11:20.793+0000] {logging_mixin.py:137} INFO - Madeline Davis
[2023-02-01T19:11:20.797+0000] {logging_mixin.py:137} INFO - Aaron Young
[2023-02-01T19:11:20.800+0000] {logging_mixin.py:137} INFO - Lisa Barrett
[2023-02-01T19:11:20.806+0000] {logging_mixin.py:137} INFO - Joel Jones
[2023-02-01T19:11:20.811+0000] {logging_mixin.py:137} INFO - Christine Evans
[2023-02-01T19:11:20.818+0000] {logging_mixin.py:137} INFO - Kimberly Johnson
[2023-02-01T19:11:20.824+0000] {logging_mixin.py:137} INFO - Charles Hess
[2023-02-01T19:11:20.829+0000] {logging_mixin.py:137} INFO - Paul Dixon
[2023-02-01T19:11:20.831+0000] {logging_mixin.py:137} INFO - Christopher Johnson
[2023-02-01T19:11:20.837+0000] {logging_mixin.py:137} INFO - Robert Dawson
[2023-02-01T19:11:20.845+0000] {logging_mixin.py:137} INFO - Ryan Dixon
[2023-02-01T19:11:20.847+0000] {logging_mixin.py:137} INFO - Julie Martinez
[2023-02-01T19:11:20.852+0000] {logging_mixin.py:137} INFO - David Adams
[2023-02-01T19:11:20.857+0000] {logging_mixin.py:137} INFO - Mariah Brown
[2023-02-01T19:11:20.864+0000] {logging_mixin.py:137} INFO - Deborah Malone
[2023-02-01T19:11:20.872+0000] {logging_mixin.py:137} INFO - John Brown
[2023-02-01T19:11:20.880+0000] {logging_mixin.py:137} INFO - Maria Stewart
[2023-02-01T19:11:20.890+0000] {logging_mixin.py:137} INFO - Mr. Bryan Hawkins
[2023-02-01T19:11:20.895+0000] {logging_mixin.py:137} INFO - Kyle Brooks
[2023-02-01T19:11:20.899+0000] {logging_mixin.py:137} INFO - Kenneth White
[2023-02-01T19:11:20.903+0000] {logging_mixin.py:137} INFO - Patricia Wilson
[2023-02-01T19:11:20.906+0000] {logging_mixin.py:137} INFO - Paul Soto
[2023-02-01T19:11:20.912+0000] {logging_mixin.py:137} INFO - Janice Garrett
[2023-02-01T19:11:20.915+0000] {logging_mixin.py:137} INFO - Randy Strickland
[2023-02-01T19:11:20.924+0000] {logging_mixin.py:137} INFO - Felicia Herrera
[2023-02-01T19:11:20.928+0000] {logging_mixin.py:137} INFO - Andre Campos
[2023-02-01T19:11:20.934+0000] {logging_mixin.py:137} INFO - Justin Meyer
[2023-02-01T19:11:20.944+0000] {logging_mixin.py:137} INFO - Brandon Brooks
[2023-02-01T19:11:20.946+0000] {logging_mixin.py:137} INFO - Abigail Rivera
[2023-02-01T19:11:20.953+0000] {logging_mixin.py:137} INFO - Jessica Mann
[2023-02-01T19:11:20.963+0000] {logging_mixin.py:137} INFO - Michael Sawyer
[2023-02-01T19:11:20.966+0000] {logging_mixin.py:137} INFO - Jeffrey Coleman
[2023-02-01T19:11:20.976+0000] {logging_mixin.py:137} INFO - Micheal Castro
[2023-02-01T19:11:20.982+0000] {logging_mixin.py:137} INFO - Laura Gonzalez
[2023-02-01T19:11:20.990+0000] {logging_mixin.py:137} INFO - Christopher Jackson
[2023-02-01T19:11:20.992+0000] {logging_mixin.py:137} INFO - William Mckenzie
[2023-02-01T19:11:20.994+0000] {logging_mixin.py:137} INFO - Kristina Rodriguez
[2023-02-01T19:11:20.997+0000] {logging_mixin.py:137} INFO - Kelli Williams
[2023-02-01T19:11:20.999+0000] {logging_mixin.py:137} INFO - Diane Norris
[2023-02-01T19:11:21.003+0000] {logging_mixin.py:137} INFO - Kevin Carroll
[2023-02-01T19:11:21.006+0000] {logging_mixin.py:137} INFO - Betty Weber
[2023-02-01T19:11:21.008+0000] {logging_mixin.py:137} INFO - Jeffery Robinson
[2023-02-01T19:11:21.012+0000] {logging_mixin.py:137} INFO - Hannah Cowan
[2023-02-01T19:11:21.018+0000] {logging_mixin.py:137} INFO - Brian Kramer
[2023-02-01T19:11:21.019+0000] {logging_mixin.py:137} INFO - Anthony Roberts
[2023-02-01T19:11:21.021+0000] {logging_mixin.py:137} INFO - Ricardo Blankenship
[2023-02-01T19:11:21.028+0000] {logging_mixin.py:137} INFO - Brooke Collins
[2023-02-01T19:11:21.039+0000] {logging_mixin.py:137} INFO - Tammy Lawson
[2023-02-01T19:11:21.049+0000] {logging_mixin.py:137} INFO - Cody Miller
[2023-02-01T19:11:21.052+0000] {logging_mixin.py:137} INFO - Dr. Janice Salazar
[2023-02-01T19:11:21.057+0000] {logging_mixin.py:137} INFO - David West
[2023-02-01T19:11:21.064+0000] {logging_mixin.py:137} INFO - Robin Carpenter
[2023-02-01T19:11:21.070+0000] {logging_mixin.py:137} INFO - Monique Wall
[2023-02-01T19:11:21.074+0000] {logging_mixin.py:137} INFO - Charles Cardenas
[2023-02-01T19:11:21.078+0000] {logging_mixin.py:137} INFO - Valerie Mitchell
[2023-02-01T19:11:21.084+0000] {logging_mixin.py:137} INFO - Michelle Valenzuela
[2023-02-01T19:11:21.086+0000] {logging_mixin.py:137} INFO - William Poole
[2023-02-01T19:11:21.092+0000] {logging_mixin.py:137} INFO - James Hall
[2023-02-01T19:11:21.105+0000] {logging_mixin.py:137} INFO - Dylan Carpenter
[2023-02-01T19:11:21.113+0000] {logging_mixin.py:137} INFO - Linda Medina
[2023-02-01T19:11:21.125+0000] {logging_mixin.py:137} INFO - Joan White
[2023-02-01T19:11:21.148+0000] {logging_mixin.py:137} INFO - Mary Klein
[2023-02-01T19:11:21.151+0000] {logging_mixin.py:137} INFO - Ashley Wolf
[2023-02-01T19:11:21.155+0000] {logging_mixin.py:137} INFO - William Reed
[2023-02-01T19:11:21.158+0000] {logging_mixin.py:137} INFO - Derek Harvey
[2023-02-01T19:11:21.160+0000] {logging_mixin.py:137} INFO - Kathleen Rodriguez
[2023-02-01T19:11:21.166+0000] {logging_mixin.py:137} INFO - Andrew Rodriguez
[2023-02-01T19:11:21.168+0000] {logging_mixin.py:137} INFO - Ariel Frank
[2023-02-01T19:11:21.171+0000] {logging_mixin.py:137} INFO - Tina French
[2023-02-01T19:11:21.176+0000] {logging_mixin.py:137} INFO - Brent Waller
[2023-02-01T19:11:21.181+0000] {logging_mixin.py:137} INFO - Kevin Allen
[2023-02-01T19:11:21.183+0000] {logging_mixin.py:137} INFO - Xavier Walker
[2023-02-01T19:11:21.189+0000] {logging_mixin.py:137} INFO - Michelle Sanchez
[2023-02-01T19:11:21.191+0000] {logging_mixin.py:137} INFO - Rachael Shepard
[2023-02-01T19:11:21.195+0000] {logging_mixin.py:137} INFO - Kelsey Johnson
[2023-02-01T19:11:21.197+0000] {logging_mixin.py:137} INFO - Nicole Webb
[2023-02-01T19:11:21.199+0000] {logging_mixin.py:137} INFO - Nicholas Rodriguez
[2023-02-01T19:11:21.201+0000] {logging_mixin.py:137} INFO - Eric Vaughan
[2023-02-01T19:11:21.203+0000] {logging_mixin.py:137} INFO - Amanda Richardson
[2023-02-01T19:11:21.210+0000] {logging_mixin.py:137} INFO - Janice Carlson
[2023-02-01T19:11:21.218+0000] {logging_mixin.py:137} INFO - Darryl Walsh
[2023-02-01T19:11:21.220+0000] {logging_mixin.py:137} INFO - Heather Johnson
[2023-02-01T19:11:21.231+0000] {logging_mixin.py:137} INFO - Mark Chambers
[2023-02-01T19:11:21.265+0000] {logging_mixin.py:137} INFO - Tracy Burns
[2023-02-01T19:11:21.270+0000] {logging_mixin.py:137} INFO - John Cole
[2023-02-01T19:11:21.275+0000] {logging_mixin.py:137} INFO - Deborah Silva
[2023-02-01T19:11:21.283+0000] {logging_mixin.py:137} INFO - Shawn Hernandez
[2023-02-01T19:11:21.288+0000] {logging_mixin.py:137} INFO - Bethany Meyer
[2023-02-01T19:11:21.292+0000] {logging_mixin.py:137} INFO - Helen Smith
[2023-02-01T19:11:21.296+0000] {logging_mixin.py:137} INFO - Dana Dennis
[2023-02-01T19:11:21.302+0000] {logging_mixin.py:137} INFO - Kelsey Camacho
[2023-02-01T19:11:21.306+0000] {logging_mixin.py:137} INFO - Matthew Thomas
[2023-02-01T19:11:21.308+0000] {logging_mixin.py:137} INFO - Brittany Arellano
[2023-02-01T19:11:21.321+0000] {logging_mixin.py:137} INFO - Stacey Jones
[2023-02-01T19:11:21.331+0000] {logging_mixin.py:137} INFO - William Weeks
[2023-02-01T19:11:21.334+0000] {logging_mixin.py:137} INFO - Mark Beasley
[2023-02-01T19:11:21.337+0000] {logging_mixin.py:137} INFO - Bruce Pena
[2023-02-01T19:11:21.341+0000] {logging_mixin.py:137} INFO - Jeffery Smith
[2023-02-01T19:11:21.343+0000] {logging_mixin.py:137} INFO - Ann Deleon
[2023-02-01T19:11:21.344+0000] {logging_mixin.py:137} INFO - Kevin Robertson
[2023-02-01T19:11:21.358+0000] {logging_mixin.py:137} INFO - Vincent Willis MD
[2023-02-01T19:11:21.362+0000] {logging_mixin.py:137} INFO - Michael Nielsen
[2023-02-01T19:11:21.366+0000] {logging_mixin.py:137} INFO - Walter Koch
[2023-02-01T19:11:21.368+0000] {logging_mixin.py:137} INFO - Brian Vega
[2023-02-01T19:11:21.370+0000] {logging_mixin.py:137} INFO - Jeffrey Medina
[2023-02-01T19:11:21.373+0000] {logging_mixin.py:137} INFO - Erika Banks
[2023-02-01T19:11:21.379+0000] {logging_mixin.py:137} INFO - Stacey Griffin
[2023-02-01T19:11:21.381+0000] {logging_mixin.py:137} INFO - Michael Marsh
[2023-02-01T19:11:21.389+0000] {logging_mixin.py:137} INFO - Molly White
[2023-02-01T19:11:21.391+0000] {logging_mixin.py:137} INFO - Matthew Morrison
[2023-02-01T19:11:21.394+0000] {logging_mixin.py:137} INFO - Amanda Burns
[2023-02-01T19:11:21.396+0000] {logging_mixin.py:137} INFO - Emily Gonzalez DDS
[2023-02-01T19:11:21.397+0000] {logging_mixin.py:137} INFO - Gregory King
[2023-02-01T19:11:21.400+0000] {logging_mixin.py:137} INFO - Dennis Evans
[2023-02-01T19:11:21.403+0000] {logging_mixin.py:137} INFO - Christina Snyder
[2023-02-01T19:11:21.406+0000] {logging_mixin.py:137} INFO - Carolyn Mata
[2023-02-01T19:11:21.408+0000] {logging_mixin.py:137} INFO - Brandy Lawson
[2023-02-01T19:11:21.412+0000] {logging_mixin.py:137} INFO - Briana Christian
[2023-02-01T19:11:21.420+0000] {logging_mixin.py:137} INFO - Jeffrey Hernandez
[2023-02-01T19:11:21.423+0000] {logging_mixin.py:137} INFO - John Riggs
[2023-02-01T19:11:21.427+0000] {logging_mixin.py:137} INFO - Barbara Short
[2023-02-01T19:11:21.430+0000] {logging_mixin.py:137} INFO - Steven Brooks
[2023-02-01T19:11:21.434+0000] {logging_mixin.py:137} INFO - Gabrielle James
[2023-02-01T19:11:21.436+0000] {logging_mixin.py:137} INFO - Robert Young
[2023-02-01T19:11:21.438+0000] {logging_mixin.py:137} INFO - Derek Sanders
[2023-02-01T19:11:21.444+0000] {logging_mixin.py:137} INFO - Mallory Oliver
[2023-02-01T19:11:21.447+0000] {logging_mixin.py:137} INFO - Terry Howe
[2023-02-01T19:11:21.449+0000] {logging_mixin.py:137} INFO - Samuel Wallace
[2023-02-01T19:11:21.452+0000] {logging_mixin.py:137} INFO - Angel Jones
[2023-02-01T19:11:21.458+0000] {logging_mixin.py:137} INFO - Jacqueline Nichols
[2023-02-01T19:11:21.462+0000] {logging_mixin.py:137} INFO - Melissa Mcgee
[2023-02-01T19:11:21.465+0000] {logging_mixin.py:137} INFO - Michelle Smith
[2023-02-01T19:11:21.467+0000] {logging_mixin.py:137} INFO - Maureen Baxter
[2023-02-01T19:11:21.470+0000] {logging_mixin.py:137} INFO - Kathy Crawford
[2023-02-01T19:11:21.472+0000] {logging_mixin.py:137} INFO - Stacy Wood
[2023-02-01T19:11:21.476+0000] {logging_mixin.py:137} INFO - Justin Parsons
[2023-02-01T19:11:21.478+0000] {logging_mixin.py:137} INFO - Ann Klein
[2023-02-01T19:11:21.489+0000] {logging_mixin.py:137} INFO - Allison Arnold
[2023-02-01T19:11:21.496+0000] {logging_mixin.py:137} INFO - Heather Kirk
[2023-02-01T19:11:21.500+0000] {logging_mixin.py:137} INFO - Monica Smith
[2023-02-01T19:11:21.507+0000] {logging_mixin.py:137} INFO - Brett Oconnor
[2023-02-01T19:11:21.515+0000] {logging_mixin.py:137} INFO - Anthony Bryant
[2023-02-01T19:11:21.533+0000] {logging_mixin.py:137} INFO - Jeremy Russell
[2023-02-01T19:11:21.537+0000] {logging_mixin.py:137} INFO - Julie Poole
[2023-02-01T19:11:21.540+0000] {logging_mixin.py:137} INFO - Emma Thompson
[2023-02-01T19:11:21.543+0000] {logging_mixin.py:137} INFO - Bradley Matthews
[2023-02-01T19:11:21.548+0000] {logging_mixin.py:137} INFO - William Roberts
[2023-02-01T19:11:21.552+0000] {logging_mixin.py:137} INFO - Julie Mooney
[2023-02-01T19:11:21.558+0000] {logging_mixin.py:137} INFO - Amy Doyle
[2023-02-01T19:11:21.580+0000] {logging_mixin.py:137} INFO - Amanda Grant
[2023-02-01T19:11:21.599+0000] {logging_mixin.py:137} INFO - Eric Anderson
[2023-02-01T19:11:21.616+0000] {logging_mixin.py:137} INFO - George Thompson
[2023-02-01T19:11:21.625+0000] {logging_mixin.py:137} INFO - Dustin Hines
[2023-02-01T19:11:21.629+0000] {logging_mixin.py:137} INFO - Andrea Frank
[2023-02-01T19:11:21.638+0000] {logging_mixin.py:137} INFO - Jodi Cook
[2023-02-01T19:11:21.640+0000] {logging_mixin.py:137} INFO - Stacy Haney
[2023-02-01T19:11:21.645+0000] {logging_mixin.py:137} INFO - Paul Callahan
[2023-02-01T19:11:21.659+0000] {logging_mixin.py:137} INFO - Jasmine Chambers
[2023-02-01T19:11:21.665+0000] {logging_mixin.py:137} INFO - Melissa Pittman MD
[2023-02-01T19:11:21.673+0000] {logging_mixin.py:137} INFO - Deborah Larson
[2023-02-01T19:11:21.676+0000] {logging_mixin.py:137} INFO - Brandon Shaw
[2023-02-01T19:11:21.682+0000] {logging_mixin.py:137} INFO - Timothy Paul
[2023-02-01T19:11:21.685+0000] {logging_mixin.py:137} INFO - Michael Trujillo
[2023-02-01T19:11:21.691+0000] {logging_mixin.py:137} INFO - Robert Rivera
[2023-02-01T19:11:21.694+0000] {logging_mixin.py:137} INFO - Dana Nelson
[2023-02-01T19:11:21.696+0000] {logging_mixin.py:137} INFO - Andrea Bennett
[2023-02-01T19:11:21.702+0000] {logging_mixin.py:137} INFO - Jodi Fox
[2023-02-01T19:11:21.705+0000] {logging_mixin.py:137} INFO - Heather Hayes
[2023-02-01T19:11:21.709+0000] {logging_mixin.py:137} INFO - Jennifer Moreno
[2023-02-01T19:11:21.711+0000] {logging_mixin.py:137} INFO - John Patel
[2023-02-01T19:11:21.712+0000] {logging_mixin.py:137} INFO - Teresa Oliver
[2023-02-01T19:11:21.714+0000] {logging_mixin.py:137} INFO - Monique Bell
[2023-02-01T19:11:21.716+0000] {logging_mixin.py:137} INFO - Casey Leonard
[2023-02-01T19:11:21.726+0000] {logging_mixin.py:137} INFO - Steven Clark
[2023-02-01T19:11:21.728+0000] {logging_mixin.py:137} INFO - Edward Martin
[2023-02-01T19:11:21.730+0000] {logging_mixin.py:137} INFO - Shawn Orozco
[2023-02-01T19:11:21.735+0000] {logging_mixin.py:137} INFO - Brandon Yang
[2023-02-01T19:11:21.745+0000] {logging_mixin.py:137} INFO - Nathan Ray
[2023-02-01T19:11:21.754+0000] {logging_mixin.py:137} INFO - Lori Moore
[2023-02-01T19:11:21.756+0000] {logging_mixin.py:137} INFO - Dr. Lisa Shaw DVM
[2023-02-01T19:11:21.759+0000] {logging_mixin.py:137} INFO - Angela Walters
[2023-02-01T19:11:21.761+0000] {logging_mixin.py:137} INFO - David Nolan
[2023-02-01T19:11:21.764+0000] {logging_mixin.py:137} INFO - William Ramsey
[2023-02-01T19:11:21.767+0000] {logging_mixin.py:137} INFO - David Oconnor
[2023-02-01T19:11:21.770+0000] {logging_mixin.py:137} INFO - Mark Washington
[2023-02-01T19:11:21.772+0000] {logging_mixin.py:137} INFO - Jennifer Jacobs
[2023-02-01T19:11:21.775+0000] {logging_mixin.py:137} INFO - Tammy Hampton
[2023-02-01T19:11:21.777+0000] {logging_mixin.py:137} INFO - Stephen Farmer
[2023-02-01T19:11:21.780+0000] {logging_mixin.py:137} INFO - Jasmine Nguyen
[2023-02-01T19:11:21.782+0000] {logging_mixin.py:137} INFO - Rebecca Flores
[2023-02-01T19:11:21.791+0000] {logging_mixin.py:137} INFO - Tyler Davis
[2023-02-01T19:11:21.800+0000] {logging_mixin.py:137} INFO - Nancy Gray
[2023-02-01T19:11:21.821+0000] {logging_mixin.py:137} INFO - Brian Sanchez
[2023-02-01T19:11:21.825+0000] {logging_mixin.py:137} INFO - Laurie Shaw
[2023-02-01T19:11:21.828+0000] {logging_mixin.py:137} INFO - Kristina Torres
[2023-02-01T19:11:21.831+0000] {logging_mixin.py:137} INFO - Andrea Rodgers
[2023-02-01T19:11:21.833+0000] {logging_mixin.py:137} INFO - Jason Walters
[2023-02-01T19:11:21.834+0000] {logging_mixin.py:137} INFO - Jerry Moss
[2023-02-01T19:11:21.836+0000] {logging_mixin.py:137} INFO - Jeffrey Jordan
[2023-02-01T19:11:21.839+0000] {logging_mixin.py:137} INFO - Jennifer Wilson
[2023-02-01T19:11:21.845+0000] {logging_mixin.py:137} INFO - Trevor Mathews
[2023-02-01T19:11:21.857+0000] {logging_mixin.py:137} INFO - Anne Hood
[2023-02-01T19:11:21.862+0000] {logging_mixin.py:137} INFO - Sarah Williams
[2023-02-01T19:11:21.866+0000] {logging_mixin.py:137} INFO - Shelby Hernandez
[2023-02-01T19:11:21.870+0000] {logging_mixin.py:137} INFO - Samantha Velez
[2023-02-01T19:11:21.873+0000] {logging_mixin.py:137} INFO - Matthew Douglas
[2023-02-01T19:11:21.875+0000] {logging_mixin.py:137} INFO - Ashlee George
[2023-02-01T19:11:21.891+0000] {logging_mixin.py:137} INFO - Troy Crane
[2023-02-01T19:11:21.897+0000] {logging_mixin.py:137} INFO - Michael Cooper
[2023-02-01T19:11:21.904+0000] {logging_mixin.py:137} INFO - Michael White
[2023-02-01T19:11:21.918+0000] {logging_mixin.py:137} INFO - Mr. Timothy Fleming
[2023-02-01T19:11:21.930+0000] {logging_mixin.py:137} INFO - Seth Bruce
[2023-02-01T19:11:21.937+0000] {logging_mixin.py:137} INFO - Jacqueline Carpenter
[2023-02-01T19:11:21.946+0000] {logging_mixin.py:137} INFO - Michael Martin
[2023-02-01T19:11:21.971+0000] {logging_mixin.py:137} INFO - Kristopher Henry
[2023-02-01T19:11:21.981+0000] {logging_mixin.py:137} INFO - Tiffany Porter
[2023-02-01T19:11:21.992+0000] {logging_mixin.py:137} INFO - Stacy Simpson
[2023-02-01T19:11:22.000+0000] {logging_mixin.py:137} INFO - Tammy Mcdowell
[2023-02-01T19:11:22.005+0000] {logging_mixin.py:137} INFO - Thomas Walters
[2023-02-01T19:11:22.008+0000] {logging_mixin.py:137} INFO - Dwayne Thompson
[2023-02-01T19:11:22.012+0000] {logging_mixin.py:137} INFO - Natalie Willis
[2023-02-01T19:11:22.016+0000] {logging_mixin.py:137} INFO - Sharon Taylor
[2023-02-01T19:11:22.022+0000] {logging_mixin.py:137} INFO - Sarah Wiggins
[2023-02-01T19:11:22.027+0000] {logging_mixin.py:137} INFO - Amber Thomas
[2023-02-01T19:11:22.031+0000] {logging_mixin.py:137} INFO - Patrick Miller
[2023-02-01T19:11:22.034+0000] {logging_mixin.py:137} INFO - Stephanie Hartman
[2023-02-01T19:11:22.037+0000] {logging_mixin.py:137} INFO - Stacey Mora
[2023-02-01T19:11:22.057+0000] {logging_mixin.py:137} INFO - Katherine Rodriguez
[2023-02-01T19:11:22.061+0000] {logging_mixin.py:137} INFO - Daniel Morgan
[2023-02-01T19:11:22.075+0000] {logging_mixin.py:137} INFO - Rebecca Martinez
[2023-02-01T19:11:22.082+0000] {logging_mixin.py:137} INFO - Nicole Juarez
[2023-02-01T19:11:22.087+0000] {logging_mixin.py:137} INFO - Mark Arroyo
[2023-02-01T19:11:22.092+0000] {logging_mixin.py:137} INFO - April Lucero
[2023-02-01T19:11:22.098+0000] {logging_mixin.py:137} INFO - Samantha Garcia
[2023-02-01T19:11:22.101+0000] {logging_mixin.py:137} INFO - Jon Moore
[2023-02-01T19:11:22.102+0000] {logging_mixin.py:137} INFO - Joshua Flores MD
[2023-02-01T19:11:22.107+0000] {logging_mixin.py:137} INFO - Raymond Jones
[2023-02-01T19:11:22.109+0000] {logging_mixin.py:137} INFO - Billy Hughes
[2023-02-01T19:11:22.113+0000] {logging_mixin.py:137} INFO - Peggy Valdez PhD
[2023-02-01T19:11:22.114+0000] {logging_mixin.py:137} INFO - Joshua Reyes
[2023-02-01T19:11:22.116+0000] {logging_mixin.py:137} INFO - Aaron Green
[2023-02-01T19:11:22.118+0000] {logging_mixin.py:137} INFO - Wendy Espinoza
[2023-02-01T19:11:22.120+0000] {logging_mixin.py:137} INFO - Peter Vasquez
[2023-02-01T19:11:22.123+0000] {logging_mixin.py:137} INFO - Diane Harper
[2023-02-01T19:11:22.125+0000] {logging_mixin.py:137} INFO - Ms. Rebecca Cantu
[2023-02-01T19:11:22.129+0000] {logging_mixin.py:137} INFO - Yolanda Morrow
[2023-02-01T19:11:22.138+0000] {logging_mixin.py:137} INFO - Penny Beard
[2023-02-01T19:11:22.150+0000] {logging_mixin.py:137} INFO - Lisa Long
[2023-02-01T19:11:22.152+0000] {logging_mixin.py:137} INFO - Jerry Harris
[2023-02-01T19:11:22.155+0000] {logging_mixin.py:137} INFO - Bob Willis
[2023-02-01T19:11:22.156+0000] {logging_mixin.py:137} INFO - Duane Chapman
[2023-02-01T19:11:22.159+0000] {logging_mixin.py:137} INFO - William Morgan
[2023-02-01T19:11:22.175+0000] {logging_mixin.py:137} INFO - Amy Gutierrez
[2023-02-01T19:11:22.196+0000] {logging_mixin.py:137} INFO - Amber Nichols
[2023-02-01T19:11:22.198+0000] {logging_mixin.py:137} INFO - Matthew Carr
[2023-02-01T19:11:22.201+0000] {logging_mixin.py:137} INFO - Thomas Duncan
[2023-02-01T19:11:22.206+0000] {logging_mixin.py:137} INFO - Elizabeth Wright
[2023-02-01T19:11:22.219+0000] {logging_mixin.py:137} INFO - Jacqueline Brewer
[2023-02-01T19:11:22.222+0000] {logging_mixin.py:137} INFO - Stephanie Johnson
[2023-02-01T19:11:22.233+0000] {logging_mixin.py:137} INFO - Samantha Calderon
[2023-02-01T19:11:22.240+0000] {logging_mixin.py:137} INFO - Kathryn Gaines
[2023-02-01T19:11:22.255+0000] {logging_mixin.py:137} INFO - Angel Jones
[2023-02-01T19:11:22.261+0000] {logging_mixin.py:137} INFO - Laura Wall
[2023-02-01T19:11:22.271+0000] {logging_mixin.py:137} INFO - Mr. Anthony Hamilton
[2023-02-01T19:11:22.283+0000] {logging_mixin.py:137} INFO - David Smith
[2023-02-01T19:11:22.285+0000] {logging_mixin.py:137} INFO - Kimberly Herrera DDS
[2023-02-01T19:11:22.295+0000] {logging_mixin.py:137} INFO - Gina Wilson
[2023-02-01T19:11:22.299+0000] {logging_mixin.py:137} INFO - Timothy Byrd
[2023-02-01T19:11:22.302+0000] {logging_mixin.py:137} INFO - Michael Mckenzie
[2023-02-01T19:11:22.307+0000] {logging_mixin.py:137} INFO - Jeffrey Mcintyre
[2023-02-01T19:11:22.319+0000] {logging_mixin.py:137} INFO - Teresa Jackson
[2023-02-01T19:11:22.329+0000] {logging_mixin.py:137} INFO - Joseph Wilcox
[2023-02-01T19:11:22.339+0000] {logging_mixin.py:137} INFO - Patrick Mcknight
[2023-02-01T19:11:22.350+0000] {logging_mixin.py:137} INFO - Ronald Moreno
[2023-02-01T19:11:22.355+0000] {logging_mixin.py:137} INFO - Jamie Sullivan
[2023-02-01T19:11:22.369+0000] {logging_mixin.py:137} INFO - Jason Anderson
[2023-02-01T19:11:22.373+0000] {logging_mixin.py:137} INFO - Steven Stewart
[2023-02-01T19:11:22.382+0000] {logging_mixin.py:137} INFO - Melinda Paul
[2023-02-01T19:11:22.391+0000] {logging_mixin.py:137} INFO - Cynthia Simmons
[2023-02-01T19:11:22.397+0000] {logging_mixin.py:137} INFO - Christian Smith
[2023-02-01T19:11:22.406+0000] {logging_mixin.py:137} INFO - William Jimenez
[2023-02-01T19:11:22.418+0000] {logging_mixin.py:137} INFO - Hayley French
[2023-02-01T19:11:22.433+0000] {logging_mixin.py:137} INFO - Brandon Hess
[2023-02-01T19:11:22.455+0000] {logging_mixin.py:137} INFO - Laura Perry
[2023-02-01T19:11:22.459+0000] {logging_mixin.py:137} INFO - Scott Jones
[2023-02-01T19:11:22.469+0000] {logging_mixin.py:137} INFO - Christine Hernandez
[2023-02-01T19:11:22.475+0000] {logging_mixin.py:137} INFO - Douglas Eaton
[2023-02-01T19:11:22.478+0000] {logging_mixin.py:137} INFO - William Soto
[2023-02-01T19:11:22.481+0000] {logging_mixin.py:137} INFO - Mary Jones
[2023-02-01T19:11:22.484+0000] {logging_mixin.py:137} INFO - Stephanie Holmes
[2023-02-01T19:11:22.489+0000] {logging_mixin.py:137} INFO - Keith Meyers
[2023-02-01T19:11:22.491+0000] {logging_mixin.py:137} INFO - Paul Fisher
[2023-02-01T19:11:22.493+0000] {logging_mixin.py:137} INFO - Emily Alexander
[2023-02-01T19:11:22.494+0000] {logging_mixin.py:137} INFO - Anthony Schwartz
[2023-02-01T19:11:22.496+0000] {logging_mixin.py:137} INFO - Evelyn Jacobs
[2023-02-01T19:11:22.497+0000] {logging_mixin.py:137} INFO - Connie Jones
[2023-02-01T19:11:22.499+0000] {logging_mixin.py:137} INFO - Carla Gibbs
[2023-02-01T19:11:22.507+0000] {logging_mixin.py:137} INFO - Ashley Santiago
[2023-02-01T19:11:22.512+0000] {logging_mixin.py:137} INFO - Micheal Mckee
[2023-02-01T19:11:22.520+0000] {logging_mixin.py:137} INFO - Diane Williams
[2023-02-01T19:11:22.523+0000] {logging_mixin.py:137} INFO - Jesse Velasquez
[2023-02-01T19:11:22.536+0000] {logging_mixin.py:137} INFO - Jennifer Rodriguez
[2023-02-01T19:11:22.548+0000] {logging_mixin.py:137} INFO - Joe Griffin
[2023-02-01T19:11:22.550+0000] {logging_mixin.py:137} INFO - Gary Cherry
[2023-02-01T19:11:22.552+0000] {logging_mixin.py:137} INFO - Alyssa Edwards
[2023-02-01T19:11:22.556+0000] {logging_mixin.py:137} INFO - Caroline Hernandez MD
[2023-02-01T19:11:22.563+0000] {logging_mixin.py:137} INFO - Jessica Morton
[2023-02-01T19:11:22.572+0000] {logging_mixin.py:137} INFO - Holly Jones
[2023-02-01T19:11:22.576+0000] {logging_mixin.py:137} INFO - David Shelton
[2023-02-01T19:11:22.585+0000] {logging_mixin.py:137} INFO - Kristina Parks
[2023-02-01T19:11:22.590+0000] {logging_mixin.py:137} INFO - Laurie Hernandez
[2023-02-01T19:11:22.596+0000] {logging_mixin.py:137} INFO - Melissa James
[2023-02-01T19:11:22.598+0000] {logging_mixin.py:137} INFO - Jeremiah Adams
[2023-02-01T19:11:22.599+0000] {logging_mixin.py:137} INFO - Arthur Robinson
[2023-02-01T19:11:22.609+0000] {logging_mixin.py:137} INFO - Anna Shepard
[2023-02-01T19:11:22.613+0000] {logging_mixin.py:137} INFO - Brandon Myers
[2023-02-01T19:11:22.616+0000] {logging_mixin.py:137} INFO - Paul Cardenas
[2023-02-01T19:11:22.619+0000] {logging_mixin.py:137} INFO - Megan Santana
[2023-02-01T19:11:22.626+0000] {logging_mixin.py:137} INFO - Joseph Marshall
[2023-02-01T19:11:22.630+0000] {logging_mixin.py:137} INFO - Mrs. Brenda Harris
[2023-02-01T19:11:22.635+0000] {logging_mixin.py:137} INFO - Nicole Garcia
[2023-02-01T19:11:22.641+0000] {logging_mixin.py:137} INFO - Anna Estrada
[2023-02-01T19:11:22.643+0000] {logging_mixin.py:137} INFO - Carl Moore
[2023-02-01T19:11:22.647+0000] {logging_mixin.py:137} INFO - Rodney Hernandez
[2023-02-01T19:11:22.651+0000] {logging_mixin.py:137} INFO - Madison Christian
[2023-02-01T19:11:22.653+0000] {logging_mixin.py:137} INFO - Heather Rhodes
[2023-02-01T19:11:22.666+0000] {python.py:177} INFO - Done. Returned value was: None
[2023-02-01T19:11:22.741+0000] {taskinstance.py:1323} INFO - Marking task as SUCCESS. dag_id=CSV_DAG, task_id=convertCSVToJson, execution_date=20230201T164000, start_date=20230201T191115, end_date=20230201T191122
[2023-02-01T19:11:22.888+0000] {local_task_job.py:208} INFO - Task exited with return code 0
[2023-02-01T19:11:23.451+0000] {taskinstance.py:2578} INFO - 0 downstream tasks scheduled from follow-on schedule check
