[2023-02-02T10:03:46.153+0000] {taskinstance.py:1083} INFO - Dependencies all met for <TaskInstance: CSV_DAG.convertCSVToJson scheduled__2023-02-02T07:55:00+00:00 [queued]>
[2023-02-02T10:03:46.221+0000] {taskinstance.py:1083} INFO - Dependencies all met for <TaskInstance: CSV_DAG.convertCSVToJson scheduled__2023-02-02T07:55:00+00:00 [queued]>
[2023-02-02T10:03:46.222+0000] {taskinstance.py:1279} INFO - 
--------------------------------------------------------------------------------
[2023-02-02T10:03:46.223+0000] {taskinstance.py:1280} INFO - Starting attempt 1 of 2
[2023-02-02T10:03:46.224+0000] {taskinstance.py:1281} INFO - 
--------------------------------------------------------------------------------
[2023-02-02T10:03:46.376+0000] {taskinstance.py:1300} INFO - Executing <Task(PythonOperator): convertCSVToJson> on 2023-02-02 07:55:00+00:00
[2023-02-02T10:03:46.416+0000] {standard_task_runner.py:55} INFO - Started process 1362 to run task
[2023-02-02T10:03:46.457+0000] {standard_task_runner.py:82} INFO - Running: ['***', 'tasks', 'run', 'CSV_DAG', 'convertCSVToJson', 'scheduled__2023-02-02T07:55:00+00:00', '--job-id', '801', '--raw', '--subdir', 'DAGS_FOLDER/csv.py', '--cfg-path', '/tmp/tmpo9ga4hq8']
[2023-02-02T10:03:46.476+0000] {standard_task_runner.py:83} INFO - Job 801: Subtask convertCSVToJson
[2023-02-02T10:03:46.999+0000] {task_command.py:388} INFO - Running <TaskInstance: CSV_DAG.convertCSVToJson scheduled__2023-02-02T07:55:00+00:00 [running]> on host 06d8060e8530
[2023-02-02T10:03:48.236+0000] {taskinstance.py:1509} INFO - Exporting the following env vars:
AIRFLOW_CTX_DAG_OWNER=Kevin Chalmers
AIRFLOW_CTX_DAG_ID=CSV_DAG
AIRFLOW_CTX_TASK_ID=convertCSVToJson
AIRFLOW_CTX_EXECUTION_DATE=2023-02-02T07:55:00+00:00
AIRFLOW_CTX_TRY_NUMBER=1
AIRFLOW_CTX_DAG_RUN_ID=scheduled__2023-02-02T07:55:00+00:00
[2023-02-02T10:03:48.500+0000] {logging_mixin.py:137} INFO - Angelica Lopez
[2023-02-02T10:03:48.525+0000] {logging_mixin.py:137} INFO - Betty Wright
[2023-02-02T10:03:48.532+0000] {logging_mixin.py:137} INFO - Sara Schmidt
[2023-02-02T10:03:48.537+0000] {logging_mixin.py:137} INFO - Dr. Sherry Rodriguez
[2023-02-02T10:03:48.548+0000] {logging_mixin.py:137} INFO - Rebecca Mills
[2023-02-02T10:03:48.563+0000] {logging_mixin.py:137} INFO - Andrew Anderson
[2023-02-02T10:03:48.568+0000] {logging_mixin.py:137} INFO - Martin Everett
[2023-02-02T10:03:48.579+0000] {logging_mixin.py:137} INFO - Felicia Gregory
[2023-02-02T10:03:48.583+0000] {logging_mixin.py:137} INFO - Kara Bowers
[2023-02-02T10:03:48.587+0000] {logging_mixin.py:137} INFO - Vincent Vincent
[2023-02-02T10:03:48.591+0000] {logging_mixin.py:137} INFO - Morgan Butler
[2023-02-02T10:03:48.595+0000] {logging_mixin.py:137} INFO - Stephen Riley
[2023-02-02T10:03:48.601+0000] {logging_mixin.py:137} INFO - Wanda Thomas
[2023-02-02T10:03:48.606+0000] {logging_mixin.py:137} INFO - Michelle Schultz
[2023-02-02T10:03:48.612+0000] {logging_mixin.py:137} INFO - Christopher Rush MD
[2023-02-02T10:03:48.617+0000] {logging_mixin.py:137} INFO - Phyllis Miles
[2023-02-02T10:03:48.631+0000] {logging_mixin.py:137} INFO - Rebecca Price
[2023-02-02T10:03:48.641+0000] {logging_mixin.py:137} INFO - John Morse
[2023-02-02T10:03:48.645+0000] {logging_mixin.py:137} INFO - Nicholas Sanchez
[2023-02-02T10:03:48.652+0000] {logging_mixin.py:137} INFO - Crystal Dean
[2023-02-02T10:03:48.657+0000] {logging_mixin.py:137} INFO - Tyler Diaz
[2023-02-02T10:03:48.665+0000] {logging_mixin.py:137} INFO - Denise Mclean
[2023-02-02T10:03:48.694+0000] {logging_mixin.py:137} INFO - Daniel Grant
[2023-02-02T10:03:48.705+0000] {logging_mixin.py:137} INFO - Sandra Peterson
[2023-02-02T10:03:48.716+0000] {logging_mixin.py:137} INFO - Denise Morse
[2023-02-02T10:03:48.725+0000] {logging_mixin.py:137} INFO - Brianna Smith
[2023-02-02T10:03:48.728+0000] {logging_mixin.py:137} INFO - Tony Miller
[2023-02-02T10:03:48.731+0000] {logging_mixin.py:137} INFO - Jean Booth
[2023-02-02T10:03:48.735+0000] {logging_mixin.py:137} INFO - Penny Salazar
[2023-02-02T10:03:48.741+0000] {logging_mixin.py:137} INFO - Cathy Williams
[2023-02-02T10:03:48.747+0000] {logging_mixin.py:137} INFO - Hannah Collins
[2023-02-02T10:03:48.749+0000] {logging_mixin.py:137} INFO - Maurice Casey
[2023-02-02T10:03:48.756+0000] {logging_mixin.py:137} INFO - Patrick Walker
[2023-02-02T10:03:48.759+0000] {logging_mixin.py:137} INFO - Pamela Barton
[2023-02-02T10:03:48.763+0000] {logging_mixin.py:137} INFO - Anthony Bryant
[2023-02-02T10:03:48.777+0000] {logging_mixin.py:137} INFO - Andrew Harris
[2023-02-02T10:03:48.789+0000] {logging_mixin.py:137} INFO - Aaron Harris
[2023-02-02T10:03:48.792+0000] {logging_mixin.py:137} INFO - Maureen Soto
[2023-02-02T10:03:48.805+0000] {logging_mixin.py:137} INFO - Crystal Mcdaniel
[2023-02-02T10:03:48.817+0000] {logging_mixin.py:137} INFO - Lauren Barrett
[2023-02-02T10:03:48.825+0000] {logging_mixin.py:137} INFO - Brandon Perez
[2023-02-02T10:03:48.831+0000] {logging_mixin.py:137} INFO - Mark Robertson
[2023-02-02T10:03:48.834+0000] {logging_mixin.py:137} INFO - Nicole Gates
[2023-02-02T10:03:48.837+0000] {logging_mixin.py:137} INFO - Bradley Cruz
[2023-02-02T10:03:48.842+0000] {logging_mixin.py:137} INFO - Gina Burns
[2023-02-02T10:03:48.851+0000] {logging_mixin.py:137} INFO - Zachary Martinez
[2023-02-02T10:03:48.853+0000] {logging_mixin.py:137} INFO - Natasha Johnson
[2023-02-02T10:03:48.855+0000] {logging_mixin.py:137} INFO - Patrick Gonzales
[2023-02-02T10:03:48.857+0000] {logging_mixin.py:137} INFO - Terri Wilson
[2023-02-02T10:03:48.858+0000] {logging_mixin.py:137} INFO - Sarah Lopez
[2023-02-02T10:03:48.860+0000] {logging_mixin.py:137} INFO - Dana Turner
[2023-02-02T10:03:48.862+0000] {logging_mixin.py:137} INFO - Cynthia Johnson
[2023-02-02T10:03:48.866+0000] {logging_mixin.py:137} INFO - William Thornton
[2023-02-02T10:03:48.869+0000] {logging_mixin.py:137} INFO - James Lee
[2023-02-02T10:03:48.879+0000] {logging_mixin.py:137} INFO - Stephen Allen
[2023-02-02T10:03:48.881+0000] {logging_mixin.py:137} INFO - William Stark
[2023-02-02T10:03:48.883+0000] {logging_mixin.py:137} INFO - Michael Parker
[2023-02-02T10:03:48.885+0000] {logging_mixin.py:137} INFO - Lisa Stephens
[2023-02-02T10:03:48.886+0000] {logging_mixin.py:137} INFO - Mr. Reginald Wise DDS
[2023-02-02T10:03:48.888+0000] {logging_mixin.py:137} INFO - Alexander James
[2023-02-02T10:03:48.890+0000] {logging_mixin.py:137} INFO - Kristen West
[2023-02-02T10:03:48.892+0000] {logging_mixin.py:137} INFO - Elizabeth Sanchez
[2023-02-02T10:03:48.896+0000] {logging_mixin.py:137} INFO - Jennifer Wilson
[2023-02-02T10:03:48.898+0000] {logging_mixin.py:137} INFO - Catherine Nicholson
[2023-02-02T10:03:48.912+0000] {logging_mixin.py:137} INFO - David Henderson
[2023-02-02T10:03:48.916+0000] {logging_mixin.py:137} INFO - Stephen Davis
[2023-02-02T10:03:48.920+0000] {logging_mixin.py:137} INFO - Paul Skinner
[2023-02-02T10:03:48.924+0000] {logging_mixin.py:137} INFO - Rebecca Wong
[2023-02-02T10:03:48.927+0000] {logging_mixin.py:137} INFO - Tara Benitez
[2023-02-02T10:03:48.939+0000] {logging_mixin.py:137} INFO - Sharon Miller
[2023-02-02T10:03:48.944+0000] {logging_mixin.py:137} INFO - Cynthia Smith
[2023-02-02T10:03:48.967+0000] {logging_mixin.py:137} INFO - Jennifer Werner
[2023-02-02T10:03:48.972+0000] {logging_mixin.py:137} INFO - Rebecca Tucker
[2023-02-02T10:03:48.978+0000] {logging_mixin.py:137} INFO - Ashlee Castillo
[2023-02-02T10:03:48.980+0000] {logging_mixin.py:137} INFO - Christopher Holmes
[2023-02-02T10:03:48.985+0000] {logging_mixin.py:137} INFO - Daniel Velez
[2023-02-02T10:03:48.988+0000] {logging_mixin.py:137} INFO - Amy Serrano
[2023-02-02T10:03:48.994+0000] {logging_mixin.py:137} INFO - Alison Nash
[2023-02-02T10:03:49.000+0000] {logging_mixin.py:137} INFO - Peter Johnson
[2023-02-02T10:03:49.003+0000] {logging_mixin.py:137} INFO - Breanna Harris
[2023-02-02T10:03:49.004+0000] {logging_mixin.py:137} INFO - Eric King
[2023-02-02T10:03:49.006+0000] {logging_mixin.py:137} INFO - Patricia Oliver
[2023-02-02T10:03:49.008+0000] {logging_mixin.py:137} INFO - Denise Grimes
[2023-02-02T10:03:49.009+0000] {logging_mixin.py:137} INFO - Jill Olson
[2023-02-02T10:03:49.011+0000] {logging_mixin.py:137} INFO - Stephanie Hart
[2023-02-02T10:03:49.015+0000] {logging_mixin.py:137} INFO - Ashley Lee
[2023-02-02T10:03:49.016+0000] {logging_mixin.py:137} INFO - Kelly Barnes
[2023-02-02T10:03:49.018+0000] {logging_mixin.py:137} INFO - Christie West
[2023-02-02T10:03:49.020+0000] {logging_mixin.py:137} INFO - Todd Nolan
[2023-02-02T10:03:49.022+0000] {logging_mixin.py:137} INFO - Sarah Reed
[2023-02-02T10:03:49.024+0000] {logging_mixin.py:137} INFO - Jennifer Keith
[2023-02-02T10:03:49.027+0000] {logging_mixin.py:137} INFO - Shawn Alvarez
[2023-02-02T10:03:49.029+0000] {logging_mixin.py:137} INFO - Alexander Wilson
[2023-02-02T10:03:49.031+0000] {logging_mixin.py:137} INFO - Rachel Melendez
[2023-02-02T10:03:49.033+0000] {logging_mixin.py:137} INFO - Morgan Walters
[2023-02-02T10:03:49.041+0000] {logging_mixin.py:137} INFO - Nicole Garcia
[2023-02-02T10:03:49.042+0000] {logging_mixin.py:137} INFO - Jennifer White
[2023-02-02T10:03:49.043+0000] {logging_mixin.py:137} INFO - Leslie Shannon
[2023-02-02T10:03:49.044+0000] {logging_mixin.py:137} INFO - Lisa Clayton
[2023-02-02T10:03:49.046+0000] {logging_mixin.py:137} INFO - Zachary Molina
[2023-02-02T10:03:49.047+0000] {logging_mixin.py:137} INFO - Bruce Butler
[2023-02-02T10:03:49.049+0000] {logging_mixin.py:137} INFO - Dustin Howell
[2023-02-02T10:03:49.050+0000] {logging_mixin.py:137} INFO - Aaron Smith
[2023-02-02T10:03:49.052+0000] {logging_mixin.py:137} INFO - Kyle Green
[2023-02-02T10:03:49.054+0000] {logging_mixin.py:137} INFO - Steven Clark
[2023-02-02T10:03:49.055+0000] {logging_mixin.py:137} INFO - Robert Holden
[2023-02-02T10:03:49.056+0000] {logging_mixin.py:137} INFO - Zachary Harmon
[2023-02-02T10:03:49.058+0000] {logging_mixin.py:137} INFO - Rachel Miller
[2023-02-02T10:03:49.059+0000] {logging_mixin.py:137} INFO - Brandon Parker
[2023-02-02T10:03:49.064+0000] {logging_mixin.py:137} INFO - Walter Martin
[2023-02-02T10:03:49.066+0000] {logging_mixin.py:137} INFO - Jose Young
[2023-02-02T10:03:49.072+0000] {logging_mixin.py:137} INFO - Kelsey Long
[2023-02-02T10:03:49.074+0000] {logging_mixin.py:137} INFO - William Harper
[2023-02-02T10:03:49.077+0000] {logging_mixin.py:137} INFO - Alejandro Lambert
[2023-02-02T10:03:49.086+0000] {logging_mixin.py:137} INFO - Stephanie Carson
[2023-02-02T10:03:49.088+0000] {logging_mixin.py:137} INFO - Diana Ortega MD
[2023-02-02T10:03:49.102+0000] {logging_mixin.py:137} INFO - Janet Morales
[2023-02-02T10:03:49.105+0000] {logging_mixin.py:137} INFO - Eric Fisher
[2023-02-02T10:03:49.107+0000] {logging_mixin.py:137} INFO - Louis Baker
[2023-02-02T10:03:49.114+0000] {logging_mixin.py:137} INFO - Cindy Ward
[2023-02-02T10:03:49.128+0000] {logging_mixin.py:137} INFO - Ana Jenkins
[2023-02-02T10:03:49.134+0000] {logging_mixin.py:137} INFO - Leslie Barton
[2023-02-02T10:03:49.143+0000] {logging_mixin.py:137} INFO - Gregory Price
[2023-02-02T10:03:49.156+0000] {logging_mixin.py:137} INFO - Brandon Moore
[2023-02-02T10:03:49.172+0000] {logging_mixin.py:137} INFO - Heather Garrett
[2023-02-02T10:03:49.182+0000] {logging_mixin.py:137} INFO - Cindy Hawkins
[2023-02-02T10:03:49.185+0000] {logging_mixin.py:137} INFO - Mr. Frank Snyder Jr.
[2023-02-02T10:03:49.190+0000] {logging_mixin.py:137} INFO - Megan Wang
[2023-02-02T10:03:49.191+0000] {logging_mixin.py:137} INFO - Jennifer Fleming
[2023-02-02T10:03:49.193+0000] {logging_mixin.py:137} INFO - Gary Hodge
[2023-02-02T10:03:49.194+0000] {logging_mixin.py:137} INFO - Nichole Miller
[2023-02-02T10:03:49.195+0000] {logging_mixin.py:137} INFO - Mitchell Mendoza
[2023-02-02T10:03:49.196+0000] {logging_mixin.py:137} INFO - Bradley Horton
[2023-02-02T10:03:49.198+0000] {logging_mixin.py:137} INFO - Michelle Hess
[2023-02-02T10:03:49.199+0000] {logging_mixin.py:137} INFO - Ronald Torres
[2023-02-02T10:03:49.201+0000] {logging_mixin.py:137} INFO - Raymond Hudson
[2023-02-02T10:03:49.202+0000] {logging_mixin.py:137} INFO - Vincent Jackson
[2023-02-02T10:03:49.210+0000] {logging_mixin.py:137} INFO - Susan Carey
[2023-02-02T10:03:49.214+0000] {logging_mixin.py:137} INFO - Chase Wilson
[2023-02-02T10:03:49.222+0000] {logging_mixin.py:137} INFO - Tonya Baldwin
[2023-02-02T10:03:49.225+0000] {logging_mixin.py:137} INFO - Mrs. Tina Davis
[2023-02-02T10:03:49.228+0000] {logging_mixin.py:137} INFO - Scott Garrett
[2023-02-02T10:03:49.230+0000] {logging_mixin.py:137} INFO - Michael Wilson
[2023-02-02T10:03:49.232+0000] {logging_mixin.py:137} INFO - Andrew Orozco
[2023-02-02T10:03:49.234+0000] {logging_mixin.py:137} INFO - Troy Carson
[2023-02-02T10:03:49.242+0000] {logging_mixin.py:137} INFO - Alex Winters
[2023-02-02T10:03:49.248+0000] {logging_mixin.py:137} INFO - Toni Frank
[2023-02-02T10:03:49.250+0000] {logging_mixin.py:137} INFO - Kathleen Snyder
[2023-02-02T10:03:49.254+0000] {logging_mixin.py:137} INFO - Anna Lopez
[2023-02-02T10:03:49.259+0000] {logging_mixin.py:137} INFO - Charles Brown
[2023-02-02T10:03:49.260+0000] {logging_mixin.py:137} INFO - Barry Ross
[2023-02-02T10:03:49.261+0000] {logging_mixin.py:137} INFO - Emily Ramirez
[2023-02-02T10:03:49.264+0000] {logging_mixin.py:137} INFO - Anna Williams
[2023-02-02T10:03:49.274+0000] {logging_mixin.py:137} INFO - Kristin Pennington
[2023-02-02T10:03:49.282+0000] {logging_mixin.py:137} INFO - Mary Aguirre
[2023-02-02T10:03:49.285+0000] {logging_mixin.py:137} INFO - Austin Santos
[2023-02-02T10:03:49.288+0000] {logging_mixin.py:137} INFO - David Nelson
[2023-02-02T10:03:49.292+0000] {logging_mixin.py:137} INFO - Alyssa Mcbride
[2023-02-02T10:03:49.298+0000] {logging_mixin.py:137} INFO - Lisa Gibson
[2023-02-02T10:03:49.300+0000] {logging_mixin.py:137} INFO - Alexander Kelly
[2023-02-02T10:03:49.302+0000] {logging_mixin.py:137} INFO - Ronald Thomas
[2023-02-02T10:03:49.306+0000] {logging_mixin.py:137} INFO - Michael Hurst
[2023-02-02T10:03:49.309+0000] {logging_mixin.py:137} INFO - Lauren Ward
[2023-02-02T10:03:49.315+0000] {logging_mixin.py:137} INFO - Christian Terry
[2023-02-02T10:03:49.322+0000] {logging_mixin.py:137} INFO - Jared Black
[2023-02-02T10:03:49.325+0000] {logging_mixin.py:137} INFO - Anthony Brown
[2023-02-02T10:03:49.329+0000] {logging_mixin.py:137} INFO - John Cole
[2023-02-02T10:03:49.333+0000] {logging_mixin.py:137} INFO - David Lee
[2023-02-02T10:03:49.337+0000] {logging_mixin.py:137} INFO - Lori Thomas
[2023-02-02T10:03:49.341+0000] {logging_mixin.py:137} INFO - Daniel Herman
[2023-02-02T10:03:49.353+0000] {logging_mixin.py:137} INFO - Pam Williams
[2023-02-02T10:03:49.359+0000] {logging_mixin.py:137} INFO - Sarah Jenkins
[2023-02-02T10:03:49.361+0000] {logging_mixin.py:137} INFO - Susan Mitchell
[2023-02-02T10:03:49.362+0000] {logging_mixin.py:137} INFO - Jacqueline Green
[2023-02-02T10:03:49.363+0000] {logging_mixin.py:137} INFO - Victoria Garrison
[2023-02-02T10:03:49.366+0000] {logging_mixin.py:137} INFO - Jonathan Daniels
[2023-02-02T10:03:49.376+0000] {logging_mixin.py:137} INFO - Trevor Hansen
[2023-02-02T10:03:49.378+0000] {logging_mixin.py:137} INFO - Laurie Bowen
[2023-02-02T10:03:49.380+0000] {logging_mixin.py:137} INFO - James Cline
[2023-02-02T10:03:49.382+0000] {logging_mixin.py:137} INFO - Michael Rose
[2023-02-02T10:03:49.383+0000] {logging_mixin.py:137} INFO - Lawrence Juarez
[2023-02-02T10:03:49.388+0000] {logging_mixin.py:137} INFO - Lucas Caldwell
[2023-02-02T10:03:49.390+0000] {logging_mixin.py:137} INFO - Laura Jackson
[2023-02-02T10:03:49.400+0000] {logging_mixin.py:137} INFO - Sherri Thornton
[2023-02-02T10:03:49.402+0000] {logging_mixin.py:137} INFO - Alice Wilson
[2023-02-02T10:03:49.403+0000] {logging_mixin.py:137} INFO - Diane Williams
[2023-02-02T10:03:49.415+0000] {logging_mixin.py:137} INFO - Kara Martin
[2023-02-02T10:03:49.423+0000] {logging_mixin.py:137} INFO - Joseph Moore
[2023-02-02T10:03:49.428+0000] {logging_mixin.py:137} INFO - Jesse Moses
[2023-02-02T10:03:49.432+0000] {logging_mixin.py:137} INFO - Lisa Mccall
[2023-02-02T10:03:49.433+0000] {logging_mixin.py:137} INFO - Alexandra Mccoy
[2023-02-02T10:03:49.448+0000] {logging_mixin.py:137} INFO - Daniel Martin
[2023-02-02T10:03:49.454+0000] {logging_mixin.py:137} INFO - Claudia Peck
[2023-02-02T10:03:49.460+0000] {logging_mixin.py:137} INFO - Jessica Mcconnell
[2023-02-02T10:03:49.470+0000] {logging_mixin.py:137} INFO - Kevin Walker
[2023-02-02T10:03:49.479+0000] {logging_mixin.py:137} INFO - Christina Lee
[2023-02-02T10:03:49.483+0000] {logging_mixin.py:137} INFO - Christopher Schroeder
[2023-02-02T10:03:49.486+0000] {logging_mixin.py:137} INFO - Melissa Parker
[2023-02-02T10:03:49.490+0000] {logging_mixin.py:137} INFO - Janet Molina
[2023-02-02T10:03:49.495+0000] {logging_mixin.py:137} INFO - Barbara Harris
[2023-02-02T10:03:49.498+0000] {logging_mixin.py:137} INFO - Joseph Hurley
[2023-02-02T10:03:49.509+0000] {logging_mixin.py:137} INFO - Greg Hayden
[2023-02-02T10:03:49.520+0000] {logging_mixin.py:137} INFO - Edwin Adams
[2023-02-02T10:03:49.531+0000] {logging_mixin.py:137} INFO - Ashley Hunter
[2023-02-02T10:03:49.535+0000] {logging_mixin.py:137} INFO - Jennifer Tucker
[2023-02-02T10:03:49.582+0000] {logging_mixin.py:137} INFO - Eddie Gray
[2023-02-02T10:03:49.590+0000] {logging_mixin.py:137} INFO - Jennifer Evans
[2023-02-02T10:03:49.594+0000] {logging_mixin.py:137} INFO - Stephen Carey
[2023-02-02T10:03:49.601+0000] {logging_mixin.py:137} INFO - Samantha Campos
[2023-02-02T10:03:49.606+0000] {logging_mixin.py:137} INFO - Meagan Brown
[2023-02-02T10:03:49.608+0000] {logging_mixin.py:137} INFO - Miss Marisa Barber
[2023-02-02T10:03:49.611+0000] {logging_mixin.py:137} INFO - Jay Mann
[2023-02-02T10:03:49.613+0000] {logging_mixin.py:137} INFO - Matthew Campbell
[2023-02-02T10:03:49.616+0000] {logging_mixin.py:137} INFO - Brent Rodriguez
[2023-02-02T10:03:49.619+0000] {logging_mixin.py:137} INFO - Teresa Ross
[2023-02-02T10:03:49.627+0000] {logging_mixin.py:137} INFO - Mary Martinez
[2023-02-02T10:03:49.628+0000] {logging_mixin.py:137} INFO - Joseph Lewis
[2023-02-02T10:03:49.634+0000] {logging_mixin.py:137} INFO - Dale Davis
[2023-02-02T10:03:49.636+0000] {logging_mixin.py:137} INFO - Elizabeth Evans
[2023-02-02T10:03:49.644+0000] {logging_mixin.py:137} INFO - Shannon Wang
[2023-02-02T10:03:49.649+0000] {logging_mixin.py:137} INFO - Brandon Campbell
[2023-02-02T10:03:49.654+0000] {logging_mixin.py:137} INFO - Rhonda Pace
[2023-02-02T10:03:49.656+0000] {logging_mixin.py:137} INFO - Sarah Santos
[2023-02-02T10:03:49.662+0000] {logging_mixin.py:137} INFO - Jacob Ford
[2023-02-02T10:03:49.668+0000] {logging_mixin.py:137} INFO - Matthew Hansen
[2023-02-02T10:03:49.671+0000] {logging_mixin.py:137} INFO - Amy Ray
[2023-02-02T10:03:49.673+0000] {logging_mixin.py:137} INFO - Aaron Fields
[2023-02-02T10:03:49.678+0000] {logging_mixin.py:137} INFO - Mary Taylor
[2023-02-02T10:03:49.679+0000] {logging_mixin.py:137} INFO - James Morris
[2023-02-02T10:03:49.681+0000] {logging_mixin.py:137} INFO - Darrell Cain
[2023-02-02T10:03:49.683+0000] {logging_mixin.py:137} INFO - Michael Smith
[2023-02-02T10:03:49.686+0000] {logging_mixin.py:137} INFO - Scott Coleman
[2023-02-02T10:03:49.688+0000] {logging_mixin.py:137} INFO - David Fitzpatrick
[2023-02-02T10:03:49.693+0000] {logging_mixin.py:137} INFO - Debra Shepherd
[2023-02-02T10:03:49.697+0000] {logging_mixin.py:137} INFO - Paul Rush
[2023-02-02T10:03:49.699+0000] {logging_mixin.py:137} INFO - Brett Hernandez
[2023-02-02T10:03:49.701+0000] {logging_mixin.py:137} INFO - Sheila Riddle
[2023-02-02T10:03:49.709+0000] {logging_mixin.py:137} INFO - Joan Austin
[2023-02-02T10:03:49.711+0000] {logging_mixin.py:137} INFO - Michael Garcia
[2023-02-02T10:03:49.712+0000] {logging_mixin.py:137} INFO - Natalie Harris
[2023-02-02T10:03:49.715+0000] {logging_mixin.py:137} INFO - Steven Dean
[2023-02-02T10:03:49.716+0000] {logging_mixin.py:137} INFO - John Brown
[2023-02-02T10:03:49.717+0000] {logging_mixin.py:137} INFO - Keith Zimmerman
[2023-02-02T10:03:49.722+0000] {logging_mixin.py:137} INFO - Curtis Byrd
[2023-02-02T10:03:49.727+0000] {logging_mixin.py:137} INFO - Mariah Green
[2023-02-02T10:03:49.730+0000] {logging_mixin.py:137} INFO - Roger Huynh
[2023-02-02T10:03:49.738+0000] {logging_mixin.py:137} INFO - Christopher Zamora
[2023-02-02T10:03:49.746+0000] {logging_mixin.py:137} INFO - Joyce Crawford
[2023-02-02T10:03:49.754+0000] {logging_mixin.py:137} INFO - Angela Smith
[2023-02-02T10:03:49.758+0000] {logging_mixin.py:137} INFO - Veronica Robinson
[2023-02-02T10:03:49.761+0000] {logging_mixin.py:137} INFO - Christopher Bates
[2023-02-02T10:03:49.766+0000] {logging_mixin.py:137} INFO - Steve Stone
[2023-02-02T10:03:49.770+0000] {logging_mixin.py:137} INFO - William Cook
[2023-02-02T10:03:49.772+0000] {logging_mixin.py:137} INFO - Lori Wood
[2023-02-02T10:03:49.779+0000] {logging_mixin.py:137} INFO - Jillian Reynolds
[2023-02-02T10:03:49.786+0000] {logging_mixin.py:137} INFO - Angela Caldwell
[2023-02-02T10:03:49.792+0000] {logging_mixin.py:137} INFO - Shane Campbell
[2023-02-02T10:03:49.799+0000] {logging_mixin.py:137} INFO - Karen Lawrence
[2023-02-02T10:03:49.803+0000] {logging_mixin.py:137} INFO - Kimberly Wood
[2023-02-02T10:03:49.805+0000] {logging_mixin.py:137} INFO - Samantha Lopez
[2023-02-02T10:03:49.812+0000] {logging_mixin.py:137} INFO - Harold Miller
[2023-02-02T10:03:49.815+0000] {logging_mixin.py:137} INFO - Raymond Cooper DVM
[2023-02-02T10:03:49.818+0000] {logging_mixin.py:137} INFO - Kristen Patel
[2023-02-02T10:03:49.821+0000] {logging_mixin.py:137} INFO - Anthony Mejia
[2023-02-02T10:03:49.829+0000] {logging_mixin.py:137} INFO - Raymond Thomas
[2023-02-02T10:03:49.833+0000] {logging_mixin.py:137} INFO - Scott Young
[2023-02-02T10:03:49.840+0000] {logging_mixin.py:137} INFO - David Larson
[2023-02-02T10:03:49.852+0000] {logging_mixin.py:137} INFO - Jon Murray
[2023-02-02T10:03:49.856+0000] {logging_mixin.py:137} INFO - Stephen Taylor
[2023-02-02T10:03:49.857+0000] {logging_mixin.py:137} INFO - Jennifer Hernandez
[2023-02-02T10:03:49.860+0000] {logging_mixin.py:137} INFO - Stacy Smith
[2023-02-02T10:03:49.862+0000] {logging_mixin.py:137} INFO - Juan Owens
[2023-02-02T10:03:49.863+0000] {logging_mixin.py:137} INFO - Brian Adkins
[2023-02-02T10:03:49.864+0000] {logging_mixin.py:137} INFO - Jesse Wells
[2023-02-02T10:03:49.868+0000] {logging_mixin.py:137} INFO - Kyle Matthews
[2023-02-02T10:03:49.869+0000] {logging_mixin.py:137} INFO - Dustin Russell
[2023-02-02T10:03:49.870+0000] {logging_mixin.py:137} INFO - Richard White
[2023-02-02T10:03:49.871+0000] {logging_mixin.py:137} INFO - Brittany Nichols
[2023-02-02T10:03:49.872+0000] {logging_mixin.py:137} INFO - Colton Kelly
[2023-02-02T10:03:49.873+0000] {logging_mixin.py:137} INFO - William Perry
[2023-02-02T10:03:49.874+0000] {logging_mixin.py:137} INFO - Thomas Cummings
[2023-02-02T10:03:49.876+0000] {logging_mixin.py:137} INFO - Timothy Ballard
[2023-02-02T10:03:49.877+0000] {logging_mixin.py:137} INFO - Richard Washington
[2023-02-02T10:03:49.879+0000] {logging_mixin.py:137} INFO - Joshua Lam
[2023-02-02T10:03:49.880+0000] {logging_mixin.py:137} INFO - Grant Jackson
[2023-02-02T10:03:49.881+0000] {logging_mixin.py:137} INFO - Erin Baker
[2023-02-02T10:03:49.882+0000] {logging_mixin.py:137} INFO - Scott Flowers
[2023-02-02T10:03:49.884+0000] {logging_mixin.py:137} INFO - James Adams
[2023-02-02T10:03:49.885+0000] {logging_mixin.py:137} INFO - Heather Alvarado
[2023-02-02T10:03:49.887+0000] {logging_mixin.py:137} INFO - Jennifer Snow
[2023-02-02T10:03:49.888+0000] {logging_mixin.py:137} INFO - Mario Jackson
[2023-02-02T10:03:49.889+0000] {logging_mixin.py:137} INFO - Kevin Collins
[2023-02-02T10:03:49.890+0000] {logging_mixin.py:137} INFO - Danielle Garcia
[2023-02-02T10:03:49.894+0000] {logging_mixin.py:137} INFO - Brenda Jackson
[2023-02-02T10:03:49.896+0000] {logging_mixin.py:137} INFO - Ashley Parker
[2023-02-02T10:03:49.899+0000] {logging_mixin.py:137} INFO - Angela Hickman
[2023-02-02T10:03:49.901+0000] {logging_mixin.py:137} INFO - Carol Rodriguez
[2023-02-02T10:03:49.903+0000] {logging_mixin.py:137} INFO - Vernon Anderson
[2023-02-02T10:03:49.905+0000] {logging_mixin.py:137} INFO - Jesus Church
[2023-02-02T10:03:49.906+0000] {logging_mixin.py:137} INFO - Michelle Medina
[2023-02-02T10:03:49.907+0000] {logging_mixin.py:137} INFO - Nancy Bryant
[2023-02-02T10:03:49.910+0000] {logging_mixin.py:137} INFO - Jennifer Martinez
[2023-02-02T10:03:49.913+0000] {logging_mixin.py:137} INFO - Amy Dougherty
[2023-02-02T10:03:49.915+0000] {logging_mixin.py:137} INFO - Alexis Sanders
[2023-02-02T10:03:49.918+0000] {logging_mixin.py:137} INFO - Austin Salazar
[2023-02-02T10:03:49.922+0000] {logging_mixin.py:137} INFO - Amy Williams
[2023-02-02T10:03:49.930+0000] {logging_mixin.py:137} INFO - Richard Haynes
[2023-02-02T10:03:49.931+0000] {logging_mixin.py:137} INFO - Christine Stark
[2023-02-02T10:03:49.934+0000] {logging_mixin.py:137} INFO - Anita Medina
[2023-02-02T10:03:49.935+0000] {logging_mixin.py:137} INFO - Mr. Thomas Duran
[2023-02-02T10:03:49.936+0000] {logging_mixin.py:137} INFO - Mr. Russell Peterson
[2023-02-02T10:03:49.938+0000] {logging_mixin.py:137} INFO - Jack Richard
[2023-02-02T10:03:49.939+0000] {logging_mixin.py:137} INFO - Michelle Erickson
[2023-02-02T10:03:49.940+0000] {logging_mixin.py:137} INFO - Mitchell Williams
[2023-02-02T10:03:49.943+0000] {logging_mixin.py:137} INFO - Adrian Herrera
[2023-02-02T10:03:49.945+0000] {logging_mixin.py:137} INFO - Michael Brady
[2023-02-02T10:03:49.952+0000] {logging_mixin.py:137} INFO - Jamie Zhang
[2023-02-02T10:03:49.960+0000] {logging_mixin.py:137} INFO - Helen Brennan
[2023-02-02T10:03:49.966+0000] {logging_mixin.py:137} INFO - John Myers
[2023-02-02T10:03:49.972+0000] {logging_mixin.py:137} INFO - Patricia Nash
[2023-02-02T10:03:49.974+0000] {logging_mixin.py:137} INFO - Michael Johnson
[2023-02-02T10:03:49.975+0000] {logging_mixin.py:137} INFO - Anita Berger
[2023-02-02T10:03:49.977+0000] {logging_mixin.py:137} INFO - Jason Guerrero DVM
[2023-02-02T10:03:49.978+0000] {logging_mixin.py:137} INFO - Kimberly Davis
[2023-02-02T10:03:49.980+0000] {logging_mixin.py:137} INFO - Bryan Hansen
[2023-02-02T10:03:49.982+0000] {logging_mixin.py:137} INFO - Rebecca Obrien
[2023-02-02T10:03:49.984+0000] {logging_mixin.py:137} INFO - Sarah Santiago
[2023-02-02T10:03:49.986+0000] {logging_mixin.py:137} INFO - Christine Lane
[2023-02-02T10:03:49.992+0000] {logging_mixin.py:137} INFO - Jerry Lewis
[2023-02-02T10:03:49.994+0000] {logging_mixin.py:137} INFO - Stephanie Miller
[2023-02-02T10:03:49.996+0000] {logging_mixin.py:137} INFO - Kristi Bradley
[2023-02-02T10:03:50.002+0000] {logging_mixin.py:137} INFO - Darren Moore
[2023-02-02T10:03:50.009+0000] {logging_mixin.py:137} INFO - Kristina Cunningham
[2023-02-02T10:03:50.017+0000] {logging_mixin.py:137} INFO - Laurie Moore
[2023-02-02T10:03:50.019+0000] {logging_mixin.py:137} INFO - Aaron Lewis
[2023-02-02T10:03:50.021+0000] {logging_mixin.py:137} INFO - Theresa Vang
[2023-02-02T10:03:50.023+0000] {logging_mixin.py:137} INFO - Chase Reese
[2023-02-02T10:03:50.025+0000] {logging_mixin.py:137} INFO - Matthew Ferguson
[2023-02-02T10:03:50.030+0000] {logging_mixin.py:137} INFO - Victoria Lewis
[2023-02-02T10:03:50.037+0000] {logging_mixin.py:137} INFO - Jon Scott
[2023-02-02T10:03:50.038+0000] {logging_mixin.py:137} INFO - Lisa Campbell
[2023-02-02T10:03:50.042+0000] {logging_mixin.py:137} INFO - David Ramirez
[2023-02-02T10:03:50.044+0000] {logging_mixin.py:137} INFO - Gabriel Rosario
[2023-02-02T10:03:50.047+0000] {logging_mixin.py:137} INFO - Kristi Johnson
[2023-02-02T10:03:50.054+0000] {logging_mixin.py:137} INFO - Jennifer Schwartz
[2023-02-02T10:03:50.057+0000] {logging_mixin.py:137} INFO - Daniel Norton
[2023-02-02T10:03:50.061+0000] {logging_mixin.py:137} INFO - Richard Montoya
[2023-02-02T10:03:50.064+0000] {logging_mixin.py:137} INFO - Daniel Norris
[2023-02-02T10:03:50.078+0000] {logging_mixin.py:137} INFO - Chad Taylor
[2023-02-02T10:03:50.082+0000] {logging_mixin.py:137} INFO - Angie Allen
[2023-02-02T10:03:50.088+0000] {logging_mixin.py:137} INFO - Michael Brooks
[2023-02-02T10:03:50.091+0000] {logging_mixin.py:137} INFO - Hannah Poole
[2023-02-02T10:03:50.093+0000] {logging_mixin.py:137} INFO - Caitlin Ray
[2023-02-02T10:03:50.095+0000] {logging_mixin.py:137} INFO - Mr. Steven Gardner
[2023-02-02T10:03:50.102+0000] {logging_mixin.py:137} INFO - Jennifer Macdonald
[2023-02-02T10:03:50.105+0000] {logging_mixin.py:137} INFO - Vanessa Small
[2023-02-02T10:03:50.108+0000] {logging_mixin.py:137} INFO - Dennis Gray
[2023-02-02T10:03:50.116+0000] {logging_mixin.py:137} INFO - Sandra Kirk
[2023-02-02T10:03:50.118+0000] {logging_mixin.py:137} INFO - Jason Wagner
[2023-02-02T10:03:50.120+0000] {logging_mixin.py:137} INFO - David Owen
[2023-02-02T10:03:50.123+0000] {logging_mixin.py:137} INFO - Rose Terrell
[2023-02-02T10:03:50.126+0000] {logging_mixin.py:137} INFO - James Green MD
[2023-02-02T10:03:50.132+0000] {logging_mixin.py:137} INFO - Tammy Patel
[2023-02-02T10:03:50.138+0000] {logging_mixin.py:137} INFO - Joseph Lucero
[2023-02-02T10:03:50.141+0000] {logging_mixin.py:137} INFO - Stephanie Rojas
[2023-02-02T10:03:50.144+0000] {logging_mixin.py:137} INFO - Brittany Johnson
[2023-02-02T10:03:50.147+0000] {logging_mixin.py:137} INFO - Christina Cummings
[2023-02-02T10:03:50.150+0000] {logging_mixin.py:137} INFO - Eric Downs
[2023-02-02T10:03:50.153+0000] {logging_mixin.py:137} INFO - Paul Finley
[2023-02-02T10:03:50.156+0000] {logging_mixin.py:137} INFO - Danielle Jackson
[2023-02-02T10:03:50.162+0000] {logging_mixin.py:137} INFO - Anna Johnston
[2023-02-02T10:03:50.167+0000] {logging_mixin.py:137} INFO - Ashlee Hodges
[2023-02-02T10:03:50.173+0000] {logging_mixin.py:137} INFO - Thomas Francis
[2023-02-02T10:03:50.175+0000] {logging_mixin.py:137} INFO - Cody Baird
[2023-02-02T10:03:50.177+0000] {logging_mixin.py:137} INFO - Jeffrey Walter
[2023-02-02T10:03:50.179+0000] {logging_mixin.py:137} INFO - Hannah West
[2023-02-02T10:03:50.184+0000] {logging_mixin.py:137} INFO - Anthony Byrd
[2023-02-02T10:03:50.186+0000] {logging_mixin.py:137} INFO - Julie Ramirez
[2023-02-02T10:03:50.187+0000] {logging_mixin.py:137} INFO - Seth Peters
[2023-02-02T10:03:50.188+0000] {logging_mixin.py:137} INFO - Keith Salas
[2023-02-02T10:03:50.191+0000] {logging_mixin.py:137} INFO - Kathryn Evans
[2023-02-02T10:03:50.192+0000] {logging_mixin.py:137} INFO - Dr. Maria Scott
[2023-02-02T10:03:50.194+0000] {logging_mixin.py:137} INFO - Brenda Thomas
[2023-02-02T10:03:50.197+0000] {logging_mixin.py:137} INFO - Travis Douglas
[2023-02-02T10:03:50.199+0000] {logging_mixin.py:137} INFO - Kurt Santos
[2023-02-02T10:03:50.201+0000] {logging_mixin.py:137} INFO - Sean Parrish
[2023-02-02T10:03:50.205+0000] {logging_mixin.py:137} INFO - Brittany Walls
[2023-02-02T10:03:50.207+0000] {logging_mixin.py:137} INFO - Gail Brooks
[2023-02-02T10:03:50.209+0000] {logging_mixin.py:137} INFO - Valerie Johnson
[2023-02-02T10:03:50.211+0000] {logging_mixin.py:137} INFO - Jessica Dunn
[2023-02-02T10:03:50.218+0000] {logging_mixin.py:137} INFO - Chad Robinson
[2023-02-02T10:03:50.220+0000] {logging_mixin.py:137} INFO - Catherine Combs
[2023-02-02T10:03:50.222+0000] {logging_mixin.py:137} INFO - Joshua Boyd
[2023-02-02T10:03:50.224+0000] {logging_mixin.py:137} INFO - Alicia Barnett DVM
[2023-02-02T10:03:50.227+0000] {logging_mixin.py:137} INFO - Kevin Cervantes
[2023-02-02T10:03:50.237+0000] {logging_mixin.py:137} INFO - Larry Lester
[2023-02-02T10:03:50.241+0000] {logging_mixin.py:137} INFO - Deanna Espinoza
[2023-02-02T10:03:50.246+0000] {logging_mixin.py:137} INFO - Marilyn Davis
[2023-02-02T10:03:50.248+0000] {logging_mixin.py:137} INFO - Michael Weeks
[2023-02-02T10:03:50.250+0000] {logging_mixin.py:137} INFO - Brandon Stanton
[2023-02-02T10:03:50.254+0000] {logging_mixin.py:137} INFO - Ryan Boyer Jr.
[2023-02-02T10:03:50.256+0000] {logging_mixin.py:137} INFO - Amanda Elliott
[2023-02-02T10:03:50.257+0000] {logging_mixin.py:137} INFO - David Moore
[2023-02-02T10:03:50.259+0000] {logging_mixin.py:137} INFO - Andre Williams
[2023-02-02T10:03:50.261+0000] {logging_mixin.py:137} INFO - Jennifer Garcia
[2023-02-02T10:03:50.262+0000] {logging_mixin.py:137} INFO - Tracey Cook
[2023-02-02T10:03:50.264+0000] {logging_mixin.py:137} INFO - Michael Turner
[2023-02-02T10:03:50.265+0000] {logging_mixin.py:137} INFO - Diana Long
[2023-02-02T10:03:50.266+0000] {logging_mixin.py:137} INFO - John Bradley
[2023-02-02T10:03:50.267+0000] {logging_mixin.py:137} INFO - Ann Benjamin
[2023-02-02T10:03:50.269+0000] {logging_mixin.py:137} INFO - Shane House
[2023-02-02T10:03:50.272+0000] {logging_mixin.py:137} INFO - Erin Lee
[2023-02-02T10:03:50.279+0000] {logging_mixin.py:137} INFO - Joseph Gray
[2023-02-02T10:03:50.281+0000] {logging_mixin.py:137} INFO - Betty Gibson
[2023-02-02T10:03:50.283+0000] {logging_mixin.py:137} INFO - Kristen Graham
[2023-02-02T10:03:50.284+0000] {logging_mixin.py:137} INFO - Daniel Meza
[2023-02-02T10:03:50.288+0000] {logging_mixin.py:137} INFO - Sherri Carpenter
[2023-02-02T10:03:50.290+0000] {logging_mixin.py:137} INFO - Andrea Sanchez
[2023-02-02T10:03:50.291+0000] {logging_mixin.py:137} INFO - Jordan Rios
[2023-02-02T10:03:50.293+0000] {logging_mixin.py:137} INFO - Elizabeth Jackson
[2023-02-02T10:03:50.295+0000] {logging_mixin.py:137} INFO - Elizabeth Myers
[2023-02-02T10:03:50.296+0000] {logging_mixin.py:137} INFO - Juan Barnes
[2023-02-02T10:03:50.298+0000] {logging_mixin.py:137} INFO - Christopher Lozano
[2023-02-02T10:03:50.300+0000] {logging_mixin.py:137} INFO - Jacqueline Griffin
[2023-02-02T10:03:50.301+0000] {logging_mixin.py:137} INFO - Ryan Mason
[2023-02-02T10:03:50.303+0000] {logging_mixin.py:137} INFO - Jonathan Moore
[2023-02-02T10:03:50.305+0000] {logging_mixin.py:137} INFO - Abigail Landry
[2023-02-02T10:03:50.317+0000] {logging_mixin.py:137} INFO - Brenda Hernandez
[2023-02-02T10:03:50.325+0000] {logging_mixin.py:137} INFO - Zachary Pitts
[2023-02-02T10:03:50.327+0000] {logging_mixin.py:137} INFO - Amanda Rogers
[2023-02-02T10:03:50.335+0000] {logging_mixin.py:137} INFO - Cynthia Gray
[2023-02-02T10:03:50.338+0000] {logging_mixin.py:137} INFO - Tyler Barajas
[2023-02-02T10:03:50.341+0000] {logging_mixin.py:137} INFO - Michelle Leon
[2023-02-02T10:03:50.343+0000] {logging_mixin.py:137} INFO - Kathy Lang
[2023-02-02T10:03:50.346+0000] {logging_mixin.py:137} INFO - Scott Townsend MD
[2023-02-02T10:03:50.353+0000] {logging_mixin.py:137} INFO - Theresa Acosta
[2023-02-02T10:03:50.361+0000] {logging_mixin.py:137} INFO - David Jones
[2023-02-02T10:03:50.363+0000] {logging_mixin.py:137} INFO - Jeremy Robinson
[2023-02-02T10:03:50.364+0000] {logging_mixin.py:137} INFO - James Newton
[2023-02-02T10:03:50.366+0000] {logging_mixin.py:137} INFO - Tracey Wells
[2023-02-02T10:03:50.375+0000] {logging_mixin.py:137} INFO - Maria Nelson
[2023-02-02T10:03:50.376+0000] {logging_mixin.py:137} INFO - Christopher Griffith
[2023-02-02T10:03:50.378+0000] {logging_mixin.py:137} INFO - Zachary Griffin
[2023-02-02T10:03:50.381+0000] {logging_mixin.py:137} INFO - Amy Nguyen
[2023-02-02T10:03:50.384+0000] {logging_mixin.py:137} INFO - April Williams
[2023-02-02T10:03:50.386+0000] {logging_mixin.py:137} INFO - Marissa Kelly
[2023-02-02T10:03:50.388+0000] {logging_mixin.py:137} INFO - Brian Lopez PhD
[2023-02-02T10:03:50.392+0000] {logging_mixin.py:137} INFO - William Williams
[2023-02-02T10:03:50.396+0000] {logging_mixin.py:137} INFO - Norman Brown
[2023-02-02T10:03:50.400+0000] {logging_mixin.py:137} INFO - Charles Fuentes
[2023-02-02T10:03:50.404+0000] {logging_mixin.py:137} INFO - Anthony Chang
[2023-02-02T10:03:50.406+0000] {logging_mixin.py:137} INFO - Mary Bell
[2023-02-02T10:03:50.411+0000] {logging_mixin.py:137} INFO - Elizabeth Stuart
[2023-02-02T10:03:50.414+0000] {logging_mixin.py:137} INFO - Mary Mcdonald
[2023-02-02T10:03:50.421+0000] {logging_mixin.py:137} INFO - Martin Harrison
[2023-02-02T10:03:50.423+0000] {logging_mixin.py:137} INFO - Stephanie Fernandez
[2023-02-02T10:03:50.425+0000] {logging_mixin.py:137} INFO - Christopher Brown
[2023-02-02T10:03:50.432+0000] {logging_mixin.py:137} INFO - Alexander Stephenson
[2023-02-02T10:03:50.434+0000] {logging_mixin.py:137} INFO - Grace Diaz
[2023-02-02T10:03:50.436+0000] {logging_mixin.py:137} INFO - Frank Bartlett
[2023-02-02T10:03:50.440+0000] {logging_mixin.py:137} INFO - Audrey Andersen
[2023-02-02T10:03:50.442+0000] {logging_mixin.py:137} INFO - David Green
[2023-02-02T10:03:50.445+0000] {logging_mixin.py:137} INFO - Joshua Diaz Jr.
[2023-02-02T10:03:50.447+0000] {logging_mixin.py:137} INFO - Emily Garcia
[2023-02-02T10:03:50.450+0000] {logging_mixin.py:137} INFO - Devin Hall
[2023-02-02T10:03:50.451+0000] {logging_mixin.py:137} INFO - Phillip Garner
[2023-02-02T10:03:50.454+0000] {logging_mixin.py:137} INFO - Katherine Estrada
[2023-02-02T10:03:50.457+0000] {logging_mixin.py:137} INFO - Corey Saunders
[2023-02-02T10:03:50.460+0000] {logging_mixin.py:137} INFO - Kimberly Collins
[2023-02-02T10:03:50.463+0000] {logging_mixin.py:137} INFO - Amy Elliott
[2023-02-02T10:03:50.464+0000] {logging_mixin.py:137} INFO - Tanya Jones
[2023-02-02T10:03:50.466+0000] {logging_mixin.py:137} INFO - Patricia Gonzalez
[2023-02-02T10:03:50.468+0000] {logging_mixin.py:137} INFO - Jennifer Hill
[2023-02-02T10:03:50.469+0000] {logging_mixin.py:137} INFO - John Haynes
[2023-02-02T10:03:50.471+0000] {logging_mixin.py:137} INFO - Jacob Henry
[2023-02-02T10:03:50.473+0000] {logging_mixin.py:137} INFO - Daniel Clark
[2023-02-02T10:03:50.474+0000] {logging_mixin.py:137} INFO - Jonathon Taylor
[2023-02-02T10:03:50.476+0000] {logging_mixin.py:137} INFO - Jesse Evans
[2023-02-02T10:03:50.478+0000] {logging_mixin.py:137} INFO - James Martinez
[2023-02-02T10:03:50.487+0000] {logging_mixin.py:137} INFO - Kyle Reyes
[2023-02-02T10:03:50.494+0000] {logging_mixin.py:137} INFO - Terrence Barker
[2023-02-02T10:03:50.505+0000] {logging_mixin.py:137} INFO - Anthony Washington
[2023-02-02T10:03:50.507+0000] {logging_mixin.py:137} INFO - Dustin Le
[2023-02-02T10:03:50.509+0000] {logging_mixin.py:137} INFO - Bruce Clark
[2023-02-02T10:03:50.511+0000] {logging_mixin.py:137} INFO - Keith Anthony
[2023-02-02T10:03:50.512+0000] {logging_mixin.py:137} INFO - Jeremiah Stone
[2023-02-02T10:03:50.516+0000] {logging_mixin.py:137} INFO - Michael Haley
[2023-02-02T10:03:50.519+0000] {logging_mixin.py:137} INFO - Regina Carrillo
[2023-02-02T10:03:50.522+0000] {logging_mixin.py:137} INFO - Jacob Lee
[2023-02-02T10:03:50.524+0000] {logging_mixin.py:137} INFO - Thomas Gonzalez
[2023-02-02T10:03:50.528+0000] {logging_mixin.py:137} INFO - Mark Lawrence
[2023-02-02T10:03:50.537+0000] {logging_mixin.py:137} INFO - Matthew Anderson
[2023-02-02T10:03:50.540+0000] {logging_mixin.py:137} INFO - Nicholas Young
[2023-02-02T10:03:50.544+0000] {logging_mixin.py:137} INFO - Melvin Martinez
[2023-02-02T10:03:50.557+0000] {logging_mixin.py:137} INFO - Scott Green
[2023-02-02T10:03:50.562+0000] {logging_mixin.py:137} INFO - Dana Richards
[2023-02-02T10:03:50.564+0000] {logging_mixin.py:137} INFO - Lauren Moore
[2023-02-02T10:03:50.569+0000] {logging_mixin.py:137} INFO - Terry Campbell
[2023-02-02T10:03:50.570+0000] {logging_mixin.py:137} INFO - Ralph Jordan
[2023-02-02T10:03:50.573+0000] {logging_mixin.py:137} INFO - Noah Reyes
[2023-02-02T10:03:50.579+0000] {logging_mixin.py:137} INFO - Mr. Gregory Mills MD
[2023-02-02T10:03:50.584+0000] {logging_mixin.py:137} INFO - Michelle Yates
[2023-02-02T10:03:50.586+0000] {logging_mixin.py:137} INFO - Robin Reyes
[2023-02-02T10:03:50.589+0000] {logging_mixin.py:137} INFO - Rebecca Smith
[2023-02-02T10:03:50.591+0000] {logging_mixin.py:137} INFO - Nicole Torres
[2023-02-02T10:03:50.600+0000] {logging_mixin.py:137} INFO - Ronald Jones
[2023-02-02T10:03:50.603+0000] {logging_mixin.py:137} INFO - Michael Castaneda
[2023-02-02T10:03:50.607+0000] {logging_mixin.py:137} INFO - Christopher Krueger
[2023-02-02T10:03:50.610+0000] {logging_mixin.py:137} INFO - Jennifer Werner
[2023-02-02T10:03:50.616+0000] {logging_mixin.py:137} INFO - Ashley Smith
[2023-02-02T10:03:50.621+0000] {logging_mixin.py:137} INFO - Alyssa Fields
[2023-02-02T10:03:50.634+0000] {logging_mixin.py:137} INFO - John Scott
[2023-02-02T10:03:50.636+0000] {logging_mixin.py:137} INFO - Debra Delacruz
[2023-02-02T10:03:50.641+0000] {logging_mixin.py:137} INFO - James Madden
[2023-02-02T10:03:50.649+0000] {logging_mixin.py:137} INFO - Joseph Gentry
[2023-02-02T10:03:50.651+0000] {logging_mixin.py:137} INFO - Ashley Cabrera
[2023-02-02T10:03:50.655+0000] {logging_mixin.py:137} INFO - Jennifer Fernandez
[2023-02-02T10:03:50.658+0000] {logging_mixin.py:137} INFO - James Harris
[2023-02-02T10:03:50.666+0000] {logging_mixin.py:137} INFO - Candice Young
[2023-02-02T10:03:50.671+0000] {logging_mixin.py:137} INFO - Lisa Baker
[2023-02-02T10:03:50.679+0000] {logging_mixin.py:137} INFO - Brian Mills DDS
[2023-02-02T10:03:50.683+0000] {logging_mixin.py:137} INFO - Kristin Smith
[2023-02-02T10:03:50.685+0000] {logging_mixin.py:137} INFO - Jacob Collins
[2023-02-02T10:03:50.687+0000] {logging_mixin.py:137} INFO - Kimberly Harris
[2023-02-02T10:03:50.694+0000] {logging_mixin.py:137} INFO - Michael Hull
[2023-02-02T10:03:50.696+0000] {logging_mixin.py:137} INFO - Caitlin Todd
[2023-02-02T10:03:50.702+0000] {logging_mixin.py:137} INFO - Lisa Harris
[2023-02-02T10:03:50.706+0000] {logging_mixin.py:137} INFO - Mrs. Ann Stone
[2023-02-02T10:03:50.717+0000] {logging_mixin.py:137} INFO - Michelle Case
[2023-02-02T10:03:50.719+0000] {logging_mixin.py:137} INFO - Joe Lowe
[2023-02-02T10:03:50.724+0000] {logging_mixin.py:137} INFO - Randall Dunn
[2023-02-02T10:03:50.733+0000] {logging_mixin.py:137} INFO - Paula Vargas
[2023-02-02T10:03:50.736+0000] {logging_mixin.py:137} INFO - Daniel Walker
[2023-02-02T10:03:50.745+0000] {logging_mixin.py:137} INFO - James Jackson
[2023-02-02T10:03:50.748+0000] {logging_mixin.py:137} INFO - Shirley Woodard
[2023-02-02T10:03:50.751+0000] {logging_mixin.py:137} INFO - James Hayes
[2023-02-02T10:03:50.754+0000] {logging_mixin.py:137} INFO - Megan Austin
[2023-02-02T10:03:50.757+0000] {logging_mixin.py:137} INFO - Erin Robertson
[2023-02-02T10:03:50.762+0000] {logging_mixin.py:137} INFO - Robert Phillips
[2023-02-02T10:03:50.783+0000] {logging_mixin.py:137} INFO - Amy Torres
[2023-02-02T10:03:50.787+0000] {logging_mixin.py:137} INFO - Joshua Cox
[2023-02-02T10:03:50.790+0000] {logging_mixin.py:137} INFO - Duane Grimes
[2023-02-02T10:03:50.793+0000] {logging_mixin.py:137} INFO - Jennifer Burgess
[2023-02-02T10:03:50.795+0000] {logging_mixin.py:137} INFO - Carlos Duran
[2023-02-02T10:03:50.799+0000] {logging_mixin.py:137} INFO - Jason Johnson
[2023-02-02T10:03:50.803+0000] {logging_mixin.py:137} INFO - Cameron Greer
[2023-02-02T10:03:50.823+0000] {logging_mixin.py:137} INFO - Randall Williams
[2023-02-02T10:03:50.831+0000] {logging_mixin.py:137} INFO - Jessica Harris
[2023-02-02T10:03:50.845+0000] {logging_mixin.py:137} INFO - Joshua Rogers
[2023-02-02T10:03:50.855+0000] {logging_mixin.py:137} INFO - Jose Mahoney
[2023-02-02T10:03:50.875+0000] {logging_mixin.py:137} INFO - Brandy Fuentes
[2023-02-02T10:03:50.879+0000] {logging_mixin.py:137} INFO - Angelica Matthews
[2023-02-02T10:03:50.881+0000] {logging_mixin.py:137} INFO - Glenn Caldwell
[2023-02-02T10:03:50.885+0000] {logging_mixin.py:137} INFO - Cristian Delacruz
[2023-02-02T10:03:50.886+0000] {logging_mixin.py:137} INFO - Alexandra Price
[2023-02-02T10:03:50.888+0000] {logging_mixin.py:137} INFO - Heather Wilson
[2023-02-02T10:03:50.890+0000] {logging_mixin.py:137} INFO - Shawn Thompson
[2023-02-02T10:03:50.892+0000] {logging_mixin.py:137} INFO - Anna Daniel
[2023-02-02T10:03:50.893+0000] {logging_mixin.py:137} INFO - Joseph Cisneros
[2023-02-02T10:03:50.895+0000] {logging_mixin.py:137} INFO - Rebecca Estes
[2023-02-02T10:03:50.897+0000] {logging_mixin.py:137} INFO - Jeremy Porter
[2023-02-02T10:03:50.900+0000] {logging_mixin.py:137} INFO - Lisa Mann
[2023-02-02T10:03:50.902+0000] {logging_mixin.py:137} INFO - Michael Woods
[2023-02-02T10:03:50.908+0000] {logging_mixin.py:137} INFO - Madison Thompson
[2023-02-02T10:03:50.915+0000] {logging_mixin.py:137} INFO - Nancy Gomez
[2023-02-02T10:03:50.920+0000] {logging_mixin.py:137} INFO - Julie Blanchard
[2023-02-02T10:03:50.927+0000] {logging_mixin.py:137} INFO - Michael Smith
[2023-02-02T10:03:50.938+0000] {logging_mixin.py:137} INFO - Angel Huber
[2023-02-02T10:03:50.941+0000] {logging_mixin.py:137} INFO - Michael Coffey
[2023-02-02T10:03:50.943+0000] {logging_mixin.py:137} INFO - Patrick Walter
[2023-02-02T10:03:50.945+0000] {logging_mixin.py:137} INFO - Curtis Davis
[2023-02-02T10:03:50.949+0000] {logging_mixin.py:137} INFO - Kyle Stewart
[2023-02-02T10:03:50.951+0000] {logging_mixin.py:137} INFO - Angela Jimenez
[2023-02-02T10:03:50.953+0000] {logging_mixin.py:137} INFO - Andrew Martinez
[2023-02-02T10:03:50.955+0000] {logging_mixin.py:137} INFO - Angela West
[2023-02-02T10:03:50.959+0000] {logging_mixin.py:137} INFO - Ryan Young
[2023-02-02T10:03:50.961+0000] {logging_mixin.py:137} INFO - Nathaniel Evans
[2023-02-02T10:03:50.963+0000] {logging_mixin.py:137} INFO - Dawn Bryant
[2023-02-02T10:03:50.985+0000] {logging_mixin.py:137} INFO - Danielle Lewis
[2023-02-02T10:03:50.996+0000] {logging_mixin.py:137} INFO - Matthew Newman
[2023-02-02T10:03:51.005+0000] {logging_mixin.py:137} INFO - Robert Smith
[2023-02-02T10:03:51.013+0000] {logging_mixin.py:137} INFO - Melissa Hicks
[2023-02-02T10:03:51.030+0000] {logging_mixin.py:137} INFO - Emily Lambert
[2023-02-02T10:03:51.054+0000] {logging_mixin.py:137} INFO - Krystal Wolfe
[2023-02-02T10:03:51.076+0000] {logging_mixin.py:137} INFO - Donna Murillo
[2023-02-02T10:03:51.080+0000] {logging_mixin.py:137} INFO - Carl Hudson
[2023-02-02T10:03:51.082+0000] {logging_mixin.py:137} INFO - Robert Wilson
[2023-02-02T10:03:51.083+0000] {logging_mixin.py:137} INFO - Patrick Mathis
[2023-02-02T10:03:51.084+0000] {logging_mixin.py:137} INFO - Michael Suarez
[2023-02-02T10:03:51.086+0000] {logging_mixin.py:137} INFO - David Johnson
[2023-02-02T10:03:51.088+0000] {logging_mixin.py:137} INFO - William Thompson
[2023-02-02T10:03:51.089+0000] {logging_mixin.py:137} INFO - Jessica Hansen DVM
[2023-02-02T10:03:51.091+0000] {logging_mixin.py:137} INFO - Katherine Friedman
[2023-02-02T10:03:51.093+0000] {logging_mixin.py:137} INFO - Jillian Johnson
[2023-02-02T10:03:51.094+0000] {logging_mixin.py:137} INFO - Robert Mckee
[2023-02-02T10:03:51.096+0000] {logging_mixin.py:137} INFO - Rachel Little
[2023-02-02T10:03:51.098+0000] {logging_mixin.py:137} INFO - Patricia Smith
[2023-02-02T10:03:51.099+0000] {logging_mixin.py:137} INFO - Heidi Martinez
[2023-02-02T10:03:51.100+0000] {logging_mixin.py:137} INFO - Caitlin Solomon
[2023-02-02T10:03:51.102+0000] {logging_mixin.py:137} INFO - Dr. Olivia Pugh
[2023-02-02T10:03:51.103+0000] {logging_mixin.py:137} INFO - John Steele DDS
[2023-02-02T10:03:51.104+0000] {logging_mixin.py:137} INFO - Jeremy Mathews
[2023-02-02T10:03:51.107+0000] {logging_mixin.py:137} INFO - Tiffany Hill
[2023-02-02T10:03:51.108+0000] {logging_mixin.py:137} INFO - Steven Edwards
[2023-02-02T10:03:51.110+0000] {logging_mixin.py:137} INFO - Charles Campbell
[2023-02-02T10:03:51.114+0000] {logging_mixin.py:137} INFO - Brett Hughes
[2023-02-02T10:03:51.115+0000] {logging_mixin.py:137} INFO - Christina Villegas
[2023-02-02T10:03:51.118+0000] {logging_mixin.py:137} INFO - Anthony Garcia
[2023-02-02T10:03:51.121+0000] {logging_mixin.py:137} INFO - Nathan Murphy
[2023-02-02T10:03:51.127+0000] {logging_mixin.py:137} INFO - Steven Dodson
[2023-02-02T10:03:51.129+0000] {logging_mixin.py:137} INFO - Brian Sullivan
[2023-02-02T10:03:51.130+0000] {logging_mixin.py:137} INFO - Renee White
[2023-02-02T10:03:51.132+0000] {logging_mixin.py:137} INFO - Laura Rowland
[2023-02-02T10:03:51.135+0000] {logging_mixin.py:137} INFO - John Moore
[2023-02-02T10:03:51.138+0000] {logging_mixin.py:137} INFO - Sophia Mckenzie
[2023-02-02T10:03:51.140+0000] {logging_mixin.py:137} INFO - David Roach
[2023-02-02T10:03:51.142+0000] {logging_mixin.py:137} INFO - Jennifer Patterson
[2023-02-02T10:03:51.143+0000] {logging_mixin.py:137} INFO - James Richards
[2023-02-02T10:03:51.145+0000] {logging_mixin.py:137} INFO - Mary Johnston
[2023-02-02T10:03:51.148+0000] {logging_mixin.py:137} INFO - Brandon Mcdaniel
[2023-02-02T10:03:51.156+0000] {logging_mixin.py:137} INFO - Meghan Stevenson
[2023-02-02T10:03:51.160+0000] {logging_mixin.py:137} INFO - Luis Hayes
[2023-02-02T10:03:51.162+0000] {logging_mixin.py:137} INFO - Alejandra Sloan
[2023-02-02T10:03:51.172+0000] {logging_mixin.py:137} INFO - Dr. Sandra Miller
[2023-02-02T10:03:51.174+0000] {logging_mixin.py:137} INFO - Dustin Bond
[2023-02-02T10:03:51.177+0000] {logging_mixin.py:137} INFO - Julia Patrick MD
[2023-02-02T10:03:51.187+0000] {logging_mixin.py:137} INFO - Jill Campbell
[2023-02-02T10:03:51.189+0000] {logging_mixin.py:137} INFO - Mark Ford
[2023-02-02T10:03:51.191+0000] {logging_mixin.py:137} INFO - Brian Long
[2023-02-02T10:03:51.197+0000] {logging_mixin.py:137} INFO - Lisa Peterson
[2023-02-02T10:03:51.200+0000] {logging_mixin.py:137} INFO - Matthew Lee
[2023-02-02T10:03:51.204+0000] {logging_mixin.py:137} INFO - Bradley Miller
[2023-02-02T10:03:51.206+0000] {logging_mixin.py:137} INFO - Jeffrey Moss
[2023-02-02T10:03:51.208+0000] {logging_mixin.py:137} INFO - Sara Carlson
[2023-02-02T10:03:51.210+0000] {logging_mixin.py:137} INFO - Daniel Rodriguez
[2023-02-02T10:03:51.212+0000] {logging_mixin.py:137} INFO - Jeremy David
[2023-02-02T10:03:51.213+0000] {logging_mixin.py:137} INFO - Eric Green
[2023-02-02T10:03:51.215+0000] {logging_mixin.py:137} INFO - Alexis Jones
[2023-02-02T10:03:51.218+0000] {logging_mixin.py:137} INFO - Matthew Rose
[2023-02-02T10:03:51.226+0000] {logging_mixin.py:137} INFO - Catherine Anderson
[2023-02-02T10:03:51.227+0000] {logging_mixin.py:137} INFO - Holly Burton
[2023-02-02T10:03:51.229+0000] {logging_mixin.py:137} INFO - David Matthews
[2023-02-02T10:03:51.230+0000] {logging_mixin.py:137} INFO - Mrs. Kara Little
[2023-02-02T10:03:51.232+0000] {logging_mixin.py:137} INFO - Jeffrey Stanley
[2023-02-02T10:03:51.234+0000] {logging_mixin.py:137} INFO - James Ochoa
[2023-02-02T10:03:51.236+0000] {logging_mixin.py:137} INFO - Jason Frye
[2023-02-02T10:03:51.245+0000] {logging_mixin.py:137} INFO - Christopher Ellis
[2023-02-02T10:03:51.247+0000] {logging_mixin.py:137} INFO - Michelle Nixon
[2023-02-02T10:03:51.250+0000] {logging_mixin.py:137} INFO - Andrew Gill
[2023-02-02T10:03:51.252+0000] {logging_mixin.py:137} INFO - Jennifer Wilson
[2023-02-02T10:03:51.253+0000] {logging_mixin.py:137} INFO - Shawn Black
[2023-02-02T10:03:51.255+0000] {logging_mixin.py:137} INFO - April Patterson
[2023-02-02T10:03:51.257+0000] {logging_mixin.py:137} INFO - Troy Vaughn
[2023-02-02T10:03:51.259+0000] {logging_mixin.py:137} INFO - Alexandria White
[2023-02-02T10:03:51.262+0000] {logging_mixin.py:137} INFO - Scott Phillips
[2023-02-02T10:03:51.263+0000] {logging_mixin.py:137} INFO - Zachary Cisneros
[2023-02-02T10:03:51.270+0000] {logging_mixin.py:137} INFO - Deborah Brown
[2023-02-02T10:03:51.272+0000] {logging_mixin.py:137} INFO - Monica Moses
[2023-02-02T10:03:51.276+0000] {logging_mixin.py:137} INFO - Brenda Reyes
[2023-02-02T10:03:51.278+0000] {logging_mixin.py:137} INFO - Miss Renee Allen
[2023-02-02T10:03:51.281+0000] {logging_mixin.py:137} INFO - Susan Clark
[2023-02-02T10:03:51.283+0000] {logging_mixin.py:137} INFO - Brandy Coffey
[2023-02-02T10:03:51.284+0000] {logging_mixin.py:137} INFO - Brett Nelson
[2023-02-02T10:03:51.285+0000] {logging_mixin.py:137} INFO - Ricardo Young
[2023-02-02T10:03:51.287+0000] {logging_mixin.py:137} INFO - Paul Lee
[2023-02-02T10:03:51.288+0000] {logging_mixin.py:137} INFO - David Allen
[2023-02-02T10:03:51.290+0000] {logging_mixin.py:137} INFO - Andrea Knight
[2023-02-02T10:03:51.291+0000] {logging_mixin.py:137} INFO - James Gomez
[2023-02-02T10:03:51.293+0000] {logging_mixin.py:137} INFO - Melody Gibson
[2023-02-02T10:03:51.295+0000] {logging_mixin.py:137} INFO - Christina Martinez
[2023-02-02T10:03:51.299+0000] {logging_mixin.py:137} INFO - Shelby Smith
[2023-02-02T10:03:51.309+0000] {logging_mixin.py:137} INFO - Jason Howard
[2023-02-02T10:03:51.311+0000] {logging_mixin.py:137} INFO - Amy Davidson
[2023-02-02T10:03:51.313+0000] {logging_mixin.py:137} INFO - Kyle Copeland
[2023-02-02T10:03:51.315+0000] {logging_mixin.py:137} INFO - Madeline Davis
[2023-02-02T10:03:51.321+0000] {logging_mixin.py:137} INFO - Aaron Young
[2023-02-02T10:03:51.323+0000] {logging_mixin.py:137} INFO - Lisa Barrett
[2023-02-02T10:03:51.327+0000] {logging_mixin.py:137} INFO - Joel Jones
[2023-02-02T10:03:51.330+0000] {logging_mixin.py:137} INFO - Christine Evans
[2023-02-02T10:03:51.333+0000] {logging_mixin.py:137} INFO - Kimberly Johnson
[2023-02-02T10:03:51.336+0000] {logging_mixin.py:137} INFO - Charles Hess
[2023-02-02T10:03:51.339+0000] {logging_mixin.py:137} INFO - Paul Dixon
[2023-02-02T10:03:51.346+0000] {logging_mixin.py:137} INFO - Christopher Johnson
[2023-02-02T10:03:51.350+0000] {logging_mixin.py:137} INFO - Robert Dawson
[2023-02-02T10:03:51.356+0000] {logging_mixin.py:137} INFO - Ryan Dixon
[2023-02-02T10:03:51.363+0000] {logging_mixin.py:137} INFO - Julie Martinez
[2023-02-02T10:03:51.372+0000] {logging_mixin.py:137} INFO - David Adams
[2023-02-02T10:03:51.375+0000] {logging_mixin.py:137} INFO - Mariah Brown
[2023-02-02T10:03:51.377+0000] {logging_mixin.py:137} INFO - Deborah Malone
[2023-02-02T10:03:51.381+0000] {logging_mixin.py:137} INFO - John Brown
[2023-02-02T10:03:51.385+0000] {logging_mixin.py:137} INFO - Maria Stewart
[2023-02-02T10:03:51.393+0000] {logging_mixin.py:137} INFO - Mr. Bryan Hawkins
[2023-02-02T10:03:51.395+0000] {logging_mixin.py:137} INFO - Kyle Brooks
[2023-02-02T10:03:51.405+0000] {logging_mixin.py:137} INFO - Kenneth White
[2023-02-02T10:03:51.407+0000] {logging_mixin.py:137} INFO - Patricia Wilson
[2023-02-02T10:03:51.411+0000] {logging_mixin.py:137} INFO - Paul Soto
[2023-02-02T10:03:51.414+0000] {logging_mixin.py:137} INFO - Janice Garrett
[2023-02-02T10:03:51.415+0000] {logging_mixin.py:137} INFO - Randy Strickland
[2023-02-02T10:03:51.417+0000] {logging_mixin.py:137} INFO - Felicia Herrera
[2023-02-02T10:03:51.419+0000] {logging_mixin.py:137} INFO - Andre Campos
[2023-02-02T10:03:51.421+0000] {logging_mixin.py:137} INFO - Justin Meyer
[2023-02-02T10:03:51.427+0000] {logging_mixin.py:137} INFO - Brandon Brooks
[2023-02-02T10:03:51.430+0000] {logging_mixin.py:137} INFO - Abigail Rivera
[2023-02-02T10:03:51.439+0000] {logging_mixin.py:137} INFO - Jessica Mann
[2023-02-02T10:03:51.443+0000] {logging_mixin.py:137} INFO - Michael Sawyer
[2023-02-02T10:03:51.447+0000] {logging_mixin.py:137} INFO - Jeffrey Coleman
[2023-02-02T10:03:51.454+0000] {logging_mixin.py:137} INFO - Micheal Castro
[2023-02-02T10:03:51.464+0000] {logging_mixin.py:137} INFO - Laura Gonzalez
[2023-02-02T10:03:51.474+0000] {logging_mixin.py:137} INFO - Christopher Jackson
[2023-02-02T10:03:51.476+0000] {logging_mixin.py:137} INFO - William Mckenzie
[2023-02-02T10:03:51.477+0000] {logging_mixin.py:137} INFO - Kristina Rodriguez
[2023-02-02T10:03:51.480+0000] {logging_mixin.py:137} INFO - Kelli Williams
[2023-02-02T10:03:51.482+0000] {logging_mixin.py:137} INFO - Diane Norris
[2023-02-02T10:03:51.483+0000] {logging_mixin.py:137} INFO - Kevin Carroll
[2023-02-02T10:03:51.485+0000] {logging_mixin.py:137} INFO - Betty Weber
[2023-02-02T10:03:51.487+0000] {logging_mixin.py:137} INFO - Jeffery Robinson
[2023-02-02T10:03:51.491+0000] {logging_mixin.py:137} INFO - Hannah Cowan
[2023-02-02T10:03:51.494+0000] {logging_mixin.py:137} INFO - Brian Kramer
[2023-02-02T10:03:51.498+0000] {logging_mixin.py:137} INFO - Anthony Roberts
[2023-02-02T10:03:51.500+0000] {logging_mixin.py:137} INFO - Ricardo Blankenship
[2023-02-02T10:03:51.501+0000] {logging_mixin.py:137} INFO - Brooke Collins
[2023-02-02T10:03:51.503+0000] {logging_mixin.py:137} INFO - Tammy Lawson
[2023-02-02T10:03:51.504+0000] {logging_mixin.py:137} INFO - Cody Miller
[2023-02-02T10:03:51.507+0000] {logging_mixin.py:137} INFO - Dr. Janice Salazar
[2023-02-02T10:03:51.508+0000] {logging_mixin.py:137} INFO - David West
[2023-02-02T10:03:51.510+0000] {logging_mixin.py:137} INFO - Robin Carpenter
[2023-02-02T10:03:51.511+0000] {logging_mixin.py:137} INFO - Monique Wall
[2023-02-02T10:03:51.513+0000] {logging_mixin.py:137} INFO - Charles Cardenas
[2023-02-02T10:03:51.515+0000] {logging_mixin.py:137} INFO - Valerie Mitchell
[2023-02-02T10:03:51.521+0000] {logging_mixin.py:137} INFO - Michelle Valenzuela
[2023-02-02T10:03:51.527+0000] {logging_mixin.py:137} INFO - William Poole
[2023-02-02T10:03:51.529+0000] {logging_mixin.py:137} INFO - James Hall
[2023-02-02T10:03:51.531+0000] {logging_mixin.py:137} INFO - Dylan Carpenter
[2023-02-02T10:03:51.533+0000] {logging_mixin.py:137} INFO - Linda Medina
[2023-02-02T10:03:51.541+0000] {logging_mixin.py:137} INFO - Joan White
[2023-02-02T10:03:51.544+0000] {logging_mixin.py:137} INFO - Mary Klein
[2023-02-02T10:03:51.548+0000] {logging_mixin.py:137} INFO - Ashley Wolf
[2023-02-02T10:03:51.549+0000] {logging_mixin.py:137} INFO - William Reed
[2023-02-02T10:03:51.551+0000] {logging_mixin.py:137} INFO - Derek Harvey
[2023-02-02T10:03:51.553+0000] {logging_mixin.py:137} INFO - Kathleen Rodriguez
[2023-02-02T10:03:51.554+0000] {logging_mixin.py:137} INFO - Andrew Rodriguez
[2023-02-02T10:03:51.556+0000] {logging_mixin.py:137} INFO - Ariel Frank
[2023-02-02T10:03:51.558+0000] {logging_mixin.py:137} INFO - Tina French
[2023-02-02T10:03:51.559+0000] {logging_mixin.py:137} INFO - Brent Waller
[2023-02-02T10:03:51.561+0000] {logging_mixin.py:137} INFO - Kevin Allen
[2023-02-02T10:03:51.564+0000] {logging_mixin.py:137} INFO - Xavier Walker
[2023-02-02T10:03:51.566+0000] {logging_mixin.py:137} INFO - Michelle Sanchez
[2023-02-02T10:03:51.569+0000] {logging_mixin.py:137} INFO - Rachael Shepard
[2023-02-02T10:03:51.579+0000] {logging_mixin.py:137} INFO - Kelsey Johnson
[2023-02-02T10:03:51.581+0000] {logging_mixin.py:137} INFO - Nicole Webb
[2023-02-02T10:03:51.584+0000] {logging_mixin.py:137} INFO - Nicholas Rodriguez
[2023-02-02T10:03:51.587+0000] {logging_mixin.py:137} INFO - Eric Vaughan
[2023-02-02T10:03:51.590+0000] {logging_mixin.py:137} INFO - Amanda Richardson
[2023-02-02T10:03:51.593+0000] {logging_mixin.py:137} INFO - Janice Carlson
[2023-02-02T10:03:51.595+0000] {logging_mixin.py:137} INFO - Darryl Walsh
[2023-02-02T10:03:51.598+0000] {logging_mixin.py:137} INFO - Heather Johnson
[2023-02-02T10:03:51.600+0000] {logging_mixin.py:137} INFO - Mark Chambers
[2023-02-02T10:03:51.603+0000] {logging_mixin.py:137} INFO - Tracy Burns
[2023-02-02T10:03:51.606+0000] {logging_mixin.py:137} INFO - John Cole
[2023-02-02T10:03:51.609+0000] {logging_mixin.py:137} INFO - Deborah Silva
[2023-02-02T10:03:51.612+0000] {logging_mixin.py:137} INFO - Shawn Hernandez
[2023-02-02T10:03:51.615+0000] {logging_mixin.py:137} INFO - Bethany Meyer
[2023-02-02T10:03:51.619+0000] {logging_mixin.py:137} INFO - Helen Smith
[2023-02-02T10:03:51.622+0000] {logging_mixin.py:137} INFO - Dana Dennis
[2023-02-02T10:03:51.625+0000] {logging_mixin.py:137} INFO - Kelsey Camacho
[2023-02-02T10:03:51.635+0000] {logging_mixin.py:137} INFO - Matthew Thomas
[2023-02-02T10:03:51.639+0000] {logging_mixin.py:137} INFO - Brittany Arellano
[2023-02-02T10:03:51.643+0000] {logging_mixin.py:137} INFO - Stacey Jones
[2023-02-02T10:03:51.644+0000] {logging_mixin.py:137} INFO - William Weeks
[2023-02-02T10:03:51.646+0000] {logging_mixin.py:137} INFO - Mark Beasley
[2023-02-02T10:03:51.647+0000] {logging_mixin.py:137} INFO - Bruce Pena
[2023-02-02T10:03:51.649+0000] {logging_mixin.py:137} INFO - Jeffery Smith
[2023-02-02T10:03:51.651+0000] {logging_mixin.py:137} INFO - Ann Deleon
[2023-02-02T10:03:51.652+0000] {logging_mixin.py:137} INFO - Kevin Robertson
[2023-02-02T10:03:51.654+0000] {logging_mixin.py:137} INFO - Vincent Willis MD
[2023-02-02T10:03:51.657+0000] {logging_mixin.py:137} INFO - Michael Nielsen
[2023-02-02T10:03:51.658+0000] {logging_mixin.py:137} INFO - Walter Koch
[2023-02-02T10:03:51.660+0000] {logging_mixin.py:137} INFO - Brian Vega
[2023-02-02T10:03:51.669+0000] {logging_mixin.py:137} INFO - Jeffrey Medina
[2023-02-02T10:03:51.672+0000] {logging_mixin.py:137} INFO - Erika Banks
[2023-02-02T10:03:51.675+0000] {logging_mixin.py:137} INFO - Stacey Griffin
[2023-02-02T10:03:51.680+0000] {logging_mixin.py:137} INFO - Michael Marsh
[2023-02-02T10:03:51.684+0000] {logging_mixin.py:137} INFO - Molly White
[2023-02-02T10:03:51.688+0000] {logging_mixin.py:137} INFO - Matthew Morrison
[2023-02-02T10:03:51.696+0000] {logging_mixin.py:137} INFO - Amanda Burns
[2023-02-02T10:03:51.697+0000] {logging_mixin.py:137} INFO - Emily Gonzalez DDS
[2023-02-02T10:03:51.700+0000] {logging_mixin.py:137} INFO - Gregory King
[2023-02-02T10:03:51.703+0000] {logging_mixin.py:137} INFO - Dennis Evans
[2023-02-02T10:03:51.708+0000] {logging_mixin.py:137} INFO - Christina Snyder
[2023-02-02T10:03:51.713+0000] {logging_mixin.py:137} INFO - Carolyn Mata
[2023-02-02T10:03:51.722+0000] {logging_mixin.py:137} INFO - Brandy Lawson
[2023-02-02T10:03:51.724+0000] {logging_mixin.py:137} INFO - Briana Christian
[2023-02-02T10:03:51.731+0000] {logging_mixin.py:137} INFO - Jeffrey Hernandez
[2023-02-02T10:03:51.735+0000] {logging_mixin.py:137} INFO - John Riggs
[2023-02-02T10:03:51.756+0000] {logging_mixin.py:137} INFO - Barbara Short
[2023-02-02T10:03:51.760+0000] {logging_mixin.py:137} INFO - Steven Brooks
[2023-02-02T10:03:51.770+0000] {logging_mixin.py:137} INFO - Gabrielle James
[2023-02-02T10:03:51.777+0000] {logging_mixin.py:137} INFO - Robert Young
[2023-02-02T10:03:51.786+0000] {logging_mixin.py:137} INFO - Derek Sanders
[2023-02-02T10:03:51.788+0000] {logging_mixin.py:137} INFO - Mallory Oliver
[2023-02-02T10:03:51.793+0000] {logging_mixin.py:137} INFO - Terry Howe
[2023-02-02T10:03:51.797+0000] {logging_mixin.py:137} INFO - Samuel Wallace
[2023-02-02T10:03:51.803+0000] {logging_mixin.py:137} INFO - Angel Jones
[2023-02-02T10:03:51.805+0000] {logging_mixin.py:137} INFO - Jacqueline Nichols
[2023-02-02T10:03:51.808+0000] {logging_mixin.py:137} INFO - Melissa Mcgee
[2023-02-02T10:03:51.811+0000] {logging_mixin.py:137} INFO - Michelle Smith
[2023-02-02T10:03:51.817+0000] {logging_mixin.py:137} INFO - Maureen Baxter
[2023-02-02T10:03:51.819+0000] {logging_mixin.py:137} INFO - Kathy Crawford
[2023-02-02T10:03:51.821+0000] {logging_mixin.py:137} INFO - Stacy Wood
[2023-02-02T10:03:51.823+0000] {logging_mixin.py:137} INFO - Justin Parsons
[2023-02-02T10:03:51.825+0000] {logging_mixin.py:137} INFO - Ann Klein
[2023-02-02T10:03:51.830+0000] {logging_mixin.py:137} INFO - Allison Arnold
[2023-02-02T10:03:51.837+0000] {logging_mixin.py:137} INFO - Heather Kirk
[2023-02-02T10:03:51.844+0000] {logging_mixin.py:137} INFO - Monica Smith
[2023-02-02T10:03:51.859+0000] {logging_mixin.py:137} INFO - Brett Oconnor
[2023-02-02T10:03:51.867+0000] {logging_mixin.py:137} INFO - Anthony Bryant
[2023-02-02T10:03:51.869+0000] {logging_mixin.py:137} INFO - Jeremy Russell
[2023-02-02T10:03:51.879+0000] {logging_mixin.py:137} INFO - Julie Poole
[2023-02-02T10:03:51.885+0000] {logging_mixin.py:137} INFO - Emma Thompson
[2023-02-02T10:03:51.893+0000] {logging_mixin.py:137} INFO - Bradley Matthews
[2023-02-02T10:03:51.897+0000] {logging_mixin.py:137} INFO - William Roberts
[2023-02-02T10:03:51.901+0000] {logging_mixin.py:137} INFO - Julie Mooney
[2023-02-02T10:03:51.904+0000] {logging_mixin.py:137} INFO - Amy Doyle
[2023-02-02T10:03:51.905+0000] {logging_mixin.py:137} INFO - Amanda Grant
[2023-02-02T10:03:51.912+0000] {logging_mixin.py:137} INFO - Eric Anderson
[2023-02-02T10:03:51.915+0000] {logging_mixin.py:137} INFO - George Thompson
[2023-02-02T10:03:51.920+0000] {logging_mixin.py:137} INFO - Dustin Hines
[2023-02-02T10:03:51.924+0000] {logging_mixin.py:137} INFO - Andrea Frank
[2023-02-02T10:03:51.930+0000] {logging_mixin.py:137} INFO - Jodi Cook
[2023-02-02T10:03:51.935+0000] {logging_mixin.py:137} INFO - Stacy Haney
[2023-02-02T10:03:51.939+0000] {logging_mixin.py:137} INFO - Paul Callahan
[2023-02-02T10:03:51.940+0000] {logging_mixin.py:137} INFO - Jasmine Chambers
[2023-02-02T10:03:51.946+0000] {logging_mixin.py:137} INFO - Melissa Pittman MD
[2023-02-02T10:03:51.950+0000] {logging_mixin.py:137} INFO - Deborah Larson
[2023-02-02T10:03:51.955+0000] {logging_mixin.py:137} INFO - Brandon Shaw
[2023-02-02T10:03:51.964+0000] {logging_mixin.py:137} INFO - Timothy Paul
[2023-02-02T10:03:51.968+0000] {logging_mixin.py:137} INFO - Michael Trujillo
[2023-02-02T10:03:51.972+0000] {logging_mixin.py:137} INFO - Robert Rivera
[2023-02-02T10:03:51.974+0000] {logging_mixin.py:137} INFO - Dana Nelson
[2023-02-02T10:03:51.981+0000] {logging_mixin.py:137} INFO - Andrea Bennett
[2023-02-02T10:03:51.983+0000] {logging_mixin.py:137} INFO - Jodi Fox
[2023-02-02T10:03:51.987+0000] {logging_mixin.py:137} INFO - Heather Hayes
[2023-02-02T10:03:52.008+0000] {logging_mixin.py:137} INFO - Jennifer Moreno
[2023-02-02T10:03:52.010+0000] {logging_mixin.py:137} INFO - John Patel
[2023-02-02T10:03:52.012+0000] {logging_mixin.py:137} INFO - Teresa Oliver
[2023-02-02T10:03:52.018+0000] {logging_mixin.py:137} INFO - Monique Bell
[2023-02-02T10:03:52.026+0000] {logging_mixin.py:137} INFO - Casey Leonard
[2023-02-02T10:03:52.031+0000] {logging_mixin.py:137} INFO - Steven Clark
[2023-02-02T10:03:52.035+0000] {logging_mixin.py:137} INFO - Edward Martin
[2023-02-02T10:03:52.042+0000] {logging_mixin.py:137} INFO - Shawn Orozco
[2023-02-02T10:03:52.045+0000] {logging_mixin.py:137} INFO - Brandon Yang
[2023-02-02T10:03:52.051+0000] {logging_mixin.py:137} INFO - Nathan Ray
[2023-02-02T10:03:52.054+0000] {logging_mixin.py:137} INFO - Lori Moore
[2023-02-02T10:03:52.077+0000] {logging_mixin.py:137} INFO - Dr. Lisa Shaw DVM
[2023-02-02T10:03:52.083+0000] {logging_mixin.py:137} INFO - Angela Walters
[2023-02-02T10:03:52.089+0000] {logging_mixin.py:137} INFO - David Nolan
[2023-02-02T10:03:52.102+0000] {logging_mixin.py:137} INFO - William Ramsey
[2023-02-02T10:03:52.107+0000] {logging_mixin.py:137} INFO - David Oconnor
[2023-02-02T10:03:52.123+0000] {logging_mixin.py:137} INFO - Mark Washington
[2023-02-02T10:03:52.134+0000] {logging_mixin.py:137} INFO - Jennifer Jacobs
[2023-02-02T10:03:52.136+0000] {logging_mixin.py:137} INFO - Tammy Hampton
[2023-02-02T10:03:52.158+0000] {logging_mixin.py:137} INFO - Stephen Farmer
[2023-02-02T10:03:52.160+0000] {logging_mixin.py:137} INFO - Jasmine Nguyen
[2023-02-02T10:03:52.170+0000] {logging_mixin.py:137} INFO - Rebecca Flores
[2023-02-02T10:03:52.178+0000] {logging_mixin.py:137} INFO - Tyler Davis
[2023-02-02T10:03:52.182+0000] {logging_mixin.py:137} INFO - Nancy Gray
[2023-02-02T10:03:52.196+0000] {logging_mixin.py:137} INFO - Brian Sanchez
[2023-02-02T10:03:52.200+0000] {logging_mixin.py:137} INFO - Laurie Shaw
[2023-02-02T10:03:52.210+0000] {logging_mixin.py:137} INFO - Kristina Torres
[2023-02-02T10:03:52.215+0000] {logging_mixin.py:137} INFO - Andrea Rodgers
[2023-02-02T10:03:52.216+0000] {logging_mixin.py:137} INFO - Jason Walters
[2023-02-02T10:03:52.222+0000] {logging_mixin.py:137} INFO - Jerry Moss
[2023-02-02T10:03:52.224+0000] {logging_mixin.py:137} INFO - Jeffrey Jordan
[2023-02-02T10:03:52.235+0000] {logging_mixin.py:137} INFO - Jennifer Wilson
[2023-02-02T10:03:52.237+0000] {logging_mixin.py:137} INFO - Trevor Mathews
[2023-02-02T10:03:52.246+0000] {logging_mixin.py:137} INFO - Anne Hood
[2023-02-02T10:03:52.249+0000] {logging_mixin.py:137} INFO - Sarah Williams
[2023-02-02T10:03:52.252+0000] {logging_mixin.py:137} INFO - Shelby Hernandez
[2023-02-02T10:03:52.255+0000] {logging_mixin.py:137} INFO - Samantha Velez
[2023-02-02T10:03:52.269+0000] {logging_mixin.py:137} INFO - Matthew Douglas
[2023-02-02T10:03:52.275+0000] {logging_mixin.py:137} INFO - Ashlee George
[2023-02-02T10:03:52.282+0000] {logging_mixin.py:137} INFO - Troy Crane
[2023-02-02T10:03:52.290+0000] {logging_mixin.py:137} INFO - Michael Cooper
[2023-02-02T10:03:52.295+0000] {logging_mixin.py:137} INFO - Michael White
[2023-02-02T10:03:52.300+0000] {logging_mixin.py:137} INFO - Mr. Timothy Fleming
[2023-02-02T10:03:52.310+0000] {logging_mixin.py:137} INFO - Seth Bruce
[2023-02-02T10:03:52.314+0000] {logging_mixin.py:137} INFO - Jacqueline Carpenter
[2023-02-02T10:03:52.319+0000] {logging_mixin.py:137} INFO - Michael Martin
[2023-02-02T10:03:52.320+0000] {logging_mixin.py:137} INFO - Kristopher Henry
[2023-02-02T10:03:52.340+0000] {logging_mixin.py:137} INFO - Tiffany Porter
[2023-02-02T10:03:52.341+0000] {logging_mixin.py:137} INFO - Stacy Simpson
[2023-02-02T10:03:52.344+0000] {logging_mixin.py:137} INFO - Tammy Mcdowell
[2023-02-02T10:03:52.353+0000] {logging_mixin.py:137} INFO - Thomas Walters
[2023-02-02T10:03:52.355+0000] {logging_mixin.py:137} INFO - Dwayne Thompson
[2023-02-02T10:03:52.357+0000] {logging_mixin.py:137} INFO - Natalie Willis
[2023-02-02T10:03:52.358+0000] {logging_mixin.py:137} INFO - Sharon Taylor
[2023-02-02T10:03:52.361+0000] {logging_mixin.py:137} INFO - Sarah Wiggins
[2023-02-02T10:03:52.364+0000] {logging_mixin.py:137} INFO - Amber Thomas
[2023-02-02T10:03:52.366+0000] {logging_mixin.py:137} INFO - Patrick Miller
[2023-02-02T10:03:52.377+0000] {logging_mixin.py:137} INFO - Stephanie Hartman
[2023-02-02T10:03:52.383+0000] {logging_mixin.py:137} INFO - Stacey Mora
[2023-02-02T10:03:52.389+0000] {logging_mixin.py:137} INFO - Katherine Rodriguez
[2023-02-02T10:03:52.392+0000] {logging_mixin.py:137} INFO - Daniel Morgan
[2023-02-02T10:03:52.403+0000] {logging_mixin.py:137} INFO - Rebecca Martinez
[2023-02-02T10:03:52.421+0000] {logging_mixin.py:137} INFO - Nicole Juarez
[2023-02-02T10:03:52.434+0000] {logging_mixin.py:137} INFO - Mark Arroyo
[2023-02-02T10:03:52.449+0000] {logging_mixin.py:137} INFO - April Lucero
[2023-02-02T10:03:52.452+0000] {logging_mixin.py:137} INFO - Samantha Garcia
[2023-02-02T10:03:52.463+0000] {logging_mixin.py:137} INFO - Jon Moore
[2023-02-02T10:03:52.470+0000] {logging_mixin.py:137} INFO - Joshua Flores MD
[2023-02-02T10:03:52.475+0000] {logging_mixin.py:137} INFO - Raymond Jones
[2023-02-02T10:03:52.483+0000] {logging_mixin.py:137} INFO - Billy Hughes
[2023-02-02T10:03:52.486+0000] {logging_mixin.py:137} INFO - Peggy Valdez PhD
[2023-02-02T10:03:52.488+0000] {logging_mixin.py:137} INFO - Joshua Reyes
[2023-02-02T10:03:52.498+0000] {logging_mixin.py:137} INFO - Aaron Green
[2023-02-02T10:03:52.501+0000] {logging_mixin.py:137} INFO - Wendy Espinoza
[2023-02-02T10:03:52.506+0000] {logging_mixin.py:137} INFO - Peter Vasquez
[2023-02-02T10:03:52.511+0000] {logging_mixin.py:137} INFO - Diane Harper
[2023-02-02T10:03:52.514+0000] {logging_mixin.py:137} INFO - Ms. Rebecca Cantu
[2023-02-02T10:03:52.518+0000] {logging_mixin.py:137} INFO - Yolanda Morrow
[2023-02-02T10:03:52.521+0000] {logging_mixin.py:137} INFO - Penny Beard
[2023-02-02T10:03:52.525+0000] {logging_mixin.py:137} INFO - Lisa Long
[2023-02-02T10:03:52.530+0000] {logging_mixin.py:137} INFO - Jerry Harris
[2023-02-02T10:03:52.535+0000] {logging_mixin.py:137} INFO - Bob Willis
[2023-02-02T10:03:52.538+0000] {logging_mixin.py:137} INFO - Duane Chapman
[2023-02-02T10:03:52.541+0000] {logging_mixin.py:137} INFO - William Morgan
[2023-02-02T10:03:52.542+0000] {logging_mixin.py:137} INFO - Amy Gutierrez
[2023-02-02T10:03:52.544+0000] {logging_mixin.py:137} INFO - Amber Nichols
[2023-02-02T10:03:52.546+0000] {logging_mixin.py:137} INFO - Matthew Carr
[2023-02-02T10:03:52.549+0000] {logging_mixin.py:137} INFO - Thomas Duncan
[2023-02-02T10:03:52.562+0000] {logging_mixin.py:137} INFO - Elizabeth Wright
[2023-02-02T10:03:52.564+0000] {logging_mixin.py:137} INFO - Jacqueline Brewer
[2023-02-02T10:03:52.576+0000] {logging_mixin.py:137} INFO - Stephanie Johnson
[2023-02-02T10:03:52.578+0000] {logging_mixin.py:137} INFO - Samantha Calderon
[2023-02-02T10:03:52.582+0000] {logging_mixin.py:137} INFO - Kathryn Gaines
[2023-02-02T10:03:52.590+0000] {logging_mixin.py:137} INFO - Angel Jones
[2023-02-02T10:03:52.594+0000] {logging_mixin.py:137} INFO - Laura Wall
[2023-02-02T10:03:52.598+0000] {logging_mixin.py:137} INFO - Mr. Anthony Hamilton
[2023-02-02T10:03:52.606+0000] {logging_mixin.py:137} INFO - David Smith
[2023-02-02T10:03:52.609+0000] {logging_mixin.py:137} INFO - Kimberly Herrera DDS
[2023-02-02T10:03:52.612+0000] {logging_mixin.py:137} INFO - Gina Wilson
[2023-02-02T10:03:52.614+0000] {logging_mixin.py:137} INFO - Timothy Byrd
[2023-02-02T10:03:52.616+0000] {logging_mixin.py:137} INFO - Michael Mckenzie
[2023-02-02T10:03:52.617+0000] {logging_mixin.py:137} INFO - Jeffrey Mcintyre
[2023-02-02T10:03:52.619+0000] {logging_mixin.py:137} INFO - Teresa Jackson
[2023-02-02T10:03:52.623+0000] {logging_mixin.py:137} INFO - Joseph Wilcox
[2023-02-02T10:03:52.639+0000] {logging_mixin.py:137} INFO - Patrick Mcknight
[2023-02-02T10:03:52.643+0000] {logging_mixin.py:137} INFO - Ronald Moreno
[2023-02-02T10:03:52.644+0000] {logging_mixin.py:137} INFO - Jamie Sullivan
[2023-02-02T10:03:52.659+0000] {logging_mixin.py:137} INFO - Jason Anderson
[2023-02-02T10:03:52.661+0000] {logging_mixin.py:137} INFO - Steven Stewart
[2023-02-02T10:03:52.671+0000] {logging_mixin.py:137} INFO - Melinda Paul
[2023-02-02T10:03:52.675+0000] {logging_mixin.py:137} INFO - Cynthia Simmons
[2023-02-02T10:03:52.684+0000] {logging_mixin.py:137} INFO - Christian Smith
[2023-02-02T10:03:52.687+0000] {logging_mixin.py:137} INFO - William Jimenez
[2023-02-02T10:03:52.691+0000] {logging_mixin.py:137} INFO - Hayley French
[2023-02-02T10:03:52.693+0000] {logging_mixin.py:137} INFO - Brandon Hess
[2023-02-02T10:03:52.695+0000] {logging_mixin.py:137} INFO - Laura Perry
[2023-02-02T10:03:52.697+0000] {logging_mixin.py:137} INFO - Scott Jones
[2023-02-02T10:03:52.701+0000] {logging_mixin.py:137} INFO - Christine Hernandez
[2023-02-02T10:03:52.703+0000] {logging_mixin.py:137} INFO - Douglas Eaton
[2023-02-02T10:03:52.712+0000] {logging_mixin.py:137} INFO - William Soto
[2023-02-02T10:03:52.715+0000] {logging_mixin.py:137} INFO - Mary Jones
[2023-02-02T10:03:52.716+0000] {logging_mixin.py:137} INFO - Stephanie Holmes
[2023-02-02T10:03:52.721+0000] {logging_mixin.py:137} INFO - Keith Meyers
[2023-02-02T10:03:52.728+0000] {logging_mixin.py:137} INFO - Paul Fisher
[2023-02-02T10:03:52.733+0000] {logging_mixin.py:137} INFO - Emily Alexander
[2023-02-02T10:03:52.743+0000] {logging_mixin.py:137} INFO - Anthony Schwartz
[2023-02-02T10:03:52.753+0000] {logging_mixin.py:137} INFO - Evelyn Jacobs
[2023-02-02T10:03:52.761+0000] {logging_mixin.py:137} INFO - Connie Jones
[2023-02-02T10:03:52.763+0000] {logging_mixin.py:137} INFO - Carla Gibbs
[2023-02-02T10:03:52.764+0000] {logging_mixin.py:137} INFO - Ashley Santiago
[2023-02-02T10:03:52.769+0000] {logging_mixin.py:137} INFO - Micheal Mckee
[2023-02-02T10:03:52.782+0000] {logging_mixin.py:137} INFO - Diane Williams
[2023-02-02T10:03:52.785+0000] {logging_mixin.py:137} INFO - Jesse Velasquez
[2023-02-02T10:03:52.787+0000] {logging_mixin.py:137} INFO - Jennifer Rodriguez
[2023-02-02T10:03:52.793+0000] {logging_mixin.py:137} INFO - Joe Griffin
[2023-02-02T10:03:52.798+0000] {logging_mixin.py:137} INFO - Gary Cherry
[2023-02-02T10:03:52.800+0000] {logging_mixin.py:137} INFO - Alyssa Edwards
[2023-02-02T10:03:52.801+0000] {logging_mixin.py:137} INFO - Caroline Hernandez MD
[2023-02-02T10:03:52.803+0000] {logging_mixin.py:137} INFO - Jessica Morton
[2023-02-02T10:03:52.812+0000] {logging_mixin.py:137} INFO - Holly Jones
[2023-02-02T10:03:52.816+0000] {logging_mixin.py:137} INFO - David Shelton
[2023-02-02T10:03:52.829+0000] {logging_mixin.py:137} INFO - Kristina Parks
[2023-02-02T10:03:52.855+0000] {logging_mixin.py:137} INFO - Laurie Hernandez
[2023-02-02T10:03:52.860+0000] {logging_mixin.py:137} INFO - Melissa James
[2023-02-02T10:03:52.869+0000] {logging_mixin.py:137} INFO - Jeremiah Adams
[2023-02-02T10:03:52.879+0000] {logging_mixin.py:137} INFO - Arthur Robinson
[2023-02-02T10:03:52.889+0000] {logging_mixin.py:137} INFO - Anna Shepard
[2023-02-02T10:03:52.896+0000] {logging_mixin.py:137} INFO - Brandon Myers
[2023-02-02T10:03:52.907+0000] {logging_mixin.py:137} INFO - Paul Cardenas
[2023-02-02T10:03:52.913+0000] {logging_mixin.py:137} INFO - Megan Santana
[2023-02-02T10:03:52.914+0000] {logging_mixin.py:137} INFO - Joseph Marshall
[2023-02-02T10:03:52.917+0000] {logging_mixin.py:137} INFO - Mrs. Brenda Harris
[2023-02-02T10:03:52.919+0000] {logging_mixin.py:137} INFO - Nicole Garcia
[2023-02-02T10:03:52.926+0000] {logging_mixin.py:137} INFO - Anna Estrada
[2023-02-02T10:03:52.929+0000] {logging_mixin.py:137} INFO - Carl Moore
[2023-02-02T10:03:52.932+0000] {logging_mixin.py:137} INFO - Rodney Hernandez
[2023-02-02T10:03:52.933+0000] {logging_mixin.py:137} INFO - Madison Christian
[2023-02-02T10:03:52.935+0000] {logging_mixin.py:137} INFO - Heather Rhodes
[2023-02-02T10:03:52.977+0000] {python.py:177} INFO - Done. Returned value was: None
[2023-02-02T10:03:53.035+0000] {taskinstance.py:1323} INFO - Marking task as SUCCESS. dag_id=CSV_DAG, task_id=convertCSVToJson, execution_date=20230202T075500, start_date=20230202T100346, end_date=20230202T100353
[2023-02-02T10:03:53.291+0000] {local_task_job.py:208} INFO - Task exited with return code 0
[2023-02-02T10:03:53.572+0000] {taskinstance.py:2578} INFO - 0 downstream tasks scheduled from follow-on schedule check
