[2023-02-02T10:03:27.387+0000] {taskinstance.py:1083} INFO - Dependencies all met for <TaskInstance: CSV_DAG.convertCSVToJson scheduled__2023-02-02T06:50:00+00:00 [queued]>
[2023-02-02T10:03:27.501+0000] {taskinstance.py:1083} INFO - Dependencies all met for <TaskInstance: CSV_DAG.convertCSVToJson scheduled__2023-02-02T06:50:00+00:00 [queued]>
[2023-02-02T10:03:27.503+0000] {taskinstance.py:1279} INFO - 
--------------------------------------------------------------------------------
[2023-02-02T10:03:27.512+0000] {taskinstance.py:1280} INFO - Starting attempt 1 of 2
[2023-02-02T10:03:27.515+0000] {taskinstance.py:1281} INFO - 
--------------------------------------------------------------------------------
[2023-02-02T10:03:27.649+0000] {taskinstance.py:1300} INFO - Executing <Task(PythonOperator): convertCSVToJson> on 2023-02-02 06:50:00+00:00
[2023-02-02T10:03:27.751+0000] {standard_task_runner.py:55} INFO - Started process 1252 to run task
[2023-02-02T10:03:27.800+0000] {standard_task_runner.py:82} INFO - Running: ['***', 'tasks', 'run', 'CSV_DAG', 'convertCSVToJson', 'scheduled__2023-02-02T06:50:00+00:00', '--job-id', '775', '--raw', '--subdir', 'DAGS_FOLDER/csv.py', '--cfg-path', '/tmp/tmp6_kdrjpk']
[2023-02-02T10:03:27.805+0000] {standard_task_runner.py:83} INFO - Job 775: Subtask convertCSVToJson
[2023-02-02T10:03:28.103+0000] {task_command.py:388} INFO - Running <TaskInstance: CSV_DAG.convertCSVToJson scheduled__2023-02-02T06:50:00+00:00 [running]> on host 06d8060e8530
[2023-02-02T10:03:28.371+0000] {taskinstance.py:1509} INFO - Exporting the following env vars:
AIRFLOW_CTX_DAG_OWNER=Kevin Chalmers
AIRFLOW_CTX_DAG_ID=CSV_DAG
AIRFLOW_CTX_TASK_ID=convertCSVToJson
AIRFLOW_CTX_EXECUTION_DATE=2023-02-02T06:50:00+00:00
AIRFLOW_CTX_TRY_NUMBER=1
AIRFLOW_CTX_DAG_RUN_ID=scheduled__2023-02-02T06:50:00+00:00
[2023-02-02T10:03:28.456+0000] {logging_mixin.py:137} INFO - Angelica Lopez
[2023-02-02T10:03:28.462+0000] {logging_mixin.py:137} INFO - Betty Wright
[2023-02-02T10:03:28.470+0000] {logging_mixin.py:137} INFO - Sara Schmidt
[2023-02-02T10:03:28.472+0000] {logging_mixin.py:137} INFO - Dr. Sherry Rodriguez
[2023-02-02T10:03:28.478+0000] {logging_mixin.py:137} INFO - Rebecca Mills
[2023-02-02T10:03:28.487+0000] {logging_mixin.py:137} INFO - Andrew Anderson
[2023-02-02T10:03:28.496+0000] {logging_mixin.py:137} INFO - Martin Everett
[2023-02-02T10:03:28.501+0000] {logging_mixin.py:137} INFO - Felicia Gregory
[2023-02-02T10:03:28.503+0000] {logging_mixin.py:137} INFO - Kara Bowers
[2023-02-02T10:03:28.506+0000] {logging_mixin.py:137} INFO - Vincent Vincent
[2023-02-02T10:03:28.508+0000] {logging_mixin.py:137} INFO - Morgan Butler
[2023-02-02T10:03:28.511+0000] {logging_mixin.py:137} INFO - Stephen Riley
[2023-02-02T10:03:28.515+0000] {logging_mixin.py:137} INFO - Wanda Thomas
[2023-02-02T10:03:28.517+0000] {logging_mixin.py:137} INFO - Michelle Schultz
[2023-02-02T10:03:28.519+0000] {logging_mixin.py:137} INFO - Christopher Rush MD
[2023-02-02T10:03:28.525+0000] {logging_mixin.py:137} INFO - Phyllis Miles
[2023-02-02T10:03:28.541+0000] {logging_mixin.py:137} INFO - Rebecca Price
[2023-02-02T10:03:28.544+0000] {logging_mixin.py:137} INFO - John Morse
[2023-02-02T10:03:28.546+0000] {logging_mixin.py:137} INFO - Nicholas Sanchez
[2023-02-02T10:03:28.570+0000] {logging_mixin.py:137} INFO - Crystal Dean
[2023-02-02T10:03:28.588+0000] {logging_mixin.py:137} INFO - Tyler Diaz
[2023-02-02T10:03:28.594+0000] {logging_mixin.py:137} INFO - Denise Mclean
[2023-02-02T10:03:28.598+0000] {logging_mixin.py:137} INFO - Daniel Grant
[2023-02-02T10:03:28.600+0000] {logging_mixin.py:137} INFO - Sandra Peterson
[2023-02-02T10:03:28.602+0000] {logging_mixin.py:137} INFO - Denise Morse
[2023-02-02T10:03:28.605+0000] {logging_mixin.py:137} INFO - Brianna Smith
[2023-02-02T10:03:28.609+0000] {logging_mixin.py:137} INFO - Tony Miller
[2023-02-02T10:03:28.617+0000] {logging_mixin.py:137} INFO - Jean Booth
[2023-02-02T10:03:28.625+0000] {logging_mixin.py:137} INFO - Penny Salazar
[2023-02-02T10:03:28.628+0000] {logging_mixin.py:137} INFO - Cathy Williams
[2023-02-02T10:03:28.655+0000] {logging_mixin.py:137} INFO - Hannah Collins
[2023-02-02T10:03:28.660+0000] {logging_mixin.py:137} INFO - Maurice Casey
[2023-02-02T10:03:28.665+0000] {logging_mixin.py:137} INFO - Patrick Walker
[2023-02-02T10:03:28.677+0000] {logging_mixin.py:137} INFO - Pamela Barton
[2023-02-02T10:03:28.682+0000] {logging_mixin.py:137} INFO - Anthony Bryant
[2023-02-02T10:03:28.690+0000] {logging_mixin.py:137} INFO - Andrew Harris
[2023-02-02T10:03:28.694+0000] {logging_mixin.py:137} INFO - Aaron Harris
[2023-02-02T10:03:28.697+0000] {logging_mixin.py:137} INFO - Maureen Soto
[2023-02-02T10:03:28.699+0000] {logging_mixin.py:137} INFO - Crystal Mcdaniel
[2023-02-02T10:03:28.710+0000] {logging_mixin.py:137} INFO - Lauren Barrett
[2023-02-02T10:03:28.724+0000] {logging_mixin.py:137} INFO - Brandon Perez
[2023-02-02T10:03:28.762+0000] {logging_mixin.py:137} INFO - Mark Robertson
[2023-02-02T10:03:28.764+0000] {logging_mixin.py:137} INFO - Nicole Gates
[2023-02-02T10:03:28.770+0000] {logging_mixin.py:137} INFO - Bradley Cruz
[2023-02-02T10:03:28.777+0000] {logging_mixin.py:137} INFO - Gina Burns
[2023-02-02T10:03:28.780+0000] {logging_mixin.py:137} INFO - Zachary Martinez
[2023-02-02T10:03:28.792+0000] {logging_mixin.py:137} INFO - Natasha Johnson
[2023-02-02T10:03:28.794+0000] {logging_mixin.py:137} INFO - Patrick Gonzales
[2023-02-02T10:03:28.799+0000] {logging_mixin.py:137} INFO - Terri Wilson
[2023-02-02T10:03:28.800+0000] {logging_mixin.py:137} INFO - Sarah Lopez
[2023-02-02T10:03:28.804+0000] {logging_mixin.py:137} INFO - Dana Turner
[2023-02-02T10:03:28.807+0000] {logging_mixin.py:137} INFO - Cynthia Johnson
[2023-02-02T10:03:28.812+0000] {logging_mixin.py:137} INFO - William Thornton
[2023-02-02T10:03:28.818+0000] {logging_mixin.py:137} INFO - James Lee
[2023-02-02T10:03:28.820+0000] {logging_mixin.py:137} INFO - Stephen Allen
[2023-02-02T10:03:28.821+0000] {logging_mixin.py:137} INFO - William Stark
[2023-02-02T10:03:28.825+0000] {logging_mixin.py:137} INFO - Michael Parker
[2023-02-02T10:03:28.828+0000] {logging_mixin.py:137} INFO - Lisa Stephens
[2023-02-02T10:03:28.829+0000] {logging_mixin.py:137} INFO - Mr. Reginald Wise DDS
[2023-02-02T10:03:28.836+0000] {logging_mixin.py:137} INFO - Alexander James
[2023-02-02T10:03:28.839+0000] {logging_mixin.py:137} INFO - Kristen West
[2023-02-02T10:03:28.842+0000] {logging_mixin.py:137} INFO - Elizabeth Sanchez
[2023-02-02T10:03:28.844+0000] {logging_mixin.py:137} INFO - Jennifer Wilson
[2023-02-02T10:03:28.846+0000] {logging_mixin.py:137} INFO - Catherine Nicholson
[2023-02-02T10:03:28.857+0000] {logging_mixin.py:137} INFO - David Henderson
[2023-02-02T10:03:28.861+0000] {logging_mixin.py:137} INFO - Stephen Davis
[2023-02-02T10:03:28.864+0000] {logging_mixin.py:137} INFO - Paul Skinner
[2023-02-02T10:03:28.878+0000] {logging_mixin.py:137} INFO - Rebecca Wong
[2023-02-02T10:03:28.892+0000] {logging_mixin.py:137} INFO - Tara Benitez
[2023-02-02T10:03:28.894+0000] {logging_mixin.py:137} INFO - Sharon Miller
[2023-02-02T10:03:28.900+0000] {logging_mixin.py:137} INFO - Cynthia Smith
[2023-02-02T10:03:28.903+0000] {logging_mixin.py:137} INFO - Jennifer Werner
[2023-02-02T10:03:28.909+0000] {logging_mixin.py:137} INFO - Rebecca Tucker
[2023-02-02T10:03:28.911+0000] {logging_mixin.py:137} INFO - Ashlee Castillo
[2023-02-02T10:03:28.912+0000] {logging_mixin.py:137} INFO - Christopher Holmes
[2023-02-02T10:03:28.916+0000] {logging_mixin.py:137} INFO - Daniel Velez
[2023-02-02T10:03:28.919+0000] {logging_mixin.py:137} INFO - Amy Serrano
[2023-02-02T10:03:28.923+0000] {logging_mixin.py:137} INFO - Alison Nash
[2023-02-02T10:03:28.926+0000] {logging_mixin.py:137} INFO - Peter Johnson
[2023-02-02T10:03:28.929+0000] {logging_mixin.py:137} INFO - Breanna Harris
[2023-02-02T10:03:28.931+0000] {logging_mixin.py:137} INFO - Eric King
[2023-02-02T10:03:28.937+0000] {logging_mixin.py:137} INFO - Patricia Oliver
[2023-02-02T10:03:28.939+0000] {logging_mixin.py:137} INFO - Denise Grimes
[2023-02-02T10:03:28.945+0000] {logging_mixin.py:137} INFO - Jill Olson
[2023-02-02T10:03:28.946+0000] {logging_mixin.py:137} INFO - Stephanie Hart
[2023-02-02T10:03:28.948+0000] {logging_mixin.py:137} INFO - Ashley Lee
[2023-02-02T10:03:28.950+0000] {logging_mixin.py:137} INFO - Kelly Barnes
[2023-02-02T10:03:28.951+0000] {logging_mixin.py:137} INFO - Christie West
[2023-02-02T10:03:28.953+0000] {logging_mixin.py:137} INFO - Todd Nolan
[2023-02-02T10:03:28.962+0000] {logging_mixin.py:137} INFO - Sarah Reed
[2023-02-02T10:03:28.971+0000] {logging_mixin.py:137} INFO - Jennifer Keith
[2023-02-02T10:03:28.973+0000] {logging_mixin.py:137} INFO - Shawn Alvarez
[2023-02-02T10:03:28.982+0000] {logging_mixin.py:137} INFO - Alexander Wilson
[2023-02-02T10:03:28.988+0000] {logging_mixin.py:137} INFO - Rachel Melendez
[2023-02-02T10:03:28.992+0000] {logging_mixin.py:137} INFO - Morgan Walters
[2023-02-02T10:03:29.003+0000] {logging_mixin.py:137} INFO - Nicole Garcia
[2023-02-02T10:03:29.009+0000] {logging_mixin.py:137} INFO - Jennifer White
[2023-02-02T10:03:29.012+0000] {logging_mixin.py:137} INFO - Leslie Shannon
[2023-02-02T10:03:29.015+0000] {logging_mixin.py:137} INFO - Lisa Clayton
[2023-02-02T10:03:29.026+0000] {logging_mixin.py:137} INFO - Zachary Molina
[2023-02-02T10:03:29.037+0000] {logging_mixin.py:137} INFO - Bruce Butler
[2023-02-02T10:03:29.042+0000] {logging_mixin.py:137} INFO - Dustin Howell
[2023-02-02T10:03:29.048+0000] {logging_mixin.py:137} INFO - Aaron Smith
[2023-02-02T10:03:29.056+0000] {logging_mixin.py:137} INFO - Kyle Green
[2023-02-02T10:03:29.068+0000] {logging_mixin.py:137} INFO - Steven Clark
[2023-02-02T10:03:29.073+0000] {logging_mixin.py:137} INFO - Robert Holden
[2023-02-02T10:03:29.077+0000] {logging_mixin.py:137} INFO - Zachary Harmon
[2023-02-02T10:03:29.081+0000] {logging_mixin.py:137} INFO - Rachel Miller
[2023-02-02T10:03:29.083+0000] {logging_mixin.py:137} INFO - Brandon Parker
[2023-02-02T10:03:29.086+0000] {logging_mixin.py:137} INFO - Walter Martin
[2023-02-02T10:03:29.091+0000] {logging_mixin.py:137} INFO - Jose Young
[2023-02-02T10:03:29.095+0000] {logging_mixin.py:137} INFO - Kelsey Long
[2023-02-02T10:03:29.096+0000] {logging_mixin.py:137} INFO - William Harper
[2023-02-02T10:03:29.098+0000] {logging_mixin.py:137} INFO - Alejandro Lambert
[2023-02-02T10:03:29.100+0000] {logging_mixin.py:137} INFO - Stephanie Carson
[2023-02-02T10:03:29.109+0000] {logging_mixin.py:137} INFO - Diana Ortega MD
[2023-02-02T10:03:29.112+0000] {logging_mixin.py:137} INFO - Janet Morales
[2023-02-02T10:03:29.115+0000] {logging_mixin.py:137} INFO - Eric Fisher
[2023-02-02T10:03:29.117+0000] {logging_mixin.py:137} INFO - Louis Baker
[2023-02-02T10:03:29.119+0000] {logging_mixin.py:137} INFO - Cindy Ward
[2023-02-02T10:03:29.121+0000] {logging_mixin.py:137} INFO - Ana Jenkins
[2023-02-02T10:03:29.126+0000] {logging_mixin.py:137} INFO - Leslie Barton
[2023-02-02T10:03:29.130+0000] {logging_mixin.py:137} INFO - Gregory Price
[2023-02-02T10:03:29.132+0000] {logging_mixin.py:137} INFO - Brandon Moore
[2023-02-02T10:03:29.138+0000] {logging_mixin.py:137} INFO - Heather Garrett
[2023-02-02T10:03:29.150+0000] {logging_mixin.py:137} INFO - Cindy Hawkins
[2023-02-02T10:03:29.158+0000] {logging_mixin.py:137} INFO - Mr. Frank Snyder Jr.
[2023-02-02T10:03:29.164+0000] {logging_mixin.py:137} INFO - Megan Wang
[2023-02-02T10:03:29.177+0000] {logging_mixin.py:137} INFO - Jennifer Fleming
[2023-02-02T10:03:29.179+0000] {logging_mixin.py:137} INFO - Gary Hodge
[2023-02-02T10:03:29.182+0000] {logging_mixin.py:137} INFO - Nichole Miller
[2023-02-02T10:03:29.187+0000] {logging_mixin.py:137} INFO - Mitchell Mendoza
[2023-02-02T10:03:29.194+0000] {logging_mixin.py:137} INFO - Bradley Horton
[2023-02-02T10:03:29.196+0000] {logging_mixin.py:137} INFO - Michelle Hess
[2023-02-02T10:03:29.198+0000] {logging_mixin.py:137} INFO - Ronald Torres
[2023-02-02T10:03:29.205+0000] {logging_mixin.py:137} INFO - Raymond Hudson
[2023-02-02T10:03:29.208+0000] {logging_mixin.py:137} INFO - Vincent Jackson
[2023-02-02T10:03:29.214+0000] {logging_mixin.py:137} INFO - Susan Carey
[2023-02-02T10:03:29.225+0000] {logging_mixin.py:137} INFO - Chase Wilson
[2023-02-02T10:03:29.237+0000] {logging_mixin.py:137} INFO - Tonya Baldwin
[2023-02-02T10:03:29.246+0000] {logging_mixin.py:137} INFO - Mrs. Tina Davis
[2023-02-02T10:03:29.251+0000] {logging_mixin.py:137} INFO - Scott Garrett
[2023-02-02T10:03:29.254+0000] {logging_mixin.py:137} INFO - Michael Wilson
[2023-02-02T10:03:29.256+0000] {logging_mixin.py:137} INFO - Andrew Orozco
[2023-02-02T10:03:29.262+0000] {logging_mixin.py:137} INFO - Troy Carson
[2023-02-02T10:03:29.275+0000] {logging_mixin.py:137} INFO - Alex Winters
[2023-02-02T10:03:29.278+0000] {logging_mixin.py:137} INFO - Toni Frank
[2023-02-02T10:03:29.281+0000] {logging_mixin.py:137} INFO - Kathleen Snyder
[2023-02-02T10:03:29.284+0000] {logging_mixin.py:137} INFO - Anna Lopez
[2023-02-02T10:03:29.285+0000] {logging_mixin.py:137} INFO - Charles Brown
[2023-02-02T10:03:29.289+0000] {logging_mixin.py:137} INFO - Barry Ross
[2023-02-02T10:03:29.293+0000] {logging_mixin.py:137} INFO - Emily Ramirez
[2023-02-02T10:03:29.295+0000] {logging_mixin.py:137} INFO - Anna Williams
[2023-02-02T10:03:29.298+0000] {logging_mixin.py:137} INFO - Kristin Pennington
[2023-02-02T10:03:29.300+0000] {logging_mixin.py:137} INFO - Mary Aguirre
[2023-02-02T10:03:29.306+0000] {logging_mixin.py:137} INFO - Austin Santos
[2023-02-02T10:03:29.310+0000] {logging_mixin.py:137} INFO - David Nelson
[2023-02-02T10:03:29.321+0000] {logging_mixin.py:137} INFO - Alyssa Mcbride
[2023-02-02T10:03:29.325+0000] {logging_mixin.py:137} INFO - Lisa Gibson
[2023-02-02T10:03:29.330+0000] {logging_mixin.py:137} INFO - Alexander Kelly
[2023-02-02T10:03:29.332+0000] {logging_mixin.py:137} INFO - Ronald Thomas
[2023-02-02T10:03:29.337+0000] {logging_mixin.py:137} INFO - Michael Hurst
[2023-02-02T10:03:29.344+0000] {logging_mixin.py:137} INFO - Lauren Ward
[2023-02-02T10:03:29.347+0000] {logging_mixin.py:137} INFO - Christian Terry
[2023-02-02T10:03:29.351+0000] {logging_mixin.py:137} INFO - Jared Black
[2023-02-02T10:03:29.362+0000] {logging_mixin.py:137} INFO - Anthony Brown
[2023-02-02T10:03:29.377+0000] {logging_mixin.py:137} INFO - John Cole
[2023-02-02T10:03:29.380+0000] {logging_mixin.py:137} INFO - David Lee
[2023-02-02T10:03:29.383+0000] {logging_mixin.py:137} INFO - Lori Thomas
[2023-02-02T10:03:29.386+0000] {logging_mixin.py:137} INFO - Daniel Herman
[2023-02-02T10:03:29.389+0000] {logging_mixin.py:137} INFO - Pam Williams
[2023-02-02T10:03:29.391+0000] {logging_mixin.py:137} INFO - Sarah Jenkins
[2023-02-02T10:03:29.392+0000] {logging_mixin.py:137} INFO - Susan Mitchell
[2023-02-02T10:03:29.393+0000] {logging_mixin.py:137} INFO - Jacqueline Green
[2023-02-02T10:03:29.397+0000] {logging_mixin.py:137} INFO - Victoria Garrison
[2023-02-02T10:03:29.403+0000] {logging_mixin.py:137} INFO - Jonathan Daniels
[2023-02-02T10:03:29.408+0000] {logging_mixin.py:137} INFO - Trevor Hansen
[2023-02-02T10:03:29.411+0000] {logging_mixin.py:137} INFO - Laurie Bowen
[2023-02-02T10:03:29.413+0000] {logging_mixin.py:137} INFO - James Cline
[2023-02-02T10:03:29.420+0000] {logging_mixin.py:137} INFO - Michael Rose
[2023-02-02T10:03:29.423+0000] {logging_mixin.py:137} INFO - Lawrence Juarez
[2023-02-02T10:03:29.427+0000] {logging_mixin.py:137} INFO - Lucas Caldwell
[2023-02-02T10:03:29.428+0000] {logging_mixin.py:137} INFO - Laura Jackson
[2023-02-02T10:03:29.431+0000] {logging_mixin.py:137} INFO - Sherri Thornton
[2023-02-02T10:03:29.438+0000] {logging_mixin.py:137} INFO - Alice Wilson
[2023-02-02T10:03:29.440+0000] {logging_mixin.py:137} INFO - Diane Williams
[2023-02-02T10:03:29.444+0000] {logging_mixin.py:137} INFO - Kara Martin
[2023-02-02T10:03:29.452+0000] {logging_mixin.py:137} INFO - Joseph Moore
[2023-02-02T10:03:29.456+0000] {logging_mixin.py:137} INFO - Jesse Moses
[2023-02-02T10:03:29.459+0000] {logging_mixin.py:137} INFO - Lisa Mccall
[2023-02-02T10:03:29.460+0000] {logging_mixin.py:137} INFO - Alexandra Mccoy
[2023-02-02T10:03:29.463+0000] {logging_mixin.py:137} INFO - Daniel Martin
[2023-02-02T10:03:29.468+0000] {logging_mixin.py:137} INFO - Claudia Peck
[2023-02-02T10:03:29.470+0000] {logging_mixin.py:137} INFO - Jessica Mcconnell
[2023-02-02T10:03:29.475+0000] {logging_mixin.py:137} INFO - Kevin Walker
[2023-02-02T10:03:29.479+0000] {logging_mixin.py:137} INFO - Christina Lee
[2023-02-02T10:03:29.483+0000] {logging_mixin.py:137} INFO - Christopher Schroeder
[2023-02-02T10:03:29.485+0000] {logging_mixin.py:137} INFO - Melissa Parker
[2023-02-02T10:03:29.489+0000] {logging_mixin.py:137} INFO - Janet Molina
[2023-02-02T10:03:29.491+0000] {logging_mixin.py:137} INFO - Barbara Harris
[2023-02-02T10:03:29.493+0000] {logging_mixin.py:137} INFO - Joseph Hurley
[2023-02-02T10:03:29.496+0000] {logging_mixin.py:137} INFO - Greg Hayden
[2023-02-02T10:03:29.502+0000] {logging_mixin.py:137} INFO - Edwin Adams
[2023-02-02T10:03:29.504+0000] {logging_mixin.py:137} INFO - Ashley Hunter
[2023-02-02T10:03:29.506+0000] {logging_mixin.py:137} INFO - Jennifer Tucker
[2023-02-02T10:03:29.508+0000] {logging_mixin.py:137} INFO - Eddie Gray
[2023-02-02T10:03:29.511+0000] {logging_mixin.py:137} INFO - Jennifer Evans
[2023-02-02T10:03:29.513+0000] {logging_mixin.py:137} INFO - Stephen Carey
[2023-02-02T10:03:29.518+0000] {logging_mixin.py:137} INFO - Samantha Campos
[2023-02-02T10:03:29.523+0000] {logging_mixin.py:137} INFO - Meagan Brown
[2023-02-02T10:03:29.531+0000] {logging_mixin.py:137} INFO - Miss Marisa Barber
[2023-02-02T10:03:29.533+0000] {logging_mixin.py:137} INFO - Jay Mann
[2023-02-02T10:03:29.535+0000] {logging_mixin.py:137} INFO - Matthew Campbell
[2023-02-02T10:03:29.538+0000] {logging_mixin.py:137} INFO - Brent Rodriguez
[2023-02-02T10:03:29.548+0000] {logging_mixin.py:137} INFO - Teresa Ross
[2023-02-02T10:03:29.551+0000] {logging_mixin.py:137} INFO - Mary Martinez
[2023-02-02T10:03:29.554+0000] {logging_mixin.py:137} INFO - Joseph Lewis
[2023-02-02T10:03:29.556+0000] {logging_mixin.py:137} INFO - Dale Davis
[2023-02-02T10:03:29.561+0000] {logging_mixin.py:137} INFO - Elizabeth Evans
[2023-02-02T10:03:29.563+0000] {logging_mixin.py:137} INFO - Shannon Wang
[2023-02-02T10:03:29.568+0000] {logging_mixin.py:137} INFO - Brandon Campbell
[2023-02-02T10:03:29.573+0000] {logging_mixin.py:137} INFO - Rhonda Pace
[2023-02-02T10:03:29.577+0000] {logging_mixin.py:137} INFO - Sarah Santos
[2023-02-02T10:03:29.579+0000] {logging_mixin.py:137} INFO - Jacob Ford
[2023-02-02T10:03:29.584+0000] {logging_mixin.py:137} INFO - Matthew Hansen
[2023-02-02T10:03:29.590+0000] {logging_mixin.py:137} INFO - Amy Ray
[2023-02-02T10:03:29.597+0000] {logging_mixin.py:137} INFO - Aaron Fields
[2023-02-02T10:03:29.600+0000] {logging_mixin.py:137} INFO - Mary Taylor
[2023-02-02T10:03:29.610+0000] {logging_mixin.py:137} INFO - James Morris
[2023-02-02T10:03:29.616+0000] {logging_mixin.py:137} INFO - Darrell Cain
[2023-02-02T10:03:29.617+0000] {logging_mixin.py:137} INFO - Michael Smith
[2023-02-02T10:03:29.620+0000] {logging_mixin.py:137} INFO - Scott Coleman
[2023-02-02T10:03:29.622+0000] {logging_mixin.py:137} INFO - David Fitzpatrick
[2023-02-02T10:03:29.624+0000] {logging_mixin.py:137} INFO - Debra Shepherd
[2023-02-02T10:03:29.626+0000] {logging_mixin.py:137} INFO - Paul Rush
[2023-02-02T10:03:29.627+0000] {logging_mixin.py:137} INFO - Brett Hernandez
[2023-02-02T10:03:29.639+0000] {logging_mixin.py:137} INFO - Sheila Riddle
[2023-02-02T10:03:29.641+0000] {logging_mixin.py:137} INFO - Joan Austin
[2023-02-02T10:03:29.646+0000] {logging_mixin.py:137} INFO - Michael Garcia
[2023-02-02T10:03:29.649+0000] {logging_mixin.py:137} INFO - Natalie Harris
[2023-02-02T10:03:29.657+0000] {logging_mixin.py:137} INFO - Steven Dean
[2023-02-02T10:03:29.659+0000] {logging_mixin.py:137} INFO - John Brown
[2023-02-02T10:03:29.661+0000] {logging_mixin.py:137} INFO - Keith Zimmerman
[2023-02-02T10:03:29.664+0000] {logging_mixin.py:137} INFO - Curtis Byrd
[2023-02-02T10:03:29.667+0000] {logging_mixin.py:137} INFO - Mariah Green
[2023-02-02T10:03:29.669+0000] {logging_mixin.py:137} INFO - Roger Huynh
[2023-02-02T10:03:29.671+0000] {logging_mixin.py:137} INFO - Christopher Zamora
[2023-02-02T10:03:29.672+0000] {logging_mixin.py:137} INFO - Joyce Crawford
[2023-02-02T10:03:29.677+0000] {logging_mixin.py:137} INFO - Angela Smith
[2023-02-02T10:03:29.682+0000] {logging_mixin.py:137} INFO - Veronica Robinson
[2023-02-02T10:03:29.685+0000] {logging_mixin.py:137} INFO - Christopher Bates
[2023-02-02T10:03:29.687+0000] {logging_mixin.py:137} INFO - Steve Stone
[2023-02-02T10:03:29.690+0000] {logging_mixin.py:137} INFO - William Cook
[2023-02-02T10:03:29.693+0000] {logging_mixin.py:137} INFO - Lori Wood
[2023-02-02T10:03:29.696+0000] {logging_mixin.py:137} INFO - Jillian Reynolds
[2023-02-02T10:03:29.700+0000] {logging_mixin.py:137} INFO - Angela Caldwell
[2023-02-02T10:03:29.704+0000] {logging_mixin.py:137} INFO - Shane Campbell
[2023-02-02T10:03:29.710+0000] {logging_mixin.py:137} INFO - Karen Lawrence
[2023-02-02T10:03:29.714+0000] {logging_mixin.py:137} INFO - Kimberly Wood
[2023-02-02T10:03:29.715+0000] {logging_mixin.py:137} INFO - Samantha Lopez
[2023-02-02T10:03:29.720+0000] {logging_mixin.py:137} INFO - Harold Miller
[2023-02-02T10:03:29.726+0000] {logging_mixin.py:137} INFO - Raymond Cooper DVM
[2023-02-02T10:03:29.730+0000] {logging_mixin.py:137} INFO - Kristen Patel
[2023-02-02T10:03:29.732+0000] {logging_mixin.py:137} INFO - Anthony Mejia
[2023-02-02T10:03:29.733+0000] {logging_mixin.py:137} INFO - Raymond Thomas
[2023-02-02T10:03:29.734+0000] {logging_mixin.py:137} INFO - Scott Young
[2023-02-02T10:03:29.736+0000] {logging_mixin.py:137} INFO - David Larson
[2023-02-02T10:03:29.738+0000] {logging_mixin.py:137} INFO - Jon Murray
[2023-02-02T10:03:29.742+0000] {logging_mixin.py:137} INFO - Stephen Taylor
[2023-02-02T10:03:29.749+0000] {logging_mixin.py:137} INFO - Jennifer Hernandez
[2023-02-02T10:03:29.752+0000] {logging_mixin.py:137} INFO - Stacy Smith
[2023-02-02T10:03:29.756+0000] {logging_mixin.py:137} INFO - Juan Owens
[2023-02-02T10:03:29.761+0000] {logging_mixin.py:137} INFO - Brian Adkins
[2023-02-02T10:03:29.763+0000] {logging_mixin.py:137} INFO - Jesse Wells
[2023-02-02T10:03:29.765+0000] {logging_mixin.py:137} INFO - Kyle Matthews
[2023-02-02T10:03:29.767+0000] {logging_mixin.py:137} INFO - Dustin Russell
[2023-02-02T10:03:29.770+0000] {logging_mixin.py:137} INFO - Richard White
[2023-02-02T10:03:29.775+0000] {logging_mixin.py:137} INFO - Brittany Nichols
[2023-02-02T10:03:29.778+0000] {logging_mixin.py:137} INFO - Colton Kelly
[2023-02-02T10:03:29.783+0000] {logging_mixin.py:137} INFO - William Perry
[2023-02-02T10:03:29.786+0000] {logging_mixin.py:137} INFO - Thomas Cummings
[2023-02-02T10:03:29.790+0000] {logging_mixin.py:137} INFO - Timothy Ballard
[2023-02-02T10:03:29.795+0000] {logging_mixin.py:137} INFO - Richard Washington
[2023-02-02T10:03:29.806+0000] {logging_mixin.py:137} INFO - Joshua Lam
[2023-02-02T10:03:29.808+0000] {logging_mixin.py:137} INFO - Grant Jackson
[2023-02-02T10:03:29.814+0000] {logging_mixin.py:137} INFO - Erin Baker
[2023-02-02T10:03:29.823+0000] {logging_mixin.py:137} INFO - Scott Flowers
[2023-02-02T10:03:29.824+0000] {logging_mixin.py:137} INFO - James Adams
[2023-02-02T10:03:29.826+0000] {logging_mixin.py:137} INFO - Heather Alvarado
[2023-02-02T10:03:29.829+0000] {logging_mixin.py:137} INFO - Jennifer Snow
[2023-02-02T10:03:29.831+0000] {logging_mixin.py:137} INFO - Mario Jackson
[2023-02-02T10:03:29.835+0000] {logging_mixin.py:137} INFO - Kevin Collins
[2023-02-02T10:03:29.837+0000] {logging_mixin.py:137} INFO - Danielle Garcia
[2023-02-02T10:03:29.844+0000] {logging_mixin.py:137} INFO - Brenda Jackson
[2023-02-02T10:03:29.847+0000] {logging_mixin.py:137} INFO - Ashley Parker
[2023-02-02T10:03:29.851+0000] {logging_mixin.py:137} INFO - Angela Hickman
[2023-02-02T10:03:29.853+0000] {logging_mixin.py:137} INFO - Carol Rodriguez
[2023-02-02T10:03:29.855+0000] {logging_mixin.py:137} INFO - Vernon Anderson
[2023-02-02T10:03:29.858+0000] {logging_mixin.py:137} INFO - Jesus Church
[2023-02-02T10:03:29.866+0000] {logging_mixin.py:137} INFO - Michelle Medina
[2023-02-02T10:03:29.868+0000] {logging_mixin.py:137} INFO - Nancy Bryant
[2023-02-02T10:03:29.870+0000] {logging_mixin.py:137} INFO - Jennifer Martinez
[2023-02-02T10:03:29.872+0000] {logging_mixin.py:137} INFO - Amy Dougherty
[2023-02-02T10:03:29.878+0000] {logging_mixin.py:137} INFO - Alexis Sanders
[2023-02-02T10:03:29.881+0000] {logging_mixin.py:137} INFO - Austin Salazar
[2023-02-02T10:03:29.885+0000] {logging_mixin.py:137} INFO - Amy Williams
[2023-02-02T10:03:29.889+0000] {logging_mixin.py:137} INFO - Richard Haynes
[2023-02-02T10:03:29.893+0000] {logging_mixin.py:137} INFO - Christine Stark
[2023-02-02T10:03:29.896+0000] {logging_mixin.py:137} INFO - Anita Medina
[2023-02-02T10:03:29.899+0000] {logging_mixin.py:137} INFO - Mr. Thomas Duran
[2023-02-02T10:03:29.902+0000] {logging_mixin.py:137} INFO - Mr. Russell Peterson
[2023-02-02T10:03:29.907+0000] {logging_mixin.py:137} INFO - Jack Richard
[2023-02-02T10:03:29.909+0000] {logging_mixin.py:137} INFO - Michelle Erickson
[2023-02-02T10:03:29.910+0000] {logging_mixin.py:137} INFO - Mitchell Williams
[2023-02-02T10:03:29.912+0000] {logging_mixin.py:137} INFO - Adrian Herrera
[2023-02-02T10:03:29.913+0000] {logging_mixin.py:137} INFO - Michael Brady
[2023-02-02T10:03:29.917+0000] {logging_mixin.py:137} INFO - Jamie Zhang
[2023-02-02T10:03:29.920+0000] {logging_mixin.py:137} INFO - Helen Brennan
[2023-02-02T10:03:29.922+0000] {logging_mixin.py:137} INFO - John Myers
[2023-02-02T10:03:29.926+0000] {logging_mixin.py:137} INFO - Patricia Nash
[2023-02-02T10:03:29.929+0000] {logging_mixin.py:137} INFO - Michael Johnson
[2023-02-02T10:03:29.938+0000] {logging_mixin.py:137} INFO - Anita Berger
[2023-02-02T10:03:29.940+0000] {logging_mixin.py:137} INFO - Jason Guerrero DVM
[2023-02-02T10:03:29.942+0000] {logging_mixin.py:137} INFO - Kimberly Davis
[2023-02-02T10:03:29.946+0000] {logging_mixin.py:137} INFO - Bryan Hansen
[2023-02-02T10:03:29.948+0000] {logging_mixin.py:137} INFO - Rebecca Obrien
[2023-02-02T10:03:29.953+0000] {logging_mixin.py:137} INFO - Sarah Santiago
[2023-02-02T10:03:29.957+0000] {logging_mixin.py:137} INFO - Christine Lane
[2023-02-02T10:03:29.962+0000] {logging_mixin.py:137} INFO - Jerry Lewis
[2023-02-02T10:03:29.970+0000] {logging_mixin.py:137} INFO - Stephanie Miller
[2023-02-02T10:03:29.980+0000] {logging_mixin.py:137} INFO - Kristi Bradley
[2023-02-02T10:03:29.984+0000] {logging_mixin.py:137} INFO - Darren Moore
[2023-02-02T10:03:29.986+0000] {logging_mixin.py:137} INFO - Kristina Cunningham
[2023-02-02T10:03:29.989+0000] {logging_mixin.py:137} INFO - Laurie Moore
[2023-02-02T10:03:29.998+0000] {logging_mixin.py:137} INFO - Aaron Lewis
[2023-02-02T10:03:30.005+0000] {logging_mixin.py:137} INFO - Theresa Vang
[2023-02-02T10:03:30.008+0000] {logging_mixin.py:137} INFO - Chase Reese
[2023-02-02T10:03:30.011+0000] {logging_mixin.py:137} INFO - Matthew Ferguson
[2023-02-02T10:03:30.018+0000] {logging_mixin.py:137} INFO - Victoria Lewis
[2023-02-02T10:03:30.023+0000] {logging_mixin.py:137} INFO - Jon Scott
[2023-02-02T10:03:30.027+0000] {logging_mixin.py:137} INFO - Lisa Campbell
[2023-02-02T10:03:30.033+0000] {logging_mixin.py:137} INFO - David Ramirez
[2023-02-02T10:03:30.039+0000] {logging_mixin.py:137} INFO - Gabriel Rosario
[2023-02-02T10:03:30.046+0000] {logging_mixin.py:137} INFO - Kristi Johnson
[2023-02-02T10:03:30.053+0000] {logging_mixin.py:137} INFO - Jennifer Schwartz
[2023-02-02T10:03:30.055+0000] {logging_mixin.py:137} INFO - Daniel Norton
[2023-02-02T10:03:30.058+0000] {logging_mixin.py:137} INFO - Richard Montoya
[2023-02-02T10:03:30.067+0000] {logging_mixin.py:137} INFO - Daniel Norris
[2023-02-02T10:03:30.070+0000] {logging_mixin.py:137} INFO - Chad Taylor
[2023-02-02T10:03:30.073+0000] {logging_mixin.py:137} INFO - Angie Allen
[2023-02-02T10:03:30.078+0000] {logging_mixin.py:137} INFO - Michael Brooks
[2023-02-02T10:03:30.083+0000] {logging_mixin.py:137} INFO - Hannah Poole
[2023-02-02T10:03:30.085+0000] {logging_mixin.py:137} INFO - Caitlin Ray
[2023-02-02T10:03:30.088+0000] {logging_mixin.py:137} INFO - Mr. Steven Gardner
[2023-02-02T10:03:30.095+0000] {logging_mixin.py:137} INFO - Jennifer Macdonald
[2023-02-02T10:03:30.096+0000] {logging_mixin.py:137} INFO - Vanessa Small
[2023-02-02T10:03:30.102+0000] {logging_mixin.py:137} INFO - Dennis Gray
[2023-02-02T10:03:30.112+0000] {logging_mixin.py:137} INFO - Sandra Kirk
[2023-02-02T10:03:30.114+0000] {logging_mixin.py:137} INFO - Jason Wagner
[2023-02-02T10:03:30.120+0000] {logging_mixin.py:137} INFO - David Owen
[2023-02-02T10:03:30.123+0000] {logging_mixin.py:137} INFO - Rose Terrell
[2023-02-02T10:03:30.125+0000] {logging_mixin.py:137} INFO - James Green MD
[2023-02-02T10:03:30.127+0000] {logging_mixin.py:137} INFO - Tammy Patel
[2023-02-02T10:03:30.131+0000] {logging_mixin.py:137} INFO - Joseph Lucero
[2023-02-02T10:03:30.135+0000] {logging_mixin.py:137} INFO - Stephanie Rojas
[2023-02-02T10:03:30.139+0000] {logging_mixin.py:137} INFO - Brittany Johnson
[2023-02-02T10:03:30.143+0000] {logging_mixin.py:137} INFO - Christina Cummings
[2023-02-02T10:03:30.145+0000] {logging_mixin.py:137} INFO - Eric Downs
[2023-02-02T10:03:30.147+0000] {logging_mixin.py:137} INFO - Paul Finley
[2023-02-02T10:03:30.150+0000] {logging_mixin.py:137} INFO - Danielle Jackson
[2023-02-02T10:03:30.152+0000] {logging_mixin.py:137} INFO - Anna Johnston
[2023-02-02T10:03:30.159+0000] {logging_mixin.py:137} INFO - Ashlee Hodges
[2023-02-02T10:03:30.160+0000] {logging_mixin.py:137} INFO - Thomas Francis
[2023-02-02T10:03:30.164+0000] {logging_mixin.py:137} INFO - Cody Baird
[2023-02-02T10:03:30.172+0000] {logging_mixin.py:137} INFO - Jeffrey Walter
[2023-02-02T10:03:30.174+0000] {logging_mixin.py:137} INFO - Hannah West
[2023-02-02T10:03:30.176+0000] {logging_mixin.py:137} INFO - Anthony Byrd
[2023-02-02T10:03:30.184+0000] {logging_mixin.py:137} INFO - Julie Ramirez
[2023-02-02T10:03:30.187+0000] {logging_mixin.py:137} INFO - Seth Peters
[2023-02-02T10:03:30.191+0000] {logging_mixin.py:137} INFO - Keith Salas
[2023-02-02T10:03:30.200+0000] {logging_mixin.py:137} INFO - Kathryn Evans
[2023-02-02T10:03:30.203+0000] {logging_mixin.py:137} INFO - Dr. Maria Scott
[2023-02-02T10:03:30.204+0000] {logging_mixin.py:137} INFO - Brenda Thomas
[2023-02-02T10:03:30.206+0000] {logging_mixin.py:137} INFO - Travis Douglas
[2023-02-02T10:03:30.214+0000] {logging_mixin.py:137} INFO - Kurt Santos
[2023-02-02T10:03:30.219+0000] {logging_mixin.py:137} INFO - Sean Parrish
[2023-02-02T10:03:30.223+0000] {logging_mixin.py:137} INFO - Brittany Walls
[2023-02-02T10:03:30.224+0000] {logging_mixin.py:137} INFO - Gail Brooks
[2023-02-02T10:03:30.227+0000] {logging_mixin.py:137} INFO - Valerie Johnson
[2023-02-02T10:03:30.236+0000] {logging_mixin.py:137} INFO - Jessica Dunn
[2023-02-02T10:03:30.239+0000] {logging_mixin.py:137} INFO - Chad Robinson
[2023-02-02T10:03:30.241+0000] {logging_mixin.py:137} INFO - Catherine Combs
[2023-02-02T10:03:30.244+0000] {logging_mixin.py:137} INFO - Joshua Boyd
[2023-02-02T10:03:30.246+0000] {logging_mixin.py:137} INFO - Alicia Barnett DVM
[2023-02-02T10:03:30.250+0000] {logging_mixin.py:137} INFO - Kevin Cervantes
[2023-02-02T10:03:30.253+0000] {logging_mixin.py:137} INFO - Larry Lester
[2023-02-02T10:03:30.255+0000] {logging_mixin.py:137} INFO - Deanna Espinoza
[2023-02-02T10:03:30.257+0000] {logging_mixin.py:137} INFO - Marilyn Davis
[2023-02-02T10:03:30.263+0000] {logging_mixin.py:137} INFO - Michael Weeks
[2023-02-02T10:03:30.274+0000] {logging_mixin.py:137} INFO - Brandon Stanton
[2023-02-02T10:03:30.285+0000] {logging_mixin.py:137} INFO - Ryan Boyer Jr.
[2023-02-02T10:03:30.291+0000] {logging_mixin.py:137} INFO - Amanda Elliott
[2023-02-02T10:03:30.293+0000] {logging_mixin.py:137} INFO - David Moore
[2023-02-02T10:03:30.295+0000] {logging_mixin.py:137} INFO - Andre Williams
[2023-02-02T10:03:30.309+0000] {logging_mixin.py:137} INFO - Jennifer Garcia
[2023-02-02T10:03:30.317+0000] {logging_mixin.py:137} INFO - Tracey Cook
[2023-02-02T10:03:30.324+0000] {logging_mixin.py:137} INFO - Michael Turner
[2023-02-02T10:03:30.327+0000] {logging_mixin.py:137} INFO - Diana Long
[2023-02-02T10:03:30.334+0000] {logging_mixin.py:137} INFO - John Bradley
[2023-02-02T10:03:30.335+0000] {logging_mixin.py:137} INFO - Ann Benjamin
[2023-02-02T10:03:30.337+0000] {logging_mixin.py:137} INFO - Shane House
[2023-02-02T10:03:30.344+0000] {logging_mixin.py:137} INFO - Erin Lee
[2023-02-02T10:03:30.348+0000] {logging_mixin.py:137} INFO - Joseph Gray
[2023-02-02T10:03:30.350+0000] {logging_mixin.py:137} INFO - Betty Gibson
[2023-02-02T10:03:30.355+0000] {logging_mixin.py:137} INFO - Kristen Graham
[2023-02-02T10:03:30.364+0000] {logging_mixin.py:137} INFO - Daniel Meza
[2023-02-02T10:03:30.368+0000] {logging_mixin.py:137} INFO - Sherri Carpenter
[2023-02-02T10:03:30.372+0000] {logging_mixin.py:137} INFO - Andrea Sanchez
[2023-02-02T10:03:30.376+0000] {logging_mixin.py:137} INFO - Jordan Rios
[2023-02-02T10:03:30.380+0000] {logging_mixin.py:137} INFO - Elizabeth Jackson
[2023-02-02T10:03:30.386+0000] {logging_mixin.py:137} INFO - Elizabeth Myers
[2023-02-02T10:03:30.391+0000] {logging_mixin.py:137} INFO - Juan Barnes
[2023-02-02T10:03:30.394+0000] {logging_mixin.py:137} INFO - Christopher Lozano
[2023-02-02T10:03:30.399+0000] {logging_mixin.py:137} INFO - Jacqueline Griffin
[2023-02-02T10:03:30.406+0000] {logging_mixin.py:137} INFO - Ryan Mason
[2023-02-02T10:03:30.409+0000] {logging_mixin.py:137} INFO - Jonathan Moore
[2023-02-02T10:03:30.412+0000] {logging_mixin.py:137} INFO - Abigail Landry
[2023-02-02T10:03:30.416+0000] {logging_mixin.py:137} INFO - Brenda Hernandez
[2023-02-02T10:03:30.422+0000] {logging_mixin.py:137} INFO - Zachary Pitts
[2023-02-02T10:03:30.425+0000] {logging_mixin.py:137} INFO - Amanda Rogers
[2023-02-02T10:03:30.433+0000] {logging_mixin.py:137} INFO - Cynthia Gray
[2023-02-02T10:03:30.440+0000] {logging_mixin.py:137} INFO - Tyler Barajas
[2023-02-02T10:03:30.442+0000] {logging_mixin.py:137} INFO - Michelle Leon
[2023-02-02T10:03:30.445+0000] {logging_mixin.py:137} INFO - Kathy Lang
[2023-02-02T10:03:30.450+0000] {logging_mixin.py:137} INFO - Scott Townsend MD
[2023-02-02T10:03:30.454+0000] {logging_mixin.py:137} INFO - Theresa Acosta
[2023-02-02T10:03:30.457+0000] {logging_mixin.py:137} INFO - David Jones
[2023-02-02T10:03:30.460+0000] {logging_mixin.py:137} INFO - Jeremy Robinson
[2023-02-02T10:03:30.463+0000] {logging_mixin.py:137} INFO - James Newton
[2023-02-02T10:03:30.466+0000] {logging_mixin.py:137} INFO - Tracey Wells
[2023-02-02T10:03:30.469+0000] {logging_mixin.py:137} INFO - Maria Nelson
[2023-02-02T10:03:30.475+0000] {logging_mixin.py:137} INFO - Christopher Griffith
[2023-02-02T10:03:30.484+0000] {logging_mixin.py:137} INFO - Zachary Griffin
[2023-02-02T10:03:30.488+0000] {logging_mixin.py:137} INFO - Amy Nguyen
[2023-02-02T10:03:30.492+0000] {logging_mixin.py:137} INFO - April Williams
[2023-02-02T10:03:30.497+0000] {logging_mixin.py:137} INFO - Marissa Kelly
[2023-02-02T10:03:30.502+0000] {logging_mixin.py:137} INFO - Brian Lopez PhD
[2023-02-02T10:03:30.510+0000] {logging_mixin.py:137} INFO - William Williams
[2023-02-02T10:03:30.513+0000] {logging_mixin.py:137} INFO - Norman Brown
[2023-02-02T10:03:30.518+0000] {logging_mixin.py:137} INFO - Charles Fuentes
[2023-02-02T10:03:30.529+0000] {logging_mixin.py:137} INFO - Anthony Chang
[2023-02-02T10:03:30.532+0000] {logging_mixin.py:137} INFO - Mary Bell
[2023-02-02T10:03:30.554+0000] {logging_mixin.py:137} INFO - Elizabeth Stuart
[2023-02-02T10:03:30.559+0000] {logging_mixin.py:137} INFO - Mary Mcdonald
[2023-02-02T10:03:30.562+0000] {logging_mixin.py:137} INFO - Martin Harrison
[2023-02-02T10:03:30.564+0000] {logging_mixin.py:137} INFO - Stephanie Fernandez
[2023-02-02T10:03:30.572+0000] {logging_mixin.py:137} INFO - Christopher Brown
[2023-02-02T10:03:30.578+0000] {logging_mixin.py:137} INFO - Alexander Stephenson
[2023-02-02T10:03:30.586+0000] {logging_mixin.py:137} INFO - Grace Diaz
[2023-02-02T10:03:30.590+0000] {logging_mixin.py:137} INFO - Frank Bartlett
[2023-02-02T10:03:30.593+0000] {logging_mixin.py:137} INFO - Audrey Andersen
[2023-02-02T10:03:30.597+0000] {logging_mixin.py:137} INFO - David Green
[2023-02-02T10:03:30.605+0000] {logging_mixin.py:137} INFO - Joshua Diaz Jr.
[2023-02-02T10:03:30.618+0000] {logging_mixin.py:137} INFO - Emily Garcia
[2023-02-02T10:03:30.622+0000] {logging_mixin.py:137} INFO - Devin Hall
[2023-02-02T10:03:30.626+0000] {logging_mixin.py:137} INFO - Phillip Garner
[2023-02-02T10:03:30.645+0000] {logging_mixin.py:137} INFO - Katherine Estrada
[2023-02-02T10:03:30.646+0000] {logging_mixin.py:137} INFO - Corey Saunders
[2023-02-02T10:03:30.648+0000] {logging_mixin.py:137} INFO - Kimberly Collins
[2023-02-02T10:03:30.650+0000] {logging_mixin.py:137} INFO - Amy Elliott
[2023-02-02T10:03:30.653+0000] {logging_mixin.py:137} INFO - Tanya Jones
[2023-02-02T10:03:30.667+0000] {logging_mixin.py:137} INFO - Patricia Gonzalez
[2023-02-02T10:03:30.673+0000] {logging_mixin.py:137} INFO - Jennifer Hill
[2023-02-02T10:03:30.681+0000] {logging_mixin.py:137} INFO - John Haynes
[2023-02-02T10:03:30.690+0000] {logging_mixin.py:137} INFO - Jacob Henry
[2023-02-02T10:03:30.696+0000] {logging_mixin.py:137} INFO - Daniel Clark
[2023-02-02T10:03:30.702+0000] {logging_mixin.py:137} INFO - Jonathon Taylor
[2023-02-02T10:03:30.704+0000] {logging_mixin.py:137} INFO - Jesse Evans
[2023-02-02T10:03:30.711+0000] {logging_mixin.py:137} INFO - James Martinez
[2023-02-02T10:03:30.723+0000] {logging_mixin.py:137} INFO - Kyle Reyes
[2023-02-02T10:03:30.725+0000] {logging_mixin.py:137} INFO - Terrence Barker
[2023-02-02T10:03:30.731+0000] {logging_mixin.py:137} INFO - Anthony Washington
[2023-02-02T10:03:30.735+0000] {logging_mixin.py:137} INFO - Dustin Le
[2023-02-02T10:03:30.736+0000] {logging_mixin.py:137} INFO - Bruce Clark
[2023-02-02T10:03:30.738+0000] {logging_mixin.py:137} INFO - Keith Anthony
[2023-02-02T10:03:30.741+0000] {logging_mixin.py:137} INFO - Jeremiah Stone
[2023-02-02T10:03:30.749+0000] {logging_mixin.py:137} INFO - Michael Haley
[2023-02-02T10:03:30.752+0000] {logging_mixin.py:137} INFO - Regina Carrillo
[2023-02-02T10:03:30.756+0000] {logging_mixin.py:137} INFO - Jacob Lee
[2023-02-02T10:03:30.758+0000] {logging_mixin.py:137} INFO - Thomas Gonzalez
[2023-02-02T10:03:30.763+0000] {logging_mixin.py:137} INFO - Mark Lawrence
[2023-02-02T10:03:30.771+0000] {logging_mixin.py:137} INFO - Matthew Anderson
[2023-02-02T10:03:30.783+0000] {logging_mixin.py:137} INFO - Nicholas Young
[2023-02-02T10:03:30.786+0000] {logging_mixin.py:137} INFO - Melvin Martinez
[2023-02-02T10:03:30.789+0000] {logging_mixin.py:137} INFO - Scott Green
[2023-02-02T10:03:30.790+0000] {logging_mixin.py:137} INFO - Dana Richards
[2023-02-02T10:03:30.794+0000] {logging_mixin.py:137} INFO - Lauren Moore
[2023-02-02T10:03:30.799+0000] {logging_mixin.py:137} INFO - Terry Campbell
[2023-02-02T10:03:30.803+0000] {logging_mixin.py:137} INFO - Ralph Jordan
[2023-02-02T10:03:30.805+0000] {logging_mixin.py:137} INFO - Noah Reyes
[2023-02-02T10:03:30.807+0000] {logging_mixin.py:137} INFO - Mr. Gregory Mills MD
[2023-02-02T10:03:30.811+0000] {logging_mixin.py:137} INFO - Michelle Yates
[2023-02-02T10:03:30.813+0000] {logging_mixin.py:137} INFO - Robin Reyes
[2023-02-02T10:03:30.823+0000] {logging_mixin.py:137} INFO - Rebecca Smith
[2023-02-02T10:03:30.828+0000] {logging_mixin.py:137} INFO - Nicole Torres
[2023-02-02T10:03:30.831+0000] {logging_mixin.py:137} INFO - Ronald Jones
[2023-02-02T10:03:30.834+0000] {logging_mixin.py:137} INFO - Michael Castaneda
[2023-02-02T10:03:30.843+0000] {logging_mixin.py:137} INFO - Christopher Krueger
[2023-02-02T10:03:30.846+0000] {logging_mixin.py:137} INFO - Jennifer Werner
[2023-02-02T10:03:30.847+0000] {logging_mixin.py:137} INFO - Ashley Smith
[2023-02-02T10:03:30.849+0000] {logging_mixin.py:137} INFO - Alyssa Fields
[2023-02-02T10:03:30.851+0000] {logging_mixin.py:137} INFO - John Scott
[2023-02-02T10:03:30.852+0000] {logging_mixin.py:137} INFO - Debra Delacruz
[2023-02-02T10:03:30.853+0000] {logging_mixin.py:137} INFO - James Madden
[2023-02-02T10:03:30.855+0000] {logging_mixin.py:137} INFO - Joseph Gentry
[2023-02-02T10:03:30.862+0000] {logging_mixin.py:137} INFO - Ashley Cabrera
[2023-02-02T10:03:30.865+0000] {logging_mixin.py:137} INFO - Jennifer Fernandez
[2023-02-02T10:03:30.867+0000] {logging_mixin.py:137} INFO - James Harris
[2023-02-02T10:03:30.870+0000] {logging_mixin.py:137} INFO - Candice Young
[2023-02-02T10:03:30.872+0000] {logging_mixin.py:137} INFO - Lisa Baker
[2023-02-02T10:03:30.885+0000] {logging_mixin.py:137} INFO - Brian Mills DDS
[2023-02-02T10:03:30.898+0000] {logging_mixin.py:137} INFO - Kristin Smith
[2023-02-02T10:03:30.914+0000] {logging_mixin.py:137} INFO - Jacob Collins
[2023-02-02T10:03:30.921+0000] {logging_mixin.py:137} INFO - Kimberly Harris
[2023-02-02T10:03:30.925+0000] {logging_mixin.py:137} INFO - Michael Hull
[2023-02-02T10:03:30.929+0000] {logging_mixin.py:137} INFO - Caitlin Todd
[2023-02-02T10:03:30.931+0000] {logging_mixin.py:137} INFO - Lisa Harris
[2023-02-02T10:03:30.932+0000] {logging_mixin.py:137} INFO - Mrs. Ann Stone
[2023-02-02T10:03:30.935+0000] {logging_mixin.py:137} INFO - Michelle Case
[2023-02-02T10:03:30.941+0000] {logging_mixin.py:137} INFO - Joe Lowe
[2023-02-02T10:03:30.945+0000] {logging_mixin.py:137} INFO - Randall Dunn
[2023-02-02T10:03:30.948+0000] {logging_mixin.py:137} INFO - Paula Vargas
[2023-02-02T10:03:30.955+0000] {logging_mixin.py:137} INFO - Daniel Walker
[2023-02-02T10:03:30.961+0000] {logging_mixin.py:137} INFO - James Jackson
[2023-02-02T10:03:30.963+0000] {logging_mixin.py:137} INFO - Shirley Woodard
[2023-02-02T10:03:30.970+0000] {logging_mixin.py:137} INFO - James Hayes
[2023-02-02T10:03:30.974+0000] {logging_mixin.py:137} INFO - Megan Austin
[2023-02-02T10:03:30.976+0000] {logging_mixin.py:137} INFO - Erin Robertson
[2023-02-02T10:03:30.978+0000] {logging_mixin.py:137} INFO - Robert Phillips
[2023-02-02T10:03:30.982+0000] {logging_mixin.py:137} INFO - Amy Torres
[2023-02-02T10:03:30.984+0000] {logging_mixin.py:137} INFO - Joshua Cox
[2023-02-02T10:03:30.986+0000] {logging_mixin.py:137} INFO - Duane Grimes
[2023-02-02T10:03:30.989+0000] {logging_mixin.py:137} INFO - Jennifer Burgess
[2023-02-02T10:03:30.996+0000] {logging_mixin.py:137} INFO - Carlos Duran
[2023-02-02T10:03:31.000+0000] {logging_mixin.py:137} INFO - Jason Johnson
[2023-02-02T10:03:31.003+0000] {logging_mixin.py:137} INFO - Cameron Greer
[2023-02-02T10:03:31.006+0000] {logging_mixin.py:137} INFO - Randall Williams
[2023-02-02T10:03:31.010+0000] {logging_mixin.py:137} INFO - Jessica Harris
[2023-02-02T10:03:31.014+0000] {logging_mixin.py:137} INFO - Joshua Rogers
[2023-02-02T10:03:31.015+0000] {logging_mixin.py:137} INFO - Jose Mahoney
[2023-02-02T10:03:31.021+0000] {logging_mixin.py:137} INFO - Brandy Fuentes
[2023-02-02T10:03:31.023+0000] {logging_mixin.py:137} INFO - Angelica Matthews
[2023-02-02T10:03:31.026+0000] {logging_mixin.py:137} INFO - Glenn Caldwell
[2023-02-02T10:03:31.028+0000] {logging_mixin.py:137} INFO - Cristian Delacruz
[2023-02-02T10:03:31.031+0000] {logging_mixin.py:137} INFO - Alexandra Price
[2023-02-02T10:03:31.040+0000] {logging_mixin.py:137} INFO - Heather Wilson
[2023-02-02T10:03:31.042+0000] {logging_mixin.py:137} INFO - Shawn Thompson
[2023-02-02T10:03:31.044+0000] {logging_mixin.py:137} INFO - Anna Daniel
[2023-02-02T10:03:31.047+0000] {logging_mixin.py:137} INFO - Joseph Cisneros
[2023-02-02T10:03:31.052+0000] {logging_mixin.py:137} INFO - Rebecca Estes
[2023-02-02T10:03:31.055+0000] {logging_mixin.py:137} INFO - Jeremy Porter
[2023-02-02T10:03:31.057+0000] {logging_mixin.py:137} INFO - Lisa Mann
[2023-02-02T10:03:31.059+0000] {logging_mixin.py:137} INFO - Michael Woods
[2023-02-02T10:03:31.060+0000] {logging_mixin.py:137} INFO - Madison Thompson
[2023-02-02T10:03:31.062+0000] {logging_mixin.py:137} INFO - Nancy Gomez
[2023-02-02T10:03:31.064+0000] {logging_mixin.py:137} INFO - Julie Blanchard
[2023-02-02T10:03:31.065+0000] {logging_mixin.py:137} INFO - Michael Smith
[2023-02-02T10:03:31.069+0000] {logging_mixin.py:137} INFO - Angel Huber
[2023-02-02T10:03:31.070+0000] {logging_mixin.py:137} INFO - Michael Coffey
[2023-02-02T10:03:31.072+0000] {logging_mixin.py:137} INFO - Patrick Walter
[2023-02-02T10:03:31.074+0000] {logging_mixin.py:137} INFO - Curtis Davis
[2023-02-02T10:03:31.076+0000] {logging_mixin.py:137} INFO - Kyle Stewart
[2023-02-02T10:03:31.083+0000] {logging_mixin.py:137} INFO - Angela Jimenez
[2023-02-02T10:03:31.085+0000] {logging_mixin.py:137} INFO - Andrew Martinez
[2023-02-02T10:03:31.088+0000] {logging_mixin.py:137} INFO - Angela West
[2023-02-02T10:03:31.092+0000] {logging_mixin.py:137} INFO - Ryan Young
[2023-02-02T10:03:31.094+0000] {logging_mixin.py:137} INFO - Nathaniel Evans
[2023-02-02T10:03:31.096+0000] {logging_mixin.py:137} INFO - Dawn Bryant
[2023-02-02T10:03:31.108+0000] {logging_mixin.py:137} INFO - Danielle Lewis
[2023-02-02T10:03:31.112+0000] {logging_mixin.py:137} INFO - Matthew Newman
[2023-02-02T10:03:31.115+0000] {logging_mixin.py:137} INFO - Robert Smith
[2023-02-02T10:03:31.118+0000] {logging_mixin.py:137} INFO - Melissa Hicks
[2023-02-02T10:03:31.120+0000] {logging_mixin.py:137} INFO - Emily Lambert
[2023-02-02T10:03:31.125+0000] {logging_mixin.py:137} INFO - Krystal Wolfe
[2023-02-02T10:03:31.131+0000] {logging_mixin.py:137} INFO - Donna Murillo
[2023-02-02T10:03:31.133+0000] {logging_mixin.py:137} INFO - Carl Hudson
[2023-02-02T10:03:31.135+0000] {logging_mixin.py:137} INFO - Robert Wilson
[2023-02-02T10:03:31.138+0000] {logging_mixin.py:137} INFO - Patrick Mathis
[2023-02-02T10:03:31.144+0000] {logging_mixin.py:137} INFO - Michael Suarez
[2023-02-02T10:03:31.147+0000] {logging_mixin.py:137} INFO - David Johnson
[2023-02-02T10:03:31.151+0000] {logging_mixin.py:137} INFO - William Thompson
[2023-02-02T10:03:31.154+0000] {logging_mixin.py:137} INFO - Jessica Hansen DVM
[2023-02-02T10:03:31.159+0000] {logging_mixin.py:137} INFO - Katherine Friedman
[2023-02-02T10:03:31.169+0000] {logging_mixin.py:137} INFO - Jillian Johnson
[2023-02-02T10:03:31.174+0000] {logging_mixin.py:137} INFO - Robert Mckee
[2023-02-02T10:03:31.176+0000] {logging_mixin.py:137} INFO - Rachel Little
[2023-02-02T10:03:31.180+0000] {logging_mixin.py:137} INFO - Patricia Smith
[2023-02-02T10:03:31.188+0000] {logging_mixin.py:137} INFO - Heidi Martinez
[2023-02-02T10:03:31.192+0000] {logging_mixin.py:137} INFO - Caitlin Solomon
[2023-02-02T10:03:31.202+0000] {logging_mixin.py:137} INFO - Dr. Olivia Pugh
[2023-02-02T10:03:31.205+0000] {logging_mixin.py:137} INFO - John Steele DDS
[2023-02-02T10:03:31.210+0000] {logging_mixin.py:137} INFO - Jeremy Mathews
[2023-02-02T10:03:31.213+0000] {logging_mixin.py:137} INFO - Tiffany Hill
[2023-02-02T10:03:31.215+0000] {logging_mixin.py:137} INFO - Steven Edwards
[2023-02-02T10:03:31.217+0000] {logging_mixin.py:137} INFO - Charles Campbell
[2023-02-02T10:03:31.219+0000] {logging_mixin.py:137} INFO - Brett Hughes
[2023-02-02T10:03:31.225+0000] {logging_mixin.py:137} INFO - Christina Villegas
[2023-02-02T10:03:31.230+0000] {logging_mixin.py:137} INFO - Anthony Garcia
[2023-02-02T10:03:31.233+0000] {logging_mixin.py:137} INFO - Nathan Murphy
[2023-02-02T10:03:31.244+0000] {logging_mixin.py:137} INFO - Steven Dodson
[2023-02-02T10:03:31.248+0000] {logging_mixin.py:137} INFO - Brian Sullivan
[2023-02-02T10:03:31.252+0000] {logging_mixin.py:137} INFO - Renee White
[2023-02-02T10:03:31.256+0000] {logging_mixin.py:137} INFO - Laura Rowland
[2023-02-02T10:03:31.261+0000] {logging_mixin.py:137} INFO - John Moore
[2023-02-02T10:03:31.264+0000] {logging_mixin.py:137} INFO - Sophia Mckenzie
[2023-02-02T10:03:31.268+0000] {logging_mixin.py:137} INFO - David Roach
[2023-02-02T10:03:31.270+0000] {logging_mixin.py:137} INFO - Jennifer Patterson
[2023-02-02T10:03:31.274+0000] {logging_mixin.py:137} INFO - James Richards
[2023-02-02T10:03:31.282+0000] {logging_mixin.py:137} INFO - Mary Johnston
[2023-02-02T10:03:31.284+0000] {logging_mixin.py:137} INFO - Brandon Mcdaniel
[2023-02-02T10:03:31.286+0000] {logging_mixin.py:137} INFO - Meghan Stevenson
[2023-02-02T10:03:31.289+0000] {logging_mixin.py:137} INFO - Luis Hayes
[2023-02-02T10:03:31.292+0000] {logging_mixin.py:137} INFO - Alejandra Sloan
[2023-02-02T10:03:31.297+0000] {logging_mixin.py:137} INFO - Dr. Sandra Miller
[2023-02-02T10:03:31.302+0000] {logging_mixin.py:137} INFO - Dustin Bond
[2023-02-02T10:03:31.306+0000] {logging_mixin.py:137} INFO - Julia Patrick MD
[2023-02-02T10:03:31.308+0000] {logging_mixin.py:137} INFO - Jill Campbell
[2023-02-02T10:03:31.309+0000] {logging_mixin.py:137} INFO - Mark Ford
[2023-02-02T10:03:31.313+0000] {logging_mixin.py:137} INFO - Brian Long
[2023-02-02T10:03:31.317+0000] {logging_mixin.py:137} INFO - Lisa Peterson
[2023-02-02T10:03:31.324+0000] {logging_mixin.py:137} INFO - Matthew Lee
[2023-02-02T10:03:31.326+0000] {logging_mixin.py:137} INFO - Bradley Miller
[2023-02-02T10:03:31.329+0000] {logging_mixin.py:137} INFO - Jeffrey Moss
[2023-02-02T10:03:31.333+0000] {logging_mixin.py:137} INFO - Sara Carlson
[2023-02-02T10:03:31.336+0000] {logging_mixin.py:137} INFO - Daniel Rodriguez
[2023-02-02T10:03:31.339+0000] {logging_mixin.py:137} INFO - Jeremy David
[2023-02-02T10:03:31.340+0000] {logging_mixin.py:137} INFO - Eric Green
[2023-02-02T10:03:31.352+0000] {logging_mixin.py:137} INFO - Alexis Jones
[2023-02-02T10:03:31.354+0000] {logging_mixin.py:137} INFO - Matthew Rose
[2023-02-02T10:03:31.357+0000] {logging_mixin.py:137} INFO - Catherine Anderson
[2023-02-02T10:03:31.361+0000] {logging_mixin.py:137} INFO - Holly Burton
[2023-02-02T10:03:31.363+0000] {logging_mixin.py:137} INFO - David Matthews
[2023-02-02T10:03:31.374+0000] {logging_mixin.py:137} INFO - Mrs. Kara Little
[2023-02-02T10:03:31.378+0000] {logging_mixin.py:137} INFO - Jeffrey Stanley
[2023-02-02T10:03:31.379+0000] {logging_mixin.py:137} INFO - James Ochoa
[2023-02-02T10:03:31.385+0000] {logging_mixin.py:137} INFO - Jason Frye
[2023-02-02T10:03:31.396+0000] {logging_mixin.py:137} INFO - Christopher Ellis
[2023-02-02T10:03:31.400+0000] {logging_mixin.py:137} INFO - Michelle Nixon
[2023-02-02T10:03:31.404+0000] {logging_mixin.py:137} INFO - Andrew Gill
[2023-02-02T10:03:31.406+0000] {logging_mixin.py:137} INFO - Jennifer Wilson
[2023-02-02T10:03:31.408+0000] {logging_mixin.py:137} INFO - Shawn Black
[2023-02-02T10:03:31.410+0000] {logging_mixin.py:137} INFO - April Patterson
[2023-02-02T10:03:31.415+0000] {logging_mixin.py:137} INFO - Troy Vaughn
[2023-02-02T10:03:31.418+0000] {logging_mixin.py:137} INFO - Alexandria White
[2023-02-02T10:03:31.420+0000] {logging_mixin.py:137} INFO - Scott Phillips
[2023-02-02T10:03:31.424+0000] {logging_mixin.py:137} INFO - Zachary Cisneros
[2023-02-02T10:03:31.429+0000] {logging_mixin.py:137} INFO - Deborah Brown
[2023-02-02T10:03:31.432+0000] {logging_mixin.py:137} INFO - Monica Moses
[2023-02-02T10:03:31.435+0000] {logging_mixin.py:137} INFO - Brenda Reyes
[2023-02-02T10:03:31.440+0000] {logging_mixin.py:137} INFO - Miss Renee Allen
[2023-02-02T10:03:31.442+0000] {logging_mixin.py:137} INFO - Susan Clark
[2023-02-02T10:03:31.446+0000] {logging_mixin.py:137} INFO - Brandy Coffey
[2023-02-02T10:03:31.451+0000] {logging_mixin.py:137} INFO - Brett Nelson
[2023-02-02T10:03:31.455+0000] {logging_mixin.py:137} INFO - Ricardo Young
[2023-02-02T10:03:31.457+0000] {logging_mixin.py:137} INFO - Paul Lee
[2023-02-02T10:03:31.460+0000] {logging_mixin.py:137} INFO - David Allen
[2023-02-02T10:03:31.461+0000] {logging_mixin.py:137} INFO - Andrea Knight
[2023-02-02T10:03:31.463+0000] {logging_mixin.py:137} INFO - James Gomez
[2023-02-02T10:03:31.464+0000] {logging_mixin.py:137} INFO - Melody Gibson
[2023-02-02T10:03:31.466+0000] {logging_mixin.py:137} INFO - Christina Martinez
[2023-02-02T10:03:31.473+0000] {logging_mixin.py:137} INFO - Shelby Smith
[2023-02-02T10:03:31.501+0000] {logging_mixin.py:137} INFO - Jason Howard
[2023-02-02T10:03:31.505+0000] {logging_mixin.py:137} INFO - Amy Davidson
[2023-02-02T10:03:31.508+0000] {logging_mixin.py:137} INFO - Kyle Copeland
[2023-02-02T10:03:31.511+0000] {logging_mixin.py:137} INFO - Madeline Davis
[2023-02-02T10:03:31.515+0000] {logging_mixin.py:137} INFO - Aaron Young
[2023-02-02T10:03:31.518+0000] {logging_mixin.py:137} INFO - Lisa Barrett
[2023-02-02T10:03:31.526+0000] {logging_mixin.py:137} INFO - Joel Jones
[2023-02-02T10:03:31.528+0000] {logging_mixin.py:137} INFO - Christine Evans
[2023-02-02T10:03:31.530+0000] {logging_mixin.py:137} INFO - Kimberly Johnson
[2023-02-02T10:03:31.533+0000] {logging_mixin.py:137} INFO - Charles Hess
[2023-02-02T10:03:31.535+0000] {logging_mixin.py:137} INFO - Paul Dixon
[2023-02-02T10:03:31.537+0000] {logging_mixin.py:137} INFO - Christopher Johnson
[2023-02-02T10:03:31.538+0000] {logging_mixin.py:137} INFO - Robert Dawson
[2023-02-02T10:03:31.543+0000] {logging_mixin.py:137} INFO - Ryan Dixon
[2023-02-02T10:03:31.552+0000] {logging_mixin.py:137} INFO - Julie Martinez
[2023-02-02T10:03:31.556+0000] {logging_mixin.py:137} INFO - David Adams
[2023-02-02T10:03:31.558+0000] {logging_mixin.py:137} INFO - Mariah Brown
[2023-02-02T10:03:31.560+0000] {logging_mixin.py:137} INFO - Deborah Malone
[2023-02-02T10:03:31.563+0000] {logging_mixin.py:137} INFO - John Brown
[2023-02-02T10:03:31.565+0000] {logging_mixin.py:137} INFO - Maria Stewart
[2023-02-02T10:03:31.567+0000] {logging_mixin.py:137} INFO - Mr. Bryan Hawkins
[2023-02-02T10:03:31.569+0000] {logging_mixin.py:137} INFO - Kyle Brooks
[2023-02-02T10:03:31.571+0000] {logging_mixin.py:137} INFO - Kenneth White
[2023-02-02T10:03:31.573+0000] {logging_mixin.py:137} INFO - Patricia Wilson
[2023-02-02T10:03:31.575+0000] {logging_mixin.py:137} INFO - Paul Soto
[2023-02-02T10:03:31.583+0000] {logging_mixin.py:137} INFO - Janice Garrett
[2023-02-02T10:03:31.586+0000] {logging_mixin.py:137} INFO - Randy Strickland
[2023-02-02T10:03:31.589+0000] {logging_mixin.py:137} INFO - Felicia Herrera
[2023-02-02T10:03:31.592+0000] {logging_mixin.py:137} INFO - Andre Campos
[2023-02-02T10:03:31.595+0000] {logging_mixin.py:137} INFO - Justin Meyer
[2023-02-02T10:03:31.601+0000] {logging_mixin.py:137} INFO - Brandon Brooks
[2023-02-02T10:03:31.606+0000] {logging_mixin.py:137} INFO - Abigail Rivera
[2023-02-02T10:03:31.613+0000] {logging_mixin.py:137} INFO - Jessica Mann
[2023-02-02T10:03:31.616+0000] {logging_mixin.py:137} INFO - Michael Sawyer
[2023-02-02T10:03:31.619+0000] {logging_mixin.py:137} INFO - Jeffrey Coleman
[2023-02-02T10:03:31.621+0000] {logging_mixin.py:137} INFO - Micheal Castro
[2023-02-02T10:03:31.627+0000] {logging_mixin.py:137} INFO - Laura Gonzalez
[2023-02-02T10:03:31.638+0000] {logging_mixin.py:137} INFO - Christopher Jackson
[2023-02-02T10:03:31.650+0000] {logging_mixin.py:137} INFO - William Mckenzie
[2023-02-02T10:03:31.660+0000] {logging_mixin.py:137} INFO - Kristina Rodriguez
[2023-02-02T10:03:31.662+0000] {logging_mixin.py:137} INFO - Kelli Williams
[2023-02-02T10:03:31.666+0000] {logging_mixin.py:137} INFO - Diane Norris
[2023-02-02T10:03:31.668+0000] {logging_mixin.py:137} INFO - Kevin Carroll
[2023-02-02T10:03:31.670+0000] {logging_mixin.py:137} INFO - Betty Weber
[2023-02-02T10:03:31.673+0000] {logging_mixin.py:137} INFO - Jeffery Robinson
[2023-02-02T10:03:31.675+0000] {logging_mixin.py:137} INFO - Hannah Cowan
[2023-02-02T10:03:31.680+0000] {logging_mixin.py:137} INFO - Brian Kramer
[2023-02-02T10:03:31.687+0000] {logging_mixin.py:137} INFO - Anthony Roberts
[2023-02-02T10:03:31.689+0000] {logging_mixin.py:137} INFO - Ricardo Blankenship
[2023-02-02T10:03:31.691+0000] {logging_mixin.py:137} INFO - Brooke Collins
[2023-02-02T10:03:31.695+0000] {logging_mixin.py:137} INFO - Tammy Lawson
[2023-02-02T10:03:31.701+0000] {logging_mixin.py:137} INFO - Cody Miller
[2023-02-02T10:03:31.703+0000] {logging_mixin.py:137} INFO - Dr. Janice Salazar
[2023-02-02T10:03:31.706+0000] {logging_mixin.py:137} INFO - David West
[2023-02-02T10:03:31.708+0000] {logging_mixin.py:137} INFO - Robin Carpenter
[2023-02-02T10:03:31.712+0000] {logging_mixin.py:137} INFO - Monique Wall
[2023-02-02T10:03:31.715+0000] {logging_mixin.py:137} INFO - Charles Cardenas
[2023-02-02T10:03:31.717+0000] {logging_mixin.py:137} INFO - Valerie Mitchell
[2023-02-02T10:03:31.718+0000] {logging_mixin.py:137} INFO - Michelle Valenzuela
[2023-02-02T10:03:31.720+0000] {logging_mixin.py:137} INFO - William Poole
[2023-02-02T10:03:31.722+0000] {logging_mixin.py:137} INFO - James Hall
[2023-02-02T10:03:31.724+0000] {logging_mixin.py:137} INFO - Dylan Carpenter
[2023-02-02T10:03:31.726+0000] {logging_mixin.py:137} INFO - Linda Medina
[2023-02-02T10:03:31.727+0000] {logging_mixin.py:137} INFO - Joan White
[2023-02-02T10:03:31.729+0000] {logging_mixin.py:137} INFO - Mary Klein
[2023-02-02T10:03:31.730+0000] {logging_mixin.py:137} INFO - Ashley Wolf
[2023-02-02T10:03:31.732+0000] {logging_mixin.py:137} INFO - William Reed
[2023-02-02T10:03:31.734+0000] {logging_mixin.py:137} INFO - Derek Harvey
[2023-02-02T10:03:31.736+0000] {logging_mixin.py:137} INFO - Kathleen Rodriguez
[2023-02-02T10:03:31.738+0000] {logging_mixin.py:137} INFO - Andrew Rodriguez
[2023-02-02T10:03:31.739+0000] {logging_mixin.py:137} INFO - Ariel Frank
[2023-02-02T10:03:31.742+0000] {logging_mixin.py:137} INFO - Tina French
[2023-02-02T10:03:31.743+0000] {logging_mixin.py:137} INFO - Brent Waller
[2023-02-02T10:03:31.749+0000] {logging_mixin.py:137} INFO - Kevin Allen
[2023-02-02T10:03:31.753+0000] {logging_mixin.py:137} INFO - Xavier Walker
[2023-02-02T10:03:31.766+0000] {logging_mixin.py:137} INFO - Michelle Sanchez
[2023-02-02T10:03:31.770+0000] {logging_mixin.py:137} INFO - Rachael Shepard
[2023-02-02T10:03:31.773+0000] {logging_mixin.py:137} INFO - Kelsey Johnson
[2023-02-02T10:03:31.779+0000] {logging_mixin.py:137} INFO - Nicole Webb
[2023-02-02T10:03:31.783+0000] {logging_mixin.py:137} INFO - Nicholas Rodriguez
[2023-02-02T10:03:31.791+0000] {logging_mixin.py:137} INFO - Eric Vaughan
[2023-02-02T10:03:31.793+0000] {logging_mixin.py:137} INFO - Amanda Richardson
[2023-02-02T10:03:31.796+0000] {logging_mixin.py:137} INFO - Janice Carlson
[2023-02-02T10:03:31.806+0000] {logging_mixin.py:137} INFO - Darryl Walsh
[2023-02-02T10:03:31.810+0000] {logging_mixin.py:137} INFO - Heather Johnson
[2023-02-02T10:03:31.817+0000] {logging_mixin.py:137} INFO - Mark Chambers
[2023-02-02T10:03:31.827+0000] {logging_mixin.py:137} INFO - Tracy Burns
[2023-02-02T10:03:31.831+0000] {logging_mixin.py:137} INFO - John Cole
[2023-02-02T10:03:31.839+0000] {logging_mixin.py:137} INFO - Deborah Silva
[2023-02-02T10:03:31.854+0000] {logging_mixin.py:137} INFO - Shawn Hernandez
[2023-02-02T10:03:31.859+0000] {logging_mixin.py:137} INFO - Bethany Meyer
[2023-02-02T10:03:31.861+0000] {logging_mixin.py:137} INFO - Helen Smith
[2023-02-02T10:03:31.864+0000] {logging_mixin.py:137} INFO - Dana Dennis
[2023-02-02T10:03:31.868+0000] {logging_mixin.py:137} INFO - Kelsey Camacho
[2023-02-02T10:03:31.870+0000] {logging_mixin.py:137} INFO - Matthew Thomas
[2023-02-02T10:03:31.880+0000] {logging_mixin.py:137} INFO - Brittany Arellano
[2023-02-02T10:03:31.883+0000] {logging_mixin.py:137} INFO - Stacey Jones
[2023-02-02T10:03:31.889+0000] {logging_mixin.py:137} INFO - William Weeks
[2023-02-02T10:03:31.892+0000] {logging_mixin.py:137} INFO - Mark Beasley
[2023-02-02T10:03:31.898+0000] {logging_mixin.py:137} INFO - Bruce Pena
[2023-02-02T10:03:31.900+0000] {logging_mixin.py:137} INFO - Jeffery Smith
[2023-02-02T10:03:31.906+0000] {logging_mixin.py:137} INFO - Ann Deleon
[2023-02-02T10:03:31.918+0000] {logging_mixin.py:137} INFO - Kevin Robertson
[2023-02-02T10:03:31.919+0000] {logging_mixin.py:137} INFO - Vincent Willis MD
[2023-02-02T10:03:31.922+0000] {logging_mixin.py:137} INFO - Michael Nielsen
[2023-02-02T10:03:31.928+0000] {logging_mixin.py:137} INFO - Walter Koch
[2023-02-02T10:03:31.931+0000] {logging_mixin.py:137} INFO - Brian Vega
[2023-02-02T10:03:31.932+0000] {logging_mixin.py:137} INFO - Jeffrey Medina
[2023-02-02T10:03:31.934+0000] {logging_mixin.py:137} INFO - Erika Banks
[2023-02-02T10:03:31.936+0000] {logging_mixin.py:137} INFO - Stacey Griffin
[2023-02-02T10:03:31.938+0000] {logging_mixin.py:137} INFO - Michael Marsh
[2023-02-02T10:03:31.939+0000] {logging_mixin.py:137} INFO - Molly White
[2023-02-02T10:03:31.941+0000] {logging_mixin.py:137} INFO - Matthew Morrison
[2023-02-02T10:03:31.942+0000] {logging_mixin.py:137} INFO - Amanda Burns
[2023-02-02T10:03:31.950+0000] {logging_mixin.py:137} INFO - Emily Gonzalez DDS
[2023-02-02T10:03:31.951+0000] {logging_mixin.py:137} INFO - Gregory King
[2023-02-02T10:03:31.953+0000] {logging_mixin.py:137} INFO - Dennis Evans
[2023-02-02T10:03:31.956+0000] {logging_mixin.py:137} INFO - Christina Snyder
[2023-02-02T10:03:31.957+0000] {logging_mixin.py:137} INFO - Carolyn Mata
[2023-02-02T10:03:31.959+0000] {logging_mixin.py:137} INFO - Brandy Lawson
[2023-02-02T10:03:31.962+0000] {logging_mixin.py:137} INFO - Briana Christian
[2023-02-02T10:03:31.972+0000] {logging_mixin.py:137} INFO - Jeffrey Hernandez
[2023-02-02T10:03:31.976+0000] {logging_mixin.py:137} INFO - John Riggs
[2023-02-02T10:03:31.977+0000] {logging_mixin.py:137} INFO - Barbara Short
[2023-02-02T10:03:31.979+0000] {logging_mixin.py:137} INFO - Steven Brooks
[2023-02-02T10:03:31.980+0000] {logging_mixin.py:137} INFO - Gabrielle James
[2023-02-02T10:03:31.982+0000] {logging_mixin.py:137} INFO - Robert Young
[2023-02-02T10:03:31.985+0000] {logging_mixin.py:137} INFO - Derek Sanders
[2023-02-02T10:03:31.988+0000] {logging_mixin.py:137} INFO - Mallory Oliver
[2023-02-02T10:03:31.990+0000] {logging_mixin.py:137} INFO - Terry Howe
[2023-02-02T10:03:31.992+0000] {logging_mixin.py:137} INFO - Samuel Wallace
[2023-02-02T10:03:31.993+0000] {logging_mixin.py:137} INFO - Angel Jones
[2023-02-02T10:03:31.996+0000] {logging_mixin.py:137} INFO - Jacqueline Nichols
[2023-02-02T10:03:31.998+0000] {logging_mixin.py:137} INFO - Melissa Mcgee
[2023-02-02T10:03:32.000+0000] {logging_mixin.py:137} INFO - Michelle Smith
[2023-02-02T10:03:32.002+0000] {logging_mixin.py:137} INFO - Maureen Baxter
[2023-02-02T10:03:32.004+0000] {logging_mixin.py:137} INFO - Kathy Crawford
[2023-02-02T10:03:32.005+0000] {logging_mixin.py:137} INFO - Stacy Wood
[2023-02-02T10:03:32.008+0000] {logging_mixin.py:137} INFO - Justin Parsons
[2023-02-02T10:03:32.011+0000] {logging_mixin.py:137} INFO - Ann Klein
[2023-02-02T10:03:32.013+0000] {logging_mixin.py:137} INFO - Allison Arnold
[2023-02-02T10:03:32.014+0000] {logging_mixin.py:137} INFO - Heather Kirk
[2023-02-02T10:03:32.017+0000] {logging_mixin.py:137} INFO - Monica Smith
[2023-02-02T10:03:32.019+0000] {logging_mixin.py:137} INFO - Brett Oconnor
[2023-02-02T10:03:32.020+0000] {logging_mixin.py:137} INFO - Anthony Bryant
[2023-02-02T10:03:32.022+0000] {logging_mixin.py:137} INFO - Jeremy Russell
[2023-02-02T10:03:32.024+0000] {logging_mixin.py:137} INFO - Julie Poole
[2023-02-02T10:03:32.026+0000] {logging_mixin.py:137} INFO - Emma Thompson
[2023-02-02T10:03:32.030+0000] {logging_mixin.py:137} INFO - Bradley Matthews
[2023-02-02T10:03:32.031+0000] {logging_mixin.py:137} INFO - William Roberts
[2023-02-02T10:03:32.033+0000] {logging_mixin.py:137} INFO - Julie Mooney
[2023-02-02T10:03:32.034+0000] {logging_mixin.py:137} INFO - Amy Doyle
[2023-02-02T10:03:32.037+0000] {logging_mixin.py:137} INFO - Amanda Grant
[2023-02-02T10:03:32.039+0000] {logging_mixin.py:137} INFO - Eric Anderson
[2023-02-02T10:03:32.041+0000] {logging_mixin.py:137} INFO - George Thompson
[2023-02-02T10:03:32.044+0000] {logging_mixin.py:137} INFO - Dustin Hines
[2023-02-02T10:03:32.046+0000] {logging_mixin.py:137} INFO - Andrea Frank
[2023-02-02T10:03:32.048+0000] {logging_mixin.py:137} INFO - Jodi Cook
[2023-02-02T10:03:32.050+0000] {logging_mixin.py:137} INFO - Stacy Haney
[2023-02-02T10:03:32.052+0000] {logging_mixin.py:137} INFO - Paul Callahan
[2023-02-02T10:03:32.055+0000] {logging_mixin.py:137} INFO - Jasmine Chambers
[2023-02-02T10:03:32.057+0000] {logging_mixin.py:137} INFO - Melissa Pittman MD
[2023-02-02T10:03:32.059+0000] {logging_mixin.py:137} INFO - Deborah Larson
[2023-02-02T10:03:32.061+0000] {logging_mixin.py:137} INFO - Brandon Shaw
[2023-02-02T10:03:32.063+0000] {logging_mixin.py:137} INFO - Timothy Paul
[2023-02-02T10:03:32.064+0000] {logging_mixin.py:137} INFO - Michael Trujillo
[2023-02-02T10:03:32.067+0000] {logging_mixin.py:137} INFO - Robert Rivera
[2023-02-02T10:03:32.069+0000] {logging_mixin.py:137} INFO - Dana Nelson
[2023-02-02T10:03:32.074+0000] {logging_mixin.py:137} INFO - Andrea Bennett
[2023-02-02T10:03:32.078+0000] {logging_mixin.py:137} INFO - Jodi Fox
[2023-02-02T10:03:32.080+0000] {logging_mixin.py:137} INFO - Heather Hayes
[2023-02-02T10:03:32.084+0000] {logging_mixin.py:137} INFO - Jennifer Moreno
[2023-02-02T10:03:32.086+0000] {logging_mixin.py:137} INFO - John Patel
[2023-02-02T10:03:32.088+0000] {logging_mixin.py:137} INFO - Teresa Oliver
[2023-02-02T10:03:32.089+0000] {logging_mixin.py:137} INFO - Monique Bell
[2023-02-02T10:03:32.090+0000] {logging_mixin.py:137} INFO - Casey Leonard
[2023-02-02T10:03:32.093+0000] {logging_mixin.py:137} INFO - Steven Clark
[2023-02-02T10:03:32.099+0000] {logging_mixin.py:137} INFO - Edward Martin
[2023-02-02T10:03:32.100+0000] {logging_mixin.py:137} INFO - Shawn Orozco
[2023-02-02T10:03:32.101+0000] {logging_mixin.py:137} INFO - Brandon Yang
[2023-02-02T10:03:32.103+0000] {logging_mixin.py:137} INFO - Nathan Ray
[2023-02-02T10:03:32.106+0000] {logging_mixin.py:137} INFO - Lori Moore
[2023-02-02T10:03:32.107+0000] {logging_mixin.py:137} INFO - Dr. Lisa Shaw DVM
[2023-02-02T10:03:32.109+0000] {logging_mixin.py:137} INFO - Angela Walters
[2023-02-02T10:03:32.110+0000] {logging_mixin.py:137} INFO - David Nolan
[2023-02-02T10:03:32.111+0000] {logging_mixin.py:137} INFO - William Ramsey
[2023-02-02T10:03:32.113+0000] {logging_mixin.py:137} INFO - David Oconnor
[2023-02-02T10:03:32.115+0000] {logging_mixin.py:137} INFO - Mark Washington
[2023-02-02T10:03:32.116+0000] {logging_mixin.py:137} INFO - Jennifer Jacobs
[2023-02-02T10:03:32.120+0000] {logging_mixin.py:137} INFO - Tammy Hampton
[2023-02-02T10:03:32.123+0000] {logging_mixin.py:137} INFO - Stephen Farmer
[2023-02-02T10:03:32.124+0000] {logging_mixin.py:137} INFO - Jasmine Nguyen
[2023-02-02T10:03:32.126+0000] {logging_mixin.py:137} INFO - Rebecca Flores
[2023-02-02T10:03:32.129+0000] {logging_mixin.py:137} INFO - Tyler Davis
[2023-02-02T10:03:32.130+0000] {logging_mixin.py:137} INFO - Nancy Gray
[2023-02-02T10:03:32.132+0000] {logging_mixin.py:137} INFO - Brian Sanchez
[2023-02-02T10:03:32.133+0000] {logging_mixin.py:137} INFO - Laurie Shaw
[2023-02-02T10:03:32.135+0000] {logging_mixin.py:137} INFO - Kristina Torres
[2023-02-02T10:03:32.137+0000] {logging_mixin.py:137} INFO - Andrea Rodgers
[2023-02-02T10:03:32.139+0000] {logging_mixin.py:137} INFO - Jason Walters
[2023-02-02T10:03:32.140+0000] {logging_mixin.py:137} INFO - Jerry Moss
[2023-02-02T10:03:32.142+0000] {logging_mixin.py:137} INFO - Jeffrey Jordan
[2023-02-02T10:03:32.143+0000] {logging_mixin.py:137} INFO - Jennifer Wilson
[2023-02-02T10:03:32.145+0000] {logging_mixin.py:137} INFO - Trevor Mathews
[2023-02-02T10:03:32.147+0000] {logging_mixin.py:137} INFO - Anne Hood
[2023-02-02T10:03:32.148+0000] {logging_mixin.py:137} INFO - Sarah Williams
[2023-02-02T10:03:32.150+0000] {logging_mixin.py:137} INFO - Shelby Hernandez
[2023-02-02T10:03:32.152+0000] {logging_mixin.py:137} INFO - Samantha Velez
[2023-02-02T10:03:32.153+0000] {logging_mixin.py:137} INFO - Matthew Douglas
[2023-02-02T10:03:32.155+0000] {logging_mixin.py:137} INFO - Ashlee George
[2023-02-02T10:03:32.157+0000] {logging_mixin.py:137} INFO - Troy Crane
[2023-02-02T10:03:32.160+0000] {logging_mixin.py:137} INFO - Michael Cooper
[2023-02-02T10:03:32.162+0000] {logging_mixin.py:137} INFO - Michael White
[2023-02-02T10:03:32.164+0000] {logging_mixin.py:137} INFO - Mr. Timothy Fleming
[2023-02-02T10:03:32.166+0000] {logging_mixin.py:137} INFO - Seth Bruce
[2023-02-02T10:03:32.169+0000] {logging_mixin.py:137} INFO - Jacqueline Carpenter
[2023-02-02T10:03:32.172+0000] {logging_mixin.py:137} INFO - Michael Martin
[2023-02-02T10:03:32.174+0000] {logging_mixin.py:137} INFO - Kristopher Henry
[2023-02-02T10:03:32.179+0000] {logging_mixin.py:137} INFO - Tiffany Porter
[2023-02-02T10:03:32.184+0000] {logging_mixin.py:137} INFO - Stacy Simpson
[2023-02-02T10:03:32.186+0000] {logging_mixin.py:137} INFO - Tammy Mcdowell
[2023-02-02T10:03:32.187+0000] {logging_mixin.py:137} INFO - Thomas Walters
[2023-02-02T10:03:32.189+0000] {logging_mixin.py:137} INFO - Dwayne Thompson
[2023-02-02T10:03:32.193+0000] {logging_mixin.py:137} INFO - Natalie Willis
[2023-02-02T10:03:32.195+0000] {logging_mixin.py:137} INFO - Sharon Taylor
[2023-02-02T10:03:32.197+0000] {logging_mixin.py:137} INFO - Sarah Wiggins
[2023-02-02T10:03:32.199+0000] {logging_mixin.py:137} INFO - Amber Thomas
[2023-02-02T10:03:32.200+0000] {logging_mixin.py:137} INFO - Patrick Miller
[2023-02-02T10:03:32.202+0000] {logging_mixin.py:137} INFO - Stephanie Hartman
[2023-02-02T10:03:32.203+0000] {logging_mixin.py:137} INFO - Stacey Mora
[2023-02-02T10:03:32.208+0000] {logging_mixin.py:137} INFO - Katherine Rodriguez
[2023-02-02T10:03:32.209+0000] {logging_mixin.py:137} INFO - Daniel Morgan
[2023-02-02T10:03:32.210+0000] {logging_mixin.py:137} INFO - Rebecca Martinez
[2023-02-02T10:03:32.212+0000] {logging_mixin.py:137} INFO - Nicole Juarez
[2023-02-02T10:03:32.213+0000] {logging_mixin.py:137} INFO - Mark Arroyo
[2023-02-02T10:03:32.215+0000] {logging_mixin.py:137} INFO - April Lucero
[2023-02-02T10:03:32.216+0000] {logging_mixin.py:137} INFO - Samantha Garcia
[2023-02-02T10:03:32.217+0000] {logging_mixin.py:137} INFO - Jon Moore
[2023-02-02T10:03:32.219+0000] {logging_mixin.py:137} INFO - Joshua Flores MD
[2023-02-02T10:03:32.223+0000] {logging_mixin.py:137} INFO - Raymond Jones
[2023-02-02T10:03:32.225+0000] {logging_mixin.py:137} INFO - Billy Hughes
[2023-02-02T10:03:32.227+0000] {logging_mixin.py:137} INFO - Peggy Valdez PhD
[2023-02-02T10:03:32.229+0000] {logging_mixin.py:137} INFO - Joshua Reyes
[2023-02-02T10:03:32.231+0000] {logging_mixin.py:137} INFO - Aaron Green
[2023-02-02T10:03:32.235+0000] {logging_mixin.py:137} INFO - Wendy Espinoza
[2023-02-02T10:03:32.236+0000] {logging_mixin.py:137} INFO - Peter Vasquez
[2023-02-02T10:03:32.237+0000] {logging_mixin.py:137} INFO - Diane Harper
[2023-02-02T10:03:32.239+0000] {logging_mixin.py:137} INFO - Ms. Rebecca Cantu
[2023-02-02T10:03:32.240+0000] {logging_mixin.py:137} INFO - Yolanda Morrow
[2023-02-02T10:03:32.241+0000] {logging_mixin.py:137} INFO - Penny Beard
[2023-02-02T10:03:32.243+0000] {logging_mixin.py:137} INFO - Lisa Long
[2023-02-02T10:03:32.245+0000] {logging_mixin.py:137} INFO - Jerry Harris
[2023-02-02T10:03:32.249+0000] {logging_mixin.py:137} INFO - Bob Willis
[2023-02-02T10:03:32.251+0000] {logging_mixin.py:137} INFO - Duane Chapman
[2023-02-02T10:03:32.253+0000] {logging_mixin.py:137} INFO - William Morgan
[2023-02-02T10:03:32.254+0000] {logging_mixin.py:137} INFO - Amy Gutierrez
[2023-02-02T10:03:32.256+0000] {logging_mixin.py:137} INFO - Amber Nichols
[2023-02-02T10:03:32.259+0000] {logging_mixin.py:137} INFO - Matthew Carr
[2023-02-02T10:03:32.261+0000] {logging_mixin.py:137} INFO - Thomas Duncan
[2023-02-02T10:03:32.262+0000] {logging_mixin.py:137} INFO - Elizabeth Wright
[2023-02-02T10:03:32.263+0000] {logging_mixin.py:137} INFO - Jacqueline Brewer
[2023-02-02T10:03:32.265+0000] {logging_mixin.py:137} INFO - Stephanie Johnson
[2023-02-02T10:03:32.266+0000] {logging_mixin.py:137} INFO - Samantha Calderon
[2023-02-02T10:03:32.269+0000] {logging_mixin.py:137} INFO - Kathryn Gaines
[2023-02-02T10:03:32.270+0000] {logging_mixin.py:137} INFO - Angel Jones
[2023-02-02T10:03:32.272+0000] {logging_mixin.py:137} INFO - Laura Wall
[2023-02-02T10:03:32.275+0000] {logging_mixin.py:137} INFO - Mr. Anthony Hamilton
[2023-02-02T10:03:32.277+0000] {logging_mixin.py:137} INFO - David Smith
[2023-02-02T10:03:32.278+0000] {logging_mixin.py:137} INFO - Kimberly Herrera DDS
[2023-02-02T10:03:32.281+0000] {logging_mixin.py:137} INFO - Gina Wilson
[2023-02-02T10:03:32.285+0000] {logging_mixin.py:137} INFO - Timothy Byrd
[2023-02-02T10:03:32.286+0000] {logging_mixin.py:137} INFO - Michael Mckenzie
[2023-02-02T10:03:32.287+0000] {logging_mixin.py:137} INFO - Jeffrey Mcintyre
[2023-02-02T10:03:32.289+0000] {logging_mixin.py:137} INFO - Teresa Jackson
[2023-02-02T10:03:32.291+0000] {logging_mixin.py:137} INFO - Joseph Wilcox
[2023-02-02T10:03:32.292+0000] {logging_mixin.py:137} INFO - Patrick Mcknight
[2023-02-02T10:03:32.295+0000] {logging_mixin.py:137} INFO - Ronald Moreno
[2023-02-02T10:03:32.297+0000] {logging_mixin.py:137} INFO - Jamie Sullivan
[2023-02-02T10:03:32.298+0000] {logging_mixin.py:137} INFO - Jason Anderson
[2023-02-02T10:03:32.299+0000] {logging_mixin.py:137} INFO - Steven Stewart
[2023-02-02T10:03:32.300+0000] {logging_mixin.py:137} INFO - Melinda Paul
[2023-02-02T10:03:32.302+0000] {logging_mixin.py:137} INFO - Cynthia Simmons
[2023-02-02T10:03:32.303+0000] {logging_mixin.py:137} INFO - Christian Smith
[2023-02-02T10:03:32.307+0000] {logging_mixin.py:137} INFO - William Jimenez
[2023-02-02T10:03:32.309+0000] {logging_mixin.py:137} INFO - Hayley French
[2023-02-02T10:03:32.310+0000] {logging_mixin.py:137} INFO - Brandon Hess
[2023-02-02T10:03:32.312+0000] {logging_mixin.py:137} INFO - Laura Perry
[2023-02-02T10:03:32.316+0000] {logging_mixin.py:137} INFO - Scott Jones
[2023-02-02T10:03:32.319+0000] {logging_mixin.py:137} INFO - Christine Hernandez
[2023-02-02T10:03:32.320+0000] {logging_mixin.py:137} INFO - Douglas Eaton
[2023-02-02T10:03:32.322+0000] {logging_mixin.py:137} INFO - William Soto
[2023-02-02T10:03:32.323+0000] {logging_mixin.py:137} INFO - Mary Jones
[2023-02-02T10:03:32.325+0000] {logging_mixin.py:137} INFO - Stephanie Holmes
[2023-02-02T10:03:32.327+0000] {logging_mixin.py:137} INFO - Keith Meyers
[2023-02-02T10:03:32.333+0000] {logging_mixin.py:137} INFO - Paul Fisher
[2023-02-02T10:03:32.336+0000] {logging_mixin.py:137} INFO - Emily Alexander
[2023-02-02T10:03:32.338+0000] {logging_mixin.py:137} INFO - Anthony Schwartz
[2023-02-02T10:03:32.339+0000] {logging_mixin.py:137} INFO - Evelyn Jacobs
[2023-02-02T10:03:32.341+0000] {logging_mixin.py:137} INFO - Connie Jones
[2023-02-02T10:03:32.345+0000] {logging_mixin.py:137} INFO - Carla Gibbs
[2023-02-02T10:03:32.346+0000] {logging_mixin.py:137} INFO - Ashley Santiago
[2023-02-02T10:03:32.348+0000] {logging_mixin.py:137} INFO - Micheal Mckee
[2023-02-02T10:03:32.350+0000] {logging_mixin.py:137} INFO - Diane Williams
[2023-02-02T10:03:32.352+0000] {logging_mixin.py:137} INFO - Jesse Velasquez
[2023-02-02T10:03:32.354+0000] {logging_mixin.py:137} INFO - Jennifer Rodriguez
[2023-02-02T10:03:32.355+0000] {logging_mixin.py:137} INFO - Joe Griffin
[2023-02-02T10:03:32.356+0000] {logging_mixin.py:137} INFO - Gary Cherry
[2023-02-02T10:03:32.358+0000] {logging_mixin.py:137} INFO - Alyssa Edwards
[2023-02-02T10:03:32.359+0000] {logging_mixin.py:137} INFO - Caroline Hernandez MD
[2023-02-02T10:03:32.361+0000] {logging_mixin.py:137} INFO - Jessica Morton
[2023-02-02T10:03:32.362+0000] {logging_mixin.py:137} INFO - Holly Jones
[2023-02-02T10:03:32.364+0000] {logging_mixin.py:137} INFO - David Shelton
[2023-02-02T10:03:32.367+0000] {logging_mixin.py:137} INFO - Kristina Parks
[2023-02-02T10:03:32.368+0000] {logging_mixin.py:137} INFO - Laurie Hernandez
[2023-02-02T10:03:32.371+0000] {logging_mixin.py:137} INFO - Melissa James
[2023-02-02T10:03:32.372+0000] {logging_mixin.py:137} INFO - Jeremiah Adams
[2023-02-02T10:03:32.375+0000] {logging_mixin.py:137} INFO - Arthur Robinson
[2023-02-02T10:03:32.382+0000] {logging_mixin.py:137} INFO - Anna Shepard
[2023-02-02T10:03:32.385+0000] {logging_mixin.py:137} INFO - Brandon Myers
[2023-02-02T10:03:32.387+0000] {logging_mixin.py:137} INFO - Paul Cardenas
[2023-02-02T10:03:32.389+0000] {logging_mixin.py:137} INFO - Megan Santana
[2023-02-02T10:03:32.390+0000] {logging_mixin.py:137} INFO - Joseph Marshall
[2023-02-02T10:03:32.393+0000] {logging_mixin.py:137} INFO - Mrs. Brenda Harris
[2023-02-02T10:03:32.397+0000] {logging_mixin.py:137} INFO - Nicole Garcia
[2023-02-02T10:03:32.399+0000] {logging_mixin.py:137} INFO - Anna Estrada
[2023-02-02T10:03:32.401+0000] {logging_mixin.py:137} INFO - Carl Moore
[2023-02-02T10:03:32.402+0000] {logging_mixin.py:137} INFO - Rodney Hernandez
[2023-02-02T10:03:32.405+0000] {logging_mixin.py:137} INFO - Madison Christian
[2023-02-02T10:03:32.409+0000] {logging_mixin.py:137} INFO - Heather Rhodes
[2023-02-02T10:03:32.416+0000] {python.py:177} INFO - Done. Returned value was: None
[2023-02-02T10:03:32.435+0000] {taskinstance.py:1323} INFO - Marking task as SUCCESS. dag_id=CSV_DAG, task_id=convertCSVToJson, execution_date=20230202T065000, start_date=20230202T100327, end_date=20230202T100332
[2023-02-02T10:03:32.498+0000] {local_task_job.py:208} INFO - Task exited with return code 0
[2023-02-02T10:03:32.528+0000] {taskinstance.py:2578} INFO - 0 downstream tasks scheduled from follow-on schedule check
