[2023-02-02T10:02:04.604+0000] {taskinstance.py:1083} INFO - Dependencies all met for <TaskInstance: CSV_DAG.starting scheduled__2023-02-02T02:45:00+00:00 [queued]>
[2023-02-02T10:02:04.648+0000] {taskinstance.py:1083} INFO - Dependencies all met for <TaskInstance: CSV_DAG.starting scheduled__2023-02-02T02:45:00+00:00 [queued]>
[2023-02-02T10:02:04.651+0000] {taskinstance.py:1279} INFO - 
--------------------------------------------------------------------------------
[2023-02-02T10:02:04.653+0000] {taskinstance.py:1280} INFO - Starting attempt 1 of 2
[2023-02-02T10:02:04.657+0000] {taskinstance.py:1281} INFO - 
--------------------------------------------------------------------------------
[2023-02-02T10:02:04.750+0000] {taskinstance.py:1300} INFO - Executing <Task(BashOperator): starting> on 2023-02-02 02:45:00+00:00
[2023-02-02T10:02:04.759+0000] {standard_task_runner.py:55} INFO - Started process 808 to run task
[2023-02-02T10:02:04.790+0000] {standard_task_runner.py:82} INFO - Running: ['***', 'tasks', 'run', 'CSV_DAG', 'starting', 'scheduled__2023-02-02T02:45:00+00:00', '--job-id', '662', '--raw', '--subdir', 'DAGS_FOLDER/csv.py', '--cfg-path', '/tmp/tmp270x5l0w']
[2023-02-02T10:02:04.799+0000] {standard_task_runner.py:83} INFO - Job 662: Subtask starting
[2023-02-02T10:02:05.268+0000] {task_command.py:388} INFO - Running <TaskInstance: CSV_DAG.starting scheduled__2023-02-02T02:45:00+00:00 [running]> on host 06d8060e8530
[2023-02-02T10:02:05.714+0000] {taskinstance.py:1509} INFO - Exporting the following env vars:
AIRFLOW_CTX_DAG_OWNER=Kevin Chalmers
AIRFLOW_CTX_DAG_ID=CSV_DAG
AIRFLOW_CTX_TASK_ID=starting
AIRFLOW_CTX_EXECUTION_DATE=2023-02-02T02:45:00+00:00
AIRFLOW_CTX_TRY_NUMBER=1
AIRFLOW_CTX_DAG_RUN_ID=scheduled__2023-02-02T02:45:00+00:00
[2023-02-02T10:02:05.723+0000] {subprocess.py:63} INFO - Tmp dir root location: 
 /tmp
[2023-02-02T10:02:05.730+0000] {subprocess.py:75} INFO - Running command: ['/bin/bash', '-c', 'echo "Reading data"']
[2023-02-02T10:02:06.049+0000] {subprocess.py:86} INFO - Output:
[2023-02-02T10:02:06.056+0000] {subprocess.py:93} INFO - Reading data
[2023-02-02T10:02:06.058+0000] {subprocess.py:97} INFO - Command exited with return code 0
[2023-02-02T10:02:06.227+0000] {taskinstance.py:1323} INFO - Marking task as SUCCESS. dag_id=CSV_DAG, task_id=starting, execution_date=20230202T024500, start_date=20230202T100204, end_date=20230202T100206
[2023-02-02T10:02:06.530+0000] {local_task_job.py:208} INFO - Task exited with return code 0
[2023-02-02T10:02:06.658+0000] {taskinstance.py:2578} INFO - 1 downstream tasks scheduled from follow-on schedule check
