[2023-02-01T19:10:51.728+0000] {taskinstance.py:1083} INFO - Dependencies all met for <TaskInstance: CSV_DAG.convertCSVToJson scheduled__2023-02-01T15:35:00+00:00 [queued]>
[2023-02-01T19:10:51.775+0000] {taskinstance.py:1083} INFO - Dependencies all met for <TaskInstance: CSV_DAG.convertCSVToJson scheduled__2023-02-01T15:35:00+00:00 [queued]>
[2023-02-01T19:10:51.794+0000] {taskinstance.py:1279} INFO - 
--------------------------------------------------------------------------------
[2023-02-01T19:10:51.812+0000] {taskinstance.py:1280} INFO - Starting attempt 1 of 2
[2023-02-01T19:10:51.816+0000] {taskinstance.py:1281} INFO - 
--------------------------------------------------------------------------------
[2023-02-01T19:10:51.864+0000] {taskinstance.py:1300} INFO - Executing <Task(PythonOperator): convertCSVToJson> on 2023-02-01 15:35:00+00:00
[2023-02-01T19:10:51.893+0000] {standard_task_runner.py:55} INFO - Started process 1616 to run task
[2023-02-01T19:10:51.955+0000] {standard_task_runner.py:82} INFO - Running: ['***', 'tasks', 'run', 'CSV_DAG', 'convertCSVToJson', 'scheduled__2023-02-01T15:35:00+00:00', '--job-id', '412', '--raw', '--subdir', 'DAGS_FOLDER/csv.py', '--cfg-path', '/tmp/tmpxv3lmev1']
[2023-02-01T19:10:51.968+0000] {standard_task_runner.py:83} INFO - Job 412: Subtask convertCSVToJson
[2023-02-01T19:10:52.899+0000] {task_command.py:388} INFO - Running <TaskInstance: CSV_DAG.convertCSVToJson scheduled__2023-02-01T15:35:00+00:00 [running]> on host 06d8060e8530
[2023-02-01T19:10:53.794+0000] {taskinstance.py:1509} INFO - Exporting the following env vars:
AIRFLOW_CTX_DAG_OWNER=Kevin Chalmers
AIRFLOW_CTX_DAG_ID=CSV_DAG
AIRFLOW_CTX_TASK_ID=convertCSVToJson
AIRFLOW_CTX_EXECUTION_DATE=2023-02-01T15:35:00+00:00
AIRFLOW_CTX_TRY_NUMBER=1
AIRFLOW_CTX_DAG_RUN_ID=scheduled__2023-02-01T15:35:00+00:00
[2023-02-01T19:10:53.834+0000] {logging_mixin.py:137} INFO - Angelica Lopez
[2023-02-01T19:10:53.835+0000] {logging_mixin.py:137} INFO - Betty Wright
[2023-02-01T19:10:53.838+0000] {logging_mixin.py:137} INFO - Sara Schmidt
[2023-02-01T19:10:53.848+0000] {logging_mixin.py:137} INFO - Dr. Sherry Rodriguez
[2023-02-01T19:10:53.851+0000] {logging_mixin.py:137} INFO - Rebecca Mills
[2023-02-01T19:10:53.853+0000] {logging_mixin.py:137} INFO - Andrew Anderson
[2023-02-01T19:10:53.855+0000] {logging_mixin.py:137} INFO - Martin Everett
[2023-02-01T19:10:53.857+0000] {logging_mixin.py:137} INFO - Felicia Gregory
[2023-02-01T19:10:53.860+0000] {logging_mixin.py:137} INFO - Kara Bowers
[2023-02-01T19:10:53.863+0000] {logging_mixin.py:137} INFO - Vincent Vincent
[2023-02-01T19:10:53.867+0000] {logging_mixin.py:137} INFO - Morgan Butler
[2023-02-01T19:10:53.869+0000] {logging_mixin.py:137} INFO - Stephen Riley
[2023-02-01T19:10:53.871+0000] {logging_mixin.py:137} INFO - Wanda Thomas
[2023-02-01T19:10:53.875+0000] {logging_mixin.py:137} INFO - Michelle Schultz
[2023-02-01T19:10:53.881+0000] {logging_mixin.py:137} INFO - Christopher Rush MD
[2023-02-01T19:10:53.884+0000] {logging_mixin.py:137} INFO - Phyllis Miles
[2023-02-01T19:10:53.891+0000] {logging_mixin.py:137} INFO - Rebecca Price
[2023-02-01T19:10:53.894+0000] {logging_mixin.py:137} INFO - John Morse
[2023-02-01T19:10:53.897+0000] {logging_mixin.py:137} INFO - Nicholas Sanchez
[2023-02-01T19:10:53.900+0000] {logging_mixin.py:137} INFO - Crystal Dean
[2023-02-01T19:10:53.902+0000] {logging_mixin.py:137} INFO - Tyler Diaz
[2023-02-01T19:10:53.905+0000] {logging_mixin.py:137} INFO - Denise Mclean
[2023-02-01T19:10:53.907+0000] {logging_mixin.py:137} INFO - Daniel Grant
[2023-02-01T19:10:53.909+0000] {logging_mixin.py:137} INFO - Sandra Peterson
[2023-02-01T19:10:53.911+0000] {logging_mixin.py:137} INFO - Denise Morse
[2023-02-01T19:10:53.915+0000] {logging_mixin.py:137} INFO - Brianna Smith
[2023-02-01T19:10:53.918+0000] {logging_mixin.py:137} INFO - Tony Miller
[2023-02-01T19:10:53.921+0000] {logging_mixin.py:137} INFO - Jean Booth
[2023-02-01T19:10:53.929+0000] {logging_mixin.py:137} INFO - Penny Salazar
[2023-02-01T19:10:53.940+0000] {logging_mixin.py:137} INFO - Cathy Williams
[2023-02-01T19:10:53.947+0000] {logging_mixin.py:137} INFO - Hannah Collins
[2023-02-01T19:10:53.950+0000] {logging_mixin.py:137} INFO - Maurice Casey
[2023-02-01T19:10:53.954+0000] {logging_mixin.py:137} INFO - Patrick Walker
[2023-02-01T19:10:53.961+0000] {logging_mixin.py:137} INFO - Pamela Barton
[2023-02-01T19:10:53.963+0000] {logging_mixin.py:137} INFO - Anthony Bryant
[2023-02-01T19:10:53.967+0000] {logging_mixin.py:137} INFO - Andrew Harris
[2023-02-01T19:10:53.971+0000] {logging_mixin.py:137} INFO - Aaron Harris
[2023-02-01T19:10:53.975+0000] {logging_mixin.py:137} INFO - Maureen Soto
[2023-02-01T19:10:53.984+0000] {logging_mixin.py:137} INFO - Crystal Mcdaniel
[2023-02-01T19:10:53.989+0000] {logging_mixin.py:137} INFO - Lauren Barrett
[2023-02-01T19:10:53.994+0000] {logging_mixin.py:137} INFO - Brandon Perez
[2023-02-01T19:10:53.997+0000] {logging_mixin.py:137} INFO - Mark Robertson
[2023-02-01T19:10:53.999+0000] {logging_mixin.py:137} INFO - Nicole Gates
[2023-02-01T19:10:54.001+0000] {logging_mixin.py:137} INFO - Bradley Cruz
[2023-02-01T19:10:54.005+0000] {logging_mixin.py:137} INFO - Gina Burns
[2023-02-01T19:10:54.010+0000] {logging_mixin.py:137} INFO - Zachary Martinez
[2023-02-01T19:10:54.024+0000] {logging_mixin.py:137} INFO - Natasha Johnson
[2023-02-01T19:10:54.028+0000] {logging_mixin.py:137} INFO - Patrick Gonzales
[2023-02-01T19:10:54.035+0000] {logging_mixin.py:137} INFO - Terri Wilson
[2023-02-01T19:10:54.041+0000] {logging_mixin.py:137} INFO - Sarah Lopez
[2023-02-01T19:10:54.045+0000] {logging_mixin.py:137} INFO - Dana Turner
[2023-02-01T19:10:54.049+0000] {logging_mixin.py:137} INFO - Cynthia Johnson
[2023-02-01T19:10:54.052+0000] {logging_mixin.py:137} INFO - William Thornton
[2023-02-01T19:10:54.055+0000] {logging_mixin.py:137} INFO - James Lee
[2023-02-01T19:10:54.058+0000] {logging_mixin.py:137} INFO - Stephen Allen
[2023-02-01T19:10:54.070+0000] {logging_mixin.py:137} INFO - William Stark
[2023-02-01T19:10:54.073+0000] {logging_mixin.py:137} INFO - Michael Parker
[2023-02-01T19:10:54.078+0000] {logging_mixin.py:137} INFO - Lisa Stephens
[2023-02-01T19:10:54.081+0000] {logging_mixin.py:137} INFO - Mr. Reginald Wise DDS
[2023-02-01T19:10:54.082+0000] {logging_mixin.py:137} INFO - Alexander James
[2023-02-01T19:10:54.088+0000] {logging_mixin.py:137} INFO - Kristen West
[2023-02-01T19:10:54.090+0000] {logging_mixin.py:137} INFO - Elizabeth Sanchez
[2023-02-01T19:10:54.092+0000] {logging_mixin.py:137} INFO - Jennifer Wilson
[2023-02-01T19:10:54.095+0000] {logging_mixin.py:137} INFO - Catherine Nicholson
[2023-02-01T19:10:54.097+0000] {logging_mixin.py:137} INFO - David Henderson
[2023-02-01T19:10:54.099+0000] {logging_mixin.py:137} INFO - Stephen Davis
[2023-02-01T19:10:54.100+0000] {logging_mixin.py:137} INFO - Paul Skinner
[2023-02-01T19:10:54.102+0000] {logging_mixin.py:137} INFO - Rebecca Wong
[2023-02-01T19:10:54.109+0000] {logging_mixin.py:137} INFO - Tara Benitez
[2023-02-01T19:10:54.111+0000] {logging_mixin.py:137} INFO - Sharon Miller
[2023-02-01T19:10:54.112+0000] {logging_mixin.py:137} INFO - Cynthia Smith
[2023-02-01T19:10:54.114+0000] {logging_mixin.py:137} INFO - Jennifer Werner
[2023-02-01T19:10:54.116+0000] {logging_mixin.py:137} INFO - Rebecca Tucker
[2023-02-01T19:10:54.117+0000] {logging_mixin.py:137} INFO - Ashlee Castillo
[2023-02-01T19:10:54.130+0000] {logging_mixin.py:137} INFO - Christopher Holmes
[2023-02-01T19:10:54.131+0000] {logging_mixin.py:137} INFO - Daniel Velez
[2023-02-01T19:10:54.136+0000] {logging_mixin.py:137} INFO - Amy Serrano
[2023-02-01T19:10:54.138+0000] {logging_mixin.py:137} INFO - Alison Nash
[2023-02-01T19:10:54.142+0000] {logging_mixin.py:137} INFO - Peter Johnson
[2023-02-01T19:10:54.145+0000] {logging_mixin.py:137} INFO - Breanna Harris
[2023-02-01T19:10:54.147+0000] {logging_mixin.py:137} INFO - Eric King
[2023-02-01T19:10:54.150+0000] {logging_mixin.py:137} INFO - Patricia Oliver
[2023-02-01T19:10:54.152+0000] {logging_mixin.py:137} INFO - Denise Grimes
[2023-02-01T19:10:54.154+0000] {logging_mixin.py:137} INFO - Jill Olson
[2023-02-01T19:10:54.164+0000] {logging_mixin.py:137} INFO - Stephanie Hart
[2023-02-01T19:10:54.171+0000] {logging_mixin.py:137} INFO - Ashley Lee
[2023-02-01T19:10:54.173+0000] {logging_mixin.py:137} INFO - Kelly Barnes
[2023-02-01T19:10:54.174+0000] {logging_mixin.py:137} INFO - Christie West
[2023-02-01T19:10:54.176+0000] {logging_mixin.py:137} INFO - Todd Nolan
[2023-02-01T19:10:54.177+0000] {logging_mixin.py:137} INFO - Sarah Reed
[2023-02-01T19:10:54.178+0000] {logging_mixin.py:137} INFO - Jennifer Keith
[2023-02-01T19:10:54.181+0000] {logging_mixin.py:137} INFO - Shawn Alvarez
[2023-02-01T19:10:54.182+0000] {logging_mixin.py:137} INFO - Alexander Wilson
[2023-02-01T19:10:54.184+0000] {logging_mixin.py:137} INFO - Rachel Melendez
[2023-02-01T19:10:54.186+0000] {logging_mixin.py:137} INFO - Morgan Walters
[2023-02-01T19:10:54.193+0000] {logging_mixin.py:137} INFO - Nicole Garcia
[2023-02-01T19:10:54.201+0000] {logging_mixin.py:137} INFO - Jennifer White
[2023-02-01T19:10:54.214+0000] {logging_mixin.py:137} INFO - Leslie Shannon
[2023-02-01T19:10:54.217+0000] {logging_mixin.py:137} INFO - Lisa Clayton
[2023-02-01T19:10:54.218+0000] {logging_mixin.py:137} INFO - Zachary Molina
[2023-02-01T19:10:54.220+0000] {logging_mixin.py:137} INFO - Bruce Butler
[2023-02-01T19:10:54.222+0000] {logging_mixin.py:137} INFO - Dustin Howell
[2023-02-01T19:10:54.224+0000] {logging_mixin.py:137} INFO - Aaron Smith
[2023-02-01T19:10:54.226+0000] {logging_mixin.py:137} INFO - Kyle Green
[2023-02-01T19:10:54.228+0000] {logging_mixin.py:137} INFO - Steven Clark
[2023-02-01T19:10:54.237+0000] {logging_mixin.py:137} INFO - Robert Holden
[2023-02-01T19:10:54.248+0000] {logging_mixin.py:137} INFO - Zachary Harmon
[2023-02-01T19:10:54.251+0000] {logging_mixin.py:137} INFO - Rachel Miller
[2023-02-01T19:10:54.253+0000] {logging_mixin.py:137} INFO - Brandon Parker
[2023-02-01T19:10:54.258+0000] {logging_mixin.py:137} INFO - Walter Martin
[2023-02-01T19:10:54.263+0000] {logging_mixin.py:137} INFO - Jose Young
[2023-02-01T19:10:54.268+0000] {logging_mixin.py:137} INFO - Kelsey Long
[2023-02-01T19:10:54.271+0000] {logging_mixin.py:137} INFO - William Harper
[2023-02-01T19:10:54.277+0000] {logging_mixin.py:137} INFO - Alejandro Lambert
[2023-02-01T19:10:54.283+0000] {logging_mixin.py:137} INFO - Stephanie Carson
[2023-02-01T19:10:54.294+0000] {logging_mixin.py:137} INFO - Diana Ortega MD
[2023-02-01T19:10:54.302+0000] {logging_mixin.py:137} INFO - Janet Morales
[2023-02-01T19:10:54.306+0000] {logging_mixin.py:137} INFO - Eric Fisher
[2023-02-01T19:10:54.311+0000] {logging_mixin.py:137} INFO - Louis Baker
[2023-02-01T19:10:54.321+0000] {logging_mixin.py:137} INFO - Cindy Ward
[2023-02-01T19:10:54.322+0000] {logging_mixin.py:137} INFO - Ana Jenkins
[2023-02-01T19:10:54.324+0000] {logging_mixin.py:137} INFO - Leslie Barton
[2023-02-01T19:10:54.326+0000] {logging_mixin.py:137} INFO - Gregory Price
[2023-02-01T19:10:54.329+0000] {logging_mixin.py:137} INFO - Brandon Moore
[2023-02-01T19:10:54.332+0000] {logging_mixin.py:137} INFO - Heather Garrett
[2023-02-01T19:10:54.342+0000] {logging_mixin.py:137} INFO - Cindy Hawkins
[2023-02-01T19:10:54.357+0000] {logging_mixin.py:137} INFO - Mr. Frank Snyder Jr.
[2023-02-01T19:10:54.369+0000] {logging_mixin.py:137} INFO - Megan Wang
[2023-02-01T19:10:54.371+0000] {logging_mixin.py:137} INFO - Jennifer Fleming
[2023-02-01T19:10:54.374+0000] {logging_mixin.py:137} INFO - Gary Hodge
[2023-02-01T19:10:54.377+0000] {logging_mixin.py:137} INFO - Nichole Miller
[2023-02-01T19:10:54.396+0000] {logging_mixin.py:137} INFO - Mitchell Mendoza
[2023-02-01T19:10:54.422+0000] {logging_mixin.py:137} INFO - Bradley Horton
[2023-02-01T19:10:54.431+0000] {logging_mixin.py:137} INFO - Michelle Hess
[2023-02-01T19:10:54.435+0000] {logging_mixin.py:137} INFO - Ronald Torres
[2023-02-01T19:10:54.466+0000] {logging_mixin.py:137} INFO - Raymond Hudson
[2023-02-01T19:10:54.475+0000] {logging_mixin.py:137} INFO - Vincent Jackson
[2023-02-01T19:10:54.485+0000] {logging_mixin.py:137} INFO - Susan Carey
[2023-02-01T19:10:54.498+0000] {logging_mixin.py:137} INFO - Chase Wilson
[2023-02-01T19:10:54.508+0000] {logging_mixin.py:137} INFO - Tonya Baldwin
[2023-02-01T19:10:54.511+0000] {logging_mixin.py:137} INFO - Mrs. Tina Davis
[2023-02-01T19:10:54.521+0000] {logging_mixin.py:137} INFO - Scott Garrett
[2023-02-01T19:10:54.538+0000] {logging_mixin.py:137} INFO - Michael Wilson
[2023-02-01T19:10:54.546+0000] {logging_mixin.py:137} INFO - Andrew Orozco
[2023-02-01T19:10:54.555+0000] {logging_mixin.py:137} INFO - Troy Carson
[2023-02-01T19:10:54.559+0000] {logging_mixin.py:137} INFO - Alex Winters
[2023-02-01T19:10:54.569+0000] {logging_mixin.py:137} INFO - Toni Frank
[2023-02-01T19:10:54.577+0000] {logging_mixin.py:137} INFO - Kathleen Snyder
[2023-02-01T19:10:54.598+0000] {logging_mixin.py:137} INFO - Anna Lopez
[2023-02-01T19:10:54.605+0000] {logging_mixin.py:137} INFO - Charles Brown
[2023-02-01T19:10:54.631+0000] {logging_mixin.py:137} INFO - Barry Ross
[2023-02-01T19:10:54.638+0000] {logging_mixin.py:137} INFO - Emily Ramirez
[2023-02-01T19:10:54.660+0000] {logging_mixin.py:137} INFO - Anna Williams
[2023-02-01T19:10:54.669+0000] {logging_mixin.py:137} INFO - Kristin Pennington
[2023-02-01T19:10:54.685+0000] {logging_mixin.py:137} INFO - Mary Aguirre
[2023-02-01T19:10:54.687+0000] {logging_mixin.py:137} INFO - Austin Santos
[2023-02-01T19:10:54.701+0000] {logging_mixin.py:137} INFO - David Nelson
[2023-02-01T19:10:54.726+0000] {logging_mixin.py:137} INFO - Alyssa Mcbride
[2023-02-01T19:10:54.737+0000] {logging_mixin.py:137} INFO - Lisa Gibson
[2023-02-01T19:10:54.754+0000] {logging_mixin.py:137} INFO - Alexander Kelly
[2023-02-01T19:10:54.756+0000] {logging_mixin.py:137} INFO - Ronald Thomas
[2023-02-01T19:10:54.772+0000] {logging_mixin.py:137} INFO - Michael Hurst
[2023-02-01T19:10:54.774+0000] {logging_mixin.py:137} INFO - Lauren Ward
[2023-02-01T19:10:54.800+0000] {logging_mixin.py:137} INFO - Christian Terry
[2023-02-01T19:10:54.808+0000] {logging_mixin.py:137} INFO - Jared Black
[2023-02-01T19:10:54.816+0000] {logging_mixin.py:137} INFO - Anthony Brown
[2023-02-01T19:10:54.819+0000] {logging_mixin.py:137} INFO - John Cole
[2023-02-01T19:10:54.831+0000] {logging_mixin.py:137} INFO - David Lee
[2023-02-01T19:10:54.833+0000] {logging_mixin.py:137} INFO - Lori Thomas
[2023-02-01T19:10:54.834+0000] {logging_mixin.py:137} INFO - Daniel Herman
[2023-02-01T19:10:54.837+0000] {logging_mixin.py:137} INFO - Pam Williams
[2023-02-01T19:10:54.839+0000] {logging_mixin.py:137} INFO - Sarah Jenkins
[2023-02-01T19:10:54.846+0000] {logging_mixin.py:137} INFO - Susan Mitchell
[2023-02-01T19:10:54.850+0000] {logging_mixin.py:137} INFO - Jacqueline Green
[2023-02-01T19:10:54.853+0000] {logging_mixin.py:137} INFO - Victoria Garrison
[2023-02-01T19:10:54.856+0000] {logging_mixin.py:137} INFO - Jonathan Daniels
[2023-02-01T19:10:54.859+0000] {logging_mixin.py:137} INFO - Trevor Hansen
[2023-02-01T19:10:54.863+0000] {logging_mixin.py:137} INFO - Laurie Bowen
[2023-02-01T19:10:54.867+0000] {logging_mixin.py:137} INFO - James Cline
[2023-02-01T19:10:54.870+0000] {logging_mixin.py:137} INFO - Michael Rose
[2023-02-01T19:10:54.872+0000] {logging_mixin.py:137} INFO - Lawrence Juarez
[2023-02-01T19:10:54.875+0000] {logging_mixin.py:137} INFO - Lucas Caldwell
[2023-02-01T19:10:54.876+0000] {logging_mixin.py:137} INFO - Laura Jackson
[2023-02-01T19:10:54.879+0000] {logging_mixin.py:137} INFO - Sherri Thornton
[2023-02-01T19:10:54.881+0000] {logging_mixin.py:137} INFO - Alice Wilson
[2023-02-01T19:10:54.883+0000] {logging_mixin.py:137} INFO - Diane Williams
[2023-02-01T19:10:54.884+0000] {logging_mixin.py:137} INFO - Kara Martin
[2023-02-01T19:10:54.887+0000] {logging_mixin.py:137} INFO - Joseph Moore
[2023-02-01T19:10:54.890+0000] {logging_mixin.py:137} INFO - Jesse Moses
[2023-02-01T19:10:54.892+0000] {logging_mixin.py:137} INFO - Lisa Mccall
[2023-02-01T19:10:54.894+0000] {logging_mixin.py:137} INFO - Alexandra Mccoy
[2023-02-01T19:10:54.896+0000] {logging_mixin.py:137} INFO - Daniel Martin
[2023-02-01T19:10:54.898+0000] {logging_mixin.py:137} INFO - Claudia Peck
[2023-02-01T19:10:54.900+0000] {logging_mixin.py:137} INFO - Jessica Mcconnell
[2023-02-01T19:10:54.904+0000] {logging_mixin.py:137} INFO - Kevin Walker
[2023-02-01T19:10:54.906+0000] {logging_mixin.py:137} INFO - Christina Lee
[2023-02-01T19:10:54.909+0000] {logging_mixin.py:137} INFO - Christopher Schroeder
[2023-02-01T19:10:54.911+0000] {logging_mixin.py:137} INFO - Melissa Parker
[2023-02-01T19:10:54.918+0000] {logging_mixin.py:137} INFO - Janet Molina
[2023-02-01T19:10:54.922+0000] {logging_mixin.py:137} INFO - Barbara Harris
[2023-02-01T19:10:54.928+0000] {logging_mixin.py:137} INFO - Joseph Hurley
[2023-02-01T19:10:54.930+0000] {logging_mixin.py:137} INFO - Greg Hayden
[2023-02-01T19:10:54.940+0000] {logging_mixin.py:137} INFO - Edwin Adams
[2023-02-01T19:10:54.941+0000] {logging_mixin.py:137} INFO - Ashley Hunter
[2023-02-01T19:10:54.947+0000] {logging_mixin.py:137} INFO - Jennifer Tucker
[2023-02-01T19:10:54.949+0000] {logging_mixin.py:137} INFO - Eddie Gray
[2023-02-01T19:10:54.954+0000] {logging_mixin.py:137} INFO - Jennifer Evans
[2023-02-01T19:10:54.962+0000] {logging_mixin.py:137} INFO - Stephen Carey
[2023-02-01T19:10:54.964+0000] {logging_mixin.py:137} INFO - Samantha Campos
[2023-02-01T19:10:54.974+0000] {logging_mixin.py:137} INFO - Meagan Brown
[2023-02-01T19:10:54.976+0000] {logging_mixin.py:137} INFO - Miss Marisa Barber
[2023-02-01T19:10:54.980+0000] {logging_mixin.py:137} INFO - Jay Mann
[2023-02-01T19:10:54.982+0000] {logging_mixin.py:137} INFO - Matthew Campbell
[2023-02-01T19:10:54.986+0000] {logging_mixin.py:137} INFO - Brent Rodriguez
[2023-02-01T19:10:54.998+0000] {logging_mixin.py:137} INFO - Teresa Ross
[2023-02-01T19:10:55.001+0000] {logging_mixin.py:137} INFO - Mary Martinez
[2023-02-01T19:10:55.008+0000] {logging_mixin.py:137} INFO - Joseph Lewis
[2023-02-01T19:10:55.028+0000] {logging_mixin.py:137} INFO - Dale Davis
[2023-02-01T19:10:55.032+0000] {logging_mixin.py:137} INFO - Elizabeth Evans
[2023-02-01T19:10:55.036+0000] {logging_mixin.py:137} INFO - Shannon Wang
[2023-02-01T19:10:55.063+0000] {logging_mixin.py:137} INFO - Brandon Campbell
[2023-02-01T19:10:55.066+0000] {logging_mixin.py:137} INFO - Rhonda Pace
[2023-02-01T19:10:55.072+0000] {logging_mixin.py:137} INFO - Sarah Santos
[2023-02-01T19:10:55.083+0000] {logging_mixin.py:137} INFO - Jacob Ford
[2023-02-01T19:10:55.088+0000] {logging_mixin.py:137} INFO - Matthew Hansen
[2023-02-01T19:10:55.105+0000] {logging_mixin.py:137} INFO - Amy Ray
[2023-02-01T19:10:55.112+0000] {logging_mixin.py:137} INFO - Aaron Fields
[2023-02-01T19:10:55.118+0000] {logging_mixin.py:137} INFO - Mary Taylor
[2023-02-01T19:10:55.124+0000] {logging_mixin.py:137} INFO - James Morris
[2023-02-01T19:10:55.135+0000] {logging_mixin.py:137} INFO - Darrell Cain
[2023-02-01T19:10:55.165+0000] {logging_mixin.py:137} INFO - Michael Smith
[2023-02-01T19:10:55.169+0000] {logging_mixin.py:137} INFO - Scott Coleman
[2023-02-01T19:10:55.177+0000] {logging_mixin.py:137} INFO - David Fitzpatrick
[2023-02-01T19:10:55.214+0000] {logging_mixin.py:137} INFO - Debra Shepherd
[2023-02-01T19:10:55.224+0000] {logging_mixin.py:137} INFO - Paul Rush
[2023-02-01T19:10:55.236+0000] {logging_mixin.py:137} INFO - Brett Hernandez
[2023-02-01T19:10:55.245+0000] {logging_mixin.py:137} INFO - Sheila Riddle
[2023-02-01T19:10:55.257+0000] {logging_mixin.py:137} INFO - Joan Austin
[2023-02-01T19:10:55.267+0000] {logging_mixin.py:137} INFO - Michael Garcia
[2023-02-01T19:10:55.269+0000] {logging_mixin.py:137} INFO - Natalie Harris
[2023-02-01T19:10:55.272+0000] {logging_mixin.py:137} INFO - Steven Dean
[2023-02-01T19:10:55.274+0000] {logging_mixin.py:137} INFO - John Brown
[2023-02-01T19:10:55.276+0000] {logging_mixin.py:137} INFO - Keith Zimmerman
[2023-02-01T19:10:55.280+0000] {logging_mixin.py:137} INFO - Curtis Byrd
[2023-02-01T19:10:55.288+0000] {logging_mixin.py:137} INFO - Mariah Green
[2023-02-01T19:10:55.291+0000] {logging_mixin.py:137} INFO - Roger Huynh
[2023-02-01T19:10:55.294+0000] {logging_mixin.py:137} INFO - Christopher Zamora
[2023-02-01T19:10:55.298+0000] {logging_mixin.py:137} INFO - Joyce Crawford
[2023-02-01T19:10:55.302+0000] {logging_mixin.py:137} INFO - Angela Smith
[2023-02-01T19:10:55.323+0000] {logging_mixin.py:137} INFO - Veronica Robinson
[2023-02-01T19:10:55.332+0000] {logging_mixin.py:137} INFO - Christopher Bates
[2023-02-01T19:10:55.334+0000] {logging_mixin.py:137} INFO - Steve Stone
[2023-02-01T19:10:55.341+0000] {logging_mixin.py:137} INFO - William Cook
[2023-02-01T19:10:55.347+0000] {logging_mixin.py:137} INFO - Lori Wood
[2023-02-01T19:10:55.350+0000] {logging_mixin.py:137} INFO - Jillian Reynolds
[2023-02-01T19:10:55.364+0000] {logging_mixin.py:137} INFO - Angela Caldwell
[2023-02-01T19:10:55.369+0000] {logging_mixin.py:137} INFO - Shane Campbell
[2023-02-01T19:10:55.372+0000] {logging_mixin.py:137} INFO - Karen Lawrence
[2023-02-01T19:10:55.375+0000] {logging_mixin.py:137} INFO - Kimberly Wood
[2023-02-01T19:10:55.383+0000] {logging_mixin.py:137} INFO - Samantha Lopez
[2023-02-01T19:10:55.390+0000] {logging_mixin.py:137} INFO - Harold Miller
[2023-02-01T19:10:55.396+0000] {logging_mixin.py:137} INFO - Raymond Cooper DVM
[2023-02-01T19:10:55.404+0000] {logging_mixin.py:137} INFO - Kristen Patel
[2023-02-01T19:10:55.425+0000] {logging_mixin.py:137} INFO - Anthony Mejia
[2023-02-01T19:10:55.436+0000] {logging_mixin.py:137} INFO - Raymond Thomas
[2023-02-01T19:10:55.441+0000] {logging_mixin.py:137} INFO - Scott Young
[2023-02-01T19:10:55.447+0000] {logging_mixin.py:137} INFO - David Larson
[2023-02-01T19:10:55.453+0000] {logging_mixin.py:137} INFO - Jon Murray
[2023-02-01T19:10:55.458+0000] {logging_mixin.py:137} INFO - Stephen Taylor
[2023-02-01T19:10:55.464+0000] {logging_mixin.py:137} INFO - Jennifer Hernandez
[2023-02-01T19:10:55.474+0000] {logging_mixin.py:137} INFO - Stacy Smith
[2023-02-01T19:10:55.481+0000] {logging_mixin.py:137} INFO - Juan Owens
[2023-02-01T19:10:55.496+0000] {logging_mixin.py:137} INFO - Brian Adkins
[2023-02-01T19:10:55.527+0000] {logging_mixin.py:137} INFO - Jesse Wells
[2023-02-01T19:10:55.544+0000] {logging_mixin.py:137} INFO - Kyle Matthews
[2023-02-01T19:10:55.547+0000] {logging_mixin.py:137} INFO - Dustin Russell
[2023-02-01T19:10:55.551+0000] {logging_mixin.py:137} INFO - Richard White
[2023-02-01T19:10:55.554+0000] {logging_mixin.py:137} INFO - Brittany Nichols
[2023-02-01T19:10:55.558+0000] {logging_mixin.py:137} INFO - Colton Kelly
[2023-02-01T19:10:55.560+0000] {logging_mixin.py:137} INFO - William Perry
[2023-02-01T19:10:55.561+0000] {logging_mixin.py:137} INFO - Thomas Cummings
[2023-02-01T19:10:55.563+0000] {logging_mixin.py:137} INFO - Timothy Ballard
[2023-02-01T19:10:55.564+0000] {logging_mixin.py:137} INFO - Richard Washington
[2023-02-01T19:10:55.566+0000] {logging_mixin.py:137} INFO - Joshua Lam
[2023-02-01T19:10:55.573+0000] {logging_mixin.py:137} INFO - Grant Jackson
[2023-02-01T19:10:55.576+0000] {logging_mixin.py:137} INFO - Erin Baker
[2023-02-01T19:10:55.580+0000] {logging_mixin.py:137} INFO - Scott Flowers
[2023-02-01T19:10:55.589+0000] {logging_mixin.py:137} INFO - James Adams
[2023-02-01T19:10:55.593+0000] {logging_mixin.py:137} INFO - Heather Alvarado
[2023-02-01T19:10:55.601+0000] {logging_mixin.py:137} INFO - Jennifer Snow
[2023-02-01T19:10:55.604+0000] {logging_mixin.py:137} INFO - Mario Jackson
[2023-02-01T19:10:55.609+0000] {logging_mixin.py:137} INFO - Kevin Collins
[2023-02-01T19:10:55.614+0000] {logging_mixin.py:137} INFO - Danielle Garcia
[2023-02-01T19:10:55.619+0000] {logging_mixin.py:137} INFO - Brenda Jackson
[2023-02-01T19:10:55.621+0000] {logging_mixin.py:137} INFO - Ashley Parker
[2023-02-01T19:10:55.623+0000] {logging_mixin.py:137} INFO - Angela Hickman
[2023-02-01T19:10:55.625+0000] {logging_mixin.py:137} INFO - Carol Rodriguez
[2023-02-01T19:10:55.629+0000] {logging_mixin.py:137} INFO - Vernon Anderson
[2023-02-01T19:10:55.632+0000] {logging_mixin.py:137} INFO - Jesus Church
[2023-02-01T19:10:55.633+0000] {logging_mixin.py:137} INFO - Michelle Medina
[2023-02-01T19:10:55.638+0000] {logging_mixin.py:137} INFO - Nancy Bryant
[2023-02-01T19:10:55.640+0000] {logging_mixin.py:137} INFO - Jennifer Martinez
[2023-02-01T19:10:55.642+0000] {logging_mixin.py:137} INFO - Amy Dougherty
[2023-02-01T19:10:55.645+0000] {logging_mixin.py:137} INFO - Alexis Sanders
[2023-02-01T19:10:55.649+0000] {logging_mixin.py:137} INFO - Austin Salazar
[2023-02-01T19:10:55.659+0000] {logging_mixin.py:137} INFO - Amy Williams
[2023-02-01T19:10:55.677+0000] {logging_mixin.py:137} INFO - Richard Haynes
[2023-02-01T19:10:55.685+0000] {logging_mixin.py:137} INFO - Christine Stark
[2023-02-01T19:10:55.722+0000] {logging_mixin.py:137} INFO - Anita Medina
[2023-02-01T19:10:55.730+0000] {logging_mixin.py:137} INFO - Mr. Thomas Duran
[2023-02-01T19:10:55.745+0000] {logging_mixin.py:137} INFO - Mr. Russell Peterson
[2023-02-01T19:10:55.748+0000] {logging_mixin.py:137} INFO - Jack Richard
[2023-02-01T19:10:55.750+0000] {logging_mixin.py:137} INFO - Michelle Erickson
[2023-02-01T19:10:55.755+0000] {logging_mixin.py:137} INFO - Mitchell Williams
[2023-02-01T19:10:55.761+0000] {logging_mixin.py:137} INFO - Adrian Herrera
[2023-02-01T19:10:55.768+0000] {logging_mixin.py:137} INFO - Michael Brady
[2023-02-01T19:10:55.778+0000] {logging_mixin.py:137} INFO - Jamie Zhang
[2023-02-01T19:10:55.784+0000] {logging_mixin.py:137} INFO - Helen Brennan
[2023-02-01T19:10:55.791+0000] {logging_mixin.py:137} INFO - John Myers
[2023-02-01T19:10:55.806+0000] {logging_mixin.py:137} INFO - Patricia Nash
[2023-02-01T19:10:55.809+0000] {logging_mixin.py:137} INFO - Michael Johnson
[2023-02-01T19:10:55.816+0000] {logging_mixin.py:137} INFO - Anita Berger
[2023-02-01T19:10:55.819+0000] {logging_mixin.py:137} INFO - Jason Guerrero DVM
[2023-02-01T19:10:55.826+0000] {logging_mixin.py:137} INFO - Kimberly Davis
[2023-02-01T19:10:55.830+0000] {logging_mixin.py:137} INFO - Bryan Hansen
[2023-02-01T19:10:55.834+0000] {logging_mixin.py:137} INFO - Rebecca Obrien
[2023-02-01T19:10:55.836+0000] {logging_mixin.py:137} INFO - Sarah Santiago
[2023-02-01T19:10:55.841+0000] {logging_mixin.py:137} INFO - Christine Lane
[2023-02-01T19:10:55.845+0000] {logging_mixin.py:137} INFO - Jerry Lewis
[2023-02-01T19:10:55.848+0000] {logging_mixin.py:137} INFO - Stephanie Miller
[2023-02-01T19:10:55.856+0000] {logging_mixin.py:137} INFO - Kristi Bradley
[2023-02-01T19:10:55.858+0000] {logging_mixin.py:137} INFO - Darren Moore
[2023-02-01T19:10:55.861+0000] {logging_mixin.py:137} INFO - Kristina Cunningham
[2023-02-01T19:10:55.864+0000] {logging_mixin.py:137} INFO - Laurie Moore
[2023-02-01T19:10:55.867+0000] {logging_mixin.py:137} INFO - Aaron Lewis
[2023-02-01T19:10:55.872+0000] {logging_mixin.py:137} INFO - Theresa Vang
[2023-02-01T19:10:55.875+0000] {logging_mixin.py:137} INFO - Chase Reese
[2023-02-01T19:10:55.884+0000] {logging_mixin.py:137} INFO - Matthew Ferguson
[2023-02-01T19:10:55.886+0000] {logging_mixin.py:137} INFO - Victoria Lewis
[2023-02-01T19:10:55.888+0000] {logging_mixin.py:137} INFO - Jon Scott
[2023-02-01T19:10:55.889+0000] {logging_mixin.py:137} INFO - Lisa Campbell
[2023-02-01T19:10:55.891+0000] {logging_mixin.py:137} INFO - David Ramirez
[2023-02-01T19:10:55.892+0000] {logging_mixin.py:137} INFO - Gabriel Rosario
[2023-02-01T19:10:55.894+0000] {logging_mixin.py:137} INFO - Kristi Johnson
[2023-02-01T19:10:55.896+0000] {logging_mixin.py:137} INFO - Jennifer Schwartz
[2023-02-01T19:10:55.898+0000] {logging_mixin.py:137} INFO - Daniel Norton
[2023-02-01T19:10:55.901+0000] {logging_mixin.py:137} INFO - Richard Montoya
[2023-02-01T19:10:55.904+0000] {logging_mixin.py:137} INFO - Daniel Norris
[2023-02-01T19:10:55.906+0000] {logging_mixin.py:137} INFO - Chad Taylor
[2023-02-01T19:10:55.916+0000] {logging_mixin.py:137} INFO - Angie Allen
[2023-02-01T19:10:55.918+0000] {logging_mixin.py:137} INFO - Michael Brooks
[2023-02-01T19:10:55.920+0000] {logging_mixin.py:137} INFO - Hannah Poole
[2023-02-01T19:10:55.922+0000] {logging_mixin.py:137} INFO - Caitlin Ray
[2023-02-01T19:10:55.924+0000] {logging_mixin.py:137} INFO - Mr. Steven Gardner
[2023-02-01T19:10:55.926+0000] {logging_mixin.py:137} INFO - Jennifer Macdonald
[2023-02-01T19:10:55.927+0000] {logging_mixin.py:137} INFO - Vanessa Small
[2023-02-01T19:10:55.928+0000] {logging_mixin.py:137} INFO - Dennis Gray
[2023-02-01T19:10:55.931+0000] {logging_mixin.py:137} INFO - Sandra Kirk
[2023-02-01T19:10:55.935+0000] {logging_mixin.py:137} INFO - Jason Wagner
[2023-02-01T19:10:55.939+0000] {logging_mixin.py:137} INFO - David Owen
[2023-02-01T19:10:55.941+0000] {logging_mixin.py:137} INFO - Rose Terrell
[2023-02-01T19:10:55.945+0000] {logging_mixin.py:137} INFO - James Green MD
[2023-02-01T19:10:55.950+0000] {logging_mixin.py:137} INFO - Tammy Patel
[2023-02-01T19:10:55.951+0000] {logging_mixin.py:137} INFO - Joseph Lucero
[2023-02-01T19:10:55.957+0000] {logging_mixin.py:137} INFO - Stephanie Rojas
[2023-02-01T19:10:55.959+0000] {logging_mixin.py:137} INFO - Brittany Johnson
[2023-02-01T19:10:55.964+0000] {logging_mixin.py:137} INFO - Christina Cummings
[2023-02-01T19:10:55.970+0000] {logging_mixin.py:137} INFO - Eric Downs
[2023-02-01T19:10:55.972+0000] {logging_mixin.py:137} INFO - Paul Finley
[2023-02-01T19:10:55.974+0000] {logging_mixin.py:137} INFO - Danielle Jackson
[2023-02-01T19:10:55.978+0000] {logging_mixin.py:137} INFO - Anna Johnston
[2023-02-01T19:10:55.992+0000] {logging_mixin.py:137} INFO - Ashlee Hodges
[2023-02-01T19:10:55.998+0000] {logging_mixin.py:137} INFO - Thomas Francis
[2023-02-01T19:10:56.004+0000] {logging_mixin.py:137} INFO - Cody Baird
[2023-02-01T19:10:56.006+0000] {logging_mixin.py:137} INFO - Jeffrey Walter
[2023-02-01T19:10:56.008+0000] {logging_mixin.py:137} INFO - Hannah West
[2023-02-01T19:10:56.010+0000] {logging_mixin.py:137} INFO - Anthony Byrd
[2023-02-01T19:10:56.012+0000] {logging_mixin.py:137} INFO - Julie Ramirez
[2023-02-01T19:10:56.014+0000] {logging_mixin.py:137} INFO - Seth Peters
[2023-02-01T19:10:56.019+0000] {logging_mixin.py:137} INFO - Keith Salas
[2023-02-01T19:10:56.021+0000] {logging_mixin.py:137} INFO - Kathryn Evans
[2023-02-01T19:10:56.023+0000] {logging_mixin.py:137} INFO - Dr. Maria Scott
[2023-02-01T19:10:56.033+0000] {logging_mixin.py:137} INFO - Brenda Thomas
[2023-02-01T19:10:56.042+0000] {logging_mixin.py:137} INFO - Travis Douglas
[2023-02-01T19:10:56.048+0000] {logging_mixin.py:137} INFO - Kurt Santos
[2023-02-01T19:10:56.051+0000] {logging_mixin.py:137} INFO - Sean Parrish
[2023-02-01T19:10:56.056+0000] {logging_mixin.py:137} INFO - Brittany Walls
[2023-02-01T19:10:56.059+0000] {logging_mixin.py:137} INFO - Gail Brooks
[2023-02-01T19:10:56.061+0000] {logging_mixin.py:137} INFO - Valerie Johnson
[2023-02-01T19:10:56.070+0000] {logging_mixin.py:137} INFO - Jessica Dunn
[2023-02-01T19:10:56.077+0000] {logging_mixin.py:137} INFO - Chad Robinson
[2023-02-01T19:10:56.089+0000] {logging_mixin.py:137} INFO - Catherine Combs
[2023-02-01T19:10:56.092+0000] {logging_mixin.py:137} INFO - Joshua Boyd
[2023-02-01T19:10:56.096+0000] {logging_mixin.py:137} INFO - Alicia Barnett DVM
[2023-02-01T19:10:56.109+0000] {logging_mixin.py:137} INFO - Kevin Cervantes
[2023-02-01T19:10:56.113+0000] {logging_mixin.py:137} INFO - Larry Lester
[2023-02-01T19:10:56.121+0000] {logging_mixin.py:137} INFO - Deanna Espinoza
[2023-02-01T19:10:56.123+0000] {logging_mixin.py:137} INFO - Marilyn Davis
[2023-02-01T19:10:56.127+0000] {logging_mixin.py:137} INFO - Michael Weeks
[2023-02-01T19:10:56.131+0000] {logging_mixin.py:137} INFO - Brandon Stanton
[2023-02-01T19:10:56.136+0000] {logging_mixin.py:137} INFO - Ryan Boyer Jr.
[2023-02-01T19:10:56.144+0000] {logging_mixin.py:137} INFO - Amanda Elliott
[2023-02-01T19:10:56.149+0000] {logging_mixin.py:137} INFO - David Moore
[2023-02-01T19:10:56.163+0000] {logging_mixin.py:137} INFO - Andre Williams
[2023-02-01T19:10:56.166+0000] {logging_mixin.py:137} INFO - Jennifer Garcia
[2023-02-01T19:10:56.171+0000] {logging_mixin.py:137} INFO - Tracey Cook
[2023-02-01T19:10:56.179+0000] {logging_mixin.py:137} INFO - Michael Turner
[2023-02-01T19:10:56.183+0000] {logging_mixin.py:137} INFO - Diana Long
[2023-02-01T19:10:56.190+0000] {logging_mixin.py:137} INFO - John Bradley
[2023-02-01T19:10:56.195+0000] {logging_mixin.py:137} INFO - Ann Benjamin
[2023-02-01T19:10:56.208+0000] {logging_mixin.py:137} INFO - Shane House
[2023-02-01T19:10:56.211+0000] {logging_mixin.py:137} INFO - Erin Lee
[2023-02-01T19:10:56.215+0000] {logging_mixin.py:137} INFO - Joseph Gray
[2023-02-01T19:10:56.226+0000] {logging_mixin.py:137} INFO - Betty Gibson
[2023-02-01T19:10:56.237+0000] {logging_mixin.py:137} INFO - Kristen Graham
[2023-02-01T19:10:56.243+0000] {logging_mixin.py:137} INFO - Daniel Meza
[2023-02-01T19:10:56.249+0000] {logging_mixin.py:137} INFO - Sherri Carpenter
[2023-02-01T19:10:56.267+0000] {logging_mixin.py:137} INFO - Andrea Sanchez
[2023-02-01T19:10:56.270+0000] {logging_mixin.py:137} INFO - Jordan Rios
[2023-02-01T19:10:56.279+0000] {logging_mixin.py:137} INFO - Elizabeth Jackson
[2023-02-01T19:10:56.287+0000] {logging_mixin.py:137} INFO - Elizabeth Myers
[2023-02-01T19:10:56.306+0000] {logging_mixin.py:137} INFO - Juan Barnes
[2023-02-01T19:10:56.315+0000] {logging_mixin.py:137} INFO - Christopher Lozano
[2023-02-01T19:10:56.319+0000] {logging_mixin.py:137} INFO - Jacqueline Griffin
[2023-02-01T19:10:56.323+0000] {logging_mixin.py:137} INFO - Ryan Mason
[2023-02-01T19:10:56.327+0000] {logging_mixin.py:137} INFO - Jonathan Moore
[2023-02-01T19:10:56.333+0000] {logging_mixin.py:137} INFO - Abigail Landry
[2023-02-01T19:10:56.342+0000] {logging_mixin.py:137} INFO - Brenda Hernandez
[2023-02-01T19:10:56.353+0000] {logging_mixin.py:137} INFO - Zachary Pitts
[2023-02-01T19:10:56.361+0000] {logging_mixin.py:137} INFO - Amanda Rogers
[2023-02-01T19:10:56.366+0000] {logging_mixin.py:137} INFO - Cynthia Gray
[2023-02-01T19:10:56.372+0000] {logging_mixin.py:137} INFO - Tyler Barajas
[2023-02-01T19:10:56.378+0000] {logging_mixin.py:137} INFO - Michelle Leon
[2023-02-01T19:10:56.386+0000] {logging_mixin.py:137} INFO - Kathy Lang
[2023-02-01T19:10:56.398+0000] {logging_mixin.py:137} INFO - Scott Townsend MD
[2023-02-01T19:10:56.400+0000] {logging_mixin.py:137} INFO - Theresa Acosta
[2023-02-01T19:10:56.402+0000] {logging_mixin.py:137} INFO - David Jones
[2023-02-01T19:10:56.407+0000] {logging_mixin.py:137} INFO - Jeremy Robinson
[2023-02-01T19:10:56.410+0000] {logging_mixin.py:137} INFO - James Newton
[2023-02-01T19:10:56.413+0000] {logging_mixin.py:137} INFO - Tracey Wells
[2023-02-01T19:10:56.415+0000] {logging_mixin.py:137} INFO - Maria Nelson
[2023-02-01T19:10:56.420+0000] {logging_mixin.py:137} INFO - Christopher Griffith
[2023-02-01T19:10:56.432+0000] {logging_mixin.py:137} INFO - Zachary Griffin
[2023-02-01T19:10:56.433+0000] {logging_mixin.py:137} INFO - Amy Nguyen
[2023-02-01T19:10:56.435+0000] {logging_mixin.py:137} INFO - April Williams
[2023-02-01T19:10:56.437+0000] {logging_mixin.py:137} INFO - Marissa Kelly
[2023-02-01T19:10:56.440+0000] {logging_mixin.py:137} INFO - Brian Lopez PhD
[2023-02-01T19:10:56.443+0000] {logging_mixin.py:137} INFO - William Williams
[2023-02-01T19:10:56.445+0000] {logging_mixin.py:137} INFO - Norman Brown
[2023-02-01T19:10:56.447+0000] {logging_mixin.py:137} INFO - Charles Fuentes
[2023-02-01T19:10:56.454+0000] {logging_mixin.py:137} INFO - Anthony Chang
[2023-02-01T19:10:56.464+0000] {logging_mixin.py:137} INFO - Mary Bell
[2023-02-01T19:10:56.467+0000] {logging_mixin.py:137} INFO - Elizabeth Stuart
[2023-02-01T19:10:56.472+0000] {logging_mixin.py:137} INFO - Mary Mcdonald
[2023-02-01T19:10:56.481+0000] {logging_mixin.py:137} INFO - Martin Harrison
[2023-02-01T19:10:56.483+0000] {logging_mixin.py:137} INFO - Stephanie Fernandez
[2023-02-01T19:10:56.485+0000] {logging_mixin.py:137} INFO - Christopher Brown
[2023-02-01T19:10:56.488+0000] {logging_mixin.py:137} INFO - Alexander Stephenson
[2023-02-01T19:10:56.493+0000] {logging_mixin.py:137} INFO - Grace Diaz
[2023-02-01T19:10:56.497+0000] {logging_mixin.py:137} INFO - Frank Bartlett
[2023-02-01T19:10:56.506+0000] {logging_mixin.py:137} INFO - Audrey Andersen
[2023-02-01T19:10:56.513+0000] {logging_mixin.py:137} INFO - David Green
[2023-02-01T19:10:56.519+0000] {logging_mixin.py:137} INFO - Joshua Diaz Jr.
[2023-02-01T19:10:56.525+0000] {logging_mixin.py:137} INFO - Emily Garcia
[2023-02-01T19:10:56.537+0000] {logging_mixin.py:137} INFO - Devin Hall
[2023-02-01T19:10:56.541+0000] {logging_mixin.py:137} INFO - Phillip Garner
[2023-02-01T19:10:56.545+0000] {logging_mixin.py:137} INFO - Katherine Estrada
[2023-02-01T19:10:56.554+0000] {logging_mixin.py:137} INFO - Corey Saunders
[2023-02-01T19:10:56.561+0000] {logging_mixin.py:137} INFO - Kimberly Collins
[2023-02-01T19:10:56.563+0000] {logging_mixin.py:137} INFO - Amy Elliott
[2023-02-01T19:10:56.566+0000] {logging_mixin.py:137} INFO - Tanya Jones
[2023-02-01T19:10:56.577+0000] {logging_mixin.py:137} INFO - Patricia Gonzalez
[2023-02-01T19:10:56.582+0000] {logging_mixin.py:137} INFO - Jennifer Hill
[2023-02-01T19:10:56.588+0000] {logging_mixin.py:137} INFO - John Haynes
[2023-02-01T19:10:56.590+0000] {logging_mixin.py:137} INFO - Jacob Henry
[2023-02-01T19:10:56.593+0000] {logging_mixin.py:137} INFO - Daniel Clark
[2023-02-01T19:10:56.600+0000] {logging_mixin.py:137} INFO - Jonathon Taylor
[2023-02-01T19:10:56.613+0000] {logging_mixin.py:137} INFO - Jesse Evans
[2023-02-01T19:10:56.624+0000] {logging_mixin.py:137} INFO - James Martinez
[2023-02-01T19:10:56.628+0000] {logging_mixin.py:137} INFO - Kyle Reyes
[2023-02-01T19:10:56.634+0000] {logging_mixin.py:137} INFO - Terrence Barker
[2023-02-01T19:10:56.636+0000] {logging_mixin.py:137} INFO - Anthony Washington
[2023-02-01T19:10:56.638+0000] {logging_mixin.py:137} INFO - Dustin Le
[2023-02-01T19:10:56.641+0000] {logging_mixin.py:137} INFO - Bruce Clark
[2023-02-01T19:10:56.644+0000] {logging_mixin.py:137} INFO - Keith Anthony
[2023-02-01T19:10:56.649+0000] {logging_mixin.py:137} INFO - Jeremiah Stone
[2023-02-01T19:10:56.661+0000] {logging_mixin.py:137} INFO - Michael Haley
[2023-02-01T19:10:56.668+0000] {logging_mixin.py:137} INFO - Regina Carrillo
[2023-02-01T19:10:56.677+0000] {logging_mixin.py:137} INFO - Jacob Lee
[2023-02-01T19:10:56.689+0000] {logging_mixin.py:137} INFO - Thomas Gonzalez
[2023-02-01T19:10:56.706+0000] {logging_mixin.py:137} INFO - Mark Lawrence
[2023-02-01T19:10:56.715+0000] {logging_mixin.py:137} INFO - Matthew Anderson
[2023-02-01T19:10:56.718+0000] {logging_mixin.py:137} INFO - Nicholas Young
[2023-02-01T19:10:56.723+0000] {logging_mixin.py:137} INFO - Melvin Martinez
[2023-02-01T19:10:56.729+0000] {logging_mixin.py:137} INFO - Scott Green
[2023-02-01T19:10:56.735+0000] {logging_mixin.py:137} INFO - Dana Richards
[2023-02-01T19:10:56.737+0000] {logging_mixin.py:137} INFO - Lauren Moore
[2023-02-01T19:10:56.742+0000] {logging_mixin.py:137} INFO - Terry Campbell
[2023-02-01T19:10:56.746+0000] {logging_mixin.py:137} INFO - Ralph Jordan
[2023-02-01T19:10:56.752+0000] {logging_mixin.py:137} INFO - Noah Reyes
[2023-02-01T19:10:56.754+0000] {logging_mixin.py:137} INFO - Mr. Gregory Mills MD
[2023-02-01T19:10:56.758+0000] {logging_mixin.py:137} INFO - Michelle Yates
[2023-02-01T19:10:56.764+0000] {logging_mixin.py:137} INFO - Robin Reyes
[2023-02-01T19:10:56.765+0000] {logging_mixin.py:137} INFO - Rebecca Smith
[2023-02-01T19:10:56.769+0000] {logging_mixin.py:137} INFO - Nicole Torres
[2023-02-01T19:10:56.772+0000] {logging_mixin.py:137} INFO - Ronald Jones
[2023-02-01T19:10:56.774+0000] {logging_mixin.py:137} INFO - Michael Castaneda
[2023-02-01T19:10:56.777+0000] {logging_mixin.py:137} INFO - Christopher Krueger
[2023-02-01T19:10:56.783+0000] {logging_mixin.py:137} INFO - Jennifer Werner
[2023-02-01T19:10:56.785+0000] {logging_mixin.py:137} INFO - Ashley Smith
[2023-02-01T19:10:56.794+0000] {logging_mixin.py:137} INFO - Alyssa Fields
[2023-02-01T19:10:56.796+0000] {logging_mixin.py:137} INFO - John Scott
[2023-02-01T19:10:56.799+0000] {logging_mixin.py:137} INFO - Debra Delacruz
[2023-02-01T19:10:56.814+0000] {logging_mixin.py:137} INFO - James Madden
[2023-02-01T19:10:56.819+0000] {logging_mixin.py:137} INFO - Joseph Gentry
[2023-02-01T19:10:56.821+0000] {logging_mixin.py:137} INFO - Ashley Cabrera
[2023-02-01T19:10:56.827+0000] {logging_mixin.py:137} INFO - Jennifer Fernandez
[2023-02-01T19:10:56.833+0000] {logging_mixin.py:137} INFO - James Harris
[2023-02-01T19:10:56.848+0000] {logging_mixin.py:137} INFO - Candice Young
[2023-02-01T19:10:56.854+0000] {logging_mixin.py:137} INFO - Lisa Baker
[2023-02-01T19:10:56.862+0000] {logging_mixin.py:137} INFO - Brian Mills DDS
[2023-02-01T19:10:56.864+0000] {logging_mixin.py:137} INFO - Kristin Smith
[2023-02-01T19:10:56.866+0000] {logging_mixin.py:137} INFO - Jacob Collins
[2023-02-01T19:10:56.871+0000] {logging_mixin.py:137} INFO - Kimberly Harris
[2023-02-01T19:10:56.875+0000] {logging_mixin.py:137} INFO - Michael Hull
[2023-02-01T19:10:56.883+0000] {logging_mixin.py:137} INFO - Caitlin Todd
[2023-02-01T19:10:56.903+0000] {logging_mixin.py:137} INFO - Lisa Harris
[2023-02-01T19:10:56.916+0000] {logging_mixin.py:137} INFO - Mrs. Ann Stone
[2023-02-01T19:10:56.928+0000] {logging_mixin.py:137} INFO - Michelle Case
[2023-02-01T19:10:56.939+0000] {logging_mixin.py:137} INFO - Joe Lowe
[2023-02-01T19:10:56.949+0000] {logging_mixin.py:137} INFO - Randall Dunn
[2023-02-01T19:10:56.956+0000] {logging_mixin.py:137} INFO - Paula Vargas
[2023-02-01T19:10:56.966+0000] {logging_mixin.py:137} INFO - Daniel Walker
[2023-02-01T19:10:56.979+0000] {logging_mixin.py:137} INFO - James Jackson
[2023-02-01T19:10:56.995+0000] {logging_mixin.py:137} INFO - Shirley Woodard
[2023-02-01T19:10:57.000+0000] {logging_mixin.py:137} INFO - James Hayes
[2023-02-01T19:10:57.011+0000] {logging_mixin.py:137} INFO - Megan Austin
[2023-02-01T19:10:57.018+0000] {logging_mixin.py:137} INFO - Erin Robertson
[2023-02-01T19:10:57.048+0000] {logging_mixin.py:137} INFO - Robert Phillips
[2023-02-01T19:10:57.060+0000] {logging_mixin.py:137} INFO - Amy Torres
[2023-02-01T19:10:57.062+0000] {logging_mixin.py:137} INFO - Joshua Cox
[2023-02-01T19:10:57.077+0000] {logging_mixin.py:137} INFO - Duane Grimes
[2023-02-01T19:10:57.082+0000] {logging_mixin.py:137} INFO - Jennifer Burgess
[2023-02-01T19:10:57.089+0000] {logging_mixin.py:137} INFO - Carlos Duran
[2023-02-01T19:10:57.109+0000] {logging_mixin.py:137} INFO - Jason Johnson
[2023-02-01T19:10:57.115+0000] {logging_mixin.py:137} INFO - Cameron Greer
[2023-02-01T19:10:57.121+0000] {logging_mixin.py:137} INFO - Randall Williams
[2023-02-01T19:10:57.129+0000] {logging_mixin.py:137} INFO - Jessica Harris
[2023-02-01T19:10:57.142+0000] {logging_mixin.py:137} INFO - Joshua Rogers
[2023-02-01T19:10:57.146+0000] {logging_mixin.py:137} INFO - Jose Mahoney
[2023-02-01T19:10:57.157+0000] {logging_mixin.py:137} INFO - Brandy Fuentes
[2023-02-01T19:10:57.159+0000] {logging_mixin.py:137} INFO - Angelica Matthews
[2023-02-01T19:10:57.163+0000] {logging_mixin.py:137} INFO - Glenn Caldwell
[2023-02-01T19:10:57.164+0000] {logging_mixin.py:137} INFO - Cristian Delacruz
[2023-02-01T19:10:57.171+0000] {logging_mixin.py:137} INFO - Alexandra Price
[2023-02-01T19:10:57.173+0000] {logging_mixin.py:137} INFO - Heather Wilson
[2023-02-01T19:10:57.176+0000] {logging_mixin.py:137} INFO - Shawn Thompson
[2023-02-01T19:10:57.178+0000] {logging_mixin.py:137} INFO - Anna Daniel
[2023-02-01T19:10:57.180+0000] {logging_mixin.py:137} INFO - Joseph Cisneros
[2023-02-01T19:10:57.182+0000] {logging_mixin.py:137} INFO - Rebecca Estes
[2023-02-01T19:10:57.183+0000] {logging_mixin.py:137} INFO - Jeremy Porter
[2023-02-01T19:10:57.185+0000] {logging_mixin.py:137} INFO - Lisa Mann
[2023-02-01T19:10:57.186+0000] {logging_mixin.py:137} INFO - Michael Woods
[2023-02-01T19:10:57.190+0000] {logging_mixin.py:137} INFO - Madison Thompson
[2023-02-01T19:10:57.192+0000] {logging_mixin.py:137} INFO - Nancy Gomez
[2023-02-01T19:10:57.194+0000] {logging_mixin.py:137} INFO - Julie Blanchard
[2023-02-01T19:10:57.195+0000] {logging_mixin.py:137} INFO - Michael Smith
[2023-02-01T19:10:57.196+0000] {logging_mixin.py:137} INFO - Angel Huber
[2023-02-01T19:10:57.201+0000] {logging_mixin.py:137} INFO - Michael Coffey
[2023-02-01T19:10:57.204+0000] {logging_mixin.py:137} INFO - Patrick Walter
[2023-02-01T19:10:57.205+0000] {logging_mixin.py:137} INFO - Curtis Davis
[2023-02-01T19:10:57.209+0000] {logging_mixin.py:137} INFO - Kyle Stewart
[2023-02-01T19:10:57.213+0000] {logging_mixin.py:137} INFO - Angela Jimenez
[2023-02-01T19:10:57.217+0000] {logging_mixin.py:137} INFO - Andrew Martinez
[2023-02-01T19:10:57.220+0000] {logging_mixin.py:137} INFO - Angela West
[2023-02-01T19:10:57.231+0000] {logging_mixin.py:137} INFO - Ryan Young
[2023-02-01T19:10:57.234+0000] {logging_mixin.py:137} INFO - Nathaniel Evans
[2023-02-01T19:10:57.237+0000] {logging_mixin.py:137} INFO - Dawn Bryant
[2023-02-01T19:10:57.239+0000] {logging_mixin.py:137} INFO - Danielle Lewis
[2023-02-01T19:10:57.241+0000] {logging_mixin.py:137} INFO - Matthew Newman
[2023-02-01T19:10:57.244+0000] {logging_mixin.py:137} INFO - Robert Smith
[2023-02-01T19:10:57.245+0000] {logging_mixin.py:137} INFO - Melissa Hicks
[2023-02-01T19:10:57.251+0000] {logging_mixin.py:137} INFO - Emily Lambert
[2023-02-01T19:10:57.254+0000] {logging_mixin.py:137} INFO - Krystal Wolfe
[2023-02-01T19:10:57.256+0000] {logging_mixin.py:137} INFO - Donna Murillo
[2023-02-01T19:10:57.258+0000] {logging_mixin.py:137} INFO - Carl Hudson
[2023-02-01T19:10:57.261+0000] {logging_mixin.py:137} INFO - Robert Wilson
[2023-02-01T19:10:57.262+0000] {logging_mixin.py:137} INFO - Patrick Mathis
[2023-02-01T19:10:57.264+0000] {logging_mixin.py:137} INFO - Michael Suarez
[2023-02-01T19:10:57.267+0000] {logging_mixin.py:137} INFO - David Johnson
[2023-02-01T19:10:57.268+0000] {logging_mixin.py:137} INFO - William Thompson
[2023-02-01T19:10:57.271+0000] {logging_mixin.py:137} INFO - Jessica Hansen DVM
[2023-02-01T19:10:57.276+0000] {logging_mixin.py:137} INFO - Katherine Friedman
[2023-02-01T19:10:57.280+0000] {logging_mixin.py:137} INFO - Jillian Johnson
[2023-02-01T19:10:57.283+0000] {logging_mixin.py:137} INFO - Robert Mckee
[2023-02-01T19:10:57.286+0000] {logging_mixin.py:137} INFO - Rachel Little
[2023-02-01T19:10:57.289+0000] {logging_mixin.py:137} INFO - Patricia Smith
[2023-02-01T19:10:57.294+0000] {logging_mixin.py:137} INFO - Heidi Martinez
[2023-02-01T19:10:57.304+0000] {logging_mixin.py:137} INFO - Caitlin Solomon
[2023-02-01T19:10:57.307+0000] {logging_mixin.py:137} INFO - Dr. Olivia Pugh
[2023-02-01T19:10:57.314+0000] {logging_mixin.py:137} INFO - John Steele DDS
[2023-02-01T19:10:57.317+0000] {logging_mixin.py:137} INFO - Jeremy Mathews
[2023-02-01T19:10:57.322+0000] {logging_mixin.py:137} INFO - Tiffany Hill
[2023-02-01T19:10:57.326+0000] {logging_mixin.py:137} INFO - Steven Edwards
[2023-02-01T19:10:57.329+0000] {logging_mixin.py:137} INFO - Charles Campbell
[2023-02-01T19:10:57.334+0000] {logging_mixin.py:137} INFO - Brett Hughes
[2023-02-01T19:10:57.341+0000] {logging_mixin.py:137} INFO - Christina Villegas
[2023-02-01T19:10:57.356+0000] {logging_mixin.py:137} INFO - Anthony Garcia
[2023-02-01T19:10:57.360+0000] {logging_mixin.py:137} INFO - Nathan Murphy
[2023-02-01T19:10:57.364+0000] {logging_mixin.py:137} INFO - Steven Dodson
[2023-02-01T19:10:57.366+0000] {logging_mixin.py:137} INFO - Brian Sullivan
[2023-02-01T19:10:57.372+0000] {logging_mixin.py:137} INFO - Renee White
[2023-02-01T19:10:57.375+0000] {logging_mixin.py:137} INFO - Laura Rowland
[2023-02-01T19:10:57.382+0000] {logging_mixin.py:137} INFO - John Moore
[2023-02-01T19:10:57.384+0000] {logging_mixin.py:137} INFO - Sophia Mckenzie
[2023-02-01T19:10:57.385+0000] {logging_mixin.py:137} INFO - David Roach
[2023-02-01T19:10:57.389+0000] {logging_mixin.py:137} INFO - Jennifer Patterson
[2023-02-01T19:10:57.391+0000] {logging_mixin.py:137} INFO - James Richards
[2023-02-01T19:10:57.393+0000] {logging_mixin.py:137} INFO - Mary Johnston
[2023-02-01T19:10:57.395+0000] {logging_mixin.py:137} INFO - Brandon Mcdaniel
[2023-02-01T19:10:57.402+0000] {logging_mixin.py:137} INFO - Meghan Stevenson
[2023-02-01T19:10:57.407+0000] {logging_mixin.py:137} INFO - Luis Hayes
[2023-02-01T19:10:57.409+0000] {logging_mixin.py:137} INFO - Alejandra Sloan
[2023-02-01T19:10:57.411+0000] {logging_mixin.py:137} INFO - Dr. Sandra Miller
[2023-02-01T19:10:57.414+0000] {logging_mixin.py:137} INFO - Dustin Bond
[2023-02-01T19:10:57.417+0000] {logging_mixin.py:137} INFO - Julia Patrick MD
[2023-02-01T19:10:57.420+0000] {logging_mixin.py:137} INFO - Jill Campbell
[2023-02-01T19:10:57.422+0000] {logging_mixin.py:137} INFO - Mark Ford
[2023-02-01T19:10:57.424+0000] {logging_mixin.py:137} INFO - Brian Long
[2023-02-01T19:10:57.426+0000] {logging_mixin.py:137} INFO - Lisa Peterson
[2023-02-01T19:10:57.429+0000] {logging_mixin.py:137} INFO - Matthew Lee
[2023-02-01T19:10:57.434+0000] {logging_mixin.py:137} INFO - Bradley Miller
[2023-02-01T19:10:57.436+0000] {logging_mixin.py:137} INFO - Jeffrey Moss
[2023-02-01T19:10:57.438+0000] {logging_mixin.py:137} INFO - Sara Carlson
[2023-02-01T19:10:57.443+0000] {logging_mixin.py:137} INFO - Daniel Rodriguez
[2023-02-01T19:10:57.447+0000] {logging_mixin.py:137} INFO - Jeremy David
[2023-02-01T19:10:57.451+0000] {logging_mixin.py:137} INFO - Eric Green
[2023-02-01T19:10:57.453+0000] {logging_mixin.py:137} INFO - Alexis Jones
[2023-02-01T19:10:57.455+0000] {logging_mixin.py:137} INFO - Matthew Rose
[2023-02-01T19:10:57.457+0000] {logging_mixin.py:137} INFO - Catherine Anderson
[2023-02-01T19:10:57.459+0000] {logging_mixin.py:137} INFO - Holly Burton
[2023-02-01T19:10:57.468+0000] {logging_mixin.py:137} INFO - David Matthews
[2023-02-01T19:10:57.477+0000] {logging_mixin.py:137} INFO - Mrs. Kara Little
[2023-02-01T19:10:57.480+0000] {logging_mixin.py:137} INFO - Jeffrey Stanley
[2023-02-01T19:10:57.483+0000] {logging_mixin.py:137} INFO - James Ochoa
[2023-02-01T19:10:57.486+0000] {logging_mixin.py:137} INFO - Jason Frye
[2023-02-01T19:10:57.490+0000] {logging_mixin.py:137} INFO - Christopher Ellis
[2023-02-01T19:10:57.493+0000] {logging_mixin.py:137} INFO - Michelle Nixon
[2023-02-01T19:10:57.497+0000] {logging_mixin.py:137} INFO - Andrew Gill
[2023-02-01T19:10:57.500+0000] {logging_mixin.py:137} INFO - Jennifer Wilson
[2023-02-01T19:10:57.511+0000] {logging_mixin.py:137} INFO - Shawn Black
[2023-02-01T19:10:57.515+0000] {logging_mixin.py:137} INFO - April Patterson
[2023-02-01T19:10:57.519+0000] {logging_mixin.py:137} INFO - Troy Vaughn
[2023-02-01T19:10:57.520+0000] {logging_mixin.py:137} INFO - Alexandria White
[2023-02-01T19:10:57.522+0000] {logging_mixin.py:137} INFO - Scott Phillips
[2023-02-01T19:10:57.524+0000] {logging_mixin.py:137} INFO - Zachary Cisneros
[2023-02-01T19:10:57.526+0000] {logging_mixin.py:137} INFO - Deborah Brown
[2023-02-01T19:10:57.532+0000] {logging_mixin.py:137} INFO - Monica Moses
[2023-02-01T19:10:57.533+0000] {logging_mixin.py:137} INFO - Brenda Reyes
[2023-02-01T19:10:57.535+0000] {logging_mixin.py:137} INFO - Miss Renee Allen
[2023-02-01T19:10:57.537+0000] {logging_mixin.py:137} INFO - Susan Clark
[2023-02-01T19:10:57.538+0000] {logging_mixin.py:137} INFO - Brandy Coffey
[2023-02-01T19:10:57.540+0000] {logging_mixin.py:137} INFO - Brett Nelson
[2023-02-01T19:10:57.542+0000] {logging_mixin.py:137} INFO - Ricardo Young
[2023-02-01T19:10:57.544+0000] {logging_mixin.py:137} INFO - Paul Lee
[2023-02-01T19:10:57.546+0000] {logging_mixin.py:137} INFO - David Allen
[2023-02-01T19:10:57.548+0000] {logging_mixin.py:137} INFO - Andrea Knight
[2023-02-01T19:10:57.553+0000] {logging_mixin.py:137} INFO - James Gomez
[2023-02-01T19:10:57.555+0000] {logging_mixin.py:137} INFO - Melody Gibson
[2023-02-01T19:10:57.558+0000] {logging_mixin.py:137} INFO - Christina Martinez
[2023-02-01T19:10:57.560+0000] {logging_mixin.py:137} INFO - Shelby Smith
[2023-02-01T19:10:57.565+0000] {logging_mixin.py:137} INFO - Jason Howard
[2023-02-01T19:10:57.569+0000] {logging_mixin.py:137} INFO - Amy Davidson
[2023-02-01T19:10:57.573+0000] {logging_mixin.py:137} INFO - Kyle Copeland
[2023-02-01T19:10:57.576+0000] {logging_mixin.py:137} INFO - Madeline Davis
[2023-02-01T19:10:57.578+0000] {logging_mixin.py:137} INFO - Aaron Young
[2023-02-01T19:10:57.579+0000] {logging_mixin.py:137} INFO - Lisa Barrett
[2023-02-01T19:10:57.581+0000] {logging_mixin.py:137} INFO - Joel Jones
[2023-02-01T19:10:57.586+0000] {logging_mixin.py:137} INFO - Christine Evans
[2023-02-01T19:10:57.590+0000] {logging_mixin.py:137} INFO - Kimberly Johnson
[2023-02-01T19:10:57.592+0000] {logging_mixin.py:137} INFO - Charles Hess
[2023-02-01T19:10:57.595+0000] {logging_mixin.py:137} INFO - Paul Dixon
[2023-02-01T19:10:57.600+0000] {logging_mixin.py:137} INFO - Christopher Johnson
[2023-02-01T19:10:57.603+0000] {logging_mixin.py:137} INFO - Robert Dawson
[2023-02-01T19:10:57.611+0000] {logging_mixin.py:137} INFO - Ryan Dixon
[2023-02-01T19:10:57.617+0000] {logging_mixin.py:137} INFO - Julie Martinez
[2023-02-01T19:10:57.620+0000] {logging_mixin.py:137} INFO - David Adams
[2023-02-01T19:10:57.625+0000] {logging_mixin.py:137} INFO - Mariah Brown
[2023-02-01T19:10:57.628+0000] {logging_mixin.py:137} INFO - Deborah Malone
[2023-02-01T19:10:57.630+0000] {logging_mixin.py:137} INFO - John Brown
[2023-02-01T19:10:57.632+0000] {logging_mixin.py:137} INFO - Maria Stewart
[2023-02-01T19:10:57.637+0000] {logging_mixin.py:137} INFO - Mr. Bryan Hawkins
[2023-02-01T19:10:57.645+0000] {logging_mixin.py:137} INFO - Kyle Brooks
[2023-02-01T19:10:57.647+0000] {logging_mixin.py:137} INFO - Kenneth White
[2023-02-01T19:10:57.651+0000] {logging_mixin.py:137} INFO - Patricia Wilson
[2023-02-01T19:10:57.655+0000] {logging_mixin.py:137} INFO - Paul Soto
[2023-02-01T19:10:57.658+0000] {logging_mixin.py:137} INFO - Janice Garrett
[2023-02-01T19:10:57.663+0000] {logging_mixin.py:137} INFO - Randy Strickland
[2023-02-01T19:10:57.667+0000] {logging_mixin.py:137} INFO - Felicia Herrera
[2023-02-01T19:10:57.669+0000] {logging_mixin.py:137} INFO - Andre Campos
[2023-02-01T19:10:57.671+0000] {logging_mixin.py:137} INFO - Justin Meyer
[2023-02-01T19:10:57.674+0000] {logging_mixin.py:137} INFO - Brandon Brooks
[2023-02-01T19:10:57.679+0000] {logging_mixin.py:137} INFO - Abigail Rivera
[2023-02-01T19:10:57.688+0000] {logging_mixin.py:137} INFO - Jessica Mann
[2023-02-01T19:10:57.690+0000] {logging_mixin.py:137} INFO - Michael Sawyer
[2023-02-01T19:10:57.697+0000] {logging_mixin.py:137} INFO - Jeffrey Coleman
[2023-02-01T19:10:57.703+0000] {logging_mixin.py:137} INFO - Micheal Castro
[2023-02-01T19:10:57.706+0000] {logging_mixin.py:137} INFO - Laura Gonzalez
[2023-02-01T19:10:57.710+0000] {logging_mixin.py:137} INFO - Christopher Jackson
[2023-02-01T19:10:57.713+0000] {logging_mixin.py:137} INFO - William Mckenzie
[2023-02-01T19:10:57.723+0000] {logging_mixin.py:137} INFO - Kristina Rodriguez
[2023-02-01T19:10:57.726+0000] {logging_mixin.py:137} INFO - Kelli Williams
[2023-02-01T19:10:57.734+0000] {logging_mixin.py:137} INFO - Diane Norris
[2023-02-01T19:10:57.738+0000] {logging_mixin.py:137} INFO - Kevin Carroll
[2023-02-01T19:10:57.743+0000] {logging_mixin.py:137} INFO - Betty Weber
[2023-02-01T19:10:57.746+0000] {logging_mixin.py:137} INFO - Jeffery Robinson
[2023-02-01T19:10:57.751+0000] {logging_mixin.py:137} INFO - Hannah Cowan
[2023-02-01T19:10:57.757+0000] {logging_mixin.py:137} INFO - Brian Kramer
[2023-02-01T19:10:57.760+0000] {logging_mixin.py:137} INFO - Anthony Roberts
[2023-02-01T19:10:57.762+0000] {logging_mixin.py:137} INFO - Ricardo Blankenship
[2023-02-01T19:10:57.766+0000] {logging_mixin.py:137} INFO - Brooke Collins
[2023-02-01T19:10:57.769+0000] {logging_mixin.py:137} INFO - Tammy Lawson
[2023-02-01T19:10:57.772+0000] {logging_mixin.py:137} INFO - Cody Miller
[2023-02-01T19:10:57.774+0000] {logging_mixin.py:137} INFO - Dr. Janice Salazar
[2023-02-01T19:10:57.777+0000] {logging_mixin.py:137} INFO - David West
[2023-02-01T19:10:57.786+0000] {logging_mixin.py:137} INFO - Robin Carpenter
[2023-02-01T19:10:57.804+0000] {logging_mixin.py:137} INFO - Monique Wall
[2023-02-01T19:10:57.809+0000] {logging_mixin.py:137} INFO - Charles Cardenas
[2023-02-01T19:10:57.819+0000] {logging_mixin.py:137} INFO - Valerie Mitchell
[2023-02-01T19:10:57.824+0000] {logging_mixin.py:137} INFO - Michelle Valenzuela
[2023-02-01T19:10:57.827+0000] {logging_mixin.py:137} INFO - William Poole
[2023-02-01T19:10:57.830+0000] {logging_mixin.py:137} INFO - James Hall
[2023-02-01T19:10:57.834+0000] {logging_mixin.py:137} INFO - Dylan Carpenter
[2023-02-01T19:10:57.838+0000] {logging_mixin.py:137} INFO - Linda Medina
[2023-02-01T19:10:57.840+0000] {logging_mixin.py:137} INFO - Joan White
[2023-02-01T19:10:57.842+0000] {logging_mixin.py:137} INFO - Mary Klein
[2023-02-01T19:10:57.843+0000] {logging_mixin.py:137} INFO - Ashley Wolf
[2023-02-01T19:10:57.845+0000] {logging_mixin.py:137} INFO - William Reed
[2023-02-01T19:10:57.848+0000] {logging_mixin.py:137} INFO - Derek Harvey
[2023-02-01T19:10:57.856+0000] {logging_mixin.py:137} INFO - Kathleen Rodriguez
[2023-02-01T19:10:57.859+0000] {logging_mixin.py:137} INFO - Andrew Rodriguez
[2023-02-01T19:10:57.864+0000] {logging_mixin.py:137} INFO - Ariel Frank
[2023-02-01T19:10:57.869+0000] {logging_mixin.py:137} INFO - Tina French
[2023-02-01T19:10:57.873+0000] {logging_mixin.py:137} INFO - Brent Waller
[2023-02-01T19:10:57.874+0000] {logging_mixin.py:137} INFO - Kevin Allen
[2023-02-01T19:10:57.877+0000] {logging_mixin.py:137} INFO - Xavier Walker
[2023-02-01T19:10:57.879+0000] {logging_mixin.py:137} INFO - Michelle Sanchez
[2023-02-01T19:10:57.888+0000] {logging_mixin.py:137} INFO - Rachael Shepard
[2023-02-01T19:10:57.891+0000] {logging_mixin.py:137} INFO - Kelsey Johnson
[2023-02-01T19:10:57.895+0000] {logging_mixin.py:137} INFO - Nicole Webb
[2023-02-01T19:10:57.899+0000] {logging_mixin.py:137} INFO - Nicholas Rodriguez
[2023-02-01T19:10:57.903+0000] {logging_mixin.py:137} INFO - Eric Vaughan
[2023-02-01T19:10:57.905+0000] {logging_mixin.py:137} INFO - Amanda Richardson
[2023-02-01T19:10:57.907+0000] {logging_mixin.py:137} INFO - Janice Carlson
[2023-02-01T19:10:57.909+0000] {logging_mixin.py:137} INFO - Darryl Walsh
[2023-02-01T19:10:57.911+0000] {logging_mixin.py:137} INFO - Heather Johnson
[2023-02-01T19:10:57.915+0000] {logging_mixin.py:137} INFO - Mark Chambers
[2023-02-01T19:10:57.919+0000] {logging_mixin.py:137} INFO - Tracy Burns
[2023-02-01T19:10:57.924+0000] {logging_mixin.py:137} INFO - John Cole
[2023-02-01T19:10:57.926+0000] {logging_mixin.py:137} INFO - Deborah Silva
[2023-02-01T19:10:57.928+0000] {logging_mixin.py:137} INFO - Shawn Hernandez
[2023-02-01T19:10:57.930+0000] {logging_mixin.py:137} INFO - Bethany Meyer
[2023-02-01T19:10:57.934+0000] {logging_mixin.py:137} INFO - Helen Smith
[2023-02-01T19:10:57.936+0000] {logging_mixin.py:137} INFO - Dana Dennis
[2023-02-01T19:10:57.937+0000] {logging_mixin.py:137} INFO - Kelsey Camacho
[2023-02-01T19:10:57.941+0000] {logging_mixin.py:137} INFO - Matthew Thomas
[2023-02-01T19:10:57.944+0000] {logging_mixin.py:137} INFO - Brittany Arellano
[2023-02-01T19:10:57.950+0000] {logging_mixin.py:137} INFO - Stacey Jones
[2023-02-01T19:10:57.952+0000] {logging_mixin.py:137} INFO - William Weeks
[2023-02-01T19:10:57.955+0000] {logging_mixin.py:137} INFO - Mark Beasley
[2023-02-01T19:10:57.958+0000] {logging_mixin.py:137} INFO - Bruce Pena
[2023-02-01T19:10:57.961+0000] {logging_mixin.py:137} INFO - Jeffery Smith
[2023-02-01T19:10:57.968+0000] {logging_mixin.py:137} INFO - Ann Deleon
[2023-02-01T19:10:57.971+0000] {logging_mixin.py:137} INFO - Kevin Robertson
[2023-02-01T19:10:57.974+0000] {logging_mixin.py:137} INFO - Vincent Willis MD
[2023-02-01T19:10:57.977+0000] {logging_mixin.py:137} INFO - Michael Nielsen
[2023-02-01T19:10:57.980+0000] {logging_mixin.py:137} INFO - Walter Koch
[2023-02-01T19:10:57.987+0000] {logging_mixin.py:137} INFO - Brian Vega
[2023-02-01T19:10:57.989+0000] {logging_mixin.py:137} INFO - Jeffrey Medina
[2023-02-01T19:10:57.990+0000] {logging_mixin.py:137} INFO - Erika Banks
[2023-02-01T19:10:57.993+0000] {logging_mixin.py:137} INFO - Stacey Griffin
[2023-02-01T19:10:57.995+0000] {logging_mixin.py:137} INFO - Michael Marsh
[2023-02-01T19:10:57.998+0000] {logging_mixin.py:137} INFO - Molly White
[2023-02-01T19:10:58.000+0000] {logging_mixin.py:137} INFO - Matthew Morrison
[2023-02-01T19:10:58.003+0000] {logging_mixin.py:137} INFO - Amanda Burns
[2023-02-01T19:10:58.006+0000] {logging_mixin.py:137} INFO - Emily Gonzalez DDS
[2023-02-01T19:10:58.016+0000] {logging_mixin.py:137} INFO - Gregory King
[2023-02-01T19:10:58.030+0000] {logging_mixin.py:137} INFO - Dennis Evans
[2023-02-01T19:10:58.035+0000] {logging_mixin.py:137} INFO - Christina Snyder
[2023-02-01T19:10:58.040+0000] {logging_mixin.py:137} INFO - Carolyn Mata
[2023-02-01T19:10:58.044+0000] {logging_mixin.py:137} INFO - Brandy Lawson
[2023-02-01T19:10:58.047+0000] {logging_mixin.py:137} INFO - Briana Christian
[2023-02-01T19:10:58.061+0000] {logging_mixin.py:137} INFO - Jeffrey Hernandez
[2023-02-01T19:10:58.071+0000] {logging_mixin.py:137} INFO - John Riggs
[2023-02-01T19:10:58.078+0000] {logging_mixin.py:137} INFO - Barbara Short
[2023-02-01T19:10:58.083+0000] {logging_mixin.py:137} INFO - Steven Brooks
[2023-02-01T19:10:58.085+0000] {logging_mixin.py:137} INFO - Gabrielle James
[2023-02-01T19:10:58.089+0000] {logging_mixin.py:137} INFO - Robert Young
[2023-02-01T19:10:58.092+0000] {logging_mixin.py:137} INFO - Derek Sanders
[2023-02-01T19:10:58.098+0000] {logging_mixin.py:137} INFO - Mallory Oliver
[2023-02-01T19:10:58.103+0000] {logging_mixin.py:137} INFO - Terry Howe
[2023-02-01T19:10:58.108+0000] {logging_mixin.py:137} INFO - Samuel Wallace
[2023-02-01T19:10:58.110+0000] {logging_mixin.py:137} INFO - Angel Jones
[2023-02-01T19:10:58.112+0000] {logging_mixin.py:137} INFO - Jacqueline Nichols
[2023-02-01T19:10:58.113+0000] {logging_mixin.py:137} INFO - Melissa Mcgee
[2023-02-01T19:10:58.119+0000] {logging_mixin.py:137} INFO - Michelle Smith
[2023-02-01T19:10:58.123+0000] {logging_mixin.py:137} INFO - Maureen Baxter
[2023-02-01T19:10:58.127+0000] {logging_mixin.py:137} INFO - Kathy Crawford
[2023-02-01T19:10:58.130+0000] {logging_mixin.py:137} INFO - Stacy Wood
[2023-02-01T19:10:58.133+0000] {logging_mixin.py:137} INFO - Justin Parsons
[2023-02-01T19:10:58.135+0000] {logging_mixin.py:137} INFO - Ann Klein
[2023-02-01T19:10:58.138+0000] {logging_mixin.py:137} INFO - Allison Arnold
[2023-02-01T19:10:58.141+0000] {logging_mixin.py:137} INFO - Heather Kirk
[2023-02-01T19:10:58.142+0000] {logging_mixin.py:137} INFO - Monica Smith
[2023-02-01T19:10:58.147+0000] {logging_mixin.py:137} INFO - Brett Oconnor
[2023-02-01T19:10:58.149+0000] {logging_mixin.py:137} INFO - Anthony Bryant
[2023-02-01T19:10:58.151+0000] {logging_mixin.py:137} INFO - Jeremy Russell
[2023-02-01T19:10:58.153+0000] {logging_mixin.py:137} INFO - Julie Poole
[2023-02-01T19:10:58.155+0000] {logging_mixin.py:137} INFO - Emma Thompson
[2023-02-01T19:10:58.156+0000] {logging_mixin.py:137} INFO - Bradley Matthews
[2023-02-01T19:10:58.159+0000] {logging_mixin.py:137} INFO - William Roberts
[2023-02-01T19:10:58.165+0000] {logging_mixin.py:137} INFO - Julie Mooney
[2023-02-01T19:10:58.168+0000] {logging_mixin.py:137} INFO - Amy Doyle
[2023-02-01T19:10:58.170+0000] {logging_mixin.py:137} INFO - Amanda Grant
[2023-02-01T19:10:58.171+0000] {logging_mixin.py:137} INFO - Eric Anderson
[2023-02-01T19:10:58.173+0000] {logging_mixin.py:137} INFO - George Thompson
[2023-02-01T19:10:58.175+0000] {logging_mixin.py:137} INFO - Dustin Hines
[2023-02-01T19:10:58.179+0000] {logging_mixin.py:137} INFO - Andrea Frank
[2023-02-01T19:10:58.181+0000] {logging_mixin.py:137} INFO - Jodi Cook
[2023-02-01T19:10:58.183+0000] {logging_mixin.py:137} INFO - Stacy Haney
[2023-02-01T19:10:58.185+0000] {logging_mixin.py:137} INFO - Paul Callahan
[2023-02-01T19:10:58.187+0000] {logging_mixin.py:137} INFO - Jasmine Chambers
[2023-02-01T19:10:58.189+0000] {logging_mixin.py:137} INFO - Melissa Pittman MD
[2023-02-01T19:10:58.190+0000] {logging_mixin.py:137} INFO - Deborah Larson
[2023-02-01T19:10:58.192+0000] {logging_mixin.py:137} INFO - Brandon Shaw
[2023-02-01T19:10:58.194+0000] {logging_mixin.py:137} INFO - Timothy Paul
[2023-02-01T19:10:58.196+0000] {logging_mixin.py:137} INFO - Michael Trujillo
[2023-02-01T19:10:58.198+0000] {logging_mixin.py:137} INFO - Robert Rivera
[2023-02-01T19:10:58.203+0000] {logging_mixin.py:137} INFO - Dana Nelson
[2023-02-01T19:10:58.204+0000] {logging_mixin.py:137} INFO - Andrea Bennett
[2023-02-01T19:10:58.206+0000] {logging_mixin.py:137} INFO - Jodi Fox
[2023-02-01T19:10:58.207+0000] {logging_mixin.py:137} INFO - Heather Hayes
[2023-02-01T19:10:58.210+0000] {logging_mixin.py:137} INFO - Jennifer Moreno
[2023-02-01T19:10:58.212+0000] {logging_mixin.py:137} INFO - John Patel
[2023-02-01T19:10:58.215+0000] {logging_mixin.py:137} INFO - Teresa Oliver
[2023-02-01T19:10:58.216+0000] {logging_mixin.py:137} INFO - Monique Bell
[2023-02-01T19:10:58.219+0000] {logging_mixin.py:137} INFO - Casey Leonard
[2023-02-01T19:10:58.222+0000] {logging_mixin.py:137} INFO - Steven Clark
[2023-02-01T19:10:58.227+0000] {logging_mixin.py:137} INFO - Edward Martin
[2023-02-01T19:10:58.232+0000] {logging_mixin.py:137} INFO - Shawn Orozco
[2023-02-01T19:10:58.234+0000] {logging_mixin.py:137} INFO - Brandon Yang
[2023-02-01T19:10:58.236+0000] {logging_mixin.py:137} INFO - Nathan Ray
[2023-02-01T19:10:58.238+0000] {logging_mixin.py:137} INFO - Lori Moore
[2023-02-01T19:10:58.241+0000] {logging_mixin.py:137} INFO - Dr. Lisa Shaw DVM
[2023-02-01T19:10:58.245+0000] {logging_mixin.py:137} INFO - Angela Walters
[2023-02-01T19:10:58.249+0000] {logging_mixin.py:137} INFO - David Nolan
[2023-02-01T19:10:58.251+0000] {logging_mixin.py:137} INFO - William Ramsey
[2023-02-01T19:10:58.253+0000] {logging_mixin.py:137} INFO - David Oconnor
[2023-02-01T19:10:58.255+0000] {logging_mixin.py:137} INFO - Mark Washington
[2023-02-01T19:10:58.256+0000] {logging_mixin.py:137} INFO - Jennifer Jacobs
[2023-02-01T19:10:58.262+0000] {logging_mixin.py:137} INFO - Tammy Hampton
[2023-02-01T19:10:58.268+0000] {logging_mixin.py:137} INFO - Stephen Farmer
[2023-02-01T19:10:58.276+0000] {logging_mixin.py:137} INFO - Jasmine Nguyen
[2023-02-01T19:10:58.280+0000] {logging_mixin.py:137} INFO - Rebecca Flores
[2023-02-01T19:10:58.284+0000] {logging_mixin.py:137} INFO - Tyler Davis
[2023-02-01T19:10:58.292+0000] {logging_mixin.py:137} INFO - Nancy Gray
[2023-02-01T19:10:58.293+0000] {logging_mixin.py:137} INFO - Brian Sanchez
[2023-02-01T19:10:58.298+0000] {logging_mixin.py:137} INFO - Laurie Shaw
[2023-02-01T19:10:58.303+0000] {logging_mixin.py:137} INFO - Kristina Torres
[2023-02-01T19:10:58.306+0000] {logging_mixin.py:137} INFO - Andrea Rodgers
[2023-02-01T19:10:58.309+0000] {logging_mixin.py:137} INFO - Jason Walters
[2023-02-01T19:10:58.312+0000] {logging_mixin.py:137} INFO - Jerry Moss
[2023-02-01T19:10:58.315+0000] {logging_mixin.py:137} INFO - Jeffrey Jordan
[2023-02-01T19:10:58.318+0000] {logging_mixin.py:137} INFO - Jennifer Wilson
[2023-02-01T19:10:58.321+0000] {logging_mixin.py:137} INFO - Trevor Mathews
[2023-02-01T19:10:58.323+0000] {logging_mixin.py:137} INFO - Anne Hood
[2023-02-01T19:10:58.324+0000] {logging_mixin.py:137} INFO - Sarah Williams
[2023-02-01T19:10:58.329+0000] {logging_mixin.py:137} INFO - Shelby Hernandez
[2023-02-01T19:10:58.337+0000] {logging_mixin.py:137} INFO - Samantha Velez
[2023-02-01T19:10:58.340+0000] {logging_mixin.py:137} INFO - Matthew Douglas
[2023-02-01T19:10:58.344+0000] {logging_mixin.py:137} INFO - Ashlee George
[2023-02-01T19:10:58.346+0000] {logging_mixin.py:137} INFO - Troy Crane
[2023-02-01T19:10:58.351+0000] {logging_mixin.py:137} INFO - Michael Cooper
[2023-02-01T19:10:58.355+0000] {logging_mixin.py:137} INFO - Michael White
[2023-02-01T19:10:58.358+0000] {logging_mixin.py:137} INFO - Mr. Timothy Fleming
[2023-02-01T19:10:58.359+0000] {logging_mixin.py:137} INFO - Seth Bruce
[2023-02-01T19:10:58.361+0000] {logging_mixin.py:137} INFO - Jacqueline Carpenter
[2023-02-01T19:10:58.363+0000] {logging_mixin.py:137} INFO - Michael Martin
[2023-02-01T19:10:58.366+0000] {logging_mixin.py:137} INFO - Kristopher Henry
[2023-02-01T19:10:58.368+0000] {logging_mixin.py:137} INFO - Tiffany Porter
[2023-02-01T19:10:58.372+0000] {logging_mixin.py:137} INFO - Stacy Simpson
[2023-02-01T19:10:58.375+0000] {logging_mixin.py:137} INFO - Tammy Mcdowell
[2023-02-01T19:10:58.377+0000] {logging_mixin.py:137} INFO - Thomas Walters
[2023-02-01T19:10:58.378+0000] {logging_mixin.py:137} INFO - Dwayne Thompson
[2023-02-01T19:10:58.384+0000] {logging_mixin.py:137} INFO - Natalie Willis
[2023-02-01T19:10:58.386+0000] {logging_mixin.py:137} INFO - Sharon Taylor
[2023-02-01T19:10:58.389+0000] {logging_mixin.py:137} INFO - Sarah Wiggins
[2023-02-01T19:10:58.392+0000] {logging_mixin.py:137} INFO - Amber Thomas
[2023-02-01T19:10:58.394+0000] {logging_mixin.py:137} INFO - Patrick Miller
[2023-02-01T19:10:58.400+0000] {logging_mixin.py:137} INFO - Stephanie Hartman
[2023-02-01T19:10:58.407+0000] {logging_mixin.py:137} INFO - Stacey Mora
[2023-02-01T19:10:58.415+0000] {logging_mixin.py:137} INFO - Katherine Rodriguez
[2023-02-01T19:10:58.417+0000] {logging_mixin.py:137} INFO - Daniel Morgan
[2023-02-01T19:10:58.418+0000] {logging_mixin.py:137} INFO - Rebecca Martinez
[2023-02-01T19:10:58.421+0000] {logging_mixin.py:137} INFO - Nicole Juarez
[2023-02-01T19:10:58.423+0000] {logging_mixin.py:137} INFO - Mark Arroyo
[2023-02-01T19:10:58.425+0000] {logging_mixin.py:137} INFO - April Lucero
[2023-02-01T19:10:58.427+0000] {logging_mixin.py:137} INFO - Samantha Garcia
[2023-02-01T19:10:58.432+0000] {logging_mixin.py:137} INFO - Jon Moore
[2023-02-01T19:10:58.434+0000] {logging_mixin.py:137} INFO - Joshua Flores MD
[2023-02-01T19:10:58.437+0000] {logging_mixin.py:137} INFO - Raymond Jones
[2023-02-01T19:10:58.439+0000] {logging_mixin.py:137} INFO - Billy Hughes
[2023-02-01T19:10:58.443+0000] {logging_mixin.py:137} INFO - Peggy Valdez PhD
[2023-02-01T19:10:58.445+0000] {logging_mixin.py:137} INFO - Joshua Reyes
[2023-02-01T19:10:58.447+0000] {logging_mixin.py:137} INFO - Aaron Green
[2023-02-01T19:10:58.448+0000] {logging_mixin.py:137} INFO - Wendy Espinoza
[2023-02-01T19:10:58.449+0000] {logging_mixin.py:137} INFO - Peter Vasquez
[2023-02-01T19:10:58.451+0000] {logging_mixin.py:137} INFO - Diane Harper
[2023-02-01T19:10:58.454+0000] {logging_mixin.py:137} INFO - Ms. Rebecca Cantu
[2023-02-01T19:10:58.455+0000] {logging_mixin.py:137} INFO - Yolanda Morrow
[2023-02-01T19:10:58.457+0000] {logging_mixin.py:137} INFO - Penny Beard
[2023-02-01T19:10:58.459+0000] {logging_mixin.py:137} INFO - Lisa Long
[2023-02-01T19:10:58.461+0000] {logging_mixin.py:137} INFO - Jerry Harris
[2023-02-01T19:10:58.464+0000] {logging_mixin.py:137} INFO - Bob Willis
[2023-02-01T19:10:58.466+0000] {logging_mixin.py:137} INFO - Duane Chapman
[2023-02-01T19:10:58.475+0000] {logging_mixin.py:137} INFO - William Morgan
[2023-02-01T19:10:58.479+0000] {logging_mixin.py:137} INFO - Amy Gutierrez
[2023-02-01T19:10:58.482+0000] {logging_mixin.py:137} INFO - Amber Nichols
[2023-02-01T19:10:58.485+0000] {logging_mixin.py:137} INFO - Matthew Carr
[2023-02-01T19:10:58.494+0000] {logging_mixin.py:137} INFO - Thomas Duncan
[2023-02-01T19:10:58.497+0000] {logging_mixin.py:137} INFO - Elizabeth Wright
[2023-02-01T19:10:58.500+0000] {logging_mixin.py:137} INFO - Jacqueline Brewer
[2023-02-01T19:10:58.502+0000] {logging_mixin.py:137} INFO - Stephanie Johnson
[2023-02-01T19:10:58.504+0000] {logging_mixin.py:137} INFO - Samantha Calderon
[2023-02-01T19:10:58.509+0000] {logging_mixin.py:137} INFO - Kathryn Gaines
[2023-02-01T19:10:58.513+0000] {logging_mixin.py:137} INFO - Angel Jones
[2023-02-01T19:10:58.516+0000] {logging_mixin.py:137} INFO - Laura Wall
[2023-02-01T19:10:58.518+0000] {logging_mixin.py:137} INFO - Mr. Anthony Hamilton
[2023-02-01T19:10:58.520+0000] {logging_mixin.py:137} INFO - David Smith
[2023-02-01T19:10:58.527+0000] {logging_mixin.py:137} INFO - Kimberly Herrera DDS
[2023-02-01T19:10:58.541+0000] {logging_mixin.py:137} INFO - Gina Wilson
[2023-02-01T19:10:58.544+0000] {logging_mixin.py:137} INFO - Timothy Byrd
[2023-02-01T19:10:58.548+0000] {logging_mixin.py:137} INFO - Michael Mckenzie
[2023-02-01T19:10:58.550+0000] {logging_mixin.py:137} INFO - Jeffrey Mcintyre
[2023-02-01T19:10:58.554+0000] {logging_mixin.py:137} INFO - Teresa Jackson
[2023-02-01T19:10:58.559+0000] {logging_mixin.py:137} INFO - Joseph Wilcox
[2023-02-01T19:10:58.563+0000] {logging_mixin.py:137} INFO - Patrick Mcknight
[2023-02-01T19:10:58.565+0000] {logging_mixin.py:137} INFO - Ronald Moreno
[2023-02-01T19:10:58.569+0000] {logging_mixin.py:137} INFO - Jamie Sullivan
[2023-02-01T19:10:58.570+0000] {logging_mixin.py:137} INFO - Jason Anderson
[2023-02-01T19:10:58.575+0000] {logging_mixin.py:137} INFO - Steven Stewart
[2023-02-01T19:10:58.579+0000] {logging_mixin.py:137} INFO - Melinda Paul
[2023-02-01T19:10:58.580+0000] {logging_mixin.py:137} INFO - Cynthia Simmons
[2023-02-01T19:10:58.586+0000] {logging_mixin.py:137} INFO - Christian Smith
[2023-02-01T19:10:58.589+0000] {logging_mixin.py:137} INFO - William Jimenez
[2023-02-01T19:10:58.594+0000] {logging_mixin.py:137} INFO - Hayley French
[2023-02-01T19:10:58.604+0000] {logging_mixin.py:137} INFO - Brandon Hess
[2023-02-01T19:10:58.608+0000] {logging_mixin.py:137} INFO - Laura Perry
[2023-02-01T19:10:58.610+0000] {logging_mixin.py:137} INFO - Scott Jones
[2023-02-01T19:10:58.616+0000] {logging_mixin.py:137} INFO - Christine Hernandez
[2023-02-01T19:10:58.618+0000] {logging_mixin.py:137} INFO - Douglas Eaton
[2023-02-01T19:10:58.630+0000] {logging_mixin.py:137} INFO - William Soto
[2023-02-01T19:10:58.633+0000] {logging_mixin.py:137} INFO - Mary Jones
[2023-02-01T19:10:58.635+0000] {logging_mixin.py:137} INFO - Stephanie Holmes
[2023-02-01T19:10:58.639+0000] {logging_mixin.py:137} INFO - Keith Meyers
[2023-02-01T19:10:58.645+0000] {logging_mixin.py:137} INFO - Paul Fisher
[2023-02-01T19:10:58.647+0000] {logging_mixin.py:137} INFO - Emily Alexander
[2023-02-01T19:10:58.649+0000] {logging_mixin.py:137} INFO - Anthony Schwartz
[2023-02-01T19:10:58.652+0000] {logging_mixin.py:137} INFO - Evelyn Jacobs
[2023-02-01T19:10:58.654+0000] {logging_mixin.py:137} INFO - Connie Jones
[2023-02-01T19:10:58.662+0000] {logging_mixin.py:137} INFO - Carla Gibbs
[2023-02-01T19:10:58.665+0000] {logging_mixin.py:137} INFO - Ashley Santiago
[2023-02-01T19:10:58.668+0000] {logging_mixin.py:137} INFO - Micheal Mckee
[2023-02-01T19:10:58.669+0000] {logging_mixin.py:137} INFO - Diane Williams
[2023-02-01T19:10:58.672+0000] {logging_mixin.py:137} INFO - Jesse Velasquez
[2023-02-01T19:10:58.675+0000] {logging_mixin.py:137} INFO - Jennifer Rodriguez
[2023-02-01T19:10:58.677+0000] {logging_mixin.py:137} INFO - Joe Griffin
[2023-02-01T19:10:58.680+0000] {logging_mixin.py:137} INFO - Gary Cherry
[2023-02-01T19:10:58.683+0000] {logging_mixin.py:137} INFO - Alyssa Edwards
[2023-02-01T19:10:58.686+0000] {logging_mixin.py:137} INFO - Caroline Hernandez MD
[2023-02-01T19:10:58.692+0000] {logging_mixin.py:137} INFO - Jessica Morton
[2023-02-01T19:10:58.695+0000] {logging_mixin.py:137} INFO - Holly Jones
[2023-02-01T19:10:58.697+0000] {logging_mixin.py:137} INFO - David Shelton
[2023-02-01T19:10:58.699+0000] {logging_mixin.py:137} INFO - Kristina Parks
[2023-02-01T19:10:58.702+0000] {logging_mixin.py:137} INFO - Laurie Hernandez
[2023-02-01T19:10:58.714+0000] {logging_mixin.py:137} INFO - Melissa James
[2023-02-01T19:10:58.717+0000] {logging_mixin.py:137} INFO - Jeremiah Adams
[2023-02-01T19:10:58.720+0000] {logging_mixin.py:137} INFO - Arthur Robinson
[2023-02-01T19:10:58.722+0000] {logging_mixin.py:137} INFO - Anna Shepard
[2023-02-01T19:10:58.723+0000] {logging_mixin.py:137} INFO - Brandon Myers
[2023-02-01T19:10:58.727+0000] {logging_mixin.py:137} INFO - Paul Cardenas
[2023-02-01T19:10:58.730+0000] {logging_mixin.py:137} INFO - Megan Santana
[2023-02-01T19:10:58.734+0000] {logging_mixin.py:137} INFO - Joseph Marshall
[2023-02-01T19:10:58.739+0000] {logging_mixin.py:137} INFO - Mrs. Brenda Harris
[2023-02-01T19:10:58.745+0000] {logging_mixin.py:137} INFO - Nicole Garcia
[2023-02-01T19:10:58.749+0000] {logging_mixin.py:137} INFO - Anna Estrada
[2023-02-01T19:10:58.754+0000] {logging_mixin.py:137} INFO - Carl Moore
[2023-02-01T19:10:58.757+0000] {logging_mixin.py:137} INFO - Rodney Hernandez
[2023-02-01T19:10:58.760+0000] {logging_mixin.py:137} INFO - Madison Christian
[2023-02-01T19:10:58.761+0000] {logging_mixin.py:137} INFO - Heather Rhodes
[2023-02-01T19:10:58.768+0000] {python.py:177} INFO - Done. Returned value was: None
[2023-02-01T19:10:58.800+0000] {taskinstance.py:1323} INFO - Marking task as SUCCESS. dag_id=CSV_DAG, task_id=convertCSVToJson, execution_date=20230201T153500, start_date=20230201T191051, end_date=20230201T191058
[2023-02-01T19:10:58.850+0000] {local_task_job.py:208} INFO - Task exited with return code 0
[2023-02-01T19:10:58.880+0000] {taskinstance.py:2578} INFO - 0 downstream tasks scheduled from follow-on schedule check
