[2023-02-01T19:07:26.044+0000] {taskinstance.py:1083} INFO - Dependencies all met for <TaskInstance: CSV_DAG.convertCSVToJson scheduled__2023-02-01T05:25:00+00:00 [queued]>
[2023-02-01T19:07:26.129+0000] {taskinstance.py:1083} INFO - Dependencies all met for <TaskInstance: CSV_DAG.convertCSVToJson scheduled__2023-02-01T05:25:00+00:00 [queued]>
[2023-02-01T19:07:26.131+0000] {taskinstance.py:1279} INFO - 
--------------------------------------------------------------------------------
[2023-02-01T19:07:26.138+0000] {taskinstance.py:1280} INFO - Starting attempt 1 of 2
[2023-02-01T19:07:26.139+0000] {taskinstance.py:1281} INFO - 
--------------------------------------------------------------------------------
[2023-02-01T19:07:26.233+0000] {taskinstance.py:1300} INFO - Executing <Task(PythonOperator): convertCSVToJson> on 2023-02-01 05:25:00+00:00
[2023-02-01T19:07:26.262+0000] {standard_task_runner.py:55} INFO - Started process 593 to run task
[2023-02-01T19:07:26.293+0000] {standard_task_runner.py:82} INFO - Running: ['***', 'tasks', 'run', 'CSV_DAG', 'convertCSVToJson', 'scheduled__2023-02-01T05:25:00+00:00', '--job-id', '162', '--raw', '--subdir', 'DAGS_FOLDER/csv.py', '--cfg-path', '/tmp/tmptelpvb_2']
[2023-02-01T19:07:26.296+0000] {standard_task_runner.py:83} INFO - Job 162: Subtask convertCSVToJson
[2023-02-01T19:07:26.647+0000] {task_command.py:388} INFO - Running <TaskInstance: CSV_DAG.convertCSVToJson scheduled__2023-02-01T05:25:00+00:00 [running]> on host 06d8060e8530
[2023-02-01T19:07:27.253+0000] {taskinstance.py:1509} INFO - Exporting the following env vars:
AIRFLOW_CTX_DAG_OWNER=Kevin Chalmers
AIRFLOW_CTX_DAG_ID=CSV_DAG
AIRFLOW_CTX_TASK_ID=convertCSVToJson
AIRFLOW_CTX_EXECUTION_DATE=2023-02-01T05:25:00+00:00
AIRFLOW_CTX_TRY_NUMBER=1
AIRFLOW_CTX_DAG_RUN_ID=scheduled__2023-02-01T05:25:00+00:00
[2023-02-01T19:07:27.309+0000] {logging_mixin.py:137} INFO - Angelica Lopez
[2023-02-01T19:07:27.314+0000] {logging_mixin.py:137} INFO - Betty Wright
[2023-02-01T19:07:27.316+0000] {logging_mixin.py:137} INFO - Sara Schmidt
[2023-02-01T19:07:27.318+0000] {logging_mixin.py:137} INFO - Dr. Sherry Rodriguez
[2023-02-01T19:07:27.321+0000] {logging_mixin.py:137} INFO - Rebecca Mills
[2023-02-01T19:07:27.323+0000] {logging_mixin.py:137} INFO - Andrew Anderson
[2023-02-01T19:07:27.327+0000] {logging_mixin.py:137} INFO - Martin Everett
[2023-02-01T19:07:27.329+0000] {logging_mixin.py:137} INFO - Felicia Gregory
[2023-02-01T19:07:27.331+0000] {logging_mixin.py:137} INFO - Kara Bowers
[2023-02-01T19:07:27.332+0000] {logging_mixin.py:137} INFO - Vincent Vincent
[2023-02-01T19:07:27.336+0000] {logging_mixin.py:137} INFO - Morgan Butler
[2023-02-01T19:07:27.340+0000] {logging_mixin.py:137} INFO - Stephen Riley
[2023-02-01T19:07:27.344+0000] {logging_mixin.py:137} INFO - Wanda Thomas
[2023-02-01T19:07:27.346+0000] {logging_mixin.py:137} INFO - Michelle Schultz
[2023-02-01T19:07:27.348+0000] {logging_mixin.py:137} INFO - Christopher Rush MD
[2023-02-01T19:07:27.353+0000] {logging_mixin.py:137} INFO - Phyllis Miles
[2023-02-01T19:07:27.355+0000] {logging_mixin.py:137} INFO - Rebecca Price
[2023-02-01T19:07:27.364+0000] {logging_mixin.py:137} INFO - John Morse
[2023-02-01T19:07:27.372+0000] {logging_mixin.py:137} INFO - Nicholas Sanchez
[2023-02-01T19:07:27.382+0000] {logging_mixin.py:137} INFO - Crystal Dean
[2023-02-01T19:07:27.386+0000] {logging_mixin.py:137} INFO - Tyler Diaz
[2023-02-01T19:07:27.390+0000] {logging_mixin.py:137} INFO - Denise Mclean
[2023-02-01T19:07:27.394+0000] {logging_mixin.py:137} INFO - Daniel Grant
[2023-02-01T19:07:27.400+0000] {logging_mixin.py:137} INFO - Sandra Peterson
[2023-02-01T19:07:27.404+0000] {logging_mixin.py:137} INFO - Denise Morse
[2023-02-01T19:07:27.408+0000] {logging_mixin.py:137} INFO - Brianna Smith
[2023-02-01T19:07:27.413+0000] {logging_mixin.py:137} INFO - Tony Miller
[2023-02-01T19:07:27.419+0000] {logging_mixin.py:137} INFO - Jean Booth
[2023-02-01T19:07:27.426+0000] {logging_mixin.py:137} INFO - Penny Salazar
[2023-02-01T19:07:27.431+0000] {logging_mixin.py:137} INFO - Cathy Williams
[2023-02-01T19:07:27.439+0000] {logging_mixin.py:137} INFO - Hannah Collins
[2023-02-01T19:07:27.449+0000] {logging_mixin.py:137} INFO - Maurice Casey
[2023-02-01T19:07:27.455+0000] {logging_mixin.py:137} INFO - Patrick Walker
[2023-02-01T19:07:27.468+0000] {logging_mixin.py:137} INFO - Pamela Barton
[2023-02-01T19:07:27.475+0000] {logging_mixin.py:137} INFO - Anthony Bryant
[2023-02-01T19:07:27.480+0000] {logging_mixin.py:137} INFO - Andrew Harris
[2023-02-01T19:07:27.483+0000] {logging_mixin.py:137} INFO - Aaron Harris
[2023-02-01T19:07:27.491+0000] {logging_mixin.py:137} INFO - Maureen Soto
[2023-02-01T19:07:27.496+0000] {logging_mixin.py:137} INFO - Crystal Mcdaniel
[2023-02-01T19:07:27.503+0000] {logging_mixin.py:137} INFO - Lauren Barrett
[2023-02-01T19:07:27.508+0000] {logging_mixin.py:137} INFO - Brandon Perez
[2023-02-01T19:07:27.513+0000] {logging_mixin.py:137} INFO - Mark Robertson
[2023-02-01T19:07:27.518+0000] {logging_mixin.py:137} INFO - Nicole Gates
[2023-02-01T19:07:27.522+0000] {logging_mixin.py:137} INFO - Bradley Cruz
[2023-02-01T19:07:27.525+0000] {logging_mixin.py:137} INFO - Gina Burns
[2023-02-01T19:07:27.528+0000] {logging_mixin.py:137} INFO - Zachary Martinez
[2023-02-01T19:07:27.536+0000] {logging_mixin.py:137} INFO - Natasha Johnson
[2023-02-01T19:07:27.539+0000] {logging_mixin.py:137} INFO - Patrick Gonzales
[2023-02-01T19:07:27.543+0000] {logging_mixin.py:137} INFO - Terri Wilson
[2023-02-01T19:07:27.547+0000] {logging_mixin.py:137} INFO - Sarah Lopez
[2023-02-01T19:07:27.551+0000] {logging_mixin.py:137} INFO - Dana Turner
[2023-02-01T19:07:27.555+0000] {logging_mixin.py:137} INFO - Cynthia Johnson
[2023-02-01T19:07:27.563+0000] {logging_mixin.py:137} INFO - William Thornton
[2023-02-01T19:07:27.575+0000] {logging_mixin.py:137} INFO - James Lee
[2023-02-01T19:07:27.587+0000] {logging_mixin.py:137} INFO - Stephen Allen
[2023-02-01T19:07:27.594+0000] {logging_mixin.py:137} INFO - William Stark
[2023-02-01T19:07:27.600+0000] {logging_mixin.py:137} INFO - Michael Parker
[2023-02-01T19:07:27.607+0000] {logging_mixin.py:137} INFO - Lisa Stephens
[2023-02-01T19:07:27.619+0000] {logging_mixin.py:137} INFO - Mr. Reginald Wise DDS
[2023-02-01T19:07:27.629+0000] {logging_mixin.py:137} INFO - Alexander James
[2023-02-01T19:07:27.638+0000] {logging_mixin.py:137} INFO - Kristen West
[2023-02-01T19:07:27.647+0000] {logging_mixin.py:137} INFO - Elizabeth Sanchez
[2023-02-01T19:07:27.649+0000] {logging_mixin.py:137} INFO - Jennifer Wilson
[2023-02-01T19:07:27.653+0000] {logging_mixin.py:137} INFO - Catherine Nicholson
[2023-02-01T19:07:27.671+0000] {logging_mixin.py:137} INFO - David Henderson
[2023-02-01T19:07:27.674+0000] {logging_mixin.py:137} INFO - Stephen Davis
[2023-02-01T19:07:27.677+0000] {logging_mixin.py:137} INFO - Paul Skinner
[2023-02-01T19:07:27.681+0000] {logging_mixin.py:137} INFO - Rebecca Wong
[2023-02-01T19:07:27.686+0000] {logging_mixin.py:137} INFO - Tara Benitez
[2023-02-01T19:07:27.701+0000] {logging_mixin.py:137} INFO - Sharon Miller
[2023-02-01T19:07:27.708+0000] {logging_mixin.py:137} INFO - Cynthia Smith
[2023-02-01T19:07:27.711+0000] {logging_mixin.py:137} INFO - Jennifer Werner
[2023-02-01T19:07:27.717+0000] {logging_mixin.py:137} INFO - Rebecca Tucker
[2023-02-01T19:07:27.721+0000] {logging_mixin.py:137} INFO - Ashlee Castillo
[2023-02-01T19:07:27.725+0000] {logging_mixin.py:137} INFO - Christopher Holmes
[2023-02-01T19:07:27.730+0000] {logging_mixin.py:137} INFO - Daniel Velez
[2023-02-01T19:07:27.733+0000] {logging_mixin.py:137} INFO - Amy Serrano
[2023-02-01T19:07:27.735+0000] {logging_mixin.py:137} INFO - Alison Nash
[2023-02-01T19:07:27.740+0000] {logging_mixin.py:137} INFO - Peter Johnson
[2023-02-01T19:07:27.748+0000] {logging_mixin.py:137} INFO - Breanna Harris
[2023-02-01T19:07:27.750+0000] {logging_mixin.py:137} INFO - Eric King
[2023-02-01T19:07:27.759+0000] {logging_mixin.py:137} INFO - Patricia Oliver
[2023-02-01T19:07:27.761+0000] {logging_mixin.py:137} INFO - Denise Grimes
[2023-02-01T19:07:27.764+0000] {logging_mixin.py:137} INFO - Jill Olson
[2023-02-01T19:07:27.766+0000] {logging_mixin.py:137} INFO - Stephanie Hart
[2023-02-01T19:07:27.770+0000] {logging_mixin.py:137} INFO - Ashley Lee
[2023-02-01T19:07:27.773+0000] {logging_mixin.py:137} INFO - Kelly Barnes
[2023-02-01T19:07:27.775+0000] {logging_mixin.py:137} INFO - Christie West
[2023-02-01T19:07:27.778+0000] {logging_mixin.py:137} INFO - Todd Nolan
[2023-02-01T19:07:27.788+0000] {logging_mixin.py:137} INFO - Sarah Reed
[2023-02-01T19:07:27.808+0000] {logging_mixin.py:137} INFO - Jennifer Keith
[2023-02-01T19:07:27.811+0000] {logging_mixin.py:137} INFO - Shawn Alvarez
[2023-02-01T19:07:27.813+0000] {logging_mixin.py:137} INFO - Alexander Wilson
[2023-02-01T19:07:27.815+0000] {logging_mixin.py:137} INFO - Rachel Melendez
[2023-02-01T19:07:27.817+0000] {logging_mixin.py:137} INFO - Morgan Walters
[2023-02-01T19:07:27.820+0000] {logging_mixin.py:137} INFO - Nicole Garcia
[2023-02-01T19:07:27.823+0000] {logging_mixin.py:137} INFO - Jennifer White
[2023-02-01T19:07:27.826+0000] {logging_mixin.py:137} INFO - Leslie Shannon
[2023-02-01T19:07:27.830+0000] {logging_mixin.py:137} INFO - Lisa Clayton
[2023-02-01T19:07:27.832+0000] {logging_mixin.py:137} INFO - Zachary Molina
[2023-02-01T19:07:27.835+0000] {logging_mixin.py:137} INFO - Bruce Butler
[2023-02-01T19:07:27.837+0000] {logging_mixin.py:137} INFO - Dustin Howell
[2023-02-01T19:07:27.839+0000] {logging_mixin.py:137} INFO - Aaron Smith
[2023-02-01T19:07:27.842+0000] {logging_mixin.py:137} INFO - Kyle Green
[2023-02-01T19:07:27.846+0000] {logging_mixin.py:137} INFO - Steven Clark
[2023-02-01T19:07:27.851+0000] {logging_mixin.py:137} INFO - Robert Holden
[2023-02-01T19:07:27.855+0000] {logging_mixin.py:137} INFO - Zachary Harmon
[2023-02-01T19:07:27.858+0000] {logging_mixin.py:137} INFO - Rachel Miller
[2023-02-01T19:07:27.861+0000] {logging_mixin.py:137} INFO - Brandon Parker
[2023-02-01T19:07:27.864+0000] {logging_mixin.py:137} INFO - Walter Martin
[2023-02-01T19:07:27.876+0000] {logging_mixin.py:137} INFO - Jose Young
[2023-02-01T19:07:27.886+0000] {logging_mixin.py:137} INFO - Kelsey Long
[2023-02-01T19:07:27.904+0000] {logging_mixin.py:137} INFO - William Harper
[2023-02-01T19:07:27.911+0000] {logging_mixin.py:137} INFO - Alejandro Lambert
[2023-02-01T19:07:27.916+0000] {logging_mixin.py:137} INFO - Stephanie Carson
[2023-02-01T19:07:27.925+0000] {logging_mixin.py:137} INFO - Diana Ortega MD
[2023-02-01T19:07:27.929+0000] {logging_mixin.py:137} INFO - Janet Morales
[2023-02-01T19:07:27.932+0000] {logging_mixin.py:137} INFO - Eric Fisher
[2023-02-01T19:07:27.935+0000] {logging_mixin.py:137} INFO - Louis Baker
[2023-02-01T19:07:27.939+0000] {logging_mixin.py:137} INFO - Cindy Ward
[2023-02-01T19:07:27.949+0000] {logging_mixin.py:137} INFO - Ana Jenkins
[2023-02-01T19:07:27.955+0000] {logging_mixin.py:137} INFO - Leslie Barton
[2023-02-01T19:07:27.959+0000] {logging_mixin.py:137} INFO - Gregory Price
[2023-02-01T19:07:27.962+0000] {logging_mixin.py:137} INFO - Brandon Moore
[2023-02-01T19:07:27.973+0000] {logging_mixin.py:137} INFO - Heather Garrett
[2023-02-01T19:07:27.976+0000] {logging_mixin.py:137} INFO - Cindy Hawkins
[2023-02-01T19:07:27.979+0000] {logging_mixin.py:137} INFO - Mr. Frank Snyder Jr.
[2023-02-01T19:07:27.989+0000] {logging_mixin.py:137} INFO - Megan Wang
[2023-02-01T19:07:27.995+0000] {logging_mixin.py:137} INFO - Jennifer Fleming
[2023-02-01T19:07:27.998+0000] {logging_mixin.py:137} INFO - Gary Hodge
[2023-02-01T19:07:28.000+0000] {logging_mixin.py:137} INFO - Nichole Miller
[2023-02-01T19:07:28.003+0000] {logging_mixin.py:137} INFO - Mitchell Mendoza
[2023-02-01T19:07:28.010+0000] {logging_mixin.py:137} INFO - Bradley Horton
[2023-02-01T19:07:28.013+0000] {logging_mixin.py:137} INFO - Michelle Hess
[2023-02-01T19:07:28.020+0000] {logging_mixin.py:137} INFO - Ronald Torres
[2023-02-01T19:07:28.050+0000] {logging_mixin.py:137} INFO - Raymond Hudson
[2023-02-01T19:07:28.063+0000] {logging_mixin.py:137} INFO - Vincent Jackson
[2023-02-01T19:07:28.065+0000] {logging_mixin.py:137} INFO - Susan Carey
[2023-02-01T19:07:28.080+0000] {logging_mixin.py:137} INFO - Chase Wilson
[2023-02-01T19:07:28.108+0000] {logging_mixin.py:137} INFO - Tonya Baldwin
[2023-02-01T19:07:28.149+0000] {logging_mixin.py:137} INFO - Mrs. Tina Davis
[2023-02-01T19:07:28.153+0000] {logging_mixin.py:137} INFO - Scott Garrett
[2023-02-01T19:07:28.170+0000] {logging_mixin.py:137} INFO - Michael Wilson
[2023-02-01T19:07:28.176+0000] {logging_mixin.py:137} INFO - Andrew Orozco
[2023-02-01T19:07:28.182+0000] {logging_mixin.py:137} INFO - Troy Carson
[2023-02-01T19:07:28.197+0000] {logging_mixin.py:137} INFO - Alex Winters
[2023-02-01T19:07:28.230+0000] {logging_mixin.py:137} INFO - Toni Frank
[2023-02-01T19:07:28.247+0000] {logging_mixin.py:137} INFO - Kathleen Snyder
[2023-02-01T19:07:28.254+0000] {logging_mixin.py:137} INFO - Anna Lopez
[2023-02-01T19:07:28.268+0000] {logging_mixin.py:137} INFO - Charles Brown
[2023-02-01T19:07:28.283+0000] {logging_mixin.py:137} INFO - Barry Ross
[2023-02-01T19:07:28.286+0000] {logging_mixin.py:137} INFO - Emily Ramirez
[2023-02-01T19:07:28.301+0000] {logging_mixin.py:137} INFO - Anna Williams
[2023-02-01T19:07:28.327+0000] {logging_mixin.py:137} INFO - Kristin Pennington
[2023-02-01T19:07:28.330+0000] {logging_mixin.py:137} INFO - Mary Aguirre
[2023-02-01T19:07:28.340+0000] {logging_mixin.py:137} INFO - Austin Santos
[2023-02-01T19:07:28.357+0000] {logging_mixin.py:137} INFO - David Nelson
[2023-02-01T19:07:28.362+0000] {logging_mixin.py:137} INFO - Alyssa Mcbride
[2023-02-01T19:07:28.364+0000] {logging_mixin.py:137} INFO - Lisa Gibson
[2023-02-01T19:07:28.380+0000] {logging_mixin.py:137} INFO - Alexander Kelly
[2023-02-01T19:07:28.382+0000] {logging_mixin.py:137} INFO - Ronald Thomas
[2023-02-01T19:07:28.393+0000] {logging_mixin.py:137} INFO - Michael Hurst
[2023-02-01T19:07:28.418+0000] {logging_mixin.py:137} INFO - Lauren Ward
[2023-02-01T19:07:28.432+0000] {logging_mixin.py:137} INFO - Christian Terry
[2023-02-01T19:07:28.457+0000] {logging_mixin.py:137} INFO - Jared Black
[2023-02-01T19:07:28.468+0000] {logging_mixin.py:137} INFO - Anthony Brown
[2023-02-01T19:07:28.496+0000] {logging_mixin.py:137} INFO - John Cole
[2023-02-01T19:07:28.500+0000] {logging_mixin.py:137} INFO - David Lee
[2023-02-01T19:07:28.516+0000] {logging_mixin.py:137} INFO - Lori Thomas
[2023-02-01T19:07:28.519+0000] {logging_mixin.py:137} INFO - Daniel Herman
[2023-02-01T19:07:28.535+0000] {logging_mixin.py:137} INFO - Pam Williams
[2023-02-01T19:07:28.538+0000] {logging_mixin.py:137} INFO - Sarah Jenkins
[2023-02-01T19:07:28.555+0000] {logging_mixin.py:137} INFO - Susan Mitchell
[2023-02-01T19:07:28.580+0000] {logging_mixin.py:137} INFO - Jacqueline Green
[2023-02-01T19:07:28.594+0000] {logging_mixin.py:137} INFO - Victoria Garrison
[2023-02-01T19:07:28.597+0000] {logging_mixin.py:137} INFO - Jonathan Daniels
[2023-02-01T19:07:28.611+0000] {logging_mixin.py:137} INFO - Trevor Hansen
[2023-02-01T19:07:28.613+0000] {logging_mixin.py:137} INFO - Laurie Bowen
[2023-02-01T19:07:28.625+0000] {logging_mixin.py:137} INFO - James Cline
[2023-02-01T19:07:28.627+0000] {logging_mixin.py:137} INFO - Michael Rose
[2023-02-01T19:07:28.638+0000] {logging_mixin.py:137} INFO - Lawrence Juarez
[2023-02-01T19:07:28.646+0000] {logging_mixin.py:137} INFO - Lucas Caldwell
[2023-02-01T19:07:28.650+0000] {logging_mixin.py:137} INFO - Laura Jackson
[2023-02-01T19:07:28.660+0000] {logging_mixin.py:137} INFO - Sherri Thornton
[2023-02-01T19:07:28.676+0000] {logging_mixin.py:137} INFO - Alice Wilson
[2023-02-01T19:07:28.688+0000] {logging_mixin.py:137} INFO - Diane Williams
[2023-02-01T19:07:28.689+0000] {logging_mixin.py:137} INFO - Kara Martin
[2023-02-01T19:07:28.701+0000] {logging_mixin.py:137} INFO - Joseph Moore
[2023-02-01T19:07:28.703+0000] {logging_mixin.py:137} INFO - Jesse Moses
[2023-02-01T19:07:28.725+0000] {logging_mixin.py:137} INFO - Lisa Mccall
[2023-02-01T19:07:28.727+0000] {logging_mixin.py:137} INFO - Alexandra Mccoy
[2023-02-01T19:07:28.746+0000] {logging_mixin.py:137} INFO - Daniel Martin
[2023-02-01T19:07:28.758+0000] {logging_mixin.py:137} INFO - Claudia Peck
[2023-02-01T19:07:28.760+0000] {logging_mixin.py:137} INFO - Jessica Mcconnell
[2023-02-01T19:07:28.764+0000] {logging_mixin.py:137} INFO - Kevin Walker
[2023-02-01T19:07:28.766+0000] {logging_mixin.py:137} INFO - Christina Lee
[2023-02-01T19:07:28.773+0000] {logging_mixin.py:137} INFO - Christopher Schroeder
[2023-02-01T19:07:28.775+0000] {logging_mixin.py:137} INFO - Melissa Parker
[2023-02-01T19:07:28.777+0000] {logging_mixin.py:137} INFO - Janet Molina
[2023-02-01T19:07:28.785+0000] {logging_mixin.py:137} INFO - Barbara Harris
[2023-02-01T19:07:28.786+0000] {logging_mixin.py:137} INFO - Joseph Hurley
[2023-02-01T19:07:28.788+0000] {logging_mixin.py:137} INFO - Greg Hayden
[2023-02-01T19:07:28.792+0000] {logging_mixin.py:137} INFO - Edwin Adams
[2023-02-01T19:07:28.794+0000] {logging_mixin.py:137} INFO - Ashley Hunter
[2023-02-01T19:07:28.797+0000] {logging_mixin.py:137} INFO - Jennifer Tucker
[2023-02-01T19:07:28.805+0000] {logging_mixin.py:137} INFO - Eddie Gray
[2023-02-01T19:07:28.807+0000] {logging_mixin.py:137} INFO - Jennifer Evans
[2023-02-01T19:07:28.808+0000] {logging_mixin.py:137} INFO - Stephen Carey
[2023-02-01T19:07:28.824+0000] {logging_mixin.py:137} INFO - Samantha Campos
[2023-02-01T19:07:28.826+0000] {logging_mixin.py:137} INFO - Meagan Brown
[2023-02-01T19:07:28.828+0000] {logging_mixin.py:137} INFO - Miss Marisa Barber
[2023-02-01T19:07:28.830+0000] {logging_mixin.py:137} INFO - Jay Mann
[2023-02-01T19:07:28.838+0000] {logging_mixin.py:137} INFO - Matthew Campbell
[2023-02-01T19:07:28.840+0000] {logging_mixin.py:137} INFO - Brent Rodriguez
[2023-02-01T19:07:28.842+0000] {logging_mixin.py:137} INFO - Teresa Ross
[2023-02-01T19:07:28.844+0000] {logging_mixin.py:137} INFO - Mary Martinez
[2023-02-01T19:07:28.856+0000] {logging_mixin.py:137} INFO - Joseph Lewis
[2023-02-01T19:07:28.859+0000] {logging_mixin.py:137} INFO - Dale Davis
[2023-02-01T19:07:28.862+0000] {logging_mixin.py:137} INFO - Elizabeth Evans
[2023-02-01T19:07:28.864+0000] {logging_mixin.py:137} INFO - Shannon Wang
[2023-02-01T19:07:28.866+0000] {logging_mixin.py:137} INFO - Brandon Campbell
[2023-02-01T19:07:28.869+0000] {logging_mixin.py:137} INFO - Rhonda Pace
[2023-02-01T19:07:28.872+0000] {logging_mixin.py:137} INFO - Sarah Santos
[2023-02-01T19:07:28.888+0000] {logging_mixin.py:137} INFO - Jacob Ford
[2023-02-01T19:07:28.893+0000] {logging_mixin.py:137} INFO - Matthew Hansen
[2023-02-01T19:07:28.897+0000] {logging_mixin.py:137} INFO - Amy Ray
[2023-02-01T19:07:28.900+0000] {logging_mixin.py:137} INFO - Aaron Fields
[2023-02-01T19:07:28.909+0000] {logging_mixin.py:137} INFO - Mary Taylor
[2023-02-01T19:07:28.915+0000] {logging_mixin.py:137} INFO - James Morris
[2023-02-01T19:07:28.922+0000] {logging_mixin.py:137} INFO - Darrell Cain
[2023-02-01T19:07:28.928+0000] {logging_mixin.py:137} INFO - Michael Smith
[2023-02-01T19:07:28.935+0000] {logging_mixin.py:137} INFO - Scott Coleman
[2023-02-01T19:07:28.940+0000] {logging_mixin.py:137} INFO - David Fitzpatrick
[2023-02-01T19:07:28.947+0000] {logging_mixin.py:137} INFO - Debra Shepherd
[2023-02-01T19:07:28.953+0000] {logging_mixin.py:137} INFO - Paul Rush
[2023-02-01T19:07:28.958+0000] {logging_mixin.py:137} INFO - Brett Hernandez
[2023-02-01T19:07:28.961+0000] {logging_mixin.py:137} INFO - Sheila Riddle
[2023-02-01T19:07:28.966+0000] {logging_mixin.py:137} INFO - Joan Austin
[2023-02-01T19:07:28.977+0000] {logging_mixin.py:137} INFO - Michael Garcia
[2023-02-01T19:07:28.983+0000] {logging_mixin.py:137} INFO - Natalie Harris
[2023-02-01T19:07:28.993+0000] {logging_mixin.py:137} INFO - Steven Dean
[2023-02-01T19:07:29.002+0000] {logging_mixin.py:137} INFO - John Brown
[2023-02-01T19:07:29.004+0000] {logging_mixin.py:137} INFO - Keith Zimmerman
[2023-02-01T19:07:29.008+0000] {logging_mixin.py:137} INFO - Curtis Byrd
[2023-02-01T19:07:29.028+0000] {logging_mixin.py:137} INFO - Mariah Green
[2023-02-01T19:07:29.042+0000] {logging_mixin.py:137} INFO - Roger Huynh
[2023-02-01T19:07:29.049+0000] {logging_mixin.py:137} INFO - Christopher Zamora
[2023-02-01T19:07:29.058+0000] {logging_mixin.py:137} INFO - Joyce Crawford
[2023-02-01T19:07:29.062+0000] {logging_mixin.py:137} INFO - Angela Smith
[2023-02-01T19:07:29.069+0000] {logging_mixin.py:137} INFO - Veronica Robinson
[2023-02-01T19:07:29.074+0000] {logging_mixin.py:137} INFO - Christopher Bates
[2023-02-01T19:07:29.080+0000] {logging_mixin.py:137} INFO - Steve Stone
[2023-02-01T19:07:29.094+0000] {logging_mixin.py:137} INFO - William Cook
[2023-02-01T19:07:29.104+0000] {logging_mixin.py:137} INFO - Lori Wood
[2023-02-01T19:07:29.121+0000] {logging_mixin.py:137} INFO - Jillian Reynolds
[2023-02-01T19:07:29.125+0000] {logging_mixin.py:137} INFO - Angela Caldwell
[2023-02-01T19:07:29.131+0000] {logging_mixin.py:137} INFO - Shane Campbell
[2023-02-01T19:07:29.134+0000] {logging_mixin.py:137} INFO - Karen Lawrence
[2023-02-01T19:07:29.144+0000] {logging_mixin.py:137} INFO - Kimberly Wood
[2023-02-01T19:07:29.154+0000] {logging_mixin.py:137} INFO - Samantha Lopez
[2023-02-01T19:07:29.162+0000] {logging_mixin.py:137} INFO - Harold Miller
[2023-02-01T19:07:29.164+0000] {logging_mixin.py:137} INFO - Raymond Cooper DVM
[2023-02-01T19:07:29.174+0000] {logging_mixin.py:137} INFO - Kristen Patel
[2023-02-01T19:07:29.177+0000] {logging_mixin.py:137} INFO - Anthony Mejia
[2023-02-01T19:07:29.179+0000] {logging_mixin.py:137} INFO - Raymond Thomas
[2023-02-01T19:07:29.187+0000] {logging_mixin.py:137} INFO - Scott Young
[2023-02-01T19:07:29.189+0000] {logging_mixin.py:137} INFO - David Larson
[2023-02-01T19:07:29.192+0000] {logging_mixin.py:137} INFO - Jon Murray
[2023-02-01T19:07:29.200+0000] {logging_mixin.py:137} INFO - Stephen Taylor
[2023-02-01T19:07:29.205+0000] {logging_mixin.py:137} INFO - Jennifer Hernandez
[2023-02-01T19:07:29.209+0000] {logging_mixin.py:137} INFO - Stacy Smith
[2023-02-01T19:07:29.215+0000] {logging_mixin.py:137} INFO - Juan Owens
[2023-02-01T19:07:29.217+0000] {logging_mixin.py:137} INFO - Brian Adkins
[2023-02-01T19:07:29.221+0000] {logging_mixin.py:137} INFO - Jesse Wells
[2023-02-01T19:07:29.225+0000] {logging_mixin.py:137} INFO - Kyle Matthews
[2023-02-01T19:07:29.231+0000] {logging_mixin.py:137} INFO - Dustin Russell
[2023-02-01T19:07:29.240+0000] {logging_mixin.py:137} INFO - Richard White
[2023-02-01T19:07:29.242+0000] {logging_mixin.py:137} INFO - Brittany Nichols
[2023-02-01T19:07:29.244+0000] {logging_mixin.py:137} INFO - Colton Kelly
[2023-02-01T19:07:29.245+0000] {logging_mixin.py:137} INFO - William Perry
[2023-02-01T19:07:29.252+0000] {logging_mixin.py:137} INFO - Thomas Cummings
[2023-02-01T19:07:29.257+0000] {logging_mixin.py:137} INFO - Timothy Ballard
[2023-02-01T19:07:29.266+0000] {logging_mixin.py:137} INFO - Richard Washington
[2023-02-01T19:07:29.268+0000] {logging_mixin.py:137} INFO - Joshua Lam
[2023-02-01T19:07:29.272+0000] {logging_mixin.py:137} INFO - Grant Jackson
[2023-02-01T19:07:29.273+0000] {logging_mixin.py:137} INFO - Erin Baker
[2023-02-01T19:07:29.276+0000] {logging_mixin.py:137} INFO - Scott Flowers
[2023-02-01T19:07:29.280+0000] {logging_mixin.py:137} INFO - James Adams
[2023-02-01T19:07:29.293+0000] {logging_mixin.py:137} INFO - Heather Alvarado
[2023-02-01T19:07:29.301+0000] {logging_mixin.py:137} INFO - Jennifer Snow
[2023-02-01T19:07:29.303+0000] {logging_mixin.py:137} INFO - Mario Jackson
[2023-02-01T19:07:29.305+0000] {logging_mixin.py:137} INFO - Kevin Collins
[2023-02-01T19:07:29.307+0000] {logging_mixin.py:137} INFO - Danielle Garcia
[2023-02-01T19:07:29.310+0000] {logging_mixin.py:137} INFO - Brenda Jackson
[2023-02-01T19:07:29.313+0000] {logging_mixin.py:137} INFO - Ashley Parker
[2023-02-01T19:07:29.328+0000] {logging_mixin.py:137} INFO - Angela Hickman
[2023-02-01T19:07:29.332+0000] {logging_mixin.py:137} INFO - Carol Rodriguez
[2023-02-01T19:07:29.335+0000] {logging_mixin.py:137} INFO - Vernon Anderson
[2023-02-01T19:07:29.336+0000] {logging_mixin.py:137} INFO - Jesus Church
[2023-02-01T19:07:29.338+0000] {logging_mixin.py:137} INFO - Michelle Medina
[2023-02-01T19:07:29.339+0000] {logging_mixin.py:137} INFO - Nancy Bryant
[2023-02-01T19:07:29.347+0000] {logging_mixin.py:137} INFO - Jennifer Martinez
[2023-02-01T19:07:29.350+0000] {logging_mixin.py:137} INFO - Amy Dougherty
[2023-02-01T19:07:29.363+0000] {logging_mixin.py:137} INFO - Alexis Sanders
[2023-02-01T19:07:29.365+0000] {logging_mixin.py:137} INFO - Austin Salazar
[2023-02-01T19:07:29.366+0000] {logging_mixin.py:137} INFO - Amy Williams
[2023-02-01T19:07:29.369+0000] {logging_mixin.py:137} INFO - Richard Haynes
[2023-02-01T19:07:29.372+0000] {logging_mixin.py:137} INFO - Christine Stark
[2023-02-01T19:07:29.373+0000] {logging_mixin.py:137} INFO - Anita Medina
[2023-02-01T19:07:29.379+0000] {logging_mixin.py:137} INFO - Mr. Thomas Duran
[2023-02-01T19:07:29.386+0000] {logging_mixin.py:137} INFO - Mr. Russell Peterson
[2023-02-01T19:07:29.388+0000] {logging_mixin.py:137} INFO - Jack Richard
[2023-02-01T19:07:29.390+0000] {logging_mixin.py:137} INFO - Michelle Erickson
[2023-02-01T19:07:29.392+0000] {logging_mixin.py:137} INFO - Mitchell Williams
[2023-02-01T19:07:29.394+0000] {logging_mixin.py:137} INFO - Adrian Herrera
[2023-02-01T19:07:29.397+0000] {logging_mixin.py:137} INFO - Michael Brady
[2023-02-01T19:07:29.398+0000] {logging_mixin.py:137} INFO - Jamie Zhang
[2023-02-01T19:07:29.402+0000] {logging_mixin.py:137} INFO - Helen Brennan
[2023-02-01T19:07:29.403+0000] {logging_mixin.py:137} INFO - John Myers
[2023-02-01T19:07:29.404+0000] {logging_mixin.py:137} INFO - Patricia Nash
[2023-02-01T19:07:29.407+0000] {logging_mixin.py:137} INFO - Michael Johnson
[2023-02-01T19:07:29.408+0000] {logging_mixin.py:137} INFO - Anita Berger
[2023-02-01T19:07:29.409+0000] {logging_mixin.py:137} INFO - Jason Guerrero DVM
[2023-02-01T19:07:29.411+0000] {logging_mixin.py:137} INFO - Kimberly Davis
[2023-02-01T19:07:29.412+0000] {logging_mixin.py:137} INFO - Bryan Hansen
[2023-02-01T19:07:29.415+0000] {logging_mixin.py:137} INFO - Rebecca Obrien
[2023-02-01T19:07:29.419+0000] {logging_mixin.py:137} INFO - Sarah Santiago
[2023-02-01T19:07:29.427+0000] {logging_mixin.py:137} INFO - Christine Lane
[2023-02-01T19:07:29.434+0000] {logging_mixin.py:137} INFO - Jerry Lewis
[2023-02-01T19:07:29.441+0000] {logging_mixin.py:137} INFO - Stephanie Miller
[2023-02-01T19:07:29.444+0000] {logging_mixin.py:137} INFO - Kristi Bradley
[2023-02-01T19:07:29.447+0000] {logging_mixin.py:137} INFO - Darren Moore
[2023-02-01T19:07:29.451+0000] {logging_mixin.py:137} INFO - Kristina Cunningham
[2023-02-01T19:07:29.456+0000] {logging_mixin.py:137} INFO - Laurie Moore
[2023-02-01T19:07:29.458+0000] {logging_mixin.py:137} INFO - Aaron Lewis
[2023-02-01T19:07:29.471+0000] {logging_mixin.py:137} INFO - Theresa Vang
[2023-02-01T19:07:29.475+0000] {logging_mixin.py:137} INFO - Chase Reese
[2023-02-01T19:07:29.477+0000] {logging_mixin.py:137} INFO - Matthew Ferguson
[2023-02-01T19:07:29.479+0000] {logging_mixin.py:137} INFO - Victoria Lewis
[2023-02-01T19:07:29.481+0000] {logging_mixin.py:137} INFO - Jon Scott
[2023-02-01T19:07:29.483+0000] {logging_mixin.py:137} INFO - Lisa Campbell
[2023-02-01T19:07:29.485+0000] {logging_mixin.py:137} INFO - David Ramirez
[2023-02-01T19:07:29.489+0000] {logging_mixin.py:137} INFO - Gabriel Rosario
[2023-02-01T19:07:29.492+0000] {logging_mixin.py:137} INFO - Kristi Johnson
[2023-02-01T19:07:29.495+0000] {logging_mixin.py:137} INFO - Jennifer Schwartz
[2023-02-01T19:07:29.497+0000] {logging_mixin.py:137} INFO - Daniel Norton
[2023-02-01T19:07:29.498+0000] {logging_mixin.py:137} INFO - Richard Montoya
[2023-02-01T19:07:29.501+0000] {logging_mixin.py:137} INFO - Daniel Norris
[2023-02-01T19:07:29.505+0000] {logging_mixin.py:137} INFO - Chad Taylor
[2023-02-01T19:07:29.507+0000] {logging_mixin.py:137} INFO - Angie Allen
[2023-02-01T19:07:29.508+0000] {logging_mixin.py:137} INFO - Michael Brooks
[2023-02-01T19:07:29.510+0000] {logging_mixin.py:137} INFO - Hannah Poole
[2023-02-01T19:07:29.512+0000] {logging_mixin.py:137} INFO - Caitlin Ray
[2023-02-01T19:07:29.514+0000] {logging_mixin.py:137} INFO - Mr. Steven Gardner
[2023-02-01T19:07:29.516+0000] {logging_mixin.py:137} INFO - Jennifer Macdonald
[2023-02-01T19:07:29.517+0000] {logging_mixin.py:137} INFO - Vanessa Small
[2023-02-01T19:07:29.520+0000] {logging_mixin.py:137} INFO - Dennis Gray
[2023-02-01T19:07:29.522+0000] {logging_mixin.py:137} INFO - Sandra Kirk
[2023-02-01T19:07:29.525+0000] {logging_mixin.py:137} INFO - Jason Wagner
[2023-02-01T19:07:29.526+0000] {logging_mixin.py:137} INFO - David Owen
[2023-02-01T19:07:29.528+0000] {logging_mixin.py:137} INFO - Rose Terrell
[2023-02-01T19:07:29.529+0000] {logging_mixin.py:137} INFO - James Green MD
[2023-02-01T19:07:29.530+0000] {logging_mixin.py:137} INFO - Tammy Patel
[2023-02-01T19:07:29.532+0000] {logging_mixin.py:137} INFO - Joseph Lucero
[2023-02-01T19:07:29.533+0000] {logging_mixin.py:137} INFO - Stephanie Rojas
[2023-02-01T19:07:29.535+0000] {logging_mixin.py:137} INFO - Brittany Johnson
[2023-02-01T19:07:29.536+0000] {logging_mixin.py:137} INFO - Christina Cummings
[2023-02-01T19:07:29.538+0000] {logging_mixin.py:137} INFO - Eric Downs
[2023-02-01T19:07:29.539+0000] {logging_mixin.py:137} INFO - Paul Finley
[2023-02-01T19:07:29.541+0000] {logging_mixin.py:137} INFO - Danielle Jackson
[2023-02-01T19:07:29.553+0000] {logging_mixin.py:137} INFO - Anna Johnston
[2023-02-01T19:07:29.554+0000] {logging_mixin.py:137} INFO - Ashlee Hodges
[2023-02-01T19:07:29.555+0000] {logging_mixin.py:137} INFO - Thomas Francis
[2023-02-01T19:07:29.557+0000] {logging_mixin.py:137} INFO - Cody Baird
[2023-02-01T19:07:29.558+0000] {logging_mixin.py:137} INFO - Jeffrey Walter
[2023-02-01T19:07:29.559+0000] {logging_mixin.py:137} INFO - Hannah West
[2023-02-01T19:07:29.560+0000] {logging_mixin.py:137} INFO - Anthony Byrd
[2023-02-01T19:07:29.562+0000] {logging_mixin.py:137} INFO - Julie Ramirez
[2023-02-01T19:07:29.569+0000] {logging_mixin.py:137} INFO - Seth Peters
[2023-02-01T19:07:29.571+0000] {logging_mixin.py:137} INFO - Keith Salas
[2023-02-01T19:07:29.572+0000] {logging_mixin.py:137} INFO - Kathryn Evans
[2023-02-01T19:07:29.576+0000] {logging_mixin.py:137} INFO - Dr. Maria Scott
[2023-02-01T19:07:29.577+0000] {logging_mixin.py:137} INFO - Brenda Thomas
[2023-02-01T19:07:29.578+0000] {logging_mixin.py:137} INFO - Travis Douglas
[2023-02-01T19:07:29.579+0000] {logging_mixin.py:137} INFO - Kurt Santos
[2023-02-01T19:07:29.581+0000] {logging_mixin.py:137} INFO - Sean Parrish
[2023-02-01T19:07:29.586+0000] {logging_mixin.py:137} INFO - Brittany Walls
[2023-02-01T19:07:29.587+0000] {logging_mixin.py:137} INFO - Gail Brooks
[2023-02-01T19:07:29.590+0000] {logging_mixin.py:137} INFO - Valerie Johnson
[2023-02-01T19:07:29.596+0000] {logging_mixin.py:137} INFO - Jessica Dunn
[2023-02-01T19:07:29.598+0000] {logging_mixin.py:137} INFO - Chad Robinson
[2023-02-01T19:07:29.605+0000] {logging_mixin.py:137} INFO - Catherine Combs
[2023-02-01T19:07:29.607+0000] {logging_mixin.py:137} INFO - Joshua Boyd
[2023-02-01T19:07:29.610+0000] {logging_mixin.py:137} INFO - Alicia Barnett DVM
[2023-02-01T19:07:29.612+0000] {logging_mixin.py:137} INFO - Kevin Cervantes
[2023-02-01T19:07:29.614+0000] {logging_mixin.py:137} INFO - Larry Lester
[2023-02-01T19:07:29.615+0000] {logging_mixin.py:137} INFO - Deanna Espinoza
[2023-02-01T19:07:29.617+0000] {logging_mixin.py:137} INFO - Marilyn Davis
[2023-02-01T19:07:29.618+0000] {logging_mixin.py:137} INFO - Michael Weeks
[2023-02-01T19:07:29.620+0000] {logging_mixin.py:137} INFO - Brandon Stanton
[2023-02-01T19:07:29.627+0000] {logging_mixin.py:137} INFO - Ryan Boyer Jr.
[2023-02-01T19:07:29.628+0000] {logging_mixin.py:137} INFO - Amanda Elliott
[2023-02-01T19:07:29.629+0000] {logging_mixin.py:137} INFO - David Moore
[2023-02-01T19:07:29.631+0000] {logging_mixin.py:137} INFO - Andre Williams
[2023-02-01T19:07:29.632+0000] {logging_mixin.py:137} INFO - Jennifer Garcia
[2023-02-01T19:07:29.634+0000] {logging_mixin.py:137} INFO - Tracey Cook
[2023-02-01T19:07:29.635+0000] {logging_mixin.py:137} INFO - Michael Turner
[2023-02-01T19:07:29.637+0000] {logging_mixin.py:137} INFO - Diana Long
[2023-02-01T19:07:29.640+0000] {logging_mixin.py:137} INFO - John Bradley
[2023-02-01T19:07:29.641+0000] {logging_mixin.py:137} INFO - Ann Benjamin
[2023-02-01T19:07:29.644+0000] {logging_mixin.py:137} INFO - Shane House
[2023-02-01T19:07:29.647+0000] {logging_mixin.py:137} INFO - Erin Lee
[2023-02-01T19:07:29.652+0000] {logging_mixin.py:137} INFO - Joseph Gray
[2023-02-01T19:07:29.654+0000] {logging_mixin.py:137} INFO - Betty Gibson
[2023-02-01T19:07:29.661+0000] {logging_mixin.py:137} INFO - Kristen Graham
[2023-02-01T19:07:29.662+0000] {logging_mixin.py:137} INFO - Daniel Meza
[2023-02-01T19:07:29.667+0000] {logging_mixin.py:137} INFO - Sherri Carpenter
[2023-02-01T19:07:29.673+0000] {logging_mixin.py:137} INFO - Andrea Sanchez
[2023-02-01T19:07:29.675+0000] {logging_mixin.py:137} INFO - Jordan Rios
[2023-02-01T19:07:29.676+0000] {logging_mixin.py:137} INFO - Elizabeth Jackson
[2023-02-01T19:07:29.678+0000] {logging_mixin.py:137} INFO - Elizabeth Myers
[2023-02-01T19:07:29.680+0000] {logging_mixin.py:137} INFO - Juan Barnes
[2023-02-01T19:07:29.691+0000] {logging_mixin.py:137} INFO - Christopher Lozano
[2023-02-01T19:07:29.700+0000] {logging_mixin.py:137} INFO - Jacqueline Griffin
[2023-02-01T19:07:29.705+0000] {logging_mixin.py:137} INFO - Ryan Mason
[2023-02-01T19:07:29.709+0000] {logging_mixin.py:137} INFO - Jonathan Moore
[2023-02-01T19:07:29.711+0000] {logging_mixin.py:137} INFO - Abigail Landry
[2023-02-01T19:07:29.712+0000] {logging_mixin.py:137} INFO - Brenda Hernandez
[2023-02-01T19:07:29.717+0000] {logging_mixin.py:137} INFO - Zachary Pitts
[2023-02-01T19:07:29.726+0000] {logging_mixin.py:137} INFO - Amanda Rogers
[2023-02-01T19:07:29.734+0000] {logging_mixin.py:137} INFO - Cynthia Gray
[2023-02-01T19:07:29.736+0000] {logging_mixin.py:137} INFO - Tyler Barajas
[2023-02-01T19:07:29.738+0000] {logging_mixin.py:137} INFO - Michelle Leon
[2023-02-01T19:07:29.742+0000] {logging_mixin.py:137} INFO - Kathy Lang
[2023-02-01T19:07:29.757+0000] {logging_mixin.py:137} INFO - Scott Townsend MD
[2023-02-01T19:07:29.762+0000] {logging_mixin.py:137} INFO - Theresa Acosta
[2023-02-01T19:07:29.765+0000] {logging_mixin.py:137} INFO - David Jones
[2023-02-01T19:07:29.785+0000] {logging_mixin.py:137} INFO - Jeremy Robinson
[2023-02-01T19:07:29.787+0000] {logging_mixin.py:137} INFO - James Newton
[2023-02-01T19:07:29.789+0000] {logging_mixin.py:137} INFO - Tracey Wells
[2023-02-01T19:07:29.791+0000] {logging_mixin.py:137} INFO - Maria Nelson
[2023-02-01T19:07:29.792+0000] {logging_mixin.py:137} INFO - Christopher Griffith
[2023-02-01T19:07:29.794+0000] {logging_mixin.py:137} INFO - Zachary Griffin
[2023-02-01T19:07:29.800+0000] {logging_mixin.py:137} INFO - Amy Nguyen
[2023-02-01T19:07:29.803+0000] {logging_mixin.py:137} INFO - April Williams
[2023-02-01T19:07:29.809+0000] {logging_mixin.py:137} INFO - Marissa Kelly
[2023-02-01T19:07:29.813+0000] {logging_mixin.py:137} INFO - Brian Lopez PhD
[2023-02-01T19:07:29.814+0000] {logging_mixin.py:137} INFO - William Williams
[2023-02-01T19:07:29.819+0000] {logging_mixin.py:137} INFO - Norman Brown
[2023-02-01T19:07:29.820+0000] {logging_mixin.py:137} INFO - Charles Fuentes
[2023-02-01T19:07:29.822+0000] {logging_mixin.py:137} INFO - Anthony Chang
[2023-02-01T19:07:29.824+0000] {logging_mixin.py:137} INFO - Mary Bell
[2023-02-01T19:07:29.828+0000] {logging_mixin.py:137} INFO - Elizabeth Stuart
[2023-02-01T19:07:29.830+0000] {logging_mixin.py:137} INFO - Mary Mcdonald
[2023-02-01T19:07:29.832+0000] {logging_mixin.py:137} INFO - Martin Harrison
[2023-02-01T19:07:29.835+0000] {logging_mixin.py:137} INFO - Stephanie Fernandez
[2023-02-01T19:07:29.845+0000] {logging_mixin.py:137} INFO - Christopher Brown
[2023-02-01T19:07:29.849+0000] {logging_mixin.py:137} INFO - Alexander Stephenson
[2023-02-01T19:07:29.851+0000] {logging_mixin.py:137} INFO - Grace Diaz
[2023-02-01T19:07:29.853+0000] {logging_mixin.py:137} INFO - Frank Bartlett
[2023-02-01T19:07:29.858+0000] {logging_mixin.py:137} INFO - Audrey Andersen
[2023-02-01T19:07:29.860+0000] {logging_mixin.py:137} INFO - David Green
[2023-02-01T19:07:29.866+0000] {logging_mixin.py:137} INFO - Joshua Diaz Jr.
[2023-02-01T19:07:29.870+0000] {logging_mixin.py:137} INFO - Emily Garcia
[2023-02-01T19:07:29.874+0000] {logging_mixin.py:137} INFO - Devin Hall
[2023-02-01T19:07:29.876+0000] {logging_mixin.py:137} INFO - Phillip Garner
[2023-02-01T19:07:29.879+0000] {logging_mixin.py:137} INFO - Katherine Estrada
[2023-02-01T19:07:29.884+0000] {logging_mixin.py:137} INFO - Corey Saunders
[2023-02-01T19:07:29.886+0000] {logging_mixin.py:137} INFO - Kimberly Collins
[2023-02-01T19:07:29.891+0000] {logging_mixin.py:137} INFO - Amy Elliott
[2023-02-01T19:07:29.892+0000] {logging_mixin.py:137} INFO - Tanya Jones
[2023-02-01T19:07:29.897+0000] {logging_mixin.py:137} INFO - Patricia Gonzalez
[2023-02-01T19:07:29.900+0000] {logging_mixin.py:137} INFO - Jennifer Hill
[2023-02-01T19:07:29.907+0000] {logging_mixin.py:137} INFO - John Haynes
[2023-02-01T19:07:29.910+0000] {logging_mixin.py:137} INFO - Jacob Henry
[2023-02-01T19:07:29.911+0000] {logging_mixin.py:137} INFO - Daniel Clark
[2023-02-01T19:07:29.912+0000] {logging_mixin.py:137} INFO - Jonathon Taylor
[2023-02-01T19:07:29.914+0000] {logging_mixin.py:137} INFO - Jesse Evans
[2023-02-01T19:07:29.918+0000] {logging_mixin.py:137} INFO - James Martinez
[2023-02-01T19:07:29.920+0000] {logging_mixin.py:137} INFO - Kyle Reyes
[2023-02-01T19:07:29.925+0000] {logging_mixin.py:137} INFO - Terrence Barker
[2023-02-01T19:07:29.930+0000] {logging_mixin.py:137} INFO - Anthony Washington
[2023-02-01T19:07:29.931+0000] {logging_mixin.py:137} INFO - Dustin Le
[2023-02-01T19:07:29.934+0000] {logging_mixin.py:137} INFO - Bruce Clark
[2023-02-01T19:07:29.943+0000] {logging_mixin.py:137} INFO - Keith Anthony
[2023-02-01T19:07:29.946+0000] {logging_mixin.py:137} INFO - Jeremiah Stone
[2023-02-01T19:07:29.948+0000] {logging_mixin.py:137} INFO - Michael Haley
[2023-02-01T19:07:29.950+0000] {logging_mixin.py:137} INFO - Regina Carrillo
[2023-02-01T19:07:29.953+0000] {logging_mixin.py:137} INFO - Jacob Lee
[2023-02-01T19:07:29.958+0000] {logging_mixin.py:137} INFO - Thomas Gonzalez
[2023-02-01T19:07:29.960+0000] {logging_mixin.py:137} INFO - Mark Lawrence
[2023-02-01T19:07:29.961+0000] {logging_mixin.py:137} INFO - Matthew Anderson
[2023-02-01T19:07:29.963+0000] {logging_mixin.py:137} INFO - Nicholas Young
[2023-02-01T19:07:29.964+0000] {logging_mixin.py:137} INFO - Melvin Martinez
[2023-02-01T19:07:29.967+0000] {logging_mixin.py:137} INFO - Scott Green
[2023-02-01T19:07:29.974+0000] {logging_mixin.py:137} INFO - Dana Richards
[2023-02-01T19:07:29.979+0000] {logging_mixin.py:137} INFO - Lauren Moore
[2023-02-01T19:07:29.980+0000] {logging_mixin.py:137} INFO - Terry Campbell
[2023-02-01T19:07:29.981+0000] {logging_mixin.py:137} INFO - Ralph Jordan
[2023-02-01T19:07:29.983+0000] {logging_mixin.py:137} INFO - Noah Reyes
[2023-02-01T19:07:29.984+0000] {logging_mixin.py:137} INFO - Mr. Gregory Mills MD
[2023-02-01T19:07:29.987+0000] {logging_mixin.py:137} INFO - Michelle Yates
[2023-02-01T19:07:29.988+0000] {logging_mixin.py:137} INFO - Robin Reyes
[2023-02-01T19:07:29.989+0000] {logging_mixin.py:137} INFO - Rebecca Smith
[2023-02-01T19:07:29.991+0000] {logging_mixin.py:137} INFO - Nicole Torres
[2023-02-01T19:07:29.992+0000] {logging_mixin.py:137} INFO - Ronald Jones
[2023-02-01T19:07:30.001+0000] {logging_mixin.py:137} INFO - Michael Castaneda
[2023-02-01T19:07:30.002+0000] {logging_mixin.py:137} INFO - Christopher Krueger
[2023-02-01T19:07:30.004+0000] {logging_mixin.py:137} INFO - Jennifer Werner
[2023-02-01T19:07:30.005+0000] {logging_mixin.py:137} INFO - Ashley Smith
[2023-02-01T19:07:30.007+0000] {logging_mixin.py:137} INFO - Alyssa Fields
[2023-02-01T19:07:30.012+0000] {logging_mixin.py:137} INFO - John Scott
[2023-02-01T19:07:30.016+0000] {logging_mixin.py:137} INFO - Debra Delacruz
[2023-02-01T19:07:30.017+0000] {logging_mixin.py:137} INFO - James Madden
[2023-02-01T19:07:30.019+0000] {logging_mixin.py:137} INFO - Joseph Gentry
[2023-02-01T19:07:30.020+0000] {logging_mixin.py:137} INFO - Ashley Cabrera
[2023-02-01T19:07:30.022+0000] {logging_mixin.py:137} INFO - Jennifer Fernandez
[2023-02-01T19:07:30.023+0000] {logging_mixin.py:137} INFO - James Harris
[2023-02-01T19:07:30.024+0000] {logging_mixin.py:137} INFO - Candice Young
[2023-02-01T19:07:30.029+0000] {logging_mixin.py:137} INFO - Lisa Baker
[2023-02-01T19:07:30.032+0000] {logging_mixin.py:137} INFO - Brian Mills DDS
[2023-02-01T19:07:30.033+0000] {logging_mixin.py:137} INFO - Kristin Smith
[2023-02-01T19:07:30.038+0000] {logging_mixin.py:137} INFO - Jacob Collins
[2023-02-01T19:07:30.040+0000] {logging_mixin.py:137} INFO - Kimberly Harris
[2023-02-01T19:07:30.042+0000] {logging_mixin.py:137} INFO - Michael Hull
[2023-02-01T19:07:30.043+0000] {logging_mixin.py:137} INFO - Caitlin Todd
[2023-02-01T19:07:30.045+0000] {logging_mixin.py:137} INFO - Lisa Harris
[2023-02-01T19:07:30.047+0000] {logging_mixin.py:137} INFO - Mrs. Ann Stone
[2023-02-01T19:07:30.049+0000] {logging_mixin.py:137} INFO - Michelle Case
[2023-02-01T19:07:30.050+0000] {logging_mixin.py:137} INFO - Joe Lowe
[2023-02-01T19:07:30.052+0000] {logging_mixin.py:137} INFO - Randall Dunn
[2023-02-01T19:07:30.054+0000] {logging_mixin.py:137} INFO - Paula Vargas
[2023-02-01T19:07:30.056+0000] {logging_mixin.py:137} INFO - Daniel Walker
[2023-02-01T19:07:30.058+0000] {logging_mixin.py:137} INFO - James Jackson
[2023-02-01T19:07:30.062+0000] {logging_mixin.py:137} INFO - Shirley Woodard
[2023-02-01T19:07:30.065+0000] {logging_mixin.py:137} INFO - James Hayes
[2023-02-01T19:07:30.067+0000] {logging_mixin.py:137} INFO - Megan Austin
[2023-02-01T19:07:30.068+0000] {logging_mixin.py:137} INFO - Erin Robertson
[2023-02-01T19:07:30.071+0000] {logging_mixin.py:137} INFO - Robert Phillips
[2023-02-01T19:07:30.072+0000] {logging_mixin.py:137} INFO - Amy Torres
[2023-02-01T19:07:30.074+0000] {logging_mixin.py:137} INFO - Joshua Cox
[2023-02-01T19:07:30.076+0000] {logging_mixin.py:137} INFO - Duane Grimes
[2023-02-01T19:07:30.078+0000] {logging_mixin.py:137} INFO - Jennifer Burgess
[2023-02-01T19:07:30.080+0000] {logging_mixin.py:137} INFO - Carlos Duran
[2023-02-01T19:07:30.084+0000] {logging_mixin.py:137} INFO - Jason Johnson
[2023-02-01T19:07:30.085+0000] {logging_mixin.py:137} INFO - Cameron Greer
[2023-02-01T19:07:30.086+0000] {logging_mixin.py:137} INFO - Randall Williams
[2023-02-01T19:07:30.088+0000] {logging_mixin.py:137} INFO - Jessica Harris
[2023-02-01T19:07:30.089+0000] {logging_mixin.py:137} INFO - Joshua Rogers
[2023-02-01T19:07:30.091+0000] {logging_mixin.py:137} INFO - Jose Mahoney
[2023-02-01T19:07:30.093+0000] {logging_mixin.py:137} INFO - Brandy Fuentes
[2023-02-01T19:07:30.094+0000] {logging_mixin.py:137} INFO - Angelica Matthews
[2023-02-01T19:07:30.096+0000] {logging_mixin.py:137} INFO - Glenn Caldwell
[2023-02-01T19:07:30.097+0000] {logging_mixin.py:137} INFO - Cristian Delacruz
[2023-02-01T19:07:30.099+0000] {logging_mixin.py:137} INFO - Alexandra Price
[2023-02-01T19:07:30.101+0000] {logging_mixin.py:137} INFO - Heather Wilson
[2023-02-01T19:07:30.102+0000] {logging_mixin.py:137} INFO - Shawn Thompson
[2023-02-01T19:07:30.104+0000] {logging_mixin.py:137} INFO - Anna Daniel
[2023-02-01T19:07:30.106+0000] {logging_mixin.py:137} INFO - Joseph Cisneros
[2023-02-01T19:07:30.107+0000] {logging_mixin.py:137} INFO - Rebecca Estes
[2023-02-01T19:07:30.109+0000] {logging_mixin.py:137} INFO - Jeremy Porter
[2023-02-01T19:07:30.111+0000] {logging_mixin.py:137} INFO - Lisa Mann
[2023-02-01T19:07:30.112+0000] {logging_mixin.py:137} INFO - Michael Woods
[2023-02-01T19:07:30.114+0000] {logging_mixin.py:137} INFO - Madison Thompson
[2023-02-01T19:07:30.115+0000] {logging_mixin.py:137} INFO - Nancy Gomez
[2023-02-01T19:07:30.116+0000] {logging_mixin.py:137} INFO - Julie Blanchard
[2023-02-01T19:07:30.119+0000] {logging_mixin.py:137} INFO - Michael Smith
[2023-02-01T19:07:30.121+0000] {logging_mixin.py:137} INFO - Angel Huber
[2023-02-01T19:07:30.122+0000] {logging_mixin.py:137} INFO - Michael Coffey
[2023-02-01T19:07:30.123+0000] {logging_mixin.py:137} INFO - Patrick Walter
[2023-02-01T19:07:30.125+0000] {logging_mixin.py:137} INFO - Curtis Davis
[2023-02-01T19:07:30.126+0000] {logging_mixin.py:137} INFO - Kyle Stewart
[2023-02-01T19:07:30.128+0000] {logging_mixin.py:137} INFO - Angela Jimenez
[2023-02-01T19:07:30.129+0000] {logging_mixin.py:137} INFO - Andrew Martinez
[2023-02-01T19:07:30.130+0000] {logging_mixin.py:137} INFO - Angela West
[2023-02-01T19:07:30.133+0000] {logging_mixin.py:137} INFO - Ryan Young
[2023-02-01T19:07:30.135+0000] {logging_mixin.py:137} INFO - Nathaniel Evans
[2023-02-01T19:07:30.137+0000] {logging_mixin.py:137} INFO - Dawn Bryant
[2023-02-01T19:07:30.138+0000] {logging_mixin.py:137} INFO - Danielle Lewis
[2023-02-01T19:07:30.148+0000] {logging_mixin.py:137} INFO - Matthew Newman
[2023-02-01T19:07:30.154+0000] {logging_mixin.py:137} INFO - Robert Smith
[2023-02-01T19:07:30.156+0000] {logging_mixin.py:137} INFO - Melissa Hicks
[2023-02-01T19:07:30.160+0000] {logging_mixin.py:137} INFO - Emily Lambert
[2023-02-01T19:07:30.163+0000] {logging_mixin.py:137} INFO - Krystal Wolfe
[2023-02-01T19:07:30.165+0000] {logging_mixin.py:137} INFO - Donna Murillo
[2023-02-01T19:07:30.169+0000] {logging_mixin.py:137} INFO - Carl Hudson
[2023-02-01T19:07:30.175+0000] {logging_mixin.py:137} INFO - Robert Wilson
[2023-02-01T19:07:30.177+0000] {logging_mixin.py:137} INFO - Patrick Mathis
[2023-02-01T19:07:30.179+0000] {logging_mixin.py:137} INFO - Michael Suarez
[2023-02-01T19:07:30.181+0000] {logging_mixin.py:137} INFO - David Johnson
[2023-02-01T19:07:30.193+0000] {logging_mixin.py:137} INFO - William Thompson
[2023-02-01T19:07:30.196+0000] {logging_mixin.py:137} INFO - Jessica Hansen DVM
[2023-02-01T19:07:30.201+0000] {logging_mixin.py:137} INFO - Katherine Friedman
[2023-02-01T19:07:30.211+0000] {logging_mixin.py:137} INFO - Jillian Johnson
[2023-02-01T19:07:30.215+0000] {logging_mixin.py:137} INFO - Robert Mckee
[2023-02-01T19:07:30.224+0000] {logging_mixin.py:137} INFO - Rachel Little
[2023-02-01T19:07:30.231+0000] {logging_mixin.py:137} INFO - Patricia Smith
[2023-02-01T19:07:30.238+0000] {logging_mixin.py:137} INFO - Heidi Martinez
[2023-02-01T19:07:30.244+0000] {logging_mixin.py:137} INFO - Caitlin Solomon
[2023-02-01T19:07:30.254+0000] {logging_mixin.py:137} INFO - Dr. Olivia Pugh
[2023-02-01T19:07:30.258+0000] {logging_mixin.py:137} INFO - John Steele DDS
[2023-02-01T19:07:30.263+0000] {logging_mixin.py:137} INFO - Jeremy Mathews
[2023-02-01T19:07:30.272+0000] {logging_mixin.py:137} INFO - Tiffany Hill
[2023-02-01T19:07:30.277+0000] {logging_mixin.py:137} INFO - Steven Edwards
[2023-02-01T19:07:30.287+0000] {logging_mixin.py:137} INFO - Charles Campbell
[2023-02-01T19:07:30.290+0000] {logging_mixin.py:137} INFO - Brett Hughes
[2023-02-01T19:07:30.294+0000] {logging_mixin.py:137} INFO - Christina Villegas
[2023-02-01T19:07:30.296+0000] {logging_mixin.py:137} INFO - Anthony Garcia
[2023-02-01T19:07:30.298+0000] {logging_mixin.py:137} INFO - Nathan Murphy
[2023-02-01T19:07:30.300+0000] {logging_mixin.py:137} INFO - Steven Dodson
[2023-02-01T19:07:30.303+0000] {logging_mixin.py:137} INFO - Brian Sullivan
[2023-02-01T19:07:30.305+0000] {logging_mixin.py:137} INFO - Renee White
[2023-02-01T19:07:30.308+0000] {logging_mixin.py:137} INFO - Laura Rowland
[2023-02-01T19:07:30.310+0000] {logging_mixin.py:137} INFO - John Moore
[2023-02-01T19:07:30.318+0000] {logging_mixin.py:137} INFO - Sophia Mckenzie
[2023-02-01T19:07:30.321+0000] {logging_mixin.py:137} INFO - David Roach
[2023-02-01T19:07:30.324+0000] {logging_mixin.py:137} INFO - Jennifer Patterson
[2023-02-01T19:07:30.326+0000] {logging_mixin.py:137} INFO - James Richards
[2023-02-01T19:07:30.330+0000] {logging_mixin.py:137} INFO - Mary Johnston
[2023-02-01T19:07:30.337+0000] {logging_mixin.py:137} INFO - Brandon Mcdaniel
[2023-02-01T19:07:30.338+0000] {logging_mixin.py:137} INFO - Meghan Stevenson
[2023-02-01T19:07:30.340+0000] {logging_mixin.py:137} INFO - Luis Hayes
[2023-02-01T19:07:30.342+0000] {logging_mixin.py:137} INFO - Alejandra Sloan
[2023-02-01T19:07:30.347+0000] {logging_mixin.py:137} INFO - Dr. Sandra Miller
[2023-02-01T19:07:30.352+0000] {logging_mixin.py:137} INFO - Dustin Bond
[2023-02-01T19:07:30.354+0000] {logging_mixin.py:137} INFO - Julia Patrick MD
[2023-02-01T19:07:30.356+0000] {logging_mixin.py:137} INFO - Jill Campbell
[2023-02-01T19:07:30.360+0000] {logging_mixin.py:137} INFO - Mark Ford
[2023-02-01T19:07:30.362+0000] {logging_mixin.py:137} INFO - Brian Long
[2023-02-01T19:07:30.369+0000] {logging_mixin.py:137} INFO - Lisa Peterson
[2023-02-01T19:07:30.371+0000] {logging_mixin.py:137} INFO - Matthew Lee
[2023-02-01T19:07:30.372+0000] {logging_mixin.py:137} INFO - Bradley Miller
[2023-02-01T19:07:30.374+0000] {logging_mixin.py:137} INFO - Jeffrey Moss
[2023-02-01T19:07:30.375+0000] {logging_mixin.py:137} INFO - Sara Carlson
[2023-02-01T19:07:30.377+0000] {logging_mixin.py:137} INFO - Daniel Rodriguez
[2023-02-01T19:07:30.379+0000] {logging_mixin.py:137} INFO - Jeremy David
[2023-02-01T19:07:30.383+0000] {logging_mixin.py:137} INFO - Eric Green
[2023-02-01T19:07:30.385+0000] {logging_mixin.py:137} INFO - Alexis Jones
[2023-02-01T19:07:30.387+0000] {logging_mixin.py:137} INFO - Matthew Rose
[2023-02-01T19:07:30.397+0000] {logging_mixin.py:137} INFO - Catherine Anderson
[2023-02-01T19:07:30.403+0000] {logging_mixin.py:137} INFO - Holly Burton
[2023-02-01T19:07:30.405+0000] {logging_mixin.py:137} INFO - David Matthews
[2023-02-01T19:07:30.407+0000] {logging_mixin.py:137} INFO - Mrs. Kara Little
[2023-02-01T19:07:30.409+0000] {logging_mixin.py:137} INFO - Jeffrey Stanley
[2023-02-01T19:07:30.414+0000] {logging_mixin.py:137} INFO - James Ochoa
[2023-02-01T19:07:30.419+0000] {logging_mixin.py:137} INFO - Jason Frye
[2023-02-01T19:07:30.422+0000] {logging_mixin.py:137} INFO - Christopher Ellis
[2023-02-01T19:07:30.424+0000] {logging_mixin.py:137} INFO - Michelle Nixon
[2023-02-01T19:07:30.426+0000] {logging_mixin.py:137} INFO - Andrew Gill
[2023-02-01T19:07:30.428+0000] {logging_mixin.py:137} INFO - Jennifer Wilson
[2023-02-01T19:07:30.431+0000] {logging_mixin.py:137} INFO - Shawn Black
[2023-02-01T19:07:30.433+0000] {logging_mixin.py:137} INFO - April Patterson
[2023-02-01T19:07:30.434+0000] {logging_mixin.py:137} INFO - Troy Vaughn
[2023-02-01T19:07:30.436+0000] {logging_mixin.py:137} INFO - Alexandria White
[2023-02-01T19:07:30.438+0000] {logging_mixin.py:137} INFO - Scott Phillips
[2023-02-01T19:07:30.439+0000] {logging_mixin.py:137} INFO - Zachary Cisneros
[2023-02-01T19:07:30.441+0000] {logging_mixin.py:137} INFO - Deborah Brown
[2023-02-01T19:07:30.443+0000] {logging_mixin.py:137} INFO - Monica Moses
[2023-02-01T19:07:30.445+0000] {logging_mixin.py:137} INFO - Brenda Reyes
[2023-02-01T19:07:30.457+0000] {logging_mixin.py:137} INFO - Miss Renee Allen
[2023-02-01T19:07:30.464+0000] {logging_mixin.py:137} INFO - Susan Clark
[2023-02-01T19:07:30.466+0000] {logging_mixin.py:137} INFO - Brandy Coffey
[2023-02-01T19:07:30.467+0000] {logging_mixin.py:137} INFO - Brett Nelson
[2023-02-01T19:07:30.469+0000] {logging_mixin.py:137} INFO - Ricardo Young
[2023-02-01T19:07:30.470+0000] {logging_mixin.py:137} INFO - Paul Lee
[2023-02-01T19:07:30.473+0000] {logging_mixin.py:137} INFO - David Allen
[2023-02-01T19:07:30.475+0000] {logging_mixin.py:137} INFO - Andrea Knight
[2023-02-01T19:07:30.480+0000] {logging_mixin.py:137} INFO - James Gomez
[2023-02-01T19:07:30.482+0000] {logging_mixin.py:137} INFO - Melody Gibson
[2023-02-01T19:07:30.491+0000] {logging_mixin.py:137} INFO - Christina Martinez
[2023-02-01T19:07:30.494+0000] {logging_mixin.py:137} INFO - Shelby Smith
[2023-02-01T19:07:30.496+0000] {logging_mixin.py:137} INFO - Jason Howard
[2023-02-01T19:07:30.502+0000] {logging_mixin.py:137} INFO - Amy Davidson
[2023-02-01T19:07:30.504+0000] {logging_mixin.py:137} INFO - Kyle Copeland
[2023-02-01T19:07:30.506+0000] {logging_mixin.py:137} INFO - Madeline Davis
[2023-02-01T19:07:30.512+0000] {logging_mixin.py:137} INFO - Aaron Young
[2023-02-01T19:07:30.523+0000] {logging_mixin.py:137} INFO - Lisa Barrett
[2023-02-01T19:07:30.525+0000] {logging_mixin.py:137} INFO - Joel Jones
[2023-02-01T19:07:30.526+0000] {logging_mixin.py:137} INFO - Christine Evans
[2023-02-01T19:07:30.529+0000] {logging_mixin.py:137} INFO - Kimberly Johnson
[2023-02-01T19:07:30.535+0000] {logging_mixin.py:137} INFO - Charles Hess
[2023-02-01T19:07:30.537+0000] {logging_mixin.py:137} INFO - Paul Dixon
[2023-02-01T19:07:30.538+0000] {logging_mixin.py:137} INFO - Christopher Johnson
[2023-02-01T19:07:30.540+0000] {logging_mixin.py:137} INFO - Robert Dawson
[2023-02-01T19:07:30.549+0000] {logging_mixin.py:137} INFO - Ryan Dixon
[2023-02-01T19:07:30.551+0000] {logging_mixin.py:137} INFO - Julie Martinez
[2023-02-01T19:07:30.556+0000] {logging_mixin.py:137} INFO - David Adams
[2023-02-01T19:07:30.558+0000] {logging_mixin.py:137} INFO - Mariah Brown
[2023-02-01T19:07:30.560+0000] {logging_mixin.py:137} INFO - Deborah Malone
[2023-02-01T19:07:30.562+0000] {logging_mixin.py:137} INFO - John Brown
[2023-02-01T19:07:30.564+0000] {logging_mixin.py:137} INFO - Maria Stewart
[2023-02-01T19:07:30.565+0000] {logging_mixin.py:137} INFO - Mr. Bryan Hawkins
[2023-02-01T19:07:30.567+0000] {logging_mixin.py:137} INFO - Kyle Brooks
[2023-02-01T19:07:30.568+0000] {logging_mixin.py:137} INFO - Kenneth White
[2023-02-01T19:07:30.570+0000] {logging_mixin.py:137} INFO - Patricia Wilson
[2023-02-01T19:07:30.572+0000] {logging_mixin.py:137} INFO - Paul Soto
[2023-02-01T19:07:30.573+0000] {logging_mixin.py:137} INFO - Janice Garrett
[2023-02-01T19:07:30.574+0000] {logging_mixin.py:137} INFO - Randy Strickland
[2023-02-01T19:07:30.576+0000] {logging_mixin.py:137} INFO - Felicia Herrera
[2023-02-01T19:07:30.578+0000] {logging_mixin.py:137} INFO - Andre Campos
[2023-02-01T19:07:30.579+0000] {logging_mixin.py:137} INFO - Justin Meyer
[2023-02-01T19:07:30.581+0000] {logging_mixin.py:137} INFO - Brandon Brooks
[2023-02-01T19:07:30.582+0000] {logging_mixin.py:137} INFO - Abigail Rivera
[2023-02-01T19:07:30.587+0000] {logging_mixin.py:137} INFO - Jessica Mann
[2023-02-01T19:07:30.588+0000] {logging_mixin.py:137} INFO - Michael Sawyer
[2023-02-01T19:07:30.589+0000] {logging_mixin.py:137} INFO - Jeffrey Coleman
[2023-02-01T19:07:30.591+0000] {logging_mixin.py:137} INFO - Micheal Castro
[2023-02-01T19:07:30.594+0000] {logging_mixin.py:137} INFO - Laura Gonzalez
[2023-02-01T19:07:30.597+0000] {logging_mixin.py:137} INFO - Christopher Jackson
[2023-02-01T19:07:30.604+0000] {logging_mixin.py:137} INFO - William Mckenzie
[2023-02-01T19:07:30.605+0000] {logging_mixin.py:137} INFO - Kristina Rodriguez
[2023-02-01T19:07:30.617+0000] {logging_mixin.py:137} INFO - Kelli Williams
[2023-02-01T19:07:30.619+0000] {logging_mixin.py:137} INFO - Diane Norris
[2023-02-01T19:07:30.621+0000] {logging_mixin.py:137} INFO - Kevin Carroll
[2023-02-01T19:07:30.625+0000] {logging_mixin.py:137} INFO - Betty Weber
[2023-02-01T19:07:30.627+0000] {logging_mixin.py:137} INFO - Jeffery Robinson
[2023-02-01T19:07:30.630+0000] {logging_mixin.py:137} INFO - Hannah Cowan
[2023-02-01T19:07:30.632+0000] {logging_mixin.py:137} INFO - Brian Kramer
[2023-02-01T19:07:30.634+0000] {logging_mixin.py:137} INFO - Anthony Roberts
[2023-02-01T19:07:30.636+0000] {logging_mixin.py:137} INFO - Ricardo Blankenship
[2023-02-01T19:07:30.638+0000] {logging_mixin.py:137} INFO - Brooke Collins
[2023-02-01T19:07:30.639+0000] {logging_mixin.py:137} INFO - Tammy Lawson
[2023-02-01T19:07:30.641+0000] {logging_mixin.py:137} INFO - Cody Miller
[2023-02-01T19:07:30.645+0000] {logging_mixin.py:137} INFO - Dr. Janice Salazar
[2023-02-01T19:07:30.651+0000] {logging_mixin.py:137} INFO - David West
[2023-02-01T19:07:30.654+0000] {logging_mixin.py:137} INFO - Robin Carpenter
[2023-02-01T19:07:30.658+0000] {logging_mixin.py:137} INFO - Monique Wall
[2023-02-01T19:07:30.661+0000] {logging_mixin.py:137} INFO - Charles Cardenas
[2023-02-01T19:07:30.664+0000] {logging_mixin.py:137} INFO - Valerie Mitchell
[2023-02-01T19:07:30.667+0000] {logging_mixin.py:137} INFO - Michelle Valenzuela
[2023-02-01T19:07:30.682+0000] {logging_mixin.py:137} INFO - William Poole
[2023-02-01T19:07:30.687+0000] {logging_mixin.py:137} INFO - James Hall
[2023-02-01T19:07:30.693+0000] {logging_mixin.py:137} INFO - Dylan Carpenter
[2023-02-01T19:07:30.695+0000] {logging_mixin.py:137} INFO - Linda Medina
[2023-02-01T19:07:30.697+0000] {logging_mixin.py:137} INFO - Joan White
[2023-02-01T19:07:30.698+0000] {logging_mixin.py:137} INFO - Mary Klein
[2023-02-01T19:07:30.700+0000] {logging_mixin.py:137} INFO - Ashley Wolf
[2023-02-01T19:07:30.702+0000] {logging_mixin.py:137} INFO - William Reed
[2023-02-01T19:07:30.705+0000] {logging_mixin.py:137} INFO - Derek Harvey
[2023-02-01T19:07:30.707+0000] {logging_mixin.py:137} INFO - Kathleen Rodriguez
[2023-02-01T19:07:30.709+0000] {logging_mixin.py:137} INFO - Andrew Rodriguez
[2023-02-01T19:07:30.710+0000] {logging_mixin.py:137} INFO - Ariel Frank
[2023-02-01T19:07:30.713+0000] {logging_mixin.py:137} INFO - Tina French
[2023-02-01T19:07:30.714+0000] {logging_mixin.py:137} INFO - Brent Waller
[2023-02-01T19:07:30.716+0000] {logging_mixin.py:137} INFO - Kevin Allen
[2023-02-01T19:07:30.717+0000] {logging_mixin.py:137} INFO - Xavier Walker
[2023-02-01T19:07:30.719+0000] {logging_mixin.py:137} INFO - Michelle Sanchez
[2023-02-01T19:07:30.723+0000] {logging_mixin.py:137} INFO - Rachael Shepard
[2023-02-01T19:07:30.727+0000] {logging_mixin.py:137} INFO - Kelsey Johnson
[2023-02-01T19:07:30.728+0000] {logging_mixin.py:137} INFO - Nicole Webb
[2023-02-01T19:07:30.729+0000] {logging_mixin.py:137} INFO - Nicholas Rodriguez
[2023-02-01T19:07:30.731+0000] {logging_mixin.py:137} INFO - Eric Vaughan
[2023-02-01T19:07:30.733+0000] {logging_mixin.py:137} INFO - Amanda Richardson
[2023-02-01T19:07:30.737+0000] {logging_mixin.py:137} INFO - Janice Carlson
[2023-02-01T19:07:30.738+0000] {logging_mixin.py:137} INFO - Darryl Walsh
[2023-02-01T19:07:30.739+0000] {logging_mixin.py:137} INFO - Heather Johnson
[2023-02-01T19:07:30.741+0000] {logging_mixin.py:137} INFO - Mark Chambers
[2023-02-01T19:07:30.742+0000] {logging_mixin.py:137} INFO - Tracy Burns
[2023-02-01T19:07:30.743+0000] {logging_mixin.py:137} INFO - John Cole
[2023-02-01T19:07:30.747+0000] {logging_mixin.py:137} INFO - Deborah Silva
[2023-02-01T19:07:30.749+0000] {logging_mixin.py:137} INFO - Shawn Hernandez
[2023-02-01T19:07:30.750+0000] {logging_mixin.py:137} INFO - Bethany Meyer
[2023-02-01T19:07:30.754+0000] {logging_mixin.py:137} INFO - Helen Smith
[2023-02-01T19:07:30.763+0000] {logging_mixin.py:137} INFO - Dana Dennis
[2023-02-01T19:07:30.764+0000] {logging_mixin.py:137} INFO - Kelsey Camacho
[2023-02-01T19:07:30.768+0000] {logging_mixin.py:137} INFO - Matthew Thomas
[2023-02-01T19:07:30.770+0000] {logging_mixin.py:137} INFO - Brittany Arellano
[2023-02-01T19:07:30.772+0000] {logging_mixin.py:137} INFO - Stacey Jones
[2023-02-01T19:07:30.777+0000] {logging_mixin.py:137} INFO - William Weeks
[2023-02-01T19:07:30.779+0000] {logging_mixin.py:137} INFO - Mark Beasley
[2023-02-01T19:07:30.781+0000] {logging_mixin.py:137} INFO - Bruce Pena
[2023-02-01T19:07:30.783+0000] {logging_mixin.py:137} INFO - Jeffery Smith
[2023-02-01T19:07:30.785+0000] {logging_mixin.py:137} INFO - Ann Deleon
[2023-02-01T19:07:30.786+0000] {logging_mixin.py:137} INFO - Kevin Robertson
[2023-02-01T19:07:30.788+0000] {logging_mixin.py:137} INFO - Vincent Willis MD
[2023-02-01T19:07:30.790+0000] {logging_mixin.py:137} INFO - Michael Nielsen
[2023-02-01T19:07:30.791+0000] {logging_mixin.py:137} INFO - Walter Koch
[2023-02-01T19:07:30.793+0000] {logging_mixin.py:137} INFO - Brian Vega
[2023-02-01T19:07:30.795+0000] {logging_mixin.py:137} INFO - Jeffrey Medina
[2023-02-01T19:07:30.797+0000] {logging_mixin.py:137} INFO - Erika Banks
[2023-02-01T19:07:30.798+0000] {logging_mixin.py:137} INFO - Stacey Griffin
[2023-02-01T19:07:30.800+0000] {logging_mixin.py:137} INFO - Michael Marsh
[2023-02-01T19:07:30.803+0000] {logging_mixin.py:137} INFO - Molly White
[2023-02-01T19:07:30.816+0000] {logging_mixin.py:137} INFO - Matthew Morrison
[2023-02-01T19:07:30.817+0000] {logging_mixin.py:137} INFO - Amanda Burns
[2023-02-01T19:07:30.820+0000] {logging_mixin.py:137} INFO - Emily Gonzalez DDS
[2023-02-01T19:07:30.822+0000] {logging_mixin.py:137} INFO - Gregory King
[2023-02-01T19:07:30.824+0000] {logging_mixin.py:137} INFO - Dennis Evans
[2023-02-01T19:07:30.826+0000] {logging_mixin.py:137} INFO - Christina Snyder
[2023-02-01T19:07:30.828+0000] {logging_mixin.py:137} INFO - Carolyn Mata
[2023-02-01T19:07:30.831+0000] {logging_mixin.py:137} INFO - Brandy Lawson
[2023-02-01T19:07:30.832+0000] {logging_mixin.py:137} INFO - Briana Christian
[2023-02-01T19:07:30.836+0000] {logging_mixin.py:137} INFO - Jeffrey Hernandez
[2023-02-01T19:07:30.844+0000] {logging_mixin.py:137} INFO - John Riggs
[2023-02-01T19:07:30.847+0000] {logging_mixin.py:137} INFO - Barbara Short
[2023-02-01T19:07:30.849+0000] {logging_mixin.py:137} INFO - Steven Brooks
[2023-02-01T19:07:30.857+0000] {logging_mixin.py:137} INFO - Gabrielle James
[2023-02-01T19:07:30.859+0000] {logging_mixin.py:137} INFO - Robert Young
[2023-02-01T19:07:30.861+0000] {logging_mixin.py:137} INFO - Derek Sanders
[2023-02-01T19:07:30.863+0000] {logging_mixin.py:137} INFO - Mallory Oliver
[2023-02-01T19:07:30.868+0000] {logging_mixin.py:137} INFO - Terry Howe
[2023-02-01T19:07:30.870+0000] {logging_mixin.py:137} INFO - Samuel Wallace
[2023-02-01T19:07:30.874+0000] {logging_mixin.py:137} INFO - Angel Jones
[2023-02-01T19:07:30.879+0000] {logging_mixin.py:137} INFO - Jacqueline Nichols
[2023-02-01T19:07:30.881+0000] {logging_mixin.py:137} INFO - Melissa Mcgee
[2023-02-01T19:07:30.886+0000] {logging_mixin.py:137} INFO - Michelle Smith
[2023-02-01T19:07:30.888+0000] {logging_mixin.py:137} INFO - Maureen Baxter
[2023-02-01T19:07:30.889+0000] {logging_mixin.py:137} INFO - Kathy Crawford
[2023-02-01T19:07:30.892+0000] {logging_mixin.py:137} INFO - Stacy Wood
[2023-02-01T19:07:30.894+0000] {logging_mixin.py:137} INFO - Justin Parsons
[2023-02-01T19:07:30.895+0000] {logging_mixin.py:137} INFO - Ann Klein
[2023-02-01T19:07:30.897+0000] {logging_mixin.py:137} INFO - Allison Arnold
[2023-02-01T19:07:30.898+0000] {logging_mixin.py:137} INFO - Heather Kirk
[2023-02-01T19:07:30.899+0000] {logging_mixin.py:137} INFO - Monica Smith
[2023-02-01T19:07:30.901+0000] {logging_mixin.py:137} INFO - Brett Oconnor
[2023-02-01T19:07:30.909+0000] {logging_mixin.py:137} INFO - Anthony Bryant
[2023-02-01T19:07:30.914+0000] {logging_mixin.py:137} INFO - Jeremy Russell
[2023-02-01T19:07:30.916+0000] {logging_mixin.py:137} INFO - Julie Poole
[2023-02-01T19:07:30.917+0000] {logging_mixin.py:137} INFO - Emma Thompson
[2023-02-01T19:07:30.924+0000] {logging_mixin.py:137} INFO - Bradley Matthews
[2023-02-01T19:07:30.925+0000] {logging_mixin.py:137} INFO - William Roberts
[2023-02-01T19:07:30.927+0000] {logging_mixin.py:137} INFO - Julie Mooney
[2023-02-01T19:07:30.928+0000] {logging_mixin.py:137} INFO - Amy Doyle
[2023-02-01T19:07:30.929+0000] {logging_mixin.py:137} INFO - Amanda Grant
[2023-02-01T19:07:30.931+0000] {logging_mixin.py:137} INFO - Eric Anderson
[2023-02-01T19:07:30.932+0000] {logging_mixin.py:137} INFO - George Thompson
[2023-02-01T19:07:30.934+0000] {logging_mixin.py:137} INFO - Dustin Hines
[2023-02-01T19:07:30.935+0000] {logging_mixin.py:137} INFO - Andrea Frank
[2023-02-01T19:07:30.937+0000] {logging_mixin.py:137} INFO - Jodi Cook
[2023-02-01T19:07:30.943+0000] {logging_mixin.py:137} INFO - Stacy Haney
[2023-02-01T19:07:30.950+0000] {logging_mixin.py:137} INFO - Paul Callahan
[2023-02-01T19:07:30.952+0000] {logging_mixin.py:137} INFO - Jasmine Chambers
[2023-02-01T19:07:30.954+0000] {logging_mixin.py:137} INFO - Melissa Pittman MD
[2023-02-01T19:07:30.955+0000] {logging_mixin.py:137} INFO - Deborah Larson
[2023-02-01T19:07:30.956+0000] {logging_mixin.py:137} INFO - Brandon Shaw
[2023-02-01T19:07:30.958+0000] {logging_mixin.py:137} INFO - Timothy Paul
[2023-02-01T19:07:30.959+0000] {logging_mixin.py:137} INFO - Michael Trujillo
[2023-02-01T19:07:30.960+0000] {logging_mixin.py:137} INFO - Robert Rivera
[2023-02-01T19:07:30.966+0000] {logging_mixin.py:137} INFO - Dana Nelson
[2023-02-01T19:07:30.968+0000] {logging_mixin.py:137} INFO - Andrea Bennett
[2023-02-01T19:07:30.969+0000] {logging_mixin.py:137} INFO - Jodi Fox
[2023-02-01T19:07:30.971+0000] {logging_mixin.py:137} INFO - Heather Hayes
[2023-02-01T19:07:30.972+0000] {logging_mixin.py:137} INFO - Jennifer Moreno
[2023-02-01T19:07:30.990+0000] {logging_mixin.py:137} INFO - John Patel
[2023-02-01T19:07:30.992+0000] {logging_mixin.py:137} INFO - Teresa Oliver
[2023-02-01T19:07:30.994+0000] {logging_mixin.py:137} INFO - Monique Bell
[2023-02-01T19:07:30.996+0000] {logging_mixin.py:137} INFO - Casey Leonard
[2023-02-01T19:07:30.999+0000] {logging_mixin.py:137} INFO - Steven Clark
[2023-02-01T19:07:31.001+0000] {logging_mixin.py:137} INFO - Edward Martin
[2023-02-01T19:07:31.003+0000] {logging_mixin.py:137} INFO - Shawn Orozco
[2023-02-01T19:07:31.005+0000] {logging_mixin.py:137} INFO - Brandon Yang
[2023-02-01T19:07:31.006+0000] {logging_mixin.py:137} INFO - Nathan Ray
[2023-02-01T19:07:31.007+0000] {logging_mixin.py:137} INFO - Lori Moore
[2023-02-01T19:07:31.009+0000] {logging_mixin.py:137} INFO - Dr. Lisa Shaw DVM
[2023-02-01T19:07:31.010+0000] {logging_mixin.py:137} INFO - Angela Walters
[2023-02-01T19:07:31.012+0000] {logging_mixin.py:137} INFO - David Nolan
[2023-02-01T19:07:31.013+0000] {logging_mixin.py:137} INFO - William Ramsey
[2023-02-01T19:07:31.025+0000] {logging_mixin.py:137} INFO - David Oconnor
[2023-02-01T19:07:31.026+0000] {logging_mixin.py:137} INFO - Mark Washington
[2023-02-01T19:07:31.027+0000] {logging_mixin.py:137} INFO - Jennifer Jacobs
[2023-02-01T19:07:31.030+0000] {logging_mixin.py:137} INFO - Tammy Hampton
[2023-02-01T19:07:31.031+0000] {logging_mixin.py:137} INFO - Stephen Farmer
[2023-02-01T19:07:31.033+0000] {logging_mixin.py:137} INFO - Jasmine Nguyen
[2023-02-01T19:07:31.036+0000] {logging_mixin.py:137} INFO - Rebecca Flores
[2023-02-01T19:07:31.037+0000] {logging_mixin.py:137} INFO - Tyler Davis
[2023-02-01T19:07:31.039+0000] {logging_mixin.py:137} INFO - Nancy Gray
[2023-02-01T19:07:31.041+0000] {logging_mixin.py:137} INFO - Brian Sanchez
[2023-02-01T19:07:31.049+0000] {logging_mixin.py:137} INFO - Laurie Shaw
[2023-02-01T19:07:31.052+0000] {logging_mixin.py:137} INFO - Kristina Torres
[2023-02-01T19:07:31.055+0000] {logging_mixin.py:137} INFO - Andrea Rodgers
[2023-02-01T19:07:31.061+0000] {logging_mixin.py:137} INFO - Jason Walters
[2023-02-01T19:07:31.068+0000] {logging_mixin.py:137} INFO - Jerry Moss
[2023-02-01T19:07:31.070+0000] {logging_mixin.py:137} INFO - Jeffrey Jordan
[2023-02-01T19:07:31.073+0000] {logging_mixin.py:137} INFO - Jennifer Wilson
[2023-02-01T19:07:31.075+0000] {logging_mixin.py:137} INFO - Trevor Mathews
[2023-02-01T19:07:31.077+0000] {logging_mixin.py:137} INFO - Anne Hood
[2023-02-01T19:07:31.080+0000] {logging_mixin.py:137} INFO - Sarah Williams
[2023-02-01T19:07:31.087+0000] {logging_mixin.py:137} INFO - Shelby Hernandez
[2023-02-01T19:07:31.092+0000] {logging_mixin.py:137} INFO - Samantha Velez
[2023-02-01T19:07:31.095+0000] {logging_mixin.py:137} INFO - Matthew Douglas
[2023-02-01T19:07:31.103+0000] {logging_mixin.py:137} INFO - Ashlee George
[2023-02-01T19:07:31.105+0000] {logging_mixin.py:137} INFO - Troy Crane
[2023-02-01T19:07:31.110+0000] {logging_mixin.py:137} INFO - Michael Cooper
[2023-02-01T19:07:31.113+0000] {logging_mixin.py:137} INFO - Michael White
[2023-02-01T19:07:31.116+0000] {logging_mixin.py:137} INFO - Mr. Timothy Fleming
[2023-02-01T19:07:31.127+0000] {logging_mixin.py:137} INFO - Seth Bruce
[2023-02-01T19:07:31.129+0000] {logging_mixin.py:137} INFO - Jacqueline Carpenter
[2023-02-01T19:07:31.144+0000] {logging_mixin.py:137} INFO - Michael Martin
[2023-02-01T19:07:31.148+0000] {logging_mixin.py:137} INFO - Kristopher Henry
[2023-02-01T19:07:31.150+0000] {logging_mixin.py:137} INFO - Tiffany Porter
[2023-02-01T19:07:31.152+0000] {logging_mixin.py:137} INFO - Stacy Simpson
[2023-02-01T19:07:31.153+0000] {logging_mixin.py:137} INFO - Tammy Mcdowell
[2023-02-01T19:07:31.162+0000] {logging_mixin.py:137} INFO - Thomas Walters
[2023-02-01T19:07:31.169+0000] {logging_mixin.py:137} INFO - Dwayne Thompson
[2023-02-01T19:07:31.171+0000] {logging_mixin.py:137} INFO - Natalie Willis
[2023-02-01T19:07:31.173+0000] {logging_mixin.py:137} INFO - Sharon Taylor
[2023-02-01T19:07:31.174+0000] {logging_mixin.py:137} INFO - Sarah Wiggins
[2023-02-01T19:07:31.176+0000] {logging_mixin.py:137} INFO - Amber Thomas
[2023-02-01T19:07:31.177+0000] {logging_mixin.py:137} INFO - Patrick Miller
[2023-02-01T19:07:31.178+0000] {logging_mixin.py:137} INFO - Stephanie Hartman
[2023-02-01T19:07:31.183+0000] {logging_mixin.py:137} INFO - Stacey Mora
[2023-02-01T19:07:31.185+0000] {logging_mixin.py:137} INFO - Katherine Rodriguez
[2023-02-01T19:07:31.186+0000] {logging_mixin.py:137} INFO - Daniel Morgan
[2023-02-01T19:07:31.188+0000] {logging_mixin.py:137} INFO - Rebecca Martinez
[2023-02-01T19:07:31.191+0000] {logging_mixin.py:137} INFO - Nicole Juarez
[2023-02-01T19:07:31.194+0000] {logging_mixin.py:137} INFO - Mark Arroyo
[2023-02-01T19:07:31.197+0000] {logging_mixin.py:137} INFO - April Lucero
[2023-02-01T19:07:31.200+0000] {logging_mixin.py:137} INFO - Samantha Garcia
[2023-02-01T19:07:31.202+0000] {logging_mixin.py:137} INFO - Jon Moore
[2023-02-01T19:07:31.204+0000] {logging_mixin.py:137} INFO - Joshua Flores MD
[2023-02-01T19:07:31.206+0000] {logging_mixin.py:137} INFO - Raymond Jones
[2023-02-01T19:07:31.207+0000] {logging_mixin.py:137} INFO - Billy Hughes
[2023-02-01T19:07:31.209+0000] {logging_mixin.py:137} INFO - Peggy Valdez PhD
[2023-02-01T19:07:31.212+0000] {logging_mixin.py:137} INFO - Joshua Reyes
[2023-02-01T19:07:31.214+0000] {logging_mixin.py:137} INFO - Aaron Green
[2023-02-01T19:07:31.215+0000] {logging_mixin.py:137} INFO - Wendy Espinoza
[2023-02-01T19:07:31.217+0000] {logging_mixin.py:137} INFO - Peter Vasquez
[2023-02-01T19:07:31.218+0000] {logging_mixin.py:137} INFO - Diane Harper
[2023-02-01T19:07:31.220+0000] {logging_mixin.py:137} INFO - Ms. Rebecca Cantu
[2023-02-01T19:07:31.222+0000] {logging_mixin.py:137} INFO - Yolanda Morrow
[2023-02-01T19:07:31.224+0000] {logging_mixin.py:137} INFO - Penny Beard
[2023-02-01T19:07:31.226+0000] {logging_mixin.py:137} INFO - Lisa Long
[2023-02-01T19:07:31.231+0000] {logging_mixin.py:137} INFO - Jerry Harris
[2023-02-01T19:07:31.237+0000] {logging_mixin.py:137} INFO - Bob Willis
[2023-02-01T19:07:31.239+0000] {logging_mixin.py:137} INFO - Duane Chapman
[2023-02-01T19:07:31.243+0000] {logging_mixin.py:137} INFO - William Morgan
[2023-02-01T19:07:31.245+0000] {logging_mixin.py:137} INFO - Amy Gutierrez
[2023-02-01T19:07:31.249+0000] {logging_mixin.py:137} INFO - Amber Nichols
[2023-02-01T19:07:31.259+0000] {logging_mixin.py:137} INFO - Matthew Carr
[2023-02-01T19:07:31.261+0000] {logging_mixin.py:137} INFO - Thomas Duncan
[2023-02-01T19:07:31.264+0000] {logging_mixin.py:137} INFO - Elizabeth Wright
[2023-02-01T19:07:31.266+0000] {logging_mixin.py:137} INFO - Jacqueline Brewer
[2023-02-01T19:07:31.268+0000] {logging_mixin.py:137} INFO - Stephanie Johnson
[2023-02-01T19:07:31.272+0000] {logging_mixin.py:137} INFO - Samantha Calderon
[2023-02-01T19:07:31.275+0000] {logging_mixin.py:137} INFO - Kathryn Gaines
[2023-02-01T19:07:31.278+0000] {logging_mixin.py:137} INFO - Angel Jones
[2023-02-01T19:07:31.282+0000] {logging_mixin.py:137} INFO - Laura Wall
[2023-02-01T19:07:31.284+0000] {logging_mixin.py:137} INFO - Mr. Anthony Hamilton
[2023-02-01T19:07:31.287+0000] {logging_mixin.py:137} INFO - David Smith
[2023-02-01T19:07:31.291+0000] {logging_mixin.py:137} INFO - Kimberly Herrera DDS
[2023-02-01T19:07:31.293+0000] {logging_mixin.py:137} INFO - Gina Wilson
[2023-02-01T19:07:31.301+0000] {logging_mixin.py:137} INFO - Timothy Byrd
[2023-02-01T19:07:31.302+0000] {logging_mixin.py:137} INFO - Michael Mckenzie
[2023-02-01T19:07:31.304+0000] {logging_mixin.py:137} INFO - Jeffrey Mcintyre
[2023-02-01T19:07:31.306+0000] {logging_mixin.py:137} INFO - Teresa Jackson
[2023-02-01T19:07:31.308+0000] {logging_mixin.py:137} INFO - Joseph Wilcox
[2023-02-01T19:07:31.309+0000] {logging_mixin.py:137} INFO - Patrick Mcknight
[2023-02-01T19:07:31.311+0000] {logging_mixin.py:137} INFO - Ronald Moreno
[2023-02-01T19:07:31.313+0000] {logging_mixin.py:137} INFO - Jamie Sullivan
[2023-02-01T19:07:31.320+0000] {logging_mixin.py:137} INFO - Jason Anderson
[2023-02-01T19:07:31.326+0000] {logging_mixin.py:137} INFO - Steven Stewart
[2023-02-01T19:07:31.328+0000] {logging_mixin.py:137} INFO - Melinda Paul
[2023-02-01T19:07:31.330+0000] {logging_mixin.py:137} INFO - Cynthia Simmons
[2023-02-01T19:07:31.332+0000] {logging_mixin.py:137} INFO - Christian Smith
[2023-02-01T19:07:31.336+0000] {logging_mixin.py:137} INFO - William Jimenez
[2023-02-01T19:07:31.340+0000] {logging_mixin.py:137} INFO - Hayley French
[2023-02-01T19:07:31.341+0000] {logging_mixin.py:137} INFO - Brandon Hess
[2023-02-01T19:07:31.343+0000] {logging_mixin.py:137} INFO - Laura Perry
[2023-02-01T19:07:31.348+0000] {logging_mixin.py:137} INFO - Scott Jones
[2023-02-01T19:07:31.352+0000] {logging_mixin.py:137} INFO - Christine Hernandez
[2023-02-01T19:07:31.353+0000] {logging_mixin.py:137} INFO - Douglas Eaton
[2023-02-01T19:07:31.355+0000] {logging_mixin.py:137} INFO - William Soto
[2023-02-01T19:07:31.360+0000] {logging_mixin.py:137} INFO - Mary Jones
[2023-02-01T19:07:31.361+0000] {logging_mixin.py:137} INFO - Stephanie Holmes
[2023-02-01T19:07:31.363+0000] {logging_mixin.py:137} INFO - Keith Meyers
[2023-02-01T19:07:31.364+0000] {logging_mixin.py:137} INFO - Paul Fisher
[2023-02-01T19:07:31.366+0000] {logging_mixin.py:137} INFO - Emily Alexander
[2023-02-01T19:07:31.368+0000] {logging_mixin.py:137} INFO - Anthony Schwartz
[2023-02-01T19:07:31.370+0000] {logging_mixin.py:137} INFO - Evelyn Jacobs
[2023-02-01T19:07:31.371+0000] {logging_mixin.py:137} INFO - Connie Jones
[2023-02-01T19:07:31.373+0000] {logging_mixin.py:137} INFO - Carla Gibbs
[2023-02-01T19:07:31.375+0000] {logging_mixin.py:137} INFO - Ashley Santiago
[2023-02-01T19:07:31.377+0000] {logging_mixin.py:137} INFO - Micheal Mckee
[2023-02-01T19:07:31.378+0000] {logging_mixin.py:137} INFO - Diane Williams
[2023-02-01T19:07:31.383+0000] {logging_mixin.py:137} INFO - Jesse Velasquez
[2023-02-01T19:07:31.387+0000] {logging_mixin.py:137} INFO - Jennifer Rodriguez
[2023-02-01T19:07:31.388+0000] {logging_mixin.py:137} INFO - Joe Griffin
[2023-02-01T19:07:31.390+0000] {logging_mixin.py:137} INFO - Gary Cherry
[2023-02-01T19:07:31.391+0000] {logging_mixin.py:137} INFO - Alyssa Edwards
[2023-02-01T19:07:31.393+0000] {logging_mixin.py:137} INFO - Caroline Hernandez MD
[2023-02-01T19:07:31.394+0000] {logging_mixin.py:137} INFO - Jessica Morton
[2023-02-01T19:07:31.396+0000] {logging_mixin.py:137} INFO - Holly Jones
[2023-02-01T19:07:31.399+0000] {logging_mixin.py:137} INFO - David Shelton
[2023-02-01T19:07:31.401+0000] {logging_mixin.py:137} INFO - Kristina Parks
[2023-02-01T19:07:31.409+0000] {logging_mixin.py:137} INFO - Laurie Hernandez
[2023-02-01T19:07:31.412+0000] {logging_mixin.py:137} INFO - Melissa James
[2023-02-01T19:07:31.416+0000] {logging_mixin.py:137} INFO - Jeremiah Adams
[2023-02-01T19:07:31.428+0000] {logging_mixin.py:137} INFO - Arthur Robinson
[2023-02-01T19:07:31.432+0000] {logging_mixin.py:137} INFO - Anna Shepard
[2023-02-01T19:07:31.434+0000] {logging_mixin.py:137} INFO - Brandon Myers
[2023-02-01T19:07:31.449+0000] {logging_mixin.py:137} INFO - Paul Cardenas
[2023-02-01T19:07:31.451+0000] {logging_mixin.py:137} INFO - Megan Santana
[2023-02-01T19:07:31.462+0000] {logging_mixin.py:137} INFO - Joseph Marshall
[2023-02-01T19:07:31.464+0000] {logging_mixin.py:137} INFO - Mrs. Brenda Harris
[2023-02-01T19:07:31.465+0000] {logging_mixin.py:137} INFO - Nicole Garcia
[2023-02-01T19:07:31.467+0000] {logging_mixin.py:137} INFO - Anna Estrada
[2023-02-01T19:07:31.474+0000] {logging_mixin.py:137} INFO - Carl Moore
[2023-02-01T19:07:31.479+0000] {logging_mixin.py:137} INFO - Rodney Hernandez
[2023-02-01T19:07:31.480+0000] {logging_mixin.py:137} INFO - Madison Christian
[2023-02-01T19:07:31.483+0000] {logging_mixin.py:137} INFO - Heather Rhodes
[2023-02-01T19:07:31.506+0000] {python.py:177} INFO - Done. Returned value was: None
[2023-02-01T19:07:31.553+0000] {taskinstance.py:1323} INFO - Marking task as SUCCESS. dag_id=CSV_DAG, task_id=convertCSVToJson, execution_date=20230201T052500, start_date=20230201T190726, end_date=20230201T190731
[2023-02-01T19:07:31.661+0000] {local_task_job.py:208} INFO - Task exited with return code 0
[2023-02-01T19:07:31.704+0000] {taskinstance.py:2578} INFO - 0 downstream tasks scheduled from follow-on schedule check
