[2023-02-02T10:02:09.995+0000] {taskinstance.py:1083} INFO - Dependencies all met for <TaskInstance: CSV_DAG.convertCSVToJson scheduled__2023-02-02T02:40:00+00:00 [queued]>
[2023-02-02T10:02:10.023+0000] {taskinstance.py:1083} INFO - Dependencies all met for <TaskInstance: CSV_DAG.convertCSVToJson scheduled__2023-02-02T02:40:00+00:00 [queued]>
[2023-02-02T10:02:10.029+0000] {taskinstance.py:1279} INFO - 
--------------------------------------------------------------------------------
[2023-02-02T10:02:10.032+0000] {taskinstance.py:1280} INFO - Starting attempt 1 of 2
[2023-02-02T10:02:10.034+0000] {taskinstance.py:1281} INFO - 
--------------------------------------------------------------------------------
[2023-02-02T10:02:10.075+0000] {taskinstance.py:1300} INFO - Executing <Task(PythonOperator): convertCSVToJson> on 2023-02-02 02:40:00+00:00
[2023-02-02T10:02:10.107+0000] {standard_task_runner.py:55} INFO - Started process 837 to run task
[2023-02-02T10:02:10.128+0000] {standard_task_runner.py:82} INFO - Running: ['***', 'tasks', 'run', 'CSV_DAG', 'convertCSVToJson', 'scheduled__2023-02-02T02:40:00+00:00', '--job-id', '676', '--raw', '--subdir', 'DAGS_FOLDER/csv.py', '--cfg-path', '/tmp/tmpyzy3d1oz']
[2023-02-02T10:02:10.134+0000] {standard_task_runner.py:83} INFO - Job 676: Subtask convertCSVToJson
[2023-02-02T10:02:10.375+0000] {task_command.py:388} INFO - Running <TaskInstance: CSV_DAG.convertCSVToJson scheduled__2023-02-02T02:40:00+00:00 [running]> on host 06d8060e8530
[2023-02-02T10:02:10.989+0000] {taskinstance.py:1509} INFO - Exporting the following env vars:
AIRFLOW_CTX_DAG_OWNER=Kevin Chalmers
AIRFLOW_CTX_DAG_ID=CSV_DAG
AIRFLOW_CTX_TASK_ID=convertCSVToJson
AIRFLOW_CTX_EXECUTION_DATE=2023-02-02T02:40:00+00:00
AIRFLOW_CTX_TRY_NUMBER=1
AIRFLOW_CTX_DAG_RUN_ID=scheduled__2023-02-02T02:40:00+00:00
[2023-02-02T10:02:11.037+0000] {logging_mixin.py:137} INFO - Angelica Lopez
[2023-02-02T10:02:11.040+0000] {logging_mixin.py:137} INFO - Betty Wright
[2023-02-02T10:02:11.054+0000] {logging_mixin.py:137} INFO - Sara Schmidt
[2023-02-02T10:02:11.056+0000] {logging_mixin.py:137} INFO - Dr. Sherry Rodriguez
[2023-02-02T10:02:11.058+0000] {logging_mixin.py:137} INFO - Rebecca Mills
[2023-02-02T10:02:11.064+0000] {logging_mixin.py:137} INFO - Andrew Anderson
[2023-02-02T10:02:11.067+0000] {logging_mixin.py:137} INFO - Martin Everett
[2023-02-02T10:02:11.070+0000] {logging_mixin.py:137} INFO - Felicia Gregory
[2023-02-02T10:02:11.074+0000] {logging_mixin.py:137} INFO - Kara Bowers
[2023-02-02T10:02:11.079+0000] {logging_mixin.py:137} INFO - Vincent Vincent
[2023-02-02T10:02:11.084+0000] {logging_mixin.py:137} INFO - Morgan Butler
[2023-02-02T10:02:11.087+0000] {logging_mixin.py:137} INFO - Stephen Riley
[2023-02-02T10:02:11.089+0000] {logging_mixin.py:137} INFO - Wanda Thomas
[2023-02-02T10:02:11.092+0000] {logging_mixin.py:137} INFO - Michelle Schultz
[2023-02-02T10:02:11.095+0000] {logging_mixin.py:137} INFO - Christopher Rush MD
[2023-02-02T10:02:11.098+0000] {logging_mixin.py:137} INFO - Phyllis Miles
[2023-02-02T10:02:11.103+0000] {logging_mixin.py:137} INFO - Rebecca Price
[2023-02-02T10:02:11.105+0000] {logging_mixin.py:137} INFO - John Morse
[2023-02-02T10:02:11.106+0000] {logging_mixin.py:137} INFO - Nicholas Sanchez
[2023-02-02T10:02:11.121+0000] {logging_mixin.py:137} INFO - Crystal Dean
[2023-02-02T10:02:11.124+0000] {logging_mixin.py:137} INFO - Tyler Diaz
[2023-02-02T10:02:11.126+0000] {logging_mixin.py:137} INFO - Denise Mclean
[2023-02-02T10:02:11.128+0000] {logging_mixin.py:137} INFO - Daniel Grant
[2023-02-02T10:02:11.130+0000] {logging_mixin.py:137} INFO - Sandra Peterson
[2023-02-02T10:02:11.132+0000] {logging_mixin.py:137} INFO - Denise Morse
[2023-02-02T10:02:11.134+0000] {logging_mixin.py:137} INFO - Brianna Smith
[2023-02-02T10:02:11.135+0000] {logging_mixin.py:137} INFO - Tony Miller
[2023-02-02T10:02:11.137+0000] {logging_mixin.py:137} INFO - Jean Booth
[2023-02-02T10:02:11.148+0000] {logging_mixin.py:137} INFO - Penny Salazar
[2023-02-02T10:02:11.150+0000] {logging_mixin.py:137} INFO - Cathy Williams
[2023-02-02T10:02:11.163+0000] {logging_mixin.py:137} INFO - Hannah Collins
[2023-02-02T10:02:11.173+0000] {logging_mixin.py:137} INFO - Maurice Casey
[2023-02-02T10:02:11.193+0000] {logging_mixin.py:137} INFO - Patrick Walker
[2023-02-02T10:02:11.201+0000] {logging_mixin.py:137} INFO - Pamela Barton
[2023-02-02T10:02:11.203+0000] {logging_mixin.py:137} INFO - Anthony Bryant
[2023-02-02T10:02:11.217+0000] {logging_mixin.py:137} INFO - Andrew Harris
[2023-02-02T10:02:11.222+0000] {logging_mixin.py:137} INFO - Aaron Harris
[2023-02-02T10:02:11.239+0000] {logging_mixin.py:137} INFO - Maureen Soto
[2023-02-02T10:02:11.250+0000] {logging_mixin.py:137} INFO - Crystal Mcdaniel
[2023-02-02T10:02:11.251+0000] {logging_mixin.py:137} INFO - Lauren Barrett
[2023-02-02T10:02:11.254+0000] {logging_mixin.py:137} INFO - Brandon Perez
[2023-02-02T10:02:11.260+0000] {logging_mixin.py:137} INFO - Mark Robertson
[2023-02-02T10:02:11.268+0000] {logging_mixin.py:137} INFO - Nicole Gates
[2023-02-02T10:02:11.274+0000] {logging_mixin.py:137} INFO - Bradley Cruz
[2023-02-02T10:02:11.280+0000] {logging_mixin.py:137} INFO - Gina Burns
[2023-02-02T10:02:11.300+0000] {logging_mixin.py:137} INFO - Zachary Martinez
[2023-02-02T10:02:11.319+0000] {logging_mixin.py:137} INFO - Natasha Johnson
[2023-02-02T10:02:11.320+0000] {logging_mixin.py:137} INFO - Patrick Gonzales
[2023-02-02T10:02:11.323+0000] {logging_mixin.py:137} INFO - Terri Wilson
[2023-02-02T10:02:11.335+0000] {logging_mixin.py:137} INFO - Sarah Lopez
[2023-02-02T10:02:11.339+0000] {logging_mixin.py:137} INFO - Dana Turner
[2023-02-02T10:02:11.342+0000] {logging_mixin.py:137} INFO - Cynthia Johnson
[2023-02-02T10:02:11.347+0000] {logging_mixin.py:137} INFO - William Thornton
[2023-02-02T10:02:11.353+0000] {logging_mixin.py:137} INFO - James Lee
[2023-02-02T10:02:11.355+0000] {logging_mixin.py:137} INFO - Stephen Allen
[2023-02-02T10:02:11.356+0000] {logging_mixin.py:137} INFO - William Stark
[2023-02-02T10:02:11.359+0000] {logging_mixin.py:137} INFO - Michael Parker
[2023-02-02T10:02:11.364+0000] {logging_mixin.py:137} INFO - Lisa Stephens
[2023-02-02T10:02:11.374+0000] {logging_mixin.py:137} INFO - Mr. Reginald Wise DDS
[2023-02-02T10:02:11.377+0000] {logging_mixin.py:137} INFO - Alexander James
[2023-02-02T10:02:11.384+0000] {logging_mixin.py:137} INFO - Kristen West
[2023-02-02T10:02:11.405+0000] {logging_mixin.py:137} INFO - Elizabeth Sanchez
[2023-02-02T10:02:11.409+0000] {logging_mixin.py:137} INFO - Jennifer Wilson
[2023-02-02T10:02:11.413+0000] {logging_mixin.py:137} INFO - Catherine Nicholson
[2023-02-02T10:02:11.415+0000] {logging_mixin.py:137} INFO - David Henderson
[2023-02-02T10:02:11.417+0000] {logging_mixin.py:137} INFO - Stephen Davis
[2023-02-02T10:02:11.425+0000] {logging_mixin.py:137} INFO - Paul Skinner
[2023-02-02T10:02:11.427+0000] {logging_mixin.py:137} INFO - Rebecca Wong
[2023-02-02T10:02:11.438+0000] {logging_mixin.py:137} INFO - Tara Benitez
[2023-02-02T10:02:11.446+0000] {logging_mixin.py:137} INFO - Sharon Miller
[2023-02-02T10:02:11.459+0000] {logging_mixin.py:137} INFO - Cynthia Smith
[2023-02-02T10:02:11.467+0000] {logging_mixin.py:137} INFO - Jennifer Werner
[2023-02-02T10:02:11.470+0000] {logging_mixin.py:137} INFO - Rebecca Tucker
[2023-02-02T10:02:11.478+0000] {logging_mixin.py:137} INFO - Ashlee Castillo
[2023-02-02T10:02:11.480+0000] {logging_mixin.py:137} INFO - Christopher Holmes
[2023-02-02T10:02:11.481+0000] {logging_mixin.py:137} INFO - Daniel Velez
[2023-02-02T10:02:11.483+0000] {logging_mixin.py:137} INFO - Amy Serrano
[2023-02-02T10:02:11.489+0000] {logging_mixin.py:137} INFO - Alison Nash
[2023-02-02T10:02:11.496+0000] {logging_mixin.py:137} INFO - Peter Johnson
[2023-02-02T10:02:11.498+0000] {logging_mixin.py:137} INFO - Breanna Harris
[2023-02-02T10:02:11.505+0000] {logging_mixin.py:137} INFO - Eric King
[2023-02-02T10:02:11.508+0000] {logging_mixin.py:137} INFO - Patricia Oliver
[2023-02-02T10:02:11.521+0000] {logging_mixin.py:137} INFO - Denise Grimes
[2023-02-02T10:02:11.525+0000] {logging_mixin.py:137} INFO - Jill Olson
[2023-02-02T10:02:11.528+0000] {logging_mixin.py:137} INFO - Stephanie Hart
[2023-02-02T10:02:11.538+0000] {logging_mixin.py:137} INFO - Ashley Lee
[2023-02-02T10:02:11.554+0000] {logging_mixin.py:137} INFO - Kelly Barnes
[2023-02-02T10:02:11.564+0000] {logging_mixin.py:137} INFO - Christie West
[2023-02-02T10:02:11.566+0000] {logging_mixin.py:137} INFO - Todd Nolan
[2023-02-02T10:02:11.568+0000] {logging_mixin.py:137} INFO - Sarah Reed
[2023-02-02T10:02:11.570+0000] {logging_mixin.py:137} INFO - Jennifer Keith
[2023-02-02T10:02:11.573+0000] {logging_mixin.py:137} INFO - Shawn Alvarez
[2023-02-02T10:02:11.584+0000] {logging_mixin.py:137} INFO - Alexander Wilson
[2023-02-02T10:02:11.587+0000] {logging_mixin.py:137} INFO - Rachel Melendez
[2023-02-02T10:02:11.591+0000] {logging_mixin.py:137} INFO - Morgan Walters
[2023-02-02T10:02:11.593+0000] {logging_mixin.py:137} INFO - Nicole Garcia
[2023-02-02T10:02:11.599+0000] {logging_mixin.py:137} INFO - Jennifer White
[2023-02-02T10:02:11.605+0000] {logging_mixin.py:137} INFO - Leslie Shannon
[2023-02-02T10:02:11.606+0000] {logging_mixin.py:137} INFO - Lisa Clayton
[2023-02-02T10:02:11.608+0000] {logging_mixin.py:137} INFO - Zachary Molina
[2023-02-02T10:02:11.611+0000] {logging_mixin.py:137} INFO - Bruce Butler
[2023-02-02T10:02:11.614+0000] {logging_mixin.py:137} INFO - Dustin Howell
[2023-02-02T10:02:11.617+0000] {logging_mixin.py:137} INFO - Aaron Smith
[2023-02-02T10:02:11.629+0000] {logging_mixin.py:137} INFO - Kyle Green
[2023-02-02T10:02:11.631+0000] {logging_mixin.py:137} INFO - Steven Clark
[2023-02-02T10:02:11.633+0000] {logging_mixin.py:137} INFO - Robert Holden
[2023-02-02T10:02:11.636+0000] {logging_mixin.py:137} INFO - Zachary Harmon
[2023-02-02T10:02:11.643+0000] {logging_mixin.py:137} INFO - Rachel Miller
[2023-02-02T10:02:11.649+0000] {logging_mixin.py:137} INFO - Brandon Parker
[2023-02-02T10:02:11.651+0000] {logging_mixin.py:137} INFO - Walter Martin
[2023-02-02T10:02:11.653+0000] {logging_mixin.py:137} INFO - Jose Young
[2023-02-02T10:02:11.658+0000] {logging_mixin.py:137} INFO - Kelsey Long
[2023-02-02T10:02:11.671+0000] {logging_mixin.py:137} INFO - William Harper
[2023-02-02T10:02:11.674+0000] {logging_mixin.py:137} INFO - Alejandro Lambert
[2023-02-02T10:02:11.676+0000] {logging_mixin.py:137} INFO - Stephanie Carson
[2023-02-02T10:02:11.681+0000] {logging_mixin.py:137} INFO - Diana Ortega MD
[2023-02-02T10:02:11.693+0000] {logging_mixin.py:137} INFO - Janet Morales
[2023-02-02T10:02:11.696+0000] {logging_mixin.py:137} INFO - Eric Fisher
[2023-02-02T10:02:11.700+0000] {logging_mixin.py:137} INFO - Louis Baker
[2023-02-02T10:02:11.704+0000] {logging_mixin.py:137} INFO - Cindy Ward
[2023-02-02T10:02:11.705+0000] {logging_mixin.py:137} INFO - Ana Jenkins
[2023-02-02T10:02:11.708+0000] {logging_mixin.py:137} INFO - Leslie Barton
[2023-02-02T10:02:11.709+0000] {logging_mixin.py:137} INFO - Gregory Price
[2023-02-02T10:02:11.718+0000] {logging_mixin.py:137} INFO - Brandon Moore
[2023-02-02T10:02:11.747+0000] {logging_mixin.py:137} INFO - Heather Garrett
[2023-02-02T10:02:11.750+0000] {logging_mixin.py:137} INFO - Cindy Hawkins
[2023-02-02T10:02:11.753+0000] {logging_mixin.py:137} INFO - Mr. Frank Snyder Jr.
[2023-02-02T10:02:11.756+0000] {logging_mixin.py:137} INFO - Megan Wang
[2023-02-02T10:02:11.763+0000] {logging_mixin.py:137} INFO - Jennifer Fleming
[2023-02-02T10:02:11.766+0000] {logging_mixin.py:137} INFO - Gary Hodge
[2023-02-02T10:02:11.772+0000] {logging_mixin.py:137} INFO - Nichole Miller
[2023-02-02T10:02:11.774+0000] {logging_mixin.py:137} INFO - Mitchell Mendoza
[2023-02-02T10:02:11.777+0000] {logging_mixin.py:137} INFO - Bradley Horton
[2023-02-02T10:02:11.784+0000] {logging_mixin.py:137} INFO - Michelle Hess
[2023-02-02T10:02:11.787+0000] {logging_mixin.py:137} INFO - Ronald Torres
[2023-02-02T10:02:11.792+0000] {logging_mixin.py:137} INFO - Raymond Hudson
[2023-02-02T10:02:11.794+0000] {logging_mixin.py:137} INFO - Vincent Jackson
[2023-02-02T10:02:11.800+0000] {logging_mixin.py:137} INFO - Susan Carey
[2023-02-02T10:02:11.802+0000] {logging_mixin.py:137} INFO - Chase Wilson
[2023-02-02T10:02:11.809+0000] {logging_mixin.py:137} INFO - Tonya Baldwin
[2023-02-02T10:02:11.813+0000] {logging_mixin.py:137} INFO - Mrs. Tina Davis
[2023-02-02T10:02:11.815+0000] {logging_mixin.py:137} INFO - Scott Garrett
[2023-02-02T10:02:11.816+0000] {logging_mixin.py:137} INFO - Michael Wilson
[2023-02-02T10:02:11.821+0000] {logging_mixin.py:137} INFO - Andrew Orozco
[2023-02-02T10:02:11.824+0000] {logging_mixin.py:137} INFO - Troy Carson
[2023-02-02T10:02:11.834+0000] {logging_mixin.py:137} INFO - Alex Winters
[2023-02-02T10:02:11.838+0000] {logging_mixin.py:137} INFO - Toni Frank
[2023-02-02T10:02:11.843+0000] {logging_mixin.py:137} INFO - Kathleen Snyder
[2023-02-02T10:02:11.851+0000] {logging_mixin.py:137} INFO - Anna Lopez
[2023-02-02T10:02:11.865+0000] {logging_mixin.py:137} INFO - Charles Brown
[2023-02-02T10:02:11.870+0000] {logging_mixin.py:137} INFO - Barry Ross
[2023-02-02T10:02:11.872+0000] {logging_mixin.py:137} INFO - Emily Ramirez
[2023-02-02T10:02:11.876+0000] {logging_mixin.py:137} INFO - Anna Williams
[2023-02-02T10:02:11.882+0000] {logging_mixin.py:137} INFO - Kristin Pennington
[2023-02-02T10:02:11.885+0000] {logging_mixin.py:137} INFO - Mary Aguirre
[2023-02-02T10:02:11.887+0000] {logging_mixin.py:137} INFO - Austin Santos
[2023-02-02T10:02:11.889+0000] {logging_mixin.py:137} INFO - David Nelson
[2023-02-02T10:02:11.891+0000] {logging_mixin.py:137} INFO - Alyssa Mcbride
[2023-02-02T10:02:11.895+0000] {logging_mixin.py:137} INFO - Lisa Gibson
[2023-02-02T10:02:11.898+0000] {logging_mixin.py:137} INFO - Alexander Kelly
[2023-02-02T10:02:11.901+0000] {logging_mixin.py:137} INFO - Ronald Thomas
[2023-02-02T10:02:11.915+0000] {logging_mixin.py:137} INFO - Michael Hurst
[2023-02-02T10:02:11.920+0000] {logging_mixin.py:137} INFO - Lauren Ward
[2023-02-02T10:02:11.923+0000] {logging_mixin.py:137} INFO - Christian Terry
[2023-02-02T10:02:11.929+0000] {logging_mixin.py:137} INFO - Jared Black
[2023-02-02T10:02:11.937+0000] {logging_mixin.py:137} INFO - Anthony Brown
[2023-02-02T10:02:11.941+0000] {logging_mixin.py:137} INFO - John Cole
[2023-02-02T10:02:11.945+0000] {logging_mixin.py:137} INFO - David Lee
[2023-02-02T10:02:11.948+0000] {logging_mixin.py:137} INFO - Lori Thomas
[2023-02-02T10:02:11.950+0000] {logging_mixin.py:137} INFO - Daniel Herman
[2023-02-02T10:02:11.952+0000] {logging_mixin.py:137} INFO - Pam Williams
[2023-02-02T10:02:11.962+0000] {logging_mixin.py:137} INFO - Sarah Jenkins
[2023-02-02T10:02:11.964+0000] {logging_mixin.py:137} INFO - Susan Mitchell
[2023-02-02T10:02:11.971+0000] {logging_mixin.py:137} INFO - Jacqueline Green
[2023-02-02T10:02:11.978+0000] {logging_mixin.py:137} INFO - Victoria Garrison
[2023-02-02T10:02:11.983+0000] {logging_mixin.py:137} INFO - Jonathan Daniels
[2023-02-02T10:02:11.996+0000] {logging_mixin.py:137} INFO - Trevor Hansen
[2023-02-02T10:02:11.999+0000] {logging_mixin.py:137} INFO - Laurie Bowen
[2023-02-02T10:02:12.003+0000] {logging_mixin.py:137} INFO - James Cline
[2023-02-02T10:02:12.017+0000] {logging_mixin.py:137} INFO - Michael Rose
[2023-02-02T10:02:12.020+0000] {logging_mixin.py:137} INFO - Lawrence Juarez
[2023-02-02T10:02:12.024+0000] {logging_mixin.py:137} INFO - Lucas Caldwell
[2023-02-02T10:02:12.028+0000] {logging_mixin.py:137} INFO - Laura Jackson
[2023-02-02T10:02:12.031+0000] {logging_mixin.py:137} INFO - Sherri Thornton
[2023-02-02T10:02:12.034+0000] {logging_mixin.py:137} INFO - Alice Wilson
[2023-02-02T10:02:12.036+0000] {logging_mixin.py:137} INFO - Diane Williams
[2023-02-02T10:02:12.039+0000] {logging_mixin.py:137} INFO - Kara Martin
[2023-02-02T10:02:12.041+0000] {logging_mixin.py:137} INFO - Joseph Moore
[2023-02-02T10:02:12.045+0000] {logging_mixin.py:137} INFO - Jesse Moses
[2023-02-02T10:02:12.059+0000] {logging_mixin.py:137} INFO - Lisa Mccall
[2023-02-02T10:02:12.063+0000] {logging_mixin.py:137} INFO - Alexandra Mccoy
[2023-02-02T10:02:12.073+0000] {logging_mixin.py:137} INFO - Daniel Martin
[2023-02-02T10:02:12.077+0000] {logging_mixin.py:137} INFO - Claudia Peck
[2023-02-02T10:02:12.092+0000] {logging_mixin.py:137} INFO - Jessica Mcconnell
[2023-02-02T10:02:12.100+0000] {logging_mixin.py:137} INFO - Kevin Walker
[2023-02-02T10:02:12.116+0000] {logging_mixin.py:137} INFO - Christina Lee
[2023-02-02T10:02:12.127+0000] {logging_mixin.py:137} INFO - Christopher Schroeder
[2023-02-02T10:02:12.131+0000] {logging_mixin.py:137} INFO - Melissa Parker
[2023-02-02T10:02:12.133+0000] {logging_mixin.py:137} INFO - Janet Molina
[2023-02-02T10:02:12.148+0000] {logging_mixin.py:137} INFO - Barbara Harris
[2023-02-02T10:02:12.170+0000] {logging_mixin.py:137} INFO - Joseph Hurley
[2023-02-02T10:02:12.172+0000] {logging_mixin.py:137} INFO - Greg Hayden
[2023-02-02T10:02:12.178+0000] {logging_mixin.py:137} INFO - Edwin Adams
[2023-02-02T10:02:12.181+0000] {logging_mixin.py:137} INFO - Ashley Hunter
[2023-02-02T10:02:12.191+0000] {logging_mixin.py:137} INFO - Jennifer Tucker
[2023-02-02T10:02:12.197+0000] {logging_mixin.py:137} INFO - Eddie Gray
[2023-02-02T10:02:12.201+0000] {logging_mixin.py:137} INFO - Jennifer Evans
[2023-02-02T10:02:12.292+0000] {logging_mixin.py:137} INFO - Stephen Carey
[2023-02-02T10:02:12.300+0000] {logging_mixin.py:137} INFO - Samantha Campos
[2023-02-02T10:02:12.305+0000] {logging_mixin.py:137} INFO - Meagan Brown
[2023-02-02T10:02:12.318+0000] {logging_mixin.py:137} INFO - Miss Marisa Barber
[2023-02-02T10:02:12.321+0000] {logging_mixin.py:137} INFO - Jay Mann
[2023-02-02T10:02:12.323+0000] {logging_mixin.py:137} INFO - Matthew Campbell
[2023-02-02T10:02:12.325+0000] {logging_mixin.py:137} INFO - Brent Rodriguez
[2023-02-02T10:02:12.333+0000] {logging_mixin.py:137} INFO - Teresa Ross
[2023-02-02T10:02:12.335+0000] {logging_mixin.py:137} INFO - Mary Martinez
[2023-02-02T10:02:12.345+0000] {logging_mixin.py:137} INFO - Joseph Lewis
[2023-02-02T10:02:12.349+0000] {logging_mixin.py:137} INFO - Dale Davis
[2023-02-02T10:02:12.355+0000] {logging_mixin.py:137} INFO - Elizabeth Evans
[2023-02-02T10:02:12.366+0000] {logging_mixin.py:137} INFO - Shannon Wang
[2023-02-02T10:02:12.374+0000] {logging_mixin.py:137} INFO - Brandon Campbell
[2023-02-02T10:02:12.381+0000] {logging_mixin.py:137} INFO - Rhonda Pace
[2023-02-02T10:02:12.385+0000] {logging_mixin.py:137} INFO - Sarah Santos
[2023-02-02T10:02:12.392+0000] {logging_mixin.py:137} INFO - Jacob Ford
[2023-02-02T10:02:12.397+0000] {logging_mixin.py:137} INFO - Matthew Hansen
[2023-02-02T10:02:12.407+0000] {logging_mixin.py:137} INFO - Amy Ray
[2023-02-02T10:02:12.416+0000] {logging_mixin.py:137} INFO - Aaron Fields
[2023-02-02T10:02:12.423+0000] {logging_mixin.py:137} INFO - Mary Taylor
[2023-02-02T10:02:12.432+0000] {logging_mixin.py:137} INFO - James Morris
[2023-02-02T10:02:12.437+0000] {logging_mixin.py:137} INFO - Darrell Cain
[2023-02-02T10:02:12.443+0000] {logging_mixin.py:137} INFO - Michael Smith
[2023-02-02T10:02:12.457+0000] {logging_mixin.py:137} INFO - Scott Coleman
[2023-02-02T10:02:12.461+0000] {logging_mixin.py:137} INFO - David Fitzpatrick
[2023-02-02T10:02:12.471+0000] {logging_mixin.py:137} INFO - Debra Shepherd
[2023-02-02T10:02:12.473+0000] {logging_mixin.py:137} INFO - Paul Rush
[2023-02-02T10:02:12.477+0000] {logging_mixin.py:137} INFO - Brett Hernandez
[2023-02-02T10:02:12.481+0000] {logging_mixin.py:137} INFO - Sheila Riddle
[2023-02-02T10:02:12.486+0000] {logging_mixin.py:137} INFO - Joan Austin
[2023-02-02T10:02:12.488+0000] {logging_mixin.py:137} INFO - Michael Garcia
[2023-02-02T10:02:12.491+0000] {logging_mixin.py:137} INFO - Natalie Harris
[2023-02-02T10:02:12.498+0000] {logging_mixin.py:137} INFO - Steven Dean
[2023-02-02T10:02:12.504+0000] {logging_mixin.py:137} INFO - John Brown
[2023-02-02T10:02:12.510+0000] {logging_mixin.py:137} INFO - Keith Zimmerman
[2023-02-02T10:02:12.514+0000] {logging_mixin.py:137} INFO - Curtis Byrd
[2023-02-02T10:02:12.519+0000] {logging_mixin.py:137} INFO - Mariah Green
[2023-02-02T10:02:12.523+0000] {logging_mixin.py:137} INFO - Roger Huynh
[2023-02-02T10:02:12.530+0000] {logging_mixin.py:137} INFO - Christopher Zamora
[2023-02-02T10:02:12.533+0000] {logging_mixin.py:137} INFO - Joyce Crawford
[2023-02-02T10:02:12.534+0000] {logging_mixin.py:137} INFO - Angela Smith
[2023-02-02T10:02:12.538+0000] {logging_mixin.py:137} INFO - Veronica Robinson
[2023-02-02T10:02:12.566+0000] {logging_mixin.py:137} INFO - Christopher Bates
[2023-02-02T10:02:12.572+0000] {logging_mixin.py:137} INFO - Steve Stone
[2023-02-02T10:02:12.585+0000] {logging_mixin.py:137} INFO - William Cook
[2023-02-02T10:02:12.591+0000] {logging_mixin.py:137} INFO - Lori Wood
[2023-02-02T10:02:12.595+0000] {logging_mixin.py:137} INFO - Jillian Reynolds
[2023-02-02T10:02:12.599+0000] {logging_mixin.py:137} INFO - Angela Caldwell
[2023-02-02T10:02:12.607+0000] {logging_mixin.py:137} INFO - Shane Campbell
[2023-02-02T10:02:12.609+0000] {logging_mixin.py:137} INFO - Karen Lawrence
[2023-02-02T10:02:12.615+0000] {logging_mixin.py:137} INFO - Kimberly Wood
[2023-02-02T10:02:12.617+0000] {logging_mixin.py:137} INFO - Samantha Lopez
[2023-02-02T10:02:12.628+0000] {logging_mixin.py:137} INFO - Harold Miller
[2023-02-02T10:02:12.637+0000] {logging_mixin.py:137} INFO - Raymond Cooper DVM
[2023-02-02T10:02:12.639+0000] {logging_mixin.py:137} INFO - Kristen Patel
[2023-02-02T10:02:12.642+0000] {logging_mixin.py:137} INFO - Anthony Mejia
[2023-02-02T10:02:12.649+0000] {logging_mixin.py:137} INFO - Raymond Thomas
[2023-02-02T10:02:12.655+0000] {logging_mixin.py:137} INFO - Scott Young
[2023-02-02T10:02:12.660+0000] {logging_mixin.py:137} INFO - David Larson
[2023-02-02T10:02:12.667+0000] {logging_mixin.py:137} INFO - Jon Murray
[2023-02-02T10:02:12.670+0000] {logging_mixin.py:137} INFO - Stephen Taylor
[2023-02-02T10:02:12.676+0000] {logging_mixin.py:137} INFO - Jennifer Hernandez
[2023-02-02T10:02:12.683+0000] {logging_mixin.py:137} INFO - Stacy Smith
[2023-02-02T10:02:12.686+0000] {logging_mixin.py:137} INFO - Juan Owens
[2023-02-02T10:02:12.689+0000] {logging_mixin.py:137} INFO - Brian Adkins
[2023-02-02T10:02:12.693+0000] {logging_mixin.py:137} INFO - Jesse Wells
[2023-02-02T10:02:12.700+0000] {logging_mixin.py:137} INFO - Kyle Matthews
[2023-02-02T10:02:12.704+0000] {logging_mixin.py:137} INFO - Dustin Russell
[2023-02-02T10:02:12.712+0000] {logging_mixin.py:137} INFO - Richard White
[2023-02-02T10:02:12.717+0000] {logging_mixin.py:137} INFO - Brittany Nichols
[2023-02-02T10:02:12.723+0000] {logging_mixin.py:137} INFO - Colton Kelly
[2023-02-02T10:02:12.729+0000] {logging_mixin.py:137} INFO - William Perry
[2023-02-02T10:02:12.735+0000] {logging_mixin.py:137} INFO - Thomas Cummings
[2023-02-02T10:02:12.743+0000] {logging_mixin.py:137} INFO - Timothy Ballard
[2023-02-02T10:02:12.748+0000] {logging_mixin.py:137} INFO - Richard Washington
[2023-02-02T10:02:12.752+0000] {logging_mixin.py:137} INFO - Joshua Lam
[2023-02-02T10:02:12.754+0000] {logging_mixin.py:137} INFO - Grant Jackson
[2023-02-02T10:02:12.758+0000] {logging_mixin.py:137} INFO - Erin Baker
[2023-02-02T10:02:12.764+0000] {logging_mixin.py:137} INFO - Scott Flowers
[2023-02-02T10:02:12.766+0000] {logging_mixin.py:137} INFO - James Adams
[2023-02-02T10:02:12.774+0000] {logging_mixin.py:137} INFO - Heather Alvarado
[2023-02-02T10:02:12.777+0000] {logging_mixin.py:137} INFO - Jennifer Snow
[2023-02-02T10:02:12.780+0000] {logging_mixin.py:137} INFO - Mario Jackson
[2023-02-02T10:02:12.796+0000] {logging_mixin.py:137} INFO - Kevin Collins
[2023-02-02T10:02:12.802+0000] {logging_mixin.py:137} INFO - Danielle Garcia
[2023-02-02T10:02:12.807+0000] {logging_mixin.py:137} INFO - Brenda Jackson
[2023-02-02T10:02:12.818+0000] {logging_mixin.py:137} INFO - Ashley Parker
[2023-02-02T10:02:12.823+0000] {logging_mixin.py:137} INFO - Angela Hickman
[2023-02-02T10:02:12.830+0000] {logging_mixin.py:137} INFO - Carol Rodriguez
[2023-02-02T10:02:12.835+0000] {logging_mixin.py:137} INFO - Vernon Anderson
[2023-02-02T10:02:12.843+0000] {logging_mixin.py:137} INFO - Jesus Church
[2023-02-02T10:02:12.846+0000] {logging_mixin.py:137} INFO - Michelle Medina
[2023-02-02T10:02:12.849+0000] {logging_mixin.py:137} INFO - Nancy Bryant
[2023-02-02T10:02:12.852+0000] {logging_mixin.py:137} INFO - Jennifer Martinez
[2023-02-02T10:02:12.864+0000] {logging_mixin.py:137} INFO - Amy Dougherty
[2023-02-02T10:02:12.870+0000] {logging_mixin.py:137} INFO - Alexis Sanders
[2023-02-02T10:02:12.874+0000] {logging_mixin.py:137} INFO - Austin Salazar
[2023-02-02T10:02:12.881+0000] {logging_mixin.py:137} INFO - Amy Williams
[2023-02-02T10:02:12.885+0000] {logging_mixin.py:137} INFO - Richard Haynes
[2023-02-02T10:02:12.891+0000] {logging_mixin.py:137} INFO - Christine Stark
[2023-02-02T10:02:12.895+0000] {logging_mixin.py:137} INFO - Anita Medina
[2023-02-02T10:02:12.898+0000] {logging_mixin.py:137} INFO - Mr. Thomas Duran
[2023-02-02T10:02:12.903+0000] {logging_mixin.py:137} INFO - Mr. Russell Peterson
[2023-02-02T10:02:12.910+0000] {logging_mixin.py:137} INFO - Jack Richard
[2023-02-02T10:02:12.916+0000] {logging_mixin.py:137} INFO - Michelle Erickson
[2023-02-02T10:02:12.929+0000] {logging_mixin.py:137} INFO - Mitchell Williams
[2023-02-02T10:02:12.952+0000] {logging_mixin.py:137} INFO - Adrian Herrera
[2023-02-02T10:02:12.981+0000] {logging_mixin.py:137} INFO - Michael Brady
[2023-02-02T10:02:12.987+0000] {logging_mixin.py:137} INFO - Jamie Zhang
[2023-02-02T10:02:12.990+0000] {logging_mixin.py:137} INFO - Helen Brennan
[2023-02-02T10:02:12.993+0000] {logging_mixin.py:137} INFO - John Myers
[2023-02-02T10:02:12.999+0000] {logging_mixin.py:137} INFO - Patricia Nash
[2023-02-02T10:02:13.001+0000] {logging_mixin.py:137} INFO - Michael Johnson
[2023-02-02T10:02:13.005+0000] {logging_mixin.py:137} INFO - Anita Berger
[2023-02-02T10:02:13.013+0000] {logging_mixin.py:137} INFO - Jason Guerrero DVM
[2023-02-02T10:02:13.026+0000] {logging_mixin.py:137} INFO - Kimberly Davis
[2023-02-02T10:02:13.030+0000] {logging_mixin.py:137} INFO - Bryan Hansen
[2023-02-02T10:02:13.035+0000] {logging_mixin.py:137} INFO - Rebecca Obrien
[2023-02-02T10:02:13.037+0000] {logging_mixin.py:137} INFO - Sarah Santiago
[2023-02-02T10:02:13.040+0000] {logging_mixin.py:137} INFO - Christine Lane
[2023-02-02T10:02:13.051+0000] {logging_mixin.py:137} INFO - Jerry Lewis
[2023-02-02T10:02:13.055+0000] {logging_mixin.py:137} INFO - Stephanie Miller
[2023-02-02T10:02:13.062+0000] {logging_mixin.py:137} INFO - Kristi Bradley
[2023-02-02T10:02:13.071+0000] {logging_mixin.py:137} INFO - Darren Moore
[2023-02-02T10:02:13.077+0000] {logging_mixin.py:137} INFO - Kristina Cunningham
[2023-02-02T10:02:13.081+0000] {logging_mixin.py:137} INFO - Laurie Moore
[2023-02-02T10:02:13.100+0000] {logging_mixin.py:137} INFO - Aaron Lewis
[2023-02-02T10:02:13.103+0000] {logging_mixin.py:137} INFO - Theresa Vang
[2023-02-02T10:02:13.118+0000] {logging_mixin.py:137} INFO - Chase Reese
[2023-02-02T10:02:13.122+0000] {logging_mixin.py:137} INFO - Matthew Ferguson
[2023-02-02T10:02:13.134+0000] {logging_mixin.py:137} INFO - Victoria Lewis
[2023-02-02T10:02:13.138+0000] {logging_mixin.py:137} INFO - Jon Scott
[2023-02-02T10:02:13.149+0000] {logging_mixin.py:137} INFO - Lisa Campbell
[2023-02-02T10:02:13.156+0000] {logging_mixin.py:137} INFO - David Ramirez
[2023-02-02T10:02:13.158+0000] {logging_mixin.py:137} INFO - Gabriel Rosario
[2023-02-02T10:02:13.169+0000] {logging_mixin.py:137} INFO - Kristi Johnson
[2023-02-02T10:02:13.180+0000] {logging_mixin.py:137} INFO - Jennifer Schwartz
[2023-02-02T10:02:13.185+0000] {logging_mixin.py:137} INFO - Daniel Norton
[2023-02-02T10:02:13.201+0000] {logging_mixin.py:137} INFO - Richard Montoya
[2023-02-02T10:02:13.206+0000] {logging_mixin.py:137} INFO - Daniel Norris
[2023-02-02T10:02:13.215+0000] {logging_mixin.py:137} INFO - Chad Taylor
[2023-02-02T10:02:13.219+0000] {logging_mixin.py:137} INFO - Angie Allen
[2023-02-02T10:02:13.226+0000] {logging_mixin.py:137} INFO - Michael Brooks
[2023-02-02T10:02:13.234+0000] {logging_mixin.py:137} INFO - Hannah Poole
[2023-02-02T10:02:13.246+0000] {logging_mixin.py:137} INFO - Caitlin Ray
[2023-02-02T10:02:13.248+0000] {logging_mixin.py:137} INFO - Mr. Steven Gardner
[2023-02-02T10:02:13.252+0000] {logging_mixin.py:137} INFO - Jennifer Macdonald
[2023-02-02T10:02:13.255+0000] {logging_mixin.py:137} INFO - Vanessa Small
[2023-02-02T10:02:13.262+0000] {logging_mixin.py:137} INFO - Dennis Gray
[2023-02-02T10:02:13.268+0000] {logging_mixin.py:137} INFO - Sandra Kirk
[2023-02-02T10:02:13.270+0000] {logging_mixin.py:137} INFO - Jason Wagner
[2023-02-02T10:02:13.271+0000] {logging_mixin.py:137} INFO - David Owen
[2023-02-02T10:02:13.272+0000] {logging_mixin.py:137} INFO - Rose Terrell
[2023-02-02T10:02:13.274+0000] {logging_mixin.py:137} INFO - James Green MD
[2023-02-02T10:02:13.278+0000] {logging_mixin.py:137} INFO - Tammy Patel
[2023-02-02T10:02:13.287+0000] {logging_mixin.py:137} INFO - Joseph Lucero
[2023-02-02T10:02:13.289+0000] {logging_mixin.py:137} INFO - Stephanie Rojas
[2023-02-02T10:02:13.293+0000] {logging_mixin.py:137} INFO - Brittany Johnson
[2023-02-02T10:02:13.304+0000] {logging_mixin.py:137} INFO - Christina Cummings
[2023-02-02T10:02:13.306+0000] {logging_mixin.py:137} INFO - Eric Downs
[2023-02-02T10:02:13.308+0000] {logging_mixin.py:137} INFO - Paul Finley
[2023-02-02T10:02:13.316+0000] {logging_mixin.py:137} INFO - Danielle Jackson
[2023-02-02T10:02:13.319+0000] {logging_mixin.py:137} INFO - Anna Johnston
[2023-02-02T10:02:13.325+0000] {logging_mixin.py:137} INFO - Ashlee Hodges
[2023-02-02T10:02:13.331+0000] {logging_mixin.py:137} INFO - Thomas Francis
[2023-02-02T10:02:13.336+0000] {logging_mixin.py:137} INFO - Cody Baird
[2023-02-02T10:02:13.339+0000] {logging_mixin.py:137} INFO - Jeffrey Walter
[2023-02-02T10:02:13.343+0000] {logging_mixin.py:137} INFO - Hannah West
[2023-02-02T10:02:13.345+0000] {logging_mixin.py:137} INFO - Anthony Byrd
[2023-02-02T10:02:13.349+0000] {logging_mixin.py:137} INFO - Julie Ramirez
[2023-02-02T10:02:13.354+0000] {logging_mixin.py:137} INFO - Seth Peters
[2023-02-02T10:02:13.360+0000] {logging_mixin.py:137} INFO - Keith Salas
[2023-02-02T10:02:13.366+0000] {logging_mixin.py:137} INFO - Kathryn Evans
[2023-02-02T10:02:13.371+0000] {logging_mixin.py:137} INFO - Dr. Maria Scott
[2023-02-02T10:02:13.378+0000] {logging_mixin.py:137} INFO - Brenda Thomas
[2023-02-02T10:02:13.396+0000] {logging_mixin.py:137} INFO - Travis Douglas
[2023-02-02T10:02:13.402+0000] {logging_mixin.py:137} INFO - Kurt Santos
[2023-02-02T10:02:13.407+0000] {logging_mixin.py:137} INFO - Sean Parrish
[2023-02-02T10:02:13.413+0000] {logging_mixin.py:137} INFO - Brittany Walls
[2023-02-02T10:02:13.427+0000] {logging_mixin.py:137} INFO - Gail Brooks
[2023-02-02T10:02:13.432+0000] {logging_mixin.py:137} INFO - Valerie Johnson
[2023-02-02T10:02:13.442+0000] {logging_mixin.py:137} INFO - Jessica Dunn
[2023-02-02T10:02:13.454+0000] {logging_mixin.py:137} INFO - Chad Robinson
[2023-02-02T10:02:13.459+0000] {logging_mixin.py:137} INFO - Catherine Combs
[2023-02-02T10:02:13.461+0000] {logging_mixin.py:137} INFO - Joshua Boyd
[2023-02-02T10:02:13.465+0000] {logging_mixin.py:137} INFO - Alicia Barnett DVM
[2023-02-02T10:02:13.467+0000] {logging_mixin.py:137} INFO - Kevin Cervantes
[2023-02-02T10:02:13.471+0000] {logging_mixin.py:137} INFO - Larry Lester
[2023-02-02T10:02:13.478+0000] {logging_mixin.py:137} INFO - Deanna Espinoza
[2023-02-02T10:02:13.482+0000] {logging_mixin.py:137} INFO - Marilyn Davis
[2023-02-02T10:02:13.502+0000] {logging_mixin.py:137} INFO - Michael Weeks
[2023-02-02T10:02:13.505+0000] {logging_mixin.py:137} INFO - Brandon Stanton
[2023-02-02T10:02:13.511+0000] {logging_mixin.py:137} INFO - Ryan Boyer Jr.
[2023-02-02T10:02:13.514+0000] {logging_mixin.py:137} INFO - Amanda Elliott
[2023-02-02T10:02:13.516+0000] {logging_mixin.py:137} INFO - David Moore
[2023-02-02T10:02:13.518+0000] {logging_mixin.py:137} INFO - Andre Williams
[2023-02-02T10:02:13.524+0000] {logging_mixin.py:137} INFO - Jennifer Garcia
[2023-02-02T10:02:13.534+0000] {logging_mixin.py:137} INFO - Tracey Cook
[2023-02-02T10:02:13.539+0000] {logging_mixin.py:137} INFO - Michael Turner
[2023-02-02T10:02:13.548+0000] {logging_mixin.py:137} INFO - Diana Long
[2023-02-02T10:02:13.552+0000] {logging_mixin.py:137} INFO - John Bradley
[2023-02-02T10:02:13.559+0000] {logging_mixin.py:137} INFO - Ann Benjamin
[2023-02-02T10:02:13.570+0000] {logging_mixin.py:137} INFO - Shane House
[2023-02-02T10:02:13.574+0000] {logging_mixin.py:137} INFO - Erin Lee
[2023-02-02T10:02:13.582+0000] {logging_mixin.py:137} INFO - Joseph Gray
[2023-02-02T10:02:13.594+0000] {logging_mixin.py:137} INFO - Betty Gibson
[2023-02-02T10:02:13.596+0000] {logging_mixin.py:137} INFO - Kristen Graham
[2023-02-02T10:02:13.600+0000] {logging_mixin.py:137} INFO - Daniel Meza
[2023-02-02T10:02:13.604+0000] {logging_mixin.py:137} INFO - Sherri Carpenter
[2023-02-02T10:02:13.607+0000] {logging_mixin.py:137} INFO - Andrea Sanchez
[2023-02-02T10:02:13.611+0000] {logging_mixin.py:137} INFO - Jordan Rios
[2023-02-02T10:02:13.625+0000] {logging_mixin.py:137} INFO - Elizabeth Jackson
[2023-02-02T10:02:13.637+0000] {logging_mixin.py:137} INFO - Elizabeth Myers
[2023-02-02T10:02:13.640+0000] {logging_mixin.py:137} INFO - Juan Barnes
[2023-02-02T10:02:13.645+0000] {logging_mixin.py:137} INFO - Christopher Lozano
[2023-02-02T10:02:13.648+0000] {logging_mixin.py:137} INFO - Jacqueline Griffin
[2023-02-02T10:02:13.651+0000] {logging_mixin.py:137} INFO - Ryan Mason
[2023-02-02T10:02:13.658+0000] {logging_mixin.py:137} INFO - Jonathan Moore
[2023-02-02T10:02:13.666+0000] {logging_mixin.py:137} INFO - Abigail Landry
[2023-02-02T10:02:13.668+0000] {logging_mixin.py:137} INFO - Brenda Hernandez
[2023-02-02T10:02:13.670+0000] {logging_mixin.py:137} INFO - Zachary Pitts
[2023-02-02T10:02:13.674+0000] {logging_mixin.py:137} INFO - Amanda Rogers
[2023-02-02T10:02:13.677+0000] {logging_mixin.py:137} INFO - Cynthia Gray
[2023-02-02T10:02:13.680+0000] {logging_mixin.py:137} INFO - Tyler Barajas
[2023-02-02T10:02:13.681+0000] {logging_mixin.py:137} INFO - Michelle Leon
[2023-02-02T10:02:13.683+0000] {logging_mixin.py:137} INFO - Kathy Lang
[2023-02-02T10:02:13.686+0000] {logging_mixin.py:137} INFO - Scott Townsend MD
[2023-02-02T10:02:13.690+0000] {logging_mixin.py:137} INFO - Theresa Acosta
[2023-02-02T10:02:13.692+0000] {logging_mixin.py:137} INFO - David Jones
[2023-02-02T10:02:13.695+0000] {logging_mixin.py:137} INFO - Jeremy Robinson
[2023-02-02T10:02:13.698+0000] {logging_mixin.py:137} INFO - James Newton
[2023-02-02T10:02:13.703+0000] {logging_mixin.py:137} INFO - Tracey Wells
[2023-02-02T10:02:13.705+0000] {logging_mixin.py:137} INFO - Maria Nelson
[2023-02-02T10:02:13.707+0000] {logging_mixin.py:137} INFO - Christopher Griffith
[2023-02-02T10:02:13.709+0000] {logging_mixin.py:137} INFO - Zachary Griffin
[2023-02-02T10:02:13.711+0000] {logging_mixin.py:137} INFO - Amy Nguyen
[2023-02-02T10:02:13.713+0000] {logging_mixin.py:137} INFO - April Williams
[2023-02-02T10:02:13.715+0000] {logging_mixin.py:137} INFO - Marissa Kelly
[2023-02-02T10:02:13.720+0000] {logging_mixin.py:137} INFO - Brian Lopez PhD
[2023-02-02T10:02:13.724+0000] {logging_mixin.py:137} INFO - William Williams
[2023-02-02T10:02:13.727+0000] {logging_mixin.py:137} INFO - Norman Brown
[2023-02-02T10:02:13.729+0000] {logging_mixin.py:137} INFO - Charles Fuentes
[2023-02-02T10:02:13.731+0000] {logging_mixin.py:137} INFO - Anthony Chang
[2023-02-02T10:02:13.733+0000] {logging_mixin.py:137} INFO - Mary Bell
[2023-02-02T10:02:13.743+0000] {logging_mixin.py:137} INFO - Elizabeth Stuart
[2023-02-02T10:02:13.744+0000] {logging_mixin.py:137} INFO - Mary Mcdonald
[2023-02-02T10:02:13.747+0000] {logging_mixin.py:137} INFO - Martin Harrison
[2023-02-02T10:02:13.750+0000] {logging_mixin.py:137} INFO - Stephanie Fernandez
[2023-02-02T10:02:13.752+0000] {logging_mixin.py:137} INFO - Christopher Brown
[2023-02-02T10:02:13.754+0000] {logging_mixin.py:137} INFO - Alexander Stephenson
[2023-02-02T10:02:13.756+0000] {logging_mixin.py:137} INFO - Grace Diaz
[2023-02-02T10:02:13.757+0000] {logging_mixin.py:137} INFO - Frank Bartlett
[2023-02-02T10:02:13.760+0000] {logging_mixin.py:137} INFO - Audrey Andersen
[2023-02-02T10:02:13.762+0000] {logging_mixin.py:137} INFO - David Green
[2023-02-02T10:02:13.764+0000] {logging_mixin.py:137} INFO - Joshua Diaz Jr.
[2023-02-02T10:02:13.766+0000] {logging_mixin.py:137} INFO - Emily Garcia
[2023-02-02T10:02:13.771+0000] {logging_mixin.py:137} INFO - Devin Hall
[2023-02-02T10:02:13.773+0000] {logging_mixin.py:137} INFO - Phillip Garner
[2023-02-02T10:02:13.782+0000] {logging_mixin.py:137} INFO - Katherine Estrada
[2023-02-02T10:02:13.786+0000] {logging_mixin.py:137} INFO - Corey Saunders
[2023-02-02T10:02:13.793+0000] {logging_mixin.py:137} INFO - Kimberly Collins
[2023-02-02T10:02:13.795+0000] {logging_mixin.py:137} INFO - Amy Elliott
[2023-02-02T10:02:13.796+0000] {logging_mixin.py:137} INFO - Tanya Jones
[2023-02-02T10:02:13.797+0000] {logging_mixin.py:137} INFO - Patricia Gonzalez
[2023-02-02T10:02:13.799+0000] {logging_mixin.py:137} INFO - Jennifer Hill
[2023-02-02T10:02:13.800+0000] {logging_mixin.py:137} INFO - John Haynes
[2023-02-02T10:02:13.805+0000] {logging_mixin.py:137} INFO - Jacob Henry
[2023-02-02T10:02:13.807+0000] {logging_mixin.py:137} INFO - Daniel Clark
[2023-02-02T10:02:13.810+0000] {logging_mixin.py:137} INFO - Jonathon Taylor
[2023-02-02T10:02:13.812+0000] {logging_mixin.py:137} INFO - Jesse Evans
[2023-02-02T10:02:13.813+0000] {logging_mixin.py:137} INFO - James Martinez
[2023-02-02T10:02:13.815+0000] {logging_mixin.py:137} INFO - Kyle Reyes
[2023-02-02T10:02:13.818+0000] {logging_mixin.py:137} INFO - Terrence Barker
[2023-02-02T10:02:13.823+0000] {logging_mixin.py:137} INFO - Anthony Washington
[2023-02-02T10:02:13.825+0000] {logging_mixin.py:137} INFO - Dustin Le
[2023-02-02T10:02:13.828+0000] {logging_mixin.py:137} INFO - Bruce Clark
[2023-02-02T10:02:13.831+0000] {logging_mixin.py:137} INFO - Keith Anthony
[2023-02-02T10:02:13.836+0000] {logging_mixin.py:137} INFO - Jeremiah Stone
[2023-02-02T10:02:13.838+0000] {logging_mixin.py:137} INFO - Michael Haley
[2023-02-02T10:02:13.842+0000] {logging_mixin.py:137} INFO - Regina Carrillo
[2023-02-02T10:02:13.848+0000] {logging_mixin.py:137} INFO - Jacob Lee
[2023-02-02T10:02:13.858+0000] {logging_mixin.py:137} INFO - Thomas Gonzalez
[2023-02-02T10:02:13.863+0000] {logging_mixin.py:137} INFO - Mark Lawrence
[2023-02-02T10:02:13.866+0000] {logging_mixin.py:137} INFO - Matthew Anderson
[2023-02-02T10:02:13.867+0000] {logging_mixin.py:137} INFO - Nicholas Young
[2023-02-02T10:02:13.871+0000] {logging_mixin.py:137} INFO - Melvin Martinez
[2023-02-02T10:02:13.875+0000] {logging_mixin.py:137} INFO - Scott Green
[2023-02-02T10:02:13.878+0000] {logging_mixin.py:137} INFO - Dana Richards
[2023-02-02T10:02:13.880+0000] {logging_mixin.py:137} INFO - Lauren Moore
[2023-02-02T10:02:13.883+0000] {logging_mixin.py:137} INFO - Terry Campbell
[2023-02-02T10:02:13.885+0000] {logging_mixin.py:137} INFO - Ralph Jordan
[2023-02-02T10:02:13.888+0000] {logging_mixin.py:137} INFO - Noah Reyes
[2023-02-02T10:02:13.894+0000] {logging_mixin.py:137} INFO - Mr. Gregory Mills MD
[2023-02-02T10:02:13.898+0000] {logging_mixin.py:137} INFO - Michelle Yates
[2023-02-02T10:02:13.900+0000] {logging_mixin.py:137} INFO - Robin Reyes
[2023-02-02T10:02:13.904+0000] {logging_mixin.py:137} INFO - Rebecca Smith
[2023-02-02T10:02:13.906+0000] {logging_mixin.py:137} INFO - Nicole Torres
[2023-02-02T10:02:13.908+0000] {logging_mixin.py:137} INFO - Ronald Jones
[2023-02-02T10:02:13.910+0000] {logging_mixin.py:137} INFO - Michael Castaneda
[2023-02-02T10:02:13.913+0000] {logging_mixin.py:137} INFO - Christopher Krueger
[2023-02-02T10:02:13.916+0000] {logging_mixin.py:137} INFO - Jennifer Werner
[2023-02-02T10:02:13.922+0000] {logging_mixin.py:137} INFO - Ashley Smith
[2023-02-02T10:02:13.924+0000] {logging_mixin.py:137} INFO - Alyssa Fields
[2023-02-02T10:02:13.927+0000] {logging_mixin.py:137} INFO - John Scott
[2023-02-02T10:02:13.932+0000] {logging_mixin.py:137} INFO - Debra Delacruz
[2023-02-02T10:02:13.939+0000] {logging_mixin.py:137} INFO - James Madden
[2023-02-02T10:02:13.940+0000] {logging_mixin.py:137} INFO - Joseph Gentry
[2023-02-02T10:02:13.952+0000] {logging_mixin.py:137} INFO - Ashley Cabrera
[2023-02-02T10:02:13.957+0000] {logging_mixin.py:137} INFO - Jennifer Fernandez
[2023-02-02T10:02:13.960+0000] {logging_mixin.py:137} INFO - James Harris
[2023-02-02T10:02:13.963+0000] {logging_mixin.py:137} INFO - Candice Young
[2023-02-02T10:02:13.966+0000] {logging_mixin.py:137} INFO - Lisa Baker
[2023-02-02T10:02:13.970+0000] {logging_mixin.py:137} INFO - Brian Mills DDS
[2023-02-02T10:02:13.976+0000] {logging_mixin.py:137} INFO - Kristin Smith
[2023-02-02T10:02:13.978+0000] {logging_mixin.py:137} INFO - Jacob Collins
[2023-02-02T10:02:13.982+0000] {logging_mixin.py:137} INFO - Kimberly Harris
[2023-02-02T10:02:13.987+0000] {logging_mixin.py:137} INFO - Michael Hull
[2023-02-02T10:02:13.995+0000] {logging_mixin.py:137} INFO - Caitlin Todd
[2023-02-02T10:02:14.003+0000] {logging_mixin.py:137} INFO - Lisa Harris
[2023-02-02T10:02:14.007+0000] {logging_mixin.py:137} INFO - Mrs. Ann Stone
[2023-02-02T10:02:14.011+0000] {logging_mixin.py:137} INFO - Michelle Case
[2023-02-02T10:02:14.015+0000] {logging_mixin.py:137} INFO - Joe Lowe
[2023-02-02T10:02:14.016+0000] {logging_mixin.py:137} INFO - Randall Dunn
[2023-02-02T10:02:14.025+0000] {logging_mixin.py:137} INFO - Paula Vargas
[2023-02-02T10:02:14.028+0000] {logging_mixin.py:137} INFO - Daniel Walker
[2023-02-02T10:02:14.030+0000] {logging_mixin.py:137} INFO - James Jackson
[2023-02-02T10:02:14.039+0000] {logging_mixin.py:137} INFO - Shirley Woodard
[2023-02-02T10:02:14.040+0000] {logging_mixin.py:137} INFO - James Hayes
[2023-02-02T10:02:14.043+0000] {logging_mixin.py:137} INFO - Megan Austin
[2023-02-02T10:02:14.047+0000] {logging_mixin.py:137} INFO - Erin Robertson
[2023-02-02T10:02:14.052+0000] {logging_mixin.py:137} INFO - Robert Phillips
[2023-02-02T10:02:14.055+0000] {logging_mixin.py:137} INFO - Amy Torres
[2023-02-02T10:02:14.056+0000] {logging_mixin.py:137} INFO - Joshua Cox
[2023-02-02T10:02:14.059+0000] {logging_mixin.py:137} INFO - Duane Grimes
[2023-02-02T10:02:14.061+0000] {logging_mixin.py:137} INFO - Jennifer Burgess
[2023-02-02T10:02:14.062+0000] {logging_mixin.py:137} INFO - Carlos Duran
[2023-02-02T10:02:14.064+0000] {logging_mixin.py:137} INFO - Jason Johnson
[2023-02-02T10:02:14.065+0000] {logging_mixin.py:137} INFO - Cameron Greer
[2023-02-02T10:02:14.070+0000] {logging_mixin.py:137} INFO - Randall Williams
[2023-02-02T10:02:14.073+0000] {logging_mixin.py:137} INFO - Jessica Harris
[2023-02-02T10:02:14.076+0000] {logging_mixin.py:137} INFO - Joshua Rogers
[2023-02-02T10:02:14.078+0000] {logging_mixin.py:137} INFO - Jose Mahoney
[2023-02-02T10:02:14.079+0000] {logging_mixin.py:137} INFO - Brandy Fuentes
[2023-02-02T10:02:14.092+0000] {logging_mixin.py:137} INFO - Angelica Matthews
[2023-02-02T10:02:14.095+0000] {logging_mixin.py:137} INFO - Glenn Caldwell
[2023-02-02T10:02:14.100+0000] {logging_mixin.py:137} INFO - Cristian Delacruz
[2023-02-02T10:02:14.103+0000] {logging_mixin.py:137} INFO - Alexandra Price
[2023-02-02T10:02:14.107+0000] {logging_mixin.py:137} INFO - Heather Wilson
[2023-02-02T10:02:14.109+0000] {logging_mixin.py:137} INFO - Shawn Thompson
[2023-02-02T10:02:14.111+0000] {logging_mixin.py:137} INFO - Anna Daniel
[2023-02-02T10:02:14.116+0000] {logging_mixin.py:137} INFO - Joseph Cisneros
[2023-02-02T10:02:14.120+0000] {logging_mixin.py:137} INFO - Rebecca Estes
[2023-02-02T10:02:14.126+0000] {logging_mixin.py:137} INFO - Jeremy Porter
[2023-02-02T10:02:14.128+0000] {logging_mixin.py:137} INFO - Lisa Mann
[2023-02-02T10:02:14.133+0000] {logging_mixin.py:137} INFO - Michael Woods
[2023-02-02T10:02:14.136+0000] {logging_mixin.py:137} INFO - Madison Thompson
[2023-02-02T10:02:14.143+0000] {logging_mixin.py:137} INFO - Nancy Gomez
[2023-02-02T10:02:14.148+0000] {logging_mixin.py:137} INFO - Julie Blanchard
[2023-02-02T10:02:14.152+0000] {logging_mixin.py:137} INFO - Michael Smith
[2023-02-02T10:02:14.156+0000] {logging_mixin.py:137} INFO - Angel Huber
[2023-02-02T10:02:14.159+0000] {logging_mixin.py:137} INFO - Michael Coffey
[2023-02-02T10:02:14.163+0000] {logging_mixin.py:137} INFO - Patrick Walter
[2023-02-02T10:02:14.167+0000] {logging_mixin.py:137} INFO - Curtis Davis
[2023-02-02T10:02:14.168+0000] {logging_mixin.py:137} INFO - Kyle Stewart
[2023-02-02T10:02:14.176+0000] {logging_mixin.py:137} INFO - Angela Jimenez
[2023-02-02T10:02:14.182+0000] {logging_mixin.py:137} INFO - Andrew Martinez
[2023-02-02T10:02:14.184+0000] {logging_mixin.py:137} INFO - Angela West
[2023-02-02T10:02:14.188+0000] {logging_mixin.py:137} INFO - Ryan Young
[2023-02-02T10:02:14.191+0000] {logging_mixin.py:137} INFO - Nathaniel Evans
[2023-02-02T10:02:14.194+0000] {logging_mixin.py:137} INFO - Dawn Bryant
[2023-02-02T10:02:14.200+0000] {logging_mixin.py:137} INFO - Danielle Lewis
[2023-02-02T10:02:14.203+0000] {logging_mixin.py:137} INFO - Matthew Newman
[2023-02-02T10:02:14.206+0000] {logging_mixin.py:137} INFO - Robert Smith
[2023-02-02T10:02:14.208+0000] {logging_mixin.py:137} INFO - Melissa Hicks
[2023-02-02T10:02:14.216+0000] {logging_mixin.py:137} INFO - Emily Lambert
[2023-02-02T10:02:14.220+0000] {logging_mixin.py:137} INFO - Krystal Wolfe
[2023-02-02T10:02:14.223+0000] {logging_mixin.py:137} INFO - Donna Murillo
[2023-02-02T10:02:14.224+0000] {logging_mixin.py:137} INFO - Carl Hudson
[2023-02-02T10:02:14.226+0000] {logging_mixin.py:137} INFO - Robert Wilson
[2023-02-02T10:02:14.228+0000] {logging_mixin.py:137} INFO - Patrick Mathis
[2023-02-02T10:02:14.229+0000] {logging_mixin.py:137} INFO - Michael Suarez
[2023-02-02T10:02:14.231+0000] {logging_mixin.py:137} INFO - David Johnson
[2023-02-02T10:02:14.234+0000] {logging_mixin.py:137} INFO - William Thompson
[2023-02-02T10:02:14.240+0000] {logging_mixin.py:137} INFO - Jessica Hansen DVM
[2023-02-02T10:02:14.246+0000] {logging_mixin.py:137} INFO - Katherine Friedman
[2023-02-02T10:02:14.250+0000] {logging_mixin.py:137} INFO - Jillian Johnson
[2023-02-02T10:02:14.252+0000] {logging_mixin.py:137} INFO - Robert Mckee
[2023-02-02T10:02:14.254+0000] {logging_mixin.py:137} INFO - Rachel Little
[2023-02-02T10:02:14.263+0000] {logging_mixin.py:137} INFO - Patricia Smith
[2023-02-02T10:02:14.269+0000] {logging_mixin.py:137} INFO - Heidi Martinez
[2023-02-02T10:02:14.272+0000] {logging_mixin.py:137} INFO - Caitlin Solomon
[2023-02-02T10:02:14.278+0000] {logging_mixin.py:137} INFO - Dr. Olivia Pugh
[2023-02-02T10:02:14.285+0000] {logging_mixin.py:137} INFO - John Steele DDS
[2023-02-02T10:02:14.293+0000] {logging_mixin.py:137} INFO - Jeremy Mathews
[2023-02-02T10:02:14.300+0000] {logging_mixin.py:137} INFO - Tiffany Hill
[2023-02-02T10:02:14.304+0000] {logging_mixin.py:137} INFO - Steven Edwards
[2023-02-02T10:02:14.307+0000] {logging_mixin.py:137} INFO - Charles Campbell
[2023-02-02T10:02:14.310+0000] {logging_mixin.py:137} INFO - Brett Hughes
[2023-02-02T10:02:14.315+0000] {logging_mixin.py:137} INFO - Christina Villegas
[2023-02-02T10:02:14.316+0000] {logging_mixin.py:137} INFO - Anthony Garcia
[2023-02-02T10:02:14.319+0000] {logging_mixin.py:137} INFO - Nathan Murphy
[2023-02-02T10:02:14.326+0000] {logging_mixin.py:137} INFO - Steven Dodson
[2023-02-02T10:02:14.336+0000] {logging_mixin.py:137} INFO - Brian Sullivan
[2023-02-02T10:02:14.339+0000] {logging_mixin.py:137} INFO - Renee White
[2023-02-02T10:02:14.343+0000] {logging_mixin.py:137} INFO - Laura Rowland
[2023-02-02T10:02:14.347+0000] {logging_mixin.py:137} INFO - John Moore
[2023-02-02T10:02:14.351+0000] {logging_mixin.py:137} INFO - Sophia Mckenzie
[2023-02-02T10:02:14.359+0000] {logging_mixin.py:137} INFO - David Roach
[2023-02-02T10:02:14.361+0000] {logging_mixin.py:137} INFO - Jennifer Patterson
[2023-02-02T10:02:14.363+0000] {logging_mixin.py:137} INFO - James Richards
[2023-02-02T10:02:14.365+0000] {logging_mixin.py:137} INFO - Mary Johnston
[2023-02-02T10:02:14.368+0000] {logging_mixin.py:137} INFO - Brandon Mcdaniel
[2023-02-02T10:02:14.369+0000] {logging_mixin.py:137} INFO - Meghan Stevenson
[2023-02-02T10:02:14.376+0000] {logging_mixin.py:137} INFO - Luis Hayes
[2023-02-02T10:02:14.380+0000] {logging_mixin.py:137} INFO - Alejandra Sloan
[2023-02-02T10:02:14.381+0000] {logging_mixin.py:137} INFO - Dr. Sandra Miller
[2023-02-02T10:02:14.388+0000] {logging_mixin.py:137} INFO - Dustin Bond
[2023-02-02T10:02:14.390+0000] {logging_mixin.py:137} INFO - Julia Patrick MD
[2023-02-02T10:02:14.393+0000] {logging_mixin.py:137} INFO - Jill Campbell
[2023-02-02T10:02:14.395+0000] {logging_mixin.py:137} INFO - Mark Ford
[2023-02-02T10:02:14.399+0000] {logging_mixin.py:137} INFO - Brian Long
[2023-02-02T10:02:14.409+0000] {logging_mixin.py:137} INFO - Lisa Peterson
[2023-02-02T10:02:14.413+0000] {logging_mixin.py:137} INFO - Matthew Lee
[2023-02-02T10:02:14.419+0000] {logging_mixin.py:137} INFO - Bradley Miller
[2023-02-02T10:02:14.425+0000] {logging_mixin.py:137} INFO - Jeffrey Moss
[2023-02-02T10:02:14.435+0000] {logging_mixin.py:137} INFO - Sara Carlson
[2023-02-02T10:02:14.438+0000] {logging_mixin.py:137} INFO - Daniel Rodriguez
[2023-02-02T10:02:14.441+0000] {logging_mixin.py:137} INFO - Jeremy David
[2023-02-02T10:02:14.442+0000] {logging_mixin.py:137} INFO - Eric Green
[2023-02-02T10:02:14.446+0000] {logging_mixin.py:137} INFO - Alexis Jones
[2023-02-02T10:02:14.451+0000] {logging_mixin.py:137} INFO - Matthew Rose
[2023-02-02T10:02:14.453+0000] {logging_mixin.py:137} INFO - Catherine Anderson
[2023-02-02T10:02:14.455+0000] {logging_mixin.py:137} INFO - Holly Burton
[2023-02-02T10:02:14.456+0000] {logging_mixin.py:137} INFO - David Matthews
[2023-02-02T10:02:14.457+0000] {logging_mixin.py:137} INFO - Mrs. Kara Little
[2023-02-02T10:02:14.459+0000] {logging_mixin.py:137} INFO - Jeffrey Stanley
[2023-02-02T10:02:14.461+0000] {logging_mixin.py:137} INFO - James Ochoa
[2023-02-02T10:02:14.464+0000] {logging_mixin.py:137} INFO - Jason Frye
[2023-02-02T10:02:14.472+0000] {logging_mixin.py:137} INFO - Christopher Ellis
[2023-02-02T10:02:14.476+0000] {logging_mixin.py:137} INFO - Michelle Nixon
[2023-02-02T10:02:14.478+0000] {logging_mixin.py:137} INFO - Andrew Gill
[2023-02-02T10:02:14.480+0000] {logging_mixin.py:137} INFO - Jennifer Wilson
[2023-02-02T10:02:14.482+0000] {logging_mixin.py:137} INFO - Shawn Black
[2023-02-02T10:02:14.484+0000] {logging_mixin.py:137} INFO - April Patterson
[2023-02-02T10:02:14.485+0000] {logging_mixin.py:137} INFO - Troy Vaughn
[2023-02-02T10:02:14.487+0000] {logging_mixin.py:137} INFO - Alexandria White
[2023-02-02T10:02:14.489+0000] {logging_mixin.py:137} INFO - Scott Phillips
[2023-02-02T10:02:14.491+0000] {logging_mixin.py:137} INFO - Zachary Cisneros
[2023-02-02T10:02:14.492+0000] {logging_mixin.py:137} INFO - Deborah Brown
[2023-02-02T10:02:14.495+0000] {logging_mixin.py:137} INFO - Monica Moses
[2023-02-02T10:02:14.501+0000] {logging_mixin.py:137} INFO - Brenda Reyes
[2023-02-02T10:02:14.513+0000] {logging_mixin.py:137} INFO - Miss Renee Allen
[2023-02-02T10:02:14.514+0000] {logging_mixin.py:137} INFO - Susan Clark
[2023-02-02T10:02:14.516+0000] {logging_mixin.py:137} INFO - Brandy Coffey
[2023-02-02T10:02:14.518+0000] {logging_mixin.py:137} INFO - Brett Nelson
[2023-02-02T10:02:14.520+0000] {logging_mixin.py:137} INFO - Ricardo Young
[2023-02-02T10:02:14.522+0000] {logging_mixin.py:137} INFO - Paul Lee
[2023-02-02T10:02:14.525+0000] {logging_mixin.py:137} INFO - David Allen
[2023-02-02T10:02:14.530+0000] {logging_mixin.py:137} INFO - Andrea Knight
[2023-02-02T10:02:14.535+0000] {logging_mixin.py:137} INFO - James Gomez
[2023-02-02T10:02:14.537+0000] {logging_mixin.py:137} INFO - Melody Gibson
[2023-02-02T10:02:14.541+0000] {logging_mixin.py:137} INFO - Christina Martinez
[2023-02-02T10:02:14.543+0000] {logging_mixin.py:137} INFO - Shelby Smith
[2023-02-02T10:02:14.548+0000] {logging_mixin.py:137} INFO - Jason Howard
[2023-02-02T10:02:14.550+0000] {logging_mixin.py:137} INFO - Amy Davidson
[2023-02-02T10:02:14.556+0000] {logging_mixin.py:137} INFO - Kyle Copeland
[2023-02-02T10:02:14.560+0000] {logging_mixin.py:137} INFO - Madeline Davis
[2023-02-02T10:02:14.563+0000] {logging_mixin.py:137} INFO - Aaron Young
[2023-02-02T10:02:14.565+0000] {logging_mixin.py:137} INFO - Lisa Barrett
[2023-02-02T10:02:14.569+0000] {logging_mixin.py:137} INFO - Joel Jones
[2023-02-02T10:02:14.576+0000] {logging_mixin.py:137} INFO - Christine Evans
[2023-02-02T10:02:14.581+0000] {logging_mixin.py:137} INFO - Kimberly Johnson
[2023-02-02T10:02:14.583+0000] {logging_mixin.py:137} INFO - Charles Hess
[2023-02-02T10:02:14.584+0000] {logging_mixin.py:137} INFO - Paul Dixon
[2023-02-02T10:02:14.586+0000] {logging_mixin.py:137} INFO - Christopher Johnson
[2023-02-02T10:02:14.594+0000] {logging_mixin.py:137} INFO - Robert Dawson
[2023-02-02T10:02:14.597+0000] {logging_mixin.py:137} INFO - Ryan Dixon
[2023-02-02T10:02:14.599+0000] {logging_mixin.py:137} INFO - Julie Martinez
[2023-02-02T10:02:14.602+0000] {logging_mixin.py:137} INFO - David Adams
[2023-02-02T10:02:14.604+0000] {logging_mixin.py:137} INFO - Mariah Brown
[2023-02-02T10:02:14.609+0000] {logging_mixin.py:137} INFO - Deborah Malone
[2023-02-02T10:02:14.616+0000] {logging_mixin.py:137} INFO - John Brown
[2023-02-02T10:02:14.618+0000] {logging_mixin.py:137} INFO - Maria Stewart
[2023-02-02T10:02:14.622+0000] {logging_mixin.py:137} INFO - Mr. Bryan Hawkins
[2023-02-02T10:02:14.624+0000] {logging_mixin.py:137} INFO - Kyle Brooks
[2023-02-02T10:02:14.626+0000] {logging_mixin.py:137} INFO - Kenneth White
[2023-02-02T10:02:14.628+0000] {logging_mixin.py:137} INFO - Patricia Wilson
[2023-02-02T10:02:14.631+0000] {logging_mixin.py:137} INFO - Paul Soto
[2023-02-02T10:02:14.637+0000] {logging_mixin.py:137} INFO - Janice Garrett
[2023-02-02T10:02:14.641+0000] {logging_mixin.py:137} INFO - Randy Strickland
[2023-02-02T10:02:14.646+0000] {logging_mixin.py:137} INFO - Felicia Herrera
[2023-02-02T10:02:14.650+0000] {logging_mixin.py:137} INFO - Andre Campos
[2023-02-02T10:02:14.654+0000] {logging_mixin.py:137} INFO - Justin Meyer
[2023-02-02T10:02:14.656+0000] {logging_mixin.py:137} INFO - Brandon Brooks
[2023-02-02T10:02:14.660+0000] {logging_mixin.py:137} INFO - Abigail Rivera
[2023-02-02T10:02:14.661+0000] {logging_mixin.py:137} INFO - Jessica Mann
[2023-02-02T10:02:14.664+0000] {logging_mixin.py:137} INFO - Michael Sawyer
[2023-02-02T10:02:14.668+0000] {logging_mixin.py:137} INFO - Jeffrey Coleman
[2023-02-02T10:02:14.670+0000] {logging_mixin.py:137} INFO - Micheal Castro
[2023-02-02T10:02:14.672+0000] {logging_mixin.py:137} INFO - Laura Gonzalez
[2023-02-02T10:02:14.674+0000] {logging_mixin.py:137} INFO - Christopher Jackson
[2023-02-02T10:02:14.675+0000] {logging_mixin.py:137} INFO - William Mckenzie
[2023-02-02T10:02:14.676+0000] {logging_mixin.py:137} INFO - Kristina Rodriguez
[2023-02-02T10:02:14.678+0000] {logging_mixin.py:137} INFO - Kelli Williams
[2023-02-02T10:02:14.680+0000] {logging_mixin.py:137} INFO - Diane Norris
[2023-02-02T10:02:14.681+0000] {logging_mixin.py:137} INFO - Kevin Carroll
[2023-02-02T10:02:14.683+0000] {logging_mixin.py:137} INFO - Betty Weber
[2023-02-02T10:02:14.685+0000] {logging_mixin.py:137} INFO - Jeffery Robinson
[2023-02-02T10:02:14.688+0000] {logging_mixin.py:137} INFO - Hannah Cowan
[2023-02-02T10:02:14.690+0000] {logging_mixin.py:137} INFO - Brian Kramer
[2023-02-02T10:02:14.692+0000] {logging_mixin.py:137} INFO - Anthony Roberts
[2023-02-02T10:02:14.694+0000] {logging_mixin.py:137} INFO - Ricardo Blankenship
[2023-02-02T10:02:14.696+0000] {logging_mixin.py:137} INFO - Brooke Collins
[2023-02-02T10:02:14.701+0000] {logging_mixin.py:137} INFO - Tammy Lawson
[2023-02-02T10:02:14.706+0000] {logging_mixin.py:137} INFO - Cody Miller
[2023-02-02T10:02:14.707+0000] {logging_mixin.py:137} INFO - Dr. Janice Salazar
[2023-02-02T10:02:14.708+0000] {logging_mixin.py:137} INFO - David West
[2023-02-02T10:02:14.710+0000] {logging_mixin.py:137} INFO - Robin Carpenter
[2023-02-02T10:02:14.712+0000] {logging_mixin.py:137} INFO - Monique Wall
[2023-02-02T10:02:14.717+0000] {logging_mixin.py:137} INFO - Charles Cardenas
[2023-02-02T10:02:14.719+0000] {logging_mixin.py:137} INFO - Valerie Mitchell
[2023-02-02T10:02:14.721+0000] {logging_mixin.py:137} INFO - Michelle Valenzuela
[2023-02-02T10:02:14.724+0000] {logging_mixin.py:137} INFO - William Poole
[2023-02-02T10:02:14.725+0000] {logging_mixin.py:137} INFO - James Hall
[2023-02-02T10:02:14.726+0000] {logging_mixin.py:137} INFO - Dylan Carpenter
[2023-02-02T10:02:14.728+0000] {logging_mixin.py:137} INFO - Linda Medina
[2023-02-02T10:02:14.732+0000] {logging_mixin.py:137} INFO - Joan White
[2023-02-02T10:02:14.735+0000] {logging_mixin.py:137} INFO - Mary Klein
[2023-02-02T10:02:14.736+0000] {logging_mixin.py:137} INFO - Ashley Wolf
[2023-02-02T10:02:14.738+0000] {logging_mixin.py:137} INFO - William Reed
[2023-02-02T10:02:14.745+0000] {logging_mixin.py:137} INFO - Derek Harvey
[2023-02-02T10:02:14.747+0000] {logging_mixin.py:137} INFO - Kathleen Rodriguez
[2023-02-02T10:02:14.748+0000] {logging_mixin.py:137} INFO - Andrew Rodriguez
[2023-02-02T10:02:14.750+0000] {logging_mixin.py:137} INFO - Ariel Frank
[2023-02-02T10:02:14.756+0000] {logging_mixin.py:137} INFO - Tina French
[2023-02-02T10:02:14.759+0000] {logging_mixin.py:137} INFO - Brent Waller
[2023-02-02T10:02:14.763+0000] {logging_mixin.py:137} INFO - Kevin Allen
[2023-02-02T10:02:14.766+0000] {logging_mixin.py:137} INFO - Xavier Walker
[2023-02-02T10:02:14.773+0000] {logging_mixin.py:137} INFO - Michelle Sanchez
[2023-02-02T10:02:14.777+0000] {logging_mixin.py:137} INFO - Rachael Shepard
[2023-02-02T10:02:14.779+0000] {logging_mixin.py:137} INFO - Kelsey Johnson
[2023-02-02T10:02:14.781+0000] {logging_mixin.py:137} INFO - Nicole Webb
[2023-02-02T10:02:14.784+0000] {logging_mixin.py:137} INFO - Nicholas Rodriguez
[2023-02-02T10:02:14.786+0000] {logging_mixin.py:137} INFO - Eric Vaughan
[2023-02-02T10:02:14.787+0000] {logging_mixin.py:137} INFO - Amanda Richardson
[2023-02-02T10:02:14.789+0000] {logging_mixin.py:137} INFO - Janice Carlson
[2023-02-02T10:02:14.793+0000] {logging_mixin.py:137} INFO - Darryl Walsh
[2023-02-02T10:02:14.795+0000] {logging_mixin.py:137} INFO - Heather Johnson
[2023-02-02T10:02:14.799+0000] {logging_mixin.py:137} INFO - Mark Chambers
[2023-02-02T10:02:14.802+0000] {logging_mixin.py:137} INFO - Tracy Burns
[2023-02-02T10:02:14.809+0000] {logging_mixin.py:137} INFO - John Cole
[2023-02-02T10:02:14.812+0000] {logging_mixin.py:137} INFO - Deborah Silva
[2023-02-02T10:02:14.814+0000] {logging_mixin.py:137} INFO - Shawn Hernandez
[2023-02-02T10:02:14.816+0000] {logging_mixin.py:137} INFO - Bethany Meyer
[2023-02-02T10:02:14.827+0000] {logging_mixin.py:137} INFO - Helen Smith
[2023-02-02T10:02:14.831+0000] {logging_mixin.py:137} INFO - Dana Dennis
[2023-02-02T10:02:14.837+0000] {logging_mixin.py:137} INFO - Kelsey Camacho
[2023-02-02T10:02:14.839+0000] {logging_mixin.py:137} INFO - Matthew Thomas
[2023-02-02T10:02:14.843+0000] {logging_mixin.py:137} INFO - Brittany Arellano
[2023-02-02T10:02:14.846+0000] {logging_mixin.py:137} INFO - Stacey Jones
[2023-02-02T10:02:14.849+0000] {logging_mixin.py:137} INFO - William Weeks
[2023-02-02T10:02:14.853+0000] {logging_mixin.py:137} INFO - Mark Beasley
[2023-02-02T10:02:14.856+0000] {logging_mixin.py:137} INFO - Bruce Pena
[2023-02-02T10:02:14.860+0000] {logging_mixin.py:137} INFO - Jeffery Smith
[2023-02-02T10:02:14.864+0000] {logging_mixin.py:137} INFO - Ann Deleon
[2023-02-02T10:02:14.868+0000] {logging_mixin.py:137} INFO - Kevin Robertson
[2023-02-02T10:02:14.871+0000] {logging_mixin.py:137} INFO - Vincent Willis MD
[2023-02-02T10:02:14.875+0000] {logging_mixin.py:137} INFO - Michael Nielsen
[2023-02-02T10:02:14.878+0000] {logging_mixin.py:137} INFO - Walter Koch
[2023-02-02T10:02:14.883+0000] {logging_mixin.py:137} INFO - Brian Vega
[2023-02-02T10:02:14.889+0000] {logging_mixin.py:137} INFO - Jeffrey Medina
[2023-02-02T10:02:14.892+0000] {logging_mixin.py:137} INFO - Erika Banks
[2023-02-02T10:02:14.894+0000] {logging_mixin.py:137} INFO - Stacey Griffin
[2023-02-02T10:02:14.897+0000] {logging_mixin.py:137} INFO - Michael Marsh
[2023-02-02T10:02:14.900+0000] {logging_mixin.py:137} INFO - Molly White
[2023-02-02T10:02:14.905+0000] {logging_mixin.py:137} INFO - Matthew Morrison
[2023-02-02T10:02:14.908+0000] {logging_mixin.py:137} INFO - Amanda Burns
[2023-02-02T10:02:14.911+0000] {logging_mixin.py:137} INFO - Emily Gonzalez DDS
[2023-02-02T10:02:14.913+0000] {logging_mixin.py:137} INFO - Gregory King
[2023-02-02T10:02:14.921+0000] {logging_mixin.py:137} INFO - Dennis Evans
[2023-02-02T10:02:14.924+0000] {logging_mixin.py:137} INFO - Christina Snyder
[2023-02-02T10:02:14.926+0000] {logging_mixin.py:137} INFO - Carolyn Mata
[2023-02-02T10:02:14.929+0000] {logging_mixin.py:137} INFO - Brandy Lawson
[2023-02-02T10:02:14.931+0000] {logging_mixin.py:137} INFO - Briana Christian
[2023-02-02T10:02:14.934+0000] {logging_mixin.py:137} INFO - Jeffrey Hernandez
[2023-02-02T10:02:14.946+0000] {logging_mixin.py:137} INFO - John Riggs
[2023-02-02T10:02:14.949+0000] {logging_mixin.py:137} INFO - Barbara Short
[2023-02-02T10:02:14.951+0000] {logging_mixin.py:137} INFO - Steven Brooks
[2023-02-02T10:02:14.955+0000] {logging_mixin.py:137} INFO - Gabrielle James
[2023-02-02T10:02:14.958+0000] {logging_mixin.py:137} INFO - Robert Young
[2023-02-02T10:02:14.961+0000] {logging_mixin.py:137} INFO - Derek Sanders
[2023-02-02T10:02:14.966+0000] {logging_mixin.py:137} INFO - Mallory Oliver
[2023-02-02T10:02:14.970+0000] {logging_mixin.py:137} INFO - Terry Howe
[2023-02-02T10:02:14.971+0000] {logging_mixin.py:137} INFO - Samuel Wallace
[2023-02-02T10:02:14.973+0000] {logging_mixin.py:137} INFO - Angel Jones
[2023-02-02T10:02:14.977+0000] {logging_mixin.py:137} INFO - Jacqueline Nichols
[2023-02-02T10:02:14.979+0000] {logging_mixin.py:137} INFO - Melissa Mcgee
[2023-02-02T10:02:14.982+0000] {logging_mixin.py:137} INFO - Michelle Smith
[2023-02-02T10:02:14.992+0000] {logging_mixin.py:137} INFO - Maureen Baxter
[2023-02-02T10:02:14.994+0000] {logging_mixin.py:137} INFO - Kathy Crawford
[2023-02-02T10:02:15.001+0000] {logging_mixin.py:137} INFO - Stacy Wood
[2023-02-02T10:02:15.004+0000] {logging_mixin.py:137} INFO - Justin Parsons
[2023-02-02T10:02:15.005+0000] {logging_mixin.py:137} INFO - Ann Klein
[2023-02-02T10:02:15.007+0000] {logging_mixin.py:137} INFO - Allison Arnold
[2023-02-02T10:02:15.010+0000] {logging_mixin.py:137} INFO - Heather Kirk
[2023-02-02T10:02:15.012+0000] {logging_mixin.py:137} INFO - Monica Smith
[2023-02-02T10:02:15.014+0000] {logging_mixin.py:137} INFO - Brett Oconnor
[2023-02-02T10:02:15.016+0000] {logging_mixin.py:137} INFO - Anthony Bryant
[2023-02-02T10:02:15.020+0000] {logging_mixin.py:137} INFO - Jeremy Russell
[2023-02-02T10:02:15.026+0000] {logging_mixin.py:137} INFO - Julie Poole
[2023-02-02T10:02:15.030+0000] {logging_mixin.py:137} INFO - Emma Thompson
[2023-02-02T10:02:15.031+0000] {logging_mixin.py:137} INFO - Bradley Matthews
[2023-02-02T10:02:15.035+0000] {logging_mixin.py:137} INFO - William Roberts
[2023-02-02T10:02:15.037+0000] {logging_mixin.py:137} INFO - Julie Mooney
[2023-02-02T10:02:15.039+0000] {logging_mixin.py:137} INFO - Amy Doyle
[2023-02-02T10:02:15.041+0000] {logging_mixin.py:137} INFO - Amanda Grant
[2023-02-02T10:02:15.042+0000] {logging_mixin.py:137} INFO - Eric Anderson
[2023-02-02T10:02:15.049+0000] {logging_mixin.py:137} INFO - George Thompson
[2023-02-02T10:02:15.052+0000] {logging_mixin.py:137} INFO - Dustin Hines
[2023-02-02T10:02:15.054+0000] {logging_mixin.py:137} INFO - Andrea Frank
[2023-02-02T10:02:15.055+0000] {logging_mixin.py:137} INFO - Jodi Cook
[2023-02-02T10:02:15.060+0000] {logging_mixin.py:137} INFO - Stacy Haney
[2023-02-02T10:02:15.062+0000] {logging_mixin.py:137} INFO - Paul Callahan
[2023-02-02T10:02:15.063+0000] {logging_mixin.py:137} INFO - Jasmine Chambers
[2023-02-02T10:02:15.065+0000] {logging_mixin.py:137} INFO - Melissa Pittman MD
[2023-02-02T10:02:15.066+0000] {logging_mixin.py:137} INFO - Deborah Larson
[2023-02-02T10:02:15.070+0000] {logging_mixin.py:137} INFO - Brandon Shaw
[2023-02-02T10:02:15.075+0000] {logging_mixin.py:137} INFO - Timothy Paul
[2023-02-02T10:02:15.077+0000] {logging_mixin.py:137} INFO - Michael Trujillo
[2023-02-02T10:02:15.079+0000] {logging_mixin.py:137} INFO - Robert Rivera
[2023-02-02T10:02:15.080+0000] {logging_mixin.py:137} INFO - Dana Nelson
[2023-02-02T10:02:15.083+0000] {logging_mixin.py:137} INFO - Andrea Bennett
[2023-02-02T10:02:15.085+0000] {logging_mixin.py:137} INFO - Jodi Fox
[2023-02-02T10:02:15.087+0000] {logging_mixin.py:137} INFO - Heather Hayes
[2023-02-02T10:02:15.089+0000] {logging_mixin.py:137} INFO - Jennifer Moreno
[2023-02-02T10:02:15.091+0000] {logging_mixin.py:137} INFO - John Patel
[2023-02-02T10:02:15.092+0000] {logging_mixin.py:137} INFO - Teresa Oliver
[2023-02-02T10:02:15.093+0000] {logging_mixin.py:137} INFO - Monique Bell
[2023-02-02T10:02:15.096+0000] {logging_mixin.py:137} INFO - Casey Leonard
[2023-02-02T10:02:15.101+0000] {logging_mixin.py:137} INFO - Steven Clark
[2023-02-02T10:02:15.102+0000] {logging_mixin.py:137} INFO - Edward Martin
[2023-02-02T10:02:15.103+0000] {logging_mixin.py:137} INFO - Shawn Orozco
[2023-02-02T10:02:15.105+0000] {logging_mixin.py:137} INFO - Brandon Yang
[2023-02-02T10:02:15.110+0000] {logging_mixin.py:137} INFO - Nathan Ray
[2023-02-02T10:02:15.113+0000] {logging_mixin.py:137} INFO - Lori Moore
[2023-02-02T10:02:15.115+0000] {logging_mixin.py:137} INFO - Dr. Lisa Shaw DVM
[2023-02-02T10:02:15.117+0000] {logging_mixin.py:137} INFO - Angela Walters
[2023-02-02T10:02:15.122+0000] {logging_mixin.py:137} INFO - David Nolan
[2023-02-02T10:02:15.125+0000] {logging_mixin.py:137} INFO - William Ramsey
[2023-02-02T10:02:15.130+0000] {logging_mixin.py:137} INFO - David Oconnor
[2023-02-02T10:02:15.133+0000] {logging_mixin.py:137} INFO - Mark Washington
[2023-02-02T10:02:15.134+0000] {logging_mixin.py:137} INFO - Jennifer Jacobs
[2023-02-02T10:02:15.136+0000] {logging_mixin.py:137} INFO - Tammy Hampton
[2023-02-02T10:02:15.137+0000] {logging_mixin.py:137} INFO - Stephen Farmer
[2023-02-02T10:02:15.139+0000] {logging_mixin.py:137} INFO - Jasmine Nguyen
[2023-02-02T10:02:15.141+0000] {logging_mixin.py:137} INFO - Rebecca Flores
[2023-02-02T10:02:15.146+0000] {logging_mixin.py:137} INFO - Tyler Davis
[2023-02-02T10:02:15.149+0000] {logging_mixin.py:137} INFO - Nancy Gray
[2023-02-02T10:02:15.150+0000] {logging_mixin.py:137} INFO - Brian Sanchez
[2023-02-02T10:02:15.152+0000] {logging_mixin.py:137} INFO - Laurie Shaw
[2023-02-02T10:02:15.154+0000] {logging_mixin.py:137} INFO - Kristina Torres
[2023-02-02T10:02:15.156+0000] {logging_mixin.py:137} INFO - Andrea Rodgers
[2023-02-02T10:02:15.158+0000] {logging_mixin.py:137} INFO - Jason Walters
[2023-02-02T10:02:15.160+0000] {logging_mixin.py:137} INFO - Jerry Moss
[2023-02-02T10:02:15.162+0000] {logging_mixin.py:137} INFO - Jeffrey Jordan
[2023-02-02T10:02:15.164+0000] {logging_mixin.py:137} INFO - Jennifer Wilson
[2023-02-02T10:02:15.166+0000] {logging_mixin.py:137} INFO - Trevor Mathews
[2023-02-02T10:02:15.169+0000] {logging_mixin.py:137} INFO - Anne Hood
[2023-02-02T10:02:15.171+0000] {logging_mixin.py:137} INFO - Sarah Williams
[2023-02-02T10:02:15.173+0000] {logging_mixin.py:137} INFO - Shelby Hernandez
[2023-02-02T10:02:15.175+0000] {logging_mixin.py:137} INFO - Samantha Velez
[2023-02-02T10:02:15.177+0000] {logging_mixin.py:137} INFO - Matthew Douglas
[2023-02-02T10:02:15.179+0000] {logging_mixin.py:137} INFO - Ashlee George
[2023-02-02T10:02:15.180+0000] {logging_mixin.py:137} INFO - Troy Crane
[2023-02-02T10:02:15.182+0000] {logging_mixin.py:137} INFO - Michael Cooper
[2023-02-02T10:02:15.183+0000] {logging_mixin.py:137} INFO - Michael White
[2023-02-02T10:02:15.187+0000] {logging_mixin.py:137} INFO - Mr. Timothy Fleming
[2023-02-02T10:02:15.190+0000] {logging_mixin.py:137} INFO - Seth Bruce
[2023-02-02T10:02:15.191+0000] {logging_mixin.py:137} INFO - Jacqueline Carpenter
[2023-02-02T10:02:15.193+0000] {logging_mixin.py:137} INFO - Michael Martin
[2023-02-02T10:02:15.196+0000] {logging_mixin.py:137} INFO - Kristopher Henry
[2023-02-02T10:02:15.198+0000] {logging_mixin.py:137} INFO - Tiffany Porter
[2023-02-02T10:02:15.200+0000] {logging_mixin.py:137} INFO - Stacy Simpson
[2023-02-02T10:02:15.201+0000] {logging_mixin.py:137} INFO - Tammy Mcdowell
[2023-02-02T10:02:15.203+0000] {logging_mixin.py:137} INFO - Thomas Walters
[2023-02-02T10:02:15.205+0000] {logging_mixin.py:137} INFO - Dwayne Thompson
[2023-02-02T10:02:15.209+0000] {logging_mixin.py:137} INFO - Natalie Willis
[2023-02-02T10:02:15.211+0000] {logging_mixin.py:137} INFO - Sharon Taylor
[2023-02-02T10:02:15.214+0000] {logging_mixin.py:137} INFO - Sarah Wiggins
[2023-02-02T10:02:15.215+0000] {logging_mixin.py:137} INFO - Amber Thomas
[2023-02-02T10:02:15.223+0000] {logging_mixin.py:137} INFO - Patrick Miller
[2023-02-02T10:02:15.224+0000] {logging_mixin.py:137} INFO - Stephanie Hartman
[2023-02-02T10:02:15.226+0000] {logging_mixin.py:137} INFO - Stacey Mora
[2023-02-02T10:02:15.232+0000] {logging_mixin.py:137} INFO - Katherine Rodriguez
[2023-02-02T10:02:15.235+0000] {logging_mixin.py:137} INFO - Daniel Morgan
[2023-02-02T10:02:15.240+0000] {logging_mixin.py:137} INFO - Rebecca Martinez
[2023-02-02T10:02:15.241+0000] {logging_mixin.py:137} INFO - Nicole Juarez
[2023-02-02T10:02:15.243+0000] {logging_mixin.py:137} INFO - Mark Arroyo
[2023-02-02T10:02:15.248+0000] {logging_mixin.py:137} INFO - April Lucero
[2023-02-02T10:02:15.252+0000] {logging_mixin.py:137} INFO - Samantha Garcia
[2023-02-02T10:02:15.255+0000] {logging_mixin.py:137} INFO - Jon Moore
[2023-02-02T10:02:15.257+0000] {logging_mixin.py:137} INFO - Joshua Flores MD
[2023-02-02T10:02:15.259+0000] {logging_mixin.py:137} INFO - Raymond Jones
[2023-02-02T10:02:15.262+0000] {logging_mixin.py:137} INFO - Billy Hughes
[2023-02-02T10:02:15.267+0000] {logging_mixin.py:137} INFO - Peggy Valdez PhD
[2023-02-02T10:02:15.270+0000] {logging_mixin.py:137} INFO - Joshua Reyes
[2023-02-02T10:02:15.272+0000] {logging_mixin.py:137} INFO - Aaron Green
[2023-02-02T10:02:15.281+0000] {logging_mixin.py:137} INFO - Wendy Espinoza
[2023-02-02T10:02:15.284+0000] {logging_mixin.py:137} INFO - Peter Vasquez
[2023-02-02T10:02:15.290+0000] {logging_mixin.py:137} INFO - Diane Harper
[2023-02-02T10:02:15.291+0000] {logging_mixin.py:137} INFO - Ms. Rebecca Cantu
[2023-02-02T10:02:15.293+0000] {logging_mixin.py:137} INFO - Yolanda Morrow
[2023-02-02T10:02:15.296+0000] {logging_mixin.py:137} INFO - Penny Beard
[2023-02-02T10:02:15.299+0000] {logging_mixin.py:137} INFO - Lisa Long
[2023-02-02T10:02:15.301+0000] {logging_mixin.py:137} INFO - Jerry Harris
[2023-02-02T10:02:15.302+0000] {logging_mixin.py:137} INFO - Bob Willis
[2023-02-02T10:02:15.304+0000] {logging_mixin.py:137} INFO - Duane Chapman
[2023-02-02T10:02:15.306+0000] {logging_mixin.py:137} INFO - William Morgan
[2023-02-02T10:02:15.308+0000] {logging_mixin.py:137} INFO - Amy Gutierrez
[2023-02-02T10:02:15.309+0000] {logging_mixin.py:137} INFO - Amber Nichols
[2023-02-02T10:02:15.312+0000] {logging_mixin.py:137} INFO - Matthew Carr
[2023-02-02T10:02:15.313+0000] {logging_mixin.py:137} INFO - Thomas Duncan
[2023-02-02T10:02:15.315+0000] {logging_mixin.py:137} INFO - Elizabeth Wright
[2023-02-02T10:02:15.316+0000] {logging_mixin.py:137} INFO - Jacqueline Brewer
[2023-02-02T10:02:15.318+0000] {logging_mixin.py:137} INFO - Stephanie Johnson
[2023-02-02T10:02:15.322+0000] {logging_mixin.py:137} INFO - Samantha Calderon
[2023-02-02T10:02:15.323+0000] {logging_mixin.py:137} INFO - Kathryn Gaines
[2023-02-02T10:02:15.325+0000] {logging_mixin.py:137} INFO - Angel Jones
[2023-02-02T10:02:15.327+0000] {logging_mixin.py:137} INFO - Laura Wall
[2023-02-02T10:02:15.328+0000] {logging_mixin.py:137} INFO - Mr. Anthony Hamilton
[2023-02-02T10:02:15.330+0000] {logging_mixin.py:137} INFO - David Smith
[2023-02-02T10:02:15.331+0000] {logging_mixin.py:137} INFO - Kimberly Herrera DDS
[2023-02-02T10:02:15.333+0000] {logging_mixin.py:137} INFO - Gina Wilson
[2023-02-02T10:02:15.339+0000] {logging_mixin.py:137} INFO - Timothy Byrd
[2023-02-02T10:02:15.342+0000] {logging_mixin.py:137} INFO - Michael Mckenzie
[2023-02-02T10:02:15.344+0000] {logging_mixin.py:137} INFO - Jeffrey Mcintyre
[2023-02-02T10:02:15.346+0000] {logging_mixin.py:137} INFO - Teresa Jackson
[2023-02-02T10:02:15.347+0000] {logging_mixin.py:137} INFO - Joseph Wilcox
[2023-02-02T10:02:15.349+0000] {logging_mixin.py:137} INFO - Patrick Mcknight
[2023-02-02T10:02:15.352+0000] {logging_mixin.py:137} INFO - Ronald Moreno
[2023-02-02T10:02:15.354+0000] {logging_mixin.py:137} INFO - Jamie Sullivan
[2023-02-02T10:02:15.360+0000] {logging_mixin.py:137} INFO - Jason Anderson
[2023-02-02T10:02:15.361+0000] {logging_mixin.py:137} INFO - Steven Stewart
[2023-02-02T10:02:15.365+0000] {logging_mixin.py:137} INFO - Melinda Paul
[2023-02-02T10:02:15.370+0000] {logging_mixin.py:137} INFO - Cynthia Simmons
[2023-02-02T10:02:15.373+0000] {logging_mixin.py:137} INFO - Christian Smith
[2023-02-02T10:02:15.378+0000] {logging_mixin.py:137} INFO - William Jimenez
[2023-02-02T10:02:15.390+0000] {logging_mixin.py:137} INFO - Hayley French
[2023-02-02T10:02:15.391+0000] {logging_mixin.py:137} INFO - Brandon Hess
[2023-02-02T10:02:15.392+0000] {logging_mixin.py:137} INFO - Laura Perry
[2023-02-02T10:02:15.395+0000] {logging_mixin.py:137} INFO - Scott Jones
[2023-02-02T10:02:15.397+0000] {logging_mixin.py:137} INFO - Christine Hernandez
[2023-02-02T10:02:15.398+0000] {logging_mixin.py:137} INFO - Douglas Eaton
[2023-02-02T10:02:15.400+0000] {logging_mixin.py:137} INFO - William Soto
[2023-02-02T10:02:15.409+0000] {logging_mixin.py:137} INFO - Mary Jones
[2023-02-02T10:02:15.412+0000] {logging_mixin.py:137} INFO - Stephanie Holmes
[2023-02-02T10:02:15.417+0000] {logging_mixin.py:137} INFO - Keith Meyers
[2023-02-02T10:02:15.418+0000] {logging_mixin.py:137} INFO - Paul Fisher
[2023-02-02T10:02:15.420+0000] {logging_mixin.py:137} INFO - Emily Alexander
[2023-02-02T10:02:15.425+0000] {logging_mixin.py:137} INFO - Anthony Schwartz
[2023-02-02T10:02:15.428+0000] {logging_mixin.py:137} INFO - Evelyn Jacobs
[2023-02-02T10:02:15.430+0000] {logging_mixin.py:137} INFO - Connie Jones
[2023-02-02T10:02:15.433+0000] {logging_mixin.py:137} INFO - Carla Gibbs
[2023-02-02T10:02:15.440+0000] {logging_mixin.py:137} INFO - Ashley Santiago
[2023-02-02T10:02:15.442+0000] {logging_mixin.py:137} INFO - Micheal Mckee
[2023-02-02T10:02:15.444+0000] {logging_mixin.py:137} INFO - Diane Williams
[2023-02-02T10:02:15.445+0000] {logging_mixin.py:137} INFO - Jesse Velasquez
[2023-02-02T10:02:15.447+0000] {logging_mixin.py:137} INFO - Jennifer Rodriguez
[2023-02-02T10:02:15.449+0000] {logging_mixin.py:137} INFO - Joe Griffin
[2023-02-02T10:02:15.453+0000] {logging_mixin.py:137} INFO - Gary Cherry
[2023-02-02T10:02:15.455+0000] {logging_mixin.py:137} INFO - Alyssa Edwards
[2023-02-02T10:02:15.457+0000] {logging_mixin.py:137} INFO - Caroline Hernandez MD
[2023-02-02T10:02:15.464+0000] {logging_mixin.py:137} INFO - Jessica Morton
[2023-02-02T10:02:15.468+0000] {logging_mixin.py:137} INFO - Holly Jones
[2023-02-02T10:02:15.471+0000] {logging_mixin.py:137} INFO - David Shelton
[2023-02-02T10:02:15.473+0000] {logging_mixin.py:137} INFO - Kristina Parks
[2023-02-02T10:02:15.476+0000] {logging_mixin.py:137} INFO - Laurie Hernandez
[2023-02-02T10:02:15.478+0000] {logging_mixin.py:137} INFO - Melissa James
[2023-02-02T10:02:15.481+0000] {logging_mixin.py:137} INFO - Jeremiah Adams
[2023-02-02T10:02:15.484+0000] {logging_mixin.py:137} INFO - Arthur Robinson
[2023-02-02T10:02:15.486+0000] {logging_mixin.py:137} INFO - Anna Shepard
[2023-02-02T10:02:15.488+0000] {logging_mixin.py:137} INFO - Brandon Myers
[2023-02-02T10:02:15.495+0000] {logging_mixin.py:137} INFO - Paul Cardenas
[2023-02-02T10:02:15.497+0000] {logging_mixin.py:137} INFO - Megan Santana
[2023-02-02T10:02:15.501+0000] {logging_mixin.py:137} INFO - Joseph Marshall
[2023-02-02T10:02:15.509+0000] {logging_mixin.py:137} INFO - Mrs. Brenda Harris
[2023-02-02T10:02:15.510+0000] {logging_mixin.py:137} INFO - Nicole Garcia
[2023-02-02T10:02:15.512+0000] {logging_mixin.py:137} INFO - Anna Estrada
[2023-02-02T10:02:15.515+0000] {logging_mixin.py:137} INFO - Carl Moore
[2023-02-02T10:02:15.516+0000] {logging_mixin.py:137} INFO - Rodney Hernandez
[2023-02-02T10:02:15.521+0000] {logging_mixin.py:137} INFO - Madison Christian
[2023-02-02T10:02:15.524+0000] {logging_mixin.py:137} INFO - Heather Rhodes
[2023-02-02T10:02:15.534+0000] {python.py:177} INFO - Done. Returned value was: None
[2023-02-02T10:02:15.560+0000] {taskinstance.py:1323} INFO - Marking task as SUCCESS. dag_id=CSV_DAG, task_id=convertCSVToJson, execution_date=20230202T024000, start_date=20230202T100210, end_date=20230202T100215
[2023-02-02T10:02:15.655+0000] {local_task_job.py:208} INFO - Task exited with return code 0
[2023-02-02T10:02:15.682+0000] {taskinstance.py:2578} INFO - 0 downstream tasks scheduled from follow-on schedule check
