[2023-02-02T10:04:15.487+0000] {taskinstance.py:1083} INFO - Dependencies all met for <TaskInstance: CSV_DAG.convertCSVToJson scheduled__2023-02-02T09:40:00+00:00 [queued]>
[2023-02-02T10:04:15.516+0000] {taskinstance.py:1083} INFO - Dependencies all met for <TaskInstance: CSV_DAG.convertCSVToJson scheduled__2023-02-02T09:40:00+00:00 [queued]>
[2023-02-02T10:04:15.520+0000] {taskinstance.py:1279} INFO - 
--------------------------------------------------------------------------------
[2023-02-02T10:04:15.526+0000] {taskinstance.py:1280} INFO - Starting attempt 1 of 2
[2023-02-02T10:04:15.530+0000] {taskinstance.py:1281} INFO - 
--------------------------------------------------------------------------------
[2023-02-02T10:04:15.569+0000] {taskinstance.py:1300} INFO - Executing <Task(PythonOperator): convertCSVToJson> on 2023-02-02 09:40:00+00:00
[2023-02-02T10:04:15.595+0000] {standard_task_runner.py:55} INFO - Started process 1519 to run task
[2023-02-02T10:04:15.614+0000] {standard_task_runner.py:82} INFO - Running: ['***', 'tasks', 'run', 'CSV_DAG', 'convertCSVToJson', 'scheduled__2023-02-02T09:40:00+00:00', '--job-id', '843', '--raw', '--subdir', 'DAGS_FOLDER/csv.py', '--cfg-path', '/tmp/tmp434dsnfk']
[2023-02-02T10:04:15.618+0000] {standard_task_runner.py:83} INFO - Job 843: Subtask convertCSVToJson
[2023-02-02T10:04:15.943+0000] {task_command.py:388} INFO - Running <TaskInstance: CSV_DAG.convertCSVToJson scheduled__2023-02-02T09:40:00+00:00 [running]> on host 06d8060e8530
[2023-02-02T10:04:16.146+0000] {taskinstance.py:1509} INFO - Exporting the following env vars:
AIRFLOW_CTX_DAG_OWNER=Kevin Chalmers
AIRFLOW_CTX_DAG_ID=CSV_DAG
AIRFLOW_CTX_TASK_ID=convertCSVToJson
AIRFLOW_CTX_EXECUTION_DATE=2023-02-02T09:40:00+00:00
AIRFLOW_CTX_TRY_NUMBER=1
AIRFLOW_CTX_DAG_RUN_ID=scheduled__2023-02-02T09:40:00+00:00
[2023-02-02T10:04:16.180+0000] {logging_mixin.py:137} INFO - Angelica Lopez
[2023-02-02T10:04:16.182+0000] {logging_mixin.py:137} INFO - Betty Wright
[2023-02-02T10:04:16.186+0000] {logging_mixin.py:137} INFO - Sara Schmidt
[2023-02-02T10:04:16.188+0000] {logging_mixin.py:137} INFO - Dr. Sherry Rodriguez
[2023-02-02T10:04:16.189+0000] {logging_mixin.py:137} INFO - Rebecca Mills
[2023-02-02T10:04:16.191+0000] {logging_mixin.py:137} INFO - Andrew Anderson
[2023-02-02T10:04:16.193+0000] {logging_mixin.py:137} INFO - Martin Everett
[2023-02-02T10:04:16.198+0000] {logging_mixin.py:137} INFO - Felicia Gregory
[2023-02-02T10:04:16.202+0000] {logging_mixin.py:137} INFO - Kara Bowers
[2023-02-02T10:04:16.205+0000] {logging_mixin.py:137} INFO - Vincent Vincent
[2023-02-02T10:04:16.207+0000] {logging_mixin.py:137} INFO - Morgan Butler
[2023-02-02T10:04:16.209+0000] {logging_mixin.py:137} INFO - Stephen Riley
[2023-02-02T10:04:16.211+0000] {logging_mixin.py:137} INFO - Wanda Thomas
[2023-02-02T10:04:16.213+0000] {logging_mixin.py:137} INFO - Michelle Schultz
[2023-02-02T10:04:16.217+0000] {logging_mixin.py:137} INFO - Christopher Rush MD
[2023-02-02T10:04:16.219+0000] {logging_mixin.py:137} INFO - Phyllis Miles
[2023-02-02T10:04:16.222+0000] {logging_mixin.py:137} INFO - Rebecca Price
[2023-02-02T10:04:16.224+0000] {logging_mixin.py:137} INFO - John Morse
[2023-02-02T10:04:16.226+0000] {logging_mixin.py:137} INFO - Nicholas Sanchez
[2023-02-02T10:04:16.228+0000] {logging_mixin.py:137} INFO - Crystal Dean
[2023-02-02T10:04:16.233+0000] {logging_mixin.py:137} INFO - Tyler Diaz
[2023-02-02T10:04:16.235+0000] {logging_mixin.py:137} INFO - Denise Mclean
[2023-02-02T10:04:16.238+0000] {logging_mixin.py:137} INFO - Daniel Grant
[2023-02-02T10:04:16.241+0000] {logging_mixin.py:137} INFO - Sandra Peterson
[2023-02-02T10:04:16.243+0000] {logging_mixin.py:137} INFO - Denise Morse
[2023-02-02T10:04:16.246+0000] {logging_mixin.py:137} INFO - Brianna Smith
[2023-02-02T10:04:16.247+0000] {logging_mixin.py:137} INFO - Tony Miller
[2023-02-02T10:04:16.252+0000] {logging_mixin.py:137} INFO - Jean Booth
[2023-02-02T10:04:16.255+0000] {logging_mixin.py:137} INFO - Penny Salazar
[2023-02-02T10:04:16.258+0000] {logging_mixin.py:137} INFO - Cathy Williams
[2023-02-02T10:04:16.264+0000] {logging_mixin.py:137} INFO - Hannah Collins
[2023-02-02T10:04:16.266+0000] {logging_mixin.py:137} INFO - Maurice Casey
[2023-02-02T10:04:16.267+0000] {logging_mixin.py:137} INFO - Patrick Walker
[2023-02-02T10:04:16.272+0000] {logging_mixin.py:137} INFO - Pamela Barton
[2023-02-02T10:04:16.274+0000] {logging_mixin.py:137} INFO - Anthony Bryant
[2023-02-02T10:04:16.277+0000] {logging_mixin.py:137} INFO - Andrew Harris
[2023-02-02T10:04:16.280+0000] {logging_mixin.py:137} INFO - Aaron Harris
[2023-02-02T10:04:16.284+0000] {logging_mixin.py:137} INFO - Maureen Soto
[2023-02-02T10:04:16.286+0000] {logging_mixin.py:137} INFO - Crystal Mcdaniel
[2023-02-02T10:04:16.294+0000] {logging_mixin.py:137} INFO - Lauren Barrett
[2023-02-02T10:04:16.295+0000] {logging_mixin.py:137} INFO - Brandon Perez
[2023-02-02T10:04:16.302+0000] {logging_mixin.py:137} INFO - Mark Robertson
[2023-02-02T10:04:16.306+0000] {logging_mixin.py:137} INFO - Nicole Gates
[2023-02-02T10:04:16.312+0000] {logging_mixin.py:137} INFO - Bradley Cruz
[2023-02-02T10:04:16.318+0000] {logging_mixin.py:137} INFO - Gina Burns
[2023-02-02T10:04:16.319+0000] {logging_mixin.py:137} INFO - Zachary Martinez
[2023-02-02T10:04:16.326+0000] {logging_mixin.py:137} INFO - Natasha Johnson
[2023-02-02T10:04:16.327+0000] {logging_mixin.py:137} INFO - Patrick Gonzales
[2023-02-02T10:04:16.330+0000] {logging_mixin.py:137} INFO - Terri Wilson
[2023-02-02T10:04:16.331+0000] {logging_mixin.py:137} INFO - Sarah Lopez
[2023-02-02T10:04:16.333+0000] {logging_mixin.py:137} INFO - Dana Turner
[2023-02-02T10:04:16.335+0000] {logging_mixin.py:137} INFO - Cynthia Johnson
[2023-02-02T10:04:16.337+0000] {logging_mixin.py:137} INFO - William Thornton
[2023-02-02T10:04:16.342+0000] {logging_mixin.py:137} INFO - James Lee
[2023-02-02T10:04:16.346+0000] {logging_mixin.py:137} INFO - Stephen Allen
[2023-02-02T10:04:16.349+0000] {logging_mixin.py:137} INFO - William Stark
[2023-02-02T10:04:16.355+0000] {logging_mixin.py:137} INFO - Michael Parker
[2023-02-02T10:04:16.358+0000] {logging_mixin.py:137} INFO - Lisa Stephens
[2023-02-02T10:04:16.367+0000] {logging_mixin.py:137} INFO - Mr. Reginald Wise DDS
[2023-02-02T10:04:16.372+0000] {logging_mixin.py:137} INFO - Alexander James
[2023-02-02T10:04:16.375+0000] {logging_mixin.py:137} INFO - Kristen West
[2023-02-02T10:04:16.377+0000] {logging_mixin.py:137} INFO - Elizabeth Sanchez
[2023-02-02T10:04:16.379+0000] {logging_mixin.py:137} INFO - Jennifer Wilson
[2023-02-02T10:04:16.382+0000] {logging_mixin.py:137} INFO - Catherine Nicholson
[2023-02-02T10:04:16.386+0000] {logging_mixin.py:137} INFO - David Henderson
[2023-02-02T10:04:16.391+0000] {logging_mixin.py:137} INFO - Stephen Davis
[2023-02-02T10:04:16.392+0000] {logging_mixin.py:137} INFO - Paul Skinner
[2023-02-02T10:04:16.394+0000] {logging_mixin.py:137} INFO - Rebecca Wong
[2023-02-02T10:04:16.399+0000] {logging_mixin.py:137} INFO - Tara Benitez
[2023-02-02T10:04:16.408+0000] {logging_mixin.py:137} INFO - Sharon Miller
[2023-02-02T10:04:16.411+0000] {logging_mixin.py:137} INFO - Cynthia Smith
[2023-02-02T10:04:16.412+0000] {logging_mixin.py:137} INFO - Jennifer Werner
[2023-02-02T10:04:16.417+0000] {logging_mixin.py:137} INFO - Rebecca Tucker
[2023-02-02T10:04:16.419+0000] {logging_mixin.py:137} INFO - Ashlee Castillo
[2023-02-02T10:04:16.421+0000] {logging_mixin.py:137} INFO - Christopher Holmes
[2023-02-02T10:04:16.423+0000] {logging_mixin.py:137} INFO - Daniel Velez
[2023-02-02T10:04:16.427+0000] {logging_mixin.py:137} INFO - Amy Serrano
[2023-02-02T10:04:16.429+0000] {logging_mixin.py:137} INFO - Alison Nash
[2023-02-02T10:04:16.432+0000] {logging_mixin.py:137} INFO - Peter Johnson
[2023-02-02T10:04:16.434+0000] {logging_mixin.py:137} INFO - Breanna Harris
[2023-02-02T10:04:16.439+0000] {logging_mixin.py:137} INFO - Eric King
[2023-02-02T10:04:16.441+0000] {logging_mixin.py:137} INFO - Patricia Oliver
[2023-02-02T10:04:16.445+0000] {logging_mixin.py:137} INFO - Denise Grimes
[2023-02-02T10:04:16.447+0000] {logging_mixin.py:137} INFO - Jill Olson
[2023-02-02T10:04:16.449+0000] {logging_mixin.py:137} INFO - Stephanie Hart
[2023-02-02T10:04:16.451+0000] {logging_mixin.py:137} INFO - Ashley Lee
[2023-02-02T10:04:16.454+0000] {logging_mixin.py:137} INFO - Kelly Barnes
[2023-02-02T10:04:16.456+0000] {logging_mixin.py:137} INFO - Christie West
[2023-02-02T10:04:16.460+0000] {logging_mixin.py:137} INFO - Todd Nolan
[2023-02-02T10:04:16.462+0000] {logging_mixin.py:137} INFO - Sarah Reed
[2023-02-02T10:04:16.465+0000] {logging_mixin.py:137} INFO - Jennifer Keith
[2023-02-02T10:04:16.469+0000] {logging_mixin.py:137} INFO - Shawn Alvarez
[2023-02-02T10:04:16.472+0000] {logging_mixin.py:137} INFO - Alexander Wilson
[2023-02-02T10:04:16.476+0000] {logging_mixin.py:137} INFO - Rachel Melendez
[2023-02-02T10:04:16.477+0000] {logging_mixin.py:137} INFO - Morgan Walters
[2023-02-02T10:04:16.479+0000] {logging_mixin.py:137} INFO - Nicole Garcia
[2023-02-02T10:04:16.481+0000] {logging_mixin.py:137} INFO - Jennifer White
[2023-02-02T10:04:16.483+0000] {logging_mixin.py:137} INFO - Leslie Shannon
[2023-02-02T10:04:16.486+0000] {logging_mixin.py:137} INFO - Lisa Clayton
[2023-02-02T10:04:16.492+0000] {logging_mixin.py:137} INFO - Zachary Molina
[2023-02-02T10:04:16.496+0000] {logging_mixin.py:137} INFO - Bruce Butler
[2023-02-02T10:04:16.499+0000] {logging_mixin.py:137} INFO - Dustin Howell
[2023-02-02T10:04:16.501+0000] {logging_mixin.py:137} INFO - Aaron Smith
[2023-02-02T10:04:16.502+0000] {logging_mixin.py:137} INFO - Kyle Green
[2023-02-02T10:04:16.506+0000] {logging_mixin.py:137} INFO - Steven Clark
[2023-02-02T10:04:16.508+0000] {logging_mixin.py:137} INFO - Robert Holden
[2023-02-02T10:04:16.512+0000] {logging_mixin.py:137} INFO - Zachary Harmon
[2023-02-02T10:04:16.515+0000] {logging_mixin.py:137} INFO - Rachel Miller
[2023-02-02T10:04:16.516+0000] {logging_mixin.py:137} INFO - Brandon Parker
[2023-02-02T10:04:16.518+0000] {logging_mixin.py:137} INFO - Walter Martin
[2023-02-02T10:04:16.520+0000] {logging_mixin.py:137} INFO - Jose Young
[2023-02-02T10:04:16.521+0000] {logging_mixin.py:137} INFO - Kelsey Long
[2023-02-02T10:04:16.523+0000] {logging_mixin.py:137} INFO - William Harper
[2023-02-02T10:04:16.527+0000] {logging_mixin.py:137} INFO - Alejandro Lambert
[2023-02-02T10:04:16.529+0000] {logging_mixin.py:137} INFO - Stephanie Carson
[2023-02-02T10:04:16.532+0000] {logging_mixin.py:137} INFO - Diana Ortega MD
[2023-02-02T10:04:16.533+0000] {logging_mixin.py:137} INFO - Janet Morales
[2023-02-02T10:04:16.538+0000] {logging_mixin.py:137} INFO - Eric Fisher
[2023-02-02T10:04:16.541+0000] {logging_mixin.py:137} INFO - Louis Baker
[2023-02-02T10:04:16.542+0000] {logging_mixin.py:137} INFO - Cindy Ward
[2023-02-02T10:04:16.544+0000] {logging_mixin.py:137} INFO - Ana Jenkins
[2023-02-02T10:04:16.546+0000] {logging_mixin.py:137} INFO - Leslie Barton
[2023-02-02T10:04:16.547+0000] {logging_mixin.py:137} INFO - Gregory Price
[2023-02-02T10:04:16.550+0000] {logging_mixin.py:137} INFO - Brandon Moore
[2023-02-02T10:04:16.555+0000] {logging_mixin.py:137} INFO - Heather Garrett
[2023-02-02T10:04:16.557+0000] {logging_mixin.py:137} INFO - Cindy Hawkins
[2023-02-02T10:04:16.563+0000] {logging_mixin.py:137} INFO - Mr. Frank Snyder Jr.
[2023-02-02T10:04:16.567+0000] {logging_mixin.py:137} INFO - Megan Wang
[2023-02-02T10:04:16.570+0000] {logging_mixin.py:137} INFO - Jennifer Fleming
[2023-02-02T10:04:16.571+0000] {logging_mixin.py:137} INFO - Gary Hodge
[2023-02-02T10:04:16.577+0000] {logging_mixin.py:137} INFO - Nichole Miller
[2023-02-02T10:04:16.580+0000] {logging_mixin.py:137} INFO - Mitchell Mendoza
[2023-02-02T10:04:16.584+0000] {logging_mixin.py:137} INFO - Bradley Horton
[2023-02-02T10:04:16.586+0000] {logging_mixin.py:137} INFO - Michelle Hess
[2023-02-02T10:04:16.588+0000] {logging_mixin.py:137} INFO - Ronald Torres
[2023-02-02T10:04:16.590+0000] {logging_mixin.py:137} INFO - Raymond Hudson
[2023-02-02T10:04:16.593+0000] {logging_mixin.py:137} INFO - Vincent Jackson
[2023-02-02T10:04:16.596+0000] {logging_mixin.py:137} INFO - Susan Carey
[2023-02-02T10:04:16.597+0000] {logging_mixin.py:137} INFO - Chase Wilson
[2023-02-02T10:04:16.601+0000] {logging_mixin.py:137} INFO - Tonya Baldwin
[2023-02-02T10:04:16.602+0000] {logging_mixin.py:137} INFO - Mrs. Tina Davis
[2023-02-02T10:04:16.604+0000] {logging_mixin.py:137} INFO - Scott Garrett
[2023-02-02T10:04:16.611+0000] {logging_mixin.py:137} INFO - Michael Wilson
[2023-02-02T10:04:16.615+0000] {logging_mixin.py:137} INFO - Andrew Orozco
[2023-02-02T10:04:16.618+0000] {logging_mixin.py:137} INFO - Troy Carson
[2023-02-02T10:04:16.620+0000] {logging_mixin.py:137} INFO - Alex Winters
[2023-02-02T10:04:16.622+0000] {logging_mixin.py:137} INFO - Toni Frank
[2023-02-02T10:04:16.627+0000] {logging_mixin.py:137} INFO - Kathleen Snyder
[2023-02-02T10:04:16.630+0000] {logging_mixin.py:137} INFO - Anna Lopez
[2023-02-02T10:04:16.634+0000] {logging_mixin.py:137} INFO - Charles Brown
[2023-02-02T10:04:16.636+0000] {logging_mixin.py:137} INFO - Barry Ross
[2023-02-02T10:04:16.641+0000] {logging_mixin.py:137} INFO - Emily Ramirez
[2023-02-02T10:04:16.644+0000] {logging_mixin.py:137} INFO - Anna Williams
[2023-02-02T10:04:16.646+0000] {logging_mixin.py:137} INFO - Kristin Pennington
[2023-02-02T10:04:16.648+0000] {logging_mixin.py:137} INFO - Mary Aguirre
[2023-02-02T10:04:16.651+0000] {logging_mixin.py:137} INFO - Austin Santos
[2023-02-02T10:04:16.654+0000] {logging_mixin.py:137} INFO - David Nelson
[2023-02-02T10:04:16.657+0000] {logging_mixin.py:137} INFO - Alyssa Mcbride
[2023-02-02T10:04:16.659+0000] {logging_mixin.py:137} INFO - Lisa Gibson
[2023-02-02T10:04:16.663+0000] {logging_mixin.py:137} INFO - Alexander Kelly
[2023-02-02T10:04:16.671+0000] {logging_mixin.py:137} INFO - Ronald Thomas
[2023-02-02T10:04:16.675+0000] {logging_mixin.py:137} INFO - Michael Hurst
[2023-02-02T10:04:16.678+0000] {logging_mixin.py:137} INFO - Lauren Ward
[2023-02-02T10:04:16.683+0000] {logging_mixin.py:137} INFO - Christian Terry
[2023-02-02T10:04:16.686+0000] {logging_mixin.py:137} INFO - Jared Black
[2023-02-02T10:04:16.689+0000] {logging_mixin.py:137} INFO - Anthony Brown
[2023-02-02T10:04:16.698+0000] {logging_mixin.py:137} INFO - John Cole
[2023-02-02T10:04:16.700+0000] {logging_mixin.py:137} INFO - David Lee
[2023-02-02T10:04:16.702+0000] {logging_mixin.py:137} INFO - Lori Thomas
[2023-02-02T10:04:16.707+0000] {logging_mixin.py:137} INFO - Daniel Herman
[2023-02-02T10:04:16.710+0000] {logging_mixin.py:137} INFO - Pam Williams
[2023-02-02T10:04:16.713+0000] {logging_mixin.py:137} INFO - Sarah Jenkins
[2023-02-02T10:04:16.716+0000] {logging_mixin.py:137} INFO - Susan Mitchell
[2023-02-02T10:04:16.722+0000] {logging_mixin.py:137} INFO - Jacqueline Green
[2023-02-02T10:04:16.724+0000] {logging_mixin.py:137} INFO - Victoria Garrison
[2023-02-02T10:04:16.728+0000] {logging_mixin.py:137} INFO - Jonathan Daniels
[2023-02-02T10:04:16.729+0000] {logging_mixin.py:137} INFO - Trevor Hansen
[2023-02-02T10:04:16.734+0000] {logging_mixin.py:137} INFO - Laurie Bowen
[2023-02-02T10:04:16.739+0000] {logging_mixin.py:137} INFO - James Cline
[2023-02-02T10:04:16.741+0000] {logging_mixin.py:137} INFO - Michael Rose
[2023-02-02T10:04:16.744+0000] {logging_mixin.py:137} INFO - Lawrence Juarez
[2023-02-02T10:04:16.747+0000] {logging_mixin.py:137} INFO - Lucas Caldwell
[2023-02-02T10:04:16.750+0000] {logging_mixin.py:137} INFO - Laura Jackson
[2023-02-02T10:04:16.752+0000] {logging_mixin.py:137} INFO - Sherri Thornton
[2023-02-02T10:04:16.757+0000] {logging_mixin.py:137} INFO - Alice Wilson
[2023-02-02T10:04:16.761+0000] {logging_mixin.py:137} INFO - Diane Williams
[2023-02-02T10:04:16.764+0000] {logging_mixin.py:137} INFO - Kara Martin
[2023-02-02T10:04:16.766+0000] {logging_mixin.py:137} INFO - Joseph Moore
[2023-02-02T10:04:16.768+0000] {logging_mixin.py:137} INFO - Jesse Moses
[2023-02-02T10:04:16.771+0000] {logging_mixin.py:137} INFO - Lisa Mccall
[2023-02-02T10:04:16.773+0000] {logging_mixin.py:137} INFO - Alexandra Mccoy
[2023-02-02T10:04:16.775+0000] {logging_mixin.py:137} INFO - Daniel Martin
[2023-02-02T10:04:16.777+0000] {logging_mixin.py:137} INFO - Claudia Peck
[2023-02-02T10:04:16.780+0000] {logging_mixin.py:137} INFO - Jessica Mcconnell
[2023-02-02T10:04:16.783+0000] {logging_mixin.py:137} INFO - Kevin Walker
[2023-02-02T10:04:16.785+0000] {logging_mixin.py:137} INFO - Christina Lee
[2023-02-02T10:04:16.787+0000] {logging_mixin.py:137} INFO - Christopher Schroeder
[2023-02-02T10:04:16.791+0000] {logging_mixin.py:137} INFO - Melissa Parker
[2023-02-02T10:04:16.795+0000] {logging_mixin.py:137} INFO - Janet Molina
[2023-02-02T10:04:16.797+0000] {logging_mixin.py:137} INFO - Barbara Harris
[2023-02-02T10:04:16.800+0000] {logging_mixin.py:137} INFO - Joseph Hurley
[2023-02-02T10:04:16.802+0000] {logging_mixin.py:137} INFO - Greg Hayden
[2023-02-02T10:04:16.805+0000] {logging_mixin.py:137} INFO - Edwin Adams
[2023-02-02T10:04:16.808+0000] {logging_mixin.py:137} INFO - Ashley Hunter
[2023-02-02T10:04:16.810+0000] {logging_mixin.py:137} INFO - Jennifer Tucker
[2023-02-02T10:04:16.813+0000] {logging_mixin.py:137} INFO - Eddie Gray
[2023-02-02T10:04:16.816+0000] {logging_mixin.py:137} INFO - Jennifer Evans
[2023-02-02T10:04:16.819+0000] {logging_mixin.py:137} INFO - Stephen Carey
[2023-02-02T10:04:16.821+0000] {logging_mixin.py:137} INFO - Samantha Campos
[2023-02-02T10:04:16.823+0000] {logging_mixin.py:137} INFO - Meagan Brown
[2023-02-02T10:04:16.827+0000] {logging_mixin.py:137} INFO - Miss Marisa Barber
[2023-02-02T10:04:16.831+0000] {logging_mixin.py:137} INFO - Jay Mann
[2023-02-02T10:04:16.834+0000] {logging_mixin.py:137} INFO - Matthew Campbell
[2023-02-02T10:04:16.836+0000] {logging_mixin.py:137} INFO - Brent Rodriguez
[2023-02-02T10:04:16.838+0000] {logging_mixin.py:137} INFO - Teresa Ross
[2023-02-02T10:04:16.840+0000] {logging_mixin.py:137} INFO - Mary Martinez
[2023-02-02T10:04:16.842+0000] {logging_mixin.py:137} INFO - Joseph Lewis
[2023-02-02T10:04:16.844+0000] {logging_mixin.py:137} INFO - Dale Davis
[2023-02-02T10:04:16.846+0000] {logging_mixin.py:137} INFO - Elizabeth Evans
[2023-02-02T10:04:16.848+0000] {logging_mixin.py:137} INFO - Shannon Wang
[2023-02-02T10:04:16.850+0000] {logging_mixin.py:137} INFO - Brandon Campbell
[2023-02-02T10:04:16.852+0000] {logging_mixin.py:137} INFO - Rhonda Pace
[2023-02-02T10:04:16.854+0000] {logging_mixin.py:137} INFO - Sarah Santos
[2023-02-02T10:04:16.855+0000] {logging_mixin.py:137} INFO - Jacob Ford
[2023-02-02T10:04:16.858+0000] {logging_mixin.py:137} INFO - Matthew Hansen
[2023-02-02T10:04:16.860+0000] {logging_mixin.py:137} INFO - Amy Ray
[2023-02-02T10:04:16.862+0000] {logging_mixin.py:137} INFO - Aaron Fields
[2023-02-02T10:04:16.865+0000] {logging_mixin.py:137} INFO - Mary Taylor
[2023-02-02T10:04:16.866+0000] {logging_mixin.py:137} INFO - James Morris
[2023-02-02T10:04:16.868+0000] {logging_mixin.py:137} INFO - Darrell Cain
[2023-02-02T10:04:16.869+0000] {logging_mixin.py:137} INFO - Michael Smith
[2023-02-02T10:04:16.872+0000] {logging_mixin.py:137} INFO - Scott Coleman
[2023-02-02T10:04:16.875+0000] {logging_mixin.py:137} INFO - David Fitzpatrick
[2023-02-02T10:04:16.877+0000] {logging_mixin.py:137} INFO - Debra Shepherd
[2023-02-02T10:04:16.879+0000] {logging_mixin.py:137} INFO - Paul Rush
[2023-02-02T10:04:16.882+0000] {logging_mixin.py:137} INFO - Brett Hernandez
[2023-02-02T10:04:16.885+0000] {logging_mixin.py:137} INFO - Sheila Riddle
[2023-02-02T10:04:16.888+0000] {logging_mixin.py:137} INFO - Joan Austin
[2023-02-02T10:04:16.891+0000] {logging_mixin.py:137} INFO - Michael Garcia
[2023-02-02T10:04:16.893+0000] {logging_mixin.py:137} INFO - Natalie Harris
[2023-02-02T10:04:16.896+0000] {logging_mixin.py:137} INFO - Steven Dean
[2023-02-02T10:04:16.899+0000] {logging_mixin.py:137} INFO - John Brown
[2023-02-02T10:04:16.901+0000] {logging_mixin.py:137} INFO - Keith Zimmerman
[2023-02-02T10:04:16.902+0000] {logging_mixin.py:137} INFO - Curtis Byrd
[2023-02-02T10:04:16.904+0000] {logging_mixin.py:137} INFO - Mariah Green
[2023-02-02T10:04:16.907+0000] {logging_mixin.py:137} INFO - Roger Huynh
[2023-02-02T10:04:16.909+0000] {logging_mixin.py:137} INFO - Christopher Zamora
[2023-02-02T10:04:16.911+0000] {logging_mixin.py:137} INFO - Joyce Crawford
[2023-02-02T10:04:16.912+0000] {logging_mixin.py:137} INFO - Angela Smith
[2023-02-02T10:04:16.916+0000] {logging_mixin.py:137} INFO - Veronica Robinson
[2023-02-02T10:04:16.917+0000] {logging_mixin.py:137} INFO - Christopher Bates
[2023-02-02T10:04:16.919+0000] {logging_mixin.py:137} INFO - Steve Stone
[2023-02-02T10:04:16.922+0000] {logging_mixin.py:137} INFO - William Cook
[2023-02-02T10:04:16.925+0000] {logging_mixin.py:137} INFO - Lori Wood
[2023-02-02T10:04:16.928+0000] {logging_mixin.py:137} INFO - Jillian Reynolds
[2023-02-02T10:04:16.930+0000] {logging_mixin.py:137} INFO - Angela Caldwell
[2023-02-02T10:04:16.932+0000] {logging_mixin.py:137} INFO - Shane Campbell
[2023-02-02T10:04:16.933+0000] {logging_mixin.py:137} INFO - Karen Lawrence
[2023-02-02T10:04:16.936+0000] {logging_mixin.py:137} INFO - Kimberly Wood
[2023-02-02T10:04:16.938+0000] {logging_mixin.py:137} INFO - Samantha Lopez
[2023-02-02T10:04:16.941+0000] {logging_mixin.py:137} INFO - Harold Miller
[2023-02-02T10:04:16.943+0000] {logging_mixin.py:137} INFO - Raymond Cooper DVM
[2023-02-02T10:04:16.945+0000] {logging_mixin.py:137} INFO - Kristen Patel
[2023-02-02T10:04:16.947+0000] {logging_mixin.py:137} INFO - Anthony Mejia
[2023-02-02T10:04:16.950+0000] {logging_mixin.py:137} INFO - Raymond Thomas
[2023-02-02T10:04:16.951+0000] {logging_mixin.py:137} INFO - Scott Young
[2023-02-02T10:04:16.954+0000] {logging_mixin.py:137} INFO - David Larson
[2023-02-02T10:04:16.956+0000] {logging_mixin.py:137} INFO - Jon Murray
[2023-02-02T10:04:16.957+0000] {logging_mixin.py:137} INFO - Stephen Taylor
[2023-02-02T10:04:16.960+0000] {logging_mixin.py:137} INFO - Jennifer Hernandez
[2023-02-02T10:04:16.962+0000] {logging_mixin.py:137} INFO - Stacy Smith
[2023-02-02T10:04:16.963+0000] {logging_mixin.py:137} INFO - Juan Owens
[2023-02-02T10:04:16.965+0000] {logging_mixin.py:137} INFO - Brian Adkins
[2023-02-02T10:04:16.967+0000] {logging_mixin.py:137} INFO - Jesse Wells
[2023-02-02T10:04:16.968+0000] {logging_mixin.py:137} INFO - Kyle Matthews
[2023-02-02T10:04:16.970+0000] {logging_mixin.py:137} INFO - Dustin Russell
[2023-02-02T10:04:16.971+0000] {logging_mixin.py:137} INFO - Richard White
[2023-02-02T10:04:16.974+0000] {logging_mixin.py:137} INFO - Brittany Nichols
[2023-02-02T10:04:16.976+0000] {logging_mixin.py:137} INFO - Colton Kelly
[2023-02-02T10:04:16.978+0000] {logging_mixin.py:137} INFO - William Perry
[2023-02-02T10:04:16.980+0000] {logging_mixin.py:137} INFO - Thomas Cummings
[2023-02-02T10:04:16.982+0000] {logging_mixin.py:137} INFO - Timothy Ballard
[2023-02-02T10:04:16.983+0000] {logging_mixin.py:137} INFO - Richard Washington
[2023-02-02T10:04:16.985+0000] {logging_mixin.py:137} INFO - Joshua Lam
[2023-02-02T10:04:16.988+0000] {logging_mixin.py:137} INFO - Grant Jackson
[2023-02-02T10:04:16.989+0000] {logging_mixin.py:137} INFO - Erin Baker
[2023-02-02T10:04:16.992+0000] {logging_mixin.py:137} INFO - Scott Flowers
[2023-02-02T10:04:16.998+0000] {logging_mixin.py:137} INFO - James Adams
[2023-02-02T10:04:17.000+0000] {logging_mixin.py:137} INFO - Heather Alvarado
[2023-02-02T10:04:17.003+0000] {logging_mixin.py:137} INFO - Jennifer Snow
[2023-02-02T10:04:17.004+0000] {logging_mixin.py:137} INFO - Mario Jackson
[2023-02-02T10:04:17.006+0000] {logging_mixin.py:137} INFO - Kevin Collins
[2023-02-02T10:04:17.009+0000] {logging_mixin.py:137} INFO - Danielle Garcia
[2023-02-02T10:04:17.011+0000] {logging_mixin.py:137} INFO - Brenda Jackson
[2023-02-02T10:04:17.013+0000] {logging_mixin.py:137} INFO - Ashley Parker
[2023-02-02T10:04:17.016+0000] {logging_mixin.py:137} INFO - Angela Hickman
[2023-02-02T10:04:17.017+0000] {logging_mixin.py:137} INFO - Carol Rodriguez
[2023-02-02T10:04:17.020+0000] {logging_mixin.py:137} INFO - Vernon Anderson
[2023-02-02T10:04:17.022+0000] {logging_mixin.py:137} INFO - Jesus Church
[2023-02-02T10:04:17.024+0000] {logging_mixin.py:137} INFO - Michelle Medina
[2023-02-02T10:04:17.027+0000] {logging_mixin.py:137} INFO - Nancy Bryant
[2023-02-02T10:04:17.029+0000] {logging_mixin.py:137} INFO - Jennifer Martinez
[2023-02-02T10:04:17.034+0000] {logging_mixin.py:137} INFO - Amy Dougherty
[2023-02-02T10:04:17.038+0000] {logging_mixin.py:137} INFO - Alexis Sanders
[2023-02-02T10:04:17.040+0000] {logging_mixin.py:137} INFO - Austin Salazar
[2023-02-02T10:04:17.045+0000] {logging_mixin.py:137} INFO - Amy Williams
[2023-02-02T10:04:17.047+0000] {logging_mixin.py:137} INFO - Richard Haynes
[2023-02-02T10:04:17.048+0000] {logging_mixin.py:137} INFO - Christine Stark
[2023-02-02T10:04:17.050+0000] {logging_mixin.py:137} INFO - Anita Medina
[2023-02-02T10:04:17.051+0000] {logging_mixin.py:137} INFO - Mr. Thomas Duran
[2023-02-02T10:04:17.055+0000] {logging_mixin.py:137} INFO - Mr. Russell Peterson
[2023-02-02T10:04:17.057+0000] {logging_mixin.py:137} INFO - Jack Richard
[2023-02-02T10:04:17.059+0000] {logging_mixin.py:137} INFO - Michelle Erickson
[2023-02-02T10:04:17.061+0000] {logging_mixin.py:137} INFO - Mitchell Williams
[2023-02-02T10:04:17.063+0000] {logging_mixin.py:137} INFO - Adrian Herrera
[2023-02-02T10:04:17.066+0000] {logging_mixin.py:137} INFO - Michael Brady
[2023-02-02T10:04:17.069+0000] {logging_mixin.py:137} INFO - Jamie Zhang
[2023-02-02T10:04:17.071+0000] {logging_mixin.py:137} INFO - Helen Brennan
[2023-02-02T10:04:17.075+0000] {logging_mixin.py:137} INFO - John Myers
[2023-02-02T10:04:17.077+0000] {logging_mixin.py:137} INFO - Patricia Nash
[2023-02-02T10:04:17.080+0000] {logging_mixin.py:137} INFO - Michael Johnson
[2023-02-02T10:04:17.083+0000] {logging_mixin.py:137} INFO - Anita Berger
[2023-02-02T10:04:17.085+0000] {logging_mixin.py:137} INFO - Jason Guerrero DVM
[2023-02-02T10:04:17.087+0000] {logging_mixin.py:137} INFO - Kimberly Davis
[2023-02-02T10:04:17.090+0000] {logging_mixin.py:137} INFO - Bryan Hansen
[2023-02-02T10:04:17.092+0000] {logging_mixin.py:137} INFO - Rebecca Obrien
[2023-02-02T10:04:17.094+0000] {logging_mixin.py:137} INFO - Sarah Santiago
[2023-02-02T10:04:17.096+0000] {logging_mixin.py:137} INFO - Christine Lane
[2023-02-02T10:04:17.101+0000] {logging_mixin.py:137} INFO - Jerry Lewis
[2023-02-02T10:04:17.103+0000] {logging_mixin.py:137} INFO - Stephanie Miller
[2023-02-02T10:04:17.104+0000] {logging_mixin.py:137} INFO - Kristi Bradley
[2023-02-02T10:04:17.106+0000] {logging_mixin.py:137} INFO - Darren Moore
[2023-02-02T10:04:17.109+0000] {logging_mixin.py:137} INFO - Kristina Cunningham
[2023-02-02T10:04:17.111+0000] {logging_mixin.py:137} INFO - Laurie Moore
[2023-02-02T10:04:17.113+0000] {logging_mixin.py:137} INFO - Aaron Lewis
[2023-02-02T10:04:17.114+0000] {logging_mixin.py:137} INFO - Theresa Vang
[2023-02-02T10:04:17.116+0000] {logging_mixin.py:137} INFO - Chase Reese
[2023-02-02T10:04:17.119+0000] {logging_mixin.py:137} INFO - Matthew Ferguson
[2023-02-02T10:04:17.121+0000] {logging_mixin.py:137} INFO - Victoria Lewis
[2023-02-02T10:04:17.122+0000] {logging_mixin.py:137} INFO - Jon Scott
[2023-02-02T10:04:17.125+0000] {logging_mixin.py:137} INFO - Lisa Campbell
[2023-02-02T10:04:17.126+0000] {logging_mixin.py:137} INFO - David Ramirez
[2023-02-02T10:04:17.127+0000] {logging_mixin.py:137} INFO - Gabriel Rosario
[2023-02-02T10:04:17.129+0000] {logging_mixin.py:137} INFO - Kristi Johnson
[2023-02-02T10:04:17.131+0000] {logging_mixin.py:137} INFO - Jennifer Schwartz
[2023-02-02T10:04:17.133+0000] {logging_mixin.py:137} INFO - Daniel Norton
[2023-02-02T10:04:17.137+0000] {logging_mixin.py:137} INFO - Richard Montoya
[2023-02-02T10:04:17.140+0000] {logging_mixin.py:137} INFO - Daniel Norris
[2023-02-02T10:04:17.144+0000] {logging_mixin.py:137} INFO - Chad Taylor
[2023-02-02T10:04:17.146+0000] {logging_mixin.py:137} INFO - Angie Allen
[2023-02-02T10:04:17.148+0000] {logging_mixin.py:137} INFO - Michael Brooks
[2023-02-02T10:04:17.149+0000] {logging_mixin.py:137} INFO - Hannah Poole
[2023-02-02T10:04:17.152+0000] {logging_mixin.py:137} INFO - Caitlin Ray
[2023-02-02T10:04:17.155+0000] {logging_mixin.py:137} INFO - Mr. Steven Gardner
[2023-02-02T10:04:17.157+0000] {logging_mixin.py:137} INFO - Jennifer Macdonald
[2023-02-02T10:04:17.158+0000] {logging_mixin.py:137} INFO - Vanessa Small
[2023-02-02T10:04:17.160+0000] {logging_mixin.py:137} INFO - Dennis Gray
[2023-02-02T10:04:17.164+0000] {logging_mixin.py:137} INFO - Sandra Kirk
[2023-02-02T10:04:17.166+0000] {logging_mixin.py:137} INFO - Jason Wagner
[2023-02-02T10:04:17.167+0000] {logging_mixin.py:137} INFO - David Owen
[2023-02-02T10:04:17.169+0000] {logging_mixin.py:137} INFO - Rose Terrell
[2023-02-02T10:04:17.172+0000] {logging_mixin.py:137} INFO - James Green MD
[2023-02-02T10:04:17.176+0000] {logging_mixin.py:137} INFO - Tammy Patel
[2023-02-02T10:04:17.179+0000] {logging_mixin.py:137} INFO - Joseph Lucero
[2023-02-02T10:04:17.181+0000] {logging_mixin.py:137} INFO - Stephanie Rojas
[2023-02-02T10:04:17.183+0000] {logging_mixin.py:137} INFO - Brittany Johnson
[2023-02-02T10:04:17.184+0000] {logging_mixin.py:137} INFO - Christina Cummings
[2023-02-02T10:04:17.187+0000] {logging_mixin.py:137} INFO - Eric Downs
[2023-02-02T10:04:17.189+0000] {logging_mixin.py:137} INFO - Paul Finley
[2023-02-02T10:04:17.190+0000] {logging_mixin.py:137} INFO - Danielle Jackson
[2023-02-02T10:04:17.194+0000] {logging_mixin.py:137} INFO - Anna Johnston
[2023-02-02T10:04:17.200+0000] {logging_mixin.py:137} INFO - Ashlee Hodges
[2023-02-02T10:04:17.201+0000] {logging_mixin.py:137} INFO - Thomas Francis
[2023-02-02T10:04:17.203+0000] {logging_mixin.py:137} INFO - Cody Baird
[2023-02-02T10:04:17.204+0000] {logging_mixin.py:137} INFO - Jeffrey Walter
[2023-02-02T10:04:17.206+0000] {logging_mixin.py:137} INFO - Hannah West
[2023-02-02T10:04:17.208+0000] {logging_mixin.py:137} INFO - Anthony Byrd
[2023-02-02T10:04:17.209+0000] {logging_mixin.py:137} INFO - Julie Ramirez
[2023-02-02T10:04:17.214+0000] {logging_mixin.py:137} INFO - Seth Peters
[2023-02-02T10:04:17.217+0000] {logging_mixin.py:137} INFO - Keith Salas
[2023-02-02T10:04:17.219+0000] {logging_mixin.py:137} INFO - Kathryn Evans
[2023-02-02T10:04:17.220+0000] {logging_mixin.py:137} INFO - Dr. Maria Scott
[2023-02-02T10:04:17.222+0000] {logging_mixin.py:137} INFO - Brenda Thomas
[2023-02-02T10:04:17.224+0000] {logging_mixin.py:137} INFO - Travis Douglas
[2023-02-02T10:04:17.226+0000] {logging_mixin.py:137} INFO - Kurt Santos
[2023-02-02T10:04:17.227+0000] {logging_mixin.py:137} INFO - Sean Parrish
[2023-02-02T10:04:17.228+0000] {logging_mixin.py:137} INFO - Brittany Walls
[2023-02-02T10:04:17.230+0000] {logging_mixin.py:137} INFO - Gail Brooks
[2023-02-02T10:04:17.233+0000] {logging_mixin.py:137} INFO - Valerie Johnson
[2023-02-02T10:04:17.235+0000] {logging_mixin.py:137} INFO - Jessica Dunn
[2023-02-02T10:04:17.237+0000] {logging_mixin.py:137} INFO - Chad Robinson
[2023-02-02T10:04:17.239+0000] {logging_mixin.py:137} INFO - Catherine Combs
[2023-02-02T10:04:17.245+0000] {logging_mixin.py:137} INFO - Joshua Boyd
[2023-02-02T10:04:17.247+0000] {logging_mixin.py:137} INFO - Alicia Barnett DVM
[2023-02-02T10:04:17.249+0000] {logging_mixin.py:137} INFO - Kevin Cervantes
[2023-02-02T10:04:17.251+0000] {logging_mixin.py:137} INFO - Larry Lester
[2023-02-02T10:04:17.253+0000] {logging_mixin.py:137} INFO - Deanna Espinoza
[2023-02-02T10:04:17.254+0000] {logging_mixin.py:137} INFO - Marilyn Davis
[2023-02-02T10:04:17.259+0000] {logging_mixin.py:137} INFO - Michael Weeks
[2023-02-02T10:04:17.262+0000] {logging_mixin.py:137} INFO - Brandon Stanton
[2023-02-02T10:04:17.265+0000] {logging_mixin.py:137} INFO - Ryan Boyer Jr.
[2023-02-02T10:04:17.267+0000] {logging_mixin.py:137} INFO - Amanda Elliott
[2023-02-02T10:04:17.270+0000] {logging_mixin.py:137} INFO - David Moore
[2023-02-02T10:04:17.272+0000] {logging_mixin.py:137} INFO - Andre Williams
[2023-02-02T10:04:17.273+0000] {logging_mixin.py:137} INFO - Jennifer Garcia
[2023-02-02T10:04:17.274+0000] {logging_mixin.py:137} INFO - Tracey Cook
[2023-02-02T10:04:17.276+0000] {logging_mixin.py:137} INFO - Michael Turner
[2023-02-02T10:04:17.278+0000] {logging_mixin.py:137} INFO - Diana Long
[2023-02-02T10:04:17.279+0000] {logging_mixin.py:137} INFO - John Bradley
[2023-02-02T10:04:17.283+0000] {logging_mixin.py:137} INFO - Ann Benjamin
[2023-02-02T10:04:17.285+0000] {logging_mixin.py:137} INFO - Shane House
[2023-02-02T10:04:17.288+0000] {logging_mixin.py:137} INFO - Erin Lee
[2023-02-02T10:04:17.291+0000] {logging_mixin.py:137} INFO - Joseph Gray
[2023-02-02T10:04:17.292+0000] {logging_mixin.py:137} INFO - Betty Gibson
[2023-02-02T10:04:17.296+0000] {logging_mixin.py:137} INFO - Kristen Graham
[2023-02-02T10:04:17.299+0000] {logging_mixin.py:137} INFO - Daniel Meza
[2023-02-02T10:04:17.302+0000] {logging_mixin.py:137} INFO - Sherri Carpenter
[2023-02-02T10:04:17.304+0000] {logging_mixin.py:137} INFO - Andrea Sanchez
[2023-02-02T10:04:17.309+0000] {logging_mixin.py:137} INFO - Jordan Rios
[2023-02-02T10:04:17.310+0000] {logging_mixin.py:137} INFO - Elizabeth Jackson
[2023-02-02T10:04:17.312+0000] {logging_mixin.py:137} INFO - Elizabeth Myers
[2023-02-02T10:04:17.313+0000] {logging_mixin.py:137} INFO - Juan Barnes
[2023-02-02T10:04:17.317+0000] {logging_mixin.py:137} INFO - Christopher Lozano
[2023-02-02T10:04:17.319+0000] {logging_mixin.py:137} INFO - Jacqueline Griffin
[2023-02-02T10:04:17.322+0000] {logging_mixin.py:137} INFO - Ryan Mason
[2023-02-02T10:04:17.323+0000] {logging_mixin.py:137} INFO - Jonathan Moore
[2023-02-02T10:04:17.326+0000] {logging_mixin.py:137} INFO - Abigail Landry
[2023-02-02T10:04:17.329+0000] {logging_mixin.py:137} INFO - Brenda Hernandez
[2023-02-02T10:04:17.332+0000] {logging_mixin.py:137} INFO - Zachary Pitts
[2023-02-02T10:04:17.336+0000] {logging_mixin.py:137} INFO - Amanda Rogers
[2023-02-02T10:04:17.338+0000] {logging_mixin.py:137} INFO - Cynthia Gray
[2023-02-02T10:04:17.340+0000] {logging_mixin.py:137} INFO - Tyler Barajas
[2023-02-02T10:04:17.347+0000] {logging_mixin.py:137} INFO - Michelle Leon
[2023-02-02T10:04:17.348+0000] {logging_mixin.py:137} INFO - Kathy Lang
[2023-02-02T10:04:17.350+0000] {logging_mixin.py:137} INFO - Scott Townsend MD
[2023-02-02T10:04:17.354+0000] {logging_mixin.py:137} INFO - Theresa Acosta
[2023-02-02T10:04:17.356+0000] {logging_mixin.py:137} INFO - David Jones
[2023-02-02T10:04:17.357+0000] {logging_mixin.py:137} INFO - Jeremy Robinson
[2023-02-02T10:04:17.365+0000] {logging_mixin.py:137} INFO - James Newton
[2023-02-02T10:04:17.370+0000] {logging_mixin.py:137} INFO - Tracey Wells
[2023-02-02T10:04:17.373+0000] {logging_mixin.py:137} INFO - Maria Nelson
[2023-02-02T10:04:17.375+0000] {logging_mixin.py:137} INFO - Christopher Griffith
[2023-02-02T10:04:17.377+0000] {logging_mixin.py:137} INFO - Zachary Griffin
[2023-02-02T10:04:17.382+0000] {logging_mixin.py:137} INFO - Amy Nguyen
[2023-02-02T10:04:17.386+0000] {logging_mixin.py:137} INFO - April Williams
[2023-02-02T10:04:17.388+0000] {logging_mixin.py:137} INFO - Marissa Kelly
[2023-02-02T10:04:17.391+0000] {logging_mixin.py:137} INFO - Brian Lopez PhD
[2023-02-02T10:04:17.392+0000] {logging_mixin.py:137} INFO - William Williams
[2023-02-02T10:04:17.396+0000] {logging_mixin.py:137} INFO - Norman Brown
[2023-02-02T10:04:17.403+0000] {logging_mixin.py:137} INFO - Charles Fuentes
[2023-02-02T10:04:17.407+0000] {logging_mixin.py:137} INFO - Anthony Chang
[2023-02-02T10:04:17.415+0000] {logging_mixin.py:137} INFO - Mary Bell
[2023-02-02T10:04:17.420+0000] {logging_mixin.py:137} INFO - Elizabeth Stuart
[2023-02-02T10:04:17.422+0000] {logging_mixin.py:137} INFO - Mary Mcdonald
[2023-02-02T10:04:17.427+0000] {logging_mixin.py:137} INFO - Martin Harrison
[2023-02-02T10:04:17.432+0000] {logging_mixin.py:137} INFO - Stephanie Fernandez
[2023-02-02T10:04:17.435+0000] {logging_mixin.py:137} INFO - Christopher Brown
[2023-02-02T10:04:17.437+0000] {logging_mixin.py:137} INFO - Alexander Stephenson
[2023-02-02T10:04:17.440+0000] {logging_mixin.py:137} INFO - Grace Diaz
[2023-02-02T10:04:17.451+0000] {logging_mixin.py:137} INFO - Frank Bartlett
[2023-02-02T10:04:17.460+0000] {logging_mixin.py:137} INFO - Audrey Andersen
[2023-02-02T10:04:17.467+0000] {logging_mixin.py:137} INFO - David Green
[2023-02-02T10:04:17.469+0000] {logging_mixin.py:137} INFO - Joshua Diaz Jr.
[2023-02-02T10:04:17.471+0000] {logging_mixin.py:137} INFO - Emily Garcia
[2023-02-02T10:04:17.474+0000] {logging_mixin.py:137} INFO - Devin Hall
[2023-02-02T10:04:17.476+0000] {logging_mixin.py:137} INFO - Phillip Garner
[2023-02-02T10:04:17.479+0000] {logging_mixin.py:137} INFO - Katherine Estrada
[2023-02-02T10:04:17.489+0000] {logging_mixin.py:137} INFO - Corey Saunders
[2023-02-02T10:04:17.491+0000] {logging_mixin.py:137} INFO - Kimberly Collins
[2023-02-02T10:04:17.494+0000] {logging_mixin.py:137} INFO - Amy Elliott
[2023-02-02T10:04:17.500+0000] {logging_mixin.py:137} INFO - Tanya Jones
[2023-02-02T10:04:17.505+0000] {logging_mixin.py:137} INFO - Patricia Gonzalez
[2023-02-02T10:04:17.511+0000] {logging_mixin.py:137} INFO - Jennifer Hill
[2023-02-02T10:04:17.520+0000] {logging_mixin.py:137} INFO - John Haynes
[2023-02-02T10:04:17.531+0000] {logging_mixin.py:137} INFO - Jacob Henry
[2023-02-02T10:04:17.544+0000] {logging_mixin.py:137} INFO - Daniel Clark
[2023-02-02T10:04:17.554+0000] {logging_mixin.py:137} INFO - Jonathon Taylor
[2023-02-02T10:04:17.593+0000] {logging_mixin.py:137} INFO - Jesse Evans
[2023-02-02T10:04:17.596+0000] {logging_mixin.py:137} INFO - James Martinez
[2023-02-02T10:04:17.598+0000] {logging_mixin.py:137} INFO - Kyle Reyes
[2023-02-02T10:04:17.600+0000] {logging_mixin.py:137} INFO - Terrence Barker
[2023-02-02T10:04:17.606+0000] {logging_mixin.py:137} INFO - Anthony Washington
[2023-02-02T10:04:17.615+0000] {logging_mixin.py:137} INFO - Dustin Le
[2023-02-02T10:04:17.619+0000] {logging_mixin.py:137} INFO - Bruce Clark
[2023-02-02T10:04:17.622+0000] {logging_mixin.py:137} INFO - Keith Anthony
[2023-02-02T10:04:17.630+0000] {logging_mixin.py:137} INFO - Jeremiah Stone
[2023-02-02T10:04:17.634+0000] {logging_mixin.py:137} INFO - Michael Haley
[2023-02-02T10:04:17.639+0000] {logging_mixin.py:137} INFO - Regina Carrillo
[2023-02-02T10:04:17.643+0000] {logging_mixin.py:137} INFO - Jacob Lee
[2023-02-02T10:04:17.646+0000] {logging_mixin.py:137} INFO - Thomas Gonzalez
[2023-02-02T10:04:17.648+0000] {logging_mixin.py:137} INFO - Mark Lawrence
[2023-02-02T10:04:17.652+0000] {logging_mixin.py:137} INFO - Matthew Anderson
[2023-02-02T10:04:17.655+0000] {logging_mixin.py:137} INFO - Nicholas Young
[2023-02-02T10:04:17.661+0000] {logging_mixin.py:137} INFO - Melvin Martinez
[2023-02-02T10:04:17.664+0000] {logging_mixin.py:137} INFO - Scott Green
[2023-02-02T10:04:17.666+0000] {logging_mixin.py:137} INFO - Dana Richards
[2023-02-02T10:04:17.670+0000] {logging_mixin.py:137} INFO - Lauren Moore
[2023-02-02T10:04:17.672+0000] {logging_mixin.py:137} INFO - Terry Campbell
[2023-02-02T10:04:17.677+0000] {logging_mixin.py:137} INFO - Ralph Jordan
[2023-02-02T10:04:17.683+0000] {logging_mixin.py:137} INFO - Noah Reyes
[2023-02-02T10:04:17.687+0000] {logging_mixin.py:137} INFO - Mr. Gregory Mills MD
[2023-02-02T10:04:17.688+0000] {logging_mixin.py:137} INFO - Michelle Yates
[2023-02-02T10:04:17.691+0000] {logging_mixin.py:137} INFO - Robin Reyes
[2023-02-02T10:04:17.696+0000] {logging_mixin.py:137} INFO - Rebecca Smith
[2023-02-02T10:04:17.702+0000] {logging_mixin.py:137} INFO - Nicole Torres
[2023-02-02T10:04:17.705+0000] {logging_mixin.py:137} INFO - Ronald Jones
[2023-02-02T10:04:17.707+0000] {logging_mixin.py:137} INFO - Michael Castaneda
[2023-02-02T10:04:17.709+0000] {logging_mixin.py:137} INFO - Christopher Krueger
[2023-02-02T10:04:17.710+0000] {logging_mixin.py:137} INFO - Jennifer Werner
[2023-02-02T10:04:17.716+0000] {logging_mixin.py:137} INFO - Ashley Smith
[2023-02-02T10:04:17.721+0000] {logging_mixin.py:137} INFO - Alyssa Fields
[2023-02-02T10:04:17.723+0000] {logging_mixin.py:137} INFO - John Scott
[2023-02-02T10:04:17.725+0000] {logging_mixin.py:137} INFO - Debra Delacruz
[2023-02-02T10:04:17.727+0000] {logging_mixin.py:137} INFO - James Madden
[2023-02-02T10:04:17.729+0000] {logging_mixin.py:137} INFO - Joseph Gentry
[2023-02-02T10:04:17.731+0000] {logging_mixin.py:137} INFO - Ashley Cabrera
[2023-02-02T10:04:17.733+0000] {logging_mixin.py:137} INFO - Jennifer Fernandez
[2023-02-02T10:04:17.735+0000] {logging_mixin.py:137} INFO - James Harris
[2023-02-02T10:04:17.739+0000] {logging_mixin.py:137} INFO - Candice Young
[2023-02-02T10:04:17.741+0000] {logging_mixin.py:137} INFO - Lisa Baker
[2023-02-02T10:04:17.745+0000] {logging_mixin.py:137} INFO - Brian Mills DDS
[2023-02-02T10:04:17.746+0000] {logging_mixin.py:137} INFO - Kristin Smith
[2023-02-02T10:04:17.748+0000] {logging_mixin.py:137} INFO - Jacob Collins
[2023-02-02T10:04:17.751+0000] {logging_mixin.py:137} INFO - Kimberly Harris
[2023-02-02T10:04:17.756+0000] {logging_mixin.py:137} INFO - Michael Hull
[2023-02-02T10:04:17.757+0000] {logging_mixin.py:137} INFO - Caitlin Todd
[2023-02-02T10:04:17.759+0000] {logging_mixin.py:137} INFO - Lisa Harris
[2023-02-02T10:04:17.761+0000] {logging_mixin.py:137} INFO - Mrs. Ann Stone
[2023-02-02T10:04:17.763+0000] {logging_mixin.py:137} INFO - Michelle Case
[2023-02-02T10:04:17.765+0000] {logging_mixin.py:137} INFO - Joe Lowe
[2023-02-02T10:04:17.773+0000] {logging_mixin.py:137} INFO - Randall Dunn
[2023-02-02T10:04:17.774+0000] {logging_mixin.py:137} INFO - Paula Vargas
[2023-02-02T10:04:17.776+0000] {logging_mixin.py:137} INFO - Daniel Walker
[2023-02-02T10:04:17.778+0000] {logging_mixin.py:137} INFO - James Jackson
[2023-02-02T10:04:17.780+0000] {logging_mixin.py:137} INFO - Shirley Woodard
[2023-02-02T10:04:17.782+0000] {logging_mixin.py:137} INFO - James Hayes
[2023-02-02T10:04:17.784+0000] {logging_mixin.py:137} INFO - Megan Austin
[2023-02-02T10:04:17.791+0000] {logging_mixin.py:137} INFO - Erin Robertson
[2023-02-02T10:04:17.793+0000] {logging_mixin.py:137} INFO - Robert Phillips
[2023-02-02T10:04:17.795+0000] {logging_mixin.py:137} INFO - Amy Torres
[2023-02-02T10:04:17.797+0000] {logging_mixin.py:137} INFO - Joshua Cox
[2023-02-02T10:04:17.801+0000] {logging_mixin.py:137} INFO - Duane Grimes
[2023-02-02T10:04:17.803+0000] {logging_mixin.py:137} INFO - Jennifer Burgess
[2023-02-02T10:04:17.805+0000] {logging_mixin.py:137} INFO - Carlos Duran
[2023-02-02T10:04:17.807+0000] {logging_mixin.py:137} INFO - Jason Johnson
[2023-02-02T10:04:17.815+0000] {logging_mixin.py:137} INFO - Cameron Greer
[2023-02-02T10:04:17.816+0000] {logging_mixin.py:137} INFO - Randall Williams
[2023-02-02T10:04:17.818+0000] {logging_mixin.py:137} INFO - Jessica Harris
[2023-02-02T10:04:17.820+0000] {logging_mixin.py:137} INFO - Joshua Rogers
[2023-02-02T10:04:17.822+0000] {logging_mixin.py:137} INFO - Jose Mahoney
[2023-02-02T10:04:17.828+0000] {logging_mixin.py:137} INFO - Brandy Fuentes
[2023-02-02T10:04:17.830+0000] {logging_mixin.py:137} INFO - Angelica Matthews
[2023-02-02T10:04:17.834+0000] {logging_mixin.py:137} INFO - Glenn Caldwell
[2023-02-02T10:04:17.837+0000] {logging_mixin.py:137} INFO - Cristian Delacruz
[2023-02-02T10:04:17.839+0000] {logging_mixin.py:137} INFO - Alexandra Price
[2023-02-02T10:04:17.842+0000] {logging_mixin.py:137} INFO - Heather Wilson
[2023-02-02T10:04:17.846+0000] {logging_mixin.py:137} INFO - Shawn Thompson
[2023-02-02T10:04:17.848+0000] {logging_mixin.py:137} INFO - Anna Daniel
[2023-02-02T10:04:17.850+0000] {logging_mixin.py:137} INFO - Joseph Cisneros
[2023-02-02T10:04:17.851+0000] {logging_mixin.py:137} INFO - Rebecca Estes
[2023-02-02T10:04:17.853+0000] {logging_mixin.py:137} INFO - Jeremy Porter
[2023-02-02T10:04:17.856+0000] {logging_mixin.py:137} INFO - Lisa Mann
[2023-02-02T10:04:17.861+0000] {logging_mixin.py:137} INFO - Michael Woods
[2023-02-02T10:04:17.871+0000] {logging_mixin.py:137} INFO - Madison Thompson
[2023-02-02T10:04:17.878+0000] {logging_mixin.py:137} INFO - Nancy Gomez
[2023-02-02T10:04:17.880+0000] {logging_mixin.py:137} INFO - Julie Blanchard
[2023-02-02T10:04:17.883+0000] {logging_mixin.py:137} INFO - Michael Smith
[2023-02-02T10:04:17.886+0000] {logging_mixin.py:137} INFO - Angel Huber
[2023-02-02T10:04:17.888+0000] {logging_mixin.py:137} INFO - Michael Coffey
[2023-02-02T10:04:17.893+0000] {logging_mixin.py:137} INFO - Patrick Walter
[2023-02-02T10:04:17.897+0000] {logging_mixin.py:137} INFO - Curtis Davis
[2023-02-02T10:04:17.900+0000] {logging_mixin.py:137} INFO - Kyle Stewart
[2023-02-02T10:04:17.902+0000] {logging_mixin.py:137} INFO - Angela Jimenez
[2023-02-02T10:04:17.904+0000] {logging_mixin.py:137} INFO - Andrew Martinez
[2023-02-02T10:04:17.907+0000] {logging_mixin.py:137} INFO - Angela West
[2023-02-02T10:04:17.914+0000] {logging_mixin.py:137} INFO - Ryan Young
[2023-02-02T10:04:17.918+0000] {logging_mixin.py:137} INFO - Nathaniel Evans
[2023-02-02T10:04:17.922+0000] {logging_mixin.py:137} INFO - Dawn Bryant
[2023-02-02T10:04:17.924+0000] {logging_mixin.py:137} INFO - Danielle Lewis
[2023-02-02T10:04:17.931+0000] {logging_mixin.py:137} INFO - Matthew Newman
[2023-02-02T10:04:17.934+0000] {logging_mixin.py:137} INFO - Robert Smith
[2023-02-02T10:04:17.936+0000] {logging_mixin.py:137} INFO - Melissa Hicks
[2023-02-02T10:04:17.939+0000] {logging_mixin.py:137} INFO - Emily Lambert
[2023-02-02T10:04:17.941+0000] {logging_mixin.py:137} INFO - Krystal Wolfe
[2023-02-02T10:04:17.945+0000] {logging_mixin.py:137} INFO - Donna Murillo
[2023-02-02T10:04:17.948+0000] {logging_mixin.py:137} INFO - Carl Hudson
[2023-02-02T10:04:17.952+0000] {logging_mixin.py:137} INFO - Robert Wilson
[2023-02-02T10:04:17.954+0000] {logging_mixin.py:137} INFO - Patrick Mathis
[2023-02-02T10:04:17.957+0000] {logging_mixin.py:137} INFO - Michael Suarez
[2023-02-02T10:04:17.958+0000] {logging_mixin.py:137} INFO - David Johnson
[2023-02-02T10:04:17.960+0000] {logging_mixin.py:137} INFO - William Thompson
[2023-02-02T10:04:17.962+0000] {logging_mixin.py:137} INFO - Jessica Hansen DVM
[2023-02-02T10:04:17.967+0000] {logging_mixin.py:137} INFO - Katherine Friedman
[2023-02-02T10:04:17.971+0000] {logging_mixin.py:137} INFO - Jillian Johnson
[2023-02-02T10:04:17.974+0000] {logging_mixin.py:137} INFO - Robert Mckee
[2023-02-02T10:04:17.976+0000] {logging_mixin.py:137} INFO - Rachel Little
[2023-02-02T10:04:17.979+0000] {logging_mixin.py:137} INFO - Patricia Smith
[2023-02-02T10:04:17.980+0000] {logging_mixin.py:137} INFO - Heidi Martinez
[2023-02-02T10:04:17.983+0000] {logging_mixin.py:137} INFO - Caitlin Solomon
[2023-02-02T10:04:17.986+0000] {logging_mixin.py:137} INFO - Dr. Olivia Pugh
[2023-02-02T10:04:17.989+0000] {logging_mixin.py:137} INFO - John Steele DDS
[2023-02-02T10:04:17.993+0000] {logging_mixin.py:137} INFO - Jeremy Mathews
[2023-02-02T10:04:17.995+0000] {logging_mixin.py:137} INFO - Tiffany Hill
[2023-02-02T10:04:17.997+0000] {logging_mixin.py:137} INFO - Steven Edwards
[2023-02-02T10:04:17.998+0000] {logging_mixin.py:137} INFO - Charles Campbell
[2023-02-02T10:04:18.000+0000] {logging_mixin.py:137} INFO - Brett Hughes
[2023-02-02T10:04:18.003+0000] {logging_mixin.py:137} INFO - Christina Villegas
[2023-02-02T10:04:18.006+0000] {logging_mixin.py:137} INFO - Anthony Garcia
[2023-02-02T10:04:18.008+0000] {logging_mixin.py:137} INFO - Nathan Murphy
[2023-02-02T10:04:18.009+0000] {logging_mixin.py:137} INFO - Steven Dodson
[2023-02-02T10:04:18.013+0000] {logging_mixin.py:137} INFO - Brian Sullivan
[2023-02-02T10:04:18.016+0000] {logging_mixin.py:137} INFO - Renee White
[2023-02-02T10:04:18.017+0000] {logging_mixin.py:137} INFO - Laura Rowland
[2023-02-02T10:04:18.018+0000] {logging_mixin.py:137} INFO - John Moore
[2023-02-02T10:04:18.021+0000] {logging_mixin.py:137} INFO - Sophia Mckenzie
[2023-02-02T10:04:18.025+0000] {logging_mixin.py:137} INFO - David Roach
[2023-02-02T10:04:18.028+0000] {logging_mixin.py:137} INFO - Jennifer Patterson
[2023-02-02T10:04:18.036+0000] {logging_mixin.py:137} INFO - James Richards
[2023-02-02T10:04:18.041+0000] {logging_mixin.py:137} INFO - Mary Johnston
[2023-02-02T10:04:18.043+0000] {logging_mixin.py:137} INFO - Brandon Mcdaniel
[2023-02-02T10:04:18.047+0000] {logging_mixin.py:137} INFO - Meghan Stevenson
[2023-02-02T10:04:18.049+0000] {logging_mixin.py:137} INFO - Luis Hayes
[2023-02-02T10:04:18.050+0000] {logging_mixin.py:137} INFO - Alejandra Sloan
[2023-02-02T10:04:18.053+0000] {logging_mixin.py:137} INFO - Dr. Sandra Miller
[2023-02-02T10:04:18.054+0000] {logging_mixin.py:137} INFO - Dustin Bond
[2023-02-02T10:04:18.057+0000] {logging_mixin.py:137} INFO - Julia Patrick MD
[2023-02-02T10:04:18.060+0000] {logging_mixin.py:137} INFO - Jill Campbell
[2023-02-02T10:04:18.061+0000] {logging_mixin.py:137} INFO - Mark Ford
[2023-02-02T10:04:18.063+0000] {logging_mixin.py:137} INFO - Brian Long
[2023-02-02T10:04:18.068+0000] {logging_mixin.py:137} INFO - Lisa Peterson
[2023-02-02T10:04:18.070+0000] {logging_mixin.py:137} INFO - Matthew Lee
[2023-02-02T10:04:18.072+0000] {logging_mixin.py:137} INFO - Bradley Miller
[2023-02-02T10:04:18.073+0000] {logging_mixin.py:137} INFO - Jeffrey Moss
[2023-02-02T10:04:18.075+0000] {logging_mixin.py:137} INFO - Sara Carlson
[2023-02-02T10:04:18.076+0000] {logging_mixin.py:137} INFO - Daniel Rodriguez
[2023-02-02T10:04:18.077+0000] {logging_mixin.py:137} INFO - Jeremy David
[2023-02-02T10:04:18.079+0000] {logging_mixin.py:137} INFO - Eric Green
[2023-02-02T10:04:18.080+0000] {logging_mixin.py:137} INFO - Alexis Jones
[2023-02-02T10:04:18.084+0000] {logging_mixin.py:137} INFO - Matthew Rose
[2023-02-02T10:04:18.086+0000] {logging_mixin.py:137} INFO - Catherine Anderson
[2023-02-02T10:04:18.089+0000] {logging_mixin.py:137} INFO - Holly Burton
[2023-02-02T10:04:18.091+0000] {logging_mixin.py:137} INFO - David Matthews
[2023-02-02T10:04:18.093+0000] {logging_mixin.py:137} INFO - Mrs. Kara Little
[2023-02-02T10:04:18.094+0000] {logging_mixin.py:137} INFO - Jeffrey Stanley
[2023-02-02T10:04:18.098+0000] {logging_mixin.py:137} INFO - James Ochoa
[2023-02-02T10:04:18.100+0000] {logging_mixin.py:137} INFO - Jason Frye
[2023-02-02T10:04:18.102+0000] {logging_mixin.py:137} INFO - Christopher Ellis
[2023-02-02T10:04:18.104+0000] {logging_mixin.py:137} INFO - Michelle Nixon
[2023-02-02T10:04:18.108+0000] {logging_mixin.py:137} INFO - Andrew Gill
[2023-02-02T10:04:18.110+0000] {logging_mixin.py:137} INFO - Jennifer Wilson
[2023-02-02T10:04:18.112+0000] {logging_mixin.py:137} INFO - Shawn Black
[2023-02-02T10:04:18.116+0000] {logging_mixin.py:137} INFO - April Patterson
[2023-02-02T10:04:18.119+0000] {logging_mixin.py:137} INFO - Troy Vaughn
[2023-02-02T10:04:18.121+0000] {logging_mixin.py:137} INFO - Alexandria White
[2023-02-02T10:04:18.124+0000] {logging_mixin.py:137} INFO - Scott Phillips
[2023-02-02T10:04:18.126+0000] {logging_mixin.py:137} INFO - Zachary Cisneros
[2023-02-02T10:04:18.129+0000] {logging_mixin.py:137} INFO - Deborah Brown
[2023-02-02T10:04:18.131+0000] {logging_mixin.py:137} INFO - Monica Moses
[2023-02-02T10:04:18.134+0000] {logging_mixin.py:137} INFO - Brenda Reyes
[2023-02-02T10:04:18.136+0000] {logging_mixin.py:137} INFO - Miss Renee Allen
[2023-02-02T10:04:18.139+0000] {logging_mixin.py:137} INFO - Susan Clark
[2023-02-02T10:04:18.144+0000] {logging_mixin.py:137} INFO - Brandy Coffey
[2023-02-02T10:04:18.146+0000] {logging_mixin.py:137} INFO - Brett Nelson
[2023-02-02T10:04:18.148+0000] {logging_mixin.py:137} INFO - Ricardo Young
[2023-02-02T10:04:18.150+0000] {logging_mixin.py:137} INFO - Paul Lee
[2023-02-02T10:04:18.152+0000] {logging_mixin.py:137} INFO - David Allen
[2023-02-02T10:04:18.154+0000] {logging_mixin.py:137} INFO - Andrea Knight
[2023-02-02T10:04:18.155+0000] {logging_mixin.py:137} INFO - James Gomez
[2023-02-02T10:04:18.157+0000] {logging_mixin.py:137} INFO - Melody Gibson
[2023-02-02T10:04:18.159+0000] {logging_mixin.py:137} INFO - Christina Martinez
[2023-02-02T10:04:18.163+0000] {logging_mixin.py:137} INFO - Shelby Smith
[2023-02-02T10:04:18.165+0000] {logging_mixin.py:137} INFO - Jason Howard
[2023-02-02T10:04:18.167+0000] {logging_mixin.py:137} INFO - Amy Davidson
[2023-02-02T10:04:18.169+0000] {logging_mixin.py:137} INFO - Kyle Copeland
[2023-02-02T10:04:18.172+0000] {logging_mixin.py:137} INFO - Madeline Davis
[2023-02-02T10:04:18.174+0000] {logging_mixin.py:137} INFO - Aaron Young
[2023-02-02T10:04:18.175+0000] {logging_mixin.py:137} INFO - Lisa Barrett
[2023-02-02T10:04:18.177+0000] {logging_mixin.py:137} INFO - Joel Jones
[2023-02-02T10:04:18.184+0000] {logging_mixin.py:137} INFO - Christine Evans
[2023-02-02T10:04:18.186+0000] {logging_mixin.py:137} INFO - Kimberly Johnson
[2023-02-02T10:04:18.197+0000] {logging_mixin.py:137} INFO - Charles Hess
[2023-02-02T10:04:18.202+0000] {logging_mixin.py:137} INFO - Paul Dixon
[2023-02-02T10:04:18.212+0000] {logging_mixin.py:137} INFO - Christopher Johnson
[2023-02-02T10:04:18.214+0000] {logging_mixin.py:137} INFO - Robert Dawson
[2023-02-02T10:04:18.218+0000] {logging_mixin.py:137} INFO - Ryan Dixon
[2023-02-02T10:04:18.220+0000] {logging_mixin.py:137} INFO - Julie Martinez
[2023-02-02T10:04:18.222+0000] {logging_mixin.py:137} INFO - David Adams
[2023-02-02T10:04:18.223+0000] {logging_mixin.py:137} INFO - Mariah Brown
[2023-02-02T10:04:18.225+0000] {logging_mixin.py:137} INFO - Deborah Malone
[2023-02-02T10:04:18.227+0000] {logging_mixin.py:137} INFO - John Brown
[2023-02-02T10:04:18.228+0000] {logging_mixin.py:137} INFO - Maria Stewart
[2023-02-02T10:04:18.230+0000] {logging_mixin.py:137} INFO - Mr. Bryan Hawkins
[2023-02-02T10:04:18.232+0000] {logging_mixin.py:137} INFO - Kyle Brooks
[2023-02-02T10:04:18.234+0000] {logging_mixin.py:137} INFO - Kenneth White
[2023-02-02T10:04:18.235+0000] {logging_mixin.py:137} INFO - Patricia Wilson
[2023-02-02T10:04:18.240+0000] {logging_mixin.py:137} INFO - Paul Soto
[2023-02-02T10:04:18.242+0000] {logging_mixin.py:137} INFO - Janice Garrett
[2023-02-02T10:04:18.243+0000] {logging_mixin.py:137} INFO - Randy Strickland
[2023-02-02T10:04:18.245+0000] {logging_mixin.py:137} INFO - Felicia Herrera
[2023-02-02T10:04:18.247+0000] {logging_mixin.py:137} INFO - Andre Campos
[2023-02-02T10:04:18.251+0000] {logging_mixin.py:137} INFO - Justin Meyer
[2023-02-02T10:04:18.254+0000] {logging_mixin.py:137} INFO - Brandon Brooks
[2023-02-02T10:04:18.255+0000] {logging_mixin.py:137} INFO - Abigail Rivera
[2023-02-02T10:04:18.257+0000] {logging_mixin.py:137} INFO - Jessica Mann
[2023-02-02T10:04:18.258+0000] {logging_mixin.py:137} INFO - Michael Sawyer
[2023-02-02T10:04:18.260+0000] {logging_mixin.py:137} INFO - Jeffrey Coleman
[2023-02-02T10:04:18.261+0000] {logging_mixin.py:137} INFO - Micheal Castro
[2023-02-02T10:04:18.263+0000] {logging_mixin.py:137} INFO - Laura Gonzalez
[2023-02-02T10:04:18.264+0000] {logging_mixin.py:137} INFO - Christopher Jackson
[2023-02-02T10:04:18.265+0000] {logging_mixin.py:137} INFO - William Mckenzie
[2023-02-02T10:04:18.267+0000] {logging_mixin.py:137} INFO - Kristina Rodriguez
[2023-02-02T10:04:18.268+0000] {logging_mixin.py:137} INFO - Kelli Williams
[2023-02-02T10:04:18.270+0000] {logging_mixin.py:137} INFO - Diane Norris
[2023-02-02T10:04:18.274+0000] {logging_mixin.py:137} INFO - Kevin Carroll
[2023-02-02T10:04:18.276+0000] {logging_mixin.py:137} INFO - Betty Weber
[2023-02-02T10:04:18.277+0000] {logging_mixin.py:137} INFO - Jeffery Robinson
[2023-02-02T10:04:18.279+0000] {logging_mixin.py:137} INFO - Hannah Cowan
[2023-02-02T10:04:18.280+0000] {logging_mixin.py:137} INFO - Brian Kramer
[2023-02-02T10:04:18.282+0000] {logging_mixin.py:137} INFO - Anthony Roberts
[2023-02-02T10:04:18.286+0000] {logging_mixin.py:137} INFO - Ricardo Blankenship
[2023-02-02T10:04:18.288+0000] {logging_mixin.py:137} INFO - Brooke Collins
[2023-02-02T10:04:18.290+0000] {logging_mixin.py:137} INFO - Tammy Lawson
[2023-02-02T10:04:18.292+0000] {logging_mixin.py:137} INFO - Cody Miller
[2023-02-02T10:04:18.294+0000] {logging_mixin.py:137} INFO - Dr. Janice Salazar
[2023-02-02T10:04:18.299+0000] {logging_mixin.py:137} INFO - David West
[2023-02-02T10:04:18.302+0000] {logging_mixin.py:137} INFO - Robin Carpenter
[2023-02-02T10:04:18.303+0000] {logging_mixin.py:137} INFO - Monique Wall
[2023-02-02T10:04:18.308+0000] {logging_mixin.py:137} INFO - Charles Cardenas
[2023-02-02T10:04:18.312+0000] {logging_mixin.py:137} INFO - Valerie Mitchell
[2023-02-02T10:04:18.313+0000] {logging_mixin.py:137} INFO - Michelle Valenzuela
[2023-02-02T10:04:18.316+0000] {logging_mixin.py:137} INFO - William Poole
[2023-02-02T10:04:18.318+0000] {logging_mixin.py:137} INFO - James Hall
[2023-02-02T10:04:18.321+0000] {logging_mixin.py:137} INFO - Dylan Carpenter
[2023-02-02T10:04:18.322+0000] {logging_mixin.py:137} INFO - Linda Medina
[2023-02-02T10:04:18.325+0000] {logging_mixin.py:137} INFO - Joan White
[2023-02-02T10:04:18.327+0000] {logging_mixin.py:137} INFO - Mary Klein
[2023-02-02T10:04:18.329+0000] {logging_mixin.py:137} INFO - Ashley Wolf
[2023-02-02T10:04:18.331+0000] {logging_mixin.py:137} INFO - William Reed
[2023-02-02T10:04:18.336+0000] {logging_mixin.py:137} INFO - Derek Harvey
[2023-02-02T10:04:18.340+0000] {logging_mixin.py:137} INFO - Kathleen Rodriguez
[2023-02-02T10:04:18.342+0000] {logging_mixin.py:137} INFO - Andrew Rodriguez
[2023-02-02T10:04:18.344+0000] {logging_mixin.py:137} INFO - Ariel Frank
[2023-02-02T10:04:18.346+0000] {logging_mixin.py:137} INFO - Tina French
[2023-02-02T10:04:18.348+0000] {logging_mixin.py:137} INFO - Brent Waller
[2023-02-02T10:04:18.350+0000] {logging_mixin.py:137} INFO - Kevin Allen
[2023-02-02T10:04:18.352+0000] {logging_mixin.py:137} INFO - Xavier Walker
[2023-02-02T10:04:18.353+0000] {logging_mixin.py:137} INFO - Michelle Sanchez
[2023-02-02T10:04:18.360+0000] {logging_mixin.py:137} INFO - Rachael Shepard
[2023-02-02T10:04:18.361+0000] {logging_mixin.py:137} INFO - Kelsey Johnson
[2023-02-02T10:04:18.362+0000] {logging_mixin.py:137} INFO - Nicole Webb
[2023-02-02T10:04:18.364+0000] {logging_mixin.py:137} INFO - Nicholas Rodriguez
[2023-02-02T10:04:18.365+0000] {logging_mixin.py:137} INFO - Eric Vaughan
[2023-02-02T10:04:18.367+0000] {logging_mixin.py:137} INFO - Amanda Richardson
[2023-02-02T10:04:18.369+0000] {logging_mixin.py:137} INFO - Janice Carlson
[2023-02-02T10:04:18.371+0000] {logging_mixin.py:137} INFO - Darryl Walsh
[2023-02-02T10:04:18.374+0000] {logging_mixin.py:137} INFO - Heather Johnson
[2023-02-02T10:04:18.377+0000] {logging_mixin.py:137} INFO - Mark Chambers
[2023-02-02T10:04:18.379+0000] {logging_mixin.py:137} INFO - Tracy Burns
[2023-02-02T10:04:18.381+0000] {logging_mixin.py:137} INFO - John Cole
[2023-02-02T10:04:18.383+0000] {logging_mixin.py:137} INFO - Deborah Silva
[2023-02-02T10:04:18.385+0000] {logging_mixin.py:137} INFO - Shawn Hernandez
[2023-02-02T10:04:18.387+0000] {logging_mixin.py:137} INFO - Bethany Meyer
[2023-02-02T10:04:18.389+0000] {logging_mixin.py:137} INFO - Helen Smith
[2023-02-02T10:04:18.390+0000] {logging_mixin.py:137} INFO - Dana Dennis
[2023-02-02T10:04:18.392+0000] {logging_mixin.py:137} INFO - Kelsey Camacho
[2023-02-02T10:04:18.393+0000] {logging_mixin.py:137} INFO - Matthew Thomas
[2023-02-02T10:04:18.394+0000] {logging_mixin.py:137} INFO - Brittany Arellano
[2023-02-02T10:04:18.395+0000] {logging_mixin.py:137} INFO - Stacey Jones
[2023-02-02T10:04:18.399+0000] {logging_mixin.py:137} INFO - William Weeks
[2023-02-02T10:04:18.401+0000] {logging_mixin.py:137} INFO - Mark Beasley
[2023-02-02T10:04:18.402+0000] {logging_mixin.py:137} INFO - Bruce Pena
[2023-02-02T10:04:18.404+0000] {logging_mixin.py:137} INFO - Jeffery Smith
[2023-02-02T10:04:18.405+0000] {logging_mixin.py:137} INFO - Ann Deleon
[2023-02-02T10:04:18.408+0000] {logging_mixin.py:137} INFO - Kevin Robertson
[2023-02-02T10:04:18.409+0000] {logging_mixin.py:137} INFO - Vincent Willis MD
[2023-02-02T10:04:18.410+0000] {logging_mixin.py:137} INFO - Michael Nielsen
[2023-02-02T10:04:18.412+0000] {logging_mixin.py:137} INFO - Walter Koch
[2023-02-02T10:04:18.414+0000] {logging_mixin.py:137} INFO - Brian Vega
[2023-02-02T10:04:18.416+0000] {logging_mixin.py:137} INFO - Jeffrey Medina
[2023-02-02T10:04:18.418+0000] {logging_mixin.py:137} INFO - Erika Banks
[2023-02-02T10:04:18.420+0000] {logging_mixin.py:137} INFO - Stacey Griffin
[2023-02-02T10:04:18.423+0000] {logging_mixin.py:137} INFO - Michael Marsh
[2023-02-02T10:04:18.425+0000] {logging_mixin.py:137} INFO - Molly White
[2023-02-02T10:04:18.430+0000] {logging_mixin.py:137} INFO - Matthew Morrison
[2023-02-02T10:04:18.431+0000] {logging_mixin.py:137} INFO - Amanda Burns
[2023-02-02T10:04:18.433+0000] {logging_mixin.py:137} INFO - Emily Gonzalez DDS
[2023-02-02T10:04:18.435+0000] {logging_mixin.py:137} INFO - Gregory King
[2023-02-02T10:04:18.436+0000] {logging_mixin.py:137} INFO - Dennis Evans
[2023-02-02T10:04:18.439+0000] {logging_mixin.py:137} INFO - Christina Snyder
[2023-02-02T10:04:18.442+0000] {logging_mixin.py:137} INFO - Carolyn Mata
[2023-02-02T10:04:18.444+0000] {logging_mixin.py:137} INFO - Brandy Lawson
[2023-02-02T10:04:18.448+0000] {logging_mixin.py:137} INFO - Briana Christian
[2023-02-02T10:04:18.453+0000] {logging_mixin.py:137} INFO - Jeffrey Hernandez
[2023-02-02T10:04:18.455+0000] {logging_mixin.py:137} INFO - John Riggs
[2023-02-02T10:04:18.457+0000] {logging_mixin.py:137} INFO - Barbara Short
[2023-02-02T10:04:18.469+0000] {logging_mixin.py:137} INFO - Steven Brooks
[2023-02-02T10:04:18.472+0000] {logging_mixin.py:137} INFO - Gabrielle James
[2023-02-02T10:04:18.478+0000] {logging_mixin.py:137} INFO - Robert Young
[2023-02-02T10:04:18.481+0000] {logging_mixin.py:137} INFO - Derek Sanders
[2023-02-02T10:04:18.483+0000] {logging_mixin.py:137} INFO - Mallory Oliver
[2023-02-02T10:04:18.486+0000] {logging_mixin.py:137} INFO - Terry Howe
[2023-02-02T10:04:18.488+0000] {logging_mixin.py:137} INFO - Samuel Wallace
[2023-02-02T10:04:18.490+0000] {logging_mixin.py:137} INFO - Angel Jones
[2023-02-02T10:04:18.492+0000] {logging_mixin.py:137} INFO - Jacqueline Nichols
[2023-02-02T10:04:18.494+0000] {logging_mixin.py:137} INFO - Melissa Mcgee
[2023-02-02T10:04:18.496+0000] {logging_mixin.py:137} INFO - Michelle Smith
[2023-02-02T10:04:18.498+0000] {logging_mixin.py:137} INFO - Maureen Baxter
[2023-02-02T10:04:18.500+0000] {logging_mixin.py:137} INFO - Kathy Crawford
[2023-02-02T10:04:18.503+0000] {logging_mixin.py:137} INFO - Stacy Wood
[2023-02-02T10:04:18.508+0000] {logging_mixin.py:137} INFO - Justin Parsons
[2023-02-02T10:04:18.510+0000] {logging_mixin.py:137} INFO - Ann Klein
[2023-02-02T10:04:18.514+0000] {logging_mixin.py:137} INFO - Allison Arnold
[2023-02-02T10:04:18.516+0000] {logging_mixin.py:137} INFO - Heather Kirk
[2023-02-02T10:04:18.517+0000] {logging_mixin.py:137} INFO - Monica Smith
[2023-02-02T10:04:18.519+0000] {logging_mixin.py:137} INFO - Brett Oconnor
[2023-02-02T10:04:18.521+0000] {logging_mixin.py:137} INFO - Anthony Bryant
[2023-02-02T10:04:18.523+0000] {logging_mixin.py:137} INFO - Jeremy Russell
[2023-02-02T10:04:18.524+0000] {logging_mixin.py:137} INFO - Julie Poole
[2023-02-02T10:04:18.526+0000] {logging_mixin.py:137} INFO - Emma Thompson
[2023-02-02T10:04:18.527+0000] {logging_mixin.py:137} INFO - Bradley Matthews
[2023-02-02T10:04:18.529+0000] {logging_mixin.py:137} INFO - William Roberts
[2023-02-02T10:04:18.531+0000] {logging_mixin.py:137} INFO - Julie Mooney
[2023-02-02T10:04:18.533+0000] {logging_mixin.py:137} INFO - Amy Doyle
[2023-02-02T10:04:18.536+0000] {logging_mixin.py:137} INFO - Amanda Grant
[2023-02-02T10:04:18.539+0000] {logging_mixin.py:137} INFO - Eric Anderson
[2023-02-02T10:04:18.540+0000] {logging_mixin.py:137} INFO - George Thompson
[2023-02-02T10:04:18.542+0000] {logging_mixin.py:137} INFO - Dustin Hines
[2023-02-02T10:04:18.543+0000] {logging_mixin.py:137} INFO - Andrea Frank
[2023-02-02T10:04:18.547+0000] {logging_mixin.py:137} INFO - Jodi Cook
[2023-02-02T10:04:18.549+0000] {logging_mixin.py:137} INFO - Stacy Haney
[2023-02-02T10:04:18.551+0000] {logging_mixin.py:137} INFO - Paul Callahan
[2023-02-02T10:04:18.553+0000] {logging_mixin.py:137} INFO - Jasmine Chambers
[2023-02-02T10:04:18.555+0000] {logging_mixin.py:137} INFO - Melissa Pittman MD
[2023-02-02T10:04:18.562+0000] {logging_mixin.py:137} INFO - Deborah Larson
[2023-02-02T10:04:18.565+0000] {logging_mixin.py:137} INFO - Brandon Shaw
[2023-02-02T10:04:18.577+0000] {logging_mixin.py:137} INFO - Timothy Paul
[2023-02-02T10:04:18.579+0000] {logging_mixin.py:137} INFO - Michael Trujillo
[2023-02-02T10:04:18.581+0000] {logging_mixin.py:137} INFO - Robert Rivera
[2023-02-02T10:04:18.585+0000] {logging_mixin.py:137} INFO - Dana Nelson
[2023-02-02T10:04:18.593+0000] {logging_mixin.py:137} INFO - Andrea Bennett
[2023-02-02T10:04:18.595+0000] {logging_mixin.py:137} INFO - Jodi Fox
[2023-02-02T10:04:18.598+0000] {logging_mixin.py:137} INFO - Heather Hayes
[2023-02-02T10:04:18.601+0000] {logging_mixin.py:137} INFO - Jennifer Moreno
[2023-02-02T10:04:18.603+0000] {logging_mixin.py:137} INFO - John Patel
[2023-02-02T10:04:18.606+0000] {logging_mixin.py:137} INFO - Teresa Oliver
[2023-02-02T10:04:18.612+0000] {logging_mixin.py:137} INFO - Monique Bell
[2023-02-02T10:04:18.614+0000] {logging_mixin.py:137} INFO - Casey Leonard
[2023-02-02T10:04:18.621+0000] {logging_mixin.py:137} INFO - Steven Clark
[2023-02-02T10:04:18.623+0000] {logging_mixin.py:137} INFO - Edward Martin
[2023-02-02T10:04:18.626+0000] {logging_mixin.py:137} INFO - Shawn Orozco
[2023-02-02T10:04:18.628+0000] {logging_mixin.py:137} INFO - Brandon Yang
[2023-02-02T10:04:18.630+0000] {logging_mixin.py:137} INFO - Nathan Ray
[2023-02-02T10:04:18.633+0000] {logging_mixin.py:137} INFO - Lori Moore
[2023-02-02T10:04:18.635+0000] {logging_mixin.py:137} INFO - Dr. Lisa Shaw DVM
[2023-02-02T10:04:18.638+0000] {logging_mixin.py:137} INFO - Angela Walters
[2023-02-02T10:04:18.640+0000] {logging_mixin.py:137} INFO - David Nolan
[2023-02-02T10:04:18.643+0000] {logging_mixin.py:137} INFO - William Ramsey
[2023-02-02T10:04:18.644+0000] {logging_mixin.py:137} INFO - David Oconnor
[2023-02-02T10:04:18.646+0000] {logging_mixin.py:137} INFO - Mark Washington
[2023-02-02T10:04:18.650+0000] {logging_mixin.py:137} INFO - Jennifer Jacobs
[2023-02-02T10:04:18.651+0000] {logging_mixin.py:137} INFO - Tammy Hampton
[2023-02-02T10:04:18.653+0000] {logging_mixin.py:137} INFO - Stephen Farmer
[2023-02-02T10:04:18.655+0000] {logging_mixin.py:137} INFO - Jasmine Nguyen
[2023-02-02T10:04:18.657+0000] {logging_mixin.py:137} INFO - Rebecca Flores
[2023-02-02T10:04:18.658+0000] {logging_mixin.py:137} INFO - Tyler Davis
[2023-02-02T10:04:18.659+0000] {logging_mixin.py:137} INFO - Nancy Gray
[2023-02-02T10:04:18.661+0000] {logging_mixin.py:137} INFO - Brian Sanchez
[2023-02-02T10:04:18.662+0000] {logging_mixin.py:137} INFO - Laurie Shaw
[2023-02-02T10:04:18.663+0000] {logging_mixin.py:137} INFO - Kristina Torres
[2023-02-02T10:04:18.665+0000] {logging_mixin.py:137} INFO - Andrea Rodgers
[2023-02-02T10:04:18.666+0000] {logging_mixin.py:137} INFO - Jason Walters
[2023-02-02T10:04:18.668+0000] {logging_mixin.py:137} INFO - Jerry Moss
[2023-02-02T10:04:18.669+0000] {logging_mixin.py:137} INFO - Jeffrey Jordan
[2023-02-02T10:04:18.671+0000] {logging_mixin.py:137} INFO - Jennifer Wilson
[2023-02-02T10:04:18.673+0000] {logging_mixin.py:137} INFO - Trevor Mathews
[2023-02-02T10:04:18.674+0000] {logging_mixin.py:137} INFO - Anne Hood
[2023-02-02T10:04:18.680+0000] {logging_mixin.py:137} INFO - Sarah Williams
[2023-02-02T10:04:18.682+0000] {logging_mixin.py:137} INFO - Shelby Hernandez
[2023-02-02T10:04:18.683+0000] {logging_mixin.py:137} INFO - Samantha Velez
[2023-02-02T10:04:18.685+0000] {logging_mixin.py:137} INFO - Matthew Douglas
[2023-02-02T10:04:18.686+0000] {logging_mixin.py:137} INFO - Ashlee George
[2023-02-02T10:04:18.688+0000] {logging_mixin.py:137} INFO - Troy Crane
[2023-02-02T10:04:18.689+0000] {logging_mixin.py:137} INFO - Michael Cooper
[2023-02-02T10:04:18.691+0000] {logging_mixin.py:137} INFO - Michael White
[2023-02-02T10:04:18.692+0000] {logging_mixin.py:137} INFO - Mr. Timothy Fleming
[2023-02-02T10:04:18.694+0000] {logging_mixin.py:137} INFO - Seth Bruce
[2023-02-02T10:04:18.696+0000] {logging_mixin.py:137} INFO - Jacqueline Carpenter
[2023-02-02T10:04:18.698+0000] {logging_mixin.py:137} INFO - Michael Martin
[2023-02-02T10:04:18.700+0000] {logging_mixin.py:137} INFO - Kristopher Henry
[2023-02-02T10:04:18.704+0000] {logging_mixin.py:137} INFO - Tiffany Porter
[2023-02-02T10:04:18.706+0000] {logging_mixin.py:137} INFO - Stacy Simpson
[2023-02-02T10:04:18.708+0000] {logging_mixin.py:137} INFO - Tammy Mcdowell
[2023-02-02T10:04:18.710+0000] {logging_mixin.py:137} INFO - Thomas Walters
[2023-02-02T10:04:18.712+0000] {logging_mixin.py:137} INFO - Dwayne Thompson
[2023-02-02T10:04:18.714+0000] {logging_mixin.py:137} INFO - Natalie Willis
[2023-02-02T10:04:18.715+0000] {logging_mixin.py:137} INFO - Sharon Taylor
[2023-02-02T10:04:18.717+0000] {logging_mixin.py:137} INFO - Sarah Wiggins
[2023-02-02T10:04:18.718+0000] {logging_mixin.py:137} INFO - Amber Thomas
[2023-02-02T10:04:18.720+0000] {logging_mixin.py:137} INFO - Patrick Miller
[2023-02-02T10:04:18.722+0000] {logging_mixin.py:137} INFO - Stephanie Hartman
[2023-02-02T10:04:18.724+0000] {logging_mixin.py:137} INFO - Stacey Mora
[2023-02-02T10:04:18.728+0000] {logging_mixin.py:137} INFO - Katherine Rodriguez
[2023-02-02T10:04:18.730+0000] {logging_mixin.py:137} INFO - Daniel Morgan
[2023-02-02T10:04:18.732+0000] {logging_mixin.py:137} INFO - Rebecca Martinez
[2023-02-02T10:04:18.733+0000] {logging_mixin.py:137} INFO - Nicole Juarez
[2023-02-02T10:04:18.735+0000] {logging_mixin.py:137} INFO - Mark Arroyo
[2023-02-02T10:04:18.737+0000] {logging_mixin.py:137} INFO - April Lucero
[2023-02-02T10:04:18.739+0000] {logging_mixin.py:137} INFO - Samantha Garcia
[2023-02-02T10:04:18.741+0000] {logging_mixin.py:137} INFO - Jon Moore
[2023-02-02T10:04:18.742+0000] {logging_mixin.py:137} INFO - Joshua Flores MD
[2023-02-02T10:04:18.743+0000] {logging_mixin.py:137} INFO - Raymond Jones
[2023-02-02T10:04:18.745+0000] {logging_mixin.py:137} INFO - Billy Hughes
[2023-02-02T10:04:18.746+0000] {logging_mixin.py:137} INFO - Peggy Valdez PhD
[2023-02-02T10:04:18.748+0000] {logging_mixin.py:137} INFO - Joshua Reyes
[2023-02-02T10:04:18.750+0000] {logging_mixin.py:137} INFO - Aaron Green
[2023-02-02T10:04:18.752+0000] {logging_mixin.py:137} INFO - Wendy Espinoza
[2023-02-02T10:04:18.754+0000] {logging_mixin.py:137} INFO - Peter Vasquez
[2023-02-02T10:04:18.755+0000] {logging_mixin.py:137} INFO - Diane Harper
[2023-02-02T10:04:18.757+0000] {logging_mixin.py:137} INFO - Ms. Rebecca Cantu
[2023-02-02T10:04:18.758+0000] {logging_mixin.py:137} INFO - Yolanda Morrow
[2023-02-02T10:04:18.760+0000] {logging_mixin.py:137} INFO - Penny Beard
[2023-02-02T10:04:18.761+0000] {logging_mixin.py:137} INFO - Lisa Long
[2023-02-02T10:04:18.763+0000] {logging_mixin.py:137} INFO - Jerry Harris
[2023-02-02T10:04:18.763+0000] {logging_mixin.py:137} INFO - Bob Willis
[2023-02-02T10:04:18.765+0000] {logging_mixin.py:137} INFO - Duane Chapman
[2023-02-02T10:04:18.767+0000] {logging_mixin.py:137} INFO - William Morgan
[2023-02-02T10:04:18.771+0000] {logging_mixin.py:137} INFO - Amy Gutierrez
[2023-02-02T10:04:18.773+0000] {logging_mixin.py:137} INFO - Amber Nichols
[2023-02-02T10:04:18.774+0000] {logging_mixin.py:137} INFO - Matthew Carr
[2023-02-02T10:04:18.776+0000] {logging_mixin.py:137} INFO - Thomas Duncan
[2023-02-02T10:04:18.777+0000] {logging_mixin.py:137} INFO - Elizabeth Wright
[2023-02-02T10:04:18.778+0000] {logging_mixin.py:137} INFO - Jacqueline Brewer
[2023-02-02T10:04:18.780+0000] {logging_mixin.py:137} INFO - Stephanie Johnson
[2023-02-02T10:04:18.782+0000] {logging_mixin.py:137} INFO - Samantha Calderon
[2023-02-02T10:04:18.785+0000] {logging_mixin.py:137} INFO - Kathryn Gaines
[2023-02-02T10:04:18.786+0000] {logging_mixin.py:137} INFO - Angel Jones
[2023-02-02T10:04:18.788+0000] {logging_mixin.py:137} INFO - Laura Wall
[2023-02-02T10:04:18.792+0000] {logging_mixin.py:137} INFO - Mr. Anthony Hamilton
[2023-02-02T10:04:18.795+0000] {logging_mixin.py:137} INFO - David Smith
[2023-02-02T10:04:18.796+0000] {logging_mixin.py:137} INFO - Kimberly Herrera DDS
[2023-02-02T10:04:18.798+0000] {logging_mixin.py:137} INFO - Gina Wilson
[2023-02-02T10:04:18.800+0000] {logging_mixin.py:137} INFO - Timothy Byrd
[2023-02-02T10:04:18.804+0000] {logging_mixin.py:137} INFO - Michael Mckenzie
[2023-02-02T10:04:18.806+0000] {logging_mixin.py:137} INFO - Jeffrey Mcintyre
[2023-02-02T10:04:18.809+0000] {logging_mixin.py:137} INFO - Teresa Jackson
[2023-02-02T10:04:18.810+0000] {logging_mixin.py:137} INFO - Joseph Wilcox
[2023-02-02T10:04:18.811+0000] {logging_mixin.py:137} INFO - Patrick Mcknight
[2023-02-02T10:04:18.813+0000] {logging_mixin.py:137} INFO - Ronald Moreno
[2023-02-02T10:04:18.814+0000] {logging_mixin.py:137} INFO - Jamie Sullivan
[2023-02-02T10:04:18.818+0000] {logging_mixin.py:137} INFO - Jason Anderson
[2023-02-02T10:04:18.822+0000] {logging_mixin.py:137} INFO - Steven Stewart
[2023-02-02T10:04:18.824+0000] {logging_mixin.py:137} INFO - Melinda Paul
[2023-02-02T10:04:18.825+0000] {logging_mixin.py:137} INFO - Cynthia Simmons
[2023-02-02T10:04:18.826+0000] {logging_mixin.py:137} INFO - Christian Smith
[2023-02-02T10:04:18.829+0000] {logging_mixin.py:137} INFO - William Jimenez
[2023-02-02T10:04:18.832+0000] {logging_mixin.py:137} INFO - Hayley French
[2023-02-02T10:04:18.835+0000] {logging_mixin.py:137} INFO - Brandon Hess
[2023-02-02T10:04:18.836+0000] {logging_mixin.py:137} INFO - Laura Perry
[2023-02-02T10:04:18.837+0000] {logging_mixin.py:137} INFO - Scott Jones
[2023-02-02T10:04:18.838+0000] {logging_mixin.py:137} INFO - Christine Hernandez
[2023-02-02T10:04:18.839+0000] {logging_mixin.py:137} INFO - Douglas Eaton
[2023-02-02T10:04:18.841+0000] {logging_mixin.py:137} INFO - William Soto
[2023-02-02T10:04:18.842+0000] {logging_mixin.py:137} INFO - Mary Jones
[2023-02-02T10:04:18.844+0000] {logging_mixin.py:137} INFO - Stephanie Holmes
[2023-02-02T10:04:18.846+0000] {logging_mixin.py:137} INFO - Keith Meyers
[2023-02-02T10:04:18.847+0000] {logging_mixin.py:137} INFO - Paul Fisher
[2023-02-02T10:04:18.849+0000] {logging_mixin.py:137} INFO - Emily Alexander
[2023-02-02T10:04:18.850+0000] {logging_mixin.py:137} INFO - Anthony Schwartz
[2023-02-02T10:04:18.851+0000] {logging_mixin.py:137} INFO - Evelyn Jacobs
[2023-02-02T10:04:18.852+0000] {logging_mixin.py:137} INFO - Connie Jones
[2023-02-02T10:04:18.854+0000] {logging_mixin.py:137} INFO - Carla Gibbs
[2023-02-02T10:04:18.855+0000] {logging_mixin.py:137} INFO - Ashley Santiago
[2023-02-02T10:04:18.856+0000] {logging_mixin.py:137} INFO - Micheal Mckee
[2023-02-02T10:04:18.858+0000] {logging_mixin.py:137} INFO - Diane Williams
[2023-02-02T10:04:18.859+0000] {logging_mixin.py:137} INFO - Jesse Velasquez
[2023-02-02T10:04:18.863+0000] {logging_mixin.py:137} INFO - Jennifer Rodriguez
[2023-02-02T10:04:18.864+0000] {logging_mixin.py:137} INFO - Joe Griffin
[2023-02-02T10:04:18.866+0000] {logging_mixin.py:137} INFO - Gary Cherry
[2023-02-02T10:04:18.867+0000] {logging_mixin.py:137} INFO - Alyssa Edwards
[2023-02-02T10:04:18.869+0000] {logging_mixin.py:137} INFO - Caroline Hernandez MD
[2023-02-02T10:04:18.870+0000] {logging_mixin.py:137} INFO - Jessica Morton
[2023-02-02T10:04:18.871+0000] {logging_mixin.py:137} INFO - Holly Jones
[2023-02-02T10:04:18.872+0000] {logging_mixin.py:137} INFO - David Shelton
[2023-02-02T10:04:18.873+0000] {logging_mixin.py:137} INFO - Kristina Parks
[2023-02-02T10:04:18.874+0000] {logging_mixin.py:137} INFO - Laurie Hernandez
[2023-02-02T10:04:18.876+0000] {logging_mixin.py:137} INFO - Melissa James
[2023-02-02T10:04:18.877+0000] {logging_mixin.py:137} INFO - Jeremiah Adams
[2023-02-02T10:04:18.878+0000] {logging_mixin.py:137} INFO - Arthur Robinson
[2023-02-02T10:04:18.881+0000] {logging_mixin.py:137} INFO - Anna Shepard
[2023-02-02T10:04:18.882+0000] {logging_mixin.py:137} INFO - Brandon Myers
[2023-02-02T10:04:18.884+0000] {logging_mixin.py:137} INFO - Paul Cardenas
[2023-02-02T10:04:18.886+0000] {logging_mixin.py:137} INFO - Megan Santana
[2023-02-02T10:04:18.887+0000] {logging_mixin.py:137} INFO - Joseph Marshall
[2023-02-02T10:04:18.890+0000] {logging_mixin.py:137} INFO - Mrs. Brenda Harris
[2023-02-02T10:04:18.893+0000] {logging_mixin.py:137} INFO - Nicole Garcia
[2023-02-02T10:04:18.896+0000] {logging_mixin.py:137} INFO - Anna Estrada
[2023-02-02T10:04:18.898+0000] {logging_mixin.py:137} INFO - Carl Moore
[2023-02-02T10:04:18.900+0000] {logging_mixin.py:137} INFO - Rodney Hernandez
[2023-02-02T10:04:18.901+0000] {logging_mixin.py:137} INFO - Madison Christian
[2023-02-02T10:04:18.902+0000] {logging_mixin.py:137} INFO - Heather Rhodes
[2023-02-02T10:04:18.908+0000] {python.py:177} INFO - Done. Returned value was: None
[2023-02-02T10:04:18.927+0000] {taskinstance.py:1323} INFO - Marking task as SUCCESS. dag_id=CSV_DAG, task_id=convertCSVToJson, execution_date=20230202T094000, start_date=20230202T100415, end_date=20230202T100418
[2023-02-02T10:04:19.103+0000] {local_task_job.py:208} INFO - Task exited with return code 0
[2023-02-02T10:04:19.131+0000] {taskinstance.py:2578} INFO - 0 downstream tasks scheduled from follow-on schedule check
