[2023-02-02T10:01:29.283+0000] {taskinstance.py:1083} INFO - Dependencies all met for <TaskInstance: CSV_DAG.convertCSVToJson scheduled__2023-02-02T00:25:00+00:00 [queued]>
[2023-02-02T10:01:29.303+0000] {taskinstance.py:1083} INFO - Dependencies all met for <TaskInstance: CSV_DAG.convertCSVToJson scheduled__2023-02-02T00:25:00+00:00 [queued]>
[2023-02-02T10:01:29.307+0000] {taskinstance.py:1279} INFO - 
--------------------------------------------------------------------------------
[2023-02-02T10:01:29.310+0000] {taskinstance.py:1280} INFO - Starting attempt 1 of 2
[2023-02-02T10:01:29.313+0000] {taskinstance.py:1281} INFO - 
--------------------------------------------------------------------------------
[2023-02-02T10:01:29.340+0000] {taskinstance.py:1300} INFO - Executing <Task(PythonOperator): convertCSVToJson> on 2023-02-02 00:25:00+00:00
[2023-02-02T10:01:29.362+0000] {standard_task_runner.py:55} INFO - Started process 600 to run task
[2023-02-02T10:01:29.379+0000] {standard_task_runner.py:82} INFO - Running: ['***', 'tasks', 'run', 'CSV_DAG', 'convertCSVToJson', 'scheduled__2023-02-02T00:25:00+00:00', '--job-id', '618', '--raw', '--subdir', 'DAGS_FOLDER/csv.py', '--cfg-path', '/tmp/tmp463mmteu']
[2023-02-02T10:01:29.383+0000] {standard_task_runner.py:83} INFO - Job 618: Subtask convertCSVToJson
[2023-02-02T10:01:29.558+0000] {task_command.py:388} INFO - Running <TaskInstance: CSV_DAG.convertCSVToJson scheduled__2023-02-02T00:25:00+00:00 [running]> on host 06d8060e8530
[2023-02-02T10:01:29.875+0000] {taskinstance.py:1509} INFO - Exporting the following env vars:
AIRFLOW_CTX_DAG_OWNER=Kevin Chalmers
AIRFLOW_CTX_DAG_ID=CSV_DAG
AIRFLOW_CTX_TASK_ID=convertCSVToJson
AIRFLOW_CTX_EXECUTION_DATE=2023-02-02T00:25:00+00:00
AIRFLOW_CTX_TRY_NUMBER=1
AIRFLOW_CTX_DAG_RUN_ID=scheduled__2023-02-02T00:25:00+00:00
[2023-02-02T10:01:29.905+0000] {logging_mixin.py:137} INFO - Angelica Lopez
[2023-02-02T10:01:29.912+0000] {logging_mixin.py:137} INFO - Betty Wright
[2023-02-02T10:01:29.916+0000] {logging_mixin.py:137} INFO - Sara Schmidt
[2023-02-02T10:01:29.917+0000] {logging_mixin.py:137} INFO - Dr. Sherry Rodriguez
[2023-02-02T10:01:29.919+0000] {logging_mixin.py:137} INFO - Rebecca Mills
[2023-02-02T10:01:29.921+0000] {logging_mixin.py:137} INFO - Andrew Anderson
[2023-02-02T10:01:29.933+0000] {logging_mixin.py:137} INFO - Martin Everett
[2023-02-02T10:01:29.936+0000] {logging_mixin.py:137} INFO - Felicia Gregory
[2023-02-02T10:01:29.939+0000] {logging_mixin.py:137} INFO - Kara Bowers
[2023-02-02T10:01:29.945+0000] {logging_mixin.py:137} INFO - Vincent Vincent
[2023-02-02T10:01:29.947+0000] {logging_mixin.py:137} INFO - Morgan Butler
[2023-02-02T10:01:29.950+0000] {logging_mixin.py:137} INFO - Stephen Riley
[2023-02-02T10:01:29.952+0000] {logging_mixin.py:137} INFO - Wanda Thomas
[2023-02-02T10:01:29.955+0000] {logging_mixin.py:137} INFO - Michelle Schultz
[2023-02-02T10:01:29.959+0000] {logging_mixin.py:137} INFO - Christopher Rush MD
[2023-02-02T10:01:29.961+0000] {logging_mixin.py:137} INFO - Phyllis Miles
[2023-02-02T10:01:29.988+0000] {logging_mixin.py:137} INFO - Rebecca Price
[2023-02-02T10:01:29.990+0000] {logging_mixin.py:137} INFO - John Morse
[2023-02-02T10:01:29.997+0000] {logging_mixin.py:137} INFO - Nicholas Sanchez
[2023-02-02T10:01:29.999+0000] {logging_mixin.py:137} INFO - Crystal Dean
[2023-02-02T10:01:30.006+0000] {logging_mixin.py:137} INFO - Tyler Diaz
[2023-02-02T10:01:30.012+0000] {logging_mixin.py:137} INFO - Denise Mclean
[2023-02-02T10:01:30.014+0000] {logging_mixin.py:137} INFO - Daniel Grant
[2023-02-02T10:01:30.018+0000] {logging_mixin.py:137} INFO - Sandra Peterson
[2023-02-02T10:01:30.024+0000] {logging_mixin.py:137} INFO - Denise Morse
[2023-02-02T10:01:30.027+0000] {logging_mixin.py:137} INFO - Brianna Smith
[2023-02-02T10:01:30.029+0000] {logging_mixin.py:137} INFO - Tony Miller
[2023-02-02T10:01:30.031+0000] {logging_mixin.py:137} INFO - Jean Booth
[2023-02-02T10:01:30.033+0000] {logging_mixin.py:137} INFO - Penny Salazar
[2023-02-02T10:01:30.035+0000] {logging_mixin.py:137} INFO - Cathy Williams
[2023-02-02T10:01:30.041+0000] {logging_mixin.py:137} INFO - Hannah Collins
[2023-02-02T10:01:30.044+0000] {logging_mixin.py:137} INFO - Maurice Casey
[2023-02-02T10:01:30.052+0000] {logging_mixin.py:137} INFO - Patrick Walker
[2023-02-02T10:01:30.057+0000] {logging_mixin.py:137} INFO - Pamela Barton
[2023-02-02T10:01:30.060+0000] {logging_mixin.py:137} INFO - Anthony Bryant
[2023-02-02T10:01:30.066+0000] {logging_mixin.py:137} INFO - Andrew Harris
[2023-02-02T10:01:30.068+0000] {logging_mixin.py:137} INFO - Aaron Harris
[2023-02-02T10:01:30.071+0000] {logging_mixin.py:137} INFO - Maureen Soto
[2023-02-02T10:01:30.079+0000] {logging_mixin.py:137} INFO - Crystal Mcdaniel
[2023-02-02T10:01:30.082+0000] {logging_mixin.py:137} INFO - Lauren Barrett
[2023-02-02T10:01:30.086+0000] {logging_mixin.py:137} INFO - Brandon Perez
[2023-02-02T10:01:30.087+0000] {logging_mixin.py:137} INFO - Mark Robertson
[2023-02-02T10:01:30.116+0000] {logging_mixin.py:137} INFO - Nicole Gates
[2023-02-02T10:01:30.124+0000] {logging_mixin.py:137} INFO - Bradley Cruz
[2023-02-02T10:01:30.128+0000] {logging_mixin.py:137} INFO - Gina Burns
[2023-02-02T10:01:30.129+0000] {logging_mixin.py:137} INFO - Zachary Martinez
[2023-02-02T10:01:30.131+0000] {logging_mixin.py:137} INFO - Natasha Johnson
[2023-02-02T10:01:30.134+0000] {logging_mixin.py:137} INFO - Patrick Gonzales
[2023-02-02T10:01:30.140+0000] {logging_mixin.py:137} INFO - Terri Wilson
[2023-02-02T10:01:30.146+0000] {logging_mixin.py:137} INFO - Sarah Lopez
[2023-02-02T10:01:30.158+0000] {logging_mixin.py:137} INFO - Dana Turner
[2023-02-02T10:01:30.159+0000] {logging_mixin.py:137} INFO - Cynthia Johnson
[2023-02-02T10:01:30.162+0000] {logging_mixin.py:137} INFO - William Thornton
[2023-02-02T10:01:30.166+0000] {logging_mixin.py:137} INFO - James Lee
[2023-02-02T10:01:30.170+0000] {logging_mixin.py:137} INFO - Stephen Allen
[2023-02-02T10:01:30.172+0000] {logging_mixin.py:137} INFO - William Stark
[2023-02-02T10:01:30.176+0000] {logging_mixin.py:137} INFO - Michael Parker
[2023-02-02T10:01:30.185+0000] {logging_mixin.py:137} INFO - Lisa Stephens
[2023-02-02T10:01:30.189+0000] {logging_mixin.py:137} INFO - Mr. Reginald Wise DDS
[2023-02-02T10:01:30.192+0000] {logging_mixin.py:137} INFO - Alexander James
[2023-02-02T10:01:30.204+0000] {logging_mixin.py:137} INFO - Kristen West
[2023-02-02T10:01:30.209+0000] {logging_mixin.py:137} INFO - Elizabeth Sanchez
[2023-02-02T10:01:30.217+0000] {logging_mixin.py:137} INFO - Jennifer Wilson
[2023-02-02T10:01:30.221+0000] {logging_mixin.py:137} INFO - Catherine Nicholson
[2023-02-02T10:01:30.227+0000] {logging_mixin.py:137} INFO - David Henderson
[2023-02-02T10:01:30.231+0000] {logging_mixin.py:137} INFO - Stephen Davis
[2023-02-02T10:01:30.234+0000] {logging_mixin.py:137} INFO - Paul Skinner
[2023-02-02T10:01:30.240+0000] {logging_mixin.py:137} INFO - Rebecca Wong
[2023-02-02T10:01:30.244+0000] {logging_mixin.py:137} INFO - Tara Benitez
[2023-02-02T10:01:30.252+0000] {logging_mixin.py:137} INFO - Sharon Miller
[2023-02-02T10:01:30.255+0000] {logging_mixin.py:137} INFO - Cynthia Smith
[2023-02-02T10:01:30.261+0000] {logging_mixin.py:137} INFO - Jennifer Werner
[2023-02-02T10:01:30.269+0000] {logging_mixin.py:137} INFO - Rebecca Tucker
[2023-02-02T10:01:30.272+0000] {logging_mixin.py:137} INFO - Ashlee Castillo
[2023-02-02T10:01:30.277+0000] {logging_mixin.py:137} INFO - Christopher Holmes
[2023-02-02T10:01:30.279+0000] {logging_mixin.py:137} INFO - Daniel Velez
[2023-02-02T10:01:30.281+0000] {logging_mixin.py:137} INFO - Amy Serrano
[2023-02-02T10:01:30.286+0000] {logging_mixin.py:137} INFO - Alison Nash
[2023-02-02T10:01:30.289+0000] {logging_mixin.py:137} INFO - Peter Johnson
[2023-02-02T10:01:30.290+0000] {logging_mixin.py:137} INFO - Breanna Harris
[2023-02-02T10:01:30.292+0000] {logging_mixin.py:137} INFO - Eric King
[2023-02-02T10:01:30.293+0000] {logging_mixin.py:137} INFO - Patricia Oliver
[2023-02-02T10:01:30.295+0000] {logging_mixin.py:137} INFO - Denise Grimes
[2023-02-02T10:01:30.298+0000] {logging_mixin.py:137} INFO - Jill Olson
[2023-02-02T10:01:30.300+0000] {logging_mixin.py:137} INFO - Stephanie Hart
[2023-02-02T10:01:30.312+0000] {logging_mixin.py:137} INFO - Ashley Lee
[2023-02-02T10:01:30.317+0000] {logging_mixin.py:137} INFO - Kelly Barnes
[2023-02-02T10:01:30.319+0000] {logging_mixin.py:137} INFO - Christie West
[2023-02-02T10:01:30.323+0000] {logging_mixin.py:137} INFO - Todd Nolan
[2023-02-02T10:01:30.325+0000] {logging_mixin.py:137} INFO - Sarah Reed
[2023-02-02T10:01:30.329+0000] {logging_mixin.py:137} INFO - Jennifer Keith
[2023-02-02T10:01:30.332+0000] {logging_mixin.py:137} INFO - Shawn Alvarez
[2023-02-02T10:01:30.336+0000] {logging_mixin.py:137} INFO - Alexander Wilson
[2023-02-02T10:01:30.338+0000] {logging_mixin.py:137} INFO - Rachel Melendez
[2023-02-02T10:01:30.344+0000] {logging_mixin.py:137} INFO - Morgan Walters
[2023-02-02T10:01:30.349+0000] {logging_mixin.py:137} INFO - Nicole Garcia
[2023-02-02T10:01:30.352+0000] {logging_mixin.py:137} INFO - Jennifer White
[2023-02-02T10:01:30.357+0000] {logging_mixin.py:137} INFO - Leslie Shannon
[2023-02-02T10:01:30.360+0000] {logging_mixin.py:137} INFO - Lisa Clayton
[2023-02-02T10:01:30.364+0000] {logging_mixin.py:137} INFO - Zachary Molina
[2023-02-02T10:01:30.367+0000] {logging_mixin.py:137} INFO - Bruce Butler
[2023-02-02T10:01:30.370+0000] {logging_mixin.py:137} INFO - Dustin Howell
[2023-02-02T10:01:30.374+0000] {logging_mixin.py:137} INFO - Aaron Smith
[2023-02-02T10:01:30.379+0000] {logging_mixin.py:137} INFO - Kyle Green
[2023-02-02T10:01:30.383+0000] {logging_mixin.py:137} INFO - Steven Clark
[2023-02-02T10:01:30.386+0000] {logging_mixin.py:137} INFO - Robert Holden
[2023-02-02T10:01:30.388+0000] {logging_mixin.py:137} INFO - Zachary Harmon
[2023-02-02T10:01:30.398+0000] {logging_mixin.py:137} INFO - Rachel Miller
[2023-02-02T10:01:30.407+0000] {logging_mixin.py:137} INFO - Brandon Parker
[2023-02-02T10:01:30.409+0000] {logging_mixin.py:137} INFO - Walter Martin
[2023-02-02T10:01:30.413+0000] {logging_mixin.py:137} INFO - Jose Young
[2023-02-02T10:01:30.416+0000] {logging_mixin.py:137} INFO - Kelsey Long
[2023-02-02T10:01:30.421+0000] {logging_mixin.py:137} INFO - William Harper
[2023-02-02T10:01:30.424+0000] {logging_mixin.py:137} INFO - Alejandro Lambert
[2023-02-02T10:01:30.427+0000] {logging_mixin.py:137} INFO - Stephanie Carson
[2023-02-02T10:01:30.429+0000] {logging_mixin.py:137} INFO - Diana Ortega MD
[2023-02-02T10:01:30.430+0000] {logging_mixin.py:137} INFO - Janet Morales
[2023-02-02T10:01:30.432+0000] {logging_mixin.py:137} INFO - Eric Fisher
[2023-02-02T10:01:30.436+0000] {logging_mixin.py:137} INFO - Louis Baker
[2023-02-02T10:01:30.440+0000] {logging_mixin.py:137} INFO - Cindy Ward
[2023-02-02T10:01:30.443+0000] {logging_mixin.py:137} INFO - Ana Jenkins
[2023-02-02T10:01:30.449+0000] {logging_mixin.py:137} INFO - Leslie Barton
[2023-02-02T10:01:30.452+0000] {logging_mixin.py:137} INFO - Gregory Price
[2023-02-02T10:01:30.454+0000] {logging_mixin.py:137} INFO - Brandon Moore
[2023-02-02T10:01:30.456+0000] {logging_mixin.py:137} INFO - Heather Garrett
[2023-02-02T10:01:30.461+0000] {logging_mixin.py:137} INFO - Cindy Hawkins
[2023-02-02T10:01:30.467+0000] {logging_mixin.py:137} INFO - Mr. Frank Snyder Jr.
[2023-02-02T10:01:30.471+0000] {logging_mixin.py:137} INFO - Megan Wang
[2023-02-02T10:01:30.473+0000] {logging_mixin.py:137} INFO - Jennifer Fleming
[2023-02-02T10:01:30.479+0000] {logging_mixin.py:137} INFO - Gary Hodge
[2023-02-02T10:01:30.481+0000] {logging_mixin.py:137} INFO - Nichole Miller
[2023-02-02T10:01:30.483+0000] {logging_mixin.py:137} INFO - Mitchell Mendoza
[2023-02-02T10:01:30.485+0000] {logging_mixin.py:137} INFO - Bradley Horton
[2023-02-02T10:01:30.486+0000] {logging_mixin.py:137} INFO - Michelle Hess
[2023-02-02T10:01:30.487+0000] {logging_mixin.py:137} INFO - Ronald Torres
[2023-02-02T10:01:30.490+0000] {logging_mixin.py:137} INFO - Raymond Hudson
[2023-02-02T10:01:30.494+0000] {logging_mixin.py:137} INFO - Vincent Jackson
[2023-02-02T10:01:30.497+0000] {logging_mixin.py:137} INFO - Susan Carey
[2023-02-02T10:01:30.499+0000] {logging_mixin.py:137} INFO - Chase Wilson
[2023-02-02T10:01:30.502+0000] {logging_mixin.py:137} INFO - Tonya Baldwin
[2023-02-02T10:01:30.506+0000] {logging_mixin.py:137} INFO - Mrs. Tina Davis
[2023-02-02T10:01:30.508+0000] {logging_mixin.py:137} INFO - Scott Garrett
[2023-02-02T10:01:30.515+0000] {logging_mixin.py:137} INFO - Michael Wilson
[2023-02-02T10:01:30.517+0000] {logging_mixin.py:137} INFO - Andrew Orozco
[2023-02-02T10:01:30.518+0000] {logging_mixin.py:137} INFO - Troy Carson
[2023-02-02T10:01:30.524+0000] {logging_mixin.py:137} INFO - Alex Winters
[2023-02-02T10:01:30.526+0000] {logging_mixin.py:137} INFO - Toni Frank
[2023-02-02T10:01:30.531+0000] {logging_mixin.py:137} INFO - Kathleen Snyder
[2023-02-02T10:01:30.533+0000] {logging_mixin.py:137} INFO - Anna Lopez
[2023-02-02T10:01:30.535+0000] {logging_mixin.py:137} INFO - Charles Brown
[2023-02-02T10:01:30.537+0000] {logging_mixin.py:137} INFO - Barry Ross
[2023-02-02T10:01:30.539+0000] {logging_mixin.py:137} INFO - Emily Ramirez
[2023-02-02T10:01:30.540+0000] {logging_mixin.py:137} INFO - Anna Williams
[2023-02-02T10:01:30.546+0000] {logging_mixin.py:137} INFO - Kristin Pennington
[2023-02-02T10:01:30.548+0000] {logging_mixin.py:137} INFO - Mary Aguirre
[2023-02-02T10:01:30.553+0000] {logging_mixin.py:137} INFO - Austin Santos
[2023-02-02T10:01:30.556+0000] {logging_mixin.py:137} INFO - David Nelson
[2023-02-02T10:01:30.560+0000] {logging_mixin.py:137} INFO - Alyssa Mcbride
[2023-02-02T10:01:30.562+0000] {logging_mixin.py:137} INFO - Lisa Gibson
[2023-02-02T10:01:30.567+0000] {logging_mixin.py:137} INFO - Alexander Kelly
[2023-02-02T10:01:30.571+0000] {logging_mixin.py:137} INFO - Ronald Thomas
[2023-02-02T10:01:30.574+0000] {logging_mixin.py:137} INFO - Michael Hurst
[2023-02-02T10:01:30.575+0000] {logging_mixin.py:137} INFO - Lauren Ward
[2023-02-02T10:01:30.576+0000] {logging_mixin.py:137} INFO - Christian Terry
[2023-02-02T10:01:30.578+0000] {logging_mixin.py:137} INFO - Jared Black
[2023-02-02T10:01:30.580+0000] {logging_mixin.py:137} INFO - Anthony Brown
[2023-02-02T10:01:30.583+0000] {logging_mixin.py:137} INFO - John Cole
[2023-02-02T10:01:30.586+0000] {logging_mixin.py:137} INFO - David Lee
[2023-02-02T10:01:30.591+0000] {logging_mixin.py:137} INFO - Lori Thomas
[2023-02-02T10:01:30.594+0000] {logging_mixin.py:137} INFO - Daniel Herman
[2023-02-02T10:01:30.597+0000] {logging_mixin.py:137} INFO - Pam Williams
[2023-02-02T10:01:30.604+0000] {logging_mixin.py:137} INFO - Sarah Jenkins
[2023-02-02T10:01:30.609+0000] {logging_mixin.py:137} INFO - Susan Mitchell
[2023-02-02T10:01:30.613+0000] {logging_mixin.py:137} INFO - Jacqueline Green
[2023-02-02T10:01:30.616+0000] {logging_mixin.py:137} INFO - Victoria Garrison
[2023-02-02T10:01:30.618+0000] {logging_mixin.py:137} INFO - Jonathan Daniels
[2023-02-02T10:01:30.620+0000] {logging_mixin.py:137} INFO - Trevor Hansen
[2023-02-02T10:01:30.625+0000] {logging_mixin.py:137} INFO - Laurie Bowen
[2023-02-02T10:01:30.638+0000] {logging_mixin.py:137} INFO - James Cline
[2023-02-02T10:01:30.640+0000] {logging_mixin.py:137} INFO - Michael Rose
[2023-02-02T10:01:30.643+0000] {logging_mixin.py:137} INFO - Lawrence Juarez
[2023-02-02T10:01:30.645+0000] {logging_mixin.py:137} INFO - Lucas Caldwell
[2023-02-02T10:01:30.647+0000] {logging_mixin.py:137} INFO - Laura Jackson
[2023-02-02T10:01:30.649+0000] {logging_mixin.py:137} INFO - Sherri Thornton
[2023-02-02T10:01:30.652+0000] {logging_mixin.py:137} INFO - Alice Wilson
[2023-02-02T10:01:30.659+0000] {logging_mixin.py:137} INFO - Diane Williams
[2023-02-02T10:01:30.660+0000] {logging_mixin.py:137} INFO - Kara Martin
[2023-02-02T10:01:30.663+0000] {logging_mixin.py:137} INFO - Joseph Moore
[2023-02-02T10:01:30.665+0000] {logging_mixin.py:137} INFO - Jesse Moses
[2023-02-02T10:01:30.667+0000] {logging_mixin.py:137} INFO - Lisa Mccall
[2023-02-02T10:01:30.669+0000] {logging_mixin.py:137} INFO - Alexandra Mccoy
[2023-02-02T10:01:30.670+0000] {logging_mixin.py:137} INFO - Daniel Martin
[2023-02-02T10:01:30.673+0000] {logging_mixin.py:137} INFO - Claudia Peck
[2023-02-02T10:01:30.676+0000] {logging_mixin.py:137} INFO - Jessica Mcconnell
[2023-02-02T10:01:30.680+0000] {logging_mixin.py:137} INFO - Kevin Walker
[2023-02-02T10:01:30.681+0000] {logging_mixin.py:137} INFO - Christina Lee
[2023-02-02T10:01:30.684+0000] {logging_mixin.py:137} INFO - Christopher Schroeder
[2023-02-02T10:01:30.688+0000] {logging_mixin.py:137} INFO - Melissa Parker
[2023-02-02T10:01:30.690+0000] {logging_mixin.py:137} INFO - Janet Molina
[2023-02-02T10:01:30.693+0000] {logging_mixin.py:137} INFO - Barbara Harris
[2023-02-02T10:01:30.695+0000] {logging_mixin.py:137} INFO - Joseph Hurley
[2023-02-02T10:01:30.699+0000] {logging_mixin.py:137} INFO - Greg Hayden
[2023-02-02T10:01:30.701+0000] {logging_mixin.py:137} INFO - Edwin Adams
[2023-02-02T10:01:30.703+0000] {logging_mixin.py:137} INFO - Ashley Hunter
[2023-02-02T10:01:30.706+0000] {logging_mixin.py:137} INFO - Jennifer Tucker
[2023-02-02T10:01:30.709+0000] {logging_mixin.py:137} INFO - Eddie Gray
[2023-02-02T10:01:30.711+0000] {logging_mixin.py:137} INFO - Jennifer Evans
[2023-02-02T10:01:30.718+0000] {logging_mixin.py:137} INFO - Stephen Carey
[2023-02-02T10:01:30.721+0000] {logging_mixin.py:137} INFO - Samantha Campos
[2023-02-02T10:01:30.723+0000] {logging_mixin.py:137} INFO - Meagan Brown
[2023-02-02T10:01:30.724+0000] {logging_mixin.py:137} INFO - Miss Marisa Barber
[2023-02-02T10:01:30.727+0000] {logging_mixin.py:137} INFO - Jay Mann
[2023-02-02T10:01:30.729+0000] {logging_mixin.py:137} INFO - Matthew Campbell
[2023-02-02T10:01:30.733+0000] {logging_mixin.py:137} INFO - Brent Rodriguez
[2023-02-02T10:01:30.737+0000] {logging_mixin.py:137} INFO - Teresa Ross
[2023-02-02T10:01:30.743+0000] {logging_mixin.py:137} INFO - Mary Martinez
[2023-02-02T10:01:30.748+0000] {logging_mixin.py:137} INFO - Joseph Lewis
[2023-02-02T10:01:30.751+0000] {logging_mixin.py:137} INFO - Dale Davis
[2023-02-02T10:01:30.753+0000] {logging_mixin.py:137} INFO - Elizabeth Evans
[2023-02-02T10:01:30.762+0000] {logging_mixin.py:137} INFO - Shannon Wang
[2023-02-02T10:01:30.764+0000] {logging_mixin.py:137} INFO - Brandon Campbell
[2023-02-02T10:01:30.775+0000] {logging_mixin.py:137} INFO - Rhonda Pace
[2023-02-02T10:01:30.778+0000] {logging_mixin.py:137} INFO - Sarah Santos
[2023-02-02T10:01:30.781+0000] {logging_mixin.py:137} INFO - Jacob Ford
[2023-02-02T10:01:30.786+0000] {logging_mixin.py:137} INFO - Matthew Hansen
[2023-02-02T10:01:30.788+0000] {logging_mixin.py:137} INFO - Amy Ray
[2023-02-02T10:01:30.801+0000] {logging_mixin.py:137} INFO - Aaron Fields
[2023-02-02T10:01:30.810+0000] {logging_mixin.py:137} INFO - Mary Taylor
[2023-02-02T10:01:30.819+0000] {logging_mixin.py:137} INFO - James Morris
[2023-02-02T10:01:30.822+0000] {logging_mixin.py:137} INFO - Darrell Cain
[2023-02-02T10:01:30.825+0000] {logging_mixin.py:137} INFO - Michael Smith
[2023-02-02T10:01:30.832+0000] {logging_mixin.py:137} INFO - Scott Coleman
[2023-02-02T10:01:30.840+0000] {logging_mixin.py:137} INFO - David Fitzpatrick
[2023-02-02T10:01:30.847+0000] {logging_mixin.py:137} INFO - Debra Shepherd
[2023-02-02T10:01:30.856+0000] {logging_mixin.py:137} INFO - Paul Rush
[2023-02-02T10:01:30.867+0000] {logging_mixin.py:137} INFO - Brett Hernandez
[2023-02-02T10:01:30.874+0000] {logging_mixin.py:137} INFO - Sheila Riddle
[2023-02-02T10:01:30.882+0000] {logging_mixin.py:137} INFO - Joan Austin
[2023-02-02T10:01:30.886+0000] {logging_mixin.py:137} INFO - Michael Garcia
[2023-02-02T10:01:30.890+0000] {logging_mixin.py:137} INFO - Natalie Harris
[2023-02-02T10:01:30.895+0000] {logging_mixin.py:137} INFO - Steven Dean
[2023-02-02T10:01:30.901+0000] {logging_mixin.py:137} INFO - John Brown
[2023-02-02T10:01:30.903+0000] {logging_mixin.py:137} INFO - Keith Zimmerman
[2023-02-02T10:01:30.911+0000] {logging_mixin.py:137} INFO - Curtis Byrd
[2023-02-02T10:01:30.915+0000] {logging_mixin.py:137} INFO - Mariah Green
[2023-02-02T10:01:30.919+0000] {logging_mixin.py:137} INFO - Roger Huynh
[2023-02-02T10:01:30.926+0000] {logging_mixin.py:137} INFO - Christopher Zamora
[2023-02-02T10:01:30.943+0000] {logging_mixin.py:137} INFO - Joyce Crawford
[2023-02-02T10:01:30.948+0000] {logging_mixin.py:137} INFO - Angela Smith
[2023-02-02T10:01:30.951+0000] {logging_mixin.py:137} INFO - Veronica Robinson
[2023-02-02T10:01:30.953+0000] {logging_mixin.py:137} INFO - Christopher Bates
[2023-02-02T10:01:30.955+0000] {logging_mixin.py:137} INFO - Steve Stone
[2023-02-02T10:01:30.959+0000] {logging_mixin.py:137} INFO - William Cook
[2023-02-02T10:01:30.967+0000] {logging_mixin.py:137} INFO - Lori Wood
[2023-02-02T10:01:30.976+0000] {logging_mixin.py:137} INFO - Jillian Reynolds
[2023-02-02T10:01:30.983+0000] {logging_mixin.py:137} INFO - Angela Caldwell
[2023-02-02T10:01:30.988+0000] {logging_mixin.py:137} INFO - Shane Campbell
[2023-02-02T10:01:30.989+0000] {logging_mixin.py:137} INFO - Karen Lawrence
[2023-02-02T10:01:30.991+0000] {logging_mixin.py:137} INFO - Kimberly Wood
[2023-02-02T10:01:30.996+0000] {logging_mixin.py:137} INFO - Samantha Lopez
[2023-02-02T10:01:31.002+0000] {logging_mixin.py:137} INFO - Harold Miller
[2023-02-02T10:01:31.007+0000] {logging_mixin.py:137} INFO - Raymond Cooper DVM
[2023-02-02T10:01:31.015+0000] {logging_mixin.py:137} INFO - Kristen Patel
[2023-02-02T10:01:31.019+0000] {logging_mixin.py:137} INFO - Anthony Mejia
[2023-02-02T10:01:31.023+0000] {logging_mixin.py:137} INFO - Raymond Thomas
[2023-02-02T10:01:31.028+0000] {logging_mixin.py:137} INFO - Scott Young
[2023-02-02T10:01:31.032+0000] {logging_mixin.py:137} INFO - David Larson
[2023-02-02T10:01:31.037+0000] {logging_mixin.py:137} INFO - Jon Murray
[2023-02-02T10:01:31.040+0000] {logging_mixin.py:137} INFO - Stephen Taylor
[2023-02-02T10:01:31.045+0000] {logging_mixin.py:137} INFO - Jennifer Hernandez
[2023-02-02T10:01:31.047+0000] {logging_mixin.py:137} INFO - Stacy Smith
[2023-02-02T10:01:31.050+0000] {logging_mixin.py:137} INFO - Juan Owens
[2023-02-02T10:01:31.055+0000] {logging_mixin.py:137} INFO - Brian Adkins
[2023-02-02T10:01:31.057+0000] {logging_mixin.py:137} INFO - Jesse Wells
[2023-02-02T10:01:31.058+0000] {logging_mixin.py:137} INFO - Kyle Matthews
[2023-02-02T10:01:31.060+0000] {logging_mixin.py:137} INFO - Dustin Russell
[2023-02-02T10:01:31.062+0000] {logging_mixin.py:137} INFO - Richard White
[2023-02-02T10:01:31.065+0000] {logging_mixin.py:137} INFO - Brittany Nichols
[2023-02-02T10:01:31.067+0000] {logging_mixin.py:137} INFO - Colton Kelly
[2023-02-02T10:01:31.069+0000] {logging_mixin.py:137} INFO - William Perry
[2023-02-02T10:01:31.071+0000] {logging_mixin.py:137} INFO - Thomas Cummings
[2023-02-02T10:01:31.075+0000] {logging_mixin.py:137} INFO - Timothy Ballard
[2023-02-02T10:01:31.076+0000] {logging_mixin.py:137} INFO - Richard Washington
[2023-02-02T10:01:31.081+0000] {logging_mixin.py:137} INFO - Joshua Lam
[2023-02-02T10:01:31.083+0000] {logging_mixin.py:137} INFO - Grant Jackson
[2023-02-02T10:01:31.088+0000] {logging_mixin.py:137} INFO - Erin Baker
[2023-02-02T10:01:31.091+0000] {logging_mixin.py:137} INFO - Scott Flowers
[2023-02-02T10:01:31.094+0000] {logging_mixin.py:137} INFO - James Adams
[2023-02-02T10:01:31.097+0000] {logging_mixin.py:137} INFO - Heather Alvarado
[2023-02-02T10:01:31.102+0000] {logging_mixin.py:137} INFO - Jennifer Snow
[2023-02-02T10:01:31.109+0000] {logging_mixin.py:137} INFO - Mario Jackson
[2023-02-02T10:01:31.111+0000] {logging_mixin.py:137} INFO - Kevin Collins
[2023-02-02T10:01:31.113+0000] {logging_mixin.py:137} INFO - Danielle Garcia
[2023-02-02T10:01:31.115+0000] {logging_mixin.py:137} INFO - Brenda Jackson
[2023-02-02T10:01:31.118+0000] {logging_mixin.py:137} INFO - Ashley Parker
[2023-02-02T10:01:31.124+0000] {logging_mixin.py:137} INFO - Angela Hickman
[2023-02-02T10:01:31.125+0000] {logging_mixin.py:137} INFO - Carol Rodriguez
[2023-02-02T10:01:31.127+0000] {logging_mixin.py:137} INFO - Vernon Anderson
[2023-02-02T10:01:31.129+0000] {logging_mixin.py:137} INFO - Jesus Church
[2023-02-02T10:01:31.132+0000] {logging_mixin.py:137} INFO - Michelle Medina
[2023-02-02T10:01:31.136+0000] {logging_mixin.py:137} INFO - Nancy Bryant
[2023-02-02T10:01:31.142+0000] {logging_mixin.py:137} INFO - Jennifer Martinez
[2023-02-02T10:01:31.144+0000] {logging_mixin.py:137} INFO - Amy Dougherty
[2023-02-02T10:01:31.150+0000] {logging_mixin.py:137} INFO - Alexis Sanders
[2023-02-02T10:01:31.155+0000] {logging_mixin.py:137} INFO - Austin Salazar
[2023-02-02T10:01:31.157+0000] {logging_mixin.py:137} INFO - Amy Williams
[2023-02-02T10:01:31.160+0000] {logging_mixin.py:137} INFO - Richard Haynes
[2023-02-02T10:01:31.162+0000] {logging_mixin.py:137} INFO - Christine Stark
[2023-02-02T10:01:31.164+0000] {logging_mixin.py:137} INFO - Anita Medina
[2023-02-02T10:01:31.167+0000] {logging_mixin.py:137} INFO - Mr. Thomas Duran
[2023-02-02T10:01:31.169+0000] {logging_mixin.py:137} INFO - Mr. Russell Peterson
[2023-02-02T10:01:31.175+0000] {logging_mixin.py:137} INFO - Jack Richard
[2023-02-02T10:01:31.179+0000] {logging_mixin.py:137} INFO - Michelle Erickson
[2023-02-02T10:01:31.182+0000] {logging_mixin.py:137} INFO - Mitchell Williams
[2023-02-02T10:01:31.184+0000] {logging_mixin.py:137} INFO - Adrian Herrera
[2023-02-02T10:01:31.186+0000] {logging_mixin.py:137} INFO - Michael Brady
[2023-02-02T10:01:31.187+0000] {logging_mixin.py:137} INFO - Jamie Zhang
[2023-02-02T10:01:31.189+0000] {logging_mixin.py:137} INFO - Helen Brennan
[2023-02-02T10:01:31.191+0000] {logging_mixin.py:137} INFO - John Myers
[2023-02-02T10:01:31.192+0000] {logging_mixin.py:137} INFO - Patricia Nash
[2023-02-02T10:01:31.198+0000] {logging_mixin.py:137} INFO - Michael Johnson
[2023-02-02T10:01:31.201+0000] {logging_mixin.py:137} INFO - Anita Berger
[2023-02-02T10:01:31.205+0000] {logging_mixin.py:137} INFO - Jason Guerrero DVM
[2023-02-02T10:01:31.207+0000] {logging_mixin.py:137} INFO - Kimberly Davis
[2023-02-02T10:01:31.209+0000] {logging_mixin.py:137} INFO - Bryan Hansen
[2023-02-02T10:01:31.212+0000] {logging_mixin.py:137} INFO - Rebecca Obrien
[2023-02-02T10:01:31.214+0000] {logging_mixin.py:137} INFO - Sarah Santiago
[2023-02-02T10:01:31.216+0000] {logging_mixin.py:137} INFO - Christine Lane
[2023-02-02T10:01:31.224+0000] {logging_mixin.py:137} INFO - Jerry Lewis
[2023-02-02T10:01:31.226+0000] {logging_mixin.py:137} INFO - Stephanie Miller
[2023-02-02T10:01:31.228+0000] {logging_mixin.py:137} INFO - Kristi Bradley
[2023-02-02T10:01:31.230+0000] {logging_mixin.py:137} INFO - Darren Moore
[2023-02-02T10:01:31.232+0000] {logging_mixin.py:137} INFO - Kristina Cunningham
[2023-02-02T10:01:31.234+0000] {logging_mixin.py:137} INFO - Laurie Moore
[2023-02-02T10:01:31.237+0000] {logging_mixin.py:137} INFO - Aaron Lewis
[2023-02-02T10:01:31.241+0000] {logging_mixin.py:137} INFO - Theresa Vang
[2023-02-02T10:01:31.244+0000] {logging_mixin.py:137} INFO - Chase Reese
[2023-02-02T10:01:31.247+0000] {logging_mixin.py:137} INFO - Matthew Ferguson
[2023-02-02T10:01:31.251+0000] {logging_mixin.py:137} INFO - Victoria Lewis
[2023-02-02T10:01:31.254+0000] {logging_mixin.py:137} INFO - Jon Scott
[2023-02-02T10:01:31.257+0000] {logging_mixin.py:137} INFO - Lisa Campbell
[2023-02-02T10:01:31.258+0000] {logging_mixin.py:137} INFO - David Ramirez
[2023-02-02T10:01:31.260+0000] {logging_mixin.py:137} INFO - Gabriel Rosario
[2023-02-02T10:01:31.262+0000] {logging_mixin.py:137} INFO - Kristi Johnson
[2023-02-02T10:01:31.266+0000] {logging_mixin.py:137} INFO - Jennifer Schwartz
[2023-02-02T10:01:31.269+0000] {logging_mixin.py:137} INFO - Daniel Norton
[2023-02-02T10:01:31.272+0000] {logging_mixin.py:137} INFO - Richard Montoya
[2023-02-02T10:01:31.275+0000] {logging_mixin.py:137} INFO - Daniel Norris
[2023-02-02T10:01:31.280+0000] {logging_mixin.py:137} INFO - Chad Taylor
[2023-02-02T10:01:31.281+0000] {logging_mixin.py:137} INFO - Angie Allen
[2023-02-02T10:01:31.285+0000] {logging_mixin.py:137} INFO - Michael Brooks
[2023-02-02T10:01:31.289+0000] {logging_mixin.py:137} INFO - Hannah Poole
[2023-02-02T10:01:31.293+0000] {logging_mixin.py:137} INFO - Caitlin Ray
[2023-02-02T10:01:31.298+0000] {logging_mixin.py:137} INFO - Mr. Steven Gardner
[2023-02-02T10:01:31.303+0000] {logging_mixin.py:137} INFO - Jennifer Macdonald
[2023-02-02T10:01:31.305+0000] {logging_mixin.py:137} INFO - Vanessa Small
[2023-02-02T10:01:31.307+0000] {logging_mixin.py:137} INFO - Dennis Gray
[2023-02-02T10:01:31.310+0000] {logging_mixin.py:137} INFO - Sandra Kirk
[2023-02-02T10:01:31.313+0000] {logging_mixin.py:137} INFO - Jason Wagner
[2023-02-02T10:01:31.315+0000] {logging_mixin.py:137} INFO - David Owen
[2023-02-02T10:01:31.317+0000] {logging_mixin.py:137} INFO - Rose Terrell
[2023-02-02T10:01:31.319+0000] {logging_mixin.py:137} INFO - James Green MD
[2023-02-02T10:01:31.320+0000] {logging_mixin.py:137} INFO - Tammy Patel
[2023-02-02T10:01:31.324+0000] {logging_mixin.py:137} INFO - Joseph Lucero
[2023-02-02T10:01:31.326+0000] {logging_mixin.py:137} INFO - Stephanie Rojas
[2023-02-02T10:01:31.328+0000] {logging_mixin.py:137} INFO - Brittany Johnson
[2023-02-02T10:01:31.331+0000] {logging_mixin.py:137} INFO - Christina Cummings
[2023-02-02T10:01:31.333+0000] {logging_mixin.py:137} INFO - Eric Downs
[2023-02-02T10:01:31.337+0000] {logging_mixin.py:137} INFO - Paul Finley
[2023-02-02T10:01:31.338+0000] {logging_mixin.py:137} INFO - Danielle Jackson
[2023-02-02T10:01:31.340+0000] {logging_mixin.py:137} INFO - Anna Johnston
[2023-02-02T10:01:31.342+0000] {logging_mixin.py:137} INFO - Ashlee Hodges
[2023-02-02T10:01:31.344+0000] {logging_mixin.py:137} INFO - Thomas Francis
[2023-02-02T10:01:31.346+0000] {logging_mixin.py:137} INFO - Cody Baird
[2023-02-02T10:01:31.348+0000] {logging_mixin.py:137} INFO - Jeffrey Walter
[2023-02-02T10:01:31.349+0000] {logging_mixin.py:137} INFO - Hannah West
[2023-02-02T10:01:31.351+0000] {logging_mixin.py:137} INFO - Anthony Byrd
[2023-02-02T10:01:31.353+0000] {logging_mixin.py:137} INFO - Julie Ramirez
[2023-02-02T10:01:31.356+0000] {logging_mixin.py:137} INFO - Seth Peters
[2023-02-02T10:01:31.357+0000] {logging_mixin.py:137} INFO - Keith Salas
[2023-02-02T10:01:31.359+0000] {logging_mixin.py:137} INFO - Kathryn Evans
[2023-02-02T10:01:31.362+0000] {logging_mixin.py:137} INFO - Dr. Maria Scott
[2023-02-02T10:01:31.364+0000] {logging_mixin.py:137} INFO - Brenda Thomas
[2023-02-02T10:01:31.365+0000] {logging_mixin.py:137} INFO - Travis Douglas
[2023-02-02T10:01:31.368+0000] {logging_mixin.py:137} INFO - Kurt Santos
[2023-02-02T10:01:31.369+0000] {logging_mixin.py:137} INFO - Sean Parrish
[2023-02-02T10:01:31.371+0000] {logging_mixin.py:137} INFO - Brittany Walls
[2023-02-02T10:01:31.374+0000] {logging_mixin.py:137} INFO - Gail Brooks
[2023-02-02T10:01:31.376+0000] {logging_mixin.py:137} INFO - Valerie Johnson
[2023-02-02T10:01:31.379+0000] {logging_mixin.py:137} INFO - Jessica Dunn
[2023-02-02T10:01:31.380+0000] {logging_mixin.py:137} INFO - Chad Robinson
[2023-02-02T10:01:31.384+0000] {logging_mixin.py:137} INFO - Catherine Combs
[2023-02-02T10:01:31.386+0000] {logging_mixin.py:137} INFO - Joshua Boyd
[2023-02-02T10:01:31.387+0000] {logging_mixin.py:137} INFO - Alicia Barnett DVM
[2023-02-02T10:01:31.388+0000] {logging_mixin.py:137} INFO - Kevin Cervantes
[2023-02-02T10:01:31.390+0000] {logging_mixin.py:137} INFO - Larry Lester
[2023-02-02T10:01:31.393+0000] {logging_mixin.py:137} INFO - Deanna Espinoza
[2023-02-02T10:01:31.396+0000] {logging_mixin.py:137} INFO - Marilyn Davis
[2023-02-02T10:01:31.397+0000] {logging_mixin.py:137} INFO - Michael Weeks
[2023-02-02T10:01:31.398+0000] {logging_mixin.py:137} INFO - Brandon Stanton
[2023-02-02T10:01:31.399+0000] {logging_mixin.py:137} INFO - Ryan Boyer Jr.
[2023-02-02T10:01:31.401+0000] {logging_mixin.py:137} INFO - Amanda Elliott
[2023-02-02T10:01:31.403+0000] {logging_mixin.py:137} INFO - David Moore
[2023-02-02T10:01:31.407+0000] {logging_mixin.py:137} INFO - Andre Williams
[2023-02-02T10:01:31.410+0000] {logging_mixin.py:137} INFO - Jennifer Garcia
[2023-02-02T10:01:31.411+0000] {logging_mixin.py:137} INFO - Tracey Cook
[2023-02-02T10:01:31.413+0000] {logging_mixin.py:137} INFO - Michael Turner
[2023-02-02T10:01:31.414+0000] {logging_mixin.py:137} INFO - Diana Long
[2023-02-02T10:01:31.417+0000] {logging_mixin.py:137} INFO - John Bradley
[2023-02-02T10:01:31.421+0000] {logging_mixin.py:137} INFO - Ann Benjamin
[2023-02-02T10:01:31.423+0000] {logging_mixin.py:137} INFO - Shane House
[2023-02-02T10:01:31.424+0000] {logging_mixin.py:137} INFO - Erin Lee
[2023-02-02T10:01:31.427+0000] {logging_mixin.py:137} INFO - Joseph Gray
[2023-02-02T10:01:31.428+0000] {logging_mixin.py:137} INFO - Betty Gibson
[2023-02-02T10:01:31.432+0000] {logging_mixin.py:137} INFO - Kristen Graham
[2023-02-02T10:01:31.433+0000] {logging_mixin.py:137} INFO - Daniel Meza
[2023-02-02T10:01:31.436+0000] {logging_mixin.py:137} INFO - Sherri Carpenter
[2023-02-02T10:01:31.438+0000] {logging_mixin.py:137} INFO - Andrea Sanchez
[2023-02-02T10:01:31.440+0000] {logging_mixin.py:137} INFO - Jordan Rios
[2023-02-02T10:01:31.443+0000] {logging_mixin.py:137} INFO - Elizabeth Jackson
[2023-02-02T10:01:31.445+0000] {logging_mixin.py:137} INFO - Elizabeth Myers
[2023-02-02T10:01:31.451+0000] {logging_mixin.py:137} INFO - Juan Barnes
[2023-02-02T10:01:31.453+0000] {logging_mixin.py:137} INFO - Christopher Lozano
[2023-02-02T10:01:31.458+0000] {logging_mixin.py:137} INFO - Jacqueline Griffin
[2023-02-02T10:01:31.460+0000] {logging_mixin.py:137} INFO - Ryan Mason
[2023-02-02T10:01:31.462+0000] {logging_mixin.py:137} INFO - Jonathan Moore
[2023-02-02T10:01:31.464+0000] {logging_mixin.py:137} INFO - Abigail Landry
[2023-02-02T10:01:31.465+0000] {logging_mixin.py:137} INFO - Brenda Hernandez
[2023-02-02T10:01:31.467+0000] {logging_mixin.py:137} INFO - Zachary Pitts
[2023-02-02T10:01:31.470+0000] {logging_mixin.py:137} INFO - Amanda Rogers
[2023-02-02T10:01:31.472+0000] {logging_mixin.py:137} INFO - Cynthia Gray
[2023-02-02T10:01:31.477+0000] {logging_mixin.py:137} INFO - Tyler Barajas
[2023-02-02T10:01:31.479+0000] {logging_mixin.py:137} INFO - Michelle Leon
[2023-02-02T10:01:31.480+0000] {logging_mixin.py:137} INFO - Kathy Lang
[2023-02-02T10:01:31.483+0000] {logging_mixin.py:137} INFO - Scott Townsend MD
[2023-02-02T10:01:31.485+0000] {logging_mixin.py:137} INFO - Theresa Acosta
[2023-02-02T10:01:31.490+0000] {logging_mixin.py:137} INFO - David Jones
[2023-02-02T10:01:31.495+0000] {logging_mixin.py:137} INFO - Jeremy Robinson
[2023-02-02T10:01:31.499+0000] {logging_mixin.py:137} INFO - James Newton
[2023-02-02T10:01:31.501+0000] {logging_mixin.py:137} INFO - Tracey Wells
[2023-02-02T10:01:31.502+0000] {logging_mixin.py:137} INFO - Maria Nelson
[2023-02-02T10:01:31.505+0000] {logging_mixin.py:137} INFO - Christopher Griffith
[2023-02-02T10:01:31.507+0000] {logging_mixin.py:137} INFO - Zachary Griffin
[2023-02-02T10:01:31.513+0000] {logging_mixin.py:137} INFO - Amy Nguyen
[2023-02-02T10:01:31.515+0000] {logging_mixin.py:137} INFO - April Williams
[2023-02-02T10:01:31.527+0000] {logging_mixin.py:137} INFO - Marissa Kelly
[2023-02-02T10:01:31.531+0000] {logging_mixin.py:137} INFO - Brian Lopez PhD
[2023-02-02T10:01:31.535+0000] {logging_mixin.py:137} INFO - William Williams
[2023-02-02T10:01:31.542+0000] {logging_mixin.py:137} INFO - Norman Brown
[2023-02-02T10:01:31.549+0000] {logging_mixin.py:137} INFO - Charles Fuentes
[2023-02-02T10:01:31.552+0000] {logging_mixin.py:137} INFO - Anthony Chang
[2023-02-02T10:01:31.554+0000] {logging_mixin.py:137} INFO - Mary Bell
[2023-02-02T10:01:31.556+0000] {logging_mixin.py:137} INFO - Elizabeth Stuart
[2023-02-02T10:01:31.559+0000] {logging_mixin.py:137} INFO - Mary Mcdonald
[2023-02-02T10:01:31.574+0000] {logging_mixin.py:137} INFO - Martin Harrison
[2023-02-02T10:01:31.578+0000] {logging_mixin.py:137} INFO - Stephanie Fernandez
[2023-02-02T10:01:31.588+0000] {logging_mixin.py:137} INFO - Christopher Brown
[2023-02-02T10:01:31.590+0000] {logging_mixin.py:137} INFO - Alexander Stephenson
[2023-02-02T10:01:31.595+0000] {logging_mixin.py:137} INFO - Grace Diaz
[2023-02-02T10:01:31.598+0000] {logging_mixin.py:137} INFO - Frank Bartlett
[2023-02-02T10:01:31.601+0000] {logging_mixin.py:137} INFO - Audrey Andersen
[2023-02-02T10:01:31.606+0000] {logging_mixin.py:137} INFO - David Green
[2023-02-02T10:01:31.609+0000] {logging_mixin.py:137} INFO - Joshua Diaz Jr.
[2023-02-02T10:01:31.611+0000] {logging_mixin.py:137} INFO - Emily Garcia
[2023-02-02T10:01:31.612+0000] {logging_mixin.py:137} INFO - Devin Hall
[2023-02-02T10:01:31.615+0000] {logging_mixin.py:137} INFO - Phillip Garner
[2023-02-02T10:01:31.620+0000] {logging_mixin.py:137} INFO - Katherine Estrada
[2023-02-02T10:01:31.627+0000] {logging_mixin.py:137} INFO - Corey Saunders
[2023-02-02T10:01:31.632+0000] {logging_mixin.py:137} INFO - Kimberly Collins
[2023-02-02T10:01:31.640+0000] {logging_mixin.py:137} INFO - Amy Elliott
[2023-02-02T10:01:31.643+0000] {logging_mixin.py:137} INFO - Tanya Jones
[2023-02-02T10:01:31.646+0000] {logging_mixin.py:137} INFO - Patricia Gonzalez
[2023-02-02T10:01:31.648+0000] {logging_mixin.py:137} INFO - Jennifer Hill
[2023-02-02T10:01:31.649+0000] {logging_mixin.py:137} INFO - John Haynes
[2023-02-02T10:01:31.652+0000] {logging_mixin.py:137} INFO - Jacob Henry
[2023-02-02T10:01:31.654+0000] {logging_mixin.py:137} INFO - Daniel Clark
[2023-02-02T10:01:31.659+0000] {logging_mixin.py:137} INFO - Jonathon Taylor
[2023-02-02T10:01:31.661+0000] {logging_mixin.py:137} INFO - Jesse Evans
[2023-02-02T10:01:31.665+0000] {logging_mixin.py:137} INFO - James Martinez
[2023-02-02T10:01:31.667+0000] {logging_mixin.py:137} INFO - Kyle Reyes
[2023-02-02T10:01:31.669+0000] {logging_mixin.py:137} INFO - Terrence Barker
[2023-02-02T10:01:31.670+0000] {logging_mixin.py:137} INFO - Anthony Washington
[2023-02-02T10:01:31.676+0000] {logging_mixin.py:137} INFO - Dustin Le
[2023-02-02T10:01:31.678+0000] {logging_mixin.py:137} INFO - Bruce Clark
[2023-02-02T10:01:31.681+0000] {logging_mixin.py:137} INFO - Keith Anthony
[2023-02-02T10:01:31.683+0000] {logging_mixin.py:137} INFO - Jeremiah Stone
[2023-02-02T10:01:31.684+0000] {logging_mixin.py:137} INFO - Michael Haley
[2023-02-02T10:01:31.693+0000] {logging_mixin.py:137} INFO - Regina Carrillo
[2023-02-02T10:01:31.695+0000] {logging_mixin.py:137} INFO - Jacob Lee
[2023-02-02T10:01:31.700+0000] {logging_mixin.py:137} INFO - Thomas Gonzalez
[2023-02-02T10:01:31.703+0000] {logging_mixin.py:137} INFO - Mark Lawrence
[2023-02-02T10:01:31.710+0000] {logging_mixin.py:137} INFO - Matthew Anderson
[2023-02-02T10:01:31.713+0000] {logging_mixin.py:137} INFO - Nicholas Young
[2023-02-02T10:01:31.720+0000] {logging_mixin.py:137} INFO - Melvin Martinez
[2023-02-02T10:01:31.722+0000] {logging_mixin.py:137} INFO - Scott Green
[2023-02-02T10:01:31.726+0000] {logging_mixin.py:137} INFO - Dana Richards
[2023-02-02T10:01:31.727+0000] {logging_mixin.py:137} INFO - Lauren Moore
[2023-02-02T10:01:31.730+0000] {logging_mixin.py:137} INFO - Terry Campbell
[2023-02-02T10:01:31.734+0000] {logging_mixin.py:137} INFO - Ralph Jordan
[2023-02-02T10:01:31.735+0000] {logging_mixin.py:137} INFO - Noah Reyes
[2023-02-02T10:01:31.738+0000] {logging_mixin.py:137} INFO - Mr. Gregory Mills MD
[2023-02-02T10:01:31.740+0000] {logging_mixin.py:137} INFO - Michelle Yates
[2023-02-02T10:01:31.741+0000] {logging_mixin.py:137} INFO - Robin Reyes
[2023-02-02T10:01:31.743+0000] {logging_mixin.py:137} INFO - Rebecca Smith
[2023-02-02T10:01:31.745+0000] {logging_mixin.py:137} INFO - Nicole Torres
[2023-02-02T10:01:31.746+0000] {logging_mixin.py:137} INFO - Ronald Jones
[2023-02-02T10:01:31.747+0000] {logging_mixin.py:137} INFO - Michael Castaneda
[2023-02-02T10:01:31.749+0000] {logging_mixin.py:137} INFO - Christopher Krueger
[2023-02-02T10:01:31.751+0000] {logging_mixin.py:137} INFO - Jennifer Werner
[2023-02-02T10:01:31.754+0000] {logging_mixin.py:137} INFO - Ashley Smith
[2023-02-02T10:01:31.757+0000] {logging_mixin.py:137} INFO - Alyssa Fields
[2023-02-02T10:01:31.759+0000] {logging_mixin.py:137} INFO - John Scott
[2023-02-02T10:01:31.760+0000] {logging_mixin.py:137} INFO - Debra Delacruz
[2023-02-02T10:01:31.762+0000] {logging_mixin.py:137} INFO - James Madden
[2023-02-02T10:01:31.764+0000] {logging_mixin.py:137} INFO - Joseph Gentry
[2023-02-02T10:01:31.766+0000] {logging_mixin.py:137} INFO - Ashley Cabrera
[2023-02-02T10:01:31.767+0000] {logging_mixin.py:137} INFO - Jennifer Fernandez
[2023-02-02T10:01:31.770+0000] {logging_mixin.py:137} INFO - James Harris
[2023-02-02T10:01:31.774+0000] {logging_mixin.py:137} INFO - Candice Young
[2023-02-02T10:01:31.777+0000] {logging_mixin.py:137} INFO - Lisa Baker
[2023-02-02T10:01:31.781+0000] {logging_mixin.py:137} INFO - Brian Mills DDS
[2023-02-02T10:01:31.783+0000] {logging_mixin.py:137} INFO - Kristin Smith
[2023-02-02T10:01:31.786+0000] {logging_mixin.py:137} INFO - Jacob Collins
[2023-02-02T10:01:31.790+0000] {logging_mixin.py:137} INFO - Kimberly Harris
[2023-02-02T10:01:31.792+0000] {logging_mixin.py:137} INFO - Michael Hull
[2023-02-02T10:01:31.793+0000] {logging_mixin.py:137} INFO - Caitlin Todd
[2023-02-02T10:01:31.795+0000] {logging_mixin.py:137} INFO - Lisa Harris
[2023-02-02T10:01:31.797+0000] {logging_mixin.py:137} INFO - Mrs. Ann Stone
[2023-02-02T10:01:31.799+0000] {logging_mixin.py:137} INFO - Michelle Case
[2023-02-02T10:01:31.801+0000] {logging_mixin.py:137} INFO - Joe Lowe
[2023-02-02T10:01:31.803+0000] {logging_mixin.py:137} INFO - Randall Dunn
[2023-02-02T10:01:31.804+0000] {logging_mixin.py:137} INFO - Paula Vargas
[2023-02-02T10:01:31.806+0000] {logging_mixin.py:137} INFO - Daniel Walker
[2023-02-02T10:01:31.808+0000] {logging_mixin.py:137} INFO - James Jackson
[2023-02-02T10:01:31.810+0000] {logging_mixin.py:137} INFO - Shirley Woodard
[2023-02-02T10:01:31.813+0000] {logging_mixin.py:137} INFO - James Hayes
[2023-02-02T10:01:31.817+0000] {logging_mixin.py:137} INFO - Megan Austin
[2023-02-02T10:01:31.819+0000] {logging_mixin.py:137} INFO - Erin Robertson
[2023-02-02T10:01:31.820+0000] {logging_mixin.py:137} INFO - Robert Phillips
[2023-02-02T10:01:31.822+0000] {logging_mixin.py:137} INFO - Amy Torres
[2023-02-02T10:01:31.824+0000] {logging_mixin.py:137} INFO - Joshua Cox
[2023-02-02T10:01:31.826+0000] {logging_mixin.py:137} INFO - Duane Grimes
[2023-02-02T10:01:31.831+0000] {logging_mixin.py:137} INFO - Jennifer Burgess
[2023-02-02T10:01:31.833+0000] {logging_mixin.py:137} INFO - Carlos Duran
[2023-02-02T10:01:31.834+0000] {logging_mixin.py:137} INFO - Jason Johnson
[2023-02-02T10:01:31.836+0000] {logging_mixin.py:137} INFO - Cameron Greer
[2023-02-02T10:01:31.838+0000] {logging_mixin.py:137} INFO - Randall Williams
[2023-02-02T10:01:31.839+0000] {logging_mixin.py:137} INFO - Jessica Harris
[2023-02-02T10:01:31.844+0000] {logging_mixin.py:137} INFO - Joshua Rogers
[2023-02-02T10:01:31.849+0000] {logging_mixin.py:137} INFO - Jose Mahoney
[2023-02-02T10:01:31.852+0000] {logging_mixin.py:137} INFO - Brandy Fuentes
[2023-02-02T10:01:31.856+0000] {logging_mixin.py:137} INFO - Angelica Matthews
[2023-02-02T10:01:31.858+0000] {logging_mixin.py:137} INFO - Glenn Caldwell
[2023-02-02T10:01:31.860+0000] {logging_mixin.py:137} INFO - Cristian Delacruz
[2023-02-02T10:01:31.862+0000] {logging_mixin.py:137} INFO - Alexandra Price
[2023-02-02T10:01:31.863+0000] {logging_mixin.py:137} INFO - Heather Wilson
[2023-02-02T10:01:31.866+0000] {logging_mixin.py:137} INFO - Shawn Thompson
[2023-02-02T10:01:31.867+0000] {logging_mixin.py:137} INFO - Anna Daniel
[2023-02-02T10:01:31.869+0000] {logging_mixin.py:137} INFO - Joseph Cisneros
[2023-02-02T10:01:31.875+0000] {logging_mixin.py:137} INFO - Rebecca Estes
[2023-02-02T10:01:31.880+0000] {logging_mixin.py:137} INFO - Jeremy Porter
[2023-02-02T10:01:31.882+0000] {logging_mixin.py:137} INFO - Lisa Mann
[2023-02-02T10:01:31.885+0000] {logging_mixin.py:137} INFO - Michael Woods
[2023-02-02T10:01:31.889+0000] {logging_mixin.py:137} INFO - Madison Thompson
[2023-02-02T10:01:31.890+0000] {logging_mixin.py:137} INFO - Nancy Gomez
[2023-02-02T10:01:31.894+0000] {logging_mixin.py:137} INFO - Julie Blanchard
[2023-02-02T10:01:31.897+0000] {logging_mixin.py:137} INFO - Michael Smith
[2023-02-02T10:01:31.899+0000] {logging_mixin.py:137} INFO - Angel Huber
[2023-02-02T10:01:31.901+0000] {logging_mixin.py:137} INFO - Michael Coffey
[2023-02-02T10:01:31.903+0000] {logging_mixin.py:137} INFO - Patrick Walter
[2023-02-02T10:01:31.904+0000] {logging_mixin.py:137} INFO - Curtis Davis
[2023-02-02T10:01:31.906+0000] {logging_mixin.py:137} INFO - Kyle Stewart
[2023-02-02T10:01:31.907+0000] {logging_mixin.py:137} INFO - Angela Jimenez
[2023-02-02T10:01:31.909+0000] {logging_mixin.py:137} INFO - Andrew Martinez
[2023-02-02T10:01:31.910+0000] {logging_mixin.py:137} INFO - Angela West
[2023-02-02T10:01:31.918+0000] {logging_mixin.py:137} INFO - Ryan Young
[2023-02-02T10:01:31.920+0000] {logging_mixin.py:137} INFO - Nathaniel Evans
[2023-02-02T10:01:31.922+0000] {logging_mixin.py:137} INFO - Dawn Bryant
[2023-02-02T10:01:31.923+0000] {logging_mixin.py:137} INFO - Danielle Lewis
[2023-02-02T10:01:31.925+0000] {logging_mixin.py:137} INFO - Matthew Newman
[2023-02-02T10:01:31.927+0000] {logging_mixin.py:137} INFO - Robert Smith
[2023-02-02T10:01:31.928+0000] {logging_mixin.py:137} INFO - Melissa Hicks
[2023-02-02T10:01:31.930+0000] {logging_mixin.py:137} INFO - Emily Lambert
[2023-02-02T10:01:31.931+0000] {logging_mixin.py:137} INFO - Krystal Wolfe
[2023-02-02T10:01:31.933+0000] {logging_mixin.py:137} INFO - Donna Murillo
[2023-02-02T10:01:31.935+0000] {logging_mixin.py:137} INFO - Carl Hudson
[2023-02-02T10:01:31.936+0000] {logging_mixin.py:137} INFO - Robert Wilson
[2023-02-02T10:01:31.940+0000] {logging_mixin.py:137} INFO - Patrick Mathis
[2023-02-02T10:01:31.942+0000] {logging_mixin.py:137} INFO - Michael Suarez
[2023-02-02T10:01:31.943+0000] {logging_mixin.py:137} INFO - David Johnson
[2023-02-02T10:01:31.944+0000] {logging_mixin.py:137} INFO - William Thompson
[2023-02-02T10:01:31.946+0000] {logging_mixin.py:137} INFO - Jessica Hansen DVM
[2023-02-02T10:01:31.947+0000] {logging_mixin.py:137} INFO - Katherine Friedman
[2023-02-02T10:01:31.950+0000] {logging_mixin.py:137} INFO - Jillian Johnson
[2023-02-02T10:01:31.952+0000] {logging_mixin.py:137} INFO - Robert Mckee
[2023-02-02T10:01:31.953+0000] {logging_mixin.py:137} INFO - Rachel Little
[2023-02-02T10:01:31.954+0000] {logging_mixin.py:137} INFO - Patricia Smith
[2023-02-02T10:01:31.956+0000] {logging_mixin.py:137} INFO - Heidi Martinez
[2023-02-02T10:01:31.957+0000] {logging_mixin.py:137} INFO - Caitlin Solomon
[2023-02-02T10:01:31.958+0000] {logging_mixin.py:137} INFO - Dr. Olivia Pugh
[2023-02-02T10:01:31.959+0000] {logging_mixin.py:137} INFO - John Steele DDS
[2023-02-02T10:01:31.960+0000] {logging_mixin.py:137} INFO - Jeremy Mathews
[2023-02-02T10:01:31.962+0000] {logging_mixin.py:137} INFO - Tiffany Hill
[2023-02-02T10:01:31.963+0000] {logging_mixin.py:137} INFO - Steven Edwards
[2023-02-02T10:01:31.964+0000] {logging_mixin.py:137} INFO - Charles Campbell
[2023-02-02T10:01:31.965+0000] {logging_mixin.py:137} INFO - Brett Hughes
[2023-02-02T10:01:31.968+0000] {logging_mixin.py:137} INFO - Christina Villegas
[2023-02-02T10:01:31.969+0000] {logging_mixin.py:137} INFO - Anthony Garcia
[2023-02-02T10:01:31.970+0000] {logging_mixin.py:137} INFO - Nathan Murphy
[2023-02-02T10:01:31.973+0000] {logging_mixin.py:137} INFO - Steven Dodson
[2023-02-02T10:01:31.974+0000] {logging_mixin.py:137} INFO - Brian Sullivan
[2023-02-02T10:01:31.976+0000] {logging_mixin.py:137} INFO - Renee White
[2023-02-02T10:01:31.977+0000] {logging_mixin.py:137} INFO - Laura Rowland
[2023-02-02T10:01:31.978+0000] {logging_mixin.py:137} INFO - John Moore
[2023-02-02T10:01:31.980+0000] {logging_mixin.py:137} INFO - Sophia Mckenzie
[2023-02-02T10:01:31.981+0000] {logging_mixin.py:137} INFO - David Roach
[2023-02-02T10:01:31.982+0000] {logging_mixin.py:137} INFO - Jennifer Patterson
[2023-02-02T10:01:31.985+0000] {logging_mixin.py:137} INFO - James Richards
[2023-02-02T10:01:31.987+0000] {logging_mixin.py:137} INFO - Mary Johnston
[2023-02-02T10:01:31.988+0000] {logging_mixin.py:137} INFO - Brandon Mcdaniel
[2023-02-02T10:01:31.989+0000] {logging_mixin.py:137} INFO - Meghan Stevenson
[2023-02-02T10:01:31.990+0000] {logging_mixin.py:137} INFO - Luis Hayes
[2023-02-02T10:01:31.992+0000] {logging_mixin.py:137} INFO - Alejandra Sloan
[2023-02-02T10:01:31.993+0000] {logging_mixin.py:137} INFO - Dr. Sandra Miller
[2023-02-02T10:01:31.996+0000] {logging_mixin.py:137} INFO - Dustin Bond
[2023-02-02T10:01:31.997+0000] {logging_mixin.py:137} INFO - Julia Patrick MD
[2023-02-02T10:01:31.999+0000] {logging_mixin.py:137} INFO - Jill Campbell
[2023-02-02T10:01:32.000+0000] {logging_mixin.py:137} INFO - Mark Ford
[2023-02-02T10:01:32.003+0000] {logging_mixin.py:137} INFO - Brian Long
[2023-02-02T10:01:32.007+0000] {logging_mixin.py:137} INFO - Lisa Peterson
[2023-02-02T10:01:32.008+0000] {logging_mixin.py:137} INFO - Matthew Lee
[2023-02-02T10:01:32.010+0000] {logging_mixin.py:137} INFO - Bradley Miller
[2023-02-02T10:01:32.011+0000] {logging_mixin.py:137} INFO - Jeffrey Moss
[2023-02-02T10:01:32.014+0000] {logging_mixin.py:137} INFO - Sara Carlson
[2023-02-02T10:01:32.016+0000] {logging_mixin.py:137} INFO - Daniel Rodriguez
[2023-02-02T10:01:32.017+0000] {logging_mixin.py:137} INFO - Jeremy David
[2023-02-02T10:01:32.020+0000] {logging_mixin.py:137} INFO - Eric Green
[2023-02-02T10:01:32.022+0000] {logging_mixin.py:137} INFO - Alexis Jones
[2023-02-02T10:01:32.024+0000] {logging_mixin.py:137} INFO - Matthew Rose
[2023-02-02T10:01:32.026+0000] {logging_mixin.py:137} INFO - Catherine Anderson
[2023-02-02T10:01:32.027+0000] {logging_mixin.py:137} INFO - Holly Burton
[2023-02-02T10:01:32.029+0000] {logging_mixin.py:137} INFO - David Matthews
[2023-02-02T10:01:32.031+0000] {logging_mixin.py:137} INFO - Mrs. Kara Little
[2023-02-02T10:01:32.033+0000] {logging_mixin.py:137} INFO - Jeffrey Stanley
[2023-02-02T10:01:32.037+0000] {logging_mixin.py:137} INFO - James Ochoa
[2023-02-02T10:01:32.039+0000] {logging_mixin.py:137} INFO - Jason Frye
[2023-02-02T10:01:32.040+0000] {logging_mixin.py:137} INFO - Christopher Ellis
[2023-02-02T10:01:32.042+0000] {logging_mixin.py:137} INFO - Michelle Nixon
[2023-02-02T10:01:32.044+0000] {logging_mixin.py:137} INFO - Andrew Gill
[2023-02-02T10:01:32.045+0000] {logging_mixin.py:137} INFO - Jennifer Wilson
[2023-02-02T10:01:32.048+0000] {logging_mixin.py:137} INFO - Shawn Black
[2023-02-02T10:01:32.051+0000] {logging_mixin.py:137} INFO - April Patterson
[2023-02-02T10:01:32.053+0000] {logging_mixin.py:137} INFO - Troy Vaughn
[2023-02-02T10:01:32.056+0000] {logging_mixin.py:137} INFO - Alexandria White
[2023-02-02T10:01:32.057+0000] {logging_mixin.py:137} INFO - Scott Phillips
[2023-02-02T10:01:32.059+0000] {logging_mixin.py:137} INFO - Zachary Cisneros
[2023-02-02T10:01:32.061+0000] {logging_mixin.py:137} INFO - Deborah Brown
[2023-02-02T10:01:32.063+0000] {logging_mixin.py:137} INFO - Monica Moses
[2023-02-02T10:01:32.064+0000] {logging_mixin.py:137} INFO - Brenda Reyes
[2023-02-02T10:01:32.066+0000] {logging_mixin.py:137} INFO - Miss Renee Allen
[2023-02-02T10:01:32.068+0000] {logging_mixin.py:137} INFO - Susan Clark
[2023-02-02T10:01:32.069+0000] {logging_mixin.py:137} INFO - Brandy Coffey
[2023-02-02T10:01:32.071+0000] {logging_mixin.py:137} INFO - Brett Nelson
[2023-02-02T10:01:32.074+0000] {logging_mixin.py:137} INFO - Ricardo Young
[2023-02-02T10:01:32.076+0000] {logging_mixin.py:137} INFO - Paul Lee
[2023-02-02T10:01:32.079+0000] {logging_mixin.py:137} INFO - David Allen
[2023-02-02T10:01:32.081+0000] {logging_mixin.py:137} INFO - Andrea Knight
[2023-02-02T10:01:32.082+0000] {logging_mixin.py:137} INFO - James Gomez
[2023-02-02T10:01:32.084+0000] {logging_mixin.py:137} INFO - Melody Gibson
[2023-02-02T10:01:32.086+0000] {logging_mixin.py:137} INFO - Christina Martinez
[2023-02-02T10:01:32.089+0000] {logging_mixin.py:137} INFO - Shelby Smith
[2023-02-02T10:01:32.091+0000] {logging_mixin.py:137} INFO - Jason Howard
[2023-02-02T10:01:32.092+0000] {logging_mixin.py:137} INFO - Amy Davidson
[2023-02-02T10:01:32.094+0000] {logging_mixin.py:137} INFO - Kyle Copeland
[2023-02-02T10:01:32.096+0000] {logging_mixin.py:137} INFO - Madeline Davis
[2023-02-02T10:01:32.097+0000] {logging_mixin.py:137} INFO - Aaron Young
[2023-02-02T10:01:32.100+0000] {logging_mixin.py:137} INFO - Lisa Barrett
[2023-02-02T10:01:32.102+0000] {logging_mixin.py:137} INFO - Joel Jones
[2023-02-02T10:01:32.105+0000] {logging_mixin.py:137} INFO - Christine Evans
[2023-02-02T10:01:32.106+0000] {logging_mixin.py:137} INFO - Kimberly Johnson
[2023-02-02T10:01:32.108+0000] {logging_mixin.py:137} INFO - Charles Hess
[2023-02-02T10:01:32.110+0000] {logging_mixin.py:137} INFO - Paul Dixon
[2023-02-02T10:01:32.111+0000] {logging_mixin.py:137} INFO - Christopher Johnson
[2023-02-02T10:01:32.112+0000] {logging_mixin.py:137} INFO - Robert Dawson
[2023-02-02T10:01:32.115+0000] {logging_mixin.py:137} INFO - Ryan Dixon
[2023-02-02T10:01:32.116+0000] {logging_mixin.py:137} INFO - Julie Martinez
[2023-02-02T10:01:32.119+0000] {logging_mixin.py:137} INFO - David Adams
[2023-02-02T10:01:32.123+0000] {logging_mixin.py:137} INFO - Mariah Brown
[2023-02-02T10:01:32.124+0000] {logging_mixin.py:137} INFO - Deborah Malone
[2023-02-02T10:01:32.126+0000] {logging_mixin.py:137} INFO - John Brown
[2023-02-02T10:01:32.127+0000] {logging_mixin.py:137} INFO - Maria Stewart
[2023-02-02T10:01:32.130+0000] {logging_mixin.py:137} INFO - Mr. Bryan Hawkins
[2023-02-02T10:01:32.135+0000] {logging_mixin.py:137} INFO - Kyle Brooks
[2023-02-02T10:01:32.136+0000] {logging_mixin.py:137} INFO - Kenneth White
[2023-02-02T10:01:32.138+0000] {logging_mixin.py:137} INFO - Patricia Wilson
[2023-02-02T10:01:32.141+0000] {logging_mixin.py:137} INFO - Paul Soto
[2023-02-02T10:01:32.143+0000] {logging_mixin.py:137} INFO - Janice Garrett
[2023-02-02T10:01:32.145+0000] {logging_mixin.py:137} INFO - Randy Strickland
[2023-02-02T10:01:32.147+0000] {logging_mixin.py:137} INFO - Felicia Herrera
[2023-02-02T10:01:32.148+0000] {logging_mixin.py:137} INFO - Andre Campos
[2023-02-02T10:01:32.151+0000] {logging_mixin.py:137} INFO - Justin Meyer
[2023-02-02T10:01:32.152+0000] {logging_mixin.py:137} INFO - Brandon Brooks
[2023-02-02T10:01:32.155+0000] {logging_mixin.py:137} INFO - Abigail Rivera
[2023-02-02T10:01:32.156+0000] {logging_mixin.py:137} INFO - Jessica Mann
[2023-02-02T10:01:32.158+0000] {logging_mixin.py:137} INFO - Michael Sawyer
[2023-02-02T10:01:32.160+0000] {logging_mixin.py:137} INFO - Jeffrey Coleman
[2023-02-02T10:01:32.161+0000] {logging_mixin.py:137} INFO - Micheal Castro
[2023-02-02T10:01:32.163+0000] {logging_mixin.py:137} INFO - Laura Gonzalez
[2023-02-02T10:01:32.165+0000] {logging_mixin.py:137} INFO - Christopher Jackson
[2023-02-02T10:01:32.167+0000] {logging_mixin.py:137} INFO - William Mckenzie
[2023-02-02T10:01:32.174+0000] {logging_mixin.py:137} INFO - Kristina Rodriguez
[2023-02-02T10:01:32.176+0000] {logging_mixin.py:137} INFO - Kelli Williams
[2023-02-02T10:01:32.179+0000] {logging_mixin.py:137} INFO - Diane Norris
[2023-02-02T10:01:32.180+0000] {logging_mixin.py:137} INFO - Kevin Carroll
[2023-02-02T10:01:32.182+0000] {logging_mixin.py:137} INFO - Betty Weber
[2023-02-02T10:01:32.183+0000] {logging_mixin.py:137} INFO - Jeffery Robinson
[2023-02-02T10:01:32.185+0000] {logging_mixin.py:137} INFO - Hannah Cowan
[2023-02-02T10:01:32.188+0000] {logging_mixin.py:137} INFO - Brian Kramer
[2023-02-02T10:01:32.192+0000] {logging_mixin.py:137} INFO - Anthony Roberts
[2023-02-02T10:01:32.194+0000] {logging_mixin.py:137} INFO - Ricardo Blankenship
[2023-02-02T10:01:32.196+0000] {logging_mixin.py:137} INFO - Brooke Collins
[2023-02-02T10:01:32.197+0000] {logging_mixin.py:137} INFO - Tammy Lawson
[2023-02-02T10:01:32.199+0000] {logging_mixin.py:137} INFO - Cody Miller
[2023-02-02T10:01:32.201+0000] {logging_mixin.py:137} INFO - Dr. Janice Salazar
[2023-02-02T10:01:32.204+0000] {logging_mixin.py:137} INFO - David West
[2023-02-02T10:01:32.207+0000] {logging_mixin.py:137} INFO - Robin Carpenter
[2023-02-02T10:01:32.209+0000] {logging_mixin.py:137} INFO - Monique Wall
[2023-02-02T10:01:32.210+0000] {logging_mixin.py:137} INFO - Charles Cardenas
[2023-02-02T10:01:32.212+0000] {logging_mixin.py:137} INFO - Valerie Mitchell
[2023-02-02T10:01:32.213+0000] {logging_mixin.py:137} INFO - Michelle Valenzuela
[2023-02-02T10:01:32.215+0000] {logging_mixin.py:137} INFO - William Poole
[2023-02-02T10:01:32.216+0000] {logging_mixin.py:137} INFO - James Hall
[2023-02-02T10:01:32.218+0000] {logging_mixin.py:137} INFO - Dylan Carpenter
[2023-02-02T10:01:32.221+0000] {logging_mixin.py:137} INFO - Linda Medina
[2023-02-02T10:01:32.223+0000] {logging_mixin.py:137} INFO - Joan White
[2023-02-02T10:01:32.224+0000] {logging_mixin.py:137} INFO - Mary Klein
[2023-02-02T10:01:32.225+0000] {logging_mixin.py:137} INFO - Ashley Wolf
[2023-02-02T10:01:32.227+0000] {logging_mixin.py:137} INFO - William Reed
[2023-02-02T10:01:32.230+0000] {logging_mixin.py:137} INFO - Derek Harvey
[2023-02-02T10:01:32.232+0000] {logging_mixin.py:137} INFO - Kathleen Rodriguez
[2023-02-02T10:01:32.233+0000] {logging_mixin.py:137} INFO - Andrew Rodriguez
[2023-02-02T10:01:32.236+0000] {logging_mixin.py:137} INFO - Ariel Frank
[2023-02-02T10:01:32.239+0000] {logging_mixin.py:137} INFO - Tina French
[2023-02-02T10:01:32.240+0000] {logging_mixin.py:137} INFO - Brent Waller
[2023-02-02T10:01:32.241+0000] {logging_mixin.py:137} INFO - Kevin Allen
[2023-02-02T10:01:32.243+0000] {logging_mixin.py:137} INFO - Xavier Walker
[2023-02-02T10:01:32.245+0000] {logging_mixin.py:137} INFO - Michelle Sanchez
[2023-02-02T10:01:32.246+0000] {logging_mixin.py:137} INFO - Rachael Shepard
[2023-02-02T10:01:32.248+0000] {logging_mixin.py:137} INFO - Kelsey Johnson
[2023-02-02T10:01:32.249+0000] {logging_mixin.py:137} INFO - Nicole Webb
[2023-02-02T10:01:32.251+0000] {logging_mixin.py:137} INFO - Nicholas Rodriguez
[2023-02-02T10:01:32.253+0000] {logging_mixin.py:137} INFO - Eric Vaughan
[2023-02-02T10:01:32.255+0000] {logging_mixin.py:137} INFO - Amanda Richardson
[2023-02-02T10:01:32.256+0000] {logging_mixin.py:137} INFO - Janice Carlson
[2023-02-02T10:01:32.258+0000] {logging_mixin.py:137} INFO - Darryl Walsh
[2023-02-02T10:01:32.260+0000] {logging_mixin.py:137} INFO - Heather Johnson
[2023-02-02T10:01:32.261+0000] {logging_mixin.py:137} INFO - Mark Chambers
[2023-02-02T10:01:32.263+0000] {logging_mixin.py:137} INFO - Tracy Burns
[2023-02-02T10:01:32.265+0000] {logging_mixin.py:137} INFO - John Cole
[2023-02-02T10:01:32.268+0000] {logging_mixin.py:137} INFO - Deborah Silva
[2023-02-02T10:01:32.270+0000] {logging_mixin.py:137} INFO - Shawn Hernandez
[2023-02-02T10:01:32.271+0000] {logging_mixin.py:137} INFO - Bethany Meyer
[2023-02-02T10:01:32.273+0000] {logging_mixin.py:137} INFO - Helen Smith
[2023-02-02T10:01:32.275+0000] {logging_mixin.py:137} INFO - Dana Dennis
[2023-02-02T10:01:32.277+0000] {logging_mixin.py:137} INFO - Kelsey Camacho
[2023-02-02T10:01:32.279+0000] {logging_mixin.py:137} INFO - Matthew Thomas
[2023-02-02T10:01:32.280+0000] {logging_mixin.py:137} INFO - Brittany Arellano
[2023-02-02T10:01:32.282+0000] {logging_mixin.py:137} INFO - Stacey Jones
[2023-02-02T10:01:32.284+0000] {logging_mixin.py:137} INFO - William Weeks
[2023-02-02T10:01:32.286+0000] {logging_mixin.py:137} INFO - Mark Beasley
[2023-02-02T10:01:32.287+0000] {logging_mixin.py:137} INFO - Bruce Pena
[2023-02-02T10:01:32.289+0000] {logging_mixin.py:137} INFO - Jeffery Smith
[2023-02-02T10:01:32.290+0000] {logging_mixin.py:137} INFO - Ann Deleon
[2023-02-02T10:01:32.292+0000] {logging_mixin.py:137} INFO - Kevin Robertson
[2023-02-02T10:01:32.294+0000] {logging_mixin.py:137} INFO - Vincent Willis MD
[2023-02-02T10:01:32.295+0000] {logging_mixin.py:137} INFO - Michael Nielsen
[2023-02-02T10:01:32.297+0000] {logging_mixin.py:137} INFO - Walter Koch
[2023-02-02T10:01:32.299+0000] {logging_mixin.py:137} INFO - Brian Vega
[2023-02-02T10:01:32.301+0000] {logging_mixin.py:137} INFO - Jeffrey Medina
[2023-02-02T10:01:32.303+0000] {logging_mixin.py:137} INFO - Erika Banks
[2023-02-02T10:01:32.305+0000] {logging_mixin.py:137} INFO - Stacey Griffin
[2023-02-02T10:01:32.307+0000] {logging_mixin.py:137} INFO - Michael Marsh
[2023-02-02T10:01:32.308+0000] {logging_mixin.py:137} INFO - Molly White
[2023-02-02T10:01:32.310+0000] {logging_mixin.py:137} INFO - Matthew Morrison
[2023-02-02T10:01:32.312+0000] {logging_mixin.py:137} INFO - Amanda Burns
[2023-02-02T10:01:32.314+0000] {logging_mixin.py:137} INFO - Emily Gonzalez DDS
[2023-02-02T10:01:32.315+0000] {logging_mixin.py:137} INFO - Gregory King
[2023-02-02T10:01:32.317+0000] {logging_mixin.py:137} INFO - Dennis Evans
[2023-02-02T10:01:32.318+0000] {logging_mixin.py:137} INFO - Christina Snyder
[2023-02-02T10:01:32.320+0000] {logging_mixin.py:137} INFO - Carolyn Mata
[2023-02-02T10:01:32.322+0000] {logging_mixin.py:137} INFO - Brandy Lawson
[2023-02-02T10:01:32.323+0000] {logging_mixin.py:137} INFO - Briana Christian
[2023-02-02T10:01:32.331+0000] {logging_mixin.py:137} INFO - Jeffrey Hernandez
[2023-02-02T10:01:32.333+0000] {logging_mixin.py:137} INFO - John Riggs
[2023-02-02T10:01:32.334+0000] {logging_mixin.py:137} INFO - Barbara Short
[2023-02-02T10:01:32.335+0000] {logging_mixin.py:137} INFO - Steven Brooks
[2023-02-02T10:01:32.337+0000] {logging_mixin.py:137} INFO - Gabrielle James
[2023-02-02T10:01:32.338+0000] {logging_mixin.py:137} INFO - Robert Young
[2023-02-02T10:01:32.339+0000] {logging_mixin.py:137} INFO - Derek Sanders
[2023-02-02T10:01:32.340+0000] {logging_mixin.py:137} INFO - Mallory Oliver
[2023-02-02T10:01:32.342+0000] {logging_mixin.py:137} INFO - Terry Howe
[2023-02-02T10:01:32.343+0000] {logging_mixin.py:137} INFO - Samuel Wallace
[2023-02-02T10:01:32.345+0000] {logging_mixin.py:137} INFO - Angel Jones
[2023-02-02T10:01:32.348+0000] {logging_mixin.py:137} INFO - Jacqueline Nichols
[2023-02-02T10:01:32.350+0000] {logging_mixin.py:137} INFO - Melissa Mcgee
[2023-02-02T10:01:32.351+0000] {logging_mixin.py:137} INFO - Michelle Smith
[2023-02-02T10:01:32.354+0000] {logging_mixin.py:137} INFO - Maureen Baxter
[2023-02-02T10:01:32.355+0000] {logging_mixin.py:137} INFO - Kathy Crawford
[2023-02-02T10:01:32.357+0000] {logging_mixin.py:137} INFO - Stacy Wood
[2023-02-02T10:01:32.358+0000] {logging_mixin.py:137} INFO - Justin Parsons
[2023-02-02T10:01:32.361+0000] {logging_mixin.py:137} INFO - Ann Klein
[2023-02-02T10:01:32.363+0000] {logging_mixin.py:137} INFO - Allison Arnold
[2023-02-02T10:01:32.365+0000] {logging_mixin.py:137} INFO - Heather Kirk
[2023-02-02T10:01:32.367+0000] {logging_mixin.py:137} INFO - Monica Smith
[2023-02-02T10:01:32.368+0000] {logging_mixin.py:137} INFO - Brett Oconnor
[2023-02-02T10:01:32.369+0000] {logging_mixin.py:137} INFO - Anthony Bryant
[2023-02-02T10:01:32.371+0000] {logging_mixin.py:137} INFO - Jeremy Russell
[2023-02-02T10:01:32.372+0000] {logging_mixin.py:137} INFO - Julie Poole
[2023-02-02T10:01:32.374+0000] {logging_mixin.py:137} INFO - Emma Thompson
[2023-02-02T10:01:32.375+0000] {logging_mixin.py:137} INFO - Bradley Matthews
[2023-02-02T10:01:32.377+0000] {logging_mixin.py:137} INFO - William Roberts
[2023-02-02T10:01:32.378+0000] {logging_mixin.py:137} INFO - Julie Mooney
[2023-02-02T10:01:32.380+0000] {logging_mixin.py:137} INFO - Amy Doyle
[2023-02-02T10:01:32.382+0000] {logging_mixin.py:137} INFO - Amanda Grant
[2023-02-02T10:01:32.384+0000] {logging_mixin.py:137} INFO - Eric Anderson
[2023-02-02T10:01:32.385+0000] {logging_mixin.py:137} INFO - George Thompson
[2023-02-02T10:01:32.387+0000] {logging_mixin.py:137} INFO - Dustin Hines
[2023-02-02T10:01:32.388+0000] {logging_mixin.py:137} INFO - Andrea Frank
[2023-02-02T10:01:32.389+0000] {logging_mixin.py:137} INFO - Jodi Cook
[2023-02-02T10:01:32.391+0000] {logging_mixin.py:137} INFO - Stacy Haney
[2023-02-02T10:01:32.392+0000] {logging_mixin.py:137} INFO - Paul Callahan
[2023-02-02T10:01:32.393+0000] {logging_mixin.py:137} INFO - Jasmine Chambers
[2023-02-02T10:01:32.395+0000] {logging_mixin.py:137} INFO - Melissa Pittman MD
[2023-02-02T10:01:32.396+0000] {logging_mixin.py:137} INFO - Deborah Larson
[2023-02-02T10:01:32.399+0000] {logging_mixin.py:137} INFO - Brandon Shaw
[2023-02-02T10:01:32.400+0000] {logging_mixin.py:137} INFO - Timothy Paul
[2023-02-02T10:01:32.401+0000] {logging_mixin.py:137} INFO - Michael Trujillo
[2023-02-02T10:01:32.402+0000] {logging_mixin.py:137} INFO - Robert Rivera
[2023-02-02T10:01:32.403+0000] {logging_mixin.py:137} INFO - Dana Nelson
[2023-02-02T10:01:32.404+0000] {logging_mixin.py:137} INFO - Andrea Bennett
[2023-02-02T10:01:32.405+0000] {logging_mixin.py:137} INFO - Jodi Fox
[2023-02-02T10:01:32.407+0000] {logging_mixin.py:137} INFO - Heather Hayes
[2023-02-02T10:01:32.409+0000] {logging_mixin.py:137} INFO - Jennifer Moreno
[2023-02-02T10:01:32.411+0000] {logging_mixin.py:137} INFO - John Patel
[2023-02-02T10:01:32.414+0000] {logging_mixin.py:137} INFO - Teresa Oliver
[2023-02-02T10:01:32.417+0000] {logging_mixin.py:137} INFO - Monique Bell
[2023-02-02T10:01:32.418+0000] {logging_mixin.py:137} INFO - Casey Leonard
[2023-02-02T10:01:32.421+0000] {logging_mixin.py:137} INFO - Steven Clark
[2023-02-02T10:01:32.423+0000] {logging_mixin.py:137} INFO - Edward Martin
[2023-02-02T10:01:32.424+0000] {logging_mixin.py:137} INFO - Shawn Orozco
[2023-02-02T10:01:32.426+0000] {logging_mixin.py:137} INFO - Brandon Yang
[2023-02-02T10:01:32.427+0000] {logging_mixin.py:137} INFO - Nathan Ray
[2023-02-02T10:01:32.428+0000] {logging_mixin.py:137} INFO - Lori Moore
[2023-02-02T10:01:32.430+0000] {logging_mixin.py:137} INFO - Dr. Lisa Shaw DVM
[2023-02-02T10:01:32.431+0000] {logging_mixin.py:137} INFO - Angela Walters
[2023-02-02T10:01:32.432+0000] {logging_mixin.py:137} INFO - David Nolan
[2023-02-02T10:01:32.436+0000] {logging_mixin.py:137} INFO - William Ramsey
[2023-02-02T10:01:32.439+0000] {logging_mixin.py:137} INFO - David Oconnor
[2023-02-02T10:01:32.441+0000] {logging_mixin.py:137} INFO - Mark Washington
[2023-02-02T10:01:32.443+0000] {logging_mixin.py:137} INFO - Jennifer Jacobs
[2023-02-02T10:01:32.445+0000] {logging_mixin.py:137} INFO - Tammy Hampton
[2023-02-02T10:01:32.446+0000] {logging_mixin.py:137} INFO - Stephen Farmer
[2023-02-02T10:01:32.448+0000] {logging_mixin.py:137} INFO - Jasmine Nguyen
[2023-02-02T10:01:32.449+0000] {logging_mixin.py:137} INFO - Rebecca Flores
[2023-02-02T10:01:32.450+0000] {logging_mixin.py:137} INFO - Tyler Davis
[2023-02-02T10:01:32.452+0000] {logging_mixin.py:137} INFO - Nancy Gray
[2023-02-02T10:01:32.453+0000] {logging_mixin.py:137} INFO - Brian Sanchez
[2023-02-02T10:01:32.455+0000] {logging_mixin.py:137} INFO - Laurie Shaw
[2023-02-02T10:01:32.456+0000] {logging_mixin.py:137} INFO - Kristina Torres
[2023-02-02T10:01:32.458+0000] {logging_mixin.py:137} INFO - Andrea Rodgers
[2023-02-02T10:01:32.459+0000] {logging_mixin.py:137} INFO - Jason Walters
[2023-02-02T10:01:32.461+0000] {logging_mixin.py:137} INFO - Jerry Moss
[2023-02-02T10:01:32.463+0000] {logging_mixin.py:137} INFO - Jeffrey Jordan
[2023-02-02T10:01:32.465+0000] {logging_mixin.py:137} INFO - Jennifer Wilson
[2023-02-02T10:01:32.466+0000] {logging_mixin.py:137} INFO - Trevor Mathews
[2023-02-02T10:01:32.468+0000] {logging_mixin.py:137} INFO - Anne Hood
[2023-02-02T10:01:32.469+0000] {logging_mixin.py:137} INFO - Sarah Williams
[2023-02-02T10:01:32.470+0000] {logging_mixin.py:137} INFO - Shelby Hernandez
[2023-02-02T10:01:32.472+0000] {logging_mixin.py:137} INFO - Samantha Velez
[2023-02-02T10:01:32.473+0000] {logging_mixin.py:137} INFO - Matthew Douglas
[2023-02-02T10:01:32.474+0000] {logging_mixin.py:137} INFO - Ashlee George
[2023-02-02T10:01:32.477+0000] {logging_mixin.py:137} INFO - Troy Crane
[2023-02-02T10:01:32.478+0000] {logging_mixin.py:137} INFO - Michael Cooper
[2023-02-02T10:01:32.480+0000] {logging_mixin.py:137} INFO - Michael White
[2023-02-02T10:01:32.482+0000] {logging_mixin.py:137} INFO - Mr. Timothy Fleming
[2023-02-02T10:01:32.483+0000] {logging_mixin.py:137} INFO - Seth Bruce
[2023-02-02T10:01:32.484+0000] {logging_mixin.py:137} INFO - Jacqueline Carpenter
[2023-02-02T10:01:32.485+0000] {logging_mixin.py:137} INFO - Michael Martin
[2023-02-02T10:01:32.487+0000] {logging_mixin.py:137} INFO - Kristopher Henry
[2023-02-02T10:01:32.488+0000] {logging_mixin.py:137} INFO - Tiffany Porter
[2023-02-02T10:01:32.490+0000] {logging_mixin.py:137} INFO - Stacy Simpson
[2023-02-02T10:01:32.491+0000] {logging_mixin.py:137} INFO - Tammy Mcdowell
[2023-02-02T10:01:32.493+0000] {logging_mixin.py:137} INFO - Thomas Walters
[2023-02-02T10:01:32.495+0000] {logging_mixin.py:137} INFO - Dwayne Thompson
[2023-02-02T10:01:32.497+0000] {logging_mixin.py:137} INFO - Natalie Willis
[2023-02-02T10:01:32.498+0000] {logging_mixin.py:137} INFO - Sharon Taylor
[2023-02-02T10:01:32.501+0000] {logging_mixin.py:137} INFO - Sarah Wiggins
[2023-02-02T10:01:32.504+0000] {logging_mixin.py:137} INFO - Amber Thomas
[2023-02-02T10:01:32.506+0000] {logging_mixin.py:137} INFO - Patrick Miller
[2023-02-02T10:01:32.507+0000] {logging_mixin.py:137} INFO - Stephanie Hartman
[2023-02-02T10:01:32.509+0000] {logging_mixin.py:137} INFO - Stacey Mora
[2023-02-02T10:01:32.511+0000] {logging_mixin.py:137} INFO - Katherine Rodriguez
[2023-02-02T10:01:32.513+0000] {logging_mixin.py:137} INFO - Daniel Morgan
[2023-02-02T10:01:32.514+0000] {logging_mixin.py:137} INFO - Rebecca Martinez
[2023-02-02T10:01:32.515+0000] {logging_mixin.py:137} INFO - Nicole Juarez
[2023-02-02T10:01:32.516+0000] {logging_mixin.py:137} INFO - Mark Arroyo
[2023-02-02T10:01:32.518+0000] {logging_mixin.py:137} INFO - April Lucero
[2023-02-02T10:01:32.519+0000] {logging_mixin.py:137} INFO - Samantha Garcia
[2023-02-02T10:01:32.520+0000] {logging_mixin.py:137} INFO - Jon Moore
[2023-02-02T10:01:32.521+0000] {logging_mixin.py:137} INFO - Joshua Flores MD
[2023-02-02T10:01:32.522+0000] {logging_mixin.py:137} INFO - Raymond Jones
[2023-02-02T10:01:32.523+0000] {logging_mixin.py:137} INFO - Billy Hughes
[2023-02-02T10:01:32.524+0000] {logging_mixin.py:137} INFO - Peggy Valdez PhD
[2023-02-02T10:01:32.526+0000] {logging_mixin.py:137} INFO - Joshua Reyes
[2023-02-02T10:01:32.527+0000] {logging_mixin.py:137} INFO - Aaron Green
[2023-02-02T10:01:32.528+0000] {logging_mixin.py:137} INFO - Wendy Espinoza
[2023-02-02T10:01:32.529+0000] {logging_mixin.py:137} INFO - Peter Vasquez
[2023-02-02T10:01:32.530+0000] {logging_mixin.py:137} INFO - Diane Harper
[2023-02-02T10:01:32.532+0000] {logging_mixin.py:137} INFO - Ms. Rebecca Cantu
[2023-02-02T10:01:32.533+0000] {logging_mixin.py:137} INFO - Yolanda Morrow
[2023-02-02T10:01:32.534+0000] {logging_mixin.py:137} INFO - Penny Beard
[2023-02-02T10:01:32.535+0000] {logging_mixin.py:137} INFO - Lisa Long
[2023-02-02T10:01:32.536+0000] {logging_mixin.py:137} INFO - Jerry Harris
[2023-02-02T10:01:32.537+0000] {logging_mixin.py:137} INFO - Bob Willis
[2023-02-02T10:01:32.538+0000] {logging_mixin.py:137} INFO - Duane Chapman
[2023-02-02T10:01:32.539+0000] {logging_mixin.py:137} INFO - William Morgan
[2023-02-02T10:01:32.540+0000] {logging_mixin.py:137} INFO - Amy Gutierrez
[2023-02-02T10:01:32.541+0000] {logging_mixin.py:137} INFO - Amber Nichols
[2023-02-02T10:01:32.542+0000] {logging_mixin.py:137} INFO - Matthew Carr
[2023-02-02T10:01:32.544+0000] {logging_mixin.py:137} INFO - Thomas Duncan
[2023-02-02T10:01:32.545+0000] {logging_mixin.py:137} INFO - Elizabeth Wright
[2023-02-02T10:01:32.546+0000] {logging_mixin.py:137} INFO - Jacqueline Brewer
[2023-02-02T10:01:32.548+0000] {logging_mixin.py:137} INFO - Stephanie Johnson
[2023-02-02T10:01:32.549+0000] {logging_mixin.py:137} INFO - Samantha Calderon
[2023-02-02T10:01:32.550+0000] {logging_mixin.py:137} INFO - Kathryn Gaines
[2023-02-02T10:01:32.551+0000] {logging_mixin.py:137} INFO - Angel Jones
[2023-02-02T10:01:32.552+0000] {logging_mixin.py:137} INFO - Laura Wall
[2023-02-02T10:01:32.553+0000] {logging_mixin.py:137} INFO - Mr. Anthony Hamilton
[2023-02-02T10:01:32.554+0000] {logging_mixin.py:137} INFO - David Smith
[2023-02-02T10:01:32.555+0000] {logging_mixin.py:137} INFO - Kimberly Herrera DDS
[2023-02-02T10:01:32.556+0000] {logging_mixin.py:137} INFO - Gina Wilson
[2023-02-02T10:01:32.557+0000] {logging_mixin.py:137} INFO - Timothy Byrd
[2023-02-02T10:01:32.558+0000] {logging_mixin.py:137} INFO - Michael Mckenzie
[2023-02-02T10:01:32.559+0000] {logging_mixin.py:137} INFO - Jeffrey Mcintyre
[2023-02-02T10:01:32.560+0000] {logging_mixin.py:137} INFO - Teresa Jackson
[2023-02-02T10:01:32.561+0000] {logging_mixin.py:137} INFO - Joseph Wilcox
[2023-02-02T10:01:32.562+0000] {logging_mixin.py:137} INFO - Patrick Mcknight
[2023-02-02T10:01:32.563+0000] {logging_mixin.py:137} INFO - Ronald Moreno
[2023-02-02T10:01:32.564+0000] {logging_mixin.py:137} INFO - Jamie Sullivan
[2023-02-02T10:01:32.566+0000] {logging_mixin.py:137} INFO - Jason Anderson
[2023-02-02T10:01:32.567+0000] {logging_mixin.py:137} INFO - Steven Stewart
[2023-02-02T10:01:32.569+0000] {logging_mixin.py:137} INFO - Melinda Paul
[2023-02-02T10:01:32.571+0000] {logging_mixin.py:137} INFO - Cynthia Simmons
[2023-02-02T10:01:32.572+0000] {logging_mixin.py:137} INFO - Christian Smith
[2023-02-02T10:01:32.574+0000] {logging_mixin.py:137} INFO - William Jimenez
[2023-02-02T10:01:32.576+0000] {logging_mixin.py:137} INFO - Hayley French
[2023-02-02T10:01:32.578+0000] {logging_mixin.py:137} INFO - Brandon Hess
[2023-02-02T10:01:32.579+0000] {logging_mixin.py:137} INFO - Laura Perry
[2023-02-02T10:01:32.581+0000] {logging_mixin.py:137} INFO - Scott Jones
[2023-02-02T10:01:32.582+0000] {logging_mixin.py:137} INFO - Christine Hernandez
[2023-02-02T10:01:32.584+0000] {logging_mixin.py:137} INFO - Douglas Eaton
[2023-02-02T10:01:32.586+0000] {logging_mixin.py:137} INFO - William Soto
[2023-02-02T10:01:32.587+0000] {logging_mixin.py:137} INFO - Mary Jones
[2023-02-02T10:01:32.588+0000] {logging_mixin.py:137} INFO - Stephanie Holmes
[2023-02-02T10:01:32.589+0000] {logging_mixin.py:137} INFO - Keith Meyers
[2023-02-02T10:01:32.591+0000] {logging_mixin.py:137} INFO - Paul Fisher
[2023-02-02T10:01:32.594+0000] {logging_mixin.py:137} INFO - Emily Alexander
[2023-02-02T10:01:32.598+0000] {logging_mixin.py:137} INFO - Anthony Schwartz
[2023-02-02T10:01:32.600+0000] {logging_mixin.py:137} INFO - Evelyn Jacobs
[2023-02-02T10:01:32.601+0000] {logging_mixin.py:137} INFO - Connie Jones
[2023-02-02T10:01:32.602+0000] {logging_mixin.py:137} INFO - Carla Gibbs
[2023-02-02T10:01:32.603+0000] {logging_mixin.py:137} INFO - Ashley Santiago
[2023-02-02T10:01:32.605+0000] {logging_mixin.py:137} INFO - Micheal Mckee
[2023-02-02T10:01:32.609+0000] {logging_mixin.py:137} INFO - Diane Williams
[2023-02-02T10:01:32.611+0000] {logging_mixin.py:137} INFO - Jesse Velasquez
[2023-02-02T10:01:32.613+0000] {logging_mixin.py:137} INFO - Jennifer Rodriguez
[2023-02-02T10:01:32.615+0000] {logging_mixin.py:137} INFO - Joe Griffin
[2023-02-02T10:01:32.617+0000] {logging_mixin.py:137} INFO - Gary Cherry
[2023-02-02T10:01:32.618+0000] {logging_mixin.py:137} INFO - Alyssa Edwards
[2023-02-02T10:01:32.620+0000] {logging_mixin.py:137} INFO - Caroline Hernandez MD
[2023-02-02T10:01:32.622+0000] {logging_mixin.py:137} INFO - Jessica Morton
[2023-02-02T10:01:32.624+0000] {logging_mixin.py:137} INFO - Holly Jones
[2023-02-02T10:01:32.625+0000] {logging_mixin.py:137} INFO - David Shelton
[2023-02-02T10:01:32.627+0000] {logging_mixin.py:137} INFO - Kristina Parks
[2023-02-02T10:01:32.628+0000] {logging_mixin.py:137} INFO - Laurie Hernandez
[2023-02-02T10:01:32.630+0000] {logging_mixin.py:137} INFO - Melissa James
[2023-02-02T10:01:32.631+0000] {logging_mixin.py:137} INFO - Jeremiah Adams
[2023-02-02T10:01:32.633+0000] {logging_mixin.py:137} INFO - Arthur Robinson
[2023-02-02T10:01:32.634+0000] {logging_mixin.py:137} INFO - Anna Shepard
[2023-02-02T10:01:32.635+0000] {logging_mixin.py:137} INFO - Brandon Myers
[2023-02-02T10:01:32.636+0000] {logging_mixin.py:137} INFO - Paul Cardenas
[2023-02-02T10:01:32.637+0000] {logging_mixin.py:137} INFO - Megan Santana
[2023-02-02T10:01:32.638+0000] {logging_mixin.py:137} INFO - Joseph Marshall
[2023-02-02T10:01:32.639+0000] {logging_mixin.py:137} INFO - Mrs. Brenda Harris
[2023-02-02T10:01:32.640+0000] {logging_mixin.py:137} INFO - Nicole Garcia
[2023-02-02T10:01:32.641+0000] {logging_mixin.py:137} INFO - Anna Estrada
[2023-02-02T10:01:32.643+0000] {logging_mixin.py:137} INFO - Carl Moore
[2023-02-02T10:01:32.644+0000] {logging_mixin.py:137} INFO - Rodney Hernandez
[2023-02-02T10:01:32.645+0000] {logging_mixin.py:137} INFO - Madison Christian
[2023-02-02T10:01:32.646+0000] {logging_mixin.py:137} INFO - Heather Rhodes
[2023-02-02T10:01:32.651+0000] {python.py:177} INFO - Done. Returned value was: None
[2023-02-02T10:01:32.664+0000] {taskinstance.py:1323} INFO - Marking task as SUCCESS. dag_id=CSV_DAG, task_id=convertCSVToJson, execution_date=20230202T002500, start_date=20230202T100129, end_date=20230202T100132
[2023-02-02T10:01:32.707+0000] {local_task_job.py:208} INFO - Task exited with return code 0
[2023-02-02T10:01:32.736+0000] {taskinstance.py:2578} INFO - 0 downstream tasks scheduled from follow-on schedule check
