[2023-02-01T19:09:54.148+0000] {taskinstance.py:1083} INFO - Dependencies all met for <TaskInstance: CSV_DAG.convertCSVToJson scheduled__2023-02-01T12:30:00+00:00 [queued]>
[2023-02-01T19:09:54.290+0000] {taskinstance.py:1083} INFO - Dependencies all met for <TaskInstance: CSV_DAG.convertCSVToJson scheduled__2023-02-01T12:30:00+00:00 [queued]>
[2023-02-01T19:09:54.293+0000] {taskinstance.py:1279} INFO - 
--------------------------------------------------------------------------------
[2023-02-01T19:09:54.295+0000] {taskinstance.py:1280} INFO - Starting attempt 1 of 2
[2023-02-01T19:09:54.296+0000] {taskinstance.py:1281} INFO - 
--------------------------------------------------------------------------------
[2023-02-01T19:09:54.371+0000] {taskinstance.py:1300} INFO - Executing <Task(PythonOperator): convertCSVToJson> on 2023-02-01 12:30:00+00:00
[2023-02-01T19:09:54.385+0000] {standard_task_runner.py:55} INFO - Started process 1321 to run task
[2023-02-01T19:09:54.409+0000] {standard_task_runner.py:82} INFO - Running: ['***', 'tasks', 'run', 'CSV_DAG', 'convertCSVToJson', 'scheduled__2023-02-01T12:30:00+00:00', '--job-id', '338', '--raw', '--subdir', 'DAGS_FOLDER/csv.py', '--cfg-path', '/tmp/tmp9jdqs78m']
[2023-02-01T19:09:54.412+0000] {standard_task_runner.py:83} INFO - Job 338: Subtask convertCSVToJson
[2023-02-01T19:09:55.128+0000] {task_command.py:388} INFO - Running <TaskInstance: CSV_DAG.convertCSVToJson scheduled__2023-02-01T12:30:00+00:00 [running]> on host 06d8060e8530
[2023-02-01T19:09:55.613+0000] {taskinstance.py:1509} INFO - Exporting the following env vars:
AIRFLOW_CTX_DAG_OWNER=Kevin Chalmers
AIRFLOW_CTX_DAG_ID=CSV_DAG
AIRFLOW_CTX_TASK_ID=convertCSVToJson
AIRFLOW_CTX_EXECUTION_DATE=2023-02-01T12:30:00+00:00
AIRFLOW_CTX_TRY_NUMBER=1
AIRFLOW_CTX_DAG_RUN_ID=scheduled__2023-02-01T12:30:00+00:00
[2023-02-01T19:09:55.725+0000] {logging_mixin.py:137} INFO - Angelica Lopez
[2023-02-01T19:09:55.738+0000] {logging_mixin.py:137} INFO - Betty Wright
[2023-02-01T19:09:55.740+0000] {logging_mixin.py:137} INFO - Sara Schmidt
[2023-02-01T19:09:55.742+0000] {logging_mixin.py:137} INFO - Dr. Sherry Rodriguez
[2023-02-01T19:09:55.746+0000] {logging_mixin.py:137} INFO - Rebecca Mills
[2023-02-01T19:09:55.754+0000] {logging_mixin.py:137} INFO - Andrew Anderson
[2023-02-01T19:09:55.756+0000] {logging_mixin.py:137} INFO - Martin Everett
[2023-02-01T19:09:55.757+0000] {logging_mixin.py:137} INFO - Felicia Gregory
[2023-02-01T19:09:55.762+0000] {logging_mixin.py:137} INFO - Kara Bowers
[2023-02-01T19:09:55.764+0000] {logging_mixin.py:137} INFO - Vincent Vincent
[2023-02-01T19:09:55.768+0000] {logging_mixin.py:137} INFO - Morgan Butler
[2023-02-01T19:09:55.769+0000] {logging_mixin.py:137} INFO - Stephen Riley
[2023-02-01T19:09:55.772+0000] {logging_mixin.py:137} INFO - Wanda Thomas
[2023-02-01T19:09:55.773+0000] {logging_mixin.py:137} INFO - Michelle Schultz
[2023-02-01T19:09:55.775+0000] {logging_mixin.py:137} INFO - Christopher Rush MD
[2023-02-01T19:09:55.781+0000] {logging_mixin.py:137} INFO - Phyllis Miles
[2023-02-01T19:09:55.782+0000] {logging_mixin.py:137} INFO - Rebecca Price
[2023-02-01T19:09:55.784+0000] {logging_mixin.py:137} INFO - John Morse
[2023-02-01T19:09:55.786+0000] {logging_mixin.py:137} INFO - Nicholas Sanchez
[2023-02-01T19:09:55.788+0000] {logging_mixin.py:137} INFO - Crystal Dean
[2023-02-01T19:09:55.791+0000] {logging_mixin.py:137} INFO - Tyler Diaz
[2023-02-01T19:09:55.793+0000] {logging_mixin.py:137} INFO - Denise Mclean
[2023-02-01T19:09:55.794+0000] {logging_mixin.py:137} INFO - Daniel Grant
[2023-02-01T19:09:55.796+0000] {logging_mixin.py:137} INFO - Sandra Peterson
[2023-02-01T19:09:55.799+0000] {logging_mixin.py:137} INFO - Denise Morse
[2023-02-01T19:09:55.804+0000] {logging_mixin.py:137} INFO - Brianna Smith
[2023-02-01T19:09:55.806+0000] {logging_mixin.py:137} INFO - Tony Miller
[2023-02-01T19:09:55.813+0000] {logging_mixin.py:137} INFO - Jean Booth
[2023-02-01T19:09:55.820+0000] {logging_mixin.py:137} INFO - Penny Salazar
[2023-02-01T19:09:55.822+0000] {logging_mixin.py:137} INFO - Cathy Williams
[2023-02-01T19:09:55.834+0000] {logging_mixin.py:137} INFO - Hannah Collins
[2023-02-01T19:09:55.842+0000] {logging_mixin.py:137} INFO - Maurice Casey
[2023-02-01T19:09:55.847+0000] {logging_mixin.py:137} INFO - Patrick Walker
[2023-02-01T19:09:55.861+0000] {logging_mixin.py:137} INFO - Pamela Barton
[2023-02-01T19:09:55.864+0000] {logging_mixin.py:137} INFO - Anthony Bryant
[2023-02-01T19:09:55.870+0000] {logging_mixin.py:137} INFO - Andrew Harris
[2023-02-01T19:09:55.874+0000] {logging_mixin.py:137} INFO - Aaron Harris
[2023-02-01T19:09:55.876+0000] {logging_mixin.py:137} INFO - Maureen Soto
[2023-02-01T19:09:55.880+0000] {logging_mixin.py:137} INFO - Crystal Mcdaniel
[2023-02-01T19:09:55.889+0000] {logging_mixin.py:137} INFO - Lauren Barrett
[2023-02-01T19:09:55.892+0000] {logging_mixin.py:137} INFO - Brandon Perez
[2023-02-01T19:09:55.895+0000] {logging_mixin.py:137} INFO - Mark Robertson
[2023-02-01T19:09:55.896+0000] {logging_mixin.py:137} INFO - Nicole Gates
[2023-02-01T19:09:55.899+0000] {logging_mixin.py:137} INFO - Bradley Cruz
[2023-02-01T19:09:55.902+0000] {logging_mixin.py:137} INFO - Gina Burns
[2023-02-01T19:09:55.905+0000] {logging_mixin.py:137} INFO - Zachary Martinez
[2023-02-01T19:09:55.907+0000] {logging_mixin.py:137} INFO - Natasha Johnson
[2023-02-01T19:09:55.909+0000] {logging_mixin.py:137} INFO - Patrick Gonzales
[2023-02-01T19:09:55.912+0000] {logging_mixin.py:137} INFO - Terri Wilson
[2023-02-01T19:09:55.913+0000] {logging_mixin.py:137} INFO - Sarah Lopez
[2023-02-01T19:09:55.914+0000] {logging_mixin.py:137} INFO - Dana Turner
[2023-02-01T19:09:55.916+0000] {logging_mixin.py:137} INFO - Cynthia Johnson
[2023-02-01T19:09:55.917+0000] {logging_mixin.py:137} INFO - William Thornton
[2023-02-01T19:09:55.918+0000] {logging_mixin.py:137} INFO - James Lee
[2023-02-01T19:09:55.919+0000] {logging_mixin.py:137} INFO - Stephen Allen
[2023-02-01T19:09:55.920+0000] {logging_mixin.py:137} INFO - William Stark
[2023-02-01T19:09:55.922+0000] {logging_mixin.py:137} INFO - Michael Parker
[2023-02-01T19:09:55.924+0000] {logging_mixin.py:137} INFO - Lisa Stephens
[2023-02-01T19:09:55.925+0000] {logging_mixin.py:137} INFO - Mr. Reginald Wise DDS
[2023-02-01T19:09:55.927+0000] {logging_mixin.py:137} INFO - Alexander James
[2023-02-01T19:09:55.928+0000] {logging_mixin.py:137} INFO - Kristen West
[2023-02-01T19:09:55.930+0000] {logging_mixin.py:137} INFO - Elizabeth Sanchez
[2023-02-01T19:09:55.933+0000] {logging_mixin.py:137} INFO - Jennifer Wilson
[2023-02-01T19:09:55.935+0000] {logging_mixin.py:137} INFO - Catherine Nicholson
[2023-02-01T19:09:55.938+0000] {logging_mixin.py:137} INFO - David Henderson
[2023-02-01T19:09:55.940+0000] {logging_mixin.py:137} INFO - Stephen Davis
[2023-02-01T19:09:55.942+0000] {logging_mixin.py:137} INFO - Paul Skinner
[2023-02-01T19:09:55.944+0000] {logging_mixin.py:137} INFO - Rebecca Wong
[2023-02-01T19:09:55.946+0000] {logging_mixin.py:137} INFO - Tara Benitez
[2023-02-01T19:09:55.948+0000] {logging_mixin.py:137} INFO - Sharon Miller
[2023-02-01T19:09:55.951+0000] {logging_mixin.py:137} INFO - Cynthia Smith
[2023-02-01T19:09:55.955+0000] {logging_mixin.py:137} INFO - Jennifer Werner
[2023-02-01T19:09:55.956+0000] {logging_mixin.py:137} INFO - Rebecca Tucker
[2023-02-01T19:09:55.964+0000] {logging_mixin.py:137} INFO - Ashlee Castillo
[2023-02-01T19:09:55.965+0000] {logging_mixin.py:137} INFO - Christopher Holmes
[2023-02-01T19:09:55.974+0000] {logging_mixin.py:137} INFO - Daniel Velez
[2023-02-01T19:09:55.976+0000] {logging_mixin.py:137} INFO - Amy Serrano
[2023-02-01T19:09:55.979+0000] {logging_mixin.py:137} INFO - Alison Nash
[2023-02-01T19:09:55.983+0000] {logging_mixin.py:137} INFO - Peter Johnson
[2023-02-01T19:09:55.985+0000] {logging_mixin.py:137} INFO - Breanna Harris
[2023-02-01T19:09:55.986+0000] {logging_mixin.py:137} INFO - Eric King
[2023-02-01T19:09:55.988+0000] {logging_mixin.py:137} INFO - Patricia Oliver
[2023-02-01T19:09:55.990+0000] {logging_mixin.py:137} INFO - Denise Grimes
[2023-02-01T19:09:55.992+0000] {logging_mixin.py:137} INFO - Jill Olson
[2023-02-01T19:09:55.994+0000] {logging_mixin.py:137} INFO - Stephanie Hart
[2023-02-01T19:09:55.997+0000] {logging_mixin.py:137} INFO - Ashley Lee
[2023-02-01T19:09:55.999+0000] {logging_mixin.py:137} INFO - Kelly Barnes
[2023-02-01T19:09:56.001+0000] {logging_mixin.py:137} INFO - Christie West
[2023-02-01T19:09:56.004+0000] {logging_mixin.py:137} INFO - Todd Nolan
[2023-02-01T19:09:56.014+0000] {logging_mixin.py:137} INFO - Sarah Reed
[2023-02-01T19:09:56.016+0000] {logging_mixin.py:137} INFO - Jennifer Keith
[2023-02-01T19:09:56.017+0000] {logging_mixin.py:137} INFO - Shawn Alvarez
[2023-02-01T19:09:56.021+0000] {logging_mixin.py:137} INFO - Alexander Wilson
[2023-02-01T19:09:56.029+0000] {logging_mixin.py:137} INFO - Rachel Melendez
[2023-02-01T19:09:56.031+0000] {logging_mixin.py:137} INFO - Morgan Walters
[2023-02-01T19:09:56.034+0000] {logging_mixin.py:137} INFO - Nicole Garcia
[2023-02-01T19:09:56.043+0000] {logging_mixin.py:137} INFO - Jennifer White
[2023-02-01T19:09:56.052+0000] {logging_mixin.py:137} INFO - Leslie Shannon
[2023-02-01T19:09:56.060+0000] {logging_mixin.py:137} INFO - Lisa Clayton
[2023-02-01T19:09:56.065+0000] {logging_mixin.py:137} INFO - Zachary Molina
[2023-02-01T19:09:56.067+0000] {logging_mixin.py:137} INFO - Bruce Butler
[2023-02-01T19:09:56.073+0000] {logging_mixin.py:137} INFO - Dustin Howell
[2023-02-01T19:09:56.076+0000] {logging_mixin.py:137} INFO - Aaron Smith
[2023-02-01T19:09:56.081+0000] {logging_mixin.py:137} INFO - Kyle Green
[2023-02-01T19:09:56.084+0000] {logging_mixin.py:137} INFO - Steven Clark
[2023-02-01T19:09:56.086+0000] {logging_mixin.py:137} INFO - Robert Holden
[2023-02-01T19:09:56.093+0000] {logging_mixin.py:137} INFO - Zachary Harmon
[2023-02-01T19:09:56.095+0000] {logging_mixin.py:137} INFO - Rachel Miller
[2023-02-01T19:09:56.096+0000] {logging_mixin.py:137} INFO - Brandon Parker
[2023-02-01T19:09:56.098+0000] {logging_mixin.py:137} INFO - Walter Martin
[2023-02-01T19:09:56.101+0000] {logging_mixin.py:137} INFO - Jose Young
[2023-02-01T19:09:56.102+0000] {logging_mixin.py:137} INFO - Kelsey Long
[2023-02-01T19:09:56.104+0000] {logging_mixin.py:137} INFO - William Harper
[2023-02-01T19:09:56.106+0000] {logging_mixin.py:137} INFO - Alejandro Lambert
[2023-02-01T19:09:56.109+0000] {logging_mixin.py:137} INFO - Stephanie Carson
[2023-02-01T19:09:56.111+0000] {logging_mixin.py:137} INFO - Diana Ortega MD
[2023-02-01T19:09:56.113+0000] {logging_mixin.py:137} INFO - Janet Morales
[2023-02-01T19:09:56.116+0000] {logging_mixin.py:137} INFO - Eric Fisher
[2023-02-01T19:09:56.117+0000] {logging_mixin.py:137} INFO - Louis Baker
[2023-02-01T19:09:56.120+0000] {logging_mixin.py:137} INFO - Cindy Ward
[2023-02-01T19:09:56.121+0000] {logging_mixin.py:137} INFO - Ana Jenkins
[2023-02-01T19:09:56.123+0000] {logging_mixin.py:137} INFO - Leslie Barton
[2023-02-01T19:09:56.129+0000] {logging_mixin.py:137} INFO - Gregory Price
[2023-02-01T19:09:56.131+0000] {logging_mixin.py:137} INFO - Brandon Moore
[2023-02-01T19:09:56.134+0000] {logging_mixin.py:137} INFO - Heather Garrett
[2023-02-01T19:09:56.137+0000] {logging_mixin.py:137} INFO - Cindy Hawkins
[2023-02-01T19:09:56.151+0000] {logging_mixin.py:137} INFO - Mr. Frank Snyder Jr.
[2023-02-01T19:09:56.153+0000] {logging_mixin.py:137} INFO - Megan Wang
[2023-02-01T19:09:56.155+0000] {logging_mixin.py:137} INFO - Jennifer Fleming
[2023-02-01T19:09:56.156+0000] {logging_mixin.py:137} INFO - Gary Hodge
[2023-02-01T19:09:56.169+0000] {logging_mixin.py:137} INFO - Nichole Miller
[2023-02-01T19:09:56.178+0000] {logging_mixin.py:137} INFO - Mitchell Mendoza
[2023-02-01T19:09:56.181+0000] {logging_mixin.py:137} INFO - Bradley Horton
[2023-02-01T19:09:56.195+0000] {logging_mixin.py:137} INFO - Michelle Hess
[2023-02-01T19:09:56.204+0000] {logging_mixin.py:137} INFO - Ronald Torres
[2023-02-01T19:09:56.210+0000] {logging_mixin.py:137} INFO - Raymond Hudson
[2023-02-01T19:09:56.213+0000] {logging_mixin.py:137} INFO - Vincent Jackson
[2023-02-01T19:09:56.235+0000] {logging_mixin.py:137} INFO - Susan Carey
[2023-02-01T19:09:56.250+0000] {logging_mixin.py:137} INFO - Chase Wilson
[2023-02-01T19:09:56.259+0000] {logging_mixin.py:137} INFO - Tonya Baldwin
[2023-02-01T19:09:56.260+0000] {logging_mixin.py:137} INFO - Mrs. Tina Davis
[2023-02-01T19:09:56.262+0000] {logging_mixin.py:137} INFO - Scott Garrett
[2023-02-01T19:09:56.263+0000] {logging_mixin.py:137} INFO - Michael Wilson
[2023-02-01T19:09:56.267+0000] {logging_mixin.py:137} INFO - Andrew Orozco
[2023-02-01T19:09:56.270+0000] {logging_mixin.py:137} INFO - Troy Carson
[2023-02-01T19:09:56.272+0000] {logging_mixin.py:137} INFO - Alex Winters
[2023-02-01T19:09:56.275+0000] {logging_mixin.py:137} INFO - Toni Frank
[2023-02-01T19:09:56.277+0000] {logging_mixin.py:137} INFO - Kathleen Snyder
[2023-02-01T19:09:56.283+0000] {logging_mixin.py:137} INFO - Anna Lopez
[2023-02-01T19:09:56.288+0000] {logging_mixin.py:137} INFO - Charles Brown
[2023-02-01T19:09:56.297+0000] {logging_mixin.py:137} INFO - Barry Ross
[2023-02-01T19:09:56.301+0000] {logging_mixin.py:137} INFO - Emily Ramirez
[2023-02-01T19:09:56.303+0000] {logging_mixin.py:137} INFO - Anna Williams
[2023-02-01T19:09:56.306+0000] {logging_mixin.py:137} INFO - Kristin Pennington
[2023-02-01T19:09:56.307+0000] {logging_mixin.py:137} INFO - Mary Aguirre
[2023-02-01T19:09:56.309+0000] {logging_mixin.py:137} INFO - Austin Santos
[2023-02-01T19:09:56.311+0000] {logging_mixin.py:137} INFO - David Nelson
[2023-02-01T19:09:56.312+0000] {logging_mixin.py:137} INFO - Alyssa Mcbride
[2023-02-01T19:09:56.315+0000] {logging_mixin.py:137} INFO - Lisa Gibson
[2023-02-01T19:09:56.317+0000] {logging_mixin.py:137} INFO - Alexander Kelly
[2023-02-01T19:09:56.322+0000] {logging_mixin.py:137} INFO - Ronald Thomas
[2023-02-01T19:09:56.329+0000] {logging_mixin.py:137} INFO - Michael Hurst
[2023-02-01T19:09:56.332+0000] {logging_mixin.py:137} INFO - Lauren Ward
[2023-02-01T19:09:56.334+0000] {logging_mixin.py:137} INFO - Christian Terry
[2023-02-01T19:09:56.336+0000] {logging_mixin.py:137} INFO - Jared Black
[2023-02-01T19:09:56.340+0000] {logging_mixin.py:137} INFO - Anthony Brown
[2023-02-01T19:09:56.343+0000] {logging_mixin.py:137} INFO - John Cole
[2023-02-01T19:09:56.346+0000] {logging_mixin.py:137} INFO - David Lee
[2023-02-01T19:09:56.350+0000] {logging_mixin.py:137} INFO - Lori Thomas
[2023-02-01T19:09:56.352+0000] {logging_mixin.py:137} INFO - Daniel Herman
[2023-02-01T19:09:56.356+0000] {logging_mixin.py:137} INFO - Pam Williams
[2023-02-01T19:09:56.359+0000] {logging_mixin.py:137} INFO - Sarah Jenkins
[2023-02-01T19:09:56.373+0000] {logging_mixin.py:137} INFO - Susan Mitchell
[2023-02-01T19:09:56.375+0000] {logging_mixin.py:137} INFO - Jacqueline Green
[2023-02-01T19:09:56.377+0000] {logging_mixin.py:137} INFO - Victoria Garrison
[2023-02-01T19:09:56.380+0000] {logging_mixin.py:137} INFO - Jonathan Daniels
[2023-02-01T19:09:56.382+0000] {logging_mixin.py:137} INFO - Trevor Hansen
[2023-02-01T19:09:56.383+0000] {logging_mixin.py:137} INFO - Laurie Bowen
[2023-02-01T19:09:56.388+0000] {logging_mixin.py:137} INFO - James Cline
[2023-02-01T19:09:56.391+0000] {logging_mixin.py:137} INFO - Michael Rose
[2023-02-01T19:09:56.393+0000] {logging_mixin.py:137} INFO - Lawrence Juarez
[2023-02-01T19:09:56.396+0000] {logging_mixin.py:137} INFO - Lucas Caldwell
[2023-02-01T19:09:56.403+0000] {logging_mixin.py:137} INFO - Laura Jackson
[2023-02-01T19:09:56.410+0000] {logging_mixin.py:137} INFO - Sherri Thornton
[2023-02-01T19:09:56.417+0000] {logging_mixin.py:137} INFO - Alice Wilson
[2023-02-01T19:09:56.420+0000] {logging_mixin.py:137} INFO - Diane Williams
[2023-02-01T19:09:56.428+0000] {logging_mixin.py:137} INFO - Kara Martin
[2023-02-01T19:09:56.432+0000] {logging_mixin.py:137} INFO - Joseph Moore
[2023-02-01T19:09:56.434+0000] {logging_mixin.py:137} INFO - Jesse Moses
[2023-02-01T19:09:56.437+0000] {logging_mixin.py:137} INFO - Lisa Mccall
[2023-02-01T19:09:56.444+0000] {logging_mixin.py:137} INFO - Alexandra Mccoy
[2023-02-01T19:09:56.447+0000] {logging_mixin.py:137} INFO - Daniel Martin
[2023-02-01T19:09:56.450+0000] {logging_mixin.py:137} INFO - Claudia Peck
[2023-02-01T19:09:56.457+0000] {logging_mixin.py:137} INFO - Jessica Mcconnell
[2023-02-01T19:09:56.465+0000] {logging_mixin.py:137} INFO - Kevin Walker
[2023-02-01T19:09:56.470+0000] {logging_mixin.py:137} INFO - Christina Lee
[2023-02-01T19:09:56.474+0000] {logging_mixin.py:137} INFO - Christopher Schroeder
[2023-02-01T19:09:56.486+0000] {logging_mixin.py:137} INFO - Melissa Parker
[2023-02-01T19:09:56.498+0000] {logging_mixin.py:137} INFO - Janet Molina
[2023-02-01T19:09:56.505+0000] {logging_mixin.py:137} INFO - Barbara Harris
[2023-02-01T19:09:56.507+0000] {logging_mixin.py:137} INFO - Joseph Hurley
[2023-02-01T19:09:56.519+0000] {logging_mixin.py:137} INFO - Greg Hayden
[2023-02-01T19:09:56.523+0000] {logging_mixin.py:137} INFO - Edwin Adams
[2023-02-01T19:09:56.528+0000] {logging_mixin.py:137} INFO - Ashley Hunter
[2023-02-01T19:09:56.553+0000] {logging_mixin.py:137} INFO - Jennifer Tucker
[2023-02-01T19:09:56.569+0000] {logging_mixin.py:137} INFO - Eddie Gray
[2023-02-01T19:09:56.578+0000] {logging_mixin.py:137} INFO - Jennifer Evans
[2023-02-01T19:09:56.586+0000] {logging_mixin.py:137} INFO - Stephen Carey
[2023-02-01T19:09:56.597+0000] {logging_mixin.py:137} INFO - Samantha Campos
[2023-02-01T19:09:56.599+0000] {logging_mixin.py:137} INFO - Meagan Brown
[2023-02-01T19:09:56.600+0000] {logging_mixin.py:137} INFO - Miss Marisa Barber
[2023-02-01T19:09:56.604+0000] {logging_mixin.py:137} INFO - Jay Mann
[2023-02-01T19:09:56.621+0000] {logging_mixin.py:137} INFO - Matthew Campbell
[2023-02-01T19:09:56.623+0000] {logging_mixin.py:137} INFO - Brent Rodriguez
[2023-02-01T19:09:56.625+0000] {logging_mixin.py:137} INFO - Teresa Ross
[2023-02-01T19:09:56.627+0000] {logging_mixin.py:137} INFO - Mary Martinez
[2023-02-01T19:09:56.630+0000] {logging_mixin.py:137} INFO - Joseph Lewis
[2023-02-01T19:09:56.638+0000] {logging_mixin.py:137} INFO - Dale Davis
[2023-02-01T19:09:56.642+0000] {logging_mixin.py:137} INFO - Elizabeth Evans
[2023-02-01T19:09:56.645+0000] {logging_mixin.py:137} INFO - Shannon Wang
[2023-02-01T19:09:56.648+0000] {logging_mixin.py:137} INFO - Brandon Campbell
[2023-02-01T19:09:56.652+0000] {logging_mixin.py:137} INFO - Rhonda Pace
[2023-02-01T19:09:56.656+0000] {logging_mixin.py:137} INFO - Sarah Santos
[2023-02-01T19:09:56.658+0000] {logging_mixin.py:137} INFO - Jacob Ford
[2023-02-01T19:09:56.672+0000] {logging_mixin.py:137} INFO - Matthew Hansen
[2023-02-01T19:09:56.675+0000] {logging_mixin.py:137} INFO - Amy Ray
[2023-02-01T19:09:56.677+0000] {logging_mixin.py:137} INFO - Aaron Fields
[2023-02-01T19:09:56.684+0000] {logging_mixin.py:137} INFO - Mary Taylor
[2023-02-01T19:09:56.690+0000] {logging_mixin.py:137} INFO - James Morris
[2023-02-01T19:09:56.693+0000] {logging_mixin.py:137} INFO - Darrell Cain
[2023-02-01T19:09:56.704+0000] {logging_mixin.py:137} INFO - Michael Smith
[2023-02-01T19:09:56.711+0000] {logging_mixin.py:137} INFO - Scott Coleman
[2023-02-01T19:09:56.714+0000] {logging_mixin.py:137} INFO - David Fitzpatrick
[2023-02-01T19:09:56.728+0000] {logging_mixin.py:137} INFO - Debra Shepherd
[2023-02-01T19:09:56.742+0000] {logging_mixin.py:137} INFO - Paul Rush
[2023-02-01T19:09:56.768+0000] {logging_mixin.py:137} INFO - Brett Hernandez
[2023-02-01T19:09:56.773+0000] {logging_mixin.py:137} INFO - Sheila Riddle
[2023-02-01T19:09:56.781+0000] {logging_mixin.py:137} INFO - Joan Austin
[2023-02-01T19:09:56.796+0000] {logging_mixin.py:137} INFO - Michael Garcia
[2023-02-01T19:09:56.809+0000] {logging_mixin.py:137} INFO - Natalie Harris
[2023-02-01T19:09:56.813+0000] {logging_mixin.py:137} INFO - Steven Dean
[2023-02-01T19:09:56.819+0000] {logging_mixin.py:137} INFO - John Brown
[2023-02-01T19:09:56.820+0000] {logging_mixin.py:137} INFO - Keith Zimmerman
[2023-02-01T19:09:56.825+0000] {logging_mixin.py:137} INFO - Curtis Byrd
[2023-02-01T19:09:56.828+0000] {logging_mixin.py:137} INFO - Mariah Green
[2023-02-01T19:09:56.836+0000] {logging_mixin.py:137} INFO - Roger Huynh
[2023-02-01T19:09:56.838+0000] {logging_mixin.py:137} INFO - Christopher Zamora
[2023-02-01T19:09:56.843+0000] {logging_mixin.py:137} INFO - Joyce Crawford
[2023-02-01T19:09:56.845+0000] {logging_mixin.py:137} INFO - Angela Smith
[2023-02-01T19:09:56.849+0000] {logging_mixin.py:137} INFO - Veronica Robinson
[2023-02-01T19:09:56.851+0000] {logging_mixin.py:137} INFO - Christopher Bates
[2023-02-01T19:09:56.853+0000] {logging_mixin.py:137} INFO - Steve Stone
[2023-02-01T19:09:56.855+0000] {logging_mixin.py:137} INFO - William Cook
[2023-02-01T19:09:56.857+0000] {logging_mixin.py:137} INFO - Lori Wood
[2023-02-01T19:09:56.859+0000] {logging_mixin.py:137} INFO - Jillian Reynolds
[2023-02-01T19:09:56.861+0000] {logging_mixin.py:137} INFO - Angela Caldwell
[2023-02-01T19:09:56.863+0000] {logging_mixin.py:137} INFO - Shane Campbell
[2023-02-01T19:09:56.866+0000] {logging_mixin.py:137} INFO - Karen Lawrence
[2023-02-01T19:09:56.868+0000] {logging_mixin.py:137} INFO - Kimberly Wood
[2023-02-01T19:09:56.879+0000] {logging_mixin.py:137} INFO - Samantha Lopez
[2023-02-01T19:09:56.880+0000] {logging_mixin.py:137} INFO - Harold Miller
[2023-02-01T19:09:56.883+0000] {logging_mixin.py:137} INFO - Raymond Cooper DVM
[2023-02-01T19:09:56.890+0000] {logging_mixin.py:137} INFO - Kristen Patel
[2023-02-01T19:09:56.894+0000] {logging_mixin.py:137} INFO - Anthony Mejia
[2023-02-01T19:09:56.904+0000] {logging_mixin.py:137} INFO - Raymond Thomas
[2023-02-01T19:09:56.915+0000] {logging_mixin.py:137} INFO - Scott Young
[2023-02-01T19:09:56.922+0000] {logging_mixin.py:137} INFO - David Larson
[2023-02-01T19:09:56.931+0000] {logging_mixin.py:137} INFO - Jon Murray
[2023-02-01T19:09:56.936+0000] {logging_mixin.py:137} INFO - Stephen Taylor
[2023-02-01T19:09:56.940+0000] {logging_mixin.py:137} INFO - Jennifer Hernandez
[2023-02-01T19:09:56.945+0000] {logging_mixin.py:137} INFO - Stacy Smith
[2023-02-01T19:09:56.947+0000] {logging_mixin.py:137} INFO - Juan Owens
[2023-02-01T19:09:56.954+0000] {logging_mixin.py:137} INFO - Brian Adkins
[2023-02-01T19:09:56.959+0000] {logging_mixin.py:137} INFO - Jesse Wells
[2023-02-01T19:09:56.963+0000] {logging_mixin.py:137} INFO - Kyle Matthews
[2023-02-01T19:09:56.967+0000] {logging_mixin.py:137} INFO - Dustin Russell
[2023-02-01T19:09:56.969+0000] {logging_mixin.py:137} INFO - Richard White
[2023-02-01T19:09:56.971+0000] {logging_mixin.py:137} INFO - Brittany Nichols
[2023-02-01T19:09:56.973+0000] {logging_mixin.py:137} INFO - Colton Kelly
[2023-02-01T19:09:56.977+0000] {logging_mixin.py:137} INFO - William Perry
[2023-02-01T19:09:56.979+0000] {logging_mixin.py:137} INFO - Thomas Cummings
[2023-02-01T19:09:56.982+0000] {logging_mixin.py:137} INFO - Timothy Ballard
[2023-02-01T19:09:56.986+0000] {logging_mixin.py:137} INFO - Richard Washington
[2023-02-01T19:09:56.992+0000] {logging_mixin.py:137} INFO - Joshua Lam
[2023-02-01T19:09:57.002+0000] {logging_mixin.py:137} INFO - Grant Jackson
[2023-02-01T19:09:57.007+0000] {logging_mixin.py:137} INFO - Erin Baker
[2023-02-01T19:09:57.009+0000] {logging_mixin.py:137} INFO - Scott Flowers
[2023-02-01T19:09:57.011+0000] {logging_mixin.py:137} INFO - James Adams
[2023-02-01T19:09:57.012+0000] {logging_mixin.py:137} INFO - Heather Alvarado
[2023-02-01T19:09:57.014+0000] {logging_mixin.py:137} INFO - Jennifer Snow
[2023-02-01T19:09:57.015+0000] {logging_mixin.py:137} INFO - Mario Jackson
[2023-02-01T19:09:57.017+0000] {logging_mixin.py:137} INFO - Kevin Collins
[2023-02-01T19:09:57.018+0000] {logging_mixin.py:137} INFO - Danielle Garcia
[2023-02-01T19:09:57.020+0000] {logging_mixin.py:137} INFO - Brenda Jackson
[2023-02-01T19:09:57.022+0000] {logging_mixin.py:137} INFO - Ashley Parker
[2023-02-01T19:09:57.024+0000] {logging_mixin.py:137} INFO - Angela Hickman
[2023-02-01T19:09:57.026+0000] {logging_mixin.py:137} INFO - Carol Rodriguez
[2023-02-01T19:09:57.027+0000] {logging_mixin.py:137} INFO - Vernon Anderson
[2023-02-01T19:09:57.029+0000] {logging_mixin.py:137} INFO - Jesus Church
[2023-02-01T19:09:57.031+0000] {logging_mixin.py:137} INFO - Michelle Medina
[2023-02-01T19:09:57.033+0000] {logging_mixin.py:137} INFO - Nancy Bryant
[2023-02-01T19:09:57.034+0000] {logging_mixin.py:137} INFO - Jennifer Martinez
[2023-02-01T19:09:57.036+0000] {logging_mixin.py:137} INFO - Amy Dougherty
[2023-02-01T19:09:57.038+0000] {logging_mixin.py:137} INFO - Alexis Sanders
[2023-02-01T19:09:57.040+0000] {logging_mixin.py:137} INFO - Austin Salazar
[2023-02-01T19:09:57.042+0000] {logging_mixin.py:137} INFO - Amy Williams
[2023-02-01T19:09:57.044+0000] {logging_mixin.py:137} INFO - Richard Haynes
[2023-02-01T19:09:57.046+0000] {logging_mixin.py:137} INFO - Christine Stark
[2023-02-01T19:09:57.047+0000] {logging_mixin.py:137} INFO - Anita Medina
[2023-02-01T19:09:57.048+0000] {logging_mixin.py:137} INFO - Mr. Thomas Duran
[2023-02-01T19:09:57.050+0000] {logging_mixin.py:137} INFO - Mr. Russell Peterson
[2023-02-01T19:09:57.052+0000] {logging_mixin.py:137} INFO - Jack Richard
[2023-02-01T19:09:57.053+0000] {logging_mixin.py:137} INFO - Michelle Erickson
[2023-02-01T19:09:57.055+0000] {logging_mixin.py:137} INFO - Mitchell Williams
[2023-02-01T19:09:57.057+0000] {logging_mixin.py:137} INFO - Adrian Herrera
[2023-02-01T19:09:57.059+0000] {logging_mixin.py:137} INFO - Michael Brady
[2023-02-01T19:09:57.062+0000] {logging_mixin.py:137} INFO - Jamie Zhang
[2023-02-01T19:09:57.064+0000] {logging_mixin.py:137} INFO - Helen Brennan
[2023-02-01T19:09:57.068+0000] {logging_mixin.py:137} INFO - John Myers
[2023-02-01T19:09:57.070+0000] {logging_mixin.py:137} INFO - Patricia Nash
[2023-02-01T19:09:57.074+0000] {logging_mixin.py:137} INFO - Michael Johnson
[2023-02-01T19:09:57.083+0000] {logging_mixin.py:137} INFO - Anita Berger
[2023-02-01T19:09:57.085+0000] {logging_mixin.py:137} INFO - Jason Guerrero DVM
[2023-02-01T19:09:57.087+0000] {logging_mixin.py:137} INFO - Kimberly Davis
[2023-02-01T19:09:57.089+0000] {logging_mixin.py:137} INFO - Bryan Hansen
[2023-02-01T19:09:57.092+0000] {logging_mixin.py:137} INFO - Rebecca Obrien
[2023-02-01T19:09:57.097+0000] {logging_mixin.py:137} INFO - Sarah Santiago
[2023-02-01T19:09:57.100+0000] {logging_mixin.py:137} INFO - Christine Lane
[2023-02-01T19:09:57.105+0000] {logging_mixin.py:137} INFO - Jerry Lewis
[2023-02-01T19:09:57.107+0000] {logging_mixin.py:137} INFO - Stephanie Miller
[2023-02-01T19:09:57.111+0000] {logging_mixin.py:137} INFO - Kristi Bradley
[2023-02-01T19:09:57.116+0000] {logging_mixin.py:137} INFO - Darren Moore
[2023-02-01T19:09:57.126+0000] {logging_mixin.py:137} INFO - Kristina Cunningham
[2023-02-01T19:09:57.130+0000] {logging_mixin.py:137} INFO - Laurie Moore
[2023-02-01T19:09:57.142+0000] {logging_mixin.py:137} INFO - Aaron Lewis
[2023-02-01T19:09:57.144+0000] {logging_mixin.py:137} INFO - Theresa Vang
[2023-02-01T19:09:57.150+0000] {logging_mixin.py:137} INFO - Chase Reese
[2023-02-01T19:09:57.152+0000] {logging_mixin.py:137} INFO - Matthew Ferguson
[2023-02-01T19:09:57.154+0000] {logging_mixin.py:137} INFO - Victoria Lewis
[2023-02-01T19:09:57.157+0000] {logging_mixin.py:137} INFO - Jon Scott
[2023-02-01T19:09:57.159+0000] {logging_mixin.py:137} INFO - Lisa Campbell
[2023-02-01T19:09:57.160+0000] {logging_mixin.py:137} INFO - David Ramirez
[2023-02-01T19:09:57.161+0000] {logging_mixin.py:137} INFO - Gabriel Rosario
[2023-02-01T19:09:57.164+0000] {logging_mixin.py:137} INFO - Kristi Johnson
[2023-02-01T19:09:57.170+0000] {logging_mixin.py:137} INFO - Jennifer Schwartz
[2023-02-01T19:09:57.172+0000] {logging_mixin.py:137} INFO - Daniel Norton
[2023-02-01T19:09:57.174+0000] {logging_mixin.py:137} INFO - Richard Montoya
[2023-02-01T19:09:57.177+0000] {logging_mixin.py:137} INFO - Daniel Norris
[2023-02-01T19:09:57.180+0000] {logging_mixin.py:137} INFO - Chad Taylor
[2023-02-01T19:09:57.183+0000] {logging_mixin.py:137} INFO - Angie Allen
[2023-02-01T19:09:57.191+0000] {logging_mixin.py:137} INFO - Michael Brooks
[2023-02-01T19:09:57.193+0000] {logging_mixin.py:137} INFO - Hannah Poole
[2023-02-01T19:09:57.195+0000] {logging_mixin.py:137} INFO - Caitlin Ray
[2023-02-01T19:09:57.200+0000] {logging_mixin.py:137} INFO - Mr. Steven Gardner
[2023-02-01T19:09:57.203+0000] {logging_mixin.py:137} INFO - Jennifer Macdonald
[2023-02-01T19:09:57.207+0000] {logging_mixin.py:137} INFO - Vanessa Small
[2023-02-01T19:09:57.209+0000] {logging_mixin.py:137} INFO - Dennis Gray
[2023-02-01T19:09:57.216+0000] {logging_mixin.py:137} INFO - Sandra Kirk
[2023-02-01T19:09:57.226+0000] {logging_mixin.py:137} INFO - Jason Wagner
[2023-02-01T19:09:57.229+0000] {logging_mixin.py:137} INFO - David Owen
[2023-02-01T19:09:57.248+0000] {logging_mixin.py:137} INFO - Rose Terrell
[2023-02-01T19:09:57.258+0000] {logging_mixin.py:137} INFO - James Green MD
[2023-02-01T19:09:57.269+0000] {logging_mixin.py:137} INFO - Tammy Patel
[2023-02-01T19:09:57.272+0000] {logging_mixin.py:137} INFO - Joseph Lucero
[2023-02-01T19:09:57.284+0000] {logging_mixin.py:137} INFO - Stephanie Rojas
[2023-02-01T19:09:57.287+0000] {logging_mixin.py:137} INFO - Brittany Johnson
[2023-02-01T19:09:57.295+0000] {logging_mixin.py:137} INFO - Christina Cummings
[2023-02-01T19:09:57.299+0000] {logging_mixin.py:137} INFO - Eric Downs
[2023-02-01T19:09:57.322+0000] {logging_mixin.py:137} INFO - Paul Finley
[2023-02-01T19:09:57.325+0000] {logging_mixin.py:137} INFO - Danielle Jackson
[2023-02-01T19:09:57.328+0000] {logging_mixin.py:137} INFO - Anna Johnston
[2023-02-01T19:09:57.333+0000] {logging_mixin.py:137} INFO - Ashlee Hodges
[2023-02-01T19:09:57.337+0000] {logging_mixin.py:137} INFO - Thomas Francis
[2023-02-01T19:09:57.340+0000] {logging_mixin.py:137} INFO - Cody Baird
[2023-02-01T19:09:57.348+0000] {logging_mixin.py:137} INFO - Jeffrey Walter
[2023-02-01T19:09:57.353+0000] {logging_mixin.py:137} INFO - Hannah West
[2023-02-01T19:09:57.362+0000] {logging_mixin.py:137} INFO - Anthony Byrd
[2023-02-01T19:09:57.372+0000] {logging_mixin.py:137} INFO - Julie Ramirez
[2023-02-01T19:09:57.378+0000] {logging_mixin.py:137} INFO - Seth Peters
[2023-02-01T19:09:57.381+0000] {logging_mixin.py:137} INFO - Keith Salas
[2023-02-01T19:09:57.383+0000] {logging_mixin.py:137} INFO - Kathryn Evans
[2023-02-01T19:09:57.386+0000] {logging_mixin.py:137} INFO - Dr. Maria Scott
[2023-02-01T19:09:57.392+0000] {logging_mixin.py:137} INFO - Brenda Thomas
[2023-02-01T19:09:57.394+0000] {logging_mixin.py:137} INFO - Travis Douglas
[2023-02-01T19:09:57.396+0000] {logging_mixin.py:137} INFO - Kurt Santos
[2023-02-01T19:09:57.397+0000] {logging_mixin.py:137} INFO - Sean Parrish
[2023-02-01T19:09:57.398+0000] {logging_mixin.py:137} INFO - Brittany Walls
[2023-02-01T19:09:57.400+0000] {logging_mixin.py:137} INFO - Gail Brooks
[2023-02-01T19:09:57.404+0000] {logging_mixin.py:137} INFO - Valerie Johnson
[2023-02-01T19:09:57.406+0000] {logging_mixin.py:137} INFO - Jessica Dunn
[2023-02-01T19:09:57.411+0000] {logging_mixin.py:137} INFO - Chad Robinson
[2023-02-01T19:09:57.416+0000] {logging_mixin.py:137} INFO - Catherine Combs
[2023-02-01T19:09:57.418+0000] {logging_mixin.py:137} INFO - Joshua Boyd
[2023-02-01T19:09:57.426+0000] {logging_mixin.py:137} INFO - Alicia Barnett DVM
[2023-02-01T19:09:57.429+0000] {logging_mixin.py:137} INFO - Kevin Cervantes
[2023-02-01T19:09:57.431+0000] {logging_mixin.py:137} INFO - Larry Lester
[2023-02-01T19:09:57.433+0000] {logging_mixin.py:137} INFO - Deanna Espinoza
[2023-02-01T19:09:57.434+0000] {logging_mixin.py:137} INFO - Marilyn Davis
[2023-02-01T19:09:57.438+0000] {logging_mixin.py:137} INFO - Michael Weeks
[2023-02-01T19:09:57.440+0000] {logging_mixin.py:137} INFO - Brandon Stanton
[2023-02-01T19:09:57.448+0000] {logging_mixin.py:137} INFO - Ryan Boyer Jr.
[2023-02-01T19:09:57.456+0000] {logging_mixin.py:137} INFO - Amanda Elliott
[2023-02-01T19:09:57.466+0000] {logging_mixin.py:137} INFO - David Moore
[2023-02-01T19:09:57.482+0000] {logging_mixin.py:137} INFO - Andre Williams
[2023-02-01T19:09:57.503+0000] {logging_mixin.py:137} INFO - Jennifer Garcia
[2023-02-01T19:09:57.511+0000] {logging_mixin.py:137} INFO - Tracey Cook
[2023-02-01T19:09:57.512+0000] {logging_mixin.py:137} INFO - Michael Turner
[2023-02-01T19:09:57.521+0000] {logging_mixin.py:137} INFO - Diana Long
[2023-02-01T19:09:57.529+0000] {logging_mixin.py:137} INFO - John Bradley
[2023-02-01T19:09:57.539+0000] {logging_mixin.py:137} INFO - Ann Benjamin
[2023-02-01T19:09:57.546+0000] {logging_mixin.py:137} INFO - Shane House
[2023-02-01T19:09:57.548+0000] {logging_mixin.py:137} INFO - Erin Lee
[2023-02-01T19:09:57.562+0000] {logging_mixin.py:137} INFO - Joseph Gray
[2023-02-01T19:09:57.566+0000] {logging_mixin.py:137} INFO - Betty Gibson
[2023-02-01T19:09:57.569+0000] {logging_mixin.py:137} INFO - Kristen Graham
[2023-02-01T19:09:57.575+0000] {logging_mixin.py:137} INFO - Daniel Meza
[2023-02-01T19:09:57.581+0000] {logging_mixin.py:137} INFO - Sherri Carpenter
[2023-02-01T19:09:57.584+0000] {logging_mixin.py:137} INFO - Andrea Sanchez
[2023-02-01T19:09:57.587+0000] {logging_mixin.py:137} INFO - Jordan Rios
[2023-02-01T19:09:57.589+0000] {logging_mixin.py:137} INFO - Elizabeth Jackson
[2023-02-01T19:09:57.591+0000] {logging_mixin.py:137} INFO - Elizabeth Myers
[2023-02-01T19:09:57.594+0000] {logging_mixin.py:137} INFO - Juan Barnes
[2023-02-01T19:09:57.598+0000] {logging_mixin.py:137} INFO - Christopher Lozano
[2023-02-01T19:09:57.599+0000] {logging_mixin.py:137} INFO - Jacqueline Griffin
[2023-02-01T19:09:57.606+0000] {logging_mixin.py:137} INFO - Ryan Mason
[2023-02-01T19:09:57.611+0000] {logging_mixin.py:137} INFO - Jonathan Moore
[2023-02-01T19:09:57.613+0000] {logging_mixin.py:137} INFO - Abigail Landry
[2023-02-01T19:09:57.614+0000] {logging_mixin.py:137} INFO - Brenda Hernandez
[2023-02-01T19:09:57.639+0000] {logging_mixin.py:137} INFO - Zachary Pitts
[2023-02-01T19:09:57.642+0000] {logging_mixin.py:137} INFO - Amanda Rogers
[2023-02-01T19:09:57.650+0000] {logging_mixin.py:137} INFO - Cynthia Gray
[2023-02-01T19:09:57.662+0000] {logging_mixin.py:137} INFO - Tyler Barajas
[2023-02-01T19:09:57.669+0000] {logging_mixin.py:137} INFO - Michelle Leon
[2023-02-01T19:09:57.673+0000] {logging_mixin.py:137} INFO - Kathy Lang
[2023-02-01T19:09:57.676+0000] {logging_mixin.py:137} INFO - Scott Townsend MD
[2023-02-01T19:09:57.680+0000] {logging_mixin.py:137} INFO - Theresa Acosta
[2023-02-01T19:09:57.684+0000] {logging_mixin.py:137} INFO - David Jones
[2023-02-01T19:09:57.688+0000] {logging_mixin.py:137} INFO - Jeremy Robinson
[2023-02-01T19:09:57.699+0000] {logging_mixin.py:137} INFO - James Newton
[2023-02-01T19:09:57.701+0000] {logging_mixin.py:137} INFO - Tracey Wells
[2023-02-01T19:09:57.705+0000] {logging_mixin.py:137} INFO - Maria Nelson
[2023-02-01T19:09:57.707+0000] {logging_mixin.py:137} INFO - Christopher Griffith
[2023-02-01T19:09:57.717+0000] {logging_mixin.py:137} INFO - Zachary Griffin
[2023-02-01T19:09:57.724+0000] {logging_mixin.py:137} INFO - Amy Nguyen
[2023-02-01T19:09:57.725+0000] {logging_mixin.py:137} INFO - April Williams
[2023-02-01T19:09:57.729+0000] {logging_mixin.py:137} INFO - Marissa Kelly
[2023-02-01T19:09:57.732+0000] {logging_mixin.py:137} INFO - Brian Lopez PhD
[2023-02-01T19:09:57.734+0000] {logging_mixin.py:137} INFO - William Williams
[2023-02-01T19:09:57.737+0000] {logging_mixin.py:137} INFO - Norman Brown
[2023-02-01T19:09:57.741+0000] {logging_mixin.py:137} INFO - Charles Fuentes
[2023-02-01T19:09:57.743+0000] {logging_mixin.py:137} INFO - Anthony Chang
[2023-02-01T19:09:57.751+0000] {logging_mixin.py:137} INFO - Mary Bell
[2023-02-01T19:09:57.754+0000] {logging_mixin.py:137} INFO - Elizabeth Stuart
[2023-02-01T19:09:57.755+0000] {logging_mixin.py:137} INFO - Mary Mcdonald
[2023-02-01T19:09:57.757+0000] {logging_mixin.py:137} INFO - Martin Harrison
[2023-02-01T19:09:57.759+0000] {logging_mixin.py:137} INFO - Stephanie Fernandez
[2023-02-01T19:09:57.764+0000] {logging_mixin.py:137} INFO - Christopher Brown
[2023-02-01T19:09:57.768+0000] {logging_mixin.py:137} INFO - Alexander Stephenson
[2023-02-01T19:09:57.789+0000] {logging_mixin.py:137} INFO - Grace Diaz
[2023-02-01T19:09:57.807+0000] {logging_mixin.py:137} INFO - Frank Bartlett
[2023-02-01T19:09:57.819+0000] {logging_mixin.py:137} INFO - Audrey Andersen
[2023-02-01T19:09:57.824+0000] {logging_mixin.py:137} INFO - David Green
[2023-02-01T19:09:57.828+0000] {logging_mixin.py:137} INFO - Joshua Diaz Jr.
[2023-02-01T19:09:57.831+0000] {logging_mixin.py:137} INFO - Emily Garcia
[2023-02-01T19:09:57.835+0000] {logging_mixin.py:137} INFO - Devin Hall
[2023-02-01T19:09:57.840+0000] {logging_mixin.py:137} INFO - Phillip Garner
[2023-02-01T19:09:57.849+0000] {logging_mixin.py:137} INFO - Katherine Estrada
[2023-02-01T19:09:57.854+0000] {logging_mixin.py:137} INFO - Corey Saunders
[2023-02-01T19:09:57.862+0000] {logging_mixin.py:137} INFO - Kimberly Collins
[2023-02-01T19:09:57.867+0000] {logging_mixin.py:137} INFO - Amy Elliott
[2023-02-01T19:09:57.869+0000] {logging_mixin.py:137} INFO - Tanya Jones
[2023-02-01T19:09:57.871+0000] {logging_mixin.py:137} INFO - Patricia Gonzalez
[2023-02-01T19:09:57.880+0000] {logging_mixin.py:137} INFO - Jennifer Hill
[2023-02-01T19:09:57.892+0000] {logging_mixin.py:137} INFO - John Haynes
[2023-02-01T19:09:57.898+0000] {logging_mixin.py:137} INFO - Jacob Henry
[2023-02-01T19:09:57.901+0000] {logging_mixin.py:137} INFO - Daniel Clark
[2023-02-01T19:09:57.915+0000] {logging_mixin.py:137} INFO - Jonathon Taylor
[2023-02-01T19:09:57.916+0000] {logging_mixin.py:137} INFO - Jesse Evans
[2023-02-01T19:09:57.918+0000] {logging_mixin.py:137} INFO - James Martinez
[2023-02-01T19:09:57.920+0000] {logging_mixin.py:137} INFO - Kyle Reyes
[2023-02-01T19:09:57.921+0000] {logging_mixin.py:137} INFO - Terrence Barker
[2023-02-01T19:09:57.923+0000] {logging_mixin.py:137} INFO - Anthony Washington
[2023-02-01T19:09:57.925+0000] {logging_mixin.py:137} INFO - Dustin Le
[2023-02-01T19:09:57.927+0000] {logging_mixin.py:137} INFO - Bruce Clark
[2023-02-01T19:09:57.928+0000] {logging_mixin.py:137} INFO - Keith Anthony
[2023-02-01T19:09:57.931+0000] {logging_mixin.py:137} INFO - Jeremiah Stone
[2023-02-01T19:09:57.933+0000] {logging_mixin.py:137} INFO - Michael Haley
[2023-02-01T19:09:57.934+0000] {logging_mixin.py:137} INFO - Regina Carrillo
[2023-02-01T19:09:57.937+0000] {logging_mixin.py:137} INFO - Jacob Lee
[2023-02-01T19:09:57.942+0000] {logging_mixin.py:137} INFO - Thomas Gonzalez
[2023-02-01T19:09:57.949+0000] {logging_mixin.py:137} INFO - Mark Lawrence
[2023-02-01T19:09:57.951+0000] {logging_mixin.py:137} INFO - Matthew Anderson
[2023-02-01T19:09:57.954+0000] {logging_mixin.py:137} INFO - Nicholas Young
[2023-02-01T19:09:57.974+0000] {logging_mixin.py:137} INFO - Melvin Martinez
[2023-02-01T19:09:57.982+0000] {logging_mixin.py:137} INFO - Scott Green
[2023-02-01T19:09:57.984+0000] {logging_mixin.py:137} INFO - Dana Richards
[2023-02-01T19:09:57.988+0000] {logging_mixin.py:137} INFO - Lauren Moore
[2023-02-01T19:09:57.994+0000] {logging_mixin.py:137} INFO - Terry Campbell
[2023-02-01T19:09:57.996+0000] {logging_mixin.py:137} INFO - Ralph Jordan
[2023-02-01T19:09:57.997+0000] {logging_mixin.py:137} INFO - Noah Reyes
[2023-02-01T19:09:57.999+0000] {logging_mixin.py:137} INFO - Mr. Gregory Mills MD
[2023-02-01T19:09:58.001+0000] {logging_mixin.py:137} INFO - Michelle Yates
[2023-02-01T19:09:58.004+0000] {logging_mixin.py:137} INFO - Robin Reyes
[2023-02-01T19:09:58.009+0000] {logging_mixin.py:137} INFO - Rebecca Smith
[2023-02-01T19:09:58.011+0000] {logging_mixin.py:137} INFO - Nicole Torres
[2023-02-01T19:09:58.013+0000] {logging_mixin.py:137} INFO - Ronald Jones
[2023-02-01T19:09:58.019+0000] {logging_mixin.py:137} INFO - Michael Castaneda
[2023-02-01T19:09:58.048+0000] {logging_mixin.py:137} INFO - Christopher Krueger
[2023-02-01T19:09:58.054+0000] {logging_mixin.py:137} INFO - Jennifer Werner
[2023-02-01T19:09:58.061+0000] {logging_mixin.py:137} INFO - Ashley Smith
[2023-02-01T19:09:58.066+0000] {logging_mixin.py:137} INFO - Alyssa Fields
[2023-02-01T19:09:58.082+0000] {logging_mixin.py:137} INFO - John Scott
[2023-02-01T19:09:58.094+0000] {logging_mixin.py:137} INFO - Debra Delacruz
[2023-02-01T19:09:58.100+0000] {logging_mixin.py:137} INFO - James Madden
[2023-02-01T19:09:58.103+0000] {logging_mixin.py:137} INFO - Joseph Gentry
[2023-02-01T19:09:58.106+0000] {logging_mixin.py:137} INFO - Ashley Cabrera
[2023-02-01T19:09:58.111+0000] {logging_mixin.py:137} INFO - Jennifer Fernandez
[2023-02-01T19:09:58.115+0000] {logging_mixin.py:137} INFO - James Harris
[2023-02-01T19:09:58.119+0000] {logging_mixin.py:137} INFO - Candice Young
[2023-02-01T19:09:58.126+0000] {logging_mixin.py:137} INFO - Lisa Baker
[2023-02-01T19:09:58.133+0000] {logging_mixin.py:137} INFO - Brian Mills DDS
[2023-02-01T19:09:58.135+0000] {logging_mixin.py:137} INFO - Kristin Smith
[2023-02-01T19:09:58.139+0000] {logging_mixin.py:137} INFO - Jacob Collins
[2023-02-01T19:09:58.146+0000] {logging_mixin.py:137} INFO - Kimberly Harris
[2023-02-01T19:09:58.153+0000] {logging_mixin.py:137} INFO - Michael Hull
[2023-02-01T19:09:58.156+0000] {logging_mixin.py:137} INFO - Caitlin Todd
[2023-02-01T19:09:58.161+0000] {logging_mixin.py:137} INFO - Lisa Harris
[2023-02-01T19:09:58.169+0000] {logging_mixin.py:137} INFO - Mrs. Ann Stone
[2023-02-01T19:09:58.173+0000] {logging_mixin.py:137} INFO - Michelle Case
[2023-02-01T19:09:58.231+0000] {logging_mixin.py:137} INFO - Joe Lowe
[2023-02-01T19:09:58.233+0000] {logging_mixin.py:137} INFO - Randall Dunn
[2023-02-01T19:09:58.236+0000] {logging_mixin.py:137} INFO - Paula Vargas
[2023-02-01T19:09:58.239+0000] {logging_mixin.py:137} INFO - Daniel Walker
[2023-02-01T19:09:58.245+0000] {logging_mixin.py:137} INFO - James Jackson
[2023-02-01T19:09:58.250+0000] {logging_mixin.py:137} INFO - Shirley Woodard
[2023-02-01T19:09:58.251+0000] {logging_mixin.py:137} INFO - James Hayes
[2023-02-01T19:09:58.256+0000] {logging_mixin.py:137} INFO - Megan Austin
[2023-02-01T19:09:58.258+0000] {logging_mixin.py:137} INFO - Erin Robertson
[2023-02-01T19:09:58.263+0000] {logging_mixin.py:137} INFO - Robert Phillips
[2023-02-01T19:09:58.276+0000] {logging_mixin.py:137} INFO - Amy Torres
[2023-02-01T19:09:58.278+0000] {logging_mixin.py:137} INFO - Joshua Cox
[2023-02-01T19:09:58.279+0000] {logging_mixin.py:137} INFO - Duane Grimes
[2023-02-01T19:09:58.281+0000] {logging_mixin.py:137} INFO - Jennifer Burgess
[2023-02-01T19:09:58.284+0000] {logging_mixin.py:137} INFO - Carlos Duran
[2023-02-01T19:09:58.289+0000] {logging_mixin.py:137} INFO - Jason Johnson
[2023-02-01T19:09:58.292+0000] {logging_mixin.py:137} INFO - Cameron Greer
[2023-02-01T19:09:58.294+0000] {logging_mixin.py:137} INFO - Randall Williams
[2023-02-01T19:09:58.296+0000] {logging_mixin.py:137} INFO - Jessica Harris
[2023-02-01T19:09:58.298+0000] {logging_mixin.py:137} INFO - Joshua Rogers
[2023-02-01T19:09:58.299+0000] {logging_mixin.py:137} INFO - Jose Mahoney
[2023-02-01T19:09:58.305+0000] {logging_mixin.py:137} INFO - Brandy Fuentes
[2023-02-01T19:09:58.314+0000] {logging_mixin.py:137} INFO - Angelica Matthews
[2023-02-01T19:09:58.318+0000] {logging_mixin.py:137} INFO - Glenn Caldwell
[2023-02-01T19:09:58.320+0000] {logging_mixin.py:137} INFO - Cristian Delacruz
[2023-02-01T19:09:58.322+0000] {logging_mixin.py:137} INFO - Alexandra Price
[2023-02-01T19:09:58.324+0000] {logging_mixin.py:137} INFO - Heather Wilson
[2023-02-01T19:09:58.326+0000] {logging_mixin.py:137} INFO - Shawn Thompson
[2023-02-01T19:09:58.339+0000] {logging_mixin.py:137} INFO - Anna Daniel
[2023-02-01T19:09:58.344+0000] {logging_mixin.py:137} INFO - Joseph Cisneros
[2023-02-01T19:09:58.353+0000] {logging_mixin.py:137} INFO - Rebecca Estes
[2023-02-01T19:09:58.364+0000] {logging_mixin.py:137} INFO - Jeremy Porter
[2023-02-01T19:09:58.370+0000] {logging_mixin.py:137} INFO - Lisa Mann
[2023-02-01T19:09:58.374+0000] {logging_mixin.py:137} INFO - Michael Woods
[2023-02-01T19:09:58.387+0000] {logging_mixin.py:137} INFO - Madison Thompson
[2023-02-01T19:09:58.395+0000] {logging_mixin.py:137} INFO - Nancy Gomez
[2023-02-01T19:09:58.409+0000] {logging_mixin.py:137} INFO - Julie Blanchard
[2023-02-01T19:09:58.415+0000] {logging_mixin.py:137} INFO - Michael Smith
[2023-02-01T19:09:58.418+0000] {logging_mixin.py:137} INFO - Angel Huber
[2023-02-01T19:09:58.420+0000] {logging_mixin.py:137} INFO - Michael Coffey
[2023-02-01T19:09:58.422+0000] {logging_mixin.py:137} INFO - Patrick Walter
[2023-02-01T19:09:58.423+0000] {logging_mixin.py:137} INFO - Curtis Davis
[2023-02-01T19:09:58.426+0000] {logging_mixin.py:137} INFO - Kyle Stewart
[2023-02-01T19:09:58.428+0000] {logging_mixin.py:137} INFO - Angela Jimenez
[2023-02-01T19:09:58.430+0000] {logging_mixin.py:137} INFO - Andrew Martinez
[2023-02-01T19:09:58.435+0000] {logging_mixin.py:137} INFO - Angela West
[2023-02-01T19:09:58.447+0000] {logging_mixin.py:137} INFO - Ryan Young
[2023-02-01T19:09:58.449+0000] {logging_mixin.py:137} INFO - Nathaniel Evans
[2023-02-01T19:09:58.455+0000] {logging_mixin.py:137} INFO - Dawn Bryant
[2023-02-01T19:09:58.459+0000] {logging_mixin.py:137} INFO - Danielle Lewis
[2023-02-01T19:09:58.462+0000] {logging_mixin.py:137} INFO - Matthew Newman
[2023-02-01T19:09:58.466+0000] {logging_mixin.py:137} INFO - Robert Smith
[2023-02-01T19:09:58.469+0000] {logging_mixin.py:137} INFO - Melissa Hicks
[2023-02-01T19:09:58.473+0000] {logging_mixin.py:137} INFO - Emily Lambert
[2023-02-01T19:09:58.475+0000] {logging_mixin.py:137} INFO - Krystal Wolfe
[2023-02-01T19:09:58.477+0000] {logging_mixin.py:137} INFO - Donna Murillo
[2023-02-01T19:09:58.479+0000] {logging_mixin.py:137} INFO - Carl Hudson
[2023-02-01T19:09:58.480+0000] {logging_mixin.py:137} INFO - Robert Wilson
[2023-02-01T19:09:58.486+0000] {logging_mixin.py:137} INFO - Patrick Mathis
[2023-02-01T19:09:58.489+0000] {logging_mixin.py:137} INFO - Michael Suarez
[2023-02-01T19:09:58.497+0000] {logging_mixin.py:137} INFO - David Johnson
[2023-02-01T19:09:58.509+0000] {logging_mixin.py:137} INFO - William Thompson
[2023-02-01T19:09:58.511+0000] {logging_mixin.py:137} INFO - Jessica Hansen DVM
[2023-02-01T19:09:58.514+0000] {logging_mixin.py:137} INFO - Katherine Friedman
[2023-02-01T19:09:58.530+0000] {logging_mixin.py:137} INFO - Jillian Johnson
[2023-02-01T19:09:58.535+0000] {logging_mixin.py:137} INFO - Robert Mckee
[2023-02-01T19:09:58.538+0000] {logging_mixin.py:137} INFO - Rachel Little
[2023-02-01T19:09:58.543+0000] {logging_mixin.py:137} INFO - Patricia Smith
[2023-02-01T19:09:58.552+0000] {logging_mixin.py:137} INFO - Heidi Martinez
[2023-02-01T19:09:58.553+0000] {logging_mixin.py:137} INFO - Caitlin Solomon
[2023-02-01T19:09:58.556+0000] {logging_mixin.py:137} INFO - Dr. Olivia Pugh
[2023-02-01T19:09:58.565+0000] {logging_mixin.py:137} INFO - John Steele DDS
[2023-02-01T19:09:58.568+0000] {logging_mixin.py:137} INFO - Jeremy Mathews
[2023-02-01T19:09:58.569+0000] {logging_mixin.py:137} INFO - Tiffany Hill
[2023-02-01T19:09:58.574+0000] {logging_mixin.py:137} INFO - Steven Edwards
[2023-02-01T19:09:58.583+0000] {logging_mixin.py:137} INFO - Charles Campbell
[2023-02-01T19:09:58.587+0000] {logging_mixin.py:137} INFO - Brett Hughes
[2023-02-01T19:09:58.589+0000] {logging_mixin.py:137} INFO - Christina Villegas
[2023-02-01T19:09:58.608+0000] {logging_mixin.py:137} INFO - Anthony Garcia
[2023-02-01T19:09:58.617+0000] {logging_mixin.py:137} INFO - Nathan Murphy
[2023-02-01T19:09:58.619+0000] {logging_mixin.py:137} INFO - Steven Dodson
[2023-02-01T19:09:58.621+0000] {logging_mixin.py:137} INFO - Brian Sullivan
[2023-02-01T19:09:58.624+0000] {logging_mixin.py:137} INFO - Renee White
[2023-02-01T19:09:58.626+0000] {logging_mixin.py:137} INFO - Laura Rowland
[2023-02-01T19:09:58.628+0000] {logging_mixin.py:137} INFO - John Moore
[2023-02-01T19:09:58.632+0000] {logging_mixin.py:137} INFO - Sophia Mckenzie
[2023-02-01T19:09:58.634+0000] {logging_mixin.py:137} INFO - David Roach
[2023-02-01T19:09:58.636+0000] {logging_mixin.py:137} INFO - Jennifer Patterson
[2023-02-01T19:09:58.641+0000] {logging_mixin.py:137} INFO - James Richards
[2023-02-01T19:09:58.643+0000] {logging_mixin.py:137} INFO - Mary Johnston
[2023-02-01T19:09:58.645+0000] {logging_mixin.py:137} INFO - Brandon Mcdaniel
[2023-02-01T19:09:58.647+0000] {logging_mixin.py:137} INFO - Meghan Stevenson
[2023-02-01T19:09:58.649+0000] {logging_mixin.py:137} INFO - Luis Hayes
[2023-02-01T19:09:58.652+0000] {logging_mixin.py:137} INFO - Alejandra Sloan
[2023-02-01T19:09:58.656+0000] {logging_mixin.py:137} INFO - Dr. Sandra Miller
[2023-02-01T19:09:58.659+0000] {logging_mixin.py:137} INFO - Dustin Bond
[2023-02-01T19:09:58.664+0000] {logging_mixin.py:137} INFO - Julia Patrick MD
[2023-02-01T19:09:58.665+0000] {logging_mixin.py:137} INFO - Jill Campbell
[2023-02-01T19:09:58.676+0000] {logging_mixin.py:137} INFO - Mark Ford
[2023-02-01T19:09:58.679+0000] {logging_mixin.py:137} INFO - Brian Long
[2023-02-01T19:09:58.684+0000] {logging_mixin.py:137} INFO - Lisa Peterson
[2023-02-01T19:09:58.689+0000] {logging_mixin.py:137} INFO - Matthew Lee
[2023-02-01T19:09:58.693+0000] {logging_mixin.py:137} INFO - Bradley Miller
[2023-02-01T19:09:58.696+0000] {logging_mixin.py:137} INFO - Jeffrey Moss
[2023-02-01T19:09:58.700+0000] {logging_mixin.py:137} INFO - Sara Carlson
[2023-02-01T19:09:58.702+0000] {logging_mixin.py:137} INFO - Daniel Rodriguez
[2023-02-01T19:09:58.704+0000] {logging_mixin.py:137} INFO - Jeremy David
[2023-02-01T19:09:58.712+0000] {logging_mixin.py:137} INFO - Eric Green
[2023-02-01T19:09:58.714+0000] {logging_mixin.py:137} INFO - Alexis Jones
[2023-02-01T19:09:58.720+0000] {logging_mixin.py:137} INFO - Matthew Rose
[2023-02-01T19:09:58.723+0000] {logging_mixin.py:137} INFO - Catherine Anderson
[2023-02-01T19:09:58.728+0000] {logging_mixin.py:137} INFO - Holly Burton
[2023-02-01T19:09:58.731+0000] {logging_mixin.py:137} INFO - David Matthews
[2023-02-01T19:09:58.744+0000] {logging_mixin.py:137} INFO - Mrs. Kara Little
[2023-02-01T19:09:58.750+0000] {logging_mixin.py:137} INFO - Jeffrey Stanley
[2023-02-01T19:09:58.756+0000] {logging_mixin.py:137} INFO - James Ochoa
[2023-02-01T19:09:58.761+0000] {logging_mixin.py:137} INFO - Jason Frye
[2023-02-01T19:09:58.774+0000] {logging_mixin.py:137} INFO - Christopher Ellis
[2023-02-01T19:09:58.785+0000] {logging_mixin.py:137} INFO - Michelle Nixon
[2023-02-01T19:09:58.789+0000] {logging_mixin.py:137} INFO - Andrew Gill
[2023-02-01T19:09:58.804+0000] {logging_mixin.py:137} INFO - Jennifer Wilson
[2023-02-01T19:09:58.807+0000] {logging_mixin.py:137} INFO - Shawn Black
[2023-02-01T19:09:58.809+0000] {logging_mixin.py:137} INFO - April Patterson
[2023-02-01T19:09:58.812+0000] {logging_mixin.py:137} INFO - Troy Vaughn
[2023-02-01T19:09:58.814+0000] {logging_mixin.py:137} INFO - Alexandria White
[2023-02-01T19:09:58.816+0000] {logging_mixin.py:137} INFO - Scott Phillips
[2023-02-01T19:09:58.818+0000] {logging_mixin.py:137} INFO - Zachary Cisneros
[2023-02-01T19:09:58.821+0000] {logging_mixin.py:137} INFO - Deborah Brown
[2023-02-01T19:09:58.825+0000] {logging_mixin.py:137} INFO - Monica Moses
[2023-02-01T19:09:58.826+0000] {logging_mixin.py:137} INFO - Brenda Reyes
[2023-02-01T19:09:58.833+0000] {logging_mixin.py:137} INFO - Miss Renee Allen
[2023-02-01T19:09:58.837+0000] {logging_mixin.py:137} INFO - Susan Clark
[2023-02-01T19:09:58.840+0000] {logging_mixin.py:137} INFO - Brandy Coffey
[2023-02-01T19:09:58.845+0000] {logging_mixin.py:137} INFO - Brett Nelson
[2023-02-01T19:09:58.847+0000] {logging_mixin.py:137} INFO - Ricardo Young
[2023-02-01T19:09:58.849+0000] {logging_mixin.py:137} INFO - Paul Lee
[2023-02-01T19:09:58.853+0000] {logging_mixin.py:137} INFO - David Allen
[2023-02-01T19:09:58.855+0000] {logging_mixin.py:137} INFO - Andrea Knight
[2023-02-01T19:09:58.858+0000] {logging_mixin.py:137} INFO - James Gomez
[2023-02-01T19:09:58.860+0000] {logging_mixin.py:137} INFO - Melody Gibson
[2023-02-01T19:09:58.861+0000] {logging_mixin.py:137} INFO - Christina Martinez
[2023-02-01T19:09:58.863+0000] {logging_mixin.py:137} INFO - Shelby Smith
[2023-02-01T19:09:58.866+0000] {logging_mixin.py:137} INFO - Jason Howard
[2023-02-01T19:09:58.867+0000] {logging_mixin.py:137} INFO - Amy Davidson
[2023-02-01T19:09:58.870+0000] {logging_mixin.py:137} INFO - Kyle Copeland
[2023-02-01T19:09:58.885+0000] {logging_mixin.py:137} INFO - Madeline Davis
[2023-02-01T19:09:58.908+0000] {logging_mixin.py:137} INFO - Aaron Young
[2023-02-01T19:09:58.915+0000] {logging_mixin.py:137} INFO - Lisa Barrett
[2023-02-01T19:09:58.919+0000] {logging_mixin.py:137} INFO - Joel Jones
[2023-02-01T19:09:58.921+0000] {logging_mixin.py:137} INFO - Christine Evans
[2023-02-01T19:09:58.924+0000] {logging_mixin.py:137} INFO - Kimberly Johnson
[2023-02-01T19:09:58.936+0000] {logging_mixin.py:137} INFO - Charles Hess
[2023-02-01T19:09:58.943+0000] {logging_mixin.py:137} INFO - Paul Dixon
[2023-02-01T19:09:58.945+0000] {logging_mixin.py:137} INFO - Christopher Johnson
[2023-02-01T19:09:58.947+0000] {logging_mixin.py:137} INFO - Robert Dawson
[2023-02-01T19:09:58.952+0000] {logging_mixin.py:137} INFO - Ryan Dixon
[2023-02-01T19:09:58.957+0000] {logging_mixin.py:137} INFO - Julie Martinez
[2023-02-01T19:09:58.960+0000] {logging_mixin.py:137} INFO - David Adams
[2023-02-01T19:09:58.962+0000] {logging_mixin.py:137} INFO - Mariah Brown
[2023-02-01T19:09:58.963+0000] {logging_mixin.py:137} INFO - Deborah Malone
[2023-02-01T19:09:58.966+0000] {logging_mixin.py:137} INFO - John Brown
[2023-02-01T19:09:58.969+0000] {logging_mixin.py:137} INFO - Maria Stewart
[2023-02-01T19:09:58.971+0000] {logging_mixin.py:137} INFO - Mr. Bryan Hawkins
[2023-02-01T19:09:58.979+0000] {logging_mixin.py:137} INFO - Kyle Brooks
[2023-02-01T19:09:58.983+0000] {logging_mixin.py:137} INFO - Kenneth White
[2023-02-01T19:09:58.988+0000] {logging_mixin.py:137} INFO - Patricia Wilson
[2023-02-01T19:09:58.993+0000] {logging_mixin.py:137} INFO - Paul Soto
[2023-02-01T19:09:58.997+0000] {logging_mixin.py:137} INFO - Janice Garrett
[2023-02-01T19:09:59.003+0000] {logging_mixin.py:137} INFO - Randy Strickland
[2023-02-01T19:09:59.008+0000] {logging_mixin.py:137} INFO - Felicia Herrera
[2023-02-01T19:09:59.023+0000] {logging_mixin.py:137} INFO - Andre Campos
[2023-02-01T19:09:59.028+0000] {logging_mixin.py:137} INFO - Justin Meyer
[2023-02-01T19:09:59.035+0000] {logging_mixin.py:137} INFO - Brandon Brooks
[2023-02-01T19:09:59.038+0000] {logging_mixin.py:137} INFO - Abigail Rivera
[2023-02-01T19:09:59.042+0000] {logging_mixin.py:137} INFO - Jessica Mann
[2023-02-01T19:09:59.049+0000] {logging_mixin.py:137} INFO - Michael Sawyer
[2023-02-01T19:09:59.056+0000] {logging_mixin.py:137} INFO - Jeffrey Coleman
[2023-02-01T19:09:59.058+0000] {logging_mixin.py:137} INFO - Micheal Castro
[2023-02-01T19:09:59.061+0000] {logging_mixin.py:137} INFO - Laura Gonzalez
[2023-02-01T19:09:59.065+0000] {logging_mixin.py:137} INFO - Christopher Jackson
[2023-02-01T19:09:59.069+0000] {logging_mixin.py:137} INFO - William Mckenzie
[2023-02-01T19:09:59.072+0000] {logging_mixin.py:137} INFO - Kristina Rodriguez
[2023-02-01T19:09:59.081+0000] {logging_mixin.py:137} INFO - Kelli Williams
[2023-02-01T19:09:59.085+0000] {logging_mixin.py:137} INFO - Diane Norris
[2023-02-01T19:09:59.092+0000] {logging_mixin.py:137} INFO - Kevin Carroll
[2023-02-01T19:09:59.096+0000] {logging_mixin.py:137} INFO - Betty Weber
[2023-02-01T19:09:59.098+0000] {logging_mixin.py:137} INFO - Jeffery Robinson
[2023-02-01T19:09:59.100+0000] {logging_mixin.py:137} INFO - Hannah Cowan
[2023-02-01T19:09:59.102+0000] {logging_mixin.py:137} INFO - Brian Kramer
[2023-02-01T19:09:59.109+0000] {logging_mixin.py:137} INFO - Anthony Roberts
[2023-02-01T19:09:59.117+0000] {logging_mixin.py:137} INFO - Ricardo Blankenship
[2023-02-01T19:09:59.121+0000] {logging_mixin.py:137} INFO - Brooke Collins
[2023-02-01T19:09:59.123+0000] {logging_mixin.py:137} INFO - Tammy Lawson
[2023-02-01T19:09:59.132+0000] {logging_mixin.py:137} INFO - Cody Miller
[2023-02-01T19:09:59.140+0000] {logging_mixin.py:137} INFO - Dr. Janice Salazar
[2023-02-01T19:09:59.150+0000] {logging_mixin.py:137} INFO - David West
[2023-02-01T19:09:59.159+0000] {logging_mixin.py:137} INFO - Robin Carpenter
[2023-02-01T19:09:59.175+0000] {logging_mixin.py:137} INFO - Monique Wall
[2023-02-01T19:09:59.187+0000] {logging_mixin.py:137} INFO - Charles Cardenas
[2023-02-01T19:09:59.190+0000] {logging_mixin.py:137} INFO - Valerie Mitchell
[2023-02-01T19:09:59.194+0000] {logging_mixin.py:137} INFO - Michelle Valenzuela
[2023-02-01T19:09:59.198+0000] {logging_mixin.py:137} INFO - William Poole
[2023-02-01T19:09:59.204+0000] {logging_mixin.py:137} INFO - James Hall
[2023-02-01T19:09:59.211+0000] {logging_mixin.py:137} INFO - Dylan Carpenter
[2023-02-01T19:09:59.213+0000] {logging_mixin.py:137} INFO - Linda Medina
[2023-02-01T19:09:59.215+0000] {logging_mixin.py:137} INFO - Joan White
[2023-02-01T19:09:59.217+0000] {logging_mixin.py:137} INFO - Mary Klein
[2023-02-01T19:09:59.220+0000] {logging_mixin.py:137} INFO - Ashley Wolf
[2023-02-01T19:09:59.222+0000] {logging_mixin.py:137} INFO - William Reed
[2023-02-01T19:09:59.230+0000] {logging_mixin.py:137} INFO - Derek Harvey
[2023-02-01T19:09:59.237+0000] {logging_mixin.py:137} INFO - Kathleen Rodriguez
[2023-02-01T19:09:59.244+0000] {logging_mixin.py:137} INFO - Andrew Rodriguez
[2023-02-01T19:09:59.247+0000] {logging_mixin.py:137} INFO - Ariel Frank
[2023-02-01T19:09:59.250+0000] {logging_mixin.py:137} INFO - Tina French
[2023-02-01T19:09:59.253+0000] {logging_mixin.py:137} INFO - Brent Waller
[2023-02-01T19:09:59.256+0000] {logging_mixin.py:137} INFO - Kevin Allen
[2023-02-01T19:09:59.259+0000] {logging_mixin.py:137} INFO - Xavier Walker
[2023-02-01T19:09:59.262+0000] {logging_mixin.py:137} INFO - Michelle Sanchez
[2023-02-01T19:09:59.267+0000] {logging_mixin.py:137} INFO - Rachael Shepard
[2023-02-01T19:09:59.270+0000] {logging_mixin.py:137} INFO - Kelsey Johnson
[2023-02-01T19:09:59.273+0000] {logging_mixin.py:137} INFO - Nicole Webb
[2023-02-01T19:09:59.277+0000] {logging_mixin.py:137} INFO - Nicholas Rodriguez
[2023-02-01T19:09:59.279+0000] {logging_mixin.py:137} INFO - Eric Vaughan
[2023-02-01T19:09:59.284+0000] {logging_mixin.py:137} INFO - Amanda Richardson
[2023-02-01T19:09:59.288+0000] {logging_mixin.py:137} INFO - Janice Carlson
[2023-02-01T19:09:59.292+0000] {logging_mixin.py:137} INFO - Darryl Walsh
[2023-02-01T19:09:59.293+0000] {logging_mixin.py:137} INFO - Heather Johnson
[2023-02-01T19:09:59.296+0000] {logging_mixin.py:137} INFO - Mark Chambers
[2023-02-01T19:09:59.299+0000] {logging_mixin.py:137} INFO - Tracy Burns
[2023-02-01T19:09:59.303+0000] {logging_mixin.py:137} INFO - John Cole
[2023-02-01T19:09:59.305+0000] {logging_mixin.py:137} INFO - Deborah Silva
[2023-02-01T19:09:59.309+0000] {logging_mixin.py:137} INFO - Shawn Hernandez
[2023-02-01T19:09:59.311+0000] {logging_mixin.py:137} INFO - Bethany Meyer
[2023-02-01T19:09:59.312+0000] {logging_mixin.py:137} INFO - Helen Smith
[2023-02-01T19:09:59.314+0000] {logging_mixin.py:137} INFO - Dana Dennis
[2023-02-01T19:09:59.315+0000] {logging_mixin.py:137} INFO - Kelsey Camacho
[2023-02-01T19:09:59.317+0000] {logging_mixin.py:137} INFO - Matthew Thomas
[2023-02-01T19:09:59.319+0000] {logging_mixin.py:137} INFO - Brittany Arellano
[2023-02-01T19:09:59.321+0000] {logging_mixin.py:137} INFO - Stacey Jones
[2023-02-01T19:09:59.328+0000] {logging_mixin.py:137} INFO - William Weeks
[2023-02-01T19:09:59.334+0000] {logging_mixin.py:137} INFO - Mark Beasley
[2023-02-01T19:09:59.337+0000] {logging_mixin.py:137} INFO - Bruce Pena
[2023-02-01T19:09:59.339+0000] {logging_mixin.py:137} INFO - Jeffery Smith
[2023-02-01T19:09:59.345+0000] {logging_mixin.py:137} INFO - Ann Deleon
[2023-02-01T19:09:59.350+0000] {logging_mixin.py:137} INFO - Kevin Robertson
[2023-02-01T19:09:59.353+0000] {logging_mixin.py:137} INFO - Vincent Willis MD
[2023-02-01T19:09:59.355+0000] {logging_mixin.py:137} INFO - Michael Nielsen
[2023-02-01T19:09:59.360+0000] {logging_mixin.py:137} INFO - Walter Koch
[2023-02-01T19:09:59.363+0000] {logging_mixin.py:137} INFO - Brian Vega
[2023-02-01T19:09:59.365+0000] {logging_mixin.py:137} INFO - Jeffrey Medina
[2023-02-01T19:09:59.386+0000] {logging_mixin.py:137} INFO - Erika Banks
[2023-02-01T19:09:59.392+0000] {logging_mixin.py:137} INFO - Stacey Griffin
[2023-02-01T19:09:59.396+0000] {logging_mixin.py:137} INFO - Michael Marsh
[2023-02-01T19:09:59.398+0000] {logging_mixin.py:137} INFO - Molly White
[2023-02-01T19:09:59.403+0000] {logging_mixin.py:137} INFO - Matthew Morrison
[2023-02-01T19:09:59.406+0000] {logging_mixin.py:137} INFO - Amanda Burns
[2023-02-01T19:09:59.411+0000] {logging_mixin.py:137} INFO - Emily Gonzalez DDS
[2023-02-01T19:09:59.414+0000] {logging_mixin.py:137} INFO - Gregory King
[2023-02-01T19:09:59.418+0000] {logging_mixin.py:137} INFO - Dennis Evans
[2023-02-01T19:09:59.421+0000] {logging_mixin.py:137} INFO - Christina Snyder
[2023-02-01T19:09:59.424+0000] {logging_mixin.py:137} INFO - Carolyn Mata
[2023-02-01T19:09:59.427+0000] {logging_mixin.py:137} INFO - Brandy Lawson
[2023-02-01T19:09:59.429+0000] {logging_mixin.py:137} INFO - Briana Christian
[2023-02-01T19:09:59.437+0000] {logging_mixin.py:137} INFO - Jeffrey Hernandez
[2023-02-01T19:09:59.438+0000] {logging_mixin.py:137} INFO - John Riggs
[2023-02-01T19:09:59.447+0000] {logging_mixin.py:137} INFO - Barbara Short
[2023-02-01T19:09:59.451+0000] {logging_mixin.py:137} INFO - Steven Brooks
[2023-02-01T19:09:59.452+0000] {logging_mixin.py:137} INFO - Gabrielle James
[2023-02-01T19:09:59.454+0000] {logging_mixin.py:137} INFO - Robert Young
[2023-02-01T19:09:59.456+0000] {logging_mixin.py:137} INFO - Derek Sanders
[2023-02-01T19:09:59.461+0000] {logging_mixin.py:137} INFO - Mallory Oliver
[2023-02-01T19:09:59.467+0000] {logging_mixin.py:137} INFO - Terry Howe
[2023-02-01T19:09:59.471+0000] {logging_mixin.py:137} INFO - Samuel Wallace
[2023-02-01T19:09:59.477+0000] {logging_mixin.py:137} INFO - Angel Jones
[2023-02-01T19:09:59.479+0000] {logging_mixin.py:137} INFO - Jacqueline Nichols
[2023-02-01T19:09:59.481+0000] {logging_mixin.py:137} INFO - Melissa Mcgee
[2023-02-01T19:09:59.485+0000] {logging_mixin.py:137} INFO - Michelle Smith
[2023-02-01T19:09:59.487+0000] {logging_mixin.py:137} INFO - Maureen Baxter
[2023-02-01T19:09:59.489+0000] {logging_mixin.py:137} INFO - Kathy Crawford
[2023-02-01T19:09:59.491+0000] {logging_mixin.py:137} INFO - Stacy Wood
[2023-02-01T19:09:59.493+0000] {logging_mixin.py:137} INFO - Justin Parsons
[2023-02-01T19:09:59.499+0000] {logging_mixin.py:137} INFO - Ann Klein
[2023-02-01T19:09:59.501+0000] {logging_mixin.py:137} INFO - Allison Arnold
[2023-02-01T19:09:59.502+0000] {logging_mixin.py:137} INFO - Heather Kirk
[2023-02-01T19:09:59.504+0000] {logging_mixin.py:137} INFO - Monica Smith
[2023-02-01T19:09:59.505+0000] {logging_mixin.py:137} INFO - Brett Oconnor
[2023-02-01T19:09:59.507+0000] {logging_mixin.py:137} INFO - Anthony Bryant
[2023-02-01T19:09:59.509+0000] {logging_mixin.py:137} INFO - Jeremy Russell
[2023-02-01T19:09:59.510+0000] {logging_mixin.py:137} INFO - Julie Poole
[2023-02-01T19:09:59.511+0000] {logging_mixin.py:137} INFO - Emma Thompson
[2023-02-01T19:09:59.513+0000] {logging_mixin.py:137} INFO - Bradley Matthews
[2023-02-01T19:09:59.515+0000] {logging_mixin.py:137} INFO - William Roberts
[2023-02-01T19:09:59.516+0000] {logging_mixin.py:137} INFO - Julie Mooney
[2023-02-01T19:09:59.519+0000] {logging_mixin.py:137} INFO - Amy Doyle
[2023-02-01T19:09:59.521+0000] {logging_mixin.py:137} INFO - Amanda Grant
[2023-02-01T19:09:59.522+0000] {logging_mixin.py:137} INFO - Eric Anderson
[2023-02-01T19:09:59.524+0000] {logging_mixin.py:137} INFO - George Thompson
[2023-02-01T19:09:59.528+0000] {logging_mixin.py:137} INFO - Dustin Hines
[2023-02-01T19:09:59.535+0000] {logging_mixin.py:137} INFO - Andrea Frank
[2023-02-01T19:09:59.553+0000] {logging_mixin.py:137} INFO - Jodi Cook
[2023-02-01T19:09:59.555+0000] {logging_mixin.py:137} INFO - Stacy Haney
[2023-02-01T19:09:59.561+0000] {logging_mixin.py:137} INFO - Paul Callahan
[2023-02-01T19:09:59.566+0000] {logging_mixin.py:137} INFO - Jasmine Chambers
[2023-02-01T19:09:59.574+0000] {logging_mixin.py:137} INFO - Melissa Pittman MD
[2023-02-01T19:09:59.578+0000] {logging_mixin.py:137} INFO - Deborah Larson
[2023-02-01T19:09:59.585+0000] {logging_mixin.py:137} INFO - Brandon Shaw
[2023-02-01T19:09:59.588+0000] {logging_mixin.py:137} INFO - Timothy Paul
[2023-02-01T19:09:59.603+0000] {logging_mixin.py:137} INFO - Michael Trujillo
[2023-02-01T19:09:59.609+0000] {logging_mixin.py:137} INFO - Robert Rivera
[2023-02-01T19:09:59.616+0000] {logging_mixin.py:137} INFO - Dana Nelson
[2023-02-01T19:09:59.627+0000] {logging_mixin.py:137} INFO - Andrea Bennett
[2023-02-01T19:09:59.633+0000] {logging_mixin.py:137} INFO - Jodi Fox
[2023-02-01T19:09:59.638+0000] {logging_mixin.py:137} INFO - Heather Hayes
[2023-02-01T19:09:59.648+0000] {logging_mixin.py:137} INFO - Jennifer Moreno
[2023-02-01T19:09:59.653+0000] {logging_mixin.py:137} INFO - John Patel
[2023-02-01T19:09:59.665+0000] {logging_mixin.py:137} INFO - Teresa Oliver
[2023-02-01T19:09:59.667+0000] {logging_mixin.py:137} INFO - Monique Bell
[2023-02-01T19:09:59.668+0000] {logging_mixin.py:137} INFO - Casey Leonard
[2023-02-01T19:09:59.681+0000] {logging_mixin.py:137} INFO - Steven Clark
[2023-02-01T19:09:59.685+0000] {logging_mixin.py:137} INFO - Edward Martin
[2023-02-01T19:09:59.691+0000] {logging_mixin.py:137} INFO - Shawn Orozco
[2023-02-01T19:09:59.704+0000] {logging_mixin.py:137} INFO - Brandon Yang
[2023-02-01T19:09:59.711+0000] {logging_mixin.py:137} INFO - Nathan Ray
[2023-02-01T19:09:59.712+0000] {logging_mixin.py:137} INFO - Lori Moore
[2023-02-01T19:09:59.714+0000] {logging_mixin.py:137} INFO - Dr. Lisa Shaw DVM
[2023-02-01T19:09:59.716+0000] {logging_mixin.py:137} INFO - Angela Walters
[2023-02-01T19:09:59.721+0000] {logging_mixin.py:137} INFO - David Nolan
[2023-02-01T19:09:59.723+0000] {logging_mixin.py:137} INFO - William Ramsey
[2023-02-01T19:09:59.725+0000] {logging_mixin.py:137} INFO - David Oconnor
[2023-02-01T19:09:59.728+0000] {logging_mixin.py:137} INFO - Mark Washington
[2023-02-01T19:09:59.732+0000] {logging_mixin.py:137} INFO - Jennifer Jacobs
[2023-02-01T19:09:59.735+0000] {logging_mixin.py:137} INFO - Tammy Hampton
[2023-02-01T19:09:59.738+0000] {logging_mixin.py:137} INFO - Stephen Farmer
[2023-02-01T19:09:59.740+0000] {logging_mixin.py:137} INFO - Jasmine Nguyen
[2023-02-01T19:09:59.747+0000] {logging_mixin.py:137} INFO - Rebecca Flores
[2023-02-01T19:09:59.752+0000] {logging_mixin.py:137} INFO - Tyler Davis
[2023-02-01T19:09:59.755+0000] {logging_mixin.py:137} INFO - Nancy Gray
[2023-02-01T19:09:59.772+0000] {logging_mixin.py:137} INFO - Brian Sanchez
[2023-02-01T19:09:59.781+0000] {logging_mixin.py:137} INFO - Laurie Shaw
[2023-02-01T19:09:59.784+0000] {logging_mixin.py:137} INFO - Kristina Torres
[2023-02-01T19:09:59.803+0000] {logging_mixin.py:137} INFO - Andrea Rodgers
[2023-02-01T19:09:59.805+0000] {logging_mixin.py:137} INFO - Jason Walters
[2023-02-01T19:09:59.807+0000] {logging_mixin.py:137} INFO - Jerry Moss
[2023-02-01T19:09:59.810+0000] {logging_mixin.py:137} INFO - Jeffrey Jordan
[2023-02-01T19:09:59.813+0000] {logging_mixin.py:137} INFO - Jennifer Wilson
[2023-02-01T19:09:59.816+0000] {logging_mixin.py:137} INFO - Trevor Mathews
[2023-02-01T19:09:59.819+0000] {logging_mixin.py:137} INFO - Anne Hood
[2023-02-01T19:09:59.822+0000] {logging_mixin.py:137} INFO - Sarah Williams
[2023-02-01T19:09:59.825+0000] {logging_mixin.py:137} INFO - Shelby Hernandez
[2023-02-01T19:09:59.828+0000] {logging_mixin.py:137} INFO - Samantha Velez
[2023-02-01T19:09:59.831+0000] {logging_mixin.py:137} INFO - Matthew Douglas
[2023-02-01T19:09:59.833+0000] {logging_mixin.py:137} INFO - Ashlee George
[2023-02-01T19:09:59.837+0000] {logging_mixin.py:137} INFO - Troy Crane
[2023-02-01T19:09:59.850+0000] {logging_mixin.py:137} INFO - Michael Cooper
[2023-02-01T19:09:59.854+0000] {logging_mixin.py:137} INFO - Michael White
[2023-02-01T19:09:59.857+0000] {logging_mixin.py:137} INFO - Mr. Timothy Fleming
[2023-02-01T19:09:59.868+0000] {logging_mixin.py:137} INFO - Seth Bruce
[2023-02-01T19:09:59.877+0000] {logging_mixin.py:137} INFO - Jacqueline Carpenter
[2023-02-01T19:09:59.881+0000] {logging_mixin.py:137} INFO - Michael Martin
[2023-02-01T19:09:59.884+0000] {logging_mixin.py:137} INFO - Kristopher Henry
[2023-02-01T19:09:59.886+0000] {logging_mixin.py:137} INFO - Tiffany Porter
[2023-02-01T19:09:59.889+0000] {logging_mixin.py:137} INFO - Stacy Simpson
[2023-02-01T19:09:59.891+0000] {logging_mixin.py:137} INFO - Tammy Mcdowell
[2023-02-01T19:09:59.896+0000] {logging_mixin.py:137} INFO - Thomas Walters
[2023-02-01T19:09:59.900+0000] {logging_mixin.py:137} INFO - Dwayne Thompson
[2023-02-01T19:09:59.904+0000] {logging_mixin.py:137} INFO - Natalie Willis
[2023-02-01T19:09:59.910+0000] {logging_mixin.py:137} INFO - Sharon Taylor
[2023-02-01T19:09:59.914+0000] {logging_mixin.py:137} INFO - Sarah Wiggins
[2023-02-01T19:09:59.919+0000] {logging_mixin.py:137} INFO - Amber Thomas
[2023-02-01T19:09:59.924+0000] {logging_mixin.py:137} INFO - Patrick Miller
[2023-02-01T19:09:59.929+0000] {logging_mixin.py:137} INFO - Stephanie Hartman
[2023-02-01T19:09:59.936+0000] {logging_mixin.py:137} INFO - Stacey Mora
[2023-02-01T19:09:59.939+0000] {logging_mixin.py:137} INFO - Katherine Rodriguez
[2023-02-01T19:09:59.941+0000] {logging_mixin.py:137} INFO - Daniel Morgan
[2023-02-01T19:09:59.945+0000] {logging_mixin.py:137} INFO - Rebecca Martinez
[2023-02-01T19:09:59.955+0000] {logging_mixin.py:137} INFO - Nicole Juarez
[2023-02-01T19:09:59.957+0000] {logging_mixin.py:137} INFO - Mark Arroyo
[2023-02-01T19:09:59.965+0000] {logging_mixin.py:137} INFO - April Lucero
[2023-02-01T19:09:59.969+0000] {logging_mixin.py:137} INFO - Samantha Garcia
[2023-02-01T19:09:59.970+0000] {logging_mixin.py:137} INFO - Jon Moore
[2023-02-01T19:09:59.972+0000] {logging_mixin.py:137} INFO - Joshua Flores MD
[2023-02-01T19:09:59.976+0000] {logging_mixin.py:137} INFO - Raymond Jones
[2023-02-01T19:09:59.997+0000] {logging_mixin.py:137} INFO - Billy Hughes
[2023-02-01T19:10:00.001+0000] {logging_mixin.py:137} INFO - Peggy Valdez PhD
[2023-02-01T19:10:00.007+0000] {logging_mixin.py:137} INFO - Joshua Reyes
[2023-02-01T19:10:00.009+0000] {logging_mixin.py:137} INFO - Aaron Green
[2023-02-01T19:10:00.013+0000] {logging_mixin.py:137} INFO - Wendy Espinoza
[2023-02-01T19:10:00.017+0000] {logging_mixin.py:137} INFO - Peter Vasquez
[2023-02-01T19:10:00.029+0000] {logging_mixin.py:137} INFO - Diane Harper
[2023-02-01T19:10:00.035+0000] {logging_mixin.py:137} INFO - Ms. Rebecca Cantu
[2023-02-01T19:10:00.042+0000] {logging_mixin.py:137} INFO - Yolanda Morrow
[2023-02-01T19:10:00.053+0000] {logging_mixin.py:137} INFO - Penny Beard
[2023-02-01T19:10:00.060+0000] {logging_mixin.py:137} INFO - Lisa Long
[2023-02-01T19:10:00.063+0000] {logging_mixin.py:137} INFO - Jerry Harris
[2023-02-01T19:10:00.066+0000] {logging_mixin.py:137} INFO - Bob Willis
[2023-02-01T19:10:00.068+0000] {logging_mixin.py:137} INFO - Duane Chapman
[2023-02-01T19:10:00.070+0000] {logging_mixin.py:137} INFO - William Morgan
[2023-02-01T19:10:00.074+0000] {logging_mixin.py:137} INFO - Amy Gutierrez
[2023-02-01T19:10:00.075+0000] {logging_mixin.py:137} INFO - Amber Nichols
[2023-02-01T19:10:00.077+0000] {logging_mixin.py:137} INFO - Matthew Carr
[2023-02-01T19:10:00.081+0000] {logging_mixin.py:137} INFO - Thomas Duncan
[2023-02-01T19:10:00.084+0000] {logging_mixin.py:137} INFO - Elizabeth Wright
[2023-02-01T19:10:00.086+0000] {logging_mixin.py:137} INFO - Jacqueline Brewer
[2023-02-01T19:10:00.090+0000] {logging_mixin.py:137} INFO - Stephanie Johnson
[2023-02-01T19:10:00.093+0000] {logging_mixin.py:137} INFO - Samantha Calderon
[2023-02-01T19:10:00.095+0000] {logging_mixin.py:137} INFO - Kathryn Gaines
[2023-02-01T19:10:00.097+0000] {logging_mixin.py:137} INFO - Angel Jones
[2023-02-01T19:10:00.099+0000] {logging_mixin.py:137} INFO - Laura Wall
[2023-02-01T19:10:00.101+0000] {logging_mixin.py:137} INFO - Mr. Anthony Hamilton
[2023-02-01T19:10:00.106+0000] {logging_mixin.py:137} INFO - David Smith
[2023-02-01T19:10:00.111+0000] {logging_mixin.py:137} INFO - Kimberly Herrera DDS
[2023-02-01T19:10:00.122+0000] {logging_mixin.py:137} INFO - Gina Wilson
[2023-02-01T19:10:00.125+0000] {logging_mixin.py:137} INFO - Timothy Byrd
[2023-02-01T19:10:00.127+0000] {logging_mixin.py:137} INFO - Michael Mckenzie
[2023-02-01T19:10:00.130+0000] {logging_mixin.py:137} INFO - Jeffrey Mcintyre
[2023-02-01T19:10:00.136+0000] {logging_mixin.py:137} INFO - Teresa Jackson
[2023-02-01T19:10:00.142+0000] {logging_mixin.py:137} INFO - Joseph Wilcox
[2023-02-01T19:10:00.153+0000] {logging_mixin.py:137} INFO - Patrick Mcknight
[2023-02-01T19:10:00.156+0000] {logging_mixin.py:137} INFO - Ronald Moreno
[2023-02-01T19:10:00.158+0000] {logging_mixin.py:137} INFO - Jamie Sullivan
[2023-02-01T19:10:00.162+0000] {logging_mixin.py:137} INFO - Jason Anderson
[2023-02-01T19:10:00.170+0000] {logging_mixin.py:137} INFO - Steven Stewart
[2023-02-01T19:10:00.177+0000] {logging_mixin.py:137} INFO - Melinda Paul
[2023-02-01T19:10:00.180+0000] {logging_mixin.py:137} INFO - Cynthia Simmons
[2023-02-01T19:10:00.189+0000] {logging_mixin.py:137} INFO - Christian Smith
[2023-02-01T19:10:00.194+0000] {logging_mixin.py:137} INFO - William Jimenez
[2023-02-01T19:10:00.199+0000] {logging_mixin.py:137} INFO - Hayley French
[2023-02-01T19:10:00.204+0000] {logging_mixin.py:137} INFO - Brandon Hess
[2023-02-01T19:10:00.210+0000] {logging_mixin.py:137} INFO - Laura Perry
[2023-02-01T19:10:00.218+0000] {logging_mixin.py:137} INFO - Scott Jones
[2023-02-01T19:10:00.223+0000] {logging_mixin.py:137} INFO - Christine Hernandez
[2023-02-01T19:10:00.229+0000] {logging_mixin.py:137} INFO - Douglas Eaton
[2023-02-01T19:10:00.231+0000] {logging_mixin.py:137} INFO - William Soto
[2023-02-01T19:10:00.234+0000] {logging_mixin.py:137} INFO - Mary Jones
[2023-02-01T19:10:00.236+0000] {logging_mixin.py:137} INFO - Stephanie Holmes
[2023-02-01T19:10:00.239+0000] {logging_mixin.py:137} INFO - Keith Meyers
[2023-02-01T19:10:00.241+0000] {logging_mixin.py:137} INFO - Paul Fisher
[2023-02-01T19:10:00.242+0000] {logging_mixin.py:137} INFO - Emily Alexander
[2023-02-01T19:10:00.245+0000] {logging_mixin.py:137} INFO - Anthony Schwartz
[2023-02-01T19:10:00.247+0000] {logging_mixin.py:137} INFO - Evelyn Jacobs
[2023-02-01T19:10:00.251+0000] {logging_mixin.py:137} INFO - Connie Jones
[2023-02-01T19:10:00.252+0000] {logging_mixin.py:137} INFO - Carla Gibbs
[2023-02-01T19:10:00.254+0000] {logging_mixin.py:137} INFO - Ashley Santiago
[2023-02-01T19:10:00.263+0000] {logging_mixin.py:137} INFO - Micheal Mckee
[2023-02-01T19:10:00.270+0000] {logging_mixin.py:137} INFO - Diane Williams
[2023-02-01T19:10:00.275+0000] {logging_mixin.py:137} INFO - Jesse Velasquez
[2023-02-01T19:10:00.284+0000] {logging_mixin.py:137} INFO - Jennifer Rodriguez
[2023-02-01T19:10:00.293+0000] {logging_mixin.py:137} INFO - Joe Griffin
[2023-02-01T19:10:00.299+0000] {logging_mixin.py:137} INFO - Gary Cherry
[2023-02-01T19:10:00.310+0000] {logging_mixin.py:137} INFO - Alyssa Edwards
[2023-02-01T19:10:00.313+0000] {logging_mixin.py:137} INFO - Caroline Hernandez MD
[2023-02-01T19:10:00.316+0000] {logging_mixin.py:137} INFO - Jessica Morton
[2023-02-01T19:10:00.337+0000] {logging_mixin.py:137} INFO - Holly Jones
[2023-02-01T19:10:00.346+0000] {logging_mixin.py:137} INFO - David Shelton
[2023-02-01T19:10:00.352+0000] {logging_mixin.py:137} INFO - Kristina Parks
[2023-02-01T19:10:00.359+0000] {logging_mixin.py:137} INFO - Laurie Hernandez
[2023-02-01T19:10:00.364+0000] {logging_mixin.py:137} INFO - Melissa James
[2023-02-01T19:10:00.367+0000] {logging_mixin.py:137} INFO - Jeremiah Adams
[2023-02-01T19:10:00.384+0000] {logging_mixin.py:137} INFO - Arthur Robinson
[2023-02-01T19:10:00.391+0000] {logging_mixin.py:137} INFO - Anna Shepard
[2023-02-01T19:10:00.395+0000] {logging_mixin.py:137} INFO - Brandon Myers
[2023-02-01T19:10:00.406+0000] {logging_mixin.py:137} INFO - Paul Cardenas
[2023-02-01T19:10:00.408+0000] {logging_mixin.py:137} INFO - Megan Santana
[2023-02-01T19:10:00.409+0000] {logging_mixin.py:137} INFO - Joseph Marshall
[2023-02-01T19:10:00.413+0000] {logging_mixin.py:137} INFO - Mrs. Brenda Harris
[2023-02-01T19:10:00.417+0000] {logging_mixin.py:137} INFO - Nicole Garcia
[2023-02-01T19:10:00.422+0000] {logging_mixin.py:137} INFO - Anna Estrada
[2023-02-01T19:10:00.428+0000] {logging_mixin.py:137} INFO - Carl Moore
[2023-02-01T19:10:00.433+0000] {logging_mixin.py:137} INFO - Rodney Hernandez
[2023-02-01T19:10:00.438+0000] {logging_mixin.py:137} INFO - Madison Christian
[2023-02-01T19:10:00.444+0000] {logging_mixin.py:137} INFO - Heather Rhodes
[2023-02-01T19:10:00.474+0000] {python.py:177} INFO - Done. Returned value was: None
[2023-02-01T19:10:00.541+0000] {taskinstance.py:1323} INFO - Marking task as SUCCESS. dag_id=CSV_DAG, task_id=convertCSVToJson, execution_date=20230201T123000, start_date=20230201T190954, end_date=20230201T191000
[2023-02-01T19:10:00.694+0000] {local_task_job.py:208} INFO - Task exited with return code 0
[2023-02-01T19:10:00.849+0000] {taskinstance.py:2578} INFO - 0 downstream tasks scheduled from follow-on schedule check
