[2023-02-02T10:03:30.431+0000] {taskinstance.py:1083} INFO - Dependencies all met for <TaskInstance: CSV_DAG.convertCSVToJson scheduled__2023-02-02T07:10:00+00:00 [queued]>
[2023-02-02T10:03:30.476+0000] {taskinstance.py:1083} INFO - Dependencies all met for <TaskInstance: CSV_DAG.convertCSVToJson scheduled__2023-02-02T07:10:00+00:00 [queued]>
[2023-02-02T10:03:30.481+0000] {taskinstance.py:1279} INFO - 
--------------------------------------------------------------------------------
[2023-02-02T10:03:30.484+0000] {taskinstance.py:1280} INFO - Starting attempt 1 of 2
[2023-02-02T10:03:30.485+0000] {taskinstance.py:1281} INFO - 
--------------------------------------------------------------------------------
[2023-02-02T10:03:30.529+0000] {taskinstance.py:1300} INFO - Executing <Task(PythonOperator): convertCSVToJson> on 2023-02-02 07:10:00+00:00
[2023-02-02T10:03:30.548+0000] {standard_task_runner.py:55} INFO - Started process 1263 to run task
[2023-02-02T10:03:30.563+0000] {standard_task_runner.py:82} INFO - Running: ['***', 'tasks', 'run', 'CSV_DAG', 'convertCSVToJson', 'scheduled__2023-02-02T07:10:00+00:00', '--job-id', '779', '--raw', '--subdir', 'DAGS_FOLDER/csv.py', '--cfg-path', '/tmp/tmp5iox18mn']
[2023-02-02T10:03:30.573+0000] {standard_task_runner.py:83} INFO - Job 779: Subtask convertCSVToJson
[2023-02-02T10:03:30.762+0000] {task_command.py:388} INFO - Running <TaskInstance: CSV_DAG.convertCSVToJson scheduled__2023-02-02T07:10:00+00:00 [running]> on host 06d8060e8530
[2023-02-02T10:03:30.960+0000] {taskinstance.py:1509} INFO - Exporting the following env vars:
AIRFLOW_CTX_DAG_OWNER=Kevin Chalmers
AIRFLOW_CTX_DAG_ID=CSV_DAG
AIRFLOW_CTX_TASK_ID=convertCSVToJson
AIRFLOW_CTX_EXECUTION_DATE=2023-02-02T07:10:00+00:00
AIRFLOW_CTX_TRY_NUMBER=1
AIRFLOW_CTX_DAG_RUN_ID=scheduled__2023-02-02T07:10:00+00:00
[2023-02-02T10:03:31.009+0000] {logging_mixin.py:137} INFO - Angelica Lopez
[2023-02-02T10:03:31.011+0000] {logging_mixin.py:137} INFO - Betty Wright
[2023-02-02T10:03:31.014+0000] {logging_mixin.py:137} INFO - Sara Schmidt
[2023-02-02T10:03:31.021+0000] {logging_mixin.py:137} INFO - Dr. Sherry Rodriguez
[2023-02-02T10:03:31.025+0000] {logging_mixin.py:137} INFO - Rebecca Mills
[2023-02-02T10:03:31.028+0000] {logging_mixin.py:137} INFO - Andrew Anderson
[2023-02-02T10:03:31.036+0000] {logging_mixin.py:137} INFO - Martin Everett
[2023-02-02T10:03:31.042+0000] {logging_mixin.py:137} INFO - Felicia Gregory
[2023-02-02T10:03:31.043+0000] {logging_mixin.py:137} INFO - Kara Bowers
[2023-02-02T10:03:31.047+0000] {logging_mixin.py:137} INFO - Vincent Vincent
[2023-02-02T10:03:31.052+0000] {logging_mixin.py:137} INFO - Morgan Butler
[2023-02-02T10:03:31.056+0000] {logging_mixin.py:137} INFO - Stephen Riley
[2023-02-02T10:03:31.058+0000] {logging_mixin.py:137} INFO - Wanda Thomas
[2023-02-02T10:03:31.061+0000] {logging_mixin.py:137} INFO - Michelle Schultz
[2023-02-02T10:03:31.063+0000] {logging_mixin.py:137} INFO - Christopher Rush MD
[2023-02-02T10:03:31.064+0000] {logging_mixin.py:137} INFO - Phyllis Miles
[2023-02-02T10:03:31.070+0000] {logging_mixin.py:137} INFO - Rebecca Price
[2023-02-02T10:03:31.072+0000] {logging_mixin.py:137} INFO - John Morse
[2023-02-02T10:03:31.073+0000] {logging_mixin.py:137} INFO - Nicholas Sanchez
[2023-02-02T10:03:31.076+0000] {logging_mixin.py:137} INFO - Crystal Dean
[2023-02-02T10:03:31.081+0000] {logging_mixin.py:137} INFO - Tyler Diaz
[2023-02-02T10:03:31.083+0000] {logging_mixin.py:137} INFO - Denise Mclean
[2023-02-02T10:03:31.087+0000] {logging_mixin.py:137} INFO - Daniel Grant
[2023-02-02T10:03:31.089+0000] {logging_mixin.py:137} INFO - Sandra Peterson
[2023-02-02T10:03:31.093+0000] {logging_mixin.py:137} INFO - Denise Morse
[2023-02-02T10:03:31.096+0000] {logging_mixin.py:137} INFO - Brianna Smith
[2023-02-02T10:03:31.110+0000] {logging_mixin.py:137} INFO - Tony Miller
[2023-02-02T10:03:31.115+0000] {logging_mixin.py:137} INFO - Jean Booth
[2023-02-02T10:03:31.117+0000] {logging_mixin.py:137} INFO - Penny Salazar
[2023-02-02T10:03:31.119+0000] {logging_mixin.py:137} INFO - Cathy Williams
[2023-02-02T10:03:31.129+0000] {logging_mixin.py:137} INFO - Hannah Collins
[2023-02-02T10:03:31.132+0000] {logging_mixin.py:137} INFO - Maurice Casey
[2023-02-02T10:03:31.137+0000] {logging_mixin.py:137} INFO - Patrick Walker
[2023-02-02T10:03:31.153+0000] {logging_mixin.py:137} INFO - Pamela Barton
[2023-02-02T10:03:31.154+0000] {logging_mixin.py:137} INFO - Anthony Bryant
[2023-02-02T10:03:31.156+0000] {logging_mixin.py:137} INFO - Andrew Harris
[2023-02-02T10:03:31.157+0000] {logging_mixin.py:137} INFO - Aaron Harris
[2023-02-02T10:03:31.159+0000] {logging_mixin.py:137} INFO - Maureen Soto
[2023-02-02T10:03:31.163+0000] {logging_mixin.py:137} INFO - Crystal Mcdaniel
[2023-02-02T10:03:31.165+0000] {logging_mixin.py:137} INFO - Lauren Barrett
[2023-02-02T10:03:31.170+0000] {logging_mixin.py:137} INFO - Brandon Perez
[2023-02-02T10:03:31.175+0000] {logging_mixin.py:137} INFO - Mark Robertson
[2023-02-02T10:03:31.178+0000] {logging_mixin.py:137} INFO - Nicole Gates
[2023-02-02T10:03:31.180+0000] {logging_mixin.py:137} INFO - Bradley Cruz
[2023-02-02T10:03:31.189+0000] {logging_mixin.py:137} INFO - Gina Burns
[2023-02-02T10:03:31.192+0000] {logging_mixin.py:137} INFO - Zachary Martinez
[2023-02-02T10:03:31.194+0000] {logging_mixin.py:137} INFO - Natasha Johnson
[2023-02-02T10:03:31.196+0000] {logging_mixin.py:137} INFO - Patrick Gonzales
[2023-02-02T10:03:31.201+0000] {logging_mixin.py:137} INFO - Terri Wilson
[2023-02-02T10:03:31.209+0000] {logging_mixin.py:137} INFO - Sarah Lopez
[2023-02-02T10:03:31.216+0000] {logging_mixin.py:137} INFO - Dana Turner
[2023-02-02T10:03:31.221+0000] {logging_mixin.py:137} INFO - Cynthia Johnson
[2023-02-02T10:03:31.226+0000] {logging_mixin.py:137} INFO - William Thornton
[2023-02-02T10:03:31.228+0000] {logging_mixin.py:137} INFO - James Lee
[2023-02-02T10:03:31.230+0000] {logging_mixin.py:137} INFO - Stephen Allen
[2023-02-02T10:03:31.232+0000] {logging_mixin.py:137} INFO - William Stark
[2023-02-02T10:03:31.234+0000] {logging_mixin.py:137} INFO - Michael Parker
[2023-02-02T10:03:31.238+0000] {logging_mixin.py:137} INFO - Lisa Stephens
[2023-02-02T10:03:31.241+0000] {logging_mixin.py:137} INFO - Mr. Reginald Wise DDS
[2023-02-02T10:03:31.244+0000] {logging_mixin.py:137} INFO - Alexander James
[2023-02-02T10:03:31.248+0000] {logging_mixin.py:137} INFO - Kristen West
[2023-02-02T10:03:31.251+0000] {logging_mixin.py:137} INFO - Elizabeth Sanchez
[2023-02-02T10:03:31.253+0000] {logging_mixin.py:137} INFO - Jennifer Wilson
[2023-02-02T10:03:31.256+0000] {logging_mixin.py:137} INFO - Catherine Nicholson
[2023-02-02T10:03:31.261+0000] {logging_mixin.py:137} INFO - David Henderson
[2023-02-02T10:03:31.262+0000] {logging_mixin.py:137} INFO - Stephen Davis
[2023-02-02T10:03:31.265+0000] {logging_mixin.py:137} INFO - Paul Skinner
[2023-02-02T10:03:31.268+0000] {logging_mixin.py:137} INFO - Rebecca Wong
[2023-02-02T10:03:31.271+0000] {logging_mixin.py:137} INFO - Tara Benitez
[2023-02-02T10:03:31.273+0000] {logging_mixin.py:137} INFO - Sharon Miller
[2023-02-02T10:03:31.276+0000] {logging_mixin.py:137} INFO - Cynthia Smith
[2023-02-02T10:03:31.282+0000] {logging_mixin.py:137} INFO - Jennifer Werner
[2023-02-02T10:03:31.284+0000] {logging_mixin.py:137} INFO - Rebecca Tucker
[2023-02-02T10:03:31.286+0000] {logging_mixin.py:137} INFO - Ashlee Castillo
[2023-02-02T10:03:31.287+0000] {logging_mixin.py:137} INFO - Christopher Holmes
[2023-02-02T10:03:31.291+0000] {logging_mixin.py:137} INFO - Daniel Velez
[2023-02-02T10:03:31.297+0000] {logging_mixin.py:137} INFO - Amy Serrano
[2023-02-02T10:03:31.301+0000] {logging_mixin.py:137} INFO - Alison Nash
[2023-02-02T10:03:31.304+0000] {logging_mixin.py:137} INFO - Peter Johnson
[2023-02-02T10:03:31.308+0000] {logging_mixin.py:137} INFO - Breanna Harris
[2023-02-02T10:03:31.309+0000] {logging_mixin.py:137} INFO - Eric King
[2023-02-02T10:03:31.314+0000] {logging_mixin.py:137} INFO - Patricia Oliver
[2023-02-02T10:03:31.325+0000] {logging_mixin.py:137} INFO - Denise Grimes
[2023-02-02T10:03:31.332+0000] {logging_mixin.py:137} INFO - Jill Olson
[2023-02-02T10:03:31.338+0000] {logging_mixin.py:137} INFO - Stephanie Hart
[2023-02-02T10:03:31.345+0000] {logging_mixin.py:137} INFO - Ashley Lee
[2023-02-02T10:03:31.350+0000] {logging_mixin.py:137} INFO - Kelly Barnes
[2023-02-02T10:03:31.358+0000] {logging_mixin.py:137} INFO - Christie West
[2023-02-02T10:03:31.360+0000] {logging_mixin.py:137} INFO - Todd Nolan
[2023-02-02T10:03:31.361+0000] {logging_mixin.py:137} INFO - Sarah Reed
[2023-02-02T10:03:31.366+0000] {logging_mixin.py:137} INFO - Jennifer Keith
[2023-02-02T10:03:31.373+0000] {logging_mixin.py:137} INFO - Shawn Alvarez
[2023-02-02T10:03:31.376+0000] {logging_mixin.py:137} INFO - Alexander Wilson
[2023-02-02T10:03:31.379+0000] {logging_mixin.py:137} INFO - Rachel Melendez
[2023-02-02T10:03:31.382+0000] {logging_mixin.py:137} INFO - Morgan Walters
[2023-02-02T10:03:31.384+0000] {logging_mixin.py:137} INFO - Nicole Garcia
[2023-02-02T10:03:31.390+0000] {logging_mixin.py:137} INFO - Jennifer White
[2023-02-02T10:03:31.394+0000] {logging_mixin.py:137} INFO - Leslie Shannon
[2023-02-02T10:03:31.397+0000] {logging_mixin.py:137} INFO - Lisa Clayton
[2023-02-02T10:03:31.399+0000] {logging_mixin.py:137} INFO - Zachary Molina
[2023-02-02T10:03:31.401+0000] {logging_mixin.py:137} INFO - Bruce Butler
[2023-02-02T10:03:31.405+0000] {logging_mixin.py:137} INFO - Dustin Howell
[2023-02-02T10:03:31.408+0000] {logging_mixin.py:137} INFO - Aaron Smith
[2023-02-02T10:03:31.411+0000] {logging_mixin.py:137} INFO - Kyle Green
[2023-02-02T10:03:31.413+0000] {logging_mixin.py:137} INFO - Steven Clark
[2023-02-02T10:03:31.415+0000] {logging_mixin.py:137} INFO - Robert Holden
[2023-02-02T10:03:31.417+0000] {logging_mixin.py:137} INFO - Zachary Harmon
[2023-02-02T10:03:31.419+0000] {logging_mixin.py:137} INFO - Rachel Miller
[2023-02-02T10:03:31.424+0000] {logging_mixin.py:137} INFO - Brandon Parker
[2023-02-02T10:03:31.428+0000] {logging_mixin.py:137} INFO - Walter Martin
[2023-02-02T10:03:31.430+0000] {logging_mixin.py:137} INFO - Jose Young
[2023-02-02T10:03:31.432+0000] {logging_mixin.py:137} INFO - Kelsey Long
[2023-02-02T10:03:31.434+0000] {logging_mixin.py:137} INFO - William Harper
[2023-02-02T10:03:31.436+0000] {logging_mixin.py:137} INFO - Alejandro Lambert
[2023-02-02T10:03:31.441+0000] {logging_mixin.py:137} INFO - Stephanie Carson
[2023-02-02T10:03:31.444+0000] {logging_mixin.py:137} INFO - Diana Ortega MD
[2023-02-02T10:03:31.449+0000] {logging_mixin.py:137} INFO - Janet Morales
[2023-02-02T10:03:31.453+0000] {logging_mixin.py:137} INFO - Eric Fisher
[2023-02-02T10:03:31.455+0000] {logging_mixin.py:137} INFO - Louis Baker
[2023-02-02T10:03:31.457+0000] {logging_mixin.py:137} INFO - Cindy Ward
[2023-02-02T10:03:31.459+0000] {logging_mixin.py:137} INFO - Ana Jenkins
[2023-02-02T10:03:31.460+0000] {logging_mixin.py:137} INFO - Leslie Barton
[2023-02-02T10:03:31.462+0000] {logging_mixin.py:137} INFO - Gregory Price
[2023-02-02T10:03:31.464+0000] {logging_mixin.py:137} INFO - Brandon Moore
[2023-02-02T10:03:31.466+0000] {logging_mixin.py:137} INFO - Heather Garrett
[2023-02-02T10:03:31.467+0000] {logging_mixin.py:137} INFO - Cindy Hawkins
[2023-02-02T10:03:31.474+0000] {logging_mixin.py:137} INFO - Mr. Frank Snyder Jr.
[2023-02-02T10:03:31.492+0000] {logging_mixin.py:137} INFO - Megan Wang
[2023-02-02T10:03:31.500+0000] {logging_mixin.py:137} INFO - Jennifer Fleming
[2023-02-02T10:03:31.504+0000] {logging_mixin.py:137} INFO - Gary Hodge
[2023-02-02T10:03:31.507+0000] {logging_mixin.py:137} INFO - Nichole Miller
[2023-02-02T10:03:31.509+0000] {logging_mixin.py:137} INFO - Mitchell Mendoza
[2023-02-02T10:03:31.513+0000] {logging_mixin.py:137} INFO - Bradley Horton
[2023-02-02T10:03:31.517+0000] {logging_mixin.py:137} INFO - Michelle Hess
[2023-02-02T10:03:31.521+0000] {logging_mixin.py:137} INFO - Ronald Torres
[2023-02-02T10:03:31.530+0000] {logging_mixin.py:137} INFO - Raymond Hudson
[2023-02-02T10:03:31.532+0000] {logging_mixin.py:137} INFO - Vincent Jackson
[2023-02-02T10:03:31.535+0000] {logging_mixin.py:137} INFO - Susan Carey
[2023-02-02T10:03:31.537+0000] {logging_mixin.py:137} INFO - Chase Wilson
[2023-02-02T10:03:31.540+0000] {logging_mixin.py:137} INFO - Tonya Baldwin
[2023-02-02T10:03:31.543+0000] {logging_mixin.py:137} INFO - Mrs. Tina Davis
[2023-02-02T10:03:31.552+0000] {logging_mixin.py:137} INFO - Scott Garrett
[2023-02-02T10:03:31.557+0000] {logging_mixin.py:137} INFO - Michael Wilson
[2023-02-02T10:03:31.559+0000] {logging_mixin.py:137} INFO - Andrew Orozco
[2023-02-02T10:03:31.561+0000] {logging_mixin.py:137} INFO - Troy Carson
[2023-02-02T10:03:31.567+0000] {logging_mixin.py:137} INFO - Alex Winters
[2023-02-02T10:03:31.569+0000] {logging_mixin.py:137} INFO - Toni Frank
[2023-02-02T10:03:31.570+0000] {logging_mixin.py:137} INFO - Kathleen Snyder
[2023-02-02T10:03:31.572+0000] {logging_mixin.py:137} INFO - Anna Lopez
[2023-02-02T10:03:31.580+0000] {logging_mixin.py:137} INFO - Charles Brown
[2023-02-02T10:03:31.584+0000] {logging_mixin.py:137} INFO - Barry Ross
[2023-02-02T10:03:31.588+0000] {logging_mixin.py:137} INFO - Emily Ramirez
[2023-02-02T10:03:31.592+0000] {logging_mixin.py:137} INFO - Anna Williams
[2023-02-02T10:03:31.598+0000] {logging_mixin.py:137} INFO - Kristin Pennington
[2023-02-02T10:03:31.600+0000] {logging_mixin.py:137} INFO - Mary Aguirre
[2023-02-02T10:03:31.602+0000] {logging_mixin.py:137} INFO - Austin Santos
[2023-02-02T10:03:31.605+0000] {logging_mixin.py:137} INFO - David Nelson
[2023-02-02T10:03:31.610+0000] {logging_mixin.py:137} INFO - Alyssa Mcbride
[2023-02-02T10:03:31.616+0000] {logging_mixin.py:137} INFO - Lisa Gibson
[2023-02-02T10:03:31.619+0000] {logging_mixin.py:137} INFO - Alexander Kelly
[2023-02-02T10:03:31.622+0000] {logging_mixin.py:137} INFO - Ronald Thomas
[2023-02-02T10:03:31.627+0000] {logging_mixin.py:137} INFO - Michael Hurst
[2023-02-02T10:03:31.633+0000] {logging_mixin.py:137} INFO - Lauren Ward
[2023-02-02T10:03:31.636+0000] {logging_mixin.py:137} INFO - Christian Terry
[2023-02-02T10:03:31.639+0000] {logging_mixin.py:137} INFO - Jared Black
[2023-02-02T10:03:31.647+0000] {logging_mixin.py:137} INFO - Anthony Brown
[2023-02-02T10:03:31.653+0000] {logging_mixin.py:137} INFO - John Cole
[2023-02-02T10:03:31.656+0000] {logging_mixin.py:137} INFO - David Lee
[2023-02-02T10:03:31.661+0000] {logging_mixin.py:137} INFO - Lori Thomas
[2023-02-02T10:03:31.664+0000] {logging_mixin.py:137} INFO - Daniel Herman
[2023-02-02T10:03:31.667+0000] {logging_mixin.py:137} INFO - Pam Williams
[2023-02-02T10:03:31.669+0000] {logging_mixin.py:137} INFO - Sarah Jenkins
[2023-02-02T10:03:31.672+0000] {logging_mixin.py:137} INFO - Susan Mitchell
[2023-02-02T10:03:31.684+0000] {logging_mixin.py:137} INFO - Jacqueline Green
[2023-02-02T10:03:31.687+0000] {logging_mixin.py:137} INFO - Victoria Garrison
[2023-02-02T10:03:31.692+0000] {logging_mixin.py:137} INFO - Jonathan Daniels
[2023-02-02T10:03:31.695+0000] {logging_mixin.py:137} INFO - Trevor Hansen
[2023-02-02T10:03:31.701+0000] {logging_mixin.py:137} INFO - Laurie Bowen
[2023-02-02T10:03:31.705+0000] {logging_mixin.py:137} INFO - James Cline
[2023-02-02T10:03:31.715+0000] {logging_mixin.py:137} INFO - Michael Rose
[2023-02-02T10:03:31.721+0000] {logging_mixin.py:137} INFO - Lawrence Juarez
[2023-02-02T10:03:31.723+0000] {logging_mixin.py:137} INFO - Lucas Caldwell
[2023-02-02T10:03:31.725+0000] {logging_mixin.py:137} INFO - Laura Jackson
[2023-02-02T10:03:31.727+0000] {logging_mixin.py:137} INFO - Sherri Thornton
[2023-02-02T10:03:31.735+0000] {logging_mixin.py:137} INFO - Alice Wilson
[2023-02-02T10:03:31.741+0000] {logging_mixin.py:137} INFO - Diane Williams
[2023-02-02T10:03:31.743+0000] {logging_mixin.py:137} INFO - Kara Martin
[2023-02-02T10:03:31.744+0000] {logging_mixin.py:137} INFO - Joseph Moore
[2023-02-02T10:03:31.746+0000] {logging_mixin.py:137} INFO - Jesse Moses
[2023-02-02T10:03:31.747+0000] {logging_mixin.py:137} INFO - Lisa Mccall
[2023-02-02T10:03:31.751+0000] {logging_mixin.py:137} INFO - Alexandra Mccoy
[2023-02-02T10:03:31.762+0000] {logging_mixin.py:137} INFO - Daniel Martin
[2023-02-02T10:03:31.763+0000] {logging_mixin.py:137} INFO - Claudia Peck
[2023-02-02T10:03:31.765+0000] {logging_mixin.py:137} INFO - Jessica Mcconnell
[2023-02-02T10:03:31.768+0000] {logging_mixin.py:137} INFO - Kevin Walker
[2023-02-02T10:03:31.770+0000] {logging_mixin.py:137} INFO - Christina Lee
[2023-02-02T10:03:31.772+0000] {logging_mixin.py:137} INFO - Christopher Schroeder
[2023-02-02T10:03:31.774+0000] {logging_mixin.py:137} INFO - Melissa Parker
[2023-02-02T10:03:31.775+0000] {logging_mixin.py:137} INFO - Janet Molina
[2023-02-02T10:03:31.777+0000] {logging_mixin.py:137} INFO - Barbara Harris
[2023-02-02T10:03:31.780+0000] {logging_mixin.py:137} INFO - Joseph Hurley
[2023-02-02T10:03:31.782+0000] {logging_mixin.py:137} INFO - Greg Hayden
[2023-02-02T10:03:31.789+0000] {logging_mixin.py:137} INFO - Edwin Adams
[2023-02-02T10:03:31.792+0000] {logging_mixin.py:137} INFO - Ashley Hunter
[2023-02-02T10:03:31.798+0000] {logging_mixin.py:137} INFO - Jennifer Tucker
[2023-02-02T10:03:31.807+0000] {logging_mixin.py:137} INFO - Eddie Gray
[2023-02-02T10:03:31.811+0000] {logging_mixin.py:137} INFO - Jennifer Evans
[2023-02-02T10:03:31.813+0000] {logging_mixin.py:137} INFO - Stephen Carey
[2023-02-02T10:03:31.815+0000] {logging_mixin.py:137} INFO - Samantha Campos
[2023-02-02T10:03:31.818+0000] {logging_mixin.py:137} INFO - Meagan Brown
[2023-02-02T10:03:31.821+0000] {logging_mixin.py:137} INFO - Miss Marisa Barber
[2023-02-02T10:03:31.824+0000] {logging_mixin.py:137} INFO - Jay Mann
[2023-02-02T10:03:31.827+0000] {logging_mixin.py:137} INFO - Matthew Campbell
[2023-02-02T10:03:31.830+0000] {logging_mixin.py:137} INFO - Brent Rodriguez
[2023-02-02T10:03:31.832+0000] {logging_mixin.py:137} INFO - Teresa Ross
[2023-02-02T10:03:31.834+0000] {logging_mixin.py:137} INFO - Mary Martinez
[2023-02-02T10:03:31.835+0000] {logging_mixin.py:137} INFO - Joseph Lewis
[2023-02-02T10:03:31.837+0000] {logging_mixin.py:137} INFO - Dale Davis
[2023-02-02T10:03:31.847+0000] {logging_mixin.py:137} INFO - Elizabeth Evans
[2023-02-02T10:03:31.850+0000] {logging_mixin.py:137} INFO - Shannon Wang
[2023-02-02T10:03:31.855+0000] {logging_mixin.py:137} INFO - Brandon Campbell
[2023-02-02T10:03:31.857+0000] {logging_mixin.py:137} INFO - Rhonda Pace
[2023-02-02T10:03:31.858+0000] {logging_mixin.py:137} INFO - Sarah Santos
[2023-02-02T10:03:31.861+0000] {logging_mixin.py:137} INFO - Jacob Ford
[2023-02-02T10:03:31.866+0000] {logging_mixin.py:137} INFO - Matthew Hansen
[2023-02-02T10:03:31.869+0000] {logging_mixin.py:137} INFO - Amy Ray
[2023-02-02T10:03:31.871+0000] {logging_mixin.py:137} INFO - Aaron Fields
[2023-02-02T10:03:31.879+0000] {logging_mixin.py:137} INFO - Mary Taylor
[2023-02-02T10:03:31.881+0000] {logging_mixin.py:137} INFO - James Morris
[2023-02-02T10:03:31.883+0000] {logging_mixin.py:137} INFO - Darrell Cain
[2023-02-02T10:03:31.887+0000] {logging_mixin.py:137} INFO - Michael Smith
[2023-02-02T10:03:31.892+0000] {logging_mixin.py:137} INFO - Scott Coleman
[2023-02-02T10:03:31.899+0000] {logging_mixin.py:137} INFO - David Fitzpatrick
[2023-02-02T10:03:31.909+0000] {logging_mixin.py:137} INFO - Debra Shepherd
[2023-02-02T10:03:31.918+0000] {logging_mixin.py:137} INFO - Paul Rush
[2023-02-02T10:03:31.920+0000] {logging_mixin.py:137} INFO - Brett Hernandez
[2023-02-02T10:03:31.922+0000] {logging_mixin.py:137} INFO - Sheila Riddle
[2023-02-02T10:03:31.925+0000] {logging_mixin.py:137} INFO - Joan Austin
[2023-02-02T10:03:31.927+0000] {logging_mixin.py:137} INFO - Michael Garcia
[2023-02-02T10:03:31.929+0000] {logging_mixin.py:137} INFO - Natalie Harris
[2023-02-02T10:03:31.933+0000] {logging_mixin.py:137} INFO - Steven Dean
[2023-02-02T10:03:31.934+0000] {logging_mixin.py:137} INFO - John Brown
[2023-02-02T10:03:31.936+0000] {logging_mixin.py:137} INFO - Keith Zimmerman
[2023-02-02T10:03:31.938+0000] {logging_mixin.py:137} INFO - Curtis Byrd
[2023-02-02T10:03:31.939+0000] {logging_mixin.py:137} INFO - Mariah Green
[2023-02-02T10:03:31.941+0000] {logging_mixin.py:137} INFO - Roger Huynh
[2023-02-02T10:03:31.942+0000] {logging_mixin.py:137} INFO - Christopher Zamora
[2023-02-02T10:03:31.948+0000] {logging_mixin.py:137} INFO - Joyce Crawford
[2023-02-02T10:03:31.950+0000] {logging_mixin.py:137} INFO - Angela Smith
[2023-02-02T10:03:31.954+0000] {logging_mixin.py:137} INFO - Veronica Robinson
[2023-02-02T10:03:31.958+0000] {logging_mixin.py:137} INFO - Christopher Bates
[2023-02-02T10:03:31.959+0000] {logging_mixin.py:137} INFO - Steve Stone
[2023-02-02T10:03:31.962+0000] {logging_mixin.py:137} INFO - William Cook
[2023-02-02T10:03:31.964+0000] {logging_mixin.py:137} INFO - Lori Wood
[2023-02-02T10:03:31.967+0000] {logging_mixin.py:137} INFO - Jillian Reynolds
[2023-02-02T10:03:31.972+0000] {logging_mixin.py:137} INFO - Angela Caldwell
[2023-02-02T10:03:31.977+0000] {logging_mixin.py:137} INFO - Shane Campbell
[2023-02-02T10:03:31.979+0000] {logging_mixin.py:137} INFO - Karen Lawrence
[2023-02-02T10:03:31.982+0000] {logging_mixin.py:137} INFO - Kimberly Wood
[2023-02-02T10:03:31.985+0000] {logging_mixin.py:137} INFO - Samantha Lopez
[2023-02-02T10:03:31.988+0000] {logging_mixin.py:137} INFO - Harold Miller
[2023-02-02T10:03:31.991+0000] {logging_mixin.py:137} INFO - Raymond Cooper DVM
[2023-02-02T10:03:31.992+0000] {logging_mixin.py:137} INFO - Kristen Patel
[2023-02-02T10:03:31.994+0000] {logging_mixin.py:137} INFO - Anthony Mejia
[2023-02-02T10:03:31.997+0000] {logging_mixin.py:137} INFO - Raymond Thomas
[2023-02-02T10:03:31.999+0000] {logging_mixin.py:137} INFO - Scott Young
[2023-02-02T10:03:32.000+0000] {logging_mixin.py:137} INFO - David Larson
[2023-02-02T10:03:32.002+0000] {logging_mixin.py:137} INFO - Jon Murray
[2023-02-02T10:03:32.004+0000] {logging_mixin.py:137} INFO - Stephen Taylor
[2023-02-02T10:03:32.007+0000] {logging_mixin.py:137} INFO - Jennifer Hernandez
[2023-02-02T10:03:32.009+0000] {logging_mixin.py:137} INFO - Stacy Smith
[2023-02-02T10:03:32.011+0000] {logging_mixin.py:137} INFO - Juan Owens
[2023-02-02T10:03:32.012+0000] {logging_mixin.py:137} INFO - Brian Adkins
[2023-02-02T10:03:32.014+0000] {logging_mixin.py:137} INFO - Jesse Wells
[2023-02-02T10:03:32.018+0000] {logging_mixin.py:137} INFO - Kyle Matthews
[2023-02-02T10:03:32.019+0000] {logging_mixin.py:137} INFO - Dustin Russell
[2023-02-02T10:03:32.021+0000] {logging_mixin.py:137} INFO - Richard White
[2023-02-02T10:03:32.022+0000] {logging_mixin.py:137} INFO - Brittany Nichols
[2023-02-02T10:03:32.023+0000] {logging_mixin.py:137} INFO - Colton Kelly
[2023-02-02T10:03:32.025+0000] {logging_mixin.py:137} INFO - William Perry
[2023-02-02T10:03:32.027+0000] {logging_mixin.py:137} INFO - Thomas Cummings
[2023-02-02T10:03:32.030+0000] {logging_mixin.py:137} INFO - Timothy Ballard
[2023-02-02T10:03:32.032+0000] {logging_mixin.py:137} INFO - Richard Washington
[2023-02-02T10:03:32.034+0000] {logging_mixin.py:137} INFO - Joshua Lam
[2023-02-02T10:03:32.036+0000] {logging_mixin.py:137} INFO - Grant Jackson
[2023-02-02T10:03:32.037+0000] {logging_mixin.py:137} INFO - Erin Baker
[2023-02-02T10:03:32.041+0000] {logging_mixin.py:137} INFO - Scott Flowers
[2023-02-02T10:03:32.043+0000] {logging_mixin.py:137} INFO - James Adams
[2023-02-02T10:03:32.044+0000] {logging_mixin.py:137} INFO - Heather Alvarado
[2023-02-02T10:03:32.047+0000] {logging_mixin.py:137} INFO - Jennifer Snow
[2023-02-02T10:03:32.049+0000] {logging_mixin.py:137} INFO - Mario Jackson
[2023-02-02T10:03:32.050+0000] {logging_mixin.py:137} INFO - Kevin Collins
[2023-02-02T10:03:32.054+0000] {logging_mixin.py:137} INFO - Danielle Garcia
[2023-02-02T10:03:32.056+0000] {logging_mixin.py:137} INFO - Brenda Jackson
[2023-02-02T10:03:32.057+0000] {logging_mixin.py:137} INFO - Ashley Parker
[2023-02-02T10:03:32.060+0000] {logging_mixin.py:137} INFO - Angela Hickman
[2023-02-02T10:03:32.062+0000] {logging_mixin.py:137} INFO - Carol Rodriguez
[2023-02-02T10:03:32.064+0000] {logging_mixin.py:137} INFO - Vernon Anderson
[2023-02-02T10:03:32.067+0000] {logging_mixin.py:137} INFO - Jesus Church
[2023-02-02T10:03:32.070+0000] {logging_mixin.py:137} INFO - Michelle Medina
[2023-02-02T10:03:32.072+0000] {logging_mixin.py:137} INFO - Nancy Bryant
[2023-02-02T10:03:32.076+0000] {logging_mixin.py:137} INFO - Jennifer Martinez
[2023-02-02T10:03:32.078+0000] {logging_mixin.py:137} INFO - Amy Dougherty
[2023-02-02T10:03:32.081+0000] {logging_mixin.py:137} INFO - Alexis Sanders
[2023-02-02T10:03:32.084+0000] {logging_mixin.py:137} INFO - Austin Salazar
[2023-02-02T10:03:32.086+0000] {logging_mixin.py:137} INFO - Amy Williams
[2023-02-02T10:03:32.089+0000] {logging_mixin.py:137} INFO - Richard Haynes
[2023-02-02T10:03:32.091+0000] {logging_mixin.py:137} INFO - Christine Stark
[2023-02-02T10:03:32.092+0000] {logging_mixin.py:137} INFO - Anita Medina
[2023-02-02T10:03:32.095+0000] {logging_mixin.py:137} INFO - Mr. Thomas Duran
[2023-02-02T10:03:32.097+0000] {logging_mixin.py:137} INFO - Mr. Russell Peterson
[2023-02-02T10:03:32.098+0000] {logging_mixin.py:137} INFO - Jack Richard
[2023-02-02T10:03:32.100+0000] {logging_mixin.py:137} INFO - Michelle Erickson
[2023-02-02T10:03:32.102+0000] {logging_mixin.py:137} INFO - Mitchell Williams
[2023-02-02T10:03:32.103+0000] {logging_mixin.py:137} INFO - Adrian Herrera
[2023-02-02T10:03:32.104+0000] {logging_mixin.py:137} INFO - Michael Brady
[2023-02-02T10:03:32.107+0000] {logging_mixin.py:137} INFO - Jamie Zhang
[2023-02-02T10:03:32.109+0000] {logging_mixin.py:137} INFO - Helen Brennan
[2023-02-02T10:03:32.110+0000] {logging_mixin.py:137} INFO - John Myers
[2023-02-02T10:03:32.112+0000] {logging_mixin.py:137} INFO - Patricia Nash
[2023-02-02T10:03:32.113+0000] {logging_mixin.py:137} INFO - Michael Johnson
[2023-02-02T10:03:32.115+0000] {logging_mixin.py:137} INFO - Anita Berger
[2023-02-02T10:03:32.116+0000] {logging_mixin.py:137} INFO - Jason Guerrero DVM
[2023-02-02T10:03:32.120+0000] {logging_mixin.py:137} INFO - Kimberly Davis
[2023-02-02T10:03:32.123+0000] {logging_mixin.py:137} INFO - Bryan Hansen
[2023-02-02T10:03:32.124+0000] {logging_mixin.py:137} INFO - Rebecca Obrien
[2023-02-02T10:03:32.125+0000] {logging_mixin.py:137} INFO - Sarah Santiago
[2023-02-02T10:03:32.128+0000] {logging_mixin.py:137} INFO - Christine Lane
[2023-02-02T10:03:32.129+0000] {logging_mixin.py:137} INFO - Jerry Lewis
[2023-02-02T10:03:32.132+0000] {logging_mixin.py:137} INFO - Stephanie Miller
[2023-02-02T10:03:32.133+0000] {logging_mixin.py:137} INFO - Kristi Bradley
[2023-02-02T10:03:32.135+0000] {logging_mixin.py:137} INFO - Darren Moore
[2023-02-02T10:03:32.136+0000] {logging_mixin.py:137} INFO - Kristina Cunningham
[2023-02-02T10:03:32.138+0000] {logging_mixin.py:137} INFO - Laurie Moore
[2023-02-02T10:03:32.139+0000] {logging_mixin.py:137} INFO - Aaron Lewis
[2023-02-02T10:03:32.141+0000] {logging_mixin.py:137} INFO - Theresa Vang
[2023-02-02T10:03:32.143+0000] {logging_mixin.py:137} INFO - Chase Reese
[2023-02-02T10:03:32.146+0000] {logging_mixin.py:137} INFO - Matthew Ferguson
[2023-02-02T10:03:32.149+0000] {logging_mixin.py:137} INFO - Victoria Lewis
[2023-02-02T10:03:32.151+0000] {logging_mixin.py:137} INFO - Jon Scott
[2023-02-02T10:03:32.152+0000] {logging_mixin.py:137} INFO - Lisa Campbell
[2023-02-02T10:03:32.154+0000] {logging_mixin.py:137} INFO - David Ramirez
[2023-02-02T10:03:32.156+0000] {logging_mixin.py:137} INFO - Gabriel Rosario
[2023-02-02T10:03:32.160+0000] {logging_mixin.py:137} INFO - Kristi Johnson
[2023-02-02T10:03:32.164+0000] {logging_mixin.py:137} INFO - Jennifer Schwartz
[2023-02-02T10:03:32.165+0000] {logging_mixin.py:137} INFO - Daniel Norton
[2023-02-02T10:03:32.167+0000] {logging_mixin.py:137} INFO - Richard Montoya
[2023-02-02T10:03:32.169+0000] {logging_mixin.py:137} INFO - Daniel Norris
[2023-02-02T10:03:32.172+0000] {logging_mixin.py:137} INFO - Chad Taylor
[2023-02-02T10:03:32.174+0000] {logging_mixin.py:137} INFO - Angie Allen
[2023-02-02T10:03:32.177+0000] {logging_mixin.py:137} INFO - Michael Brooks
[2023-02-02T10:03:32.180+0000] {logging_mixin.py:137} INFO - Hannah Poole
[2023-02-02T10:03:32.182+0000] {logging_mixin.py:137} INFO - Caitlin Ray
[2023-02-02T10:03:32.185+0000] {logging_mixin.py:137} INFO - Mr. Steven Gardner
[2023-02-02T10:03:32.187+0000] {logging_mixin.py:137} INFO - Jennifer Macdonald
[2023-02-02T10:03:32.188+0000] {logging_mixin.py:137} INFO - Vanessa Small
[2023-02-02T10:03:32.190+0000] {logging_mixin.py:137} INFO - Dennis Gray
[2023-02-02T10:03:32.194+0000] {logging_mixin.py:137} INFO - Sandra Kirk
[2023-02-02T10:03:32.195+0000] {logging_mixin.py:137} INFO - Jason Wagner
[2023-02-02T10:03:32.197+0000] {logging_mixin.py:137} INFO - David Owen
[2023-02-02T10:03:32.199+0000] {logging_mixin.py:137} INFO - Rose Terrell
[2023-02-02T10:03:32.200+0000] {logging_mixin.py:137} INFO - James Green MD
[2023-02-02T10:03:32.201+0000] {logging_mixin.py:137} INFO - Tammy Patel
[2023-02-02T10:03:32.202+0000] {logging_mixin.py:137} INFO - Joseph Lucero
[2023-02-02T10:03:32.206+0000] {logging_mixin.py:137} INFO - Stephanie Rojas
[2023-02-02T10:03:32.208+0000] {logging_mixin.py:137} INFO - Brittany Johnson
[2023-02-02T10:03:32.210+0000] {logging_mixin.py:137} INFO - Christina Cummings
[2023-02-02T10:03:32.211+0000] {logging_mixin.py:137} INFO - Eric Downs
[2023-02-02T10:03:32.212+0000] {logging_mixin.py:137} INFO - Paul Finley
[2023-02-02T10:03:32.214+0000] {logging_mixin.py:137} INFO - Danielle Jackson
[2023-02-02T10:03:32.215+0000] {logging_mixin.py:137} INFO - Anna Johnston
[2023-02-02T10:03:32.217+0000] {logging_mixin.py:137} INFO - Ashlee Hodges
[2023-02-02T10:03:32.218+0000] {logging_mixin.py:137} INFO - Thomas Francis
[2023-02-02T10:03:32.219+0000] {logging_mixin.py:137} INFO - Cody Baird
[2023-02-02T10:03:32.222+0000] {logging_mixin.py:137} INFO - Jeffrey Walter
[2023-02-02T10:03:32.225+0000] {logging_mixin.py:137} INFO - Hannah West
[2023-02-02T10:03:32.227+0000] {logging_mixin.py:137} INFO - Anthony Byrd
[2023-02-02T10:03:32.228+0000] {logging_mixin.py:137} INFO - Julie Ramirez
[2023-02-02T10:03:32.229+0000] {logging_mixin.py:137} INFO - Seth Peters
[2023-02-02T10:03:32.231+0000] {logging_mixin.py:137} INFO - Keith Salas
[2023-02-02T10:03:32.232+0000] {logging_mixin.py:137} INFO - Kathryn Evans
[2023-02-02T10:03:32.235+0000] {logging_mixin.py:137} INFO - Dr. Maria Scott
[2023-02-02T10:03:32.236+0000] {logging_mixin.py:137} INFO - Brenda Thomas
[2023-02-02T10:03:32.238+0000] {logging_mixin.py:137} INFO - Travis Douglas
[2023-02-02T10:03:32.239+0000] {logging_mixin.py:137} INFO - Kurt Santos
[2023-02-02T10:03:32.241+0000] {logging_mixin.py:137} INFO - Sean Parrish
[2023-02-02T10:03:32.243+0000] {logging_mixin.py:137} INFO - Brittany Walls
[2023-02-02T10:03:32.244+0000] {logging_mixin.py:137} INFO - Gail Brooks
[2023-02-02T10:03:32.247+0000] {logging_mixin.py:137} INFO - Valerie Johnson
[2023-02-02T10:03:32.249+0000] {logging_mixin.py:137} INFO - Jessica Dunn
[2023-02-02T10:03:32.251+0000] {logging_mixin.py:137} INFO - Chad Robinson
[2023-02-02T10:03:32.253+0000] {logging_mixin.py:137} INFO - Catherine Combs
[2023-02-02T10:03:32.256+0000] {logging_mixin.py:137} INFO - Joshua Boyd
[2023-02-02T10:03:32.257+0000] {logging_mixin.py:137} INFO - Alicia Barnett DVM
[2023-02-02T10:03:32.260+0000] {logging_mixin.py:137} INFO - Kevin Cervantes
[2023-02-02T10:03:32.261+0000] {logging_mixin.py:137} INFO - Larry Lester
[2023-02-02T10:03:32.263+0000] {logging_mixin.py:137} INFO - Deanna Espinoza
[2023-02-02T10:03:32.265+0000] {logging_mixin.py:137} INFO - Marilyn Davis
[2023-02-02T10:03:32.266+0000] {logging_mixin.py:137} INFO - Michael Weeks
[2023-02-02T10:03:32.269+0000] {logging_mixin.py:137} INFO - Brandon Stanton
[2023-02-02T10:03:32.272+0000] {logging_mixin.py:137} INFO - Ryan Boyer Jr.
[2023-02-02T10:03:32.275+0000] {logging_mixin.py:137} INFO - Amanda Elliott
[2023-02-02T10:03:32.278+0000] {logging_mixin.py:137} INFO - David Moore
[2023-02-02T10:03:32.281+0000] {logging_mixin.py:137} INFO - Andre Williams
[2023-02-02T10:03:32.285+0000] {logging_mixin.py:137} INFO - Jennifer Garcia
[2023-02-02T10:03:32.287+0000] {logging_mixin.py:137} INFO - Tracey Cook
[2023-02-02T10:03:32.288+0000] {logging_mixin.py:137} INFO - Michael Turner
[2023-02-02T10:03:32.289+0000] {logging_mixin.py:137} INFO - Diana Long
[2023-02-02T10:03:32.290+0000] {logging_mixin.py:137} INFO - John Bradley
[2023-02-02T10:03:32.291+0000] {logging_mixin.py:137} INFO - Ann Benjamin
[2023-02-02T10:03:32.293+0000] {logging_mixin.py:137} INFO - Shane House
[2023-02-02T10:03:32.295+0000] {logging_mixin.py:137} INFO - Erin Lee
[2023-02-02T10:03:32.298+0000] {logging_mixin.py:137} INFO - Joseph Gray
[2023-02-02T10:03:32.300+0000] {logging_mixin.py:137} INFO - Betty Gibson
[2023-02-02T10:03:32.301+0000] {logging_mixin.py:137} INFO - Kristen Graham
[2023-02-02T10:03:32.303+0000] {logging_mixin.py:137} INFO - Daniel Meza
[2023-02-02T10:03:32.305+0000] {logging_mixin.py:137} INFO - Sherri Carpenter
[2023-02-02T10:03:32.307+0000] {logging_mixin.py:137} INFO - Andrea Sanchez
[2023-02-02T10:03:32.308+0000] {logging_mixin.py:137} INFO - Jordan Rios
[2023-02-02T10:03:32.310+0000] {logging_mixin.py:137} INFO - Elizabeth Jackson
[2023-02-02T10:03:32.311+0000] {logging_mixin.py:137} INFO - Elizabeth Myers
[2023-02-02T10:03:32.313+0000] {logging_mixin.py:137} INFO - Juan Barnes
[2023-02-02T10:03:32.316+0000] {logging_mixin.py:137} INFO - Christopher Lozano
[2023-02-02T10:03:32.319+0000] {logging_mixin.py:137} INFO - Jacqueline Griffin
[2023-02-02T10:03:32.321+0000] {logging_mixin.py:137} INFO - Ryan Mason
[2023-02-02T10:03:32.323+0000] {logging_mixin.py:137} INFO - Jonathan Moore
[2023-02-02T10:03:32.324+0000] {logging_mixin.py:137} INFO - Abigail Landry
[2023-02-02T10:03:32.327+0000] {logging_mixin.py:137} INFO - Brenda Hernandez
[2023-02-02T10:03:32.332+0000] {logging_mixin.py:137} INFO - Zachary Pitts
[2023-02-02T10:03:32.334+0000] {logging_mixin.py:137} INFO - Amanda Rogers
[2023-02-02T10:03:32.336+0000] {logging_mixin.py:137} INFO - Cynthia Gray
[2023-02-02T10:03:32.337+0000] {logging_mixin.py:137} INFO - Tyler Barajas
[2023-02-02T10:03:32.339+0000] {logging_mixin.py:137} INFO - Michelle Leon
[2023-02-02T10:03:32.341+0000] {logging_mixin.py:137} INFO - Kathy Lang
[2023-02-02T10:03:32.342+0000] {logging_mixin.py:137} INFO - Scott Townsend MD
[2023-02-02T10:03:32.345+0000] {logging_mixin.py:137} INFO - Theresa Acosta
[2023-02-02T10:03:32.346+0000] {logging_mixin.py:137} INFO - David Jones
[2023-02-02T10:03:32.350+0000] {logging_mixin.py:137} INFO - Jeremy Robinson
[2023-02-02T10:03:32.352+0000] {logging_mixin.py:137} INFO - James Newton
[2023-02-02T10:03:32.354+0000] {logging_mixin.py:137} INFO - Tracey Wells
[2023-02-02T10:03:32.356+0000] {logging_mixin.py:137} INFO - Maria Nelson
[2023-02-02T10:03:32.357+0000] {logging_mixin.py:137} INFO - Christopher Griffith
[2023-02-02T10:03:32.358+0000] {logging_mixin.py:137} INFO - Zachary Griffin
[2023-02-02T10:03:32.360+0000] {logging_mixin.py:137} INFO - Amy Nguyen
[2023-02-02T10:03:32.361+0000] {logging_mixin.py:137} INFO - April Williams
[2023-02-02T10:03:32.362+0000] {logging_mixin.py:137} INFO - Marissa Kelly
[2023-02-02T10:03:32.363+0000] {logging_mixin.py:137} INFO - Brian Lopez PhD
[2023-02-02T10:03:32.365+0000] {logging_mixin.py:137} INFO - William Williams
[2023-02-02T10:03:32.368+0000] {logging_mixin.py:137} INFO - Norman Brown
[2023-02-02T10:03:32.369+0000] {logging_mixin.py:137} INFO - Charles Fuentes
[2023-02-02T10:03:32.370+0000] {logging_mixin.py:137} INFO - Anthony Chang
[2023-02-02T10:03:32.372+0000] {logging_mixin.py:137} INFO - Mary Bell
[2023-02-02T10:03:32.375+0000] {logging_mixin.py:137} INFO - Elizabeth Stuart
[2023-02-02T10:03:32.383+0000] {logging_mixin.py:137} INFO - Mary Mcdonald
[2023-02-02T10:03:32.385+0000] {logging_mixin.py:137} INFO - Martin Harrison
[2023-02-02T10:03:32.386+0000] {logging_mixin.py:137} INFO - Stephanie Fernandez
[2023-02-02T10:03:32.389+0000] {logging_mixin.py:137} INFO - Christopher Brown
[2023-02-02T10:03:32.390+0000] {logging_mixin.py:137} INFO - Alexander Stephenson
[2023-02-02T10:03:32.392+0000] {logging_mixin.py:137} INFO - Grace Diaz
[2023-02-02T10:03:32.394+0000] {logging_mixin.py:137} INFO - Frank Bartlett
[2023-02-02T10:03:32.397+0000] {logging_mixin.py:137} INFO - Audrey Andersen
[2023-02-02T10:03:32.399+0000] {logging_mixin.py:137} INFO - David Green
[2023-02-02T10:03:32.401+0000] {logging_mixin.py:137} INFO - Joshua Diaz Jr.
[2023-02-02T10:03:32.403+0000] {logging_mixin.py:137} INFO - Emily Garcia
[2023-02-02T10:03:32.404+0000] {logging_mixin.py:137} INFO - Devin Hall
[2023-02-02T10:03:32.406+0000] {logging_mixin.py:137} INFO - Phillip Garner
[2023-02-02T10:03:32.414+0000] {logging_mixin.py:137} INFO - Katherine Estrada
[2023-02-02T10:03:32.416+0000] {logging_mixin.py:137} INFO - Corey Saunders
[2023-02-02T10:03:32.418+0000] {logging_mixin.py:137} INFO - Kimberly Collins
[2023-02-02T10:03:32.419+0000] {logging_mixin.py:137} INFO - Amy Elliott
[2023-02-02T10:03:32.420+0000] {logging_mixin.py:137} INFO - Tanya Jones
[2023-02-02T10:03:32.422+0000] {logging_mixin.py:137} INFO - Patricia Gonzalez
[2023-02-02T10:03:32.425+0000] {logging_mixin.py:137} INFO - Jennifer Hill
[2023-02-02T10:03:32.427+0000] {logging_mixin.py:137} INFO - John Haynes
[2023-02-02T10:03:32.428+0000] {logging_mixin.py:137} INFO - Jacob Henry
[2023-02-02T10:03:32.430+0000] {logging_mixin.py:137} INFO - Daniel Clark
[2023-02-02T10:03:32.432+0000] {logging_mixin.py:137} INFO - Jonathon Taylor
[2023-02-02T10:03:32.434+0000] {logging_mixin.py:137} INFO - Jesse Evans
[2023-02-02T10:03:32.436+0000] {logging_mixin.py:137} INFO - James Martinez
[2023-02-02T10:03:32.438+0000] {logging_mixin.py:137} INFO - Kyle Reyes
[2023-02-02T10:03:32.445+0000] {logging_mixin.py:137} INFO - Terrence Barker
[2023-02-02T10:03:32.446+0000] {logging_mixin.py:137} INFO - Anthony Washington
[2023-02-02T10:03:32.448+0000] {logging_mixin.py:137} INFO - Dustin Le
[2023-02-02T10:03:32.449+0000] {logging_mixin.py:137} INFO - Bruce Clark
[2023-02-02T10:03:32.451+0000] {logging_mixin.py:137} INFO - Keith Anthony
[2023-02-02T10:03:32.455+0000] {logging_mixin.py:137} INFO - Jeremiah Stone
[2023-02-02T10:03:32.457+0000] {logging_mixin.py:137} INFO - Michael Haley
[2023-02-02T10:03:32.459+0000] {logging_mixin.py:137} INFO - Regina Carrillo
[2023-02-02T10:03:32.461+0000] {logging_mixin.py:137} INFO - Jacob Lee
[2023-02-02T10:03:32.463+0000] {logging_mixin.py:137} INFO - Thomas Gonzalez
[2023-02-02T10:03:32.467+0000] {logging_mixin.py:137} INFO - Mark Lawrence
[2023-02-02T10:03:32.471+0000] {logging_mixin.py:137} INFO - Matthew Anderson
[2023-02-02T10:03:32.473+0000] {logging_mixin.py:137} INFO - Nicholas Young
[2023-02-02T10:03:32.475+0000] {logging_mixin.py:137} INFO - Melvin Martinez
[2023-02-02T10:03:32.477+0000] {logging_mixin.py:137} INFO - Scott Green
[2023-02-02T10:03:32.479+0000] {logging_mixin.py:137} INFO - Dana Richards
[2023-02-02T10:03:32.481+0000] {logging_mixin.py:137} INFO - Lauren Moore
[2023-02-02T10:03:32.484+0000] {logging_mixin.py:137} INFO - Terry Campbell
[2023-02-02T10:03:32.486+0000] {logging_mixin.py:137} INFO - Ralph Jordan
[2023-02-02T10:03:32.489+0000] {logging_mixin.py:137} INFO - Noah Reyes
[2023-02-02T10:03:32.491+0000] {logging_mixin.py:137} INFO - Mr. Gregory Mills MD
[2023-02-02T10:03:32.496+0000] {logging_mixin.py:137} INFO - Michelle Yates
[2023-02-02T10:03:32.497+0000] {logging_mixin.py:137} INFO - Robin Reyes
[2023-02-02T10:03:32.499+0000] {logging_mixin.py:137} INFO - Rebecca Smith
[2023-02-02T10:03:32.501+0000] {logging_mixin.py:137} INFO - Nicole Torres
[2023-02-02T10:03:32.502+0000] {logging_mixin.py:137} INFO - Ronald Jones
[2023-02-02T10:03:32.504+0000] {logging_mixin.py:137} INFO - Michael Castaneda
[2023-02-02T10:03:32.506+0000] {logging_mixin.py:137} INFO - Christopher Krueger
[2023-02-02T10:03:32.508+0000] {logging_mixin.py:137} INFO - Jennifer Werner
[2023-02-02T10:03:32.509+0000] {logging_mixin.py:137} INFO - Ashley Smith
[2023-02-02T10:03:32.511+0000] {logging_mixin.py:137} INFO - Alyssa Fields
[2023-02-02T10:03:32.512+0000] {logging_mixin.py:137} INFO - John Scott
[2023-02-02T10:03:32.516+0000] {logging_mixin.py:137} INFO - Debra Delacruz
[2023-02-02T10:03:32.518+0000] {logging_mixin.py:137} INFO - James Madden
[2023-02-02T10:03:32.520+0000] {logging_mixin.py:137} INFO - Joseph Gentry
[2023-02-02T10:03:32.521+0000] {logging_mixin.py:137} INFO - Ashley Cabrera
[2023-02-02T10:03:32.523+0000] {logging_mixin.py:137} INFO - Jennifer Fernandez
[2023-02-02T10:03:32.525+0000] {logging_mixin.py:137} INFO - James Harris
[2023-02-02T10:03:32.527+0000] {logging_mixin.py:137} INFO - Candice Young
[2023-02-02T10:03:32.528+0000] {logging_mixin.py:137} INFO - Lisa Baker
[2023-02-02T10:03:32.533+0000] {logging_mixin.py:137} INFO - Brian Mills DDS
[2023-02-02T10:03:32.540+0000] {logging_mixin.py:137} INFO - Kristin Smith
[2023-02-02T10:03:32.541+0000] {logging_mixin.py:137} INFO - Jacob Collins
[2023-02-02T10:03:32.544+0000] {logging_mixin.py:137} INFO - Kimberly Harris
[2023-02-02T10:03:32.545+0000] {logging_mixin.py:137} INFO - Michael Hull
[2023-02-02T10:03:32.548+0000] {logging_mixin.py:137} INFO - Caitlin Todd
[2023-02-02T10:03:32.549+0000] {logging_mixin.py:137} INFO - Lisa Harris
[2023-02-02T10:03:32.552+0000] {logging_mixin.py:137} INFO - Mrs. Ann Stone
[2023-02-02T10:03:32.553+0000] {logging_mixin.py:137} INFO - Michelle Case
[2023-02-02T10:03:32.569+0000] {logging_mixin.py:137} INFO - Joe Lowe
[2023-02-02T10:03:32.573+0000] {logging_mixin.py:137} INFO - Randall Dunn
[2023-02-02T10:03:32.578+0000] {logging_mixin.py:137} INFO - Paula Vargas
[2023-02-02T10:03:32.579+0000] {logging_mixin.py:137} INFO - Daniel Walker
[2023-02-02T10:03:32.582+0000] {logging_mixin.py:137} INFO - James Jackson
[2023-02-02T10:03:32.583+0000] {logging_mixin.py:137} INFO - Shirley Woodard
[2023-02-02T10:03:32.585+0000] {logging_mixin.py:137} INFO - James Hayes
[2023-02-02T10:03:32.586+0000] {logging_mixin.py:137} INFO - Megan Austin
[2023-02-02T10:03:32.589+0000] {logging_mixin.py:137} INFO - Erin Robertson
[2023-02-02T10:03:32.603+0000] {logging_mixin.py:137} INFO - Robert Phillips
[2023-02-02T10:03:32.605+0000] {logging_mixin.py:137} INFO - Amy Torres
[2023-02-02T10:03:32.607+0000] {logging_mixin.py:137} INFO - Joshua Cox
[2023-02-02T10:03:32.610+0000] {logging_mixin.py:137} INFO - Duane Grimes
[2023-02-02T10:03:32.611+0000] {logging_mixin.py:137} INFO - Jennifer Burgess
[2023-02-02T10:03:32.613+0000] {logging_mixin.py:137} INFO - Carlos Duran
[2023-02-02T10:03:32.614+0000] {logging_mixin.py:137} INFO - Jason Johnson
[2023-02-02T10:03:32.616+0000] {logging_mixin.py:137} INFO - Cameron Greer
[2023-02-02T10:03:32.617+0000] {logging_mixin.py:137} INFO - Randall Williams
[2023-02-02T10:03:32.618+0000] {logging_mixin.py:137} INFO - Jessica Harris
[2023-02-02T10:03:32.620+0000] {logging_mixin.py:137} INFO - Joshua Rogers
[2023-02-02T10:03:32.621+0000] {logging_mixin.py:137} INFO - Jose Mahoney
[2023-02-02T10:03:32.627+0000] {logging_mixin.py:137} INFO - Brandy Fuentes
[2023-02-02T10:03:32.628+0000] {logging_mixin.py:137} INFO - Angelica Matthews
[2023-02-02T10:03:32.630+0000] {logging_mixin.py:137} INFO - Glenn Caldwell
[2023-02-02T10:03:32.631+0000] {logging_mixin.py:137} INFO - Cristian Delacruz
[2023-02-02T10:03:32.634+0000] {logging_mixin.py:137} INFO - Alexandra Price
[2023-02-02T10:03:32.636+0000] {logging_mixin.py:137} INFO - Heather Wilson
[2023-02-02T10:03:32.638+0000] {logging_mixin.py:137} INFO - Shawn Thompson
[2023-02-02T10:03:32.639+0000] {logging_mixin.py:137} INFO - Anna Daniel
[2023-02-02T10:03:32.641+0000] {logging_mixin.py:137} INFO - Joseph Cisneros
[2023-02-02T10:03:32.643+0000] {logging_mixin.py:137} INFO - Rebecca Estes
[2023-02-02T10:03:32.644+0000] {logging_mixin.py:137} INFO - Jeremy Porter
[2023-02-02T10:03:32.646+0000] {logging_mixin.py:137} INFO - Lisa Mann
[2023-02-02T10:03:32.647+0000] {logging_mixin.py:137} INFO - Michael Woods
[2023-02-02T10:03:32.649+0000] {logging_mixin.py:137} INFO - Madison Thompson
[2023-02-02T10:03:32.651+0000] {logging_mixin.py:137} INFO - Nancy Gomez
[2023-02-02T10:03:32.655+0000] {logging_mixin.py:137} INFO - Julie Blanchard
[2023-02-02T10:03:32.657+0000] {logging_mixin.py:137} INFO - Michael Smith
[2023-02-02T10:03:32.658+0000] {logging_mixin.py:137} INFO - Angel Huber
[2023-02-02T10:03:32.661+0000] {logging_mixin.py:137} INFO - Michael Coffey
[2023-02-02T10:03:32.663+0000] {logging_mixin.py:137} INFO - Patrick Walter
[2023-02-02T10:03:32.664+0000] {logging_mixin.py:137} INFO - Curtis Davis
[2023-02-02T10:03:32.667+0000] {logging_mixin.py:137} INFO - Kyle Stewart
[2023-02-02T10:03:32.669+0000] {logging_mixin.py:137} INFO - Angela Jimenez
[2023-02-02T10:03:32.671+0000] {logging_mixin.py:137} INFO - Andrew Martinez
[2023-02-02T10:03:32.673+0000] {logging_mixin.py:137} INFO - Angela West
[2023-02-02T10:03:32.676+0000] {logging_mixin.py:137} INFO - Ryan Young
[2023-02-02T10:03:32.678+0000] {logging_mixin.py:137} INFO - Nathaniel Evans
[2023-02-02T10:03:32.679+0000] {logging_mixin.py:137} INFO - Dawn Bryant
[2023-02-02T10:03:32.680+0000] {logging_mixin.py:137} INFO - Danielle Lewis
[2023-02-02T10:03:32.682+0000] {logging_mixin.py:137} INFO - Matthew Newman
[2023-02-02T10:03:32.684+0000] {logging_mixin.py:137} INFO - Robert Smith
[2023-02-02T10:03:32.686+0000] {logging_mixin.py:137} INFO - Melissa Hicks
[2023-02-02T10:03:32.688+0000] {logging_mixin.py:137} INFO - Emily Lambert
[2023-02-02T10:03:32.694+0000] {logging_mixin.py:137} INFO - Krystal Wolfe
[2023-02-02T10:03:32.696+0000] {logging_mixin.py:137} INFO - Donna Murillo
[2023-02-02T10:03:32.697+0000] {logging_mixin.py:137} INFO - Carl Hudson
[2023-02-02T10:03:32.704+0000] {logging_mixin.py:137} INFO - Robert Wilson
[2023-02-02T10:03:32.705+0000] {logging_mixin.py:137} INFO - Patrick Mathis
[2023-02-02T10:03:32.707+0000] {logging_mixin.py:137} INFO - Michael Suarez
[2023-02-02T10:03:32.708+0000] {logging_mixin.py:137} INFO - David Johnson
[2023-02-02T10:03:32.711+0000] {logging_mixin.py:137} INFO - William Thompson
[2023-02-02T10:03:32.712+0000] {logging_mixin.py:137} INFO - Jessica Hansen DVM
[2023-02-02T10:03:32.714+0000] {logging_mixin.py:137} INFO - Katherine Friedman
[2023-02-02T10:03:32.717+0000] {logging_mixin.py:137} INFO - Jillian Johnson
[2023-02-02T10:03:32.718+0000] {logging_mixin.py:137} INFO - Robert Mckee
[2023-02-02T10:03:32.720+0000] {logging_mixin.py:137} INFO - Rachel Little
[2023-02-02T10:03:32.722+0000] {logging_mixin.py:137} INFO - Patricia Smith
[2023-02-02T10:03:32.724+0000] {logging_mixin.py:137} INFO - Heidi Martinez
[2023-02-02T10:03:32.726+0000] {logging_mixin.py:137} INFO - Caitlin Solomon
[2023-02-02T10:03:32.727+0000] {logging_mixin.py:137} INFO - Dr. Olivia Pugh
[2023-02-02T10:03:32.731+0000] {logging_mixin.py:137} INFO - John Steele DDS
[2023-02-02T10:03:32.733+0000] {logging_mixin.py:137} INFO - Jeremy Mathews
[2023-02-02T10:03:32.734+0000] {logging_mixin.py:137} INFO - Tiffany Hill
[2023-02-02T10:03:32.735+0000] {logging_mixin.py:137} INFO - Steven Edwards
[2023-02-02T10:03:32.737+0000] {logging_mixin.py:137} INFO - Charles Campbell
[2023-02-02T10:03:32.738+0000] {logging_mixin.py:137} INFO - Brett Hughes
[2023-02-02T10:03:32.739+0000] {logging_mixin.py:137} INFO - Christina Villegas
[2023-02-02T10:03:32.741+0000] {logging_mixin.py:137} INFO - Anthony Garcia
[2023-02-02T10:03:32.742+0000] {logging_mixin.py:137} INFO - Nathan Murphy
[2023-02-02T10:03:32.746+0000] {logging_mixin.py:137} INFO - Steven Dodson
[2023-02-02T10:03:32.748+0000] {logging_mixin.py:137} INFO - Brian Sullivan
[2023-02-02T10:03:32.749+0000] {logging_mixin.py:137} INFO - Renee White
[2023-02-02T10:03:32.750+0000] {logging_mixin.py:137} INFO - Laura Rowland
[2023-02-02T10:03:32.752+0000] {logging_mixin.py:137} INFO - John Moore
[2023-02-02T10:03:32.753+0000] {logging_mixin.py:137} INFO - Sophia Mckenzie
[2023-02-02T10:03:32.754+0000] {logging_mixin.py:137} INFO - David Roach
[2023-02-02T10:03:32.756+0000] {logging_mixin.py:137} INFO - Jennifer Patterson
[2023-02-02T10:03:32.757+0000] {logging_mixin.py:137} INFO - James Richards
[2023-02-02T10:03:32.758+0000] {logging_mixin.py:137} INFO - Mary Johnston
[2023-02-02T10:03:32.761+0000] {logging_mixin.py:137} INFO - Brandon Mcdaniel
[2023-02-02T10:03:32.763+0000] {logging_mixin.py:137} INFO - Meghan Stevenson
[2023-02-02T10:03:32.764+0000] {logging_mixin.py:137} INFO - Luis Hayes
[2023-02-02T10:03:32.766+0000] {logging_mixin.py:137} INFO - Alejandra Sloan
[2023-02-02T10:03:32.768+0000] {logging_mixin.py:137} INFO - Dr. Sandra Miller
[2023-02-02T10:03:32.769+0000] {logging_mixin.py:137} INFO - Dustin Bond
[2023-02-02T10:03:32.770+0000] {logging_mixin.py:137} INFO - Julia Patrick MD
[2023-02-02T10:03:32.771+0000] {logging_mixin.py:137} INFO - Jill Campbell
[2023-02-02T10:03:32.773+0000] {logging_mixin.py:137} INFO - Mark Ford
[2023-02-02T10:03:32.774+0000] {logging_mixin.py:137} INFO - Brian Long
[2023-02-02T10:03:32.776+0000] {logging_mixin.py:137} INFO - Lisa Peterson
[2023-02-02T10:03:32.778+0000] {logging_mixin.py:137} INFO - Matthew Lee
[2023-02-02T10:03:32.779+0000] {logging_mixin.py:137} INFO - Bradley Miller
[2023-02-02T10:03:32.780+0000] {logging_mixin.py:137} INFO - Jeffrey Moss
[2023-02-02T10:03:32.781+0000] {logging_mixin.py:137} INFO - Sara Carlson
[2023-02-02T10:03:32.783+0000] {logging_mixin.py:137} INFO - Daniel Rodriguez
[2023-02-02T10:03:32.784+0000] {logging_mixin.py:137} INFO - Jeremy David
[2023-02-02T10:03:32.785+0000] {logging_mixin.py:137} INFO - Eric Green
[2023-02-02T10:03:32.787+0000] {logging_mixin.py:137} INFO - Alexis Jones
[2023-02-02T10:03:32.789+0000] {logging_mixin.py:137} INFO - Matthew Rose
[2023-02-02T10:03:32.793+0000] {logging_mixin.py:137} INFO - Catherine Anderson
[2023-02-02T10:03:32.794+0000] {logging_mixin.py:137} INFO - Holly Burton
[2023-02-02T10:03:32.796+0000] {logging_mixin.py:137} INFO - David Matthews
[2023-02-02T10:03:32.797+0000] {logging_mixin.py:137} INFO - Mrs. Kara Little
[2023-02-02T10:03:32.798+0000] {logging_mixin.py:137} INFO - Jeffrey Stanley
[2023-02-02T10:03:32.799+0000] {logging_mixin.py:137} INFO - James Ochoa
[2023-02-02T10:03:32.801+0000] {logging_mixin.py:137} INFO - Jason Frye
[2023-02-02T10:03:32.803+0000] {logging_mixin.py:137} INFO - Christopher Ellis
[2023-02-02T10:03:32.804+0000] {logging_mixin.py:137} INFO - Michelle Nixon
[2023-02-02T10:03:32.806+0000] {logging_mixin.py:137} INFO - Andrew Gill
[2023-02-02T10:03:32.807+0000] {logging_mixin.py:137} INFO - Jennifer Wilson
[2023-02-02T10:03:32.809+0000] {logging_mixin.py:137} INFO - Shawn Black
[2023-02-02T10:03:32.810+0000] {logging_mixin.py:137} INFO - April Patterson
[2023-02-02T10:03:32.814+0000] {logging_mixin.py:137} INFO - Troy Vaughn
[2023-02-02T10:03:32.816+0000] {logging_mixin.py:137} INFO - Alexandria White
[2023-02-02T10:03:32.818+0000] {logging_mixin.py:137} INFO - Scott Phillips
[2023-02-02T10:03:32.819+0000] {logging_mixin.py:137} INFO - Zachary Cisneros
[2023-02-02T10:03:32.821+0000] {logging_mixin.py:137} INFO - Deborah Brown
[2023-02-02T10:03:32.822+0000] {logging_mixin.py:137} INFO - Monica Moses
[2023-02-02T10:03:32.824+0000] {logging_mixin.py:137} INFO - Brenda Reyes
[2023-02-02T10:03:32.825+0000] {logging_mixin.py:137} INFO - Miss Renee Allen
[2023-02-02T10:03:32.827+0000] {logging_mixin.py:137} INFO - Susan Clark
[2023-02-02T10:03:32.829+0000] {logging_mixin.py:137} INFO - Brandy Coffey
[2023-02-02T10:03:32.830+0000] {logging_mixin.py:137} INFO - Brett Nelson
[2023-02-02T10:03:32.831+0000] {logging_mixin.py:137} INFO - Ricardo Young
[2023-02-02T10:03:32.833+0000] {logging_mixin.py:137} INFO - Paul Lee
[2023-02-02T10:03:32.836+0000] {logging_mixin.py:137} INFO - David Allen
[2023-02-02T10:03:32.838+0000] {logging_mixin.py:137} INFO - Andrea Knight
[2023-02-02T10:03:32.839+0000] {logging_mixin.py:137} INFO - James Gomez
[2023-02-02T10:03:32.840+0000] {logging_mixin.py:137} INFO - Melody Gibson
[2023-02-02T10:03:32.841+0000] {logging_mixin.py:137} INFO - Christina Martinez
[2023-02-02T10:03:32.843+0000] {logging_mixin.py:137} INFO - Shelby Smith
[2023-02-02T10:03:32.844+0000] {logging_mixin.py:137} INFO - Jason Howard
[2023-02-02T10:03:32.845+0000] {logging_mixin.py:137} INFO - Amy Davidson
[2023-02-02T10:03:32.846+0000] {logging_mixin.py:137} INFO - Kyle Copeland
[2023-02-02T10:03:32.848+0000] {logging_mixin.py:137} INFO - Madeline Davis
[2023-02-02T10:03:32.849+0000] {logging_mixin.py:137} INFO - Aaron Young
[2023-02-02T10:03:32.850+0000] {logging_mixin.py:137} INFO - Lisa Barrett
[2023-02-02T10:03:32.851+0000] {logging_mixin.py:137} INFO - Joel Jones
[2023-02-02T10:03:32.854+0000] {logging_mixin.py:137} INFO - Christine Evans
[2023-02-02T10:03:32.855+0000] {logging_mixin.py:137} INFO - Kimberly Johnson
[2023-02-02T10:03:32.857+0000] {logging_mixin.py:137} INFO - Charles Hess
[2023-02-02T10:03:32.860+0000] {logging_mixin.py:137} INFO - Paul Dixon
[2023-02-02T10:03:32.861+0000] {logging_mixin.py:137} INFO - Christopher Johnson
[2023-02-02T10:03:32.863+0000] {logging_mixin.py:137} INFO - Robert Dawson
[2023-02-02T10:03:32.865+0000] {logging_mixin.py:137} INFO - Ryan Dixon
[2023-02-02T10:03:32.866+0000] {logging_mixin.py:137} INFO - Julie Martinez
[2023-02-02T10:03:32.869+0000] {logging_mixin.py:137} INFO - David Adams
[2023-02-02T10:03:32.870+0000] {logging_mixin.py:137} INFO - Mariah Brown
[2023-02-02T10:03:32.872+0000] {logging_mixin.py:137} INFO - Deborah Malone
[2023-02-02T10:03:32.874+0000] {logging_mixin.py:137} INFO - John Brown
[2023-02-02T10:03:32.875+0000] {logging_mixin.py:137} INFO - Maria Stewart
[2023-02-02T10:03:32.877+0000] {logging_mixin.py:137} INFO - Mr. Bryan Hawkins
[2023-02-02T10:03:32.880+0000] {logging_mixin.py:137} INFO - Kyle Brooks
[2023-02-02T10:03:32.882+0000] {logging_mixin.py:137} INFO - Kenneth White
[2023-02-02T10:03:32.883+0000] {logging_mixin.py:137} INFO - Patricia Wilson
[2023-02-02T10:03:32.885+0000] {logging_mixin.py:137} INFO - Paul Soto
[2023-02-02T10:03:32.887+0000] {logging_mixin.py:137} INFO - Janice Garrett
[2023-02-02T10:03:32.890+0000] {logging_mixin.py:137} INFO - Randy Strickland
[2023-02-02T10:03:32.893+0000] {logging_mixin.py:137} INFO - Felicia Herrera
[2023-02-02T10:03:32.895+0000] {logging_mixin.py:137} INFO - Andre Campos
[2023-02-02T10:03:32.896+0000] {logging_mixin.py:137} INFO - Justin Meyer
[2023-02-02T10:03:32.898+0000] {logging_mixin.py:137} INFO - Brandon Brooks
[2023-02-02T10:03:32.900+0000] {logging_mixin.py:137} INFO - Abigail Rivera
[2023-02-02T10:03:32.901+0000] {logging_mixin.py:137} INFO - Jessica Mann
[2023-02-02T10:03:32.902+0000] {logging_mixin.py:137} INFO - Michael Sawyer
[2023-02-02T10:03:32.903+0000] {logging_mixin.py:137} INFO - Jeffrey Coleman
[2023-02-02T10:03:32.905+0000] {logging_mixin.py:137} INFO - Micheal Castro
[2023-02-02T10:03:32.907+0000] {logging_mixin.py:137} INFO - Laura Gonzalez
[2023-02-02T10:03:32.908+0000] {logging_mixin.py:137} INFO - Christopher Jackson
[2023-02-02T10:03:32.910+0000] {logging_mixin.py:137} INFO - William Mckenzie
[2023-02-02T10:03:32.911+0000] {logging_mixin.py:137} INFO - Kristina Rodriguez
[2023-02-02T10:03:32.912+0000] {logging_mixin.py:137} INFO - Kelli Williams
[2023-02-02T10:03:32.914+0000] {logging_mixin.py:137} INFO - Diane Norris
[2023-02-02T10:03:32.915+0000] {logging_mixin.py:137} INFO - Kevin Carroll
[2023-02-02T10:03:32.916+0000] {logging_mixin.py:137} INFO - Betty Weber
[2023-02-02T10:03:32.917+0000] {logging_mixin.py:137} INFO - Jeffery Robinson
[2023-02-02T10:03:32.919+0000] {logging_mixin.py:137} INFO - Hannah Cowan
[2023-02-02T10:03:32.920+0000] {logging_mixin.py:137} INFO - Brian Kramer
[2023-02-02T10:03:32.921+0000] {logging_mixin.py:137} INFO - Anthony Roberts
[2023-02-02T10:03:32.924+0000] {logging_mixin.py:137} INFO - Ricardo Blankenship
[2023-02-02T10:03:32.925+0000] {logging_mixin.py:137} INFO - Brooke Collins
[2023-02-02T10:03:32.926+0000] {logging_mixin.py:137} INFO - Tammy Lawson
[2023-02-02T10:03:32.927+0000] {logging_mixin.py:137} INFO - Cody Miller
[2023-02-02T10:03:32.928+0000] {logging_mixin.py:137} INFO - Dr. Janice Salazar
[2023-02-02T10:03:32.930+0000] {logging_mixin.py:137} INFO - David West
[2023-02-02T10:03:32.932+0000] {logging_mixin.py:137} INFO - Robin Carpenter
[2023-02-02T10:03:32.934+0000] {logging_mixin.py:137} INFO - Monique Wall
[2023-02-02T10:03:32.935+0000] {logging_mixin.py:137} INFO - Charles Cardenas
[2023-02-02T10:03:32.936+0000] {logging_mixin.py:137} INFO - Valerie Mitchell
[2023-02-02T10:03:32.937+0000] {logging_mixin.py:137} INFO - Michelle Valenzuela
[2023-02-02T10:03:32.938+0000] {logging_mixin.py:137} INFO - William Poole
[2023-02-02T10:03:32.939+0000] {logging_mixin.py:137} INFO - James Hall
[2023-02-02T10:03:32.940+0000] {logging_mixin.py:137} INFO - Dylan Carpenter
[2023-02-02T10:03:32.942+0000] {logging_mixin.py:137} INFO - Linda Medina
[2023-02-02T10:03:32.943+0000] {logging_mixin.py:137} INFO - Joan White
[2023-02-02T10:03:32.944+0000] {logging_mixin.py:137} INFO - Mary Klein
[2023-02-02T10:03:32.945+0000] {logging_mixin.py:137} INFO - Ashley Wolf
[2023-02-02T10:03:32.947+0000] {logging_mixin.py:137} INFO - William Reed
[2023-02-02T10:03:32.948+0000] {logging_mixin.py:137} INFO - Derek Harvey
[2023-02-02T10:03:32.950+0000] {logging_mixin.py:137} INFO - Kathleen Rodriguez
[2023-02-02T10:03:32.950+0000] {logging_mixin.py:137} INFO - Andrew Rodriguez
[2023-02-02T10:03:32.951+0000] {logging_mixin.py:137} INFO - Ariel Frank
[2023-02-02T10:03:32.953+0000] {logging_mixin.py:137} INFO - Tina French
[2023-02-02T10:03:32.953+0000] {logging_mixin.py:137} INFO - Brent Waller
[2023-02-02T10:03:32.954+0000] {logging_mixin.py:137} INFO - Kevin Allen
[2023-02-02T10:03:32.955+0000] {logging_mixin.py:137} INFO - Xavier Walker
[2023-02-02T10:03:32.956+0000] {logging_mixin.py:137} INFO - Michelle Sanchez
[2023-02-02T10:03:32.957+0000] {logging_mixin.py:137} INFO - Rachael Shepard
[2023-02-02T10:03:32.958+0000] {logging_mixin.py:137} INFO - Kelsey Johnson
[2023-02-02T10:03:32.959+0000] {logging_mixin.py:137} INFO - Nicole Webb
[2023-02-02T10:03:32.960+0000] {logging_mixin.py:137} INFO - Nicholas Rodriguez
[2023-02-02T10:03:32.962+0000] {logging_mixin.py:137} INFO - Eric Vaughan
[2023-02-02T10:03:32.963+0000] {logging_mixin.py:137} INFO - Amanda Richardson
[2023-02-02T10:03:32.964+0000] {logging_mixin.py:137} INFO - Janice Carlson
[2023-02-02T10:03:32.965+0000] {logging_mixin.py:137} INFO - Darryl Walsh
[2023-02-02T10:03:32.966+0000] {logging_mixin.py:137} INFO - Heather Johnson
[2023-02-02T10:03:32.967+0000] {logging_mixin.py:137} INFO - Mark Chambers
[2023-02-02T10:03:32.968+0000] {logging_mixin.py:137} INFO - Tracy Burns
[2023-02-02T10:03:32.969+0000] {logging_mixin.py:137} INFO - John Cole
[2023-02-02T10:03:32.970+0000] {logging_mixin.py:137} INFO - Deborah Silva
[2023-02-02T10:03:32.971+0000] {logging_mixin.py:137} INFO - Shawn Hernandez
[2023-02-02T10:03:32.972+0000] {logging_mixin.py:137} INFO - Bethany Meyer
[2023-02-02T10:03:32.973+0000] {logging_mixin.py:137} INFO - Helen Smith
[2023-02-02T10:03:32.974+0000] {logging_mixin.py:137} INFO - Dana Dennis
[2023-02-02T10:03:32.976+0000] {logging_mixin.py:137} INFO - Kelsey Camacho
[2023-02-02T10:03:32.977+0000] {logging_mixin.py:137} INFO - Matthew Thomas
[2023-02-02T10:03:32.978+0000] {logging_mixin.py:137} INFO - Brittany Arellano
[2023-02-02T10:03:32.979+0000] {logging_mixin.py:137} INFO - Stacey Jones
[2023-02-02T10:03:32.980+0000] {logging_mixin.py:137} INFO - William Weeks
[2023-02-02T10:03:32.982+0000] {logging_mixin.py:137} INFO - Mark Beasley
[2023-02-02T10:03:32.983+0000] {logging_mixin.py:137} INFO - Bruce Pena
[2023-02-02T10:03:32.984+0000] {logging_mixin.py:137} INFO - Jeffery Smith
[2023-02-02T10:03:32.984+0000] {logging_mixin.py:137} INFO - Ann Deleon
[2023-02-02T10:03:32.985+0000] {logging_mixin.py:137} INFO - Kevin Robertson
[2023-02-02T10:03:32.986+0000] {logging_mixin.py:137} INFO - Vincent Willis MD
[2023-02-02T10:03:32.987+0000] {logging_mixin.py:137} INFO - Michael Nielsen
[2023-02-02T10:03:32.988+0000] {logging_mixin.py:137} INFO - Walter Koch
[2023-02-02T10:03:32.989+0000] {logging_mixin.py:137} INFO - Brian Vega
[2023-02-02T10:03:32.990+0000] {logging_mixin.py:137} INFO - Jeffrey Medina
[2023-02-02T10:03:32.991+0000] {logging_mixin.py:137} INFO - Erika Banks
[2023-02-02T10:03:32.992+0000] {logging_mixin.py:137} INFO - Stacey Griffin
[2023-02-02T10:03:32.994+0000] {logging_mixin.py:137} INFO - Michael Marsh
[2023-02-02T10:03:32.995+0000] {logging_mixin.py:137} INFO - Molly White
[2023-02-02T10:03:32.997+0000] {logging_mixin.py:137} INFO - Matthew Morrison
[2023-02-02T10:03:32.998+0000] {logging_mixin.py:137} INFO - Amanda Burns
[2023-02-02T10:03:32.999+0000] {logging_mixin.py:137} INFO - Emily Gonzalez DDS
[2023-02-02T10:03:33.001+0000] {logging_mixin.py:137} INFO - Gregory King
[2023-02-02T10:03:33.002+0000] {logging_mixin.py:137} INFO - Dennis Evans
[2023-02-02T10:03:33.003+0000] {logging_mixin.py:137} INFO - Christina Snyder
[2023-02-02T10:03:33.004+0000] {logging_mixin.py:137} INFO - Carolyn Mata
[2023-02-02T10:03:33.006+0000] {logging_mixin.py:137} INFO - Brandy Lawson
[2023-02-02T10:03:33.007+0000] {logging_mixin.py:137} INFO - Briana Christian
[2023-02-02T10:03:33.008+0000] {logging_mixin.py:137} INFO - Jeffrey Hernandez
[2023-02-02T10:03:33.010+0000] {logging_mixin.py:137} INFO - John Riggs
[2023-02-02T10:03:33.011+0000] {logging_mixin.py:137} INFO - Barbara Short
[2023-02-02T10:03:33.012+0000] {logging_mixin.py:137} INFO - Steven Brooks
[2023-02-02T10:03:33.014+0000] {logging_mixin.py:137} INFO - Gabrielle James
[2023-02-02T10:03:33.015+0000] {logging_mixin.py:137} INFO - Robert Young
[2023-02-02T10:03:33.016+0000] {logging_mixin.py:137} INFO - Derek Sanders
[2023-02-02T10:03:33.017+0000] {logging_mixin.py:137} INFO - Mallory Oliver
[2023-02-02T10:03:33.019+0000] {logging_mixin.py:137} INFO - Terry Howe
[2023-02-02T10:03:33.020+0000] {logging_mixin.py:137} INFO - Samuel Wallace
[2023-02-02T10:03:33.021+0000] {logging_mixin.py:137} INFO - Angel Jones
[2023-02-02T10:03:33.022+0000] {logging_mixin.py:137} INFO - Jacqueline Nichols
[2023-02-02T10:03:33.023+0000] {logging_mixin.py:137} INFO - Melissa Mcgee
[2023-02-02T10:03:33.024+0000] {logging_mixin.py:137} INFO - Michelle Smith
[2023-02-02T10:03:33.025+0000] {logging_mixin.py:137} INFO - Maureen Baxter
[2023-02-02T10:03:33.027+0000] {logging_mixin.py:137} INFO - Kathy Crawford
[2023-02-02T10:03:33.028+0000] {logging_mixin.py:137} INFO - Stacy Wood
[2023-02-02T10:03:33.029+0000] {logging_mixin.py:137} INFO - Justin Parsons
[2023-02-02T10:03:33.031+0000] {logging_mixin.py:137} INFO - Ann Klein
[2023-02-02T10:03:33.032+0000] {logging_mixin.py:137} INFO - Allison Arnold
[2023-02-02T10:03:33.033+0000] {logging_mixin.py:137} INFO - Heather Kirk
[2023-02-02T10:03:33.034+0000] {logging_mixin.py:137} INFO - Monica Smith
[2023-02-02T10:03:33.035+0000] {logging_mixin.py:137} INFO - Brett Oconnor
[2023-02-02T10:03:33.036+0000] {logging_mixin.py:137} INFO - Anthony Bryant
[2023-02-02T10:03:33.037+0000] {logging_mixin.py:137} INFO - Jeremy Russell
[2023-02-02T10:03:33.039+0000] {logging_mixin.py:137} INFO - Julie Poole
[2023-02-02T10:03:33.040+0000] {logging_mixin.py:137} INFO - Emma Thompson
[2023-02-02T10:03:33.041+0000] {logging_mixin.py:137} INFO - Bradley Matthews
[2023-02-02T10:03:33.042+0000] {logging_mixin.py:137} INFO - William Roberts
[2023-02-02T10:03:33.043+0000] {logging_mixin.py:137} INFO - Julie Mooney
[2023-02-02T10:03:33.044+0000] {logging_mixin.py:137} INFO - Amy Doyle
[2023-02-02T10:03:33.046+0000] {logging_mixin.py:137} INFO - Amanda Grant
[2023-02-02T10:03:33.047+0000] {logging_mixin.py:137} INFO - Eric Anderson
[2023-02-02T10:03:33.048+0000] {logging_mixin.py:137} INFO - George Thompson
[2023-02-02T10:03:33.049+0000] {logging_mixin.py:137} INFO - Dustin Hines
[2023-02-02T10:03:33.051+0000] {logging_mixin.py:137} INFO - Andrea Frank
[2023-02-02T10:03:33.052+0000] {logging_mixin.py:137} INFO - Jodi Cook
[2023-02-02T10:03:33.053+0000] {logging_mixin.py:137} INFO - Stacy Haney
[2023-02-02T10:03:33.054+0000] {logging_mixin.py:137} INFO - Paul Callahan
[2023-02-02T10:03:33.056+0000] {logging_mixin.py:137} INFO - Jasmine Chambers
[2023-02-02T10:03:33.057+0000] {logging_mixin.py:137} INFO - Melissa Pittman MD
[2023-02-02T10:03:33.058+0000] {logging_mixin.py:137} INFO - Deborah Larson
[2023-02-02T10:03:33.060+0000] {logging_mixin.py:137} INFO - Brandon Shaw
[2023-02-02T10:03:33.061+0000] {logging_mixin.py:137} INFO - Timothy Paul
[2023-02-02T10:03:33.062+0000] {logging_mixin.py:137} INFO - Michael Trujillo
[2023-02-02T10:03:33.063+0000] {logging_mixin.py:137} INFO - Robert Rivera
[2023-02-02T10:03:33.064+0000] {logging_mixin.py:137} INFO - Dana Nelson
[2023-02-02T10:03:33.065+0000] {logging_mixin.py:137} INFO - Andrea Bennett
[2023-02-02T10:03:33.066+0000] {logging_mixin.py:137} INFO - Jodi Fox
[2023-02-02T10:03:33.067+0000] {logging_mixin.py:137} INFO - Heather Hayes
[2023-02-02T10:03:33.069+0000] {logging_mixin.py:137} INFO - Jennifer Moreno
[2023-02-02T10:03:33.070+0000] {logging_mixin.py:137} INFO - John Patel
[2023-02-02T10:03:33.071+0000] {logging_mixin.py:137} INFO - Teresa Oliver
[2023-02-02T10:03:33.073+0000] {logging_mixin.py:137} INFO - Monique Bell
[2023-02-02T10:03:33.074+0000] {logging_mixin.py:137} INFO - Casey Leonard
[2023-02-02T10:03:33.076+0000] {logging_mixin.py:137} INFO - Steven Clark
[2023-02-02T10:03:33.079+0000] {logging_mixin.py:137} INFO - Edward Martin
[2023-02-02T10:03:33.080+0000] {logging_mixin.py:137} INFO - Shawn Orozco
[2023-02-02T10:03:33.081+0000] {logging_mixin.py:137} INFO - Brandon Yang
[2023-02-02T10:03:33.083+0000] {logging_mixin.py:137} INFO - Nathan Ray
[2023-02-02T10:03:33.085+0000] {logging_mixin.py:137} INFO - Lori Moore
[2023-02-02T10:03:33.086+0000] {logging_mixin.py:137} INFO - Dr. Lisa Shaw DVM
[2023-02-02T10:03:33.088+0000] {logging_mixin.py:137} INFO - Angela Walters
[2023-02-02T10:03:33.089+0000] {logging_mixin.py:137} INFO - David Nolan
[2023-02-02T10:03:33.090+0000] {logging_mixin.py:137} INFO - William Ramsey
[2023-02-02T10:03:33.092+0000] {logging_mixin.py:137} INFO - David Oconnor
[2023-02-02T10:03:33.093+0000] {logging_mixin.py:137} INFO - Mark Washington
[2023-02-02T10:03:33.094+0000] {logging_mixin.py:137} INFO - Jennifer Jacobs
[2023-02-02T10:03:33.097+0000] {logging_mixin.py:137} INFO - Tammy Hampton
[2023-02-02T10:03:33.099+0000] {logging_mixin.py:137} INFO - Stephen Farmer
[2023-02-02T10:03:33.101+0000] {logging_mixin.py:137} INFO - Jasmine Nguyen
[2023-02-02T10:03:33.102+0000] {logging_mixin.py:137} INFO - Rebecca Flores
[2023-02-02T10:03:33.103+0000] {logging_mixin.py:137} INFO - Tyler Davis
[2023-02-02T10:03:33.104+0000] {logging_mixin.py:137} INFO - Nancy Gray
[2023-02-02T10:03:33.105+0000] {logging_mixin.py:137} INFO - Brian Sanchez
[2023-02-02T10:03:33.107+0000] {logging_mixin.py:137} INFO - Laurie Shaw
[2023-02-02T10:03:33.108+0000] {logging_mixin.py:137} INFO - Kristina Torres
[2023-02-02T10:03:33.109+0000] {logging_mixin.py:137} INFO - Andrea Rodgers
[2023-02-02T10:03:33.110+0000] {logging_mixin.py:137} INFO - Jason Walters
[2023-02-02T10:03:33.111+0000] {logging_mixin.py:137} INFO - Jerry Moss
[2023-02-02T10:03:33.112+0000] {logging_mixin.py:137} INFO - Jeffrey Jordan
[2023-02-02T10:03:33.113+0000] {logging_mixin.py:137} INFO - Jennifer Wilson
[2023-02-02T10:03:33.114+0000] {logging_mixin.py:137} INFO - Trevor Mathews
[2023-02-02T10:03:33.115+0000] {logging_mixin.py:137} INFO - Anne Hood
[2023-02-02T10:03:33.116+0000] {logging_mixin.py:137} INFO - Sarah Williams
[2023-02-02T10:03:33.117+0000] {logging_mixin.py:137} INFO - Shelby Hernandez
[2023-02-02T10:03:33.118+0000] {logging_mixin.py:137} INFO - Samantha Velez
[2023-02-02T10:03:33.120+0000] {logging_mixin.py:137} INFO - Matthew Douglas
[2023-02-02T10:03:33.121+0000] {logging_mixin.py:137} INFO - Ashlee George
[2023-02-02T10:03:33.122+0000] {logging_mixin.py:137} INFO - Troy Crane
[2023-02-02T10:03:33.123+0000] {logging_mixin.py:137} INFO - Michael Cooper
[2023-02-02T10:03:33.124+0000] {logging_mixin.py:137} INFO - Michael White
[2023-02-02T10:03:33.125+0000] {logging_mixin.py:137} INFO - Mr. Timothy Fleming
[2023-02-02T10:03:33.126+0000] {logging_mixin.py:137} INFO - Seth Bruce
[2023-02-02T10:03:33.128+0000] {logging_mixin.py:137} INFO - Jacqueline Carpenter
[2023-02-02T10:03:33.130+0000] {logging_mixin.py:137} INFO - Michael Martin
[2023-02-02T10:03:33.132+0000] {logging_mixin.py:137} INFO - Kristopher Henry
[2023-02-02T10:03:33.134+0000] {logging_mixin.py:137} INFO - Tiffany Porter
[2023-02-02T10:03:33.135+0000] {logging_mixin.py:137} INFO - Stacy Simpson
[2023-02-02T10:03:33.137+0000] {logging_mixin.py:137} INFO - Tammy Mcdowell
[2023-02-02T10:03:33.138+0000] {logging_mixin.py:137} INFO - Thomas Walters
[2023-02-02T10:03:33.142+0000] {logging_mixin.py:137} INFO - Dwayne Thompson
[2023-02-02T10:03:33.144+0000] {logging_mixin.py:137} INFO - Natalie Willis
[2023-02-02T10:03:33.145+0000] {logging_mixin.py:137} INFO - Sharon Taylor
[2023-02-02T10:03:33.147+0000] {logging_mixin.py:137} INFO - Sarah Wiggins
[2023-02-02T10:03:33.148+0000] {logging_mixin.py:137} INFO - Amber Thomas
[2023-02-02T10:03:33.150+0000] {logging_mixin.py:137} INFO - Patrick Miller
[2023-02-02T10:03:33.151+0000] {logging_mixin.py:137} INFO - Stephanie Hartman
[2023-02-02T10:03:33.153+0000] {logging_mixin.py:137} INFO - Stacey Mora
[2023-02-02T10:03:33.156+0000] {logging_mixin.py:137} INFO - Katherine Rodriguez
[2023-02-02T10:03:33.157+0000] {logging_mixin.py:137} INFO - Daniel Morgan
[2023-02-02T10:03:33.159+0000] {logging_mixin.py:137} INFO - Rebecca Martinez
[2023-02-02T10:03:33.160+0000] {logging_mixin.py:137} INFO - Nicole Juarez
[2023-02-02T10:03:33.161+0000] {logging_mixin.py:137} INFO - Mark Arroyo
[2023-02-02T10:03:33.162+0000] {logging_mixin.py:137} INFO - April Lucero
[2023-02-02T10:03:33.165+0000] {logging_mixin.py:137} INFO - Samantha Garcia
[2023-02-02T10:03:33.167+0000] {logging_mixin.py:137} INFO - Jon Moore
[2023-02-02T10:03:33.168+0000] {logging_mixin.py:137} INFO - Joshua Flores MD
[2023-02-02T10:03:33.169+0000] {logging_mixin.py:137} INFO - Raymond Jones
[2023-02-02T10:03:33.171+0000] {logging_mixin.py:137} INFO - Billy Hughes
[2023-02-02T10:03:33.172+0000] {logging_mixin.py:137} INFO - Peggy Valdez PhD
[2023-02-02T10:03:33.173+0000] {logging_mixin.py:137} INFO - Joshua Reyes
[2023-02-02T10:03:33.175+0000] {logging_mixin.py:137} INFO - Aaron Green
[2023-02-02T10:03:33.176+0000] {logging_mixin.py:137} INFO - Wendy Espinoza
[2023-02-02T10:03:33.178+0000] {logging_mixin.py:137} INFO - Peter Vasquez
[2023-02-02T10:03:33.180+0000] {logging_mixin.py:137} INFO - Diane Harper
[2023-02-02T10:03:33.182+0000] {logging_mixin.py:137} INFO - Ms. Rebecca Cantu
[2023-02-02T10:03:33.183+0000] {logging_mixin.py:137} INFO - Yolanda Morrow
[2023-02-02T10:03:33.185+0000] {logging_mixin.py:137} INFO - Penny Beard
[2023-02-02T10:03:33.186+0000] {logging_mixin.py:137} INFO - Lisa Long
[2023-02-02T10:03:33.187+0000] {logging_mixin.py:137} INFO - Jerry Harris
[2023-02-02T10:03:33.189+0000] {logging_mixin.py:137} INFO - Bob Willis
[2023-02-02T10:03:33.190+0000] {logging_mixin.py:137} INFO - Duane Chapman
[2023-02-02T10:03:33.192+0000] {logging_mixin.py:137} INFO - William Morgan
[2023-02-02T10:03:33.195+0000] {logging_mixin.py:137} INFO - Amy Gutierrez
[2023-02-02T10:03:33.199+0000] {logging_mixin.py:137} INFO - Amber Nichols
[2023-02-02T10:03:33.201+0000] {logging_mixin.py:137} INFO - Matthew Carr
[2023-02-02T10:03:33.203+0000] {logging_mixin.py:137} INFO - Thomas Duncan
[2023-02-02T10:03:33.204+0000] {logging_mixin.py:137} INFO - Elizabeth Wright
[2023-02-02T10:03:33.206+0000] {logging_mixin.py:137} INFO - Jacqueline Brewer
[2023-02-02T10:03:33.208+0000] {logging_mixin.py:137} INFO - Stephanie Johnson
[2023-02-02T10:03:33.209+0000] {logging_mixin.py:137} INFO - Samantha Calderon
[2023-02-02T10:03:33.210+0000] {logging_mixin.py:137} INFO - Kathryn Gaines
[2023-02-02T10:03:33.212+0000] {logging_mixin.py:137} INFO - Angel Jones
[2023-02-02T10:03:33.213+0000] {logging_mixin.py:137} INFO - Laura Wall
[2023-02-02T10:03:33.215+0000] {logging_mixin.py:137} INFO - Mr. Anthony Hamilton
[2023-02-02T10:03:33.216+0000] {logging_mixin.py:137} INFO - David Smith
[2023-02-02T10:03:33.217+0000] {logging_mixin.py:137} INFO - Kimberly Herrera DDS
[2023-02-02T10:03:33.219+0000] {logging_mixin.py:137} INFO - Gina Wilson
[2023-02-02T10:03:33.220+0000] {logging_mixin.py:137} INFO - Timothy Byrd
[2023-02-02T10:03:33.221+0000] {logging_mixin.py:137} INFO - Michael Mckenzie
[2023-02-02T10:03:33.223+0000] {logging_mixin.py:137} INFO - Jeffrey Mcintyre
[2023-02-02T10:03:33.224+0000] {logging_mixin.py:137} INFO - Teresa Jackson
[2023-02-02T10:03:33.225+0000] {logging_mixin.py:137} INFO - Joseph Wilcox
[2023-02-02T10:03:33.226+0000] {logging_mixin.py:137} INFO - Patrick Mcknight
[2023-02-02T10:03:33.228+0000] {logging_mixin.py:137} INFO - Ronald Moreno
[2023-02-02T10:03:33.229+0000] {logging_mixin.py:137} INFO - Jamie Sullivan
[2023-02-02T10:03:33.230+0000] {logging_mixin.py:137} INFO - Jason Anderson
[2023-02-02T10:03:33.231+0000] {logging_mixin.py:137} INFO - Steven Stewart
[2023-02-02T10:03:33.232+0000] {logging_mixin.py:137} INFO - Melinda Paul
[2023-02-02T10:03:33.234+0000] {logging_mixin.py:137} INFO - Cynthia Simmons
[2023-02-02T10:03:33.235+0000] {logging_mixin.py:137} INFO - Christian Smith
[2023-02-02T10:03:33.236+0000] {logging_mixin.py:137} INFO - William Jimenez
[2023-02-02T10:03:33.238+0000] {logging_mixin.py:137} INFO - Hayley French
[2023-02-02T10:03:33.239+0000] {logging_mixin.py:137} INFO - Brandon Hess
[2023-02-02T10:03:33.240+0000] {logging_mixin.py:137} INFO - Laura Perry
[2023-02-02T10:03:33.241+0000] {logging_mixin.py:137} INFO - Scott Jones
[2023-02-02T10:03:33.242+0000] {logging_mixin.py:137} INFO - Christine Hernandez
[2023-02-02T10:03:33.243+0000] {logging_mixin.py:137} INFO - Douglas Eaton
[2023-02-02T10:03:33.244+0000] {logging_mixin.py:137} INFO - William Soto
[2023-02-02T10:03:33.245+0000] {logging_mixin.py:137} INFO - Mary Jones
[2023-02-02T10:03:33.246+0000] {logging_mixin.py:137} INFO - Stephanie Holmes
[2023-02-02T10:03:33.247+0000] {logging_mixin.py:137} INFO - Keith Meyers
[2023-02-02T10:03:33.248+0000] {logging_mixin.py:137} INFO - Paul Fisher
[2023-02-02T10:03:33.249+0000] {logging_mixin.py:137} INFO - Emily Alexander
[2023-02-02T10:03:33.250+0000] {logging_mixin.py:137} INFO - Anthony Schwartz
[2023-02-02T10:03:33.251+0000] {logging_mixin.py:137} INFO - Evelyn Jacobs
[2023-02-02T10:03:33.252+0000] {logging_mixin.py:137} INFO - Connie Jones
[2023-02-02T10:03:33.253+0000] {logging_mixin.py:137} INFO - Carla Gibbs
[2023-02-02T10:03:33.255+0000] {logging_mixin.py:137} INFO - Ashley Santiago
[2023-02-02T10:03:33.256+0000] {logging_mixin.py:137} INFO - Micheal Mckee
[2023-02-02T10:03:33.257+0000] {logging_mixin.py:137} INFO - Diane Williams
[2023-02-02T10:03:33.258+0000] {logging_mixin.py:137} INFO - Jesse Velasquez
[2023-02-02T10:03:33.259+0000] {logging_mixin.py:137} INFO - Jennifer Rodriguez
[2023-02-02T10:03:33.260+0000] {logging_mixin.py:137} INFO - Joe Griffin
[2023-02-02T10:03:33.261+0000] {logging_mixin.py:137} INFO - Gary Cherry
[2023-02-02T10:03:33.262+0000] {logging_mixin.py:137} INFO - Alyssa Edwards
[2023-02-02T10:03:33.263+0000] {logging_mixin.py:137} INFO - Caroline Hernandez MD
[2023-02-02T10:03:33.264+0000] {logging_mixin.py:137} INFO - Jessica Morton
[2023-02-02T10:03:33.265+0000] {logging_mixin.py:137} INFO - Holly Jones
[2023-02-02T10:03:33.265+0000] {logging_mixin.py:137} INFO - David Shelton
[2023-02-02T10:03:33.266+0000] {logging_mixin.py:137} INFO - Kristina Parks
[2023-02-02T10:03:33.267+0000] {logging_mixin.py:137} INFO - Laurie Hernandez
[2023-02-02T10:03:33.268+0000] {logging_mixin.py:137} INFO - Melissa James
[2023-02-02T10:03:33.269+0000] {logging_mixin.py:137} INFO - Jeremiah Adams
[2023-02-02T10:03:33.270+0000] {logging_mixin.py:137} INFO - Arthur Robinson
[2023-02-02T10:03:33.271+0000] {logging_mixin.py:137} INFO - Anna Shepard
[2023-02-02T10:03:33.272+0000] {logging_mixin.py:137} INFO - Brandon Myers
[2023-02-02T10:03:33.273+0000] {logging_mixin.py:137} INFO - Paul Cardenas
[2023-02-02T10:03:33.274+0000] {logging_mixin.py:137} INFO - Megan Santana
[2023-02-02T10:03:33.275+0000] {logging_mixin.py:137} INFO - Joseph Marshall
[2023-02-02T10:03:33.276+0000] {logging_mixin.py:137} INFO - Mrs. Brenda Harris
[2023-02-02T10:03:33.277+0000] {logging_mixin.py:137} INFO - Nicole Garcia
[2023-02-02T10:03:33.278+0000] {logging_mixin.py:137} INFO - Anna Estrada
[2023-02-02T10:03:33.279+0000] {logging_mixin.py:137} INFO - Carl Moore
[2023-02-02T10:03:33.280+0000] {logging_mixin.py:137} INFO - Rodney Hernandez
[2023-02-02T10:03:33.281+0000] {logging_mixin.py:137} INFO - Madison Christian
[2023-02-02T10:03:33.282+0000] {logging_mixin.py:137} INFO - Heather Rhodes
[2023-02-02T10:03:33.285+0000] {python.py:177} INFO - Done. Returned value was: None
[2023-02-02T10:03:33.295+0000] {taskinstance.py:1323} INFO - Marking task as SUCCESS. dag_id=CSV_DAG, task_id=convertCSVToJson, execution_date=20230202T071000, start_date=20230202T100330, end_date=20230202T100333
[2023-02-02T10:03:33.327+0000] {local_task_job.py:208} INFO - Task exited with return code 0
[2023-02-02T10:03:33.348+0000] {taskinstance.py:2578} INFO - 0 downstream tasks scheduled from follow-on schedule check
