[2023-02-02T10:03:46.545+0000] {taskinstance.py:1083} INFO - Dependencies all met for <TaskInstance: CSV_DAG.convertCSVToJson scheduled__2023-02-02T07:45:00+00:00 [queued]>
[2023-02-02T10:03:46.779+0000] {taskinstance.py:1083} INFO - Dependencies all met for <TaskInstance: CSV_DAG.convertCSVToJson scheduled__2023-02-02T07:45:00+00:00 [queued]>
[2023-02-02T10:03:46.790+0000] {taskinstance.py:1279} INFO - 
--------------------------------------------------------------------------------
[2023-02-02T10:03:46.804+0000] {taskinstance.py:1280} INFO - Starting attempt 1 of 2
[2023-02-02T10:03:46.805+0000] {taskinstance.py:1281} INFO - 
--------------------------------------------------------------------------------
[2023-02-02T10:03:46.952+0000] {taskinstance.py:1300} INFO - Executing <Task(PythonOperator): convertCSVToJson> on 2023-02-02 07:45:00+00:00
[2023-02-02T10:03:47.017+0000] {standard_task_runner.py:55} INFO - Started process 1365 to run task
[2023-02-02T10:03:47.067+0000] {standard_task_runner.py:82} INFO - Running: ['***', 'tasks', 'run', 'CSV_DAG', 'convertCSVToJson', 'scheduled__2023-02-02T07:45:00+00:00', '--job-id', '802', '--raw', '--subdir', 'DAGS_FOLDER/csv.py', '--cfg-path', '/tmp/tmp3m8vhz1z']
[2023-02-02T10:03:47.073+0000] {standard_task_runner.py:83} INFO - Job 802: Subtask convertCSVToJson
[2023-02-02T10:03:48.194+0000] {task_command.py:388} INFO - Running <TaskInstance: CSV_DAG.convertCSVToJson scheduled__2023-02-02T07:45:00+00:00 [running]> on host 06d8060e8530
[2023-02-02T10:03:49.297+0000] {taskinstance.py:1509} INFO - Exporting the following env vars:
AIRFLOW_CTX_DAG_OWNER=Kevin Chalmers
AIRFLOW_CTX_DAG_ID=CSV_DAG
AIRFLOW_CTX_TASK_ID=convertCSVToJson
AIRFLOW_CTX_EXECUTION_DATE=2023-02-02T07:45:00+00:00
AIRFLOW_CTX_TRY_NUMBER=1
AIRFLOW_CTX_DAG_RUN_ID=scheduled__2023-02-02T07:45:00+00:00
[2023-02-02T10:03:49.336+0000] {logging_mixin.py:137} INFO - Angelica Lopez
[2023-02-02T10:03:49.346+0000] {logging_mixin.py:137} INFO - Betty Wright
[2023-02-02T10:03:49.353+0000] {logging_mixin.py:137} INFO - Sara Schmidt
[2023-02-02T10:03:49.359+0000] {logging_mixin.py:137} INFO - Dr. Sherry Rodriguez
[2023-02-02T10:03:49.360+0000] {logging_mixin.py:137} INFO - Rebecca Mills
[2023-02-02T10:03:49.362+0000] {logging_mixin.py:137} INFO - Andrew Anderson
[2023-02-02T10:03:49.363+0000] {logging_mixin.py:137} INFO - Martin Everett
[2023-02-02T10:03:49.365+0000] {logging_mixin.py:137} INFO - Felicia Gregory
[2023-02-02T10:03:49.367+0000] {logging_mixin.py:137} INFO - Kara Bowers
[2023-02-02T10:03:49.382+0000] {logging_mixin.py:137} INFO - Vincent Vincent
[2023-02-02T10:03:49.383+0000] {logging_mixin.py:137} INFO - Morgan Butler
[2023-02-02T10:03:49.389+0000] {logging_mixin.py:137} INFO - Stephen Riley
[2023-02-02T10:03:49.391+0000] {logging_mixin.py:137} INFO - Wanda Thomas
[2023-02-02T10:03:49.396+0000] {logging_mixin.py:137} INFO - Michelle Schultz
[2023-02-02T10:03:49.399+0000] {logging_mixin.py:137} INFO - Christopher Rush MD
[2023-02-02T10:03:49.401+0000] {logging_mixin.py:137} INFO - Phyllis Miles
[2023-02-02T10:03:49.403+0000] {logging_mixin.py:137} INFO - Rebecca Price
[2023-02-02T10:03:49.407+0000] {logging_mixin.py:137} INFO - John Morse
[2023-02-02T10:03:49.409+0000] {logging_mixin.py:137} INFO - Nicholas Sanchez
[2023-02-02T10:03:49.411+0000] {logging_mixin.py:137} INFO - Crystal Dean
[2023-02-02T10:03:49.412+0000] {logging_mixin.py:137} INFO - Tyler Diaz
[2023-02-02T10:03:49.418+0000] {logging_mixin.py:137} INFO - Denise Mclean
[2023-02-02T10:03:49.422+0000] {logging_mixin.py:137} INFO - Daniel Grant
[2023-02-02T10:03:49.430+0000] {logging_mixin.py:137} INFO - Sandra Peterson
[2023-02-02T10:03:49.431+0000] {logging_mixin.py:137} INFO - Denise Morse
[2023-02-02T10:03:49.437+0000] {logging_mixin.py:137} INFO - Brianna Smith
[2023-02-02T10:03:49.443+0000] {logging_mixin.py:137} INFO - Tony Miller
[2023-02-02T10:03:49.445+0000] {logging_mixin.py:137} INFO - Jean Booth
[2023-02-02T10:03:49.450+0000] {logging_mixin.py:137} INFO - Penny Salazar
[2023-02-02T10:03:49.454+0000] {logging_mixin.py:137} INFO - Cathy Williams
[2023-02-02T10:03:49.469+0000] {logging_mixin.py:137} INFO - Hannah Collins
[2023-02-02T10:03:49.471+0000] {logging_mixin.py:137} INFO - Maurice Casey
[2023-02-02T10:03:49.473+0000] {logging_mixin.py:137} INFO - Patrick Walker
[2023-02-02T10:03:49.476+0000] {logging_mixin.py:137} INFO - Pamela Barton
[2023-02-02T10:03:49.478+0000] {logging_mixin.py:137} INFO - Anthony Bryant
[2023-02-02T10:03:49.481+0000] {logging_mixin.py:137} INFO - Andrew Harris
[2023-02-02T10:03:49.486+0000] {logging_mixin.py:137} INFO - Aaron Harris
[2023-02-02T10:03:49.497+0000] {logging_mixin.py:137} INFO - Maureen Soto
[2023-02-02T10:03:49.508+0000] {logging_mixin.py:137} INFO - Crystal Mcdaniel
[2023-02-02T10:03:49.517+0000] {logging_mixin.py:137} INFO - Lauren Barrett
[2023-02-02T10:03:49.519+0000] {logging_mixin.py:137} INFO - Brandon Perez
[2023-02-02T10:03:49.528+0000] {logging_mixin.py:137} INFO - Mark Robertson
[2023-02-02T10:03:49.531+0000] {logging_mixin.py:137} INFO - Nicole Gates
[2023-02-02T10:03:49.534+0000] {logging_mixin.py:137} INFO - Bradley Cruz
[2023-02-02T10:03:49.537+0000] {logging_mixin.py:137} INFO - Gina Burns
[2023-02-02T10:03:49.554+0000] {logging_mixin.py:137} INFO - Zachary Martinez
[2023-02-02T10:03:49.556+0000] {logging_mixin.py:137} INFO - Natasha Johnson
[2023-02-02T10:03:49.569+0000] {logging_mixin.py:137} INFO - Patrick Gonzales
[2023-02-02T10:03:49.581+0000] {logging_mixin.py:137} INFO - Terri Wilson
[2023-02-02T10:03:49.600+0000] {logging_mixin.py:137} INFO - Sarah Lopez
[2023-02-02T10:03:49.613+0000] {logging_mixin.py:137} INFO - Dana Turner
[2023-02-02T10:03:49.622+0000] {logging_mixin.py:137} INFO - Cynthia Johnson
[2023-02-02T10:03:49.628+0000] {logging_mixin.py:137} INFO - William Thornton
[2023-02-02T10:03:49.634+0000] {logging_mixin.py:137} INFO - James Lee
[2023-02-02T10:03:49.636+0000] {logging_mixin.py:137} INFO - Stephen Allen
[2023-02-02T10:03:49.641+0000] {logging_mixin.py:137} INFO - William Stark
[2023-02-02T10:03:49.644+0000] {logging_mixin.py:137} INFO - Michael Parker
[2023-02-02T10:03:49.645+0000] {logging_mixin.py:137} INFO - Lisa Stephens
[2023-02-02T10:03:49.647+0000] {logging_mixin.py:137} INFO - Mr. Reginald Wise DDS
[2023-02-02T10:03:49.648+0000] {logging_mixin.py:137} INFO - Alexander James
[2023-02-02T10:03:49.651+0000] {logging_mixin.py:137} INFO - Kristen West
[2023-02-02T10:03:49.652+0000] {logging_mixin.py:137} INFO - Elizabeth Sanchez
[2023-02-02T10:03:49.663+0000] {logging_mixin.py:137} INFO - Jennifer Wilson
[2023-02-02T10:03:49.667+0000] {logging_mixin.py:137} INFO - Catherine Nicholson
[2023-02-02T10:03:49.668+0000] {logging_mixin.py:137} INFO - David Henderson
[2023-02-02T10:03:49.671+0000] {logging_mixin.py:137} INFO - Stephen Davis
[2023-02-02T10:03:49.673+0000] {logging_mixin.py:137} INFO - Paul Skinner
[2023-02-02T10:03:49.675+0000] {logging_mixin.py:137} INFO - Rebecca Wong
[2023-02-02T10:03:49.677+0000] {logging_mixin.py:137} INFO - Tara Benitez
[2023-02-02T10:03:49.679+0000] {logging_mixin.py:137} INFO - Sharon Miller
[2023-02-02T10:03:49.680+0000] {logging_mixin.py:137} INFO - Cynthia Smith
[2023-02-02T10:03:49.682+0000] {logging_mixin.py:137} INFO - Jennifer Werner
[2023-02-02T10:03:49.685+0000] {logging_mixin.py:137} INFO - Rebecca Tucker
[2023-02-02T10:03:49.687+0000] {logging_mixin.py:137} INFO - Ashlee Castillo
[2023-02-02T10:03:49.692+0000] {logging_mixin.py:137} INFO - Christopher Holmes
[2023-02-02T10:03:49.698+0000] {logging_mixin.py:137} INFO - Daniel Velez
[2023-02-02T10:03:49.702+0000] {logging_mixin.py:137} INFO - Amy Serrano
[2023-02-02T10:03:49.707+0000] {logging_mixin.py:137} INFO - Alison Nash
[2023-02-02T10:03:49.710+0000] {logging_mixin.py:137} INFO - Peter Johnson
[2023-02-02T10:03:49.712+0000] {logging_mixin.py:137} INFO - Breanna Harris
[2023-02-02T10:03:49.714+0000] {logging_mixin.py:137} INFO - Eric King
[2023-02-02T10:03:49.719+0000] {logging_mixin.py:137} INFO - Patricia Oliver
[2023-02-02T10:03:49.720+0000] {logging_mixin.py:137} INFO - Denise Grimes
[2023-02-02T10:03:49.721+0000] {logging_mixin.py:137} INFO - Jill Olson
[2023-02-02T10:03:49.723+0000] {logging_mixin.py:137} INFO - Stephanie Hart
[2023-02-02T10:03:49.727+0000] {logging_mixin.py:137} INFO - Ashley Lee
[2023-02-02T10:03:49.729+0000] {logging_mixin.py:137} INFO - Kelly Barnes
[2023-02-02T10:03:49.732+0000] {logging_mixin.py:137} INFO - Christie West
[2023-02-02T10:03:49.734+0000] {logging_mixin.py:137} INFO - Todd Nolan
[2023-02-02T10:03:49.736+0000] {logging_mixin.py:137} INFO - Sarah Reed
[2023-02-02T10:03:49.737+0000] {logging_mixin.py:137} INFO - Jennifer Keith
[2023-02-02T10:03:49.742+0000] {logging_mixin.py:137} INFO - Shawn Alvarez
[2023-02-02T10:03:49.744+0000] {logging_mixin.py:137} INFO - Alexander Wilson
[2023-02-02T10:03:49.746+0000] {logging_mixin.py:137} INFO - Rachel Melendez
[2023-02-02T10:03:49.750+0000] {logging_mixin.py:137} INFO - Morgan Walters
[2023-02-02T10:03:49.752+0000] {logging_mixin.py:137} INFO - Nicole Garcia
[2023-02-02T10:03:49.753+0000] {logging_mixin.py:137} INFO - Jennifer White
[2023-02-02T10:03:49.755+0000] {logging_mixin.py:137} INFO - Leslie Shannon
[2023-02-02T10:03:49.756+0000] {logging_mixin.py:137} INFO - Lisa Clayton
[2023-02-02T10:03:49.758+0000] {logging_mixin.py:137} INFO - Zachary Molina
[2023-02-02T10:03:49.760+0000] {logging_mixin.py:137} INFO - Bruce Butler
[2023-02-02T10:03:49.761+0000] {logging_mixin.py:137} INFO - Dustin Howell
[2023-02-02T10:03:49.765+0000] {logging_mixin.py:137} INFO - Aaron Smith
[2023-02-02T10:03:49.766+0000] {logging_mixin.py:137} INFO - Kyle Green
[2023-02-02T10:03:49.769+0000] {logging_mixin.py:137} INFO - Steven Clark
[2023-02-02T10:03:49.770+0000] {logging_mixin.py:137} INFO - Robert Holden
[2023-02-02T10:03:49.772+0000] {logging_mixin.py:137} INFO - Zachary Harmon
[2023-02-02T10:03:49.774+0000] {logging_mixin.py:137} INFO - Rachel Miller
[2023-02-02T10:03:49.776+0000] {logging_mixin.py:137} INFO - Brandon Parker
[2023-02-02T10:03:49.777+0000] {logging_mixin.py:137} INFO - Walter Martin
[2023-02-02T10:03:49.779+0000] {logging_mixin.py:137} INFO - Jose Young
[2023-02-02T10:03:49.783+0000] {logging_mixin.py:137} INFO - Kelsey Long
[2023-02-02T10:03:49.790+0000] {logging_mixin.py:137} INFO - William Harper
[2023-02-02T10:03:49.802+0000] {logging_mixin.py:137} INFO - Alejandro Lambert
[2023-02-02T10:03:49.803+0000] {logging_mixin.py:137} INFO - Stephanie Carson
[2023-02-02T10:03:49.808+0000] {logging_mixin.py:137} INFO - Diana Ortega MD
[2023-02-02T10:03:49.812+0000] {logging_mixin.py:137} INFO - Janet Morales
[2023-02-02T10:03:49.814+0000] {logging_mixin.py:137} INFO - Eric Fisher
[2023-02-02T10:03:49.815+0000] {logging_mixin.py:137} INFO - Louis Baker
[2023-02-02T10:03:49.816+0000] {logging_mixin.py:137} INFO - Cindy Ward
[2023-02-02T10:03:49.818+0000] {logging_mixin.py:137} INFO - Ana Jenkins
[2023-02-02T10:03:49.819+0000] {logging_mixin.py:137} INFO - Leslie Barton
[2023-02-02T10:03:49.821+0000] {logging_mixin.py:137} INFO - Gregory Price
[2023-02-02T10:03:49.825+0000] {logging_mixin.py:137} INFO - Brandon Moore
[2023-02-02T10:03:49.826+0000] {logging_mixin.py:137} INFO - Heather Garrett
[2023-02-02T10:03:49.828+0000] {logging_mixin.py:137} INFO - Cindy Hawkins
[2023-02-02T10:03:49.829+0000] {logging_mixin.py:137} INFO - Mr. Frank Snyder Jr.
[2023-02-02T10:03:49.831+0000] {logging_mixin.py:137} INFO - Megan Wang
[2023-02-02T10:03:49.832+0000] {logging_mixin.py:137} INFO - Jennifer Fleming
[2023-02-02T10:03:49.834+0000] {logging_mixin.py:137} INFO - Gary Hodge
[2023-02-02T10:03:49.835+0000] {logging_mixin.py:137} INFO - Nichole Miller
[2023-02-02T10:03:49.836+0000] {logging_mixin.py:137} INFO - Mitchell Mendoza
[2023-02-02T10:03:49.838+0000] {logging_mixin.py:137} INFO - Bradley Horton
[2023-02-02T10:03:49.851+0000] {logging_mixin.py:137} INFO - Michelle Hess
[2023-02-02T10:03:49.853+0000] {logging_mixin.py:137} INFO - Ronald Torres
[2023-02-02T10:03:49.854+0000] {logging_mixin.py:137} INFO - Raymond Hudson
[2023-02-02T10:03:49.856+0000] {logging_mixin.py:137} INFO - Vincent Jackson
[2023-02-02T10:03:49.857+0000] {logging_mixin.py:137} INFO - Susan Carey
[2023-02-02T10:03:49.860+0000] {logging_mixin.py:137} INFO - Chase Wilson
[2023-02-02T10:03:49.862+0000] {logging_mixin.py:137} INFO - Tonya Baldwin
[2023-02-02T10:03:49.863+0000] {logging_mixin.py:137} INFO - Mrs. Tina Davis
[2023-02-02T10:03:49.864+0000] {logging_mixin.py:137} INFO - Scott Garrett
[2023-02-02T10:03:49.868+0000] {logging_mixin.py:137} INFO - Michael Wilson
[2023-02-02T10:03:49.870+0000] {logging_mixin.py:137} INFO - Andrew Orozco
[2023-02-02T10:03:49.872+0000] {logging_mixin.py:137} INFO - Troy Carson
[2023-02-02T10:03:49.874+0000] {logging_mixin.py:137} INFO - Alex Winters
[2023-02-02T10:03:49.875+0000] {logging_mixin.py:137} INFO - Toni Frank
[2023-02-02T10:03:49.877+0000] {logging_mixin.py:137} INFO - Kathleen Snyder
[2023-02-02T10:03:49.879+0000] {logging_mixin.py:137} INFO - Anna Lopez
[2023-02-02T10:03:49.880+0000] {logging_mixin.py:137} INFO - Charles Brown
[2023-02-02T10:03:49.882+0000] {logging_mixin.py:137} INFO - Barry Ross
[2023-02-02T10:03:49.884+0000] {logging_mixin.py:137} INFO - Emily Ramirez
[2023-02-02T10:03:49.885+0000] {logging_mixin.py:137} INFO - Anna Williams
[2023-02-02T10:03:49.886+0000] {logging_mixin.py:137} INFO - Kristin Pennington
[2023-02-02T10:03:49.888+0000] {logging_mixin.py:137} INFO - Mary Aguirre
[2023-02-02T10:03:49.889+0000] {logging_mixin.py:137} INFO - Austin Santos
[2023-02-02T10:03:49.890+0000] {logging_mixin.py:137} INFO - David Nelson
[2023-02-02T10:03:49.894+0000] {logging_mixin.py:137} INFO - Alyssa Mcbride
[2023-02-02T10:03:49.895+0000] {logging_mixin.py:137} INFO - Lisa Gibson
[2023-02-02T10:03:49.897+0000] {logging_mixin.py:137} INFO - Alexander Kelly
[2023-02-02T10:03:49.898+0000] {logging_mixin.py:137} INFO - Ronald Thomas
[2023-02-02T10:03:49.900+0000] {logging_mixin.py:137} INFO - Michael Hurst
[2023-02-02T10:03:49.902+0000] {logging_mixin.py:137} INFO - Lauren Ward
[2023-02-02T10:03:49.904+0000] {logging_mixin.py:137} INFO - Christian Terry
[2023-02-02T10:03:49.906+0000] {logging_mixin.py:137} INFO - Jared Black
[2023-02-02T10:03:49.907+0000] {logging_mixin.py:137} INFO - Anthony Brown
[2023-02-02T10:03:49.909+0000] {logging_mixin.py:137} INFO - John Cole
[2023-02-02T10:03:49.911+0000] {logging_mixin.py:137} INFO - David Lee
[2023-02-02T10:03:49.912+0000] {logging_mixin.py:137} INFO - Lori Thomas
[2023-02-02T10:03:49.914+0000] {logging_mixin.py:137} INFO - Daniel Herman
[2023-02-02T10:03:49.916+0000] {logging_mixin.py:137} INFO - Pam Williams
[2023-02-02T10:03:49.920+0000] {logging_mixin.py:137} INFO - Sarah Jenkins
[2023-02-02T10:03:49.921+0000] {logging_mixin.py:137} INFO - Susan Mitchell
[2023-02-02T10:03:49.930+0000] {logging_mixin.py:137} INFO - Jacqueline Green
[2023-02-02T10:03:49.932+0000] {logging_mixin.py:137} INFO - Victoria Garrison
[2023-02-02T10:03:49.939+0000] {logging_mixin.py:137} INFO - Jonathan Daniels
[2023-02-02T10:03:49.942+0000] {logging_mixin.py:137} INFO - Trevor Hansen
[2023-02-02T10:03:49.944+0000] {logging_mixin.py:137} INFO - Laurie Bowen
[2023-02-02T10:03:49.946+0000] {logging_mixin.py:137} INFO - James Cline
[2023-02-02T10:03:49.948+0000] {logging_mixin.py:137} INFO - Michael Rose
[2023-02-02T10:03:49.951+0000] {logging_mixin.py:137} INFO - Lawrence Juarez
[2023-02-02T10:03:49.954+0000] {logging_mixin.py:137} INFO - Lucas Caldwell
[2023-02-02T10:03:49.957+0000] {logging_mixin.py:137} INFO - Laura Jackson
[2023-02-02T10:03:49.961+0000] {logging_mixin.py:137} INFO - Sherri Thornton
[2023-02-02T10:03:49.963+0000] {logging_mixin.py:137} INFO - Alice Wilson
[2023-02-02T10:03:49.964+0000] {logging_mixin.py:137} INFO - Diane Williams
[2023-02-02T10:03:49.967+0000] {logging_mixin.py:137} INFO - Kara Martin
[2023-02-02T10:03:49.973+0000] {logging_mixin.py:137} INFO - Joseph Moore
[2023-02-02T10:03:49.974+0000] {logging_mixin.py:137} INFO - Jesse Moses
[2023-02-02T10:03:49.976+0000] {logging_mixin.py:137} INFO - Lisa Mccall
[2023-02-02T10:03:49.979+0000] {logging_mixin.py:137} INFO - Alexandra Mccoy
[2023-02-02T10:03:49.981+0000] {logging_mixin.py:137} INFO - Daniel Martin
[2023-02-02T10:03:49.984+0000] {logging_mixin.py:137} INFO - Claudia Peck
[2023-02-02T10:03:49.986+0000] {logging_mixin.py:137} INFO - Jessica Mcconnell
[2023-02-02T10:03:49.991+0000] {logging_mixin.py:137} INFO - Kevin Walker
[2023-02-02T10:03:49.992+0000] {logging_mixin.py:137} INFO - Christina Lee
[2023-02-02T10:03:49.994+0000] {logging_mixin.py:137} INFO - Christopher Schroeder
[2023-02-02T10:03:49.995+0000] {logging_mixin.py:137} INFO - Melissa Parker
[2023-02-02T10:03:49.997+0000] {logging_mixin.py:137} INFO - Janet Molina
[2023-02-02T10:03:50.003+0000] {logging_mixin.py:137} INFO - Barbara Harris
[2023-02-02T10:03:50.008+0000] {logging_mixin.py:137} INFO - Joseph Hurley
[2023-02-02T10:03:50.016+0000] {logging_mixin.py:137} INFO - Greg Hayden
[2023-02-02T10:03:50.018+0000] {logging_mixin.py:137} INFO - Edwin Adams
[2023-02-02T10:03:50.024+0000] {logging_mixin.py:137} INFO - Ashley Hunter
[2023-02-02T10:03:50.026+0000] {logging_mixin.py:137} INFO - Jennifer Tucker
[2023-02-02T10:03:50.032+0000] {logging_mixin.py:137} INFO - Eddie Gray
[2023-02-02T10:03:50.037+0000] {logging_mixin.py:137} INFO - Jennifer Evans
[2023-02-02T10:03:50.039+0000] {logging_mixin.py:137} INFO - Stephen Carey
[2023-02-02T10:03:50.042+0000] {logging_mixin.py:137} INFO - Samantha Campos
[2023-02-02T10:03:50.044+0000] {logging_mixin.py:137} INFO - Meagan Brown
[2023-02-02T10:03:50.047+0000] {logging_mixin.py:137} INFO - Miss Marisa Barber
[2023-02-02T10:03:50.053+0000] {logging_mixin.py:137} INFO - Jay Mann
[2023-02-02T10:03:50.058+0000] {logging_mixin.py:137} INFO - Matthew Campbell
[2023-02-02T10:03:50.061+0000] {logging_mixin.py:137} INFO - Brent Rodriguez
[2023-02-02T10:03:50.065+0000] {logging_mixin.py:137} INFO - Teresa Ross
[2023-02-02T10:03:50.072+0000] {logging_mixin.py:137} INFO - Mary Martinez
[2023-02-02T10:03:50.078+0000] {logging_mixin.py:137} INFO - Joseph Lewis
[2023-02-02T10:03:50.082+0000] {logging_mixin.py:137} INFO - Dale Davis
[2023-02-02T10:03:50.092+0000] {logging_mixin.py:137} INFO - Elizabeth Evans
[2023-02-02T10:03:50.102+0000] {logging_mixin.py:137} INFO - Shannon Wang
[2023-02-02T10:03:50.106+0000] {logging_mixin.py:137} INFO - Brandon Campbell
[2023-02-02T10:03:50.110+0000] {logging_mixin.py:137} INFO - Rhonda Pace
[2023-02-02T10:03:50.123+0000] {logging_mixin.py:137} INFO - Sarah Santos
[2023-02-02T10:03:50.125+0000] {logging_mixin.py:137} INFO - Jacob Ford
[2023-02-02T10:03:50.127+0000] {logging_mixin.py:137} INFO - Matthew Hansen
[2023-02-02T10:03:50.134+0000] {logging_mixin.py:137} INFO - Amy Ray
[2023-02-02T10:03:50.138+0000] {logging_mixin.py:137} INFO - Aaron Fields
[2023-02-02T10:03:50.141+0000] {logging_mixin.py:137} INFO - Mary Taylor
[2023-02-02T10:03:50.144+0000] {logging_mixin.py:137} INFO - James Morris
[2023-02-02T10:03:50.146+0000] {logging_mixin.py:137} INFO - Darrell Cain
[2023-02-02T10:03:50.150+0000] {logging_mixin.py:137} INFO - Michael Smith
[2023-02-02T10:03:50.157+0000] {logging_mixin.py:137} INFO - Scott Coleman
[2023-02-02T10:03:50.172+0000] {logging_mixin.py:137} INFO - David Fitzpatrick
[2023-02-02T10:03:50.179+0000] {logging_mixin.py:137} INFO - Debra Shepherd
[2023-02-02T10:03:50.213+0000] {logging_mixin.py:137} INFO - Paul Rush
[2023-02-02T10:03:50.216+0000] {logging_mixin.py:137} INFO - Brett Hernandez
[2023-02-02T10:03:50.230+0000] {logging_mixin.py:137} INFO - Sheila Riddle
[2023-02-02T10:03:50.232+0000] {logging_mixin.py:137} INFO - Joan Austin
[2023-02-02T10:03:50.234+0000] {logging_mixin.py:137} INFO - Michael Garcia
[2023-02-02T10:03:50.236+0000] {logging_mixin.py:137} INFO - Natalie Harris
[2023-02-02T10:03:50.238+0000] {logging_mixin.py:137} INFO - Steven Dean
[2023-02-02T10:03:50.246+0000] {logging_mixin.py:137} INFO - John Brown
[2023-02-02T10:03:50.252+0000] {logging_mixin.py:137} INFO - Keith Zimmerman
[2023-02-02T10:03:50.254+0000] {logging_mixin.py:137} INFO - Curtis Byrd
[2023-02-02T10:03:50.264+0000] {logging_mixin.py:137} INFO - Mariah Green
[2023-02-02T10:03:50.268+0000] {logging_mixin.py:137} INFO - Roger Huynh
[2023-02-02T10:03:50.272+0000] {logging_mixin.py:137} INFO - Christopher Zamora
[2023-02-02T10:03:50.283+0000] {logging_mixin.py:137} INFO - Joyce Crawford
[2023-02-02T10:03:50.287+0000] {logging_mixin.py:137} INFO - Angela Smith
[2023-02-02T10:03:50.296+0000] {logging_mixin.py:137} INFO - Veronica Robinson
[2023-02-02T10:03:50.300+0000] {logging_mixin.py:137} INFO - Christopher Bates
[2023-02-02T10:03:50.302+0000] {logging_mixin.py:137} INFO - Steve Stone
[2023-02-02T10:03:50.304+0000] {logging_mixin.py:137} INFO - William Cook
[2023-02-02T10:03:50.307+0000] {logging_mixin.py:137} INFO - Lori Wood
[2023-02-02T10:03:50.312+0000] {logging_mixin.py:137} INFO - Jillian Reynolds
[2023-02-02T10:03:50.316+0000] {logging_mixin.py:137} INFO - Angela Caldwell
[2023-02-02T10:03:50.318+0000] {logging_mixin.py:137} INFO - Shane Campbell
[2023-02-02T10:03:50.327+0000] {logging_mixin.py:137} INFO - Karen Lawrence
[2023-02-02T10:03:50.329+0000] {logging_mixin.py:137} INFO - Kimberly Wood
[2023-02-02T10:03:50.335+0000] {logging_mixin.py:137} INFO - Samantha Lopez
[2023-02-02T10:03:50.337+0000] {logging_mixin.py:137} INFO - Harold Miller
[2023-02-02T10:03:50.339+0000] {logging_mixin.py:137} INFO - Raymond Cooper DVM
[2023-02-02T10:03:50.342+0000] {logging_mixin.py:137} INFO - Kristen Patel
[2023-02-02T10:03:50.345+0000] {logging_mixin.py:137} INFO - Anthony Mejia
[2023-02-02T10:03:50.349+0000] {logging_mixin.py:137} INFO - Raymond Thomas
[2023-02-02T10:03:50.360+0000] {logging_mixin.py:137} INFO - Scott Young
[2023-02-02T10:03:50.362+0000] {logging_mixin.py:137} INFO - David Larson
[2023-02-02T10:03:50.365+0000] {logging_mixin.py:137} INFO - Jon Murray
[2023-02-02T10:03:50.374+0000] {logging_mixin.py:137} INFO - Stephen Taylor
[2023-02-02T10:03:50.375+0000] {logging_mixin.py:137} INFO - Jennifer Hernandez
[2023-02-02T10:03:50.377+0000] {logging_mixin.py:137} INFO - Stacy Smith
[2023-02-02T10:03:50.380+0000] {logging_mixin.py:137} INFO - Juan Owens
[2023-02-02T10:03:50.384+0000] {logging_mixin.py:137} INFO - Brian Adkins
[2023-02-02T10:03:50.387+0000] {logging_mixin.py:137} INFO - Jesse Wells
[2023-02-02T10:03:50.392+0000] {logging_mixin.py:137} INFO - Kyle Matthews
[2023-02-02T10:03:50.395+0000] {logging_mixin.py:137} INFO - Dustin Russell
[2023-02-02T10:03:50.400+0000] {logging_mixin.py:137} INFO - Richard White
[2023-02-02T10:03:50.404+0000] {logging_mixin.py:137} INFO - Brittany Nichols
[2023-02-02T10:03:50.409+0000] {logging_mixin.py:137} INFO - Colton Kelly
[2023-02-02T10:03:50.413+0000] {logging_mixin.py:137} INFO - William Perry
[2023-02-02T10:03:50.419+0000] {logging_mixin.py:137} INFO - Thomas Cummings
[2023-02-02T10:03:50.425+0000] {logging_mixin.py:137} INFO - Timothy Ballard
[2023-02-02T10:03:50.430+0000] {logging_mixin.py:137} INFO - Richard Washington
[2023-02-02T10:03:50.433+0000] {logging_mixin.py:137} INFO - Joshua Lam
[2023-02-02T10:03:50.436+0000] {logging_mixin.py:137} INFO - Grant Jackson
[2023-02-02T10:03:50.440+0000] {logging_mixin.py:137} INFO - Erin Baker
[2023-02-02T10:03:50.442+0000] {logging_mixin.py:137} INFO - Scott Flowers
[2023-02-02T10:03:50.447+0000] {logging_mixin.py:137} INFO - James Adams
[2023-02-02T10:03:50.452+0000] {logging_mixin.py:137} INFO - Heather Alvarado
[2023-02-02T10:03:50.454+0000] {logging_mixin.py:137} INFO - Jennifer Snow
[2023-02-02T10:03:50.457+0000] {logging_mixin.py:137} INFO - Mario Jackson
[2023-02-02T10:03:50.463+0000] {logging_mixin.py:137} INFO - Kevin Collins
[2023-02-02T10:03:50.465+0000] {logging_mixin.py:137} INFO - Danielle Garcia
[2023-02-02T10:03:50.467+0000] {logging_mixin.py:137} INFO - Brenda Jackson
[2023-02-02T10:03:50.470+0000] {logging_mixin.py:137} INFO - Ashley Parker
[2023-02-02T10:03:50.472+0000] {logging_mixin.py:137} INFO - Angela Hickman
[2023-02-02T10:03:50.476+0000] {logging_mixin.py:137} INFO - Carol Rodriguez
[2023-02-02T10:03:50.479+0000] {logging_mixin.py:137} INFO - Vernon Anderson
[2023-02-02T10:03:50.485+0000] {logging_mixin.py:137} INFO - Jesus Church
[2023-02-02T10:03:50.493+0000] {logging_mixin.py:137} INFO - Michelle Medina
[2023-02-02T10:03:50.502+0000] {logging_mixin.py:137} INFO - Nancy Bryant
[2023-02-02T10:03:50.509+0000] {logging_mixin.py:137} INFO - Jennifer Martinez
[2023-02-02T10:03:50.514+0000] {logging_mixin.py:137} INFO - Amy Dougherty
[2023-02-02T10:03:50.524+0000] {logging_mixin.py:137} INFO - Alexis Sanders
[2023-02-02T10:03:50.525+0000] {logging_mixin.py:137} INFO - Austin Salazar
[2023-02-02T10:03:50.527+0000] {logging_mixin.py:137} INFO - Amy Williams
[2023-02-02T10:03:50.533+0000] {logging_mixin.py:137} INFO - Richard Haynes
[2023-02-02T10:03:50.534+0000] {logging_mixin.py:137} INFO - Christine Stark
[2023-02-02T10:03:50.536+0000] {logging_mixin.py:137} INFO - Anita Medina
[2023-02-02T10:03:50.543+0000] {logging_mixin.py:137} INFO - Mr. Thomas Duran
[2023-02-02T10:03:50.552+0000] {logging_mixin.py:137} INFO - Mr. Russell Peterson
[2023-02-02T10:03:50.554+0000] {logging_mixin.py:137} INFO - Jack Richard
[2023-02-02T10:03:50.556+0000] {logging_mixin.py:137} INFO - Michelle Erickson
[2023-02-02T10:03:50.561+0000] {logging_mixin.py:137} INFO - Mitchell Williams
[2023-02-02T10:03:50.565+0000] {logging_mixin.py:137} INFO - Adrian Herrera
[2023-02-02T10:03:50.569+0000] {logging_mixin.py:137} INFO - Michael Brady
[2023-02-02T10:03:50.572+0000] {logging_mixin.py:137} INFO - Jamie Zhang
[2023-02-02T10:03:50.574+0000] {logging_mixin.py:137} INFO - Helen Brennan
[2023-02-02T10:03:50.584+0000] {logging_mixin.py:137} INFO - John Myers
[2023-02-02T10:03:50.586+0000] {logging_mixin.py:137} INFO - Patricia Nash
[2023-02-02T10:03:50.590+0000] {logging_mixin.py:137} INFO - Michael Johnson
[2023-02-02T10:03:50.592+0000] {logging_mixin.py:137} INFO - Anita Berger
[2023-02-02T10:03:50.598+0000] {logging_mixin.py:137} INFO - Jason Guerrero DVM
[2023-02-02T10:03:50.602+0000] {logging_mixin.py:137} INFO - Kimberly Davis
[2023-02-02T10:03:50.605+0000] {logging_mixin.py:137} INFO - Bryan Hansen
[2023-02-02T10:03:50.609+0000] {logging_mixin.py:137} INFO - Rebecca Obrien
[2023-02-02T10:03:50.626+0000] {logging_mixin.py:137} INFO - Sarah Santiago
[2023-02-02T10:03:50.630+0000] {logging_mixin.py:137} INFO - Christine Lane
[2023-02-02T10:03:50.631+0000] {logging_mixin.py:137} INFO - Jerry Lewis
[2023-02-02T10:03:50.634+0000] {logging_mixin.py:137} INFO - Stephanie Miller
[2023-02-02T10:03:50.636+0000] {logging_mixin.py:137} INFO - Kristi Bradley
[2023-02-02T10:03:50.643+0000] {logging_mixin.py:137} INFO - Darren Moore
[2023-02-02T10:03:50.655+0000] {logging_mixin.py:137} INFO - Kristina Cunningham
[2023-02-02T10:03:50.656+0000] {logging_mixin.py:137} INFO - Laurie Moore
[2023-02-02T10:03:50.666+0000] {logging_mixin.py:137} INFO - Aaron Lewis
[2023-02-02T10:03:50.668+0000] {logging_mixin.py:137} INFO - Theresa Vang
[2023-02-02T10:03:50.676+0000] {logging_mixin.py:137} INFO - Chase Reese
[2023-02-02T10:03:50.677+0000] {logging_mixin.py:137} INFO - Matthew Ferguson
[2023-02-02T10:03:50.693+0000] {logging_mixin.py:137} INFO - Victoria Lewis
[2023-02-02T10:03:50.695+0000] {logging_mixin.py:137} INFO - Jon Scott
[2023-02-02T10:03:50.697+0000] {logging_mixin.py:137} INFO - Lisa Campbell
[2023-02-02T10:03:50.707+0000] {logging_mixin.py:137} INFO - David Ramirez
[2023-02-02T10:03:50.717+0000] {logging_mixin.py:137} INFO - Gabriel Rosario
[2023-02-02T10:03:50.719+0000] {logging_mixin.py:137} INFO - Kristi Johnson
[2023-02-02T10:03:50.733+0000] {logging_mixin.py:137} INFO - Jennifer Schwartz
[2023-02-02T10:03:50.736+0000] {logging_mixin.py:137} INFO - Daniel Norton
[2023-02-02T10:03:50.749+0000] {logging_mixin.py:137} INFO - Richard Montoya
[2023-02-02T10:03:50.757+0000] {logging_mixin.py:137} INFO - Daniel Norris
[2023-02-02T10:03:50.763+0000] {logging_mixin.py:137} INFO - Chad Taylor
[2023-02-02T10:03:50.796+0000] {logging_mixin.py:137} INFO - Angie Allen
[2023-02-02T10:03:50.815+0000] {logging_mixin.py:137} INFO - Michael Brooks
[2023-02-02T10:03:50.825+0000] {logging_mixin.py:137} INFO - Hannah Poole
[2023-02-02T10:03:50.836+0000] {logging_mixin.py:137} INFO - Caitlin Ray
[2023-02-02T10:03:50.845+0000] {logging_mixin.py:137} INFO - Mr. Steven Gardner
[2023-02-02T10:03:50.852+0000] {logging_mixin.py:137} INFO - Jennifer Macdonald
[2023-02-02T10:03:50.873+0000] {logging_mixin.py:137} INFO - Vanessa Small
[2023-02-02T10:03:50.875+0000] {logging_mixin.py:137} INFO - Dennis Gray
[2023-02-02T10:03:50.888+0000] {logging_mixin.py:137} INFO - Sandra Kirk
[2023-02-02T10:03:50.890+0000] {logging_mixin.py:137} INFO - Jason Wagner
[2023-02-02T10:03:50.892+0000] {logging_mixin.py:137} INFO - David Owen
[2023-02-02T10:03:50.900+0000] {logging_mixin.py:137} INFO - Rose Terrell
[2023-02-02T10:03:50.904+0000] {logging_mixin.py:137} INFO - James Green MD
[2023-02-02T10:03:50.918+0000] {logging_mixin.py:137} INFO - Tammy Patel
[2023-02-02T10:03:50.938+0000] {logging_mixin.py:137} INFO - Joseph Lucero
[2023-02-02T10:03:50.940+0000] {logging_mixin.py:137} INFO - Stephanie Rojas
[2023-02-02T10:03:50.943+0000] {logging_mixin.py:137} INFO - Brittany Johnson
[2023-02-02T10:03:50.947+0000] {logging_mixin.py:137} INFO - Christina Cummings
[2023-02-02T10:03:50.951+0000] {logging_mixin.py:137} INFO - Eric Downs
[2023-02-02T10:03:50.955+0000] {logging_mixin.py:137} INFO - Paul Finley
[2023-02-02T10:03:50.958+0000] {logging_mixin.py:137} INFO - Danielle Jackson
[2023-02-02T10:03:50.961+0000] {logging_mixin.py:137} INFO - Anna Johnston
[2023-02-02T10:03:50.972+0000] {logging_mixin.py:137} INFO - Ashlee Hodges
[2023-02-02T10:03:50.974+0000] {logging_mixin.py:137} INFO - Thomas Francis
[2023-02-02T10:03:50.994+0000] {logging_mixin.py:137} INFO - Cody Baird
[2023-02-02T10:03:51.006+0000] {logging_mixin.py:137} INFO - Jeffrey Walter
[2023-02-02T10:03:51.016+0000] {logging_mixin.py:137} INFO - Hannah West
[2023-02-02T10:03:51.044+0000] {logging_mixin.py:137} INFO - Anthony Byrd
[2023-02-02T10:03:51.052+0000] {logging_mixin.py:137} INFO - Julie Ramirez
[2023-02-02T10:03:51.054+0000] {logging_mixin.py:137} INFO - Seth Peters
[2023-02-02T10:03:51.057+0000] {logging_mixin.py:137} INFO - Keith Salas
[2023-02-02T10:03:51.104+0000] {logging_mixin.py:137} INFO - Kathryn Evans
[2023-02-02T10:03:51.106+0000] {logging_mixin.py:137} INFO - Dr. Maria Scott
[2023-02-02T10:03:51.114+0000] {logging_mixin.py:137} INFO - Brenda Thomas
[2023-02-02T10:03:51.116+0000] {logging_mixin.py:137} INFO - Travis Douglas
[2023-02-02T10:03:51.121+0000] {logging_mixin.py:137} INFO - Kurt Santos
[2023-02-02T10:03:51.127+0000] {logging_mixin.py:137} INFO - Sean Parrish
[2023-02-02T10:03:51.140+0000] {logging_mixin.py:137} INFO - Brittany Walls
[2023-02-02T10:03:51.142+0000] {logging_mixin.py:137} INFO - Gail Brooks
[2023-02-02T10:03:51.143+0000] {logging_mixin.py:137} INFO - Valerie Johnson
[2023-02-02T10:03:51.156+0000] {logging_mixin.py:137} INFO - Jessica Dunn
[2023-02-02T10:03:51.161+0000] {logging_mixin.py:137} INFO - Chad Robinson
[2023-02-02T10:03:51.171+0000] {logging_mixin.py:137} INFO - Catherine Combs
[2023-02-02T10:03:51.173+0000] {logging_mixin.py:137} INFO - Joshua Boyd
[2023-02-02T10:03:51.174+0000] {logging_mixin.py:137} INFO - Alicia Barnett DVM
[2023-02-02T10:03:51.177+0000] {logging_mixin.py:137} INFO - Kevin Cervantes
[2023-02-02T10:03:51.180+0000] {logging_mixin.py:137} INFO - Larry Lester
[2023-02-02T10:03:51.182+0000] {logging_mixin.py:137} INFO - Deanna Espinoza
[2023-02-02T10:03:51.189+0000] {logging_mixin.py:137} INFO - Marilyn Davis
[2023-02-02T10:03:51.191+0000] {logging_mixin.py:137} INFO - Michael Weeks
[2023-02-02T10:03:51.195+0000] {logging_mixin.py:137} INFO - Brandon Stanton
[2023-02-02T10:03:51.216+0000] {logging_mixin.py:137} INFO - Ryan Boyer Jr.
[2023-02-02T10:03:51.219+0000] {logging_mixin.py:137} INFO - Amanda Elliott
[2023-02-02T10:03:51.225+0000] {logging_mixin.py:137} INFO - David Moore
[2023-02-02T10:03:51.230+0000] {logging_mixin.py:137} INFO - Andre Williams
[2023-02-02T10:03:51.232+0000] {logging_mixin.py:137} INFO - Jennifer Garcia
[2023-02-02T10:03:51.237+0000] {logging_mixin.py:137} INFO - Tracey Cook
[2023-02-02T10:03:51.247+0000] {logging_mixin.py:137} INFO - Michael Turner
[2023-02-02T10:03:51.250+0000] {logging_mixin.py:137} INFO - Diana Long
[2023-02-02T10:03:51.253+0000] {logging_mixin.py:137} INFO - John Bradley
[2023-02-02T10:03:51.258+0000] {logging_mixin.py:137} INFO - Ann Benjamin
[2023-02-02T10:03:51.260+0000] {logging_mixin.py:137} INFO - Shane House
[2023-02-02T10:03:51.264+0000] {logging_mixin.py:137} INFO - Erin Lee
[2023-02-02T10:03:51.270+0000] {logging_mixin.py:137} INFO - Joseph Gray
[2023-02-02T10:03:51.273+0000] {logging_mixin.py:137} INFO - Betty Gibson
[2023-02-02T10:03:51.278+0000] {logging_mixin.py:137} INFO - Kristen Graham
[2023-02-02T10:03:51.281+0000] {logging_mixin.py:137} INFO - Daniel Meza
[2023-02-02T10:03:51.286+0000] {logging_mixin.py:137} INFO - Sherri Carpenter
[2023-02-02T10:03:51.290+0000] {logging_mixin.py:137} INFO - Andrea Sanchez
[2023-02-02T10:03:51.292+0000] {logging_mixin.py:137} INFO - Jordan Rios
[2023-02-02T10:03:51.294+0000] {logging_mixin.py:137} INFO - Elizabeth Jackson
[2023-02-02T10:03:51.300+0000] {logging_mixin.py:137} INFO - Elizabeth Myers
[2023-02-02T10:03:51.310+0000] {logging_mixin.py:137} INFO - Juan Barnes
[2023-02-02T10:03:51.312+0000] {logging_mixin.py:137} INFO - Christopher Lozano
[2023-02-02T10:03:51.315+0000] {logging_mixin.py:137} INFO - Jacqueline Griffin
[2023-02-02T10:03:51.317+0000] {logging_mixin.py:137} INFO - Ryan Mason
[2023-02-02T10:03:51.319+0000] {logging_mixin.py:137} INFO - Jonathan Moore
[2023-02-02T10:03:51.323+0000] {logging_mixin.py:137} INFO - Abigail Landry
[2023-02-02T10:03:51.327+0000] {logging_mixin.py:137} INFO - Brenda Hernandez
[2023-02-02T10:03:51.333+0000] {logging_mixin.py:137} INFO - Zachary Pitts
[2023-02-02T10:03:51.335+0000] {logging_mixin.py:137} INFO - Amanda Rogers
[2023-02-02T10:03:51.340+0000] {logging_mixin.py:137} INFO - Cynthia Gray
[2023-02-02T10:03:51.352+0000] {logging_mixin.py:137} INFO - Tyler Barajas
[2023-02-02T10:03:51.357+0000] {logging_mixin.py:137} INFO - Michelle Leon
[2023-02-02T10:03:51.361+0000] {logging_mixin.py:137} INFO - Kathy Lang
[2023-02-02T10:03:51.368+0000] {logging_mixin.py:137} INFO - Scott Townsend MD
[2023-02-02T10:03:51.370+0000] {logging_mixin.py:137} INFO - Theresa Acosta
[2023-02-02T10:03:51.373+0000] {logging_mixin.py:137} INFO - David Jones
[2023-02-02T10:03:51.376+0000] {logging_mixin.py:137} INFO - Jeremy Robinson
[2023-02-02T10:03:51.382+0000] {logging_mixin.py:137} INFO - James Newton
[2023-02-02T10:03:51.385+0000] {logging_mixin.py:137} INFO - Tracey Wells
[2023-02-02T10:03:51.392+0000] {logging_mixin.py:137} INFO - Maria Nelson
[2023-02-02T10:03:51.394+0000] {logging_mixin.py:137} INFO - Christopher Griffith
[2023-02-02T10:03:51.402+0000] {logging_mixin.py:137} INFO - Zachary Griffin
[2023-02-02T10:03:51.407+0000] {logging_mixin.py:137} INFO - Amy Nguyen
[2023-02-02T10:03:51.409+0000] {logging_mixin.py:137} INFO - April Williams
[2023-02-02T10:03:51.414+0000] {logging_mixin.py:137} INFO - Marissa Kelly
[2023-02-02T10:03:51.418+0000] {logging_mixin.py:137} INFO - Brian Lopez PhD
[2023-02-02T10:03:51.419+0000] {logging_mixin.py:137} INFO - William Williams
[2023-02-02T10:03:51.421+0000] {logging_mixin.py:137} INFO - Norman Brown
[2023-02-02T10:03:51.428+0000] {logging_mixin.py:137} INFO - Charles Fuentes
[2023-02-02T10:03:51.429+0000] {logging_mixin.py:137} INFO - Anthony Chang
[2023-02-02T10:03:51.436+0000] {logging_mixin.py:137} INFO - Mary Bell
[2023-02-02T10:03:51.440+0000] {logging_mixin.py:137} INFO - Elizabeth Stuart
[2023-02-02T10:03:51.451+0000] {logging_mixin.py:137} INFO - Mary Mcdonald
[2023-02-02T10:03:51.454+0000] {logging_mixin.py:137} INFO - Martin Harrison
[2023-02-02T10:03:51.455+0000] {logging_mixin.py:137} INFO - Stephanie Fernandez
[2023-02-02T10:03:51.458+0000] {logging_mixin.py:137} INFO - Christopher Brown
[2023-02-02T10:03:51.472+0000] {logging_mixin.py:137} INFO - Alexander Stephenson
[2023-02-02T10:03:51.475+0000] {logging_mixin.py:137} INFO - Grace Diaz
[2023-02-02T10:03:51.482+0000] {logging_mixin.py:137} INFO - Frank Bartlett
[2023-02-02T10:03:51.484+0000] {logging_mixin.py:137} INFO - Audrey Andersen
[2023-02-02T10:03:51.492+0000] {logging_mixin.py:137} INFO - David Green
[2023-02-02T10:03:51.501+0000] {logging_mixin.py:137} INFO - Joshua Diaz Jr.
[2023-02-02T10:03:51.509+0000] {logging_mixin.py:137} INFO - Emily Garcia
[2023-02-02T10:03:51.513+0000] {logging_mixin.py:137} INFO - Devin Hall
[2023-02-02T10:03:51.519+0000] {logging_mixin.py:137} INFO - Phillip Garner
[2023-02-02T10:03:51.530+0000] {logging_mixin.py:137} INFO - Katherine Estrada
[2023-02-02T10:03:51.532+0000] {logging_mixin.py:137} INFO - Corey Saunders
[2023-02-02T10:03:51.555+0000] {logging_mixin.py:137} INFO - Kimberly Collins
[2023-02-02T10:03:51.557+0000] {logging_mixin.py:137} INFO - Amy Elliott
[2023-02-02T10:03:51.558+0000] {logging_mixin.py:137} INFO - Tanya Jones
[2023-02-02T10:03:51.567+0000] {logging_mixin.py:137} INFO - Patricia Gonzalez
[2023-02-02T10:03:51.570+0000] {logging_mixin.py:137} INFO - Jennifer Hill
[2023-02-02T10:03:51.580+0000] {logging_mixin.py:137} INFO - John Haynes
[2023-02-02T10:03:51.582+0000] {logging_mixin.py:137} INFO - Jacob Henry
[2023-02-02T10:03:51.584+0000] {logging_mixin.py:137} INFO - Daniel Clark
[2023-02-02T10:03:51.588+0000] {logging_mixin.py:137} INFO - Jonathon Taylor
[2023-02-02T10:03:51.592+0000] {logging_mixin.py:137} INFO - Jesse Evans
[2023-02-02T10:03:51.595+0000] {logging_mixin.py:137} INFO - James Martinez
[2023-02-02T10:03:51.598+0000] {logging_mixin.py:137} INFO - Kyle Reyes
[2023-02-02T10:03:51.601+0000] {logging_mixin.py:137} INFO - Terrence Barker
[2023-02-02T10:03:51.610+0000] {logging_mixin.py:137} INFO - Anthony Washington
[2023-02-02T10:03:51.611+0000] {logging_mixin.py:137} INFO - Dustin Le
[2023-02-02T10:03:51.615+0000] {logging_mixin.py:137} INFO - Bruce Clark
[2023-02-02T10:03:51.619+0000] {logging_mixin.py:137} INFO - Keith Anthony
[2023-02-02T10:03:51.622+0000] {logging_mixin.py:137} INFO - Jeremiah Stone
[2023-02-02T10:03:51.624+0000] {logging_mixin.py:137} INFO - Michael Haley
[2023-02-02T10:03:51.637+0000] {logging_mixin.py:137} INFO - Regina Carrillo
[2023-02-02T10:03:51.653+0000] {logging_mixin.py:137} INFO - Jacob Lee
[2023-02-02T10:03:51.656+0000] {logging_mixin.py:137} INFO - Thomas Gonzalez
[2023-02-02T10:03:51.660+0000] {logging_mixin.py:137} INFO - Mark Lawrence
[2023-02-02T10:03:51.670+0000] {logging_mixin.py:137} INFO - Matthew Anderson
[2023-02-02T10:03:51.674+0000] {logging_mixin.py:137} INFO - Nicholas Young
[2023-02-02T10:03:51.676+0000] {logging_mixin.py:137} INFO - Melvin Martinez
[2023-02-02T10:03:51.678+0000] {logging_mixin.py:137} INFO - Scott Green
[2023-02-02T10:03:51.680+0000] {logging_mixin.py:137} INFO - Dana Richards
[2023-02-02T10:03:51.682+0000] {logging_mixin.py:137} INFO - Lauren Moore
[2023-02-02T10:03:51.683+0000] {logging_mixin.py:137} INFO - Terry Campbell
[2023-02-02T10:03:51.685+0000] {logging_mixin.py:137} INFO - Ralph Jordan
[2023-02-02T10:03:51.691+0000] {logging_mixin.py:137} INFO - Noah Reyes
[2023-02-02T10:03:51.697+0000] {logging_mixin.py:137} INFO - Mr. Gregory Mills MD
[2023-02-02T10:03:51.699+0000] {logging_mixin.py:137} INFO - Michelle Yates
[2023-02-02T10:03:51.706+0000] {logging_mixin.py:137} INFO - Robin Reyes
[2023-02-02T10:03:51.712+0000] {logging_mixin.py:137} INFO - Rebecca Smith
[2023-02-02T10:03:51.719+0000] {logging_mixin.py:137} INFO - Nicole Torres
[2023-02-02T10:03:51.723+0000] {logging_mixin.py:137} INFO - Ronald Jones
[2023-02-02T10:03:51.726+0000] {logging_mixin.py:137} INFO - Michael Castaneda
[2023-02-02T10:03:51.732+0000] {logging_mixin.py:137} INFO - Christopher Krueger
[2023-02-02T10:03:51.736+0000] {logging_mixin.py:137} INFO - Jennifer Werner
[2023-02-02T10:03:51.758+0000] {logging_mixin.py:137} INFO - Ashley Smith
[2023-02-02T10:03:51.759+0000] {logging_mixin.py:137} INFO - Alyssa Fields
[2023-02-02T10:03:51.761+0000] {logging_mixin.py:137} INFO - John Scott
[2023-02-02T10:03:51.763+0000] {logging_mixin.py:137} INFO - Debra Delacruz
[2023-02-02T10:03:51.766+0000] {logging_mixin.py:137} INFO - James Madden
[2023-02-02T10:03:51.768+0000] {logging_mixin.py:137} INFO - Joseph Gentry
[2023-02-02T10:03:51.781+0000] {logging_mixin.py:137} INFO - Ashley Cabrera
[2023-02-02T10:03:51.786+0000] {logging_mixin.py:137} INFO - Jennifer Fernandez
[2023-02-02T10:03:51.791+0000] {logging_mixin.py:137} INFO - James Harris
[2023-02-02T10:03:51.794+0000] {logging_mixin.py:137} INFO - Candice Young
[2023-02-02T10:03:51.799+0000] {logging_mixin.py:137} INFO - Lisa Baker
[2023-02-02T10:03:51.814+0000] {logging_mixin.py:137} INFO - Brian Mills DDS
[2023-02-02T10:03:51.821+0000] {logging_mixin.py:137} INFO - Kristin Smith
[2023-02-02T10:03:51.825+0000] {logging_mixin.py:137} INFO - Jacob Collins
[2023-02-02T10:03:51.833+0000] {logging_mixin.py:137} INFO - Kimberly Harris
[2023-02-02T10:03:51.836+0000] {logging_mixin.py:137} INFO - Michael Hull
[2023-02-02T10:03:51.840+0000] {logging_mixin.py:137} INFO - Caitlin Todd
[2023-02-02T10:03:51.843+0000] {logging_mixin.py:137} INFO - Lisa Harris
[2023-02-02T10:03:51.847+0000] {logging_mixin.py:137} INFO - Mrs. Ann Stone
[2023-02-02T10:03:51.853+0000] {logging_mixin.py:137} INFO - Michelle Case
[2023-02-02T10:03:51.861+0000] {logging_mixin.py:137} INFO - Joe Lowe
[2023-02-02T10:03:51.866+0000] {logging_mixin.py:137} INFO - Randall Dunn
[2023-02-02T10:03:51.868+0000] {logging_mixin.py:137} INFO - Paula Vargas
[2023-02-02T10:03:51.871+0000] {logging_mixin.py:137} INFO - Daniel Walker
[2023-02-02T10:03:51.876+0000] {logging_mixin.py:137} INFO - James Jackson
[2023-02-02T10:03:51.880+0000] {logging_mixin.py:137} INFO - Shirley Woodard
[2023-02-02T10:03:51.882+0000] {logging_mixin.py:137} INFO - James Hayes
[2023-02-02T10:03:51.894+0000] {logging_mixin.py:137} INFO - Megan Austin
[2023-02-02T10:03:51.901+0000] {logging_mixin.py:137} INFO - Erin Robertson
[2023-02-02T10:03:51.911+0000] {logging_mixin.py:137} INFO - Robert Phillips
[2023-02-02T10:03:51.914+0000] {logging_mixin.py:137} INFO - Amy Torres
[2023-02-02T10:03:51.917+0000] {logging_mixin.py:137} INFO - Joshua Cox
[2023-02-02T10:03:51.921+0000] {logging_mixin.py:137} INFO - Duane Grimes
[2023-02-02T10:03:51.929+0000] {logging_mixin.py:137} INFO - Jennifer Burgess
[2023-02-02T10:03:51.931+0000] {logging_mixin.py:137} INFO - Carlos Duran
[2023-02-02T10:03:51.932+0000] {logging_mixin.py:137} INFO - Jason Johnson
[2023-02-02T10:03:51.939+0000] {logging_mixin.py:137} INFO - Cameron Greer
[2023-02-02T10:03:51.942+0000] {logging_mixin.py:137} INFO - Randall Williams
[2023-02-02T10:03:51.949+0000] {logging_mixin.py:137} INFO - Jessica Harris
[2023-02-02T10:03:51.963+0000] {logging_mixin.py:137} INFO - Joshua Rogers
[2023-02-02T10:03:51.971+0000] {logging_mixin.py:137} INFO - Jose Mahoney
[2023-02-02T10:03:51.984+0000] {logging_mixin.py:137} INFO - Brandy Fuentes
[2023-02-02T10:03:52.007+0000] {logging_mixin.py:137} INFO - Angelica Matthews
[2023-02-02T10:03:52.010+0000] {logging_mixin.py:137} INFO - Glenn Caldwell
[2023-02-02T10:03:52.027+0000] {logging_mixin.py:137} INFO - Cristian Delacruz
[2023-02-02T10:03:52.031+0000] {logging_mixin.py:137} INFO - Alexandra Price
[2023-02-02T10:03:52.032+0000] {logging_mixin.py:137} INFO - Heather Wilson
[2023-02-02T10:03:52.036+0000] {logging_mixin.py:137} INFO - Shawn Thompson
[2023-02-02T10:03:52.039+0000] {logging_mixin.py:137} INFO - Anna Daniel
[2023-02-02T10:03:52.041+0000] {logging_mixin.py:137} INFO - Joseph Cisneros
[2023-02-02T10:03:52.044+0000] {logging_mixin.py:137} INFO - Rebecca Estes
[2023-02-02T10:03:52.046+0000] {logging_mixin.py:137} INFO - Jeremy Porter
[2023-02-02T10:03:52.048+0000] {logging_mixin.py:137} INFO - Lisa Mann
[2023-02-02T10:03:52.050+0000] {logging_mixin.py:137} INFO - Michael Woods
[2023-02-02T10:03:52.055+0000] {logging_mixin.py:137} INFO - Madison Thompson
[2023-02-02T10:03:52.056+0000] {logging_mixin.py:137} INFO - Nancy Gomez
[2023-02-02T10:03:52.060+0000] {logging_mixin.py:137} INFO - Julie Blanchard
[2023-02-02T10:03:52.063+0000] {logging_mixin.py:137} INFO - Michael Smith
[2023-02-02T10:03:52.074+0000] {logging_mixin.py:137} INFO - Angel Huber
[2023-02-02T10:03:52.078+0000] {logging_mixin.py:137} INFO - Michael Coffey
[2023-02-02T10:03:52.084+0000] {logging_mixin.py:137} INFO - Patrick Walter
[2023-02-02T10:03:52.090+0000] {logging_mixin.py:137} INFO - Curtis Davis
[2023-02-02T10:03:52.102+0000] {logging_mixin.py:137} INFO - Kyle Stewart
[2023-02-02T10:03:52.119+0000] {logging_mixin.py:137} INFO - Angela Jimenez
[2023-02-02T10:03:52.125+0000] {logging_mixin.py:137} INFO - Andrew Martinez
[2023-02-02T10:03:52.135+0000] {logging_mixin.py:137} INFO - Angela West
[2023-02-02T10:03:52.144+0000] {logging_mixin.py:137} INFO - Ryan Young
[2023-02-02T10:03:52.159+0000] {logging_mixin.py:137} INFO - Nathaniel Evans
[2023-02-02T10:03:52.163+0000] {logging_mixin.py:137} INFO - Dawn Bryant
[2023-02-02T10:03:52.171+0000] {logging_mixin.py:137} INFO - Danielle Lewis
[2023-02-02T10:03:52.181+0000] {logging_mixin.py:137} INFO - Matthew Newman
[2023-02-02T10:03:52.199+0000] {logging_mixin.py:137} INFO - Robert Smith
[2023-02-02T10:03:52.204+0000] {logging_mixin.py:137} INFO - Melissa Hicks
[2023-02-02T10:03:52.205+0000] {logging_mixin.py:137} INFO - Emily Lambert
[2023-02-02T10:03:52.212+0000] {logging_mixin.py:137} INFO - Krystal Wolfe
[2023-02-02T10:03:52.217+0000] {logging_mixin.py:137} INFO - Donna Murillo
[2023-02-02T10:03:52.226+0000] {logging_mixin.py:137} INFO - Carl Hudson
[2023-02-02T10:03:52.238+0000] {logging_mixin.py:137} INFO - Robert Wilson
[2023-02-02T10:03:52.243+0000] {logging_mixin.py:137} INFO - Patrick Mathis
[2023-02-02T10:03:52.247+0000] {logging_mixin.py:137} INFO - Michael Suarez
[2023-02-02T10:03:52.248+0000] {logging_mixin.py:137} INFO - David Johnson
[2023-02-02T10:03:52.252+0000] {logging_mixin.py:137} INFO - William Thompson
[2023-02-02T10:03:52.254+0000] {logging_mixin.py:137} INFO - Jessica Hansen DVM
[2023-02-02T10:03:52.268+0000] {logging_mixin.py:137} INFO - Katherine Friedman
[2023-02-02T10:03:52.270+0000] {logging_mixin.py:137} INFO - Jillian Johnson
[2023-02-02T10:03:52.274+0000] {logging_mixin.py:137} INFO - Robert Mckee
[2023-02-02T10:03:52.280+0000] {logging_mixin.py:137} INFO - Rachel Little
[2023-02-02T10:03:52.288+0000] {logging_mixin.py:137} INFO - Patricia Smith
[2023-02-02T10:03:52.299+0000] {logging_mixin.py:137} INFO - Heidi Martinez
[2023-02-02T10:03:52.303+0000] {logging_mixin.py:137} INFO - Caitlin Solomon
[2023-02-02T10:03:52.313+0000] {logging_mixin.py:137} INFO - Dr. Olivia Pugh
[2023-02-02T10:03:52.315+0000] {logging_mixin.py:137} INFO - John Steele DDS
[2023-02-02T10:03:52.321+0000] {logging_mixin.py:137} INFO - Jeremy Mathews
[2023-02-02T10:03:52.328+0000] {logging_mixin.py:137} INFO - Tiffany Hill
[2023-02-02T10:03:52.330+0000] {logging_mixin.py:137} INFO - Steven Edwards
[2023-02-02T10:03:52.332+0000] {logging_mixin.py:137} INFO - Charles Campbell
[2023-02-02T10:03:52.339+0000] {logging_mixin.py:137} INFO - Brett Hughes
[2023-02-02T10:03:52.342+0000] {logging_mixin.py:137} INFO - Christina Villegas
[2023-02-02T10:03:52.354+0000] {logging_mixin.py:137} INFO - Anthony Garcia
[2023-02-02T10:03:52.356+0000] {logging_mixin.py:137} INFO - Nathan Murphy
[2023-02-02T10:03:52.360+0000] {logging_mixin.py:137} INFO - Steven Dodson
[2023-02-02T10:03:52.362+0000] {logging_mixin.py:137} INFO - Brian Sullivan
[2023-02-02T10:03:52.364+0000] {logging_mixin.py:137} INFO - Renee White
[2023-02-02T10:03:52.374+0000] {logging_mixin.py:137} INFO - Laura Rowland
[2023-02-02T10:03:52.377+0000] {logging_mixin.py:137} INFO - John Moore
[2023-02-02T10:03:52.385+0000] {logging_mixin.py:137} INFO - Sophia Mckenzie
[2023-02-02T10:03:52.389+0000] {logging_mixin.py:137} INFO - David Roach
[2023-02-02T10:03:52.397+0000] {logging_mixin.py:137} INFO - Jennifer Patterson
[2023-02-02T10:03:52.402+0000] {logging_mixin.py:137} INFO - James Richards
[2023-02-02T10:03:52.420+0000] {logging_mixin.py:137} INFO - Mary Johnston
[2023-02-02T10:03:52.435+0000] {logging_mixin.py:137} INFO - Brandon Mcdaniel
[2023-02-02T10:03:52.449+0000] {logging_mixin.py:137} INFO - Meghan Stevenson
[2023-02-02T10:03:52.452+0000] {logging_mixin.py:137} INFO - Luis Hayes
[2023-02-02T10:03:52.454+0000] {logging_mixin.py:137} INFO - Alejandra Sloan
[2023-02-02T10:03:52.460+0000] {logging_mixin.py:137} INFO - Dr. Sandra Miller
[2023-02-02T10:03:52.462+0000] {logging_mixin.py:137} INFO - Dustin Bond
[2023-02-02T10:03:52.469+0000] {logging_mixin.py:137} INFO - Julia Patrick MD
[2023-02-02T10:03:52.479+0000] {logging_mixin.py:137} INFO - Jill Campbell
[2023-02-02T10:03:52.486+0000] {logging_mixin.py:137} INFO - Mark Ford
[2023-02-02T10:03:52.500+0000] {logging_mixin.py:137} INFO - Brian Long
[2023-02-02T10:03:52.508+0000] {logging_mixin.py:137} INFO - Lisa Peterson
[2023-02-02T10:03:52.510+0000] {logging_mixin.py:137} INFO - Matthew Lee
[2023-02-02T10:03:52.514+0000] {logging_mixin.py:137} INFO - Bradley Miller
[2023-02-02T10:03:52.519+0000] {logging_mixin.py:137} INFO - Jeffrey Moss
[2023-02-02T10:03:52.523+0000] {logging_mixin.py:137} INFO - Sara Carlson
[2023-02-02T10:03:52.525+0000] {logging_mixin.py:137} INFO - Daniel Rodriguez
[2023-02-02T10:03:52.529+0000] {logging_mixin.py:137} INFO - Jeremy David
[2023-02-02T10:03:52.533+0000] {logging_mixin.py:137} INFO - Eric Green
[2023-02-02T10:03:52.535+0000] {logging_mixin.py:137} INFO - Alexis Jones
[2023-02-02T10:03:52.541+0000] {logging_mixin.py:137} INFO - Matthew Rose
[2023-02-02T10:03:52.543+0000] {logging_mixin.py:137} INFO - Catherine Anderson
[2023-02-02T10:03:52.546+0000] {logging_mixin.py:137} INFO - Holly Burton
[2023-02-02T10:03:52.549+0000] {logging_mixin.py:137} INFO - David Matthews
[2023-02-02T10:03:52.551+0000] {logging_mixin.py:137} INFO - Mrs. Kara Little
[2023-02-02T10:03:52.563+0000] {logging_mixin.py:137} INFO - Jeffrey Stanley
[2023-02-02T10:03:52.570+0000] {logging_mixin.py:137} INFO - James Ochoa
[2023-02-02T10:03:52.576+0000] {logging_mixin.py:137} INFO - Jason Frye
[2023-02-02T10:03:52.585+0000] {logging_mixin.py:137} INFO - Christopher Ellis
[2023-02-02T10:03:52.592+0000] {logging_mixin.py:137} INFO - Michelle Nixon
[2023-02-02T10:03:52.599+0000] {logging_mixin.py:137} INFO - Andrew Gill
[2023-02-02T10:03:52.612+0000] {logging_mixin.py:137} INFO - Jennifer Wilson
[2023-02-02T10:03:52.615+0000] {logging_mixin.py:137} INFO - Shawn Black
[2023-02-02T10:03:52.618+0000] {logging_mixin.py:137} INFO - April Patterson
[2023-02-02T10:03:52.621+0000] {logging_mixin.py:137} INFO - Troy Vaughn
[2023-02-02T10:03:52.630+0000] {logging_mixin.py:137} INFO - Alexandria White
[2023-02-02T10:03:52.632+0000] {logging_mixin.py:137} INFO - Scott Phillips
[2023-02-02T10:03:52.638+0000] {logging_mixin.py:137} INFO - Zachary Cisneros
[2023-02-02T10:03:52.652+0000] {logging_mixin.py:137} INFO - Deborah Brown
[2023-02-02T10:03:52.662+0000] {logging_mixin.py:137} INFO - Monica Moses
[2023-02-02T10:03:52.670+0000] {logging_mixin.py:137} INFO - Brenda Reyes
[2023-02-02T10:03:52.675+0000] {logging_mixin.py:137} INFO - Miss Renee Allen
[2023-02-02T10:03:52.684+0000] {logging_mixin.py:137} INFO - Susan Clark
[2023-02-02T10:03:52.686+0000] {logging_mixin.py:137} INFO - Brandy Coffey
[2023-02-02T10:03:52.689+0000] {logging_mixin.py:137} INFO - Brett Nelson
[2023-02-02T10:03:52.696+0000] {logging_mixin.py:137} INFO - Ricardo Young
[2023-02-02T10:03:52.699+0000] {logging_mixin.py:137} INFO - Paul Lee
[2023-02-02T10:03:52.701+0000] {logging_mixin.py:137} INFO - David Allen
[2023-02-02T10:03:52.707+0000] {logging_mixin.py:137} INFO - Andrea Knight
[2023-02-02T10:03:52.710+0000] {logging_mixin.py:137} INFO - James Gomez
[2023-02-02T10:03:52.715+0000] {logging_mixin.py:137} INFO - Melody Gibson
[2023-02-02T10:03:52.718+0000] {logging_mixin.py:137} INFO - Christina Martinez
[2023-02-02T10:03:52.720+0000] {logging_mixin.py:137} INFO - Shelby Smith
[2023-02-02T10:03:52.721+0000] {logging_mixin.py:137} INFO - Jason Howard
[2023-02-02T10:03:52.725+0000] {logging_mixin.py:137} INFO - Amy Davidson
[2023-02-02T10:03:52.730+0000] {logging_mixin.py:137} INFO - Kyle Copeland
[2023-02-02T10:03:52.736+0000] {logging_mixin.py:137} INFO - Madeline Davis
[2023-02-02T10:03:52.740+0000] {logging_mixin.py:137} INFO - Aaron Young
[2023-02-02T10:03:52.742+0000] {logging_mixin.py:137} INFO - Lisa Barrett
[2023-02-02T10:03:52.744+0000] {logging_mixin.py:137} INFO - Joel Jones
[2023-02-02T10:03:52.746+0000] {logging_mixin.py:137} INFO - Christine Evans
[2023-02-02T10:03:52.756+0000] {logging_mixin.py:137} INFO - Kimberly Johnson
[2023-02-02T10:03:52.758+0000] {logging_mixin.py:137} INFO - Charles Hess
[2023-02-02T10:03:52.760+0000] {logging_mixin.py:137} INFO - Paul Dixon
[2023-02-02T10:03:52.762+0000] {logging_mixin.py:137} INFO - Christopher Johnson
[2023-02-02T10:03:52.763+0000] {logging_mixin.py:137} INFO - Robert Dawson
[2023-02-02T10:03:52.766+0000] {logging_mixin.py:137} INFO - Ryan Dixon
[2023-02-02T10:03:52.781+0000] {logging_mixin.py:137} INFO - Julie Martinez
[2023-02-02T10:03:52.786+0000] {logging_mixin.py:137} INFO - David Adams
[2023-02-02T10:03:52.792+0000] {logging_mixin.py:137} INFO - Mariah Brown
[2023-02-02T10:03:52.800+0000] {logging_mixin.py:137} INFO - Deborah Malone
[2023-02-02T10:03:52.802+0000] {logging_mixin.py:137} INFO - John Brown
[2023-02-02T10:03:52.803+0000] {logging_mixin.py:137} INFO - Maria Stewart
[2023-02-02T10:03:52.805+0000] {logging_mixin.py:137} INFO - Mr. Bryan Hawkins
[2023-02-02T10:03:52.807+0000] {logging_mixin.py:137} INFO - Kyle Brooks
[2023-02-02T10:03:52.809+0000] {logging_mixin.py:137} INFO - Kenneth White
[2023-02-02T10:03:52.811+0000] {logging_mixin.py:137} INFO - Patricia Wilson
[2023-02-02T10:03:52.817+0000] {logging_mixin.py:137} INFO - Paul Soto
[2023-02-02T10:03:52.829+0000] {logging_mixin.py:137} INFO - Janice Garrett
[2023-02-02T10:03:52.831+0000] {logging_mixin.py:137} INFO - Randy Strickland
[2023-02-02T10:03:52.835+0000] {logging_mixin.py:137} INFO - Felicia Herrera
[2023-02-02T10:03:52.839+0000] {logging_mixin.py:137} INFO - Andre Campos
[2023-02-02T10:03:52.850+0000] {logging_mixin.py:137} INFO - Justin Meyer
[2023-02-02T10:03:52.857+0000] {logging_mixin.py:137} INFO - Brandon Brooks
[2023-02-02T10:03:52.864+0000] {logging_mixin.py:137} INFO - Abigail Rivera
[2023-02-02T10:03:52.870+0000] {logging_mixin.py:137} INFO - Jessica Mann
[2023-02-02T10:03:52.876+0000] {logging_mixin.py:137} INFO - Michael Sawyer
[2023-02-02T10:03:52.885+0000] {logging_mixin.py:137} INFO - Jeffrey Coleman
[2023-02-02T10:03:52.887+0000] {logging_mixin.py:137} INFO - Micheal Castro
[2023-02-02T10:03:52.889+0000] {logging_mixin.py:137} INFO - Laura Gonzalez
[2023-02-02T10:03:52.894+0000] {logging_mixin.py:137} INFO - Christopher Jackson
[2023-02-02T10:03:52.900+0000] {logging_mixin.py:137} INFO - William Mckenzie
[2023-02-02T10:03:52.908+0000] {logging_mixin.py:137} INFO - Kristina Rodriguez
[2023-02-02T10:03:52.913+0000] {logging_mixin.py:137} INFO - Kelli Williams
[2023-02-02T10:03:52.916+0000] {logging_mixin.py:137} INFO - Diane Norris
[2023-02-02T10:03:52.923+0000] {logging_mixin.py:137} INFO - Kevin Carroll
[2023-02-02T10:03:52.928+0000] {logging_mixin.py:137} INFO - Betty Weber
[2023-02-02T10:03:52.931+0000] {logging_mixin.py:137} INFO - Jeffery Robinson
[2023-02-02T10:03:52.936+0000] {logging_mixin.py:137} INFO - Hannah Cowan
[2023-02-02T10:03:52.939+0000] {logging_mixin.py:137} INFO - Brian Kramer
[2023-02-02T10:03:52.945+0000] {logging_mixin.py:137} INFO - Anthony Roberts
[2023-02-02T10:03:52.948+0000] {logging_mixin.py:137} INFO - Ricardo Blankenship
[2023-02-02T10:03:52.952+0000] {logging_mixin.py:137} INFO - Brooke Collins
[2023-02-02T10:03:52.955+0000] {logging_mixin.py:137} INFO - Tammy Lawson
[2023-02-02T10:03:52.957+0000] {logging_mixin.py:137} INFO - Cody Miller
[2023-02-02T10:03:52.960+0000] {logging_mixin.py:137} INFO - Dr. Janice Salazar
[2023-02-02T10:03:52.965+0000] {logging_mixin.py:137} INFO - David West
[2023-02-02T10:03:52.973+0000] {logging_mixin.py:137} INFO - Robin Carpenter
[2023-02-02T10:03:52.976+0000] {logging_mixin.py:137} INFO - Monique Wall
[2023-02-02T10:03:52.991+0000] {logging_mixin.py:137} INFO - Charles Cardenas
[2023-02-02T10:03:52.994+0000] {logging_mixin.py:137} INFO - Valerie Mitchell
[2023-02-02T10:03:53.000+0000] {logging_mixin.py:137} INFO - Michelle Valenzuela
[2023-02-02T10:03:53.001+0000] {logging_mixin.py:137} INFO - William Poole
[2023-02-02T10:03:53.002+0000] {logging_mixin.py:137} INFO - James Hall
[2023-02-02T10:03:53.006+0000] {logging_mixin.py:137} INFO - Dylan Carpenter
[2023-02-02T10:03:53.010+0000] {logging_mixin.py:137} INFO - Linda Medina
[2023-02-02T10:03:53.014+0000] {logging_mixin.py:137} INFO - Joan White
[2023-02-02T10:03:53.018+0000] {logging_mixin.py:137} INFO - Mary Klein
[2023-02-02T10:03:53.021+0000] {logging_mixin.py:137} INFO - Ashley Wolf
[2023-02-02T10:03:53.027+0000] {logging_mixin.py:137} INFO - William Reed
[2023-02-02T10:03:53.041+0000] {logging_mixin.py:137} INFO - Derek Harvey
[2023-02-02T10:03:53.044+0000] {logging_mixin.py:137} INFO - Kathleen Rodriguez
[2023-02-02T10:03:53.063+0000] {logging_mixin.py:137} INFO - Andrew Rodriguez
[2023-02-02T10:03:53.065+0000] {logging_mixin.py:137} INFO - Ariel Frank
[2023-02-02T10:03:53.071+0000] {logging_mixin.py:137} INFO - Tina French
[2023-02-02T10:03:53.073+0000] {logging_mixin.py:137} INFO - Brent Waller
[2023-02-02T10:03:53.079+0000] {logging_mixin.py:137} INFO - Kevin Allen
[2023-02-02T10:03:53.081+0000] {logging_mixin.py:137} INFO - Xavier Walker
[2023-02-02T10:03:53.088+0000] {logging_mixin.py:137} INFO - Michelle Sanchez
[2023-02-02T10:03:53.090+0000] {logging_mixin.py:137} INFO - Rachael Shepard
[2023-02-02T10:03:53.093+0000] {logging_mixin.py:137} INFO - Kelsey Johnson
[2023-02-02T10:03:53.094+0000] {logging_mixin.py:137} INFO - Nicole Webb
[2023-02-02T10:03:53.096+0000] {logging_mixin.py:137} INFO - Nicholas Rodriguez
[2023-02-02T10:03:53.098+0000] {logging_mixin.py:137} INFO - Eric Vaughan
[2023-02-02T10:03:53.102+0000] {logging_mixin.py:137} INFO - Amanda Richardson
[2023-02-02T10:03:53.104+0000] {logging_mixin.py:137} INFO - Janice Carlson
[2023-02-02T10:03:53.106+0000] {logging_mixin.py:137} INFO - Darryl Walsh
[2023-02-02T10:03:53.108+0000] {logging_mixin.py:137} INFO - Heather Johnson
[2023-02-02T10:03:53.110+0000] {logging_mixin.py:137} INFO - Mark Chambers
[2023-02-02T10:03:53.115+0000] {logging_mixin.py:137} INFO - Tracy Burns
[2023-02-02T10:03:53.119+0000] {logging_mixin.py:137} INFO - John Cole
[2023-02-02T10:03:53.121+0000] {logging_mixin.py:137} INFO - Deborah Silva
[2023-02-02T10:03:53.123+0000] {logging_mixin.py:137} INFO - Shawn Hernandez
[2023-02-02T10:03:53.125+0000] {logging_mixin.py:137} INFO - Bethany Meyer
[2023-02-02T10:03:53.127+0000] {logging_mixin.py:137} INFO - Helen Smith
[2023-02-02T10:03:53.135+0000] {logging_mixin.py:137} INFO - Dana Dennis
[2023-02-02T10:03:53.138+0000] {logging_mixin.py:137} INFO - Kelsey Camacho
[2023-02-02T10:03:53.139+0000] {logging_mixin.py:137} INFO - Matthew Thomas
[2023-02-02T10:03:53.144+0000] {logging_mixin.py:137} INFO - Brittany Arellano
[2023-02-02T10:03:53.147+0000] {logging_mixin.py:137} INFO - Stacey Jones
[2023-02-02T10:03:53.149+0000] {logging_mixin.py:137} INFO - William Weeks
[2023-02-02T10:03:53.150+0000] {logging_mixin.py:137} INFO - Mark Beasley
[2023-02-02T10:03:53.151+0000] {logging_mixin.py:137} INFO - Bruce Pena
[2023-02-02T10:03:53.153+0000] {logging_mixin.py:137} INFO - Jeffery Smith
[2023-02-02T10:03:53.157+0000] {logging_mixin.py:137} INFO - Ann Deleon
[2023-02-02T10:03:53.159+0000] {logging_mixin.py:137} INFO - Kevin Robertson
[2023-02-02T10:03:53.163+0000] {logging_mixin.py:137} INFO - Vincent Willis MD
[2023-02-02T10:03:53.183+0000] {logging_mixin.py:137} INFO - Michael Nielsen
[2023-02-02T10:03:53.192+0000] {logging_mixin.py:137} INFO - Walter Koch
[2023-02-02T10:03:53.200+0000] {logging_mixin.py:137} INFO - Brian Vega
[2023-02-02T10:03:53.204+0000] {logging_mixin.py:137} INFO - Jeffrey Medina
[2023-02-02T10:03:53.212+0000] {logging_mixin.py:137} INFO - Erika Banks
[2023-02-02T10:03:53.215+0000] {logging_mixin.py:137} INFO - Stacey Griffin
[2023-02-02T10:03:53.219+0000] {logging_mixin.py:137} INFO - Michael Marsh
[2023-02-02T10:03:53.224+0000] {logging_mixin.py:137} INFO - Molly White
[2023-02-02T10:03:53.227+0000] {logging_mixin.py:137} INFO - Matthew Morrison
[2023-02-02T10:03:53.232+0000] {logging_mixin.py:137} INFO - Amanda Burns
[2023-02-02T10:03:53.235+0000] {logging_mixin.py:137} INFO - Emily Gonzalez DDS
[2023-02-02T10:03:53.237+0000] {logging_mixin.py:137} INFO - Gregory King
[2023-02-02T10:03:53.242+0000] {logging_mixin.py:137} INFO - Dennis Evans
[2023-02-02T10:03:53.256+0000] {logging_mixin.py:137} INFO - Christina Snyder
[2023-02-02T10:03:53.262+0000] {logging_mixin.py:137} INFO - Carolyn Mata
[2023-02-02T10:03:53.274+0000] {logging_mixin.py:137} INFO - Brandy Lawson
[2023-02-02T10:03:53.281+0000] {logging_mixin.py:137} INFO - Briana Christian
[2023-02-02T10:03:53.285+0000] {logging_mixin.py:137} INFO - Jeffrey Hernandez
[2023-02-02T10:03:53.286+0000] {logging_mixin.py:137} INFO - John Riggs
[2023-02-02T10:03:53.289+0000] {logging_mixin.py:137} INFO - Barbara Short
[2023-02-02T10:03:53.290+0000] {logging_mixin.py:137} INFO - Steven Brooks
[2023-02-02T10:03:53.292+0000] {logging_mixin.py:137} INFO - Gabrielle James
[2023-02-02T10:03:53.294+0000] {logging_mixin.py:137} INFO - Robert Young
[2023-02-02T10:03:53.298+0000] {logging_mixin.py:137} INFO - Derek Sanders
[2023-02-02T10:03:53.300+0000] {logging_mixin.py:137} INFO - Mallory Oliver
[2023-02-02T10:03:53.318+0000] {logging_mixin.py:137} INFO - Terry Howe
[2023-02-02T10:03:53.330+0000] {logging_mixin.py:137} INFO - Samuel Wallace
[2023-02-02T10:03:53.332+0000] {logging_mixin.py:137} INFO - Angel Jones
[2023-02-02T10:03:53.338+0000] {logging_mixin.py:137} INFO - Jacqueline Nichols
[2023-02-02T10:03:53.341+0000] {logging_mixin.py:137} INFO - Melissa Mcgee
[2023-02-02T10:03:53.343+0000] {logging_mixin.py:137} INFO - Michelle Smith
[2023-02-02T10:03:53.346+0000] {logging_mixin.py:137} INFO - Maureen Baxter
[2023-02-02T10:03:53.351+0000] {logging_mixin.py:137} INFO - Kathy Crawford
[2023-02-02T10:03:53.357+0000] {logging_mixin.py:137} INFO - Stacy Wood
[2023-02-02T10:03:53.368+0000] {logging_mixin.py:137} INFO - Justin Parsons
[2023-02-02T10:03:53.376+0000] {logging_mixin.py:137} INFO - Ann Klein
[2023-02-02T10:03:53.378+0000] {logging_mixin.py:137} INFO - Allison Arnold
[2023-02-02T10:03:53.380+0000] {logging_mixin.py:137} INFO - Heather Kirk
[2023-02-02T10:03:53.389+0000] {logging_mixin.py:137} INFO - Monica Smith
[2023-02-02T10:03:53.393+0000] {logging_mixin.py:137} INFO - Brett Oconnor
[2023-02-02T10:03:53.396+0000] {logging_mixin.py:137} INFO - Anthony Bryant
[2023-02-02T10:03:53.404+0000] {logging_mixin.py:137} INFO - Jeremy Russell
[2023-02-02T10:03:53.407+0000] {logging_mixin.py:137} INFO - Julie Poole
[2023-02-02T10:03:53.412+0000] {logging_mixin.py:137} INFO - Emma Thompson
[2023-02-02T10:03:53.429+0000] {logging_mixin.py:137} INFO - Bradley Matthews
[2023-02-02T10:03:53.438+0000] {logging_mixin.py:137} INFO - William Roberts
[2023-02-02T10:03:53.445+0000] {logging_mixin.py:137} INFO - Julie Mooney
[2023-02-02T10:03:53.448+0000] {logging_mixin.py:137} INFO - Amy Doyle
[2023-02-02T10:03:53.465+0000] {logging_mixin.py:137} INFO - Amanda Grant
[2023-02-02T10:03:53.469+0000] {logging_mixin.py:137} INFO - Eric Anderson
[2023-02-02T10:03:53.505+0000] {logging_mixin.py:137} INFO - George Thompson
[2023-02-02T10:03:53.517+0000] {logging_mixin.py:137} INFO - Dustin Hines
[2023-02-02T10:03:53.520+0000] {logging_mixin.py:137} INFO - Andrea Frank
[2023-02-02T10:03:53.528+0000] {logging_mixin.py:137} INFO - Jodi Cook
[2023-02-02T10:03:53.531+0000] {logging_mixin.py:137} INFO - Stacy Haney
[2023-02-02T10:03:53.537+0000] {logging_mixin.py:137} INFO - Paul Callahan
[2023-02-02T10:03:53.540+0000] {logging_mixin.py:137} INFO - Jasmine Chambers
[2023-02-02T10:03:53.545+0000] {logging_mixin.py:137} INFO - Melissa Pittman MD
[2023-02-02T10:03:53.548+0000] {logging_mixin.py:137} INFO - Deborah Larson
[2023-02-02T10:03:53.551+0000] {logging_mixin.py:137} INFO - Brandon Shaw
[2023-02-02T10:03:53.561+0000] {logging_mixin.py:137} INFO - Timothy Paul
[2023-02-02T10:03:53.566+0000] {logging_mixin.py:137} INFO - Michael Trujillo
[2023-02-02T10:03:53.570+0000] {logging_mixin.py:137} INFO - Robert Rivera
[2023-02-02T10:03:53.576+0000] {logging_mixin.py:137} INFO - Dana Nelson
[2023-02-02T10:03:53.586+0000] {logging_mixin.py:137} INFO - Andrea Bennett
[2023-02-02T10:03:53.598+0000] {logging_mixin.py:137} INFO - Jodi Fox
[2023-02-02T10:03:53.604+0000] {logging_mixin.py:137} INFO - Heather Hayes
[2023-02-02T10:03:53.609+0000] {logging_mixin.py:137} INFO - Jennifer Moreno
[2023-02-02T10:03:53.618+0000] {logging_mixin.py:137} INFO - John Patel
[2023-02-02T10:03:53.622+0000] {logging_mixin.py:137} INFO - Teresa Oliver
[2023-02-02T10:03:53.629+0000] {logging_mixin.py:137} INFO - Monique Bell
[2023-02-02T10:03:53.632+0000] {logging_mixin.py:137} INFO - Casey Leonard
[2023-02-02T10:03:53.641+0000] {logging_mixin.py:137} INFO - Steven Clark
[2023-02-02T10:03:53.649+0000] {logging_mixin.py:137} INFO - Edward Martin
[2023-02-02T10:03:53.651+0000] {logging_mixin.py:137} INFO - Shawn Orozco
[2023-02-02T10:03:53.662+0000] {logging_mixin.py:137} INFO - Brandon Yang
[2023-02-02T10:03:53.664+0000] {logging_mixin.py:137} INFO - Nathan Ray
[2023-02-02T10:03:53.669+0000] {logging_mixin.py:137} INFO - Lori Moore
[2023-02-02T10:03:53.675+0000] {logging_mixin.py:137} INFO - Dr. Lisa Shaw DVM
[2023-02-02T10:03:53.683+0000] {logging_mixin.py:137} INFO - Angela Walters
[2023-02-02T10:03:53.695+0000] {logging_mixin.py:137} INFO - David Nolan
[2023-02-02T10:03:53.705+0000] {logging_mixin.py:137} INFO - William Ramsey
[2023-02-02T10:03:53.709+0000] {logging_mixin.py:137} INFO - David Oconnor
[2023-02-02T10:03:53.711+0000] {logging_mixin.py:137} INFO - Mark Washington
[2023-02-02T10:03:53.715+0000] {logging_mixin.py:137} INFO - Jennifer Jacobs
[2023-02-02T10:03:53.720+0000] {logging_mixin.py:137} INFO - Tammy Hampton
[2023-02-02T10:03:53.727+0000] {logging_mixin.py:137} INFO - Stephen Farmer
[2023-02-02T10:03:53.729+0000] {logging_mixin.py:137} INFO - Jasmine Nguyen
[2023-02-02T10:03:53.732+0000] {logging_mixin.py:137} INFO - Rebecca Flores
[2023-02-02T10:03:53.734+0000] {logging_mixin.py:137} INFO - Tyler Davis
[2023-02-02T10:03:53.743+0000] {logging_mixin.py:137} INFO - Nancy Gray
[2023-02-02T10:03:53.747+0000] {logging_mixin.py:137} INFO - Brian Sanchez
[2023-02-02T10:03:53.750+0000] {logging_mixin.py:137} INFO - Laurie Shaw
[2023-02-02T10:03:53.755+0000] {logging_mixin.py:137} INFO - Kristina Torres
[2023-02-02T10:03:53.758+0000] {logging_mixin.py:137} INFO - Andrea Rodgers
[2023-02-02T10:03:53.760+0000] {logging_mixin.py:137} INFO - Jason Walters
[2023-02-02T10:03:53.772+0000] {logging_mixin.py:137} INFO - Jerry Moss
[2023-02-02T10:03:53.777+0000] {logging_mixin.py:137} INFO - Jeffrey Jordan
[2023-02-02T10:03:53.780+0000] {logging_mixin.py:137} INFO - Jennifer Wilson
[2023-02-02T10:03:53.784+0000] {logging_mixin.py:137} INFO - Trevor Mathews
[2023-02-02T10:03:53.798+0000] {logging_mixin.py:137} INFO - Anne Hood
[2023-02-02T10:03:53.815+0000] {logging_mixin.py:137} INFO - Sarah Williams
[2023-02-02T10:03:53.818+0000] {logging_mixin.py:137} INFO - Shelby Hernandez
[2023-02-02T10:03:53.827+0000] {logging_mixin.py:137} INFO - Samantha Velez
[2023-02-02T10:03:53.830+0000] {logging_mixin.py:137} INFO - Matthew Douglas
[2023-02-02T10:03:53.832+0000] {logging_mixin.py:137} INFO - Ashlee George
[2023-02-02T10:03:53.840+0000] {logging_mixin.py:137} INFO - Troy Crane
[2023-02-02T10:03:53.841+0000] {logging_mixin.py:137} INFO - Michael Cooper
[2023-02-02T10:03:53.846+0000] {logging_mixin.py:137} INFO - Michael White
[2023-02-02T10:03:53.852+0000] {logging_mixin.py:137} INFO - Mr. Timothy Fleming
[2023-02-02T10:03:53.853+0000] {logging_mixin.py:137} INFO - Seth Bruce
[2023-02-02T10:03:53.857+0000] {logging_mixin.py:137} INFO - Jacqueline Carpenter
[2023-02-02T10:03:53.871+0000] {logging_mixin.py:137} INFO - Michael Martin
[2023-02-02T10:03:53.875+0000] {logging_mixin.py:137} INFO - Kristopher Henry
[2023-02-02T10:03:53.885+0000] {logging_mixin.py:137} INFO - Tiffany Porter
[2023-02-02T10:03:53.889+0000] {logging_mixin.py:137} INFO - Stacy Simpson
[2023-02-02T10:03:53.892+0000] {logging_mixin.py:137} INFO - Tammy Mcdowell
[2023-02-02T10:03:53.896+0000] {logging_mixin.py:137} INFO - Thomas Walters
[2023-02-02T10:03:53.898+0000] {logging_mixin.py:137} INFO - Dwayne Thompson
[2023-02-02T10:03:53.900+0000] {logging_mixin.py:137} INFO - Natalie Willis
[2023-02-02T10:03:53.918+0000] {logging_mixin.py:137} INFO - Sharon Taylor
[2023-02-02T10:03:53.927+0000] {logging_mixin.py:137} INFO - Sarah Wiggins
[2023-02-02T10:03:53.931+0000] {logging_mixin.py:137} INFO - Amber Thomas
[2023-02-02T10:03:53.943+0000] {logging_mixin.py:137} INFO - Patrick Miller
[2023-02-02T10:03:53.946+0000] {logging_mixin.py:137} INFO - Stephanie Hartman
[2023-02-02T10:03:53.949+0000] {logging_mixin.py:137} INFO - Stacey Mora
[2023-02-02T10:03:53.967+0000] {logging_mixin.py:137} INFO - Katherine Rodriguez
[2023-02-02T10:03:53.976+0000] {logging_mixin.py:137} INFO - Daniel Morgan
[2023-02-02T10:03:53.979+0000] {logging_mixin.py:137} INFO - Rebecca Martinez
[2023-02-02T10:03:53.982+0000] {logging_mixin.py:137} INFO - Nicole Juarez
[2023-02-02T10:03:53.984+0000] {logging_mixin.py:137} INFO - Mark Arroyo
[2023-02-02T10:03:53.990+0000] {logging_mixin.py:137} INFO - April Lucero
[2023-02-02T10:03:53.993+0000] {logging_mixin.py:137} INFO - Samantha Garcia
[2023-02-02T10:03:53.995+0000] {logging_mixin.py:137} INFO - Jon Moore
[2023-02-02T10:03:53.998+0000] {logging_mixin.py:137} INFO - Joshua Flores MD
[2023-02-02T10:03:53.999+0000] {logging_mixin.py:137} INFO - Raymond Jones
[2023-02-02T10:03:54.011+0000] {logging_mixin.py:137} INFO - Billy Hughes
[2023-02-02T10:03:54.018+0000] {logging_mixin.py:137} INFO - Peggy Valdez PhD
[2023-02-02T10:03:54.021+0000] {logging_mixin.py:137} INFO - Joshua Reyes
[2023-02-02T10:03:54.025+0000] {logging_mixin.py:137} INFO - Aaron Green
[2023-02-02T10:03:54.032+0000] {logging_mixin.py:137} INFO - Wendy Espinoza
[2023-02-02T10:03:54.035+0000] {logging_mixin.py:137} INFO - Peter Vasquez
[2023-02-02T10:03:54.041+0000] {logging_mixin.py:137} INFO - Diane Harper
[2023-02-02T10:03:54.060+0000] {logging_mixin.py:137} INFO - Ms. Rebecca Cantu
[2023-02-02T10:03:54.065+0000] {logging_mixin.py:137} INFO - Yolanda Morrow
[2023-02-02T10:03:54.077+0000] {logging_mixin.py:137} INFO - Penny Beard
[2023-02-02T10:03:54.082+0000] {logging_mixin.py:137} INFO - Lisa Long
[2023-02-02T10:03:54.085+0000] {logging_mixin.py:137} INFO - Jerry Harris
[2023-02-02T10:03:54.092+0000] {logging_mixin.py:137} INFO - Bob Willis
[2023-02-02T10:03:54.095+0000] {logging_mixin.py:137} INFO - Duane Chapman
[2023-02-02T10:03:54.097+0000] {logging_mixin.py:137} INFO - William Morgan
[2023-02-02T10:03:54.100+0000] {logging_mixin.py:137} INFO - Amy Gutierrez
[2023-02-02T10:03:54.102+0000] {logging_mixin.py:137} INFO - Amber Nichols
[2023-02-02T10:03:54.107+0000] {logging_mixin.py:137} INFO - Matthew Carr
[2023-02-02T10:03:54.112+0000] {logging_mixin.py:137} INFO - Thomas Duncan
[2023-02-02T10:03:54.117+0000] {logging_mixin.py:137} INFO - Elizabeth Wright
[2023-02-02T10:03:54.119+0000] {logging_mixin.py:137} INFO - Jacqueline Brewer
[2023-02-02T10:03:54.127+0000] {logging_mixin.py:137} INFO - Stephanie Johnson
[2023-02-02T10:03:54.133+0000] {logging_mixin.py:137} INFO - Samantha Calderon
[2023-02-02T10:03:54.137+0000] {logging_mixin.py:137} INFO - Kathryn Gaines
[2023-02-02T10:03:54.140+0000] {logging_mixin.py:137} INFO - Angel Jones
[2023-02-02T10:03:54.143+0000] {logging_mixin.py:137} INFO - Laura Wall
[2023-02-02T10:03:54.147+0000] {logging_mixin.py:137} INFO - Mr. Anthony Hamilton
[2023-02-02T10:03:54.154+0000] {logging_mixin.py:137} INFO - David Smith
[2023-02-02T10:03:54.157+0000] {logging_mixin.py:137} INFO - Kimberly Herrera DDS
[2023-02-02T10:03:54.159+0000] {logging_mixin.py:137} INFO - Gina Wilson
[2023-02-02T10:03:54.160+0000] {logging_mixin.py:137} INFO - Timothy Byrd
[2023-02-02T10:03:54.168+0000] {logging_mixin.py:137} INFO - Michael Mckenzie
[2023-02-02T10:03:54.171+0000] {logging_mixin.py:137} INFO - Jeffrey Mcintyre
[2023-02-02T10:03:54.176+0000] {logging_mixin.py:137} INFO - Teresa Jackson
[2023-02-02T10:03:54.178+0000] {logging_mixin.py:137} INFO - Joseph Wilcox
[2023-02-02T10:03:54.183+0000] {logging_mixin.py:137} INFO - Patrick Mcknight
[2023-02-02T10:03:54.189+0000] {logging_mixin.py:137} INFO - Ronald Moreno
[2023-02-02T10:03:54.200+0000] {logging_mixin.py:137} INFO - Jamie Sullivan
[2023-02-02T10:03:54.209+0000] {logging_mixin.py:137} INFO - Jason Anderson
[2023-02-02T10:03:54.217+0000] {logging_mixin.py:137} INFO - Steven Stewart
[2023-02-02T10:03:54.223+0000] {logging_mixin.py:137} INFO - Melinda Paul
[2023-02-02T10:03:54.230+0000] {logging_mixin.py:137} INFO - Cynthia Simmons
[2023-02-02T10:03:54.236+0000] {logging_mixin.py:137} INFO - Christian Smith
[2023-02-02T10:03:54.243+0000] {logging_mixin.py:137} INFO - William Jimenez
[2023-02-02T10:03:54.251+0000] {logging_mixin.py:137} INFO - Hayley French
[2023-02-02T10:03:54.258+0000] {logging_mixin.py:137} INFO - Brandon Hess
[2023-02-02T10:03:54.260+0000] {logging_mixin.py:137} INFO - Laura Perry
[2023-02-02T10:03:54.261+0000] {logging_mixin.py:137} INFO - Scott Jones
[2023-02-02T10:03:54.270+0000] {logging_mixin.py:137} INFO - Christine Hernandez
[2023-02-02T10:03:54.271+0000] {logging_mixin.py:137} INFO - Douglas Eaton
[2023-02-02T10:03:54.273+0000] {logging_mixin.py:137} INFO - William Soto
[2023-02-02T10:03:54.276+0000] {logging_mixin.py:137} INFO - Mary Jones
[2023-02-02T10:03:54.284+0000] {logging_mixin.py:137} INFO - Stephanie Holmes
[2023-02-02T10:03:54.286+0000] {logging_mixin.py:137} INFO - Keith Meyers
[2023-02-02T10:03:54.288+0000] {logging_mixin.py:137} INFO - Paul Fisher
[2023-02-02T10:03:54.290+0000] {logging_mixin.py:137} INFO - Emily Alexander
[2023-02-02T10:03:54.291+0000] {logging_mixin.py:137} INFO - Anthony Schwartz
[2023-02-02T10:03:54.294+0000] {logging_mixin.py:137} INFO - Evelyn Jacobs
[2023-02-02T10:03:54.295+0000] {logging_mixin.py:137} INFO - Connie Jones
[2023-02-02T10:03:54.297+0000] {logging_mixin.py:137} INFO - Carla Gibbs
[2023-02-02T10:03:54.304+0000] {logging_mixin.py:137} INFO - Ashley Santiago
[2023-02-02T10:03:54.306+0000] {logging_mixin.py:137} INFO - Micheal Mckee
[2023-02-02T10:03:54.307+0000] {logging_mixin.py:137} INFO - Diane Williams
[2023-02-02T10:03:54.312+0000] {logging_mixin.py:137} INFO - Jesse Velasquez
[2023-02-02T10:03:54.317+0000] {logging_mixin.py:137} INFO - Jennifer Rodriguez
[2023-02-02T10:03:54.319+0000] {logging_mixin.py:137} INFO - Joe Griffin
[2023-02-02T10:03:54.322+0000] {logging_mixin.py:137} INFO - Gary Cherry
[2023-02-02T10:03:54.329+0000] {logging_mixin.py:137} INFO - Alyssa Edwards
[2023-02-02T10:03:54.334+0000] {logging_mixin.py:137} INFO - Caroline Hernandez MD
[2023-02-02T10:03:54.339+0000] {logging_mixin.py:137} INFO - Jessica Morton
[2023-02-02T10:03:54.355+0000] {logging_mixin.py:137} INFO - Holly Jones
[2023-02-02T10:03:54.357+0000] {logging_mixin.py:137} INFO - David Shelton
[2023-02-02T10:03:54.363+0000] {logging_mixin.py:137} INFO - Kristina Parks
[2023-02-02T10:03:54.368+0000] {logging_mixin.py:137} INFO - Laurie Hernandez
[2023-02-02T10:03:54.373+0000] {logging_mixin.py:137} INFO - Melissa James
[2023-02-02T10:03:54.377+0000] {logging_mixin.py:137} INFO - Jeremiah Adams
[2023-02-02T10:03:54.387+0000] {logging_mixin.py:137} INFO - Arthur Robinson
[2023-02-02T10:03:54.388+0000] {logging_mixin.py:137} INFO - Anna Shepard
[2023-02-02T10:03:54.392+0000] {logging_mixin.py:137} INFO - Brandon Myers
[2023-02-02T10:03:54.394+0000] {logging_mixin.py:137} INFO - Paul Cardenas
[2023-02-02T10:03:54.396+0000] {logging_mixin.py:137} INFO - Megan Santana
[2023-02-02T10:03:54.407+0000] {logging_mixin.py:137} INFO - Joseph Marshall
[2023-02-02T10:03:54.411+0000] {logging_mixin.py:137} INFO - Mrs. Brenda Harris
[2023-02-02T10:03:54.413+0000] {logging_mixin.py:137} INFO - Nicole Garcia
[2023-02-02T10:03:54.415+0000] {logging_mixin.py:137} INFO - Anna Estrada
[2023-02-02T10:03:54.416+0000] {logging_mixin.py:137} INFO - Carl Moore
[2023-02-02T10:03:54.419+0000] {logging_mixin.py:137} INFO - Rodney Hernandez
[2023-02-02T10:03:54.421+0000] {logging_mixin.py:137} INFO - Madison Christian
[2023-02-02T10:03:54.423+0000] {logging_mixin.py:137} INFO - Heather Rhodes
[2023-02-02T10:03:54.440+0000] {python.py:177} INFO - Done. Returned value was: None
[2023-02-02T10:03:54.478+0000] {taskinstance.py:1323} INFO - Marking task as SUCCESS. dag_id=CSV_DAG, task_id=convertCSVToJson, execution_date=20230202T074500, start_date=20230202T100346, end_date=20230202T100354
[2023-02-02T10:03:54.560+0000] {local_task_job.py:208} INFO - Task exited with return code 0
[2023-02-02T10:03:54.618+0000] {taskinstance.py:2578} INFO - 0 downstream tasks scheduled from follow-on schedule check
