[2023-02-02T10:04:14.316+0000] {taskinstance.py:1083} INFO - Dependencies all met for <TaskInstance: CSV_DAG.convertCSVToJson scheduled__2023-02-02T09:25:00+00:00 [queued]>
[2023-02-02T10:04:14.349+0000] {taskinstance.py:1083} INFO - Dependencies all met for <TaskInstance: CSV_DAG.convertCSVToJson scheduled__2023-02-02T09:25:00+00:00 [queued]>
[2023-02-02T10:04:14.350+0000] {taskinstance.py:1279} INFO - 
--------------------------------------------------------------------------------
[2023-02-02T10:04:14.351+0000] {taskinstance.py:1280} INFO - Starting attempt 1 of 2
[2023-02-02T10:04:14.352+0000] {taskinstance.py:1281} INFO - 
--------------------------------------------------------------------------------
[2023-02-02T10:04:14.401+0000] {taskinstance.py:1300} INFO - Executing <Task(PythonOperator): convertCSVToJson> on 2023-02-02 09:25:00+00:00
[2023-02-02T10:04:14.424+0000] {standard_task_runner.py:55} INFO - Started process 1516 to run task
[2023-02-02T10:04:14.437+0000] {standard_task_runner.py:82} INFO - Running: ['***', 'tasks', 'run', 'CSV_DAG', 'convertCSVToJson', 'scheduled__2023-02-02T09:25:00+00:00', '--job-id', '841', '--raw', '--subdir', 'DAGS_FOLDER/csv.py', '--cfg-path', '/tmp/tmpx2wntkjj']
[2023-02-02T10:04:14.440+0000] {standard_task_runner.py:83} INFO - Job 841: Subtask convertCSVToJson
[2023-02-02T10:04:14.643+0000] {task_command.py:388} INFO - Running <TaskInstance: CSV_DAG.convertCSVToJson scheduled__2023-02-02T09:25:00+00:00 [running]> on host 06d8060e8530
[2023-02-02T10:04:14.970+0000] {taskinstance.py:1509} INFO - Exporting the following env vars:
AIRFLOW_CTX_DAG_OWNER=Kevin Chalmers
AIRFLOW_CTX_DAG_ID=CSV_DAG
AIRFLOW_CTX_TASK_ID=convertCSVToJson
AIRFLOW_CTX_EXECUTION_DATE=2023-02-02T09:25:00+00:00
AIRFLOW_CTX_TRY_NUMBER=1
AIRFLOW_CTX_DAG_RUN_ID=scheduled__2023-02-02T09:25:00+00:00
[2023-02-02T10:04:15.074+0000] {logging_mixin.py:137} INFO - Angelica Lopez
[2023-02-02T10:04:15.079+0000] {logging_mixin.py:137} INFO - Betty Wright
[2023-02-02T10:04:15.081+0000] {logging_mixin.py:137} INFO - Sara Schmidt
[2023-02-02T10:04:15.084+0000] {logging_mixin.py:137} INFO - Dr. Sherry Rodriguez
[2023-02-02T10:04:15.087+0000] {logging_mixin.py:137} INFO - Rebecca Mills
[2023-02-02T10:04:15.092+0000] {logging_mixin.py:137} INFO - Andrew Anderson
[2023-02-02T10:04:15.094+0000] {logging_mixin.py:137} INFO - Martin Everett
[2023-02-02T10:04:15.098+0000] {logging_mixin.py:137} INFO - Felicia Gregory
[2023-02-02T10:04:15.110+0000] {logging_mixin.py:137} INFO - Kara Bowers
[2023-02-02T10:04:15.112+0000] {logging_mixin.py:137} INFO - Vincent Vincent
[2023-02-02T10:04:15.114+0000] {logging_mixin.py:137} INFO - Morgan Butler
[2023-02-02T10:04:15.115+0000] {logging_mixin.py:137} INFO - Stephen Riley
[2023-02-02T10:04:15.117+0000] {logging_mixin.py:137} INFO - Wanda Thomas
[2023-02-02T10:04:15.119+0000] {logging_mixin.py:137} INFO - Michelle Schultz
[2023-02-02T10:04:15.123+0000] {logging_mixin.py:137} INFO - Christopher Rush MD
[2023-02-02T10:04:15.125+0000] {logging_mixin.py:137} INFO - Phyllis Miles
[2023-02-02T10:04:15.127+0000] {logging_mixin.py:137} INFO - Rebecca Price
[2023-02-02T10:04:15.130+0000] {logging_mixin.py:137} INFO - John Morse
[2023-02-02T10:04:15.132+0000] {logging_mixin.py:137} INFO - Nicholas Sanchez
[2023-02-02T10:04:15.134+0000] {logging_mixin.py:137} INFO - Crystal Dean
[2023-02-02T10:04:15.136+0000] {logging_mixin.py:137} INFO - Tyler Diaz
[2023-02-02T10:04:15.139+0000] {logging_mixin.py:137} INFO - Denise Mclean
[2023-02-02T10:04:15.142+0000] {logging_mixin.py:137} INFO - Daniel Grant
[2023-02-02T10:04:15.148+0000] {logging_mixin.py:137} INFO - Sandra Peterson
[2023-02-02T10:04:15.149+0000] {logging_mixin.py:137} INFO - Denise Morse
[2023-02-02T10:04:15.151+0000] {logging_mixin.py:137} INFO - Brianna Smith
[2023-02-02T10:04:15.155+0000] {logging_mixin.py:137} INFO - Tony Miller
[2023-02-02T10:04:15.156+0000] {logging_mixin.py:137} INFO - Jean Booth
[2023-02-02T10:04:15.158+0000] {logging_mixin.py:137} INFO - Penny Salazar
[2023-02-02T10:04:15.162+0000] {logging_mixin.py:137} INFO - Cathy Williams
[2023-02-02T10:04:15.166+0000] {logging_mixin.py:137} INFO - Hannah Collins
[2023-02-02T10:04:15.174+0000] {logging_mixin.py:137} INFO - Maurice Casey
[2023-02-02T10:04:15.176+0000] {logging_mixin.py:137} INFO - Patrick Walker
[2023-02-02T10:04:15.179+0000] {logging_mixin.py:137} INFO - Pamela Barton
[2023-02-02T10:04:15.180+0000] {logging_mixin.py:137} INFO - Anthony Bryant
[2023-02-02T10:04:15.181+0000] {logging_mixin.py:137} INFO - Andrew Harris
[2023-02-02T10:04:15.184+0000] {logging_mixin.py:137} INFO - Aaron Harris
[2023-02-02T10:04:15.188+0000] {logging_mixin.py:137} INFO - Maureen Soto
[2023-02-02T10:04:15.189+0000] {logging_mixin.py:137} INFO - Crystal Mcdaniel
[2023-02-02T10:04:15.191+0000] {logging_mixin.py:137} INFO - Lauren Barrett
[2023-02-02T10:04:15.193+0000] {logging_mixin.py:137} INFO - Brandon Perez
[2023-02-02T10:04:15.195+0000] {logging_mixin.py:137} INFO - Mark Robertson
[2023-02-02T10:04:15.198+0000] {logging_mixin.py:137} INFO - Nicole Gates
[2023-02-02T10:04:15.204+0000] {logging_mixin.py:137} INFO - Bradley Cruz
[2023-02-02T10:04:15.206+0000] {logging_mixin.py:137} INFO - Gina Burns
[2023-02-02T10:04:15.209+0000] {logging_mixin.py:137} INFO - Zachary Martinez
[2023-02-02T10:04:15.212+0000] {logging_mixin.py:137} INFO - Natasha Johnson
[2023-02-02T10:04:15.220+0000] {logging_mixin.py:137} INFO - Patrick Gonzales
[2023-02-02T10:04:15.223+0000] {logging_mixin.py:137} INFO - Terri Wilson
[2023-02-02T10:04:15.225+0000] {logging_mixin.py:137} INFO - Sarah Lopez
[2023-02-02T10:04:15.228+0000] {logging_mixin.py:137} INFO - Dana Turner
[2023-02-02T10:04:15.229+0000] {logging_mixin.py:137} INFO - Cynthia Johnson
[2023-02-02T10:04:15.232+0000] {logging_mixin.py:137} INFO - William Thornton
[2023-02-02T10:04:15.235+0000] {logging_mixin.py:137} INFO - James Lee
[2023-02-02T10:04:15.238+0000] {logging_mixin.py:137} INFO - Stephen Allen
[2023-02-02T10:04:15.243+0000] {logging_mixin.py:137} INFO - William Stark
[2023-02-02T10:04:15.245+0000] {logging_mixin.py:137} INFO - Michael Parker
[2023-02-02T10:04:15.246+0000] {logging_mixin.py:137} INFO - Lisa Stephens
[2023-02-02T10:04:15.248+0000] {logging_mixin.py:137} INFO - Mr. Reginald Wise DDS
[2023-02-02T10:04:15.252+0000] {logging_mixin.py:137} INFO - Alexander James
[2023-02-02T10:04:15.254+0000] {logging_mixin.py:137} INFO - Kristen West
[2023-02-02T10:04:15.256+0000] {logging_mixin.py:137} INFO - Elizabeth Sanchez
[2023-02-02T10:04:15.257+0000] {logging_mixin.py:137} INFO - Jennifer Wilson
[2023-02-02T10:04:15.259+0000] {logging_mixin.py:137} INFO - Catherine Nicholson
[2023-02-02T10:04:15.261+0000] {logging_mixin.py:137} INFO - David Henderson
[2023-02-02T10:04:15.263+0000] {logging_mixin.py:137} INFO - Stephen Davis
[2023-02-02T10:04:15.265+0000] {logging_mixin.py:137} INFO - Paul Skinner
[2023-02-02T10:04:15.266+0000] {logging_mixin.py:137} INFO - Rebecca Wong
[2023-02-02T10:04:15.268+0000] {logging_mixin.py:137} INFO - Tara Benitez
[2023-02-02T10:04:15.269+0000] {logging_mixin.py:137} INFO - Sharon Miller
[2023-02-02T10:04:15.271+0000] {logging_mixin.py:137} INFO - Cynthia Smith
[2023-02-02T10:04:15.277+0000] {logging_mixin.py:137} INFO - Jennifer Werner
[2023-02-02T10:04:15.282+0000] {logging_mixin.py:137} INFO - Rebecca Tucker
[2023-02-02T10:04:15.283+0000] {logging_mixin.py:137} INFO - Ashlee Castillo
[2023-02-02T10:04:15.286+0000] {logging_mixin.py:137} INFO - Christopher Holmes
[2023-02-02T10:04:15.289+0000] {logging_mixin.py:137} INFO - Daniel Velez
[2023-02-02T10:04:15.292+0000] {logging_mixin.py:137} INFO - Amy Serrano
[2023-02-02T10:04:15.295+0000] {logging_mixin.py:137} INFO - Alison Nash
[2023-02-02T10:04:15.298+0000] {logging_mixin.py:137} INFO - Peter Johnson
[2023-02-02T10:04:15.326+0000] {logging_mixin.py:137} INFO - Breanna Harris
[2023-02-02T10:04:15.328+0000] {logging_mixin.py:137} INFO - Eric King
[2023-02-02T10:04:15.330+0000] {logging_mixin.py:137} INFO - Patricia Oliver
[2023-02-02T10:04:15.333+0000] {logging_mixin.py:137} INFO - Denise Grimes
[2023-02-02T10:04:15.335+0000] {logging_mixin.py:137} INFO - Jill Olson
[2023-02-02T10:04:15.338+0000] {logging_mixin.py:137} INFO - Stephanie Hart
[2023-02-02T10:04:15.342+0000] {logging_mixin.py:137} INFO - Ashley Lee
[2023-02-02T10:04:15.345+0000] {logging_mixin.py:137} INFO - Kelly Barnes
[2023-02-02T10:04:15.347+0000] {logging_mixin.py:137} INFO - Christie West
[2023-02-02T10:04:15.349+0000] {logging_mixin.py:137} INFO - Todd Nolan
[2023-02-02T10:04:15.350+0000] {logging_mixin.py:137} INFO - Sarah Reed
[2023-02-02T10:04:15.352+0000] {logging_mixin.py:137} INFO - Jennifer Keith
[2023-02-02T10:04:15.355+0000] {logging_mixin.py:137} INFO - Shawn Alvarez
[2023-02-02T10:04:15.357+0000] {logging_mixin.py:137} INFO - Alexander Wilson
[2023-02-02T10:04:15.360+0000] {logging_mixin.py:137} INFO - Rachel Melendez
[2023-02-02T10:04:15.366+0000] {logging_mixin.py:137} INFO - Morgan Walters
[2023-02-02T10:04:15.368+0000] {logging_mixin.py:137} INFO - Nicole Garcia
[2023-02-02T10:04:15.369+0000] {logging_mixin.py:137} INFO - Jennifer White
[2023-02-02T10:04:15.371+0000] {logging_mixin.py:137} INFO - Leslie Shannon
[2023-02-02T10:04:15.374+0000] {logging_mixin.py:137} INFO - Lisa Clayton
[2023-02-02T10:04:15.386+0000] {logging_mixin.py:137} INFO - Zachary Molina
[2023-02-02T10:04:15.389+0000] {logging_mixin.py:137} INFO - Bruce Butler
[2023-02-02T10:04:15.399+0000] {logging_mixin.py:137} INFO - Dustin Howell
[2023-02-02T10:04:15.401+0000] {logging_mixin.py:137} INFO - Aaron Smith
[2023-02-02T10:04:15.404+0000] {logging_mixin.py:137} INFO - Kyle Green
[2023-02-02T10:04:15.408+0000] {logging_mixin.py:137} INFO - Steven Clark
[2023-02-02T10:04:15.414+0000] {logging_mixin.py:137} INFO - Robert Holden
[2023-02-02T10:04:15.417+0000] {logging_mixin.py:137} INFO - Zachary Harmon
[2023-02-02T10:04:15.421+0000] {logging_mixin.py:137} INFO - Rachel Miller
[2023-02-02T10:04:15.423+0000] {logging_mixin.py:137} INFO - Brandon Parker
[2023-02-02T10:04:15.428+0000] {logging_mixin.py:137} INFO - Walter Martin
[2023-02-02T10:04:15.433+0000] {logging_mixin.py:137} INFO - Jose Young
[2023-02-02T10:04:15.435+0000] {logging_mixin.py:137} INFO - Kelsey Long
[2023-02-02T10:04:15.440+0000] {logging_mixin.py:137} INFO - William Harper
[2023-02-02T10:04:15.444+0000] {logging_mixin.py:137} INFO - Alejandro Lambert
[2023-02-02T10:04:15.447+0000] {logging_mixin.py:137} INFO - Stephanie Carson
[2023-02-02T10:04:15.450+0000] {logging_mixin.py:137} INFO - Diana Ortega MD
[2023-02-02T10:04:15.451+0000] {logging_mixin.py:137} INFO - Janet Morales
[2023-02-02T10:04:15.454+0000] {logging_mixin.py:137} INFO - Eric Fisher
[2023-02-02T10:04:15.463+0000] {logging_mixin.py:137} INFO - Louis Baker
[2023-02-02T10:04:15.465+0000] {logging_mixin.py:137} INFO - Cindy Ward
[2023-02-02T10:04:15.467+0000] {logging_mixin.py:137} INFO - Ana Jenkins
[2023-02-02T10:04:15.471+0000] {logging_mixin.py:137} INFO - Leslie Barton
[2023-02-02T10:04:15.473+0000] {logging_mixin.py:137} INFO - Gregory Price
[2023-02-02T10:04:15.481+0000] {logging_mixin.py:137} INFO - Brandon Moore
[2023-02-02T10:04:15.483+0000] {logging_mixin.py:137} INFO - Heather Garrett
[2023-02-02T10:04:15.486+0000] {logging_mixin.py:137} INFO - Cindy Hawkins
[2023-02-02T10:04:15.489+0000] {logging_mixin.py:137} INFO - Mr. Frank Snyder Jr.
[2023-02-02T10:04:15.491+0000] {logging_mixin.py:137} INFO - Megan Wang
[2023-02-02T10:04:15.492+0000] {logging_mixin.py:137} INFO - Jennifer Fleming
[2023-02-02T10:04:15.494+0000] {logging_mixin.py:137} INFO - Gary Hodge
[2023-02-02T10:04:15.495+0000] {logging_mixin.py:137} INFO - Nichole Miller
[2023-02-02T10:04:15.497+0000] {logging_mixin.py:137} INFO - Mitchell Mendoza
[2023-02-02T10:04:15.500+0000] {logging_mixin.py:137} INFO - Bradley Horton
[2023-02-02T10:04:15.502+0000] {logging_mixin.py:137} INFO - Michelle Hess
[2023-02-02T10:04:15.505+0000] {logging_mixin.py:137} INFO - Ronald Torres
[2023-02-02T10:04:15.510+0000] {logging_mixin.py:137} INFO - Raymond Hudson
[2023-02-02T10:04:15.518+0000] {logging_mixin.py:137} INFO - Vincent Jackson
[2023-02-02T10:04:15.523+0000] {logging_mixin.py:137} INFO - Susan Carey
[2023-02-02T10:04:15.525+0000] {logging_mixin.py:137} INFO - Chase Wilson
[2023-02-02T10:04:15.531+0000] {logging_mixin.py:137} INFO - Tonya Baldwin
[2023-02-02T10:04:15.533+0000] {logging_mixin.py:137} INFO - Mrs. Tina Davis
[2023-02-02T10:04:15.539+0000] {logging_mixin.py:137} INFO - Scott Garrett
[2023-02-02T10:04:15.547+0000] {logging_mixin.py:137} INFO - Michael Wilson
[2023-02-02T10:04:15.555+0000] {logging_mixin.py:137} INFO - Andrew Orozco
[2023-02-02T10:04:15.556+0000] {logging_mixin.py:137} INFO - Troy Carson
[2023-02-02T10:04:15.557+0000] {logging_mixin.py:137} INFO - Alex Winters
[2023-02-02T10:04:15.561+0000] {logging_mixin.py:137} INFO - Toni Frank
[2023-02-02T10:04:15.564+0000] {logging_mixin.py:137} INFO - Kathleen Snyder
[2023-02-02T10:04:15.566+0000] {logging_mixin.py:137} INFO - Anna Lopez
[2023-02-02T10:04:15.569+0000] {logging_mixin.py:137} INFO - Charles Brown
[2023-02-02T10:04:15.577+0000] {logging_mixin.py:137} INFO - Barry Ross
[2023-02-02T10:04:15.579+0000] {logging_mixin.py:137} INFO - Emily Ramirez
[2023-02-02T10:04:15.582+0000] {logging_mixin.py:137} INFO - Anna Williams
[2023-02-02T10:04:15.584+0000] {logging_mixin.py:137} INFO - Kristin Pennington
[2023-02-02T10:04:15.586+0000] {logging_mixin.py:137} INFO - Mary Aguirre
[2023-02-02T10:04:15.589+0000] {logging_mixin.py:137} INFO - Austin Santos
[2023-02-02T10:04:15.591+0000] {logging_mixin.py:137} INFO - David Nelson
[2023-02-02T10:04:15.594+0000] {logging_mixin.py:137} INFO - Alyssa Mcbride
[2023-02-02T10:04:15.596+0000] {logging_mixin.py:137} INFO - Lisa Gibson
[2023-02-02T10:04:15.600+0000] {logging_mixin.py:137} INFO - Alexander Kelly
[2023-02-02T10:04:15.604+0000] {logging_mixin.py:137} INFO - Ronald Thomas
[2023-02-02T10:04:15.606+0000] {logging_mixin.py:137} INFO - Michael Hurst
[2023-02-02T10:04:15.609+0000] {logging_mixin.py:137} INFO - Lauren Ward
[2023-02-02T10:04:15.611+0000] {logging_mixin.py:137} INFO - Christian Terry
[2023-02-02T10:04:15.612+0000] {logging_mixin.py:137} INFO - Jared Black
[2023-02-02T10:04:15.617+0000] {logging_mixin.py:137} INFO - Anthony Brown
[2023-02-02T10:04:15.620+0000] {logging_mixin.py:137} INFO - John Cole
[2023-02-02T10:04:15.625+0000] {logging_mixin.py:137} INFO - David Lee
[2023-02-02T10:04:15.630+0000] {logging_mixin.py:137} INFO - Lori Thomas
[2023-02-02T10:04:15.638+0000] {logging_mixin.py:137} INFO - Daniel Herman
[2023-02-02T10:04:15.641+0000] {logging_mixin.py:137} INFO - Pam Williams
[2023-02-02T10:04:15.646+0000] {logging_mixin.py:137} INFO - Sarah Jenkins
[2023-02-02T10:04:15.648+0000] {logging_mixin.py:137} INFO - Susan Mitchell
[2023-02-02T10:04:15.650+0000] {logging_mixin.py:137} INFO - Jacqueline Green
[2023-02-02T10:04:15.651+0000] {logging_mixin.py:137} INFO - Victoria Garrison
[2023-02-02T10:04:15.653+0000] {logging_mixin.py:137} INFO - Jonathan Daniels
[2023-02-02T10:04:15.655+0000] {logging_mixin.py:137} INFO - Trevor Hansen
[2023-02-02T10:04:15.657+0000] {logging_mixin.py:137} INFO - Laurie Bowen
[2023-02-02T10:04:15.660+0000] {logging_mixin.py:137} INFO - James Cline
[2023-02-02T10:04:15.668+0000] {logging_mixin.py:137} INFO - Michael Rose
[2023-02-02T10:04:15.670+0000] {logging_mixin.py:137} INFO - Lawrence Juarez
[2023-02-02T10:04:15.673+0000] {logging_mixin.py:137} INFO - Lucas Caldwell
[2023-02-02T10:04:15.674+0000] {logging_mixin.py:137} INFO - Laura Jackson
[2023-02-02T10:04:15.679+0000] {logging_mixin.py:137} INFO - Sherri Thornton
[2023-02-02T10:04:15.682+0000] {logging_mixin.py:137} INFO - Alice Wilson
[2023-02-02T10:04:15.684+0000] {logging_mixin.py:137} INFO - Diane Williams
[2023-02-02T10:04:15.688+0000] {logging_mixin.py:137} INFO - Kara Martin
[2023-02-02T10:04:15.689+0000] {logging_mixin.py:137} INFO - Joseph Moore
[2023-02-02T10:04:15.691+0000] {logging_mixin.py:137} INFO - Jesse Moses
[2023-02-02T10:04:15.693+0000] {logging_mixin.py:137} INFO - Lisa Mccall
[2023-02-02T10:04:15.696+0000] {logging_mixin.py:137} INFO - Alexandra Mccoy
[2023-02-02T10:04:15.703+0000] {logging_mixin.py:137} INFO - Daniel Martin
[2023-02-02T10:04:15.709+0000] {logging_mixin.py:137} INFO - Claudia Peck
[2023-02-02T10:04:15.712+0000] {logging_mixin.py:137} INFO - Jessica Mcconnell
[2023-02-02T10:04:15.716+0000] {logging_mixin.py:137} INFO - Kevin Walker
[2023-02-02T10:04:15.718+0000] {logging_mixin.py:137} INFO - Christina Lee
[2023-02-02T10:04:15.720+0000] {logging_mixin.py:137} INFO - Christopher Schroeder
[2023-02-02T10:04:15.722+0000] {logging_mixin.py:137} INFO - Melissa Parker
[2023-02-02T10:04:15.725+0000] {logging_mixin.py:137} INFO - Janet Molina
[2023-02-02T10:04:15.727+0000] {logging_mixin.py:137} INFO - Barbara Harris
[2023-02-02T10:04:15.729+0000] {logging_mixin.py:137} INFO - Joseph Hurley
[2023-02-02T10:04:15.731+0000] {logging_mixin.py:137} INFO - Greg Hayden
[2023-02-02T10:04:15.735+0000] {logging_mixin.py:137} INFO - Edwin Adams
[2023-02-02T10:04:15.738+0000] {logging_mixin.py:137} INFO - Ashley Hunter
[2023-02-02T10:04:15.740+0000] {logging_mixin.py:137} INFO - Jennifer Tucker
[2023-02-02T10:04:15.741+0000] {logging_mixin.py:137} INFO - Eddie Gray
[2023-02-02T10:04:15.742+0000] {logging_mixin.py:137} INFO - Jennifer Evans
[2023-02-02T10:04:15.745+0000] {logging_mixin.py:137} INFO - Stephen Carey
[2023-02-02T10:04:15.747+0000] {logging_mixin.py:137} INFO - Samantha Campos
[2023-02-02T10:04:15.753+0000] {logging_mixin.py:137} INFO - Meagan Brown
[2023-02-02T10:04:15.754+0000] {logging_mixin.py:137} INFO - Miss Marisa Barber
[2023-02-02T10:04:15.756+0000] {logging_mixin.py:137} INFO - Jay Mann
[2023-02-02T10:04:15.757+0000] {logging_mixin.py:137} INFO - Matthew Campbell
[2023-02-02T10:04:15.759+0000] {logging_mixin.py:137} INFO - Brent Rodriguez
[2023-02-02T10:04:15.761+0000] {logging_mixin.py:137} INFO - Teresa Ross
[2023-02-02T10:04:15.763+0000] {logging_mixin.py:137} INFO - Mary Martinez
[2023-02-02T10:04:15.766+0000] {logging_mixin.py:137} INFO - Joseph Lewis
[2023-02-02T10:04:15.772+0000] {logging_mixin.py:137} INFO - Dale Davis
[2023-02-02T10:04:15.774+0000] {logging_mixin.py:137} INFO - Elizabeth Evans
[2023-02-02T10:04:15.775+0000] {logging_mixin.py:137} INFO - Shannon Wang
[2023-02-02T10:04:15.778+0000] {logging_mixin.py:137} INFO - Brandon Campbell
[2023-02-02T10:04:15.780+0000] {logging_mixin.py:137} INFO - Rhonda Pace
[2023-02-02T10:04:15.784+0000] {logging_mixin.py:137} INFO - Sarah Santos
[2023-02-02T10:04:15.788+0000] {logging_mixin.py:137} INFO - Jacob Ford
[2023-02-02T10:04:15.793+0000] {logging_mixin.py:137} INFO - Matthew Hansen
[2023-02-02T10:04:15.795+0000] {logging_mixin.py:137} INFO - Amy Ray
[2023-02-02T10:04:15.796+0000] {logging_mixin.py:137} INFO - Aaron Fields
[2023-02-02T10:04:15.798+0000] {logging_mixin.py:137} INFO - Mary Taylor
[2023-02-02T10:04:15.801+0000] {logging_mixin.py:137} INFO - James Morris
[2023-02-02T10:04:15.803+0000] {logging_mixin.py:137} INFO - Darrell Cain
[2023-02-02T10:04:15.805+0000] {logging_mixin.py:137} INFO - Michael Smith
[2023-02-02T10:04:15.808+0000] {logging_mixin.py:137} INFO - Scott Coleman
[2023-02-02T10:04:15.809+0000] {logging_mixin.py:137} INFO - David Fitzpatrick
[2023-02-02T10:04:15.811+0000] {logging_mixin.py:137} INFO - Debra Shepherd
[2023-02-02T10:04:15.814+0000] {logging_mixin.py:137} INFO - Paul Rush
[2023-02-02T10:04:15.822+0000] {logging_mixin.py:137} INFO - Brett Hernandez
[2023-02-02T10:04:15.824+0000] {logging_mixin.py:137} INFO - Sheila Riddle
[2023-02-02T10:04:15.826+0000] {logging_mixin.py:137} INFO - Joan Austin
[2023-02-02T10:04:15.828+0000] {logging_mixin.py:137} INFO - Michael Garcia
[2023-02-02T10:04:15.832+0000] {logging_mixin.py:137} INFO - Natalie Harris
[2023-02-02T10:04:15.834+0000] {logging_mixin.py:137} INFO - Steven Dean
[2023-02-02T10:04:15.836+0000] {logging_mixin.py:137} INFO - John Brown
[2023-02-02T10:04:15.841+0000] {logging_mixin.py:137} INFO - Keith Zimmerman
[2023-02-02T10:04:15.847+0000] {logging_mixin.py:137} INFO - Curtis Byrd
[2023-02-02T10:04:15.849+0000] {logging_mixin.py:137} INFO - Mariah Green
[2023-02-02T10:04:15.851+0000] {logging_mixin.py:137} INFO - Roger Huynh
[2023-02-02T10:04:15.861+0000] {logging_mixin.py:137} INFO - Christopher Zamora
[2023-02-02T10:04:15.863+0000] {logging_mixin.py:137} INFO - Joyce Crawford
[2023-02-02T10:04:15.865+0000] {logging_mixin.py:137} INFO - Angela Smith
[2023-02-02T10:04:15.869+0000] {logging_mixin.py:137} INFO - Veronica Robinson
[2023-02-02T10:04:15.870+0000] {logging_mixin.py:137} INFO - Christopher Bates
[2023-02-02T10:04:15.872+0000] {logging_mixin.py:137} INFO - Steve Stone
[2023-02-02T10:04:15.874+0000] {logging_mixin.py:137} INFO - William Cook
[2023-02-02T10:04:15.875+0000] {logging_mixin.py:137} INFO - Lori Wood
[2023-02-02T10:04:15.876+0000] {logging_mixin.py:137} INFO - Jillian Reynolds
[2023-02-02T10:04:15.879+0000] {logging_mixin.py:137} INFO - Angela Caldwell
[2023-02-02T10:04:15.885+0000] {logging_mixin.py:137} INFO - Shane Campbell
[2023-02-02T10:04:15.887+0000] {logging_mixin.py:137} INFO - Karen Lawrence
[2023-02-02T10:04:15.889+0000] {logging_mixin.py:137} INFO - Kimberly Wood
[2023-02-02T10:04:15.891+0000] {logging_mixin.py:137} INFO - Samantha Lopez
[2023-02-02T10:04:15.892+0000] {logging_mixin.py:137} INFO - Harold Miller
[2023-02-02T10:04:15.896+0000] {logging_mixin.py:137} INFO - Raymond Cooper DVM
[2023-02-02T10:04:15.897+0000] {logging_mixin.py:137} INFO - Kristen Patel
[2023-02-02T10:04:15.900+0000] {logging_mixin.py:137} INFO - Anthony Mejia
[2023-02-02T10:04:15.902+0000] {logging_mixin.py:137} INFO - Raymond Thomas
[2023-02-02T10:04:15.904+0000] {logging_mixin.py:137} INFO - Scott Young
[2023-02-02T10:04:15.905+0000] {logging_mixin.py:137} INFO - David Larson
[2023-02-02T10:04:15.907+0000] {logging_mixin.py:137} INFO - Jon Murray
[2023-02-02T10:04:15.908+0000] {logging_mixin.py:137} INFO - Stephen Taylor
[2023-02-02T10:04:15.911+0000] {logging_mixin.py:137} INFO - Jennifer Hernandez
[2023-02-02T10:04:15.916+0000] {logging_mixin.py:137} INFO - Stacy Smith
[2023-02-02T10:04:15.918+0000] {logging_mixin.py:137} INFO - Juan Owens
[2023-02-02T10:04:15.921+0000] {logging_mixin.py:137} INFO - Brian Adkins
[2023-02-02T10:04:15.923+0000] {logging_mixin.py:137} INFO - Jesse Wells
[2023-02-02T10:04:15.925+0000] {logging_mixin.py:137} INFO - Kyle Matthews
[2023-02-02T10:04:15.926+0000] {logging_mixin.py:137} INFO - Dustin Russell
[2023-02-02T10:04:15.928+0000] {logging_mixin.py:137} INFO - Richard White
[2023-02-02T10:04:15.932+0000] {logging_mixin.py:137} INFO - Brittany Nichols
[2023-02-02T10:04:15.933+0000] {logging_mixin.py:137} INFO - Colton Kelly
[2023-02-02T10:04:15.935+0000] {logging_mixin.py:137} INFO - William Perry
[2023-02-02T10:04:15.937+0000] {logging_mixin.py:137} INFO - Thomas Cummings
[2023-02-02T10:04:15.941+0000] {logging_mixin.py:137} INFO - Timothy Ballard
[2023-02-02T10:04:15.946+0000] {logging_mixin.py:137} INFO - Richard Washington
[2023-02-02T10:04:15.949+0000] {logging_mixin.py:137} INFO - Joshua Lam
[2023-02-02T10:04:15.951+0000] {logging_mixin.py:137} INFO - Grant Jackson
[2023-02-02T10:04:15.953+0000] {logging_mixin.py:137} INFO - Erin Baker
[2023-02-02T10:04:15.957+0000] {logging_mixin.py:137} INFO - Scott Flowers
[2023-02-02T10:04:15.959+0000] {logging_mixin.py:137} INFO - James Adams
[2023-02-02T10:04:15.960+0000] {logging_mixin.py:137} INFO - Heather Alvarado
[2023-02-02T10:04:15.961+0000] {logging_mixin.py:137} INFO - Jennifer Snow
[2023-02-02T10:04:15.963+0000] {logging_mixin.py:137} INFO - Mario Jackson
[2023-02-02T10:04:15.964+0000] {logging_mixin.py:137} INFO - Kevin Collins
[2023-02-02T10:04:15.965+0000] {logging_mixin.py:137} INFO - Danielle Garcia
[2023-02-02T10:04:15.967+0000] {logging_mixin.py:137} INFO - Brenda Jackson
[2023-02-02T10:04:15.970+0000] {logging_mixin.py:137} INFO - Ashley Parker
[2023-02-02T10:04:15.971+0000] {logging_mixin.py:137} INFO - Angela Hickman
[2023-02-02T10:04:15.972+0000] {logging_mixin.py:137} INFO - Carol Rodriguez
[2023-02-02T10:04:15.978+0000] {logging_mixin.py:137} INFO - Vernon Anderson
[2023-02-02T10:04:15.981+0000] {logging_mixin.py:137} INFO - Jesus Church
[2023-02-02T10:04:15.984+0000] {logging_mixin.py:137} INFO - Michelle Medina
[2023-02-02T10:04:15.985+0000] {logging_mixin.py:137} INFO - Nancy Bryant
[2023-02-02T10:04:15.987+0000] {logging_mixin.py:137} INFO - Jennifer Martinez
[2023-02-02T10:04:15.989+0000] {logging_mixin.py:137} INFO - Amy Dougherty
[2023-02-02T10:04:15.991+0000] {logging_mixin.py:137} INFO - Alexis Sanders
[2023-02-02T10:04:15.996+0000] {logging_mixin.py:137} INFO - Austin Salazar
[2023-02-02T10:04:15.997+0000] {logging_mixin.py:137} INFO - Amy Williams
[2023-02-02T10:04:15.999+0000] {logging_mixin.py:137} INFO - Richard Haynes
[2023-02-02T10:04:16.003+0000] {logging_mixin.py:137} INFO - Christine Stark
[2023-02-02T10:04:16.005+0000] {logging_mixin.py:137} INFO - Anita Medina
[2023-02-02T10:04:16.009+0000] {logging_mixin.py:137} INFO - Mr. Thomas Duran
[2023-02-02T10:04:16.010+0000] {logging_mixin.py:137} INFO - Mr. Russell Peterson
[2023-02-02T10:04:16.014+0000] {logging_mixin.py:137} INFO - Jack Richard
[2023-02-02T10:04:16.016+0000] {logging_mixin.py:137} INFO - Michelle Erickson
[2023-02-02T10:04:16.020+0000] {logging_mixin.py:137} INFO - Mitchell Williams
[2023-02-02T10:04:16.026+0000] {logging_mixin.py:137} INFO - Adrian Herrera
[2023-02-02T10:04:16.030+0000] {logging_mixin.py:137} INFO - Michael Brady
[2023-02-02T10:04:16.033+0000] {logging_mixin.py:137} INFO - Jamie Zhang
[2023-02-02T10:04:16.037+0000] {logging_mixin.py:137} INFO - Helen Brennan
[2023-02-02T10:04:16.039+0000] {logging_mixin.py:137} INFO - John Myers
[2023-02-02T10:04:16.040+0000] {logging_mixin.py:137} INFO - Patricia Nash
[2023-02-02T10:04:16.042+0000] {logging_mixin.py:137} INFO - Michael Johnson
[2023-02-02T10:04:16.052+0000] {logging_mixin.py:137} INFO - Anita Berger
[2023-02-02T10:04:16.053+0000] {logging_mixin.py:137} INFO - Jason Guerrero DVM
[2023-02-02T10:04:16.055+0000] {logging_mixin.py:137} INFO - Kimberly Davis
[2023-02-02T10:04:16.058+0000] {logging_mixin.py:137} INFO - Bryan Hansen
[2023-02-02T10:04:16.060+0000] {logging_mixin.py:137} INFO - Rebecca Obrien
[2023-02-02T10:04:16.068+0000] {logging_mixin.py:137} INFO - Sarah Santiago
[2023-02-02T10:04:16.070+0000] {logging_mixin.py:137} INFO - Christine Lane
[2023-02-02T10:04:16.076+0000] {logging_mixin.py:137} INFO - Jerry Lewis
[2023-02-02T10:04:16.079+0000] {logging_mixin.py:137} INFO - Stephanie Miller
[2023-02-02T10:04:16.082+0000] {logging_mixin.py:137} INFO - Kristi Bradley
[2023-02-02T10:04:16.084+0000] {logging_mixin.py:137} INFO - Darren Moore
[2023-02-02T10:04:16.087+0000] {logging_mixin.py:137} INFO - Kristina Cunningham
[2023-02-02T10:04:16.089+0000] {logging_mixin.py:137} INFO - Laurie Moore
[2023-02-02T10:04:16.094+0000] {logging_mixin.py:137} INFO - Aaron Lewis
[2023-02-02T10:04:16.098+0000] {logging_mixin.py:137} INFO - Theresa Vang
[2023-02-02T10:04:16.104+0000] {logging_mixin.py:137} INFO - Chase Reese
[2023-02-02T10:04:16.107+0000] {logging_mixin.py:137} INFO - Matthew Ferguson
[2023-02-02T10:04:16.110+0000] {logging_mixin.py:137} INFO - Victoria Lewis
[2023-02-02T10:04:16.114+0000] {logging_mixin.py:137} INFO - Jon Scott
[2023-02-02T10:04:16.120+0000] {logging_mixin.py:137} INFO - Lisa Campbell
[2023-02-02T10:04:16.124+0000] {logging_mixin.py:137} INFO - David Ramirez
[2023-02-02T10:04:16.128+0000] {logging_mixin.py:137} INFO - Gabriel Rosario
[2023-02-02T10:04:16.131+0000] {logging_mixin.py:137} INFO - Kristi Johnson
[2023-02-02T10:04:16.134+0000] {logging_mixin.py:137} INFO - Jennifer Schwartz
[2023-02-02T10:04:16.136+0000] {logging_mixin.py:137} INFO - Daniel Norton
[2023-02-02T10:04:16.138+0000] {logging_mixin.py:137} INFO - Richard Montoya
[2023-02-02T10:04:16.142+0000] {logging_mixin.py:137} INFO - Daniel Norris
[2023-02-02T10:04:16.151+0000] {logging_mixin.py:137} INFO - Chad Taylor
[2023-02-02T10:04:16.154+0000] {logging_mixin.py:137} INFO - Angie Allen
[2023-02-02T10:04:16.162+0000] {logging_mixin.py:137} INFO - Michael Brooks
[2023-02-02T10:04:16.165+0000] {logging_mixin.py:137} INFO - Hannah Poole
[2023-02-02T10:04:16.171+0000] {logging_mixin.py:137} INFO - Caitlin Ray
[2023-02-02T10:04:16.175+0000] {logging_mixin.py:137} INFO - Mr. Steven Gardner
[2023-02-02T10:04:16.179+0000] {logging_mixin.py:137} INFO - Jennifer Macdonald
[2023-02-02T10:04:16.181+0000] {logging_mixin.py:137} INFO - Vanessa Small
[2023-02-02T10:04:16.185+0000] {logging_mixin.py:137} INFO - Dennis Gray
[2023-02-02T10:04:16.190+0000] {logging_mixin.py:137} INFO - Sandra Kirk
[2023-02-02T10:04:16.192+0000] {logging_mixin.py:137} INFO - Jason Wagner
[2023-02-02T10:04:16.193+0000] {logging_mixin.py:137} INFO - David Owen
[2023-02-02T10:04:16.196+0000] {logging_mixin.py:137} INFO - Rose Terrell
[2023-02-02T10:04:16.201+0000] {logging_mixin.py:137} INFO - James Green MD
[2023-02-02T10:04:16.203+0000] {logging_mixin.py:137} INFO - Tammy Patel
[2023-02-02T10:04:16.206+0000] {logging_mixin.py:137} INFO - Joseph Lucero
[2023-02-02T10:04:16.210+0000] {logging_mixin.py:137} INFO - Stephanie Rojas
[2023-02-02T10:04:16.211+0000] {logging_mixin.py:137} INFO - Brittany Johnson
[2023-02-02T10:04:16.214+0000] {logging_mixin.py:137} INFO - Christina Cummings
[2023-02-02T10:04:16.218+0000] {logging_mixin.py:137} INFO - Eric Downs
[2023-02-02T10:04:16.221+0000] {logging_mixin.py:137} INFO - Paul Finley
[2023-02-02T10:04:16.223+0000] {logging_mixin.py:137} INFO - Danielle Jackson
[2023-02-02T10:04:16.225+0000] {logging_mixin.py:137} INFO - Anna Johnston
[2023-02-02T10:04:16.228+0000] {logging_mixin.py:137} INFO - Ashlee Hodges
[2023-02-02T10:04:16.231+0000] {logging_mixin.py:137} INFO - Thomas Francis
[2023-02-02T10:04:16.236+0000] {logging_mixin.py:137} INFO - Cody Baird
[2023-02-02T10:04:16.237+0000] {logging_mixin.py:137} INFO - Jeffrey Walter
[2023-02-02T10:04:16.239+0000] {logging_mixin.py:137} INFO - Hannah West
[2023-02-02T10:04:16.242+0000] {logging_mixin.py:137} INFO - Anthony Byrd
[2023-02-02T10:04:16.244+0000] {logging_mixin.py:137} INFO - Julie Ramirez
[2023-02-02T10:04:16.246+0000] {logging_mixin.py:137} INFO - Seth Peters
[2023-02-02T10:04:16.248+0000] {logging_mixin.py:137} INFO - Keith Salas
[2023-02-02T10:04:16.263+0000] {logging_mixin.py:137} INFO - Kathryn Evans
[2023-02-02T10:04:16.266+0000] {logging_mixin.py:137} INFO - Dr. Maria Scott
[2023-02-02T10:04:16.268+0000] {logging_mixin.py:137} INFO - Brenda Thomas
[2023-02-02T10:04:16.272+0000] {logging_mixin.py:137} INFO - Travis Douglas
[2023-02-02T10:04:16.274+0000] {logging_mixin.py:137} INFO - Kurt Santos
[2023-02-02T10:04:16.275+0000] {logging_mixin.py:137} INFO - Sean Parrish
[2023-02-02T10:04:16.278+0000] {logging_mixin.py:137} INFO - Brittany Walls
[2023-02-02T10:04:16.283+0000] {logging_mixin.py:137} INFO - Gail Brooks
[2023-02-02T10:04:16.285+0000] {logging_mixin.py:137} INFO - Valerie Johnson
[2023-02-02T10:04:16.286+0000] {logging_mixin.py:137} INFO - Jessica Dunn
[2023-02-02T10:04:16.291+0000] {logging_mixin.py:137} INFO - Chad Robinson
[2023-02-02T10:04:16.295+0000] {logging_mixin.py:137} INFO - Catherine Combs
[2023-02-02T10:04:16.299+0000] {logging_mixin.py:137} INFO - Joshua Boyd
[2023-02-02T10:04:16.302+0000] {logging_mixin.py:137} INFO - Alicia Barnett DVM
[2023-02-02T10:04:16.307+0000] {logging_mixin.py:137} INFO - Kevin Cervantes
[2023-02-02T10:04:16.310+0000] {logging_mixin.py:137} INFO - Larry Lester
[2023-02-02T10:04:16.314+0000] {logging_mixin.py:137} INFO - Deanna Espinoza
[2023-02-02T10:04:16.316+0000] {logging_mixin.py:137} INFO - Marilyn Davis
[2023-02-02T10:04:16.318+0000] {logging_mixin.py:137} INFO - Michael Weeks
[2023-02-02T10:04:16.325+0000] {logging_mixin.py:137} INFO - Brandon Stanton
[2023-02-02T10:04:16.327+0000] {logging_mixin.py:137} INFO - Ryan Boyer Jr.
[2023-02-02T10:04:16.329+0000] {logging_mixin.py:137} INFO - Amanda Elliott
[2023-02-02T10:04:16.332+0000] {logging_mixin.py:137} INFO - David Moore
[2023-02-02T10:04:16.334+0000] {logging_mixin.py:137} INFO - Andre Williams
[2023-02-02T10:04:16.337+0000] {logging_mixin.py:137} INFO - Jennifer Garcia
[2023-02-02T10:04:16.342+0000] {logging_mixin.py:137} INFO - Tracey Cook
[2023-02-02T10:04:16.346+0000] {logging_mixin.py:137} INFO - Michael Turner
[2023-02-02T10:04:16.349+0000] {logging_mixin.py:137} INFO - Diana Long
[2023-02-02T10:04:16.354+0000] {logging_mixin.py:137} INFO - John Bradley
[2023-02-02T10:04:16.357+0000] {logging_mixin.py:137} INFO - Ann Benjamin
[2023-02-02T10:04:16.359+0000] {logging_mixin.py:137} INFO - Shane House
[2023-02-02T10:04:16.362+0000] {logging_mixin.py:137} INFO - Erin Lee
[2023-02-02T10:04:16.371+0000] {logging_mixin.py:137} INFO - Joseph Gray
[2023-02-02T10:04:16.373+0000] {logging_mixin.py:137} INFO - Betty Gibson
[2023-02-02T10:04:16.375+0000] {logging_mixin.py:137} INFO - Kristen Graham
[2023-02-02T10:04:16.377+0000] {logging_mixin.py:137} INFO - Daniel Meza
[2023-02-02T10:04:16.378+0000] {logging_mixin.py:137} INFO - Sherri Carpenter
[2023-02-02T10:04:16.381+0000] {logging_mixin.py:137} INFO - Andrea Sanchez
[2023-02-02T10:04:16.387+0000] {logging_mixin.py:137} INFO - Jordan Rios
[2023-02-02T10:04:16.391+0000] {logging_mixin.py:137} INFO - Elizabeth Jackson
[2023-02-02T10:04:16.394+0000] {logging_mixin.py:137} INFO - Elizabeth Myers
[2023-02-02T10:04:16.397+0000] {logging_mixin.py:137} INFO - Juan Barnes
[2023-02-02T10:04:16.407+0000] {logging_mixin.py:137} INFO - Christopher Lozano
[2023-02-02T10:04:16.410+0000] {logging_mixin.py:137} INFO - Jacqueline Griffin
[2023-02-02T10:04:16.412+0000] {logging_mixin.py:137} INFO - Ryan Mason
[2023-02-02T10:04:16.418+0000] {logging_mixin.py:137} INFO - Jonathan Moore
[2023-02-02T10:04:16.421+0000] {logging_mixin.py:137} INFO - Abigail Landry
[2023-02-02T10:04:16.423+0000] {logging_mixin.py:137} INFO - Brenda Hernandez
[2023-02-02T10:04:16.426+0000] {logging_mixin.py:137} INFO - Zachary Pitts
[2023-02-02T10:04:16.428+0000] {logging_mixin.py:137} INFO - Amanda Rogers
[2023-02-02T10:04:16.430+0000] {logging_mixin.py:137} INFO - Cynthia Gray
[2023-02-02T10:04:16.431+0000] {logging_mixin.py:137} INFO - Tyler Barajas
[2023-02-02T10:04:16.434+0000] {logging_mixin.py:137} INFO - Michelle Leon
[2023-02-02T10:04:16.439+0000] {logging_mixin.py:137} INFO - Kathy Lang
[2023-02-02T10:04:16.441+0000] {logging_mixin.py:137} INFO - Scott Townsend MD
[2023-02-02T10:04:16.448+0000] {logging_mixin.py:137} INFO - Theresa Acosta
[2023-02-02T10:04:16.450+0000] {logging_mixin.py:137} INFO - David Jones
[2023-02-02T10:04:16.452+0000] {logging_mixin.py:137} INFO - Jeremy Robinson
[2023-02-02T10:04:16.455+0000] {logging_mixin.py:137} INFO - James Newton
[2023-02-02T10:04:16.460+0000] {logging_mixin.py:137} INFO - Tracey Wells
[2023-02-02T10:04:16.463+0000] {logging_mixin.py:137} INFO - Maria Nelson
[2023-02-02T10:04:16.464+0000] {logging_mixin.py:137} INFO - Christopher Griffith
[2023-02-02T10:04:16.467+0000] {logging_mixin.py:137} INFO - Zachary Griffin
[2023-02-02T10:04:16.471+0000] {logging_mixin.py:137} INFO - Amy Nguyen
[2023-02-02T10:04:16.475+0000] {logging_mixin.py:137} INFO - April Williams
[2023-02-02T10:04:16.479+0000] {logging_mixin.py:137} INFO - Marissa Kelly
[2023-02-02T10:04:16.481+0000] {logging_mixin.py:137} INFO - Brian Lopez PhD
[2023-02-02T10:04:16.484+0000] {logging_mixin.py:137} INFO - William Williams
[2023-02-02T10:04:16.486+0000] {logging_mixin.py:137} INFO - Norman Brown
[2023-02-02T10:04:16.492+0000] {logging_mixin.py:137} INFO - Charles Fuentes
[2023-02-02T10:04:16.493+0000] {logging_mixin.py:137} INFO - Anthony Chang
[2023-02-02T10:04:16.495+0000] {logging_mixin.py:137} INFO - Mary Bell
[2023-02-02T10:04:16.498+0000] {logging_mixin.py:137} INFO - Elizabeth Stuart
[2023-02-02T10:04:16.501+0000] {logging_mixin.py:137} INFO - Mary Mcdonald
[2023-02-02T10:04:16.504+0000] {logging_mixin.py:137} INFO - Martin Harrison
[2023-02-02T10:04:16.506+0000] {logging_mixin.py:137} INFO - Stephanie Fernandez
[2023-02-02T10:04:16.508+0000] {logging_mixin.py:137} INFO - Christopher Brown
[2023-02-02T10:04:16.510+0000] {logging_mixin.py:137} INFO - Alexander Stephenson
[2023-02-02T10:04:16.512+0000] {logging_mixin.py:137} INFO - Grace Diaz
[2023-02-02T10:04:16.516+0000] {logging_mixin.py:137} INFO - Frank Bartlett
[2023-02-02T10:04:16.518+0000] {logging_mixin.py:137} INFO - Audrey Andersen
[2023-02-02T10:04:16.519+0000] {logging_mixin.py:137} INFO - David Green
[2023-02-02T10:04:16.523+0000] {logging_mixin.py:137} INFO - Joshua Diaz Jr.
[2023-02-02T10:04:16.527+0000] {logging_mixin.py:137} INFO - Emily Garcia
[2023-02-02T10:04:16.529+0000] {logging_mixin.py:137} INFO - Devin Hall
[2023-02-02T10:04:16.531+0000] {logging_mixin.py:137} INFO - Phillip Garner
[2023-02-02T10:04:16.535+0000] {logging_mixin.py:137} INFO - Katherine Estrada
[2023-02-02T10:04:16.539+0000] {logging_mixin.py:137} INFO - Corey Saunders
[2023-02-02T10:04:16.540+0000] {logging_mixin.py:137} INFO - Kimberly Collins
[2023-02-02T10:04:16.542+0000] {logging_mixin.py:137} INFO - Amy Elliott
[2023-02-02T10:04:16.544+0000] {logging_mixin.py:137} INFO - Tanya Jones
[2023-02-02T10:04:16.546+0000] {logging_mixin.py:137} INFO - Patricia Gonzalez
[2023-02-02T10:04:16.548+0000] {logging_mixin.py:137} INFO - Jennifer Hill
[2023-02-02T10:04:16.550+0000] {logging_mixin.py:137} INFO - John Haynes
[2023-02-02T10:04:16.556+0000] {logging_mixin.py:137} INFO - Jacob Henry
[2023-02-02T10:04:16.558+0000] {logging_mixin.py:137} INFO - Daniel Clark
[2023-02-02T10:04:16.562+0000] {logging_mixin.py:137} INFO - Jonathon Taylor
[2023-02-02T10:04:16.565+0000] {logging_mixin.py:137} INFO - Jesse Evans
[2023-02-02T10:04:16.567+0000] {logging_mixin.py:137} INFO - James Martinez
[2023-02-02T10:04:16.572+0000] {logging_mixin.py:137} INFO - Kyle Reyes
[2023-02-02T10:04:16.575+0000] {logging_mixin.py:137} INFO - Terrence Barker
[2023-02-02T10:04:16.580+0000] {logging_mixin.py:137} INFO - Anthony Washington
[2023-02-02T10:04:16.583+0000] {logging_mixin.py:137} INFO - Dustin Le
[2023-02-02T10:04:16.585+0000] {logging_mixin.py:137} INFO - Bruce Clark
[2023-02-02T10:04:16.587+0000] {logging_mixin.py:137} INFO - Keith Anthony
[2023-02-02T10:04:16.589+0000] {logging_mixin.py:137} INFO - Jeremiah Stone
[2023-02-02T10:04:16.590+0000] {logging_mixin.py:137} INFO - Michael Haley
[2023-02-02T10:04:16.594+0000] {logging_mixin.py:137} INFO - Regina Carrillo
[2023-02-02T10:04:16.597+0000] {logging_mixin.py:137} INFO - Jacob Lee
[2023-02-02T10:04:16.599+0000] {logging_mixin.py:137} INFO - Thomas Gonzalez
[2023-02-02T10:04:16.601+0000] {logging_mixin.py:137} INFO - Mark Lawrence
[2023-02-02T10:04:16.603+0000] {logging_mixin.py:137} INFO - Matthew Anderson
[2023-02-02T10:04:16.604+0000] {logging_mixin.py:137} INFO - Nicholas Young
[2023-02-02T10:04:16.611+0000] {logging_mixin.py:137} INFO - Melvin Martinez
[2023-02-02T10:04:16.613+0000] {logging_mixin.py:137} INFO - Scott Green
[2023-02-02T10:04:16.616+0000] {logging_mixin.py:137} INFO - Dana Richards
[2023-02-02T10:04:16.617+0000] {logging_mixin.py:137} INFO - Lauren Moore
[2023-02-02T10:04:16.620+0000] {logging_mixin.py:137} INFO - Terry Campbell
[2023-02-02T10:04:16.623+0000] {logging_mixin.py:137} INFO - Ralph Jordan
[2023-02-02T10:04:16.631+0000] {logging_mixin.py:137} INFO - Noah Reyes
[2023-02-02T10:04:16.636+0000] {logging_mixin.py:137} INFO - Mr. Gregory Mills MD
[2023-02-02T10:04:16.640+0000] {logging_mixin.py:137} INFO - Michelle Yates
[2023-02-02T10:04:16.644+0000] {logging_mixin.py:137} INFO - Robin Reyes
[2023-02-02T10:04:16.647+0000] {logging_mixin.py:137} INFO - Rebecca Smith
[2023-02-02T10:04:16.651+0000] {logging_mixin.py:137} INFO - Nicole Torres
[2023-02-02T10:04:16.656+0000] {logging_mixin.py:137} INFO - Ronald Jones
[2023-02-02T10:04:16.659+0000] {logging_mixin.py:137} INFO - Michael Castaneda
[2023-02-02T10:04:16.664+0000] {logging_mixin.py:137} INFO - Christopher Krueger
[2023-02-02T10:04:16.665+0000] {logging_mixin.py:137} INFO - Jennifer Werner
[2023-02-02T10:04:16.671+0000] {logging_mixin.py:137} INFO - Ashley Smith
[2023-02-02T10:04:16.676+0000] {logging_mixin.py:137} INFO - Alyssa Fields
[2023-02-02T10:04:16.679+0000] {logging_mixin.py:137} INFO - John Scott
[2023-02-02T10:04:16.683+0000] {logging_mixin.py:137} INFO - Debra Delacruz
[2023-02-02T10:04:16.687+0000] {logging_mixin.py:137} INFO - James Madden
[2023-02-02T10:04:16.698+0000] {logging_mixin.py:137} INFO - Joseph Gentry
[2023-02-02T10:04:16.700+0000] {logging_mixin.py:137} INFO - Ashley Cabrera
[2023-02-02T10:04:16.702+0000] {logging_mixin.py:137} INFO - Jennifer Fernandez
[2023-02-02T10:04:16.705+0000] {logging_mixin.py:137} INFO - James Harris
[2023-02-02T10:04:16.707+0000] {logging_mixin.py:137} INFO - Candice Young
[2023-02-02T10:04:16.708+0000] {logging_mixin.py:137} INFO - Lisa Baker
[2023-02-02T10:04:16.712+0000] {logging_mixin.py:137} INFO - Brian Mills DDS
[2023-02-02T10:04:16.714+0000] {logging_mixin.py:137} INFO - Kristin Smith
[2023-02-02T10:04:16.717+0000] {logging_mixin.py:137} INFO - Jacob Collins
[2023-02-02T10:04:16.722+0000] {logging_mixin.py:137} INFO - Kimberly Harris
[2023-02-02T10:04:16.724+0000] {logging_mixin.py:137} INFO - Michael Hull
[2023-02-02T10:04:16.727+0000] {logging_mixin.py:137} INFO - Caitlin Todd
[2023-02-02T10:04:16.728+0000] {logging_mixin.py:137} INFO - Lisa Harris
[2023-02-02T10:04:16.730+0000] {logging_mixin.py:137} INFO - Mrs. Ann Stone
[2023-02-02T10:04:16.734+0000] {logging_mixin.py:137} INFO - Michelle Case
[2023-02-02T10:04:16.737+0000] {logging_mixin.py:137} INFO - Joe Lowe
[2023-02-02T10:04:16.738+0000] {logging_mixin.py:137} INFO - Randall Dunn
[2023-02-02T10:04:16.740+0000] {logging_mixin.py:137} INFO - Paula Vargas
[2023-02-02T10:04:16.742+0000] {logging_mixin.py:137} INFO - Daniel Walker
[2023-02-02T10:04:16.744+0000] {logging_mixin.py:137} INFO - James Jackson
[2023-02-02T10:04:16.748+0000] {logging_mixin.py:137} INFO - Shirley Woodard
[2023-02-02T10:04:16.751+0000] {logging_mixin.py:137} INFO - James Hayes
[2023-02-02T10:04:16.754+0000] {logging_mixin.py:137} INFO - Megan Austin
[2023-02-02T10:04:16.756+0000] {logging_mixin.py:137} INFO - Erin Robertson
[2023-02-02T10:04:16.761+0000] {logging_mixin.py:137} INFO - Robert Phillips
[2023-02-02T10:04:16.764+0000] {logging_mixin.py:137} INFO - Amy Torres
[2023-02-02T10:04:16.766+0000] {logging_mixin.py:137} INFO - Joshua Cox
[2023-02-02T10:04:16.767+0000] {logging_mixin.py:137} INFO - Duane Grimes
[2023-02-02T10:04:16.770+0000] {logging_mixin.py:137} INFO - Jennifer Burgess
[2023-02-02T10:04:16.773+0000] {logging_mixin.py:137} INFO - Carlos Duran
[2023-02-02T10:04:16.775+0000] {logging_mixin.py:137} INFO - Jason Johnson
[2023-02-02T10:04:16.777+0000] {logging_mixin.py:137} INFO - Cameron Greer
[2023-02-02T10:04:16.782+0000] {logging_mixin.py:137} INFO - Randall Williams
[2023-02-02T10:04:16.784+0000] {logging_mixin.py:137} INFO - Jessica Harris
[2023-02-02T10:04:16.787+0000] {logging_mixin.py:137} INFO - Joshua Rogers
[2023-02-02T10:04:16.791+0000] {logging_mixin.py:137} INFO - Jose Mahoney
[2023-02-02T10:04:16.794+0000] {logging_mixin.py:137} INFO - Brandy Fuentes
[2023-02-02T10:04:16.797+0000] {logging_mixin.py:137} INFO - Angelica Matthews
[2023-02-02T10:04:16.798+0000] {logging_mixin.py:137} INFO - Glenn Caldwell
[2023-02-02T10:04:16.800+0000] {logging_mixin.py:137} INFO - Cristian Delacruz
[2023-02-02T10:04:16.804+0000] {logging_mixin.py:137} INFO - Alexandra Price
[2023-02-02T10:04:16.807+0000] {logging_mixin.py:137} INFO - Heather Wilson
[2023-02-02T10:04:16.809+0000] {logging_mixin.py:137} INFO - Shawn Thompson
[2023-02-02T10:04:16.813+0000] {logging_mixin.py:137} INFO - Anna Daniel
[2023-02-02T10:04:16.816+0000] {logging_mixin.py:137} INFO - Joseph Cisneros
[2023-02-02T10:04:16.817+0000] {logging_mixin.py:137} INFO - Rebecca Estes
[2023-02-02T10:04:16.819+0000] {logging_mixin.py:137} INFO - Jeremy Porter
[2023-02-02T10:04:16.821+0000] {logging_mixin.py:137} INFO - Lisa Mann
[2023-02-02T10:04:16.823+0000] {logging_mixin.py:137} INFO - Michael Woods
[2023-02-02T10:04:16.828+0000] {logging_mixin.py:137} INFO - Madison Thompson
[2023-02-02T10:04:16.832+0000] {logging_mixin.py:137} INFO - Nancy Gomez
[2023-02-02T10:04:16.834+0000] {logging_mixin.py:137} INFO - Julie Blanchard
[2023-02-02T10:04:16.836+0000] {logging_mixin.py:137} INFO - Michael Smith
[2023-02-02T10:04:16.837+0000] {logging_mixin.py:137} INFO - Angel Huber
[2023-02-02T10:04:16.841+0000] {logging_mixin.py:137} INFO - Michael Coffey
[2023-02-02T10:04:16.843+0000] {logging_mixin.py:137} INFO - Patrick Walter
[2023-02-02T10:04:16.845+0000] {logging_mixin.py:137} INFO - Curtis Davis
[2023-02-02T10:04:16.846+0000] {logging_mixin.py:137} INFO - Kyle Stewart
[2023-02-02T10:04:16.850+0000] {logging_mixin.py:137} INFO - Angela Jimenez
[2023-02-02T10:04:16.853+0000] {logging_mixin.py:137} INFO - Andrew Martinez
[2023-02-02T10:04:16.855+0000] {logging_mixin.py:137} INFO - Angela West
[2023-02-02T10:04:16.859+0000] {logging_mixin.py:137} INFO - Ryan Young
[2023-02-02T10:04:16.861+0000] {logging_mixin.py:137} INFO - Nathaniel Evans
[2023-02-02T10:04:16.863+0000] {logging_mixin.py:137} INFO - Dawn Bryant
[2023-02-02T10:04:16.865+0000] {logging_mixin.py:137} INFO - Danielle Lewis
[2023-02-02T10:04:16.868+0000] {logging_mixin.py:137} INFO - Matthew Newman
[2023-02-02T10:04:16.869+0000] {logging_mixin.py:137} INFO - Robert Smith
[2023-02-02T10:04:16.873+0000] {logging_mixin.py:137} INFO - Melissa Hicks
[2023-02-02T10:04:16.876+0000] {logging_mixin.py:137} INFO - Emily Lambert
[2023-02-02T10:04:16.878+0000] {logging_mixin.py:137} INFO - Krystal Wolfe
[2023-02-02T10:04:16.880+0000] {logging_mixin.py:137} INFO - Donna Murillo
[2023-02-02T10:04:16.884+0000] {logging_mixin.py:137} INFO - Carl Hudson
[2023-02-02T10:04:16.886+0000] {logging_mixin.py:137} INFO - Robert Wilson
[2023-02-02T10:04:16.888+0000] {logging_mixin.py:137} INFO - Patrick Mathis
[2023-02-02T10:04:16.891+0000] {logging_mixin.py:137} INFO - Michael Suarez
[2023-02-02T10:04:16.893+0000] {logging_mixin.py:137} INFO - David Johnson
[2023-02-02T10:04:16.895+0000] {logging_mixin.py:137} INFO - William Thompson
[2023-02-02T10:04:16.900+0000] {logging_mixin.py:137} INFO - Jessica Hansen DVM
[2023-02-02T10:04:16.901+0000] {logging_mixin.py:137} INFO - Katherine Friedman
[2023-02-02T10:04:16.903+0000] {logging_mixin.py:137} INFO - Jillian Johnson
[2023-02-02T10:04:16.906+0000] {logging_mixin.py:137} INFO - Robert Mckee
[2023-02-02T10:04:16.908+0000] {logging_mixin.py:137} INFO - Rachel Little
[2023-02-02T10:04:16.911+0000] {logging_mixin.py:137} INFO - Patricia Smith
[2023-02-02T10:04:16.913+0000] {logging_mixin.py:137} INFO - Heidi Martinez
[2023-02-02T10:04:16.916+0000] {logging_mixin.py:137} INFO - Caitlin Solomon
[2023-02-02T10:04:16.917+0000] {logging_mixin.py:137} INFO - Dr. Olivia Pugh
[2023-02-02T10:04:16.919+0000] {logging_mixin.py:137} INFO - John Steele DDS
[2023-02-02T10:04:16.921+0000] {logging_mixin.py:137} INFO - Jeremy Mathews
[2023-02-02T10:04:16.926+0000] {logging_mixin.py:137} INFO - Tiffany Hill
[2023-02-02T10:04:16.928+0000] {logging_mixin.py:137} INFO - Steven Edwards
[2023-02-02T10:04:16.930+0000] {logging_mixin.py:137} INFO - Charles Campbell
[2023-02-02T10:04:16.932+0000] {logging_mixin.py:137} INFO - Brett Hughes
[2023-02-02T10:04:16.933+0000] {logging_mixin.py:137} INFO - Christina Villegas
[2023-02-02T10:04:16.935+0000] {logging_mixin.py:137} INFO - Anthony Garcia
[2023-02-02T10:04:16.937+0000] {logging_mixin.py:137} INFO - Nathan Murphy
[2023-02-02T10:04:16.940+0000] {logging_mixin.py:137} INFO - Steven Dodson
[2023-02-02T10:04:16.942+0000] {logging_mixin.py:137} INFO - Brian Sullivan
[2023-02-02T10:04:16.944+0000] {logging_mixin.py:137} INFO - Renee White
[2023-02-02T10:04:16.945+0000] {logging_mixin.py:137} INFO - Laura Rowland
[2023-02-02T10:04:16.947+0000] {logging_mixin.py:137} INFO - John Moore
[2023-02-02T10:04:16.950+0000] {logging_mixin.py:137} INFO - Sophia Mckenzie
[2023-02-02T10:04:16.952+0000] {logging_mixin.py:137} INFO - David Roach
[2023-02-02T10:04:16.954+0000] {logging_mixin.py:137} INFO - Jennifer Patterson
[2023-02-02T10:04:16.956+0000] {logging_mixin.py:137} INFO - James Richards
[2023-02-02T10:04:16.957+0000] {logging_mixin.py:137} INFO - Mary Johnston
[2023-02-02T10:04:16.960+0000] {logging_mixin.py:137} INFO - Brandon Mcdaniel
[2023-02-02T10:04:16.962+0000] {logging_mixin.py:137} INFO - Meghan Stevenson
[2023-02-02T10:04:16.965+0000] {logging_mixin.py:137} INFO - Luis Hayes
[2023-02-02T10:04:16.967+0000] {logging_mixin.py:137} INFO - Alejandra Sloan
[2023-02-02T10:04:16.968+0000] {logging_mixin.py:137} INFO - Dr. Sandra Miller
[2023-02-02T10:04:16.970+0000] {logging_mixin.py:137} INFO - Dustin Bond
[2023-02-02T10:04:16.973+0000] {logging_mixin.py:137} INFO - Julia Patrick MD
[2023-02-02T10:04:16.975+0000] {logging_mixin.py:137} INFO - Jill Campbell
[2023-02-02T10:04:16.977+0000] {logging_mixin.py:137} INFO - Mark Ford
[2023-02-02T10:04:16.979+0000] {logging_mixin.py:137} INFO - Brian Long
[2023-02-02T10:04:16.982+0000] {logging_mixin.py:137} INFO - Lisa Peterson
[2023-02-02T10:04:16.985+0000] {logging_mixin.py:137} INFO - Matthew Lee
[2023-02-02T10:04:16.986+0000] {logging_mixin.py:137} INFO - Bradley Miller
[2023-02-02T10:04:16.988+0000] {logging_mixin.py:137} INFO - Jeffrey Moss
[2023-02-02T10:04:16.992+0000] {logging_mixin.py:137} INFO - Sara Carlson
[2023-02-02T10:04:16.995+0000] {logging_mixin.py:137} INFO - Daniel Rodriguez
[2023-02-02T10:04:16.997+0000] {logging_mixin.py:137} INFO - Jeremy David
[2023-02-02T10:04:16.999+0000] {logging_mixin.py:137} INFO - Eric Green
[2023-02-02T10:04:17.002+0000] {logging_mixin.py:137} INFO - Alexis Jones
[2023-02-02T10:04:17.003+0000] {logging_mixin.py:137} INFO - Matthew Rose
[2023-02-02T10:04:17.005+0000] {logging_mixin.py:137} INFO - Catherine Anderson
[2023-02-02T10:04:17.007+0000] {logging_mixin.py:137} INFO - Holly Burton
[2023-02-02T10:04:17.009+0000] {logging_mixin.py:137} INFO - David Matthews
[2023-02-02T10:04:17.012+0000] {logging_mixin.py:137} INFO - Mrs. Kara Little
[2023-02-02T10:04:17.015+0000] {logging_mixin.py:137} INFO - Jeffrey Stanley
[2023-02-02T10:04:17.017+0000] {logging_mixin.py:137} INFO - James Ochoa
[2023-02-02T10:04:17.018+0000] {logging_mixin.py:137} INFO - Jason Frye
[2023-02-02T10:04:17.020+0000] {logging_mixin.py:137} INFO - Christopher Ellis
[2023-02-02T10:04:17.022+0000] {logging_mixin.py:137} INFO - Michelle Nixon
[2023-02-02T10:04:17.024+0000] {logging_mixin.py:137} INFO - Andrew Gill
[2023-02-02T10:04:17.028+0000] {logging_mixin.py:137} INFO - Jennifer Wilson
[2023-02-02T10:04:17.030+0000] {logging_mixin.py:137} INFO - Shawn Black
[2023-02-02T10:04:17.034+0000] {logging_mixin.py:137} INFO - April Patterson
[2023-02-02T10:04:17.035+0000] {logging_mixin.py:137} INFO - Troy Vaughn
[2023-02-02T10:04:17.037+0000] {logging_mixin.py:137} INFO - Alexandria White
[2023-02-02T10:04:17.039+0000] {logging_mixin.py:137} INFO - Scott Phillips
[2023-02-02T10:04:17.042+0000] {logging_mixin.py:137} INFO - Zachary Cisneros
[2023-02-02T10:04:17.045+0000] {logging_mixin.py:137} INFO - Deborah Brown
[2023-02-02T10:04:17.046+0000] {logging_mixin.py:137} INFO - Monica Moses
[2023-02-02T10:04:17.048+0000] {logging_mixin.py:137} INFO - Brenda Reyes
[2023-02-02T10:04:17.050+0000] {logging_mixin.py:137} INFO - Miss Renee Allen
[2023-02-02T10:04:17.053+0000] {logging_mixin.py:137} INFO - Susan Clark
[2023-02-02T10:04:17.055+0000] {logging_mixin.py:137} INFO - Brandy Coffey
[2023-02-02T10:04:17.056+0000] {logging_mixin.py:137} INFO - Brett Nelson
[2023-02-02T10:04:17.057+0000] {logging_mixin.py:137} INFO - Ricardo Young
[2023-02-02T10:04:17.060+0000] {logging_mixin.py:137} INFO - Paul Lee
[2023-02-02T10:04:17.063+0000] {logging_mixin.py:137} INFO - David Allen
[2023-02-02T10:04:17.065+0000] {logging_mixin.py:137} INFO - Andrea Knight
[2023-02-02T10:04:17.067+0000] {logging_mixin.py:137} INFO - James Gomez
[2023-02-02T10:04:17.070+0000] {logging_mixin.py:137} INFO - Melody Gibson
[2023-02-02T10:04:17.073+0000] {logging_mixin.py:137} INFO - Christina Martinez
[2023-02-02T10:04:17.076+0000] {logging_mixin.py:137} INFO - Shelby Smith
[2023-02-02T10:04:17.077+0000] {logging_mixin.py:137} INFO - Jason Howard
[2023-02-02T10:04:17.080+0000] {logging_mixin.py:137} INFO - Amy Davidson
[2023-02-02T10:04:17.085+0000] {logging_mixin.py:137} INFO - Kyle Copeland
[2023-02-02T10:04:17.088+0000] {logging_mixin.py:137} INFO - Madeline Davis
[2023-02-02T10:04:17.089+0000] {logging_mixin.py:137} INFO - Aaron Young
[2023-02-02T10:04:17.091+0000] {logging_mixin.py:137} INFO - Lisa Barrett
[2023-02-02T10:04:17.092+0000] {logging_mixin.py:137} INFO - Joel Jones
[2023-02-02T10:04:17.095+0000] {logging_mixin.py:137} INFO - Christine Evans
[2023-02-02T10:04:17.098+0000] {logging_mixin.py:137} INFO - Kimberly Johnson
[2023-02-02T10:04:17.102+0000] {logging_mixin.py:137} INFO - Charles Hess
[2023-02-02T10:04:17.104+0000] {logging_mixin.py:137} INFO - Paul Dixon
[2023-02-02T10:04:17.106+0000] {logging_mixin.py:137} INFO - Christopher Johnson
[2023-02-02T10:04:17.108+0000] {logging_mixin.py:137} INFO - Robert Dawson
[2023-02-02T10:04:17.112+0000] {logging_mixin.py:137} INFO - Ryan Dixon
[2023-02-02T10:04:17.113+0000] {logging_mixin.py:137} INFO - Julie Martinez
[2023-02-02T10:04:17.115+0000] {logging_mixin.py:137} INFO - David Adams
[2023-02-02T10:04:17.118+0000] {logging_mixin.py:137} INFO - Mariah Brown
[2023-02-02T10:04:17.120+0000] {logging_mixin.py:137} INFO - Deborah Malone
[2023-02-02T10:04:17.122+0000] {logging_mixin.py:137} INFO - John Brown
[2023-02-02T10:04:17.124+0000] {logging_mixin.py:137} INFO - Maria Stewart
[2023-02-02T10:04:17.126+0000] {logging_mixin.py:137} INFO - Mr. Bryan Hawkins
[2023-02-02T10:04:17.128+0000] {logging_mixin.py:137} INFO - Kyle Brooks
[2023-02-02T10:04:17.130+0000] {logging_mixin.py:137} INFO - Kenneth White
[2023-02-02T10:04:17.132+0000] {logging_mixin.py:137} INFO - Patricia Wilson
[2023-02-02T10:04:17.134+0000] {logging_mixin.py:137} INFO - Paul Soto
[2023-02-02T10:04:17.137+0000] {logging_mixin.py:137} INFO - Janice Garrett
[2023-02-02T10:04:17.140+0000] {logging_mixin.py:137} INFO - Randy Strickland
[2023-02-02T10:04:17.143+0000] {logging_mixin.py:137} INFO - Felicia Herrera
[2023-02-02T10:04:17.144+0000] {logging_mixin.py:137} INFO - Andre Campos
[2023-02-02T10:04:17.146+0000] {logging_mixin.py:137} INFO - Justin Meyer
[2023-02-02T10:04:17.148+0000] {logging_mixin.py:137} INFO - Brandon Brooks
[2023-02-02T10:04:17.150+0000] {logging_mixin.py:137} INFO - Abigail Rivera
[2023-02-02T10:04:17.152+0000] {logging_mixin.py:137} INFO - Jessica Mann
[2023-02-02T10:04:17.154+0000] {logging_mixin.py:137} INFO - Michael Sawyer
[2023-02-02T10:04:17.156+0000] {logging_mixin.py:137} INFO - Jeffrey Coleman
[2023-02-02T10:04:17.158+0000] {logging_mixin.py:137} INFO - Micheal Castro
[2023-02-02T10:04:17.160+0000] {logging_mixin.py:137} INFO - Laura Gonzalez
[2023-02-02T10:04:17.163+0000] {logging_mixin.py:137} INFO - Christopher Jackson
[2023-02-02T10:04:17.166+0000] {logging_mixin.py:137} INFO - William Mckenzie
[2023-02-02T10:04:17.168+0000] {logging_mixin.py:137} INFO - Kristina Rodriguez
[2023-02-02T10:04:17.170+0000] {logging_mixin.py:137} INFO - Kelli Williams
[2023-02-02T10:04:17.172+0000] {logging_mixin.py:137} INFO - Diane Norris
[2023-02-02T10:04:17.176+0000] {logging_mixin.py:137} INFO - Kevin Carroll
[2023-02-02T10:04:17.178+0000] {logging_mixin.py:137} INFO - Betty Weber
[2023-02-02T10:04:17.180+0000] {logging_mixin.py:137} INFO - Jeffery Robinson
[2023-02-02T10:04:17.182+0000] {logging_mixin.py:137} INFO - Hannah Cowan
[2023-02-02T10:04:17.183+0000] {logging_mixin.py:137} INFO - Brian Kramer
[2023-02-02T10:04:17.185+0000] {logging_mixin.py:137} INFO - Anthony Roberts
[2023-02-02T10:04:17.186+0000] {logging_mixin.py:137} INFO - Ricardo Blankenship
[2023-02-02T10:04:17.188+0000] {logging_mixin.py:137} INFO - Brooke Collins
[2023-02-02T10:04:17.190+0000] {logging_mixin.py:137} INFO - Tammy Lawson
[2023-02-02T10:04:17.192+0000] {logging_mixin.py:137} INFO - Cody Miller
[2023-02-02T10:04:17.195+0000] {logging_mixin.py:137} INFO - Dr. Janice Salazar
[2023-02-02T10:04:17.200+0000] {logging_mixin.py:137} INFO - David West
[2023-02-02T10:04:17.202+0000] {logging_mixin.py:137} INFO - Robin Carpenter
[2023-02-02T10:04:17.203+0000] {logging_mixin.py:137} INFO - Monique Wall
[2023-02-02T10:04:17.205+0000] {logging_mixin.py:137} INFO - Charles Cardenas
[2023-02-02T10:04:17.207+0000] {logging_mixin.py:137} INFO - Valerie Mitchell
[2023-02-02T10:04:17.209+0000] {logging_mixin.py:137} INFO - Michelle Valenzuela
[2023-02-02T10:04:17.210+0000] {logging_mixin.py:137} INFO - William Poole
[2023-02-02T10:04:17.216+0000] {logging_mixin.py:137} INFO - James Hall
[2023-02-02T10:04:17.218+0000] {logging_mixin.py:137} INFO - Dylan Carpenter
[2023-02-02T10:04:17.220+0000] {logging_mixin.py:137} INFO - Linda Medina
[2023-02-02T10:04:17.223+0000] {logging_mixin.py:137} INFO - Joan White
[2023-02-02T10:04:17.225+0000] {logging_mixin.py:137} INFO - Mary Klein
[2023-02-02T10:04:17.227+0000] {logging_mixin.py:137} INFO - Ashley Wolf
[2023-02-02T10:04:17.229+0000] {logging_mixin.py:137} INFO - William Reed
[2023-02-02T10:04:17.233+0000] {logging_mixin.py:137} INFO - Derek Harvey
[2023-02-02T10:04:17.234+0000] {logging_mixin.py:137} INFO - Kathleen Rodriguez
[2023-02-02T10:04:17.237+0000] {logging_mixin.py:137} INFO - Andrew Rodriguez
[2023-02-02T10:04:17.238+0000] {logging_mixin.py:137} INFO - Ariel Frank
[2023-02-02T10:04:17.242+0000] {logging_mixin.py:137} INFO - Tina French
[2023-02-02T10:04:17.244+0000] {logging_mixin.py:137} INFO - Brent Waller
[2023-02-02T10:04:17.247+0000] {logging_mixin.py:137} INFO - Kevin Allen
[2023-02-02T10:04:17.250+0000] {logging_mixin.py:137} INFO - Xavier Walker
[2023-02-02T10:04:17.252+0000] {logging_mixin.py:137} INFO - Michelle Sanchez
[2023-02-02T10:04:17.253+0000] {logging_mixin.py:137} INFO - Rachael Shepard
[2023-02-02T10:04:17.255+0000] {logging_mixin.py:137} INFO - Kelsey Johnson
[2023-02-02T10:04:17.257+0000] {logging_mixin.py:137} INFO - Nicole Webb
[2023-02-02T10:04:17.259+0000] {logging_mixin.py:137} INFO - Nicholas Rodriguez
[2023-02-02T10:04:17.261+0000] {logging_mixin.py:137} INFO - Eric Vaughan
[2023-02-02T10:04:17.264+0000] {logging_mixin.py:137} INFO - Amanda Richardson
[2023-02-02T10:04:17.268+0000] {logging_mixin.py:137} INFO - Janice Carlson
[2023-02-02T10:04:17.271+0000] {logging_mixin.py:137} INFO - Darryl Walsh
[2023-02-02T10:04:17.273+0000] {logging_mixin.py:137} INFO - Heather Johnson
[2023-02-02T10:04:17.275+0000] {logging_mixin.py:137} INFO - Mark Chambers
[2023-02-02T10:04:17.278+0000] {logging_mixin.py:137} INFO - Tracy Burns
[2023-02-02T10:04:17.279+0000] {logging_mixin.py:137} INFO - John Cole
[2023-02-02T10:04:17.283+0000] {logging_mixin.py:137} INFO - Deborah Silva
[2023-02-02T10:04:17.285+0000] {logging_mixin.py:137} INFO - Shawn Hernandez
[2023-02-02T10:04:17.288+0000] {logging_mixin.py:137} INFO - Bethany Meyer
[2023-02-02T10:04:17.290+0000] {logging_mixin.py:137} INFO - Helen Smith
[2023-02-02T10:04:17.292+0000] {logging_mixin.py:137} INFO - Dana Dennis
[2023-02-02T10:04:17.295+0000] {logging_mixin.py:137} INFO - Kelsey Camacho
[2023-02-02T10:04:17.298+0000] {logging_mixin.py:137} INFO - Matthew Thomas
[2023-02-02T10:04:17.301+0000] {logging_mixin.py:137} INFO - Brittany Arellano
[2023-02-02T10:04:17.304+0000] {logging_mixin.py:137} INFO - Stacey Jones
[2023-02-02T10:04:17.309+0000] {logging_mixin.py:137} INFO - William Weeks
[2023-02-02T10:04:17.310+0000] {logging_mixin.py:137} INFO - Mark Beasley
[2023-02-02T10:04:17.312+0000] {logging_mixin.py:137} INFO - Bruce Pena
[2023-02-02T10:04:17.313+0000] {logging_mixin.py:137} INFO - Jeffery Smith
[2023-02-02T10:04:17.315+0000] {logging_mixin.py:137} INFO - Ann Deleon
[2023-02-02T10:04:17.317+0000] {logging_mixin.py:137} INFO - Kevin Robertson
[2023-02-02T10:04:17.319+0000] {logging_mixin.py:137} INFO - Vincent Willis MD
[2023-02-02T10:04:17.322+0000] {logging_mixin.py:137} INFO - Michael Nielsen
[2023-02-02T10:04:17.324+0000] {logging_mixin.py:137} INFO - Walter Koch
[2023-02-02T10:04:17.326+0000] {logging_mixin.py:137} INFO - Brian Vega
[2023-02-02T10:04:17.330+0000] {logging_mixin.py:137} INFO - Jeffrey Medina
[2023-02-02T10:04:17.333+0000] {logging_mixin.py:137} INFO - Erika Banks
[2023-02-02T10:04:17.339+0000] {logging_mixin.py:137} INFO - Stacey Griffin
[2023-02-02T10:04:17.342+0000] {logging_mixin.py:137} INFO - Michael Marsh
[2023-02-02T10:04:17.346+0000] {logging_mixin.py:137} INFO - Molly White
[2023-02-02T10:04:17.348+0000] {logging_mixin.py:137} INFO - Matthew Morrison
[2023-02-02T10:04:17.351+0000] {logging_mixin.py:137} INFO - Amanda Burns
[2023-02-02T10:04:17.355+0000] {logging_mixin.py:137} INFO - Emily Gonzalez DDS
[2023-02-02T10:04:17.358+0000] {logging_mixin.py:137} INFO - Gregory King
[2023-02-02T10:04:17.363+0000] {logging_mixin.py:137} INFO - Dennis Evans
[2023-02-02T10:04:17.365+0000] {logging_mixin.py:137} INFO - Christina Snyder
[2023-02-02T10:04:17.369+0000] {logging_mixin.py:137} INFO - Carolyn Mata
[2023-02-02T10:04:17.372+0000] {logging_mixin.py:137} INFO - Brandy Lawson
[2023-02-02T10:04:17.375+0000] {logging_mixin.py:137} INFO - Briana Christian
[2023-02-02T10:04:17.380+0000] {logging_mixin.py:137} INFO - Jeffrey Hernandez
[2023-02-02T10:04:17.382+0000] {logging_mixin.py:137} INFO - John Riggs
[2023-02-02T10:04:17.386+0000] {logging_mixin.py:137} INFO - Barbara Short
[2023-02-02T10:04:17.389+0000] {logging_mixin.py:137} INFO - Steven Brooks
[2023-02-02T10:04:17.391+0000] {logging_mixin.py:137} INFO - Gabrielle James
[2023-02-02T10:04:17.393+0000] {logging_mixin.py:137} INFO - Robert Young
[2023-02-02T10:04:17.395+0000] {logging_mixin.py:137} INFO - Derek Sanders
[2023-02-02T10:04:17.401+0000] {logging_mixin.py:137} INFO - Mallory Oliver
[2023-02-02T10:04:17.407+0000] {logging_mixin.py:137} INFO - Terry Howe
[2023-02-02T10:04:17.411+0000] {logging_mixin.py:137} INFO - Samuel Wallace
[2023-02-02T10:04:17.422+0000] {logging_mixin.py:137} INFO - Angel Jones
[2023-02-02T10:04:17.432+0000] {logging_mixin.py:137} INFO - Jacqueline Nichols
[2023-02-02T10:04:17.435+0000] {logging_mixin.py:137} INFO - Melissa Mcgee
[2023-02-02T10:04:17.437+0000] {logging_mixin.py:137} INFO - Michelle Smith
[2023-02-02T10:04:17.442+0000] {logging_mixin.py:137} INFO - Maureen Baxter
[2023-02-02T10:04:17.448+0000] {logging_mixin.py:137} INFO - Kathy Crawford
[2023-02-02T10:04:17.454+0000] {logging_mixin.py:137} INFO - Stacy Wood
[2023-02-02T10:04:17.461+0000] {logging_mixin.py:137} INFO - Justin Parsons
[2023-02-02T10:04:17.467+0000] {logging_mixin.py:137} INFO - Ann Klein
[2023-02-02T10:04:17.469+0000] {logging_mixin.py:137} INFO - Allison Arnold
[2023-02-02T10:04:17.473+0000] {logging_mixin.py:137} INFO - Heather Kirk
[2023-02-02T10:04:17.481+0000] {logging_mixin.py:137} INFO - Monica Smith
[2023-02-02T10:04:17.484+0000] {logging_mixin.py:137} INFO - Brett Oconnor
[2023-02-02T10:04:17.491+0000] {logging_mixin.py:137} INFO - Anthony Bryant
[2023-02-02T10:04:17.498+0000] {logging_mixin.py:137} INFO - Jeremy Russell
[2023-02-02T10:04:17.503+0000] {logging_mixin.py:137} INFO - Julie Poole
[2023-02-02T10:04:17.507+0000] {logging_mixin.py:137} INFO - Emma Thompson
[2023-02-02T10:04:17.513+0000] {logging_mixin.py:137} INFO - Bradley Matthews
[2023-02-02T10:04:17.516+0000] {logging_mixin.py:137} INFO - William Roberts
[2023-02-02T10:04:17.518+0000] {logging_mixin.py:137} INFO - Julie Mooney
[2023-02-02T10:04:17.532+0000] {logging_mixin.py:137} INFO - Amy Doyle
[2023-02-02T10:04:17.536+0000] {logging_mixin.py:137} INFO - Amanda Grant
[2023-02-02T10:04:17.538+0000] {logging_mixin.py:137} INFO - Eric Anderson
[2023-02-02T10:04:17.542+0000] {logging_mixin.py:137} INFO - George Thompson
[2023-02-02T10:04:17.545+0000] {logging_mixin.py:137} INFO - Dustin Hines
[2023-02-02T10:04:17.548+0000] {logging_mixin.py:137} INFO - Andrea Frank
[2023-02-02T10:04:17.552+0000] {logging_mixin.py:137} INFO - Jodi Cook
[2023-02-02T10:04:17.554+0000] {logging_mixin.py:137} INFO - Stacy Haney
[2023-02-02T10:04:17.591+0000] {logging_mixin.py:137} INFO - Paul Callahan
[2023-02-02T10:04:17.593+0000] {logging_mixin.py:137} INFO - Jasmine Chambers
[2023-02-02T10:04:17.599+0000] {logging_mixin.py:137} INFO - Melissa Pittman MD
[2023-02-02T10:04:17.603+0000] {logging_mixin.py:137} INFO - Deborah Larson
[2023-02-02T10:04:17.606+0000] {logging_mixin.py:137} INFO - Brandon Shaw
[2023-02-02T10:04:17.608+0000] {logging_mixin.py:137} INFO - Timothy Paul
[2023-02-02T10:04:17.615+0000] {logging_mixin.py:137} INFO - Michael Trujillo
[2023-02-02T10:04:17.619+0000] {logging_mixin.py:137} INFO - Robert Rivera
[2023-02-02T10:04:17.622+0000] {logging_mixin.py:137} INFO - Dana Nelson
[2023-02-02T10:04:17.624+0000] {logging_mixin.py:137} INFO - Andrea Bennett
[2023-02-02T10:04:17.629+0000] {logging_mixin.py:137} INFO - Jodi Fox
[2023-02-02T10:04:17.633+0000] {logging_mixin.py:137} INFO - Heather Hayes
[2023-02-02T10:04:17.636+0000] {logging_mixin.py:137} INFO - Jennifer Moreno
[2023-02-02T10:04:17.644+0000] {logging_mixin.py:137} INFO - John Patel
[2023-02-02T10:04:17.646+0000] {logging_mixin.py:137} INFO - Teresa Oliver
[2023-02-02T10:04:17.648+0000] {logging_mixin.py:137} INFO - Monique Bell
[2023-02-02T10:04:17.650+0000] {logging_mixin.py:137} INFO - Casey Leonard
[2023-02-02T10:04:17.653+0000] {logging_mixin.py:137} INFO - Steven Clark
[2023-02-02T10:04:17.655+0000] {logging_mixin.py:137} INFO - Edward Martin
[2023-02-02T10:04:17.661+0000] {logging_mixin.py:137} INFO - Shawn Orozco
[2023-02-02T10:04:17.666+0000] {logging_mixin.py:137} INFO - Brandon Yang
[2023-02-02T10:04:17.669+0000] {logging_mixin.py:137} INFO - Nathan Ray
[2023-02-02T10:04:17.670+0000] {logging_mixin.py:137} INFO - Lori Moore
[2023-02-02T10:04:17.672+0000] {logging_mixin.py:137} INFO - Dr. Lisa Shaw DVM
[2023-02-02T10:04:17.674+0000] {logging_mixin.py:137} INFO - Angela Walters
[2023-02-02T10:04:17.678+0000] {logging_mixin.py:137} INFO - David Nolan
[2023-02-02T10:04:17.684+0000] {logging_mixin.py:137} INFO - William Ramsey
[2023-02-02T10:04:17.687+0000] {logging_mixin.py:137} INFO - David Oconnor
[2023-02-02T10:04:17.690+0000] {logging_mixin.py:137} INFO - Mark Washington
[2023-02-02T10:04:17.694+0000] {logging_mixin.py:137} INFO - Jennifer Jacobs
[2023-02-02T10:04:17.696+0000] {logging_mixin.py:137} INFO - Tammy Hampton
[2023-02-02T10:04:17.698+0000] {logging_mixin.py:137} INFO - Stephen Farmer
[2023-02-02T10:04:17.705+0000] {logging_mixin.py:137} INFO - Jasmine Nguyen
[2023-02-02T10:04:17.707+0000] {logging_mixin.py:137} INFO - Rebecca Flores
[2023-02-02T10:04:17.708+0000] {logging_mixin.py:137} INFO - Tyler Davis
[2023-02-02T10:04:17.710+0000] {logging_mixin.py:137} INFO - Nancy Gray
[2023-02-02T10:04:17.719+0000] {logging_mixin.py:137} INFO - Brian Sanchez
[2023-02-02T10:04:17.722+0000] {logging_mixin.py:137} INFO - Laurie Shaw
[2023-02-02T10:04:17.725+0000] {logging_mixin.py:137} INFO - Kristina Torres
[2023-02-02T10:04:17.730+0000] {logging_mixin.py:137} INFO - Andrea Rodgers
[2023-02-02T10:04:17.732+0000] {logging_mixin.py:137} INFO - Jason Walters
[2023-02-02T10:04:17.734+0000] {logging_mixin.py:137} INFO - Jerry Moss
[2023-02-02T10:04:17.738+0000] {logging_mixin.py:137} INFO - Jeffrey Jordan
[2023-02-02T10:04:17.742+0000] {logging_mixin.py:137} INFO - Jennifer Wilson
[2023-02-02T10:04:17.744+0000] {logging_mixin.py:137} INFO - Trevor Mathews
[2023-02-02T10:04:17.749+0000] {logging_mixin.py:137} INFO - Anne Hood
[2023-02-02T10:04:17.751+0000] {logging_mixin.py:137} INFO - Sarah Williams
[2023-02-02T10:04:17.755+0000] {logging_mixin.py:137} INFO - Shelby Hernandez
[2023-02-02T10:04:17.757+0000] {logging_mixin.py:137} INFO - Samantha Velez
[2023-02-02T10:04:17.759+0000] {logging_mixin.py:137} INFO - Matthew Douglas
[2023-02-02T10:04:17.760+0000] {logging_mixin.py:137} INFO - Ashlee George
[2023-02-02T10:04:17.762+0000] {logging_mixin.py:137} INFO - Troy Crane
[2023-02-02T10:04:17.763+0000] {logging_mixin.py:137} INFO - Michael Cooper
[2023-02-02T10:04:17.766+0000] {logging_mixin.py:137} INFO - Michael White
[2023-02-02T10:04:17.771+0000] {logging_mixin.py:137} INFO - Mr. Timothy Fleming
[2023-02-02T10:04:17.779+0000] {logging_mixin.py:137} INFO - Seth Bruce
[2023-02-02T10:04:17.785+0000] {logging_mixin.py:137} INFO - Jacqueline Carpenter
[2023-02-02T10:04:17.792+0000] {logging_mixin.py:137} INFO - Michael Martin
[2023-02-02T10:04:17.794+0000] {logging_mixin.py:137} INFO - Kristopher Henry
[2023-02-02T10:04:17.796+0000] {logging_mixin.py:137} INFO - Tiffany Porter
[2023-02-02T10:04:17.800+0000] {logging_mixin.py:137} INFO - Stacy Simpson
[2023-02-02T10:04:17.803+0000] {logging_mixin.py:137} INFO - Tammy Mcdowell
[2023-02-02T10:04:17.806+0000] {logging_mixin.py:137} INFO - Thomas Walters
[2023-02-02T10:04:17.813+0000] {logging_mixin.py:137} INFO - Dwayne Thompson
[2023-02-02T10:04:17.815+0000] {logging_mixin.py:137} INFO - Natalie Willis
[2023-02-02T10:04:17.817+0000] {logging_mixin.py:137} INFO - Sharon Taylor
[2023-02-02T10:04:17.820+0000] {logging_mixin.py:137} INFO - Sarah Wiggins
[2023-02-02T10:04:17.828+0000] {logging_mixin.py:137} INFO - Amber Thomas
[2023-02-02T10:04:17.835+0000] {logging_mixin.py:137} INFO - Patrick Miller
[2023-02-02T10:04:17.840+0000] {logging_mixin.py:137} INFO - Stephanie Hartman
[2023-02-02T10:04:17.842+0000] {logging_mixin.py:137} INFO - Stacey Mora
[2023-02-02T10:04:17.848+0000] {logging_mixin.py:137} INFO - Katherine Rodriguez
[2023-02-02T10:04:17.851+0000] {logging_mixin.py:137} INFO - Daniel Morgan
[2023-02-02T10:04:17.853+0000] {logging_mixin.py:137} INFO - Rebecca Martinez
[2023-02-02T10:04:17.854+0000] {logging_mixin.py:137} INFO - Nicole Juarez
[2023-02-02T10:04:17.857+0000] {logging_mixin.py:137} INFO - Mark Arroyo
[2023-02-02T10:04:17.860+0000] {logging_mixin.py:137} INFO - April Lucero
[2023-02-02T10:04:17.869+0000] {logging_mixin.py:137} INFO - Samantha Garcia
[2023-02-02T10:04:17.871+0000] {logging_mixin.py:137} INFO - Jon Moore
[2023-02-02T10:04:17.877+0000] {logging_mixin.py:137} INFO - Joshua Flores MD
[2023-02-02T10:04:17.879+0000] {logging_mixin.py:137} INFO - Raymond Jones
[2023-02-02T10:04:17.881+0000] {logging_mixin.py:137} INFO - Billy Hughes
[2023-02-02T10:04:17.885+0000] {logging_mixin.py:137} INFO - Peggy Valdez PhD
[2023-02-02T10:04:17.887+0000] {logging_mixin.py:137} INFO - Joshua Reyes
[2023-02-02T10:04:17.892+0000] {logging_mixin.py:137} INFO - Aaron Green
[2023-02-02T10:04:17.897+0000] {logging_mixin.py:137} INFO - Wendy Espinoza
[2023-02-02T10:04:17.899+0000] {logging_mixin.py:137} INFO - Peter Vasquez
[2023-02-02T10:04:17.902+0000] {logging_mixin.py:137} INFO - Diane Harper
[2023-02-02T10:04:17.903+0000] {logging_mixin.py:137} INFO - Ms. Rebecca Cantu
[2023-02-02T10:04:17.905+0000] {logging_mixin.py:137} INFO - Yolanda Morrow
[2023-02-02T10:04:17.908+0000] {logging_mixin.py:137} INFO - Penny Beard
[2023-02-02T10:04:17.911+0000] {logging_mixin.py:137} INFO - Lisa Long
[2023-02-02T10:04:17.915+0000] {logging_mixin.py:137} INFO - Jerry Harris
[2023-02-02T10:04:17.918+0000] {logging_mixin.py:137} INFO - Bob Willis
[2023-02-02T10:04:17.920+0000] {logging_mixin.py:137} INFO - Duane Chapman
[2023-02-02T10:04:17.923+0000] {logging_mixin.py:137} INFO - William Morgan
[2023-02-02T10:04:17.926+0000] {logging_mixin.py:137} INFO - Amy Gutierrez
[2023-02-02T10:04:17.930+0000] {logging_mixin.py:137} INFO - Amber Nichols
[2023-02-02T10:04:17.938+0000] {logging_mixin.py:137} INFO - Matthew Carr
[2023-02-02T10:04:17.941+0000] {logging_mixin.py:137} INFO - Thomas Duncan
[2023-02-02T10:04:17.947+0000] {logging_mixin.py:137} INFO - Elizabeth Wright
[2023-02-02T10:04:17.950+0000] {logging_mixin.py:137} INFO - Jacqueline Brewer
[2023-02-02T10:04:17.956+0000] {logging_mixin.py:137} INFO - Stephanie Johnson
[2023-02-02T10:04:17.958+0000] {logging_mixin.py:137} INFO - Samantha Calderon
[2023-02-02T10:04:17.959+0000] {logging_mixin.py:137} INFO - Kathryn Gaines
[2023-02-02T10:04:17.961+0000] {logging_mixin.py:137} INFO - Angel Jones
[2023-02-02T10:04:17.966+0000] {logging_mixin.py:137} INFO - Laura Wall
[2023-02-02T10:04:17.971+0000] {logging_mixin.py:137} INFO - Mr. Anthony Hamilton
[2023-02-02T10:04:17.972+0000] {logging_mixin.py:137} INFO - David Smith
[2023-02-02T10:04:17.974+0000] {logging_mixin.py:137} INFO - Kimberly Herrera DDS
[2023-02-02T10:04:17.976+0000] {logging_mixin.py:137} INFO - Gina Wilson
[2023-02-02T10:04:17.980+0000] {logging_mixin.py:137} INFO - Timothy Byrd
[2023-02-02T10:04:17.982+0000] {logging_mixin.py:137} INFO - Michael Mckenzie
[2023-02-02T10:04:17.990+0000] {logging_mixin.py:137} INFO - Jeffrey Mcintyre
[2023-02-02T10:04:17.992+0000] {logging_mixin.py:137} INFO - Teresa Jackson
[2023-02-02T10:04:17.994+0000] {logging_mixin.py:137} INFO - Joseph Wilcox
[2023-02-02T10:04:17.997+0000] {logging_mixin.py:137} INFO - Patrick Mcknight
[2023-02-02T10:04:17.998+0000] {logging_mixin.py:137} INFO - Ronald Moreno
[2023-02-02T10:04:18.001+0000] {logging_mixin.py:137} INFO - Jamie Sullivan
[2023-02-02T10:04:18.003+0000] {logging_mixin.py:137} INFO - Jason Anderson
[2023-02-02T10:04:18.005+0000] {logging_mixin.py:137} INFO - Steven Stewart
[2023-02-02T10:04:18.007+0000] {logging_mixin.py:137} INFO - Melinda Paul
[2023-02-02T10:04:18.009+0000] {logging_mixin.py:137} INFO - Cynthia Simmons
[2023-02-02T10:04:18.012+0000] {logging_mixin.py:137} INFO - Christian Smith
[2023-02-02T10:04:18.014+0000] {logging_mixin.py:137} INFO - William Jimenez
[2023-02-02T10:04:18.018+0000] {logging_mixin.py:137} INFO - Hayley French
[2023-02-02T10:04:18.019+0000] {logging_mixin.py:137} INFO - Brandon Hess
[2023-02-02T10:04:18.022+0000] {logging_mixin.py:137} INFO - Laura Perry
[2023-02-02T10:04:18.025+0000] {logging_mixin.py:137} INFO - Scott Jones
[2023-02-02T10:04:18.027+0000] {logging_mixin.py:137} INFO - Christine Hernandez
[2023-02-02T10:04:18.028+0000] {logging_mixin.py:137} INFO - Douglas Eaton
[2023-02-02T10:04:18.030+0000] {logging_mixin.py:137} INFO - William Soto
[2023-02-02T10:04:18.036+0000] {logging_mixin.py:137} INFO - Mary Jones
[2023-02-02T10:04:18.043+0000] {logging_mixin.py:137} INFO - Stephanie Holmes
[2023-02-02T10:04:18.046+0000] {logging_mixin.py:137} INFO - Keith Meyers
[2023-02-02T10:04:18.049+0000] {logging_mixin.py:137} INFO - Paul Fisher
[2023-02-02T10:04:18.051+0000] {logging_mixin.py:137} INFO - Emily Alexander
[2023-02-02T10:04:18.053+0000] {logging_mixin.py:137} INFO - Anthony Schwartz
[2023-02-02T10:04:18.056+0000] {logging_mixin.py:137} INFO - Evelyn Jacobs
[2023-02-02T10:04:18.059+0000] {logging_mixin.py:137} INFO - Connie Jones
[2023-02-02T10:04:18.061+0000] {logging_mixin.py:137} INFO - Carla Gibbs
[2023-02-02T10:04:18.063+0000] {logging_mixin.py:137} INFO - Ashley Santiago
[2023-02-02T10:04:18.064+0000] {logging_mixin.py:137} INFO - Micheal Mckee
[2023-02-02T10:04:18.066+0000] {logging_mixin.py:137} INFO - Diane Williams
[2023-02-02T10:04:18.069+0000] {logging_mixin.py:137} INFO - Jesse Velasquez
[2023-02-02T10:04:18.071+0000] {logging_mixin.py:137} INFO - Jennifer Rodriguez
[2023-02-02T10:04:18.072+0000] {logging_mixin.py:137} INFO - Joe Griffin
[2023-02-02T10:04:18.074+0000] {logging_mixin.py:137} INFO - Gary Cherry
[2023-02-02T10:04:18.075+0000] {logging_mixin.py:137} INFO - Alyssa Edwards
[2023-02-02T10:04:18.077+0000] {logging_mixin.py:137} INFO - Caroline Hernandez MD
[2023-02-02T10:04:18.079+0000] {logging_mixin.py:137} INFO - Jessica Morton
[2023-02-02T10:04:18.080+0000] {logging_mixin.py:137} INFO - Holly Jones
[2023-02-02T10:04:18.082+0000] {logging_mixin.py:137} INFO - David Shelton
[2023-02-02T10:04:18.086+0000] {logging_mixin.py:137} INFO - Kristina Parks
[2023-02-02T10:04:18.088+0000] {logging_mixin.py:137} INFO - Laurie Hernandez
[2023-02-02T10:04:18.090+0000] {logging_mixin.py:137} INFO - Melissa James
[2023-02-02T10:04:18.091+0000] {logging_mixin.py:137} INFO - Jeremiah Adams
[2023-02-02T10:04:18.093+0000] {logging_mixin.py:137} INFO - Arthur Robinson
[2023-02-02T10:04:18.094+0000] {logging_mixin.py:137} INFO - Anna Shepard
[2023-02-02T10:04:18.096+0000] {logging_mixin.py:137} INFO - Brandon Myers
[2023-02-02T10:04:18.101+0000] {logging_mixin.py:137} INFO - Paul Cardenas
[2023-02-02T10:04:18.103+0000] {logging_mixin.py:137} INFO - Megan Santana
[2023-02-02T10:04:18.105+0000] {logging_mixin.py:137} INFO - Joseph Marshall
[2023-02-02T10:04:18.108+0000] {logging_mixin.py:137} INFO - Mrs. Brenda Harris
[2023-02-02T10:04:18.110+0000] {logging_mixin.py:137} INFO - Nicole Garcia
[2023-02-02T10:04:18.112+0000] {logging_mixin.py:137} INFO - Anna Estrada
[2023-02-02T10:04:18.116+0000] {logging_mixin.py:137} INFO - Carl Moore
[2023-02-02T10:04:18.119+0000] {logging_mixin.py:137} INFO - Rodney Hernandez
[2023-02-02T10:04:18.121+0000] {logging_mixin.py:137} INFO - Madison Christian
[2023-02-02T10:04:18.124+0000] {logging_mixin.py:137} INFO - Heather Rhodes
[2023-02-02T10:04:18.131+0000] {python.py:177} INFO - Done. Returned value was: None
[2023-02-02T10:04:18.157+0000] {taskinstance.py:1323} INFO - Marking task as SUCCESS. dag_id=CSV_DAG, task_id=convertCSVToJson, execution_date=20230202T092500, start_date=20230202T100414, end_date=20230202T100418
[2023-02-02T10:04:18.228+0000] {local_task_job.py:208} INFO - Task exited with return code 0
[2023-02-02T10:04:18.262+0000] {taskinstance.py:2578} INFO - 0 downstream tasks scheduled from follow-on schedule check
