[2023-02-02T10:02:06.239+0000] {taskinstance.py:1083} INFO - Dependencies all met for <TaskInstance: CSV_DAG.convertCSVToJson scheduled__2023-02-02T02:05:00+00:00 [queued]>
[2023-02-02T10:02:06.277+0000] {taskinstance.py:1083} INFO - Dependencies all met for <TaskInstance: CSV_DAG.convertCSVToJson scheduled__2023-02-02T02:05:00+00:00 [queued]>
[2023-02-02T10:02:06.280+0000] {taskinstance.py:1279} INFO - 
--------------------------------------------------------------------------------
[2023-02-02T10:02:06.281+0000] {taskinstance.py:1280} INFO - Starting attempt 1 of 2
[2023-02-02T10:02:06.282+0000] {taskinstance.py:1281} INFO - 
--------------------------------------------------------------------------------
[2023-02-02T10:02:06.451+0000] {taskinstance.py:1300} INFO - Executing <Task(PythonOperator): convertCSVToJson> on 2023-02-02 02:05:00+00:00
[2023-02-02T10:02:06.494+0000] {standard_task_runner.py:55} INFO - Started process 821 to run task
[2023-02-02T10:02:06.515+0000] {standard_task_runner.py:82} INFO - Running: ['***', 'tasks', 'run', 'CSV_DAG', 'convertCSVToJson', 'scheduled__2023-02-02T02:05:00+00:00', '--job-id', '667', '--raw', '--subdir', 'DAGS_FOLDER/csv.py', '--cfg-path', '/tmp/tmphhga6hk8']
[2023-02-02T10:02:06.537+0000] {standard_task_runner.py:83} INFO - Job 667: Subtask convertCSVToJson
[2023-02-02T10:02:06.833+0000] {task_command.py:388} INFO - Running <TaskInstance: CSV_DAG.convertCSVToJson scheduled__2023-02-02T02:05:00+00:00 [running]> on host 06d8060e8530
[2023-02-02T10:02:07.237+0000] {taskinstance.py:1509} INFO - Exporting the following env vars:
AIRFLOW_CTX_DAG_OWNER=Kevin Chalmers
AIRFLOW_CTX_DAG_ID=CSV_DAG
AIRFLOW_CTX_TASK_ID=convertCSVToJson
AIRFLOW_CTX_EXECUTION_DATE=2023-02-02T02:05:00+00:00
AIRFLOW_CTX_TRY_NUMBER=1
AIRFLOW_CTX_DAG_RUN_ID=scheduled__2023-02-02T02:05:00+00:00
[2023-02-02T10:02:07.284+0000] {logging_mixin.py:137} INFO - Angelica Lopez
[2023-02-02T10:02:07.287+0000] {logging_mixin.py:137} INFO - Betty Wright
[2023-02-02T10:02:07.290+0000] {logging_mixin.py:137} INFO - Sara Schmidt
[2023-02-02T10:02:07.291+0000] {logging_mixin.py:137} INFO - Dr. Sherry Rodriguez
[2023-02-02T10:02:07.294+0000] {logging_mixin.py:137} INFO - Rebecca Mills
[2023-02-02T10:02:07.299+0000] {logging_mixin.py:137} INFO - Andrew Anderson
[2023-02-02T10:02:07.304+0000] {logging_mixin.py:137} INFO - Martin Everett
[2023-02-02T10:02:07.312+0000] {logging_mixin.py:137} INFO - Felicia Gregory
[2023-02-02T10:02:07.313+0000] {logging_mixin.py:137} INFO - Kara Bowers
[2023-02-02T10:02:07.315+0000] {logging_mixin.py:137} INFO - Vincent Vincent
[2023-02-02T10:02:07.316+0000] {logging_mixin.py:137} INFO - Morgan Butler
[2023-02-02T10:02:07.321+0000] {logging_mixin.py:137} INFO - Stephen Riley
[2023-02-02T10:02:07.323+0000] {logging_mixin.py:137} INFO - Wanda Thomas
[2023-02-02T10:02:07.327+0000] {logging_mixin.py:137} INFO - Michelle Schultz
[2023-02-02T10:02:07.334+0000] {logging_mixin.py:137} INFO - Christopher Rush MD
[2023-02-02T10:02:07.337+0000] {logging_mixin.py:137} INFO - Phyllis Miles
[2023-02-02T10:02:07.342+0000] {logging_mixin.py:137} INFO - Rebecca Price
[2023-02-02T10:02:07.345+0000] {logging_mixin.py:137} INFO - John Morse
[2023-02-02T10:02:07.353+0000] {logging_mixin.py:137} INFO - Nicholas Sanchez
[2023-02-02T10:02:07.355+0000] {logging_mixin.py:137} INFO - Crystal Dean
[2023-02-02T10:02:07.357+0000] {logging_mixin.py:137} INFO - Tyler Diaz
[2023-02-02T10:02:07.365+0000] {logging_mixin.py:137} INFO - Denise Mclean
[2023-02-02T10:02:07.379+0000] {logging_mixin.py:137} INFO - Daniel Grant
[2023-02-02T10:02:07.391+0000] {logging_mixin.py:137} INFO - Sandra Peterson
[2023-02-02T10:02:07.403+0000] {logging_mixin.py:137} INFO - Denise Morse
[2023-02-02T10:02:07.409+0000] {logging_mixin.py:137} INFO - Brianna Smith
[2023-02-02T10:02:07.420+0000] {logging_mixin.py:137} INFO - Tony Miller
[2023-02-02T10:02:07.422+0000] {logging_mixin.py:137} INFO - Jean Booth
[2023-02-02T10:02:07.425+0000] {logging_mixin.py:137} INFO - Penny Salazar
[2023-02-02T10:02:07.436+0000] {logging_mixin.py:137} INFO - Cathy Williams
[2023-02-02T10:02:07.443+0000] {logging_mixin.py:137} INFO - Hannah Collins
[2023-02-02T10:02:07.456+0000] {logging_mixin.py:137} INFO - Maurice Casey
[2023-02-02T10:02:07.465+0000] {logging_mixin.py:137} INFO - Patrick Walker
[2023-02-02T10:02:07.482+0000] {logging_mixin.py:137} INFO - Pamela Barton
[2023-02-02T10:02:07.486+0000] {logging_mixin.py:137} INFO - Anthony Bryant
[2023-02-02T10:02:07.489+0000] {logging_mixin.py:137} INFO - Andrew Harris
[2023-02-02T10:02:07.497+0000] {logging_mixin.py:137} INFO - Aaron Harris
[2023-02-02T10:02:07.500+0000] {logging_mixin.py:137} INFO - Maureen Soto
[2023-02-02T10:02:07.502+0000] {logging_mixin.py:137} INFO - Crystal Mcdaniel
[2023-02-02T10:02:07.504+0000] {logging_mixin.py:137} INFO - Lauren Barrett
[2023-02-02T10:02:07.506+0000] {logging_mixin.py:137} INFO - Brandon Perez
[2023-02-02T10:02:07.508+0000] {logging_mixin.py:137} INFO - Mark Robertson
[2023-02-02T10:02:07.511+0000] {logging_mixin.py:137} INFO - Nicole Gates
[2023-02-02T10:02:07.515+0000] {logging_mixin.py:137} INFO - Bradley Cruz
[2023-02-02T10:02:07.523+0000] {logging_mixin.py:137} INFO - Gina Burns
[2023-02-02T10:02:07.525+0000] {logging_mixin.py:137} INFO - Zachary Martinez
[2023-02-02T10:02:07.531+0000] {logging_mixin.py:137} INFO - Natasha Johnson
[2023-02-02T10:02:07.536+0000] {logging_mixin.py:137} INFO - Patrick Gonzales
[2023-02-02T10:02:07.547+0000] {logging_mixin.py:137} INFO - Terri Wilson
[2023-02-02T10:02:07.559+0000] {logging_mixin.py:137} INFO - Sarah Lopez
[2023-02-02T10:02:07.562+0000] {logging_mixin.py:137} INFO - Dana Turner
[2023-02-02T10:02:07.565+0000] {logging_mixin.py:137} INFO - Cynthia Johnson
[2023-02-02T10:02:07.573+0000] {logging_mixin.py:137} INFO - William Thornton
[2023-02-02T10:02:07.580+0000] {logging_mixin.py:137} INFO - James Lee
[2023-02-02T10:02:07.585+0000] {logging_mixin.py:137} INFO - Stephen Allen
[2023-02-02T10:02:07.591+0000] {logging_mixin.py:137} INFO - William Stark
[2023-02-02T10:02:07.593+0000] {logging_mixin.py:137} INFO - Michael Parker
[2023-02-02T10:02:07.596+0000] {logging_mixin.py:137} INFO - Lisa Stephens
[2023-02-02T10:02:07.598+0000] {logging_mixin.py:137} INFO - Mr. Reginald Wise DDS
[2023-02-02T10:02:07.600+0000] {logging_mixin.py:137} INFO - Alexander James
[2023-02-02T10:02:07.602+0000] {logging_mixin.py:137} INFO - Kristen West
[2023-02-02T10:02:07.604+0000] {logging_mixin.py:137} INFO - Elizabeth Sanchez
[2023-02-02T10:02:07.606+0000] {logging_mixin.py:137} INFO - Jennifer Wilson
[2023-02-02T10:02:07.609+0000] {logging_mixin.py:137} INFO - Catherine Nicholson
[2023-02-02T10:02:07.617+0000] {logging_mixin.py:137} INFO - David Henderson
[2023-02-02T10:02:07.618+0000] {logging_mixin.py:137} INFO - Stephen Davis
[2023-02-02T10:02:07.621+0000] {logging_mixin.py:137} INFO - Paul Skinner
[2023-02-02T10:02:07.624+0000] {logging_mixin.py:137} INFO - Rebecca Wong
[2023-02-02T10:02:07.632+0000] {logging_mixin.py:137} INFO - Tara Benitez
[2023-02-02T10:02:07.635+0000] {logging_mixin.py:137} INFO - Sharon Miller
[2023-02-02T10:02:07.638+0000] {logging_mixin.py:137} INFO - Cynthia Smith
[2023-02-02T10:02:07.640+0000] {logging_mixin.py:137} INFO - Jennifer Werner
[2023-02-02T10:02:07.647+0000] {logging_mixin.py:137} INFO - Rebecca Tucker
[2023-02-02T10:02:07.649+0000] {logging_mixin.py:137} INFO - Ashlee Castillo
[2023-02-02T10:02:07.652+0000] {logging_mixin.py:137} INFO - Christopher Holmes
[2023-02-02T10:02:07.658+0000] {logging_mixin.py:137} INFO - Daniel Velez
[2023-02-02T10:02:07.661+0000] {logging_mixin.py:137} INFO - Amy Serrano
[2023-02-02T10:02:07.673+0000] {logging_mixin.py:137} INFO - Alison Nash
[2023-02-02T10:02:07.679+0000] {logging_mixin.py:137} INFO - Peter Johnson
[2023-02-02T10:02:07.685+0000] {logging_mixin.py:137} INFO - Breanna Harris
[2023-02-02T10:02:07.689+0000] {logging_mixin.py:137} INFO - Eric King
[2023-02-02T10:02:07.696+0000] {logging_mixin.py:137} INFO - Patricia Oliver
[2023-02-02T10:02:07.699+0000] {logging_mixin.py:137} INFO - Denise Grimes
[2023-02-02T10:02:07.702+0000] {logging_mixin.py:137} INFO - Jill Olson
[2023-02-02T10:02:07.709+0000] {logging_mixin.py:137} INFO - Stephanie Hart
[2023-02-02T10:02:07.716+0000] {logging_mixin.py:137} INFO - Ashley Lee
[2023-02-02T10:02:07.718+0000] {logging_mixin.py:137} INFO - Kelly Barnes
[2023-02-02T10:02:07.720+0000] {logging_mixin.py:137} INFO - Christie West
[2023-02-02T10:02:07.722+0000] {logging_mixin.py:137} INFO - Todd Nolan
[2023-02-02T10:02:07.725+0000] {logging_mixin.py:137} INFO - Sarah Reed
[2023-02-02T10:02:07.726+0000] {logging_mixin.py:137} INFO - Jennifer Keith
[2023-02-02T10:02:07.728+0000] {logging_mixin.py:137} INFO - Shawn Alvarez
[2023-02-02T10:02:07.730+0000] {logging_mixin.py:137} INFO - Alexander Wilson
[2023-02-02T10:02:07.731+0000] {logging_mixin.py:137} INFO - Rachel Melendez
[2023-02-02T10:02:07.733+0000] {logging_mixin.py:137} INFO - Morgan Walters
[2023-02-02T10:02:07.734+0000] {logging_mixin.py:137} INFO - Nicole Garcia
[2023-02-02T10:02:07.736+0000] {logging_mixin.py:137} INFO - Jennifer White
[2023-02-02T10:02:07.738+0000] {logging_mixin.py:137} INFO - Leslie Shannon
[2023-02-02T10:02:07.742+0000] {logging_mixin.py:137} INFO - Lisa Clayton
[2023-02-02T10:02:07.744+0000] {logging_mixin.py:137} INFO - Zachary Molina
[2023-02-02T10:02:07.745+0000] {logging_mixin.py:137} INFO - Bruce Butler
[2023-02-02T10:02:07.747+0000] {logging_mixin.py:137} INFO - Dustin Howell
[2023-02-02T10:02:07.751+0000] {logging_mixin.py:137} INFO - Aaron Smith
[2023-02-02T10:02:07.753+0000] {logging_mixin.py:137} INFO - Kyle Green
[2023-02-02T10:02:07.760+0000] {logging_mixin.py:137} INFO - Steven Clark
[2023-02-02T10:02:07.761+0000] {logging_mixin.py:137} INFO - Robert Holden
[2023-02-02T10:02:07.768+0000] {logging_mixin.py:137} INFO - Zachary Harmon
[2023-02-02T10:02:07.771+0000] {logging_mixin.py:137} INFO - Rachel Miller
[2023-02-02T10:02:07.788+0000] {logging_mixin.py:137} INFO - Brandon Parker
[2023-02-02T10:02:07.799+0000] {logging_mixin.py:137} INFO - Walter Martin
[2023-02-02T10:02:07.804+0000] {logging_mixin.py:137} INFO - Jose Young
[2023-02-02T10:02:07.817+0000] {logging_mixin.py:137} INFO - Kelsey Long
[2023-02-02T10:02:07.820+0000] {logging_mixin.py:137} INFO - William Harper
[2023-02-02T10:02:07.825+0000] {logging_mixin.py:137} INFO - Alejandro Lambert
[2023-02-02T10:02:07.827+0000] {logging_mixin.py:137} INFO - Stephanie Carson
[2023-02-02T10:02:07.840+0000] {logging_mixin.py:137} INFO - Diana Ortega MD
[2023-02-02T10:02:07.850+0000] {logging_mixin.py:137} INFO - Janet Morales
[2023-02-02T10:02:07.860+0000] {logging_mixin.py:137} INFO - Eric Fisher
[2023-02-02T10:02:07.866+0000] {logging_mixin.py:137} INFO - Louis Baker
[2023-02-02T10:02:07.875+0000] {logging_mixin.py:137} INFO - Cindy Ward
[2023-02-02T10:02:07.885+0000] {logging_mixin.py:137} INFO - Ana Jenkins
[2023-02-02T10:02:07.903+0000] {logging_mixin.py:137} INFO - Leslie Barton
[2023-02-02T10:02:07.911+0000] {logging_mixin.py:137} INFO - Gregory Price
[2023-02-02T10:02:07.934+0000] {logging_mixin.py:137} INFO - Brandon Moore
[2023-02-02T10:02:07.943+0000] {logging_mixin.py:137} INFO - Heather Garrett
[2023-02-02T10:02:07.956+0000] {logging_mixin.py:137} INFO - Cindy Hawkins
[2023-02-02T10:02:07.977+0000] {logging_mixin.py:137} INFO - Mr. Frank Snyder Jr.
[2023-02-02T10:02:07.980+0000] {logging_mixin.py:137} INFO - Megan Wang
[2023-02-02T10:02:07.982+0000] {logging_mixin.py:137} INFO - Jennifer Fleming
[2023-02-02T10:02:07.989+0000] {logging_mixin.py:137} INFO - Gary Hodge
[2023-02-02T10:02:07.998+0000] {logging_mixin.py:137} INFO - Nichole Miller
[2023-02-02T10:02:08.004+0000] {logging_mixin.py:137} INFO - Mitchell Mendoza
[2023-02-02T10:02:08.007+0000] {logging_mixin.py:137} INFO - Bradley Horton
[2023-02-02T10:02:08.010+0000] {logging_mixin.py:137} INFO - Michelle Hess
[2023-02-02T10:02:08.012+0000] {logging_mixin.py:137} INFO - Ronald Torres
[2023-02-02T10:02:08.013+0000] {logging_mixin.py:137} INFO - Raymond Hudson
[2023-02-02T10:02:08.015+0000] {logging_mixin.py:137} INFO - Vincent Jackson
[2023-02-02T10:02:08.017+0000] {logging_mixin.py:137} INFO - Susan Carey
[2023-02-02T10:02:08.019+0000] {logging_mixin.py:137} INFO - Chase Wilson
[2023-02-02T10:02:08.022+0000] {logging_mixin.py:137} INFO - Tonya Baldwin
[2023-02-02T10:02:08.024+0000] {logging_mixin.py:137} INFO - Mrs. Tina Davis
[2023-02-02T10:02:08.025+0000] {logging_mixin.py:137} INFO - Scott Garrett
[2023-02-02T10:02:08.028+0000] {logging_mixin.py:137} INFO - Michael Wilson
[2023-02-02T10:02:08.029+0000] {logging_mixin.py:137} INFO - Andrew Orozco
[2023-02-02T10:02:08.031+0000] {logging_mixin.py:137} INFO - Troy Carson
[2023-02-02T10:02:08.042+0000] {logging_mixin.py:137} INFO - Alex Winters
[2023-02-02T10:02:08.049+0000] {logging_mixin.py:137} INFO - Toni Frank
[2023-02-02T10:02:08.056+0000] {logging_mixin.py:137} INFO - Kathleen Snyder
[2023-02-02T10:02:08.070+0000] {logging_mixin.py:137} INFO - Anna Lopez
[2023-02-02T10:02:08.087+0000] {logging_mixin.py:137} INFO - Charles Brown
[2023-02-02T10:02:08.091+0000] {logging_mixin.py:137} INFO - Barry Ross
[2023-02-02T10:02:08.094+0000] {logging_mixin.py:137} INFO - Emily Ramirez
[2023-02-02T10:02:08.097+0000] {logging_mixin.py:137} INFO - Anna Williams
[2023-02-02T10:02:08.105+0000] {logging_mixin.py:137} INFO - Kristin Pennington
[2023-02-02T10:02:08.120+0000] {logging_mixin.py:137} INFO - Mary Aguirre
[2023-02-02T10:02:08.128+0000] {logging_mixin.py:137} INFO - Austin Santos
[2023-02-02T10:02:08.130+0000] {logging_mixin.py:137} INFO - David Nelson
[2023-02-02T10:02:08.133+0000] {logging_mixin.py:137} INFO - Alyssa Mcbride
[2023-02-02T10:02:08.136+0000] {logging_mixin.py:137} INFO - Lisa Gibson
[2023-02-02T10:02:08.140+0000] {logging_mixin.py:137} INFO - Alexander Kelly
[2023-02-02T10:02:08.145+0000] {logging_mixin.py:137} INFO - Ronald Thomas
[2023-02-02T10:02:08.152+0000] {logging_mixin.py:137} INFO - Michael Hurst
[2023-02-02T10:02:08.158+0000] {logging_mixin.py:137} INFO - Lauren Ward
[2023-02-02T10:02:08.160+0000] {logging_mixin.py:137} INFO - Christian Terry
[2023-02-02T10:02:08.165+0000] {logging_mixin.py:137} INFO - Jared Black
[2023-02-02T10:02:08.169+0000] {logging_mixin.py:137} INFO - Anthony Brown
[2023-02-02T10:02:08.171+0000] {logging_mixin.py:137} INFO - John Cole
[2023-02-02T10:02:08.176+0000] {logging_mixin.py:137} INFO - David Lee
[2023-02-02T10:02:08.180+0000] {logging_mixin.py:137} INFO - Lori Thomas
[2023-02-02T10:02:08.189+0000] {logging_mixin.py:137} INFO - Daniel Herman
[2023-02-02T10:02:08.191+0000] {logging_mixin.py:137} INFO - Pam Williams
[2023-02-02T10:02:08.199+0000] {logging_mixin.py:137} INFO - Sarah Jenkins
[2023-02-02T10:02:08.201+0000] {logging_mixin.py:137} INFO - Susan Mitchell
[2023-02-02T10:02:08.204+0000] {logging_mixin.py:137} INFO - Jacqueline Green
[2023-02-02T10:02:08.213+0000] {logging_mixin.py:137} INFO - Victoria Garrison
[2023-02-02T10:02:08.223+0000] {logging_mixin.py:137} INFO - Jonathan Daniels
[2023-02-02T10:02:08.231+0000] {logging_mixin.py:137} INFO - Trevor Hansen
[2023-02-02T10:02:08.239+0000] {logging_mixin.py:137} INFO - Laurie Bowen
[2023-02-02T10:02:08.249+0000] {logging_mixin.py:137} INFO - James Cline
[2023-02-02T10:02:08.254+0000] {logging_mixin.py:137} INFO - Michael Rose
[2023-02-02T10:02:08.257+0000] {logging_mixin.py:137} INFO - Lawrence Juarez
[2023-02-02T10:02:08.259+0000] {logging_mixin.py:137} INFO - Lucas Caldwell
[2023-02-02T10:02:08.262+0000] {logging_mixin.py:137} INFO - Laura Jackson
[2023-02-02T10:02:08.272+0000] {logging_mixin.py:137} INFO - Sherri Thornton
[2023-02-02T10:02:08.279+0000] {logging_mixin.py:137} INFO - Alice Wilson
[2023-02-02T10:02:08.280+0000] {logging_mixin.py:137} INFO - Diane Williams
[2023-02-02T10:02:08.290+0000] {logging_mixin.py:137} INFO - Kara Martin
[2023-02-02T10:02:08.292+0000] {logging_mixin.py:137} INFO - Joseph Moore
[2023-02-02T10:02:08.294+0000] {logging_mixin.py:137} INFO - Jesse Moses
[2023-02-02T10:02:08.296+0000] {logging_mixin.py:137} INFO - Lisa Mccall
[2023-02-02T10:02:08.297+0000] {logging_mixin.py:137} INFO - Alexandra Mccoy
[2023-02-02T10:02:08.299+0000] {logging_mixin.py:137} INFO - Daniel Martin
[2023-02-02T10:02:08.301+0000] {logging_mixin.py:137} INFO - Claudia Peck
[2023-02-02T10:02:08.306+0000] {logging_mixin.py:137} INFO - Jessica Mcconnell
[2023-02-02T10:02:08.309+0000] {logging_mixin.py:137} INFO - Kevin Walker
[2023-02-02T10:02:08.314+0000] {logging_mixin.py:137} INFO - Christina Lee
[2023-02-02T10:02:08.317+0000] {logging_mixin.py:137} INFO - Christopher Schroeder
[2023-02-02T10:02:08.319+0000] {logging_mixin.py:137} INFO - Melissa Parker
[2023-02-02T10:02:08.322+0000] {logging_mixin.py:137} INFO - Janet Molina
[2023-02-02T10:02:08.324+0000] {logging_mixin.py:137} INFO - Barbara Harris
[2023-02-02T10:02:08.326+0000] {logging_mixin.py:137} INFO - Joseph Hurley
[2023-02-02T10:02:08.335+0000] {logging_mixin.py:137} INFO - Greg Hayden
[2023-02-02T10:02:08.338+0000] {logging_mixin.py:137} INFO - Edwin Adams
[2023-02-02T10:02:08.343+0000] {logging_mixin.py:137} INFO - Ashley Hunter
[2023-02-02T10:02:08.347+0000] {logging_mixin.py:137} INFO - Jennifer Tucker
[2023-02-02T10:02:08.349+0000] {logging_mixin.py:137} INFO - Eddie Gray
[2023-02-02T10:02:08.351+0000] {logging_mixin.py:137} INFO - Jennifer Evans
[2023-02-02T10:02:08.354+0000] {logging_mixin.py:137} INFO - Stephen Carey
[2023-02-02T10:02:08.356+0000] {logging_mixin.py:137} INFO - Samantha Campos
[2023-02-02T10:02:08.358+0000] {logging_mixin.py:137} INFO - Meagan Brown
[2023-02-02T10:02:08.360+0000] {logging_mixin.py:137} INFO - Miss Marisa Barber
[2023-02-02T10:02:08.369+0000] {logging_mixin.py:137} INFO - Jay Mann
[2023-02-02T10:02:08.371+0000] {logging_mixin.py:137} INFO - Matthew Campbell
[2023-02-02T10:02:08.379+0000] {logging_mixin.py:137} INFO - Brent Rodriguez
[2023-02-02T10:02:08.381+0000] {logging_mixin.py:137} INFO - Teresa Ross
[2023-02-02T10:02:08.385+0000] {logging_mixin.py:137} INFO - Mary Martinez
[2023-02-02T10:02:08.388+0000] {logging_mixin.py:137} INFO - Joseph Lewis
[2023-02-02T10:02:08.391+0000] {logging_mixin.py:137} INFO - Dale Davis
[2023-02-02T10:02:08.393+0000] {logging_mixin.py:137} INFO - Elizabeth Evans
[2023-02-02T10:02:08.401+0000] {logging_mixin.py:137} INFO - Shannon Wang
[2023-02-02T10:02:08.413+0000] {logging_mixin.py:137} INFO - Brandon Campbell
[2023-02-02T10:02:08.417+0000] {logging_mixin.py:137} INFO - Rhonda Pace
[2023-02-02T10:02:08.426+0000] {logging_mixin.py:137} INFO - Sarah Santos
[2023-02-02T10:02:08.429+0000] {logging_mixin.py:137} INFO - Jacob Ford
[2023-02-02T10:02:08.433+0000] {logging_mixin.py:137} INFO - Matthew Hansen
[2023-02-02T10:02:08.436+0000] {logging_mixin.py:137} INFO - Amy Ray
[2023-02-02T10:02:08.442+0000] {logging_mixin.py:137} INFO - Aaron Fields
[2023-02-02T10:02:08.444+0000] {logging_mixin.py:137} INFO - Mary Taylor
[2023-02-02T10:02:08.446+0000] {logging_mixin.py:137} INFO - James Morris
[2023-02-02T10:02:08.448+0000] {logging_mixin.py:137} INFO - Darrell Cain
[2023-02-02T10:02:08.464+0000] {logging_mixin.py:137} INFO - Michael Smith
[2023-02-02T10:02:08.473+0000] {logging_mixin.py:137} INFO - Scott Coleman
[2023-02-02T10:02:08.475+0000] {logging_mixin.py:137} INFO - David Fitzpatrick
[2023-02-02T10:02:08.479+0000] {logging_mixin.py:137} INFO - Debra Shepherd
[2023-02-02T10:02:08.486+0000] {logging_mixin.py:137} INFO - Paul Rush
[2023-02-02T10:02:08.489+0000] {logging_mixin.py:137} INFO - Brett Hernandez
[2023-02-02T10:02:08.491+0000] {logging_mixin.py:137} INFO - Sheila Riddle
[2023-02-02T10:02:08.493+0000] {logging_mixin.py:137} INFO - Joan Austin
[2023-02-02T10:02:08.501+0000] {logging_mixin.py:137} INFO - Michael Garcia
[2023-02-02T10:02:08.504+0000] {logging_mixin.py:137} INFO - Natalie Harris
[2023-02-02T10:02:08.506+0000] {logging_mixin.py:137} INFO - Steven Dean
[2023-02-02T10:02:08.508+0000] {logging_mixin.py:137} INFO - John Brown
[2023-02-02T10:02:08.513+0000] {logging_mixin.py:137} INFO - Keith Zimmerman
[2023-02-02T10:02:08.538+0000] {logging_mixin.py:137} INFO - Curtis Byrd
[2023-02-02T10:02:08.544+0000] {logging_mixin.py:137} INFO - Mariah Green
[2023-02-02T10:02:08.553+0000] {logging_mixin.py:137} INFO - Roger Huynh
[2023-02-02T10:02:08.555+0000] {logging_mixin.py:137} INFO - Christopher Zamora
[2023-02-02T10:02:08.557+0000] {logging_mixin.py:137} INFO - Joyce Crawford
[2023-02-02T10:02:08.559+0000] {logging_mixin.py:137} INFO - Angela Smith
[2023-02-02T10:02:08.563+0000] {logging_mixin.py:137} INFO - Veronica Robinson
[2023-02-02T10:02:08.580+0000] {logging_mixin.py:137} INFO - Christopher Bates
[2023-02-02T10:02:08.587+0000] {logging_mixin.py:137} INFO - Steve Stone
[2023-02-02T10:02:08.592+0000] {logging_mixin.py:137} INFO - William Cook
[2023-02-02T10:02:08.598+0000] {logging_mixin.py:137} INFO - Lori Wood
[2023-02-02T10:02:08.614+0000] {logging_mixin.py:137} INFO - Jillian Reynolds
[2023-02-02T10:02:08.620+0000] {logging_mixin.py:137} INFO - Angela Caldwell
[2023-02-02T10:02:08.634+0000] {logging_mixin.py:137} INFO - Shane Campbell
[2023-02-02T10:02:08.641+0000] {logging_mixin.py:137} INFO - Karen Lawrence
[2023-02-02T10:02:08.645+0000] {logging_mixin.py:137} INFO - Kimberly Wood
[2023-02-02T10:02:08.647+0000] {logging_mixin.py:137} INFO - Samantha Lopez
[2023-02-02T10:02:08.652+0000] {logging_mixin.py:137} INFO - Harold Miller
[2023-02-02T10:02:08.654+0000] {logging_mixin.py:137} INFO - Raymond Cooper DVM
[2023-02-02T10:02:08.656+0000] {logging_mixin.py:137} INFO - Kristen Patel
[2023-02-02T10:02:08.658+0000] {logging_mixin.py:137} INFO - Anthony Mejia
[2023-02-02T10:02:08.661+0000] {logging_mixin.py:137} INFO - Raymond Thomas
[2023-02-02T10:02:08.664+0000] {logging_mixin.py:137} INFO - Scott Young
[2023-02-02T10:02:08.671+0000] {logging_mixin.py:137} INFO - David Larson
[2023-02-02T10:02:08.680+0000] {logging_mixin.py:137} INFO - Jon Murray
[2023-02-02T10:02:08.687+0000] {logging_mixin.py:137} INFO - Stephen Taylor
[2023-02-02T10:02:08.692+0000] {logging_mixin.py:137} INFO - Jennifer Hernandez
[2023-02-02T10:02:08.694+0000] {logging_mixin.py:137} INFO - Stacy Smith
[2023-02-02T10:02:08.697+0000] {logging_mixin.py:137} INFO - Juan Owens
[2023-02-02T10:02:08.701+0000] {logging_mixin.py:137} INFO - Brian Adkins
[2023-02-02T10:02:08.706+0000] {logging_mixin.py:137} INFO - Jesse Wells
[2023-02-02T10:02:08.711+0000] {logging_mixin.py:137} INFO - Kyle Matthews
[2023-02-02T10:02:08.713+0000] {logging_mixin.py:137} INFO - Dustin Russell
[2023-02-02T10:02:08.715+0000] {logging_mixin.py:137} INFO - Richard White
[2023-02-02T10:02:08.718+0000] {logging_mixin.py:137} INFO - Brittany Nichols
[2023-02-02T10:02:08.719+0000] {logging_mixin.py:137} INFO - Colton Kelly
[2023-02-02T10:02:08.722+0000] {logging_mixin.py:137} INFO - William Perry
[2023-02-02T10:02:08.726+0000] {logging_mixin.py:137} INFO - Thomas Cummings
[2023-02-02T10:02:08.728+0000] {logging_mixin.py:137} INFO - Timothy Ballard
[2023-02-02T10:02:08.738+0000] {logging_mixin.py:137} INFO - Richard Washington
[2023-02-02T10:02:08.740+0000] {logging_mixin.py:137} INFO - Joshua Lam
[2023-02-02T10:02:08.750+0000] {logging_mixin.py:137} INFO - Grant Jackson
[2023-02-02T10:02:08.752+0000] {logging_mixin.py:137} INFO - Erin Baker
[2023-02-02T10:02:08.757+0000] {logging_mixin.py:137} INFO - Scott Flowers
[2023-02-02T10:02:08.759+0000] {logging_mixin.py:137} INFO - James Adams
[2023-02-02T10:02:08.760+0000] {logging_mixin.py:137} INFO - Heather Alvarado
[2023-02-02T10:02:08.762+0000] {logging_mixin.py:137} INFO - Jennifer Snow
[2023-02-02T10:02:08.765+0000] {logging_mixin.py:137} INFO - Mario Jackson
[2023-02-02T10:02:08.768+0000] {logging_mixin.py:137} INFO - Kevin Collins
[2023-02-02T10:02:08.779+0000] {logging_mixin.py:137} INFO - Danielle Garcia
[2023-02-02T10:02:08.790+0000] {logging_mixin.py:137} INFO - Brenda Jackson
[2023-02-02T10:02:08.806+0000] {logging_mixin.py:137} INFO - Ashley Parker
[2023-02-02T10:02:08.817+0000] {logging_mixin.py:137} INFO - Angela Hickman
[2023-02-02T10:02:08.823+0000] {logging_mixin.py:137} INFO - Carol Rodriguez
[2023-02-02T10:02:08.825+0000] {logging_mixin.py:137} INFO - Vernon Anderson
[2023-02-02T10:02:08.827+0000] {logging_mixin.py:137} INFO - Jesus Church
[2023-02-02T10:02:08.829+0000] {logging_mixin.py:137} INFO - Michelle Medina
[2023-02-02T10:02:08.832+0000] {logging_mixin.py:137} INFO - Nancy Bryant
[2023-02-02T10:02:08.835+0000] {logging_mixin.py:137} INFO - Jennifer Martinez
[2023-02-02T10:02:08.849+0000] {logging_mixin.py:137} INFO - Amy Dougherty
[2023-02-02T10:02:08.855+0000] {logging_mixin.py:137} INFO - Alexis Sanders
[2023-02-02T10:02:08.856+0000] {logging_mixin.py:137} INFO - Austin Salazar
[2023-02-02T10:02:08.857+0000] {logging_mixin.py:137} INFO - Amy Williams
[2023-02-02T10:02:08.859+0000] {logging_mixin.py:137} INFO - Richard Haynes
[2023-02-02T10:02:08.863+0000] {logging_mixin.py:137} INFO - Christine Stark
[2023-02-02T10:02:08.868+0000] {logging_mixin.py:137} INFO - Anita Medina
[2023-02-02T10:02:08.899+0000] {logging_mixin.py:137} INFO - Mr. Thomas Duran
[2023-02-02T10:02:08.903+0000] {logging_mixin.py:137} INFO - Mr. Russell Peterson
[2023-02-02T10:02:08.909+0000] {logging_mixin.py:137} INFO - Jack Richard
[2023-02-02T10:02:08.928+0000] {logging_mixin.py:137} INFO - Michelle Erickson
[2023-02-02T10:02:08.960+0000] {logging_mixin.py:137} INFO - Mitchell Williams
[2023-02-02T10:02:09.000+0000] {logging_mixin.py:137} INFO - Adrian Herrera
[2023-02-02T10:02:09.040+0000] {logging_mixin.py:137} INFO - Michael Brady
[2023-02-02T10:02:09.072+0000] {logging_mixin.py:137} INFO - Jamie Zhang
[2023-02-02T10:02:09.100+0000] {logging_mixin.py:137} INFO - Helen Brennan
[2023-02-02T10:02:09.104+0000] {logging_mixin.py:137} INFO - John Myers
[2023-02-02T10:02:09.106+0000] {logging_mixin.py:137} INFO - Patricia Nash
[2023-02-02T10:02:09.109+0000] {logging_mixin.py:137} INFO - Michael Johnson
[2023-02-02T10:02:09.115+0000] {logging_mixin.py:137} INFO - Anita Berger
[2023-02-02T10:02:09.136+0000] {logging_mixin.py:137} INFO - Jason Guerrero DVM
[2023-02-02T10:02:09.140+0000] {logging_mixin.py:137} INFO - Kimberly Davis
[2023-02-02T10:02:09.143+0000] {logging_mixin.py:137} INFO - Bryan Hansen
[2023-02-02T10:02:09.166+0000] {logging_mixin.py:137} INFO - Rebecca Obrien
[2023-02-02T10:02:09.171+0000] {logging_mixin.py:137} INFO - Sarah Santiago
[2023-02-02T10:02:09.176+0000] {logging_mixin.py:137} INFO - Christine Lane
[2023-02-02T10:02:09.178+0000] {logging_mixin.py:137} INFO - Jerry Lewis
[2023-02-02T10:02:09.184+0000] {logging_mixin.py:137} INFO - Stephanie Miller
[2023-02-02T10:02:09.202+0000] {logging_mixin.py:137} INFO - Kristi Bradley
[2023-02-02T10:02:09.208+0000] {logging_mixin.py:137} INFO - Darren Moore
[2023-02-02T10:02:09.210+0000] {logging_mixin.py:137} INFO - Kristina Cunningham
[2023-02-02T10:02:09.215+0000] {logging_mixin.py:137} INFO - Laurie Moore
[2023-02-02T10:02:09.216+0000] {logging_mixin.py:137} INFO - Aaron Lewis
[2023-02-02T10:02:09.218+0000] {logging_mixin.py:137} INFO - Theresa Vang
[2023-02-02T10:02:09.220+0000] {logging_mixin.py:137} INFO - Chase Reese
[2023-02-02T10:02:09.232+0000] {logging_mixin.py:137} INFO - Matthew Ferguson
[2023-02-02T10:02:09.234+0000] {logging_mixin.py:137} INFO - Victoria Lewis
[2023-02-02T10:02:09.236+0000] {logging_mixin.py:137} INFO - Jon Scott
[2023-02-02T10:02:09.238+0000] {logging_mixin.py:137} INFO - Lisa Campbell
[2023-02-02T10:02:09.240+0000] {logging_mixin.py:137} INFO - David Ramirez
[2023-02-02T10:02:09.241+0000] {logging_mixin.py:137} INFO - Gabriel Rosario
[2023-02-02T10:02:09.243+0000] {logging_mixin.py:137} INFO - Kristi Johnson
[2023-02-02T10:02:09.245+0000] {logging_mixin.py:137} INFO - Jennifer Schwartz
[2023-02-02T10:02:09.248+0000] {logging_mixin.py:137} INFO - Daniel Norton
[2023-02-02T10:02:09.256+0000] {logging_mixin.py:137} INFO - Richard Montoya
[2023-02-02T10:02:09.258+0000] {logging_mixin.py:137} INFO - Daniel Norris
[2023-02-02T10:02:09.269+0000] {logging_mixin.py:137} INFO - Chad Taylor
[2023-02-02T10:02:09.272+0000] {logging_mixin.py:137} INFO - Angie Allen
[2023-02-02T10:02:09.275+0000] {logging_mixin.py:137} INFO - Michael Brooks
[2023-02-02T10:02:09.277+0000] {logging_mixin.py:137} INFO - Hannah Poole
[2023-02-02T10:02:09.289+0000] {logging_mixin.py:137} INFO - Caitlin Ray
[2023-02-02T10:02:09.292+0000] {logging_mixin.py:137} INFO - Mr. Steven Gardner
[2023-02-02T10:02:09.294+0000] {logging_mixin.py:137} INFO - Jennifer Macdonald
[2023-02-02T10:02:09.296+0000] {logging_mixin.py:137} INFO - Vanessa Small
[2023-02-02T10:02:09.299+0000] {logging_mixin.py:137} INFO - Dennis Gray
[2023-02-02T10:02:09.308+0000] {logging_mixin.py:137} INFO - Sandra Kirk
[2023-02-02T10:02:09.319+0000] {logging_mixin.py:137} INFO - Jason Wagner
[2023-02-02T10:02:09.323+0000] {logging_mixin.py:137} INFO - David Owen
[2023-02-02T10:02:09.325+0000] {logging_mixin.py:137} INFO - Rose Terrell
[2023-02-02T10:02:09.330+0000] {logging_mixin.py:137} INFO - James Green MD
[2023-02-02T10:02:09.334+0000] {logging_mixin.py:137} INFO - Tammy Patel
[2023-02-02T10:02:09.336+0000] {logging_mixin.py:137} INFO - Joseph Lucero
[2023-02-02T10:02:09.338+0000] {logging_mixin.py:137} INFO - Stephanie Rojas
[2023-02-02T10:02:09.340+0000] {logging_mixin.py:137} INFO - Brittany Johnson
[2023-02-02T10:02:09.343+0000] {logging_mixin.py:137} INFO - Christina Cummings
[2023-02-02T10:02:09.348+0000] {logging_mixin.py:137} INFO - Eric Downs
[2023-02-02T10:02:09.355+0000] {logging_mixin.py:137} INFO - Paul Finley
[2023-02-02T10:02:09.358+0000] {logging_mixin.py:137} INFO - Danielle Jackson
[2023-02-02T10:02:09.360+0000] {logging_mixin.py:137} INFO - Anna Johnston
[2023-02-02T10:02:09.365+0000] {logging_mixin.py:137} INFO - Ashlee Hodges
[2023-02-02T10:02:09.373+0000] {logging_mixin.py:137} INFO - Thomas Francis
[2023-02-02T10:02:09.381+0000] {logging_mixin.py:137} INFO - Cody Baird
[2023-02-02T10:02:09.384+0000] {logging_mixin.py:137} INFO - Jeffrey Walter
[2023-02-02T10:02:09.387+0000] {logging_mixin.py:137} INFO - Hannah West
[2023-02-02T10:02:09.389+0000] {logging_mixin.py:137} INFO - Anthony Byrd
[2023-02-02T10:02:09.390+0000] {logging_mixin.py:137} INFO - Julie Ramirez
[2023-02-02T10:02:09.392+0000] {logging_mixin.py:137} INFO - Seth Peters
[2023-02-02T10:02:09.397+0000] {logging_mixin.py:137} INFO - Keith Salas
[2023-02-02T10:02:09.399+0000] {logging_mixin.py:137} INFO - Kathryn Evans
[2023-02-02T10:02:09.402+0000] {logging_mixin.py:137} INFO - Dr. Maria Scott
[2023-02-02T10:02:09.403+0000] {logging_mixin.py:137} INFO - Brenda Thomas
[2023-02-02T10:02:09.405+0000] {logging_mixin.py:137} INFO - Travis Douglas
[2023-02-02T10:02:09.406+0000] {logging_mixin.py:137} INFO - Kurt Santos
[2023-02-02T10:02:09.411+0000] {logging_mixin.py:137} INFO - Sean Parrish
[2023-02-02T10:02:09.420+0000] {logging_mixin.py:137} INFO - Brittany Walls
[2023-02-02T10:02:09.424+0000] {logging_mixin.py:137} INFO - Gail Brooks
[2023-02-02T10:02:09.427+0000] {logging_mixin.py:137} INFO - Valerie Johnson
[2023-02-02T10:02:09.429+0000] {logging_mixin.py:137} INFO - Jessica Dunn
[2023-02-02T10:02:09.430+0000] {logging_mixin.py:137} INFO - Chad Robinson
[2023-02-02T10:02:09.434+0000] {logging_mixin.py:137} INFO - Catherine Combs
[2023-02-02T10:02:09.443+0000] {logging_mixin.py:137} INFO - Joshua Boyd
[2023-02-02T10:02:09.448+0000] {logging_mixin.py:137} INFO - Alicia Barnett DVM
[2023-02-02T10:02:09.455+0000] {logging_mixin.py:137} INFO - Kevin Cervantes
[2023-02-02T10:02:09.462+0000] {logging_mixin.py:137} INFO - Larry Lester
[2023-02-02T10:02:09.474+0000] {logging_mixin.py:137} INFO - Deanna Espinoza
[2023-02-02T10:02:09.479+0000] {logging_mixin.py:137} INFO - Marilyn Davis
[2023-02-02T10:02:09.488+0000] {logging_mixin.py:137} INFO - Michael Weeks
[2023-02-02T10:02:09.490+0000] {logging_mixin.py:137} INFO - Brandon Stanton
[2023-02-02T10:02:09.492+0000] {logging_mixin.py:137} INFO - Ryan Boyer Jr.
[2023-02-02T10:02:09.495+0000] {logging_mixin.py:137} INFO - Amanda Elliott
[2023-02-02T10:02:09.497+0000] {logging_mixin.py:137} INFO - David Moore
[2023-02-02T10:02:09.498+0000] {logging_mixin.py:137} INFO - Andre Williams
[2023-02-02T10:02:09.501+0000] {logging_mixin.py:137} INFO - Jennifer Garcia
[2023-02-02T10:02:09.503+0000] {logging_mixin.py:137} INFO - Tracey Cook
[2023-02-02T10:02:09.510+0000] {logging_mixin.py:137} INFO - Michael Turner
[2023-02-02T10:02:09.512+0000] {logging_mixin.py:137} INFO - Diana Long
[2023-02-02T10:02:09.515+0000] {logging_mixin.py:137} INFO - John Bradley
[2023-02-02T10:02:09.523+0000] {logging_mixin.py:137} INFO - Ann Benjamin
[2023-02-02T10:02:09.525+0000] {logging_mixin.py:137} INFO - Shane House
[2023-02-02T10:02:09.527+0000] {logging_mixin.py:137} INFO - Erin Lee
[2023-02-02T10:02:09.530+0000] {logging_mixin.py:137} INFO - Joseph Gray
[2023-02-02T10:02:09.534+0000] {logging_mixin.py:137} INFO - Betty Gibson
[2023-02-02T10:02:09.536+0000] {logging_mixin.py:137} INFO - Kristen Graham
[2023-02-02T10:02:09.537+0000] {logging_mixin.py:137} INFO - Daniel Meza
[2023-02-02T10:02:09.545+0000] {logging_mixin.py:137} INFO - Sherri Carpenter
[2023-02-02T10:02:09.546+0000] {logging_mixin.py:137} INFO - Andrea Sanchez
[2023-02-02T10:02:09.548+0000] {logging_mixin.py:137} INFO - Jordan Rios
[2023-02-02T10:02:09.550+0000] {logging_mixin.py:137} INFO - Elizabeth Jackson
[2023-02-02T10:02:09.553+0000] {logging_mixin.py:137} INFO - Elizabeth Myers
[2023-02-02T10:02:09.557+0000] {logging_mixin.py:137} INFO - Juan Barnes
[2023-02-02T10:02:09.562+0000] {logging_mixin.py:137} INFO - Christopher Lozano
[2023-02-02T10:02:09.569+0000] {logging_mixin.py:137} INFO - Jacqueline Griffin
[2023-02-02T10:02:09.570+0000] {logging_mixin.py:137} INFO - Ryan Mason
[2023-02-02T10:02:09.572+0000] {logging_mixin.py:137} INFO - Jonathan Moore
[2023-02-02T10:02:09.577+0000] {logging_mixin.py:137} INFO - Abigail Landry
[2023-02-02T10:02:09.581+0000] {logging_mixin.py:137} INFO - Brenda Hernandez
[2023-02-02T10:02:09.583+0000] {logging_mixin.py:137} INFO - Zachary Pitts
[2023-02-02T10:02:09.586+0000] {logging_mixin.py:137} INFO - Amanda Rogers
[2023-02-02T10:02:09.587+0000] {logging_mixin.py:137} INFO - Cynthia Gray
[2023-02-02T10:02:09.589+0000] {logging_mixin.py:137} INFO - Tyler Barajas
[2023-02-02T10:02:09.590+0000] {logging_mixin.py:137} INFO - Michelle Leon
[2023-02-02T10:02:09.598+0000] {logging_mixin.py:137} INFO - Kathy Lang
[2023-02-02T10:02:09.599+0000] {logging_mixin.py:137} INFO - Scott Townsend MD
[2023-02-02T10:02:09.607+0000] {logging_mixin.py:137} INFO - Theresa Acosta
[2023-02-02T10:02:09.611+0000] {logging_mixin.py:137} INFO - David Jones
[2023-02-02T10:02:09.612+0000] {logging_mixin.py:137} INFO - Jeremy Robinson
[2023-02-02T10:02:09.621+0000] {logging_mixin.py:137} INFO - James Newton
[2023-02-02T10:02:09.623+0000] {logging_mixin.py:137} INFO - Tracey Wells
[2023-02-02T10:02:09.625+0000] {logging_mixin.py:137} INFO - Maria Nelson
[2023-02-02T10:02:09.629+0000] {logging_mixin.py:137} INFO - Christopher Griffith
[2023-02-02T10:02:09.632+0000] {logging_mixin.py:137} INFO - Zachary Griffin
[2023-02-02T10:02:09.636+0000] {logging_mixin.py:137} INFO - Amy Nguyen
[2023-02-02T10:02:09.646+0000] {logging_mixin.py:137} INFO - April Williams
[2023-02-02T10:02:09.651+0000] {logging_mixin.py:137} INFO - Marissa Kelly
[2023-02-02T10:02:09.652+0000] {logging_mixin.py:137} INFO - Brian Lopez PhD
[2023-02-02T10:02:09.654+0000] {logging_mixin.py:137} INFO - William Williams
[2023-02-02T10:02:09.657+0000] {logging_mixin.py:137} INFO - Norman Brown
[2023-02-02T10:02:09.658+0000] {logging_mixin.py:137} INFO - Charles Fuentes
[2023-02-02T10:02:09.660+0000] {logging_mixin.py:137} INFO - Anthony Chang
[2023-02-02T10:02:09.662+0000] {logging_mixin.py:137} INFO - Mary Bell
[2023-02-02T10:02:09.664+0000] {logging_mixin.py:137} INFO - Elizabeth Stuart
[2023-02-02T10:02:09.667+0000] {logging_mixin.py:137} INFO - Mary Mcdonald
[2023-02-02T10:02:09.676+0000] {logging_mixin.py:137} INFO - Martin Harrison
[2023-02-02T10:02:09.678+0000] {logging_mixin.py:137} INFO - Stephanie Fernandez
[2023-02-02T10:02:09.680+0000] {logging_mixin.py:137} INFO - Christopher Brown
[2023-02-02T10:02:09.681+0000] {logging_mixin.py:137} INFO - Alexander Stephenson
[2023-02-02T10:02:09.683+0000] {logging_mixin.py:137} INFO - Grace Diaz
[2023-02-02T10:02:09.685+0000] {logging_mixin.py:137} INFO - Frank Bartlett
[2023-02-02T10:02:09.686+0000] {logging_mixin.py:137} INFO - Audrey Andersen
[2023-02-02T10:02:09.688+0000] {logging_mixin.py:137} INFO - David Green
[2023-02-02T10:02:09.689+0000] {logging_mixin.py:137} INFO - Joshua Diaz Jr.
[2023-02-02T10:02:09.693+0000] {logging_mixin.py:137} INFO - Emily Garcia
[2023-02-02T10:02:09.696+0000] {logging_mixin.py:137} INFO - Devin Hall
[2023-02-02T10:02:09.718+0000] {logging_mixin.py:137} INFO - Phillip Garner
[2023-02-02T10:02:09.723+0000] {logging_mixin.py:137} INFO - Katherine Estrada
[2023-02-02T10:02:09.729+0000] {logging_mixin.py:137} INFO - Corey Saunders
[2023-02-02T10:02:09.740+0000] {logging_mixin.py:137} INFO - Kimberly Collins
[2023-02-02T10:02:09.748+0000] {logging_mixin.py:137} INFO - Amy Elliott
[2023-02-02T10:02:09.753+0000] {logging_mixin.py:137} INFO - Tanya Jones
[2023-02-02T10:02:09.773+0000] {logging_mixin.py:137} INFO - Patricia Gonzalez
[2023-02-02T10:02:09.779+0000] {logging_mixin.py:137} INFO - Jennifer Hill
[2023-02-02T10:02:09.782+0000] {logging_mixin.py:137} INFO - John Haynes
[2023-02-02T10:02:09.792+0000] {logging_mixin.py:137} INFO - Jacob Henry
[2023-02-02T10:02:09.798+0000] {logging_mixin.py:137} INFO - Daniel Clark
[2023-02-02T10:02:09.822+0000] {logging_mixin.py:137} INFO - Jonathon Taylor
[2023-02-02T10:02:09.836+0000] {logging_mixin.py:137} INFO - Jesse Evans
[2023-02-02T10:02:09.843+0000] {logging_mixin.py:137} INFO - James Martinez
[2023-02-02T10:02:09.846+0000] {logging_mixin.py:137} INFO - Kyle Reyes
[2023-02-02T10:02:09.848+0000] {logging_mixin.py:137} INFO - Terrence Barker
[2023-02-02T10:02:09.849+0000] {logging_mixin.py:137} INFO - Anthony Washington
[2023-02-02T10:02:09.851+0000] {logging_mixin.py:137} INFO - Dustin Le
[2023-02-02T10:02:09.852+0000] {logging_mixin.py:137} INFO - Bruce Clark
[2023-02-02T10:02:09.855+0000] {logging_mixin.py:137} INFO - Keith Anthony
[2023-02-02T10:02:09.856+0000] {logging_mixin.py:137} INFO - Jeremiah Stone
[2023-02-02T10:02:09.860+0000] {logging_mixin.py:137} INFO - Michael Haley
[2023-02-02T10:02:09.865+0000] {logging_mixin.py:137} INFO - Regina Carrillo
[2023-02-02T10:02:09.868+0000] {logging_mixin.py:137} INFO - Jacob Lee
[2023-02-02T10:02:09.873+0000] {logging_mixin.py:137} INFO - Thomas Gonzalez
[2023-02-02T10:02:09.880+0000] {logging_mixin.py:137} INFO - Mark Lawrence
[2023-02-02T10:02:09.882+0000] {logging_mixin.py:137} INFO - Matthew Anderson
[2023-02-02T10:02:09.884+0000] {logging_mixin.py:137} INFO - Nicholas Young
[2023-02-02T10:02:09.895+0000] {logging_mixin.py:137} INFO - Melvin Martinez
[2023-02-02T10:02:09.900+0000] {logging_mixin.py:137} INFO - Scott Green
[2023-02-02T10:02:09.903+0000] {logging_mixin.py:137} INFO - Dana Richards
[2023-02-02T10:02:09.909+0000] {logging_mixin.py:137} INFO - Lauren Moore
[2023-02-02T10:02:09.914+0000] {logging_mixin.py:137} INFO - Terry Campbell
[2023-02-02T10:02:09.919+0000] {logging_mixin.py:137} INFO - Ralph Jordan
[2023-02-02T10:02:09.924+0000] {logging_mixin.py:137} INFO - Noah Reyes
[2023-02-02T10:02:09.926+0000] {logging_mixin.py:137} INFO - Mr. Gregory Mills MD
[2023-02-02T10:02:09.929+0000] {logging_mixin.py:137} INFO - Michelle Yates
[2023-02-02T10:02:09.930+0000] {logging_mixin.py:137} INFO - Robin Reyes
[2023-02-02T10:02:09.933+0000] {logging_mixin.py:137} INFO - Rebecca Smith
[2023-02-02T10:02:09.935+0000] {logging_mixin.py:137} INFO - Nicole Torres
[2023-02-02T10:02:09.937+0000] {logging_mixin.py:137} INFO - Ronald Jones
[2023-02-02T10:02:09.939+0000] {logging_mixin.py:137} INFO - Michael Castaneda
[2023-02-02T10:02:09.945+0000] {logging_mixin.py:137} INFO - Christopher Krueger
[2023-02-02T10:02:09.951+0000] {logging_mixin.py:137} INFO - Jennifer Werner
[2023-02-02T10:02:09.955+0000] {logging_mixin.py:137} INFO - Ashley Smith
[2023-02-02T10:02:09.960+0000] {logging_mixin.py:137} INFO - Alyssa Fields
[2023-02-02T10:02:09.963+0000] {logging_mixin.py:137} INFO - John Scott
[2023-02-02T10:02:09.966+0000] {logging_mixin.py:137} INFO - Debra Delacruz
[2023-02-02T10:02:09.974+0000] {logging_mixin.py:137} INFO - James Madden
[2023-02-02T10:02:09.978+0000] {logging_mixin.py:137} INFO - Joseph Gentry
[2023-02-02T10:02:09.983+0000] {logging_mixin.py:137} INFO - Ashley Cabrera
[2023-02-02T10:02:09.992+0000] {logging_mixin.py:137} INFO - Jennifer Fernandez
[2023-02-02T10:02:10.001+0000] {logging_mixin.py:137} INFO - James Harris
[2023-02-02T10:02:10.007+0000] {logging_mixin.py:137} INFO - Candice Young
[2023-02-02T10:02:10.010+0000] {logging_mixin.py:137} INFO - Lisa Baker
[2023-02-02T10:02:10.022+0000] {logging_mixin.py:137} INFO - Brian Mills DDS
[2023-02-02T10:02:10.031+0000] {logging_mixin.py:137} INFO - Kristin Smith
[2023-02-02T10:02:10.036+0000] {logging_mixin.py:137} INFO - Jacob Collins
[2023-02-02T10:02:10.038+0000] {logging_mixin.py:137} INFO - Kimberly Harris
[2023-02-02T10:02:10.043+0000] {logging_mixin.py:137} INFO - Michael Hull
[2023-02-02T10:02:10.049+0000] {logging_mixin.py:137} INFO - Caitlin Todd
[2023-02-02T10:02:10.050+0000] {logging_mixin.py:137} INFO - Lisa Harris
[2023-02-02T10:02:10.054+0000] {logging_mixin.py:137} INFO - Mrs. Ann Stone
[2023-02-02T10:02:10.066+0000] {logging_mixin.py:137} INFO - Michelle Case
[2023-02-02T10:02:10.080+0000] {logging_mixin.py:137} INFO - Joe Lowe
[2023-02-02T10:02:10.082+0000] {logging_mixin.py:137} INFO - Randall Dunn
[2023-02-02T10:02:10.088+0000] {logging_mixin.py:137} INFO - Paula Vargas
[2023-02-02T10:02:10.091+0000] {logging_mixin.py:137} INFO - Daniel Walker
[2023-02-02T10:02:10.094+0000] {logging_mixin.py:137} INFO - James Jackson
[2023-02-02T10:02:10.098+0000] {logging_mixin.py:137} INFO - Shirley Woodard
[2023-02-02T10:02:10.101+0000] {logging_mixin.py:137} INFO - James Hayes
[2023-02-02T10:02:10.108+0000] {logging_mixin.py:137} INFO - Megan Austin
[2023-02-02T10:02:10.111+0000] {logging_mixin.py:137} INFO - Erin Robertson
[2023-02-02T10:02:10.115+0000] {logging_mixin.py:137} INFO - Robert Phillips
[2023-02-02T10:02:10.120+0000] {logging_mixin.py:137} INFO - Amy Torres
[2023-02-02T10:02:10.122+0000] {logging_mixin.py:137} INFO - Joshua Cox
[2023-02-02T10:02:10.128+0000] {logging_mixin.py:137} INFO - Duane Grimes
[2023-02-02T10:02:10.140+0000] {logging_mixin.py:137} INFO - Jennifer Burgess
[2023-02-02T10:02:10.149+0000] {logging_mixin.py:137} INFO - Carlos Duran
[2023-02-02T10:02:10.157+0000] {logging_mixin.py:137} INFO - Jason Johnson
[2023-02-02T10:02:10.166+0000] {logging_mixin.py:137} INFO - Cameron Greer
[2023-02-02T10:02:10.172+0000] {logging_mixin.py:137} INFO - Randall Williams
[2023-02-02T10:02:10.175+0000] {logging_mixin.py:137} INFO - Jessica Harris
[2023-02-02T10:02:10.180+0000] {logging_mixin.py:137} INFO - Joshua Rogers
[2023-02-02T10:02:10.184+0000] {logging_mixin.py:137} INFO - Jose Mahoney
[2023-02-02T10:02:10.194+0000] {logging_mixin.py:137} INFO - Brandy Fuentes
[2023-02-02T10:02:10.196+0000] {logging_mixin.py:137} INFO - Angelica Matthews
[2023-02-02T10:02:10.200+0000] {logging_mixin.py:137} INFO - Glenn Caldwell
[2023-02-02T10:02:10.204+0000] {logging_mixin.py:137} INFO - Cristian Delacruz
[2023-02-02T10:02:10.205+0000] {logging_mixin.py:137} INFO - Alexandra Price
[2023-02-02T10:02:10.209+0000] {logging_mixin.py:137} INFO - Heather Wilson
[2023-02-02T10:02:10.221+0000] {logging_mixin.py:137} INFO - Shawn Thompson
[2023-02-02T10:02:10.224+0000] {logging_mixin.py:137} INFO - Anna Daniel
[2023-02-02T10:02:10.231+0000] {logging_mixin.py:137} INFO - Joseph Cisneros
[2023-02-02T10:02:10.236+0000] {logging_mixin.py:137} INFO - Rebecca Estes
[2023-02-02T10:02:10.244+0000] {logging_mixin.py:137} INFO - Jeremy Porter
[2023-02-02T10:02:10.248+0000] {logging_mixin.py:137} INFO - Lisa Mann
[2023-02-02T10:02:10.250+0000] {logging_mixin.py:137} INFO - Michael Woods
[2023-02-02T10:02:10.254+0000] {logging_mixin.py:137} INFO - Madison Thompson
[2023-02-02T10:02:10.261+0000] {logging_mixin.py:137} INFO - Nancy Gomez
[2023-02-02T10:02:10.264+0000] {logging_mixin.py:137} INFO - Julie Blanchard
[2023-02-02T10:02:10.276+0000] {logging_mixin.py:137} INFO - Michael Smith
[2023-02-02T10:02:10.281+0000] {logging_mixin.py:137} INFO - Angel Huber
[2023-02-02T10:02:10.284+0000] {logging_mixin.py:137} INFO - Michael Coffey
[2023-02-02T10:02:10.286+0000] {logging_mixin.py:137} INFO - Patrick Walter
[2023-02-02T10:02:10.288+0000] {logging_mixin.py:137} INFO - Curtis Davis
[2023-02-02T10:02:10.291+0000] {logging_mixin.py:137} INFO - Kyle Stewart
[2023-02-02T10:02:10.298+0000] {logging_mixin.py:137} INFO - Angela Jimenez
[2023-02-02T10:02:10.303+0000] {logging_mixin.py:137} INFO - Andrew Martinez
[2023-02-02T10:02:10.314+0000] {logging_mixin.py:137} INFO - Angela West
[2023-02-02T10:02:10.325+0000] {logging_mixin.py:137} INFO - Ryan Young
[2023-02-02T10:02:10.338+0000] {logging_mixin.py:137} INFO - Nathaniel Evans
[2023-02-02T10:02:10.346+0000] {logging_mixin.py:137} INFO - Dawn Bryant
[2023-02-02T10:02:10.358+0000] {logging_mixin.py:137} INFO - Danielle Lewis
[2023-02-02T10:02:10.363+0000] {logging_mixin.py:137} INFO - Matthew Newman
[2023-02-02T10:02:10.364+0000] {logging_mixin.py:137} INFO - Robert Smith
[2023-02-02T10:02:10.365+0000] {logging_mixin.py:137} INFO - Melissa Hicks
[2023-02-02T10:02:10.370+0000] {logging_mixin.py:137} INFO - Emily Lambert
[2023-02-02T10:02:10.373+0000] {logging_mixin.py:137} INFO - Krystal Wolfe
[2023-02-02T10:02:10.379+0000] {logging_mixin.py:137} INFO - Donna Murillo
[2023-02-02T10:02:10.382+0000] {logging_mixin.py:137} INFO - Carl Hudson
[2023-02-02T10:02:10.388+0000] {logging_mixin.py:137} INFO - Robert Wilson
[2023-02-02T10:02:10.395+0000] {logging_mixin.py:137} INFO - Patrick Mathis
[2023-02-02T10:02:10.397+0000] {logging_mixin.py:137} INFO - Michael Suarez
[2023-02-02T10:02:10.403+0000] {logging_mixin.py:137} INFO - David Johnson
[2023-02-02T10:02:10.406+0000] {logging_mixin.py:137} INFO - William Thompson
[2023-02-02T10:02:10.409+0000] {logging_mixin.py:137} INFO - Jessica Hansen DVM
[2023-02-02T10:02:10.413+0000] {logging_mixin.py:137} INFO - Katherine Friedman
[2023-02-02T10:02:10.421+0000] {logging_mixin.py:137} INFO - Jillian Johnson
[2023-02-02T10:02:10.423+0000] {logging_mixin.py:137} INFO - Robert Mckee
[2023-02-02T10:02:10.426+0000] {logging_mixin.py:137} INFO - Rachel Little
[2023-02-02T10:02:10.429+0000] {logging_mixin.py:137} INFO - Patricia Smith
[2023-02-02T10:02:10.436+0000] {logging_mixin.py:137} INFO - Heidi Martinez
[2023-02-02T10:02:10.438+0000] {logging_mixin.py:137} INFO - Caitlin Solomon
[2023-02-02T10:02:10.439+0000] {logging_mixin.py:137} INFO - Dr. Olivia Pugh
[2023-02-02T10:02:10.444+0000] {logging_mixin.py:137} INFO - John Steele DDS
[2023-02-02T10:02:10.446+0000] {logging_mixin.py:137} INFO - Jeremy Mathews
[2023-02-02T10:02:10.448+0000] {logging_mixin.py:137} INFO - Tiffany Hill
[2023-02-02T10:02:10.450+0000] {logging_mixin.py:137} INFO - Steven Edwards
[2023-02-02T10:02:10.451+0000] {logging_mixin.py:137} INFO - Charles Campbell
[2023-02-02T10:02:10.463+0000] {logging_mixin.py:137} INFO - Brett Hughes
[2023-02-02T10:02:10.465+0000] {logging_mixin.py:137} INFO - Christina Villegas
[2023-02-02T10:02:10.472+0000] {logging_mixin.py:137} INFO - Anthony Garcia
[2023-02-02T10:02:10.477+0000] {logging_mixin.py:137} INFO - Nathan Murphy
[2023-02-02T10:02:10.480+0000] {logging_mixin.py:137} INFO - Steven Dodson
[2023-02-02T10:02:10.482+0000] {logging_mixin.py:137} INFO - Brian Sullivan
[2023-02-02T10:02:10.487+0000] {logging_mixin.py:137} INFO - Renee White
[2023-02-02T10:02:10.489+0000] {logging_mixin.py:137} INFO - Laura Rowland
[2023-02-02T10:02:10.493+0000] {logging_mixin.py:137} INFO - John Moore
[2023-02-02T10:02:10.500+0000] {logging_mixin.py:137} INFO - Sophia Mckenzie
[2023-02-02T10:02:10.506+0000] {logging_mixin.py:137} INFO - David Roach
[2023-02-02T10:02:10.511+0000] {logging_mixin.py:137} INFO - Jennifer Patterson
[2023-02-02T10:02:10.517+0000] {logging_mixin.py:137} INFO - James Richards
[2023-02-02T10:02:10.528+0000] {logging_mixin.py:137} INFO - Mary Johnston
[2023-02-02T10:02:10.531+0000] {logging_mixin.py:137} INFO - Brandon Mcdaniel
[2023-02-02T10:02:10.534+0000] {logging_mixin.py:137} INFO - Meghan Stevenson
[2023-02-02T10:02:10.549+0000] {logging_mixin.py:137} INFO - Luis Hayes
[2023-02-02T10:02:10.557+0000] {logging_mixin.py:137} INFO - Alejandra Sloan
[2023-02-02T10:02:10.569+0000] {logging_mixin.py:137} INFO - Dr. Sandra Miller
[2023-02-02T10:02:10.581+0000] {logging_mixin.py:137} INFO - Dustin Bond
[2023-02-02T10:02:10.586+0000] {logging_mixin.py:137} INFO - Julia Patrick MD
[2023-02-02T10:02:10.591+0000] {logging_mixin.py:137} INFO - Jill Campbell
[2023-02-02T10:02:10.592+0000] {logging_mixin.py:137} INFO - Mark Ford
[2023-02-02T10:02:10.602+0000] {logging_mixin.py:137} INFO - Brian Long
[2023-02-02T10:02:10.609+0000] {logging_mixin.py:137} INFO - Lisa Peterson
[2023-02-02T10:02:10.612+0000] {logging_mixin.py:137} INFO - Matthew Lee
[2023-02-02T10:02:10.619+0000] {logging_mixin.py:137} INFO - Bradley Miller
[2023-02-02T10:02:10.623+0000] {logging_mixin.py:137} INFO - Jeffrey Moss
[2023-02-02T10:02:10.630+0000] {logging_mixin.py:137} INFO - Sara Carlson
[2023-02-02T10:02:10.634+0000] {logging_mixin.py:137} INFO - Daniel Rodriguez
[2023-02-02T10:02:10.637+0000] {logging_mixin.py:137} INFO - Jeremy David
[2023-02-02T10:02:10.643+0000] {logging_mixin.py:137} INFO - Eric Green
[2023-02-02T10:02:10.646+0000] {logging_mixin.py:137} INFO - Alexis Jones
[2023-02-02T10:02:10.661+0000] {logging_mixin.py:137} INFO - Matthew Rose
[2023-02-02T10:02:10.668+0000] {logging_mixin.py:137} INFO - Catherine Anderson
[2023-02-02T10:02:10.675+0000] {logging_mixin.py:137} INFO - Holly Burton
[2023-02-02T10:02:10.681+0000] {logging_mixin.py:137} INFO - David Matthews
[2023-02-02T10:02:10.683+0000] {logging_mixin.py:137} INFO - Mrs. Kara Little
[2023-02-02T10:02:10.686+0000] {logging_mixin.py:137} INFO - Jeffrey Stanley
[2023-02-02T10:02:10.691+0000] {logging_mixin.py:137} INFO - James Ochoa
[2023-02-02T10:02:10.695+0000] {logging_mixin.py:137} INFO - Jason Frye
[2023-02-02T10:02:10.697+0000] {logging_mixin.py:137} INFO - Christopher Ellis
[2023-02-02T10:02:10.707+0000] {logging_mixin.py:137} INFO - Michelle Nixon
[2023-02-02T10:02:10.710+0000] {logging_mixin.py:137} INFO - Andrew Gill
[2023-02-02T10:02:10.715+0000] {logging_mixin.py:137} INFO - Jennifer Wilson
[2023-02-02T10:02:10.718+0000] {logging_mixin.py:137} INFO - Shawn Black
[2023-02-02T10:02:10.723+0000] {logging_mixin.py:137} INFO - April Patterson
[2023-02-02T10:02:10.728+0000] {logging_mixin.py:137} INFO - Troy Vaughn
[2023-02-02T10:02:10.737+0000] {logging_mixin.py:137} INFO - Alexandria White
[2023-02-02T10:02:10.739+0000] {logging_mixin.py:137} INFO - Scott Phillips
[2023-02-02T10:02:10.742+0000] {logging_mixin.py:137} INFO - Zachary Cisneros
[2023-02-02T10:02:10.744+0000] {logging_mixin.py:137} INFO - Deborah Brown
[2023-02-02T10:02:10.746+0000] {logging_mixin.py:137} INFO - Monica Moses
[2023-02-02T10:02:10.751+0000] {logging_mixin.py:137} INFO - Brenda Reyes
[2023-02-02T10:02:10.762+0000] {logging_mixin.py:137} INFO - Miss Renee Allen
[2023-02-02T10:02:10.770+0000] {logging_mixin.py:137} INFO - Susan Clark
[2023-02-02T10:02:10.775+0000] {logging_mixin.py:137} INFO - Brandy Coffey
[2023-02-02T10:02:10.780+0000] {logging_mixin.py:137} INFO - Brett Nelson
[2023-02-02T10:02:10.781+0000] {logging_mixin.py:137} INFO - Ricardo Young
[2023-02-02T10:02:10.784+0000] {logging_mixin.py:137} INFO - Paul Lee
[2023-02-02T10:02:10.787+0000] {logging_mixin.py:137} INFO - David Allen
[2023-02-02T10:02:10.789+0000] {logging_mixin.py:137} INFO - Andrea Knight
[2023-02-02T10:02:10.792+0000] {logging_mixin.py:137} INFO - James Gomez
[2023-02-02T10:02:10.797+0000] {logging_mixin.py:137} INFO - Melody Gibson
[2023-02-02T10:02:10.799+0000] {logging_mixin.py:137} INFO - Christina Martinez
[2023-02-02T10:02:10.803+0000] {logging_mixin.py:137} INFO - Shelby Smith
[2023-02-02T10:02:10.807+0000] {logging_mixin.py:137} INFO - Jason Howard
[2023-02-02T10:02:10.809+0000] {logging_mixin.py:137} INFO - Amy Davidson
[2023-02-02T10:02:10.815+0000] {logging_mixin.py:137} INFO - Kyle Copeland
[2023-02-02T10:02:10.818+0000] {logging_mixin.py:137} INFO - Madeline Davis
[2023-02-02T10:02:10.821+0000] {logging_mixin.py:137} INFO - Aaron Young
[2023-02-02T10:02:10.822+0000] {logging_mixin.py:137} INFO - Lisa Barrett
[2023-02-02T10:02:10.824+0000] {logging_mixin.py:137} INFO - Joel Jones
[2023-02-02T10:02:10.827+0000] {logging_mixin.py:137} INFO - Christine Evans
[2023-02-02T10:02:10.830+0000] {logging_mixin.py:137} INFO - Kimberly Johnson
[2023-02-02T10:02:10.833+0000] {logging_mixin.py:137} INFO - Charles Hess
[2023-02-02T10:02:10.835+0000] {logging_mixin.py:137} INFO - Paul Dixon
[2023-02-02T10:02:10.836+0000] {logging_mixin.py:137} INFO - Christopher Johnson
[2023-02-02T10:02:10.838+0000] {logging_mixin.py:137} INFO - Robert Dawson
[2023-02-02T10:02:10.841+0000] {logging_mixin.py:137} INFO - Ryan Dixon
[2023-02-02T10:02:10.854+0000] {logging_mixin.py:137} INFO - Julie Martinez
[2023-02-02T10:02:10.856+0000] {logging_mixin.py:137} INFO - David Adams
[2023-02-02T10:02:10.857+0000] {logging_mixin.py:137} INFO - Mariah Brown
[2023-02-02T10:02:10.858+0000] {logging_mixin.py:137} INFO - Deborah Malone
[2023-02-02T10:02:10.861+0000] {logging_mixin.py:137} INFO - John Brown
[2023-02-02T10:02:10.867+0000] {logging_mixin.py:137} INFO - Maria Stewart
[2023-02-02T10:02:10.871+0000] {logging_mixin.py:137} INFO - Mr. Bryan Hawkins
[2023-02-02T10:02:10.873+0000] {logging_mixin.py:137} INFO - Kyle Brooks
[2023-02-02T10:02:10.877+0000] {logging_mixin.py:137} INFO - Kenneth White
[2023-02-02T10:02:10.879+0000] {logging_mixin.py:137} INFO - Patricia Wilson
[2023-02-02T10:02:10.882+0000] {logging_mixin.py:137} INFO - Paul Soto
[2023-02-02T10:02:10.883+0000] {logging_mixin.py:137} INFO - Janice Garrett
[2023-02-02T10:02:10.885+0000] {logging_mixin.py:137} INFO - Randy Strickland
[2023-02-02T10:02:10.898+0000] {logging_mixin.py:137} INFO - Felicia Herrera
[2023-02-02T10:02:10.917+0000] {logging_mixin.py:137} INFO - Andre Campos
[2023-02-02T10:02:10.923+0000] {logging_mixin.py:137} INFO - Justin Meyer
[2023-02-02T10:02:10.926+0000] {logging_mixin.py:137} INFO - Brandon Brooks
[2023-02-02T10:02:10.931+0000] {logging_mixin.py:137} INFO - Abigail Rivera
[2023-02-02T10:02:10.943+0000] {logging_mixin.py:137} INFO - Jessica Mann
[2023-02-02T10:02:10.946+0000] {logging_mixin.py:137} INFO - Michael Sawyer
[2023-02-02T10:02:10.948+0000] {logging_mixin.py:137} INFO - Jeffrey Coleman
[2023-02-02T10:02:10.949+0000] {logging_mixin.py:137} INFO - Micheal Castro
[2023-02-02T10:02:10.951+0000] {logging_mixin.py:137} INFO - Laura Gonzalez
[2023-02-02T10:02:10.953+0000] {logging_mixin.py:137} INFO - Christopher Jackson
[2023-02-02T10:02:10.957+0000] {logging_mixin.py:137} INFO - William Mckenzie
[2023-02-02T10:02:10.961+0000] {logging_mixin.py:137} INFO - Kristina Rodriguez
[2023-02-02T10:02:10.965+0000] {logging_mixin.py:137} INFO - Kelli Williams
[2023-02-02T10:02:10.968+0000] {logging_mixin.py:137} INFO - Diane Norris
[2023-02-02T10:02:10.970+0000] {logging_mixin.py:137} INFO - Kevin Carroll
[2023-02-02T10:02:10.974+0000] {logging_mixin.py:137} INFO - Betty Weber
[2023-02-02T10:02:10.984+0000] {logging_mixin.py:137} INFO - Jeffery Robinson
[2023-02-02T10:02:10.989+0000] {logging_mixin.py:137} INFO - Hannah Cowan
[2023-02-02T10:02:11.002+0000] {logging_mixin.py:137} INFO - Brian Kramer
[2023-02-02T10:02:11.009+0000] {logging_mixin.py:137} INFO - Anthony Roberts
[2023-02-02T10:02:11.015+0000] {logging_mixin.py:137} INFO - Ricardo Blankenship
[2023-02-02T10:02:11.017+0000] {logging_mixin.py:137} INFO - Brooke Collins
[2023-02-02T10:02:11.028+0000] {logging_mixin.py:137} INFO - Tammy Lawson
[2023-02-02T10:02:11.031+0000] {logging_mixin.py:137} INFO - Cody Miller
[2023-02-02T10:02:11.034+0000] {logging_mixin.py:137} INFO - Dr. Janice Salazar
[2023-02-02T10:02:11.035+0000] {logging_mixin.py:137} INFO - David West
[2023-02-02T10:02:11.036+0000] {logging_mixin.py:137} INFO - Robin Carpenter
[2023-02-02T10:02:11.039+0000] {logging_mixin.py:137} INFO - Monique Wall
[2023-02-02T10:02:11.043+0000] {logging_mixin.py:137} INFO - Charles Cardenas
[2023-02-02T10:02:11.045+0000] {logging_mixin.py:137} INFO - Valerie Mitchell
[2023-02-02T10:02:11.047+0000] {logging_mixin.py:137} INFO - Michelle Valenzuela
[2023-02-02T10:02:11.054+0000] {logging_mixin.py:137} INFO - William Poole
[2023-02-02T10:02:11.057+0000] {logging_mixin.py:137} INFO - James Hall
[2023-02-02T10:02:11.060+0000] {logging_mixin.py:137} INFO - Dylan Carpenter
[2023-02-02T10:02:11.064+0000] {logging_mixin.py:137} INFO - Linda Medina
[2023-02-02T10:02:11.067+0000] {logging_mixin.py:137} INFO - Joan White
[2023-02-02T10:02:11.075+0000] {logging_mixin.py:137} INFO - Mary Klein
[2023-02-02T10:02:11.082+0000] {logging_mixin.py:137} INFO - Ashley Wolf
[2023-02-02T10:02:11.085+0000] {logging_mixin.py:137} INFO - William Reed
[2023-02-02T10:02:11.098+0000] {logging_mixin.py:137} INFO - Derek Harvey
[2023-02-02T10:02:11.106+0000] {logging_mixin.py:137} INFO - Kathleen Rodriguez
[2023-02-02T10:02:11.107+0000] {logging_mixin.py:137} INFO - Andrew Rodriguez
[2023-02-02T10:02:11.122+0000] {logging_mixin.py:137} INFO - Ariel Frank
[2023-02-02T10:02:11.125+0000] {logging_mixin.py:137} INFO - Tina French
[2023-02-02T10:02:11.127+0000] {logging_mixin.py:137} INFO - Brent Waller
[2023-02-02T10:02:11.128+0000] {logging_mixin.py:137} INFO - Kevin Allen
[2023-02-02T10:02:11.149+0000] {logging_mixin.py:137} INFO - Xavier Walker
[2023-02-02T10:02:11.152+0000] {logging_mixin.py:137} INFO - Michelle Sanchez
[2023-02-02T10:02:11.163+0000] {logging_mixin.py:137} INFO - Rachael Shepard
[2023-02-02T10:02:11.166+0000] {logging_mixin.py:137} INFO - Kelsey Johnson
[2023-02-02T10:02:11.170+0000] {logging_mixin.py:137} INFO - Nicole Webb
[2023-02-02T10:02:11.174+0000] {logging_mixin.py:137} INFO - Nicholas Rodriguez
[2023-02-02T10:02:11.180+0000] {logging_mixin.py:137} INFO - Eric Vaughan
[2023-02-02T10:02:11.183+0000] {logging_mixin.py:137} INFO - Amanda Richardson
[2023-02-02T10:02:11.185+0000] {logging_mixin.py:137} INFO - Janice Carlson
[2023-02-02T10:02:11.187+0000] {logging_mixin.py:137} INFO - Darryl Walsh
[2023-02-02T10:02:11.191+0000] {logging_mixin.py:137} INFO - Heather Johnson
[2023-02-02T10:02:11.199+0000] {logging_mixin.py:137} INFO - Mark Chambers
[2023-02-02T10:02:11.200+0000] {logging_mixin.py:137} INFO - Tracy Burns
[2023-02-02T10:02:11.204+0000] {logging_mixin.py:137} INFO - John Cole
[2023-02-02T10:02:11.216+0000] {logging_mixin.py:137} INFO - Deborah Silva
[2023-02-02T10:02:11.220+0000] {logging_mixin.py:137} INFO - Shawn Hernandez
[2023-02-02T10:02:11.228+0000] {logging_mixin.py:137} INFO - Bethany Meyer
[2023-02-02T10:02:11.235+0000] {logging_mixin.py:137} INFO - Helen Smith
[2023-02-02T10:02:11.239+0000] {logging_mixin.py:137} INFO - Dana Dennis
[2023-02-02T10:02:11.248+0000] {logging_mixin.py:137} INFO - Kelsey Camacho
[2023-02-02T10:02:11.253+0000] {logging_mixin.py:137} INFO - Matthew Thomas
[2023-02-02T10:02:11.255+0000] {logging_mixin.py:137} INFO - Brittany Arellano
[2023-02-02T10:02:11.263+0000] {logging_mixin.py:137} INFO - Stacey Jones
[2023-02-02T10:02:11.266+0000] {logging_mixin.py:137} INFO - William Weeks
[2023-02-02T10:02:11.268+0000] {logging_mixin.py:137} INFO - Mark Beasley
[2023-02-02T10:02:11.271+0000] {logging_mixin.py:137} INFO - Bruce Pena
[2023-02-02T10:02:11.278+0000] {logging_mixin.py:137} INFO - Jeffery Smith
[2023-02-02T10:02:11.281+0000] {logging_mixin.py:137} INFO - Ann Deleon
[2023-02-02T10:02:11.284+0000] {logging_mixin.py:137} INFO - Kevin Robertson
[2023-02-02T10:02:11.288+0000] {logging_mixin.py:137} INFO - Vincent Willis MD
[2023-02-02T10:02:11.290+0000] {logging_mixin.py:137} INFO - Michael Nielsen
[2023-02-02T10:02:11.293+0000] {logging_mixin.py:137} INFO - Walter Koch
[2023-02-02T10:02:11.294+0000] {logging_mixin.py:137} INFO - Brian Vega
[2023-02-02T10:02:11.296+0000] {logging_mixin.py:137} INFO - Jeffrey Medina
[2023-02-02T10:02:11.301+0000] {logging_mixin.py:137} INFO - Erika Banks
[2023-02-02T10:02:11.309+0000] {logging_mixin.py:137} INFO - Stacey Griffin
[2023-02-02T10:02:11.314+0000] {logging_mixin.py:137} INFO - Michael Marsh
[2023-02-02T10:02:11.316+0000] {logging_mixin.py:137} INFO - Molly White
[2023-02-02T10:02:11.317+0000] {logging_mixin.py:137} INFO - Matthew Morrison
[2023-02-02T10:02:11.321+0000] {logging_mixin.py:137} INFO - Amanda Burns
[2023-02-02T10:02:11.323+0000] {logging_mixin.py:137} INFO - Emily Gonzalez DDS
[2023-02-02T10:02:11.332+0000] {logging_mixin.py:137} INFO - Gregory King
[2023-02-02T10:02:11.336+0000] {logging_mixin.py:137} INFO - Dennis Evans
[2023-02-02T10:02:11.338+0000] {logging_mixin.py:137} INFO - Christina Snyder
[2023-02-02T10:02:11.339+0000] {logging_mixin.py:137} INFO - Carolyn Mata
[2023-02-02T10:02:11.344+0000] {logging_mixin.py:137} INFO - Brandy Lawson
[2023-02-02T10:02:11.346+0000] {logging_mixin.py:137} INFO - Briana Christian
[2023-02-02T10:02:11.352+0000] {logging_mixin.py:137} INFO - Jeffrey Hernandez
[2023-02-02T10:02:11.354+0000] {logging_mixin.py:137} INFO - John Riggs
[2023-02-02T10:02:11.355+0000] {logging_mixin.py:137} INFO - Barbara Short
[2023-02-02T10:02:11.358+0000] {logging_mixin.py:137} INFO - Steven Brooks
[2023-02-02T10:02:11.360+0000] {logging_mixin.py:137} INFO - Gabrielle James
[2023-02-02T10:02:11.362+0000] {logging_mixin.py:137} INFO - Robert Young
[2023-02-02T10:02:11.364+0000] {logging_mixin.py:137} INFO - Derek Sanders
[2023-02-02T10:02:11.366+0000] {logging_mixin.py:137} INFO - Mallory Oliver
[2023-02-02T10:02:11.372+0000] {logging_mixin.py:137} INFO - Terry Howe
[2023-02-02T10:02:11.388+0000] {logging_mixin.py:137} INFO - Samuel Wallace
[2023-02-02T10:02:11.393+0000] {logging_mixin.py:137} INFO - Angel Jones
[2023-02-02T10:02:11.404+0000] {logging_mixin.py:137} INFO - Jacqueline Nichols
[2023-02-02T10:02:11.407+0000] {logging_mixin.py:137} INFO - Melissa Mcgee
[2023-02-02T10:02:11.417+0000] {logging_mixin.py:137} INFO - Michelle Smith
[2023-02-02T10:02:11.426+0000] {logging_mixin.py:137} INFO - Maureen Baxter
[2023-02-02T10:02:11.430+0000] {logging_mixin.py:137} INFO - Kathy Crawford
[2023-02-02T10:02:11.433+0000] {logging_mixin.py:137} INFO - Stacy Wood
[2023-02-02T10:02:11.436+0000] {logging_mixin.py:137} INFO - Justin Parsons
[2023-02-02T10:02:11.441+0000] {logging_mixin.py:137} INFO - Ann Klein
[2023-02-02T10:02:11.445+0000] {logging_mixin.py:137} INFO - Allison Arnold
[2023-02-02T10:02:11.449+0000] {logging_mixin.py:137} INFO - Heather Kirk
[2023-02-02T10:02:11.452+0000] {logging_mixin.py:137} INFO - Monica Smith
[2023-02-02T10:02:11.453+0000] {logging_mixin.py:137} INFO - Brett Oconnor
[2023-02-02T10:02:11.459+0000] {logging_mixin.py:137} INFO - Anthony Bryant
[2023-02-02T10:02:11.463+0000] {logging_mixin.py:137} INFO - Jeremy Russell
[2023-02-02T10:02:11.465+0000] {logging_mixin.py:137} INFO - Julie Poole
[2023-02-02T10:02:11.468+0000] {logging_mixin.py:137} INFO - Emma Thompson
[2023-02-02T10:02:11.477+0000] {logging_mixin.py:137} INFO - Bradley Matthews
[2023-02-02T10:02:11.484+0000] {logging_mixin.py:137} INFO - William Roberts
[2023-02-02T10:02:11.491+0000] {logging_mixin.py:137} INFO - Julie Mooney
[2023-02-02T10:02:11.504+0000] {logging_mixin.py:137} INFO - Amy Doyle
[2023-02-02T10:02:11.522+0000] {logging_mixin.py:137} INFO - Amanda Grant
[2023-02-02T10:02:11.523+0000] {logging_mixin.py:137} INFO - Eric Anderson
[2023-02-02T10:02:11.525+0000] {logging_mixin.py:137} INFO - George Thompson
[2023-02-02T10:02:11.527+0000] {logging_mixin.py:137} INFO - Dustin Hines
[2023-02-02T10:02:11.528+0000] {logging_mixin.py:137} INFO - Andrea Frank
[2023-02-02T10:02:11.533+0000] {logging_mixin.py:137} INFO - Jodi Cook
[2023-02-02T10:02:11.535+0000] {logging_mixin.py:137} INFO - Stacy Haney
[2023-02-02T10:02:11.537+0000] {logging_mixin.py:137} INFO - Paul Callahan
[2023-02-02T10:02:11.538+0000] {logging_mixin.py:137} INFO - Jasmine Chambers
[2023-02-02T10:02:11.539+0000] {logging_mixin.py:137} INFO - Melissa Pittman MD
[2023-02-02T10:02:11.541+0000] {logging_mixin.py:137} INFO - Deborah Larson
[2023-02-02T10:02:11.547+0000] {logging_mixin.py:137} INFO - Brandon Shaw
[2023-02-02T10:02:11.552+0000] {logging_mixin.py:137} INFO - Timothy Paul
[2023-02-02T10:02:11.554+0000] {logging_mixin.py:137} INFO - Michael Trujillo
[2023-02-02T10:02:11.555+0000] {logging_mixin.py:137} INFO - Robert Rivera
[2023-02-02T10:02:11.556+0000] {logging_mixin.py:137} INFO - Dana Nelson
[2023-02-02T10:02:11.558+0000] {logging_mixin.py:137} INFO - Andrea Bennett
[2023-02-02T10:02:11.561+0000] {logging_mixin.py:137} INFO - Jodi Fox
[2023-02-02T10:02:11.564+0000] {logging_mixin.py:137} INFO - Heather Hayes
[2023-02-02T10:02:11.566+0000] {logging_mixin.py:137} INFO - Jennifer Moreno
[2023-02-02T10:02:11.569+0000] {logging_mixin.py:137} INFO - John Patel
[2023-02-02T10:02:11.572+0000] {logging_mixin.py:137} INFO - Teresa Oliver
[2023-02-02T10:02:11.574+0000] {logging_mixin.py:137} INFO - Monique Bell
[2023-02-02T10:02:11.587+0000] {logging_mixin.py:137} INFO - Casey Leonard
[2023-02-02T10:02:11.591+0000] {logging_mixin.py:137} INFO - Steven Clark
[2023-02-02T10:02:11.592+0000] {logging_mixin.py:137} INFO - Edward Martin
[2023-02-02T10:02:11.594+0000] {logging_mixin.py:137} INFO - Shawn Orozco
[2023-02-02T10:02:11.608+0000] {logging_mixin.py:137} INFO - Brandon Yang
[2023-02-02T10:02:11.613+0000] {logging_mixin.py:137} INFO - Nathan Ray
[2023-02-02T10:02:11.624+0000] {logging_mixin.py:137} INFO - Lori Moore
[2023-02-02T10:02:11.639+0000] {logging_mixin.py:137} INFO - Dr. Lisa Shaw DVM
[2023-02-02T10:02:11.652+0000] {logging_mixin.py:137} INFO - Angela Walters
[2023-02-02T10:02:11.656+0000] {logging_mixin.py:137} INFO - David Nolan
[2023-02-02T10:02:11.674+0000] {logging_mixin.py:137} INFO - William Ramsey
[2023-02-02T10:02:11.679+0000] {logging_mixin.py:137} INFO - David Oconnor
[2023-02-02T10:02:11.681+0000] {logging_mixin.py:137} INFO - Mark Washington
[2023-02-02T10:02:11.683+0000] {logging_mixin.py:137} INFO - Jennifer Jacobs
[2023-02-02T10:02:11.698+0000] {logging_mixin.py:137} INFO - Tammy Hampton
[2023-02-02T10:02:11.702+0000] {logging_mixin.py:137} INFO - Stephen Farmer
[2023-02-02T10:02:11.707+0000] {logging_mixin.py:137} INFO - Jasmine Nguyen
[2023-02-02T10:02:11.712+0000] {logging_mixin.py:137} INFO - Rebecca Flores
[2023-02-02T10:02:11.719+0000] {logging_mixin.py:137} INFO - Tyler Davis
[2023-02-02T10:02:11.722+0000] {logging_mixin.py:137} INFO - Nancy Gray
[2023-02-02T10:02:11.725+0000] {logging_mixin.py:137} INFO - Brian Sanchez
[2023-02-02T10:02:11.729+0000] {logging_mixin.py:137} INFO - Laurie Shaw
[2023-02-02T10:02:11.732+0000] {logging_mixin.py:137} INFO - Kristina Torres
[2023-02-02T10:02:11.733+0000] {logging_mixin.py:137} INFO - Andrea Rodgers
[2023-02-02T10:02:11.736+0000] {logging_mixin.py:137} INFO - Jason Walters
[2023-02-02T10:02:11.739+0000] {logging_mixin.py:137} INFO - Jerry Moss
[2023-02-02T10:02:11.742+0000] {logging_mixin.py:137} INFO - Jeffrey Jordan
[2023-02-02T10:02:11.745+0000] {logging_mixin.py:137} INFO - Jennifer Wilson
[2023-02-02T10:02:11.752+0000] {logging_mixin.py:137} INFO - Trevor Mathews
[2023-02-02T10:02:11.757+0000] {logging_mixin.py:137} INFO - Anne Hood
[2023-02-02T10:02:11.765+0000] {logging_mixin.py:137} INFO - Sarah Williams
[2023-02-02T10:02:11.771+0000] {logging_mixin.py:137} INFO - Shelby Hernandez
[2023-02-02T10:02:11.773+0000] {logging_mixin.py:137} INFO - Samantha Velez
[2023-02-02T10:02:11.775+0000] {logging_mixin.py:137} INFO - Matthew Douglas
[2023-02-02T10:02:11.777+0000] {logging_mixin.py:137} INFO - Ashlee George
[2023-02-02T10:02:11.786+0000] {logging_mixin.py:137} INFO - Troy Crane
[2023-02-02T10:02:11.793+0000] {logging_mixin.py:137} INFO - Michael Cooper
[2023-02-02T10:02:11.798+0000] {logging_mixin.py:137} INFO - Michael White
[2023-02-02T10:02:11.801+0000] {logging_mixin.py:137} INFO - Mr. Timothy Fleming
[2023-02-02T10:02:11.803+0000] {logging_mixin.py:137} INFO - Seth Bruce
[2023-02-02T10:02:11.806+0000] {logging_mixin.py:137} INFO - Jacqueline Carpenter
[2023-02-02T10:02:11.814+0000] {logging_mixin.py:137} INFO - Michael Martin
[2023-02-02T10:02:11.817+0000] {logging_mixin.py:137} INFO - Kristopher Henry
[2023-02-02T10:02:11.823+0000] {logging_mixin.py:137} INFO - Tiffany Porter
[2023-02-02T10:02:11.837+0000] {logging_mixin.py:137} INFO - Stacy Simpson
[2023-02-02T10:02:11.841+0000] {logging_mixin.py:137} INFO - Tammy Mcdowell
[2023-02-02T10:02:11.847+0000] {logging_mixin.py:137} INFO - Thomas Walters
[2023-02-02T10:02:11.852+0000] {logging_mixin.py:137} INFO - Dwayne Thompson
[2023-02-02T10:02:11.867+0000] {logging_mixin.py:137} INFO - Natalie Willis
[2023-02-02T10:02:11.888+0000] {logging_mixin.py:137} INFO - Sharon Taylor
[2023-02-02T10:02:11.890+0000] {logging_mixin.py:137} INFO - Sarah Wiggins
[2023-02-02T10:02:11.892+0000] {logging_mixin.py:137} INFO - Amber Thomas
[2023-02-02T10:02:11.894+0000] {logging_mixin.py:137} INFO - Patrick Miller
[2023-02-02T10:02:11.898+0000] {logging_mixin.py:137} INFO - Stephanie Hartman
[2023-02-02T10:02:11.900+0000] {logging_mixin.py:137} INFO - Stacey Mora
[2023-02-02T10:02:11.918+0000] {logging_mixin.py:137} INFO - Katherine Rodriguez
[2023-02-02T10:02:11.920+0000] {logging_mixin.py:137} INFO - Daniel Morgan
[2023-02-02T10:02:11.922+0000] {logging_mixin.py:137} INFO - Rebecca Martinez
[2023-02-02T10:02:11.938+0000] {logging_mixin.py:137} INFO - Nicole Juarez
[2023-02-02T10:02:11.947+0000] {logging_mixin.py:137} INFO - Mark Arroyo
[2023-02-02T10:02:11.949+0000] {logging_mixin.py:137} INFO - April Lucero
[2023-02-02T10:02:11.955+0000] {logging_mixin.py:137} INFO - Samantha Garcia
[2023-02-02T10:02:11.961+0000] {logging_mixin.py:137} INFO - Jon Moore
[2023-02-02T10:02:11.965+0000] {logging_mixin.py:137} INFO - Joshua Flores MD
[2023-02-02T10:02:11.972+0000] {logging_mixin.py:137} INFO - Raymond Jones
[2023-02-02T10:02:11.980+0000] {logging_mixin.py:137} INFO - Billy Hughes
[2023-02-02T10:02:11.987+0000] {logging_mixin.py:137} INFO - Peggy Valdez PhD
[2023-02-02T10:02:11.997+0000] {logging_mixin.py:137} INFO - Joshua Reyes
[2023-02-02T10:02:11.998+0000] {logging_mixin.py:137} INFO - Aaron Green
[2023-02-02T10:02:12.002+0000] {logging_mixin.py:137} INFO - Wendy Espinoza
[2023-02-02T10:02:12.003+0000] {logging_mixin.py:137} INFO - Peter Vasquez
[2023-02-02T10:02:12.007+0000] {logging_mixin.py:137} INFO - Diane Harper
[2023-02-02T10:02:12.015+0000] {logging_mixin.py:137} INFO - Ms. Rebecca Cantu
[2023-02-02T10:02:12.018+0000] {logging_mixin.py:137} INFO - Yolanda Morrow
[2023-02-02T10:02:12.022+0000] {logging_mixin.py:137} INFO - Penny Beard
[2023-02-02T10:02:12.025+0000] {logging_mixin.py:137} INFO - Lisa Long
[2023-02-02T10:02:12.033+0000] {logging_mixin.py:137} INFO - Jerry Harris
[2023-02-02T10:02:12.038+0000] {logging_mixin.py:137} INFO - Bob Willis
[2023-02-02T10:02:12.040+0000] {logging_mixin.py:137} INFO - Duane Chapman
[2023-02-02T10:02:12.042+0000] {logging_mixin.py:137} INFO - William Morgan
[2023-02-02T10:02:12.043+0000] {logging_mixin.py:137} INFO - Amy Gutierrez
[2023-02-02T10:02:12.046+0000] {logging_mixin.py:137} INFO - Amber Nichols
[2023-02-02T10:02:12.049+0000] {logging_mixin.py:137} INFO - Matthew Carr
[2023-02-02T10:02:12.061+0000] {logging_mixin.py:137} INFO - Thomas Duncan
[2023-02-02T10:02:12.071+0000] {logging_mixin.py:137} INFO - Elizabeth Wright
[2023-02-02T10:02:12.073+0000] {logging_mixin.py:137} INFO - Jacqueline Brewer
[2023-02-02T10:02:12.076+0000] {logging_mixin.py:137} INFO - Stephanie Johnson
[2023-02-02T10:02:12.079+0000] {logging_mixin.py:137} INFO - Samantha Calderon
[2023-02-02T10:02:12.082+0000] {logging_mixin.py:137} INFO - Kathryn Gaines
[2023-02-02T10:02:12.094+0000] {logging_mixin.py:137} INFO - Angel Jones
[2023-02-02T10:02:12.104+0000] {logging_mixin.py:137} INFO - Laura Wall
[2023-02-02T10:02:12.120+0000] {logging_mixin.py:137} INFO - Mr. Anthony Hamilton
[2023-02-02T10:02:12.128+0000] {logging_mixin.py:137} INFO - David Smith
[2023-02-02T10:02:12.135+0000] {logging_mixin.py:137} INFO - Kimberly Herrera DDS
[2023-02-02T10:02:12.141+0000] {logging_mixin.py:137} INFO - Gina Wilson
[2023-02-02T10:02:12.145+0000] {logging_mixin.py:137} INFO - Timothy Byrd
[2023-02-02T10:02:12.157+0000] {logging_mixin.py:137} INFO - Michael Mckenzie
[2023-02-02T10:02:12.171+0000] {logging_mixin.py:137} INFO - Jeffrey Mcintyre
[2023-02-02T10:02:12.183+0000] {logging_mixin.py:137} INFO - Teresa Jackson
[2023-02-02T10:02:12.194+0000] {logging_mixin.py:137} INFO - Joseph Wilcox
[2023-02-02T10:02:12.196+0000] {logging_mixin.py:137} INFO - Patrick Mcknight
[2023-02-02T10:02:12.198+0000] {logging_mixin.py:137} INFO - Ronald Moreno
[2023-02-02T10:02:12.206+0000] {logging_mixin.py:137} INFO - Jamie Sullivan
[2023-02-02T10:02:12.217+0000] {logging_mixin.py:137} INFO - Jason Anderson
[2023-02-02T10:02:12.218+0000] {logging_mixin.py:137} INFO - Steven Stewart
[2023-02-02T10:02:12.220+0000] {logging_mixin.py:137} INFO - Melinda Paul
[2023-02-02T10:02:12.226+0000] {logging_mixin.py:137} INFO - Cynthia Simmons
[2023-02-02T10:02:12.250+0000] {logging_mixin.py:137} INFO - Christian Smith
[2023-02-02T10:02:12.255+0000] {logging_mixin.py:137} INFO - William Jimenez
[2023-02-02T10:02:12.263+0000] {logging_mixin.py:137} INFO - Hayley French
[2023-02-02T10:02:12.267+0000] {logging_mixin.py:137} INFO - Brandon Hess
[2023-02-02T10:02:12.271+0000] {logging_mixin.py:137} INFO - Laura Perry
[2023-02-02T10:02:12.274+0000] {logging_mixin.py:137} INFO - Scott Jones
[2023-02-02T10:02:12.276+0000] {logging_mixin.py:137} INFO - Christine Hernandez
[2023-02-02T10:02:12.293+0000] {logging_mixin.py:137} INFO - Douglas Eaton
[2023-02-02T10:02:12.301+0000] {logging_mixin.py:137} INFO - William Soto
[2023-02-02T10:02:12.309+0000] {logging_mixin.py:137} INFO - Mary Jones
[2023-02-02T10:02:12.317+0000] {logging_mixin.py:137} INFO - Stephanie Holmes
[2023-02-02T10:02:12.320+0000] {logging_mixin.py:137} INFO - Keith Meyers
[2023-02-02T10:02:12.323+0000] {logging_mixin.py:137} INFO - Paul Fisher
[2023-02-02T10:02:12.326+0000] {logging_mixin.py:137} INFO - Emily Alexander
[2023-02-02T10:02:12.331+0000] {logging_mixin.py:137} INFO - Anthony Schwartz
[2023-02-02T10:02:12.336+0000] {logging_mixin.py:137} INFO - Evelyn Jacobs
[2023-02-02T10:02:12.346+0000] {logging_mixin.py:137} INFO - Connie Jones
[2023-02-02T10:02:12.349+0000] {logging_mixin.py:137} INFO - Carla Gibbs
[2023-02-02T10:02:12.356+0000] {logging_mixin.py:137} INFO - Ashley Santiago
[2023-02-02T10:02:12.366+0000] {logging_mixin.py:137} INFO - Micheal Mckee
[2023-02-02T10:02:12.372+0000] {logging_mixin.py:137} INFO - Diane Williams
[2023-02-02T10:02:12.382+0000] {logging_mixin.py:137} INFO - Jesse Velasquez
[2023-02-02T10:02:12.386+0000] {logging_mixin.py:137} INFO - Jennifer Rodriguez
[2023-02-02T10:02:12.398+0000] {logging_mixin.py:137} INFO - Joe Griffin
[2023-02-02T10:02:12.402+0000] {logging_mixin.py:137} INFO - Gary Cherry
[2023-02-02T10:02:12.407+0000] {logging_mixin.py:137} INFO - Alyssa Edwards
[2023-02-02T10:02:12.413+0000] {logging_mixin.py:137} INFO - Caroline Hernandez MD
[2023-02-02T10:02:12.417+0000] {logging_mixin.py:137} INFO - Jessica Morton
[2023-02-02T10:02:12.421+0000] {logging_mixin.py:137} INFO - Holly Jones
[2023-02-02T10:02:12.425+0000] {logging_mixin.py:137} INFO - David Shelton
[2023-02-02T10:02:12.436+0000] {logging_mixin.py:137} INFO - Kristina Parks
[2023-02-02T10:02:12.456+0000] {logging_mixin.py:137} INFO - Laurie Hernandez
[2023-02-02T10:02:12.460+0000] {logging_mixin.py:137} INFO - Melissa James
[2023-02-02T10:02:12.467+0000] {logging_mixin.py:137} INFO - Jeremiah Adams
[2023-02-02T10:02:12.471+0000] {logging_mixin.py:137} INFO - Arthur Robinson
[2023-02-02T10:02:12.477+0000] {logging_mixin.py:137} INFO - Anna Shepard
[2023-02-02T10:02:12.482+0000] {logging_mixin.py:137} INFO - Brandon Myers
[2023-02-02T10:02:12.487+0000] {logging_mixin.py:137} INFO - Paul Cardenas
[2023-02-02T10:02:12.490+0000] {logging_mixin.py:137} INFO - Megan Santana
[2023-02-02T10:02:12.493+0000] {logging_mixin.py:137} INFO - Joseph Marshall
[2023-02-02T10:02:12.506+0000] {logging_mixin.py:137} INFO - Mrs. Brenda Harris
[2023-02-02T10:02:12.514+0000] {logging_mixin.py:137} INFO - Nicole Garcia
[2023-02-02T10:02:12.519+0000] {logging_mixin.py:137} INFO - Anna Estrada
[2023-02-02T10:02:12.521+0000] {logging_mixin.py:137} INFO - Carl Moore
[2023-02-02T10:02:12.526+0000] {logging_mixin.py:137} INFO - Rodney Hernandez
[2023-02-02T10:02:12.531+0000] {logging_mixin.py:137} INFO - Madison Christian
[2023-02-02T10:02:12.533+0000] {logging_mixin.py:137} INFO - Heather Rhodes
[2023-02-02T10:02:12.580+0000] {python.py:177} INFO - Done. Returned value was: None
[2023-02-02T10:02:12.646+0000] {taskinstance.py:1323} INFO - Marking task as SUCCESS. dag_id=CSV_DAG, task_id=convertCSVToJson, execution_date=20230202T020500, start_date=20230202T100206, end_date=20230202T100212
[2023-02-02T10:02:13.066+0000] {local_task_job.py:208} INFO - Task exited with return code 0
[2023-02-02T10:02:13.127+0000] {taskinstance.py:2578} INFO - 0 downstream tasks scheduled from follow-on schedule check
