[2023-02-01T19:10:21.907+0000] {taskinstance.py:1083} INFO - Dependencies all met for <TaskInstance: CSV_DAG.convertCSVToJson scheduled__2023-02-01T13:55:00+00:00 [queued]>
[2023-02-01T19:10:22.270+0000] {taskinstance.py:1083} INFO - Dependencies all met for <TaskInstance: CSV_DAG.convertCSVToJson scheduled__2023-02-01T13:55:00+00:00 [queued]>
[2023-02-01T19:10:22.276+0000] {taskinstance.py:1279} INFO - 
--------------------------------------------------------------------------------
[2023-02-01T19:10:22.284+0000] {taskinstance.py:1280} INFO - Starting attempt 1 of 2
[2023-02-01T19:10:22.286+0000] {taskinstance.py:1281} INFO - 
--------------------------------------------------------------------------------
[2023-02-01T19:10:23.035+0000] {taskinstance.py:1300} INFO - Executing <Task(PythonOperator): convertCSVToJson> on 2023-02-01 13:55:00+00:00
[2023-02-01T19:10:23.085+0000] {standard_task_runner.py:55} INFO - Started process 1456 to run task
[2023-02-01T19:10:23.120+0000] {standard_task_runner.py:82} INFO - Running: ['***', 'tasks', 'run', 'CSV_DAG', 'convertCSVToJson', 'scheduled__2023-02-01T13:55:00+00:00', '--job-id', '370', '--raw', '--subdir', 'DAGS_FOLDER/csv.py', '--cfg-path', '/tmp/tmpda966g44']
[2023-02-01T19:10:23.124+0000] {standard_task_runner.py:83} INFO - Job 370: Subtask convertCSVToJson
[2023-02-01T19:10:23.836+0000] {task_command.py:388} INFO - Running <TaskInstance: CSV_DAG.convertCSVToJson scheduled__2023-02-01T13:55:00+00:00 [running]> on host 06d8060e8530
[2023-02-01T19:10:24.622+0000] {taskinstance.py:1509} INFO - Exporting the following env vars:
AIRFLOW_CTX_DAG_OWNER=Kevin Chalmers
AIRFLOW_CTX_DAG_ID=CSV_DAG
AIRFLOW_CTX_TASK_ID=convertCSVToJson
AIRFLOW_CTX_EXECUTION_DATE=2023-02-01T13:55:00+00:00
AIRFLOW_CTX_TRY_NUMBER=1
AIRFLOW_CTX_DAG_RUN_ID=scheduled__2023-02-01T13:55:00+00:00
[2023-02-01T19:10:24.768+0000] {logging_mixin.py:137} INFO - Angelica Lopez
[2023-02-01T19:10:24.783+0000] {logging_mixin.py:137} INFO - Betty Wright
[2023-02-01T19:10:24.785+0000] {logging_mixin.py:137} INFO - Sara Schmidt
[2023-02-01T19:10:24.787+0000] {logging_mixin.py:137} INFO - Dr. Sherry Rodriguez
[2023-02-01T19:10:24.791+0000] {logging_mixin.py:137} INFO - Rebecca Mills
[2023-02-01T19:10:24.795+0000] {logging_mixin.py:137} INFO - Andrew Anderson
[2023-02-01T19:10:24.798+0000] {logging_mixin.py:137} INFO - Martin Everett
[2023-02-01T19:10:24.805+0000] {logging_mixin.py:137} INFO - Felicia Gregory
[2023-02-01T19:10:24.813+0000] {logging_mixin.py:137} INFO - Kara Bowers
[2023-02-01T19:10:24.825+0000] {logging_mixin.py:137} INFO - Vincent Vincent
[2023-02-01T19:10:24.847+0000] {logging_mixin.py:137} INFO - Morgan Butler
[2023-02-01T19:10:24.851+0000] {logging_mixin.py:137} INFO - Stephen Riley
[2023-02-01T19:10:24.864+0000] {logging_mixin.py:137} INFO - Wanda Thomas
[2023-02-01T19:10:24.871+0000] {logging_mixin.py:137} INFO - Michelle Schultz
[2023-02-01T19:10:24.883+0000] {logging_mixin.py:137} INFO - Christopher Rush MD
[2023-02-01T19:10:24.885+0000] {logging_mixin.py:137} INFO - Phyllis Miles
[2023-02-01T19:10:24.888+0000] {logging_mixin.py:137} INFO - Rebecca Price
[2023-02-01T19:10:24.890+0000] {logging_mixin.py:137} INFO - John Morse
[2023-02-01T19:10:24.893+0000] {logging_mixin.py:137} INFO - Nicholas Sanchez
[2023-02-01T19:10:24.895+0000] {logging_mixin.py:137} INFO - Crystal Dean
[2023-02-01T19:10:24.898+0000] {logging_mixin.py:137} INFO - Tyler Diaz
[2023-02-01T19:10:24.900+0000] {logging_mixin.py:137} INFO - Denise Mclean
[2023-02-01T19:10:24.903+0000] {logging_mixin.py:137} INFO - Daniel Grant
[2023-02-01T19:10:24.906+0000] {logging_mixin.py:137} INFO - Sandra Peterson
[2023-02-01T19:10:24.909+0000] {logging_mixin.py:137} INFO - Denise Morse
[2023-02-01T19:10:24.919+0000] {logging_mixin.py:137} INFO - Brianna Smith
[2023-02-01T19:10:24.922+0000] {logging_mixin.py:137} INFO - Tony Miller
[2023-02-01T19:10:24.923+0000] {logging_mixin.py:137} INFO - Jean Booth
[2023-02-01T19:10:24.925+0000] {logging_mixin.py:137} INFO - Penny Salazar
[2023-02-01T19:10:24.927+0000] {logging_mixin.py:137} INFO - Cathy Williams
[2023-02-01T19:10:24.930+0000] {logging_mixin.py:137} INFO - Hannah Collins
[2023-02-01T19:10:24.932+0000] {logging_mixin.py:137} INFO - Maurice Casey
[2023-02-01T19:10:24.939+0000] {logging_mixin.py:137} INFO - Patrick Walker
[2023-02-01T19:10:24.943+0000] {logging_mixin.py:137} INFO - Pamela Barton
[2023-02-01T19:10:24.945+0000] {logging_mixin.py:137} INFO - Anthony Bryant
[2023-02-01T19:10:24.946+0000] {logging_mixin.py:137} INFO - Andrew Harris
[2023-02-01T19:10:24.948+0000] {logging_mixin.py:137} INFO - Aaron Harris
[2023-02-01T19:10:24.949+0000] {logging_mixin.py:137} INFO - Maureen Soto
[2023-02-01T19:10:24.951+0000] {logging_mixin.py:137} INFO - Crystal Mcdaniel
[2023-02-01T19:10:24.961+0000] {logging_mixin.py:137} INFO - Lauren Barrett
[2023-02-01T19:10:24.963+0000] {logging_mixin.py:137} INFO - Brandon Perez
[2023-02-01T19:10:24.965+0000] {logging_mixin.py:137} INFO - Mark Robertson
[2023-02-01T19:10:24.966+0000] {logging_mixin.py:137} INFO - Nicole Gates
[2023-02-01T19:10:24.968+0000] {logging_mixin.py:137} INFO - Bradley Cruz
[2023-02-01T19:10:24.969+0000] {logging_mixin.py:137} INFO - Gina Burns
[2023-02-01T19:10:24.972+0000] {logging_mixin.py:137} INFO - Zachary Martinez
[2023-02-01T19:10:24.974+0000] {logging_mixin.py:137} INFO - Natasha Johnson
[2023-02-01T19:10:24.980+0000] {logging_mixin.py:137} INFO - Patrick Gonzales
[2023-02-01T19:10:24.982+0000] {logging_mixin.py:137} INFO - Terri Wilson
[2023-02-01T19:10:24.984+0000] {logging_mixin.py:137} INFO - Sarah Lopez
[2023-02-01T19:10:24.985+0000] {logging_mixin.py:137} INFO - Dana Turner
[2023-02-01T19:10:24.987+0000] {logging_mixin.py:137} INFO - Cynthia Johnson
[2023-02-01T19:10:24.989+0000] {logging_mixin.py:137} INFO - William Thornton
[2023-02-01T19:10:24.991+0000] {logging_mixin.py:137} INFO - James Lee
[2023-02-01T19:10:24.995+0000] {logging_mixin.py:137} INFO - Stephen Allen
[2023-02-01T19:10:25.000+0000] {logging_mixin.py:137} INFO - William Stark
[2023-02-01T19:10:25.007+0000] {logging_mixin.py:137} INFO - Michael Parker
[2023-02-01T19:10:25.013+0000] {logging_mixin.py:137} INFO - Lisa Stephens
[2023-02-01T19:10:25.019+0000] {logging_mixin.py:137} INFO - Mr. Reginald Wise DDS
[2023-02-01T19:10:25.021+0000] {logging_mixin.py:137} INFO - Alexander James
[2023-02-01T19:10:25.026+0000] {logging_mixin.py:137} INFO - Kristen West
[2023-02-01T19:10:25.030+0000] {logging_mixin.py:137} INFO - Elizabeth Sanchez
[2023-02-01T19:10:25.034+0000] {logging_mixin.py:137} INFO - Jennifer Wilson
[2023-02-01T19:10:25.042+0000] {logging_mixin.py:137} INFO - Catherine Nicholson
[2023-02-01T19:10:25.052+0000] {logging_mixin.py:137} INFO - David Henderson
[2023-02-01T19:10:25.059+0000] {logging_mixin.py:137} INFO - Stephen Davis
[2023-02-01T19:10:25.062+0000] {logging_mixin.py:137} INFO - Paul Skinner
[2023-02-01T19:10:25.066+0000] {logging_mixin.py:137} INFO - Rebecca Wong
[2023-02-01T19:10:25.068+0000] {logging_mixin.py:137} INFO - Tara Benitez
[2023-02-01T19:10:25.073+0000] {logging_mixin.py:137} INFO - Sharon Miller
[2023-02-01T19:10:25.082+0000] {logging_mixin.py:137} INFO - Cynthia Smith
[2023-02-01T19:10:25.084+0000] {logging_mixin.py:137} INFO - Jennifer Werner
[2023-02-01T19:10:25.088+0000] {logging_mixin.py:137} INFO - Rebecca Tucker
[2023-02-01T19:10:25.092+0000] {logging_mixin.py:137} INFO - Ashlee Castillo
[2023-02-01T19:10:25.096+0000] {logging_mixin.py:137} INFO - Christopher Holmes
[2023-02-01T19:10:25.098+0000] {logging_mixin.py:137} INFO - Daniel Velez
[2023-02-01T19:10:25.101+0000] {logging_mixin.py:137} INFO - Amy Serrano
[2023-02-01T19:10:25.108+0000] {logging_mixin.py:137} INFO - Alison Nash
[2023-02-01T19:10:25.117+0000] {logging_mixin.py:137} INFO - Peter Johnson
[2023-02-01T19:10:25.135+0000] {logging_mixin.py:137} INFO - Breanna Harris
[2023-02-01T19:10:25.146+0000] {logging_mixin.py:137} INFO - Eric King
[2023-02-01T19:10:25.173+0000] {logging_mixin.py:137} INFO - Patricia Oliver
[2023-02-01T19:10:25.178+0000] {logging_mixin.py:137} INFO - Denise Grimes
[2023-02-01T19:10:25.192+0000] {logging_mixin.py:137} INFO - Jill Olson
[2023-02-01T19:10:25.208+0000] {logging_mixin.py:137} INFO - Stephanie Hart
[2023-02-01T19:10:25.224+0000] {logging_mixin.py:137} INFO - Ashley Lee
[2023-02-01T19:10:25.233+0000] {logging_mixin.py:137} INFO - Kelly Barnes
[2023-02-01T19:10:25.244+0000] {logging_mixin.py:137} INFO - Christie West
[2023-02-01T19:10:25.250+0000] {logging_mixin.py:137} INFO - Todd Nolan
[2023-02-01T19:10:25.253+0000] {logging_mixin.py:137} INFO - Sarah Reed
[2023-02-01T19:10:25.272+0000] {logging_mixin.py:137} INFO - Jennifer Keith
[2023-02-01T19:10:25.283+0000] {logging_mixin.py:137} INFO - Shawn Alvarez
[2023-02-01T19:10:25.286+0000] {logging_mixin.py:137} INFO - Alexander Wilson
[2023-02-01T19:10:25.298+0000] {logging_mixin.py:137} INFO - Rachel Melendez
[2023-02-01T19:10:25.301+0000] {logging_mixin.py:137} INFO - Morgan Walters
[2023-02-01T19:10:25.302+0000] {logging_mixin.py:137} INFO - Nicole Garcia
[2023-02-01T19:10:25.304+0000] {logging_mixin.py:137} INFO - Jennifer White
[2023-02-01T19:10:25.306+0000] {logging_mixin.py:137} INFO - Leslie Shannon
[2023-02-01T19:10:25.312+0000] {logging_mixin.py:137} INFO - Lisa Clayton
[2023-02-01T19:10:25.330+0000] {logging_mixin.py:137} INFO - Zachary Molina
[2023-02-01T19:10:25.333+0000] {logging_mixin.py:137} INFO - Bruce Butler
[2023-02-01T19:10:25.347+0000] {logging_mixin.py:137} INFO - Dustin Howell
[2023-02-01T19:10:25.357+0000] {logging_mixin.py:137} INFO - Aaron Smith
[2023-02-01T19:10:25.361+0000] {logging_mixin.py:137} INFO - Kyle Green
[2023-02-01T19:10:25.364+0000] {logging_mixin.py:137} INFO - Steven Clark
[2023-02-01T19:10:25.365+0000] {logging_mixin.py:137} INFO - Robert Holden
[2023-02-01T19:10:25.368+0000] {logging_mixin.py:137} INFO - Zachary Harmon
[2023-02-01T19:10:25.372+0000] {logging_mixin.py:137} INFO - Rachel Miller
[2023-02-01T19:10:25.379+0000] {logging_mixin.py:137} INFO - Brandon Parker
[2023-02-01T19:10:25.389+0000] {logging_mixin.py:137} INFO - Walter Martin
[2023-02-01T19:10:25.397+0000] {logging_mixin.py:137} INFO - Jose Young
[2023-02-01T19:10:25.404+0000] {logging_mixin.py:137} INFO - Kelsey Long
[2023-02-01T19:10:25.419+0000] {logging_mixin.py:137} INFO - William Harper
[2023-02-01T19:10:25.430+0000] {logging_mixin.py:137} INFO - Alejandro Lambert
[2023-02-01T19:10:25.433+0000] {logging_mixin.py:137} INFO - Stephanie Carson
[2023-02-01T19:10:25.439+0000] {logging_mixin.py:137} INFO - Diana Ortega MD
[2023-02-01T19:10:25.448+0000] {logging_mixin.py:137} INFO - Janet Morales
[2023-02-01T19:10:25.452+0000] {logging_mixin.py:137} INFO - Eric Fisher
[2023-02-01T19:10:25.456+0000] {logging_mixin.py:137} INFO - Louis Baker
[2023-02-01T19:10:25.465+0000] {logging_mixin.py:137} INFO - Cindy Ward
[2023-02-01T19:10:25.467+0000] {logging_mixin.py:137} INFO - Ana Jenkins
[2023-02-01T19:10:25.469+0000] {logging_mixin.py:137} INFO - Leslie Barton
[2023-02-01T19:10:25.471+0000] {logging_mixin.py:137} INFO - Gregory Price
[2023-02-01T19:10:25.474+0000] {logging_mixin.py:137} INFO - Brandon Moore
[2023-02-01T19:10:25.476+0000] {logging_mixin.py:137} INFO - Heather Garrett
[2023-02-01T19:10:25.478+0000] {logging_mixin.py:137} INFO - Cindy Hawkins
[2023-02-01T19:10:25.488+0000] {logging_mixin.py:137} INFO - Mr. Frank Snyder Jr.
[2023-02-01T19:10:25.498+0000] {logging_mixin.py:137} INFO - Megan Wang
[2023-02-01T19:10:25.509+0000] {logging_mixin.py:137} INFO - Jennifer Fleming
[2023-02-01T19:10:25.514+0000] {logging_mixin.py:137} INFO - Gary Hodge
[2023-02-01T19:10:25.519+0000] {logging_mixin.py:137} INFO - Nichole Miller
[2023-02-01T19:10:25.537+0000] {logging_mixin.py:137} INFO - Mitchell Mendoza
[2023-02-01T19:10:25.539+0000] {logging_mixin.py:137} INFO - Bradley Horton
[2023-02-01T19:10:25.543+0000] {logging_mixin.py:137} INFO - Michelle Hess
[2023-02-01T19:10:25.547+0000] {logging_mixin.py:137} INFO - Ronald Torres
[2023-02-01T19:10:25.550+0000] {logging_mixin.py:137} INFO - Raymond Hudson
[2023-02-01T19:10:25.556+0000] {logging_mixin.py:137} INFO - Vincent Jackson
[2023-02-01T19:10:25.560+0000] {logging_mixin.py:137} INFO - Susan Carey
[2023-02-01T19:10:25.563+0000] {logging_mixin.py:137} INFO - Chase Wilson
[2023-02-01T19:10:25.569+0000] {logging_mixin.py:137} INFO - Tonya Baldwin
[2023-02-01T19:10:25.573+0000] {logging_mixin.py:137} INFO - Mrs. Tina Davis
[2023-02-01T19:10:25.575+0000] {logging_mixin.py:137} INFO - Scott Garrett
[2023-02-01T19:10:25.591+0000] {logging_mixin.py:137} INFO - Michael Wilson
[2023-02-01T19:10:25.595+0000] {logging_mixin.py:137} INFO - Andrew Orozco
[2023-02-01T19:10:25.598+0000] {logging_mixin.py:137} INFO - Troy Carson
[2023-02-01T19:10:25.600+0000] {logging_mixin.py:137} INFO - Alex Winters
[2023-02-01T19:10:25.603+0000] {logging_mixin.py:137} INFO - Toni Frank
[2023-02-01T19:10:25.615+0000] {logging_mixin.py:137} INFO - Kathleen Snyder
[2023-02-01T19:10:25.637+0000] {logging_mixin.py:137} INFO - Anna Lopez
[2023-02-01T19:10:25.644+0000] {logging_mixin.py:137} INFO - Charles Brown
[2023-02-01T19:10:25.647+0000] {logging_mixin.py:137} INFO - Barry Ross
[2023-02-01T19:10:25.649+0000] {logging_mixin.py:137} INFO - Emily Ramirez
[2023-02-01T19:10:25.652+0000] {logging_mixin.py:137} INFO - Anna Williams
[2023-02-01T19:10:25.659+0000] {logging_mixin.py:137} INFO - Kristin Pennington
[2023-02-01T19:10:25.667+0000] {logging_mixin.py:137} INFO - Mary Aguirre
[2023-02-01T19:10:25.674+0000] {logging_mixin.py:137} INFO - Austin Santos
[2023-02-01T19:10:25.678+0000] {logging_mixin.py:137} INFO - David Nelson
[2023-02-01T19:10:25.683+0000] {logging_mixin.py:137} INFO - Alyssa Mcbride
[2023-02-01T19:10:25.689+0000] {logging_mixin.py:137} INFO - Lisa Gibson
[2023-02-01T19:10:25.707+0000] {logging_mixin.py:137} INFO - Alexander Kelly
[2023-02-01T19:10:25.710+0000] {logging_mixin.py:137} INFO - Ronald Thomas
[2023-02-01T19:10:25.715+0000] {logging_mixin.py:137} INFO - Michael Hurst
[2023-02-01T19:10:25.721+0000] {logging_mixin.py:137} INFO - Lauren Ward
[2023-02-01T19:10:25.730+0000] {logging_mixin.py:137} INFO - Christian Terry
[2023-02-01T19:10:25.744+0000] {logging_mixin.py:137} INFO - Jared Black
[2023-02-01T19:10:25.747+0000] {logging_mixin.py:137} INFO - Anthony Brown
[2023-02-01T19:10:25.757+0000] {logging_mixin.py:137} INFO - John Cole
[2023-02-01T19:10:25.763+0000] {logging_mixin.py:137} INFO - David Lee
[2023-02-01T19:10:25.792+0000] {logging_mixin.py:137} INFO - Lori Thomas
[2023-02-01T19:10:25.810+0000] {logging_mixin.py:137} INFO - Daniel Herman
[2023-02-01T19:10:25.816+0000] {logging_mixin.py:137} INFO - Pam Williams
[2023-02-01T19:10:25.822+0000] {logging_mixin.py:137} INFO - Sarah Jenkins
[2023-02-01T19:10:25.825+0000] {logging_mixin.py:137} INFO - Susan Mitchell
[2023-02-01T19:10:25.828+0000] {logging_mixin.py:137} INFO - Jacqueline Green
[2023-02-01T19:10:25.830+0000] {logging_mixin.py:137} INFO - Victoria Garrison
[2023-02-01T19:10:25.832+0000] {logging_mixin.py:137} INFO - Jonathan Daniels
[2023-02-01T19:10:25.834+0000] {logging_mixin.py:137} INFO - Trevor Hansen
[2023-02-01T19:10:25.848+0000] {logging_mixin.py:137} INFO - Laurie Bowen
[2023-02-01T19:10:25.855+0000] {logging_mixin.py:137} INFO - James Cline
[2023-02-01T19:10:25.866+0000] {logging_mixin.py:137} INFO - Michael Rose
[2023-02-01T19:10:25.869+0000] {logging_mixin.py:137} INFO - Lawrence Juarez
[2023-02-01T19:10:25.873+0000] {logging_mixin.py:137} INFO - Lucas Caldwell
[2023-02-01T19:10:25.879+0000] {logging_mixin.py:137} INFO - Laura Jackson
[2023-02-01T19:10:25.884+0000] {logging_mixin.py:137} INFO - Sherri Thornton
[2023-02-01T19:10:25.904+0000] {logging_mixin.py:137} INFO - Alice Wilson
[2023-02-01T19:10:25.906+0000] {logging_mixin.py:137} INFO - Diane Williams
[2023-02-01T19:10:25.911+0000] {logging_mixin.py:137} INFO - Kara Martin
[2023-02-01T19:10:25.922+0000] {logging_mixin.py:137} INFO - Joseph Moore
[2023-02-01T19:10:25.924+0000] {logging_mixin.py:137} INFO - Jesse Moses
[2023-02-01T19:10:25.925+0000] {logging_mixin.py:137} INFO - Lisa Mccall
[2023-02-01T19:10:25.939+0000] {logging_mixin.py:137} INFO - Alexandra Mccoy
[2023-02-01T19:10:25.976+0000] {logging_mixin.py:137} INFO - Daniel Martin
[2023-02-01T19:10:25.981+0000] {logging_mixin.py:137} INFO - Claudia Peck
[2023-02-01T19:10:25.992+0000] {logging_mixin.py:137} INFO - Jessica Mcconnell
[2023-02-01T19:10:25.996+0000] {logging_mixin.py:137} INFO - Kevin Walker
[2023-02-01T19:10:25.998+0000] {logging_mixin.py:137} INFO - Christina Lee
[2023-02-01T19:10:26.004+0000] {logging_mixin.py:137} INFO - Christopher Schroeder
[2023-02-01T19:10:26.035+0000] {logging_mixin.py:137} INFO - Melissa Parker
[2023-02-01T19:10:26.040+0000] {logging_mixin.py:137} INFO - Janet Molina
[2023-02-01T19:10:26.048+0000] {logging_mixin.py:137} INFO - Barbara Harris
[2023-02-01T19:10:26.056+0000] {logging_mixin.py:137} INFO - Joseph Hurley
[2023-02-01T19:10:26.060+0000] {logging_mixin.py:137} INFO - Greg Hayden
[2023-02-01T19:10:26.065+0000] {logging_mixin.py:137} INFO - Edwin Adams
[2023-02-01T19:10:26.073+0000] {logging_mixin.py:137} INFO - Ashley Hunter
[2023-02-01T19:10:26.075+0000] {logging_mixin.py:137} INFO - Jennifer Tucker
[2023-02-01T19:10:26.077+0000] {logging_mixin.py:137} INFO - Eddie Gray
[2023-02-01T19:10:26.080+0000] {logging_mixin.py:137} INFO - Jennifer Evans
[2023-02-01T19:10:26.091+0000] {logging_mixin.py:137} INFO - Stephen Carey
[2023-02-01T19:10:26.097+0000] {logging_mixin.py:137} INFO - Samantha Campos
[2023-02-01T19:10:26.099+0000] {logging_mixin.py:137} INFO - Meagan Brown
[2023-02-01T19:10:26.105+0000] {logging_mixin.py:137} INFO - Miss Marisa Barber
[2023-02-01T19:10:26.117+0000] {logging_mixin.py:137} INFO - Jay Mann
[2023-02-01T19:10:26.119+0000] {logging_mixin.py:137} INFO - Matthew Campbell
[2023-02-01T19:10:26.123+0000] {logging_mixin.py:137} INFO - Brent Rodriguez
[2023-02-01T19:10:26.127+0000] {logging_mixin.py:137} INFO - Teresa Ross
[2023-02-01T19:10:26.131+0000] {logging_mixin.py:137} INFO - Mary Martinez
[2023-02-01T19:10:26.133+0000] {logging_mixin.py:137} INFO - Joseph Lewis
[2023-02-01T19:10:26.135+0000] {logging_mixin.py:137} INFO - Dale Davis
[2023-02-01T19:10:26.141+0000] {logging_mixin.py:137} INFO - Elizabeth Evans
[2023-02-01T19:10:26.143+0000] {logging_mixin.py:137} INFO - Shannon Wang
[2023-02-01T19:10:26.148+0000] {logging_mixin.py:137} INFO - Brandon Campbell
[2023-02-01T19:10:26.150+0000] {logging_mixin.py:137} INFO - Rhonda Pace
[2023-02-01T19:10:26.152+0000] {logging_mixin.py:137} INFO - Sarah Santos
[2023-02-01T19:10:26.159+0000] {logging_mixin.py:137} INFO - Jacob Ford
[2023-02-01T19:10:26.170+0000] {logging_mixin.py:137} INFO - Matthew Hansen
[2023-02-01T19:10:26.175+0000] {logging_mixin.py:137} INFO - Amy Ray
[2023-02-01T19:10:26.180+0000] {logging_mixin.py:137} INFO - Aaron Fields
[2023-02-01T19:10:26.182+0000] {logging_mixin.py:137} INFO - Mary Taylor
[2023-02-01T19:10:26.185+0000] {logging_mixin.py:137} INFO - James Morris
[2023-02-01T19:10:26.188+0000] {logging_mixin.py:137} INFO - Darrell Cain
[2023-02-01T19:10:26.190+0000] {logging_mixin.py:137} INFO - Michael Smith
[2023-02-01T19:10:26.192+0000] {logging_mixin.py:137} INFO - Scott Coleman
[2023-02-01T19:10:26.195+0000] {logging_mixin.py:137} INFO - David Fitzpatrick
[2023-02-01T19:10:26.197+0000] {logging_mixin.py:137} INFO - Debra Shepherd
[2023-02-01T19:10:26.200+0000] {logging_mixin.py:137} INFO - Paul Rush
[2023-02-01T19:10:26.210+0000] {logging_mixin.py:137} INFO - Brett Hernandez
[2023-02-01T19:10:26.212+0000] {logging_mixin.py:137} INFO - Sheila Riddle
[2023-02-01T19:10:26.214+0000] {logging_mixin.py:137} INFO - Joan Austin
[2023-02-01T19:10:26.216+0000] {logging_mixin.py:137} INFO - Michael Garcia
[2023-02-01T19:10:26.217+0000] {logging_mixin.py:137} INFO - Natalie Harris
[2023-02-01T19:10:26.218+0000] {logging_mixin.py:137} INFO - Steven Dean
[2023-02-01T19:10:26.219+0000] {logging_mixin.py:137} INFO - John Brown
[2023-02-01T19:10:26.221+0000] {logging_mixin.py:137} INFO - Keith Zimmerman
[2023-02-01T19:10:26.222+0000] {logging_mixin.py:137} INFO - Curtis Byrd
[2023-02-01T19:10:26.226+0000] {logging_mixin.py:137} INFO - Mariah Green
[2023-02-01T19:10:26.228+0000] {logging_mixin.py:137} INFO - Roger Huynh
[2023-02-01T19:10:26.231+0000] {logging_mixin.py:137} INFO - Christopher Zamora
[2023-02-01T19:10:26.239+0000] {logging_mixin.py:137} INFO - Joyce Crawford
[2023-02-01T19:10:26.242+0000] {logging_mixin.py:137} INFO - Angela Smith
[2023-02-01T19:10:26.250+0000] {logging_mixin.py:137} INFO - Veronica Robinson
[2023-02-01T19:10:26.252+0000] {logging_mixin.py:137} INFO - Christopher Bates
[2023-02-01T19:10:26.253+0000] {logging_mixin.py:137} INFO - Steve Stone
[2023-02-01T19:10:26.255+0000] {logging_mixin.py:137} INFO - William Cook
[2023-02-01T19:10:26.256+0000] {logging_mixin.py:137} INFO - Lori Wood
[2023-02-01T19:10:26.261+0000] {logging_mixin.py:137} INFO - Jillian Reynolds
[2023-02-01T19:10:26.263+0000] {logging_mixin.py:137} INFO - Angela Caldwell
[2023-02-01T19:10:26.265+0000] {logging_mixin.py:137} INFO - Shane Campbell
[2023-02-01T19:10:26.269+0000] {logging_mixin.py:137} INFO - Karen Lawrence
[2023-02-01T19:10:26.274+0000] {logging_mixin.py:137} INFO - Kimberly Wood
[2023-02-01T19:10:26.276+0000] {logging_mixin.py:137} INFO - Samantha Lopez
[2023-02-01T19:10:26.279+0000] {logging_mixin.py:137} INFO - Harold Miller
[2023-02-01T19:10:26.280+0000] {logging_mixin.py:137} INFO - Raymond Cooper DVM
[2023-02-01T19:10:26.285+0000] {logging_mixin.py:137} INFO - Kristen Patel
[2023-02-01T19:10:26.288+0000] {logging_mixin.py:137} INFO - Anthony Mejia
[2023-02-01T19:10:26.292+0000] {logging_mixin.py:137} INFO - Raymond Thomas
[2023-02-01T19:10:26.294+0000] {logging_mixin.py:137} INFO - Scott Young
[2023-02-01T19:10:26.299+0000] {logging_mixin.py:137} INFO - David Larson
[2023-02-01T19:10:26.301+0000] {logging_mixin.py:137} INFO - Jon Murray
[2023-02-01T19:10:26.303+0000] {logging_mixin.py:137} INFO - Stephen Taylor
[2023-02-01T19:10:26.305+0000] {logging_mixin.py:137} INFO - Jennifer Hernandez
[2023-02-01T19:10:26.307+0000] {logging_mixin.py:137} INFO - Stacy Smith
[2023-02-01T19:10:26.309+0000] {logging_mixin.py:137} INFO - Juan Owens
[2023-02-01T19:10:26.311+0000] {logging_mixin.py:137} INFO - Brian Adkins
[2023-02-01T19:10:26.313+0000] {logging_mixin.py:137} INFO - Jesse Wells
[2023-02-01T19:10:26.327+0000] {logging_mixin.py:137} INFO - Kyle Matthews
[2023-02-01T19:10:26.329+0000] {logging_mixin.py:137} INFO - Dustin Russell
[2023-02-01T19:10:26.331+0000] {logging_mixin.py:137} INFO - Richard White
[2023-02-01T19:10:26.343+0000] {logging_mixin.py:137} INFO - Brittany Nichols
[2023-02-01T19:10:26.351+0000] {logging_mixin.py:137} INFO - Colton Kelly
[2023-02-01T19:10:26.353+0000] {logging_mixin.py:137} INFO - William Perry
[2023-02-01T19:10:26.357+0000] {logging_mixin.py:137} INFO - Thomas Cummings
[2023-02-01T19:10:26.360+0000] {logging_mixin.py:137} INFO - Timothy Ballard
[2023-02-01T19:10:26.370+0000] {logging_mixin.py:137} INFO - Richard Washington
[2023-02-01T19:10:26.375+0000] {logging_mixin.py:137} INFO - Joshua Lam
[2023-02-01T19:10:26.379+0000] {logging_mixin.py:137} INFO - Grant Jackson
[2023-02-01T19:10:26.388+0000] {logging_mixin.py:137} INFO - Erin Baker
[2023-02-01T19:10:26.391+0000] {logging_mixin.py:137} INFO - Scott Flowers
[2023-02-01T19:10:26.394+0000] {logging_mixin.py:137} INFO - James Adams
[2023-02-01T19:10:26.397+0000] {logging_mixin.py:137} INFO - Heather Alvarado
[2023-02-01T19:10:26.403+0000] {logging_mixin.py:137} INFO - Jennifer Snow
[2023-02-01T19:10:26.412+0000] {logging_mixin.py:137} INFO - Mario Jackson
[2023-02-01T19:10:26.416+0000] {logging_mixin.py:137} INFO - Kevin Collins
[2023-02-01T19:10:26.423+0000] {logging_mixin.py:137} INFO - Danielle Garcia
[2023-02-01T19:10:26.427+0000] {logging_mixin.py:137} INFO - Brenda Jackson
[2023-02-01T19:10:26.429+0000] {logging_mixin.py:137} INFO - Ashley Parker
[2023-02-01T19:10:26.435+0000] {logging_mixin.py:137} INFO - Angela Hickman
[2023-02-01T19:10:26.438+0000] {logging_mixin.py:137} INFO - Carol Rodriguez
[2023-02-01T19:10:26.446+0000] {logging_mixin.py:137} INFO - Vernon Anderson
[2023-02-01T19:10:26.454+0000] {logging_mixin.py:137} INFO - Jesus Church
[2023-02-01T19:10:26.459+0000] {logging_mixin.py:137} INFO - Michelle Medina
[2023-02-01T19:10:26.461+0000] {logging_mixin.py:137} INFO - Nancy Bryant
[2023-02-01T19:10:26.466+0000] {logging_mixin.py:137} INFO - Jennifer Martinez
[2023-02-01T19:10:26.471+0000] {logging_mixin.py:137} INFO - Amy Dougherty
[2023-02-01T19:10:26.476+0000] {logging_mixin.py:137} INFO - Alexis Sanders
[2023-02-01T19:10:26.480+0000] {logging_mixin.py:137} INFO - Austin Salazar
[2023-02-01T19:10:26.482+0000] {logging_mixin.py:137} INFO - Amy Williams
[2023-02-01T19:10:26.483+0000] {logging_mixin.py:137} INFO - Richard Haynes
[2023-02-01T19:10:26.486+0000] {logging_mixin.py:137} INFO - Christine Stark
[2023-02-01T19:10:26.493+0000] {logging_mixin.py:137} INFO - Anita Medina
[2023-02-01T19:10:26.495+0000] {logging_mixin.py:137} INFO - Mr. Thomas Duran
[2023-02-01T19:10:26.504+0000] {logging_mixin.py:137} INFO - Mr. Russell Peterson
[2023-02-01T19:10:26.507+0000] {logging_mixin.py:137} INFO - Jack Richard
[2023-02-01T19:10:26.512+0000] {logging_mixin.py:137} INFO - Michelle Erickson
[2023-02-01T19:10:26.515+0000] {logging_mixin.py:137} INFO - Mitchell Williams
[2023-02-01T19:10:26.518+0000] {logging_mixin.py:137} INFO - Adrian Herrera
[2023-02-01T19:10:26.520+0000] {logging_mixin.py:137} INFO - Michael Brady
[2023-02-01T19:10:26.521+0000] {logging_mixin.py:137} INFO - Jamie Zhang
[2023-02-01T19:10:26.524+0000] {logging_mixin.py:137} INFO - Helen Brennan
[2023-02-01T19:10:26.525+0000] {logging_mixin.py:137} INFO - John Myers
[2023-02-01T19:10:26.528+0000] {logging_mixin.py:137} INFO - Patricia Nash
[2023-02-01T19:10:26.534+0000] {logging_mixin.py:137} INFO - Michael Johnson
[2023-02-01T19:10:26.536+0000] {logging_mixin.py:137} INFO - Anita Berger
[2023-02-01T19:10:26.538+0000] {logging_mixin.py:137} INFO - Jason Guerrero DVM
[2023-02-01T19:10:26.541+0000] {logging_mixin.py:137} INFO - Kimberly Davis
[2023-02-01T19:10:26.544+0000] {logging_mixin.py:137} INFO - Bryan Hansen
[2023-02-01T19:10:26.547+0000] {logging_mixin.py:137} INFO - Rebecca Obrien
[2023-02-01T19:10:26.551+0000] {logging_mixin.py:137} INFO - Sarah Santiago
[2023-02-01T19:10:26.557+0000] {logging_mixin.py:137} INFO - Christine Lane
[2023-02-01T19:10:26.558+0000] {logging_mixin.py:137} INFO - Jerry Lewis
[2023-02-01T19:10:26.563+0000] {logging_mixin.py:137} INFO - Stephanie Miller
[2023-02-01T19:10:26.565+0000] {logging_mixin.py:137} INFO - Kristi Bradley
[2023-02-01T19:10:26.571+0000] {logging_mixin.py:137} INFO - Darren Moore
[2023-02-01T19:10:26.578+0000] {logging_mixin.py:137} INFO - Kristina Cunningham
[2023-02-01T19:10:26.579+0000] {logging_mixin.py:137} INFO - Laurie Moore
[2023-02-01T19:10:26.583+0000] {logging_mixin.py:137} INFO - Aaron Lewis
[2023-02-01T19:10:26.585+0000] {logging_mixin.py:137} INFO - Theresa Vang
[2023-02-01T19:10:26.588+0000] {logging_mixin.py:137} INFO - Chase Reese
[2023-02-01T19:10:26.593+0000] {logging_mixin.py:137} INFO - Matthew Ferguson
[2023-02-01T19:10:26.595+0000] {logging_mixin.py:137} INFO - Victoria Lewis
[2023-02-01T19:10:26.597+0000] {logging_mixin.py:137} INFO - Jon Scott
[2023-02-01T19:10:26.598+0000] {logging_mixin.py:137} INFO - Lisa Campbell
[2023-02-01T19:10:26.602+0000] {logging_mixin.py:137} INFO - David Ramirez
[2023-02-01T19:10:26.604+0000] {logging_mixin.py:137} INFO - Gabriel Rosario
[2023-02-01T19:10:26.606+0000] {logging_mixin.py:137} INFO - Kristi Johnson
[2023-02-01T19:10:26.610+0000] {logging_mixin.py:137} INFO - Jennifer Schwartz
[2023-02-01T19:10:26.616+0000] {logging_mixin.py:137} INFO - Daniel Norton
[2023-02-01T19:10:26.619+0000] {logging_mixin.py:137} INFO - Richard Montoya
[2023-02-01T19:10:26.623+0000] {logging_mixin.py:137} INFO - Daniel Norris
[2023-02-01T19:10:26.626+0000] {logging_mixin.py:137} INFO - Chad Taylor
[2023-02-01T19:10:26.637+0000] {logging_mixin.py:137} INFO - Angie Allen
[2023-02-01T19:10:26.640+0000] {logging_mixin.py:137} INFO - Michael Brooks
[2023-02-01T19:10:26.643+0000] {logging_mixin.py:137} INFO - Hannah Poole
[2023-02-01T19:10:26.649+0000] {logging_mixin.py:137} INFO - Caitlin Ray
[2023-02-01T19:10:26.654+0000] {logging_mixin.py:137} INFO - Mr. Steven Gardner
[2023-02-01T19:10:26.656+0000] {logging_mixin.py:137} INFO - Jennifer Macdonald
[2023-02-01T19:10:26.658+0000] {logging_mixin.py:137} INFO - Vanessa Small
[2023-02-01T19:10:26.659+0000] {logging_mixin.py:137} INFO - Dennis Gray
[2023-02-01T19:10:26.663+0000] {logging_mixin.py:137} INFO - Sandra Kirk
[2023-02-01T19:10:26.665+0000] {logging_mixin.py:137} INFO - Jason Wagner
[2023-02-01T19:10:26.671+0000] {logging_mixin.py:137} INFO - David Owen
[2023-02-01T19:10:26.674+0000] {logging_mixin.py:137} INFO - Rose Terrell
[2023-02-01T19:10:26.680+0000] {logging_mixin.py:137} INFO - James Green MD
[2023-02-01T19:10:26.683+0000] {logging_mixin.py:137} INFO - Tammy Patel
[2023-02-01T19:10:26.686+0000] {logging_mixin.py:137} INFO - Joseph Lucero
[2023-02-01T19:10:26.691+0000] {logging_mixin.py:137} INFO - Stephanie Rojas
[2023-02-01T19:10:26.698+0000] {logging_mixin.py:137} INFO - Brittany Johnson
[2023-02-01T19:10:26.702+0000] {logging_mixin.py:137} INFO - Christina Cummings
[2023-02-01T19:10:26.713+0000] {logging_mixin.py:137} INFO - Eric Downs
[2023-02-01T19:10:26.716+0000] {logging_mixin.py:137} INFO - Paul Finley
[2023-02-01T19:10:26.718+0000] {logging_mixin.py:137} INFO - Danielle Jackson
[2023-02-01T19:10:26.720+0000] {logging_mixin.py:137} INFO - Anna Johnston
[2023-02-01T19:10:26.725+0000] {logging_mixin.py:137} INFO - Ashlee Hodges
[2023-02-01T19:10:26.736+0000] {logging_mixin.py:137} INFO - Thomas Francis
[2023-02-01T19:10:26.739+0000] {logging_mixin.py:137} INFO - Cody Baird
[2023-02-01T19:10:26.741+0000] {logging_mixin.py:137} INFO - Jeffrey Walter
[2023-02-01T19:10:26.746+0000] {logging_mixin.py:137} INFO - Hannah West
[2023-02-01T19:10:26.750+0000] {logging_mixin.py:137} INFO - Anthony Byrd
[2023-02-01T19:10:26.754+0000] {logging_mixin.py:137} INFO - Julie Ramirez
[2023-02-01T19:10:26.757+0000] {logging_mixin.py:137} INFO - Seth Peters
[2023-02-01T19:10:26.763+0000] {logging_mixin.py:137} INFO - Keith Salas
[2023-02-01T19:10:26.766+0000] {logging_mixin.py:137} INFO - Kathryn Evans
[2023-02-01T19:10:26.769+0000] {logging_mixin.py:137} INFO - Dr. Maria Scott
[2023-02-01T19:10:26.782+0000] {logging_mixin.py:137} INFO - Brenda Thomas
[2023-02-01T19:10:26.784+0000] {logging_mixin.py:137} INFO - Travis Douglas
[2023-02-01T19:10:26.786+0000] {logging_mixin.py:137} INFO - Kurt Santos
[2023-02-01T19:10:26.788+0000] {logging_mixin.py:137} INFO - Sean Parrish
[2023-02-01T19:10:26.791+0000] {logging_mixin.py:137} INFO - Brittany Walls
[2023-02-01T19:10:26.792+0000] {logging_mixin.py:137} INFO - Gail Brooks
[2023-02-01T19:10:26.795+0000] {logging_mixin.py:137} INFO - Valerie Johnson
[2023-02-01T19:10:26.802+0000] {logging_mixin.py:137} INFO - Jessica Dunn
[2023-02-01T19:10:26.804+0000] {logging_mixin.py:137} INFO - Chad Robinson
[2023-02-01T19:10:26.805+0000] {logging_mixin.py:137} INFO - Catherine Combs
[2023-02-01T19:10:26.807+0000] {logging_mixin.py:137} INFO - Joshua Boyd
[2023-02-01T19:10:26.809+0000] {logging_mixin.py:137} INFO - Alicia Barnett DVM
[2023-02-01T19:10:26.811+0000] {logging_mixin.py:137} INFO - Kevin Cervantes
[2023-02-01T19:10:26.813+0000] {logging_mixin.py:137} INFO - Larry Lester
[2023-02-01T19:10:26.815+0000] {logging_mixin.py:137} INFO - Deanna Espinoza
[2023-02-01T19:10:26.816+0000] {logging_mixin.py:137} INFO - Marilyn Davis
[2023-02-01T19:10:26.818+0000] {logging_mixin.py:137} INFO - Michael Weeks
[2023-02-01T19:10:26.828+0000] {logging_mixin.py:137} INFO - Brandon Stanton
[2023-02-01T19:10:26.830+0000] {logging_mixin.py:137} INFO - Ryan Boyer Jr.
[2023-02-01T19:10:26.831+0000] {logging_mixin.py:137} INFO - Amanda Elliott
[2023-02-01T19:10:26.836+0000] {logging_mixin.py:137} INFO - David Moore
[2023-02-01T19:10:26.839+0000] {logging_mixin.py:137} INFO - Andre Williams
[2023-02-01T19:10:26.853+0000] {logging_mixin.py:137} INFO - Jennifer Garcia
[2023-02-01T19:10:26.857+0000] {logging_mixin.py:137} INFO - Tracey Cook
[2023-02-01T19:10:26.859+0000] {logging_mixin.py:137} INFO - Michael Turner
[2023-02-01T19:10:26.865+0000] {logging_mixin.py:137} INFO - Diana Long
[2023-02-01T19:10:26.869+0000] {logging_mixin.py:137} INFO - John Bradley
[2023-02-01T19:10:26.875+0000] {logging_mixin.py:137} INFO - Ann Benjamin
[2023-02-01T19:10:26.879+0000] {logging_mixin.py:137} INFO - Shane House
[2023-02-01T19:10:26.881+0000] {logging_mixin.py:137} INFO - Erin Lee
[2023-02-01T19:10:26.884+0000] {logging_mixin.py:137} INFO - Joseph Gray
[2023-02-01T19:10:26.886+0000] {logging_mixin.py:137} INFO - Betty Gibson
[2023-02-01T19:10:26.891+0000] {logging_mixin.py:137} INFO - Kristen Graham
[2023-02-01T19:10:26.893+0000] {logging_mixin.py:137} INFO - Daniel Meza
[2023-02-01T19:10:26.897+0000] {logging_mixin.py:137} INFO - Sherri Carpenter
[2023-02-01T19:10:26.904+0000] {logging_mixin.py:137} INFO - Andrea Sanchez
[2023-02-01T19:10:26.910+0000] {logging_mixin.py:137} INFO - Jordan Rios
[2023-02-01T19:10:26.912+0000] {logging_mixin.py:137} INFO - Elizabeth Jackson
[2023-02-01T19:10:26.919+0000] {logging_mixin.py:137} INFO - Elizabeth Myers
[2023-02-01T19:10:26.921+0000] {logging_mixin.py:137} INFO - Juan Barnes
[2023-02-01T19:10:26.925+0000] {logging_mixin.py:137} INFO - Christopher Lozano
[2023-02-01T19:10:26.939+0000] {logging_mixin.py:137} INFO - Jacqueline Griffin
[2023-02-01T19:10:26.948+0000] {logging_mixin.py:137} INFO - Ryan Mason
[2023-02-01T19:10:26.952+0000] {logging_mixin.py:137} INFO - Jonathan Moore
[2023-02-01T19:10:26.954+0000] {logging_mixin.py:137} INFO - Abigail Landry
[2023-02-01T19:10:26.959+0000] {logging_mixin.py:137} INFO - Brenda Hernandez
[2023-02-01T19:10:26.962+0000] {logging_mixin.py:137} INFO - Zachary Pitts
[2023-02-01T19:10:26.967+0000] {logging_mixin.py:137} INFO - Amanda Rogers
[2023-02-01T19:10:26.969+0000] {logging_mixin.py:137} INFO - Cynthia Gray
[2023-02-01T19:10:26.977+0000] {logging_mixin.py:137} INFO - Tyler Barajas
[2023-02-01T19:10:26.980+0000] {logging_mixin.py:137} INFO - Michelle Leon
[2023-02-01T19:10:26.984+0000] {logging_mixin.py:137} INFO - Kathy Lang
[2023-02-01T19:10:26.986+0000] {logging_mixin.py:137} INFO - Scott Townsend MD
[2023-02-01T19:10:26.989+0000] {logging_mixin.py:137} INFO - Theresa Acosta
[2023-02-01T19:10:26.993+0000] {logging_mixin.py:137} INFO - David Jones
[2023-02-01T19:10:26.998+0000] {logging_mixin.py:137} INFO - Jeremy Robinson
[2023-02-01T19:10:27.002+0000] {logging_mixin.py:137} INFO - James Newton
[2023-02-01T19:10:27.005+0000] {logging_mixin.py:137} INFO - Tracey Wells
[2023-02-01T19:10:27.007+0000] {logging_mixin.py:137} INFO - Maria Nelson
[2023-02-01T19:10:27.009+0000] {logging_mixin.py:137} INFO - Christopher Griffith
[2023-02-01T19:10:27.011+0000] {logging_mixin.py:137} INFO - Zachary Griffin
[2023-02-01T19:10:27.017+0000] {logging_mixin.py:137} INFO - Amy Nguyen
[2023-02-01T19:10:27.018+0000] {logging_mixin.py:137} INFO - April Williams
[2023-02-01T19:10:27.020+0000] {logging_mixin.py:137} INFO - Marissa Kelly
[2023-02-01T19:10:27.025+0000] {logging_mixin.py:137} INFO - Brian Lopez PhD
[2023-02-01T19:10:27.033+0000] {logging_mixin.py:137} INFO - William Williams
[2023-02-01T19:10:27.037+0000] {logging_mixin.py:137} INFO - Norman Brown
[2023-02-01T19:10:27.047+0000] {logging_mixin.py:137} INFO - Charles Fuentes
[2023-02-01T19:10:27.053+0000] {logging_mixin.py:137} INFO - Anthony Chang
[2023-02-01T19:10:27.055+0000] {logging_mixin.py:137} INFO - Mary Bell
[2023-02-01T19:10:27.059+0000] {logging_mixin.py:137} INFO - Elizabeth Stuart
[2023-02-01T19:10:27.074+0000] {logging_mixin.py:137} INFO - Mary Mcdonald
[2023-02-01T19:10:27.078+0000] {logging_mixin.py:137} INFO - Martin Harrison
[2023-02-01T19:10:27.084+0000] {logging_mixin.py:137} INFO - Stephanie Fernandez
[2023-02-01T19:10:27.085+0000] {logging_mixin.py:137} INFO - Christopher Brown
[2023-02-01T19:10:27.088+0000] {logging_mixin.py:137} INFO - Alexander Stephenson
[2023-02-01T19:10:27.093+0000] {logging_mixin.py:137} INFO - Grace Diaz
[2023-02-01T19:10:27.102+0000] {logging_mixin.py:137} INFO - Frank Bartlett
[2023-02-01T19:10:27.110+0000] {logging_mixin.py:137} INFO - Audrey Andersen
[2023-02-01T19:10:27.114+0000] {logging_mixin.py:137} INFO - David Green
[2023-02-01T19:10:27.123+0000] {logging_mixin.py:137} INFO - Joshua Diaz Jr.
[2023-02-01T19:10:27.126+0000] {logging_mixin.py:137} INFO - Emily Garcia
[2023-02-01T19:10:27.133+0000] {logging_mixin.py:137} INFO - Devin Hall
[2023-02-01T19:10:27.139+0000] {logging_mixin.py:137} INFO - Phillip Garner
[2023-02-01T19:10:27.149+0000] {logging_mixin.py:137} INFO - Katherine Estrada
[2023-02-01T19:10:27.155+0000] {logging_mixin.py:137} INFO - Corey Saunders
[2023-02-01T19:10:27.158+0000] {logging_mixin.py:137} INFO - Kimberly Collins
[2023-02-01T19:10:27.161+0000] {logging_mixin.py:137} INFO - Amy Elliott
[2023-02-01T19:10:27.162+0000] {logging_mixin.py:137} INFO - Tanya Jones
[2023-02-01T19:10:27.164+0000] {logging_mixin.py:137} INFO - Patricia Gonzalez
[2023-02-01T19:10:27.168+0000] {logging_mixin.py:137} INFO - Jennifer Hill
[2023-02-01T19:10:27.173+0000] {logging_mixin.py:137} INFO - John Haynes
[2023-02-01T19:10:27.176+0000] {logging_mixin.py:137} INFO - Jacob Henry
[2023-02-01T19:10:27.177+0000] {logging_mixin.py:137} INFO - Daniel Clark
[2023-02-01T19:10:27.180+0000] {logging_mixin.py:137} INFO - Jonathon Taylor
[2023-02-01T19:10:27.181+0000] {logging_mixin.py:137} INFO - Jesse Evans
[2023-02-01T19:10:27.183+0000] {logging_mixin.py:137} INFO - James Martinez
[2023-02-01T19:10:27.185+0000] {logging_mixin.py:137} INFO - Kyle Reyes
[2023-02-01T19:10:27.186+0000] {logging_mixin.py:137} INFO - Terrence Barker
[2023-02-01T19:10:27.188+0000] {logging_mixin.py:137} INFO - Anthony Washington
[2023-02-01T19:10:27.189+0000] {logging_mixin.py:137} INFO - Dustin Le
[2023-02-01T19:10:27.191+0000] {logging_mixin.py:137} INFO - Bruce Clark
[2023-02-01T19:10:27.193+0000] {logging_mixin.py:137} INFO - Keith Anthony
[2023-02-01T19:10:27.195+0000] {logging_mixin.py:137} INFO - Jeremiah Stone
[2023-02-01T19:10:27.197+0000] {logging_mixin.py:137} INFO - Michael Haley
[2023-02-01T19:10:27.200+0000] {logging_mixin.py:137} INFO - Regina Carrillo
[2023-02-01T19:10:27.207+0000] {logging_mixin.py:137} INFO - Jacob Lee
[2023-02-01T19:10:27.209+0000] {logging_mixin.py:137} INFO - Thomas Gonzalez
[2023-02-01T19:10:27.212+0000] {logging_mixin.py:137} INFO - Mark Lawrence
[2023-02-01T19:10:27.216+0000] {logging_mixin.py:137} INFO - Matthew Anderson
[2023-02-01T19:10:27.218+0000] {logging_mixin.py:137} INFO - Nicholas Young
[2023-02-01T19:10:27.220+0000] {logging_mixin.py:137} INFO - Melvin Martinez
[2023-02-01T19:10:27.221+0000] {logging_mixin.py:137} INFO - Scott Green
[2023-02-01T19:10:27.224+0000] {logging_mixin.py:137} INFO - Dana Richards
[2023-02-01T19:10:27.225+0000] {logging_mixin.py:137} INFO - Lauren Moore
[2023-02-01T19:10:27.228+0000] {logging_mixin.py:137} INFO - Terry Campbell
[2023-02-01T19:10:27.232+0000] {logging_mixin.py:137} INFO - Ralph Jordan
[2023-02-01T19:10:27.237+0000] {logging_mixin.py:137} INFO - Noah Reyes
[2023-02-01T19:10:27.240+0000] {logging_mixin.py:137} INFO - Mr. Gregory Mills MD
[2023-02-01T19:10:27.248+0000] {logging_mixin.py:137} INFO - Michelle Yates
[2023-02-01T19:10:27.251+0000] {logging_mixin.py:137} INFO - Robin Reyes
[2023-02-01T19:10:27.257+0000] {logging_mixin.py:137} INFO - Rebecca Smith
[2023-02-01T19:10:27.263+0000] {logging_mixin.py:137} INFO - Nicole Torres
[2023-02-01T19:10:27.268+0000] {logging_mixin.py:137} INFO - Ronald Jones
[2023-02-01T19:10:27.271+0000] {logging_mixin.py:137} INFO - Michael Castaneda
[2023-02-01T19:10:27.272+0000] {logging_mixin.py:137} INFO - Christopher Krueger
[2023-02-01T19:10:27.274+0000] {logging_mixin.py:137} INFO - Jennifer Werner
[2023-02-01T19:10:27.281+0000] {logging_mixin.py:137} INFO - Ashley Smith
[2023-02-01T19:10:27.286+0000] {logging_mixin.py:137} INFO - Alyssa Fields
[2023-02-01T19:10:27.290+0000] {logging_mixin.py:137} INFO - John Scott
[2023-02-01T19:10:27.302+0000] {logging_mixin.py:137} INFO - Debra Delacruz
[2023-02-01T19:10:27.313+0000] {logging_mixin.py:137} INFO - James Madden
[2023-02-01T19:10:27.318+0000] {logging_mixin.py:137} INFO - Joseph Gentry
[2023-02-01T19:10:27.327+0000] {logging_mixin.py:137} INFO - Ashley Cabrera
[2023-02-01T19:10:27.330+0000] {logging_mixin.py:137} INFO - Jennifer Fernandez
[2023-02-01T19:10:27.331+0000] {logging_mixin.py:137} INFO - James Harris
[2023-02-01T19:10:27.332+0000] {logging_mixin.py:137} INFO - Candice Young
[2023-02-01T19:10:27.334+0000] {logging_mixin.py:137} INFO - Lisa Baker
[2023-02-01T19:10:27.337+0000] {logging_mixin.py:137} INFO - Brian Mills DDS
[2023-02-01T19:10:27.340+0000] {logging_mixin.py:137} INFO - Kristin Smith
[2023-02-01T19:10:27.343+0000] {logging_mixin.py:137} INFO - Jacob Collins
[2023-02-01T19:10:27.347+0000] {logging_mixin.py:137} INFO - Kimberly Harris
[2023-02-01T19:10:27.354+0000] {logging_mixin.py:137} INFO - Michael Hull
[2023-02-01T19:10:27.359+0000] {logging_mixin.py:137} INFO - Caitlin Todd
[2023-02-01T19:10:27.365+0000] {logging_mixin.py:137} INFO - Lisa Harris
[2023-02-01T19:10:27.366+0000] {logging_mixin.py:137} INFO - Mrs. Ann Stone
[2023-02-01T19:10:27.368+0000] {logging_mixin.py:137} INFO - Michelle Case
[2023-02-01T19:10:27.389+0000] {logging_mixin.py:137} INFO - Joe Lowe
[2023-02-01T19:10:27.397+0000] {logging_mixin.py:137} INFO - Randall Dunn
[2023-02-01T19:10:27.411+0000] {logging_mixin.py:137} INFO - Paula Vargas
[2023-02-01T19:10:27.419+0000] {logging_mixin.py:137} INFO - Daniel Walker
[2023-02-01T19:10:27.423+0000] {logging_mixin.py:137} INFO - James Jackson
[2023-02-01T19:10:27.425+0000] {logging_mixin.py:137} INFO - Shirley Woodard
[2023-02-01T19:10:27.428+0000] {logging_mixin.py:137} INFO - James Hayes
[2023-02-01T19:10:27.430+0000] {logging_mixin.py:137} INFO - Megan Austin
[2023-02-01T19:10:27.432+0000] {logging_mixin.py:137} INFO - Erin Robertson
[2023-02-01T19:10:27.437+0000] {logging_mixin.py:137} INFO - Robert Phillips
[2023-02-01T19:10:27.440+0000] {logging_mixin.py:137} INFO - Amy Torres
[2023-02-01T19:10:27.441+0000] {logging_mixin.py:137} INFO - Joshua Cox
[2023-02-01T19:10:27.443+0000] {logging_mixin.py:137} INFO - Duane Grimes
[2023-02-01T19:10:27.444+0000] {logging_mixin.py:137} INFO - Jennifer Burgess
[2023-02-01T19:10:27.446+0000] {logging_mixin.py:137} INFO - Carlos Duran
[2023-02-01T19:10:27.447+0000] {logging_mixin.py:137} INFO - Jason Johnson
[2023-02-01T19:10:27.451+0000] {logging_mixin.py:137} INFO - Cameron Greer
[2023-02-01T19:10:27.457+0000] {logging_mixin.py:137} INFO - Randall Williams
[2023-02-01T19:10:27.460+0000] {logging_mixin.py:137} INFO - Jessica Harris
[2023-02-01T19:10:27.462+0000] {logging_mixin.py:137} INFO - Joshua Rogers
[2023-02-01T19:10:27.464+0000] {logging_mixin.py:137} INFO - Jose Mahoney
[2023-02-01T19:10:27.468+0000] {logging_mixin.py:137} INFO - Brandy Fuentes
[2023-02-01T19:10:27.475+0000] {logging_mixin.py:137} INFO - Angelica Matthews
[2023-02-01T19:10:27.482+0000] {logging_mixin.py:137} INFO - Glenn Caldwell
[2023-02-01T19:10:27.488+0000] {logging_mixin.py:137} INFO - Cristian Delacruz
[2023-02-01T19:10:27.490+0000] {logging_mixin.py:137} INFO - Alexandra Price
[2023-02-01T19:10:27.497+0000] {logging_mixin.py:137} INFO - Heather Wilson
[2023-02-01T19:10:27.499+0000] {logging_mixin.py:137} INFO - Shawn Thompson
[2023-02-01T19:10:27.500+0000] {logging_mixin.py:137} INFO - Anna Daniel
[2023-02-01T19:10:27.502+0000] {logging_mixin.py:137} INFO - Joseph Cisneros
[2023-02-01T19:10:27.504+0000] {logging_mixin.py:137} INFO - Rebecca Estes
[2023-02-01T19:10:27.506+0000] {logging_mixin.py:137} INFO - Jeremy Porter
[2023-02-01T19:10:27.508+0000] {logging_mixin.py:137} INFO - Lisa Mann
[2023-02-01T19:10:27.515+0000] {logging_mixin.py:137} INFO - Michael Woods
[2023-02-01T19:10:27.517+0000] {logging_mixin.py:137} INFO - Madison Thompson
[2023-02-01T19:10:27.518+0000] {logging_mixin.py:137} INFO - Nancy Gomez
[2023-02-01T19:10:27.520+0000] {logging_mixin.py:137} INFO - Julie Blanchard
[2023-02-01T19:10:27.527+0000] {logging_mixin.py:137} INFO - Michael Smith
[2023-02-01T19:10:27.529+0000] {logging_mixin.py:137} INFO - Angel Huber
[2023-02-01T19:10:27.534+0000] {logging_mixin.py:137} INFO - Michael Coffey
[2023-02-01T19:10:27.540+0000] {logging_mixin.py:137} INFO - Patrick Walter
[2023-02-01T19:10:27.542+0000] {logging_mixin.py:137} INFO - Curtis Davis
[2023-02-01T19:10:27.545+0000] {logging_mixin.py:137} INFO - Kyle Stewart
[2023-02-01T19:10:27.548+0000] {logging_mixin.py:137} INFO - Angela Jimenez
[2023-02-01T19:10:27.558+0000] {logging_mixin.py:137} INFO - Andrew Martinez
[2023-02-01T19:10:27.561+0000] {logging_mixin.py:137} INFO - Angela West
[2023-02-01T19:10:27.570+0000] {logging_mixin.py:137} INFO - Ryan Young
[2023-02-01T19:10:27.573+0000] {logging_mixin.py:137} INFO - Nathaniel Evans
[2023-02-01T19:10:27.575+0000] {logging_mixin.py:137} INFO - Dawn Bryant
[2023-02-01T19:10:27.579+0000] {logging_mixin.py:137} INFO - Danielle Lewis
[2023-02-01T19:10:27.581+0000] {logging_mixin.py:137} INFO - Matthew Newman
[2023-02-01T19:10:27.584+0000] {logging_mixin.py:137} INFO - Robert Smith
[2023-02-01T19:10:27.587+0000] {logging_mixin.py:137} INFO - Melissa Hicks
[2023-02-01T19:10:27.592+0000] {logging_mixin.py:137} INFO - Emily Lambert
[2023-02-01T19:10:27.604+0000] {logging_mixin.py:137} INFO - Krystal Wolfe
[2023-02-01T19:10:27.607+0000] {logging_mixin.py:137} INFO - Donna Murillo
[2023-02-01T19:10:27.611+0000] {logging_mixin.py:137} INFO - Carl Hudson
[2023-02-01T19:10:27.616+0000] {logging_mixin.py:137} INFO - Robert Wilson
[2023-02-01T19:10:27.620+0000] {logging_mixin.py:137} INFO - Patrick Mathis
[2023-02-01T19:10:27.622+0000] {logging_mixin.py:137} INFO - Michael Suarez
[2023-02-01T19:10:27.625+0000] {logging_mixin.py:137} INFO - David Johnson
[2023-02-01T19:10:27.628+0000] {logging_mixin.py:137} INFO - William Thompson
[2023-02-01T19:10:27.629+0000] {logging_mixin.py:137} INFO - Jessica Hansen DVM
[2023-02-01T19:10:27.631+0000] {logging_mixin.py:137} INFO - Katherine Friedman
[2023-02-01T19:10:27.633+0000] {logging_mixin.py:137} INFO - Jillian Johnson
[2023-02-01T19:10:27.635+0000] {logging_mixin.py:137} INFO - Robert Mckee
[2023-02-01T19:10:27.637+0000] {logging_mixin.py:137} INFO - Rachel Little
[2023-02-01T19:10:27.643+0000] {logging_mixin.py:137} INFO - Patricia Smith
[2023-02-01T19:10:27.647+0000] {logging_mixin.py:137} INFO - Heidi Martinez
[2023-02-01T19:10:27.650+0000] {logging_mixin.py:137} INFO - Caitlin Solomon
[2023-02-01T19:10:27.655+0000] {logging_mixin.py:137} INFO - Dr. Olivia Pugh
[2023-02-01T19:10:27.659+0000] {logging_mixin.py:137} INFO - John Steele DDS
[2023-02-01T19:10:27.662+0000] {logging_mixin.py:137} INFO - Jeremy Mathews
[2023-02-01T19:10:27.664+0000] {logging_mixin.py:137} INFO - Tiffany Hill
[2023-02-01T19:10:27.666+0000] {logging_mixin.py:137} INFO - Steven Edwards
[2023-02-01T19:10:27.670+0000] {logging_mixin.py:137} INFO - Charles Campbell
[2023-02-01T19:10:27.671+0000] {logging_mixin.py:137} INFO - Brett Hughes
[2023-02-01T19:10:27.678+0000] {logging_mixin.py:137} INFO - Christina Villegas
[2023-02-01T19:10:27.683+0000] {logging_mixin.py:137} INFO - Anthony Garcia
[2023-02-01T19:10:27.687+0000] {logging_mixin.py:137} INFO - Nathan Murphy
[2023-02-01T19:10:27.699+0000] {logging_mixin.py:137} INFO - Steven Dodson
[2023-02-01T19:10:27.704+0000] {logging_mixin.py:137} INFO - Brian Sullivan
[2023-02-01T19:10:27.711+0000] {logging_mixin.py:137} INFO - Renee White
[2023-02-01T19:10:27.714+0000] {logging_mixin.py:137} INFO - Laura Rowland
[2023-02-01T19:10:27.716+0000] {logging_mixin.py:137} INFO - John Moore
[2023-02-01T19:10:27.719+0000] {logging_mixin.py:137} INFO - Sophia Mckenzie
[2023-02-01T19:10:27.721+0000] {logging_mixin.py:137} INFO - David Roach
[2023-02-01T19:10:27.727+0000] {logging_mixin.py:137} INFO - Jennifer Patterson
[2023-02-01T19:10:27.730+0000] {logging_mixin.py:137} INFO - James Richards
[2023-02-01T19:10:27.733+0000] {logging_mixin.py:137} INFO - Mary Johnston
[2023-02-01T19:10:27.740+0000] {logging_mixin.py:137} INFO - Brandon Mcdaniel
[2023-02-01T19:10:27.756+0000] {logging_mixin.py:137} INFO - Meghan Stevenson
[2023-02-01T19:10:27.769+0000] {logging_mixin.py:137} INFO - Luis Hayes
[2023-02-01T19:10:27.801+0000] {logging_mixin.py:137} INFO - Alejandra Sloan
[2023-02-01T19:10:27.811+0000] {logging_mixin.py:137} INFO - Dr. Sandra Miller
[2023-02-01T19:10:27.827+0000] {logging_mixin.py:137} INFO - Dustin Bond
[2023-02-01T19:10:27.829+0000] {logging_mixin.py:137} INFO - Julia Patrick MD
[2023-02-01T19:10:27.831+0000] {logging_mixin.py:137} INFO - Jill Campbell
[2023-02-01T19:10:27.832+0000] {logging_mixin.py:137} INFO - Mark Ford
[2023-02-01T19:10:27.834+0000] {logging_mixin.py:137} INFO - Brian Long
[2023-02-01T19:10:27.837+0000] {logging_mixin.py:137} INFO - Lisa Peterson
[2023-02-01T19:10:27.841+0000] {logging_mixin.py:137} INFO - Matthew Lee
[2023-02-01T19:10:27.844+0000] {logging_mixin.py:137} INFO - Bradley Miller
[2023-02-01T19:10:27.853+0000] {logging_mixin.py:137} INFO - Jeffrey Moss
[2023-02-01T19:10:27.861+0000] {logging_mixin.py:137} INFO - Sara Carlson
[2023-02-01T19:10:27.865+0000] {logging_mixin.py:137} INFO - Daniel Rodriguez
[2023-02-01T19:10:27.870+0000] {logging_mixin.py:137} INFO - Jeremy David
[2023-02-01T19:10:27.878+0000] {logging_mixin.py:137} INFO - Eric Green
[2023-02-01T19:10:27.885+0000] {logging_mixin.py:137} INFO - Alexis Jones
[2023-02-01T19:10:27.893+0000] {logging_mixin.py:137} INFO - Matthew Rose
[2023-02-01T19:10:27.900+0000] {logging_mixin.py:137} INFO - Catherine Anderson
[2023-02-01T19:10:27.905+0000] {logging_mixin.py:137} INFO - Holly Burton
[2023-02-01T19:10:27.910+0000] {logging_mixin.py:137} INFO - David Matthews
[2023-02-01T19:10:27.913+0000] {logging_mixin.py:137} INFO - Mrs. Kara Little
[2023-02-01T19:10:27.916+0000] {logging_mixin.py:137} INFO - Jeffrey Stanley
[2023-02-01T19:10:27.919+0000] {logging_mixin.py:137} INFO - James Ochoa
[2023-02-01T19:10:27.924+0000] {logging_mixin.py:137} INFO - Jason Frye
[2023-02-01T19:10:27.926+0000] {logging_mixin.py:137} INFO - Christopher Ellis
[2023-02-01T19:10:27.930+0000] {logging_mixin.py:137} INFO - Michelle Nixon
[2023-02-01T19:10:27.933+0000] {logging_mixin.py:137} INFO - Andrew Gill
[2023-02-01T19:10:27.951+0000] {logging_mixin.py:137} INFO - Jennifer Wilson
[2023-02-01T19:10:27.953+0000] {logging_mixin.py:137} INFO - Shawn Black
[2023-02-01T19:10:27.955+0000] {logging_mixin.py:137} INFO - April Patterson
[2023-02-01T19:10:27.959+0000] {logging_mixin.py:137} INFO - Troy Vaughn
[2023-02-01T19:10:27.967+0000] {logging_mixin.py:137} INFO - Alexandria White
[2023-02-01T19:10:27.971+0000] {logging_mixin.py:137} INFO - Scott Phillips
[2023-02-01T19:10:27.977+0000] {logging_mixin.py:137} INFO - Zachary Cisneros
[2023-02-01T19:10:27.981+0000] {logging_mixin.py:137} INFO - Deborah Brown
[2023-02-01T19:10:28.002+0000] {logging_mixin.py:137} INFO - Monica Moses
[2023-02-01T19:10:28.037+0000] {logging_mixin.py:137} INFO - Brenda Reyes
[2023-02-01T19:10:28.062+0000] {logging_mixin.py:137} INFO - Miss Renee Allen
[2023-02-01T19:10:28.071+0000] {logging_mixin.py:137} INFO - Susan Clark
[2023-02-01T19:10:28.086+0000] {logging_mixin.py:137} INFO - Brandy Coffey
[2023-02-01T19:10:28.091+0000] {logging_mixin.py:137} INFO - Brett Nelson
[2023-02-01T19:10:28.095+0000] {logging_mixin.py:137} INFO - Ricardo Young
[2023-02-01T19:10:28.099+0000] {logging_mixin.py:137} INFO - Paul Lee
[2023-02-01T19:10:28.102+0000] {logging_mixin.py:137} INFO - David Allen
[2023-02-01T19:10:28.105+0000] {logging_mixin.py:137} INFO - Andrea Knight
[2023-02-01T19:10:28.113+0000] {logging_mixin.py:137} INFO - James Gomez
[2023-02-01T19:10:28.116+0000] {logging_mixin.py:137} INFO - Melody Gibson
[2023-02-01T19:10:28.119+0000] {logging_mixin.py:137} INFO - Christina Martinez
[2023-02-01T19:10:28.121+0000] {logging_mixin.py:137} INFO - Shelby Smith
[2023-02-01T19:10:28.123+0000] {logging_mixin.py:137} INFO - Jason Howard
[2023-02-01T19:10:28.127+0000] {logging_mixin.py:137} INFO - Amy Davidson
[2023-02-01T19:10:28.130+0000] {logging_mixin.py:137} INFO - Kyle Copeland
[2023-02-01T19:10:28.133+0000] {logging_mixin.py:137} INFO - Madeline Davis
[2023-02-01T19:10:28.136+0000] {logging_mixin.py:137} INFO - Aaron Young
[2023-02-01T19:10:28.139+0000] {logging_mixin.py:137} INFO - Lisa Barrett
[2023-02-01T19:10:28.144+0000] {logging_mixin.py:137} INFO - Joel Jones
[2023-02-01T19:10:28.146+0000] {logging_mixin.py:137} INFO - Christine Evans
[2023-02-01T19:10:28.150+0000] {logging_mixin.py:137} INFO - Kimberly Johnson
[2023-02-01T19:10:28.153+0000] {logging_mixin.py:137} INFO - Charles Hess
[2023-02-01T19:10:28.158+0000] {logging_mixin.py:137} INFO - Paul Dixon
[2023-02-01T19:10:28.163+0000] {logging_mixin.py:137} INFO - Christopher Johnson
[2023-02-01T19:10:28.169+0000] {logging_mixin.py:137} INFO - Robert Dawson
[2023-02-01T19:10:28.175+0000] {logging_mixin.py:137} INFO - Ryan Dixon
[2023-02-01T19:10:28.179+0000] {logging_mixin.py:137} INFO - Julie Martinez
[2023-02-01T19:10:28.182+0000] {logging_mixin.py:137} INFO - David Adams
[2023-02-01T19:10:28.184+0000] {logging_mixin.py:137} INFO - Mariah Brown
[2023-02-01T19:10:28.190+0000] {logging_mixin.py:137} INFO - Deborah Malone
[2023-02-01T19:10:28.194+0000] {logging_mixin.py:137} INFO - John Brown
[2023-02-01T19:10:28.196+0000] {logging_mixin.py:137} INFO - Maria Stewart
[2023-02-01T19:10:28.198+0000] {logging_mixin.py:137} INFO - Mr. Bryan Hawkins
[2023-02-01T19:10:28.199+0000] {logging_mixin.py:137} INFO - Kyle Brooks
[2023-02-01T19:10:28.210+0000] {logging_mixin.py:137} INFO - Kenneth White
[2023-02-01T19:10:28.212+0000] {logging_mixin.py:137} INFO - Patricia Wilson
[2023-02-01T19:10:28.216+0000] {logging_mixin.py:137} INFO - Paul Soto
[2023-02-01T19:10:28.221+0000] {logging_mixin.py:137} INFO - Janice Garrett
[2023-02-01T19:10:28.223+0000] {logging_mixin.py:137} INFO - Randy Strickland
[2023-02-01T19:10:28.232+0000] {logging_mixin.py:137} INFO - Felicia Herrera
[2023-02-01T19:10:28.237+0000] {logging_mixin.py:137} INFO - Andre Campos
[2023-02-01T19:10:28.242+0000] {logging_mixin.py:137} INFO - Justin Meyer
[2023-02-01T19:10:28.244+0000] {logging_mixin.py:137} INFO - Brandon Brooks
[2023-02-01T19:10:28.252+0000] {logging_mixin.py:137} INFO - Abigail Rivera
[2023-02-01T19:10:28.254+0000] {logging_mixin.py:137} INFO - Jessica Mann
[2023-02-01T19:10:28.257+0000] {logging_mixin.py:137} INFO - Michael Sawyer
[2023-02-01T19:10:28.260+0000] {logging_mixin.py:137} INFO - Jeffrey Coleman
[2023-02-01T19:10:28.269+0000] {logging_mixin.py:137} INFO - Micheal Castro
[2023-02-01T19:10:28.273+0000] {logging_mixin.py:137} INFO - Laura Gonzalez
[2023-02-01T19:10:28.281+0000] {logging_mixin.py:137} INFO - Christopher Jackson
[2023-02-01T19:10:28.286+0000] {logging_mixin.py:137} INFO - William Mckenzie
[2023-02-01T19:10:28.290+0000] {logging_mixin.py:137} INFO - Kristina Rodriguez
[2023-02-01T19:10:28.292+0000] {logging_mixin.py:137} INFO - Kelli Williams
[2023-02-01T19:10:28.297+0000] {logging_mixin.py:137} INFO - Diane Norris
[2023-02-01T19:10:28.299+0000] {logging_mixin.py:137} INFO - Kevin Carroll
[2023-02-01T19:10:28.311+0000] {logging_mixin.py:137} INFO - Betty Weber
[2023-02-01T19:10:28.314+0000] {logging_mixin.py:137} INFO - Jeffery Robinson
[2023-02-01T19:10:28.320+0000] {logging_mixin.py:137} INFO - Hannah Cowan
[2023-02-01T19:10:28.321+0000] {logging_mixin.py:137} INFO - Brian Kramer
[2023-02-01T19:10:28.324+0000] {logging_mixin.py:137} INFO - Anthony Roberts
[2023-02-01T19:10:28.326+0000] {logging_mixin.py:137} INFO - Ricardo Blankenship
[2023-02-01T19:10:28.327+0000] {logging_mixin.py:137} INFO - Brooke Collins
[2023-02-01T19:10:28.328+0000] {logging_mixin.py:137} INFO - Tammy Lawson
[2023-02-01T19:10:28.330+0000] {logging_mixin.py:137} INFO - Cody Miller
[2023-02-01T19:10:28.332+0000] {logging_mixin.py:137} INFO - Dr. Janice Salazar
[2023-02-01T19:10:28.335+0000] {logging_mixin.py:137} INFO - David West
[2023-02-01T19:10:28.341+0000] {logging_mixin.py:137} INFO - Robin Carpenter
[2023-02-01T19:10:28.342+0000] {logging_mixin.py:137} INFO - Monique Wall
[2023-02-01T19:10:28.351+0000] {logging_mixin.py:137} INFO - Charles Cardenas
[2023-02-01T19:10:28.352+0000] {logging_mixin.py:137} INFO - Valerie Mitchell
[2023-02-01T19:10:28.354+0000] {logging_mixin.py:137} INFO - Michelle Valenzuela
[2023-02-01T19:10:28.356+0000] {logging_mixin.py:137} INFO - William Poole
[2023-02-01T19:10:28.358+0000] {logging_mixin.py:137} INFO - James Hall
[2023-02-01T19:10:28.359+0000] {logging_mixin.py:137} INFO - Dylan Carpenter
[2023-02-01T19:10:28.361+0000] {logging_mixin.py:137} INFO - Linda Medina
[2023-02-01T19:10:28.363+0000] {logging_mixin.py:137} INFO - Joan White
[2023-02-01T19:10:28.366+0000] {logging_mixin.py:137} INFO - Mary Klein
[2023-02-01T19:10:28.373+0000] {logging_mixin.py:137} INFO - Ashley Wolf
[2023-02-01T19:10:28.377+0000] {logging_mixin.py:137} INFO - William Reed
[2023-02-01T19:10:28.380+0000] {logging_mixin.py:137} INFO - Derek Harvey
[2023-02-01T19:10:28.381+0000] {logging_mixin.py:137} INFO - Kathleen Rodriguez
[2023-02-01T19:10:28.384+0000] {logging_mixin.py:137} INFO - Andrew Rodriguez
[2023-02-01T19:10:28.400+0000] {logging_mixin.py:137} INFO - Ariel Frank
[2023-02-01T19:10:28.403+0000] {logging_mixin.py:137} INFO - Tina French
[2023-02-01T19:10:28.406+0000] {logging_mixin.py:137} INFO - Brent Waller
[2023-02-01T19:10:28.408+0000] {logging_mixin.py:137} INFO - Kevin Allen
[2023-02-01T19:10:28.410+0000] {logging_mixin.py:137} INFO - Xavier Walker
[2023-02-01T19:10:28.412+0000] {logging_mixin.py:137} INFO - Michelle Sanchez
[2023-02-01T19:10:28.414+0000] {logging_mixin.py:137} INFO - Rachael Shepard
[2023-02-01T19:10:28.418+0000] {logging_mixin.py:137} INFO - Kelsey Johnson
[2023-02-01T19:10:28.420+0000] {logging_mixin.py:137} INFO - Nicole Webb
[2023-02-01T19:10:28.427+0000] {logging_mixin.py:137} INFO - Nicholas Rodriguez
[2023-02-01T19:10:28.435+0000] {logging_mixin.py:137} INFO - Eric Vaughan
[2023-02-01T19:10:28.437+0000] {logging_mixin.py:137} INFO - Amanda Richardson
[2023-02-01T19:10:28.439+0000] {logging_mixin.py:137} INFO - Janice Carlson
[2023-02-01T19:10:28.445+0000] {logging_mixin.py:137} INFO - Darryl Walsh
[2023-02-01T19:10:28.448+0000] {logging_mixin.py:137} INFO - Heather Johnson
[2023-02-01T19:10:28.451+0000] {logging_mixin.py:137} INFO - Mark Chambers
[2023-02-01T19:10:28.455+0000] {logging_mixin.py:137} INFO - Tracy Burns
[2023-02-01T19:10:28.465+0000] {logging_mixin.py:137} INFO - John Cole
[2023-02-01T19:10:28.470+0000] {logging_mixin.py:137} INFO - Deborah Silva
[2023-02-01T19:10:28.473+0000] {logging_mixin.py:137} INFO - Shawn Hernandez
[2023-02-01T19:10:28.475+0000] {logging_mixin.py:137} INFO - Bethany Meyer
[2023-02-01T19:10:28.476+0000] {logging_mixin.py:137} INFO - Helen Smith
[2023-02-01T19:10:28.483+0000] {logging_mixin.py:137} INFO - Dana Dennis
[2023-02-01T19:10:28.487+0000] {logging_mixin.py:137} INFO - Kelsey Camacho
[2023-02-01T19:10:28.490+0000] {logging_mixin.py:137} INFO - Matthew Thomas
[2023-02-01T19:10:28.499+0000] {logging_mixin.py:137} INFO - Brittany Arellano
[2023-02-01T19:10:28.501+0000] {logging_mixin.py:137} INFO - Stacey Jones
[2023-02-01T19:10:28.503+0000] {logging_mixin.py:137} INFO - William Weeks
[2023-02-01T19:10:28.505+0000] {logging_mixin.py:137} INFO - Mark Beasley
[2023-02-01T19:10:28.507+0000] {logging_mixin.py:137} INFO - Bruce Pena
[2023-02-01T19:10:28.514+0000] {logging_mixin.py:137} INFO - Jeffery Smith
[2023-02-01T19:10:28.534+0000] {logging_mixin.py:137} INFO - Ann Deleon
[2023-02-01T19:10:28.538+0000] {logging_mixin.py:137} INFO - Kevin Robertson
[2023-02-01T19:10:28.552+0000] {logging_mixin.py:137} INFO - Vincent Willis MD
[2023-02-01T19:10:28.564+0000] {logging_mixin.py:137} INFO - Michael Nielsen
[2023-02-01T19:10:28.570+0000] {logging_mixin.py:137} INFO - Walter Koch
[2023-02-01T19:10:28.572+0000] {logging_mixin.py:137} INFO - Brian Vega
[2023-02-01T19:10:28.573+0000] {logging_mixin.py:137} INFO - Jeffrey Medina
[2023-02-01T19:10:28.575+0000] {logging_mixin.py:137} INFO - Erika Banks
[2023-02-01T19:10:28.578+0000] {logging_mixin.py:137} INFO - Stacey Griffin
[2023-02-01T19:10:28.582+0000] {logging_mixin.py:137} INFO - Michael Marsh
[2023-02-01T19:10:28.584+0000] {logging_mixin.py:137} INFO - Molly White
[2023-02-01T19:10:28.586+0000] {logging_mixin.py:137} INFO - Matthew Morrison
[2023-02-01T19:10:28.589+0000] {logging_mixin.py:137} INFO - Amanda Burns
[2023-02-01T19:10:28.595+0000] {logging_mixin.py:137} INFO - Emily Gonzalez DDS
[2023-02-01T19:10:28.597+0000] {logging_mixin.py:137} INFO - Gregory King
[2023-02-01T19:10:28.599+0000] {logging_mixin.py:137} INFO - Dennis Evans
[2023-02-01T19:10:28.601+0000] {logging_mixin.py:137} INFO - Christina Snyder
[2023-02-01T19:10:28.604+0000] {logging_mixin.py:137} INFO - Carolyn Mata
[2023-02-01T19:10:28.606+0000] {logging_mixin.py:137} INFO - Brandy Lawson
[2023-02-01T19:10:28.612+0000] {logging_mixin.py:137} INFO - Briana Christian
[2023-02-01T19:10:28.616+0000] {logging_mixin.py:137} INFO - Jeffrey Hernandez
[2023-02-01T19:10:28.618+0000] {logging_mixin.py:137} INFO - John Riggs
[2023-02-01T19:10:28.619+0000] {logging_mixin.py:137} INFO - Barbara Short
[2023-02-01T19:10:28.621+0000] {logging_mixin.py:137} INFO - Steven Brooks
[2023-02-01T19:10:28.622+0000] {logging_mixin.py:137} INFO - Gabrielle James
[2023-02-01T19:10:28.623+0000] {logging_mixin.py:137} INFO - Robert Young
[2023-02-01T19:10:28.625+0000] {logging_mixin.py:137} INFO - Derek Sanders
[2023-02-01T19:10:28.629+0000] {logging_mixin.py:137} INFO - Mallory Oliver
[2023-02-01T19:10:28.631+0000] {logging_mixin.py:137} INFO - Terry Howe
[2023-02-01T19:10:28.634+0000] {logging_mixin.py:137} INFO - Samuel Wallace
[2023-02-01T19:10:28.636+0000] {logging_mixin.py:137} INFO - Angel Jones
[2023-02-01T19:10:28.638+0000] {logging_mixin.py:137} INFO - Jacqueline Nichols
[2023-02-01T19:10:28.640+0000] {logging_mixin.py:137} INFO - Melissa Mcgee
[2023-02-01T19:10:28.642+0000] {logging_mixin.py:137} INFO - Michelle Smith
[2023-02-01T19:10:28.645+0000] {logging_mixin.py:137} INFO - Maureen Baxter
[2023-02-01T19:10:28.653+0000] {logging_mixin.py:137} INFO - Kathy Crawford
[2023-02-01T19:10:28.656+0000] {logging_mixin.py:137} INFO - Stacy Wood
[2023-02-01T19:10:28.662+0000] {logging_mixin.py:137} INFO - Justin Parsons
[2023-02-01T19:10:28.667+0000] {logging_mixin.py:137} INFO - Ann Klein
[2023-02-01T19:10:28.670+0000] {logging_mixin.py:137} INFO - Allison Arnold
[2023-02-01T19:10:28.678+0000] {logging_mixin.py:137} INFO - Heather Kirk
[2023-02-01T19:10:28.682+0000] {logging_mixin.py:137} INFO - Monica Smith
[2023-02-01T19:10:28.696+0000] {logging_mixin.py:137} INFO - Brett Oconnor
[2023-02-01T19:10:28.698+0000] {logging_mixin.py:137} INFO - Anthony Bryant
[2023-02-01T19:10:28.700+0000] {logging_mixin.py:137} INFO - Jeremy Russell
[2023-02-01T19:10:28.702+0000] {logging_mixin.py:137} INFO - Julie Poole
[2023-02-01T19:10:28.704+0000] {logging_mixin.py:137} INFO - Emma Thompson
[2023-02-01T19:10:28.706+0000] {logging_mixin.py:137} INFO - Bradley Matthews
[2023-02-01T19:10:28.708+0000] {logging_mixin.py:137} INFO - William Roberts
[2023-02-01T19:10:28.710+0000] {logging_mixin.py:137} INFO - Julie Mooney
[2023-02-01T19:10:28.714+0000] {logging_mixin.py:137} INFO - Amy Doyle
[2023-02-01T19:10:28.720+0000] {logging_mixin.py:137} INFO - Amanda Grant
[2023-02-01T19:10:28.744+0000] {logging_mixin.py:137} INFO - Eric Anderson
[2023-02-01T19:10:28.759+0000] {logging_mixin.py:137} INFO - George Thompson
[2023-02-01T19:10:28.771+0000] {logging_mixin.py:137} INFO - Dustin Hines
[2023-02-01T19:10:28.784+0000] {logging_mixin.py:137} INFO - Andrea Frank
[2023-02-01T19:10:28.788+0000] {logging_mixin.py:137} INFO - Jodi Cook
[2023-02-01T19:10:28.790+0000] {logging_mixin.py:137} INFO - Stacy Haney
[2023-02-01T19:10:28.797+0000] {logging_mixin.py:137} INFO - Paul Callahan
[2023-02-01T19:10:28.801+0000] {logging_mixin.py:137} INFO - Jasmine Chambers
[2023-02-01T19:10:28.803+0000] {logging_mixin.py:137} INFO - Melissa Pittman MD
[2023-02-01T19:10:28.805+0000] {logging_mixin.py:137} INFO - Deborah Larson
[2023-02-01T19:10:28.813+0000] {logging_mixin.py:137} INFO - Brandon Shaw
[2023-02-01T19:10:28.815+0000] {logging_mixin.py:137} INFO - Timothy Paul
[2023-02-01T19:10:28.818+0000] {logging_mixin.py:137} INFO - Michael Trujillo
[2023-02-01T19:10:28.819+0000] {logging_mixin.py:137} INFO - Robert Rivera
[2023-02-01T19:10:28.822+0000] {logging_mixin.py:137} INFO - Dana Nelson
[2023-02-01T19:10:28.826+0000] {logging_mixin.py:137} INFO - Andrea Bennett
[2023-02-01T19:10:28.828+0000] {logging_mixin.py:137} INFO - Jodi Fox
[2023-02-01T19:10:28.829+0000] {logging_mixin.py:137} INFO - Heather Hayes
[2023-02-01T19:10:28.830+0000] {logging_mixin.py:137} INFO - Jennifer Moreno
[2023-02-01T19:10:28.834+0000] {logging_mixin.py:137} INFO - John Patel
[2023-02-01T19:10:28.847+0000] {logging_mixin.py:137} INFO - Teresa Oliver
[2023-02-01T19:10:28.854+0000] {logging_mixin.py:137} INFO - Monique Bell
[2023-02-01T19:10:28.857+0000] {logging_mixin.py:137} INFO - Casey Leonard
[2023-02-01T19:10:28.864+0000] {logging_mixin.py:137} INFO - Steven Clark
[2023-02-01T19:10:28.866+0000] {logging_mixin.py:137} INFO - Edward Martin
[2023-02-01T19:10:28.875+0000] {logging_mixin.py:137} INFO - Shawn Orozco
[2023-02-01T19:10:28.877+0000] {logging_mixin.py:137} INFO - Brandon Yang
[2023-02-01T19:10:28.883+0000] {logging_mixin.py:137} INFO - Nathan Ray
[2023-02-01T19:10:28.885+0000] {logging_mixin.py:137} INFO - Lori Moore
[2023-02-01T19:10:28.887+0000] {logging_mixin.py:137} INFO - Dr. Lisa Shaw DVM
[2023-02-01T19:10:28.893+0000] {logging_mixin.py:137} INFO - Angela Walters
[2023-02-01T19:10:28.896+0000] {logging_mixin.py:137} INFO - David Nolan
[2023-02-01T19:10:28.899+0000] {logging_mixin.py:137} INFO - William Ramsey
[2023-02-01T19:10:28.901+0000] {logging_mixin.py:137} INFO - David Oconnor
[2023-02-01T19:10:28.909+0000] {logging_mixin.py:137} INFO - Mark Washington
[2023-02-01T19:10:28.912+0000] {logging_mixin.py:137} INFO - Jennifer Jacobs
[2023-02-01T19:10:28.916+0000] {logging_mixin.py:137} INFO - Tammy Hampton
[2023-02-01T19:10:28.920+0000] {logging_mixin.py:137} INFO - Stephen Farmer
[2023-02-01T19:10:28.924+0000] {logging_mixin.py:137} INFO - Jasmine Nguyen
[2023-02-01T19:10:28.941+0000] {logging_mixin.py:137} INFO - Rebecca Flores
[2023-02-01T19:10:28.943+0000] {logging_mixin.py:137} INFO - Tyler Davis
[2023-02-01T19:10:28.945+0000] {logging_mixin.py:137} INFO - Nancy Gray
[2023-02-01T19:10:28.951+0000] {logging_mixin.py:137} INFO - Brian Sanchez
[2023-02-01T19:10:28.953+0000] {logging_mixin.py:137} INFO - Laurie Shaw
[2023-02-01T19:10:28.956+0000] {logging_mixin.py:137} INFO - Kristina Torres
[2023-02-01T19:10:28.958+0000] {logging_mixin.py:137} INFO - Andrea Rodgers
[2023-02-01T19:10:28.960+0000] {logging_mixin.py:137} INFO - Jason Walters
[2023-02-01T19:10:28.962+0000] {logging_mixin.py:137} INFO - Jerry Moss
[2023-02-01T19:10:28.971+0000] {logging_mixin.py:137} INFO - Jeffrey Jordan
[2023-02-01T19:10:28.975+0000] {logging_mixin.py:137} INFO - Jennifer Wilson
[2023-02-01T19:10:28.977+0000] {logging_mixin.py:137} INFO - Trevor Mathews
[2023-02-01T19:10:28.979+0000] {logging_mixin.py:137} INFO - Anne Hood
[2023-02-01T19:10:28.982+0000] {logging_mixin.py:137} INFO - Sarah Williams
[2023-02-01T19:10:28.987+0000] {logging_mixin.py:137} INFO - Shelby Hernandez
[2023-02-01T19:10:28.990+0000] {logging_mixin.py:137} INFO - Samantha Velez
[2023-02-01T19:10:28.997+0000] {logging_mixin.py:137} INFO - Matthew Douglas
[2023-02-01T19:10:28.999+0000] {logging_mixin.py:137} INFO - Ashlee George
[2023-02-01T19:10:29.003+0000] {logging_mixin.py:137} INFO - Troy Crane
[2023-02-01T19:10:29.005+0000] {logging_mixin.py:137} INFO - Michael Cooper
[2023-02-01T19:10:29.015+0000] {logging_mixin.py:137} INFO - Michael White
[2023-02-01T19:10:29.016+0000] {logging_mixin.py:137} INFO - Mr. Timothy Fleming
[2023-02-01T19:10:29.018+0000] {logging_mixin.py:137} INFO - Seth Bruce
[2023-02-01T19:10:29.022+0000] {logging_mixin.py:137} INFO - Jacqueline Carpenter
[2023-02-01T19:10:29.031+0000] {logging_mixin.py:137} INFO - Michael Martin
[2023-02-01T19:10:29.034+0000] {logging_mixin.py:137} INFO - Kristopher Henry
[2023-02-01T19:10:29.035+0000] {logging_mixin.py:137} INFO - Tiffany Porter
[2023-02-01T19:10:29.037+0000] {logging_mixin.py:137} INFO - Stacy Simpson
[2023-02-01T19:10:29.038+0000] {logging_mixin.py:137} INFO - Tammy Mcdowell
[2023-02-01T19:10:29.041+0000] {logging_mixin.py:137} INFO - Thomas Walters
[2023-02-01T19:10:29.042+0000] {logging_mixin.py:137} INFO - Dwayne Thompson
[2023-02-01T19:10:29.044+0000] {logging_mixin.py:137} INFO - Natalie Willis
[2023-02-01T19:10:29.048+0000] {logging_mixin.py:137} INFO - Sharon Taylor
[2023-02-01T19:10:29.051+0000] {logging_mixin.py:137} INFO - Sarah Wiggins
[2023-02-01T19:10:29.055+0000] {logging_mixin.py:137} INFO - Amber Thomas
[2023-02-01T19:10:29.059+0000] {logging_mixin.py:137} INFO - Patrick Miller
[2023-02-01T19:10:29.063+0000] {logging_mixin.py:137} INFO - Stephanie Hartman
[2023-02-01T19:10:29.065+0000] {logging_mixin.py:137} INFO - Stacey Mora
[2023-02-01T19:10:29.074+0000] {logging_mixin.py:137} INFO - Katherine Rodriguez
[2023-02-01T19:10:29.076+0000] {logging_mixin.py:137} INFO - Daniel Morgan
[2023-02-01T19:10:29.084+0000] {logging_mixin.py:137} INFO - Rebecca Martinez
[2023-02-01T19:10:29.087+0000] {logging_mixin.py:137} INFO - Nicole Juarez
[2023-02-01T19:10:29.088+0000] {logging_mixin.py:137} INFO - Mark Arroyo
[2023-02-01T19:10:29.091+0000] {logging_mixin.py:137} INFO - April Lucero
[2023-02-01T19:10:29.093+0000] {logging_mixin.py:137} INFO - Samantha Garcia
[2023-02-01T19:10:29.096+0000] {logging_mixin.py:137} INFO - Jon Moore
[2023-02-01T19:10:29.102+0000] {logging_mixin.py:137} INFO - Joshua Flores MD
[2023-02-01T19:10:29.104+0000] {logging_mixin.py:137} INFO - Raymond Jones
[2023-02-01T19:10:29.108+0000] {logging_mixin.py:137} INFO - Billy Hughes
[2023-02-01T19:10:29.110+0000] {logging_mixin.py:137} INFO - Peggy Valdez PhD
[2023-02-01T19:10:29.112+0000] {logging_mixin.py:137} INFO - Joshua Reyes
[2023-02-01T19:10:29.114+0000] {logging_mixin.py:137} INFO - Aaron Green
[2023-02-01T19:10:29.118+0000] {logging_mixin.py:137} INFO - Wendy Espinoza
[2023-02-01T19:10:29.121+0000] {logging_mixin.py:137} INFO - Peter Vasquez
[2023-02-01T19:10:29.124+0000] {logging_mixin.py:137} INFO - Diane Harper
[2023-02-01T19:10:29.125+0000] {logging_mixin.py:137} INFO - Ms. Rebecca Cantu
[2023-02-01T19:10:29.133+0000] {logging_mixin.py:137} INFO - Yolanda Morrow
[2023-02-01T19:10:29.141+0000] {logging_mixin.py:137} INFO - Penny Beard
[2023-02-01T19:10:29.144+0000] {logging_mixin.py:137} INFO - Lisa Long
[2023-02-01T19:10:29.146+0000] {logging_mixin.py:137} INFO - Jerry Harris
[2023-02-01T19:10:29.147+0000] {logging_mixin.py:137} INFO - Bob Willis
[2023-02-01T19:10:29.149+0000] {logging_mixin.py:137} INFO - Duane Chapman
[2023-02-01T19:10:29.151+0000] {logging_mixin.py:137} INFO - William Morgan
[2023-02-01T19:10:29.153+0000] {logging_mixin.py:137} INFO - Amy Gutierrez
[2023-02-01T19:10:29.155+0000] {logging_mixin.py:137} INFO - Amber Nichols
[2023-02-01T19:10:29.161+0000] {logging_mixin.py:137} INFO - Matthew Carr
[2023-02-01T19:10:29.163+0000] {logging_mixin.py:137} INFO - Thomas Duncan
[2023-02-01T19:10:29.166+0000] {logging_mixin.py:137} INFO - Elizabeth Wright
[2023-02-01T19:10:29.171+0000] {logging_mixin.py:137} INFO - Jacqueline Brewer
[2023-02-01T19:10:29.175+0000] {logging_mixin.py:137} INFO - Stephanie Johnson
[2023-02-01T19:10:29.179+0000] {logging_mixin.py:137} INFO - Samantha Calderon
[2023-02-01T19:10:29.187+0000] {logging_mixin.py:137} INFO - Kathryn Gaines
[2023-02-01T19:10:29.193+0000] {logging_mixin.py:137} INFO - Angel Jones
[2023-02-01T19:10:29.199+0000] {logging_mixin.py:137} INFO - Laura Wall
[2023-02-01T19:10:29.203+0000] {logging_mixin.py:137} INFO - Mr. Anthony Hamilton
[2023-02-01T19:10:29.214+0000] {logging_mixin.py:137} INFO - David Smith
[2023-02-01T19:10:29.216+0000] {logging_mixin.py:137} INFO - Kimberly Herrera DDS
[2023-02-01T19:10:29.218+0000] {logging_mixin.py:137} INFO - Gina Wilson
[2023-02-01T19:10:29.221+0000] {logging_mixin.py:137} INFO - Timothy Byrd
[2023-02-01T19:10:29.223+0000] {logging_mixin.py:137} INFO - Michael Mckenzie
[2023-02-01T19:10:29.229+0000] {logging_mixin.py:137} INFO - Jeffrey Mcintyre
[2023-02-01T19:10:29.232+0000] {logging_mixin.py:137} INFO - Teresa Jackson
[2023-02-01T19:10:29.238+0000] {logging_mixin.py:137} INFO - Joseph Wilcox
[2023-02-01T19:10:29.241+0000] {logging_mixin.py:137} INFO - Patrick Mcknight
[2023-02-01T19:10:29.245+0000] {logging_mixin.py:137} INFO - Ronald Moreno
[2023-02-01T19:10:29.248+0000] {logging_mixin.py:137} INFO - Jamie Sullivan
[2023-02-01T19:10:29.254+0000] {logging_mixin.py:137} INFO - Jason Anderson
[2023-02-01T19:10:29.256+0000] {logging_mixin.py:137} INFO - Steven Stewart
[2023-02-01T19:10:29.258+0000] {logging_mixin.py:137} INFO - Melinda Paul
[2023-02-01T19:10:29.260+0000] {logging_mixin.py:137} INFO - Cynthia Simmons
[2023-02-01T19:10:29.261+0000] {logging_mixin.py:137} INFO - Christian Smith
[2023-02-01T19:10:29.264+0000] {logging_mixin.py:137} INFO - William Jimenez
[2023-02-01T19:10:29.268+0000] {logging_mixin.py:137} INFO - Hayley French
[2023-02-01T19:10:29.276+0000] {logging_mixin.py:137} INFO - Brandon Hess
[2023-02-01T19:10:29.279+0000] {logging_mixin.py:137} INFO - Laura Perry
[2023-02-01T19:10:29.281+0000] {logging_mixin.py:137} INFO - Scott Jones
[2023-02-01T19:10:29.283+0000] {logging_mixin.py:137} INFO - Christine Hernandez
[2023-02-01T19:10:29.287+0000] {logging_mixin.py:137} INFO - Douglas Eaton
[2023-02-01T19:10:29.289+0000] {logging_mixin.py:137} INFO - William Soto
[2023-02-01T19:10:29.293+0000] {logging_mixin.py:137} INFO - Mary Jones
[2023-02-01T19:10:29.298+0000] {logging_mixin.py:137} INFO - Stephanie Holmes
[2023-02-01T19:10:29.301+0000] {logging_mixin.py:137} INFO - Keith Meyers
[2023-02-01T19:10:29.306+0000] {logging_mixin.py:137} INFO - Paul Fisher
[2023-02-01T19:10:29.307+0000] {logging_mixin.py:137} INFO - Emily Alexander
[2023-02-01T19:10:29.310+0000] {logging_mixin.py:137} INFO - Anthony Schwartz
[2023-02-01T19:10:29.313+0000] {logging_mixin.py:137} INFO - Evelyn Jacobs
[2023-02-01T19:10:29.318+0000] {logging_mixin.py:137} INFO - Connie Jones
[2023-02-01T19:10:29.322+0000] {logging_mixin.py:137} INFO - Carla Gibbs
[2023-02-01T19:10:29.333+0000] {logging_mixin.py:137} INFO - Ashley Santiago
[2023-02-01T19:10:29.338+0000] {logging_mixin.py:137} INFO - Micheal Mckee
[2023-02-01T19:10:29.349+0000] {logging_mixin.py:137} INFO - Diane Williams
[2023-02-01T19:10:29.353+0000] {logging_mixin.py:137} INFO - Jesse Velasquez
[2023-02-01T19:10:29.354+0000] {logging_mixin.py:137} INFO - Jennifer Rodriguez
[2023-02-01T19:10:29.360+0000] {logging_mixin.py:137} INFO - Joe Griffin
[2023-02-01T19:10:29.364+0000] {logging_mixin.py:137} INFO - Gary Cherry
[2023-02-01T19:10:29.365+0000] {logging_mixin.py:137} INFO - Alyssa Edwards
[2023-02-01T19:10:29.367+0000] {logging_mixin.py:137} INFO - Caroline Hernandez MD
[2023-02-01T19:10:29.379+0000] {logging_mixin.py:137} INFO - Jessica Morton
[2023-02-01T19:10:29.393+0000] {logging_mixin.py:137} INFO - Holly Jones
[2023-02-01T19:10:29.397+0000] {logging_mixin.py:137} INFO - David Shelton
[2023-02-01T19:10:29.399+0000] {logging_mixin.py:137} INFO - Kristina Parks
[2023-02-01T19:10:29.400+0000] {logging_mixin.py:137} INFO - Laurie Hernandez
[2023-02-01T19:10:29.402+0000] {logging_mixin.py:137} INFO - Melissa James
[2023-02-01T19:10:29.404+0000] {logging_mixin.py:137} INFO - Jeremiah Adams
[2023-02-01T19:10:29.411+0000] {logging_mixin.py:137} INFO - Arthur Robinson
[2023-02-01T19:10:29.413+0000] {logging_mixin.py:137} INFO - Anna Shepard
[2023-02-01T19:10:29.414+0000] {logging_mixin.py:137} INFO - Brandon Myers
[2023-02-01T19:10:29.416+0000] {logging_mixin.py:137} INFO - Paul Cardenas
[2023-02-01T19:10:29.417+0000] {logging_mixin.py:137} INFO - Megan Santana
[2023-02-01T19:10:29.420+0000] {logging_mixin.py:137} INFO - Joseph Marshall
[2023-02-01T19:10:29.425+0000] {logging_mixin.py:137} INFO - Mrs. Brenda Harris
[2023-02-01T19:10:29.427+0000] {logging_mixin.py:137} INFO - Nicole Garcia
[2023-02-01T19:10:29.429+0000] {logging_mixin.py:137} INFO - Anna Estrada
[2023-02-01T19:10:29.431+0000] {logging_mixin.py:137} INFO - Carl Moore
[2023-02-01T19:10:29.433+0000] {logging_mixin.py:137} INFO - Rodney Hernandez
[2023-02-01T19:10:29.436+0000] {logging_mixin.py:137} INFO - Madison Christian
[2023-02-01T19:10:29.451+0000] {logging_mixin.py:137} INFO - Heather Rhodes
[2023-02-01T19:10:29.464+0000] {python.py:177} INFO - Done. Returned value was: None
[2023-02-01T19:10:29.522+0000] {taskinstance.py:1323} INFO - Marking task as SUCCESS. dag_id=CSV_DAG, task_id=convertCSVToJson, execution_date=20230201T135500, start_date=20230201T191021, end_date=20230201T191029
[2023-02-01T19:10:29.618+0000] {local_task_job.py:208} INFO - Task exited with return code 0
[2023-02-01T19:10:29.663+0000] {taskinstance.py:2578} INFO - 0 downstream tasks scheduled from follow-on schedule check
