[2023-02-02T10:01:25.451+0000] {taskinstance.py:1083} INFO - Dependencies all met for <TaskInstance: CSV_DAG.convertCSVToJson scheduled__2023-02-02T00:00:00+00:00 [queued]>
[2023-02-02T10:01:25.549+0000] {taskinstance.py:1083} INFO - Dependencies all met for <TaskInstance: CSV_DAG.convertCSVToJson scheduled__2023-02-02T00:00:00+00:00 [queued]>
[2023-02-02T10:01:25.553+0000] {taskinstance.py:1279} INFO - 
--------------------------------------------------------------------------------
[2023-02-02T10:01:25.557+0000] {taskinstance.py:1280} INFO - Starting attempt 1 of 2
[2023-02-02T10:01:25.559+0000] {taskinstance.py:1281} INFO - 
--------------------------------------------------------------------------------
[2023-02-02T10:01:25.618+0000] {taskinstance.py:1300} INFO - Executing <Task(PythonOperator): convertCSVToJson> on 2023-02-02 00:00:00+00:00
[2023-02-02T10:01:25.675+0000] {standard_task_runner.py:55} INFO - Started process 585 to run task
[2023-02-02T10:01:25.727+0000] {standard_task_runner.py:82} INFO - Running: ['***', 'tasks', 'run', 'CSV_DAG', 'convertCSVToJson', 'scheduled__2023-02-02T00:00:00+00:00', '--job-id', '613', '--raw', '--subdir', 'DAGS_FOLDER/csv.py', '--cfg-path', '/tmp/tmp60m2ia4g']
[2023-02-02T10:01:25.729+0000] {standard_task_runner.py:83} INFO - Job 613: Subtask convertCSVToJson
[2023-02-02T10:01:26.271+0000] {task_command.py:388} INFO - Running <TaskInstance: CSV_DAG.convertCSVToJson scheduled__2023-02-02T00:00:00+00:00 [running]> on host 06d8060e8530
[2023-02-02T10:01:26.624+0000] {taskinstance.py:1509} INFO - Exporting the following env vars:
AIRFLOW_CTX_DAG_OWNER=Kevin Chalmers
AIRFLOW_CTX_DAG_ID=CSV_DAG
AIRFLOW_CTX_TASK_ID=convertCSVToJson
AIRFLOW_CTX_EXECUTION_DATE=2023-02-02T00:00:00+00:00
AIRFLOW_CTX_TRY_NUMBER=1
AIRFLOW_CTX_DAG_RUN_ID=scheduled__2023-02-02T00:00:00+00:00
[2023-02-02T10:01:26.694+0000] {logging_mixin.py:137} INFO - Angelica Lopez
[2023-02-02T10:01:26.696+0000] {logging_mixin.py:137} INFO - Betty Wright
[2023-02-02T10:01:26.710+0000] {logging_mixin.py:137} INFO - Sara Schmidt
[2023-02-02T10:01:26.712+0000] {logging_mixin.py:137} INFO - Dr. Sherry Rodriguez
[2023-02-02T10:01:26.714+0000] {logging_mixin.py:137} INFO - Rebecca Mills
[2023-02-02T10:01:26.716+0000] {logging_mixin.py:137} INFO - Andrew Anderson
[2023-02-02T10:01:26.717+0000] {logging_mixin.py:137} INFO - Martin Everett
[2023-02-02T10:01:26.719+0000] {logging_mixin.py:137} INFO - Felicia Gregory
[2023-02-02T10:01:26.723+0000] {logging_mixin.py:137} INFO - Kara Bowers
[2023-02-02T10:01:26.726+0000] {logging_mixin.py:137} INFO - Vincent Vincent
[2023-02-02T10:01:26.732+0000] {logging_mixin.py:137} INFO - Morgan Butler
[2023-02-02T10:01:26.735+0000] {logging_mixin.py:137} INFO - Stephen Riley
[2023-02-02T10:01:26.737+0000] {logging_mixin.py:137} INFO - Wanda Thomas
[2023-02-02T10:01:26.739+0000] {logging_mixin.py:137} INFO - Michelle Schultz
[2023-02-02T10:01:26.744+0000] {logging_mixin.py:137} INFO - Christopher Rush MD
[2023-02-02T10:01:26.752+0000] {logging_mixin.py:137} INFO - Phyllis Miles
[2023-02-02T10:01:26.754+0000] {logging_mixin.py:137} INFO - Rebecca Price
[2023-02-02T10:01:26.756+0000] {logging_mixin.py:137} INFO - John Morse
[2023-02-02T10:01:26.759+0000] {logging_mixin.py:137} INFO - Nicholas Sanchez
[2023-02-02T10:01:26.764+0000] {logging_mixin.py:137} INFO - Crystal Dean
[2023-02-02T10:01:26.767+0000] {logging_mixin.py:137} INFO - Tyler Diaz
[2023-02-02T10:01:26.770+0000] {logging_mixin.py:137} INFO - Denise Mclean
[2023-02-02T10:01:26.773+0000] {logging_mixin.py:137} INFO - Daniel Grant
[2023-02-02T10:01:26.775+0000] {logging_mixin.py:137} INFO - Sandra Peterson
[2023-02-02T10:01:26.777+0000] {logging_mixin.py:137} INFO - Denise Morse
[2023-02-02T10:01:26.779+0000] {logging_mixin.py:137} INFO - Brianna Smith
[2023-02-02T10:01:26.782+0000] {logging_mixin.py:137} INFO - Tony Miller
[2023-02-02T10:01:26.787+0000] {logging_mixin.py:137} INFO - Jean Booth
[2023-02-02T10:01:26.790+0000] {logging_mixin.py:137} INFO - Penny Salazar
[2023-02-02T10:01:26.791+0000] {logging_mixin.py:137} INFO - Cathy Williams
[2023-02-02T10:01:26.795+0000] {logging_mixin.py:137} INFO - Hannah Collins
[2023-02-02T10:01:26.797+0000] {logging_mixin.py:137} INFO - Maurice Casey
[2023-02-02T10:01:26.798+0000] {logging_mixin.py:137} INFO - Patrick Walker
[2023-02-02T10:01:26.801+0000] {logging_mixin.py:137} INFO - Pamela Barton
[2023-02-02T10:01:26.804+0000] {logging_mixin.py:137} INFO - Anthony Bryant
[2023-02-02T10:01:26.805+0000] {logging_mixin.py:137} INFO - Andrew Harris
[2023-02-02T10:01:26.816+0000] {logging_mixin.py:137} INFO - Aaron Harris
[2023-02-02T10:01:26.823+0000] {logging_mixin.py:137} INFO - Maureen Soto
[2023-02-02T10:01:26.828+0000] {logging_mixin.py:137} INFO - Crystal Mcdaniel
[2023-02-02T10:01:26.831+0000] {logging_mixin.py:137} INFO - Lauren Barrett
[2023-02-02T10:01:26.833+0000] {logging_mixin.py:137} INFO - Brandon Perez
[2023-02-02T10:01:26.835+0000] {logging_mixin.py:137} INFO - Mark Robertson
[2023-02-02T10:01:26.838+0000] {logging_mixin.py:137} INFO - Nicole Gates
[2023-02-02T10:01:26.841+0000] {logging_mixin.py:137} INFO - Bradley Cruz
[2023-02-02T10:01:26.844+0000] {logging_mixin.py:137} INFO - Gina Burns
[2023-02-02T10:01:26.847+0000] {logging_mixin.py:137} INFO - Zachary Martinez
[2023-02-02T10:01:26.852+0000] {logging_mixin.py:137} INFO - Natasha Johnson
[2023-02-02T10:01:26.861+0000] {logging_mixin.py:137} INFO - Patrick Gonzales
[2023-02-02T10:01:26.875+0000] {logging_mixin.py:137} INFO - Terri Wilson
[2023-02-02T10:01:26.879+0000] {logging_mixin.py:137} INFO - Sarah Lopez
[2023-02-02T10:01:26.885+0000] {logging_mixin.py:137} INFO - Dana Turner
[2023-02-02T10:01:26.889+0000] {logging_mixin.py:137} INFO - Cynthia Johnson
[2023-02-02T10:01:26.893+0000] {logging_mixin.py:137} INFO - William Thornton
[2023-02-02T10:01:26.896+0000] {logging_mixin.py:137} INFO - James Lee
[2023-02-02T10:01:26.898+0000] {logging_mixin.py:137} INFO - Stephen Allen
[2023-02-02T10:01:26.900+0000] {logging_mixin.py:137} INFO - William Stark
[2023-02-02T10:01:26.910+0000] {logging_mixin.py:137} INFO - Michael Parker
[2023-02-02T10:01:26.917+0000] {logging_mixin.py:137} INFO - Lisa Stephens
[2023-02-02T10:01:26.920+0000] {logging_mixin.py:137} INFO - Mr. Reginald Wise DDS
[2023-02-02T10:01:26.925+0000] {logging_mixin.py:137} INFO - Alexander James
[2023-02-02T10:01:26.930+0000] {logging_mixin.py:137} INFO - Kristen West
[2023-02-02T10:01:26.949+0000] {logging_mixin.py:137} INFO - Elizabeth Sanchez
[2023-02-02T10:01:26.975+0000] {logging_mixin.py:137} INFO - Jennifer Wilson
[2023-02-02T10:01:26.994+0000] {logging_mixin.py:137} INFO - Catherine Nicholson
[2023-02-02T10:01:26.999+0000] {logging_mixin.py:137} INFO - David Henderson
[2023-02-02T10:01:27.002+0000] {logging_mixin.py:137} INFO - Stephen Davis
[2023-02-02T10:01:27.006+0000] {logging_mixin.py:137} INFO - Paul Skinner
[2023-02-02T10:01:27.010+0000] {logging_mixin.py:137} INFO - Rebecca Wong
[2023-02-02T10:01:27.013+0000] {logging_mixin.py:137} INFO - Tara Benitez
[2023-02-02T10:01:27.015+0000] {logging_mixin.py:137} INFO - Sharon Miller
[2023-02-02T10:01:27.016+0000] {logging_mixin.py:137} INFO - Cynthia Smith
[2023-02-02T10:01:27.018+0000] {logging_mixin.py:137} INFO - Jennifer Werner
[2023-02-02T10:01:27.024+0000] {logging_mixin.py:137} INFO - Rebecca Tucker
[2023-02-02T10:01:27.027+0000] {logging_mixin.py:137} INFO - Ashlee Castillo
[2023-02-02T10:01:27.029+0000] {logging_mixin.py:137} INFO - Christopher Holmes
[2023-02-02T10:01:27.034+0000] {logging_mixin.py:137} INFO - Daniel Velez
[2023-02-02T10:01:27.037+0000] {logging_mixin.py:137} INFO - Amy Serrano
[2023-02-02T10:01:27.039+0000] {logging_mixin.py:137} INFO - Alison Nash
[2023-02-02T10:01:27.041+0000] {logging_mixin.py:137} INFO - Peter Johnson
[2023-02-02T10:01:27.044+0000] {logging_mixin.py:137} INFO - Breanna Harris
[2023-02-02T10:01:27.053+0000] {logging_mixin.py:137} INFO - Eric King
[2023-02-02T10:01:27.055+0000] {logging_mixin.py:137} INFO - Patricia Oliver
[2023-02-02T10:01:27.057+0000] {logging_mixin.py:137} INFO - Denise Grimes
[2023-02-02T10:01:27.058+0000] {logging_mixin.py:137} INFO - Jill Olson
[2023-02-02T10:01:27.063+0000] {logging_mixin.py:137} INFO - Stephanie Hart
[2023-02-02T10:01:27.067+0000] {logging_mixin.py:137} INFO - Ashley Lee
[2023-02-02T10:01:27.068+0000] {logging_mixin.py:137} INFO - Kelly Barnes
[2023-02-02T10:01:27.071+0000] {logging_mixin.py:137} INFO - Christie West
[2023-02-02T10:01:27.073+0000] {logging_mixin.py:137} INFO - Todd Nolan
[2023-02-02T10:01:27.075+0000] {logging_mixin.py:137} INFO - Sarah Reed
[2023-02-02T10:01:27.076+0000] {logging_mixin.py:137} INFO - Jennifer Keith
[2023-02-02T10:01:27.079+0000] {logging_mixin.py:137} INFO - Shawn Alvarez
[2023-02-02T10:01:27.085+0000] {logging_mixin.py:137} INFO - Alexander Wilson
[2023-02-02T10:01:27.088+0000] {logging_mixin.py:137} INFO - Rachel Melendez
[2023-02-02T10:01:27.094+0000] {logging_mixin.py:137} INFO - Morgan Walters
[2023-02-02T10:01:27.098+0000] {logging_mixin.py:137} INFO - Nicole Garcia
[2023-02-02T10:01:27.103+0000] {logging_mixin.py:137} INFO - Jennifer White
[2023-02-02T10:01:27.105+0000] {logging_mixin.py:137} INFO - Leslie Shannon
[2023-02-02T10:01:27.107+0000] {logging_mixin.py:137} INFO - Lisa Clayton
[2023-02-02T10:01:27.108+0000] {logging_mixin.py:137} INFO - Zachary Molina
[2023-02-02T10:01:27.110+0000] {logging_mixin.py:137} INFO - Bruce Butler
[2023-02-02T10:01:27.113+0000] {logging_mixin.py:137} INFO - Dustin Howell
[2023-02-02T10:01:27.116+0000] {logging_mixin.py:137} INFO - Aaron Smith
[2023-02-02T10:01:27.121+0000] {logging_mixin.py:137} INFO - Kyle Green
[2023-02-02T10:01:27.126+0000] {logging_mixin.py:137} INFO - Steven Clark
[2023-02-02T10:01:27.128+0000] {logging_mixin.py:137} INFO - Robert Holden
[2023-02-02T10:01:27.130+0000] {logging_mixin.py:137} INFO - Zachary Harmon
[2023-02-02T10:01:27.133+0000] {logging_mixin.py:137} INFO - Rachel Miller
[2023-02-02T10:01:27.135+0000] {logging_mixin.py:137} INFO - Brandon Parker
[2023-02-02T10:01:27.138+0000] {logging_mixin.py:137} INFO - Walter Martin
[2023-02-02T10:01:27.143+0000] {logging_mixin.py:137} INFO - Jose Young
[2023-02-02T10:01:27.146+0000] {logging_mixin.py:137} INFO - Kelsey Long
[2023-02-02T10:01:27.151+0000] {logging_mixin.py:137} INFO - William Harper
[2023-02-02T10:01:27.154+0000] {logging_mixin.py:137} INFO - Alejandro Lambert
[2023-02-02T10:01:27.157+0000] {logging_mixin.py:137} INFO - Stephanie Carson
[2023-02-02T10:01:27.160+0000] {logging_mixin.py:137} INFO - Diana Ortega MD
[2023-02-02T10:01:27.169+0000] {logging_mixin.py:137} INFO - Janet Morales
[2023-02-02T10:01:27.172+0000] {logging_mixin.py:137} INFO - Eric Fisher
[2023-02-02T10:01:27.187+0000] {logging_mixin.py:137} INFO - Louis Baker
[2023-02-02T10:01:27.192+0000] {logging_mixin.py:137} INFO - Cindy Ward
[2023-02-02T10:01:27.194+0000] {logging_mixin.py:137} INFO - Ana Jenkins
[2023-02-02T10:01:27.197+0000] {logging_mixin.py:137} INFO - Leslie Barton
[2023-02-02T10:01:27.199+0000] {logging_mixin.py:137} INFO - Gregory Price
[2023-02-02T10:01:27.203+0000] {logging_mixin.py:137} INFO - Brandon Moore
[2023-02-02T10:01:27.211+0000] {logging_mixin.py:137} INFO - Heather Garrett
[2023-02-02T10:01:27.213+0000] {logging_mixin.py:137} INFO - Cindy Hawkins
[2023-02-02T10:01:27.214+0000] {logging_mixin.py:137} INFO - Mr. Frank Snyder Jr.
[2023-02-02T10:01:27.218+0000] {logging_mixin.py:137} INFO - Megan Wang
[2023-02-02T10:01:27.226+0000] {logging_mixin.py:137} INFO - Jennifer Fleming
[2023-02-02T10:01:27.234+0000] {logging_mixin.py:137} INFO - Gary Hodge
[2023-02-02T10:01:27.240+0000] {logging_mixin.py:137} INFO - Nichole Miller
[2023-02-02T10:01:27.248+0000] {logging_mixin.py:137} INFO - Mitchell Mendoza
[2023-02-02T10:01:27.252+0000] {logging_mixin.py:137} INFO - Bradley Horton
[2023-02-02T10:01:27.255+0000] {logging_mixin.py:137} INFO - Michelle Hess
[2023-02-02T10:01:27.261+0000] {logging_mixin.py:137} INFO - Ronald Torres
[2023-02-02T10:01:27.265+0000] {logging_mixin.py:137} INFO - Raymond Hudson
[2023-02-02T10:01:27.275+0000] {logging_mixin.py:137} INFO - Vincent Jackson
[2023-02-02T10:01:27.281+0000] {logging_mixin.py:137} INFO - Susan Carey
[2023-02-02T10:01:27.283+0000] {logging_mixin.py:137} INFO - Chase Wilson
[2023-02-02T10:01:27.295+0000] {logging_mixin.py:137} INFO - Tonya Baldwin
[2023-02-02T10:01:27.297+0000] {logging_mixin.py:137} INFO - Mrs. Tina Davis
[2023-02-02T10:01:27.299+0000] {logging_mixin.py:137} INFO - Scott Garrett
[2023-02-02T10:01:27.302+0000] {logging_mixin.py:137} INFO - Michael Wilson
[2023-02-02T10:01:27.312+0000] {logging_mixin.py:137} INFO - Andrew Orozco
[2023-02-02T10:01:27.314+0000] {logging_mixin.py:137} INFO - Troy Carson
[2023-02-02T10:01:27.320+0000] {logging_mixin.py:137} INFO - Alex Winters
[2023-02-02T10:01:27.328+0000] {logging_mixin.py:137} INFO - Toni Frank
[2023-02-02T10:01:27.333+0000] {logging_mixin.py:137} INFO - Kathleen Snyder
[2023-02-02T10:01:27.337+0000] {logging_mixin.py:137} INFO - Anna Lopez
[2023-02-02T10:01:27.349+0000] {logging_mixin.py:137} INFO - Charles Brown
[2023-02-02T10:01:27.351+0000] {logging_mixin.py:137} INFO - Barry Ross
[2023-02-02T10:01:27.355+0000] {logging_mixin.py:137} INFO - Emily Ramirez
[2023-02-02T10:01:27.364+0000] {logging_mixin.py:137} INFO - Anna Williams
[2023-02-02T10:01:27.365+0000] {logging_mixin.py:137} INFO - Kristin Pennington
[2023-02-02T10:01:27.367+0000] {logging_mixin.py:137} INFO - Mary Aguirre
[2023-02-02T10:01:27.371+0000] {logging_mixin.py:137} INFO - Austin Santos
[2023-02-02T10:01:27.377+0000] {logging_mixin.py:137} INFO - David Nelson
[2023-02-02T10:01:27.383+0000] {logging_mixin.py:137} INFO - Alyssa Mcbride
[2023-02-02T10:01:27.397+0000] {logging_mixin.py:137} INFO - Lisa Gibson
[2023-02-02T10:01:27.399+0000] {logging_mixin.py:137} INFO - Alexander Kelly
[2023-02-02T10:01:27.402+0000] {logging_mixin.py:137} INFO - Ronald Thomas
[2023-02-02T10:01:27.404+0000] {logging_mixin.py:137} INFO - Michael Hurst
[2023-02-02T10:01:27.406+0000] {logging_mixin.py:137} INFO - Lauren Ward
[2023-02-02T10:01:27.413+0000] {logging_mixin.py:137} INFO - Christian Terry
[2023-02-02T10:01:27.418+0000] {logging_mixin.py:137} INFO - Jared Black
[2023-02-02T10:01:27.421+0000] {logging_mixin.py:137} INFO - Anthony Brown
[2023-02-02T10:01:27.424+0000] {logging_mixin.py:137} INFO - John Cole
[2023-02-02T10:01:27.427+0000] {logging_mixin.py:137} INFO - David Lee
[2023-02-02T10:01:27.429+0000] {logging_mixin.py:137} INFO - Lori Thomas
[2023-02-02T10:01:27.431+0000] {logging_mixin.py:137} INFO - Daniel Herman
[2023-02-02T10:01:27.433+0000] {logging_mixin.py:137} INFO - Pam Williams
[2023-02-02T10:01:27.436+0000] {logging_mixin.py:137} INFO - Sarah Jenkins
[2023-02-02T10:01:27.437+0000] {logging_mixin.py:137} INFO - Susan Mitchell
[2023-02-02T10:01:27.443+0000] {logging_mixin.py:137} INFO - Jacqueline Green
[2023-02-02T10:01:27.446+0000] {logging_mixin.py:137} INFO - Victoria Garrison
[2023-02-02T10:01:27.448+0000] {logging_mixin.py:137} INFO - Jonathan Daniels
[2023-02-02T10:01:27.450+0000] {logging_mixin.py:137} INFO - Trevor Hansen
[2023-02-02T10:01:27.452+0000] {logging_mixin.py:137} INFO - Laurie Bowen
[2023-02-02T10:01:27.454+0000] {logging_mixin.py:137} INFO - James Cline
[2023-02-02T10:01:27.458+0000] {logging_mixin.py:137} INFO - Michael Rose
[2023-02-02T10:01:27.460+0000] {logging_mixin.py:137} INFO - Lawrence Juarez
[2023-02-02T10:01:27.462+0000] {logging_mixin.py:137} INFO - Lucas Caldwell
[2023-02-02T10:01:27.467+0000] {logging_mixin.py:137} INFO - Laura Jackson
[2023-02-02T10:01:27.469+0000] {logging_mixin.py:137} INFO - Sherri Thornton
[2023-02-02T10:01:27.472+0000] {logging_mixin.py:137} INFO - Alice Wilson
[2023-02-02T10:01:27.474+0000] {logging_mixin.py:137} INFO - Diane Williams
[2023-02-02T10:01:27.476+0000] {logging_mixin.py:137} INFO - Kara Martin
[2023-02-02T10:01:27.480+0000] {logging_mixin.py:137} INFO - Joseph Moore
[2023-02-02T10:01:27.483+0000] {logging_mixin.py:137} INFO - Jesse Moses
[2023-02-02T10:01:27.493+0000] {logging_mixin.py:137} INFO - Lisa Mccall
[2023-02-02T10:01:27.496+0000] {logging_mixin.py:137} INFO - Alexandra Mccoy
[2023-02-02T10:01:27.498+0000] {logging_mixin.py:137} INFO - Daniel Martin
[2023-02-02T10:01:27.500+0000] {logging_mixin.py:137} INFO - Claudia Peck
[2023-02-02T10:01:27.503+0000] {logging_mixin.py:137} INFO - Jessica Mcconnell
[2023-02-02T10:01:27.513+0000] {logging_mixin.py:137} INFO - Kevin Walker
[2023-02-02T10:01:27.516+0000] {logging_mixin.py:137} INFO - Christina Lee
[2023-02-02T10:01:27.517+0000] {logging_mixin.py:137} INFO - Christopher Schroeder
[2023-02-02T10:01:27.520+0000] {logging_mixin.py:137} INFO - Melissa Parker
[2023-02-02T10:01:27.523+0000] {logging_mixin.py:137} INFO - Janet Molina
[2023-02-02T10:01:27.530+0000] {logging_mixin.py:137} INFO - Barbara Harris
[2023-02-02T10:01:27.532+0000] {logging_mixin.py:137} INFO - Joseph Hurley
[2023-02-02T10:01:27.533+0000] {logging_mixin.py:137} INFO - Greg Hayden
[2023-02-02T10:01:27.537+0000] {logging_mixin.py:137} INFO - Edwin Adams
[2023-02-02T10:01:27.545+0000] {logging_mixin.py:137} INFO - Ashley Hunter
[2023-02-02T10:01:27.552+0000] {logging_mixin.py:137} INFO - Jennifer Tucker
[2023-02-02T10:01:27.554+0000] {logging_mixin.py:137} INFO - Eddie Gray
[2023-02-02T10:01:27.558+0000] {logging_mixin.py:137} INFO - Jennifer Evans
[2023-02-02T10:01:27.560+0000] {logging_mixin.py:137} INFO - Stephen Carey
[2023-02-02T10:01:27.564+0000] {logging_mixin.py:137} INFO - Samantha Campos
[2023-02-02T10:01:27.568+0000] {logging_mixin.py:137} INFO - Meagan Brown
[2023-02-02T10:01:27.572+0000] {logging_mixin.py:137} INFO - Miss Marisa Barber
[2023-02-02T10:01:27.575+0000] {logging_mixin.py:137} INFO - Jay Mann
[2023-02-02T10:01:27.579+0000] {logging_mixin.py:137} INFO - Matthew Campbell
[2023-02-02T10:01:27.584+0000] {logging_mixin.py:137} INFO - Brent Rodriguez
[2023-02-02T10:01:27.586+0000] {logging_mixin.py:137} INFO - Teresa Ross
[2023-02-02T10:01:27.588+0000] {logging_mixin.py:137} INFO - Mary Martinez
[2023-02-02T10:01:27.589+0000] {logging_mixin.py:137} INFO - Joseph Lewis
[2023-02-02T10:01:27.590+0000] {logging_mixin.py:137} INFO - Dale Davis
[2023-02-02T10:01:27.594+0000] {logging_mixin.py:137} INFO - Elizabeth Evans
[2023-02-02T10:01:27.601+0000] {logging_mixin.py:137} INFO - Shannon Wang
[2023-02-02T10:01:27.603+0000] {logging_mixin.py:137} INFO - Brandon Campbell
[2023-02-02T10:01:27.605+0000] {logging_mixin.py:137} INFO - Rhonda Pace
[2023-02-02T10:01:27.607+0000] {logging_mixin.py:137} INFO - Sarah Santos
[2023-02-02T10:01:27.609+0000] {logging_mixin.py:137} INFO - Jacob Ford
[2023-02-02T10:01:27.612+0000] {logging_mixin.py:137} INFO - Matthew Hansen
[2023-02-02T10:01:27.614+0000] {logging_mixin.py:137} INFO - Amy Ray
[2023-02-02T10:01:27.615+0000] {logging_mixin.py:137} INFO - Aaron Fields
[2023-02-02T10:01:27.620+0000] {logging_mixin.py:137} INFO - Mary Taylor
[2023-02-02T10:01:27.623+0000] {logging_mixin.py:137} INFO - James Morris
[2023-02-02T10:01:27.625+0000] {logging_mixin.py:137} INFO - Darrell Cain
[2023-02-02T10:01:27.626+0000] {logging_mixin.py:137} INFO - Michael Smith
[2023-02-02T10:01:27.628+0000] {logging_mixin.py:137} INFO - Scott Coleman
[2023-02-02T10:01:27.629+0000] {logging_mixin.py:137} INFO - David Fitzpatrick
[2023-02-02T10:01:27.631+0000] {logging_mixin.py:137} INFO - Debra Shepherd
[2023-02-02T10:01:27.633+0000] {logging_mixin.py:137} INFO - Paul Rush
[2023-02-02T10:01:27.634+0000] {logging_mixin.py:137} INFO - Brett Hernandez
[2023-02-02T10:01:27.637+0000] {logging_mixin.py:137} INFO - Sheila Riddle
[2023-02-02T10:01:27.640+0000] {logging_mixin.py:137} INFO - Joan Austin
[2023-02-02T10:01:27.642+0000] {logging_mixin.py:137} INFO - Michael Garcia
[2023-02-02T10:01:27.644+0000] {logging_mixin.py:137} INFO - Natalie Harris
[2023-02-02T10:01:27.645+0000] {logging_mixin.py:137} INFO - Steven Dean
[2023-02-02T10:01:27.646+0000] {logging_mixin.py:137} INFO - John Brown
[2023-02-02T10:01:27.649+0000] {logging_mixin.py:137} INFO - Keith Zimmerman
[2023-02-02T10:01:27.650+0000] {logging_mixin.py:137} INFO - Curtis Byrd
[2023-02-02T10:01:27.652+0000] {logging_mixin.py:137} INFO - Mariah Green
[2023-02-02T10:01:27.653+0000] {logging_mixin.py:137} INFO - Roger Huynh
[2023-02-02T10:01:27.654+0000] {logging_mixin.py:137} INFO - Christopher Zamora
[2023-02-02T10:01:27.656+0000] {logging_mixin.py:137} INFO - Joyce Crawford
[2023-02-02T10:01:27.659+0000] {logging_mixin.py:137} INFO - Angela Smith
[2023-02-02T10:01:27.663+0000] {logging_mixin.py:137} INFO - Veronica Robinson
[2023-02-02T10:01:27.666+0000] {logging_mixin.py:137} INFO - Christopher Bates
[2023-02-02T10:01:27.675+0000] {logging_mixin.py:137} INFO - Steve Stone
[2023-02-02T10:01:27.677+0000] {logging_mixin.py:137} INFO - William Cook
[2023-02-02T10:01:27.681+0000] {logging_mixin.py:137} INFO - Lori Wood
[2023-02-02T10:01:27.690+0000] {logging_mixin.py:137} INFO - Jillian Reynolds
[2023-02-02T10:01:27.692+0000] {logging_mixin.py:137} INFO - Angela Caldwell
[2023-02-02T10:01:27.695+0000] {logging_mixin.py:137} INFO - Shane Campbell
[2023-02-02T10:01:27.698+0000] {logging_mixin.py:137} INFO - Karen Lawrence
[2023-02-02T10:01:27.700+0000] {logging_mixin.py:137} INFO - Kimberly Wood
[2023-02-02T10:01:27.703+0000] {logging_mixin.py:137} INFO - Samantha Lopez
[2023-02-02T10:01:27.705+0000] {logging_mixin.py:137} INFO - Harold Miller
[2023-02-02T10:01:27.706+0000] {logging_mixin.py:137} INFO - Raymond Cooper DVM
[2023-02-02T10:01:27.708+0000] {logging_mixin.py:137} INFO - Kristen Patel
[2023-02-02T10:01:27.710+0000] {logging_mixin.py:137} INFO - Anthony Mejia
[2023-02-02T10:01:27.713+0000] {logging_mixin.py:137} INFO - Raymond Thomas
[2023-02-02T10:01:27.714+0000] {logging_mixin.py:137} INFO - Scott Young
[2023-02-02T10:01:27.716+0000] {logging_mixin.py:137} INFO - David Larson
[2023-02-02T10:01:27.718+0000] {logging_mixin.py:137} INFO - Jon Murray
[2023-02-02T10:01:27.721+0000] {logging_mixin.py:137} INFO - Stephen Taylor
[2023-02-02T10:01:27.722+0000] {logging_mixin.py:137} INFO - Jennifer Hernandez
[2023-02-02T10:01:27.724+0000] {logging_mixin.py:137} INFO - Stacy Smith
[2023-02-02T10:01:27.731+0000] {logging_mixin.py:137} INFO - Juan Owens
[2023-02-02T10:01:27.738+0000] {logging_mixin.py:137} INFO - Brian Adkins
[2023-02-02T10:01:27.742+0000] {logging_mixin.py:137} INFO - Jesse Wells
[2023-02-02T10:01:27.748+0000] {logging_mixin.py:137} INFO - Kyle Matthews
[2023-02-02T10:01:27.751+0000] {logging_mixin.py:137} INFO - Dustin Russell
[2023-02-02T10:01:27.753+0000] {logging_mixin.py:137} INFO - Richard White
[2023-02-02T10:01:27.755+0000] {logging_mixin.py:137} INFO - Brittany Nichols
[2023-02-02T10:01:27.759+0000] {logging_mixin.py:137} INFO - Colton Kelly
[2023-02-02T10:01:27.772+0000] {logging_mixin.py:137} INFO - William Perry
[2023-02-02T10:01:27.780+0000] {logging_mixin.py:137} INFO - Thomas Cummings
[2023-02-02T10:01:27.786+0000] {logging_mixin.py:137} INFO - Timothy Ballard
[2023-02-02T10:01:27.798+0000] {logging_mixin.py:137} INFO - Richard Washington
[2023-02-02T10:01:27.800+0000] {logging_mixin.py:137} INFO - Joshua Lam
[2023-02-02T10:01:27.802+0000] {logging_mixin.py:137} INFO - Grant Jackson
[2023-02-02T10:01:27.805+0000] {logging_mixin.py:137} INFO - Erin Baker
[2023-02-02T10:01:27.810+0000] {logging_mixin.py:137} INFO - Scott Flowers
[2023-02-02T10:01:27.817+0000] {logging_mixin.py:137} INFO - James Adams
[2023-02-02T10:01:27.820+0000] {logging_mixin.py:137} INFO - Heather Alvarado
[2023-02-02T10:01:27.823+0000] {logging_mixin.py:137} INFO - Jennifer Snow
[2023-02-02T10:01:27.830+0000] {logging_mixin.py:137} INFO - Mario Jackson
[2023-02-02T10:01:27.834+0000] {logging_mixin.py:137} INFO - Kevin Collins
[2023-02-02T10:01:27.838+0000] {logging_mixin.py:137} INFO - Danielle Garcia
[2023-02-02T10:01:27.839+0000] {logging_mixin.py:137} INFO - Brenda Jackson
[2023-02-02T10:01:27.842+0000] {logging_mixin.py:137} INFO - Ashley Parker
[2023-02-02T10:01:27.850+0000] {logging_mixin.py:137} INFO - Angela Hickman
[2023-02-02T10:01:27.852+0000] {logging_mixin.py:137} INFO - Carol Rodriguez
[2023-02-02T10:01:27.854+0000] {logging_mixin.py:137} INFO - Vernon Anderson
[2023-02-02T10:01:27.856+0000] {logging_mixin.py:137} INFO - Jesus Church
[2023-02-02T10:01:27.858+0000] {logging_mixin.py:137} INFO - Michelle Medina
[2023-02-02T10:01:27.860+0000] {logging_mixin.py:137} INFO - Nancy Bryant
[2023-02-02T10:01:27.865+0000] {logging_mixin.py:137} INFO - Jennifer Martinez
[2023-02-02T10:01:27.869+0000] {logging_mixin.py:137} INFO - Amy Dougherty
[2023-02-02T10:01:27.877+0000] {logging_mixin.py:137} INFO - Alexis Sanders
[2023-02-02T10:01:27.884+0000] {logging_mixin.py:137} INFO - Austin Salazar
[2023-02-02T10:01:27.886+0000] {logging_mixin.py:137} INFO - Amy Williams
[2023-02-02T10:01:27.890+0000] {logging_mixin.py:137} INFO - Richard Haynes
[2023-02-02T10:01:27.892+0000] {logging_mixin.py:137} INFO - Christine Stark
[2023-02-02T10:01:27.894+0000] {logging_mixin.py:137} INFO - Anita Medina
[2023-02-02T10:01:27.896+0000] {logging_mixin.py:137} INFO - Mr. Thomas Duran
[2023-02-02T10:01:27.900+0000] {logging_mixin.py:137} INFO - Mr. Russell Peterson
[2023-02-02T10:01:27.903+0000] {logging_mixin.py:137} INFO - Jack Richard
[2023-02-02T10:01:27.904+0000] {logging_mixin.py:137} INFO - Michelle Erickson
[2023-02-02T10:01:27.907+0000] {logging_mixin.py:137} INFO - Mitchell Williams
[2023-02-02T10:01:27.910+0000] {logging_mixin.py:137} INFO - Adrian Herrera
[2023-02-02T10:01:27.912+0000] {logging_mixin.py:137} INFO - Michael Brady
[2023-02-02T10:01:27.919+0000] {logging_mixin.py:137} INFO - Jamie Zhang
[2023-02-02T10:01:27.921+0000] {logging_mixin.py:137} INFO - Helen Brennan
[2023-02-02T10:01:27.922+0000] {logging_mixin.py:137} INFO - John Myers
[2023-02-02T10:01:27.924+0000] {logging_mixin.py:137} INFO - Patricia Nash
[2023-02-02T10:01:27.926+0000] {logging_mixin.py:137} INFO - Michael Johnson
[2023-02-02T10:01:27.927+0000] {logging_mixin.py:137} INFO - Anita Berger
[2023-02-02T10:01:27.930+0000] {logging_mixin.py:137} INFO - Jason Guerrero DVM
[2023-02-02T10:01:27.932+0000] {logging_mixin.py:137} INFO - Kimberly Davis
[2023-02-02T10:01:27.933+0000] {logging_mixin.py:137} INFO - Bryan Hansen
[2023-02-02T10:01:27.935+0000] {logging_mixin.py:137} INFO - Rebecca Obrien
[2023-02-02T10:01:27.937+0000] {logging_mixin.py:137} INFO - Sarah Santiago
[2023-02-02T10:01:27.943+0000] {logging_mixin.py:137} INFO - Christine Lane
[2023-02-02T10:01:27.945+0000] {logging_mixin.py:137} INFO - Jerry Lewis
[2023-02-02T10:01:27.947+0000] {logging_mixin.py:137} INFO - Stephanie Miller
[2023-02-02T10:01:27.950+0000] {logging_mixin.py:137} INFO - Kristi Bradley
[2023-02-02T10:01:27.951+0000] {logging_mixin.py:137} INFO - Darren Moore
[2023-02-02T10:01:27.953+0000] {logging_mixin.py:137} INFO - Kristina Cunningham
[2023-02-02T10:01:27.955+0000] {logging_mixin.py:137} INFO - Laurie Moore
[2023-02-02T10:01:27.958+0000] {logging_mixin.py:137} INFO - Aaron Lewis
[2023-02-02T10:01:27.960+0000] {logging_mixin.py:137} INFO - Theresa Vang
[2023-02-02T10:01:27.962+0000] {logging_mixin.py:137} INFO - Chase Reese
[2023-02-02T10:01:27.964+0000] {logging_mixin.py:137} INFO - Matthew Ferguson
[2023-02-02T10:01:27.966+0000] {logging_mixin.py:137} INFO - Victoria Lewis
[2023-02-02T10:01:27.967+0000] {logging_mixin.py:137} INFO - Jon Scott
[2023-02-02T10:01:27.975+0000] {logging_mixin.py:137} INFO - Lisa Campbell
[2023-02-02T10:01:27.982+0000] {logging_mixin.py:137} INFO - David Ramirez
[2023-02-02T10:01:27.984+0000] {logging_mixin.py:137} INFO - Gabriel Rosario
[2023-02-02T10:01:27.985+0000] {logging_mixin.py:137} INFO - Kristi Johnson
[2023-02-02T10:01:27.986+0000] {logging_mixin.py:137} INFO - Jennifer Schwartz
[2023-02-02T10:01:27.988+0000] {logging_mixin.py:137} INFO - Daniel Norton
[2023-02-02T10:01:27.990+0000] {logging_mixin.py:137} INFO - Richard Montoya
[2023-02-02T10:01:27.993+0000] {logging_mixin.py:137} INFO - Daniel Norris
[2023-02-02T10:01:28.003+0000] {logging_mixin.py:137} INFO - Chad Taylor
[2023-02-02T10:01:28.006+0000] {logging_mixin.py:137} INFO - Angie Allen
[2023-02-02T10:01:28.009+0000] {logging_mixin.py:137} INFO - Michael Brooks
[2023-02-02T10:01:28.011+0000] {logging_mixin.py:137} INFO - Hannah Poole
[2023-02-02T10:01:28.019+0000] {logging_mixin.py:137} INFO - Caitlin Ray
[2023-02-02T10:01:28.028+0000] {logging_mixin.py:137} INFO - Mr. Steven Gardner
[2023-02-02T10:01:28.029+0000] {logging_mixin.py:137} INFO - Jennifer Macdonald
[2023-02-02T10:01:28.031+0000] {logging_mixin.py:137} INFO - Vanessa Small
[2023-02-02T10:01:28.036+0000] {logging_mixin.py:137} INFO - Dennis Gray
[2023-02-02T10:01:28.041+0000] {logging_mixin.py:137} INFO - Sandra Kirk
[2023-02-02T10:01:28.043+0000] {logging_mixin.py:137} INFO - Jason Wagner
[2023-02-02T10:01:28.047+0000] {logging_mixin.py:137} INFO - David Owen
[2023-02-02T10:01:28.052+0000] {logging_mixin.py:137} INFO - Rose Terrell
[2023-02-02T10:01:28.055+0000] {logging_mixin.py:137} INFO - James Green MD
[2023-02-02T10:01:28.060+0000] {logging_mixin.py:137} INFO - Tammy Patel
[2023-02-02T10:01:28.063+0000] {logging_mixin.py:137} INFO - Joseph Lucero
[2023-02-02T10:01:28.065+0000] {logging_mixin.py:137} INFO - Stephanie Rojas
[2023-02-02T10:01:28.067+0000] {logging_mixin.py:137} INFO - Brittany Johnson
[2023-02-02T10:01:28.069+0000] {logging_mixin.py:137} INFO - Christina Cummings
[2023-02-02T10:01:28.070+0000] {logging_mixin.py:137} INFO - Eric Downs
[2023-02-02T10:01:28.073+0000] {logging_mixin.py:137} INFO - Paul Finley
[2023-02-02T10:01:28.074+0000] {logging_mixin.py:137} INFO - Danielle Jackson
[2023-02-02T10:01:28.076+0000] {logging_mixin.py:137} INFO - Anna Johnston
[2023-02-02T10:01:28.084+0000] {logging_mixin.py:137} INFO - Ashlee Hodges
[2023-02-02T10:01:28.088+0000] {logging_mixin.py:137} INFO - Thomas Francis
[2023-02-02T10:01:28.092+0000] {logging_mixin.py:137} INFO - Cody Baird
[2023-02-02T10:01:28.093+0000] {logging_mixin.py:137} INFO - Jeffrey Walter
[2023-02-02T10:01:28.096+0000] {logging_mixin.py:137} INFO - Hannah West
[2023-02-02T10:01:28.097+0000] {logging_mixin.py:137} INFO - Anthony Byrd
[2023-02-02T10:01:28.102+0000] {logging_mixin.py:137} INFO - Julie Ramirez
[2023-02-02T10:01:28.106+0000] {logging_mixin.py:137} INFO - Seth Peters
[2023-02-02T10:01:28.109+0000] {logging_mixin.py:137} INFO - Keith Salas
[2023-02-02T10:01:28.111+0000] {logging_mixin.py:137} INFO - Kathryn Evans
[2023-02-02T10:01:28.114+0000] {logging_mixin.py:137} INFO - Dr. Maria Scott
[2023-02-02T10:01:28.115+0000] {logging_mixin.py:137} INFO - Brenda Thomas
[2023-02-02T10:01:28.117+0000] {logging_mixin.py:137} INFO - Travis Douglas
[2023-02-02T10:01:28.118+0000] {logging_mixin.py:137} INFO - Kurt Santos
[2023-02-02T10:01:28.124+0000] {logging_mixin.py:137} INFO - Sean Parrish
[2023-02-02T10:01:28.125+0000] {logging_mixin.py:137} INFO - Brittany Walls
[2023-02-02T10:01:28.128+0000] {logging_mixin.py:137} INFO - Gail Brooks
[2023-02-02T10:01:28.131+0000] {logging_mixin.py:137} INFO - Valerie Johnson
[2023-02-02T10:01:28.134+0000] {logging_mixin.py:137} INFO - Jessica Dunn
[2023-02-02T10:01:28.138+0000] {logging_mixin.py:137} INFO - Chad Robinson
[2023-02-02T10:01:28.141+0000] {logging_mixin.py:137} INFO - Catherine Combs
[2023-02-02T10:01:28.145+0000] {logging_mixin.py:137} INFO - Joshua Boyd
[2023-02-02T10:01:28.159+0000] {logging_mixin.py:137} INFO - Alicia Barnett DVM
[2023-02-02T10:01:28.162+0000] {logging_mixin.py:137} INFO - Kevin Cervantes
[2023-02-02T10:01:28.171+0000] {logging_mixin.py:137} INFO - Larry Lester
[2023-02-02T10:01:28.176+0000] {logging_mixin.py:137} INFO - Deanna Espinoza
[2023-02-02T10:01:28.178+0000] {logging_mixin.py:137} INFO - Marilyn Davis
[2023-02-02T10:01:28.184+0000] {logging_mixin.py:137} INFO - Michael Weeks
[2023-02-02T10:01:28.201+0000] {logging_mixin.py:137} INFO - Brandon Stanton
[2023-02-02T10:01:28.207+0000] {logging_mixin.py:137} INFO - Ryan Boyer Jr.
[2023-02-02T10:01:28.212+0000] {logging_mixin.py:137} INFO - Amanda Elliott
[2023-02-02T10:01:28.216+0000] {logging_mixin.py:137} INFO - David Moore
[2023-02-02T10:01:28.218+0000] {logging_mixin.py:137} INFO - Andre Williams
[2023-02-02T10:01:28.227+0000] {logging_mixin.py:137} INFO - Jennifer Garcia
[2023-02-02T10:01:28.230+0000] {logging_mixin.py:137} INFO - Tracey Cook
[2023-02-02T10:01:28.233+0000] {logging_mixin.py:137} INFO - Michael Turner
[2023-02-02T10:01:28.235+0000] {logging_mixin.py:137} INFO - Diana Long
[2023-02-02T10:01:28.238+0000] {logging_mixin.py:137} INFO - John Bradley
[2023-02-02T10:01:28.240+0000] {logging_mixin.py:137} INFO - Ann Benjamin
[2023-02-02T10:01:28.254+0000] {logging_mixin.py:137} INFO - Shane House
[2023-02-02T10:01:28.259+0000] {logging_mixin.py:137} INFO - Erin Lee
[2023-02-02T10:01:28.273+0000] {logging_mixin.py:137} INFO - Joseph Gray
[2023-02-02T10:01:28.277+0000] {logging_mixin.py:137} INFO - Betty Gibson
[2023-02-02T10:01:28.281+0000] {logging_mixin.py:137} INFO - Kristen Graham
[2023-02-02T10:01:28.282+0000] {logging_mixin.py:137} INFO - Daniel Meza
[2023-02-02T10:01:28.283+0000] {logging_mixin.py:137} INFO - Sherri Carpenter
[2023-02-02T10:01:28.285+0000] {logging_mixin.py:137} INFO - Andrea Sanchez
[2023-02-02T10:01:28.300+0000] {logging_mixin.py:137} INFO - Jordan Rios
[2023-02-02T10:01:28.305+0000] {logging_mixin.py:137} INFO - Elizabeth Jackson
[2023-02-02T10:01:28.314+0000] {logging_mixin.py:137} INFO - Elizabeth Myers
[2023-02-02T10:01:28.315+0000] {logging_mixin.py:137} INFO - Juan Barnes
[2023-02-02T10:01:28.317+0000] {logging_mixin.py:137} INFO - Christopher Lozano
[2023-02-02T10:01:28.319+0000] {logging_mixin.py:137} INFO - Jacqueline Griffin
[2023-02-02T10:01:28.322+0000] {logging_mixin.py:137} INFO - Ryan Mason
[2023-02-02T10:01:28.324+0000] {logging_mixin.py:137} INFO - Jonathan Moore
[2023-02-02T10:01:28.326+0000] {logging_mixin.py:137} INFO - Abigail Landry
[2023-02-02T10:01:28.329+0000] {logging_mixin.py:137} INFO - Brenda Hernandez
[2023-02-02T10:01:28.334+0000] {logging_mixin.py:137} INFO - Zachary Pitts
[2023-02-02T10:01:28.336+0000] {logging_mixin.py:137} INFO - Amanda Rogers
[2023-02-02T10:01:28.339+0000] {logging_mixin.py:137} INFO - Cynthia Gray
[2023-02-02T10:01:28.342+0000] {logging_mixin.py:137} INFO - Tyler Barajas
[2023-02-02T10:01:28.348+0000] {logging_mixin.py:137} INFO - Michelle Leon
[2023-02-02T10:01:28.353+0000] {logging_mixin.py:137} INFO - Kathy Lang
[2023-02-02T10:01:28.354+0000] {logging_mixin.py:137} INFO - Scott Townsend MD
[2023-02-02T10:01:28.365+0000] {logging_mixin.py:137} INFO - Theresa Acosta
[2023-02-02T10:01:28.368+0000] {logging_mixin.py:137} INFO - David Jones
[2023-02-02T10:01:28.370+0000] {logging_mixin.py:137} INFO - Jeremy Robinson
[2023-02-02T10:01:28.371+0000] {logging_mixin.py:137} INFO - James Newton
[2023-02-02T10:01:28.374+0000] {logging_mixin.py:137} INFO - Tracey Wells
[2023-02-02T10:01:28.375+0000] {logging_mixin.py:137} INFO - Maria Nelson
[2023-02-02T10:01:28.377+0000] {logging_mixin.py:137} INFO - Christopher Griffith
[2023-02-02T10:01:28.380+0000] {logging_mixin.py:137} INFO - Zachary Griffin
[2023-02-02T10:01:28.382+0000] {logging_mixin.py:137} INFO - Amy Nguyen
[2023-02-02T10:01:28.388+0000] {logging_mixin.py:137} INFO - April Williams
[2023-02-02T10:01:28.390+0000] {logging_mixin.py:137} INFO - Marissa Kelly
[2023-02-02T10:01:28.392+0000] {logging_mixin.py:137} INFO - Brian Lopez PhD
[2023-02-02T10:01:28.393+0000] {logging_mixin.py:137} INFO - William Williams
[2023-02-02T10:01:28.396+0000] {logging_mixin.py:137} INFO - Norman Brown
[2023-02-02T10:01:28.403+0000] {logging_mixin.py:137} INFO - Charles Fuentes
[2023-02-02T10:01:28.406+0000] {logging_mixin.py:137} INFO - Anthony Chang
[2023-02-02T10:01:28.408+0000] {logging_mixin.py:137} INFO - Mary Bell
[2023-02-02T10:01:28.411+0000] {logging_mixin.py:137} INFO - Elizabeth Stuart
[2023-02-02T10:01:28.418+0000] {logging_mixin.py:137} INFO - Mary Mcdonald
[2023-02-02T10:01:28.421+0000] {logging_mixin.py:137} INFO - Martin Harrison
[2023-02-02T10:01:28.424+0000] {logging_mixin.py:137} INFO - Stephanie Fernandez
[2023-02-02T10:01:28.427+0000] {logging_mixin.py:137} INFO - Christopher Brown
[2023-02-02T10:01:28.433+0000] {logging_mixin.py:137} INFO - Alexander Stephenson
[2023-02-02T10:01:28.442+0000] {logging_mixin.py:137} INFO - Grace Diaz
[2023-02-02T10:01:28.451+0000] {logging_mixin.py:137} INFO - Frank Bartlett
[2023-02-02T10:01:28.486+0000] {logging_mixin.py:137} INFO - Audrey Andersen
[2023-02-02T10:01:28.495+0000] {logging_mixin.py:137} INFO - David Green
[2023-02-02T10:01:28.501+0000] {logging_mixin.py:137} INFO - Joshua Diaz Jr.
[2023-02-02T10:01:28.511+0000] {logging_mixin.py:137} INFO - Emily Garcia
[2023-02-02T10:01:28.515+0000] {logging_mixin.py:137} INFO - Devin Hall
[2023-02-02T10:01:28.524+0000] {logging_mixin.py:137} INFO - Phillip Garner
[2023-02-02T10:01:28.536+0000] {logging_mixin.py:137} INFO - Katherine Estrada
[2023-02-02T10:01:28.540+0000] {logging_mixin.py:137} INFO - Corey Saunders
[2023-02-02T10:01:28.543+0000] {logging_mixin.py:137} INFO - Kimberly Collins
[2023-02-02T10:01:28.550+0000] {logging_mixin.py:137} INFO - Amy Elliott
[2023-02-02T10:01:28.559+0000] {logging_mixin.py:137} INFO - Tanya Jones
[2023-02-02T10:01:28.564+0000] {logging_mixin.py:137} INFO - Patricia Gonzalez
[2023-02-02T10:01:28.568+0000] {logging_mixin.py:137} INFO - Jennifer Hill
[2023-02-02T10:01:28.572+0000] {logging_mixin.py:137} INFO - John Haynes
[2023-02-02T10:01:28.576+0000] {logging_mixin.py:137} INFO - Jacob Henry
[2023-02-02T10:01:28.586+0000] {logging_mixin.py:137} INFO - Daniel Clark
[2023-02-02T10:01:28.589+0000] {logging_mixin.py:137} INFO - Jonathon Taylor
[2023-02-02T10:01:28.591+0000] {logging_mixin.py:137} INFO - Jesse Evans
[2023-02-02T10:01:28.594+0000] {logging_mixin.py:137} INFO - James Martinez
[2023-02-02T10:01:28.596+0000] {logging_mixin.py:137} INFO - Kyle Reyes
[2023-02-02T10:01:28.598+0000] {logging_mixin.py:137} INFO - Terrence Barker
[2023-02-02T10:01:28.604+0000] {logging_mixin.py:137} INFO - Anthony Washington
[2023-02-02T10:01:28.610+0000] {logging_mixin.py:137} INFO - Dustin Le
[2023-02-02T10:01:28.616+0000] {logging_mixin.py:137} INFO - Bruce Clark
[2023-02-02T10:01:28.626+0000] {logging_mixin.py:137} INFO - Keith Anthony
[2023-02-02T10:01:28.631+0000] {logging_mixin.py:137} INFO - Jeremiah Stone
[2023-02-02T10:01:28.636+0000] {logging_mixin.py:137} INFO - Michael Haley
[2023-02-02T10:01:28.651+0000] {logging_mixin.py:137} INFO - Regina Carrillo
[2023-02-02T10:01:28.656+0000] {logging_mixin.py:137} INFO - Jacob Lee
[2023-02-02T10:01:28.663+0000] {logging_mixin.py:137} INFO - Thomas Gonzalez
[2023-02-02T10:01:28.669+0000] {logging_mixin.py:137} INFO - Mark Lawrence
[2023-02-02T10:01:28.676+0000] {logging_mixin.py:137} INFO - Matthew Anderson
[2023-02-02T10:01:28.679+0000] {logging_mixin.py:137} INFO - Nicholas Young
[2023-02-02T10:01:28.684+0000] {logging_mixin.py:137} INFO - Melvin Martinez
[2023-02-02T10:01:28.689+0000] {logging_mixin.py:137} INFO - Scott Green
[2023-02-02T10:01:28.692+0000] {logging_mixin.py:137} INFO - Dana Richards
[2023-02-02T10:01:28.695+0000] {logging_mixin.py:137} INFO - Lauren Moore
[2023-02-02T10:01:28.696+0000] {logging_mixin.py:137} INFO - Terry Campbell
[2023-02-02T10:01:28.698+0000] {logging_mixin.py:137} INFO - Ralph Jordan
[2023-02-02T10:01:28.704+0000] {logging_mixin.py:137} INFO - Noah Reyes
[2023-02-02T10:01:28.707+0000] {logging_mixin.py:137} INFO - Mr. Gregory Mills MD
[2023-02-02T10:01:28.717+0000] {logging_mixin.py:137} INFO - Michelle Yates
[2023-02-02T10:01:28.720+0000] {logging_mixin.py:137} INFO - Robin Reyes
[2023-02-02T10:01:28.725+0000] {logging_mixin.py:137} INFO - Rebecca Smith
[2023-02-02T10:01:28.729+0000] {logging_mixin.py:137} INFO - Nicole Torres
[2023-02-02T10:01:28.730+0000] {logging_mixin.py:137} INFO - Ronald Jones
[2023-02-02T10:01:28.733+0000] {logging_mixin.py:137} INFO - Michael Castaneda
[2023-02-02T10:01:28.742+0000] {logging_mixin.py:137} INFO - Christopher Krueger
[2023-02-02T10:01:28.749+0000] {logging_mixin.py:137} INFO - Jennifer Werner
[2023-02-02T10:01:28.755+0000] {logging_mixin.py:137} INFO - Ashley Smith
[2023-02-02T10:01:28.757+0000] {logging_mixin.py:137} INFO - Alyssa Fields
[2023-02-02T10:01:28.759+0000] {logging_mixin.py:137} INFO - John Scott
[2023-02-02T10:01:28.762+0000] {logging_mixin.py:137} INFO - Debra Delacruz
[2023-02-02T10:01:28.769+0000] {logging_mixin.py:137} INFO - James Madden
[2023-02-02T10:01:28.778+0000] {logging_mixin.py:137} INFO - Joseph Gentry
[2023-02-02T10:01:28.781+0000] {logging_mixin.py:137} INFO - Ashley Cabrera
[2023-02-02T10:01:28.784+0000] {logging_mixin.py:137} INFO - Jennifer Fernandez
[2023-02-02T10:01:28.785+0000] {logging_mixin.py:137} INFO - James Harris
[2023-02-02T10:01:28.789+0000] {logging_mixin.py:137} INFO - Candice Young
[2023-02-02T10:01:28.793+0000] {logging_mixin.py:137} INFO - Lisa Baker
[2023-02-02T10:01:28.798+0000] {logging_mixin.py:137} INFO - Brian Mills DDS
[2023-02-02T10:01:28.806+0000] {logging_mixin.py:137} INFO - Kristin Smith
[2023-02-02T10:01:28.809+0000] {logging_mixin.py:137} INFO - Jacob Collins
[2023-02-02T10:01:28.815+0000] {logging_mixin.py:137} INFO - Kimberly Harris
[2023-02-02T10:01:28.820+0000] {logging_mixin.py:137} INFO - Michael Hull
[2023-02-02T10:01:28.829+0000] {logging_mixin.py:137} INFO - Caitlin Todd
[2023-02-02T10:01:28.832+0000] {logging_mixin.py:137} INFO - Lisa Harris
[2023-02-02T10:01:28.834+0000] {logging_mixin.py:137} INFO - Mrs. Ann Stone
[2023-02-02T10:01:28.840+0000] {logging_mixin.py:137} INFO - Michelle Case
[2023-02-02T10:01:28.844+0000] {logging_mixin.py:137} INFO - Joe Lowe
[2023-02-02T10:01:28.846+0000] {logging_mixin.py:137} INFO - Randall Dunn
[2023-02-02T10:01:28.848+0000] {logging_mixin.py:137} INFO - Paula Vargas
[2023-02-02T10:01:28.854+0000] {logging_mixin.py:137} INFO - Daniel Walker
[2023-02-02T10:01:28.858+0000] {logging_mixin.py:137} INFO - James Jackson
[2023-02-02T10:01:28.860+0000] {logging_mixin.py:137} INFO - Shirley Woodard
[2023-02-02T10:01:28.862+0000] {logging_mixin.py:137} INFO - James Hayes
[2023-02-02T10:01:28.865+0000] {logging_mixin.py:137} INFO - Megan Austin
[2023-02-02T10:01:28.868+0000] {logging_mixin.py:137} INFO - Erin Robertson
[2023-02-02T10:01:28.871+0000] {logging_mixin.py:137} INFO - Robert Phillips
[2023-02-02T10:01:28.879+0000] {logging_mixin.py:137} INFO - Amy Torres
[2023-02-02T10:01:28.883+0000] {logging_mixin.py:137} INFO - Joshua Cox
[2023-02-02T10:01:28.889+0000] {logging_mixin.py:137} INFO - Duane Grimes
[2023-02-02T10:01:28.894+0000] {logging_mixin.py:137} INFO - Jennifer Burgess
[2023-02-02T10:01:28.898+0000] {logging_mixin.py:137} INFO - Carlos Duran
[2023-02-02T10:01:28.900+0000] {logging_mixin.py:137} INFO - Jason Johnson
[2023-02-02T10:01:28.905+0000] {logging_mixin.py:137} INFO - Cameron Greer
[2023-02-02T10:01:28.916+0000] {logging_mixin.py:137} INFO - Randall Williams
[2023-02-02T10:01:28.919+0000] {logging_mixin.py:137} INFO - Jessica Harris
[2023-02-02T10:01:28.924+0000] {logging_mixin.py:137} INFO - Joshua Rogers
[2023-02-02T10:01:28.928+0000] {logging_mixin.py:137} INFO - Jose Mahoney
[2023-02-02T10:01:28.931+0000] {logging_mixin.py:137} INFO - Brandy Fuentes
[2023-02-02T10:01:28.933+0000] {logging_mixin.py:137} INFO - Angelica Matthews
[2023-02-02T10:01:28.941+0000] {logging_mixin.py:137} INFO - Glenn Caldwell
[2023-02-02T10:01:28.944+0000] {logging_mixin.py:137} INFO - Cristian Delacruz
[2023-02-02T10:01:28.946+0000] {logging_mixin.py:137} INFO - Alexandra Price
[2023-02-02T10:01:28.950+0000] {logging_mixin.py:137} INFO - Heather Wilson
[2023-02-02T10:01:28.958+0000] {logging_mixin.py:137} INFO - Shawn Thompson
[2023-02-02T10:01:28.965+0000] {logging_mixin.py:137} INFO - Anna Daniel
[2023-02-02T10:01:28.967+0000] {logging_mixin.py:137} INFO - Joseph Cisneros
[2023-02-02T10:01:28.970+0000] {logging_mixin.py:137} INFO - Rebecca Estes
[2023-02-02T10:01:28.973+0000] {logging_mixin.py:137} INFO - Jeremy Porter
[2023-02-02T10:01:28.978+0000] {logging_mixin.py:137} INFO - Lisa Mann
[2023-02-02T10:01:28.985+0000] {logging_mixin.py:137} INFO - Michael Woods
[2023-02-02T10:01:28.990+0000] {logging_mixin.py:137} INFO - Madison Thompson
[2023-02-02T10:01:28.993+0000] {logging_mixin.py:137} INFO - Nancy Gomez
[2023-02-02T10:01:29.002+0000] {logging_mixin.py:137} INFO - Julie Blanchard
[2023-02-02T10:01:29.017+0000] {logging_mixin.py:137} INFO - Michael Smith
[2023-02-02T10:01:29.020+0000] {logging_mixin.py:137} INFO - Angel Huber
[2023-02-02T10:01:29.031+0000] {logging_mixin.py:137} INFO - Michael Coffey
[2023-02-02T10:01:29.033+0000] {logging_mixin.py:137} INFO - Patrick Walter
[2023-02-02T10:01:29.036+0000] {logging_mixin.py:137} INFO - Curtis Davis
[2023-02-02T10:01:29.045+0000] {logging_mixin.py:137} INFO - Kyle Stewart
[2023-02-02T10:01:29.049+0000] {logging_mixin.py:137} INFO - Angela Jimenez
[2023-02-02T10:01:29.054+0000] {logging_mixin.py:137} INFO - Andrew Martinez
[2023-02-02T10:01:29.063+0000] {logging_mixin.py:137} INFO - Angela West
[2023-02-02T10:01:29.073+0000] {logging_mixin.py:137} INFO - Ryan Young
[2023-02-02T10:01:29.077+0000] {logging_mixin.py:137} INFO - Nathaniel Evans
[2023-02-02T10:01:29.095+0000] {logging_mixin.py:137} INFO - Dawn Bryant
[2023-02-02T10:01:29.101+0000] {logging_mixin.py:137} INFO - Danielle Lewis
[2023-02-02T10:01:29.109+0000] {logging_mixin.py:137} INFO - Matthew Newman
[2023-02-02T10:01:29.115+0000] {logging_mixin.py:137} INFO - Robert Smith
[2023-02-02T10:01:29.118+0000] {logging_mixin.py:137} INFO - Melissa Hicks
[2023-02-02T10:01:29.120+0000] {logging_mixin.py:137} INFO - Emily Lambert
[2023-02-02T10:01:29.122+0000] {logging_mixin.py:137} INFO - Krystal Wolfe
[2023-02-02T10:01:29.136+0000] {logging_mixin.py:137} INFO - Donna Murillo
[2023-02-02T10:01:29.140+0000] {logging_mixin.py:137} INFO - Carl Hudson
[2023-02-02T10:01:29.149+0000] {logging_mixin.py:137} INFO - Robert Wilson
[2023-02-02T10:01:29.156+0000] {logging_mixin.py:137} INFO - Patrick Mathis
[2023-02-02T10:01:29.160+0000] {logging_mixin.py:137} INFO - Michael Suarez
[2023-02-02T10:01:29.171+0000] {logging_mixin.py:137} INFO - David Johnson
[2023-02-02T10:01:29.192+0000] {logging_mixin.py:137} INFO - William Thompson
[2023-02-02T10:01:29.194+0000] {logging_mixin.py:137} INFO - Jessica Hansen DVM
[2023-02-02T10:01:29.199+0000] {logging_mixin.py:137} INFO - Katherine Friedman
[2023-02-02T10:01:29.204+0000] {logging_mixin.py:137} INFO - Jillian Johnson
[2023-02-02T10:01:29.214+0000] {logging_mixin.py:137} INFO - Robert Mckee
[2023-02-02T10:01:29.221+0000] {logging_mixin.py:137} INFO - Rachel Little
[2023-02-02T10:01:29.223+0000] {logging_mixin.py:137} INFO - Patricia Smith
[2023-02-02T10:01:29.227+0000] {logging_mixin.py:137} INFO - Heidi Martinez
[2023-02-02T10:01:29.234+0000] {logging_mixin.py:137} INFO - Caitlin Solomon
[2023-02-02T10:01:29.237+0000] {logging_mixin.py:137} INFO - Dr. Olivia Pugh
[2023-02-02T10:01:29.244+0000] {logging_mixin.py:137} INFO - John Steele DDS
[2023-02-02T10:01:29.245+0000] {logging_mixin.py:137} INFO - Jeremy Mathews
[2023-02-02T10:01:29.248+0000] {logging_mixin.py:137} INFO - Tiffany Hill
[2023-02-02T10:01:29.252+0000] {logging_mixin.py:137} INFO - Steven Edwards
[2023-02-02T10:01:29.254+0000] {logging_mixin.py:137} INFO - Charles Campbell
[2023-02-02T10:01:29.256+0000] {logging_mixin.py:137} INFO - Brett Hughes
[2023-02-02T10:01:29.259+0000] {logging_mixin.py:137} INFO - Christina Villegas
[2023-02-02T10:01:29.261+0000] {logging_mixin.py:137} INFO - Anthony Garcia
[2023-02-02T10:01:29.264+0000] {logging_mixin.py:137} INFO - Nathan Murphy
[2023-02-02T10:01:29.266+0000] {logging_mixin.py:137} INFO - Steven Dodson
[2023-02-02T10:01:29.273+0000] {logging_mixin.py:137} INFO - Brian Sullivan
[2023-02-02T10:01:29.285+0000] {logging_mixin.py:137} INFO - Renee White
[2023-02-02T10:01:29.290+0000] {logging_mixin.py:137} INFO - Laura Rowland
[2023-02-02T10:01:29.291+0000] {logging_mixin.py:137} INFO - John Moore
[2023-02-02T10:01:29.295+0000] {logging_mixin.py:137} INFO - Sophia Mckenzie
[2023-02-02T10:01:29.298+0000] {logging_mixin.py:137} INFO - David Roach
[2023-02-02T10:01:29.300+0000] {logging_mixin.py:137} INFO - Jennifer Patterson
[2023-02-02T10:01:29.303+0000] {logging_mixin.py:137} INFO - James Richards
[2023-02-02T10:01:29.308+0000] {logging_mixin.py:137} INFO - Mary Johnston
[2023-02-02T10:01:29.312+0000] {logging_mixin.py:137} INFO - Brandon Mcdaniel
[2023-02-02T10:01:29.316+0000] {logging_mixin.py:137} INFO - Meghan Stevenson
[2023-02-02T10:01:29.321+0000] {logging_mixin.py:137} INFO - Luis Hayes
[2023-02-02T10:01:29.326+0000] {logging_mixin.py:137} INFO - Alejandra Sloan
[2023-02-02T10:01:29.328+0000] {logging_mixin.py:137} INFO - Dr. Sandra Miller
[2023-02-02T10:01:29.330+0000] {logging_mixin.py:137} INFO - Dustin Bond
[2023-02-02T10:01:29.332+0000] {logging_mixin.py:137} INFO - Julia Patrick MD
[2023-02-02T10:01:29.334+0000] {logging_mixin.py:137} INFO - Jill Campbell
[2023-02-02T10:01:29.335+0000] {logging_mixin.py:137} INFO - Mark Ford
[2023-02-02T10:01:29.337+0000] {logging_mixin.py:137} INFO - Brian Long
[2023-02-02T10:01:29.339+0000] {logging_mixin.py:137} INFO - Lisa Peterson
[2023-02-02T10:01:29.341+0000] {logging_mixin.py:137} INFO - Matthew Lee
[2023-02-02T10:01:29.343+0000] {logging_mixin.py:137} INFO - Bradley Miller
[2023-02-02T10:01:29.345+0000] {logging_mixin.py:137} INFO - Jeffrey Moss
[2023-02-02T10:01:29.350+0000] {logging_mixin.py:137} INFO - Sara Carlson
[2023-02-02T10:01:29.353+0000] {logging_mixin.py:137} INFO - Daniel Rodriguez
[2023-02-02T10:01:29.356+0000] {logging_mixin.py:137} INFO - Jeremy David
[2023-02-02T10:01:29.358+0000] {logging_mixin.py:137} INFO - Eric Green
[2023-02-02T10:01:29.360+0000] {logging_mixin.py:137} INFO - Alexis Jones
[2023-02-02T10:01:29.364+0000] {logging_mixin.py:137} INFO - Matthew Rose
[2023-02-02T10:01:29.366+0000] {logging_mixin.py:137} INFO - Catherine Anderson
[2023-02-02T10:01:29.368+0000] {logging_mixin.py:137} INFO - Holly Burton
[2023-02-02T10:01:29.369+0000] {logging_mixin.py:137} INFO - David Matthews
[2023-02-02T10:01:29.371+0000] {logging_mixin.py:137} INFO - Mrs. Kara Little
[2023-02-02T10:01:29.377+0000] {logging_mixin.py:137} INFO - Jeffrey Stanley
[2023-02-02T10:01:29.380+0000] {logging_mixin.py:137} INFO - James Ochoa
[2023-02-02T10:01:29.383+0000] {logging_mixin.py:137} INFO - Jason Frye
[2023-02-02T10:01:29.385+0000] {logging_mixin.py:137} INFO - Christopher Ellis
[2023-02-02T10:01:29.387+0000] {logging_mixin.py:137} INFO - Michelle Nixon
[2023-02-02T10:01:29.391+0000] {logging_mixin.py:137} INFO - Andrew Gill
[2023-02-02T10:01:29.395+0000] {logging_mixin.py:137} INFO - Jennifer Wilson
[2023-02-02T10:01:29.400+0000] {logging_mixin.py:137} INFO - Shawn Black
[2023-02-02T10:01:29.402+0000] {logging_mixin.py:137} INFO - April Patterson
[2023-02-02T10:01:29.409+0000] {logging_mixin.py:137} INFO - Troy Vaughn
[2023-02-02T10:01:29.412+0000] {logging_mixin.py:137} INFO - Alexandria White
[2023-02-02T10:01:29.414+0000] {logging_mixin.py:137} INFO - Scott Phillips
[2023-02-02T10:01:29.424+0000] {logging_mixin.py:137} INFO - Zachary Cisneros
[2023-02-02T10:01:29.427+0000] {logging_mixin.py:137} INFO - Deborah Brown
[2023-02-02T10:01:29.429+0000] {logging_mixin.py:137} INFO - Monica Moses
[2023-02-02T10:01:29.431+0000] {logging_mixin.py:137} INFO - Brenda Reyes
[2023-02-02T10:01:29.443+0000] {logging_mixin.py:137} INFO - Miss Renee Allen
[2023-02-02T10:01:29.445+0000] {logging_mixin.py:137} INFO - Susan Clark
[2023-02-02T10:01:29.449+0000] {logging_mixin.py:137} INFO - Brandy Coffey
[2023-02-02T10:01:29.453+0000] {logging_mixin.py:137} INFO - Brett Nelson
[2023-02-02T10:01:29.455+0000] {logging_mixin.py:137} INFO - Ricardo Young
[2023-02-02T10:01:29.462+0000] {logging_mixin.py:137} INFO - Paul Lee
[2023-02-02T10:01:29.470+0000] {logging_mixin.py:137} INFO - David Allen
[2023-02-02T10:01:29.475+0000] {logging_mixin.py:137} INFO - Andrea Knight
[2023-02-02T10:01:29.482+0000] {logging_mixin.py:137} INFO - James Gomez
[2023-02-02T10:01:29.490+0000] {logging_mixin.py:137} INFO - Melody Gibson
[2023-02-02T10:01:29.495+0000] {logging_mixin.py:137} INFO - Christina Martinez
[2023-02-02T10:01:29.497+0000] {logging_mixin.py:137} INFO - Shelby Smith
[2023-02-02T10:01:29.500+0000] {logging_mixin.py:137} INFO - Jason Howard
[2023-02-02T10:01:29.510+0000] {logging_mixin.py:137} INFO - Amy Davidson
[2023-02-02T10:01:29.524+0000] {logging_mixin.py:137} INFO - Kyle Copeland
[2023-02-02T10:01:29.527+0000] {logging_mixin.py:137} INFO - Madeline Davis
[2023-02-02T10:01:29.531+0000] {logging_mixin.py:137} INFO - Aaron Young
[2023-02-02T10:01:29.535+0000] {logging_mixin.py:137} INFO - Lisa Barrett
[2023-02-02T10:01:29.544+0000] {logging_mixin.py:137} INFO - Joel Jones
[2023-02-02T10:01:29.546+0000] {logging_mixin.py:137} INFO - Christine Evans
[2023-02-02T10:01:29.552+0000] {logging_mixin.py:137} INFO - Kimberly Johnson
[2023-02-02T10:01:29.556+0000] {logging_mixin.py:137} INFO - Charles Hess
[2023-02-02T10:01:29.559+0000] {logging_mixin.py:137} INFO - Paul Dixon
[2023-02-02T10:01:29.564+0000] {logging_mixin.py:137} INFO - Christopher Johnson
[2023-02-02T10:01:29.571+0000] {logging_mixin.py:137} INFO - Robert Dawson
[2023-02-02T10:01:29.575+0000] {logging_mixin.py:137} INFO - Ryan Dixon
[2023-02-02T10:01:29.577+0000] {logging_mixin.py:137} INFO - Julie Martinez
[2023-02-02T10:01:29.580+0000] {logging_mixin.py:137} INFO - David Adams
[2023-02-02T10:01:29.583+0000] {logging_mixin.py:137} INFO - Mariah Brown
[2023-02-02T10:01:29.585+0000] {logging_mixin.py:137} INFO - Deborah Malone
[2023-02-02T10:01:29.587+0000] {logging_mixin.py:137} INFO - John Brown
[2023-02-02T10:01:29.591+0000] {logging_mixin.py:137} INFO - Maria Stewart
[2023-02-02T10:01:29.593+0000] {logging_mixin.py:137} INFO - Mr. Bryan Hawkins
[2023-02-02T10:01:29.595+0000] {logging_mixin.py:137} INFO - Kyle Brooks
[2023-02-02T10:01:29.597+0000] {logging_mixin.py:137} INFO - Kenneth White
[2023-02-02T10:01:29.599+0000] {logging_mixin.py:137} INFO - Patricia Wilson
[2023-02-02T10:01:29.601+0000] {logging_mixin.py:137} INFO - Paul Soto
[2023-02-02T10:01:29.602+0000] {logging_mixin.py:137} INFO - Janice Garrett
[2023-02-02T10:01:29.604+0000] {logging_mixin.py:137} INFO - Randy Strickland
[2023-02-02T10:01:29.607+0000] {logging_mixin.py:137} INFO - Felicia Herrera
[2023-02-02T10:01:29.614+0000] {logging_mixin.py:137} INFO - Andre Campos
[2023-02-02T10:01:29.615+0000] {logging_mixin.py:137} INFO - Justin Meyer
[2023-02-02T10:01:29.617+0000] {logging_mixin.py:137} INFO - Brandon Brooks
[2023-02-02T10:01:29.618+0000] {logging_mixin.py:137} INFO - Abigail Rivera
[2023-02-02T10:01:29.620+0000] {logging_mixin.py:137} INFO - Jessica Mann
[2023-02-02T10:01:29.622+0000] {logging_mixin.py:137} INFO - Michael Sawyer
[2023-02-02T10:01:29.623+0000] {logging_mixin.py:137} INFO - Jeffrey Coleman
[2023-02-02T10:01:29.626+0000] {logging_mixin.py:137} INFO - Micheal Castro
[2023-02-02T10:01:29.632+0000] {logging_mixin.py:137} INFO - Laura Gonzalez
[2023-02-02T10:01:29.635+0000] {logging_mixin.py:137} INFO - Christopher Jackson
[2023-02-02T10:01:29.640+0000] {logging_mixin.py:137} INFO - William Mckenzie
[2023-02-02T10:01:29.649+0000] {logging_mixin.py:137} INFO - Kristina Rodriguez
[2023-02-02T10:01:29.651+0000] {logging_mixin.py:137} INFO - Kelli Williams
[2023-02-02T10:01:29.658+0000] {logging_mixin.py:137} INFO - Diane Norris
[2023-02-02T10:01:29.671+0000] {logging_mixin.py:137} INFO - Kevin Carroll
[2023-02-02T10:01:29.673+0000] {logging_mixin.py:137} INFO - Betty Weber
[2023-02-02T10:01:29.674+0000] {logging_mixin.py:137} INFO - Jeffery Robinson
[2023-02-02T10:01:29.676+0000] {logging_mixin.py:137} INFO - Hannah Cowan
[2023-02-02T10:01:29.677+0000] {logging_mixin.py:137} INFO - Brian Kramer
[2023-02-02T10:01:29.678+0000] {logging_mixin.py:137} INFO - Anthony Roberts
[2023-02-02T10:01:29.679+0000] {logging_mixin.py:137} INFO - Ricardo Blankenship
[2023-02-02T10:01:29.680+0000] {logging_mixin.py:137} INFO - Brooke Collins
[2023-02-02T10:01:29.681+0000] {logging_mixin.py:137} INFO - Tammy Lawson
[2023-02-02T10:01:29.683+0000] {logging_mixin.py:137} INFO - Cody Miller
[2023-02-02T10:01:29.685+0000] {logging_mixin.py:137} INFO - Dr. Janice Salazar
[2023-02-02T10:01:29.686+0000] {logging_mixin.py:137} INFO - David West
[2023-02-02T10:01:29.688+0000] {logging_mixin.py:137} INFO - Robin Carpenter
[2023-02-02T10:01:29.689+0000] {logging_mixin.py:137} INFO - Monique Wall
[2023-02-02T10:01:29.691+0000] {logging_mixin.py:137} INFO - Charles Cardenas
[2023-02-02T10:01:29.693+0000] {logging_mixin.py:137} INFO - Valerie Mitchell
[2023-02-02T10:01:29.695+0000] {logging_mixin.py:137} INFO - Michelle Valenzuela
[2023-02-02T10:01:29.697+0000] {logging_mixin.py:137} INFO - William Poole
[2023-02-02T10:01:29.704+0000] {logging_mixin.py:137} INFO - James Hall
[2023-02-02T10:01:29.709+0000] {logging_mixin.py:137} INFO - Dylan Carpenter
[2023-02-02T10:01:29.718+0000] {logging_mixin.py:137} INFO - Linda Medina
[2023-02-02T10:01:29.727+0000] {logging_mixin.py:137} INFO - Joan White
[2023-02-02T10:01:29.737+0000] {logging_mixin.py:137} INFO - Mary Klein
[2023-02-02T10:01:29.742+0000] {logging_mixin.py:137} INFO - Ashley Wolf
[2023-02-02T10:01:29.743+0000] {logging_mixin.py:137} INFO - William Reed
[2023-02-02T10:01:29.748+0000] {logging_mixin.py:137} INFO - Derek Harvey
[2023-02-02T10:01:29.750+0000] {logging_mixin.py:137} INFO - Kathleen Rodriguez
[2023-02-02T10:01:29.751+0000] {logging_mixin.py:137} INFO - Andrew Rodriguez
[2023-02-02T10:01:29.753+0000] {logging_mixin.py:137} INFO - Ariel Frank
[2023-02-02T10:01:29.755+0000] {logging_mixin.py:137} INFO - Tina French
[2023-02-02T10:01:29.758+0000] {logging_mixin.py:137} INFO - Brent Waller
[2023-02-02T10:01:29.761+0000] {logging_mixin.py:137} INFO - Kevin Allen
[2023-02-02T10:01:29.763+0000] {logging_mixin.py:137} INFO - Xavier Walker
[2023-02-02T10:01:29.765+0000] {logging_mixin.py:137} INFO - Michelle Sanchez
[2023-02-02T10:01:29.767+0000] {logging_mixin.py:137} INFO - Rachael Shepard
[2023-02-02T10:01:29.769+0000] {logging_mixin.py:137} INFO - Kelsey Johnson
[2023-02-02T10:01:29.779+0000] {logging_mixin.py:137} INFO - Nicole Webb
[2023-02-02T10:01:29.784+0000] {logging_mixin.py:137} INFO - Nicholas Rodriguez
[2023-02-02T10:01:29.787+0000] {logging_mixin.py:137} INFO - Eric Vaughan
[2023-02-02T10:01:29.790+0000] {logging_mixin.py:137} INFO - Amanda Richardson
[2023-02-02T10:01:29.792+0000] {logging_mixin.py:137} INFO - Janice Carlson
[2023-02-02T10:01:29.803+0000] {logging_mixin.py:137} INFO - Darryl Walsh
[2023-02-02T10:01:29.805+0000] {logging_mixin.py:137} INFO - Heather Johnson
[2023-02-02T10:01:29.809+0000] {logging_mixin.py:137} INFO - Mark Chambers
[2023-02-02T10:01:29.812+0000] {logging_mixin.py:137} INFO - Tracy Burns
[2023-02-02T10:01:29.829+0000] {logging_mixin.py:137} INFO - John Cole
[2023-02-02T10:01:29.831+0000] {logging_mixin.py:137} INFO - Deborah Silva
[2023-02-02T10:01:29.832+0000] {logging_mixin.py:137} INFO - Shawn Hernandez
[2023-02-02T10:01:29.835+0000] {logging_mixin.py:137} INFO - Bethany Meyer
[2023-02-02T10:01:29.847+0000] {logging_mixin.py:137} INFO - Helen Smith
[2023-02-02T10:01:29.857+0000] {logging_mixin.py:137} INFO - Dana Dennis
[2023-02-02T10:01:29.861+0000] {logging_mixin.py:137} INFO - Kelsey Camacho
[2023-02-02T10:01:29.863+0000] {logging_mixin.py:137} INFO - Matthew Thomas
[2023-02-02T10:01:29.866+0000] {logging_mixin.py:137} INFO - Brittany Arellano
[2023-02-02T10:01:29.873+0000] {logging_mixin.py:137} INFO - Stacey Jones
[2023-02-02T10:01:29.874+0000] {logging_mixin.py:137} INFO - William Weeks
[2023-02-02T10:01:29.878+0000] {logging_mixin.py:137} INFO - Mark Beasley
[2023-02-02T10:01:29.886+0000] {logging_mixin.py:137} INFO - Bruce Pena
[2023-02-02T10:01:29.889+0000] {logging_mixin.py:137} INFO - Jeffery Smith
[2023-02-02T10:01:29.891+0000] {logging_mixin.py:137} INFO - Ann Deleon
[2023-02-02T10:01:29.895+0000] {logging_mixin.py:137} INFO - Kevin Robertson
[2023-02-02T10:01:29.898+0000] {logging_mixin.py:137} INFO - Vincent Willis MD
[2023-02-02T10:01:29.904+0000] {logging_mixin.py:137} INFO - Michael Nielsen
[2023-02-02T10:01:29.911+0000] {logging_mixin.py:137} INFO - Walter Koch
[2023-02-02T10:01:29.916+0000] {logging_mixin.py:137} INFO - Brian Vega
[2023-02-02T10:01:29.918+0000] {logging_mixin.py:137} INFO - Jeffrey Medina
[2023-02-02T10:01:29.922+0000] {logging_mixin.py:137} INFO - Erika Banks
[2023-02-02T10:01:29.928+0000] {logging_mixin.py:137} INFO - Stacey Griffin
[2023-02-02T10:01:29.933+0000] {logging_mixin.py:137} INFO - Michael Marsh
[2023-02-02T10:01:29.937+0000] {logging_mixin.py:137} INFO - Molly White
[2023-02-02T10:01:29.947+0000] {logging_mixin.py:137} INFO - Matthew Morrison
[2023-02-02T10:01:29.950+0000] {logging_mixin.py:137} INFO - Amanda Burns
[2023-02-02T10:01:29.952+0000] {logging_mixin.py:137} INFO - Emily Gonzalez DDS
[2023-02-02T10:01:29.954+0000] {logging_mixin.py:137} INFO - Gregory King
[2023-02-02T10:01:29.956+0000] {logging_mixin.py:137} INFO - Dennis Evans
[2023-02-02T10:01:29.957+0000] {logging_mixin.py:137} INFO - Christina Snyder
[2023-02-02T10:01:29.960+0000] {logging_mixin.py:137} INFO - Carolyn Mata
[2023-02-02T10:01:29.972+0000] {logging_mixin.py:137} INFO - Brandy Lawson
[2023-02-02T10:01:29.976+0000] {logging_mixin.py:137} INFO - Briana Christian
[2023-02-02T10:01:29.987+0000] {logging_mixin.py:137} INFO - Jeffrey Hernandez
[2023-02-02T10:01:29.989+0000] {logging_mixin.py:137} INFO - John Riggs
[2023-02-02T10:01:29.991+0000] {logging_mixin.py:137} INFO - Barbara Short
[2023-02-02T10:01:29.994+0000] {logging_mixin.py:137} INFO - Steven Brooks
[2023-02-02T10:01:29.997+0000] {logging_mixin.py:137} INFO - Gabrielle James
[2023-02-02T10:01:29.999+0000] {logging_mixin.py:137} INFO - Robert Young
[2023-02-02T10:01:30.004+0000] {logging_mixin.py:137} INFO - Derek Sanders
[2023-02-02T10:01:30.007+0000] {logging_mixin.py:137} INFO - Mallory Oliver
[2023-02-02T10:01:30.010+0000] {logging_mixin.py:137} INFO - Terry Howe
[2023-02-02T10:01:30.015+0000] {logging_mixin.py:137} INFO - Samuel Wallace
[2023-02-02T10:01:30.018+0000] {logging_mixin.py:137} INFO - Angel Jones
[2023-02-02T10:01:30.019+0000] {logging_mixin.py:137} INFO - Jacqueline Nichols
[2023-02-02T10:01:30.024+0000] {logging_mixin.py:137} INFO - Melissa Mcgee
[2023-02-02T10:01:30.029+0000] {logging_mixin.py:137} INFO - Michelle Smith
[2023-02-02T10:01:30.031+0000] {logging_mixin.py:137} INFO - Maureen Baxter
[2023-02-02T10:01:30.034+0000] {logging_mixin.py:137} INFO - Kathy Crawford
[2023-02-02T10:01:30.036+0000] {logging_mixin.py:137} INFO - Stacy Wood
[2023-02-02T10:01:30.039+0000] {logging_mixin.py:137} INFO - Justin Parsons
[2023-02-02T10:01:30.043+0000] {logging_mixin.py:137} INFO - Ann Klein
[2023-02-02T10:01:30.045+0000] {logging_mixin.py:137} INFO - Allison Arnold
[2023-02-02T10:01:30.050+0000] {logging_mixin.py:137} INFO - Heather Kirk
[2023-02-02T10:01:30.053+0000] {logging_mixin.py:137} INFO - Monica Smith
[2023-02-02T10:01:30.056+0000] {logging_mixin.py:137} INFO - Brett Oconnor
[2023-02-02T10:01:30.058+0000] {logging_mixin.py:137} INFO - Anthony Bryant
[2023-02-02T10:01:30.065+0000] {logging_mixin.py:137} INFO - Jeremy Russell
[2023-02-02T10:01:30.067+0000] {logging_mixin.py:137} INFO - Julie Poole
[2023-02-02T10:01:30.069+0000] {logging_mixin.py:137} INFO - Emma Thompson
[2023-02-02T10:01:30.073+0000] {logging_mixin.py:137} INFO - Bradley Matthews
[2023-02-02T10:01:30.078+0000] {logging_mixin.py:137} INFO - William Roberts
[2023-02-02T10:01:30.081+0000] {logging_mixin.py:137} INFO - Julie Mooney
[2023-02-02T10:01:30.084+0000] {logging_mixin.py:137} INFO - Amy Doyle
[2023-02-02T10:01:30.087+0000] {logging_mixin.py:137} INFO - Amanda Grant
[2023-02-02T10:01:30.088+0000] {logging_mixin.py:137} INFO - Eric Anderson
[2023-02-02T10:01:30.096+0000] {logging_mixin.py:137} INFO - George Thompson
[2023-02-02T10:01:30.099+0000] {logging_mixin.py:137} INFO - Dustin Hines
[2023-02-02T10:01:30.101+0000] {logging_mixin.py:137} INFO - Andrea Frank
[2023-02-02T10:01:30.103+0000] {logging_mixin.py:137} INFO - Jodi Cook
[2023-02-02T10:01:30.105+0000] {logging_mixin.py:137} INFO - Stacy Haney
[2023-02-02T10:01:30.108+0000] {logging_mixin.py:137} INFO - Paul Callahan
[2023-02-02T10:01:30.110+0000] {logging_mixin.py:137} INFO - Jasmine Chambers
[2023-02-02T10:01:30.111+0000] {logging_mixin.py:137} INFO - Melissa Pittman MD
[2023-02-02T10:01:30.113+0000] {logging_mixin.py:137} INFO - Deborah Larson
[2023-02-02T10:01:30.121+0000] {logging_mixin.py:137} INFO - Brandon Shaw
[2023-02-02T10:01:30.123+0000] {logging_mixin.py:137} INFO - Timothy Paul
[2023-02-02T10:01:30.128+0000] {logging_mixin.py:137} INFO - Michael Trujillo
[2023-02-02T10:01:30.130+0000] {logging_mixin.py:137} INFO - Robert Rivera
[2023-02-02T10:01:30.132+0000] {logging_mixin.py:137} INFO - Dana Nelson
[2023-02-02T10:01:30.136+0000] {logging_mixin.py:137} INFO - Andrea Bennett
[2023-02-02T10:01:30.139+0000] {logging_mixin.py:137} INFO - Jodi Fox
[2023-02-02T10:01:30.144+0000] {logging_mixin.py:137} INFO - Heather Hayes
[2023-02-02T10:01:30.147+0000] {logging_mixin.py:137} INFO - Jennifer Moreno
[2023-02-02T10:01:30.152+0000] {logging_mixin.py:137} INFO - John Patel
[2023-02-02T10:01:30.159+0000] {logging_mixin.py:137} INFO - Teresa Oliver
[2023-02-02T10:01:30.161+0000] {logging_mixin.py:137} INFO - Monique Bell
[2023-02-02T10:01:30.164+0000] {logging_mixin.py:137} INFO - Casey Leonard
[2023-02-02T10:01:30.171+0000] {logging_mixin.py:137} INFO - Steven Clark
[2023-02-02T10:01:30.173+0000] {logging_mixin.py:137} INFO - Edward Martin
[2023-02-02T10:01:30.175+0000] {logging_mixin.py:137} INFO - Shawn Orozco
[2023-02-02T10:01:30.181+0000] {logging_mixin.py:137} INFO - Brandon Yang
[2023-02-02T10:01:30.185+0000] {logging_mixin.py:137} INFO - Nathan Ray
[2023-02-02T10:01:30.187+0000] {logging_mixin.py:137} INFO - Lori Moore
[2023-02-02T10:01:30.189+0000] {logging_mixin.py:137} INFO - Dr. Lisa Shaw DVM
[2023-02-02T10:01:30.192+0000] {logging_mixin.py:137} INFO - Angela Walters
[2023-02-02T10:01:30.197+0000] {logging_mixin.py:137} INFO - David Nolan
[2023-02-02T10:01:30.199+0000] {logging_mixin.py:137} INFO - William Ramsey
[2023-02-02T10:01:30.205+0000] {logging_mixin.py:137} INFO - David Oconnor
[2023-02-02T10:01:30.209+0000] {logging_mixin.py:137} INFO - Mark Washington
[2023-02-02T10:01:30.215+0000] {logging_mixin.py:137} INFO - Jennifer Jacobs
[2023-02-02T10:01:30.220+0000] {logging_mixin.py:137} INFO - Tammy Hampton
[2023-02-02T10:01:30.225+0000] {logging_mixin.py:137} INFO - Stephen Farmer
[2023-02-02T10:01:30.226+0000] {logging_mixin.py:137} INFO - Jasmine Nguyen
[2023-02-02T10:01:30.229+0000] {logging_mixin.py:137} INFO - Rebecca Flores
[2023-02-02T10:01:30.231+0000] {logging_mixin.py:137} INFO - Tyler Davis
[2023-02-02T10:01:30.238+0000] {logging_mixin.py:137} INFO - Nancy Gray
[2023-02-02T10:01:30.244+0000] {logging_mixin.py:137} INFO - Brian Sanchez
[2023-02-02T10:01:30.249+0000] {logging_mixin.py:137} INFO - Laurie Shaw
[2023-02-02T10:01:30.258+0000] {logging_mixin.py:137} INFO - Kristina Torres
[2023-02-02T10:01:30.261+0000] {logging_mixin.py:137} INFO - Andrea Rodgers
[2023-02-02T10:01:30.267+0000] {logging_mixin.py:137} INFO - Jason Walters
[2023-02-02T10:01:30.268+0000] {logging_mixin.py:137} INFO - Jerry Moss
[2023-02-02T10:01:30.270+0000] {logging_mixin.py:137} INFO - Jeffrey Jordan
[2023-02-02T10:01:30.273+0000] {logging_mixin.py:137} INFO - Jennifer Wilson
[2023-02-02T10:01:30.275+0000] {logging_mixin.py:137} INFO - Trevor Mathews
[2023-02-02T10:01:30.276+0000] {logging_mixin.py:137} INFO - Anne Hood
[2023-02-02T10:01:30.278+0000] {logging_mixin.py:137} INFO - Sarah Williams
[2023-02-02T10:01:30.281+0000] {logging_mixin.py:137} INFO - Shelby Hernandez
[2023-02-02T10:01:30.285+0000] {logging_mixin.py:137} INFO - Samantha Velez
[2023-02-02T10:01:30.288+0000] {logging_mixin.py:137} INFO - Matthew Douglas
[2023-02-02T10:01:30.292+0000] {logging_mixin.py:137} INFO - Ashlee George
[2023-02-02T10:01:30.294+0000] {logging_mixin.py:137} INFO - Troy Crane
[2023-02-02T10:01:30.295+0000] {logging_mixin.py:137} INFO - Michael Cooper
[2023-02-02T10:01:30.296+0000] {logging_mixin.py:137} INFO - Michael White
[2023-02-02T10:01:30.298+0000] {logging_mixin.py:137} INFO - Mr. Timothy Fleming
[2023-02-02T10:01:30.304+0000] {logging_mixin.py:137} INFO - Seth Bruce
[2023-02-02T10:01:30.305+0000] {logging_mixin.py:137} INFO - Jacqueline Carpenter
[2023-02-02T10:01:30.307+0000] {logging_mixin.py:137} INFO - Michael Martin
[2023-02-02T10:01:30.311+0000] {logging_mixin.py:137} INFO - Kristopher Henry
[2023-02-02T10:01:30.313+0000] {logging_mixin.py:137} INFO - Tiffany Porter
[2023-02-02T10:01:30.316+0000] {logging_mixin.py:137} INFO - Stacy Simpson
[2023-02-02T10:01:30.318+0000] {logging_mixin.py:137} INFO - Tammy Mcdowell
[2023-02-02T10:01:30.320+0000] {logging_mixin.py:137} INFO - Thomas Walters
[2023-02-02T10:01:30.324+0000] {logging_mixin.py:137} INFO - Dwayne Thompson
[2023-02-02T10:01:30.326+0000] {logging_mixin.py:137} INFO - Natalie Willis
[2023-02-02T10:01:30.327+0000] {logging_mixin.py:137} INFO - Sharon Taylor
[2023-02-02T10:01:30.329+0000] {logging_mixin.py:137} INFO - Sarah Wiggins
[2023-02-02T10:01:30.331+0000] {logging_mixin.py:137} INFO - Amber Thomas
[2023-02-02T10:01:30.334+0000] {logging_mixin.py:137} INFO - Patrick Miller
[2023-02-02T10:01:30.337+0000] {logging_mixin.py:137} INFO - Stephanie Hartman
[2023-02-02T10:01:30.339+0000] {logging_mixin.py:137} INFO - Stacey Mora
[2023-02-02T10:01:30.342+0000] {logging_mixin.py:137} INFO - Katherine Rodriguez
[2023-02-02T10:01:30.346+0000] {logging_mixin.py:137} INFO - Daniel Morgan
[2023-02-02T10:01:30.350+0000] {logging_mixin.py:137} INFO - Rebecca Martinez
[2023-02-02T10:01:30.351+0000] {logging_mixin.py:137} INFO - Nicole Juarez
[2023-02-02T10:01:30.353+0000] {logging_mixin.py:137} INFO - Mark Arroyo
[2023-02-02T10:01:30.355+0000] {logging_mixin.py:137} INFO - April Lucero
[2023-02-02T10:01:30.358+0000] {logging_mixin.py:137} INFO - Samantha Garcia
[2023-02-02T10:01:30.360+0000] {logging_mixin.py:137} INFO - Jon Moore
[2023-02-02T10:01:30.363+0000] {logging_mixin.py:137} INFO - Joshua Flores MD
[2023-02-02T10:01:30.366+0000] {logging_mixin.py:137} INFO - Raymond Jones
[2023-02-02T10:01:30.371+0000] {logging_mixin.py:137} INFO - Billy Hughes
[2023-02-02T10:01:30.378+0000] {logging_mixin.py:137} INFO - Peggy Valdez PhD
[2023-02-02T10:01:30.382+0000] {logging_mixin.py:137} INFO - Joshua Reyes
[2023-02-02T10:01:30.384+0000] {logging_mixin.py:137} INFO - Aaron Green
[2023-02-02T10:01:30.387+0000] {logging_mixin.py:137} INFO - Wendy Espinoza
[2023-02-02T10:01:30.390+0000] {logging_mixin.py:137} INFO - Peter Vasquez
[2023-02-02T10:01:30.398+0000] {logging_mixin.py:137} INFO - Diane Harper
[2023-02-02T10:01:30.407+0000] {logging_mixin.py:137} INFO - Ms. Rebecca Cantu
[2023-02-02T10:01:30.409+0000] {logging_mixin.py:137} INFO - Yolanda Morrow
[2023-02-02T10:01:30.414+0000] {logging_mixin.py:137} INFO - Penny Beard
[2023-02-02T10:01:30.416+0000] {logging_mixin.py:137} INFO - Lisa Long
[2023-02-02T10:01:30.420+0000] {logging_mixin.py:137} INFO - Jerry Harris
[2023-02-02T10:01:30.423+0000] {logging_mixin.py:137} INFO - Bob Willis
[2023-02-02T10:01:30.424+0000] {logging_mixin.py:137} INFO - Duane Chapman
[2023-02-02T10:01:30.427+0000] {logging_mixin.py:137} INFO - William Morgan
[2023-02-02T10:01:30.429+0000] {logging_mixin.py:137} INFO - Amy Gutierrez
[2023-02-02T10:01:30.431+0000] {logging_mixin.py:137} INFO - Amber Nichols
[2023-02-02T10:01:30.434+0000] {logging_mixin.py:137} INFO - Matthew Carr
[2023-02-02T10:01:30.436+0000] {logging_mixin.py:137} INFO - Thomas Duncan
[2023-02-02T10:01:30.443+0000] {logging_mixin.py:137} INFO - Elizabeth Wright
[2023-02-02T10:01:30.448+0000] {logging_mixin.py:137} INFO - Jacqueline Brewer
[2023-02-02T10:01:30.450+0000] {logging_mixin.py:137} INFO - Stephanie Johnson
[2023-02-02T10:01:30.452+0000] {logging_mixin.py:137} INFO - Samantha Calderon
[2023-02-02T10:01:30.453+0000] {logging_mixin.py:137} INFO - Kathryn Gaines
[2023-02-02T10:01:30.455+0000] {logging_mixin.py:137} INFO - Angel Jones
[2023-02-02T10:01:30.459+0000] {logging_mixin.py:137} INFO - Laura Wall
[2023-02-02T10:01:30.461+0000] {logging_mixin.py:137} INFO - Mr. Anthony Hamilton
[2023-02-02T10:01:30.465+0000] {logging_mixin.py:137} INFO - David Smith
[2023-02-02T10:01:30.468+0000] {logging_mixin.py:137} INFO - Kimberly Herrera DDS
[2023-02-02T10:01:30.471+0000] {logging_mixin.py:137} INFO - Gina Wilson
[2023-02-02T10:01:30.473+0000] {logging_mixin.py:137} INFO - Timothy Byrd
[2023-02-02T10:01:30.475+0000] {logging_mixin.py:137} INFO - Michael Mckenzie
[2023-02-02T10:01:30.481+0000] {logging_mixin.py:137} INFO - Jeffrey Mcintyre
[2023-02-02T10:01:30.484+0000] {logging_mixin.py:137} INFO - Teresa Jackson
[2023-02-02T10:01:30.488+0000] {logging_mixin.py:137} INFO - Joseph Wilcox
[2023-02-02T10:01:30.489+0000] {logging_mixin.py:137} INFO - Patrick Mcknight
[2023-02-02T10:01:30.495+0000] {logging_mixin.py:137} INFO - Ronald Moreno
[2023-02-02T10:01:30.499+0000] {logging_mixin.py:137} INFO - Jamie Sullivan
[2023-02-02T10:01:30.502+0000] {logging_mixin.py:137} INFO - Jason Anderson
[2023-02-02T10:01:30.504+0000] {logging_mixin.py:137} INFO - Steven Stewart
[2023-02-02T10:01:30.506+0000] {logging_mixin.py:137} INFO - Melinda Paul
[2023-02-02T10:01:30.509+0000] {logging_mixin.py:137} INFO - Cynthia Simmons
[2023-02-02T10:01:30.514+0000] {logging_mixin.py:137} INFO - Christian Smith
[2023-02-02T10:01:30.516+0000] {logging_mixin.py:137} INFO - William Jimenez
[2023-02-02T10:01:30.518+0000] {logging_mixin.py:137} INFO - Hayley French
[2023-02-02T10:01:30.524+0000] {logging_mixin.py:137} INFO - Brandon Hess
[2023-02-02T10:01:30.526+0000] {logging_mixin.py:137} INFO - Laura Perry
[2023-02-02T10:01:30.530+0000] {logging_mixin.py:137} INFO - Scott Jones
[2023-02-02T10:01:30.533+0000] {logging_mixin.py:137} INFO - Christine Hernandez
[2023-02-02T10:01:30.536+0000] {logging_mixin.py:137} INFO - Douglas Eaton
[2023-02-02T10:01:30.539+0000] {logging_mixin.py:137} INFO - William Soto
[2023-02-02T10:01:30.542+0000] {logging_mixin.py:137} INFO - Mary Jones
[2023-02-02T10:01:30.544+0000] {logging_mixin.py:137} INFO - Stephanie Holmes
[2023-02-02T10:01:30.548+0000] {logging_mixin.py:137} INFO - Keith Meyers
[2023-02-02T10:01:30.556+0000] {logging_mixin.py:137} INFO - Paul Fisher
[2023-02-02T10:01:30.559+0000] {logging_mixin.py:137} INFO - Emily Alexander
[2023-02-02T10:01:30.561+0000] {logging_mixin.py:137} INFO - Anthony Schwartz
[2023-02-02T10:01:30.564+0000] {logging_mixin.py:137} INFO - Evelyn Jacobs
[2023-02-02T10:01:30.570+0000] {logging_mixin.py:137} INFO - Connie Jones
[2023-02-02T10:01:30.573+0000] {logging_mixin.py:137} INFO - Carla Gibbs
[2023-02-02T10:01:30.575+0000] {logging_mixin.py:137} INFO - Ashley Santiago
[2023-02-02T10:01:30.578+0000] {logging_mixin.py:137} INFO - Micheal Mckee
[2023-02-02T10:01:30.583+0000] {logging_mixin.py:137} INFO - Diane Williams
[2023-02-02T10:01:30.584+0000] {logging_mixin.py:137} INFO - Jesse Velasquez
[2023-02-02T10:01:30.592+0000] {logging_mixin.py:137} INFO - Jennifer Rodriguez
[2023-02-02T10:01:30.596+0000] {logging_mixin.py:137} INFO - Joe Griffin
[2023-02-02T10:01:30.603+0000] {logging_mixin.py:137} INFO - Gary Cherry
[2023-02-02T10:01:30.605+0000] {logging_mixin.py:137} INFO - Alyssa Edwards
[2023-02-02T10:01:30.608+0000] {logging_mixin.py:137} INFO - Caroline Hernandez MD
[2023-02-02T10:01:30.613+0000] {logging_mixin.py:137} INFO - Jessica Morton
[2023-02-02T10:01:30.618+0000] {logging_mixin.py:137} INFO - Holly Jones
[2023-02-02T10:01:30.620+0000] {logging_mixin.py:137} INFO - David Shelton
[2023-02-02T10:01:30.624+0000] {logging_mixin.py:137} INFO - Kristina Parks
[2023-02-02T10:01:30.627+0000] {logging_mixin.py:137} INFO - Laurie Hernandez
[2023-02-02T10:01:30.638+0000] {logging_mixin.py:137} INFO - Melissa James
[2023-02-02T10:01:30.641+0000] {logging_mixin.py:137} INFO - Jeremiah Adams
[2023-02-02T10:01:30.644+0000] {logging_mixin.py:137} INFO - Arthur Robinson
[2023-02-02T10:01:30.648+0000] {logging_mixin.py:137} INFO - Anna Shepard
[2023-02-02T10:01:30.653+0000] {logging_mixin.py:137} INFO - Brandon Myers
[2023-02-02T10:01:30.660+0000] {logging_mixin.py:137} INFO - Paul Cardenas
[2023-02-02T10:01:30.663+0000] {logging_mixin.py:137} INFO - Megan Santana
[2023-02-02T10:01:30.665+0000] {logging_mixin.py:137} INFO - Joseph Marshall
[2023-02-02T10:01:30.669+0000] {logging_mixin.py:137} INFO - Mrs. Brenda Harris
[2023-02-02T10:01:30.674+0000] {logging_mixin.py:137} INFO - Nicole Garcia
[2023-02-02T10:01:30.676+0000] {logging_mixin.py:137} INFO - Anna Estrada
[2023-02-02T10:01:30.678+0000] {logging_mixin.py:137} INFO - Carl Moore
[2023-02-02T10:01:30.680+0000] {logging_mixin.py:137} INFO - Rodney Hernandez
[2023-02-02T10:01:30.684+0000] {logging_mixin.py:137} INFO - Madison Christian
[2023-02-02T10:01:30.686+0000] {logging_mixin.py:137} INFO - Heather Rhodes
[2023-02-02T10:01:30.696+0000] {python.py:177} INFO - Done. Returned value was: None
[2023-02-02T10:01:30.752+0000] {taskinstance.py:1323} INFO - Marking task as SUCCESS. dag_id=CSV_DAG, task_id=convertCSVToJson, execution_date=20230202T000000, start_date=20230202T100125, end_date=20230202T100130
[2023-02-02T10:01:30.815+0000] {local_task_job.py:208} INFO - Task exited with return code 0
[2023-02-02T10:01:30.864+0000] {taskinstance.py:2578} INFO - 0 downstream tasks scheduled from follow-on schedule check
