[2023-02-02T10:00:05.439+0000] {taskinstance.py:1083} INFO - Dependencies all met for <TaskInstance: CSV_DAG.convertCSVToJson scheduled__2023-02-01T19:15:00+00:00 [queued]>
[2023-02-02T10:00:05.471+0000] {taskinstance.py:1083} INFO - Dependencies all met for <TaskInstance: CSV_DAG.convertCSVToJson scheduled__2023-02-01T19:15:00+00:00 [queued]>
[2023-02-02T10:00:05.472+0000] {taskinstance.py:1279} INFO - 
--------------------------------------------------------------------------------
[2023-02-02T10:00:05.481+0000] {taskinstance.py:1280} INFO - Starting attempt 1 of 2
[2023-02-02T10:00:05.498+0000] {taskinstance.py:1281} INFO - 
--------------------------------------------------------------------------------
[2023-02-02T10:00:05.625+0000] {taskinstance.py:1300} INFO - Executing <Task(PythonOperator): convertCSVToJson> on 2023-02-01 19:15:00+00:00
[2023-02-02T10:00:05.659+0000] {standard_task_runner.py:55} INFO - Started process 184 to run task
[2023-02-02T10:00:05.690+0000] {standard_task_runner.py:82} INFO - Running: ['***', 'tasks', 'run', 'CSV_DAG', 'convertCSVToJson', 'scheduled__2023-02-01T19:15:00+00:00', '--job-id', '518', '--raw', '--subdir', 'DAGS_FOLDER/csv.py', '--cfg-path', '/tmp/tmp8m5d5mvf']
[2023-02-02T10:00:05.698+0000] {standard_task_runner.py:83} INFO - Job 518: Subtask convertCSVToJson
[2023-02-02T10:00:06.066+0000] {task_command.py:388} INFO - Running <TaskInstance: CSV_DAG.convertCSVToJson scheduled__2023-02-01T19:15:00+00:00 [running]> on host 06d8060e8530
[2023-02-02T10:00:06.407+0000] {taskinstance.py:1509} INFO - Exporting the following env vars:
AIRFLOW_CTX_DAG_OWNER=Kevin Chalmers
AIRFLOW_CTX_DAG_ID=CSV_DAG
AIRFLOW_CTX_TASK_ID=convertCSVToJson
AIRFLOW_CTX_EXECUTION_DATE=2023-02-01T19:15:00+00:00
AIRFLOW_CTX_TRY_NUMBER=1
AIRFLOW_CTX_DAG_RUN_ID=scheduled__2023-02-01T19:15:00+00:00
[2023-02-02T10:00:06.522+0000] {logging_mixin.py:137} INFO - Angelica Lopez
[2023-02-02T10:00:06.528+0000] {logging_mixin.py:137} INFO - Betty Wright
[2023-02-02T10:00:06.530+0000] {logging_mixin.py:137} INFO - Sara Schmidt
[2023-02-02T10:00:06.537+0000] {logging_mixin.py:137} INFO - Dr. Sherry Rodriguez
[2023-02-02T10:00:06.540+0000] {logging_mixin.py:137} INFO - Rebecca Mills
[2023-02-02T10:00:06.542+0000] {logging_mixin.py:137} INFO - Andrew Anderson
[2023-02-02T10:00:06.544+0000] {logging_mixin.py:137} INFO - Martin Everett
[2023-02-02T10:00:06.546+0000] {logging_mixin.py:137} INFO - Felicia Gregory
[2023-02-02T10:00:06.548+0000] {logging_mixin.py:137} INFO - Kara Bowers
[2023-02-02T10:00:06.550+0000] {logging_mixin.py:137} INFO - Vincent Vincent
[2023-02-02T10:00:06.553+0000] {logging_mixin.py:137} INFO - Morgan Butler
[2023-02-02T10:00:06.566+0000] {logging_mixin.py:137} INFO - Stephen Riley
[2023-02-02T10:00:06.569+0000] {logging_mixin.py:137} INFO - Wanda Thomas
[2023-02-02T10:00:06.574+0000] {logging_mixin.py:137} INFO - Michelle Schultz
[2023-02-02T10:00:06.577+0000] {logging_mixin.py:137} INFO - Christopher Rush MD
[2023-02-02T10:00:06.580+0000] {logging_mixin.py:137} INFO - Phyllis Miles
[2023-02-02T10:00:06.582+0000] {logging_mixin.py:137} INFO - Rebecca Price
[2023-02-02T10:00:06.584+0000] {logging_mixin.py:137} INFO - John Morse
[2023-02-02T10:00:06.591+0000] {logging_mixin.py:137} INFO - Nicholas Sanchez
[2023-02-02T10:00:06.604+0000] {logging_mixin.py:137} INFO - Crystal Dean
[2023-02-02T10:00:06.619+0000] {logging_mixin.py:137} INFO - Tyler Diaz
[2023-02-02T10:00:06.661+0000] {logging_mixin.py:137} INFO - Denise Mclean
[2023-02-02T10:00:06.681+0000] {logging_mixin.py:137} INFO - Daniel Grant
[2023-02-02T10:00:06.686+0000] {logging_mixin.py:137} INFO - Sandra Peterson
[2023-02-02T10:00:06.690+0000] {logging_mixin.py:137} INFO - Denise Morse
[2023-02-02T10:00:06.691+0000] {logging_mixin.py:137} INFO - Brianna Smith
[2023-02-02T10:00:06.694+0000] {logging_mixin.py:137} INFO - Tony Miller
[2023-02-02T10:00:06.700+0000] {logging_mixin.py:137} INFO - Jean Booth
[2023-02-02T10:00:06.705+0000] {logging_mixin.py:137} INFO - Penny Salazar
[2023-02-02T10:00:06.708+0000] {logging_mixin.py:137} INFO - Cathy Williams
[2023-02-02T10:00:06.725+0000] {logging_mixin.py:137} INFO - Hannah Collins
[2023-02-02T10:00:06.730+0000] {logging_mixin.py:137} INFO - Maurice Casey
[2023-02-02T10:00:06.734+0000] {logging_mixin.py:137} INFO - Patrick Walker
[2023-02-02T10:00:06.739+0000] {logging_mixin.py:137} INFO - Pamela Barton
[2023-02-02T10:00:06.751+0000] {logging_mixin.py:137} INFO - Anthony Bryant
[2023-02-02T10:00:06.756+0000] {logging_mixin.py:137} INFO - Andrew Harris
[2023-02-02T10:00:06.801+0000] {logging_mixin.py:137} INFO - Aaron Harris
[2023-02-02T10:00:06.812+0000] {logging_mixin.py:137} INFO - Maureen Soto
[2023-02-02T10:00:06.819+0000] {logging_mixin.py:137} INFO - Crystal Mcdaniel
[2023-02-02T10:00:06.826+0000] {logging_mixin.py:137} INFO - Lauren Barrett
[2023-02-02T10:00:06.827+0000] {logging_mixin.py:137} INFO - Brandon Perez
[2023-02-02T10:00:06.840+0000] {logging_mixin.py:137} INFO - Mark Robertson
[2023-02-02T10:00:06.845+0000] {logging_mixin.py:137} INFO - Nicole Gates
[2023-02-02T10:00:06.850+0000] {logging_mixin.py:137} INFO - Bradley Cruz
[2023-02-02T10:00:06.855+0000] {logging_mixin.py:137} INFO - Gina Burns
[2023-02-02T10:00:06.863+0000] {logging_mixin.py:137} INFO - Zachary Martinez
[2023-02-02T10:00:06.867+0000] {logging_mixin.py:137} INFO - Natasha Johnson
[2023-02-02T10:00:06.881+0000] {logging_mixin.py:137} INFO - Patrick Gonzales
[2023-02-02T10:00:06.888+0000] {logging_mixin.py:137} INFO - Terri Wilson
[2023-02-02T10:00:06.900+0000] {logging_mixin.py:137} INFO - Sarah Lopez
[2023-02-02T10:00:07.044+0000] {logging_mixin.py:137} INFO - Dana Turner
[2023-02-02T10:00:07.085+0000] {logging_mixin.py:137} INFO - Cynthia Johnson
[2023-02-02T10:00:07.097+0000] {logging_mixin.py:137} INFO - William Thornton
[2023-02-02T10:00:07.111+0000] {logging_mixin.py:137} INFO - James Lee
[2023-02-02T10:00:07.160+0000] {logging_mixin.py:137} INFO - Stephen Allen
[2023-02-02T10:00:07.200+0000] {logging_mixin.py:137} INFO - William Stark
[2023-02-02T10:00:07.207+0000] {logging_mixin.py:137} INFO - Michael Parker
[2023-02-02T10:00:07.232+0000] {logging_mixin.py:137} INFO - Lisa Stephens
[2023-02-02T10:00:07.241+0000] {logging_mixin.py:137} INFO - Mr. Reginald Wise DDS
[2023-02-02T10:00:07.256+0000] {logging_mixin.py:137} INFO - Alexander James
[2023-02-02T10:00:07.267+0000] {logging_mixin.py:137} INFO - Kristen West
[2023-02-02T10:00:07.274+0000] {logging_mixin.py:137} INFO - Elizabeth Sanchez
[2023-02-02T10:00:07.290+0000] {logging_mixin.py:137} INFO - Jennifer Wilson
[2023-02-02T10:00:07.304+0000] {logging_mixin.py:137} INFO - Catherine Nicholson
[2023-02-02T10:00:07.321+0000] {logging_mixin.py:137} INFO - David Henderson
[2023-02-02T10:00:07.325+0000] {logging_mixin.py:137} INFO - Stephen Davis
[2023-02-02T10:00:07.334+0000] {logging_mixin.py:137} INFO - Paul Skinner
[2023-02-02T10:00:07.337+0000] {logging_mixin.py:137} INFO - Rebecca Wong
[2023-02-02T10:00:07.355+0000] {logging_mixin.py:137} INFO - Tara Benitez
[2023-02-02T10:00:07.362+0000] {logging_mixin.py:137} INFO - Sharon Miller
[2023-02-02T10:00:07.365+0000] {logging_mixin.py:137} INFO - Cynthia Smith
[2023-02-02T10:00:07.370+0000] {logging_mixin.py:137} INFO - Jennifer Werner
[2023-02-02T10:00:07.385+0000] {logging_mixin.py:137} INFO - Rebecca Tucker
[2023-02-02T10:00:07.388+0000] {logging_mixin.py:137} INFO - Ashlee Castillo
[2023-02-02T10:00:07.405+0000] {logging_mixin.py:137} INFO - Christopher Holmes
[2023-02-02T10:00:07.412+0000] {logging_mixin.py:137} INFO - Daniel Velez
[2023-02-02T10:00:07.429+0000] {logging_mixin.py:137} INFO - Amy Serrano
[2023-02-02T10:00:07.439+0000] {logging_mixin.py:137} INFO - Alison Nash
[2023-02-02T10:00:07.447+0000] {logging_mixin.py:137} INFO - Peter Johnson
[2023-02-02T10:00:07.451+0000] {logging_mixin.py:137} INFO - Breanna Harris
[2023-02-02T10:00:07.456+0000] {logging_mixin.py:137} INFO - Eric King
[2023-02-02T10:00:07.460+0000] {logging_mixin.py:137} INFO - Patricia Oliver
[2023-02-02T10:00:07.463+0000] {logging_mixin.py:137} INFO - Denise Grimes
[2023-02-02T10:00:07.487+0000] {logging_mixin.py:137} INFO - Jill Olson
[2023-02-02T10:00:07.495+0000] {logging_mixin.py:137} INFO - Stephanie Hart
[2023-02-02T10:00:07.507+0000] {logging_mixin.py:137} INFO - Ashley Lee
[2023-02-02T10:00:07.509+0000] {logging_mixin.py:137} INFO - Kelly Barnes
[2023-02-02T10:00:07.512+0000] {logging_mixin.py:137} INFO - Christie West
[2023-02-02T10:00:07.516+0000] {logging_mixin.py:137} INFO - Todd Nolan
[2023-02-02T10:00:07.528+0000] {logging_mixin.py:137} INFO - Sarah Reed
[2023-02-02T10:00:07.532+0000] {logging_mixin.py:137} INFO - Jennifer Keith
[2023-02-02T10:00:07.534+0000] {logging_mixin.py:137} INFO - Shawn Alvarez
[2023-02-02T10:00:07.543+0000] {logging_mixin.py:137} INFO - Alexander Wilson
[2023-02-02T10:00:07.548+0000] {logging_mixin.py:137} INFO - Rachel Melendez
[2023-02-02T10:00:07.552+0000] {logging_mixin.py:137} INFO - Morgan Walters
[2023-02-02T10:00:07.559+0000] {logging_mixin.py:137} INFO - Nicole Garcia
[2023-02-02T10:00:07.567+0000] {logging_mixin.py:137} INFO - Jennifer White
[2023-02-02T10:00:07.578+0000] {logging_mixin.py:137} INFO - Leslie Shannon
[2023-02-02T10:00:07.593+0000] {logging_mixin.py:137} INFO - Lisa Clayton
[2023-02-02T10:00:07.599+0000] {logging_mixin.py:137} INFO - Zachary Molina
[2023-02-02T10:00:07.603+0000] {logging_mixin.py:137} INFO - Bruce Butler
[2023-02-02T10:00:07.614+0000] {logging_mixin.py:137} INFO - Dustin Howell
[2023-02-02T10:00:07.619+0000] {logging_mixin.py:137} INFO - Aaron Smith
[2023-02-02T10:00:07.623+0000] {logging_mixin.py:137} INFO - Kyle Green
[2023-02-02T10:00:07.626+0000] {logging_mixin.py:137} INFO - Steven Clark
[2023-02-02T10:00:07.628+0000] {logging_mixin.py:137} INFO - Robert Holden
[2023-02-02T10:00:07.631+0000] {logging_mixin.py:137} INFO - Zachary Harmon
[2023-02-02T10:00:07.642+0000] {logging_mixin.py:137} INFO - Rachel Miller
[2023-02-02T10:00:07.646+0000] {logging_mixin.py:137} INFO - Brandon Parker
[2023-02-02T10:00:07.652+0000] {logging_mixin.py:137} INFO - Walter Martin
[2023-02-02T10:00:07.664+0000] {logging_mixin.py:137} INFO - Jose Young
[2023-02-02T10:00:07.668+0000] {logging_mixin.py:137} INFO - Kelsey Long
[2023-02-02T10:00:07.685+0000] {logging_mixin.py:137} INFO - William Harper
[2023-02-02T10:00:07.688+0000] {logging_mixin.py:137} INFO - Alejandro Lambert
[2023-02-02T10:00:07.694+0000] {logging_mixin.py:137} INFO - Stephanie Carson
[2023-02-02T10:00:07.698+0000] {logging_mixin.py:137} INFO - Diana Ortega MD
[2023-02-02T10:00:07.710+0000] {logging_mixin.py:137} INFO - Janet Morales
[2023-02-02T10:00:07.715+0000] {logging_mixin.py:137} INFO - Eric Fisher
[2023-02-02T10:00:07.718+0000] {logging_mixin.py:137} INFO - Louis Baker
[2023-02-02T10:00:07.722+0000] {logging_mixin.py:137} INFO - Cindy Ward
[2023-02-02T10:00:07.726+0000] {logging_mixin.py:137} INFO - Ana Jenkins
[2023-02-02T10:00:07.737+0000] {logging_mixin.py:137} INFO - Leslie Barton
[2023-02-02T10:00:07.740+0000] {logging_mixin.py:137} INFO - Gregory Price
[2023-02-02T10:00:07.750+0000] {logging_mixin.py:137} INFO - Brandon Moore
[2023-02-02T10:00:07.765+0000] {logging_mixin.py:137} INFO - Heather Garrett
[2023-02-02T10:00:07.777+0000] {logging_mixin.py:137} INFO - Cindy Hawkins
[2023-02-02T10:00:07.788+0000] {logging_mixin.py:137} INFO - Mr. Frank Snyder Jr.
[2023-02-02T10:00:07.797+0000] {logging_mixin.py:137} INFO - Megan Wang
[2023-02-02T10:00:07.813+0000] {logging_mixin.py:137} INFO - Jennifer Fleming
[2023-02-02T10:00:07.818+0000] {logging_mixin.py:137} INFO - Gary Hodge
[2023-02-02T10:00:07.827+0000] {logging_mixin.py:137} INFO - Nichole Miller
[2023-02-02T10:00:07.830+0000] {logging_mixin.py:137} INFO - Mitchell Mendoza
[2023-02-02T10:00:07.833+0000] {logging_mixin.py:137} INFO - Bradley Horton
[2023-02-02T10:00:07.845+0000] {logging_mixin.py:137} INFO - Michelle Hess
[2023-02-02T10:00:07.852+0000] {logging_mixin.py:137} INFO - Ronald Torres
[2023-02-02T10:00:07.858+0000] {logging_mixin.py:137} INFO - Raymond Hudson
[2023-02-02T10:00:07.862+0000] {logging_mixin.py:137} INFO - Vincent Jackson
[2023-02-02T10:00:07.864+0000] {logging_mixin.py:137} INFO - Susan Carey
[2023-02-02T10:00:07.910+0000] {logging_mixin.py:137} INFO - Chase Wilson
[2023-02-02T10:00:07.920+0000] {logging_mixin.py:137} INFO - Tonya Baldwin
[2023-02-02T10:00:07.934+0000] {logging_mixin.py:137} INFO - Mrs. Tina Davis
[2023-02-02T10:00:07.940+0000] {logging_mixin.py:137} INFO - Scott Garrett
[2023-02-02T10:00:07.947+0000] {logging_mixin.py:137} INFO - Michael Wilson
[2023-02-02T10:00:07.953+0000] {logging_mixin.py:137} INFO - Andrew Orozco
[2023-02-02T10:00:07.966+0000] {logging_mixin.py:137} INFO - Troy Carson
[2023-02-02T10:00:07.976+0000] {logging_mixin.py:137} INFO - Alex Winters
[2023-02-02T10:00:07.983+0000] {logging_mixin.py:137} INFO - Toni Frank
[2023-02-02T10:00:07.989+0000] {logging_mixin.py:137} INFO - Kathleen Snyder
[2023-02-02T10:00:07.996+0000] {logging_mixin.py:137} INFO - Anna Lopez
[2023-02-02T10:00:08.000+0000] {logging_mixin.py:137} INFO - Charles Brown
[2023-02-02T10:00:08.006+0000] {logging_mixin.py:137} INFO - Barry Ross
[2023-02-02T10:00:08.010+0000] {logging_mixin.py:137} INFO - Emily Ramirez
[2023-02-02T10:00:08.024+0000] {logging_mixin.py:137} INFO - Anna Williams
[2023-02-02T10:00:08.030+0000] {logging_mixin.py:137} INFO - Kristin Pennington
[2023-02-02T10:00:08.035+0000] {logging_mixin.py:137} INFO - Mary Aguirre
[2023-02-02T10:00:08.039+0000] {logging_mixin.py:137} INFO - Austin Santos
[2023-02-02T10:00:08.051+0000] {logging_mixin.py:137} INFO - David Nelson
[2023-02-02T10:00:08.057+0000] {logging_mixin.py:137} INFO - Alyssa Mcbride
[2023-02-02T10:00:08.066+0000] {logging_mixin.py:137} INFO - Lisa Gibson
[2023-02-02T10:00:08.079+0000] {logging_mixin.py:137} INFO - Alexander Kelly
[2023-02-02T10:00:08.082+0000] {logging_mixin.py:137} INFO - Ronald Thomas
[2023-02-02T10:00:08.085+0000] {logging_mixin.py:137} INFO - Michael Hurst
[2023-02-02T10:00:08.092+0000] {logging_mixin.py:137} INFO - Lauren Ward
[2023-02-02T10:00:08.098+0000] {logging_mixin.py:137} INFO - Christian Terry
[2023-02-02T10:00:08.108+0000] {logging_mixin.py:137} INFO - Jared Black
[2023-02-02T10:00:08.113+0000] {logging_mixin.py:137} INFO - Anthony Brown
[2023-02-02T10:00:08.131+0000] {logging_mixin.py:137} INFO - John Cole
[2023-02-02T10:00:08.134+0000] {logging_mixin.py:137} INFO - David Lee
[2023-02-02T10:00:08.136+0000] {logging_mixin.py:137} INFO - Lori Thomas
[2023-02-02T10:00:08.151+0000] {logging_mixin.py:137} INFO - Daniel Herman
[2023-02-02T10:00:08.161+0000] {logging_mixin.py:137} INFO - Pam Williams
[2023-02-02T10:00:08.163+0000] {logging_mixin.py:137} INFO - Sarah Jenkins
[2023-02-02T10:00:08.174+0000] {logging_mixin.py:137} INFO - Susan Mitchell
[2023-02-02T10:00:08.184+0000] {logging_mixin.py:137} INFO - Jacqueline Green
[2023-02-02T10:00:08.190+0000] {logging_mixin.py:137} INFO - Victoria Garrison
[2023-02-02T10:00:08.200+0000] {logging_mixin.py:137} INFO - Jonathan Daniels
[2023-02-02T10:00:08.206+0000] {logging_mixin.py:137} INFO - Trevor Hansen
[2023-02-02T10:00:08.213+0000] {logging_mixin.py:137} INFO - Laurie Bowen
[2023-02-02T10:00:08.218+0000] {logging_mixin.py:137} INFO - James Cline
[2023-02-02T10:00:08.224+0000] {logging_mixin.py:137} INFO - Michael Rose
[2023-02-02T10:00:08.231+0000] {logging_mixin.py:137} INFO - Lawrence Juarez
[2023-02-02T10:00:08.237+0000] {logging_mixin.py:137} INFO - Lucas Caldwell
[2023-02-02T10:00:08.241+0000] {logging_mixin.py:137} INFO - Laura Jackson
[2023-02-02T10:00:08.246+0000] {logging_mixin.py:137} INFO - Sherri Thornton
[2023-02-02T10:00:08.252+0000] {logging_mixin.py:137} INFO - Alice Wilson
[2023-02-02T10:00:08.257+0000] {logging_mixin.py:137} INFO - Diane Williams
[2023-02-02T10:00:08.263+0000] {logging_mixin.py:137} INFO - Kara Martin
[2023-02-02T10:00:08.265+0000] {logging_mixin.py:137} INFO - Joseph Moore
[2023-02-02T10:00:08.272+0000] {logging_mixin.py:137} INFO - Jesse Moses
[2023-02-02T10:00:08.277+0000] {logging_mixin.py:137} INFO - Lisa Mccall
[2023-02-02T10:00:08.280+0000] {logging_mixin.py:137} INFO - Alexandra Mccoy
[2023-02-02T10:00:08.290+0000] {logging_mixin.py:137} INFO - Daniel Martin
[2023-02-02T10:00:08.293+0000] {logging_mixin.py:137} INFO - Claudia Peck
[2023-02-02T10:00:08.303+0000] {logging_mixin.py:137} INFO - Jessica Mcconnell
[2023-02-02T10:00:08.311+0000] {logging_mixin.py:137} INFO - Kevin Walker
[2023-02-02T10:00:08.326+0000] {logging_mixin.py:137} INFO - Christina Lee
[2023-02-02T10:00:08.332+0000] {logging_mixin.py:137} INFO - Christopher Schroeder
[2023-02-02T10:00:08.336+0000] {logging_mixin.py:137} INFO - Melissa Parker
[2023-02-02T10:00:08.341+0000] {logging_mixin.py:137} INFO - Janet Molina
[2023-02-02T10:00:08.347+0000] {logging_mixin.py:137} INFO - Barbara Harris
[2023-02-02T10:00:08.353+0000] {logging_mixin.py:137} INFO - Joseph Hurley
[2023-02-02T10:00:08.358+0000] {logging_mixin.py:137} INFO - Greg Hayden
[2023-02-02T10:00:08.368+0000] {logging_mixin.py:137} INFO - Edwin Adams
[2023-02-02T10:00:08.374+0000] {logging_mixin.py:137} INFO - Ashley Hunter
[2023-02-02T10:00:08.378+0000] {logging_mixin.py:137} INFO - Jennifer Tucker
[2023-02-02T10:00:08.387+0000] {logging_mixin.py:137} INFO - Eddie Gray
[2023-02-02T10:00:08.393+0000] {logging_mixin.py:137} INFO - Jennifer Evans
[2023-02-02T10:00:08.401+0000] {logging_mixin.py:137} INFO - Stephen Carey
[2023-02-02T10:00:08.410+0000] {logging_mixin.py:137} INFO - Samantha Campos
[2023-02-02T10:00:08.418+0000] {logging_mixin.py:137} INFO - Meagan Brown
[2023-02-02T10:00:08.434+0000] {logging_mixin.py:137} INFO - Miss Marisa Barber
[2023-02-02T10:00:08.444+0000] {logging_mixin.py:137} INFO - Jay Mann
[2023-02-02T10:00:08.455+0000] {logging_mixin.py:137} INFO - Matthew Campbell
[2023-02-02T10:00:08.459+0000] {logging_mixin.py:137} INFO - Brent Rodriguez
[2023-02-02T10:00:08.468+0000] {logging_mixin.py:137} INFO - Teresa Ross
[2023-02-02T10:00:08.472+0000] {logging_mixin.py:137} INFO - Mary Martinez
[2023-02-02T10:00:08.477+0000] {logging_mixin.py:137} INFO - Joseph Lewis
[2023-02-02T10:00:08.479+0000] {logging_mixin.py:137} INFO - Dale Davis
[2023-02-02T10:00:08.493+0000] {logging_mixin.py:137} INFO - Elizabeth Evans
[2023-02-02T10:00:08.500+0000] {logging_mixin.py:137} INFO - Shannon Wang
[2023-02-02T10:00:08.506+0000] {logging_mixin.py:137} INFO - Brandon Campbell
[2023-02-02T10:00:08.515+0000] {logging_mixin.py:137} INFO - Rhonda Pace
[2023-02-02T10:00:08.531+0000] {logging_mixin.py:137} INFO - Sarah Santos
[2023-02-02T10:00:08.536+0000] {logging_mixin.py:137} INFO - Jacob Ford
[2023-02-02T10:00:08.550+0000] {logging_mixin.py:137} INFO - Matthew Hansen
[2023-02-02T10:00:08.572+0000] {logging_mixin.py:137} INFO - Amy Ray
[2023-02-02T10:00:08.579+0000] {logging_mixin.py:137} INFO - Aaron Fields
[2023-02-02T10:00:08.583+0000] {logging_mixin.py:137} INFO - Mary Taylor
[2023-02-02T10:00:08.598+0000] {logging_mixin.py:137} INFO - James Morris
[2023-02-02T10:00:08.619+0000] {logging_mixin.py:137} INFO - Darrell Cain
[2023-02-02T10:00:08.629+0000] {logging_mixin.py:137} INFO - Michael Smith
[2023-02-02T10:00:08.632+0000] {logging_mixin.py:137} INFO - Scott Coleman
[2023-02-02T10:00:08.636+0000] {logging_mixin.py:137} INFO - David Fitzpatrick
[2023-02-02T10:00:08.647+0000] {logging_mixin.py:137} INFO - Debra Shepherd
[2023-02-02T10:00:08.655+0000] {logging_mixin.py:137} INFO - Paul Rush
[2023-02-02T10:00:08.661+0000] {logging_mixin.py:137} INFO - Brett Hernandez
[2023-02-02T10:00:08.666+0000] {logging_mixin.py:137} INFO - Sheila Riddle
[2023-02-02T10:00:08.676+0000] {logging_mixin.py:137} INFO - Joan Austin
[2023-02-02T10:00:08.679+0000] {logging_mixin.py:137} INFO - Michael Garcia
[2023-02-02T10:00:08.688+0000] {logging_mixin.py:137} INFO - Natalie Harris
[2023-02-02T10:00:08.696+0000] {logging_mixin.py:137} INFO - Steven Dean
[2023-02-02T10:00:08.703+0000] {logging_mixin.py:137} INFO - John Brown
[2023-02-02T10:00:08.706+0000] {logging_mixin.py:137} INFO - Keith Zimmerman
[2023-02-02T10:00:08.709+0000] {logging_mixin.py:137} INFO - Curtis Byrd
[2023-02-02T10:00:08.715+0000] {logging_mixin.py:137} INFO - Mariah Green
[2023-02-02T10:00:08.718+0000] {logging_mixin.py:137} INFO - Roger Huynh
[2023-02-02T10:00:08.720+0000] {logging_mixin.py:137} INFO - Christopher Zamora
[2023-02-02T10:00:08.730+0000] {logging_mixin.py:137} INFO - Joyce Crawford
[2023-02-02T10:00:08.737+0000] {logging_mixin.py:137} INFO - Angela Smith
[2023-02-02T10:00:08.751+0000] {logging_mixin.py:137} INFO - Veronica Robinson
[2023-02-02T10:00:08.758+0000] {logging_mixin.py:137} INFO - Christopher Bates
[2023-02-02T10:00:08.763+0000] {logging_mixin.py:137} INFO - Steve Stone
[2023-02-02T10:00:08.772+0000] {logging_mixin.py:137} INFO - William Cook
[2023-02-02T10:00:08.777+0000] {logging_mixin.py:137} INFO - Lori Wood
[2023-02-02T10:00:08.792+0000] {logging_mixin.py:137} INFO - Jillian Reynolds
[2023-02-02T10:00:08.805+0000] {logging_mixin.py:137} INFO - Angela Caldwell
[2023-02-02T10:00:08.811+0000] {logging_mixin.py:137} INFO - Shane Campbell
[2023-02-02T10:00:08.818+0000] {logging_mixin.py:137} INFO - Karen Lawrence
[2023-02-02T10:00:08.835+0000] {logging_mixin.py:137} INFO - Kimberly Wood
[2023-02-02T10:00:08.846+0000] {logging_mixin.py:137} INFO - Samantha Lopez
[2023-02-02T10:00:08.856+0000] {logging_mixin.py:137} INFO - Harold Miller
[2023-02-02T10:00:08.861+0000] {logging_mixin.py:137} INFO - Raymond Cooper DVM
[2023-02-02T10:00:08.873+0000] {logging_mixin.py:137} INFO - Kristen Patel
[2023-02-02T10:00:08.885+0000] {logging_mixin.py:137} INFO - Anthony Mejia
[2023-02-02T10:00:08.899+0000] {logging_mixin.py:137} INFO - Raymond Thomas
[2023-02-02T10:00:08.921+0000] {logging_mixin.py:137} INFO - Scott Young
[2023-02-02T10:00:08.925+0000] {logging_mixin.py:137} INFO - David Larson
[2023-02-02T10:00:08.937+0000] {logging_mixin.py:137} INFO - Jon Murray
[2023-02-02T10:00:08.969+0000] {logging_mixin.py:137} INFO - Stephen Taylor
[2023-02-02T10:00:08.977+0000] {logging_mixin.py:137} INFO - Jennifer Hernandez
[2023-02-02T10:00:08.992+0000] {logging_mixin.py:137} INFO - Stacy Smith
[2023-02-02T10:00:09.002+0000] {logging_mixin.py:137} INFO - Juan Owens
[2023-02-02T10:00:09.012+0000] {logging_mixin.py:137} INFO - Brian Adkins
[2023-02-02T10:00:09.018+0000] {logging_mixin.py:137} INFO - Jesse Wells
[2023-02-02T10:00:09.021+0000] {logging_mixin.py:137} INFO - Kyle Matthews
[2023-02-02T10:00:09.024+0000] {logging_mixin.py:137} INFO - Dustin Russell
[2023-02-02T10:00:09.030+0000] {logging_mixin.py:137} INFO - Richard White
[2023-02-02T10:00:09.039+0000] {logging_mixin.py:137} INFO - Brittany Nichols
[2023-02-02T10:00:09.047+0000] {logging_mixin.py:137} INFO - Colton Kelly
[2023-02-02T10:00:09.056+0000] {logging_mixin.py:137} INFO - William Perry
[2023-02-02T10:00:09.060+0000] {logging_mixin.py:137} INFO - Thomas Cummings
[2023-02-02T10:00:09.065+0000] {logging_mixin.py:137} INFO - Timothy Ballard
[2023-02-02T10:00:09.075+0000] {logging_mixin.py:137} INFO - Richard Washington
[2023-02-02T10:00:09.093+0000] {logging_mixin.py:137} INFO - Joshua Lam
[2023-02-02T10:00:09.103+0000] {logging_mixin.py:137} INFO - Grant Jackson
[2023-02-02T10:00:09.117+0000] {logging_mixin.py:137} INFO - Erin Baker
[2023-02-02T10:00:09.122+0000] {logging_mixin.py:137} INFO - Scott Flowers
[2023-02-02T10:00:09.126+0000] {logging_mixin.py:137} INFO - James Adams
[2023-02-02T10:00:09.131+0000] {logging_mixin.py:137} INFO - Heather Alvarado
[2023-02-02T10:00:09.139+0000] {logging_mixin.py:137} INFO - Jennifer Snow
[2023-02-02T10:00:09.155+0000] {logging_mixin.py:137} INFO - Mario Jackson
[2023-02-02T10:00:09.166+0000] {logging_mixin.py:137} INFO - Kevin Collins
[2023-02-02T10:00:09.175+0000] {logging_mixin.py:137} INFO - Danielle Garcia
[2023-02-02T10:00:09.189+0000] {logging_mixin.py:137} INFO - Brenda Jackson
[2023-02-02T10:00:09.199+0000] {logging_mixin.py:137} INFO - Ashley Parker
[2023-02-02T10:00:09.212+0000] {logging_mixin.py:137} INFO - Angela Hickman
[2023-02-02T10:00:09.219+0000] {logging_mixin.py:137} INFO - Carol Rodriguez
[2023-02-02T10:00:09.224+0000] {logging_mixin.py:137} INFO - Vernon Anderson
[2023-02-02T10:00:09.229+0000] {logging_mixin.py:137} INFO - Jesus Church
[2023-02-02T10:00:09.238+0000] {logging_mixin.py:137} INFO - Michelle Medina
[2023-02-02T10:00:09.250+0000] {logging_mixin.py:137} INFO - Nancy Bryant
[2023-02-02T10:00:09.272+0000] {logging_mixin.py:137} INFO - Jennifer Martinez
[2023-02-02T10:00:09.279+0000] {logging_mixin.py:137} INFO - Amy Dougherty
[2023-02-02T10:00:09.298+0000] {logging_mixin.py:137} INFO - Alexis Sanders
[2023-02-02T10:00:09.303+0000] {logging_mixin.py:137} INFO - Austin Salazar
[2023-02-02T10:00:09.308+0000] {logging_mixin.py:137} INFO - Amy Williams
[2023-02-02T10:00:09.312+0000] {logging_mixin.py:137} INFO - Richard Haynes
[2023-02-02T10:00:09.315+0000] {logging_mixin.py:137} INFO - Christine Stark
[2023-02-02T10:00:09.317+0000] {logging_mixin.py:137} INFO - Anita Medina
[2023-02-02T10:00:09.321+0000] {logging_mixin.py:137} INFO - Mr. Thomas Duran
[2023-02-02T10:00:09.324+0000] {logging_mixin.py:137} INFO - Mr. Russell Peterson
[2023-02-02T10:00:09.327+0000] {logging_mixin.py:137} INFO - Jack Richard
[2023-02-02T10:00:09.336+0000] {logging_mixin.py:137} INFO - Michelle Erickson
[2023-02-02T10:00:09.356+0000] {logging_mixin.py:137} INFO - Mitchell Williams
[2023-02-02T10:00:09.361+0000] {logging_mixin.py:137} INFO - Adrian Herrera
[2023-02-02T10:00:09.365+0000] {logging_mixin.py:137} INFO - Michael Brady
[2023-02-02T10:00:09.371+0000] {logging_mixin.py:137} INFO - Jamie Zhang
[2023-02-02T10:00:09.375+0000] {logging_mixin.py:137} INFO - Helen Brennan
[2023-02-02T10:00:09.380+0000] {logging_mixin.py:137} INFO - John Myers
[2023-02-02T10:00:09.384+0000] {logging_mixin.py:137} INFO - Patricia Nash
[2023-02-02T10:00:09.387+0000] {logging_mixin.py:137} INFO - Michael Johnson
[2023-02-02T10:00:09.391+0000] {logging_mixin.py:137} INFO - Anita Berger
[2023-02-02T10:00:09.396+0000] {logging_mixin.py:137} INFO - Jason Guerrero DVM
[2023-02-02T10:00:09.403+0000] {logging_mixin.py:137} INFO - Kimberly Davis
[2023-02-02T10:00:09.407+0000] {logging_mixin.py:137} INFO - Bryan Hansen
[2023-02-02T10:00:09.413+0000] {logging_mixin.py:137} INFO - Rebecca Obrien
[2023-02-02T10:00:09.415+0000] {logging_mixin.py:137} INFO - Sarah Santiago
[2023-02-02T10:00:09.418+0000] {logging_mixin.py:137} INFO - Christine Lane
[2023-02-02T10:00:09.423+0000] {logging_mixin.py:137} INFO - Jerry Lewis
[2023-02-02T10:00:09.428+0000] {logging_mixin.py:137} INFO - Stephanie Miller
[2023-02-02T10:00:09.430+0000] {logging_mixin.py:137} INFO - Kristi Bradley
[2023-02-02T10:00:09.434+0000] {logging_mixin.py:137} INFO - Darren Moore
[2023-02-02T10:00:09.441+0000] {logging_mixin.py:137} INFO - Kristina Cunningham
[2023-02-02T10:00:09.448+0000] {logging_mixin.py:137} INFO - Laurie Moore
[2023-02-02T10:00:09.452+0000] {logging_mixin.py:137} INFO - Aaron Lewis
[2023-02-02T10:00:09.457+0000] {logging_mixin.py:137} INFO - Theresa Vang
[2023-02-02T10:00:09.461+0000] {logging_mixin.py:137} INFO - Chase Reese
[2023-02-02T10:00:09.466+0000] {logging_mixin.py:137} INFO - Matthew Ferguson
[2023-02-02T10:00:09.471+0000] {logging_mixin.py:137} INFO - Victoria Lewis
[2023-02-02T10:00:09.475+0000] {logging_mixin.py:137} INFO - Jon Scott
[2023-02-02T10:00:09.478+0000] {logging_mixin.py:137} INFO - Lisa Campbell
[2023-02-02T10:00:09.483+0000] {logging_mixin.py:137} INFO - David Ramirez
[2023-02-02T10:00:09.489+0000] {logging_mixin.py:137} INFO - Gabriel Rosario
[2023-02-02T10:00:09.496+0000] {logging_mixin.py:137} INFO - Kristi Johnson
[2023-02-02T10:00:09.502+0000] {logging_mixin.py:137} INFO - Jennifer Schwartz
[2023-02-02T10:00:09.505+0000] {logging_mixin.py:137} INFO - Daniel Norton
[2023-02-02T10:00:09.511+0000] {logging_mixin.py:137} INFO - Richard Montoya
[2023-02-02T10:00:09.519+0000] {logging_mixin.py:137} INFO - Daniel Norris
[2023-02-02T10:00:09.525+0000] {logging_mixin.py:137} INFO - Chad Taylor
[2023-02-02T10:00:09.529+0000] {logging_mixin.py:137} INFO - Angie Allen
[2023-02-02T10:00:09.533+0000] {logging_mixin.py:137} INFO - Michael Brooks
[2023-02-02T10:00:09.549+0000] {logging_mixin.py:137} INFO - Hannah Poole
[2023-02-02T10:00:09.556+0000] {logging_mixin.py:137} INFO - Caitlin Ray
[2023-02-02T10:00:09.569+0000] {logging_mixin.py:137} INFO - Mr. Steven Gardner
[2023-02-02T10:00:09.592+0000] {logging_mixin.py:137} INFO - Jennifer Macdonald
[2023-02-02T10:00:09.603+0000] {logging_mixin.py:137} INFO - Vanessa Small
[2023-02-02T10:00:09.607+0000] {logging_mixin.py:137} INFO - Dennis Gray
[2023-02-02T10:00:09.626+0000] {logging_mixin.py:137} INFO - Sandra Kirk
[2023-02-02T10:00:09.637+0000] {logging_mixin.py:137} INFO - Jason Wagner
[2023-02-02T10:00:09.645+0000] {logging_mixin.py:137} INFO - David Owen
[2023-02-02T10:00:09.649+0000] {logging_mixin.py:137} INFO - Rose Terrell
[2023-02-02T10:00:09.658+0000] {logging_mixin.py:137} INFO - James Green MD
[2023-02-02T10:00:09.663+0000] {logging_mixin.py:137} INFO - Tammy Patel
[2023-02-02T10:00:09.676+0000] {logging_mixin.py:137} INFO - Joseph Lucero
[2023-02-02T10:00:09.684+0000] {logging_mixin.py:137} INFO - Stephanie Rojas
[2023-02-02T10:00:09.688+0000] {logging_mixin.py:137} INFO - Brittany Johnson
[2023-02-02T10:00:09.705+0000] {logging_mixin.py:137} INFO - Christina Cummings
[2023-02-02T10:00:09.726+0000] {logging_mixin.py:137} INFO - Eric Downs
[2023-02-02T10:00:09.739+0000] {logging_mixin.py:137} INFO - Paul Finley
[2023-02-02T10:00:09.744+0000] {logging_mixin.py:137} INFO - Danielle Jackson
[2023-02-02T10:00:09.765+0000] {logging_mixin.py:137} INFO - Anna Johnston
[2023-02-02T10:00:09.781+0000] {logging_mixin.py:137} INFO - Ashlee Hodges
[2023-02-02T10:00:09.789+0000] {logging_mixin.py:137} INFO - Thomas Francis
[2023-02-02T10:00:09.793+0000] {logging_mixin.py:137} INFO - Cody Baird
[2023-02-02T10:00:09.797+0000] {logging_mixin.py:137} INFO - Jeffrey Walter
[2023-02-02T10:00:09.821+0000] {logging_mixin.py:137} INFO - Hannah West
[2023-02-02T10:00:09.838+0000] {logging_mixin.py:137} INFO - Anthony Byrd
[2023-02-02T10:00:09.856+0000] {logging_mixin.py:137} INFO - Julie Ramirez
[2023-02-02T10:00:09.858+0000] {logging_mixin.py:137} INFO - Seth Peters
[2023-02-02T10:00:09.861+0000] {logging_mixin.py:137} INFO - Keith Salas
[2023-02-02T10:00:09.868+0000] {logging_mixin.py:137} INFO - Kathryn Evans
[2023-02-02T10:00:09.872+0000] {logging_mixin.py:137} INFO - Dr. Maria Scott
[2023-02-02T10:00:09.879+0000] {logging_mixin.py:137} INFO - Brenda Thomas
[2023-02-02T10:00:09.881+0000] {logging_mixin.py:137} INFO - Travis Douglas
[2023-02-02T10:00:09.883+0000] {logging_mixin.py:137} INFO - Kurt Santos
[2023-02-02T10:00:09.893+0000] {logging_mixin.py:137} INFO - Sean Parrish
[2023-02-02T10:00:09.899+0000] {logging_mixin.py:137} INFO - Brittany Walls
[2023-02-02T10:00:09.906+0000] {logging_mixin.py:137} INFO - Gail Brooks
[2023-02-02T10:00:09.910+0000] {logging_mixin.py:137} INFO - Valerie Johnson
[2023-02-02T10:00:09.913+0000] {logging_mixin.py:137} INFO - Jessica Dunn
[2023-02-02T10:00:09.920+0000] {logging_mixin.py:137} INFO - Chad Robinson
[2023-02-02T10:00:09.926+0000] {logging_mixin.py:137} INFO - Catherine Combs
[2023-02-02T10:00:09.928+0000] {logging_mixin.py:137} INFO - Joshua Boyd
[2023-02-02T10:00:09.934+0000] {logging_mixin.py:137} INFO - Alicia Barnett DVM
[2023-02-02T10:00:09.939+0000] {logging_mixin.py:137} INFO - Kevin Cervantes
[2023-02-02T10:00:09.942+0000] {logging_mixin.py:137} INFO - Larry Lester
[2023-02-02T10:00:09.950+0000] {logging_mixin.py:137} INFO - Deanna Espinoza
[2023-02-02T10:00:09.953+0000] {logging_mixin.py:137} INFO - Marilyn Davis
[2023-02-02T10:00:09.962+0000] {logging_mixin.py:137} INFO - Michael Weeks
[2023-02-02T10:00:09.986+0000] {logging_mixin.py:137} INFO - Brandon Stanton
[2023-02-02T10:00:10.002+0000] {logging_mixin.py:137} INFO - Ryan Boyer Jr.
[2023-02-02T10:00:10.011+0000] {logging_mixin.py:137} INFO - Amanda Elliott
[2023-02-02T10:00:10.026+0000] {logging_mixin.py:137} INFO - David Moore
[2023-02-02T10:00:10.042+0000] {logging_mixin.py:137} INFO - Andre Williams
[2023-02-02T10:00:10.047+0000] {logging_mixin.py:137} INFO - Jennifer Garcia
[2023-02-02T10:00:10.057+0000] {logging_mixin.py:137} INFO - Tracey Cook
[2023-02-02T10:00:10.061+0000] {logging_mixin.py:137} INFO - Michael Turner
[2023-02-02T10:00:10.079+0000] {logging_mixin.py:137} INFO - Diana Long
[2023-02-02T10:00:10.084+0000] {logging_mixin.py:137} INFO - John Bradley
[2023-02-02T10:00:10.085+0000] {logging_mixin.py:137} INFO - Ann Benjamin
[2023-02-02T10:00:10.090+0000] {logging_mixin.py:137} INFO - Shane House
[2023-02-02T10:00:10.096+0000] {logging_mixin.py:137} INFO - Erin Lee
[2023-02-02T10:00:10.101+0000] {logging_mixin.py:137} INFO - Joseph Gray
[2023-02-02T10:00:10.104+0000] {logging_mixin.py:137} INFO - Betty Gibson
[2023-02-02T10:00:10.109+0000] {logging_mixin.py:137} INFO - Kristen Graham
[2023-02-02T10:00:10.113+0000] {logging_mixin.py:137} INFO - Daniel Meza
[2023-02-02T10:00:10.117+0000] {logging_mixin.py:137} INFO - Sherri Carpenter
[2023-02-02T10:00:10.124+0000] {logging_mixin.py:137} INFO - Andrea Sanchez
[2023-02-02T10:00:10.137+0000] {logging_mixin.py:137} INFO - Jordan Rios
[2023-02-02T10:00:10.142+0000] {logging_mixin.py:137} INFO - Elizabeth Jackson
[2023-02-02T10:00:10.147+0000] {logging_mixin.py:137} INFO - Elizabeth Myers
[2023-02-02T10:00:10.149+0000] {logging_mixin.py:137} INFO - Juan Barnes
[2023-02-02T10:00:10.155+0000] {logging_mixin.py:137} INFO - Christopher Lozano
[2023-02-02T10:00:10.157+0000] {logging_mixin.py:137} INFO - Jacqueline Griffin
[2023-02-02T10:00:10.158+0000] {logging_mixin.py:137} INFO - Ryan Mason
[2023-02-02T10:00:10.165+0000] {logging_mixin.py:137} INFO - Jonathan Moore
[2023-02-02T10:00:10.172+0000] {logging_mixin.py:137} INFO - Abigail Landry
[2023-02-02T10:00:10.181+0000] {logging_mixin.py:137} INFO - Brenda Hernandez
[2023-02-02T10:00:10.205+0000] {logging_mixin.py:137} INFO - Zachary Pitts
[2023-02-02T10:00:10.216+0000] {logging_mixin.py:137} INFO - Amanda Rogers
[2023-02-02T10:00:10.218+0000] {logging_mixin.py:137} INFO - Cynthia Gray
[2023-02-02T10:00:10.238+0000] {logging_mixin.py:137} INFO - Tyler Barajas
[2023-02-02T10:00:10.241+0000] {logging_mixin.py:137} INFO - Michelle Leon
[2023-02-02T10:00:10.244+0000] {logging_mixin.py:137} INFO - Kathy Lang
[2023-02-02T10:00:10.254+0000] {logging_mixin.py:137} INFO - Scott Townsend MD
[2023-02-02T10:00:10.272+0000] {logging_mixin.py:137} INFO - Theresa Acosta
[2023-02-02T10:00:10.280+0000] {logging_mixin.py:137} INFO - David Jones
[2023-02-02T10:00:10.292+0000] {logging_mixin.py:137} INFO - Jeremy Robinson
[2023-02-02T10:00:10.298+0000] {logging_mixin.py:137} INFO - James Newton
[2023-02-02T10:00:10.307+0000] {logging_mixin.py:137} INFO - Tracey Wells
[2023-02-02T10:00:10.318+0000] {logging_mixin.py:137} INFO - Maria Nelson
[2023-02-02T10:00:10.325+0000] {logging_mixin.py:137} INFO - Christopher Griffith
[2023-02-02T10:00:10.332+0000] {logging_mixin.py:137} INFO - Zachary Griffin
[2023-02-02T10:00:10.338+0000] {logging_mixin.py:137} INFO - Amy Nguyen
[2023-02-02T10:00:10.340+0000] {logging_mixin.py:137} INFO - April Williams
[2023-02-02T10:00:10.349+0000] {logging_mixin.py:137} INFO - Marissa Kelly
[2023-02-02T10:00:10.355+0000] {logging_mixin.py:137} INFO - Brian Lopez PhD
[2023-02-02T10:00:10.364+0000] {logging_mixin.py:137} INFO - William Williams
[2023-02-02T10:00:10.374+0000] {logging_mixin.py:137} INFO - Norman Brown
[2023-02-02T10:00:10.379+0000] {logging_mixin.py:137} INFO - Charles Fuentes
[2023-02-02T10:00:10.385+0000] {logging_mixin.py:137} INFO - Anthony Chang
[2023-02-02T10:00:10.387+0000] {logging_mixin.py:137} INFO - Mary Bell
[2023-02-02T10:00:10.391+0000] {logging_mixin.py:137} INFO - Elizabeth Stuart
[2023-02-02T10:00:10.396+0000] {logging_mixin.py:137} INFO - Mary Mcdonald
[2023-02-02T10:00:10.403+0000] {logging_mixin.py:137} INFO - Martin Harrison
[2023-02-02T10:00:10.407+0000] {logging_mixin.py:137} INFO - Stephanie Fernandez
[2023-02-02T10:00:10.411+0000] {logging_mixin.py:137} INFO - Christopher Brown
[2023-02-02T10:00:10.420+0000] {logging_mixin.py:137} INFO - Alexander Stephenson
[2023-02-02T10:00:10.424+0000] {logging_mixin.py:137} INFO - Grace Diaz
[2023-02-02T10:00:10.429+0000] {logging_mixin.py:137} INFO - Frank Bartlett
[2023-02-02T10:00:10.436+0000] {logging_mixin.py:137} INFO - Audrey Andersen
[2023-02-02T10:00:10.441+0000] {logging_mixin.py:137} INFO - David Green
[2023-02-02T10:00:10.443+0000] {logging_mixin.py:137} INFO - Joshua Diaz Jr.
[2023-02-02T10:00:10.449+0000] {logging_mixin.py:137} INFO - Emily Garcia
[2023-02-02T10:00:10.452+0000] {logging_mixin.py:137} INFO - Devin Hall
[2023-02-02T10:00:10.454+0000] {logging_mixin.py:137} INFO - Phillip Garner
[2023-02-02T10:00:10.463+0000] {logging_mixin.py:137} INFO - Katherine Estrada
[2023-02-02T10:00:10.466+0000] {logging_mixin.py:137} INFO - Corey Saunders
[2023-02-02T10:00:10.468+0000] {logging_mixin.py:137} INFO - Kimberly Collins
[2023-02-02T10:00:10.474+0000] {logging_mixin.py:137} INFO - Amy Elliott
[2023-02-02T10:00:10.479+0000] {logging_mixin.py:137} INFO - Tanya Jones
[2023-02-02T10:00:10.488+0000] {logging_mixin.py:137} INFO - Patricia Gonzalez
[2023-02-02T10:00:10.493+0000] {logging_mixin.py:137} INFO - Jennifer Hill
[2023-02-02T10:00:10.499+0000] {logging_mixin.py:137} INFO - John Haynes
[2023-02-02T10:00:10.505+0000] {logging_mixin.py:137} INFO - Jacob Henry
[2023-02-02T10:00:10.512+0000] {logging_mixin.py:137} INFO - Daniel Clark
[2023-02-02T10:00:10.516+0000] {logging_mixin.py:137} INFO - Jonathon Taylor
[2023-02-02T10:00:10.523+0000] {logging_mixin.py:137} INFO - Jesse Evans
[2023-02-02T10:00:10.528+0000] {logging_mixin.py:137} INFO - James Martinez
[2023-02-02T10:00:10.534+0000] {logging_mixin.py:137} INFO - Kyle Reyes
[2023-02-02T10:00:10.538+0000] {logging_mixin.py:137} INFO - Terrence Barker
[2023-02-02T10:00:10.541+0000] {logging_mixin.py:137} INFO - Anthony Washington
[2023-02-02T10:00:10.548+0000] {logging_mixin.py:137} INFO - Dustin Le
[2023-02-02T10:00:10.553+0000] {logging_mixin.py:137} INFO - Bruce Clark
[2023-02-02T10:00:10.559+0000] {logging_mixin.py:137} INFO - Keith Anthony
[2023-02-02T10:00:10.564+0000] {logging_mixin.py:137} INFO - Jeremiah Stone
[2023-02-02T10:00:10.568+0000] {logging_mixin.py:137} INFO - Michael Haley
[2023-02-02T10:00:10.574+0000] {logging_mixin.py:137} INFO - Regina Carrillo
[2023-02-02T10:00:10.578+0000] {logging_mixin.py:137} INFO - Jacob Lee
[2023-02-02T10:00:10.584+0000] {logging_mixin.py:137} INFO - Thomas Gonzalez
[2023-02-02T10:00:10.588+0000] {logging_mixin.py:137} INFO - Mark Lawrence
[2023-02-02T10:00:10.593+0000] {logging_mixin.py:137} INFO - Matthew Anderson
[2023-02-02T10:00:10.599+0000] {logging_mixin.py:137} INFO - Nicholas Young
[2023-02-02T10:00:10.604+0000] {logging_mixin.py:137} INFO - Melvin Martinez
[2023-02-02T10:00:10.611+0000] {logging_mixin.py:137} INFO - Scott Green
[2023-02-02T10:00:10.615+0000] {logging_mixin.py:137} INFO - Dana Richards
[2023-02-02T10:00:10.626+0000] {logging_mixin.py:137} INFO - Lauren Moore
[2023-02-02T10:00:10.632+0000] {logging_mixin.py:137} INFO - Terry Campbell
[2023-02-02T10:00:10.636+0000] {logging_mixin.py:137} INFO - Ralph Jordan
[2023-02-02T10:00:10.643+0000] {logging_mixin.py:137} INFO - Noah Reyes
[2023-02-02T10:00:10.650+0000] {logging_mixin.py:137} INFO - Mr. Gregory Mills MD
[2023-02-02T10:00:10.653+0000] {logging_mixin.py:137} INFO - Michelle Yates
[2023-02-02T10:00:10.662+0000] {logging_mixin.py:137} INFO - Robin Reyes
[2023-02-02T10:00:10.666+0000] {logging_mixin.py:137} INFO - Rebecca Smith
[2023-02-02T10:00:10.674+0000] {logging_mixin.py:137} INFO - Nicole Torres
[2023-02-02T10:00:10.678+0000] {logging_mixin.py:137} INFO - Ronald Jones
[2023-02-02T10:00:10.680+0000] {logging_mixin.py:137} INFO - Michael Castaneda
[2023-02-02T10:00:10.686+0000] {logging_mixin.py:137} INFO - Christopher Krueger
[2023-02-02T10:00:10.691+0000] {logging_mixin.py:137} INFO - Jennifer Werner
[2023-02-02T10:00:10.697+0000] {logging_mixin.py:137} INFO - Ashley Smith
[2023-02-02T10:00:10.700+0000] {logging_mixin.py:137} INFO - Alyssa Fields
[2023-02-02T10:00:10.705+0000] {logging_mixin.py:137} INFO - John Scott
[2023-02-02T10:00:10.717+0000] {logging_mixin.py:137} INFO - Debra Delacruz
[2023-02-02T10:00:10.722+0000] {logging_mixin.py:137} INFO - James Madden
[2023-02-02T10:00:10.729+0000] {logging_mixin.py:137} INFO - Joseph Gentry
[2023-02-02T10:00:10.732+0000] {logging_mixin.py:137} INFO - Ashley Cabrera
[2023-02-02T10:00:10.748+0000] {logging_mixin.py:137} INFO - Jennifer Fernandez
[2023-02-02T10:00:10.752+0000] {logging_mixin.py:137} INFO - James Harris
[2023-02-02T10:00:10.760+0000] {logging_mixin.py:137} INFO - Candice Young
[2023-02-02T10:00:10.764+0000] {logging_mixin.py:137} INFO - Lisa Baker
[2023-02-02T10:00:10.775+0000] {logging_mixin.py:137} INFO - Brian Mills DDS
[2023-02-02T10:00:10.778+0000] {logging_mixin.py:137} INFO - Kristin Smith
[2023-02-02T10:00:10.781+0000] {logging_mixin.py:137} INFO - Jacob Collins
[2023-02-02T10:00:10.789+0000] {logging_mixin.py:137} INFO - Kimberly Harris
[2023-02-02T10:00:10.791+0000] {logging_mixin.py:137} INFO - Michael Hull
[2023-02-02T10:00:10.794+0000] {logging_mixin.py:137} INFO - Caitlin Todd
[2023-02-02T10:00:10.798+0000] {logging_mixin.py:137} INFO - Lisa Harris
[2023-02-02T10:00:10.804+0000] {logging_mixin.py:137} INFO - Mrs. Ann Stone
[2023-02-02T10:00:10.808+0000] {logging_mixin.py:137} INFO - Michelle Case
[2023-02-02T10:00:10.810+0000] {logging_mixin.py:137} INFO - Joe Lowe
[2023-02-02T10:00:10.822+0000] {logging_mixin.py:137} INFO - Randall Dunn
[2023-02-02T10:00:10.825+0000] {logging_mixin.py:137} INFO - Paula Vargas
[2023-02-02T10:00:10.831+0000] {logging_mixin.py:137} INFO - Daniel Walker
[2023-02-02T10:00:10.836+0000] {logging_mixin.py:137} INFO - James Jackson
[2023-02-02T10:00:10.842+0000] {logging_mixin.py:137} INFO - Shirley Woodard
[2023-02-02T10:00:10.844+0000] {logging_mixin.py:137} INFO - James Hayes
[2023-02-02T10:00:10.846+0000] {logging_mixin.py:137} INFO - Megan Austin
[2023-02-02T10:00:10.847+0000] {logging_mixin.py:137} INFO - Erin Robertson
[2023-02-02T10:00:10.852+0000] {logging_mixin.py:137} INFO - Robert Phillips
[2023-02-02T10:00:10.856+0000] {logging_mixin.py:137} INFO - Amy Torres
[2023-02-02T10:00:10.859+0000] {logging_mixin.py:137} INFO - Joshua Cox
[2023-02-02T10:00:10.863+0000] {logging_mixin.py:137} INFO - Duane Grimes
[2023-02-02T10:00:10.874+0000] {logging_mixin.py:137} INFO - Jennifer Burgess
[2023-02-02T10:00:10.877+0000] {logging_mixin.py:137} INFO - Carlos Duran
[2023-02-02T10:00:10.885+0000] {logging_mixin.py:137} INFO - Jason Johnson
[2023-02-02T10:00:10.891+0000] {logging_mixin.py:137} INFO - Cameron Greer
[2023-02-02T10:00:10.910+0000] {logging_mixin.py:137} INFO - Randall Williams
[2023-02-02T10:00:10.923+0000] {logging_mixin.py:137} INFO - Jessica Harris
[2023-02-02T10:00:10.932+0000] {logging_mixin.py:137} INFO - Joshua Rogers
[2023-02-02T10:00:10.936+0000] {logging_mixin.py:137} INFO - Jose Mahoney
[2023-02-02T10:00:10.959+0000] {logging_mixin.py:137} INFO - Brandy Fuentes
[2023-02-02T10:00:10.961+0000] {logging_mixin.py:137} INFO - Angelica Matthews
[2023-02-02T10:00:10.964+0000] {logging_mixin.py:137} INFO - Glenn Caldwell
[2023-02-02T10:00:10.970+0000] {logging_mixin.py:137} INFO - Cristian Delacruz
[2023-02-02T10:00:10.979+0000] {logging_mixin.py:137} INFO - Alexandra Price
[2023-02-02T10:00:10.996+0000] {logging_mixin.py:137} INFO - Heather Wilson
[2023-02-02T10:00:11.008+0000] {logging_mixin.py:137} INFO - Shawn Thompson
[2023-02-02T10:00:11.013+0000] {logging_mixin.py:137} INFO - Anna Daniel
[2023-02-02T10:00:11.016+0000] {logging_mixin.py:137} INFO - Joseph Cisneros
[2023-02-02T10:00:11.019+0000] {logging_mixin.py:137} INFO - Rebecca Estes
[2023-02-02T10:00:11.023+0000] {logging_mixin.py:137} INFO - Jeremy Porter
[2023-02-02T10:00:11.046+0000] {logging_mixin.py:137} INFO - Lisa Mann
[2023-02-02T10:00:11.048+0000] {logging_mixin.py:137} INFO - Michael Woods
[2023-02-02T10:00:11.054+0000] {logging_mixin.py:137} INFO - Madison Thompson
[2023-02-02T10:00:11.059+0000] {logging_mixin.py:137} INFO - Nancy Gomez
[2023-02-02T10:00:11.071+0000] {logging_mixin.py:137} INFO - Julie Blanchard
[2023-02-02T10:00:11.090+0000] {logging_mixin.py:137} INFO - Michael Smith
[2023-02-02T10:00:11.099+0000] {logging_mixin.py:137} INFO - Angel Huber
[2023-02-02T10:00:11.107+0000] {logging_mixin.py:137} INFO - Michael Coffey
[2023-02-02T10:00:11.114+0000] {logging_mixin.py:137} INFO - Patrick Walter
[2023-02-02T10:00:11.124+0000] {logging_mixin.py:137} INFO - Curtis Davis
[2023-02-02T10:00:11.128+0000] {logging_mixin.py:137} INFO - Kyle Stewart
[2023-02-02T10:00:11.139+0000] {logging_mixin.py:137} INFO - Angela Jimenez
[2023-02-02T10:00:11.149+0000] {logging_mixin.py:137} INFO - Andrew Martinez
[2023-02-02T10:00:11.154+0000] {logging_mixin.py:137} INFO - Angela West
[2023-02-02T10:00:11.167+0000] {logging_mixin.py:137} INFO - Ryan Young
[2023-02-02T10:00:11.170+0000] {logging_mixin.py:137} INFO - Nathaniel Evans
[2023-02-02T10:00:11.179+0000] {logging_mixin.py:137} INFO - Dawn Bryant
[2023-02-02T10:00:11.198+0000] {logging_mixin.py:137} INFO - Danielle Lewis
[2023-02-02T10:00:11.202+0000] {logging_mixin.py:137} INFO - Matthew Newman
[2023-02-02T10:00:11.210+0000] {logging_mixin.py:137} INFO - Robert Smith
[2023-02-02T10:00:11.215+0000] {logging_mixin.py:137} INFO - Melissa Hicks
[2023-02-02T10:00:11.218+0000] {logging_mixin.py:137} INFO - Emily Lambert
[2023-02-02T10:00:11.222+0000] {logging_mixin.py:137} INFO - Krystal Wolfe
[2023-02-02T10:00:11.226+0000] {logging_mixin.py:137} INFO - Donna Murillo
[2023-02-02T10:00:11.231+0000] {logging_mixin.py:137} INFO - Carl Hudson
[2023-02-02T10:00:11.239+0000] {logging_mixin.py:137} INFO - Robert Wilson
[2023-02-02T10:00:11.250+0000] {logging_mixin.py:137} INFO - Patrick Mathis
[2023-02-02T10:00:11.254+0000] {logging_mixin.py:137} INFO - Michael Suarez
[2023-02-02T10:00:11.266+0000] {logging_mixin.py:137} INFO - David Johnson
[2023-02-02T10:00:11.271+0000] {logging_mixin.py:137} INFO - William Thompson
[2023-02-02T10:00:11.277+0000] {logging_mixin.py:137} INFO - Jessica Hansen DVM
[2023-02-02T10:00:11.285+0000] {logging_mixin.py:137} INFO - Katherine Friedman
[2023-02-02T10:00:11.290+0000] {logging_mixin.py:137} INFO - Jillian Johnson
[2023-02-02T10:00:11.300+0000] {logging_mixin.py:137} INFO - Robert Mckee
[2023-02-02T10:00:11.306+0000] {logging_mixin.py:137} INFO - Rachel Little
[2023-02-02T10:00:11.329+0000] {logging_mixin.py:137} INFO - Patricia Smith
[2023-02-02T10:00:11.342+0000] {logging_mixin.py:137} INFO - Heidi Martinez
[2023-02-02T10:00:11.346+0000] {logging_mixin.py:137} INFO - Caitlin Solomon
[2023-02-02T10:00:11.353+0000] {logging_mixin.py:137} INFO - Dr. Olivia Pugh
[2023-02-02T10:00:11.399+0000] {logging_mixin.py:137} INFO - John Steele DDS
[2023-02-02T10:00:11.414+0000] {logging_mixin.py:137} INFO - Jeremy Mathews
[2023-02-02T10:00:11.420+0000] {logging_mixin.py:137} INFO - Tiffany Hill
[2023-02-02T10:00:11.431+0000] {logging_mixin.py:137} INFO - Steven Edwards
[2023-02-02T10:00:11.433+0000] {logging_mixin.py:137} INFO - Charles Campbell
[2023-02-02T10:00:11.439+0000] {logging_mixin.py:137} INFO - Brett Hughes
[2023-02-02T10:00:11.447+0000] {logging_mixin.py:137} INFO - Christina Villegas
[2023-02-02T10:00:11.449+0000] {logging_mixin.py:137} INFO - Anthony Garcia
[2023-02-02T10:00:11.450+0000] {logging_mixin.py:137} INFO - Nathan Murphy
[2023-02-02T10:00:11.453+0000] {logging_mixin.py:137} INFO - Steven Dodson
[2023-02-02T10:00:11.457+0000] {logging_mixin.py:137} INFO - Brian Sullivan
[2023-02-02T10:00:11.465+0000] {logging_mixin.py:137} INFO - Renee White
[2023-02-02T10:00:11.469+0000] {logging_mixin.py:137} INFO - Laura Rowland
[2023-02-02T10:00:11.477+0000] {logging_mixin.py:137} INFO - John Moore
[2023-02-02T10:00:11.482+0000] {logging_mixin.py:137} INFO - Sophia Mckenzie
[2023-02-02T10:00:11.495+0000] {logging_mixin.py:137} INFO - David Roach
[2023-02-02T10:00:11.501+0000] {logging_mixin.py:137} INFO - Jennifer Patterson
[2023-02-02T10:00:11.513+0000] {logging_mixin.py:137} INFO - James Richards
[2023-02-02T10:00:11.527+0000] {logging_mixin.py:137} INFO - Mary Johnston
[2023-02-02T10:00:11.537+0000] {logging_mixin.py:137} INFO - Brandon Mcdaniel
[2023-02-02T10:00:11.545+0000] {logging_mixin.py:137} INFO - Meghan Stevenson
[2023-02-02T10:00:11.551+0000] {logging_mixin.py:137} INFO - Luis Hayes
[2023-02-02T10:00:11.564+0000] {logging_mixin.py:137} INFO - Alejandra Sloan
[2023-02-02T10:00:11.572+0000] {logging_mixin.py:137} INFO - Dr. Sandra Miller
[2023-02-02T10:00:11.578+0000] {logging_mixin.py:137} INFO - Dustin Bond
[2023-02-02T10:00:11.580+0000] {logging_mixin.py:137} INFO - Julia Patrick MD
[2023-02-02T10:00:11.582+0000] {logging_mixin.py:137} INFO - Jill Campbell
[2023-02-02T10:00:11.584+0000] {logging_mixin.py:137} INFO - Mark Ford
[2023-02-02T10:00:11.591+0000] {logging_mixin.py:137} INFO - Brian Long
[2023-02-02T10:00:11.600+0000] {logging_mixin.py:137} INFO - Lisa Peterson
[2023-02-02T10:00:11.601+0000] {logging_mixin.py:137} INFO - Matthew Lee
[2023-02-02T10:00:11.612+0000] {logging_mixin.py:137} INFO - Bradley Miller
[2023-02-02T10:00:11.626+0000] {logging_mixin.py:137} INFO - Jeffrey Moss
[2023-02-02T10:00:11.643+0000] {logging_mixin.py:137} INFO - Sara Carlson
[2023-02-02T10:00:11.650+0000] {logging_mixin.py:137} INFO - Daniel Rodriguez
[2023-02-02T10:00:11.657+0000] {logging_mixin.py:137} INFO - Jeremy David
[2023-02-02T10:00:11.662+0000] {logging_mixin.py:137} INFO - Eric Green
[2023-02-02T10:00:11.666+0000] {logging_mixin.py:137} INFO - Alexis Jones
[2023-02-02T10:00:11.669+0000] {logging_mixin.py:137} INFO - Matthew Rose
[2023-02-02T10:00:11.687+0000] {logging_mixin.py:137} INFO - Catherine Anderson
[2023-02-02T10:00:11.690+0000] {logging_mixin.py:137} INFO - Holly Burton
[2023-02-02T10:00:11.694+0000] {logging_mixin.py:137} INFO - David Matthews
[2023-02-02T10:00:11.697+0000] {logging_mixin.py:137} INFO - Mrs. Kara Little
[2023-02-02T10:00:11.699+0000] {logging_mixin.py:137} INFO - Jeffrey Stanley
[2023-02-02T10:00:11.701+0000] {logging_mixin.py:137} INFO - James Ochoa
[2023-02-02T10:00:11.716+0000] {logging_mixin.py:137} INFO - Jason Frye
[2023-02-02T10:00:11.719+0000] {logging_mixin.py:137} INFO - Christopher Ellis
[2023-02-02T10:00:11.728+0000] {logging_mixin.py:137} INFO - Michelle Nixon
[2023-02-02T10:00:11.732+0000] {logging_mixin.py:137} INFO - Andrew Gill
[2023-02-02T10:00:11.743+0000] {logging_mixin.py:137} INFO - Jennifer Wilson
[2023-02-02T10:00:11.747+0000] {logging_mixin.py:137} INFO - Shawn Black
[2023-02-02T10:00:11.749+0000] {logging_mixin.py:137} INFO - April Patterson
[2023-02-02T10:00:11.762+0000] {logging_mixin.py:137} INFO - Troy Vaughn
[2023-02-02T10:00:11.769+0000] {logging_mixin.py:137} INFO - Alexandria White
[2023-02-02T10:00:11.776+0000] {logging_mixin.py:137} INFO - Scott Phillips
[2023-02-02T10:00:11.783+0000] {logging_mixin.py:137} INFO - Zachary Cisneros
[2023-02-02T10:00:11.812+0000] {logging_mixin.py:137} INFO - Deborah Brown
[2023-02-02T10:00:11.820+0000] {logging_mixin.py:137} INFO - Monica Moses
[2023-02-02T10:00:11.833+0000] {logging_mixin.py:137} INFO - Brenda Reyes
[2023-02-02T10:00:11.835+0000] {logging_mixin.py:137} INFO - Miss Renee Allen
[2023-02-02T10:00:11.855+0000] {logging_mixin.py:137} INFO - Susan Clark
[2023-02-02T10:00:11.868+0000] {logging_mixin.py:137} INFO - Brandy Coffey
[2023-02-02T10:00:11.877+0000] {logging_mixin.py:137} INFO - Brett Nelson
[2023-02-02T10:00:11.905+0000] {logging_mixin.py:137} INFO - Ricardo Young
[2023-02-02T10:00:11.918+0000] {logging_mixin.py:137} INFO - Paul Lee
[2023-02-02T10:00:11.927+0000] {logging_mixin.py:137} INFO - David Allen
[2023-02-02T10:00:11.933+0000] {logging_mixin.py:137} INFO - Andrea Knight
[2023-02-02T10:00:11.944+0000] {logging_mixin.py:137} INFO - James Gomez
[2023-02-02T10:00:11.953+0000] {logging_mixin.py:137} INFO - Melody Gibson
[2023-02-02T10:00:11.959+0000] {logging_mixin.py:137} INFO - Christina Martinez
[2023-02-02T10:00:11.979+0000] {logging_mixin.py:137} INFO - Shelby Smith
[2023-02-02T10:00:11.987+0000] {logging_mixin.py:137} INFO - Jason Howard
[2023-02-02T10:00:12.005+0000] {logging_mixin.py:137} INFO - Amy Davidson
[2023-02-02T10:00:12.011+0000] {logging_mixin.py:137} INFO - Kyle Copeland
[2023-02-02T10:00:12.017+0000] {logging_mixin.py:137} INFO - Madeline Davis
[2023-02-02T10:00:12.022+0000] {logging_mixin.py:137} INFO - Aaron Young
[2023-02-02T10:00:12.033+0000] {logging_mixin.py:137} INFO - Lisa Barrett
[2023-02-02T10:00:12.044+0000] {logging_mixin.py:137} INFO - Joel Jones
[2023-02-02T10:00:12.054+0000] {logging_mixin.py:137} INFO - Christine Evans
[2023-02-02T10:00:12.062+0000] {logging_mixin.py:137} INFO - Kimberly Johnson
[2023-02-02T10:00:12.073+0000] {logging_mixin.py:137} INFO - Charles Hess
[2023-02-02T10:00:12.081+0000] {logging_mixin.py:137} INFO - Paul Dixon
[2023-02-02T10:00:12.090+0000] {logging_mixin.py:137} INFO - Christopher Johnson
[2023-02-02T10:00:12.101+0000] {logging_mixin.py:137} INFO - Robert Dawson
[2023-02-02T10:00:12.115+0000] {logging_mixin.py:137} INFO - Ryan Dixon
[2023-02-02T10:00:12.120+0000] {logging_mixin.py:137} INFO - Julie Martinez
[2023-02-02T10:00:12.134+0000] {logging_mixin.py:137} INFO - David Adams
[2023-02-02T10:00:12.147+0000] {logging_mixin.py:137} INFO - Mariah Brown
[2023-02-02T10:00:12.160+0000] {logging_mixin.py:137} INFO - Deborah Malone
[2023-02-02T10:00:12.165+0000] {logging_mixin.py:137} INFO - John Brown
[2023-02-02T10:00:12.176+0000] {logging_mixin.py:137} INFO - Maria Stewart
[2023-02-02T10:00:12.183+0000] {logging_mixin.py:137} INFO - Mr. Bryan Hawkins
[2023-02-02T10:00:12.190+0000] {logging_mixin.py:137} INFO - Kyle Brooks
[2023-02-02T10:00:12.197+0000] {logging_mixin.py:137} INFO - Kenneth White
[2023-02-02T10:00:12.201+0000] {logging_mixin.py:137} INFO - Patricia Wilson
[2023-02-02T10:00:12.213+0000] {logging_mixin.py:137} INFO - Paul Soto
[2023-02-02T10:00:12.219+0000] {logging_mixin.py:137} INFO - Janice Garrett
[2023-02-02T10:00:12.223+0000] {logging_mixin.py:137} INFO - Randy Strickland
[2023-02-02T10:00:12.232+0000] {logging_mixin.py:137} INFO - Felicia Herrera
[2023-02-02T10:00:12.235+0000] {logging_mixin.py:137} INFO - Andre Campos
[2023-02-02T10:00:12.240+0000] {logging_mixin.py:137} INFO - Justin Meyer
[2023-02-02T10:00:12.244+0000] {logging_mixin.py:137} INFO - Brandon Brooks
[2023-02-02T10:00:12.249+0000] {logging_mixin.py:137} INFO - Abigail Rivera
[2023-02-02T10:00:12.255+0000] {logging_mixin.py:137} INFO - Jessica Mann
[2023-02-02T10:00:12.270+0000] {logging_mixin.py:137} INFO - Michael Sawyer
[2023-02-02T10:00:12.279+0000] {logging_mixin.py:137} INFO - Jeffrey Coleman
[2023-02-02T10:00:12.286+0000] {logging_mixin.py:137} INFO - Micheal Castro
[2023-02-02T10:00:12.289+0000] {logging_mixin.py:137} INFO - Laura Gonzalez
[2023-02-02T10:00:12.295+0000] {logging_mixin.py:137} INFO - Christopher Jackson
[2023-02-02T10:00:12.301+0000] {logging_mixin.py:137} INFO - William Mckenzie
[2023-02-02T10:00:12.307+0000] {logging_mixin.py:137} INFO - Kristina Rodriguez
[2023-02-02T10:00:12.317+0000] {logging_mixin.py:137} INFO - Kelli Williams
[2023-02-02T10:00:12.326+0000] {logging_mixin.py:137} INFO - Diane Norris
[2023-02-02T10:00:12.332+0000] {logging_mixin.py:137} INFO - Kevin Carroll
[2023-02-02T10:00:12.336+0000] {logging_mixin.py:137} INFO - Betty Weber
[2023-02-02T10:00:12.338+0000] {logging_mixin.py:137} INFO - Jeffery Robinson
[2023-02-02T10:00:12.341+0000] {logging_mixin.py:137} INFO - Hannah Cowan
[2023-02-02T10:00:12.342+0000] {logging_mixin.py:137} INFO - Brian Kramer
[2023-02-02T10:00:12.348+0000] {logging_mixin.py:137} INFO - Anthony Roberts
[2023-02-02T10:00:12.351+0000] {logging_mixin.py:137} INFO - Ricardo Blankenship
[2023-02-02T10:00:12.362+0000] {logging_mixin.py:137} INFO - Brooke Collins
[2023-02-02T10:00:12.367+0000] {logging_mixin.py:137} INFO - Tammy Lawson
[2023-02-02T10:00:12.370+0000] {logging_mixin.py:137} INFO - Cody Miller
[2023-02-02T10:00:12.373+0000] {logging_mixin.py:137} INFO - Dr. Janice Salazar
[2023-02-02T10:00:12.382+0000] {logging_mixin.py:137} INFO - David West
[2023-02-02T10:00:12.397+0000] {logging_mixin.py:137} INFO - Robin Carpenter
[2023-02-02T10:00:12.402+0000] {logging_mixin.py:137} INFO - Monique Wall
[2023-02-02T10:00:12.404+0000] {logging_mixin.py:137} INFO - Charles Cardenas
[2023-02-02T10:00:12.412+0000] {logging_mixin.py:137} INFO - Valerie Mitchell
[2023-02-02T10:00:12.420+0000] {logging_mixin.py:137} INFO - Michelle Valenzuela
[2023-02-02T10:00:12.435+0000] {logging_mixin.py:137} INFO - William Poole
[2023-02-02T10:00:12.458+0000] {logging_mixin.py:137} INFO - James Hall
[2023-02-02T10:00:12.462+0000] {logging_mixin.py:137} INFO - Dylan Carpenter
[2023-02-02T10:00:12.484+0000] {logging_mixin.py:137} INFO - Linda Medina
[2023-02-02T10:00:12.494+0000] {logging_mixin.py:137} INFO - Joan White
[2023-02-02T10:00:12.519+0000] {logging_mixin.py:137} INFO - Mary Klein
[2023-02-02T10:00:12.576+0000] {logging_mixin.py:137} INFO - Ashley Wolf
[2023-02-02T10:00:12.581+0000] {logging_mixin.py:137} INFO - William Reed
[2023-02-02T10:00:12.594+0000] {logging_mixin.py:137} INFO - Derek Harvey
[2023-02-02T10:00:12.596+0000] {logging_mixin.py:137} INFO - Kathleen Rodriguez
[2023-02-02T10:00:12.604+0000] {logging_mixin.py:137} INFO - Andrew Rodriguez
[2023-02-02T10:00:12.606+0000] {logging_mixin.py:137} INFO - Ariel Frank
[2023-02-02T10:00:12.608+0000] {logging_mixin.py:137} INFO - Tina French
[2023-02-02T10:00:12.623+0000] {logging_mixin.py:137} INFO - Brent Waller
[2023-02-02T10:00:12.633+0000] {logging_mixin.py:137} INFO - Kevin Allen
[2023-02-02T10:00:12.637+0000] {logging_mixin.py:137} INFO - Xavier Walker
[2023-02-02T10:00:12.648+0000] {logging_mixin.py:137} INFO - Michelle Sanchez
[2023-02-02T10:00:12.655+0000] {logging_mixin.py:137} INFO - Rachael Shepard
[2023-02-02T10:00:12.659+0000] {logging_mixin.py:137} INFO - Kelsey Johnson
[2023-02-02T10:00:12.660+0000] {logging_mixin.py:137} INFO - Nicole Webb
[2023-02-02T10:00:12.664+0000] {logging_mixin.py:137} INFO - Nicholas Rodriguez
[2023-02-02T10:00:12.670+0000] {logging_mixin.py:137} INFO - Eric Vaughan
[2023-02-02T10:00:12.679+0000] {logging_mixin.py:137} INFO - Amanda Richardson
[2023-02-02T10:00:12.683+0000] {logging_mixin.py:137} INFO - Janice Carlson
[2023-02-02T10:00:12.686+0000] {logging_mixin.py:137} INFO - Darryl Walsh
[2023-02-02T10:00:12.690+0000] {logging_mixin.py:137} INFO - Heather Johnson
[2023-02-02T10:00:12.702+0000] {logging_mixin.py:137} INFO - Mark Chambers
[2023-02-02T10:00:12.718+0000] {logging_mixin.py:137} INFO - Tracy Burns
[2023-02-02T10:00:12.721+0000] {logging_mixin.py:137} INFO - John Cole
[2023-02-02T10:00:12.724+0000] {logging_mixin.py:137} INFO - Deborah Silva
[2023-02-02T10:00:12.731+0000] {logging_mixin.py:137} INFO - Shawn Hernandez
[2023-02-02T10:00:12.736+0000] {logging_mixin.py:137} INFO - Bethany Meyer
[2023-02-02T10:00:12.741+0000] {logging_mixin.py:137} INFO - Helen Smith
[2023-02-02T10:00:12.751+0000] {logging_mixin.py:137} INFO - Dana Dennis
[2023-02-02T10:00:12.753+0000] {logging_mixin.py:137} INFO - Kelsey Camacho
[2023-02-02T10:00:12.764+0000] {logging_mixin.py:137} INFO - Matthew Thomas
[2023-02-02T10:00:12.775+0000] {logging_mixin.py:137} INFO - Brittany Arellano
[2023-02-02T10:00:12.777+0000] {logging_mixin.py:137} INFO - Stacey Jones
[2023-02-02T10:00:12.783+0000] {logging_mixin.py:137} INFO - William Weeks
[2023-02-02T10:00:12.785+0000] {logging_mixin.py:137} INFO - Mark Beasley
[2023-02-02T10:00:12.787+0000] {logging_mixin.py:137} INFO - Bruce Pena
[2023-02-02T10:00:12.789+0000] {logging_mixin.py:137} INFO - Jeffery Smith
[2023-02-02T10:00:12.790+0000] {logging_mixin.py:137} INFO - Ann Deleon
[2023-02-02T10:00:12.801+0000] {logging_mixin.py:137} INFO - Kevin Robertson
[2023-02-02T10:00:12.804+0000] {logging_mixin.py:137} INFO - Vincent Willis MD
[2023-02-02T10:00:12.807+0000] {logging_mixin.py:137} INFO - Michael Nielsen
[2023-02-02T10:00:12.814+0000] {logging_mixin.py:137} INFO - Walter Koch
[2023-02-02T10:00:12.820+0000] {logging_mixin.py:137} INFO - Brian Vega
[2023-02-02T10:00:12.827+0000] {logging_mixin.py:137} INFO - Jeffrey Medina
[2023-02-02T10:00:12.834+0000] {logging_mixin.py:137} INFO - Erika Banks
[2023-02-02T10:00:12.840+0000] {logging_mixin.py:137} INFO - Stacey Griffin
[2023-02-02T10:00:12.850+0000] {logging_mixin.py:137} INFO - Michael Marsh
[2023-02-02T10:00:12.860+0000] {logging_mixin.py:137} INFO - Molly White
[2023-02-02T10:00:12.866+0000] {logging_mixin.py:137} INFO - Matthew Morrison
[2023-02-02T10:00:12.871+0000] {logging_mixin.py:137} INFO - Amanda Burns
[2023-02-02T10:00:12.873+0000] {logging_mixin.py:137} INFO - Emily Gonzalez DDS
[2023-02-02T10:00:12.889+0000] {logging_mixin.py:137} INFO - Gregory King
[2023-02-02T10:00:12.891+0000] {logging_mixin.py:137} INFO - Dennis Evans
[2023-02-02T10:00:12.895+0000] {logging_mixin.py:137} INFO - Christina Snyder
[2023-02-02T10:00:12.897+0000] {logging_mixin.py:137} INFO - Carolyn Mata
[2023-02-02T10:00:12.904+0000] {logging_mixin.py:137} INFO - Brandy Lawson
[2023-02-02T10:00:12.906+0000] {logging_mixin.py:137} INFO - Briana Christian
[2023-02-02T10:00:12.917+0000] {logging_mixin.py:137} INFO - Jeffrey Hernandez
[2023-02-02T10:00:12.922+0000] {logging_mixin.py:137} INFO - John Riggs
[2023-02-02T10:00:12.923+0000] {logging_mixin.py:137} INFO - Barbara Short
[2023-02-02T10:00:12.926+0000] {logging_mixin.py:137} INFO - Steven Brooks
[2023-02-02T10:00:12.930+0000] {logging_mixin.py:137} INFO - Gabrielle James
[2023-02-02T10:00:12.933+0000] {logging_mixin.py:137} INFO - Robert Young
[2023-02-02T10:00:12.938+0000] {logging_mixin.py:137} INFO - Derek Sanders
[2023-02-02T10:00:12.949+0000] {logging_mixin.py:137} INFO - Mallory Oliver
[2023-02-02T10:00:12.956+0000] {logging_mixin.py:137} INFO - Terry Howe
[2023-02-02T10:00:12.966+0000] {logging_mixin.py:137} INFO - Samuel Wallace
[2023-02-02T10:00:12.979+0000] {logging_mixin.py:137} INFO - Angel Jones
[2023-02-02T10:00:12.983+0000] {logging_mixin.py:137} INFO - Jacqueline Nichols
[2023-02-02T10:00:12.989+0000] {logging_mixin.py:137} INFO - Melissa Mcgee
[2023-02-02T10:00:13.002+0000] {logging_mixin.py:137} INFO - Michelle Smith
[2023-02-02T10:00:13.008+0000] {logging_mixin.py:137} INFO - Maureen Baxter
[2023-02-02T10:00:13.014+0000] {logging_mixin.py:137} INFO - Kathy Crawford
[2023-02-02T10:00:13.019+0000] {logging_mixin.py:137} INFO - Stacy Wood
[2023-02-02T10:00:13.024+0000] {logging_mixin.py:137} INFO - Justin Parsons
[2023-02-02T10:00:13.031+0000] {logging_mixin.py:137} INFO - Ann Klein
[2023-02-02T10:00:13.039+0000] {logging_mixin.py:137} INFO - Allison Arnold
[2023-02-02T10:00:13.044+0000] {logging_mixin.py:137} INFO - Heather Kirk
[2023-02-02T10:00:13.050+0000] {logging_mixin.py:137} INFO - Monica Smith
[2023-02-02T10:00:13.058+0000] {logging_mixin.py:137} INFO - Brett Oconnor
[2023-02-02T10:00:13.063+0000] {logging_mixin.py:137} INFO - Anthony Bryant
[2023-02-02T10:00:13.078+0000] {logging_mixin.py:137} INFO - Jeremy Russell
[2023-02-02T10:00:13.082+0000] {logging_mixin.py:137} INFO - Julie Poole
[2023-02-02T10:00:13.084+0000] {logging_mixin.py:137} INFO - Emma Thompson
[2023-02-02T10:00:13.094+0000] {logging_mixin.py:137} INFO - Bradley Matthews
[2023-02-02T10:00:13.100+0000] {logging_mixin.py:137} INFO - William Roberts
[2023-02-02T10:00:13.104+0000] {logging_mixin.py:137} INFO - Julie Mooney
[2023-02-02T10:00:13.106+0000] {logging_mixin.py:137} INFO - Amy Doyle
[2023-02-02T10:00:13.117+0000] {logging_mixin.py:137} INFO - Amanda Grant
[2023-02-02T10:00:13.127+0000] {logging_mixin.py:137} INFO - Eric Anderson
[2023-02-02T10:00:13.130+0000] {logging_mixin.py:137} INFO - George Thompson
[2023-02-02T10:00:13.143+0000] {logging_mixin.py:137} INFO - Dustin Hines
[2023-02-02T10:00:13.150+0000] {logging_mixin.py:137} INFO - Andrea Frank
[2023-02-02T10:00:13.159+0000] {logging_mixin.py:137} INFO - Jodi Cook
[2023-02-02T10:00:13.164+0000] {logging_mixin.py:137} INFO - Stacy Haney
[2023-02-02T10:00:13.167+0000] {logging_mixin.py:137} INFO - Paul Callahan
[2023-02-02T10:00:13.169+0000] {logging_mixin.py:137} INFO - Jasmine Chambers
[2023-02-02T10:00:13.172+0000] {logging_mixin.py:137} INFO - Melissa Pittman MD
[2023-02-02T10:00:13.186+0000] {logging_mixin.py:137} INFO - Deborah Larson
[2023-02-02T10:00:13.188+0000] {logging_mixin.py:137} INFO - Brandon Shaw
[2023-02-02T10:00:13.190+0000] {logging_mixin.py:137} INFO - Timothy Paul
[2023-02-02T10:00:13.199+0000] {logging_mixin.py:137} INFO - Michael Trujillo
[2023-02-02T10:00:13.202+0000] {logging_mixin.py:137} INFO - Robert Rivera
[2023-02-02T10:00:13.204+0000] {logging_mixin.py:137} INFO - Dana Nelson
[2023-02-02T10:00:13.209+0000] {logging_mixin.py:137} INFO - Andrea Bennett
[2023-02-02T10:00:13.212+0000] {logging_mixin.py:137} INFO - Jodi Fox
[2023-02-02T10:00:13.216+0000] {logging_mixin.py:137} INFO - Heather Hayes
[2023-02-02T10:00:13.225+0000] {logging_mixin.py:137} INFO - Jennifer Moreno
[2023-02-02T10:00:13.229+0000] {logging_mixin.py:137} INFO - John Patel
[2023-02-02T10:00:13.230+0000] {logging_mixin.py:137} INFO - Teresa Oliver
[2023-02-02T10:00:13.235+0000] {logging_mixin.py:137} INFO - Monique Bell
[2023-02-02T10:00:13.238+0000] {logging_mixin.py:137} INFO - Casey Leonard
[2023-02-02T10:00:13.245+0000] {logging_mixin.py:137} INFO - Steven Clark
[2023-02-02T10:00:13.254+0000] {logging_mixin.py:137} INFO - Edward Martin
[2023-02-02T10:00:13.270+0000] {logging_mixin.py:137} INFO - Shawn Orozco
[2023-02-02T10:00:13.299+0000] {logging_mixin.py:137} INFO - Brandon Yang
[2023-02-02T10:00:13.304+0000] {logging_mixin.py:137} INFO - Nathan Ray
[2023-02-02T10:00:13.324+0000] {logging_mixin.py:137} INFO - Lori Moore
[2023-02-02T10:00:13.328+0000] {logging_mixin.py:137} INFO - Dr. Lisa Shaw DVM
[2023-02-02T10:00:13.335+0000] {logging_mixin.py:137} INFO - Angela Walters
[2023-02-02T10:00:13.343+0000] {logging_mixin.py:137} INFO - David Nolan
[2023-02-02T10:00:13.350+0000] {logging_mixin.py:137} INFO - William Ramsey
[2023-02-02T10:00:13.363+0000] {logging_mixin.py:137} INFO - David Oconnor
[2023-02-02T10:00:13.370+0000] {logging_mixin.py:137} INFO - Mark Washington
[2023-02-02T10:00:13.378+0000] {logging_mixin.py:137} INFO - Jennifer Jacobs
[2023-02-02T10:00:13.380+0000] {logging_mixin.py:137} INFO - Tammy Hampton
[2023-02-02T10:00:13.381+0000] {logging_mixin.py:137} INFO - Stephen Farmer
[2023-02-02T10:00:13.388+0000] {logging_mixin.py:137} INFO - Jasmine Nguyen
[2023-02-02T10:00:13.391+0000] {logging_mixin.py:137} INFO - Rebecca Flores
[2023-02-02T10:00:13.400+0000] {logging_mixin.py:137} INFO - Tyler Davis
[2023-02-02T10:00:13.402+0000] {logging_mixin.py:137} INFO - Nancy Gray
[2023-02-02T10:00:13.411+0000] {logging_mixin.py:137} INFO - Brian Sanchez
[2023-02-02T10:00:13.414+0000] {logging_mixin.py:137} INFO - Laurie Shaw
[2023-02-02T10:00:13.418+0000] {logging_mixin.py:137} INFO - Kristina Torres
[2023-02-02T10:00:13.420+0000] {logging_mixin.py:137} INFO - Andrea Rodgers
[2023-02-02T10:00:13.428+0000] {logging_mixin.py:137} INFO - Jason Walters
[2023-02-02T10:00:13.432+0000] {logging_mixin.py:137} INFO - Jerry Moss
[2023-02-02T10:00:13.438+0000] {logging_mixin.py:137} INFO - Jeffrey Jordan
[2023-02-02T10:00:13.440+0000] {logging_mixin.py:137} INFO - Jennifer Wilson
[2023-02-02T10:00:13.447+0000] {logging_mixin.py:137} INFO - Trevor Mathews
[2023-02-02T10:00:13.450+0000] {logging_mixin.py:137} INFO - Anne Hood
[2023-02-02T10:00:13.464+0000] {logging_mixin.py:137} INFO - Sarah Williams
[2023-02-02T10:00:13.469+0000] {logging_mixin.py:137} INFO - Shelby Hernandez
[2023-02-02T10:00:13.475+0000] {logging_mixin.py:137} INFO - Samantha Velez
[2023-02-02T10:00:13.483+0000] {logging_mixin.py:137} INFO - Matthew Douglas
[2023-02-02T10:00:13.485+0000] {logging_mixin.py:137} INFO - Ashlee George
[2023-02-02T10:00:13.488+0000] {logging_mixin.py:137} INFO - Troy Crane
[2023-02-02T10:00:13.489+0000] {logging_mixin.py:137} INFO - Michael Cooper
[2023-02-02T10:00:13.493+0000] {logging_mixin.py:137} INFO - Michael White
[2023-02-02T10:00:13.505+0000] {logging_mixin.py:137} INFO - Mr. Timothy Fleming
[2023-02-02T10:00:13.513+0000] {logging_mixin.py:137} INFO - Seth Bruce
[2023-02-02T10:00:13.526+0000] {logging_mixin.py:137} INFO - Jacqueline Carpenter
[2023-02-02T10:00:13.535+0000] {logging_mixin.py:137} INFO - Michael Martin
[2023-02-02T10:00:13.538+0000] {logging_mixin.py:137} INFO - Kristopher Henry
[2023-02-02T10:00:13.541+0000] {logging_mixin.py:137} INFO - Tiffany Porter
[2023-02-02T10:00:13.545+0000] {logging_mixin.py:137} INFO - Stacy Simpson
[2023-02-02T10:00:13.551+0000] {logging_mixin.py:137} INFO - Tammy Mcdowell
[2023-02-02T10:00:13.569+0000] {logging_mixin.py:137} INFO - Thomas Walters
[2023-02-02T10:00:13.574+0000] {logging_mixin.py:137} INFO - Dwayne Thompson
[2023-02-02T10:00:13.580+0000] {logging_mixin.py:137} INFO - Natalie Willis
[2023-02-02T10:00:13.595+0000] {logging_mixin.py:137} INFO - Sharon Taylor
[2023-02-02T10:00:13.611+0000] {logging_mixin.py:137} INFO - Sarah Wiggins
[2023-02-02T10:00:13.615+0000] {logging_mixin.py:137} INFO - Amber Thomas
[2023-02-02T10:00:13.622+0000] {logging_mixin.py:137} INFO - Patrick Miller
[2023-02-02T10:00:13.629+0000] {logging_mixin.py:137} INFO - Stephanie Hartman
[2023-02-02T10:00:13.642+0000] {logging_mixin.py:137} INFO - Stacey Mora
[2023-02-02T10:00:13.674+0000] {logging_mixin.py:137} INFO - Katherine Rodriguez
[2023-02-02T10:00:13.677+0000] {logging_mixin.py:137} INFO - Daniel Morgan
[2023-02-02T10:00:13.688+0000] {logging_mixin.py:137} INFO - Rebecca Martinez
[2023-02-02T10:00:13.690+0000] {logging_mixin.py:137} INFO - Nicole Juarez
[2023-02-02T10:00:13.692+0000] {logging_mixin.py:137} INFO - Mark Arroyo
[2023-02-02T10:00:13.695+0000] {logging_mixin.py:137} INFO - April Lucero
[2023-02-02T10:00:13.702+0000] {logging_mixin.py:137} INFO - Samantha Garcia
[2023-02-02T10:00:13.718+0000] {logging_mixin.py:137} INFO - Jon Moore
[2023-02-02T10:00:13.721+0000] {logging_mixin.py:137} INFO - Joshua Flores MD
[2023-02-02T10:00:13.725+0000] {logging_mixin.py:137} INFO - Raymond Jones
[2023-02-02T10:00:13.727+0000] {logging_mixin.py:137} INFO - Billy Hughes
[2023-02-02T10:00:13.732+0000] {logging_mixin.py:137} INFO - Peggy Valdez PhD
[2023-02-02T10:00:13.734+0000] {logging_mixin.py:137} INFO - Joshua Reyes
[2023-02-02T10:00:13.737+0000] {logging_mixin.py:137} INFO - Aaron Green
[2023-02-02T10:00:13.739+0000] {logging_mixin.py:137} INFO - Wendy Espinoza
[2023-02-02T10:00:13.740+0000] {logging_mixin.py:137} INFO - Peter Vasquez
[2023-02-02T10:00:13.743+0000] {logging_mixin.py:137} INFO - Diane Harper
[2023-02-02T10:00:13.744+0000] {logging_mixin.py:137} INFO - Ms. Rebecca Cantu
[2023-02-02T10:00:13.745+0000] {logging_mixin.py:137} INFO - Yolanda Morrow
[2023-02-02T10:00:13.747+0000] {logging_mixin.py:137} INFO - Penny Beard
[2023-02-02T10:00:13.749+0000] {logging_mixin.py:137} INFO - Lisa Long
[2023-02-02T10:00:13.750+0000] {logging_mixin.py:137} INFO - Jerry Harris
[2023-02-02T10:00:13.759+0000] {logging_mixin.py:137} INFO - Bob Willis
[2023-02-02T10:00:13.764+0000] {logging_mixin.py:137} INFO - Duane Chapman
[2023-02-02T10:00:13.767+0000] {logging_mixin.py:137} INFO - William Morgan
[2023-02-02T10:00:13.780+0000] {logging_mixin.py:137} INFO - Amy Gutierrez
[2023-02-02T10:00:13.786+0000] {logging_mixin.py:137} INFO - Amber Nichols
[2023-02-02T10:00:13.797+0000] {logging_mixin.py:137} INFO - Matthew Carr
[2023-02-02T10:00:13.808+0000] {logging_mixin.py:137} INFO - Thomas Duncan
[2023-02-02T10:00:13.815+0000] {logging_mixin.py:137} INFO - Elizabeth Wright
[2023-02-02T10:00:13.817+0000] {logging_mixin.py:137} INFO - Jacqueline Brewer
[2023-02-02T10:00:13.819+0000] {logging_mixin.py:137} INFO - Stephanie Johnson
[2023-02-02T10:00:13.821+0000] {logging_mixin.py:137} INFO - Samantha Calderon
[2023-02-02T10:00:13.825+0000] {logging_mixin.py:137} INFO - Kathryn Gaines
[2023-02-02T10:00:13.832+0000] {logging_mixin.py:137} INFO - Angel Jones
[2023-02-02T10:00:13.839+0000] {logging_mixin.py:137} INFO - Laura Wall
[2023-02-02T10:00:13.843+0000] {logging_mixin.py:137} INFO - Mr. Anthony Hamilton
[2023-02-02T10:00:13.866+0000] {logging_mixin.py:137} INFO - David Smith
[2023-02-02T10:00:13.873+0000] {logging_mixin.py:137} INFO - Kimberly Herrera DDS
[2023-02-02T10:00:13.890+0000] {logging_mixin.py:137} INFO - Gina Wilson
[2023-02-02T10:00:13.911+0000] {logging_mixin.py:137} INFO - Timothy Byrd
[2023-02-02T10:00:13.923+0000] {logging_mixin.py:137} INFO - Michael Mckenzie
[2023-02-02T10:00:13.931+0000] {logging_mixin.py:137} INFO - Jeffrey Mcintyre
[2023-02-02T10:00:13.937+0000] {logging_mixin.py:137} INFO - Teresa Jackson
[2023-02-02T10:00:13.944+0000] {logging_mixin.py:137} INFO - Joseph Wilcox
[2023-02-02T10:00:13.959+0000] {logging_mixin.py:137} INFO - Patrick Mcknight
[2023-02-02T10:00:13.965+0000] {logging_mixin.py:137} INFO - Ronald Moreno
[2023-02-02T10:00:13.981+0000] {logging_mixin.py:137} INFO - Jamie Sullivan
[2023-02-02T10:00:13.988+0000] {logging_mixin.py:137} INFO - Jason Anderson
[2023-02-02T10:00:14.012+0000] {logging_mixin.py:137} INFO - Steven Stewart
[2023-02-02T10:00:14.018+0000] {logging_mixin.py:137} INFO - Melinda Paul
[2023-02-02T10:00:14.033+0000] {logging_mixin.py:137} INFO - Cynthia Simmons
[2023-02-02T10:00:14.045+0000] {logging_mixin.py:137} INFO - Christian Smith
[2023-02-02T10:00:14.050+0000] {logging_mixin.py:137} INFO - William Jimenez
[2023-02-02T10:00:14.054+0000] {logging_mixin.py:137} INFO - Hayley French
[2023-02-02T10:00:14.058+0000] {logging_mixin.py:137} INFO - Brandon Hess
[2023-02-02T10:00:14.061+0000] {logging_mixin.py:137} INFO - Laura Perry
[2023-02-02T10:00:14.065+0000] {logging_mixin.py:137} INFO - Scott Jones
[2023-02-02T10:00:14.072+0000] {logging_mixin.py:137} INFO - Christine Hernandez
[2023-02-02T10:00:14.079+0000] {logging_mixin.py:137} INFO - Douglas Eaton
[2023-02-02T10:00:14.084+0000] {logging_mixin.py:137} INFO - William Soto
[2023-02-02T10:00:14.085+0000] {logging_mixin.py:137} INFO - Mary Jones
[2023-02-02T10:00:14.087+0000] {logging_mixin.py:137} INFO - Stephanie Holmes
[2023-02-02T10:00:14.099+0000] {logging_mixin.py:137} INFO - Keith Meyers
[2023-02-02T10:00:14.105+0000] {logging_mixin.py:137} INFO - Paul Fisher
[2023-02-02T10:00:14.113+0000] {logging_mixin.py:137} INFO - Emily Alexander
[2023-02-02T10:00:14.120+0000] {logging_mixin.py:137} INFO - Anthony Schwartz
[2023-02-02T10:00:14.129+0000] {logging_mixin.py:137} INFO - Evelyn Jacobs
[2023-02-02T10:00:14.137+0000] {logging_mixin.py:137} INFO - Connie Jones
[2023-02-02T10:00:14.151+0000] {logging_mixin.py:137} INFO - Carla Gibbs
[2023-02-02T10:00:14.161+0000] {logging_mixin.py:137} INFO - Ashley Santiago
[2023-02-02T10:00:14.166+0000] {logging_mixin.py:137} INFO - Micheal Mckee
[2023-02-02T10:00:14.170+0000] {logging_mixin.py:137} INFO - Diane Williams
[2023-02-02T10:00:14.175+0000] {logging_mixin.py:137} INFO - Jesse Velasquez
[2023-02-02T10:00:14.179+0000] {logging_mixin.py:137} INFO - Jennifer Rodriguez
[2023-02-02T10:00:14.182+0000] {logging_mixin.py:137} INFO - Joe Griffin
[2023-02-02T10:00:14.189+0000] {logging_mixin.py:137} INFO - Gary Cherry
[2023-02-02T10:00:14.196+0000] {logging_mixin.py:137} INFO - Alyssa Edwards
[2023-02-02T10:00:14.199+0000] {logging_mixin.py:137} INFO - Caroline Hernandez MD
[2023-02-02T10:00:14.204+0000] {logging_mixin.py:137} INFO - Jessica Morton
[2023-02-02T10:00:14.207+0000] {logging_mixin.py:137} INFO - Holly Jones
[2023-02-02T10:00:14.210+0000] {logging_mixin.py:137} INFO - David Shelton
[2023-02-02T10:00:14.212+0000] {logging_mixin.py:137} INFO - Kristina Parks
[2023-02-02T10:00:14.216+0000] {logging_mixin.py:137} INFO - Laurie Hernandez
[2023-02-02T10:00:14.225+0000] {logging_mixin.py:137} INFO - Melissa James
[2023-02-02T10:00:14.228+0000] {logging_mixin.py:137} INFO - Jeremiah Adams
[2023-02-02T10:00:14.236+0000] {logging_mixin.py:137} INFO - Arthur Robinson
[2023-02-02T10:00:14.240+0000] {logging_mixin.py:137} INFO - Anna Shepard
[2023-02-02T10:00:14.246+0000] {logging_mixin.py:137} INFO - Brandon Myers
[2023-02-02T10:00:14.251+0000] {logging_mixin.py:137} INFO - Paul Cardenas
[2023-02-02T10:00:14.255+0000] {logging_mixin.py:137} INFO - Megan Santana
[2023-02-02T10:00:14.269+0000] {logging_mixin.py:137} INFO - Joseph Marshall
[2023-02-02T10:00:14.272+0000] {logging_mixin.py:137} INFO - Mrs. Brenda Harris
[2023-02-02T10:00:14.275+0000] {logging_mixin.py:137} INFO - Nicole Garcia
[2023-02-02T10:00:14.279+0000] {logging_mixin.py:137} INFO - Anna Estrada
[2023-02-02T10:00:14.280+0000] {logging_mixin.py:137} INFO - Carl Moore
[2023-02-02T10:00:14.283+0000] {logging_mixin.py:137} INFO - Rodney Hernandez
[2023-02-02T10:00:14.288+0000] {logging_mixin.py:137} INFO - Madison Christian
[2023-02-02T10:00:14.295+0000] {logging_mixin.py:137} INFO - Heather Rhodes
[2023-02-02T10:00:14.307+0000] {python.py:177} INFO - Done. Returned value was: None
[2023-02-02T10:00:14.355+0000] {taskinstance.py:1323} INFO - Marking task as SUCCESS. dag_id=CSV_DAG, task_id=convertCSVToJson, execution_date=20230201T191500, start_date=20230202T100005, end_date=20230202T100014
[2023-02-02T10:00:14.469+0000] {local_task_job.py:208} INFO - Task exited with return code 0
[2023-02-02T10:00:14.566+0000] {taskinstance.py:2578} INFO - 0 downstream tasks scheduled from follow-on schedule check
