[2023-02-01T19:08:04.896+0000] {taskinstance.py:1083} INFO - Dependencies all met for <TaskInstance: CSV_DAG.convertCSVToJson scheduled__2023-02-01T07:35:00+00:00 [queued]>
[2023-02-01T19:08:04.932+0000] {taskinstance.py:1083} INFO - Dependencies all met for <TaskInstance: CSV_DAG.convertCSVToJson scheduled__2023-02-01T07:35:00+00:00 [queued]>
[2023-02-01T19:08:04.934+0000] {taskinstance.py:1279} INFO - 
--------------------------------------------------------------------------------
[2023-02-01T19:08:04.938+0000] {taskinstance.py:1280} INFO - Starting attempt 1 of 2
[2023-02-01T19:08:04.943+0000] {taskinstance.py:1281} INFO - 
--------------------------------------------------------------------------------
[2023-02-01T19:08:05.070+0000] {taskinstance.py:1300} INFO - Executing <Task(PythonOperator): convertCSVToJson> on 2023-02-01 07:35:00+00:00
[2023-02-01T19:08:05.104+0000] {standard_task_runner.py:55} INFO - Started process 809 to run task
[2023-02-01T19:08:05.112+0000] {standard_task_runner.py:82} INFO - Running: ['***', 'tasks', 'run', 'CSV_DAG', 'convertCSVToJson', 'scheduled__2023-02-01T07:35:00+00:00', '--job-id', '216', '--raw', '--subdir', 'DAGS_FOLDER/csv.py', '--cfg-path', '/tmp/tmpivtqer9y']
[2023-02-01T19:08:05.114+0000] {standard_task_runner.py:83} INFO - Job 216: Subtask convertCSVToJson
[2023-02-01T19:08:05.565+0000] {task_command.py:388} INFO - Running <TaskInstance: CSV_DAG.convertCSVToJson scheduled__2023-02-01T07:35:00+00:00 [running]> on host 06d8060e8530
[2023-02-01T19:08:06.022+0000] {taskinstance.py:1509} INFO - Exporting the following env vars:
AIRFLOW_CTX_DAG_OWNER=Kevin Chalmers
AIRFLOW_CTX_DAG_ID=CSV_DAG
AIRFLOW_CTX_TASK_ID=convertCSVToJson
AIRFLOW_CTX_EXECUTION_DATE=2023-02-01T07:35:00+00:00
AIRFLOW_CTX_TRY_NUMBER=1
AIRFLOW_CTX_DAG_RUN_ID=scheduled__2023-02-01T07:35:00+00:00
[2023-02-01T19:08:06.127+0000] {logging_mixin.py:137} INFO - Angelica Lopez
[2023-02-01T19:08:06.138+0000] {logging_mixin.py:137} INFO - Betty Wright
[2023-02-01T19:08:06.141+0000] {logging_mixin.py:137} INFO - Sara Schmidt
[2023-02-01T19:08:06.145+0000] {logging_mixin.py:137} INFO - Dr. Sherry Rodriguez
[2023-02-01T19:08:06.147+0000] {logging_mixin.py:137} INFO - Rebecca Mills
[2023-02-01T19:08:06.157+0000] {logging_mixin.py:137} INFO - Andrew Anderson
[2023-02-01T19:08:06.162+0000] {logging_mixin.py:137} INFO - Martin Everett
[2023-02-01T19:08:06.163+0000] {logging_mixin.py:137} INFO - Felicia Gregory
[2023-02-01T19:08:06.167+0000] {logging_mixin.py:137} INFO - Kara Bowers
[2023-02-01T19:08:06.174+0000] {logging_mixin.py:137} INFO - Vincent Vincent
[2023-02-01T19:08:06.182+0000] {logging_mixin.py:137} INFO - Morgan Butler
[2023-02-01T19:08:06.186+0000] {logging_mixin.py:137} INFO - Stephen Riley
[2023-02-01T19:08:06.188+0000] {logging_mixin.py:137} INFO - Wanda Thomas
[2023-02-01T19:08:06.190+0000] {logging_mixin.py:137} INFO - Michelle Schultz
[2023-02-01T19:08:06.193+0000] {logging_mixin.py:137} INFO - Christopher Rush MD
[2023-02-01T19:08:06.196+0000] {logging_mixin.py:137} INFO - Phyllis Miles
[2023-02-01T19:08:06.200+0000] {logging_mixin.py:137} INFO - Rebecca Price
[2023-02-01T19:08:06.202+0000] {logging_mixin.py:137} INFO - John Morse
[2023-02-01T19:08:06.207+0000] {logging_mixin.py:137} INFO - Nicholas Sanchez
[2023-02-01T19:08:06.210+0000] {logging_mixin.py:137} INFO - Crystal Dean
[2023-02-01T19:08:06.216+0000] {logging_mixin.py:137} INFO - Tyler Diaz
[2023-02-01T19:08:06.218+0000] {logging_mixin.py:137} INFO - Denise Mclean
[2023-02-01T19:08:06.223+0000] {logging_mixin.py:137} INFO - Daniel Grant
[2023-02-01T19:08:06.237+0000] {logging_mixin.py:137} INFO - Sandra Peterson
[2023-02-01T19:08:06.240+0000] {logging_mixin.py:137} INFO - Denise Morse
[2023-02-01T19:08:06.246+0000] {logging_mixin.py:137} INFO - Brianna Smith
[2023-02-01T19:08:06.251+0000] {logging_mixin.py:137} INFO - Tony Miller
[2023-02-01T19:08:06.254+0000] {logging_mixin.py:137} INFO - Jean Booth
[2023-02-01T19:08:06.257+0000] {logging_mixin.py:137} INFO - Penny Salazar
[2023-02-01T19:08:06.264+0000] {logging_mixin.py:137} INFO - Cathy Williams
[2023-02-01T19:08:06.275+0000] {logging_mixin.py:137} INFO - Hannah Collins
[2023-02-01T19:08:06.279+0000] {logging_mixin.py:137} INFO - Maurice Casey
[2023-02-01T19:08:06.296+0000] {logging_mixin.py:137} INFO - Patrick Walker
[2023-02-01T19:08:06.310+0000] {logging_mixin.py:137} INFO - Pamela Barton
[2023-02-01T19:08:06.321+0000] {logging_mixin.py:137} INFO - Anthony Bryant
[2023-02-01T19:08:06.328+0000] {logging_mixin.py:137} INFO - Andrew Harris
[2023-02-01T19:08:06.334+0000] {logging_mixin.py:137} INFO - Aaron Harris
[2023-02-01T19:08:06.335+0000] {logging_mixin.py:137} INFO - Maureen Soto
[2023-02-01T19:08:06.337+0000] {logging_mixin.py:137} INFO - Crystal Mcdaniel
[2023-02-01T19:08:06.345+0000] {logging_mixin.py:137} INFO - Lauren Barrett
[2023-02-01T19:08:06.352+0000] {logging_mixin.py:137} INFO - Brandon Perez
[2023-02-01T19:08:06.355+0000] {logging_mixin.py:137} INFO - Mark Robertson
[2023-02-01T19:08:06.360+0000] {logging_mixin.py:137} INFO - Nicole Gates
[2023-02-01T19:08:06.362+0000] {logging_mixin.py:137} INFO - Bradley Cruz
[2023-02-01T19:08:06.366+0000] {logging_mixin.py:137} INFO - Gina Burns
[2023-02-01T19:08:06.369+0000] {logging_mixin.py:137} INFO - Zachary Martinez
[2023-02-01T19:08:06.373+0000] {logging_mixin.py:137} INFO - Natasha Johnson
[2023-02-01T19:08:06.374+0000] {logging_mixin.py:137} INFO - Patrick Gonzales
[2023-02-01T19:08:06.379+0000] {logging_mixin.py:137} INFO - Terri Wilson
[2023-02-01T19:08:06.385+0000] {logging_mixin.py:137} INFO - Sarah Lopez
[2023-02-01T19:08:06.388+0000] {logging_mixin.py:137} INFO - Dana Turner
[2023-02-01T19:08:06.391+0000] {logging_mixin.py:137} INFO - Cynthia Johnson
[2023-02-01T19:08:06.394+0000] {logging_mixin.py:137} INFO - William Thornton
[2023-02-01T19:08:06.400+0000] {logging_mixin.py:137} INFO - James Lee
[2023-02-01T19:08:06.402+0000] {logging_mixin.py:137} INFO - Stephen Allen
[2023-02-01T19:08:06.408+0000] {logging_mixin.py:137} INFO - William Stark
[2023-02-01T19:08:06.413+0000] {logging_mixin.py:137} INFO - Michael Parker
[2023-02-01T19:08:06.416+0000] {logging_mixin.py:137} INFO - Lisa Stephens
[2023-02-01T19:08:06.418+0000] {logging_mixin.py:137} INFO - Mr. Reginald Wise DDS
[2023-02-01T19:08:06.420+0000] {logging_mixin.py:137} INFO - Alexander James
[2023-02-01T19:08:06.425+0000] {logging_mixin.py:137} INFO - Kristen West
[2023-02-01T19:08:06.428+0000] {logging_mixin.py:137} INFO - Elizabeth Sanchez
[2023-02-01T19:08:06.433+0000] {logging_mixin.py:137} INFO - Jennifer Wilson
[2023-02-01T19:08:06.434+0000] {logging_mixin.py:137} INFO - Catherine Nicholson
[2023-02-01T19:08:06.436+0000] {logging_mixin.py:137} INFO - David Henderson
[2023-02-01T19:08:06.438+0000] {logging_mixin.py:137} INFO - Stephen Davis
[2023-02-01T19:08:06.440+0000] {logging_mixin.py:137} INFO - Paul Skinner
[2023-02-01T19:08:06.443+0000] {logging_mixin.py:137} INFO - Rebecca Wong
[2023-02-01T19:08:06.446+0000] {logging_mixin.py:137} INFO - Tara Benitez
[2023-02-01T19:08:06.448+0000] {logging_mixin.py:137} INFO - Sharon Miller
[2023-02-01T19:08:06.450+0000] {logging_mixin.py:137} INFO - Cynthia Smith
[2023-02-01T19:08:06.452+0000] {logging_mixin.py:137} INFO - Jennifer Werner
[2023-02-01T19:08:06.462+0000] {logging_mixin.py:137} INFO - Rebecca Tucker
[2023-02-01T19:08:06.466+0000] {logging_mixin.py:137} INFO - Ashlee Castillo
[2023-02-01T19:08:06.468+0000] {logging_mixin.py:137} INFO - Christopher Holmes
[2023-02-01T19:08:06.470+0000] {logging_mixin.py:137} INFO - Daniel Velez
[2023-02-01T19:08:06.476+0000] {logging_mixin.py:137} INFO - Amy Serrano
[2023-02-01T19:08:06.479+0000] {logging_mixin.py:137} INFO - Alison Nash
[2023-02-01T19:08:06.481+0000] {logging_mixin.py:137} INFO - Peter Johnson
[2023-02-01T19:08:06.483+0000] {logging_mixin.py:137} INFO - Breanna Harris
[2023-02-01T19:08:06.489+0000] {logging_mixin.py:137} INFO - Eric King
[2023-02-01T19:08:06.492+0000] {logging_mixin.py:137} INFO - Patricia Oliver
[2023-02-01T19:08:06.494+0000] {logging_mixin.py:137} INFO - Denise Grimes
[2023-02-01T19:08:06.498+0000] {logging_mixin.py:137} INFO - Jill Olson
[2023-02-01T19:08:06.500+0000] {logging_mixin.py:137} INFO - Stephanie Hart
[2023-02-01T19:08:06.512+0000] {logging_mixin.py:137} INFO - Ashley Lee
[2023-02-01T19:08:06.514+0000] {logging_mixin.py:137} INFO - Kelly Barnes
[2023-02-01T19:08:06.521+0000] {logging_mixin.py:137} INFO - Christie West
[2023-02-01T19:08:06.527+0000] {logging_mixin.py:137} INFO - Todd Nolan
[2023-02-01T19:08:06.537+0000] {logging_mixin.py:137} INFO - Sarah Reed
[2023-02-01T19:08:06.539+0000] {logging_mixin.py:137} INFO - Jennifer Keith
[2023-02-01T19:08:06.541+0000] {logging_mixin.py:137} INFO - Shawn Alvarez
[2023-02-01T19:08:06.544+0000] {logging_mixin.py:137} INFO - Alexander Wilson
[2023-02-01T19:08:06.547+0000] {logging_mixin.py:137} INFO - Rachel Melendez
[2023-02-01T19:08:06.557+0000] {logging_mixin.py:137} INFO - Morgan Walters
[2023-02-01T19:08:06.559+0000] {logging_mixin.py:137} INFO - Nicole Garcia
[2023-02-01T19:08:06.562+0000] {logging_mixin.py:137} INFO - Jennifer White
[2023-02-01T19:08:06.566+0000] {logging_mixin.py:137} INFO - Leslie Shannon
[2023-02-01T19:08:06.568+0000] {logging_mixin.py:137} INFO - Lisa Clayton
[2023-02-01T19:08:06.572+0000] {logging_mixin.py:137} INFO - Zachary Molina
[2023-02-01T19:08:06.578+0000] {logging_mixin.py:137} INFO - Bruce Butler
[2023-02-01T19:08:06.580+0000] {logging_mixin.py:137} INFO - Dustin Howell
[2023-02-01T19:08:06.582+0000] {logging_mixin.py:137} INFO - Aaron Smith
[2023-02-01T19:08:06.593+0000] {logging_mixin.py:137} INFO - Kyle Green
[2023-02-01T19:08:06.598+0000] {logging_mixin.py:137} INFO - Steven Clark
[2023-02-01T19:08:06.602+0000] {logging_mixin.py:137} INFO - Robert Holden
[2023-02-01T19:08:06.612+0000] {logging_mixin.py:137} INFO - Zachary Harmon
[2023-02-01T19:08:06.618+0000] {logging_mixin.py:137} INFO - Rachel Miller
[2023-02-01T19:08:06.621+0000] {logging_mixin.py:137} INFO - Brandon Parker
[2023-02-01T19:08:06.628+0000] {logging_mixin.py:137} INFO - Walter Martin
[2023-02-01T19:08:06.632+0000] {logging_mixin.py:137} INFO - Jose Young
[2023-02-01T19:08:06.644+0000] {logging_mixin.py:137} INFO - Kelsey Long
[2023-02-01T19:08:06.652+0000] {logging_mixin.py:137} INFO - William Harper
[2023-02-01T19:08:06.656+0000] {logging_mixin.py:137} INFO - Alejandro Lambert
[2023-02-01T19:08:06.659+0000] {logging_mixin.py:137} INFO - Stephanie Carson
[2023-02-01T19:08:06.666+0000] {logging_mixin.py:137} INFO - Diana Ortega MD
[2023-02-01T19:08:06.682+0000] {logging_mixin.py:137} INFO - Janet Morales
[2023-02-01T19:08:06.692+0000] {logging_mixin.py:137} INFO - Eric Fisher
[2023-02-01T19:08:06.703+0000] {logging_mixin.py:137} INFO - Louis Baker
[2023-02-01T19:08:06.706+0000] {logging_mixin.py:137} INFO - Cindy Ward
[2023-02-01T19:08:06.714+0000] {logging_mixin.py:137} INFO - Ana Jenkins
[2023-02-01T19:08:06.718+0000] {logging_mixin.py:137} INFO - Leslie Barton
[2023-02-01T19:08:06.723+0000] {logging_mixin.py:137} INFO - Gregory Price
[2023-02-01T19:08:06.735+0000] {logging_mixin.py:137} INFO - Brandon Moore
[2023-02-01T19:08:06.750+0000] {logging_mixin.py:137} INFO - Heather Garrett
[2023-02-01T19:08:06.753+0000] {logging_mixin.py:137} INFO - Cindy Hawkins
[2023-02-01T19:08:06.757+0000] {logging_mixin.py:137} INFO - Mr. Frank Snyder Jr.
[2023-02-01T19:08:06.768+0000] {logging_mixin.py:137} INFO - Megan Wang
[2023-02-01T19:08:06.771+0000] {logging_mixin.py:137} INFO - Jennifer Fleming
[2023-02-01T19:08:06.774+0000] {logging_mixin.py:137} INFO - Gary Hodge
[2023-02-01T19:08:06.776+0000] {logging_mixin.py:137} INFO - Nichole Miller
[2023-02-01T19:08:06.780+0000] {logging_mixin.py:137} INFO - Mitchell Mendoza
[2023-02-01T19:08:06.787+0000] {logging_mixin.py:137} INFO - Bradley Horton
[2023-02-01T19:08:06.789+0000] {logging_mixin.py:137} INFO - Michelle Hess
[2023-02-01T19:08:06.800+0000] {logging_mixin.py:137} INFO - Ronald Torres
[2023-02-01T19:08:06.818+0000] {logging_mixin.py:137} INFO - Raymond Hudson
[2023-02-01T19:08:06.823+0000] {logging_mixin.py:137} INFO - Vincent Jackson
[2023-02-01T19:08:06.828+0000] {logging_mixin.py:137} INFO - Susan Carey
[2023-02-01T19:08:06.831+0000] {logging_mixin.py:137} INFO - Chase Wilson
[2023-02-01T19:08:06.839+0000] {logging_mixin.py:137} INFO - Tonya Baldwin
[2023-02-01T19:08:06.842+0000] {logging_mixin.py:137} INFO - Mrs. Tina Davis
[2023-02-01T19:08:06.851+0000] {logging_mixin.py:137} INFO - Scott Garrett
[2023-02-01T19:08:06.853+0000] {logging_mixin.py:137} INFO - Michael Wilson
[2023-02-01T19:08:06.858+0000] {logging_mixin.py:137} INFO - Andrew Orozco
[2023-02-01T19:08:06.868+0000] {logging_mixin.py:137} INFO - Troy Carson
[2023-02-01T19:08:06.871+0000] {logging_mixin.py:137} INFO - Alex Winters
[2023-02-01T19:08:06.873+0000] {logging_mixin.py:137} INFO - Toni Frank
[2023-02-01T19:08:06.880+0000] {logging_mixin.py:137} INFO - Kathleen Snyder
[2023-02-01T19:08:06.882+0000] {logging_mixin.py:137} INFO - Anna Lopez
[2023-02-01T19:08:06.884+0000] {logging_mixin.py:137} INFO - Charles Brown
[2023-02-01T19:08:06.885+0000] {logging_mixin.py:137} INFO - Barry Ross
[2023-02-01T19:08:06.891+0000] {logging_mixin.py:137} INFO - Emily Ramirez
[2023-02-01T19:08:06.892+0000] {logging_mixin.py:137} INFO - Anna Williams
[2023-02-01T19:08:06.898+0000] {logging_mixin.py:137} INFO - Kristin Pennington
[2023-02-01T19:08:06.899+0000] {logging_mixin.py:137} INFO - Mary Aguirre
[2023-02-01T19:08:06.902+0000] {logging_mixin.py:137} INFO - Austin Santos
[2023-02-01T19:08:06.904+0000] {logging_mixin.py:137} INFO - David Nelson
[2023-02-01T19:08:06.907+0000] {logging_mixin.py:137} INFO - Alyssa Mcbride
[2023-02-01T19:08:06.909+0000] {logging_mixin.py:137} INFO - Lisa Gibson
[2023-02-01T19:08:06.913+0000] {logging_mixin.py:137} INFO - Alexander Kelly
[2023-02-01T19:08:06.915+0000] {logging_mixin.py:137} INFO - Ronald Thomas
[2023-02-01T19:08:06.923+0000] {logging_mixin.py:137} INFO - Michael Hurst
[2023-02-01T19:08:06.925+0000] {logging_mixin.py:137} INFO - Lauren Ward
[2023-02-01T19:08:06.935+0000] {logging_mixin.py:137} INFO - Christian Terry
[2023-02-01T19:08:06.937+0000] {logging_mixin.py:137} INFO - Jared Black
[2023-02-01T19:08:06.941+0000] {logging_mixin.py:137} INFO - Anthony Brown
[2023-02-01T19:08:06.945+0000] {logging_mixin.py:137} INFO - John Cole
[2023-02-01T19:08:06.950+0000] {logging_mixin.py:137} INFO - David Lee
[2023-02-01T19:08:06.954+0000] {logging_mixin.py:137} INFO - Lori Thomas
[2023-02-01T19:08:06.956+0000] {logging_mixin.py:137} INFO - Daniel Herman
[2023-02-01T19:08:06.962+0000] {logging_mixin.py:137} INFO - Pam Williams
[2023-02-01T19:08:06.965+0000] {logging_mixin.py:137} INFO - Sarah Jenkins
[2023-02-01T19:08:06.970+0000] {logging_mixin.py:137} INFO - Susan Mitchell
[2023-02-01T19:08:06.971+0000] {logging_mixin.py:137} INFO - Jacqueline Green
[2023-02-01T19:08:06.973+0000] {logging_mixin.py:137} INFO - Victoria Garrison
[2023-02-01T19:08:06.975+0000] {logging_mixin.py:137} INFO - Jonathan Daniels
[2023-02-01T19:08:06.977+0000] {logging_mixin.py:137} INFO - Trevor Hansen
[2023-02-01T19:08:06.978+0000] {logging_mixin.py:137} INFO - Laurie Bowen
[2023-02-01T19:08:06.982+0000] {logging_mixin.py:137} INFO - James Cline
[2023-02-01T19:08:06.984+0000] {logging_mixin.py:137} INFO - Michael Rose
[2023-02-01T19:08:06.986+0000] {logging_mixin.py:137} INFO - Lawrence Juarez
[2023-02-01T19:08:06.987+0000] {logging_mixin.py:137} INFO - Lucas Caldwell
[2023-02-01T19:08:06.992+0000] {logging_mixin.py:137} INFO - Laura Jackson
[2023-02-01T19:08:06.998+0000] {logging_mixin.py:137} INFO - Sherri Thornton
[2023-02-01T19:08:07.003+0000] {logging_mixin.py:137} INFO - Alice Wilson
[2023-02-01T19:08:07.008+0000] {logging_mixin.py:137} INFO - Diane Williams
[2023-02-01T19:08:07.011+0000] {logging_mixin.py:137} INFO - Kara Martin
[2023-02-01T19:08:07.014+0000] {logging_mixin.py:137} INFO - Joseph Moore
[2023-02-01T19:08:07.017+0000] {logging_mixin.py:137} INFO - Jesse Moses
[2023-02-01T19:08:07.021+0000] {logging_mixin.py:137} INFO - Lisa Mccall
[2023-02-01T19:08:07.022+0000] {logging_mixin.py:137} INFO - Alexandra Mccoy
[2023-02-01T19:08:07.029+0000] {logging_mixin.py:137} INFO - Daniel Martin
[2023-02-01T19:08:07.033+0000] {logging_mixin.py:137} INFO - Claudia Peck
[2023-02-01T19:08:07.041+0000] {logging_mixin.py:137} INFO - Jessica Mcconnell
[2023-02-01T19:08:07.057+0000] {logging_mixin.py:137} INFO - Kevin Walker
[2023-02-01T19:08:07.058+0000] {logging_mixin.py:137} INFO - Christina Lee
[2023-02-01T19:08:07.067+0000] {logging_mixin.py:137} INFO - Christopher Schroeder
[2023-02-01T19:08:07.069+0000] {logging_mixin.py:137} INFO - Melissa Parker
[2023-02-01T19:08:07.075+0000] {logging_mixin.py:137} INFO - Janet Molina
[2023-02-01T19:08:07.077+0000] {logging_mixin.py:137} INFO - Barbara Harris
[2023-02-01T19:08:07.080+0000] {logging_mixin.py:137} INFO - Joseph Hurley
[2023-02-01T19:08:07.082+0000] {logging_mixin.py:137} INFO - Greg Hayden
[2023-02-01T19:08:07.083+0000] {logging_mixin.py:137} INFO - Edwin Adams
[2023-02-01T19:08:07.086+0000] {logging_mixin.py:137} INFO - Ashley Hunter
[2023-02-01T19:08:07.088+0000] {logging_mixin.py:137} INFO - Jennifer Tucker
[2023-02-01T19:08:07.091+0000] {logging_mixin.py:137} INFO - Eddie Gray
[2023-02-01T19:08:07.096+0000] {logging_mixin.py:137} INFO - Jennifer Evans
[2023-02-01T19:08:07.098+0000] {logging_mixin.py:137} INFO - Stephen Carey
[2023-02-01T19:08:07.103+0000] {logging_mixin.py:137} INFO - Samantha Campos
[2023-02-01T19:08:07.105+0000] {logging_mixin.py:137} INFO - Meagan Brown
[2023-02-01T19:08:07.107+0000] {logging_mixin.py:137} INFO - Miss Marisa Barber
[2023-02-01T19:08:07.110+0000] {logging_mixin.py:137} INFO - Jay Mann
[2023-02-01T19:08:07.113+0000] {logging_mixin.py:137} INFO - Matthew Campbell
[2023-02-01T19:08:07.114+0000] {logging_mixin.py:137} INFO - Brent Rodriguez
[2023-02-01T19:08:07.117+0000] {logging_mixin.py:137} INFO - Teresa Ross
[2023-02-01T19:08:07.119+0000] {logging_mixin.py:137} INFO - Mary Martinez
[2023-02-01T19:08:07.133+0000] {logging_mixin.py:137} INFO - Joseph Lewis
[2023-02-01T19:08:07.142+0000] {logging_mixin.py:137} INFO - Dale Davis
[2023-02-01T19:08:07.144+0000] {logging_mixin.py:137} INFO - Elizabeth Evans
[2023-02-01T19:08:07.146+0000] {logging_mixin.py:137} INFO - Shannon Wang
[2023-02-01T19:08:07.151+0000] {logging_mixin.py:137} INFO - Brandon Campbell
[2023-02-01T19:08:07.156+0000] {logging_mixin.py:137} INFO - Rhonda Pace
[2023-02-01T19:08:07.157+0000] {logging_mixin.py:137} INFO - Sarah Santos
[2023-02-01T19:08:07.159+0000] {logging_mixin.py:137} INFO - Jacob Ford
[2023-02-01T19:08:07.164+0000] {logging_mixin.py:137} INFO - Matthew Hansen
[2023-02-01T19:08:07.178+0000] {logging_mixin.py:137} INFO - Amy Ray
[2023-02-01T19:08:07.180+0000] {logging_mixin.py:137} INFO - Aaron Fields
[2023-02-01T19:08:07.182+0000] {logging_mixin.py:137} INFO - Mary Taylor
[2023-02-01T19:08:07.188+0000] {logging_mixin.py:137} INFO - James Morris
[2023-02-01T19:08:07.191+0000] {logging_mixin.py:137} INFO - Darrell Cain
[2023-02-01T19:08:07.198+0000] {logging_mixin.py:137} INFO - Michael Smith
[2023-02-01T19:08:07.200+0000] {logging_mixin.py:137} INFO - Scott Coleman
[2023-02-01T19:08:07.201+0000] {logging_mixin.py:137} INFO - David Fitzpatrick
[2023-02-01T19:08:07.203+0000] {logging_mixin.py:137} INFO - Debra Shepherd
[2023-02-01T19:08:07.205+0000] {logging_mixin.py:137} INFO - Paul Rush
[2023-02-01T19:08:07.211+0000] {logging_mixin.py:137} INFO - Brett Hernandez
[2023-02-01T19:08:07.213+0000] {logging_mixin.py:137} INFO - Sheila Riddle
[2023-02-01T19:08:07.215+0000] {logging_mixin.py:137} INFO - Joan Austin
[2023-02-01T19:08:07.217+0000] {logging_mixin.py:137} INFO - Michael Garcia
[2023-02-01T19:08:07.219+0000] {logging_mixin.py:137} INFO - Natalie Harris
[2023-02-01T19:08:07.221+0000] {logging_mixin.py:137} INFO - Steven Dean
[2023-02-01T19:08:07.223+0000] {logging_mixin.py:137} INFO - John Brown
[2023-02-01T19:08:07.224+0000] {logging_mixin.py:137} INFO - Keith Zimmerman
[2023-02-01T19:08:07.226+0000] {logging_mixin.py:137} INFO - Curtis Byrd
[2023-02-01T19:08:07.228+0000] {logging_mixin.py:137} INFO - Mariah Green
[2023-02-01T19:08:07.231+0000] {logging_mixin.py:137} INFO - Roger Huynh
[2023-02-01T19:08:07.234+0000] {logging_mixin.py:137} INFO - Christopher Zamora
[2023-02-01T19:08:07.238+0000] {logging_mixin.py:137} INFO - Joyce Crawford
[2023-02-01T19:08:07.241+0000] {logging_mixin.py:137} INFO - Angela Smith
[2023-02-01T19:08:07.245+0000] {logging_mixin.py:137} INFO - Veronica Robinson
[2023-02-01T19:08:07.249+0000] {logging_mixin.py:137} INFO - Christopher Bates
[2023-02-01T19:08:07.251+0000] {logging_mixin.py:137} INFO - Steve Stone
[2023-02-01T19:08:07.252+0000] {logging_mixin.py:137} INFO - William Cook
[2023-02-01T19:08:07.256+0000] {logging_mixin.py:137} INFO - Lori Wood
[2023-02-01T19:08:07.266+0000] {logging_mixin.py:137} INFO - Jillian Reynolds
[2023-02-01T19:08:07.269+0000] {logging_mixin.py:137} INFO - Angela Caldwell
[2023-02-01T19:08:07.275+0000] {logging_mixin.py:137} INFO - Shane Campbell
[2023-02-01T19:08:07.279+0000] {logging_mixin.py:137} INFO - Karen Lawrence
[2023-02-01T19:08:07.282+0000] {logging_mixin.py:137} INFO - Kimberly Wood
[2023-02-01T19:08:07.284+0000] {logging_mixin.py:137} INFO - Samantha Lopez
[2023-02-01T19:08:07.286+0000] {logging_mixin.py:137} INFO - Harold Miller
[2023-02-01T19:08:07.288+0000] {logging_mixin.py:137} INFO - Raymond Cooper DVM
[2023-02-01T19:08:07.292+0000] {logging_mixin.py:137} INFO - Kristen Patel
[2023-02-01T19:08:07.294+0000] {logging_mixin.py:137} INFO - Anthony Mejia
[2023-02-01T19:08:07.296+0000] {logging_mixin.py:137} INFO - Raymond Thomas
[2023-02-01T19:08:07.298+0000] {logging_mixin.py:137} INFO - Scott Young
[2023-02-01T19:08:07.300+0000] {logging_mixin.py:137} INFO - David Larson
[2023-02-01T19:08:07.302+0000] {logging_mixin.py:137} INFO - Jon Murray
[2023-02-01T19:08:07.306+0000] {logging_mixin.py:137} INFO - Stephen Taylor
[2023-02-01T19:08:07.307+0000] {logging_mixin.py:137} INFO - Jennifer Hernandez
[2023-02-01T19:08:07.314+0000] {logging_mixin.py:137} INFO - Stacy Smith
[2023-02-01T19:08:07.317+0000] {logging_mixin.py:137} INFO - Juan Owens
[2023-02-01T19:08:07.319+0000] {logging_mixin.py:137} INFO - Brian Adkins
[2023-02-01T19:08:07.321+0000] {logging_mixin.py:137} INFO - Jesse Wells
[2023-02-01T19:08:07.334+0000] {logging_mixin.py:137} INFO - Kyle Matthews
[2023-02-01T19:08:07.340+0000] {logging_mixin.py:137} INFO - Dustin Russell
[2023-02-01T19:08:07.356+0000] {logging_mixin.py:137} INFO - Richard White
[2023-02-01T19:08:07.359+0000] {logging_mixin.py:137} INFO - Brittany Nichols
[2023-02-01T19:08:07.364+0000] {logging_mixin.py:137} INFO - Colton Kelly
[2023-02-01T19:08:07.366+0000] {logging_mixin.py:137} INFO - William Perry
[2023-02-01T19:08:07.369+0000] {logging_mixin.py:137} INFO - Thomas Cummings
[2023-02-01T19:08:07.374+0000] {logging_mixin.py:137} INFO - Timothy Ballard
[2023-02-01T19:08:07.376+0000] {logging_mixin.py:137} INFO - Richard Washington
[2023-02-01T19:08:07.383+0000] {logging_mixin.py:137} INFO - Joshua Lam
[2023-02-01T19:08:07.392+0000] {logging_mixin.py:137} INFO - Grant Jackson
[2023-02-01T19:08:07.395+0000] {logging_mixin.py:137} INFO - Erin Baker
[2023-02-01T19:08:07.401+0000] {logging_mixin.py:137} INFO - Scott Flowers
[2023-02-01T19:08:07.410+0000] {logging_mixin.py:137} INFO - James Adams
[2023-02-01T19:08:07.414+0000] {logging_mixin.py:137} INFO - Heather Alvarado
[2023-02-01T19:08:07.415+0000] {logging_mixin.py:137} INFO - Jennifer Snow
[2023-02-01T19:08:07.418+0000] {logging_mixin.py:137} INFO - Mario Jackson
[2023-02-01T19:08:07.420+0000] {logging_mixin.py:137} INFO - Kevin Collins
[2023-02-01T19:08:07.423+0000] {logging_mixin.py:137} INFO - Danielle Garcia
[2023-02-01T19:08:07.429+0000] {logging_mixin.py:137} INFO - Brenda Jackson
[2023-02-01T19:08:07.435+0000] {logging_mixin.py:137} INFO - Ashley Parker
[2023-02-01T19:08:07.452+0000] {logging_mixin.py:137} INFO - Angela Hickman
[2023-02-01T19:08:07.458+0000] {logging_mixin.py:137} INFO - Carol Rodriguez
[2023-02-01T19:08:07.466+0000] {logging_mixin.py:137} INFO - Vernon Anderson
[2023-02-01T19:08:07.470+0000] {logging_mixin.py:137} INFO - Jesus Church
[2023-02-01T19:08:07.476+0000] {logging_mixin.py:137} INFO - Michelle Medina
[2023-02-01T19:08:07.479+0000] {logging_mixin.py:137} INFO - Nancy Bryant
[2023-02-01T19:08:07.483+0000] {logging_mixin.py:137} INFO - Jennifer Martinez
[2023-02-01T19:08:07.487+0000] {logging_mixin.py:137} INFO - Amy Dougherty
[2023-02-01T19:08:07.498+0000] {logging_mixin.py:137} INFO - Alexis Sanders
[2023-02-01T19:08:07.500+0000] {logging_mixin.py:137} INFO - Austin Salazar
[2023-02-01T19:08:07.502+0000] {logging_mixin.py:137} INFO - Amy Williams
[2023-02-01T19:08:07.509+0000] {logging_mixin.py:137} INFO - Richard Haynes
[2023-02-01T19:08:07.510+0000] {logging_mixin.py:137} INFO - Christine Stark
[2023-02-01T19:08:07.512+0000] {logging_mixin.py:137} INFO - Anita Medina
[2023-02-01T19:08:07.514+0000] {logging_mixin.py:137} INFO - Mr. Thomas Duran
[2023-02-01T19:08:07.520+0000] {logging_mixin.py:137} INFO - Mr. Russell Peterson
[2023-02-01T19:08:07.523+0000] {logging_mixin.py:137} INFO - Jack Richard
[2023-02-01T19:08:07.525+0000] {logging_mixin.py:137} INFO - Michelle Erickson
[2023-02-01T19:08:07.527+0000] {logging_mixin.py:137} INFO - Mitchell Williams
[2023-02-01T19:08:07.536+0000] {logging_mixin.py:137} INFO - Adrian Herrera
[2023-02-01T19:08:07.544+0000] {logging_mixin.py:137} INFO - Michael Brady
[2023-02-01T19:08:07.547+0000] {logging_mixin.py:137} INFO - Jamie Zhang
[2023-02-01T19:08:07.549+0000] {logging_mixin.py:137} INFO - Helen Brennan
[2023-02-01T19:08:07.551+0000] {logging_mixin.py:137} INFO - John Myers
[2023-02-01T19:08:07.553+0000] {logging_mixin.py:137} INFO - Patricia Nash
[2023-02-01T19:08:07.557+0000] {logging_mixin.py:137} INFO - Michael Johnson
[2023-02-01T19:08:07.568+0000] {logging_mixin.py:137} INFO - Anita Berger
[2023-02-01T19:08:07.573+0000] {logging_mixin.py:137} INFO - Jason Guerrero DVM
[2023-02-01T19:08:07.574+0000] {logging_mixin.py:137} INFO - Kimberly Davis
[2023-02-01T19:08:07.576+0000] {logging_mixin.py:137} INFO - Bryan Hansen
[2023-02-01T19:08:07.581+0000] {logging_mixin.py:137} INFO - Rebecca Obrien
[2023-02-01T19:08:07.583+0000] {logging_mixin.py:137} INFO - Sarah Santiago
[2023-02-01T19:08:07.584+0000] {logging_mixin.py:137} INFO - Christine Lane
[2023-02-01T19:08:07.586+0000] {logging_mixin.py:137} INFO - Jerry Lewis
[2023-02-01T19:08:07.587+0000] {logging_mixin.py:137} INFO - Stephanie Miller
[2023-02-01T19:08:07.588+0000] {logging_mixin.py:137} INFO - Kristi Bradley
[2023-02-01T19:08:07.591+0000] {logging_mixin.py:137} INFO - Darren Moore
[2023-02-01T19:08:07.594+0000] {logging_mixin.py:137} INFO - Kristina Cunningham
[2023-02-01T19:08:07.596+0000] {logging_mixin.py:137} INFO - Laurie Moore
[2023-02-01T19:08:07.598+0000] {logging_mixin.py:137} INFO - Aaron Lewis
[2023-02-01T19:08:07.599+0000] {logging_mixin.py:137} INFO - Theresa Vang
[2023-02-01T19:08:07.605+0000] {logging_mixin.py:137} INFO - Chase Reese
[2023-02-01T19:08:07.607+0000] {logging_mixin.py:137} INFO - Matthew Ferguson
[2023-02-01T19:08:07.609+0000] {logging_mixin.py:137} INFO - Victoria Lewis
[2023-02-01T19:08:07.611+0000] {logging_mixin.py:137} INFO - Jon Scott
[2023-02-01T19:08:07.613+0000] {logging_mixin.py:137} INFO - Lisa Campbell
[2023-02-01T19:08:07.616+0000] {logging_mixin.py:137} INFO - David Ramirez
[2023-02-01T19:08:07.618+0000] {logging_mixin.py:137} INFO - Gabriel Rosario
[2023-02-01T19:08:07.620+0000] {logging_mixin.py:137} INFO - Kristi Johnson
[2023-02-01T19:08:07.624+0000] {logging_mixin.py:137} INFO - Jennifer Schwartz
[2023-02-01T19:08:07.628+0000] {logging_mixin.py:137} INFO - Daniel Norton
[2023-02-01T19:08:07.633+0000] {logging_mixin.py:137} INFO - Richard Montoya
[2023-02-01T19:08:07.635+0000] {logging_mixin.py:137} INFO - Daniel Norris
[2023-02-01T19:08:07.638+0000] {logging_mixin.py:137} INFO - Chad Taylor
[2023-02-01T19:08:07.641+0000] {logging_mixin.py:137} INFO - Angie Allen
[2023-02-01T19:08:07.643+0000] {logging_mixin.py:137} INFO - Michael Brooks
[2023-02-01T19:08:07.645+0000] {logging_mixin.py:137} INFO - Hannah Poole
[2023-02-01T19:08:07.647+0000] {logging_mixin.py:137} INFO - Caitlin Ray
[2023-02-01T19:08:07.649+0000] {logging_mixin.py:137} INFO - Mr. Steven Gardner
[2023-02-01T19:08:07.652+0000] {logging_mixin.py:137} INFO - Jennifer Macdonald
[2023-02-01T19:08:07.654+0000] {logging_mixin.py:137} INFO - Vanessa Small
[2023-02-01T19:08:07.656+0000] {logging_mixin.py:137} INFO - Dennis Gray
[2023-02-01T19:08:07.664+0000] {logging_mixin.py:137} INFO - Sandra Kirk
[2023-02-01T19:08:07.668+0000] {logging_mixin.py:137} INFO - Jason Wagner
[2023-02-01T19:08:07.675+0000] {logging_mixin.py:137} INFO - David Owen
[2023-02-01T19:08:07.677+0000] {logging_mixin.py:137} INFO - Rose Terrell
[2023-02-01T19:08:07.679+0000] {logging_mixin.py:137} INFO - James Green MD
[2023-02-01T19:08:07.680+0000] {logging_mixin.py:137} INFO - Tammy Patel
[2023-02-01T19:08:07.684+0000] {logging_mixin.py:137} INFO - Joseph Lucero
[2023-02-01T19:08:07.688+0000] {logging_mixin.py:137} INFO - Stephanie Rojas
[2023-02-01T19:08:07.691+0000] {logging_mixin.py:137} INFO - Brittany Johnson
[2023-02-01T19:08:07.694+0000] {logging_mixin.py:137} INFO - Christina Cummings
[2023-02-01T19:08:07.696+0000] {logging_mixin.py:137} INFO - Eric Downs
[2023-02-01T19:08:07.699+0000] {logging_mixin.py:137} INFO - Paul Finley
[2023-02-01T19:08:07.701+0000] {logging_mixin.py:137} INFO - Danielle Jackson
[2023-02-01T19:08:07.708+0000] {logging_mixin.py:137} INFO - Anna Johnston
[2023-02-01T19:08:07.710+0000] {logging_mixin.py:137} INFO - Ashlee Hodges
[2023-02-01T19:08:07.712+0000] {logging_mixin.py:137} INFO - Thomas Francis
[2023-02-01T19:08:07.714+0000] {logging_mixin.py:137} INFO - Cody Baird
[2023-02-01T19:08:07.717+0000] {logging_mixin.py:137} INFO - Jeffrey Walter
[2023-02-01T19:08:07.718+0000] {logging_mixin.py:137} INFO - Hannah West
[2023-02-01T19:08:07.720+0000] {logging_mixin.py:137} INFO - Anthony Byrd
[2023-02-01T19:08:07.722+0000] {logging_mixin.py:137} INFO - Julie Ramirez
[2023-02-01T19:08:07.725+0000] {logging_mixin.py:137} INFO - Seth Peters
[2023-02-01T19:08:07.730+0000] {logging_mixin.py:137} INFO - Keith Salas
[2023-02-01T19:08:07.744+0000] {logging_mixin.py:137} INFO - Kathryn Evans
[2023-02-01T19:08:07.750+0000] {logging_mixin.py:137} INFO - Dr. Maria Scott
[2023-02-01T19:08:07.754+0000] {logging_mixin.py:137} INFO - Brenda Thomas
[2023-02-01T19:08:07.756+0000] {logging_mixin.py:137} INFO - Travis Douglas
[2023-02-01T19:08:07.761+0000] {logging_mixin.py:137} INFO - Kurt Santos
[2023-02-01T19:08:07.765+0000] {logging_mixin.py:137} INFO - Sean Parrish
[2023-02-01T19:08:07.776+0000] {logging_mixin.py:137} INFO - Brittany Walls
[2023-02-01T19:08:07.782+0000] {logging_mixin.py:137} INFO - Gail Brooks
[2023-02-01T19:08:07.786+0000] {logging_mixin.py:137} INFO - Valerie Johnson
[2023-02-01T19:08:07.790+0000] {logging_mixin.py:137} INFO - Jessica Dunn
[2023-02-01T19:08:07.803+0000] {logging_mixin.py:137} INFO - Chad Robinson
[2023-02-01T19:08:07.811+0000] {logging_mixin.py:137} INFO - Catherine Combs
[2023-02-01T19:08:07.819+0000] {logging_mixin.py:137} INFO - Joshua Boyd
[2023-02-01T19:08:07.824+0000] {logging_mixin.py:137} INFO - Alicia Barnett DVM
[2023-02-01T19:08:07.828+0000] {logging_mixin.py:137} INFO - Kevin Cervantes
[2023-02-01T19:08:07.840+0000] {logging_mixin.py:137} INFO - Larry Lester
[2023-02-01T19:08:07.847+0000] {logging_mixin.py:137} INFO - Deanna Espinoza
[2023-02-01T19:08:07.853+0000] {logging_mixin.py:137} INFO - Marilyn Davis
[2023-02-01T19:08:07.855+0000] {logging_mixin.py:137} INFO - Michael Weeks
[2023-02-01T19:08:07.859+0000] {logging_mixin.py:137} INFO - Brandon Stanton
[2023-02-01T19:08:07.865+0000] {logging_mixin.py:137} INFO - Ryan Boyer Jr.
[2023-02-01T19:08:07.875+0000] {logging_mixin.py:137} INFO - Amanda Elliott
[2023-02-01T19:08:07.883+0000] {logging_mixin.py:137} INFO - David Moore
[2023-02-01T19:08:07.887+0000] {logging_mixin.py:137} INFO - Andre Williams
[2023-02-01T19:08:07.892+0000] {logging_mixin.py:137} INFO - Jennifer Garcia
[2023-02-01T19:08:07.895+0000] {logging_mixin.py:137} INFO - Tracey Cook
[2023-02-01T19:08:07.900+0000] {logging_mixin.py:137} INFO - Michael Turner
[2023-02-01T19:08:07.904+0000] {logging_mixin.py:137} INFO - Diana Long
[2023-02-01T19:08:07.906+0000] {logging_mixin.py:137} INFO - John Bradley
[2023-02-01T19:08:07.907+0000] {logging_mixin.py:137} INFO - Ann Benjamin
[2023-02-01T19:08:07.909+0000] {logging_mixin.py:137} INFO - Shane House
[2023-02-01T19:08:07.911+0000] {logging_mixin.py:137} INFO - Erin Lee
[2023-02-01T19:08:07.922+0000] {logging_mixin.py:137} INFO - Joseph Gray
[2023-02-01T19:08:07.928+0000] {logging_mixin.py:137} INFO - Betty Gibson
[2023-02-01T19:08:07.931+0000] {logging_mixin.py:137} INFO - Kristen Graham
[2023-02-01T19:08:07.940+0000] {logging_mixin.py:137} INFO - Daniel Meza
[2023-02-01T19:08:07.944+0000] {logging_mixin.py:137} INFO - Sherri Carpenter
[2023-02-01T19:08:07.954+0000] {logging_mixin.py:137} INFO - Andrea Sanchez
[2023-02-01T19:08:07.957+0000] {logging_mixin.py:137} INFO - Jordan Rios
[2023-02-01T19:08:07.969+0000] {logging_mixin.py:137} INFO - Elizabeth Jackson
[2023-02-01T19:08:07.971+0000] {logging_mixin.py:137} INFO - Elizabeth Myers
[2023-02-01T19:08:07.976+0000] {logging_mixin.py:137} INFO - Juan Barnes
[2023-02-01T19:08:07.983+0000] {logging_mixin.py:137} INFO - Christopher Lozano
[2023-02-01T19:08:07.988+0000] {logging_mixin.py:137} INFO - Jacqueline Griffin
[2023-02-01T19:08:07.996+0000] {logging_mixin.py:137} INFO - Ryan Mason
[2023-02-01T19:08:08.001+0000] {logging_mixin.py:137} INFO - Jonathan Moore
[2023-02-01T19:08:08.026+0000] {logging_mixin.py:137} INFO - Abigail Landry
[2023-02-01T19:08:08.032+0000] {logging_mixin.py:137} INFO - Brenda Hernandez
[2023-02-01T19:08:08.040+0000] {logging_mixin.py:137} INFO - Zachary Pitts
[2023-02-01T19:08:08.046+0000] {logging_mixin.py:137} INFO - Amanda Rogers
[2023-02-01T19:08:08.055+0000] {logging_mixin.py:137} INFO - Cynthia Gray
[2023-02-01T19:08:08.075+0000] {logging_mixin.py:137} INFO - Tyler Barajas
[2023-02-01T19:08:08.092+0000] {logging_mixin.py:137} INFO - Michelle Leon
[2023-02-01T19:08:08.102+0000] {logging_mixin.py:137} INFO - Kathy Lang
[2023-02-01T19:08:08.104+0000] {logging_mixin.py:137} INFO - Scott Townsend MD
[2023-02-01T19:08:08.106+0000] {logging_mixin.py:137} INFO - Theresa Acosta
[2023-02-01T19:08:08.108+0000] {logging_mixin.py:137} INFO - David Jones
[2023-02-01T19:08:08.113+0000] {logging_mixin.py:137} INFO - Jeremy Robinson
[2023-02-01T19:08:08.119+0000] {logging_mixin.py:137} INFO - James Newton
[2023-02-01T19:08:08.120+0000] {logging_mixin.py:137} INFO - Tracey Wells
[2023-02-01T19:08:08.122+0000] {logging_mixin.py:137} INFO - Maria Nelson
[2023-02-01T19:08:08.124+0000] {logging_mixin.py:137} INFO - Christopher Griffith
[2023-02-01T19:08:08.125+0000] {logging_mixin.py:137} INFO - Zachary Griffin
[2023-02-01T19:08:08.127+0000] {logging_mixin.py:137} INFO - Amy Nguyen
[2023-02-01T19:08:08.129+0000] {logging_mixin.py:137} INFO - April Williams
[2023-02-01T19:08:08.134+0000] {logging_mixin.py:137} INFO - Marissa Kelly
[2023-02-01T19:08:08.138+0000] {logging_mixin.py:137} INFO - Brian Lopez PhD
[2023-02-01T19:08:08.140+0000] {logging_mixin.py:137} INFO - William Williams
[2023-02-01T19:08:08.153+0000] {logging_mixin.py:137} INFO - Norman Brown
[2023-02-01T19:08:08.158+0000] {logging_mixin.py:137} INFO - Charles Fuentes
[2023-02-01T19:08:08.165+0000] {logging_mixin.py:137} INFO - Anthony Chang
[2023-02-01T19:08:08.167+0000] {logging_mixin.py:137} INFO - Mary Bell
[2023-02-01T19:08:08.174+0000] {logging_mixin.py:137} INFO - Elizabeth Stuart
[2023-02-01T19:08:08.175+0000] {logging_mixin.py:137} INFO - Mary Mcdonald
[2023-02-01T19:08:08.177+0000] {logging_mixin.py:137} INFO - Martin Harrison
[2023-02-01T19:08:08.179+0000] {logging_mixin.py:137} INFO - Stephanie Fernandez
[2023-02-01T19:08:08.181+0000] {logging_mixin.py:137} INFO - Christopher Brown
[2023-02-01T19:08:08.186+0000] {logging_mixin.py:137} INFO - Alexander Stephenson
[2023-02-01T19:08:08.188+0000] {logging_mixin.py:137} INFO - Grace Diaz
[2023-02-01T19:08:08.190+0000] {logging_mixin.py:137} INFO - Frank Bartlett
[2023-02-01T19:08:08.191+0000] {logging_mixin.py:137} INFO - Audrey Andersen
[2023-02-01T19:08:08.193+0000] {logging_mixin.py:137} INFO - David Green
[2023-02-01T19:08:08.196+0000] {logging_mixin.py:137} INFO - Joshua Diaz Jr.
[2023-02-01T19:08:08.203+0000] {logging_mixin.py:137} INFO - Emily Garcia
[2023-02-01T19:08:08.205+0000] {logging_mixin.py:137} INFO - Devin Hall
[2023-02-01T19:08:08.208+0000] {logging_mixin.py:137} INFO - Phillip Garner
[2023-02-01T19:08:08.214+0000] {logging_mixin.py:137} INFO - Katherine Estrada
[2023-02-01T19:08:08.221+0000] {logging_mixin.py:137} INFO - Corey Saunders
[2023-02-01T19:08:08.227+0000] {logging_mixin.py:137} INFO - Kimberly Collins
[2023-02-01T19:08:08.229+0000] {logging_mixin.py:137} INFO - Amy Elliott
[2023-02-01T19:08:08.234+0000] {logging_mixin.py:137} INFO - Tanya Jones
[2023-02-01T19:08:08.236+0000] {logging_mixin.py:137} INFO - Patricia Gonzalez
[2023-02-01T19:08:08.237+0000] {logging_mixin.py:137} INFO - Jennifer Hill
[2023-02-01T19:08:08.239+0000] {logging_mixin.py:137} INFO - John Haynes
[2023-02-01T19:08:08.240+0000] {logging_mixin.py:137} INFO - Jacob Henry
[2023-02-01T19:08:08.245+0000] {logging_mixin.py:137} INFO - Daniel Clark
[2023-02-01T19:08:08.249+0000] {logging_mixin.py:137} INFO - Jonathon Taylor
[2023-02-01T19:08:08.264+0000] {logging_mixin.py:137} INFO - Jesse Evans
[2023-02-01T19:08:08.267+0000] {logging_mixin.py:137} INFO - James Martinez
[2023-02-01T19:08:08.274+0000] {logging_mixin.py:137} INFO - Kyle Reyes
[2023-02-01T19:08:08.276+0000] {logging_mixin.py:137} INFO - Terrence Barker
[2023-02-01T19:08:08.278+0000] {logging_mixin.py:137} INFO - Anthony Washington
[2023-02-01T19:08:08.284+0000] {logging_mixin.py:137} INFO - Dustin Le
[2023-02-01T19:08:08.289+0000] {logging_mixin.py:137} INFO - Bruce Clark
[2023-02-01T19:08:08.291+0000] {logging_mixin.py:137} INFO - Keith Anthony
[2023-02-01T19:08:08.293+0000] {logging_mixin.py:137} INFO - Jeremiah Stone
[2023-02-01T19:08:08.294+0000] {logging_mixin.py:137} INFO - Michael Haley
[2023-02-01T19:08:08.299+0000] {logging_mixin.py:137} INFO - Regina Carrillo
[2023-02-01T19:08:08.303+0000] {logging_mixin.py:137} INFO - Jacob Lee
[2023-02-01T19:08:08.305+0000] {logging_mixin.py:137} INFO - Thomas Gonzalez
[2023-02-01T19:08:08.306+0000] {logging_mixin.py:137} INFO - Mark Lawrence
[2023-02-01T19:08:08.307+0000] {logging_mixin.py:137} INFO - Matthew Anderson
[2023-02-01T19:08:08.309+0000] {logging_mixin.py:137} INFO - Nicholas Young
[2023-02-01T19:08:08.310+0000] {logging_mixin.py:137} INFO - Melvin Martinez
[2023-02-01T19:08:08.312+0000] {logging_mixin.py:137} INFO - Scott Green
[2023-02-01T19:08:08.315+0000] {logging_mixin.py:137} INFO - Dana Richards
[2023-02-01T19:08:08.319+0000] {logging_mixin.py:137} INFO - Lauren Moore
[2023-02-01T19:08:08.328+0000] {logging_mixin.py:137} INFO - Terry Campbell
[2023-02-01T19:08:08.331+0000] {logging_mixin.py:137} INFO - Ralph Jordan
[2023-02-01T19:08:08.334+0000] {logging_mixin.py:137} INFO - Noah Reyes
[2023-02-01T19:08:08.335+0000] {logging_mixin.py:137} INFO - Mr. Gregory Mills MD
[2023-02-01T19:08:08.338+0000] {logging_mixin.py:137} INFO - Michelle Yates
[2023-02-01T19:08:08.339+0000] {logging_mixin.py:137} INFO - Robin Reyes
[2023-02-01T19:08:08.341+0000] {logging_mixin.py:137} INFO - Rebecca Smith
[2023-02-01T19:08:08.345+0000] {logging_mixin.py:137} INFO - Nicole Torres
[2023-02-01T19:08:08.347+0000] {logging_mixin.py:137} INFO - Ronald Jones
[2023-02-01T19:08:08.350+0000] {logging_mixin.py:137} INFO - Michael Castaneda
[2023-02-01T19:08:08.357+0000] {logging_mixin.py:137} INFO - Christopher Krueger
[2023-02-01T19:08:08.360+0000] {logging_mixin.py:137} INFO - Jennifer Werner
[2023-02-01T19:08:08.362+0000] {logging_mixin.py:137} INFO - Ashley Smith
[2023-02-01T19:08:08.363+0000] {logging_mixin.py:137} INFO - Alyssa Fields
[2023-02-01T19:08:08.369+0000] {logging_mixin.py:137} INFO - John Scott
[2023-02-01T19:08:08.371+0000] {logging_mixin.py:137} INFO - Debra Delacruz
[2023-02-01T19:08:08.372+0000] {logging_mixin.py:137} INFO - James Madden
[2023-02-01T19:08:08.374+0000] {logging_mixin.py:137} INFO - Joseph Gentry
[2023-02-01T19:08:08.377+0000] {logging_mixin.py:137} INFO - Ashley Cabrera
[2023-02-01T19:08:08.380+0000] {logging_mixin.py:137} INFO - Jennifer Fernandez
[2023-02-01T19:08:08.381+0000] {logging_mixin.py:137} INFO - James Harris
[2023-02-01T19:08:08.393+0000] {logging_mixin.py:137} INFO - Candice Young
[2023-02-01T19:08:08.403+0000] {logging_mixin.py:137} INFO - Lisa Baker
[2023-02-01T19:08:08.406+0000] {logging_mixin.py:137} INFO - Brian Mills DDS
[2023-02-01T19:08:08.408+0000] {logging_mixin.py:137} INFO - Kristin Smith
[2023-02-01T19:08:08.410+0000] {logging_mixin.py:137} INFO - Jacob Collins
[2023-02-01T19:08:08.418+0000] {logging_mixin.py:137} INFO - Kimberly Harris
[2023-02-01T19:08:08.421+0000] {logging_mixin.py:137} INFO - Michael Hull
[2023-02-01T19:08:08.422+0000] {logging_mixin.py:137} INFO - Caitlin Todd
[2023-02-01T19:08:08.430+0000] {logging_mixin.py:137} INFO - Lisa Harris
[2023-02-01T19:08:08.434+0000] {logging_mixin.py:137} INFO - Mrs. Ann Stone
[2023-02-01T19:08:08.436+0000] {logging_mixin.py:137} INFO - Michelle Case
[2023-02-01T19:08:08.439+0000] {logging_mixin.py:137} INFO - Joe Lowe
[2023-02-01T19:08:08.441+0000] {logging_mixin.py:137} INFO - Randall Dunn
[2023-02-01T19:08:08.442+0000] {logging_mixin.py:137} INFO - Paula Vargas
[2023-02-01T19:08:08.444+0000] {logging_mixin.py:137} INFO - Daniel Walker
[2023-02-01T19:08:08.448+0000] {logging_mixin.py:137} INFO - James Jackson
[2023-02-01T19:08:08.450+0000] {logging_mixin.py:137} INFO - Shirley Woodard
[2023-02-01T19:08:08.456+0000] {logging_mixin.py:137} INFO - James Hayes
[2023-02-01T19:08:08.463+0000] {logging_mixin.py:137} INFO - Megan Austin
[2023-02-01T19:08:08.465+0000] {logging_mixin.py:137} INFO - Erin Robertson
[2023-02-01T19:08:08.467+0000] {logging_mixin.py:137} INFO - Robert Phillips
[2023-02-01T19:08:08.469+0000] {logging_mixin.py:137} INFO - Amy Torres
[2023-02-01T19:08:08.472+0000] {logging_mixin.py:137} INFO - Joshua Cox
[2023-02-01T19:08:08.478+0000] {logging_mixin.py:137} INFO - Duane Grimes
[2023-02-01T19:08:08.480+0000] {logging_mixin.py:137} INFO - Jennifer Burgess
[2023-02-01T19:08:08.484+0000] {logging_mixin.py:137} INFO - Carlos Duran
[2023-02-01T19:08:08.487+0000] {logging_mixin.py:137} INFO - Jason Johnson
[2023-02-01T19:08:08.490+0000] {logging_mixin.py:137} INFO - Cameron Greer
[2023-02-01T19:08:08.492+0000] {logging_mixin.py:137} INFO - Randall Williams
[2023-02-01T19:08:08.494+0000] {logging_mixin.py:137} INFO - Jessica Harris
[2023-02-01T19:08:08.496+0000] {logging_mixin.py:137} INFO - Joshua Rogers
[2023-02-01T19:08:08.502+0000] {logging_mixin.py:137} INFO - Jose Mahoney
[2023-02-01T19:08:08.504+0000] {logging_mixin.py:137} INFO - Brandy Fuentes
[2023-02-01T19:08:08.507+0000] {logging_mixin.py:137} INFO - Angelica Matthews
[2023-02-01T19:08:08.509+0000] {logging_mixin.py:137} INFO - Glenn Caldwell
[2023-02-01T19:08:08.515+0000] {logging_mixin.py:137} INFO - Cristian Delacruz
[2023-02-01T19:08:08.517+0000] {logging_mixin.py:137} INFO - Alexandra Price
[2023-02-01T19:08:08.519+0000] {logging_mixin.py:137} INFO - Heather Wilson
[2023-02-01T19:08:08.521+0000] {logging_mixin.py:137} INFO - Shawn Thompson
[2023-02-01T19:08:08.524+0000] {logging_mixin.py:137} INFO - Anna Daniel
[2023-02-01T19:08:08.526+0000] {logging_mixin.py:137} INFO - Joseph Cisneros
[2023-02-01T19:08:08.529+0000] {logging_mixin.py:137} INFO - Rebecca Estes
[2023-02-01T19:08:08.538+0000] {logging_mixin.py:137} INFO - Jeremy Porter
[2023-02-01T19:08:08.541+0000] {logging_mixin.py:137} INFO - Lisa Mann
[2023-02-01T19:08:08.543+0000] {logging_mixin.py:137} INFO - Michael Woods
[2023-02-01T19:08:08.556+0000] {logging_mixin.py:137} INFO - Madison Thompson
[2023-02-01T19:08:08.562+0000] {logging_mixin.py:137} INFO - Nancy Gomez
[2023-02-01T19:08:08.566+0000] {logging_mixin.py:137} INFO - Julie Blanchard
[2023-02-01T19:08:08.568+0000] {logging_mixin.py:137} INFO - Michael Smith
[2023-02-01T19:08:08.571+0000] {logging_mixin.py:137} INFO - Angel Huber
[2023-02-01T19:08:08.576+0000] {logging_mixin.py:137} INFO - Michael Coffey
[2023-02-01T19:08:08.579+0000] {logging_mixin.py:137} INFO - Patrick Walter
[2023-02-01T19:08:08.581+0000] {logging_mixin.py:137} INFO - Curtis Davis
[2023-02-01T19:08:08.587+0000] {logging_mixin.py:137} INFO - Kyle Stewart
[2023-02-01T19:08:08.590+0000] {logging_mixin.py:137} INFO - Angela Jimenez
[2023-02-01T19:08:08.592+0000] {logging_mixin.py:137} INFO - Andrew Martinez
[2023-02-01T19:08:08.594+0000] {logging_mixin.py:137} INFO - Angela West
[2023-02-01T19:08:08.599+0000] {logging_mixin.py:137} INFO - Ryan Young
[2023-02-01T19:08:08.604+0000] {logging_mixin.py:137} INFO - Nathaniel Evans
[2023-02-01T19:08:08.606+0000] {logging_mixin.py:137} INFO - Dawn Bryant
[2023-02-01T19:08:08.611+0000] {logging_mixin.py:137} INFO - Danielle Lewis
[2023-02-01T19:08:08.612+0000] {logging_mixin.py:137} INFO - Matthew Newman
[2023-02-01T19:08:08.626+0000] {logging_mixin.py:137} INFO - Robert Smith
[2023-02-01T19:08:08.631+0000] {logging_mixin.py:137} INFO - Melissa Hicks
[2023-02-01T19:08:08.634+0000] {logging_mixin.py:137} INFO - Emily Lambert
[2023-02-01T19:08:08.638+0000] {logging_mixin.py:137} INFO - Krystal Wolfe
[2023-02-01T19:08:08.640+0000] {logging_mixin.py:137} INFO - Donna Murillo
[2023-02-01T19:08:08.645+0000] {logging_mixin.py:137} INFO - Carl Hudson
[2023-02-01T19:08:08.650+0000] {logging_mixin.py:137} INFO - Robert Wilson
[2023-02-01T19:08:08.652+0000] {logging_mixin.py:137} INFO - Patrick Mathis
[2023-02-01T19:08:08.657+0000] {logging_mixin.py:137} INFO - Michael Suarez
[2023-02-01T19:08:08.665+0000] {logging_mixin.py:137} INFO - David Johnson
[2023-02-01T19:08:08.673+0000] {logging_mixin.py:137} INFO - William Thompson
[2023-02-01T19:08:08.675+0000] {logging_mixin.py:137} INFO - Jessica Hansen DVM
[2023-02-01T19:08:08.679+0000] {logging_mixin.py:137} INFO - Katherine Friedman
[2023-02-01T19:08:08.691+0000] {logging_mixin.py:137} INFO - Jillian Johnson
[2023-02-01T19:08:08.696+0000] {logging_mixin.py:137} INFO - Robert Mckee
[2023-02-01T19:08:08.706+0000] {logging_mixin.py:137} INFO - Rachel Little
[2023-02-01T19:08:08.709+0000] {logging_mixin.py:137} INFO - Patricia Smith
[2023-02-01T19:08:08.718+0000] {logging_mixin.py:137} INFO - Heidi Martinez
[2023-02-01T19:08:08.727+0000] {logging_mixin.py:137} INFO - Caitlin Solomon
[2023-02-01T19:08:08.735+0000] {logging_mixin.py:137} INFO - Dr. Olivia Pugh
[2023-02-01T19:08:08.748+0000] {logging_mixin.py:137} INFO - John Steele DDS
[2023-02-01T19:08:08.755+0000] {logging_mixin.py:137} INFO - Jeremy Mathews
[2023-02-01T19:08:08.763+0000] {logging_mixin.py:137} INFO - Tiffany Hill
[2023-02-01T19:08:08.767+0000] {logging_mixin.py:137} INFO - Steven Edwards
[2023-02-01T19:08:08.779+0000] {logging_mixin.py:137} INFO - Charles Campbell
[2023-02-01T19:08:08.785+0000] {logging_mixin.py:137} INFO - Brett Hughes
[2023-02-01T19:08:08.787+0000] {logging_mixin.py:137} INFO - Christina Villegas
[2023-02-01T19:08:08.790+0000] {logging_mixin.py:137} INFO - Anthony Garcia
[2023-02-01T19:08:08.792+0000] {logging_mixin.py:137} INFO - Nathan Murphy
[2023-02-01T19:08:08.803+0000] {logging_mixin.py:137} INFO - Steven Dodson
[2023-02-01T19:08:08.805+0000] {logging_mixin.py:137} INFO - Brian Sullivan
[2023-02-01T19:08:08.808+0000] {logging_mixin.py:137} INFO - Renee White
[2023-02-01T19:08:08.811+0000] {logging_mixin.py:137} INFO - Laura Rowland
[2023-02-01T19:08:08.814+0000] {logging_mixin.py:137} INFO - John Moore
[2023-02-01T19:08:08.815+0000] {logging_mixin.py:137} INFO - Sophia Mckenzie
[2023-02-01T19:08:08.816+0000] {logging_mixin.py:137} INFO - David Roach
[2023-02-01T19:08:08.823+0000] {logging_mixin.py:137} INFO - Jennifer Patterson
[2023-02-01T19:08:08.828+0000] {logging_mixin.py:137} INFO - James Richards
[2023-02-01T19:08:08.834+0000] {logging_mixin.py:137} INFO - Mary Johnston
[2023-02-01T19:08:08.837+0000] {logging_mixin.py:137} INFO - Brandon Mcdaniel
[2023-02-01T19:08:08.846+0000] {logging_mixin.py:137} INFO - Meghan Stevenson
[2023-02-01T19:08:08.849+0000] {logging_mixin.py:137} INFO - Luis Hayes
[2023-02-01T19:08:08.851+0000] {logging_mixin.py:137} INFO - Alejandra Sloan
[2023-02-01T19:08:08.854+0000] {logging_mixin.py:137} INFO - Dr. Sandra Miller
[2023-02-01T19:08:08.859+0000] {logging_mixin.py:137} INFO - Dustin Bond
[2023-02-01T19:08:08.864+0000] {logging_mixin.py:137} INFO - Julia Patrick MD
[2023-02-01T19:08:08.869+0000] {logging_mixin.py:137} INFO - Jill Campbell
[2023-02-01T19:08:08.871+0000] {logging_mixin.py:137} INFO - Mark Ford
[2023-02-01T19:08:08.873+0000] {logging_mixin.py:137} INFO - Brian Long
[2023-02-01T19:08:08.878+0000] {logging_mixin.py:137} INFO - Lisa Peterson
[2023-02-01T19:08:08.888+0000] {logging_mixin.py:137} INFO - Matthew Lee
[2023-02-01T19:08:08.891+0000] {logging_mixin.py:137} INFO - Bradley Miller
[2023-02-01T19:08:08.894+0000] {logging_mixin.py:137} INFO - Jeffrey Moss
[2023-02-01T19:08:08.897+0000] {logging_mixin.py:137} INFO - Sara Carlson
[2023-02-01T19:08:08.899+0000] {logging_mixin.py:137} INFO - Daniel Rodriguez
[2023-02-01T19:08:08.902+0000] {logging_mixin.py:137} INFO - Jeremy David
[2023-02-01T19:08:08.903+0000] {logging_mixin.py:137} INFO - Eric Green
[2023-02-01T19:08:08.910+0000] {logging_mixin.py:137} INFO - Alexis Jones
[2023-02-01T19:08:08.912+0000] {logging_mixin.py:137} INFO - Matthew Rose
[2023-02-01T19:08:08.914+0000] {logging_mixin.py:137} INFO - Catherine Anderson
[2023-02-01T19:08:08.916+0000] {logging_mixin.py:137} INFO - Holly Burton
[2023-02-01T19:08:08.918+0000] {logging_mixin.py:137} INFO - David Matthews
[2023-02-01T19:08:08.920+0000] {logging_mixin.py:137} INFO - Mrs. Kara Little
[2023-02-01T19:08:08.929+0000] {logging_mixin.py:137} INFO - Jeffrey Stanley
[2023-02-01T19:08:08.931+0000] {logging_mixin.py:137} INFO - James Ochoa
[2023-02-01T19:08:08.933+0000] {logging_mixin.py:137} INFO - Jason Frye
[2023-02-01T19:08:08.937+0000] {logging_mixin.py:137} INFO - Christopher Ellis
[2023-02-01T19:08:08.941+0000] {logging_mixin.py:137} INFO - Michelle Nixon
[2023-02-01T19:08:08.947+0000] {logging_mixin.py:137} INFO - Andrew Gill
[2023-02-01T19:08:08.951+0000] {logging_mixin.py:137} INFO - Jennifer Wilson
[2023-02-01T19:08:08.960+0000] {logging_mixin.py:137} INFO - Shawn Black
[2023-02-01T19:08:08.995+0000] {logging_mixin.py:137} INFO - April Patterson
[2023-02-01T19:08:08.999+0000] {logging_mixin.py:137} INFO - Troy Vaughn
[2023-02-01T19:08:09.003+0000] {logging_mixin.py:137} INFO - Alexandria White
[2023-02-01T19:08:09.006+0000] {logging_mixin.py:137} INFO - Scott Phillips
[2023-02-01T19:08:09.011+0000] {logging_mixin.py:137} INFO - Zachary Cisneros
[2023-02-01T19:08:09.024+0000] {logging_mixin.py:137} INFO - Deborah Brown
[2023-02-01T19:08:09.028+0000] {logging_mixin.py:137} INFO - Monica Moses
[2023-02-01T19:08:09.033+0000] {logging_mixin.py:137} INFO - Brenda Reyes
[2023-02-01T19:08:09.040+0000] {logging_mixin.py:137} INFO - Miss Renee Allen
[2023-02-01T19:08:09.053+0000] {logging_mixin.py:137} INFO - Susan Clark
[2023-02-01T19:08:09.055+0000] {logging_mixin.py:137} INFO - Brandy Coffey
[2023-02-01T19:08:09.059+0000] {logging_mixin.py:137} INFO - Brett Nelson
[2023-02-01T19:08:09.063+0000] {logging_mixin.py:137} INFO - Ricardo Young
[2023-02-01T19:08:09.067+0000] {logging_mixin.py:137} INFO - Paul Lee
[2023-02-01T19:08:09.074+0000] {logging_mixin.py:137} INFO - David Allen
[2023-02-01T19:08:09.076+0000] {logging_mixin.py:137} INFO - Andrea Knight
[2023-02-01T19:08:09.080+0000] {logging_mixin.py:137} INFO - James Gomez
[2023-02-01T19:08:09.085+0000] {logging_mixin.py:137} INFO - Melody Gibson
[2023-02-01T19:08:09.088+0000] {logging_mixin.py:137} INFO - Christina Martinez
[2023-02-01T19:08:09.097+0000] {logging_mixin.py:137} INFO - Shelby Smith
[2023-02-01T19:08:09.102+0000] {logging_mixin.py:137} INFO - Jason Howard
[2023-02-01T19:08:09.105+0000] {logging_mixin.py:137} INFO - Amy Davidson
[2023-02-01T19:08:09.113+0000] {logging_mixin.py:137} INFO - Kyle Copeland
[2023-02-01T19:08:09.115+0000] {logging_mixin.py:137} INFO - Madeline Davis
[2023-02-01T19:08:09.117+0000] {logging_mixin.py:137} INFO - Aaron Young
[2023-02-01T19:08:09.119+0000] {logging_mixin.py:137} INFO - Lisa Barrett
[2023-02-01T19:08:09.122+0000] {logging_mixin.py:137} INFO - Joel Jones
[2023-02-01T19:08:09.124+0000] {logging_mixin.py:137} INFO - Christine Evans
[2023-02-01T19:08:09.125+0000] {logging_mixin.py:137} INFO - Kimberly Johnson
[2023-02-01T19:08:09.128+0000] {logging_mixin.py:137} INFO - Charles Hess
[2023-02-01T19:08:09.134+0000] {logging_mixin.py:137} INFO - Paul Dixon
[2023-02-01T19:08:09.137+0000] {logging_mixin.py:137} INFO - Christopher Johnson
[2023-02-01T19:08:09.140+0000] {logging_mixin.py:137} INFO - Robert Dawson
[2023-02-01T19:08:09.144+0000] {logging_mixin.py:137} INFO - Ryan Dixon
[2023-02-01T19:08:09.145+0000] {logging_mixin.py:137} INFO - Julie Martinez
[2023-02-01T19:08:09.147+0000] {logging_mixin.py:137} INFO - David Adams
[2023-02-01T19:08:09.151+0000] {logging_mixin.py:137} INFO - Mariah Brown
[2023-02-01T19:08:09.154+0000] {logging_mixin.py:137} INFO - Deborah Malone
[2023-02-01T19:08:09.158+0000] {logging_mixin.py:137} INFO - John Brown
[2023-02-01T19:08:09.164+0000] {logging_mixin.py:137} INFO - Maria Stewart
[2023-02-01T19:08:09.167+0000] {logging_mixin.py:137} INFO - Mr. Bryan Hawkins
[2023-02-01T19:08:09.169+0000] {logging_mixin.py:137} INFO - Kyle Brooks
[2023-02-01T19:08:09.170+0000] {logging_mixin.py:137} INFO - Kenneth White
[2023-02-01T19:08:09.172+0000] {logging_mixin.py:137} INFO - Patricia Wilson
[2023-02-01T19:08:09.174+0000] {logging_mixin.py:137} INFO - Paul Soto
[2023-02-01T19:08:09.179+0000] {logging_mixin.py:137} INFO - Janice Garrett
[2023-02-01T19:08:09.182+0000] {logging_mixin.py:137} INFO - Randy Strickland
[2023-02-01T19:08:09.183+0000] {logging_mixin.py:137} INFO - Felicia Herrera
[2023-02-01T19:08:09.186+0000] {logging_mixin.py:137} INFO - Andre Campos
[2023-02-01T19:08:09.188+0000] {logging_mixin.py:137} INFO - Justin Meyer
[2023-02-01T19:08:09.190+0000] {logging_mixin.py:137} INFO - Brandon Brooks
[2023-02-01T19:08:09.192+0000] {logging_mixin.py:137} INFO - Abigail Rivera
[2023-02-01T19:08:09.195+0000] {logging_mixin.py:137} INFO - Jessica Mann
[2023-02-01T19:08:09.197+0000] {logging_mixin.py:137} INFO - Michael Sawyer
[2023-02-01T19:08:09.205+0000] {logging_mixin.py:137} INFO - Jeffrey Coleman
[2023-02-01T19:08:09.207+0000] {logging_mixin.py:137} INFO - Micheal Castro
[2023-02-01T19:08:09.210+0000] {logging_mixin.py:137} INFO - Laura Gonzalez
[2023-02-01T19:08:09.212+0000] {logging_mixin.py:137} INFO - Christopher Jackson
[2023-02-01T19:08:09.214+0000] {logging_mixin.py:137} INFO - William Mckenzie
[2023-02-01T19:08:09.215+0000] {logging_mixin.py:137} INFO - Kristina Rodriguez
[2023-02-01T19:08:09.218+0000] {logging_mixin.py:137} INFO - Kelli Williams
[2023-02-01T19:08:09.220+0000] {logging_mixin.py:137} INFO - Diane Norris
[2023-02-01T19:08:09.226+0000] {logging_mixin.py:137} INFO - Kevin Carroll
[2023-02-01T19:08:09.229+0000] {logging_mixin.py:137} INFO - Betty Weber
[2023-02-01T19:08:09.237+0000] {logging_mixin.py:137} INFO - Jeffery Robinson
[2023-02-01T19:08:09.244+0000] {logging_mixin.py:137} INFO - Hannah Cowan
[2023-02-01T19:08:09.250+0000] {logging_mixin.py:137} INFO - Brian Kramer
[2023-02-01T19:08:09.253+0000] {logging_mixin.py:137} INFO - Anthony Roberts
[2023-02-01T19:08:09.257+0000] {logging_mixin.py:137} INFO - Ricardo Blankenship
[2023-02-01T19:08:09.259+0000] {logging_mixin.py:137} INFO - Brooke Collins
[2023-02-01T19:08:09.268+0000] {logging_mixin.py:137} INFO - Tammy Lawson
[2023-02-01T19:08:09.276+0000] {logging_mixin.py:137} INFO - Cody Miller
[2023-02-01T19:08:09.278+0000] {logging_mixin.py:137} INFO - Dr. Janice Salazar
[2023-02-01T19:08:09.280+0000] {logging_mixin.py:137} INFO - David West
[2023-02-01T19:08:09.281+0000] {logging_mixin.py:137} INFO - Robin Carpenter
[2023-02-01T19:08:09.286+0000] {logging_mixin.py:137} INFO - Monique Wall
[2023-02-01T19:08:09.291+0000] {logging_mixin.py:137} INFO - Charles Cardenas
[2023-02-01T19:08:09.295+0000] {logging_mixin.py:137} INFO - Valerie Mitchell
[2023-02-01T19:08:09.304+0000] {logging_mixin.py:137} INFO - Michelle Valenzuela
[2023-02-01T19:08:09.310+0000] {logging_mixin.py:137} INFO - William Poole
[2023-02-01T19:08:09.313+0000] {logging_mixin.py:137} INFO - James Hall
[2023-02-01T19:08:09.317+0000] {logging_mixin.py:137} INFO - Dylan Carpenter
[2023-02-01T19:08:09.320+0000] {logging_mixin.py:137} INFO - Linda Medina
[2023-02-01T19:08:09.327+0000] {logging_mixin.py:137} INFO - Joan White
[2023-02-01T19:08:09.329+0000] {logging_mixin.py:137} INFO - Mary Klein
[2023-02-01T19:08:09.336+0000] {logging_mixin.py:137} INFO - Ashley Wolf
[2023-02-01T19:08:09.338+0000] {logging_mixin.py:137} INFO - William Reed
[2023-02-01T19:08:09.340+0000] {logging_mixin.py:137} INFO - Derek Harvey
[2023-02-01T19:08:09.342+0000] {logging_mixin.py:137} INFO - Kathleen Rodriguez
[2023-02-01T19:08:09.343+0000] {logging_mixin.py:137} INFO - Andrew Rodriguez
[2023-02-01T19:08:09.347+0000] {logging_mixin.py:137} INFO - Ariel Frank
[2023-02-01T19:08:09.349+0000] {logging_mixin.py:137} INFO - Tina French
[2023-02-01T19:08:09.351+0000] {logging_mixin.py:137} INFO - Brent Waller
[2023-02-01T19:08:09.353+0000] {logging_mixin.py:137} INFO - Kevin Allen
[2023-02-01T19:08:09.358+0000] {logging_mixin.py:137} INFO - Xavier Walker
[2023-02-01T19:08:09.361+0000] {logging_mixin.py:137} INFO - Michelle Sanchez
[2023-02-01T19:08:09.365+0000] {logging_mixin.py:137} INFO - Rachael Shepard
[2023-02-01T19:08:09.369+0000] {logging_mixin.py:137} INFO - Kelsey Johnson
[2023-02-01T19:08:09.375+0000] {logging_mixin.py:137} INFO - Nicole Webb
[2023-02-01T19:08:09.376+0000] {logging_mixin.py:137} INFO - Nicholas Rodriguez
[2023-02-01T19:08:09.378+0000] {logging_mixin.py:137} INFO - Eric Vaughan
[2023-02-01T19:08:09.382+0000] {logging_mixin.py:137} INFO - Amanda Richardson
[2023-02-01T19:08:09.387+0000] {logging_mixin.py:137} INFO - Janice Carlson
[2023-02-01T19:08:09.395+0000] {logging_mixin.py:137} INFO - Darryl Walsh
[2023-02-01T19:08:09.400+0000] {logging_mixin.py:137} INFO - Heather Johnson
[2023-02-01T19:08:09.402+0000] {logging_mixin.py:137} INFO - Mark Chambers
[2023-02-01T19:08:09.404+0000] {logging_mixin.py:137} INFO - Tracy Burns
[2023-02-01T19:08:09.406+0000] {logging_mixin.py:137} INFO - John Cole
[2023-02-01T19:08:09.407+0000] {logging_mixin.py:137} INFO - Deborah Silva
[2023-02-01T19:08:09.409+0000] {logging_mixin.py:137} INFO - Shawn Hernandez
[2023-02-01T19:08:09.411+0000] {logging_mixin.py:137} INFO - Bethany Meyer
[2023-02-01T19:08:09.414+0000] {logging_mixin.py:137} INFO - Helen Smith
[2023-02-01T19:08:09.417+0000] {logging_mixin.py:137} INFO - Dana Dennis
[2023-02-01T19:08:09.419+0000] {logging_mixin.py:137} INFO - Kelsey Camacho
[2023-02-01T19:08:09.420+0000] {logging_mixin.py:137} INFO - Matthew Thomas
[2023-02-01T19:08:09.422+0000] {logging_mixin.py:137} INFO - Brittany Arellano
[2023-02-01T19:08:09.428+0000] {logging_mixin.py:137} INFO - Stacey Jones
[2023-02-01T19:08:09.433+0000] {logging_mixin.py:137} INFO - William Weeks
[2023-02-01T19:08:09.439+0000] {logging_mixin.py:137} INFO - Mark Beasley
[2023-02-01T19:08:09.446+0000] {logging_mixin.py:137} INFO - Bruce Pena
[2023-02-01T19:08:09.448+0000] {logging_mixin.py:137} INFO - Jeffery Smith
[2023-02-01T19:08:09.452+0000] {logging_mixin.py:137} INFO - Ann Deleon
[2023-02-01T19:08:09.456+0000] {logging_mixin.py:137} INFO - Kevin Robertson
[2023-02-01T19:08:09.460+0000] {logging_mixin.py:137} INFO - Vincent Willis MD
[2023-02-01T19:08:09.470+0000] {logging_mixin.py:137} INFO - Michael Nielsen
[2023-02-01T19:08:09.473+0000] {logging_mixin.py:137} INFO - Walter Koch
[2023-02-01T19:08:09.477+0000] {logging_mixin.py:137} INFO - Brian Vega
[2023-02-01T19:08:09.480+0000] {logging_mixin.py:137} INFO - Jeffrey Medina
[2023-02-01T19:08:09.483+0000] {logging_mixin.py:137} INFO - Erika Banks
[2023-02-01T19:08:09.488+0000] {logging_mixin.py:137} INFO - Stacey Griffin
[2023-02-01T19:08:09.490+0000] {logging_mixin.py:137} INFO - Michael Marsh
[2023-02-01T19:08:09.492+0000] {logging_mixin.py:137} INFO - Molly White
[2023-02-01T19:08:09.494+0000] {logging_mixin.py:137} INFO - Matthew Morrison
[2023-02-01T19:08:09.496+0000] {logging_mixin.py:137} INFO - Amanda Burns
[2023-02-01T19:08:09.498+0000] {logging_mixin.py:137} INFO - Emily Gonzalez DDS
[2023-02-01T19:08:09.502+0000] {logging_mixin.py:137} INFO - Gregory King
[2023-02-01T19:08:09.505+0000] {logging_mixin.py:137} INFO - Dennis Evans
[2023-02-01T19:08:09.509+0000] {logging_mixin.py:137} INFO - Christina Snyder
[2023-02-01T19:08:09.513+0000] {logging_mixin.py:137} INFO - Carolyn Mata
[2023-02-01T19:08:09.520+0000] {logging_mixin.py:137} INFO - Brandy Lawson
[2023-02-01T19:08:09.521+0000] {logging_mixin.py:137} INFO - Briana Christian
[2023-02-01T19:08:09.529+0000] {logging_mixin.py:137} INFO - Jeffrey Hernandez
[2023-02-01T19:08:09.536+0000] {logging_mixin.py:137} INFO - John Riggs
[2023-02-01T19:08:09.542+0000] {logging_mixin.py:137} INFO - Barbara Short
[2023-02-01T19:08:09.551+0000] {logging_mixin.py:137} INFO - Steven Brooks
[2023-02-01T19:08:09.553+0000] {logging_mixin.py:137} INFO - Gabrielle James
[2023-02-01T19:08:09.626+0000] {logging_mixin.py:137} INFO - Robert Young
[2023-02-01T19:08:09.639+0000] {logging_mixin.py:137} INFO - Derek Sanders
[2023-02-01T19:08:09.644+0000] {logging_mixin.py:137} INFO - Mallory Oliver
[2023-02-01T19:08:09.665+0000] {logging_mixin.py:137} INFO - Terry Howe
[2023-02-01T19:08:09.668+0000] {logging_mixin.py:137} INFO - Samuel Wallace
[2023-02-01T19:08:09.681+0000] {logging_mixin.py:137} INFO - Angel Jones
[2023-02-01T19:08:09.688+0000] {logging_mixin.py:137} INFO - Jacqueline Nichols
[2023-02-01T19:08:09.693+0000] {logging_mixin.py:137} INFO - Melissa Mcgee
[2023-02-01T19:08:09.698+0000] {logging_mixin.py:137} INFO - Michelle Smith
[2023-02-01T19:08:09.716+0000] {logging_mixin.py:137} INFO - Maureen Baxter
[2023-02-01T19:08:09.736+0000] {logging_mixin.py:137} INFO - Kathy Crawford
[2023-02-01T19:08:09.743+0000] {logging_mixin.py:137} INFO - Stacy Wood
[2023-02-01T19:08:09.751+0000] {logging_mixin.py:137} INFO - Justin Parsons
[2023-02-01T19:08:09.758+0000] {logging_mixin.py:137} INFO - Ann Klein
[2023-02-01T19:08:09.773+0000] {logging_mixin.py:137} INFO - Allison Arnold
[2023-02-01T19:08:09.783+0000] {logging_mixin.py:137} INFO - Heather Kirk
[2023-02-01T19:08:09.786+0000] {logging_mixin.py:137} INFO - Monica Smith
[2023-02-01T19:08:09.790+0000] {logging_mixin.py:137} INFO - Brett Oconnor
[2023-02-01T19:08:09.795+0000] {logging_mixin.py:137} INFO - Anthony Bryant
[2023-02-01T19:08:09.806+0000] {logging_mixin.py:137} INFO - Jeremy Russell
[2023-02-01T19:08:09.812+0000] {logging_mixin.py:137} INFO - Julie Poole
[2023-02-01T19:08:09.816+0000] {logging_mixin.py:137} INFO - Emma Thompson
[2023-02-01T19:08:09.825+0000] {logging_mixin.py:137} INFO - Bradley Matthews
[2023-02-01T19:08:09.840+0000] {logging_mixin.py:137} INFO - William Roberts
[2023-02-01T19:08:09.846+0000] {logging_mixin.py:137} INFO - Julie Mooney
[2023-02-01T19:08:09.851+0000] {logging_mixin.py:137} INFO - Amy Doyle
[2023-02-01T19:08:09.858+0000] {logging_mixin.py:137} INFO - Amanda Grant
[2023-02-01T19:08:09.870+0000] {logging_mixin.py:137} INFO - Eric Anderson
[2023-02-01T19:08:09.874+0000] {logging_mixin.py:137} INFO - George Thompson
[2023-02-01T19:08:09.882+0000] {logging_mixin.py:137} INFO - Dustin Hines
[2023-02-01T19:08:09.884+0000] {logging_mixin.py:137} INFO - Andrea Frank
[2023-02-01T19:08:09.886+0000] {logging_mixin.py:137} INFO - Jodi Cook
[2023-02-01T19:08:09.891+0000] {logging_mixin.py:137} INFO - Stacy Haney
[2023-02-01T19:08:09.895+0000] {logging_mixin.py:137} INFO - Paul Callahan
[2023-02-01T19:08:09.897+0000] {logging_mixin.py:137} INFO - Jasmine Chambers
[2023-02-01T19:08:09.899+0000] {logging_mixin.py:137} INFO - Melissa Pittman MD
[2023-02-01T19:08:09.901+0000] {logging_mixin.py:137} INFO - Deborah Larson
[2023-02-01T19:08:09.906+0000] {logging_mixin.py:137} INFO - Brandon Shaw
[2023-02-01T19:08:09.915+0000] {logging_mixin.py:137} INFO - Timothy Paul
[2023-02-01T19:08:09.920+0000] {logging_mixin.py:137} INFO - Michael Trujillo
[2023-02-01T19:08:09.921+0000] {logging_mixin.py:137} INFO - Robert Rivera
[2023-02-01T19:08:09.930+0000] {logging_mixin.py:137} INFO - Dana Nelson
[2023-02-01T19:08:09.933+0000] {logging_mixin.py:137} INFO - Andrea Bennett
[2023-02-01T19:08:09.936+0000] {logging_mixin.py:137} INFO - Jodi Fox
[2023-02-01T19:08:09.938+0000] {logging_mixin.py:137} INFO - Heather Hayes
[2023-02-01T19:08:09.941+0000] {logging_mixin.py:137} INFO - Jennifer Moreno
[2023-02-01T19:08:09.943+0000] {logging_mixin.py:137} INFO - John Patel
[2023-02-01T19:08:09.945+0000] {logging_mixin.py:137} INFO - Teresa Oliver
[2023-02-01T19:08:09.964+0000] {logging_mixin.py:137} INFO - Monique Bell
[2023-02-01T19:08:09.971+0000] {logging_mixin.py:137} INFO - Casey Leonard
[2023-02-01T19:08:09.982+0000] {logging_mixin.py:137} INFO - Steven Clark
[2023-02-01T19:08:09.987+0000] {logging_mixin.py:137} INFO - Edward Martin
[2023-02-01T19:08:09.992+0000] {logging_mixin.py:137} INFO - Shawn Orozco
[2023-02-01T19:08:09.994+0000] {logging_mixin.py:137} INFO - Brandon Yang
[2023-02-01T19:08:10.002+0000] {logging_mixin.py:137} INFO - Nathan Ray
[2023-02-01T19:08:10.009+0000] {logging_mixin.py:137} INFO - Lori Moore
[2023-02-01T19:08:10.012+0000] {logging_mixin.py:137} INFO - Dr. Lisa Shaw DVM
[2023-02-01T19:08:10.019+0000] {logging_mixin.py:137} INFO - Angela Walters
[2023-02-01T19:08:10.021+0000] {logging_mixin.py:137} INFO - David Nolan
[2023-02-01T19:08:10.025+0000] {logging_mixin.py:137} INFO - William Ramsey
[2023-02-01T19:08:10.027+0000] {logging_mixin.py:137} INFO - David Oconnor
[2023-02-01T19:08:10.032+0000] {logging_mixin.py:137} INFO - Mark Washington
[2023-02-01T19:08:10.038+0000] {logging_mixin.py:137} INFO - Jennifer Jacobs
[2023-02-01T19:08:10.042+0000] {logging_mixin.py:137} INFO - Tammy Hampton
[2023-02-01T19:08:10.047+0000] {logging_mixin.py:137} INFO - Stephen Farmer
[2023-02-01T19:08:10.051+0000] {logging_mixin.py:137} INFO - Jasmine Nguyen
[2023-02-01T19:08:10.060+0000] {logging_mixin.py:137} INFO - Rebecca Flores
[2023-02-01T19:08:10.063+0000] {logging_mixin.py:137} INFO - Tyler Davis
[2023-02-01T19:08:10.068+0000] {logging_mixin.py:137} INFO - Nancy Gray
[2023-02-01T19:08:10.077+0000] {logging_mixin.py:137} INFO - Brian Sanchez
[2023-02-01T19:08:10.080+0000] {logging_mixin.py:137} INFO - Laurie Shaw
[2023-02-01T19:08:10.085+0000] {logging_mixin.py:137} INFO - Kristina Torres
[2023-02-01T19:08:10.088+0000] {logging_mixin.py:137} INFO - Andrea Rodgers
[2023-02-01T19:08:10.093+0000] {logging_mixin.py:137} INFO - Jason Walters
[2023-02-01T19:08:10.098+0000] {logging_mixin.py:137} INFO - Jerry Moss
[2023-02-01T19:08:10.100+0000] {logging_mixin.py:137} INFO - Jeffrey Jordan
[2023-02-01T19:08:10.106+0000] {logging_mixin.py:137} INFO - Jennifer Wilson
[2023-02-01T19:08:10.109+0000] {logging_mixin.py:137} INFO - Trevor Mathews
[2023-02-01T19:08:10.112+0000] {logging_mixin.py:137} INFO - Anne Hood
[2023-02-01T19:08:10.119+0000] {logging_mixin.py:137} INFO - Sarah Williams
[2023-02-01T19:08:10.129+0000] {logging_mixin.py:137} INFO - Shelby Hernandez
[2023-02-01T19:08:10.138+0000] {logging_mixin.py:137} INFO - Samantha Velez
[2023-02-01T19:08:10.143+0000] {logging_mixin.py:137} INFO - Matthew Douglas
[2023-02-01T19:08:10.146+0000] {logging_mixin.py:137} INFO - Ashlee George
[2023-02-01T19:08:10.148+0000] {logging_mixin.py:137} INFO - Troy Crane
[2023-02-01T19:08:10.157+0000] {logging_mixin.py:137} INFO - Michael Cooper
[2023-02-01T19:08:10.159+0000] {logging_mixin.py:137} INFO - Michael White
[2023-02-01T19:08:10.161+0000] {logging_mixin.py:137} INFO - Mr. Timothy Fleming
[2023-02-01T19:08:10.163+0000] {logging_mixin.py:137} INFO - Seth Bruce
[2023-02-01T19:08:10.165+0000] {logging_mixin.py:137} INFO - Jacqueline Carpenter
[2023-02-01T19:08:10.167+0000] {logging_mixin.py:137} INFO - Michael Martin
[2023-02-01T19:08:10.169+0000] {logging_mixin.py:137} INFO - Kristopher Henry
[2023-02-01T19:08:10.173+0000] {logging_mixin.py:137} INFO - Tiffany Porter
[2023-02-01T19:08:10.182+0000] {logging_mixin.py:137} INFO - Stacy Simpson
[2023-02-01T19:08:10.185+0000] {logging_mixin.py:137} INFO - Tammy Mcdowell
[2023-02-01T19:08:10.189+0000] {logging_mixin.py:137} INFO - Thomas Walters
[2023-02-01T19:08:10.191+0000] {logging_mixin.py:137} INFO - Dwayne Thompson
[2023-02-01T19:08:10.195+0000] {logging_mixin.py:137} INFO - Natalie Willis
[2023-02-01T19:08:10.198+0000] {logging_mixin.py:137} INFO - Sharon Taylor
[2023-02-01T19:08:10.201+0000] {logging_mixin.py:137} INFO - Sarah Wiggins
[2023-02-01T19:08:10.204+0000] {logging_mixin.py:137} INFO - Amber Thomas
[2023-02-01T19:08:10.213+0000] {logging_mixin.py:137} INFO - Patrick Miller
[2023-02-01T19:08:10.215+0000] {logging_mixin.py:137} INFO - Stephanie Hartman
[2023-02-01T19:08:10.218+0000] {logging_mixin.py:137} INFO - Stacey Mora
[2023-02-01T19:08:10.227+0000] {logging_mixin.py:137} INFO - Katherine Rodriguez
[2023-02-01T19:08:10.235+0000] {logging_mixin.py:137} INFO - Daniel Morgan
[2023-02-01T19:08:10.242+0000] {logging_mixin.py:137} INFO - Rebecca Martinez
[2023-02-01T19:08:10.247+0000] {logging_mixin.py:137} INFO - Nicole Juarez
[2023-02-01T19:08:10.251+0000] {logging_mixin.py:137} INFO - Mark Arroyo
[2023-02-01T19:08:10.260+0000] {logging_mixin.py:137} INFO - April Lucero
[2023-02-01T19:08:10.266+0000] {logging_mixin.py:137} INFO - Samantha Garcia
[2023-02-01T19:08:10.270+0000] {logging_mixin.py:137} INFO - Jon Moore
[2023-02-01T19:08:10.273+0000] {logging_mixin.py:137} INFO - Joshua Flores MD
[2023-02-01T19:08:10.286+0000] {logging_mixin.py:137} INFO - Raymond Jones
[2023-02-01T19:08:10.290+0000] {logging_mixin.py:137} INFO - Billy Hughes
[2023-02-01T19:08:10.301+0000] {logging_mixin.py:137} INFO - Peggy Valdez PhD
[2023-02-01T19:08:10.303+0000] {logging_mixin.py:137} INFO - Joshua Reyes
[2023-02-01T19:08:10.310+0000] {logging_mixin.py:137} INFO - Aaron Green
[2023-02-01T19:08:10.315+0000] {logging_mixin.py:137} INFO - Wendy Espinoza
[2023-02-01T19:08:10.319+0000] {logging_mixin.py:137} INFO - Peter Vasquez
[2023-02-01T19:08:10.320+0000] {logging_mixin.py:137} INFO - Diane Harper
[2023-02-01T19:08:10.322+0000] {logging_mixin.py:137} INFO - Ms. Rebecca Cantu
[2023-02-01T19:08:10.324+0000] {logging_mixin.py:137} INFO - Yolanda Morrow
[2023-02-01T19:08:10.326+0000] {logging_mixin.py:137} INFO - Penny Beard
[2023-02-01T19:08:10.329+0000] {logging_mixin.py:137} INFO - Lisa Long
[2023-02-01T19:08:10.331+0000] {logging_mixin.py:137} INFO - Jerry Harris
[2023-02-01T19:08:10.335+0000] {logging_mixin.py:137} INFO - Bob Willis
[2023-02-01T19:08:10.338+0000] {logging_mixin.py:137} INFO - Duane Chapman
[2023-02-01T19:08:10.341+0000] {logging_mixin.py:137} INFO - William Morgan
[2023-02-01T19:08:10.347+0000] {logging_mixin.py:137} INFO - Amy Gutierrez
[2023-02-01T19:08:10.350+0000] {logging_mixin.py:137} INFO - Amber Nichols
[2023-02-01T19:08:10.352+0000] {logging_mixin.py:137} INFO - Matthew Carr
[2023-02-01T19:08:10.355+0000] {logging_mixin.py:137} INFO - Thomas Duncan
[2023-02-01T19:08:10.358+0000] {logging_mixin.py:137} INFO - Elizabeth Wright
[2023-02-01T19:08:10.361+0000] {logging_mixin.py:137} INFO - Jacqueline Brewer
[2023-02-01T19:08:10.365+0000] {logging_mixin.py:137} INFO - Stephanie Johnson
[2023-02-01T19:08:10.370+0000] {logging_mixin.py:137} INFO - Samantha Calderon
[2023-02-01T19:08:10.373+0000] {logging_mixin.py:137} INFO - Kathryn Gaines
[2023-02-01T19:08:10.376+0000] {logging_mixin.py:137} INFO - Angel Jones
[2023-02-01T19:08:10.385+0000] {logging_mixin.py:137} INFO - Laura Wall
[2023-02-01T19:08:10.390+0000] {logging_mixin.py:137} INFO - Mr. Anthony Hamilton
[2023-02-01T19:08:10.392+0000] {logging_mixin.py:137} INFO - David Smith
[2023-02-01T19:08:10.395+0000] {logging_mixin.py:137} INFO - Kimberly Herrera DDS
[2023-02-01T19:08:10.399+0000] {logging_mixin.py:137} INFO - Gina Wilson
[2023-02-01T19:08:10.408+0000] {logging_mixin.py:137} INFO - Timothy Byrd
[2023-02-01T19:08:10.412+0000] {logging_mixin.py:137} INFO - Michael Mckenzie
[2023-02-01T19:08:10.416+0000] {logging_mixin.py:137} INFO - Jeffrey Mcintyre
[2023-02-01T19:08:10.421+0000] {logging_mixin.py:137} INFO - Teresa Jackson
[2023-02-01T19:08:10.423+0000] {logging_mixin.py:137} INFO - Joseph Wilcox
[2023-02-01T19:08:10.426+0000] {logging_mixin.py:137} INFO - Patrick Mcknight
[2023-02-01T19:08:10.428+0000] {logging_mixin.py:137} INFO - Ronald Moreno
[2023-02-01T19:08:10.430+0000] {logging_mixin.py:137} INFO - Jamie Sullivan
[2023-02-01T19:08:10.432+0000] {logging_mixin.py:137} INFO - Jason Anderson
[2023-02-01T19:08:10.439+0000] {logging_mixin.py:137} INFO - Steven Stewart
[2023-02-01T19:08:10.442+0000] {logging_mixin.py:137} INFO - Melinda Paul
[2023-02-01T19:08:10.445+0000] {logging_mixin.py:137} INFO - Cynthia Simmons
[2023-02-01T19:08:10.448+0000] {logging_mixin.py:137} INFO - Christian Smith
[2023-02-01T19:08:10.455+0000] {logging_mixin.py:137} INFO - William Jimenez
[2023-02-01T19:08:10.461+0000] {logging_mixin.py:137} INFO - Hayley French
[2023-02-01T19:08:10.463+0000] {logging_mixin.py:137} INFO - Brandon Hess
[2023-02-01T19:08:10.466+0000] {logging_mixin.py:137} INFO - Laura Perry
[2023-02-01T19:08:10.468+0000] {logging_mixin.py:137} INFO - Scott Jones
[2023-02-01T19:08:10.473+0000] {logging_mixin.py:137} INFO - Christine Hernandez
[2023-02-01T19:08:10.475+0000] {logging_mixin.py:137} INFO - Douglas Eaton
[2023-02-01T19:08:10.479+0000] {logging_mixin.py:137} INFO - William Soto
[2023-02-01T19:08:10.482+0000] {logging_mixin.py:137} INFO - Mary Jones
[2023-02-01T19:08:10.484+0000] {logging_mixin.py:137} INFO - Stephanie Holmes
[2023-02-01T19:08:10.486+0000] {logging_mixin.py:137} INFO - Keith Meyers
[2023-02-01T19:08:10.488+0000] {logging_mixin.py:137} INFO - Paul Fisher
[2023-02-01T19:08:10.490+0000] {logging_mixin.py:137} INFO - Emily Alexander
[2023-02-01T19:08:10.493+0000] {logging_mixin.py:137} INFO - Anthony Schwartz
[2023-02-01T19:08:10.497+0000] {logging_mixin.py:137} INFO - Evelyn Jacobs
[2023-02-01T19:08:10.501+0000] {logging_mixin.py:137} INFO - Connie Jones
[2023-02-01T19:08:10.506+0000] {logging_mixin.py:137} INFO - Carla Gibbs
[2023-02-01T19:08:10.509+0000] {logging_mixin.py:137} INFO - Ashley Santiago
[2023-02-01T19:08:10.510+0000] {logging_mixin.py:137} INFO - Micheal Mckee
[2023-02-01T19:08:10.519+0000] {logging_mixin.py:137} INFO - Diane Williams
[2023-02-01T19:08:10.526+0000] {logging_mixin.py:137} INFO - Jesse Velasquez
[2023-02-01T19:08:10.532+0000] {logging_mixin.py:137} INFO - Jennifer Rodriguez
[2023-02-01T19:08:10.539+0000] {logging_mixin.py:137} INFO - Joe Griffin
[2023-02-01T19:08:10.542+0000] {logging_mixin.py:137} INFO - Gary Cherry
[2023-02-01T19:08:10.547+0000] {logging_mixin.py:137} INFO - Alyssa Edwards
[2023-02-01T19:08:10.551+0000] {logging_mixin.py:137} INFO - Caroline Hernandez MD
[2023-02-01T19:08:10.553+0000] {logging_mixin.py:137} INFO - Jessica Morton
[2023-02-01T19:08:10.556+0000] {logging_mixin.py:137} INFO - Holly Jones
[2023-02-01T19:08:10.558+0000] {logging_mixin.py:137} INFO - David Shelton
[2023-02-01T19:08:10.562+0000] {logging_mixin.py:137} INFO - Kristina Parks
[2023-02-01T19:08:10.564+0000] {logging_mixin.py:137} INFO - Laurie Hernandez
[2023-02-01T19:08:10.570+0000] {logging_mixin.py:137} INFO - Melissa James
[2023-02-01T19:08:10.572+0000] {logging_mixin.py:137} INFO - Jeremiah Adams
[2023-02-01T19:08:10.574+0000] {logging_mixin.py:137} INFO - Arthur Robinson
[2023-02-01T19:08:10.578+0000] {logging_mixin.py:137} INFO - Anna Shepard
[2023-02-01T19:08:10.582+0000] {logging_mixin.py:137} INFO - Brandon Myers
[2023-02-01T19:08:10.583+0000] {logging_mixin.py:137} INFO - Paul Cardenas
[2023-02-01T19:08:10.584+0000] {logging_mixin.py:137} INFO - Megan Santana
[2023-02-01T19:08:10.586+0000] {logging_mixin.py:137} INFO - Joseph Marshall
[2023-02-01T19:08:10.589+0000] {logging_mixin.py:137} INFO - Mrs. Brenda Harris
[2023-02-01T19:08:10.590+0000] {logging_mixin.py:137} INFO - Nicole Garcia
[2023-02-01T19:08:10.592+0000] {logging_mixin.py:137} INFO - Anna Estrada
[2023-02-01T19:08:10.593+0000] {logging_mixin.py:137} INFO - Carl Moore
[2023-02-01T19:08:10.595+0000] {logging_mixin.py:137} INFO - Rodney Hernandez
[2023-02-01T19:08:10.598+0000] {logging_mixin.py:137} INFO - Madison Christian
[2023-02-01T19:08:10.602+0000] {logging_mixin.py:137} INFO - Heather Rhodes
[2023-02-01T19:08:10.629+0000] {python.py:177} INFO - Done. Returned value was: None
[2023-02-01T19:08:10.660+0000] {taskinstance.py:1323} INFO - Marking task as SUCCESS. dag_id=CSV_DAG, task_id=convertCSVToJson, execution_date=20230201T073500, start_date=20230201T190804, end_date=20230201T190810
[2023-02-01T19:08:10.784+0000] {local_task_job.py:208} INFO - Task exited with return code 0
[2023-02-01T19:08:10.977+0000] {taskinstance.py:2578} INFO - 0 downstream tasks scheduled from follow-on schedule check
