[2023-02-02T10:00:05.333+0000] {taskinstance.py:1083} INFO - Dependencies all met for <TaskInstance: CSV_DAG.convertCSVToJson scheduled__2023-02-01T20:05:00+00:00 [queued]>
[2023-02-02T10:00:05.377+0000] {taskinstance.py:1083} INFO - Dependencies all met for <TaskInstance: CSV_DAG.convertCSVToJson scheduled__2023-02-01T20:05:00+00:00 [queued]>
[2023-02-02T10:00:05.382+0000] {taskinstance.py:1279} INFO - 
--------------------------------------------------------------------------------
[2023-02-02T10:00:05.399+0000] {taskinstance.py:1280} INFO - Starting attempt 1 of 2
[2023-02-02T10:00:05.407+0000] {taskinstance.py:1281} INFO - 
--------------------------------------------------------------------------------
[2023-02-02T10:00:05.523+0000] {taskinstance.py:1300} INFO - Executing <Task(PythonOperator): convertCSVToJson> on 2023-02-01 20:05:00+00:00
[2023-02-02T10:00:05.546+0000] {standard_task_runner.py:55} INFO - Started process 183 to run task
[2023-02-02T10:00:05.607+0000] {standard_task_runner.py:82} INFO - Running: ['***', 'tasks', 'run', 'CSV_DAG', 'convertCSVToJson', 'scheduled__2023-02-01T20:05:00+00:00', '--job-id', '517', '--raw', '--subdir', 'DAGS_FOLDER/csv.py', '--cfg-path', '/tmp/tmpoks5bqgq']
[2023-02-02T10:00:05.612+0000] {standard_task_runner.py:83} INFO - Job 517: Subtask convertCSVToJson
[2023-02-02T10:00:06.049+0000] {task_command.py:388} INFO - Running <TaskInstance: CSV_DAG.convertCSVToJson scheduled__2023-02-01T20:05:00+00:00 [running]> on host 06d8060e8530
[2023-02-02T10:00:06.245+0000] {taskinstance.py:1509} INFO - Exporting the following env vars:
AIRFLOW_CTX_DAG_OWNER=Kevin Chalmers
AIRFLOW_CTX_DAG_ID=CSV_DAG
AIRFLOW_CTX_TASK_ID=convertCSVToJson
AIRFLOW_CTX_EXECUTION_DATE=2023-02-01T20:05:00+00:00
AIRFLOW_CTX_TRY_NUMBER=1
AIRFLOW_CTX_DAG_RUN_ID=scheduled__2023-02-01T20:05:00+00:00
[2023-02-02T10:00:06.326+0000] {logging_mixin.py:137} INFO - Angelica Lopez
[2023-02-02T10:00:06.336+0000] {logging_mixin.py:137} INFO - Betty Wright
[2023-02-02T10:00:06.356+0000] {logging_mixin.py:137} INFO - Sara Schmidt
[2023-02-02T10:00:06.366+0000] {logging_mixin.py:137} INFO - Dr. Sherry Rodriguez
[2023-02-02T10:00:06.381+0000] {logging_mixin.py:137} INFO - Rebecca Mills
[2023-02-02T10:00:06.386+0000] {logging_mixin.py:137} INFO - Andrew Anderson
[2023-02-02T10:00:06.396+0000] {logging_mixin.py:137} INFO - Martin Everett
[2023-02-02T10:00:06.399+0000] {logging_mixin.py:137} INFO - Felicia Gregory
[2023-02-02T10:00:06.413+0000] {logging_mixin.py:137} INFO - Kara Bowers
[2023-02-02T10:00:06.423+0000] {logging_mixin.py:137} INFO - Vincent Vincent
[2023-02-02T10:00:06.442+0000] {logging_mixin.py:137} INFO - Morgan Butler
[2023-02-02T10:00:06.461+0000] {logging_mixin.py:137} INFO - Stephen Riley
[2023-02-02T10:00:06.471+0000] {logging_mixin.py:137} INFO - Wanda Thomas
[2023-02-02T10:00:06.475+0000] {logging_mixin.py:137} INFO - Michelle Schultz
[2023-02-02T10:00:06.479+0000] {logging_mixin.py:137} INFO - Christopher Rush MD
[2023-02-02T10:00:06.483+0000] {logging_mixin.py:137} INFO - Phyllis Miles
[2023-02-02T10:00:06.502+0000] {logging_mixin.py:137} INFO - Rebecca Price
[2023-02-02T10:00:06.511+0000] {logging_mixin.py:137} INFO - John Morse
[2023-02-02T10:00:06.520+0000] {logging_mixin.py:137} INFO - Nicholas Sanchez
[2023-02-02T10:00:06.523+0000] {logging_mixin.py:137} INFO - Crystal Dean
[2023-02-02T10:00:06.531+0000] {logging_mixin.py:137} INFO - Tyler Diaz
[2023-02-02T10:00:06.541+0000] {logging_mixin.py:137} INFO - Denise Mclean
[2023-02-02T10:00:06.545+0000] {logging_mixin.py:137} INFO - Daniel Grant
[2023-02-02T10:00:06.553+0000] {logging_mixin.py:137} INFO - Sandra Peterson
[2023-02-02T10:00:06.580+0000] {logging_mixin.py:137} INFO - Denise Morse
[2023-02-02T10:00:06.586+0000] {logging_mixin.py:137} INFO - Brianna Smith
[2023-02-02T10:00:06.590+0000] {logging_mixin.py:137} INFO - Tony Miller
[2023-02-02T10:00:06.594+0000] {logging_mixin.py:137} INFO - Jean Booth
[2023-02-02T10:00:06.604+0000] {logging_mixin.py:137} INFO - Penny Salazar
[2023-02-02T10:00:06.611+0000] {logging_mixin.py:137} INFO - Cathy Williams
[2023-02-02T10:00:06.624+0000] {logging_mixin.py:137} INFO - Hannah Collins
[2023-02-02T10:00:06.673+0000] {logging_mixin.py:137} INFO - Maurice Casey
[2023-02-02T10:00:06.679+0000] {logging_mixin.py:137} INFO - Patrick Walker
[2023-02-02T10:00:06.683+0000] {logging_mixin.py:137} INFO - Pamela Barton
[2023-02-02T10:00:06.687+0000] {logging_mixin.py:137} INFO - Anthony Bryant
[2023-02-02T10:00:06.692+0000] {logging_mixin.py:137} INFO - Andrew Harris
[2023-02-02T10:00:06.699+0000] {logging_mixin.py:137} INFO - Aaron Harris
[2023-02-02T10:00:06.709+0000] {logging_mixin.py:137} INFO - Maureen Soto
[2023-02-02T10:00:06.722+0000] {logging_mixin.py:137} INFO - Crystal Mcdaniel
[2023-02-02T10:00:06.725+0000] {logging_mixin.py:137} INFO - Lauren Barrett
[2023-02-02T10:00:06.729+0000] {logging_mixin.py:137} INFO - Brandon Perez
[2023-02-02T10:00:06.738+0000] {logging_mixin.py:137} INFO - Mark Robertson
[2023-02-02T10:00:06.744+0000] {logging_mixin.py:137} INFO - Nicole Gates
[2023-02-02T10:00:06.754+0000] {logging_mixin.py:137} INFO - Bradley Cruz
[2023-02-02T10:00:06.800+0000] {logging_mixin.py:137} INFO - Gina Burns
[2023-02-02T10:00:06.803+0000] {logging_mixin.py:137} INFO - Zachary Martinez
[2023-02-02T10:00:06.815+0000] {logging_mixin.py:137} INFO - Natasha Johnson
[2023-02-02T10:00:06.817+0000] {logging_mixin.py:137} INFO - Patrick Gonzales
[2023-02-02T10:00:06.820+0000] {logging_mixin.py:137} INFO - Terri Wilson
[2023-02-02T10:00:06.828+0000] {logging_mixin.py:137} INFO - Sarah Lopez
[2023-02-02T10:00:06.843+0000] {logging_mixin.py:137} INFO - Dana Turner
[2023-02-02T10:00:06.846+0000] {logging_mixin.py:137} INFO - Cynthia Johnson
[2023-02-02T10:00:06.851+0000] {logging_mixin.py:137} INFO - William Thornton
[2023-02-02T10:00:06.856+0000] {logging_mixin.py:137} INFO - James Lee
[2023-02-02T10:00:06.864+0000] {logging_mixin.py:137} INFO - Stephen Allen
[2023-02-02T10:00:06.867+0000] {logging_mixin.py:137} INFO - William Stark
[2023-02-02T10:00:06.882+0000] {logging_mixin.py:137} INFO - Michael Parker
[2023-02-02T10:00:06.886+0000] {logging_mixin.py:137} INFO - Lisa Stephens
[2023-02-02T10:00:06.895+0000] {logging_mixin.py:137} INFO - Mr. Reginald Wise DDS
[2023-02-02T10:00:06.902+0000] {logging_mixin.py:137} INFO - Alexander James
[2023-02-02T10:00:06.979+0000] {logging_mixin.py:137} INFO - Kristen West
[2023-02-02T10:00:07.049+0000] {logging_mixin.py:137} INFO - Elizabeth Sanchez
[2023-02-02T10:00:07.086+0000] {logging_mixin.py:137} INFO - Jennifer Wilson
[2023-02-02T10:00:07.099+0000] {logging_mixin.py:137} INFO - Catherine Nicholson
[2023-02-02T10:00:07.110+0000] {logging_mixin.py:137} INFO - David Henderson
[2023-02-02T10:00:07.116+0000] {logging_mixin.py:137} INFO - Stephen Davis
[2023-02-02T10:00:07.147+0000] {logging_mixin.py:137} INFO - Paul Skinner
[2023-02-02T10:00:07.162+0000] {logging_mixin.py:137} INFO - Rebecca Wong
[2023-02-02T10:00:07.166+0000] {logging_mixin.py:137} INFO - Tara Benitez
[2023-02-02T10:00:07.204+0000] {logging_mixin.py:137} INFO - Sharon Miller
[2023-02-02T10:00:07.210+0000] {logging_mixin.py:137} INFO - Cynthia Smith
[2023-02-02T10:00:07.229+0000] {logging_mixin.py:137} INFO - Jennifer Werner
[2023-02-02T10:00:07.249+0000] {logging_mixin.py:137} INFO - Rebecca Tucker
[2023-02-02T10:00:07.255+0000] {logging_mixin.py:137} INFO - Ashlee Castillo
[2023-02-02T10:00:07.267+0000] {logging_mixin.py:137} INFO - Christopher Holmes
[2023-02-02T10:00:07.273+0000] {logging_mixin.py:137} INFO - Daniel Velez
[2023-02-02T10:00:07.283+0000] {logging_mixin.py:137} INFO - Amy Serrano
[2023-02-02T10:00:07.287+0000] {logging_mixin.py:137} INFO - Alison Nash
[2023-02-02T10:00:07.291+0000] {logging_mixin.py:137} INFO - Peter Johnson
[2023-02-02T10:00:07.297+0000] {logging_mixin.py:137} INFO - Breanna Harris
[2023-02-02T10:00:07.301+0000] {logging_mixin.py:137} INFO - Eric King
[2023-02-02T10:00:07.304+0000] {logging_mixin.py:137} INFO - Patricia Oliver
[2023-02-02T10:00:07.325+0000] {logging_mixin.py:137} INFO - Denise Grimes
[2023-02-02T10:00:07.329+0000] {logging_mixin.py:137} INFO - Jill Olson
[2023-02-02T10:00:07.340+0000] {logging_mixin.py:137} INFO - Stephanie Hart
[2023-02-02T10:00:07.389+0000] {logging_mixin.py:137} INFO - Ashley Lee
[2023-02-02T10:00:07.408+0000] {logging_mixin.py:137} INFO - Kelly Barnes
[2023-02-02T10:00:07.425+0000] {logging_mixin.py:137} INFO - Christie West
[2023-02-02T10:00:07.433+0000] {logging_mixin.py:137} INFO - Todd Nolan
[2023-02-02T10:00:07.445+0000] {logging_mixin.py:137} INFO - Sarah Reed
[2023-02-02T10:00:07.452+0000] {logging_mixin.py:137} INFO - Jennifer Keith
[2023-02-02T10:00:07.459+0000] {logging_mixin.py:137} INFO - Shawn Alvarez
[2023-02-02T10:00:07.465+0000] {logging_mixin.py:137} INFO - Alexander Wilson
[2023-02-02T10:00:07.488+0000] {logging_mixin.py:137} INFO - Rachel Melendez
[2023-02-02T10:00:07.496+0000] {logging_mixin.py:137} INFO - Morgan Walters
[2023-02-02T10:00:07.507+0000] {logging_mixin.py:137} INFO - Nicole Garcia
[2023-02-02T10:00:07.512+0000] {logging_mixin.py:137} INFO - Jennifer White
[2023-02-02T10:00:07.527+0000] {logging_mixin.py:137} INFO - Leslie Shannon
[2023-02-02T10:00:07.530+0000] {logging_mixin.py:137} INFO - Lisa Clayton
[2023-02-02T10:00:07.533+0000] {logging_mixin.py:137} INFO - Zachary Molina
[2023-02-02T10:00:07.536+0000] {logging_mixin.py:137} INFO - Bruce Butler
[2023-02-02T10:00:07.550+0000] {logging_mixin.py:137} INFO - Dustin Howell
[2023-02-02T10:00:07.560+0000] {logging_mixin.py:137} INFO - Aaron Smith
[2023-02-02T10:00:07.570+0000] {logging_mixin.py:137} INFO - Kyle Green
[2023-02-02T10:00:07.577+0000] {logging_mixin.py:137} INFO - Steven Clark
[2023-02-02T10:00:07.587+0000] {logging_mixin.py:137} INFO - Robert Holden
[2023-02-02T10:00:07.607+0000] {logging_mixin.py:137} INFO - Zachary Harmon
[2023-02-02T10:00:07.620+0000] {logging_mixin.py:137} INFO - Rachel Miller
[2023-02-02T10:00:07.629+0000] {logging_mixin.py:137} INFO - Brandon Parker
[2023-02-02T10:00:07.637+0000] {logging_mixin.py:137} INFO - Walter Martin
[2023-02-02T10:00:07.648+0000] {logging_mixin.py:137} INFO - Jose Young
[2023-02-02T10:00:07.655+0000] {logging_mixin.py:137} INFO - Kelsey Long
[2023-02-02T10:00:07.667+0000] {logging_mixin.py:137} INFO - William Harper
[2023-02-02T10:00:07.677+0000] {logging_mixin.py:137} INFO - Alejandro Lambert
[2023-02-02T10:00:07.693+0000] {logging_mixin.py:137} INFO - Stephanie Carson
[2023-02-02T10:00:07.697+0000] {logging_mixin.py:137} INFO - Diana Ortega MD
[2023-02-02T10:00:07.704+0000] {logging_mixin.py:137} INFO - Janet Morales
[2023-02-02T10:00:07.713+0000] {logging_mixin.py:137} INFO - Eric Fisher
[2023-02-02T10:00:07.717+0000] {logging_mixin.py:137} INFO - Louis Baker
[2023-02-02T10:00:07.728+0000] {logging_mixin.py:137} INFO - Cindy Ward
[2023-02-02T10:00:07.737+0000] {logging_mixin.py:137} INFO - Ana Jenkins
[2023-02-02T10:00:07.751+0000] {logging_mixin.py:137} INFO - Leslie Barton
[2023-02-02T10:00:07.765+0000] {logging_mixin.py:137} INFO - Gregory Price
[2023-02-02T10:00:07.775+0000] {logging_mixin.py:137} INFO - Brandon Moore
[2023-02-02T10:00:07.777+0000] {logging_mixin.py:137} INFO - Heather Garrett
[2023-02-02T10:00:07.782+0000] {logging_mixin.py:137} INFO - Cindy Hawkins
[2023-02-02T10:00:07.787+0000] {logging_mixin.py:137} INFO - Mr. Frank Snyder Jr.
[2023-02-02T10:00:07.795+0000] {logging_mixin.py:137} INFO - Megan Wang
[2023-02-02T10:00:07.807+0000] {logging_mixin.py:137} INFO - Jennifer Fleming
[2023-02-02T10:00:07.810+0000] {logging_mixin.py:137} INFO - Gary Hodge
[2023-02-02T10:00:07.819+0000] {logging_mixin.py:137} INFO - Nichole Miller
[2023-02-02T10:00:07.826+0000] {logging_mixin.py:137} INFO - Mitchell Mendoza
[2023-02-02T10:00:07.833+0000] {logging_mixin.py:137} INFO - Bradley Horton
[2023-02-02T10:00:07.841+0000] {logging_mixin.py:137} INFO - Michelle Hess
[2023-02-02T10:00:07.848+0000] {logging_mixin.py:137} INFO - Ronald Torres
[2023-02-02T10:00:07.851+0000] {logging_mixin.py:137} INFO - Raymond Hudson
[2023-02-02T10:00:07.855+0000] {logging_mixin.py:137} INFO - Vincent Jackson
[2023-02-02T10:00:07.858+0000] {logging_mixin.py:137} INFO - Susan Carey
[2023-02-02T10:00:07.860+0000] {logging_mixin.py:137} INFO - Chase Wilson
[2023-02-02T10:00:07.891+0000] {logging_mixin.py:137} INFO - Tonya Baldwin
[2023-02-02T10:00:07.906+0000] {logging_mixin.py:137} INFO - Mrs. Tina Davis
[2023-02-02T10:00:07.914+0000] {logging_mixin.py:137} INFO - Scott Garrett
[2023-02-02T10:00:07.917+0000] {logging_mixin.py:137} INFO - Michael Wilson
[2023-02-02T10:00:07.921+0000] {logging_mixin.py:137} INFO - Andrew Orozco
[2023-02-02T10:00:07.923+0000] {logging_mixin.py:137} INFO - Troy Carson
[2023-02-02T10:00:07.930+0000] {logging_mixin.py:137} INFO - Alex Winters
[2023-02-02T10:00:07.933+0000] {logging_mixin.py:137} INFO - Toni Frank
[2023-02-02T10:00:07.942+0000] {logging_mixin.py:137} INFO - Kathleen Snyder
[2023-02-02T10:00:07.948+0000] {logging_mixin.py:137} INFO - Anna Lopez
[2023-02-02T10:00:07.953+0000] {logging_mixin.py:137} INFO - Charles Brown
[2023-02-02T10:00:07.960+0000] {logging_mixin.py:137} INFO - Barry Ross
[2023-02-02T10:00:07.969+0000] {logging_mixin.py:137} INFO - Emily Ramirez
[2023-02-02T10:00:07.976+0000] {logging_mixin.py:137} INFO - Anna Williams
[2023-02-02T10:00:07.983+0000] {logging_mixin.py:137} INFO - Kristin Pennington
[2023-02-02T10:00:07.988+0000] {logging_mixin.py:137} INFO - Mary Aguirre
[2023-02-02T10:00:07.999+0000] {logging_mixin.py:137} INFO - Austin Santos
[2023-02-02T10:00:08.004+0000] {logging_mixin.py:137} INFO - David Nelson
[2023-02-02T10:00:08.011+0000] {logging_mixin.py:137} INFO - Alyssa Mcbride
[2023-02-02T10:00:08.017+0000] {logging_mixin.py:137} INFO - Lisa Gibson
[2023-02-02T10:00:08.022+0000] {logging_mixin.py:137} INFO - Alexander Kelly
[2023-02-02T10:00:08.027+0000] {logging_mixin.py:137} INFO - Ronald Thomas
[2023-02-02T10:00:08.036+0000] {logging_mixin.py:137} INFO - Michael Hurst
[2023-02-02T10:00:08.043+0000] {logging_mixin.py:137} INFO - Lauren Ward
[2023-02-02T10:00:08.050+0000] {logging_mixin.py:137} INFO - Christian Terry
[2023-02-02T10:00:08.054+0000] {logging_mixin.py:137} INFO - Jared Black
[2023-02-02T10:00:08.061+0000] {logging_mixin.py:137} INFO - Anthony Brown
[2023-02-02T10:00:08.078+0000] {logging_mixin.py:137} INFO - John Cole
[2023-02-02T10:00:08.087+0000] {logging_mixin.py:137} INFO - David Lee
[2023-02-02T10:00:08.098+0000] {logging_mixin.py:137} INFO - Lori Thomas
[2023-02-02T10:00:08.104+0000] {logging_mixin.py:137} INFO - Daniel Herman
[2023-02-02T10:00:08.109+0000] {logging_mixin.py:137} INFO - Pam Williams
[2023-02-02T10:00:08.115+0000] {logging_mixin.py:137} INFO - Sarah Jenkins
[2023-02-02T10:00:08.126+0000] {logging_mixin.py:137} INFO - Susan Mitchell
[2023-02-02T10:00:08.137+0000] {logging_mixin.py:137} INFO - Jacqueline Green
[2023-02-02T10:00:08.146+0000] {logging_mixin.py:137} INFO - Victoria Garrison
[2023-02-02T10:00:08.152+0000] {logging_mixin.py:137} INFO - Jonathan Daniels
[2023-02-02T10:00:08.160+0000] {logging_mixin.py:137} INFO - Trevor Hansen
[2023-02-02T10:00:08.167+0000] {logging_mixin.py:137} INFO - Laurie Bowen
[2023-02-02T10:00:08.181+0000] {logging_mixin.py:137} INFO - James Cline
[2023-02-02T10:00:08.186+0000] {logging_mixin.py:137} INFO - Michael Rose
[2023-02-02T10:00:08.192+0000] {logging_mixin.py:137} INFO - Lawrence Juarez
[2023-02-02T10:00:08.198+0000] {logging_mixin.py:137} INFO - Lucas Caldwell
[2023-02-02T10:00:08.204+0000] {logging_mixin.py:137} INFO - Laura Jackson
[2023-02-02T10:00:08.211+0000] {logging_mixin.py:137} INFO - Sherri Thornton
[2023-02-02T10:00:08.215+0000] {logging_mixin.py:137} INFO - Alice Wilson
[2023-02-02T10:00:08.218+0000] {logging_mixin.py:137} INFO - Diane Williams
[2023-02-02T10:00:08.226+0000] {logging_mixin.py:137} INFO - Kara Martin
[2023-02-02T10:00:08.229+0000] {logging_mixin.py:137} INFO - Joseph Moore
[2023-02-02T10:00:08.236+0000] {logging_mixin.py:137} INFO - Jesse Moses
[2023-02-02T10:00:08.239+0000] {logging_mixin.py:137} INFO - Lisa Mccall
[2023-02-02T10:00:08.241+0000] {logging_mixin.py:137} INFO - Alexandra Mccoy
[2023-02-02T10:00:08.244+0000] {logging_mixin.py:137} INFO - Daniel Martin
[2023-02-02T10:00:08.249+0000] {logging_mixin.py:137} INFO - Claudia Peck
[2023-02-02T10:00:08.257+0000] {logging_mixin.py:137} INFO - Jessica Mcconnell
[2023-02-02T10:00:08.270+0000] {logging_mixin.py:137} INFO - Kevin Walker
[2023-02-02T10:00:08.274+0000] {logging_mixin.py:137} INFO - Christina Lee
[2023-02-02T10:00:08.280+0000] {logging_mixin.py:137} INFO - Christopher Schroeder
[2023-02-02T10:00:08.290+0000] {logging_mixin.py:137} INFO - Melissa Parker
[2023-02-02T10:00:08.309+0000] {logging_mixin.py:137} INFO - Janet Molina
[2023-02-02T10:00:08.312+0000] {logging_mixin.py:137} INFO - Barbara Harris
[2023-02-02T10:00:08.325+0000] {logging_mixin.py:137} INFO - Joseph Hurley
[2023-02-02T10:00:08.329+0000] {logging_mixin.py:137} INFO - Greg Hayden
[2023-02-02T10:00:08.334+0000] {logging_mixin.py:137} INFO - Edwin Adams
[2023-02-02T10:00:08.339+0000] {logging_mixin.py:137} INFO - Ashley Hunter
[2023-02-02T10:00:08.342+0000] {logging_mixin.py:137} INFO - Jennifer Tucker
[2023-02-02T10:00:08.345+0000] {logging_mixin.py:137} INFO - Eddie Gray
[2023-02-02T10:00:08.350+0000] {logging_mixin.py:137} INFO - Jennifer Evans
[2023-02-02T10:00:08.353+0000] {logging_mixin.py:137} INFO - Stephen Carey
[2023-02-02T10:00:08.357+0000] {logging_mixin.py:137} INFO - Samantha Campos
[2023-02-02T10:00:08.368+0000] {logging_mixin.py:137} INFO - Meagan Brown
[2023-02-02T10:00:08.375+0000] {logging_mixin.py:137} INFO - Miss Marisa Barber
[2023-02-02T10:00:08.379+0000] {logging_mixin.py:137} INFO - Jay Mann
[2023-02-02T10:00:08.386+0000] {logging_mixin.py:137} INFO - Matthew Campbell
[2023-02-02T10:00:08.389+0000] {logging_mixin.py:137} INFO - Brent Rodriguez
[2023-02-02T10:00:08.392+0000] {logging_mixin.py:137} INFO - Teresa Ross
[2023-02-02T10:00:08.395+0000] {logging_mixin.py:137} INFO - Mary Martinez
[2023-02-02T10:00:08.401+0000] {logging_mixin.py:137} INFO - Joseph Lewis
[2023-02-02T10:00:08.404+0000] {logging_mixin.py:137} INFO - Dale Davis
[2023-02-02T10:00:08.405+0000] {logging_mixin.py:137} INFO - Elizabeth Evans
[2023-02-02T10:00:08.410+0000] {logging_mixin.py:137} INFO - Shannon Wang
[2023-02-02T10:00:08.415+0000] {logging_mixin.py:137} INFO - Brandon Campbell
[2023-02-02T10:00:08.426+0000] {logging_mixin.py:137} INFO - Rhonda Pace
[2023-02-02T10:00:08.433+0000] {logging_mixin.py:137} INFO - Sarah Santos
[2023-02-02T10:00:08.444+0000] {logging_mixin.py:137} INFO - Jacob Ford
[2023-02-02T10:00:08.447+0000] {logging_mixin.py:137} INFO - Matthew Hansen
[2023-02-02T10:00:08.457+0000] {logging_mixin.py:137} INFO - Amy Ray
[2023-02-02T10:00:08.463+0000] {logging_mixin.py:137} INFO - Aaron Fields
[2023-02-02T10:00:08.471+0000] {logging_mixin.py:137} INFO - Mary Taylor
[2023-02-02T10:00:08.477+0000] {logging_mixin.py:137} INFO - James Morris
[2023-02-02T10:00:08.480+0000] {logging_mixin.py:137} INFO - Darrell Cain
[2023-02-02T10:00:08.491+0000] {logging_mixin.py:137} INFO - Michael Smith
[2023-02-02T10:00:08.503+0000] {logging_mixin.py:137} INFO - Scott Coleman
[2023-02-02T10:00:08.517+0000] {logging_mixin.py:137} INFO - David Fitzpatrick
[2023-02-02T10:00:08.532+0000] {logging_mixin.py:137} INFO - Debra Shepherd
[2023-02-02T10:00:08.536+0000] {logging_mixin.py:137} INFO - Paul Rush
[2023-02-02T10:00:08.569+0000] {logging_mixin.py:137} INFO - Brett Hernandez
[2023-02-02T10:00:08.580+0000] {logging_mixin.py:137} INFO - Sheila Riddle
[2023-02-02T10:00:08.588+0000] {logging_mixin.py:137} INFO - Joan Austin
[2023-02-02T10:00:08.597+0000] {logging_mixin.py:137} INFO - Michael Garcia
[2023-02-02T10:00:08.615+0000] {logging_mixin.py:137} INFO - Natalie Harris
[2023-02-02T10:00:08.627+0000] {logging_mixin.py:137} INFO - Steven Dean
[2023-02-02T10:00:08.629+0000] {logging_mixin.py:137} INFO - John Brown
[2023-02-02T10:00:08.637+0000] {logging_mixin.py:137} INFO - Keith Zimmerman
[2023-02-02T10:00:08.650+0000] {logging_mixin.py:137} INFO - Curtis Byrd
[2023-02-02T10:00:08.657+0000] {logging_mixin.py:137} INFO - Mariah Green
[2023-02-02T10:00:08.660+0000] {logging_mixin.py:137} INFO - Roger Huynh
[2023-02-02T10:00:08.663+0000] {logging_mixin.py:137} INFO - Christopher Zamora
[2023-02-02T10:00:08.676+0000] {logging_mixin.py:137} INFO - Joyce Crawford
[2023-02-02T10:00:08.687+0000] {logging_mixin.py:137} INFO - Angela Smith
[2023-02-02T10:00:08.705+0000] {logging_mixin.py:137} INFO - Veronica Robinson
[2023-02-02T10:00:08.709+0000] {logging_mixin.py:137} INFO - Christopher Bates
[2023-02-02T10:00:08.714+0000] {logging_mixin.py:137} INFO - Steve Stone
[2023-02-02T10:00:08.719+0000] {logging_mixin.py:137} INFO - William Cook
[2023-02-02T10:00:08.720+0000] {logging_mixin.py:137} INFO - Lori Wood
[2023-02-02T10:00:08.729+0000] {logging_mixin.py:137} INFO - Jillian Reynolds
[2023-02-02T10:00:08.732+0000] {logging_mixin.py:137} INFO - Angela Caldwell
[2023-02-02T10:00:08.739+0000] {logging_mixin.py:137} INFO - Shane Campbell
[2023-02-02T10:00:08.742+0000] {logging_mixin.py:137} INFO - Karen Lawrence
[2023-02-02T10:00:08.752+0000] {logging_mixin.py:137} INFO - Kimberly Wood
[2023-02-02T10:00:08.756+0000] {logging_mixin.py:137} INFO - Samantha Lopez
[2023-02-02T10:00:08.760+0000] {logging_mixin.py:137} INFO - Harold Miller
[2023-02-02T10:00:08.762+0000] {logging_mixin.py:137} INFO - Raymond Cooper DVM
[2023-02-02T10:00:08.770+0000] {logging_mixin.py:137} INFO - Kristen Patel
[2023-02-02T10:00:08.775+0000] {logging_mixin.py:137} INFO - Anthony Mejia
[2023-02-02T10:00:08.784+0000] {logging_mixin.py:137} INFO - Raymond Thomas
[2023-02-02T10:00:08.793+0000] {logging_mixin.py:137} INFO - Scott Young
[2023-02-02T10:00:08.801+0000] {logging_mixin.py:137} INFO - David Larson
[2023-02-02T10:00:08.805+0000] {logging_mixin.py:137} INFO - Jon Murray
[2023-02-02T10:00:08.810+0000] {logging_mixin.py:137} INFO - Stephen Taylor
[2023-02-02T10:00:08.814+0000] {logging_mixin.py:137} INFO - Jennifer Hernandez
[2023-02-02T10:00:08.816+0000] {logging_mixin.py:137} INFO - Stacy Smith
[2023-02-02T10:00:08.826+0000] {logging_mixin.py:137} INFO - Juan Owens
[2023-02-02T10:00:08.832+0000] {logging_mixin.py:137} INFO - Brian Adkins
[2023-02-02T10:00:08.845+0000] {logging_mixin.py:137} INFO - Jesse Wells
[2023-02-02T10:00:08.848+0000] {logging_mixin.py:137} INFO - Kyle Matthews
[2023-02-02T10:00:08.853+0000] {logging_mixin.py:137} INFO - Dustin Russell
[2023-02-02T10:00:08.860+0000] {logging_mixin.py:137} INFO - Richard White
[2023-02-02T10:00:08.868+0000] {logging_mixin.py:137} INFO - Brittany Nichols
[2023-02-02T10:00:08.896+0000] {logging_mixin.py:137} INFO - Colton Kelly
[2023-02-02T10:00:08.912+0000] {logging_mixin.py:137} INFO - William Perry
[2023-02-02T10:00:08.915+0000] {logging_mixin.py:137} INFO - Thomas Cummings
[2023-02-02T10:00:08.918+0000] {logging_mixin.py:137} INFO - Timothy Ballard
[2023-02-02T10:00:08.922+0000] {logging_mixin.py:137} INFO - Richard Washington
[2023-02-02T10:00:08.924+0000] {logging_mixin.py:137} INFO - Joshua Lam
[2023-02-02T10:00:08.927+0000] {logging_mixin.py:137} INFO - Grant Jackson
[2023-02-02T10:00:08.932+0000] {logging_mixin.py:137} INFO - Erin Baker
[2023-02-02T10:00:08.934+0000] {logging_mixin.py:137} INFO - Scott Flowers
[2023-02-02T10:00:08.950+0000] {logging_mixin.py:137} INFO - James Adams
[2023-02-02T10:00:08.966+0000] {logging_mixin.py:137} INFO - Heather Alvarado
[2023-02-02T10:00:08.975+0000] {logging_mixin.py:137} INFO - Jennifer Snow
[2023-02-02T10:00:08.980+0000] {logging_mixin.py:137} INFO - Mario Jackson
[2023-02-02T10:00:08.994+0000] {logging_mixin.py:137} INFO - Kevin Collins
[2023-02-02T10:00:09.013+0000] {logging_mixin.py:137} INFO - Danielle Garcia
[2023-02-02T10:00:09.018+0000] {logging_mixin.py:137} INFO - Brenda Jackson
[2023-02-02T10:00:09.022+0000] {logging_mixin.py:137} INFO - Ashley Parker
[2023-02-02T10:00:09.030+0000] {logging_mixin.py:137} INFO - Angela Hickman
[2023-02-02T10:00:09.037+0000] {logging_mixin.py:137} INFO - Carol Rodriguez
[2023-02-02T10:00:09.040+0000] {logging_mixin.py:137} INFO - Vernon Anderson
[2023-02-02T10:00:09.048+0000] {logging_mixin.py:137} INFO - Jesus Church
[2023-02-02T10:00:09.061+0000] {logging_mixin.py:137} INFO - Michelle Medina
[2023-02-02T10:00:09.073+0000] {logging_mixin.py:137} INFO - Nancy Bryant
[2023-02-02T10:00:09.082+0000] {logging_mixin.py:137} INFO - Jennifer Martinez
[2023-02-02T10:00:09.094+0000] {logging_mixin.py:137} INFO - Amy Dougherty
[2023-02-02T10:00:09.113+0000] {logging_mixin.py:137} INFO - Alexis Sanders
[2023-02-02T10:00:09.118+0000] {logging_mixin.py:137} INFO - Austin Salazar
[2023-02-02T10:00:09.126+0000] {logging_mixin.py:137} INFO - Amy Williams
[2023-02-02T10:00:09.131+0000] {logging_mixin.py:137} INFO - Richard Haynes
[2023-02-02T10:00:09.135+0000] {logging_mixin.py:137} INFO - Christine Stark
[2023-02-02T10:00:09.150+0000] {logging_mixin.py:137} INFO - Anita Medina
[2023-02-02T10:00:09.156+0000] {logging_mixin.py:137} INFO - Mr. Thomas Duran
[2023-02-02T10:00:09.175+0000] {logging_mixin.py:137} INFO - Mr. Russell Peterson
[2023-02-02T10:00:09.189+0000] {logging_mixin.py:137} INFO - Jack Richard
[2023-02-02T10:00:09.199+0000] {logging_mixin.py:137} INFO - Michelle Erickson
[2023-02-02T10:00:09.208+0000] {logging_mixin.py:137} INFO - Mitchell Williams
[2023-02-02T10:00:09.211+0000] {logging_mixin.py:137} INFO - Adrian Herrera
[2023-02-02T10:00:09.219+0000] {logging_mixin.py:137} INFO - Michael Brady
[2023-02-02T10:00:09.224+0000] {logging_mixin.py:137} INFO - Jamie Zhang
[2023-02-02T10:00:09.235+0000] {logging_mixin.py:137} INFO - Helen Brennan
[2023-02-02T10:00:09.236+0000] {logging_mixin.py:137} INFO - John Myers
[2023-02-02T10:00:09.242+0000] {logging_mixin.py:137} INFO - Patricia Nash
[2023-02-02T10:00:09.245+0000] {logging_mixin.py:137} INFO - Michael Johnson
[2023-02-02T10:00:09.255+0000] {logging_mixin.py:137} INFO - Anita Berger
[2023-02-02T10:00:09.260+0000] {logging_mixin.py:137} INFO - Jason Guerrero DVM
[2023-02-02T10:00:09.262+0000] {logging_mixin.py:137} INFO - Kimberly Davis
[2023-02-02T10:00:09.264+0000] {logging_mixin.py:137} INFO - Bryan Hansen
[2023-02-02T10:00:09.267+0000] {logging_mixin.py:137} INFO - Rebecca Obrien
[2023-02-02T10:00:09.269+0000] {logging_mixin.py:137} INFO - Sarah Santiago
[2023-02-02T10:00:09.275+0000] {logging_mixin.py:137} INFO - Christine Lane
[2023-02-02T10:00:09.279+0000] {logging_mixin.py:137} INFO - Jerry Lewis
[2023-02-02T10:00:09.282+0000] {logging_mixin.py:137} INFO - Stephanie Miller
[2023-02-02T10:00:09.295+0000] {logging_mixin.py:137} INFO - Kristi Bradley
[2023-02-02T10:00:09.301+0000] {logging_mixin.py:137} INFO - Darren Moore
[2023-02-02T10:00:09.303+0000] {logging_mixin.py:137} INFO - Kristina Cunningham
[2023-02-02T10:00:09.310+0000] {logging_mixin.py:137} INFO - Laurie Moore
[2023-02-02T10:00:09.315+0000] {logging_mixin.py:137} INFO - Aaron Lewis
[2023-02-02T10:00:09.319+0000] {logging_mixin.py:137} INFO - Theresa Vang
[2023-02-02T10:00:09.327+0000] {logging_mixin.py:137} INFO - Chase Reese
[2023-02-02T10:00:09.338+0000] {logging_mixin.py:137} INFO - Matthew Ferguson
[2023-02-02T10:00:09.358+0000] {logging_mixin.py:137} INFO - Victoria Lewis
[2023-02-02T10:00:09.362+0000] {logging_mixin.py:137} INFO - Jon Scott
[2023-02-02T10:00:09.370+0000] {logging_mixin.py:137} INFO - Lisa Campbell
[2023-02-02T10:00:09.375+0000] {logging_mixin.py:137} INFO - David Ramirez
[2023-02-02T10:00:09.379+0000] {logging_mixin.py:137} INFO - Gabriel Rosario
[2023-02-02T10:00:09.382+0000] {logging_mixin.py:137} INFO - Kristi Johnson
[2023-02-02T10:00:09.384+0000] {logging_mixin.py:137} INFO - Jennifer Schwartz
[2023-02-02T10:00:09.386+0000] {logging_mixin.py:137} INFO - Daniel Norton
[2023-02-02T10:00:09.395+0000] {logging_mixin.py:137} INFO - Richard Montoya
[2023-02-02T10:00:09.403+0000] {logging_mixin.py:137} INFO - Daniel Norris
[2023-02-02T10:00:09.407+0000] {logging_mixin.py:137} INFO - Chad Taylor
[2023-02-02T10:00:09.415+0000] {logging_mixin.py:137} INFO - Angie Allen
[2023-02-02T10:00:09.418+0000] {logging_mixin.py:137} INFO - Michael Brooks
[2023-02-02T10:00:09.423+0000] {logging_mixin.py:137} INFO - Hannah Poole
[2023-02-02T10:00:09.428+0000] {logging_mixin.py:137} INFO - Caitlin Ray
[2023-02-02T10:00:09.431+0000] {logging_mixin.py:137} INFO - Mr. Steven Gardner
[2023-02-02T10:00:09.434+0000] {logging_mixin.py:137} INFO - Jennifer Macdonald
[2023-02-02T10:00:09.440+0000] {logging_mixin.py:137} INFO - Vanessa Small
[2023-02-02T10:00:09.447+0000] {logging_mixin.py:137} INFO - Dennis Gray
[2023-02-02T10:00:09.452+0000] {logging_mixin.py:137} INFO - Sandra Kirk
[2023-02-02T10:00:09.455+0000] {logging_mixin.py:137} INFO - Jason Wagner
[2023-02-02T10:00:09.459+0000] {logging_mixin.py:137} INFO - David Owen
[2023-02-02T10:00:09.466+0000] {logging_mixin.py:137} INFO - Rose Terrell
[2023-02-02T10:00:09.470+0000] {logging_mixin.py:137} INFO - James Green MD
[2023-02-02T10:00:09.473+0000] {logging_mixin.py:137} INFO - Tammy Patel
[2023-02-02T10:00:09.475+0000] {logging_mixin.py:137} INFO - Joseph Lucero
[2023-02-02T10:00:09.478+0000] {logging_mixin.py:137} INFO - Stephanie Rojas
[2023-02-02T10:00:09.482+0000] {logging_mixin.py:137} INFO - Brittany Johnson
[2023-02-02T10:00:09.486+0000] {logging_mixin.py:137} INFO - Christina Cummings
[2023-02-02T10:00:09.490+0000] {logging_mixin.py:137} INFO - Eric Downs
[2023-02-02T10:00:09.502+0000] {logging_mixin.py:137} INFO - Paul Finley
[2023-02-02T10:00:09.504+0000] {logging_mixin.py:137} INFO - Danielle Jackson
[2023-02-02T10:00:09.509+0000] {logging_mixin.py:137} INFO - Anna Johnston
[2023-02-02T10:00:09.519+0000] {logging_mixin.py:137} INFO - Ashlee Hodges
[2023-02-02T10:00:09.523+0000] {logging_mixin.py:137} INFO - Thomas Francis
[2023-02-02T10:00:09.528+0000] {logging_mixin.py:137} INFO - Cody Baird
[2023-02-02T10:00:09.532+0000] {logging_mixin.py:137} INFO - Jeffrey Walter
[2023-02-02T10:00:09.540+0000] {logging_mixin.py:137} INFO - Hannah West
[2023-02-02T10:00:09.556+0000] {logging_mixin.py:137} INFO - Anthony Byrd
[2023-02-02T10:00:09.565+0000] {logging_mixin.py:137} INFO - Julie Ramirez
[2023-02-02T10:00:09.568+0000] {logging_mixin.py:137} INFO - Seth Peters
[2023-02-02T10:00:09.579+0000] {logging_mixin.py:137} INFO - Keith Salas
[2023-02-02T10:00:09.591+0000] {logging_mixin.py:137} INFO - Kathryn Evans
[2023-02-02T10:00:09.606+0000] {logging_mixin.py:137} INFO - Dr. Maria Scott
[2023-02-02T10:00:09.610+0000] {logging_mixin.py:137} INFO - Brenda Thomas
[2023-02-02T10:00:09.619+0000] {logging_mixin.py:137} INFO - Travis Douglas
[2023-02-02T10:00:09.632+0000] {logging_mixin.py:137} INFO - Kurt Santos
[2023-02-02T10:00:09.640+0000] {logging_mixin.py:137} INFO - Sean Parrish
[2023-02-02T10:00:09.644+0000] {logging_mixin.py:137} INFO - Brittany Walls
[2023-02-02T10:00:09.652+0000] {logging_mixin.py:137} INFO - Gail Brooks
[2023-02-02T10:00:09.659+0000] {logging_mixin.py:137} INFO - Valerie Johnson
[2023-02-02T10:00:09.665+0000] {logging_mixin.py:137} INFO - Jessica Dunn
[2023-02-02T10:00:09.678+0000] {logging_mixin.py:137} INFO - Chad Robinson
[2023-02-02T10:00:09.685+0000] {logging_mixin.py:137} INFO - Catherine Combs
[2023-02-02T10:00:09.692+0000] {logging_mixin.py:137} INFO - Joshua Boyd
[2023-02-02T10:00:09.704+0000] {logging_mixin.py:137} INFO - Alicia Barnett DVM
[2023-02-02T10:00:09.713+0000] {logging_mixin.py:137} INFO - Kevin Cervantes
[2023-02-02T10:00:09.716+0000] {logging_mixin.py:137} INFO - Larry Lester
[2023-02-02T10:00:09.721+0000] {logging_mixin.py:137} INFO - Deanna Espinoza
[2023-02-02T10:00:09.727+0000] {logging_mixin.py:137} INFO - Marilyn Davis
[2023-02-02T10:00:09.741+0000] {logging_mixin.py:137} INFO - Michael Weeks
[2023-02-02T10:00:09.755+0000] {logging_mixin.py:137} INFO - Brandon Stanton
[2023-02-02T10:00:09.760+0000] {logging_mixin.py:137} INFO - Ryan Boyer Jr.
[2023-02-02T10:00:09.772+0000] {logging_mixin.py:137} INFO - Amanda Elliott
[2023-02-02T10:00:09.783+0000] {logging_mixin.py:137} INFO - David Moore
[2023-02-02T10:00:09.790+0000] {logging_mixin.py:137} INFO - Andre Williams
[2023-02-02T10:00:09.804+0000] {logging_mixin.py:137} INFO - Jennifer Garcia
[2023-02-02T10:00:09.809+0000] {logging_mixin.py:137} INFO - Tracey Cook
[2023-02-02T10:00:09.821+0000] {logging_mixin.py:137} INFO - Michael Turner
[2023-02-02T10:00:09.828+0000] {logging_mixin.py:137} INFO - Diana Long
[2023-02-02T10:00:09.838+0000] {logging_mixin.py:137} INFO - John Bradley
[2023-02-02T10:00:09.850+0000] {logging_mixin.py:137} INFO - Ann Benjamin
[2023-02-02T10:00:09.855+0000] {logging_mixin.py:137} INFO - Shane House
[2023-02-02T10:00:09.858+0000] {logging_mixin.py:137} INFO - Erin Lee
[2023-02-02T10:00:09.863+0000] {logging_mixin.py:137} INFO - Joseph Gray
[2023-02-02T10:00:09.872+0000] {logging_mixin.py:137} INFO - Betty Gibson
[2023-02-02T10:00:09.875+0000] {logging_mixin.py:137} INFO - Kristen Graham
[2023-02-02T10:00:09.879+0000] {logging_mixin.py:137} INFO - Daniel Meza
[2023-02-02T10:00:09.882+0000] {logging_mixin.py:137} INFO - Sherri Carpenter
[2023-02-02T10:00:09.890+0000] {logging_mixin.py:137} INFO - Andrea Sanchez
[2023-02-02T10:00:09.916+0000] {logging_mixin.py:137} INFO - Jordan Rios
[2023-02-02T10:00:09.924+0000] {logging_mixin.py:137} INFO - Elizabeth Jackson
[2023-02-02T10:00:09.929+0000] {logging_mixin.py:137} INFO - Elizabeth Myers
[2023-02-02T10:00:09.944+0000] {logging_mixin.py:137} INFO - Juan Barnes
[2023-02-02T10:00:09.952+0000] {logging_mixin.py:137} INFO - Christopher Lozano
[2023-02-02T10:00:09.956+0000] {logging_mixin.py:137} INFO - Jacqueline Griffin
[2023-02-02T10:00:09.957+0000] {logging_mixin.py:137} INFO - Ryan Mason
[2023-02-02T10:00:09.959+0000] {logging_mixin.py:137} INFO - Jonathan Moore
[2023-02-02T10:00:09.962+0000] {logging_mixin.py:137} INFO - Abigail Landry
[2023-02-02T10:00:09.965+0000] {logging_mixin.py:137} INFO - Brenda Hernandez
[2023-02-02T10:00:09.988+0000] {logging_mixin.py:137} INFO - Zachary Pitts
[2023-02-02T10:00:09.992+0000] {logging_mixin.py:137} INFO - Amanda Rogers
[2023-02-02T10:00:10.014+0000] {logging_mixin.py:137} INFO - Cynthia Gray
[2023-02-02T10:00:10.020+0000] {logging_mixin.py:137} INFO - Tyler Barajas
[2023-02-02T10:00:10.043+0000] {logging_mixin.py:137} INFO - Michelle Leon
[2023-02-02T10:00:10.049+0000] {logging_mixin.py:137} INFO - Kathy Lang
[2023-02-02T10:00:10.058+0000] {logging_mixin.py:137} INFO - Scott Townsend MD
[2023-02-02T10:00:10.091+0000] {logging_mixin.py:137} INFO - Theresa Acosta
[2023-02-02T10:00:10.096+0000] {logging_mixin.py:137} INFO - David Jones
[2023-02-02T10:00:10.106+0000] {logging_mixin.py:137} INFO - Jeremy Robinson
[2023-02-02T10:00:10.107+0000] {logging_mixin.py:137} INFO - James Newton
[2023-02-02T10:00:10.113+0000] {logging_mixin.py:137} INFO - Tracey Wells
[2023-02-02T10:00:10.121+0000] {logging_mixin.py:137} INFO - Maria Nelson
[2023-02-02T10:00:10.129+0000] {logging_mixin.py:137} INFO - Christopher Griffith
[2023-02-02T10:00:10.141+0000] {logging_mixin.py:137} INFO - Zachary Griffin
[2023-02-02T10:00:10.144+0000] {logging_mixin.py:137} INFO - Amy Nguyen
[2023-02-02T10:00:10.147+0000] {logging_mixin.py:137} INFO - April Williams
[2023-02-02T10:00:10.149+0000] {logging_mixin.py:137} INFO - Marissa Kelly
[2023-02-02T10:00:10.164+0000] {logging_mixin.py:137} INFO - Brian Lopez PhD
[2023-02-02T10:00:10.174+0000] {logging_mixin.py:137} INFO - William Williams
[2023-02-02T10:00:10.189+0000] {logging_mixin.py:137} INFO - Norman Brown
[2023-02-02T10:00:10.192+0000] {logging_mixin.py:137} INFO - Charles Fuentes
[2023-02-02T10:00:10.201+0000] {logging_mixin.py:137} INFO - Anthony Chang
[2023-02-02T10:00:10.214+0000] {logging_mixin.py:137} INFO - Mary Bell
[2023-02-02T10:00:10.222+0000] {logging_mixin.py:137} INFO - Elizabeth Stuart
[2023-02-02T10:00:10.227+0000] {logging_mixin.py:137} INFO - Mary Mcdonald
[2023-02-02T10:00:10.245+0000] {logging_mixin.py:137} INFO - Martin Harrison
[2023-02-02T10:00:10.248+0000] {logging_mixin.py:137} INFO - Stephanie Fernandez
[2023-02-02T10:00:10.262+0000] {logging_mixin.py:137} INFO - Christopher Brown
[2023-02-02T10:00:10.268+0000] {logging_mixin.py:137} INFO - Alexander Stephenson
[2023-02-02T10:00:10.283+0000] {logging_mixin.py:137} INFO - Grace Diaz
[2023-02-02T10:00:10.288+0000] {logging_mixin.py:137} INFO - Frank Bartlett
[2023-02-02T10:00:10.293+0000] {logging_mixin.py:137} INFO - Audrey Andersen
[2023-02-02T10:00:10.300+0000] {logging_mixin.py:137} INFO - David Green
[2023-02-02T10:00:10.308+0000] {logging_mixin.py:137} INFO - Joshua Diaz Jr.
[2023-02-02T10:00:10.315+0000] {logging_mixin.py:137} INFO - Emily Garcia
[2023-02-02T10:00:10.319+0000] {logging_mixin.py:137} INFO - Devin Hall
[2023-02-02T10:00:10.329+0000] {logging_mixin.py:137} INFO - Phillip Garner
[2023-02-02T10:00:10.336+0000] {logging_mixin.py:137} INFO - Katherine Estrada
[2023-02-02T10:00:10.338+0000] {logging_mixin.py:137} INFO - Corey Saunders
[2023-02-02T10:00:10.340+0000] {logging_mixin.py:137} INFO - Kimberly Collins
[2023-02-02T10:00:10.348+0000] {logging_mixin.py:137} INFO - Amy Elliott
[2023-02-02T10:00:10.352+0000] {logging_mixin.py:137} INFO - Tanya Jones
[2023-02-02T10:00:10.357+0000] {logging_mixin.py:137} INFO - Patricia Gonzalez
[2023-02-02T10:00:10.359+0000] {logging_mixin.py:137} INFO - Jennifer Hill
[2023-02-02T10:00:10.362+0000] {logging_mixin.py:137} INFO - John Haynes
[2023-02-02T10:00:10.369+0000] {logging_mixin.py:137} INFO - Jacob Henry
[2023-02-02T10:00:10.372+0000] {logging_mixin.py:137} INFO - Daniel Clark
[2023-02-02T10:00:10.377+0000] {logging_mixin.py:137} INFO - Jonathon Taylor
[2023-02-02T10:00:10.384+0000] {logging_mixin.py:137} INFO - Jesse Evans
[2023-02-02T10:00:10.390+0000] {logging_mixin.py:137} INFO - James Martinez
[2023-02-02T10:00:10.393+0000] {logging_mixin.py:137} INFO - Kyle Reyes
[2023-02-02T10:00:10.399+0000] {logging_mixin.py:137} INFO - Terrence Barker
[2023-02-02T10:00:10.409+0000] {logging_mixin.py:137} INFO - Anthony Washington
[2023-02-02T10:00:10.413+0000] {logging_mixin.py:137} INFO - Dustin Le
[2023-02-02T10:00:10.421+0000] {logging_mixin.py:137} INFO - Bruce Clark
[2023-02-02T10:00:10.425+0000] {logging_mixin.py:137} INFO - Keith Anthony
[2023-02-02T10:00:10.430+0000] {logging_mixin.py:137} INFO - Jeremiah Stone
[2023-02-02T10:00:10.436+0000] {logging_mixin.py:137} INFO - Michael Haley
[2023-02-02T10:00:10.442+0000] {logging_mixin.py:137} INFO - Regina Carrillo
[2023-02-02T10:00:10.449+0000] {logging_mixin.py:137} INFO - Jacob Lee
[2023-02-02T10:00:10.453+0000] {logging_mixin.py:137} INFO - Thomas Gonzalez
[2023-02-02T10:00:10.460+0000] {logging_mixin.py:137} INFO - Mark Lawrence
[2023-02-02T10:00:10.464+0000] {logging_mixin.py:137} INFO - Matthew Anderson
[2023-02-02T10:00:10.473+0000] {logging_mixin.py:137} INFO - Nicholas Young
[2023-02-02T10:00:10.479+0000] {logging_mixin.py:137} INFO - Melvin Martinez
[2023-02-02T10:00:10.487+0000] {logging_mixin.py:137} INFO - Scott Green
[2023-02-02T10:00:10.494+0000] {logging_mixin.py:137} INFO - Dana Richards
[2023-02-02T10:00:10.500+0000] {logging_mixin.py:137} INFO - Lauren Moore
[2023-02-02T10:00:10.508+0000] {logging_mixin.py:137} INFO - Terry Campbell
[2023-02-02T10:00:10.511+0000] {logging_mixin.py:137} INFO - Ralph Jordan
[2023-02-02T10:00:10.515+0000] {logging_mixin.py:137} INFO - Noah Reyes
[2023-02-02T10:00:10.520+0000] {logging_mixin.py:137} INFO - Mr. Gregory Mills MD
[2023-02-02T10:00:10.525+0000] {logging_mixin.py:137} INFO - Michelle Yates
[2023-02-02T10:00:10.529+0000] {logging_mixin.py:137} INFO - Robin Reyes
[2023-02-02T10:00:10.538+0000] {logging_mixin.py:137} INFO - Rebecca Smith
[2023-02-02T10:00:10.542+0000] {logging_mixin.py:137} INFO - Nicole Torres
[2023-02-02T10:00:10.550+0000] {logging_mixin.py:137} INFO - Ronald Jones
[2023-02-02T10:00:10.552+0000] {logging_mixin.py:137} INFO - Michael Castaneda
[2023-02-02T10:00:10.556+0000] {logging_mixin.py:137} INFO - Christopher Krueger
[2023-02-02T10:00:10.561+0000] {logging_mixin.py:137} INFO - Jennifer Werner
[2023-02-02T10:00:10.568+0000] {logging_mixin.py:137} INFO - Ashley Smith
[2023-02-02T10:00:10.572+0000] {logging_mixin.py:137} INFO - Alyssa Fields
[2023-02-02T10:00:10.577+0000] {logging_mixin.py:137} INFO - John Scott
[2023-02-02T10:00:10.585+0000] {logging_mixin.py:137} INFO - Debra Delacruz
[2023-02-02T10:00:10.589+0000] {logging_mixin.py:137} INFO - James Madden
[2023-02-02T10:00:10.592+0000] {logging_mixin.py:137} INFO - Joseph Gentry
[2023-02-02T10:00:10.599+0000] {logging_mixin.py:137} INFO - Ashley Cabrera
[2023-02-02T10:00:10.604+0000] {logging_mixin.py:137} INFO - Jennifer Fernandez
[2023-02-02T10:00:10.612+0000] {logging_mixin.py:137} INFO - James Harris
[2023-02-02T10:00:10.615+0000] {logging_mixin.py:137} INFO - Candice Young
[2023-02-02T10:00:10.628+0000] {logging_mixin.py:137} INFO - Lisa Baker
[2023-02-02T10:00:10.637+0000] {logging_mixin.py:137} INFO - Brian Mills DDS
[2023-02-02T10:00:10.644+0000] {logging_mixin.py:137} INFO - Kristin Smith
[2023-02-02T10:00:10.649+0000] {logging_mixin.py:137} INFO - Jacob Collins
[2023-02-02T10:00:10.654+0000] {logging_mixin.py:137} INFO - Kimberly Harris
[2023-02-02T10:00:10.657+0000] {logging_mixin.py:137} INFO - Michael Hull
[2023-02-02T10:00:10.668+0000] {logging_mixin.py:137} INFO - Caitlin Todd
[2023-02-02T10:00:10.674+0000] {logging_mixin.py:137} INFO - Lisa Harris
[2023-02-02T10:00:10.677+0000] {logging_mixin.py:137} INFO - Mrs. Ann Stone
[2023-02-02T10:00:10.680+0000] {logging_mixin.py:137} INFO - Michelle Case
[2023-02-02T10:00:10.685+0000] {logging_mixin.py:137} INFO - Joe Lowe
[2023-02-02T10:00:10.687+0000] {logging_mixin.py:137} INFO - Randall Dunn
[2023-02-02T10:00:10.689+0000] {logging_mixin.py:137} INFO - Paula Vargas
[2023-02-02T10:00:10.694+0000] {logging_mixin.py:137} INFO - Daniel Walker
[2023-02-02T10:00:10.697+0000] {logging_mixin.py:137} INFO - James Jackson
[2023-02-02T10:00:10.703+0000] {logging_mixin.py:137} INFO - Shirley Woodard
[2023-02-02T10:00:10.718+0000] {logging_mixin.py:137} INFO - James Hayes
[2023-02-02T10:00:10.724+0000] {logging_mixin.py:137} INFO - Megan Austin
[2023-02-02T10:00:10.733+0000] {logging_mixin.py:137} INFO - Erin Robertson
[2023-02-02T10:00:10.748+0000] {logging_mixin.py:137} INFO - Robert Phillips
[2023-02-02T10:00:10.751+0000] {logging_mixin.py:137} INFO - Amy Torres
[2023-02-02T10:00:10.755+0000] {logging_mixin.py:137} INFO - Joshua Cox
[2023-02-02T10:00:10.763+0000] {logging_mixin.py:137} INFO - Duane Grimes
[2023-02-02T10:00:10.769+0000] {logging_mixin.py:137} INFO - Jennifer Burgess
[2023-02-02T10:00:10.780+0000] {logging_mixin.py:137} INFO - Carlos Duran
[2023-02-02T10:00:10.787+0000] {logging_mixin.py:137} INFO - Jason Johnson
[2023-02-02T10:00:10.802+0000] {logging_mixin.py:137} INFO - Cameron Greer
[2023-02-02T10:00:10.808+0000] {logging_mixin.py:137} INFO - Randall Williams
[2023-02-02T10:00:10.811+0000] {logging_mixin.py:137} INFO - Jessica Harris
[2023-02-02T10:00:10.825+0000] {logging_mixin.py:137} INFO - Joshua Rogers
[2023-02-02T10:00:10.827+0000] {logging_mixin.py:137} INFO - Jose Mahoney
[2023-02-02T10:00:10.833+0000] {logging_mixin.py:137} INFO - Brandy Fuentes
[2023-02-02T10:00:10.838+0000] {logging_mixin.py:137} INFO - Angelica Matthews
[2023-02-02T10:00:10.844+0000] {logging_mixin.py:137} INFO - Glenn Caldwell
[2023-02-02T10:00:10.846+0000] {logging_mixin.py:137} INFO - Cristian Delacruz
[2023-02-02T10:00:10.851+0000] {logging_mixin.py:137} INFO - Alexandra Price
[2023-02-02T10:00:10.856+0000] {logging_mixin.py:137} INFO - Heather Wilson
[2023-02-02T10:00:10.858+0000] {logging_mixin.py:137} INFO - Shawn Thompson
[2023-02-02T10:00:10.860+0000] {logging_mixin.py:137} INFO - Anna Daniel
[2023-02-02T10:00:10.864+0000] {logging_mixin.py:137} INFO - Joseph Cisneros
[2023-02-02T10:00:10.869+0000] {logging_mixin.py:137} INFO - Rebecca Estes
[2023-02-02T10:00:10.875+0000] {logging_mixin.py:137} INFO - Jeremy Porter
[2023-02-02T10:00:10.878+0000] {logging_mixin.py:137} INFO - Lisa Mann
[2023-02-02T10:00:10.885+0000] {logging_mixin.py:137} INFO - Michael Woods
[2023-02-02T10:00:10.891+0000] {logging_mixin.py:137} INFO - Madison Thompson
[2023-02-02T10:00:10.916+0000] {logging_mixin.py:137} INFO - Nancy Gomez
[2023-02-02T10:00:10.931+0000] {logging_mixin.py:137} INFO - Julie Blanchard
[2023-02-02T10:00:10.935+0000] {logging_mixin.py:137} INFO - Michael Smith
[2023-02-02T10:00:10.940+0000] {logging_mixin.py:137} INFO - Angel Huber
[2023-02-02T10:00:10.960+0000] {logging_mixin.py:137} INFO - Michael Coffey
[2023-02-02T10:00:10.962+0000] {logging_mixin.py:137} INFO - Patrick Walter
[2023-02-02T10:00:10.963+0000] {logging_mixin.py:137} INFO - Curtis Davis
[2023-02-02T10:00:10.967+0000] {logging_mixin.py:137} INFO - Kyle Stewart
[2023-02-02T10:00:10.969+0000] {logging_mixin.py:137} INFO - Angela Jimenez
[2023-02-02T10:00:10.975+0000] {logging_mixin.py:137} INFO - Andrew Martinez
[2023-02-02T10:00:10.978+0000] {logging_mixin.py:137} INFO - Angela West
[2023-02-02T10:00:10.994+0000] {logging_mixin.py:137} INFO - Ryan Young
[2023-02-02T10:00:11.003+0000] {logging_mixin.py:137} INFO - Nathaniel Evans
[2023-02-02T10:00:11.017+0000] {logging_mixin.py:137} INFO - Dawn Bryant
[2023-02-02T10:00:11.019+0000] {logging_mixin.py:137} INFO - Danielle Lewis
[2023-02-02T10:00:11.021+0000] {logging_mixin.py:137} INFO - Matthew Newman
[2023-02-02T10:00:11.023+0000] {logging_mixin.py:137} INFO - Robert Smith
[2023-02-02T10:00:11.037+0000] {logging_mixin.py:137} INFO - Melissa Hicks
[2023-02-02T10:00:11.049+0000] {logging_mixin.py:137} INFO - Emily Lambert
[2023-02-02T10:00:11.053+0000] {logging_mixin.py:137} INFO - Krystal Wolfe
[2023-02-02T10:00:11.056+0000] {logging_mixin.py:137} INFO - Donna Murillo
[2023-02-02T10:00:11.060+0000] {logging_mixin.py:137} INFO - Carl Hudson
[2023-02-02T10:00:11.072+0000] {logging_mixin.py:137} INFO - Robert Wilson
[2023-02-02T10:00:11.079+0000] {logging_mixin.py:137} INFO - Patrick Mathis
[2023-02-02T10:00:11.084+0000] {logging_mixin.py:137} INFO - Michael Suarez
[2023-02-02T10:00:11.090+0000] {logging_mixin.py:137} INFO - David Johnson
[2023-02-02T10:00:11.097+0000] {logging_mixin.py:137} INFO - William Thompson
[2023-02-02T10:00:11.100+0000] {logging_mixin.py:137} INFO - Jessica Hansen DVM
[2023-02-02T10:00:11.107+0000] {logging_mixin.py:137} INFO - Katherine Friedman
[2023-02-02T10:00:11.111+0000] {logging_mixin.py:137} INFO - Jillian Johnson
[2023-02-02T10:00:11.117+0000] {logging_mixin.py:137} INFO - Robert Mckee
[2023-02-02T10:00:11.126+0000] {logging_mixin.py:137} INFO - Rachel Little
[2023-02-02T10:00:11.128+0000] {logging_mixin.py:137} INFO - Patricia Smith
[2023-02-02T10:00:11.131+0000] {logging_mixin.py:137} INFO - Heidi Martinez
[2023-02-02T10:00:11.139+0000] {logging_mixin.py:137} INFO - Caitlin Solomon
[2023-02-02T10:00:11.148+0000] {logging_mixin.py:137} INFO - Dr. Olivia Pugh
[2023-02-02T10:00:11.151+0000] {logging_mixin.py:137} INFO - John Steele DDS
[2023-02-02T10:00:11.153+0000] {logging_mixin.py:137} INFO - Jeremy Mathews
[2023-02-02T10:00:11.158+0000] {logging_mixin.py:137} INFO - Tiffany Hill
[2023-02-02T10:00:11.170+0000] {logging_mixin.py:137} INFO - Steven Edwards
[2023-02-02T10:00:11.186+0000] {logging_mixin.py:137} INFO - Charles Campbell
[2023-02-02T10:00:11.195+0000] {logging_mixin.py:137} INFO - Brett Hughes
[2023-02-02T10:00:11.204+0000] {logging_mixin.py:137} INFO - Christina Villegas
[2023-02-02T10:00:11.217+0000] {logging_mixin.py:137} INFO - Anthony Garcia
[2023-02-02T10:00:11.222+0000] {logging_mixin.py:137} INFO - Nathan Murphy
[2023-02-02T10:00:11.229+0000] {logging_mixin.py:137} INFO - Steven Dodson
[2023-02-02T10:00:11.238+0000] {logging_mixin.py:137} INFO - Brian Sullivan
[2023-02-02T10:00:11.241+0000] {logging_mixin.py:137} INFO - Renee White
[2023-02-02T10:00:11.242+0000] {logging_mixin.py:137} INFO - Laura Rowland
[2023-02-02T10:00:11.248+0000] {logging_mixin.py:137} INFO - John Moore
[2023-02-02T10:00:11.252+0000] {logging_mixin.py:137} INFO - Sophia Mckenzie
[2023-02-02T10:00:11.260+0000] {logging_mixin.py:137} INFO - David Roach
[2023-02-02T10:00:11.270+0000] {logging_mixin.py:137} INFO - Jennifer Patterson
[2023-02-02T10:00:11.277+0000] {logging_mixin.py:137} INFO - James Richards
[2023-02-02T10:00:11.279+0000] {logging_mixin.py:137} INFO - Mary Johnston
[2023-02-02T10:00:11.283+0000] {logging_mixin.py:137} INFO - Brandon Mcdaniel
[2023-02-02T10:00:11.287+0000] {logging_mixin.py:137} INFO - Meghan Stevenson
[2023-02-02T10:00:11.291+0000] {logging_mixin.py:137} INFO - Luis Hayes
[2023-02-02T10:00:11.296+0000] {logging_mixin.py:137} INFO - Alejandra Sloan
[2023-02-02T10:00:11.308+0000] {logging_mixin.py:137} INFO - Dr. Sandra Miller
[2023-02-02T10:00:11.331+0000] {logging_mixin.py:137} INFO - Dustin Bond
[2023-02-02T10:00:11.343+0000] {logging_mixin.py:137} INFO - Julia Patrick MD
[2023-02-02T10:00:11.347+0000] {logging_mixin.py:137} INFO - Jill Campbell
[2023-02-02T10:00:11.365+0000] {logging_mixin.py:137} INFO - Mark Ford
[2023-02-02T10:00:11.388+0000] {logging_mixin.py:137} INFO - Brian Long
[2023-02-02T10:00:11.407+0000] {logging_mixin.py:137} INFO - Lisa Peterson
[2023-02-02T10:00:11.414+0000] {logging_mixin.py:137} INFO - Matthew Lee
[2023-02-02T10:00:11.418+0000] {logging_mixin.py:137} INFO - Bradley Miller
[2023-02-02T10:00:11.420+0000] {logging_mixin.py:137} INFO - Jeffrey Moss
[2023-02-02T10:00:11.426+0000] {logging_mixin.py:137} INFO - Sara Carlson
[2023-02-02T10:00:11.431+0000] {logging_mixin.py:137} INFO - Daniel Rodriguez
[2023-02-02T10:00:11.434+0000] {logging_mixin.py:137} INFO - Jeremy David
[2023-02-02T10:00:11.440+0000] {logging_mixin.py:137} INFO - Eric Green
[2023-02-02T10:00:11.448+0000] {logging_mixin.py:137} INFO - Alexis Jones
[2023-02-02T10:00:11.450+0000] {logging_mixin.py:137} INFO - Matthew Rose
[2023-02-02T10:00:11.453+0000] {logging_mixin.py:137} INFO - Catherine Anderson
[2023-02-02T10:00:11.457+0000] {logging_mixin.py:137} INFO - Holly Burton
[2023-02-02T10:00:11.464+0000] {logging_mixin.py:137} INFO - David Matthews
[2023-02-02T10:00:11.469+0000] {logging_mixin.py:137} INFO - Mrs. Kara Little
[2023-02-02T10:00:11.478+0000] {logging_mixin.py:137} INFO - Jeffrey Stanley
[2023-02-02T10:00:11.480+0000] {logging_mixin.py:137} INFO - James Ochoa
[2023-02-02T10:00:11.485+0000] {logging_mixin.py:137} INFO - Jason Frye
[2023-02-02T10:00:11.490+0000] {logging_mixin.py:137} INFO - Christopher Ellis
[2023-02-02T10:00:11.495+0000] {logging_mixin.py:137} INFO - Michelle Nixon
[2023-02-02T10:00:11.510+0000] {logging_mixin.py:137} INFO - Andrew Gill
[2023-02-02T10:00:11.513+0000] {logging_mixin.py:137} INFO - Jennifer Wilson
[2023-02-02T10:00:11.527+0000] {logging_mixin.py:137} INFO - Shawn Black
[2023-02-02T10:00:11.537+0000] {logging_mixin.py:137} INFO - April Patterson
[2023-02-02T10:00:11.543+0000] {logging_mixin.py:137} INFO - Troy Vaughn
[2023-02-02T10:00:11.550+0000] {logging_mixin.py:137} INFO - Alexandria White
[2023-02-02T10:00:11.570+0000] {logging_mixin.py:137} INFO - Scott Phillips
[2023-02-02T10:00:11.576+0000] {logging_mixin.py:137} INFO - Zachary Cisneros
[2023-02-02T10:00:11.582+0000] {logging_mixin.py:137} INFO - Deborah Brown
[2023-02-02T10:00:11.592+0000] {logging_mixin.py:137} INFO - Monica Moses
[2023-02-02T10:00:11.596+0000] {logging_mixin.py:137} INFO - Brenda Reyes
[2023-02-02T10:00:11.608+0000] {logging_mixin.py:137} INFO - Miss Renee Allen
[2023-02-02T10:00:11.612+0000] {logging_mixin.py:137} INFO - Susan Clark
[2023-02-02T10:00:11.623+0000] {logging_mixin.py:137} INFO - Brandy Coffey
[2023-02-02T10:00:11.651+0000] {logging_mixin.py:137} INFO - Brett Nelson
[2023-02-02T10:00:11.657+0000] {logging_mixin.py:137} INFO - Ricardo Young
[2023-02-02T10:00:11.667+0000] {logging_mixin.py:137} INFO - Paul Lee
[2023-02-02T10:00:11.692+0000] {logging_mixin.py:137} INFO - David Allen
[2023-02-02T10:00:11.695+0000] {logging_mixin.py:137} INFO - Andrea Knight
[2023-02-02T10:00:11.700+0000] {logging_mixin.py:137} INFO - James Gomez
[2023-02-02T10:00:11.716+0000] {logging_mixin.py:137} INFO - Melody Gibson
[2023-02-02T10:00:11.718+0000] {logging_mixin.py:137} INFO - Christina Martinez
[2023-02-02T10:00:11.731+0000] {logging_mixin.py:137} INFO - Shelby Smith
[2023-02-02T10:00:11.742+0000] {logging_mixin.py:137} INFO - Jason Howard
[2023-02-02T10:00:11.745+0000] {logging_mixin.py:137} INFO - Amy Davidson
[2023-02-02T10:00:11.748+0000] {logging_mixin.py:137} INFO - Kyle Copeland
[2023-02-02T10:00:11.752+0000] {logging_mixin.py:137} INFO - Madeline Davis
[2023-02-02T10:00:11.764+0000] {logging_mixin.py:137} INFO - Aaron Young
[2023-02-02T10:00:11.776+0000] {logging_mixin.py:137} INFO - Lisa Barrett
[2023-02-02T10:00:11.804+0000] {logging_mixin.py:137} INFO - Joel Jones
[2023-02-02T10:00:11.809+0000] {logging_mixin.py:137} INFO - Christine Evans
[2023-02-02T10:00:11.827+0000] {logging_mixin.py:137} INFO - Kimberly Johnson
[2023-02-02T10:00:11.837+0000] {logging_mixin.py:137} INFO - Charles Hess
[2023-02-02T10:00:11.850+0000] {logging_mixin.py:137} INFO - Paul Dixon
[2023-02-02T10:00:11.875+0000] {logging_mixin.py:137} INFO - Christopher Johnson
[2023-02-02T10:00:11.894+0000] {logging_mixin.py:137} INFO - Robert Dawson
[2023-02-02T10:00:11.917+0000] {logging_mixin.py:137} INFO - Ryan Dixon
[2023-02-02T10:00:11.925+0000] {logging_mixin.py:137} INFO - Julie Martinez
[2023-02-02T10:00:11.932+0000] {logging_mixin.py:137} INFO - David Adams
[2023-02-02T10:00:11.938+0000] {logging_mixin.py:137} INFO - Mariah Brown
[2023-02-02T10:00:11.948+0000] {logging_mixin.py:137} INFO - Deborah Malone
[2023-02-02T10:00:11.960+0000] {logging_mixin.py:137} INFO - John Brown
[2023-02-02T10:00:11.979+0000] {logging_mixin.py:137} INFO - Maria Stewart
[2023-02-02T10:00:11.987+0000] {logging_mixin.py:137} INFO - Mr. Bryan Hawkins
[2023-02-02T10:00:12.002+0000] {logging_mixin.py:137} INFO - Kyle Brooks
[2023-02-02T10:00:12.021+0000] {logging_mixin.py:137} INFO - Kenneth White
[2023-02-02T10:00:12.027+0000] {logging_mixin.py:137} INFO - Patricia Wilson
[2023-02-02T10:00:12.031+0000] {logging_mixin.py:137} INFO - Paul Soto
[2023-02-02T10:00:12.043+0000] {logging_mixin.py:137} INFO - Janice Garrett
[2023-02-02T10:00:12.055+0000] {logging_mixin.py:137} INFO - Randy Strickland
[2023-02-02T10:00:12.062+0000] {logging_mixin.py:137} INFO - Felicia Herrera
[2023-02-02T10:00:12.079+0000] {logging_mixin.py:137} INFO - Andre Campos
[2023-02-02T10:00:12.088+0000] {logging_mixin.py:137} INFO - Justin Meyer
[2023-02-02T10:00:12.099+0000] {logging_mixin.py:137} INFO - Brandon Brooks
[2023-02-02T10:00:12.103+0000] {logging_mixin.py:137} INFO - Abigail Rivera
[2023-02-02T10:00:12.110+0000] {logging_mixin.py:137} INFO - Jessica Mann
[2023-02-02T10:00:12.116+0000] {logging_mixin.py:137} INFO - Michael Sawyer
[2023-02-02T10:00:12.122+0000] {logging_mixin.py:137} INFO - Jeffrey Coleman
[2023-02-02T10:00:12.125+0000] {logging_mixin.py:137} INFO - Micheal Castro
[2023-02-02T10:00:12.140+0000] {logging_mixin.py:137} INFO - Laura Gonzalez
[2023-02-02T10:00:12.142+0000] {logging_mixin.py:137} INFO - Christopher Jackson
[2023-02-02T10:00:12.161+0000] {logging_mixin.py:137} INFO - William Mckenzie
[2023-02-02T10:00:12.168+0000] {logging_mixin.py:137} INFO - Kristina Rodriguez
[2023-02-02T10:00:12.175+0000] {logging_mixin.py:137} INFO - Kelli Williams
[2023-02-02T10:00:12.182+0000] {logging_mixin.py:137} INFO - Diane Norris
[2023-02-02T10:00:12.198+0000] {logging_mixin.py:137} INFO - Kevin Carroll
[2023-02-02T10:00:12.209+0000] {logging_mixin.py:137} INFO - Betty Weber
[2023-02-02T10:00:12.220+0000] {logging_mixin.py:137} INFO - Jeffery Robinson
[2023-02-02T10:00:12.231+0000] {logging_mixin.py:137} INFO - Hannah Cowan
[2023-02-02T10:00:12.242+0000] {logging_mixin.py:137} INFO - Brian Kramer
[2023-02-02T10:00:12.256+0000] {logging_mixin.py:137} INFO - Anthony Roberts
[2023-02-02T10:00:12.264+0000] {logging_mixin.py:137} INFO - Ricardo Blankenship
[2023-02-02T10:00:12.274+0000] {logging_mixin.py:137} INFO - Brooke Collins
[2023-02-02T10:00:12.279+0000] {logging_mixin.py:137} INFO - Tammy Lawson
[2023-02-02T10:00:12.289+0000] {logging_mixin.py:137} INFO - Cody Miller
[2023-02-02T10:00:12.295+0000] {logging_mixin.py:137} INFO - Dr. Janice Salazar
[2023-02-02T10:00:12.298+0000] {logging_mixin.py:137} INFO - David West
[2023-02-02T10:00:12.304+0000] {logging_mixin.py:137} INFO - Robin Carpenter
[2023-02-02T10:00:12.315+0000] {logging_mixin.py:137} INFO - Monique Wall
[2023-02-02T10:00:12.322+0000] {logging_mixin.py:137} INFO - Charles Cardenas
[2023-02-02T10:00:12.330+0000] {logging_mixin.py:137} INFO - Valerie Mitchell
[2023-02-02T10:00:12.343+0000] {logging_mixin.py:137} INFO - Michelle Valenzuela
[2023-02-02T10:00:12.349+0000] {logging_mixin.py:137} INFO - William Poole
[2023-02-02T10:00:12.357+0000] {logging_mixin.py:137} INFO - James Hall
[2023-02-02T10:00:12.366+0000] {logging_mixin.py:137} INFO - Dylan Carpenter
[2023-02-02T10:00:12.367+0000] {logging_mixin.py:137} INFO - Linda Medina
[2023-02-02T10:00:12.371+0000] {logging_mixin.py:137} INFO - Joan White
[2023-02-02T10:00:12.380+0000] {logging_mixin.py:137} INFO - Mary Klein
[2023-02-02T10:00:12.382+0000] {logging_mixin.py:137} INFO - Ashley Wolf
[2023-02-02T10:00:12.389+0000] {logging_mixin.py:137} INFO - William Reed
[2023-02-02T10:00:12.393+0000] {logging_mixin.py:137} INFO - Derek Harvey
[2023-02-02T10:00:12.394+0000] {logging_mixin.py:137} INFO - Kathleen Rodriguez
[2023-02-02T10:00:12.399+0000] {logging_mixin.py:137} INFO - Andrew Rodriguez
[2023-02-02T10:00:12.405+0000] {logging_mixin.py:137} INFO - Ariel Frank
[2023-02-02T10:00:12.410+0000] {logging_mixin.py:137} INFO - Tina French
[2023-02-02T10:00:12.412+0000] {logging_mixin.py:137} INFO - Brent Waller
[2023-02-02T10:00:12.425+0000] {logging_mixin.py:137} INFO - Kevin Allen
[2023-02-02T10:00:12.433+0000] {logging_mixin.py:137} INFO - Xavier Walker
[2023-02-02T10:00:12.438+0000] {logging_mixin.py:137} INFO - Michelle Sanchez
[2023-02-02T10:00:12.478+0000] {logging_mixin.py:137} INFO - Rachael Shepard
[2023-02-02T10:00:12.498+0000] {logging_mixin.py:137} INFO - Kelsey Johnson
[2023-02-02T10:00:12.505+0000] {logging_mixin.py:137} INFO - Nicole Webb
[2023-02-02T10:00:12.518+0000] {logging_mixin.py:137} INFO - Nicholas Rodriguez
[2023-02-02T10:00:12.543+0000] {logging_mixin.py:137} INFO - Eric Vaughan
[2023-02-02T10:00:12.601+0000] {logging_mixin.py:137} INFO - Amanda Richardson
[2023-02-02T10:00:12.611+0000] {logging_mixin.py:137} INFO - Janice Carlson
[2023-02-02T10:00:12.635+0000] {logging_mixin.py:137} INFO - Darryl Walsh
[2023-02-02T10:00:12.661+0000] {logging_mixin.py:137} INFO - Heather Johnson
[2023-02-02T10:00:12.676+0000] {logging_mixin.py:137} INFO - Mark Chambers
[2023-02-02T10:00:12.682+0000] {logging_mixin.py:137} INFO - Tracy Burns
[2023-02-02T10:00:12.689+0000] {logging_mixin.py:137} INFO - John Cole
[2023-02-02T10:00:12.696+0000] {logging_mixin.py:137} INFO - Deborah Silva
[2023-02-02T10:00:12.709+0000] {logging_mixin.py:137} INFO - Shawn Hernandez
[2023-02-02T10:00:12.724+0000] {logging_mixin.py:137} INFO - Bethany Meyer
[2023-02-02T10:00:12.739+0000] {logging_mixin.py:137} INFO - Helen Smith
[2023-02-02T10:00:12.748+0000] {logging_mixin.py:137} INFO - Dana Dennis
[2023-02-02T10:00:12.755+0000] {logging_mixin.py:137} INFO - Kelsey Camacho
[2023-02-02T10:00:12.772+0000] {logging_mixin.py:137} INFO - Matthew Thomas
[2023-02-02T10:00:12.777+0000] {logging_mixin.py:137} INFO - Brittany Arellano
[2023-02-02T10:00:12.786+0000] {logging_mixin.py:137} INFO - Stacey Jones
[2023-02-02T10:00:12.792+0000] {logging_mixin.py:137} INFO - William Weeks
[2023-02-02T10:00:12.798+0000] {logging_mixin.py:137} INFO - Mark Beasley
[2023-02-02T10:00:12.807+0000] {logging_mixin.py:137} INFO - Bruce Pena
[2023-02-02T10:00:12.814+0000] {logging_mixin.py:137} INFO - Jeffery Smith
[2023-02-02T10:00:12.819+0000] {logging_mixin.py:137} INFO - Ann Deleon
[2023-02-02T10:00:12.824+0000] {logging_mixin.py:137} INFO - Kevin Robertson
[2023-02-02T10:00:12.827+0000] {logging_mixin.py:137} INFO - Vincent Willis MD
[2023-02-02T10:00:12.829+0000] {logging_mixin.py:137} INFO - Michael Nielsen
[2023-02-02T10:00:12.833+0000] {logging_mixin.py:137} INFO - Walter Koch
[2023-02-02T10:00:12.840+0000] {logging_mixin.py:137} INFO - Brian Vega
[2023-02-02T10:00:12.853+0000] {logging_mixin.py:137} INFO - Jeffrey Medina
[2023-02-02T10:00:12.862+0000] {logging_mixin.py:137} INFO - Erika Banks
[2023-02-02T10:00:12.867+0000] {logging_mixin.py:137} INFO - Stacey Griffin
[2023-02-02T10:00:12.871+0000] {logging_mixin.py:137} INFO - Michael Marsh
[2023-02-02T10:00:12.876+0000] {logging_mixin.py:137} INFO - Molly White
[2023-02-02T10:00:12.882+0000] {logging_mixin.py:137} INFO - Matthew Morrison
[2023-02-02T10:00:12.890+0000] {logging_mixin.py:137} INFO - Amanda Burns
[2023-02-02T10:00:12.896+0000] {logging_mixin.py:137} INFO - Emily Gonzalez DDS
[2023-02-02T10:00:12.904+0000] {logging_mixin.py:137} INFO - Gregory King
[2023-02-02T10:00:12.906+0000] {logging_mixin.py:137} INFO - Dennis Evans
[2023-02-02T10:00:12.913+0000] {logging_mixin.py:137} INFO - Christina Snyder
[2023-02-02T10:00:12.923+0000] {logging_mixin.py:137} INFO - Carolyn Mata
[2023-02-02T10:00:12.927+0000] {logging_mixin.py:137} INFO - Brandy Lawson
[2023-02-02T10:00:12.933+0000] {logging_mixin.py:137} INFO - Briana Christian
[2023-02-02T10:00:12.942+0000] {logging_mixin.py:137} INFO - Jeffrey Hernandez
[2023-02-02T10:00:12.945+0000] {logging_mixin.py:137} INFO - John Riggs
[2023-02-02T10:00:12.953+0000] {logging_mixin.py:137} INFO - Barbara Short
[2023-02-02T10:00:12.955+0000] {logging_mixin.py:137} INFO - Steven Brooks
[2023-02-02T10:00:12.964+0000] {logging_mixin.py:137} INFO - Gabrielle James
[2023-02-02T10:00:12.974+0000] {logging_mixin.py:137} INFO - Robert Young
[2023-02-02T10:00:12.982+0000] {logging_mixin.py:137} INFO - Derek Sanders
[2023-02-02T10:00:12.987+0000] {logging_mixin.py:137} INFO - Mallory Oliver
[2023-02-02T10:00:12.991+0000] {logging_mixin.py:137} INFO - Terry Howe
[2023-02-02T10:00:13.002+0000] {logging_mixin.py:137} INFO - Samuel Wallace
[2023-02-02T10:00:13.013+0000] {logging_mixin.py:137} INFO - Angel Jones
[2023-02-02T10:00:13.018+0000] {logging_mixin.py:137} INFO - Jacqueline Nichols
[2023-02-02T10:00:13.021+0000] {logging_mixin.py:137} INFO - Melissa Mcgee
[2023-02-02T10:00:13.022+0000] {logging_mixin.py:137} INFO - Michelle Smith
[2023-02-02T10:00:13.026+0000] {logging_mixin.py:137} INFO - Maureen Baxter
[2023-02-02T10:00:13.031+0000] {logging_mixin.py:137} INFO - Kathy Crawford
[2023-02-02T10:00:13.036+0000] {logging_mixin.py:137} INFO - Stacy Wood
[2023-02-02T10:00:13.043+0000] {logging_mixin.py:137} INFO - Justin Parsons
[2023-02-02T10:00:13.048+0000] {logging_mixin.py:137} INFO - Ann Klein
[2023-02-02T10:00:13.052+0000] {logging_mixin.py:137} INFO - Allison Arnold
[2023-02-02T10:00:13.060+0000] {logging_mixin.py:137} INFO - Heather Kirk
[2023-02-02T10:00:13.064+0000] {logging_mixin.py:137} INFO - Monica Smith
[2023-02-02T10:00:13.070+0000] {logging_mixin.py:137} INFO - Brett Oconnor
[2023-02-02T10:00:13.084+0000] {logging_mixin.py:137} INFO - Anthony Bryant
[2023-02-02T10:00:13.090+0000] {logging_mixin.py:137} INFO - Jeremy Russell
[2023-02-02T10:00:13.103+0000] {logging_mixin.py:137} INFO - Julie Poole
[2023-02-02T10:00:13.107+0000] {logging_mixin.py:137} INFO - Emma Thompson
[2023-02-02T10:00:13.117+0000] {logging_mixin.py:137} INFO - Bradley Matthews
[2023-02-02T10:00:13.121+0000] {logging_mixin.py:137} INFO - William Roberts
[2023-02-02T10:00:13.124+0000] {logging_mixin.py:137} INFO - Julie Mooney
[2023-02-02T10:00:13.126+0000] {logging_mixin.py:137} INFO - Amy Doyle
[2023-02-02T10:00:13.130+0000] {logging_mixin.py:137} INFO - Amanda Grant
[2023-02-02T10:00:13.133+0000] {logging_mixin.py:137} INFO - Eric Anderson
[2023-02-02T10:00:13.139+0000] {logging_mixin.py:137} INFO - George Thompson
[2023-02-02T10:00:13.149+0000] {logging_mixin.py:137} INFO - Dustin Hines
[2023-02-02T10:00:13.158+0000] {logging_mixin.py:137} INFO - Andrea Frank
[2023-02-02T10:00:13.164+0000] {logging_mixin.py:137} INFO - Jodi Cook
[2023-02-02T10:00:13.166+0000] {logging_mixin.py:137} INFO - Stacy Haney
[2023-02-02T10:00:13.169+0000] {logging_mixin.py:137} INFO - Paul Callahan
[2023-02-02T10:00:13.171+0000] {logging_mixin.py:137} INFO - Jasmine Chambers
[2023-02-02T10:00:13.174+0000] {logging_mixin.py:137} INFO - Melissa Pittman MD
[2023-02-02T10:00:13.186+0000] {logging_mixin.py:137} INFO - Deborah Larson
[2023-02-02T10:00:13.188+0000] {logging_mixin.py:137} INFO - Brandon Shaw
[2023-02-02T10:00:13.190+0000] {logging_mixin.py:137} INFO - Timothy Paul
[2023-02-02T10:00:13.202+0000] {logging_mixin.py:137} INFO - Michael Trujillo
[2023-02-02T10:00:13.208+0000] {logging_mixin.py:137} INFO - Robert Rivera
[2023-02-02T10:00:13.211+0000] {logging_mixin.py:137} INFO - Dana Nelson
[2023-02-02T10:00:13.217+0000] {logging_mixin.py:137} INFO - Andrea Bennett
[2023-02-02T10:00:13.227+0000] {logging_mixin.py:137} INFO - Jodi Fox
[2023-02-02T10:00:13.233+0000] {logging_mixin.py:137} INFO - Heather Hayes
[2023-02-02T10:00:13.237+0000] {logging_mixin.py:137} INFO - Jennifer Moreno
[2023-02-02T10:00:13.245+0000] {logging_mixin.py:137} INFO - John Patel
[2023-02-02T10:00:13.255+0000] {logging_mixin.py:137} INFO - Teresa Oliver
[2023-02-02T10:00:13.264+0000] {logging_mixin.py:137} INFO - Monique Bell
[2023-02-02T10:00:13.284+0000] {logging_mixin.py:137} INFO - Casey Leonard
[2023-02-02T10:00:13.289+0000] {logging_mixin.py:137} INFO - Steven Clark
[2023-02-02T10:00:13.304+0000] {logging_mixin.py:137} INFO - Edward Martin
[2023-02-02T10:00:13.324+0000] {logging_mixin.py:137} INFO - Shawn Orozco
[2023-02-02T10:00:13.330+0000] {logging_mixin.py:137} INFO - Brandon Yang
[2023-02-02T10:00:13.336+0000] {logging_mixin.py:137} INFO - Nathan Ray
[2023-02-02T10:00:13.340+0000] {logging_mixin.py:137} INFO - Lori Moore
[2023-02-02T10:00:13.353+0000] {logging_mixin.py:137} INFO - Dr. Lisa Shaw DVM
[2023-02-02T10:00:13.361+0000] {logging_mixin.py:137} INFO - Angela Walters
[2023-02-02T10:00:13.370+0000] {logging_mixin.py:137} INFO - David Nolan
[2023-02-02T10:00:13.380+0000] {logging_mixin.py:137} INFO - William Ramsey
[2023-02-02T10:00:13.384+0000] {logging_mixin.py:137} INFO - David Oconnor
[2023-02-02T10:00:13.388+0000] {logging_mixin.py:137} INFO - Mark Washington
[2023-02-02T10:00:13.396+0000] {logging_mixin.py:137} INFO - Jennifer Jacobs
[2023-02-02T10:00:13.405+0000] {logging_mixin.py:137} INFO - Tammy Hampton
[2023-02-02T10:00:13.408+0000] {logging_mixin.py:137} INFO - Stephen Farmer
[2023-02-02T10:00:13.410+0000] {logging_mixin.py:137} INFO - Jasmine Nguyen
[2023-02-02T10:00:13.420+0000] {logging_mixin.py:137} INFO - Rebecca Flores
[2023-02-02T10:00:13.426+0000] {logging_mixin.py:137} INFO - Tyler Davis
[2023-02-02T10:00:13.435+0000] {logging_mixin.py:137} INFO - Nancy Gray
[2023-02-02T10:00:13.438+0000] {logging_mixin.py:137} INFO - Brian Sanchez
[2023-02-02T10:00:13.445+0000] {logging_mixin.py:137} INFO - Laurie Shaw
[2023-02-02T10:00:13.449+0000] {logging_mixin.py:137} INFO - Kristina Torres
[2023-02-02T10:00:13.456+0000] {logging_mixin.py:137} INFO - Andrea Rodgers
[2023-02-02T10:00:13.463+0000] {logging_mixin.py:137} INFO - Jason Walters
[2023-02-02T10:00:13.467+0000] {logging_mixin.py:137} INFO - Jerry Moss
[2023-02-02T10:00:13.469+0000] {logging_mixin.py:137} INFO - Jeffrey Jordan
[2023-02-02T10:00:13.472+0000] {logging_mixin.py:137} INFO - Jennifer Wilson
[2023-02-02T10:00:13.474+0000] {logging_mixin.py:137} INFO - Trevor Mathews
[2023-02-02T10:00:13.484+0000] {logging_mixin.py:137} INFO - Anne Hood
[2023-02-02T10:00:13.506+0000] {logging_mixin.py:137} INFO - Sarah Williams
[2023-02-02T10:00:13.514+0000] {logging_mixin.py:137} INFO - Shelby Hernandez
[2023-02-02T10:00:13.525+0000] {logging_mixin.py:137} INFO - Samantha Velez
[2023-02-02T10:00:13.534+0000] {logging_mixin.py:137} INFO - Matthew Douglas
[2023-02-02T10:00:13.537+0000] {logging_mixin.py:137} INFO - Ashlee George
[2023-02-02T10:00:13.545+0000] {logging_mixin.py:137} INFO - Troy Crane
[2023-02-02T10:00:13.551+0000] {logging_mixin.py:137} INFO - Michael Cooper
[2023-02-02T10:00:13.565+0000] {logging_mixin.py:137} INFO - Michael White
[2023-02-02T10:00:13.567+0000] {logging_mixin.py:137} INFO - Mr. Timothy Fleming
[2023-02-02T10:00:13.568+0000] {logging_mixin.py:137} INFO - Seth Bruce
[2023-02-02T10:00:13.571+0000] {logging_mixin.py:137} INFO - Jacqueline Carpenter
[2023-02-02T10:00:13.578+0000] {logging_mixin.py:137} INFO - Michael Martin
[2023-02-02T10:00:13.586+0000] {logging_mixin.py:137} INFO - Kristopher Henry
[2023-02-02T10:00:13.592+0000] {logging_mixin.py:137} INFO - Tiffany Porter
[2023-02-02T10:00:13.610+0000] {logging_mixin.py:137} INFO - Stacy Simpson
[2023-02-02T10:00:13.614+0000] {logging_mixin.py:137} INFO - Tammy Mcdowell
[2023-02-02T10:00:13.619+0000] {logging_mixin.py:137} INFO - Thomas Walters
[2023-02-02T10:00:13.620+0000] {logging_mixin.py:137} INFO - Dwayne Thompson
[2023-02-02T10:00:13.622+0000] {logging_mixin.py:137} INFO - Natalie Willis
[2023-02-02T10:00:13.624+0000] {logging_mixin.py:137} INFO - Sharon Taylor
[2023-02-02T10:00:13.642+0000] {logging_mixin.py:137} INFO - Sarah Wiggins
[2023-02-02T10:00:13.648+0000] {logging_mixin.py:137} INFO - Amber Thomas
[2023-02-02T10:00:13.655+0000] {logging_mixin.py:137} INFO - Patrick Miller
[2023-02-02T10:00:13.659+0000] {logging_mixin.py:137} INFO - Stephanie Hartman
[2023-02-02T10:00:13.682+0000] {logging_mixin.py:137} INFO - Stacey Mora
[2023-02-02T10:00:13.692+0000] {logging_mixin.py:137} INFO - Katherine Rodriguez
[2023-02-02T10:00:13.697+0000] {logging_mixin.py:137} INFO - Daniel Morgan
[2023-02-02T10:00:13.700+0000] {logging_mixin.py:137} INFO - Rebecca Martinez
[2023-02-02T10:00:13.703+0000] {logging_mixin.py:137} INFO - Nicole Juarez
[2023-02-02T10:00:13.718+0000] {logging_mixin.py:137} INFO - Mark Arroyo
[2023-02-02T10:00:13.720+0000] {logging_mixin.py:137} INFO - April Lucero
[2023-02-02T10:00:13.722+0000] {logging_mixin.py:137} INFO - Samantha Garcia
[2023-02-02T10:00:13.723+0000] {logging_mixin.py:137} INFO - Jon Moore
[2023-02-02T10:00:13.726+0000] {logging_mixin.py:137} INFO - Joshua Flores MD
[2023-02-02T10:00:13.730+0000] {logging_mixin.py:137} INFO - Raymond Jones
[2023-02-02T10:00:13.734+0000] {logging_mixin.py:137} INFO - Billy Hughes
[2023-02-02T10:00:13.739+0000] {logging_mixin.py:137} INFO - Peggy Valdez PhD
[2023-02-02T10:00:13.741+0000] {logging_mixin.py:137} INFO - Joshua Reyes
[2023-02-02T10:00:13.743+0000] {logging_mixin.py:137} INFO - Aaron Green
[2023-02-02T10:00:13.746+0000] {logging_mixin.py:137} INFO - Wendy Espinoza
[2023-02-02T10:00:13.751+0000] {logging_mixin.py:137} INFO - Peter Vasquez
[2023-02-02T10:00:13.756+0000] {logging_mixin.py:137} INFO - Diane Harper
[2023-02-02T10:00:13.772+0000] {logging_mixin.py:137} INFO - Ms. Rebecca Cantu
[2023-02-02T10:00:13.813+0000] {logging_mixin.py:137} INFO - Yolanda Morrow
[2023-02-02T10:00:13.817+0000] {logging_mixin.py:137} INFO - Penny Beard
[2023-02-02T10:00:13.821+0000] {logging_mixin.py:137} INFO - Lisa Long
[2023-02-02T10:00:13.831+0000] {logging_mixin.py:137} INFO - Jerry Harris
[2023-02-02T10:00:13.840+0000] {logging_mixin.py:137} INFO - Bob Willis
[2023-02-02T10:00:13.849+0000] {logging_mixin.py:137} INFO - Duane Chapman
[2023-02-02T10:00:13.852+0000] {logging_mixin.py:137} INFO - William Morgan
[2023-02-02T10:00:13.862+0000] {logging_mixin.py:137} INFO - Amy Gutierrez
[2023-02-02T10:00:13.868+0000] {logging_mixin.py:137} INFO - Amber Nichols
[2023-02-02T10:00:13.880+0000] {logging_mixin.py:137} INFO - Matthew Carr
[2023-02-02T10:00:13.883+0000] {logging_mixin.py:137} INFO - Thomas Duncan
[2023-02-02T10:00:13.886+0000] {logging_mixin.py:137} INFO - Elizabeth Wright
[2023-02-02T10:00:13.895+0000] {logging_mixin.py:137} INFO - Jacqueline Brewer
[2023-02-02T10:00:13.907+0000] {logging_mixin.py:137} INFO - Stephanie Johnson
[2023-02-02T10:00:13.911+0000] {logging_mixin.py:137} INFO - Samantha Calderon
[2023-02-02T10:00:13.914+0000] {logging_mixin.py:137} INFO - Kathryn Gaines
[2023-02-02T10:00:13.919+0000] {logging_mixin.py:137} INFO - Angel Jones
[2023-02-02T10:00:13.922+0000] {logging_mixin.py:137} INFO - Laura Wall
[2023-02-02T10:00:13.924+0000] {logging_mixin.py:137} INFO - Mr. Anthony Hamilton
[2023-02-02T10:00:13.926+0000] {logging_mixin.py:137} INFO - David Smith
[2023-02-02T10:00:13.927+0000] {logging_mixin.py:137} INFO - Kimberly Herrera DDS
[2023-02-02T10:00:13.929+0000] {logging_mixin.py:137} INFO - Gina Wilson
[2023-02-02T10:00:13.938+0000] {logging_mixin.py:137} INFO - Timothy Byrd
[2023-02-02T10:00:13.954+0000] {logging_mixin.py:137} INFO - Michael Mckenzie
[2023-02-02T10:00:13.967+0000] {logging_mixin.py:137} INFO - Jeffrey Mcintyre
[2023-02-02T10:00:13.971+0000] {logging_mixin.py:137} INFO - Teresa Jackson
[2023-02-02T10:00:13.974+0000] {logging_mixin.py:137} INFO - Joseph Wilcox
[2023-02-02T10:00:13.976+0000] {logging_mixin.py:137} INFO - Patrick Mcknight
[2023-02-02T10:00:13.980+0000] {logging_mixin.py:137} INFO - Ronald Moreno
[2023-02-02T10:00:13.981+0000] {logging_mixin.py:137} INFO - Jamie Sullivan
[2023-02-02T10:00:13.983+0000] {logging_mixin.py:137} INFO - Jason Anderson
[2023-02-02T10:00:13.986+0000] {logging_mixin.py:137} INFO - Steven Stewart
[2023-02-02T10:00:13.993+0000] {logging_mixin.py:137} INFO - Melinda Paul
[2023-02-02T10:00:14.004+0000] {logging_mixin.py:137} INFO - Cynthia Simmons
[2023-02-02T10:00:14.013+0000] {logging_mixin.py:137} INFO - Christian Smith
[2023-02-02T10:00:14.017+0000] {logging_mixin.py:137} INFO - William Jimenez
[2023-02-02T10:00:14.030+0000] {logging_mixin.py:137} INFO - Hayley French
[2023-02-02T10:00:14.034+0000] {logging_mixin.py:137} INFO - Brandon Hess
[2023-02-02T10:00:14.039+0000] {logging_mixin.py:137} INFO - Laura Perry
[2023-02-02T10:00:14.045+0000] {logging_mixin.py:137} INFO - Scott Jones
[2023-02-02T10:00:14.047+0000] {logging_mixin.py:137} INFO - Christine Hernandez
[2023-02-02T10:00:14.050+0000] {logging_mixin.py:137} INFO - Douglas Eaton
[2023-02-02T10:00:14.052+0000] {logging_mixin.py:137} INFO - William Soto
[2023-02-02T10:00:14.063+0000] {logging_mixin.py:137} INFO - Mary Jones
[2023-02-02T10:00:14.067+0000] {logging_mixin.py:137} INFO - Stephanie Holmes
[2023-02-02T10:00:14.070+0000] {logging_mixin.py:137} INFO - Keith Meyers
[2023-02-02T10:00:14.079+0000] {logging_mixin.py:137} INFO - Paul Fisher
[2023-02-02T10:00:14.107+0000] {logging_mixin.py:137} INFO - Emily Alexander
[2023-02-02T10:00:14.113+0000] {logging_mixin.py:137} INFO - Anthony Schwartz
[2023-02-02T10:00:14.128+0000] {logging_mixin.py:137} INFO - Evelyn Jacobs
[2023-02-02T10:00:14.131+0000] {logging_mixin.py:137} INFO - Connie Jones
[2023-02-02T10:00:14.136+0000] {logging_mixin.py:137} INFO - Carla Gibbs
[2023-02-02T10:00:14.144+0000] {logging_mixin.py:137} INFO - Ashley Santiago
[2023-02-02T10:00:14.150+0000] {logging_mixin.py:137} INFO - Micheal Mckee
[2023-02-02T10:00:14.160+0000] {logging_mixin.py:137} INFO - Diane Williams
[2023-02-02T10:00:14.162+0000] {logging_mixin.py:137} INFO - Jesse Velasquez
[2023-02-02T10:00:14.165+0000] {logging_mixin.py:137} INFO - Jennifer Rodriguez
[2023-02-02T10:00:14.167+0000] {logging_mixin.py:137} INFO - Joe Griffin
[2023-02-02T10:00:14.168+0000] {logging_mixin.py:137} INFO - Gary Cherry
[2023-02-02T10:00:14.174+0000] {logging_mixin.py:137} INFO - Alyssa Edwards
[2023-02-02T10:00:14.179+0000] {logging_mixin.py:137} INFO - Caroline Hernandez MD
[2023-02-02T10:00:14.182+0000] {logging_mixin.py:137} INFO - Jessica Morton
[2023-02-02T10:00:14.191+0000] {logging_mixin.py:137} INFO - Holly Jones
[2023-02-02T10:00:14.194+0000] {logging_mixin.py:137} INFO - David Shelton
[2023-02-02T10:00:14.197+0000] {logging_mixin.py:137} INFO - Kristina Parks
[2023-02-02T10:00:14.201+0000] {logging_mixin.py:137} INFO - Laurie Hernandez
[2023-02-02T10:00:14.203+0000] {logging_mixin.py:137} INFO - Melissa James
[2023-02-02T10:00:14.206+0000] {logging_mixin.py:137} INFO - Jeremiah Adams
[2023-02-02T10:00:14.212+0000] {logging_mixin.py:137} INFO - Arthur Robinson
[2023-02-02T10:00:14.214+0000] {logging_mixin.py:137} INFO - Anna Shepard
[2023-02-02T10:00:14.217+0000] {logging_mixin.py:137} INFO - Brandon Myers
[2023-02-02T10:00:14.219+0000] {logging_mixin.py:137} INFO - Paul Cardenas
[2023-02-02T10:00:14.223+0000] {logging_mixin.py:137} INFO - Megan Santana
[2023-02-02T10:00:14.225+0000] {logging_mixin.py:137} INFO - Joseph Marshall
[2023-02-02T10:00:14.226+0000] {logging_mixin.py:137} INFO - Mrs. Brenda Harris
[2023-02-02T10:00:14.228+0000] {logging_mixin.py:137} INFO - Nicole Garcia
[2023-02-02T10:00:14.232+0000] {logging_mixin.py:137} INFO - Anna Estrada
[2023-02-02T10:00:14.236+0000] {logging_mixin.py:137} INFO - Carl Moore
[2023-02-02T10:00:14.239+0000] {logging_mixin.py:137} INFO - Rodney Hernandez
[2023-02-02T10:00:14.242+0000] {logging_mixin.py:137} INFO - Madison Christian
[2023-02-02T10:00:14.244+0000] {logging_mixin.py:137} INFO - Heather Rhodes
[2023-02-02T10:00:14.253+0000] {python.py:177} INFO - Done. Returned value was: None
[2023-02-02T10:00:14.354+0000] {taskinstance.py:1323} INFO - Marking task as SUCCESS. dag_id=CSV_DAG, task_id=convertCSVToJson, execution_date=20230201T200500, start_date=20230202T100005, end_date=20230202T100014
[2023-02-02T10:00:14.500+0000] {local_task_job.py:208} INFO - Task exited with return code 0
[2023-02-02T10:00:14.565+0000] {taskinstance.py:2578} INFO - 0 downstream tasks scheduled from follow-on schedule check
