[2023-02-02T10:03:16.281+0000] {taskinstance.py:1083} INFO - Dependencies all met for <TaskInstance: CSV_DAG.starting scheduled__2023-02-02T06:40:00+00:00 [queued]>
[2023-02-02T10:03:16.320+0000] {taskinstance.py:1083} INFO - Dependencies all met for <TaskInstance: CSV_DAG.starting scheduled__2023-02-02T06:40:00+00:00 [queued]>
[2023-02-02T10:03:16.323+0000] {taskinstance.py:1279} INFO - 
--------------------------------------------------------------------------------
[2023-02-02T10:03:16.325+0000] {taskinstance.py:1280} INFO - Starting attempt 1 of 2
[2023-02-02T10:03:16.326+0000] {taskinstance.py:1281} INFO - 
--------------------------------------------------------------------------------
[2023-02-02T10:03:16.423+0000] {taskinstance.py:1300} INFO - Executing <Task(BashOperator): starting> on 2023-02-02 06:40:00+00:00
[2023-02-02T10:03:16.461+0000] {standard_task_runner.py:55} INFO - Started process 1191 to run task
[2023-02-02T10:03:16.497+0000] {standard_task_runner.py:82} INFO - Running: ['***', 'tasks', 'run', 'CSV_DAG', 'starting', 'scheduled__2023-02-02T06:40:00+00:00', '--job-id', '757', '--raw', '--subdir', 'DAGS_FOLDER/csv.py', '--cfg-path', '/tmp/tmpdwgbygh_']
[2023-02-02T10:03:16.502+0000] {standard_task_runner.py:83} INFO - Job 757: Subtask starting
[2023-02-02T10:03:16.742+0000] {task_command.py:388} INFO - Running <TaskInstance: CSV_DAG.starting scheduled__2023-02-02T06:40:00+00:00 [running]> on host 06d8060e8530
[2023-02-02T10:03:17.072+0000] {taskinstance.py:1509} INFO - Exporting the following env vars:
AIRFLOW_CTX_DAG_OWNER=Kevin Chalmers
AIRFLOW_CTX_DAG_ID=CSV_DAG
AIRFLOW_CTX_TASK_ID=starting
AIRFLOW_CTX_EXECUTION_DATE=2023-02-02T06:40:00+00:00
AIRFLOW_CTX_TRY_NUMBER=1
AIRFLOW_CTX_DAG_RUN_ID=scheduled__2023-02-02T06:40:00+00:00
[2023-02-02T10:03:17.090+0000] {subprocess.py:63} INFO - Tmp dir root location: 
 /tmp
[2023-02-02T10:03:17.102+0000] {subprocess.py:75} INFO - Running command: ['/bin/bash', '-c', 'echo "Reading data"']
[2023-02-02T10:03:17.241+0000] {subprocess.py:86} INFO - Output:
[2023-02-02T10:03:17.251+0000] {subprocess.py:93} INFO - Reading data
[2023-02-02T10:03:17.254+0000] {subprocess.py:97} INFO - Command exited with return code 0
[2023-02-02T10:03:17.364+0000] {taskinstance.py:1323} INFO - Marking task as SUCCESS. dag_id=CSV_DAG, task_id=starting, execution_date=20230202T064000, start_date=20230202T100316, end_date=20230202T100317
[2023-02-02T10:03:17.510+0000] {local_task_job.py:208} INFO - Task exited with return code 0
[2023-02-02T10:03:17.578+0000] {taskinstance.py:2578} INFO - 1 downstream tasks scheduled from follow-on schedule check
