[2023-02-02T10:00:33.723+0000] {taskinstance.py:1083} INFO - Dependencies all met for <TaskInstance: CSV_DAG.convertCSVToJson scheduled__2023-02-01T21:05:00+00:00 [queued]>
[2023-02-02T10:00:33.811+0000] {taskinstance.py:1083} INFO - Dependencies all met for <TaskInstance: CSV_DAG.convertCSVToJson scheduled__2023-02-01T21:05:00+00:00 [queued]>
[2023-02-02T10:00:33.815+0000] {taskinstance.py:1279} INFO - 
--------------------------------------------------------------------------------
[2023-02-02T10:00:33.820+0000] {taskinstance.py:1280} INFO - Starting attempt 1 of 2
[2023-02-02T10:00:33.823+0000] {taskinstance.py:1281} INFO - 
--------------------------------------------------------------------------------
[2023-02-02T10:00:33.968+0000] {taskinstance.py:1300} INFO - Executing <Task(PythonOperator): convertCSVToJson> on 2023-02-01 21:05:00+00:00
[2023-02-02T10:00:33.991+0000] {standard_task_runner.py:55} INFO - Started process 314 to run task
[2023-02-02T10:00:34.038+0000] {standard_task_runner.py:82} INFO - Running: ['***', 'tasks', 'run', 'CSV_DAG', 'convertCSVToJson', 'scheduled__2023-02-01T21:05:00+00:00', '--job-id', '544', '--raw', '--subdir', 'DAGS_FOLDER/csv.py', '--cfg-path', '/tmp/tmps76a3pel']
[2023-02-02T10:00:34.044+0000] {standard_task_runner.py:83} INFO - Job 544: Subtask convertCSVToJson
[2023-02-02T10:00:34.450+0000] {task_command.py:388} INFO - Running <TaskInstance: CSV_DAG.convertCSVToJson scheduled__2023-02-01T21:05:00+00:00 [running]> on host 06d8060e8530
[2023-02-02T10:00:34.788+0000] {taskinstance.py:1509} INFO - Exporting the following env vars:
AIRFLOW_CTX_DAG_OWNER=Kevin Chalmers
AIRFLOW_CTX_DAG_ID=CSV_DAG
AIRFLOW_CTX_TASK_ID=convertCSVToJson
AIRFLOW_CTX_EXECUTION_DATE=2023-02-01T21:05:00+00:00
AIRFLOW_CTX_TRY_NUMBER=1
AIRFLOW_CTX_DAG_RUN_ID=scheduled__2023-02-01T21:05:00+00:00
[2023-02-02T10:00:34.833+0000] {logging_mixin.py:137} INFO - Angelica Lopez
[2023-02-02T10:00:34.842+0000] {logging_mixin.py:137} INFO - Betty Wright
[2023-02-02T10:00:34.845+0000] {logging_mixin.py:137} INFO - Sara Schmidt
[2023-02-02T10:00:34.847+0000] {logging_mixin.py:137} INFO - Dr. Sherry Rodriguez
[2023-02-02T10:00:34.848+0000] {logging_mixin.py:137} INFO - Rebecca Mills
[2023-02-02T10:00:34.850+0000] {logging_mixin.py:137} INFO - Andrew Anderson
[2023-02-02T10:00:34.852+0000] {logging_mixin.py:137} INFO - Martin Everett
[2023-02-02T10:00:34.860+0000] {logging_mixin.py:137} INFO - Felicia Gregory
[2023-02-02T10:00:34.863+0000] {logging_mixin.py:137} INFO - Kara Bowers
[2023-02-02T10:00:34.865+0000] {logging_mixin.py:137} INFO - Vincent Vincent
[2023-02-02T10:00:34.869+0000] {logging_mixin.py:137} INFO - Morgan Butler
[2023-02-02T10:00:34.872+0000] {logging_mixin.py:137} INFO - Stephen Riley
[2023-02-02T10:00:34.879+0000] {logging_mixin.py:137} INFO - Wanda Thomas
[2023-02-02T10:00:34.881+0000] {logging_mixin.py:137} INFO - Michelle Schultz
[2023-02-02T10:00:34.882+0000] {logging_mixin.py:137} INFO - Christopher Rush MD
[2023-02-02T10:00:34.885+0000] {logging_mixin.py:137} INFO - Phyllis Miles
[2023-02-02T10:00:34.887+0000] {logging_mixin.py:137} INFO - Rebecca Price
[2023-02-02T10:00:34.897+0000] {logging_mixin.py:137} INFO - John Morse
[2023-02-02T10:00:34.902+0000] {logging_mixin.py:137} INFO - Nicholas Sanchez
[2023-02-02T10:00:34.908+0000] {logging_mixin.py:137} INFO - Crystal Dean
[2023-02-02T10:00:34.914+0000] {logging_mixin.py:137} INFO - Tyler Diaz
[2023-02-02T10:00:34.919+0000] {logging_mixin.py:137} INFO - Denise Mclean
[2023-02-02T10:00:34.923+0000] {logging_mixin.py:137} INFO - Daniel Grant
[2023-02-02T10:00:34.926+0000] {logging_mixin.py:137} INFO - Sandra Peterson
[2023-02-02T10:00:34.928+0000] {logging_mixin.py:137} INFO - Denise Morse
[2023-02-02T10:00:34.936+0000] {logging_mixin.py:137} INFO - Brianna Smith
[2023-02-02T10:00:34.938+0000] {logging_mixin.py:137} INFO - Tony Miller
[2023-02-02T10:00:34.940+0000] {logging_mixin.py:137} INFO - Jean Booth
[2023-02-02T10:00:34.942+0000] {logging_mixin.py:137} INFO - Penny Salazar
[2023-02-02T10:00:34.947+0000] {logging_mixin.py:137} INFO - Cathy Williams
[2023-02-02T10:00:34.952+0000] {logging_mixin.py:137} INFO - Hannah Collins
[2023-02-02T10:00:34.956+0000] {logging_mixin.py:137} INFO - Maurice Casey
[2023-02-02T10:00:34.959+0000] {logging_mixin.py:137} INFO - Patrick Walker
[2023-02-02T10:00:34.969+0000] {logging_mixin.py:137} INFO - Pamela Barton
[2023-02-02T10:00:34.975+0000] {logging_mixin.py:137} INFO - Anthony Bryant
[2023-02-02T10:00:34.979+0000] {logging_mixin.py:137} INFO - Andrew Harris
[2023-02-02T10:00:34.987+0000] {logging_mixin.py:137} INFO - Aaron Harris
[2023-02-02T10:00:34.990+0000] {logging_mixin.py:137} INFO - Maureen Soto
[2023-02-02T10:00:34.992+0000] {logging_mixin.py:137} INFO - Crystal Mcdaniel
[2023-02-02T10:00:34.994+0000] {logging_mixin.py:137} INFO - Lauren Barrett
[2023-02-02T10:00:34.995+0000] {logging_mixin.py:137} INFO - Brandon Perez
[2023-02-02T10:00:34.997+0000] {logging_mixin.py:137} INFO - Mark Robertson
[2023-02-02T10:00:35.002+0000] {logging_mixin.py:137} INFO - Nicole Gates
[2023-02-02T10:00:35.018+0000] {logging_mixin.py:137} INFO - Bradley Cruz
[2023-02-02T10:00:35.026+0000] {logging_mixin.py:137} INFO - Gina Burns
[2023-02-02T10:00:35.031+0000] {logging_mixin.py:137} INFO - Zachary Martinez
[2023-02-02T10:00:35.036+0000] {logging_mixin.py:137} INFO - Natasha Johnson
[2023-02-02T10:00:35.047+0000] {logging_mixin.py:137} INFO - Patrick Gonzales
[2023-02-02T10:00:35.052+0000] {logging_mixin.py:137} INFO - Terri Wilson
[2023-02-02T10:00:35.057+0000] {logging_mixin.py:137} INFO - Sarah Lopez
[2023-02-02T10:00:35.071+0000] {logging_mixin.py:137} INFO - Dana Turner
[2023-02-02T10:00:35.084+0000] {logging_mixin.py:137} INFO - Cynthia Johnson
[2023-02-02T10:00:35.090+0000] {logging_mixin.py:137} INFO - William Thornton
[2023-02-02T10:00:35.094+0000] {logging_mixin.py:137} INFO - James Lee
[2023-02-02T10:00:35.097+0000] {logging_mixin.py:137} INFO - Stephen Allen
[2023-02-02T10:00:35.102+0000] {logging_mixin.py:137} INFO - William Stark
[2023-02-02T10:00:35.105+0000] {logging_mixin.py:137} INFO - Michael Parker
[2023-02-02T10:00:35.108+0000] {logging_mixin.py:137} INFO - Lisa Stephens
[2023-02-02T10:00:35.110+0000] {logging_mixin.py:137} INFO - Mr. Reginald Wise DDS
[2023-02-02T10:00:35.112+0000] {logging_mixin.py:137} INFO - Alexander James
[2023-02-02T10:00:35.114+0000] {logging_mixin.py:137} INFO - Kristen West
[2023-02-02T10:00:35.116+0000] {logging_mixin.py:137} INFO - Elizabeth Sanchez
[2023-02-02T10:00:35.120+0000] {logging_mixin.py:137} INFO - Jennifer Wilson
[2023-02-02T10:00:35.124+0000] {logging_mixin.py:137} INFO - Catherine Nicholson
[2023-02-02T10:00:35.126+0000] {logging_mixin.py:137} INFO - David Henderson
[2023-02-02T10:00:35.128+0000] {logging_mixin.py:137} INFO - Stephen Davis
[2023-02-02T10:00:35.132+0000] {logging_mixin.py:137} INFO - Paul Skinner
[2023-02-02T10:00:35.134+0000] {logging_mixin.py:137} INFO - Rebecca Wong
[2023-02-02T10:00:35.136+0000] {logging_mixin.py:137} INFO - Tara Benitez
[2023-02-02T10:00:35.137+0000] {logging_mixin.py:137} INFO - Sharon Miller
[2023-02-02T10:00:35.140+0000] {logging_mixin.py:137} INFO - Cynthia Smith
[2023-02-02T10:00:35.144+0000] {logging_mixin.py:137} INFO - Jennifer Werner
[2023-02-02T10:00:35.149+0000] {logging_mixin.py:137} INFO - Rebecca Tucker
[2023-02-02T10:00:35.150+0000] {logging_mixin.py:137} INFO - Ashlee Castillo
[2023-02-02T10:00:35.154+0000] {logging_mixin.py:137} INFO - Christopher Holmes
[2023-02-02T10:00:35.155+0000] {logging_mixin.py:137} INFO - Daniel Velez
[2023-02-02T10:00:35.158+0000] {logging_mixin.py:137} INFO - Amy Serrano
[2023-02-02T10:00:35.163+0000] {logging_mixin.py:137} INFO - Alison Nash
[2023-02-02T10:00:35.167+0000] {logging_mixin.py:137} INFO - Peter Johnson
[2023-02-02T10:00:35.171+0000] {logging_mixin.py:137} INFO - Breanna Harris
[2023-02-02T10:00:35.174+0000] {logging_mixin.py:137} INFO - Eric King
[2023-02-02T10:00:35.180+0000] {logging_mixin.py:137} INFO - Patricia Oliver
[2023-02-02T10:00:35.182+0000] {logging_mixin.py:137} INFO - Denise Grimes
[2023-02-02T10:00:35.183+0000] {logging_mixin.py:137} INFO - Jill Olson
[2023-02-02T10:00:35.187+0000] {logging_mixin.py:137} INFO - Stephanie Hart
[2023-02-02T10:00:35.206+0000] {logging_mixin.py:137} INFO - Ashley Lee
[2023-02-02T10:00:35.208+0000] {logging_mixin.py:137} INFO - Kelly Barnes
[2023-02-02T10:00:35.210+0000] {logging_mixin.py:137} INFO - Christie West
[2023-02-02T10:00:35.212+0000] {logging_mixin.py:137} INFO - Todd Nolan
[2023-02-02T10:00:35.222+0000] {logging_mixin.py:137} INFO - Sarah Reed
[2023-02-02T10:00:35.229+0000] {logging_mixin.py:137} INFO - Jennifer Keith
[2023-02-02T10:00:35.234+0000] {logging_mixin.py:137} INFO - Shawn Alvarez
[2023-02-02T10:00:35.240+0000] {logging_mixin.py:137} INFO - Alexander Wilson
[2023-02-02T10:00:35.245+0000] {logging_mixin.py:137} INFO - Rachel Melendez
[2023-02-02T10:00:35.249+0000] {logging_mixin.py:137} INFO - Morgan Walters
[2023-02-02T10:00:35.252+0000] {logging_mixin.py:137} INFO - Nicole Garcia
[2023-02-02T10:00:35.259+0000] {logging_mixin.py:137} INFO - Jennifer White
[2023-02-02T10:00:35.266+0000] {logging_mixin.py:137} INFO - Leslie Shannon
[2023-02-02T10:00:35.269+0000] {logging_mixin.py:137} INFO - Lisa Clayton
[2023-02-02T10:00:35.278+0000] {logging_mixin.py:137} INFO - Zachary Molina
[2023-02-02T10:00:35.293+0000] {logging_mixin.py:137} INFO - Bruce Butler
[2023-02-02T10:00:35.298+0000] {logging_mixin.py:137} INFO - Dustin Howell
[2023-02-02T10:00:35.305+0000] {logging_mixin.py:137} INFO - Aaron Smith
[2023-02-02T10:00:35.312+0000] {logging_mixin.py:137} INFO - Kyle Green
[2023-02-02T10:00:35.314+0000] {logging_mixin.py:137} INFO - Steven Clark
[2023-02-02T10:00:35.319+0000] {logging_mixin.py:137} INFO - Robert Holden
[2023-02-02T10:00:35.329+0000] {logging_mixin.py:137} INFO - Zachary Harmon
[2023-02-02T10:00:35.331+0000] {logging_mixin.py:137} INFO - Rachel Miller
[2023-02-02T10:00:35.338+0000] {logging_mixin.py:137} INFO - Brandon Parker
[2023-02-02T10:00:35.347+0000] {logging_mixin.py:137} INFO - Walter Martin
[2023-02-02T10:00:35.352+0000] {logging_mixin.py:137} INFO - Jose Young
[2023-02-02T10:00:35.355+0000] {logging_mixin.py:137} INFO - Kelsey Long
[2023-02-02T10:00:35.360+0000] {logging_mixin.py:137} INFO - William Harper
[2023-02-02T10:00:35.368+0000] {logging_mixin.py:137} INFO - Alejandro Lambert
[2023-02-02T10:00:35.370+0000] {logging_mixin.py:137} INFO - Stephanie Carson
[2023-02-02T10:00:35.372+0000] {logging_mixin.py:137} INFO - Diana Ortega MD
[2023-02-02T10:00:35.376+0000] {logging_mixin.py:137} INFO - Janet Morales
[2023-02-02T10:00:35.382+0000] {logging_mixin.py:137} INFO - Eric Fisher
[2023-02-02T10:00:35.385+0000] {logging_mixin.py:137} INFO - Louis Baker
[2023-02-02T10:00:35.389+0000] {logging_mixin.py:137} INFO - Cindy Ward
[2023-02-02T10:00:35.392+0000] {logging_mixin.py:137} INFO - Ana Jenkins
[2023-02-02T10:00:35.394+0000] {logging_mixin.py:137} INFO - Leslie Barton
[2023-02-02T10:00:35.406+0000] {logging_mixin.py:137} INFO - Gregory Price
[2023-02-02T10:00:35.412+0000] {logging_mixin.py:137} INFO - Brandon Moore
[2023-02-02T10:00:35.414+0000] {logging_mixin.py:137} INFO - Heather Garrett
[2023-02-02T10:00:35.415+0000] {logging_mixin.py:137} INFO - Cindy Hawkins
[2023-02-02T10:00:35.416+0000] {logging_mixin.py:137} INFO - Mr. Frank Snyder Jr.
[2023-02-02T10:00:35.418+0000] {logging_mixin.py:137} INFO - Megan Wang
[2023-02-02T10:00:35.419+0000] {logging_mixin.py:137} INFO - Jennifer Fleming
[2023-02-02T10:00:35.422+0000] {logging_mixin.py:137} INFO - Gary Hodge
[2023-02-02T10:00:35.429+0000] {logging_mixin.py:137} INFO - Nichole Miller
[2023-02-02T10:00:35.436+0000] {logging_mixin.py:137} INFO - Mitchell Mendoza
[2023-02-02T10:00:35.443+0000] {logging_mixin.py:137} INFO - Bradley Horton
[2023-02-02T10:00:35.448+0000] {logging_mixin.py:137} INFO - Michelle Hess
[2023-02-02T10:00:35.451+0000] {logging_mixin.py:137} INFO - Ronald Torres
[2023-02-02T10:00:35.453+0000] {logging_mixin.py:137} INFO - Raymond Hudson
[2023-02-02T10:00:35.454+0000] {logging_mixin.py:137} INFO - Vincent Jackson
[2023-02-02T10:00:35.457+0000] {logging_mixin.py:137} INFO - Susan Carey
[2023-02-02T10:00:35.458+0000] {logging_mixin.py:137} INFO - Chase Wilson
[2023-02-02T10:00:35.461+0000] {logging_mixin.py:137} INFO - Tonya Baldwin
[2023-02-02T10:00:35.464+0000] {logging_mixin.py:137} INFO - Mrs. Tina Davis
[2023-02-02T10:00:35.474+0000] {logging_mixin.py:137} INFO - Scott Garrett
[2023-02-02T10:00:35.477+0000] {logging_mixin.py:137} INFO - Michael Wilson
[2023-02-02T10:00:35.486+0000] {logging_mixin.py:137} INFO - Andrew Orozco
[2023-02-02T10:00:35.489+0000] {logging_mixin.py:137} INFO - Troy Carson
[2023-02-02T10:00:35.490+0000] {logging_mixin.py:137} INFO - Alex Winters
[2023-02-02T10:00:35.492+0000] {logging_mixin.py:137} INFO - Toni Frank
[2023-02-02T10:00:35.493+0000] {logging_mixin.py:137} INFO - Kathleen Snyder
[2023-02-02T10:00:35.494+0000] {logging_mixin.py:137} INFO - Anna Lopez
[2023-02-02T10:00:35.496+0000] {logging_mixin.py:137} INFO - Charles Brown
[2023-02-02T10:00:35.501+0000] {logging_mixin.py:137} INFO - Barry Ross
[2023-02-02T10:00:35.502+0000] {logging_mixin.py:137} INFO - Emily Ramirez
[2023-02-02T10:00:35.505+0000] {logging_mixin.py:137} INFO - Anna Williams
[2023-02-02T10:00:35.508+0000] {logging_mixin.py:137} INFO - Kristin Pennington
[2023-02-02T10:00:35.512+0000] {logging_mixin.py:137} INFO - Mary Aguirre
[2023-02-02T10:00:35.517+0000] {logging_mixin.py:137} INFO - Austin Santos
[2023-02-02T10:00:35.520+0000] {logging_mixin.py:137} INFO - David Nelson
[2023-02-02T10:00:35.523+0000] {logging_mixin.py:137} INFO - Alyssa Mcbride
[2023-02-02T10:00:35.527+0000] {logging_mixin.py:137} INFO - Lisa Gibson
[2023-02-02T10:00:35.529+0000] {logging_mixin.py:137} INFO - Alexander Kelly
[2023-02-02T10:00:35.532+0000] {logging_mixin.py:137} INFO - Ronald Thomas
[2023-02-02T10:00:35.538+0000] {logging_mixin.py:137} INFO - Michael Hurst
[2023-02-02T10:00:35.545+0000] {logging_mixin.py:137} INFO - Lauren Ward
[2023-02-02T10:00:35.554+0000] {logging_mixin.py:137} INFO - Christian Terry
[2023-02-02T10:00:35.559+0000] {logging_mixin.py:137} INFO - Jared Black
[2023-02-02T10:00:35.563+0000] {logging_mixin.py:137} INFO - Anthony Brown
[2023-02-02T10:00:35.566+0000] {logging_mixin.py:137} INFO - John Cole
[2023-02-02T10:00:35.571+0000] {logging_mixin.py:137} INFO - David Lee
[2023-02-02T10:00:35.575+0000] {logging_mixin.py:137} INFO - Lori Thomas
[2023-02-02T10:00:35.578+0000] {logging_mixin.py:137} INFO - Daniel Herman
[2023-02-02T10:00:35.585+0000] {logging_mixin.py:137} INFO - Pam Williams
[2023-02-02T10:00:35.592+0000] {logging_mixin.py:137} INFO - Sarah Jenkins
[2023-02-02T10:00:35.594+0000] {logging_mixin.py:137} INFO - Susan Mitchell
[2023-02-02T10:00:35.596+0000] {logging_mixin.py:137} INFO - Jacqueline Green
[2023-02-02T10:00:35.598+0000] {logging_mixin.py:137} INFO - Victoria Garrison
[2023-02-02T10:00:35.604+0000] {logging_mixin.py:137} INFO - Jonathan Daniels
[2023-02-02T10:00:35.606+0000] {logging_mixin.py:137} INFO - Trevor Hansen
[2023-02-02T10:00:35.622+0000] {logging_mixin.py:137} INFO - Laurie Bowen
[2023-02-02T10:00:35.624+0000] {logging_mixin.py:137} INFO - James Cline
[2023-02-02T10:00:35.625+0000] {logging_mixin.py:137} INFO - Michael Rose
[2023-02-02T10:00:35.626+0000] {logging_mixin.py:137} INFO - Lawrence Juarez
[2023-02-02T10:00:35.629+0000] {logging_mixin.py:137} INFO - Lucas Caldwell
[2023-02-02T10:00:35.630+0000] {logging_mixin.py:137} INFO - Laura Jackson
[2023-02-02T10:00:35.632+0000] {logging_mixin.py:137} INFO - Sherri Thornton
[2023-02-02T10:00:35.633+0000] {logging_mixin.py:137} INFO - Alice Wilson
[2023-02-02T10:00:35.634+0000] {logging_mixin.py:137} INFO - Diane Williams
[2023-02-02T10:00:35.637+0000] {logging_mixin.py:137} INFO - Kara Martin
[2023-02-02T10:00:35.639+0000] {logging_mixin.py:137} INFO - Joseph Moore
[2023-02-02T10:00:35.640+0000] {logging_mixin.py:137} INFO - Jesse Moses
[2023-02-02T10:00:35.642+0000] {logging_mixin.py:137} INFO - Lisa Mccall
[2023-02-02T10:00:35.643+0000] {logging_mixin.py:137} INFO - Alexandra Mccoy
[2023-02-02T10:00:35.647+0000] {logging_mixin.py:137} INFO - Daniel Martin
[2023-02-02T10:00:35.649+0000] {logging_mixin.py:137} INFO - Claudia Peck
[2023-02-02T10:00:35.651+0000] {logging_mixin.py:137} INFO - Jessica Mcconnell
[2023-02-02T10:00:35.657+0000] {logging_mixin.py:137} INFO - Kevin Walker
[2023-02-02T10:00:35.663+0000] {logging_mixin.py:137} INFO - Christina Lee
[2023-02-02T10:00:35.671+0000] {logging_mixin.py:137} INFO - Christopher Schroeder
[2023-02-02T10:00:35.675+0000] {logging_mixin.py:137} INFO - Melissa Parker
[2023-02-02T10:00:35.676+0000] {logging_mixin.py:137} INFO - Janet Molina
[2023-02-02T10:00:35.678+0000] {logging_mixin.py:137} INFO - Barbara Harris
[2023-02-02T10:00:35.680+0000] {logging_mixin.py:137} INFO - Joseph Hurley
[2023-02-02T10:00:35.681+0000] {logging_mixin.py:137} INFO - Greg Hayden
[2023-02-02T10:00:35.684+0000] {logging_mixin.py:137} INFO - Edwin Adams
[2023-02-02T10:00:35.686+0000] {logging_mixin.py:137} INFO - Ashley Hunter
[2023-02-02T10:00:35.688+0000] {logging_mixin.py:137} INFO - Jennifer Tucker
[2023-02-02T10:00:35.692+0000] {logging_mixin.py:137} INFO - Eddie Gray
[2023-02-02T10:00:35.696+0000] {logging_mixin.py:137} INFO - Jennifer Evans
[2023-02-02T10:00:35.700+0000] {logging_mixin.py:137} INFO - Stephen Carey
[2023-02-02T10:00:35.702+0000] {logging_mixin.py:137} INFO - Samantha Campos
[2023-02-02T10:00:35.704+0000] {logging_mixin.py:137} INFO - Meagan Brown
[2023-02-02T10:00:35.706+0000] {logging_mixin.py:137} INFO - Miss Marisa Barber
[2023-02-02T10:00:35.707+0000] {logging_mixin.py:137} INFO - Jay Mann
[2023-02-02T10:00:35.709+0000] {logging_mixin.py:137} INFO - Matthew Campbell
[2023-02-02T10:00:35.711+0000] {logging_mixin.py:137} INFO - Brent Rodriguez
[2023-02-02T10:00:35.715+0000] {logging_mixin.py:137} INFO - Teresa Ross
[2023-02-02T10:00:35.717+0000] {logging_mixin.py:137} INFO - Mary Martinez
[2023-02-02T10:00:35.719+0000] {logging_mixin.py:137} INFO - Joseph Lewis
[2023-02-02T10:00:35.721+0000] {logging_mixin.py:137} INFO - Dale Davis
[2023-02-02T10:00:35.722+0000] {logging_mixin.py:137} INFO - Elizabeth Evans
[2023-02-02T10:00:35.729+0000] {logging_mixin.py:137} INFO - Shannon Wang
[2023-02-02T10:00:35.734+0000] {logging_mixin.py:137} INFO - Brandon Campbell
[2023-02-02T10:00:35.757+0000] {logging_mixin.py:137} INFO - Rhonda Pace
[2023-02-02T10:00:35.768+0000] {logging_mixin.py:137} INFO - Sarah Santos
[2023-02-02T10:00:35.774+0000] {logging_mixin.py:137} INFO - Jacob Ford
[2023-02-02T10:00:35.782+0000] {logging_mixin.py:137} INFO - Matthew Hansen
[2023-02-02T10:00:35.798+0000] {logging_mixin.py:137} INFO - Amy Ray
[2023-02-02T10:00:35.800+0000] {logging_mixin.py:137} INFO - Aaron Fields
[2023-02-02T10:00:35.806+0000] {logging_mixin.py:137} INFO - Mary Taylor
[2023-02-02T10:00:35.809+0000] {logging_mixin.py:137} INFO - James Morris
[2023-02-02T10:00:35.811+0000] {logging_mixin.py:137} INFO - Darrell Cain
[2023-02-02T10:00:35.814+0000] {logging_mixin.py:137} INFO - Michael Smith
[2023-02-02T10:00:35.817+0000] {logging_mixin.py:137} INFO - Scott Coleman
[2023-02-02T10:00:35.822+0000] {logging_mixin.py:137} INFO - David Fitzpatrick
[2023-02-02T10:00:35.825+0000] {logging_mixin.py:137} INFO - Debra Shepherd
[2023-02-02T10:00:35.828+0000] {logging_mixin.py:137} INFO - Paul Rush
[2023-02-02T10:00:35.837+0000] {logging_mixin.py:137} INFO - Brett Hernandez
[2023-02-02T10:00:35.839+0000] {logging_mixin.py:137} INFO - Sheila Riddle
[2023-02-02T10:00:35.844+0000] {logging_mixin.py:137} INFO - Joan Austin
[2023-02-02T10:00:35.846+0000] {logging_mixin.py:137} INFO - Michael Garcia
[2023-02-02T10:00:35.856+0000] {logging_mixin.py:137} INFO - Natalie Harris
[2023-02-02T10:00:35.859+0000] {logging_mixin.py:137} INFO - Steven Dean
[2023-02-02T10:00:35.862+0000] {logging_mixin.py:137} INFO - John Brown
[2023-02-02T10:00:35.866+0000] {logging_mixin.py:137} INFO - Keith Zimmerman
[2023-02-02T10:00:35.872+0000] {logging_mixin.py:137} INFO - Curtis Byrd
[2023-02-02T10:00:35.875+0000] {logging_mixin.py:137} INFO - Mariah Green
[2023-02-02T10:00:35.877+0000] {logging_mixin.py:137} INFO - Roger Huynh
[2023-02-02T10:00:35.880+0000] {logging_mixin.py:137} INFO - Christopher Zamora
[2023-02-02T10:00:35.885+0000] {logging_mixin.py:137} INFO - Joyce Crawford
[2023-02-02T10:00:35.888+0000] {logging_mixin.py:137} INFO - Angela Smith
[2023-02-02T10:00:35.891+0000] {logging_mixin.py:137} INFO - Veronica Robinson
[2023-02-02T10:00:35.900+0000] {logging_mixin.py:137} INFO - Christopher Bates
[2023-02-02T10:00:35.908+0000] {logging_mixin.py:137} INFO - Steve Stone
[2023-02-02T10:00:35.910+0000] {logging_mixin.py:137} INFO - William Cook
[2023-02-02T10:00:35.919+0000] {logging_mixin.py:137} INFO - Lori Wood
[2023-02-02T10:00:35.923+0000] {logging_mixin.py:137} INFO - Jillian Reynolds
[2023-02-02T10:00:35.928+0000] {logging_mixin.py:137} INFO - Angela Caldwell
[2023-02-02T10:00:35.934+0000] {logging_mixin.py:137} INFO - Shane Campbell
[2023-02-02T10:00:35.939+0000] {logging_mixin.py:137} INFO - Karen Lawrence
[2023-02-02T10:00:35.945+0000] {logging_mixin.py:137} INFO - Kimberly Wood
[2023-02-02T10:00:35.951+0000] {logging_mixin.py:137} INFO - Samantha Lopez
[2023-02-02T10:00:35.956+0000] {logging_mixin.py:137} INFO - Harold Miller
[2023-02-02T10:00:35.960+0000] {logging_mixin.py:137} INFO - Raymond Cooper DVM
[2023-02-02T10:00:35.962+0000] {logging_mixin.py:137} INFO - Kristen Patel
[2023-02-02T10:00:35.964+0000] {logging_mixin.py:137} INFO - Anthony Mejia
[2023-02-02T10:00:35.967+0000] {logging_mixin.py:137} INFO - Raymond Thomas
[2023-02-02T10:00:35.975+0000] {logging_mixin.py:137} INFO - Scott Young
[2023-02-02T10:00:35.978+0000] {logging_mixin.py:137} INFO - David Larson
[2023-02-02T10:00:35.994+0000] {logging_mixin.py:137} INFO - Jon Murray
[2023-02-02T10:00:35.997+0000] {logging_mixin.py:137} INFO - Stephen Taylor
[2023-02-02T10:00:36.000+0000] {logging_mixin.py:137} INFO - Jennifer Hernandez
[2023-02-02T10:00:36.002+0000] {logging_mixin.py:137} INFO - Stacy Smith
[2023-02-02T10:00:36.005+0000] {logging_mixin.py:137} INFO - Juan Owens
[2023-02-02T10:00:36.015+0000] {logging_mixin.py:137} INFO - Brian Adkins
[2023-02-02T10:00:36.020+0000] {logging_mixin.py:137} INFO - Jesse Wells
[2023-02-02T10:00:36.025+0000] {logging_mixin.py:137} INFO - Kyle Matthews
[2023-02-02T10:00:36.027+0000] {logging_mixin.py:137} INFO - Dustin Russell
[2023-02-02T10:00:36.030+0000] {logging_mixin.py:137} INFO - Richard White
[2023-02-02T10:00:36.036+0000] {logging_mixin.py:137} INFO - Brittany Nichols
[2023-02-02T10:00:36.043+0000] {logging_mixin.py:137} INFO - Colton Kelly
[2023-02-02T10:00:36.047+0000] {logging_mixin.py:137} INFO - William Perry
[2023-02-02T10:00:36.050+0000] {logging_mixin.py:137} INFO - Thomas Cummings
[2023-02-02T10:00:36.059+0000] {logging_mixin.py:137} INFO - Timothy Ballard
[2023-02-02T10:00:36.067+0000] {logging_mixin.py:137} INFO - Richard Washington
[2023-02-02T10:00:36.078+0000] {logging_mixin.py:137} INFO - Joshua Lam
[2023-02-02T10:00:36.080+0000] {logging_mixin.py:137} INFO - Grant Jackson
[2023-02-02T10:00:36.089+0000] {logging_mixin.py:137} INFO - Erin Baker
[2023-02-02T10:00:36.091+0000] {logging_mixin.py:137} INFO - Scott Flowers
[2023-02-02T10:00:36.094+0000] {logging_mixin.py:137} INFO - James Adams
[2023-02-02T10:00:36.110+0000] {logging_mixin.py:137} INFO - Heather Alvarado
[2023-02-02T10:00:36.112+0000] {logging_mixin.py:137} INFO - Jennifer Snow
[2023-02-02T10:00:36.114+0000] {logging_mixin.py:137} INFO - Mario Jackson
[2023-02-02T10:00:36.116+0000] {logging_mixin.py:137} INFO - Kevin Collins
[2023-02-02T10:00:36.117+0000] {logging_mixin.py:137} INFO - Danielle Garcia
[2023-02-02T10:00:36.119+0000] {logging_mixin.py:137} INFO - Brenda Jackson
[2023-02-02T10:00:36.120+0000] {logging_mixin.py:137} INFO - Ashley Parker
[2023-02-02T10:00:36.123+0000] {logging_mixin.py:137} INFO - Angela Hickman
[2023-02-02T10:00:36.134+0000] {logging_mixin.py:137} INFO - Carol Rodriguez
[2023-02-02T10:00:36.138+0000] {logging_mixin.py:137} INFO - Vernon Anderson
[2023-02-02T10:00:36.140+0000] {logging_mixin.py:137} INFO - Jesus Church
[2023-02-02T10:00:36.143+0000] {logging_mixin.py:137} INFO - Michelle Medina
[2023-02-02T10:00:36.145+0000] {logging_mixin.py:137} INFO - Nancy Bryant
[2023-02-02T10:00:36.147+0000] {logging_mixin.py:137} INFO - Jennifer Martinez
[2023-02-02T10:00:36.149+0000] {logging_mixin.py:137} INFO - Amy Dougherty
[2023-02-02T10:00:36.157+0000] {logging_mixin.py:137} INFO - Alexis Sanders
[2023-02-02T10:00:36.159+0000] {logging_mixin.py:137} INFO - Austin Salazar
[2023-02-02T10:00:36.160+0000] {logging_mixin.py:137} INFO - Amy Williams
[2023-02-02T10:00:36.162+0000] {logging_mixin.py:137} INFO - Richard Haynes
[2023-02-02T10:00:36.164+0000] {logging_mixin.py:137} INFO - Christine Stark
[2023-02-02T10:00:36.175+0000] {logging_mixin.py:137} INFO - Anita Medina
[2023-02-02T10:00:36.178+0000] {logging_mixin.py:137} INFO - Mr. Thomas Duran
[2023-02-02T10:00:36.180+0000] {logging_mixin.py:137} INFO - Mr. Russell Peterson
[2023-02-02T10:00:36.181+0000] {logging_mixin.py:137} INFO - Jack Richard
[2023-02-02T10:00:36.183+0000] {logging_mixin.py:137} INFO - Michelle Erickson
[2023-02-02T10:00:36.185+0000] {logging_mixin.py:137} INFO - Mitchell Williams
[2023-02-02T10:00:36.187+0000] {logging_mixin.py:137} INFO - Adrian Herrera
[2023-02-02T10:00:36.189+0000] {logging_mixin.py:137} INFO - Michael Brady
[2023-02-02T10:00:36.194+0000] {logging_mixin.py:137} INFO - Jamie Zhang
[2023-02-02T10:00:36.195+0000] {logging_mixin.py:137} INFO - Helen Brennan
[2023-02-02T10:00:36.197+0000] {logging_mixin.py:137} INFO - John Myers
[2023-02-02T10:00:36.200+0000] {logging_mixin.py:137} INFO - Patricia Nash
[2023-02-02T10:00:36.209+0000] {logging_mixin.py:137} INFO - Michael Johnson
[2023-02-02T10:00:36.211+0000] {logging_mixin.py:137} INFO - Anita Berger
[2023-02-02T10:00:36.216+0000] {logging_mixin.py:137} INFO - Jason Guerrero DVM
[2023-02-02T10:00:36.219+0000] {logging_mixin.py:137} INFO - Kimberly Davis
[2023-02-02T10:00:36.232+0000] {logging_mixin.py:137} INFO - Bryan Hansen
[2023-02-02T10:00:36.247+0000] {logging_mixin.py:137} INFO - Rebecca Obrien
[2023-02-02T10:00:36.259+0000] {logging_mixin.py:137} INFO - Sarah Santiago
[2023-02-02T10:00:36.263+0000] {logging_mixin.py:137} INFO - Christine Lane
[2023-02-02T10:00:36.265+0000] {logging_mixin.py:137} INFO - Jerry Lewis
[2023-02-02T10:00:36.267+0000] {logging_mixin.py:137} INFO - Stephanie Miller
[2023-02-02T10:00:36.269+0000] {logging_mixin.py:137} INFO - Kristi Bradley
[2023-02-02T10:00:36.271+0000] {logging_mixin.py:137} INFO - Darren Moore
[2023-02-02T10:00:36.272+0000] {logging_mixin.py:137} INFO - Kristina Cunningham
[2023-02-02T10:00:36.276+0000] {logging_mixin.py:137} INFO - Laurie Moore
[2023-02-02T10:00:36.279+0000] {logging_mixin.py:137} INFO - Aaron Lewis
[2023-02-02T10:00:36.282+0000] {logging_mixin.py:137} INFO - Theresa Vang
[2023-02-02T10:00:36.289+0000] {logging_mixin.py:137} INFO - Chase Reese
[2023-02-02T10:00:36.291+0000] {logging_mixin.py:137} INFO - Matthew Ferguson
[2023-02-02T10:00:36.293+0000] {logging_mixin.py:137} INFO - Victoria Lewis
[2023-02-02T10:00:36.296+0000] {logging_mixin.py:137} INFO - Jon Scott
[2023-02-02T10:00:36.298+0000] {logging_mixin.py:137} INFO - Lisa Campbell
[2023-02-02T10:00:36.300+0000] {logging_mixin.py:137} INFO - David Ramirez
[2023-02-02T10:00:36.303+0000] {logging_mixin.py:137} INFO - Gabriel Rosario
[2023-02-02T10:00:36.305+0000] {logging_mixin.py:137} INFO - Kristi Johnson
[2023-02-02T10:00:36.314+0000] {logging_mixin.py:137} INFO - Jennifer Schwartz
[2023-02-02T10:00:36.318+0000] {logging_mixin.py:137} INFO - Daniel Norton
[2023-02-02T10:00:36.321+0000] {logging_mixin.py:137} INFO - Richard Montoya
[2023-02-02T10:00:36.339+0000] {logging_mixin.py:137} INFO - Daniel Norris
[2023-02-02T10:00:36.342+0000] {logging_mixin.py:137} INFO - Chad Taylor
[2023-02-02T10:00:36.358+0000] {logging_mixin.py:137} INFO - Angie Allen
[2023-02-02T10:00:36.362+0000] {logging_mixin.py:137} INFO - Michael Brooks
[2023-02-02T10:00:36.368+0000] {logging_mixin.py:137} INFO - Hannah Poole
[2023-02-02T10:00:36.383+0000] {logging_mixin.py:137} INFO - Caitlin Ray
[2023-02-02T10:00:36.390+0000] {logging_mixin.py:137} INFO - Mr. Steven Gardner
[2023-02-02T10:00:36.393+0000] {logging_mixin.py:137} INFO - Jennifer Macdonald
[2023-02-02T10:00:36.395+0000] {logging_mixin.py:137} INFO - Vanessa Small
[2023-02-02T10:00:36.398+0000] {logging_mixin.py:137} INFO - Dennis Gray
[2023-02-02T10:00:36.401+0000] {logging_mixin.py:137} INFO - Sandra Kirk
[2023-02-02T10:00:36.405+0000] {logging_mixin.py:137} INFO - Jason Wagner
[2023-02-02T10:00:36.408+0000] {logging_mixin.py:137} INFO - David Owen
[2023-02-02T10:00:36.419+0000] {logging_mixin.py:137} INFO - Rose Terrell
[2023-02-02T10:00:36.426+0000] {logging_mixin.py:137} INFO - James Green MD
[2023-02-02T10:00:36.434+0000] {logging_mixin.py:137} INFO - Tammy Patel
[2023-02-02T10:00:36.451+0000] {logging_mixin.py:137} INFO - Joseph Lucero
[2023-02-02T10:00:36.455+0000] {logging_mixin.py:137} INFO - Stephanie Rojas
[2023-02-02T10:00:36.461+0000] {logging_mixin.py:137} INFO - Brittany Johnson
[2023-02-02T10:00:36.465+0000] {logging_mixin.py:137} INFO - Christina Cummings
[2023-02-02T10:00:36.467+0000] {logging_mixin.py:137} INFO - Eric Downs
[2023-02-02T10:00:36.471+0000] {logging_mixin.py:137} INFO - Paul Finley
[2023-02-02T10:00:36.481+0000] {logging_mixin.py:137} INFO - Danielle Jackson
[2023-02-02T10:00:36.484+0000] {logging_mixin.py:137} INFO - Anna Johnston
[2023-02-02T10:00:36.488+0000] {logging_mixin.py:137} INFO - Ashlee Hodges
[2023-02-02T10:00:36.493+0000] {logging_mixin.py:137} INFO - Thomas Francis
[2023-02-02T10:00:36.501+0000] {logging_mixin.py:137} INFO - Cody Baird
[2023-02-02T10:00:36.510+0000] {logging_mixin.py:137} INFO - Jeffrey Walter
[2023-02-02T10:00:36.515+0000] {logging_mixin.py:137} INFO - Hannah West
[2023-02-02T10:00:36.519+0000] {logging_mixin.py:137} INFO - Anthony Byrd
[2023-02-02T10:00:36.520+0000] {logging_mixin.py:137} INFO - Julie Ramirez
[2023-02-02T10:00:36.529+0000] {logging_mixin.py:137} INFO - Seth Peters
[2023-02-02T10:00:36.542+0000] {logging_mixin.py:137} INFO - Keith Salas
[2023-02-02T10:00:36.552+0000] {logging_mixin.py:137} INFO - Kathryn Evans
[2023-02-02T10:00:36.561+0000] {logging_mixin.py:137} INFO - Dr. Maria Scott
[2023-02-02T10:00:36.570+0000] {logging_mixin.py:137} INFO - Brenda Thomas
[2023-02-02T10:00:36.573+0000] {logging_mixin.py:137} INFO - Travis Douglas
[2023-02-02T10:00:36.586+0000] {logging_mixin.py:137} INFO - Kurt Santos
[2023-02-02T10:00:36.606+0000] {logging_mixin.py:137} INFO - Sean Parrish
[2023-02-02T10:00:36.614+0000] {logging_mixin.py:137} INFO - Brittany Walls
[2023-02-02T10:00:36.617+0000] {logging_mixin.py:137} INFO - Gail Brooks
[2023-02-02T10:00:36.620+0000] {logging_mixin.py:137} INFO - Valerie Johnson
[2023-02-02T10:00:36.623+0000] {logging_mixin.py:137} INFO - Jessica Dunn
[2023-02-02T10:00:36.634+0000] {logging_mixin.py:137} INFO - Chad Robinson
[2023-02-02T10:00:36.661+0000] {logging_mixin.py:137} INFO - Catherine Combs
[2023-02-02T10:00:36.665+0000] {logging_mixin.py:137} INFO - Joshua Boyd
[2023-02-02T10:00:36.670+0000] {logging_mixin.py:137} INFO - Alicia Barnett DVM
[2023-02-02T10:00:36.673+0000] {logging_mixin.py:137} INFO - Kevin Cervantes
[2023-02-02T10:00:36.677+0000] {logging_mixin.py:137} INFO - Larry Lester
[2023-02-02T10:00:36.684+0000] {logging_mixin.py:137} INFO - Deanna Espinoza
[2023-02-02T10:00:36.689+0000] {logging_mixin.py:137} INFO - Marilyn Davis
[2023-02-02T10:00:36.697+0000] {logging_mixin.py:137} INFO - Michael Weeks
[2023-02-02T10:00:36.708+0000] {logging_mixin.py:137} INFO - Brandon Stanton
[2023-02-02T10:00:36.714+0000] {logging_mixin.py:137} INFO - Ryan Boyer Jr.
[2023-02-02T10:00:36.716+0000] {logging_mixin.py:137} INFO - Amanda Elliott
[2023-02-02T10:00:36.720+0000] {logging_mixin.py:137} INFO - David Moore
[2023-02-02T10:00:36.722+0000] {logging_mixin.py:137} INFO - Andre Williams
[2023-02-02T10:00:36.725+0000] {logging_mixin.py:137} INFO - Jennifer Garcia
[2023-02-02T10:00:36.728+0000] {logging_mixin.py:137} INFO - Tracey Cook
[2023-02-02T10:00:36.732+0000] {logging_mixin.py:137} INFO - Michael Turner
[2023-02-02T10:00:36.737+0000] {logging_mixin.py:137} INFO - Diana Long
[2023-02-02T10:00:36.744+0000] {logging_mixin.py:137} INFO - John Bradley
[2023-02-02T10:00:36.746+0000] {logging_mixin.py:137} INFO - Ann Benjamin
[2023-02-02T10:00:36.748+0000] {logging_mixin.py:137} INFO - Shane House
[2023-02-02T10:00:36.755+0000] {logging_mixin.py:137} INFO - Erin Lee
[2023-02-02T10:00:36.762+0000] {logging_mixin.py:137} INFO - Joseph Gray
[2023-02-02T10:00:36.770+0000] {logging_mixin.py:137} INFO - Betty Gibson
[2023-02-02T10:00:36.772+0000] {logging_mixin.py:137} INFO - Kristen Graham
[2023-02-02T10:00:36.775+0000] {logging_mixin.py:137} INFO - Daniel Meza
[2023-02-02T10:00:36.777+0000] {logging_mixin.py:137} INFO - Sherri Carpenter
[2023-02-02T10:00:36.780+0000] {logging_mixin.py:137} INFO - Andrea Sanchez
[2023-02-02T10:00:36.783+0000] {logging_mixin.py:137} INFO - Jordan Rios
[2023-02-02T10:00:36.787+0000] {logging_mixin.py:137} INFO - Elizabeth Jackson
[2023-02-02T10:00:36.798+0000] {logging_mixin.py:137} INFO - Elizabeth Myers
[2023-02-02T10:00:36.800+0000] {logging_mixin.py:137} INFO - Juan Barnes
[2023-02-02T10:00:36.803+0000] {logging_mixin.py:137} INFO - Christopher Lozano
[2023-02-02T10:00:36.804+0000] {logging_mixin.py:137} INFO - Jacqueline Griffin
[2023-02-02T10:00:36.806+0000] {logging_mixin.py:137} INFO - Ryan Mason
[2023-02-02T10:00:36.810+0000] {logging_mixin.py:137} INFO - Jonathan Moore
[2023-02-02T10:00:36.813+0000] {logging_mixin.py:137} INFO - Abigail Landry
[2023-02-02T10:00:36.815+0000] {logging_mixin.py:137} INFO - Brenda Hernandez
[2023-02-02T10:00:36.817+0000] {logging_mixin.py:137} INFO - Zachary Pitts
[2023-02-02T10:00:36.819+0000] {logging_mixin.py:137} INFO - Amanda Rogers
[2023-02-02T10:00:36.821+0000] {logging_mixin.py:137} INFO - Cynthia Gray
[2023-02-02T10:00:36.831+0000] {logging_mixin.py:137} INFO - Tyler Barajas
[2023-02-02T10:00:36.834+0000] {logging_mixin.py:137} INFO - Michelle Leon
[2023-02-02T10:00:36.835+0000] {logging_mixin.py:137} INFO - Kathy Lang
[2023-02-02T10:00:36.837+0000] {logging_mixin.py:137} INFO - Scott Townsend MD
[2023-02-02T10:00:36.841+0000] {logging_mixin.py:137} INFO - Theresa Acosta
[2023-02-02T10:00:36.843+0000] {logging_mixin.py:137} INFO - David Jones
[2023-02-02T10:00:36.846+0000] {logging_mixin.py:137} INFO - Jeremy Robinson
[2023-02-02T10:00:36.853+0000] {logging_mixin.py:137} INFO - James Newton
[2023-02-02T10:00:36.864+0000] {logging_mixin.py:137} INFO - Tracey Wells
[2023-02-02T10:00:36.865+0000] {logging_mixin.py:137} INFO - Maria Nelson
[2023-02-02T10:00:36.867+0000] {logging_mixin.py:137} INFO - Christopher Griffith
[2023-02-02T10:00:36.871+0000] {logging_mixin.py:137} INFO - Zachary Griffin
[2023-02-02T10:00:36.872+0000] {logging_mixin.py:137} INFO - Amy Nguyen
[2023-02-02T10:00:36.878+0000] {logging_mixin.py:137} INFO - April Williams
[2023-02-02T10:00:36.881+0000] {logging_mixin.py:137} INFO - Marissa Kelly
[2023-02-02T10:00:36.882+0000] {logging_mixin.py:137} INFO - Brian Lopez PhD
[2023-02-02T10:00:36.887+0000] {logging_mixin.py:137} INFO - William Williams
[2023-02-02T10:00:36.890+0000] {logging_mixin.py:137} INFO - Norman Brown
[2023-02-02T10:00:36.897+0000] {logging_mixin.py:137} INFO - Charles Fuentes
[2023-02-02T10:00:36.900+0000] {logging_mixin.py:137} INFO - Anthony Chang
[2023-02-02T10:00:36.903+0000] {logging_mixin.py:137} INFO - Mary Bell
[2023-02-02T10:00:36.915+0000] {logging_mixin.py:137} INFO - Elizabeth Stuart
[2023-02-02T10:00:36.917+0000] {logging_mixin.py:137} INFO - Mary Mcdonald
[2023-02-02T10:00:36.921+0000] {logging_mixin.py:137} INFO - Martin Harrison
[2023-02-02T10:00:36.925+0000] {logging_mixin.py:137} INFO - Stephanie Fernandez
[2023-02-02T10:00:36.946+0000] {logging_mixin.py:137} INFO - Christopher Brown
[2023-02-02T10:00:36.961+0000] {logging_mixin.py:137} INFO - Alexander Stephenson
[2023-02-02T10:00:36.965+0000] {logging_mixin.py:137} INFO - Grace Diaz
[2023-02-02T10:00:36.968+0000] {logging_mixin.py:137} INFO - Frank Bartlett
[2023-02-02T10:00:36.974+0000] {logging_mixin.py:137} INFO - Audrey Andersen
[2023-02-02T10:00:36.984+0000] {logging_mixin.py:137} INFO - David Green
[2023-02-02T10:00:36.991+0000] {logging_mixin.py:137} INFO - Joshua Diaz Jr.
[2023-02-02T10:00:37.011+0000] {logging_mixin.py:137} INFO - Emily Garcia
[2023-02-02T10:00:37.022+0000] {logging_mixin.py:137} INFO - Devin Hall
[2023-02-02T10:00:37.028+0000] {logging_mixin.py:137} INFO - Phillip Garner
[2023-02-02T10:00:37.057+0000] {logging_mixin.py:137} INFO - Katherine Estrada
[2023-02-02T10:00:37.061+0000] {logging_mixin.py:137} INFO - Corey Saunders
[2023-02-02T10:00:37.074+0000] {logging_mixin.py:137} INFO - Kimberly Collins
[2023-02-02T10:00:37.081+0000] {logging_mixin.py:137} INFO - Amy Elliott
[2023-02-02T10:00:37.089+0000] {logging_mixin.py:137} INFO - Tanya Jones
[2023-02-02T10:00:37.091+0000] {logging_mixin.py:137} INFO - Patricia Gonzalez
[2023-02-02T10:00:37.097+0000] {logging_mixin.py:137} INFO - Jennifer Hill
[2023-02-02T10:00:37.106+0000] {logging_mixin.py:137} INFO - John Haynes
[2023-02-02T10:00:37.113+0000] {logging_mixin.py:137} INFO - Jacob Henry
[2023-02-02T10:00:37.123+0000] {logging_mixin.py:137} INFO - Daniel Clark
[2023-02-02T10:00:37.137+0000] {logging_mixin.py:137} INFO - Jonathon Taylor
[2023-02-02T10:00:37.146+0000] {logging_mixin.py:137} INFO - Jesse Evans
[2023-02-02T10:00:37.157+0000] {logging_mixin.py:137} INFO - James Martinez
[2023-02-02T10:00:37.186+0000] {logging_mixin.py:137} INFO - Kyle Reyes
[2023-02-02T10:00:37.195+0000] {logging_mixin.py:137} INFO - Terrence Barker
[2023-02-02T10:00:37.198+0000] {logging_mixin.py:137} INFO - Anthony Washington
[2023-02-02T10:00:37.206+0000] {logging_mixin.py:137} INFO - Dustin Le
[2023-02-02T10:00:37.209+0000] {logging_mixin.py:137} INFO - Bruce Clark
[2023-02-02T10:00:37.215+0000] {logging_mixin.py:137} INFO - Keith Anthony
[2023-02-02T10:00:37.217+0000] {logging_mixin.py:137} INFO - Jeremiah Stone
[2023-02-02T10:00:37.220+0000] {logging_mixin.py:137} INFO - Michael Haley
[2023-02-02T10:00:37.222+0000] {logging_mixin.py:137} INFO - Regina Carrillo
[2023-02-02T10:00:37.229+0000] {logging_mixin.py:137} INFO - Jacob Lee
[2023-02-02T10:00:37.233+0000] {logging_mixin.py:137} INFO - Thomas Gonzalez
[2023-02-02T10:00:37.236+0000] {logging_mixin.py:137} INFO - Mark Lawrence
[2023-02-02T10:00:37.245+0000] {logging_mixin.py:137} INFO - Matthew Anderson
[2023-02-02T10:00:37.249+0000] {logging_mixin.py:137} INFO - Nicholas Young
[2023-02-02T10:00:37.252+0000] {logging_mixin.py:137} INFO - Melvin Martinez
[2023-02-02T10:00:37.258+0000] {logging_mixin.py:137} INFO - Scott Green
[2023-02-02T10:00:37.259+0000] {logging_mixin.py:137} INFO - Dana Richards
[2023-02-02T10:00:37.262+0000] {logging_mixin.py:137} INFO - Lauren Moore
[2023-02-02T10:00:37.265+0000] {logging_mixin.py:137} INFO - Terry Campbell
[2023-02-02T10:00:37.272+0000] {logging_mixin.py:137} INFO - Ralph Jordan
[2023-02-02T10:00:37.275+0000] {logging_mixin.py:137} INFO - Noah Reyes
[2023-02-02T10:00:37.278+0000] {logging_mixin.py:137} INFO - Mr. Gregory Mills MD
[2023-02-02T10:00:37.286+0000] {logging_mixin.py:137} INFO - Michelle Yates
[2023-02-02T10:00:37.298+0000] {logging_mixin.py:137} INFO - Robin Reyes
[2023-02-02T10:00:37.302+0000] {logging_mixin.py:137} INFO - Rebecca Smith
[2023-02-02T10:00:37.320+0000] {logging_mixin.py:137} INFO - Nicole Torres
[2023-02-02T10:00:37.324+0000] {logging_mixin.py:137} INFO - Ronald Jones
[2023-02-02T10:00:37.332+0000] {logging_mixin.py:137} INFO - Michael Castaneda
[2023-02-02T10:00:37.334+0000] {logging_mixin.py:137} INFO - Christopher Krueger
[2023-02-02T10:00:37.335+0000] {logging_mixin.py:137} INFO - Jennifer Werner
[2023-02-02T10:00:37.337+0000] {logging_mixin.py:137} INFO - Ashley Smith
[2023-02-02T10:00:37.339+0000] {logging_mixin.py:137} INFO - Alyssa Fields
[2023-02-02T10:00:37.341+0000] {logging_mixin.py:137} INFO - John Scott
[2023-02-02T10:00:37.344+0000] {logging_mixin.py:137} INFO - Debra Delacruz
[2023-02-02T10:00:37.346+0000] {logging_mixin.py:137} INFO - James Madden
[2023-02-02T10:00:37.352+0000] {logging_mixin.py:137} INFO - Joseph Gentry
[2023-02-02T10:00:37.360+0000] {logging_mixin.py:137} INFO - Ashley Cabrera
[2023-02-02T10:00:37.363+0000] {logging_mixin.py:137} INFO - Jennifer Fernandez
[2023-02-02T10:00:37.371+0000] {logging_mixin.py:137} INFO - James Harris
[2023-02-02T10:00:37.375+0000] {logging_mixin.py:137} INFO - Candice Young
[2023-02-02T10:00:37.378+0000] {logging_mixin.py:137} INFO - Lisa Baker
[2023-02-02T10:00:37.390+0000] {logging_mixin.py:137} INFO - Brian Mills DDS
[2023-02-02T10:00:37.396+0000] {logging_mixin.py:137} INFO - Kristin Smith
[2023-02-02T10:00:37.398+0000] {logging_mixin.py:137} INFO - Jacob Collins
[2023-02-02T10:00:37.403+0000] {logging_mixin.py:137} INFO - Kimberly Harris
[2023-02-02T10:00:37.406+0000] {logging_mixin.py:137} INFO - Michael Hull
[2023-02-02T10:00:37.413+0000] {logging_mixin.py:137} INFO - Caitlin Todd
[2023-02-02T10:00:37.421+0000] {logging_mixin.py:137} INFO - Lisa Harris
[2023-02-02T10:00:37.428+0000] {logging_mixin.py:137} INFO - Mrs. Ann Stone
[2023-02-02T10:00:37.432+0000] {logging_mixin.py:137} INFO - Michelle Case
[2023-02-02T10:00:37.434+0000] {logging_mixin.py:137} INFO - Joe Lowe
[2023-02-02T10:00:37.440+0000] {logging_mixin.py:137} INFO - Randall Dunn
[2023-02-02T10:00:37.444+0000] {logging_mixin.py:137} INFO - Paula Vargas
[2023-02-02T10:00:37.450+0000] {logging_mixin.py:137} INFO - Daniel Walker
[2023-02-02T10:00:37.461+0000] {logging_mixin.py:137} INFO - James Jackson
[2023-02-02T10:00:37.473+0000] {logging_mixin.py:137} INFO - Shirley Woodard
[2023-02-02T10:00:37.478+0000] {logging_mixin.py:137} INFO - James Hayes
[2023-02-02T10:00:37.486+0000] {logging_mixin.py:137} INFO - Megan Austin
[2023-02-02T10:00:37.490+0000] {logging_mixin.py:137} INFO - Erin Robertson
[2023-02-02T10:00:37.495+0000] {logging_mixin.py:137} INFO - Robert Phillips
[2023-02-02T10:00:37.502+0000] {logging_mixin.py:137} INFO - Amy Torres
[2023-02-02T10:00:37.505+0000] {logging_mixin.py:137} INFO - Joshua Cox
[2023-02-02T10:00:37.507+0000] {logging_mixin.py:137} INFO - Duane Grimes
[2023-02-02T10:00:37.513+0000] {logging_mixin.py:137} INFO - Jennifer Burgess
[2023-02-02T10:00:37.517+0000] {logging_mixin.py:137} INFO - Carlos Duran
[2023-02-02T10:00:37.519+0000] {logging_mixin.py:137} INFO - Jason Johnson
[2023-02-02T10:00:37.528+0000] {logging_mixin.py:137} INFO - Cameron Greer
[2023-02-02T10:00:37.531+0000] {logging_mixin.py:137} INFO - Randall Williams
[2023-02-02T10:00:37.533+0000] {logging_mixin.py:137} INFO - Jessica Harris
[2023-02-02T10:00:37.534+0000] {logging_mixin.py:137} INFO - Joshua Rogers
[2023-02-02T10:00:37.536+0000] {logging_mixin.py:137} INFO - Jose Mahoney
[2023-02-02T10:00:37.538+0000] {logging_mixin.py:137} INFO - Brandy Fuentes
[2023-02-02T10:00:37.541+0000] {logging_mixin.py:137} INFO - Angelica Matthews
[2023-02-02T10:00:37.547+0000] {logging_mixin.py:137} INFO - Glenn Caldwell
[2023-02-02T10:00:37.551+0000] {logging_mixin.py:137} INFO - Cristian Delacruz
[2023-02-02T10:00:37.558+0000] {logging_mixin.py:137} INFO - Alexandra Price
[2023-02-02T10:00:37.564+0000] {logging_mixin.py:137} INFO - Heather Wilson
[2023-02-02T10:00:37.566+0000] {logging_mixin.py:137} INFO - Shawn Thompson
[2023-02-02T10:00:37.568+0000] {logging_mixin.py:137} INFO - Anna Daniel
[2023-02-02T10:00:37.570+0000] {logging_mixin.py:137} INFO - Joseph Cisneros
[2023-02-02T10:00:37.572+0000] {logging_mixin.py:137} INFO - Rebecca Estes
[2023-02-02T10:00:37.578+0000] {logging_mixin.py:137} INFO - Jeremy Porter
[2023-02-02T10:00:37.582+0000] {logging_mixin.py:137} INFO - Lisa Mann
[2023-02-02T10:00:37.584+0000] {logging_mixin.py:137} INFO - Michael Woods
[2023-02-02T10:00:37.587+0000] {logging_mixin.py:137} INFO - Madison Thompson
[2023-02-02T10:00:37.591+0000] {logging_mixin.py:137} INFO - Nancy Gomez
[2023-02-02T10:00:37.599+0000] {logging_mixin.py:137} INFO - Julie Blanchard
[2023-02-02T10:00:37.601+0000] {logging_mixin.py:137} INFO - Michael Smith
[2023-02-02T10:00:37.603+0000] {logging_mixin.py:137} INFO - Angel Huber
[2023-02-02T10:00:37.608+0000] {logging_mixin.py:137} INFO - Michael Coffey
[2023-02-02T10:00:37.611+0000] {logging_mixin.py:137} INFO - Patrick Walter
[2023-02-02T10:00:37.620+0000] {logging_mixin.py:137} INFO - Curtis Davis
[2023-02-02T10:00:37.625+0000] {logging_mixin.py:137} INFO - Kyle Stewart
[2023-02-02T10:00:37.631+0000] {logging_mixin.py:137} INFO - Angela Jimenez
[2023-02-02T10:00:37.635+0000] {logging_mixin.py:137} INFO - Andrew Martinez
[2023-02-02T10:00:37.641+0000] {logging_mixin.py:137} INFO - Angela West
[2023-02-02T10:00:37.648+0000] {logging_mixin.py:137} INFO - Ryan Young
[2023-02-02T10:00:37.650+0000] {logging_mixin.py:137} INFO - Nathaniel Evans
[2023-02-02T10:00:37.652+0000] {logging_mixin.py:137} INFO - Dawn Bryant
[2023-02-02T10:00:37.654+0000] {logging_mixin.py:137} INFO - Danielle Lewis
[2023-02-02T10:00:37.666+0000] {logging_mixin.py:137} INFO - Matthew Newman
[2023-02-02T10:00:37.669+0000] {logging_mixin.py:137} INFO - Robert Smith
[2023-02-02T10:00:37.671+0000] {logging_mixin.py:137} INFO - Melissa Hicks
[2023-02-02T10:00:37.672+0000] {logging_mixin.py:137} INFO - Emily Lambert
[2023-02-02T10:00:37.676+0000] {logging_mixin.py:137} INFO - Krystal Wolfe
[2023-02-02T10:00:37.678+0000] {logging_mixin.py:137} INFO - Donna Murillo
[2023-02-02T10:00:37.680+0000] {logging_mixin.py:137} INFO - Carl Hudson
[2023-02-02T10:00:37.692+0000] {logging_mixin.py:137} INFO - Robert Wilson
[2023-02-02T10:00:37.694+0000] {logging_mixin.py:137} INFO - Patrick Mathis
[2023-02-02T10:00:37.698+0000] {logging_mixin.py:137} INFO - Michael Suarez
[2023-02-02T10:00:37.701+0000] {logging_mixin.py:137} INFO - David Johnson
[2023-02-02T10:00:37.704+0000] {logging_mixin.py:137} INFO - William Thompson
[2023-02-02T10:00:37.713+0000] {logging_mixin.py:137} INFO - Jessica Hansen DVM
[2023-02-02T10:00:37.717+0000] {logging_mixin.py:137} INFO - Katherine Friedman
[2023-02-02T10:00:37.721+0000] {logging_mixin.py:137} INFO - Jillian Johnson
[2023-02-02T10:00:37.730+0000] {logging_mixin.py:137} INFO - Robert Mckee
[2023-02-02T10:00:37.736+0000] {logging_mixin.py:137} INFO - Rachel Little
[2023-02-02T10:00:37.739+0000] {logging_mixin.py:137} INFO - Patricia Smith
[2023-02-02T10:00:37.745+0000] {logging_mixin.py:137} INFO - Heidi Martinez
[2023-02-02T10:00:37.753+0000] {logging_mixin.py:137} INFO - Caitlin Solomon
[2023-02-02T10:00:37.757+0000] {logging_mixin.py:137} INFO - Dr. Olivia Pugh
[2023-02-02T10:00:37.765+0000] {logging_mixin.py:137} INFO - John Steele DDS
[2023-02-02T10:00:37.769+0000] {logging_mixin.py:137} INFO - Jeremy Mathews
[2023-02-02T10:00:37.772+0000] {logging_mixin.py:137} INFO - Tiffany Hill
[2023-02-02T10:00:37.776+0000] {logging_mixin.py:137} INFO - Steven Edwards
[2023-02-02T10:00:37.780+0000] {logging_mixin.py:137} INFO - Charles Campbell
[2023-02-02T10:00:37.786+0000] {logging_mixin.py:137} INFO - Brett Hughes
[2023-02-02T10:00:37.795+0000] {logging_mixin.py:137} INFO - Christina Villegas
[2023-02-02T10:00:37.810+0000] {logging_mixin.py:137} INFO - Anthony Garcia
[2023-02-02T10:00:37.821+0000] {logging_mixin.py:137} INFO - Nathan Murphy
[2023-02-02T10:00:37.823+0000] {logging_mixin.py:137} INFO - Steven Dodson
[2023-02-02T10:00:37.835+0000] {logging_mixin.py:137} INFO - Brian Sullivan
[2023-02-02T10:00:37.841+0000] {logging_mixin.py:137} INFO - Renee White
[2023-02-02T10:00:37.845+0000] {logging_mixin.py:137} INFO - Laura Rowland
[2023-02-02T10:00:37.852+0000] {logging_mixin.py:137} INFO - John Moore
[2023-02-02T10:00:37.862+0000] {logging_mixin.py:137} INFO - Sophia Mckenzie
[2023-02-02T10:00:37.869+0000] {logging_mixin.py:137} INFO - David Roach
[2023-02-02T10:00:37.873+0000] {logging_mixin.py:137} INFO - Jennifer Patterson
[2023-02-02T10:00:37.880+0000] {logging_mixin.py:137} INFO - James Richards
[2023-02-02T10:00:37.886+0000] {logging_mixin.py:137} INFO - Mary Johnston
[2023-02-02T10:00:37.888+0000] {logging_mixin.py:137} INFO - Brandon Mcdaniel
[2023-02-02T10:00:37.890+0000] {logging_mixin.py:137} INFO - Meghan Stevenson
[2023-02-02T10:00:37.893+0000] {logging_mixin.py:137} INFO - Luis Hayes
[2023-02-02T10:00:37.898+0000] {logging_mixin.py:137} INFO - Alejandra Sloan
[2023-02-02T10:00:37.900+0000] {logging_mixin.py:137} INFO - Dr. Sandra Miller
[2023-02-02T10:00:37.902+0000] {logging_mixin.py:137} INFO - Dustin Bond
[2023-02-02T10:00:37.911+0000] {logging_mixin.py:137} INFO - Julia Patrick MD
[2023-02-02T10:00:37.923+0000] {logging_mixin.py:137} INFO - Jill Campbell
[2023-02-02T10:00:37.937+0000] {logging_mixin.py:137} INFO - Mark Ford
[2023-02-02T10:00:37.945+0000] {logging_mixin.py:137} INFO - Brian Long
[2023-02-02T10:00:37.949+0000] {logging_mixin.py:137} INFO - Lisa Peterson
[2023-02-02T10:00:37.950+0000] {logging_mixin.py:137} INFO - Matthew Lee
[2023-02-02T10:00:37.956+0000] {logging_mixin.py:137} INFO - Bradley Miller
[2023-02-02T10:00:37.959+0000] {logging_mixin.py:137} INFO - Jeffrey Moss
[2023-02-02T10:00:37.962+0000] {logging_mixin.py:137} INFO - Sara Carlson
[2023-02-02T10:00:37.970+0000] {logging_mixin.py:137} INFO - Daniel Rodriguez
[2023-02-02T10:00:37.971+0000] {logging_mixin.py:137} INFO - Jeremy David
[2023-02-02T10:00:37.974+0000] {logging_mixin.py:137} INFO - Eric Green
[2023-02-02T10:00:37.975+0000] {logging_mixin.py:137} INFO - Alexis Jones
[2023-02-02T10:00:37.977+0000] {logging_mixin.py:137} INFO - Matthew Rose
[2023-02-02T10:00:37.980+0000] {logging_mixin.py:137} INFO - Catherine Anderson
[2023-02-02T10:00:37.985+0000] {logging_mixin.py:137} INFO - Holly Burton
[2023-02-02T10:00:37.990+0000] {logging_mixin.py:137} INFO - David Matthews
[2023-02-02T10:00:37.996+0000] {logging_mixin.py:137} INFO - Mrs. Kara Little
[2023-02-02T10:00:38.007+0000] {logging_mixin.py:137} INFO - Jeffrey Stanley
[2023-02-02T10:00:38.011+0000] {logging_mixin.py:137} INFO - James Ochoa
[2023-02-02T10:00:38.015+0000] {logging_mixin.py:137} INFO - Jason Frye
[2023-02-02T10:00:38.016+0000] {logging_mixin.py:137} INFO - Christopher Ellis
[2023-02-02T10:00:38.018+0000] {logging_mixin.py:137} INFO - Michelle Nixon
[2023-02-02T10:00:38.020+0000] {logging_mixin.py:137} INFO - Andrew Gill
[2023-02-02T10:00:38.029+0000] {logging_mixin.py:137} INFO - Jennifer Wilson
[2023-02-02T10:00:38.032+0000] {logging_mixin.py:137} INFO - Shawn Black
[2023-02-02T10:00:38.035+0000] {logging_mixin.py:137} INFO - April Patterson
[2023-02-02T10:00:38.040+0000] {logging_mixin.py:137} INFO - Troy Vaughn
[2023-02-02T10:00:38.045+0000] {logging_mixin.py:137} INFO - Alexandria White
[2023-02-02T10:00:38.047+0000] {logging_mixin.py:137} INFO - Scott Phillips
[2023-02-02T10:00:38.049+0000] {logging_mixin.py:137} INFO - Zachary Cisneros
[2023-02-02T10:00:38.051+0000] {logging_mixin.py:137} INFO - Deborah Brown
[2023-02-02T10:00:38.052+0000] {logging_mixin.py:137} INFO - Monica Moses
[2023-02-02T10:00:38.055+0000] {logging_mixin.py:137} INFO - Brenda Reyes
[2023-02-02T10:00:38.060+0000] {logging_mixin.py:137} INFO - Miss Renee Allen
[2023-02-02T10:00:38.065+0000] {logging_mixin.py:137} INFO - Susan Clark
[2023-02-02T10:00:38.073+0000] {logging_mixin.py:137} INFO - Brandy Coffey
[2023-02-02T10:00:38.080+0000] {logging_mixin.py:137} INFO - Brett Nelson
[2023-02-02T10:00:38.087+0000] {logging_mixin.py:137} INFO - Ricardo Young
[2023-02-02T10:00:38.092+0000] {logging_mixin.py:137} INFO - Paul Lee
[2023-02-02T10:00:38.100+0000] {logging_mixin.py:137} INFO - David Allen
[2023-02-02T10:00:38.104+0000] {logging_mixin.py:137} INFO - Andrea Knight
[2023-02-02T10:00:38.109+0000] {logging_mixin.py:137} INFO - James Gomez
[2023-02-02T10:00:38.114+0000] {logging_mixin.py:137} INFO - Melody Gibson
[2023-02-02T10:00:38.119+0000] {logging_mixin.py:137} INFO - Christina Martinez
[2023-02-02T10:00:38.125+0000] {logging_mixin.py:137} INFO - Shelby Smith
[2023-02-02T10:00:38.128+0000] {logging_mixin.py:137} INFO - Jason Howard
[2023-02-02T10:00:38.130+0000] {logging_mixin.py:137} INFO - Amy Davidson
[2023-02-02T10:00:38.135+0000] {logging_mixin.py:137} INFO - Kyle Copeland
[2023-02-02T10:00:38.137+0000] {logging_mixin.py:137} INFO - Madeline Davis
[2023-02-02T10:00:38.143+0000] {logging_mixin.py:137} INFO - Aaron Young
[2023-02-02T10:00:38.164+0000] {logging_mixin.py:137} INFO - Lisa Barrett
[2023-02-02T10:00:38.170+0000] {logging_mixin.py:137} INFO - Joel Jones
[2023-02-02T10:00:38.173+0000] {logging_mixin.py:137} INFO - Christine Evans
[2023-02-02T10:00:38.176+0000] {logging_mixin.py:137} INFO - Kimberly Johnson
[2023-02-02T10:00:38.182+0000] {logging_mixin.py:137} INFO - Charles Hess
[2023-02-02T10:00:38.184+0000] {logging_mixin.py:137} INFO - Paul Dixon
[2023-02-02T10:00:38.187+0000] {logging_mixin.py:137} INFO - Christopher Johnson
[2023-02-02T10:00:38.190+0000] {logging_mixin.py:137} INFO - Robert Dawson
[2023-02-02T10:00:38.196+0000] {logging_mixin.py:137} INFO - Ryan Dixon
[2023-02-02T10:00:38.203+0000] {logging_mixin.py:137} INFO - Julie Martinez
[2023-02-02T10:00:38.206+0000] {logging_mixin.py:137} INFO - David Adams
[2023-02-02T10:00:38.210+0000] {logging_mixin.py:137} INFO - Mariah Brown
[2023-02-02T10:00:38.212+0000] {logging_mixin.py:137} INFO - Deborah Malone
[2023-02-02T10:00:38.227+0000] {logging_mixin.py:137} INFO - John Brown
[2023-02-02T10:00:38.229+0000] {logging_mixin.py:137} INFO - Maria Stewart
[2023-02-02T10:00:38.233+0000] {logging_mixin.py:137} INFO - Mr. Bryan Hawkins
[2023-02-02T10:00:38.237+0000] {logging_mixin.py:137} INFO - Kyle Brooks
[2023-02-02T10:00:38.239+0000] {logging_mixin.py:137} INFO - Kenneth White
[2023-02-02T10:00:38.252+0000] {logging_mixin.py:137} INFO - Patricia Wilson
[2023-02-02T10:00:38.254+0000] {logging_mixin.py:137} INFO - Paul Soto
[2023-02-02T10:00:38.257+0000] {logging_mixin.py:137} INFO - Janice Garrett
[2023-02-02T10:00:38.262+0000] {logging_mixin.py:137} INFO - Randy Strickland
[2023-02-02T10:00:38.265+0000] {logging_mixin.py:137} INFO - Felicia Herrera
[2023-02-02T10:00:38.271+0000] {logging_mixin.py:137} INFO - Andre Campos
[2023-02-02T10:00:38.279+0000] {logging_mixin.py:137} INFO - Justin Meyer
[2023-02-02T10:00:38.283+0000] {logging_mixin.py:137} INFO - Brandon Brooks
[2023-02-02T10:00:38.285+0000] {logging_mixin.py:137} INFO - Abigail Rivera
[2023-02-02T10:00:38.286+0000] {logging_mixin.py:137} INFO - Jessica Mann
[2023-02-02T10:00:38.289+0000] {logging_mixin.py:137} INFO - Michael Sawyer
[2023-02-02T10:00:38.291+0000] {logging_mixin.py:137} INFO - Jeffrey Coleman
[2023-02-02T10:00:38.299+0000] {logging_mixin.py:137} INFO - Micheal Castro
[2023-02-02T10:00:38.306+0000] {logging_mixin.py:137} INFO - Laura Gonzalez
[2023-02-02T10:00:38.313+0000] {logging_mixin.py:137} INFO - Christopher Jackson
[2023-02-02T10:00:38.315+0000] {logging_mixin.py:137} INFO - William Mckenzie
[2023-02-02T10:00:38.323+0000] {logging_mixin.py:137} INFO - Kristina Rodriguez
[2023-02-02T10:00:38.328+0000] {logging_mixin.py:137} INFO - Kelli Williams
[2023-02-02T10:00:38.342+0000] {logging_mixin.py:137} INFO - Diane Norris
[2023-02-02T10:00:38.350+0000] {logging_mixin.py:137} INFO - Kevin Carroll
[2023-02-02T10:00:38.357+0000] {logging_mixin.py:137} INFO - Betty Weber
[2023-02-02T10:00:38.363+0000] {logging_mixin.py:137} INFO - Jeffery Robinson
[2023-02-02T10:00:38.377+0000] {logging_mixin.py:137} INFO - Hannah Cowan
[2023-02-02T10:00:38.382+0000] {logging_mixin.py:137} INFO - Brian Kramer
[2023-02-02T10:00:38.384+0000] {logging_mixin.py:137} INFO - Anthony Roberts
[2023-02-02T10:00:38.387+0000] {logging_mixin.py:137} INFO - Ricardo Blankenship
[2023-02-02T10:00:38.390+0000] {logging_mixin.py:137} INFO - Brooke Collins
[2023-02-02T10:00:38.401+0000] {logging_mixin.py:137} INFO - Tammy Lawson
[2023-02-02T10:00:38.405+0000] {logging_mixin.py:137} INFO - Cody Miller
[2023-02-02T10:00:38.408+0000] {logging_mixin.py:137} INFO - Dr. Janice Salazar
[2023-02-02T10:00:38.410+0000] {logging_mixin.py:137} INFO - David West
[2023-02-02T10:00:38.414+0000] {logging_mixin.py:137} INFO - Robin Carpenter
[2023-02-02T10:00:38.430+0000] {logging_mixin.py:137} INFO - Monique Wall
[2023-02-02T10:00:38.438+0000] {logging_mixin.py:137} INFO - Charles Cardenas
[2023-02-02T10:00:38.441+0000] {logging_mixin.py:137} INFO - Valerie Mitchell
[2023-02-02T10:00:38.471+0000] {logging_mixin.py:137} INFO - Michelle Valenzuela
[2023-02-02T10:00:38.489+0000] {logging_mixin.py:137} INFO - William Poole
[2023-02-02T10:00:38.496+0000] {logging_mixin.py:137} INFO - James Hall
[2023-02-02T10:00:38.499+0000] {logging_mixin.py:137} INFO - Dylan Carpenter
[2023-02-02T10:00:38.501+0000] {logging_mixin.py:137} INFO - Linda Medina
[2023-02-02T10:00:38.507+0000] {logging_mixin.py:137} INFO - Joan White
[2023-02-02T10:00:38.511+0000] {logging_mixin.py:137} INFO - Mary Klein
[2023-02-02T10:00:38.513+0000] {logging_mixin.py:137} INFO - Ashley Wolf
[2023-02-02T10:00:38.516+0000] {logging_mixin.py:137} INFO - William Reed
[2023-02-02T10:00:38.544+0000] {logging_mixin.py:137} INFO - Derek Harvey
[2023-02-02T10:00:38.551+0000] {logging_mixin.py:137} INFO - Kathleen Rodriguez
[2023-02-02T10:00:38.562+0000] {logging_mixin.py:137} INFO - Andrew Rodriguez
[2023-02-02T10:00:38.570+0000] {logging_mixin.py:137} INFO - Ariel Frank
[2023-02-02T10:00:38.572+0000] {logging_mixin.py:137} INFO - Tina French
[2023-02-02T10:00:38.576+0000] {logging_mixin.py:137} INFO - Brent Waller
[2023-02-02T10:00:38.580+0000] {logging_mixin.py:137} INFO - Kevin Allen
[2023-02-02T10:00:38.589+0000] {logging_mixin.py:137} INFO - Xavier Walker
[2023-02-02T10:00:38.606+0000] {logging_mixin.py:137} INFO - Michelle Sanchez
[2023-02-02T10:00:38.616+0000] {logging_mixin.py:137} INFO - Rachael Shepard
[2023-02-02T10:00:38.640+0000] {logging_mixin.py:137} INFO - Kelsey Johnson
[2023-02-02T10:00:38.647+0000] {logging_mixin.py:137} INFO - Nicole Webb
[2023-02-02T10:00:38.653+0000] {logging_mixin.py:137} INFO - Nicholas Rodriguez
[2023-02-02T10:00:38.657+0000] {logging_mixin.py:137} INFO - Eric Vaughan
[2023-02-02T10:00:38.670+0000] {logging_mixin.py:137} INFO - Amanda Richardson
[2023-02-02T10:00:38.672+0000] {logging_mixin.py:137} INFO - Janice Carlson
[2023-02-02T10:00:38.675+0000] {logging_mixin.py:137} INFO - Darryl Walsh
[2023-02-02T10:00:38.691+0000] {logging_mixin.py:137} INFO - Heather Johnson
[2023-02-02T10:00:38.696+0000] {logging_mixin.py:137} INFO - Mark Chambers
[2023-02-02T10:00:38.700+0000] {logging_mixin.py:137} INFO - Tracy Burns
[2023-02-02T10:00:38.702+0000] {logging_mixin.py:137} INFO - John Cole
[2023-02-02T10:00:38.706+0000] {logging_mixin.py:137} INFO - Deborah Silva
[2023-02-02T10:00:38.710+0000] {logging_mixin.py:137} INFO - Shawn Hernandez
[2023-02-02T10:00:38.721+0000] {logging_mixin.py:137} INFO - Bethany Meyer
[2023-02-02T10:00:38.735+0000] {logging_mixin.py:137} INFO - Helen Smith
[2023-02-02T10:00:38.749+0000] {logging_mixin.py:137} INFO - Dana Dennis
[2023-02-02T10:00:38.754+0000] {logging_mixin.py:137} INFO - Kelsey Camacho
[2023-02-02T10:00:38.756+0000] {logging_mixin.py:137} INFO - Matthew Thomas
[2023-02-02T10:00:38.758+0000] {logging_mixin.py:137} INFO - Brittany Arellano
[2023-02-02T10:00:38.767+0000] {logging_mixin.py:137} INFO - Stacey Jones
[2023-02-02T10:00:38.773+0000] {logging_mixin.py:137} INFO - William Weeks
[2023-02-02T10:00:38.777+0000] {logging_mixin.py:137} INFO - Mark Beasley
[2023-02-02T10:00:38.780+0000] {logging_mixin.py:137} INFO - Bruce Pena
[2023-02-02T10:00:38.790+0000] {logging_mixin.py:137} INFO - Jeffery Smith
[2023-02-02T10:00:38.794+0000] {logging_mixin.py:137} INFO - Ann Deleon
[2023-02-02T10:00:38.798+0000] {logging_mixin.py:137} INFO - Kevin Robertson
[2023-02-02T10:00:38.800+0000] {logging_mixin.py:137} INFO - Vincent Willis MD
[2023-02-02T10:00:38.807+0000] {logging_mixin.py:137} INFO - Michael Nielsen
[2023-02-02T10:00:38.818+0000] {logging_mixin.py:137} INFO - Walter Koch
[2023-02-02T10:00:38.822+0000] {logging_mixin.py:137} INFO - Brian Vega
[2023-02-02T10:00:38.828+0000] {logging_mixin.py:137} INFO - Jeffrey Medina
[2023-02-02T10:00:38.835+0000] {logging_mixin.py:137} INFO - Erika Banks
[2023-02-02T10:00:38.837+0000] {logging_mixin.py:137} INFO - Stacey Griffin
[2023-02-02T10:00:38.839+0000] {logging_mixin.py:137} INFO - Michael Marsh
[2023-02-02T10:00:38.845+0000] {logging_mixin.py:137} INFO - Molly White
[2023-02-02T10:00:38.847+0000] {logging_mixin.py:137} INFO - Matthew Morrison
[2023-02-02T10:00:38.851+0000] {logging_mixin.py:137} INFO - Amanda Burns
[2023-02-02T10:00:38.854+0000] {logging_mixin.py:137} INFO - Emily Gonzalez DDS
[2023-02-02T10:00:38.860+0000] {logging_mixin.py:137} INFO - Gregory King
[2023-02-02T10:00:38.862+0000] {logging_mixin.py:137} INFO - Dennis Evans
[2023-02-02T10:00:38.866+0000] {logging_mixin.py:137} INFO - Christina Snyder
[2023-02-02T10:00:38.872+0000] {logging_mixin.py:137} INFO - Carolyn Mata
[2023-02-02T10:00:38.875+0000] {logging_mixin.py:137} INFO - Brandy Lawson
[2023-02-02T10:00:38.891+0000] {logging_mixin.py:137} INFO - Briana Christian
[2023-02-02T10:00:38.898+0000] {logging_mixin.py:137} INFO - Jeffrey Hernandez
[2023-02-02T10:00:38.900+0000] {logging_mixin.py:137} INFO - John Riggs
[2023-02-02T10:00:38.902+0000] {logging_mixin.py:137} INFO - Barbara Short
[2023-02-02T10:00:38.911+0000] {logging_mixin.py:137} INFO - Steven Brooks
[2023-02-02T10:00:38.923+0000] {logging_mixin.py:137} INFO - Gabrielle James
[2023-02-02T10:00:38.928+0000] {logging_mixin.py:137} INFO - Robert Young
[2023-02-02T10:00:38.931+0000] {logging_mixin.py:137} INFO - Derek Sanders
[2023-02-02T10:00:38.937+0000] {logging_mixin.py:137} INFO - Mallory Oliver
[2023-02-02T10:00:38.939+0000] {logging_mixin.py:137} INFO - Terry Howe
[2023-02-02T10:00:38.942+0000] {logging_mixin.py:137} INFO - Samuel Wallace
[2023-02-02T10:00:38.944+0000] {logging_mixin.py:137} INFO - Angel Jones
[2023-02-02T10:00:38.946+0000] {logging_mixin.py:137} INFO - Jacqueline Nichols
[2023-02-02T10:00:38.951+0000] {logging_mixin.py:137} INFO - Melissa Mcgee
[2023-02-02T10:00:38.953+0000] {logging_mixin.py:137} INFO - Michelle Smith
[2023-02-02T10:00:38.955+0000] {logging_mixin.py:137} INFO - Maureen Baxter
[2023-02-02T10:00:38.958+0000] {logging_mixin.py:137} INFO - Kathy Crawford
[2023-02-02T10:00:38.960+0000] {logging_mixin.py:137} INFO - Stacy Wood
[2023-02-02T10:00:38.967+0000] {logging_mixin.py:137} INFO - Justin Parsons
[2023-02-02T10:00:38.968+0000] {logging_mixin.py:137} INFO - Ann Klein
[2023-02-02T10:00:38.971+0000] {logging_mixin.py:137} INFO - Allison Arnold
[2023-02-02T10:00:38.974+0000] {logging_mixin.py:137} INFO - Heather Kirk
[2023-02-02T10:00:38.976+0000] {logging_mixin.py:137} INFO - Monica Smith
[2023-02-02T10:00:38.977+0000] {logging_mixin.py:137} INFO - Brett Oconnor
[2023-02-02T10:00:38.979+0000] {logging_mixin.py:137} INFO - Anthony Bryant
[2023-02-02T10:00:38.982+0000] {logging_mixin.py:137} INFO - Jeremy Russell
[2023-02-02T10:00:38.984+0000] {logging_mixin.py:137} INFO - Julie Poole
[2023-02-02T10:00:38.989+0000] {logging_mixin.py:137} INFO - Emma Thompson
[2023-02-02T10:00:38.994+0000] {logging_mixin.py:137} INFO - Bradley Matthews
[2023-02-02T10:00:38.997+0000] {logging_mixin.py:137} INFO - William Roberts
[2023-02-02T10:00:39.003+0000] {logging_mixin.py:137} INFO - Julie Mooney
[2023-02-02T10:00:39.009+0000] {logging_mixin.py:137} INFO - Amy Doyle
[2023-02-02T10:00:39.015+0000] {logging_mixin.py:137} INFO - Amanda Grant
[2023-02-02T10:00:39.019+0000] {logging_mixin.py:137} INFO - Eric Anderson
[2023-02-02T10:00:39.022+0000] {logging_mixin.py:137} INFO - George Thompson
[2023-02-02T10:00:39.028+0000] {logging_mixin.py:137} INFO - Dustin Hines
[2023-02-02T10:00:39.032+0000] {logging_mixin.py:137} INFO - Andrea Frank
[2023-02-02T10:00:39.038+0000] {logging_mixin.py:137} INFO - Jodi Cook
[2023-02-02T10:00:39.040+0000] {logging_mixin.py:137} INFO - Stacy Haney
[2023-02-02T10:00:39.043+0000] {logging_mixin.py:137} INFO - Paul Callahan
[2023-02-02T10:00:39.051+0000] {logging_mixin.py:137} INFO - Jasmine Chambers
[2023-02-02T10:00:39.057+0000] {logging_mixin.py:137} INFO - Melissa Pittman MD
[2023-02-02T10:00:39.060+0000] {logging_mixin.py:137} INFO - Deborah Larson
[2023-02-02T10:00:39.064+0000] {logging_mixin.py:137} INFO - Brandon Shaw
[2023-02-02T10:00:39.067+0000] {logging_mixin.py:137} INFO - Timothy Paul
[2023-02-02T10:00:39.071+0000] {logging_mixin.py:137} INFO - Michael Trujillo
[2023-02-02T10:00:39.075+0000] {logging_mixin.py:137} INFO - Robert Rivera
[2023-02-02T10:00:39.088+0000] {logging_mixin.py:137} INFO - Dana Nelson
[2023-02-02T10:00:39.091+0000] {logging_mixin.py:137} INFO - Andrea Bennett
[2023-02-02T10:00:39.092+0000] {logging_mixin.py:137} INFO - Jodi Fox
[2023-02-02T10:00:39.097+0000] {logging_mixin.py:137} INFO - Heather Hayes
[2023-02-02T10:00:39.104+0000] {logging_mixin.py:137} INFO - Jennifer Moreno
[2023-02-02T10:00:39.107+0000] {logging_mixin.py:137} INFO - John Patel
[2023-02-02T10:00:39.109+0000] {logging_mixin.py:137} INFO - Teresa Oliver
[2023-02-02T10:00:39.110+0000] {logging_mixin.py:137} INFO - Monique Bell
[2023-02-02T10:00:39.112+0000] {logging_mixin.py:137} INFO - Casey Leonard
[2023-02-02T10:00:39.118+0000] {logging_mixin.py:137} INFO - Steven Clark
[2023-02-02T10:00:39.131+0000] {logging_mixin.py:137} INFO - Edward Martin
[2023-02-02T10:00:39.134+0000] {logging_mixin.py:137} INFO - Shawn Orozco
[2023-02-02T10:00:39.144+0000] {logging_mixin.py:137} INFO - Brandon Yang
[2023-02-02T10:00:39.147+0000] {logging_mixin.py:137} INFO - Nathan Ray
[2023-02-02T10:00:39.156+0000] {logging_mixin.py:137} INFO - Lori Moore
[2023-02-02T10:00:39.162+0000] {logging_mixin.py:137} INFO - Dr. Lisa Shaw DVM
[2023-02-02T10:00:39.165+0000] {logging_mixin.py:137} INFO - Angela Walters
[2023-02-02T10:00:39.168+0000] {logging_mixin.py:137} INFO - David Nolan
[2023-02-02T10:00:39.176+0000] {logging_mixin.py:137} INFO - William Ramsey
[2023-02-02T10:00:39.187+0000] {logging_mixin.py:137} INFO - David Oconnor
[2023-02-02T10:00:39.200+0000] {logging_mixin.py:137} INFO - Mark Washington
[2023-02-02T10:00:39.207+0000] {logging_mixin.py:137} INFO - Jennifer Jacobs
[2023-02-02T10:00:39.216+0000] {logging_mixin.py:137} INFO - Tammy Hampton
[2023-02-02T10:00:39.220+0000] {logging_mixin.py:137} INFO - Stephen Farmer
[2023-02-02T10:00:39.225+0000] {logging_mixin.py:137} INFO - Jasmine Nguyen
[2023-02-02T10:00:39.228+0000] {logging_mixin.py:137} INFO - Rebecca Flores
[2023-02-02T10:00:39.234+0000] {logging_mixin.py:137} INFO - Tyler Davis
[2023-02-02T10:00:39.237+0000] {logging_mixin.py:137} INFO - Nancy Gray
[2023-02-02T10:00:39.248+0000] {logging_mixin.py:137} INFO - Brian Sanchez
[2023-02-02T10:00:39.254+0000] {logging_mixin.py:137} INFO - Laurie Shaw
[2023-02-02T10:00:39.257+0000] {logging_mixin.py:137} INFO - Kristina Torres
[2023-02-02T10:00:39.261+0000] {logging_mixin.py:137} INFO - Andrea Rodgers
[2023-02-02T10:00:39.269+0000] {logging_mixin.py:137} INFO - Jason Walters
[2023-02-02T10:00:39.272+0000] {logging_mixin.py:137} INFO - Jerry Moss
[2023-02-02T10:00:39.279+0000] {logging_mixin.py:137} INFO - Jeffrey Jordan
[2023-02-02T10:00:39.282+0000] {logging_mixin.py:137} INFO - Jennifer Wilson
[2023-02-02T10:00:39.284+0000] {logging_mixin.py:137} INFO - Trevor Mathews
[2023-02-02T10:00:39.287+0000] {logging_mixin.py:137} INFO - Anne Hood
[2023-02-02T10:00:39.290+0000] {logging_mixin.py:137} INFO - Sarah Williams
[2023-02-02T10:00:39.301+0000] {logging_mixin.py:137} INFO - Shelby Hernandez
[2023-02-02T10:00:39.307+0000] {logging_mixin.py:137} INFO - Samantha Velez
[2023-02-02T10:00:39.311+0000] {logging_mixin.py:137} INFO - Matthew Douglas
[2023-02-02T10:00:39.314+0000] {logging_mixin.py:137} INFO - Ashlee George
[2023-02-02T10:00:39.317+0000] {logging_mixin.py:137} INFO - Troy Crane
[2023-02-02T10:00:39.319+0000] {logging_mixin.py:137} INFO - Michael Cooper
[2023-02-02T10:00:39.330+0000] {logging_mixin.py:137} INFO - Michael White
[2023-02-02T10:00:39.333+0000] {logging_mixin.py:137} INFO - Mr. Timothy Fleming
[2023-02-02T10:00:39.335+0000] {logging_mixin.py:137} INFO - Seth Bruce
[2023-02-02T10:00:39.337+0000] {logging_mixin.py:137} INFO - Jacqueline Carpenter
[2023-02-02T10:00:39.339+0000] {logging_mixin.py:137} INFO - Michael Martin
[2023-02-02T10:00:39.341+0000] {logging_mixin.py:137} INFO - Kristopher Henry
[2023-02-02T10:00:39.344+0000] {logging_mixin.py:137} INFO - Tiffany Porter
[2023-02-02T10:00:39.349+0000] {logging_mixin.py:137} INFO - Stacy Simpson
[2023-02-02T10:00:39.350+0000] {logging_mixin.py:137} INFO - Tammy Mcdowell
[2023-02-02T10:00:39.352+0000] {logging_mixin.py:137} INFO - Thomas Walters
[2023-02-02T10:00:39.354+0000] {logging_mixin.py:137} INFO - Dwayne Thompson
[2023-02-02T10:00:39.356+0000] {logging_mixin.py:137} INFO - Natalie Willis
[2023-02-02T10:00:39.358+0000] {logging_mixin.py:137} INFO - Sharon Taylor
[2023-02-02T10:00:39.360+0000] {logging_mixin.py:137} INFO - Sarah Wiggins
[2023-02-02T10:00:39.361+0000] {logging_mixin.py:137} INFO - Amber Thomas
[2023-02-02T10:00:39.363+0000] {logging_mixin.py:137} INFO - Patrick Miller
[2023-02-02T10:00:39.365+0000] {logging_mixin.py:137} INFO - Stephanie Hartman
[2023-02-02T10:00:39.367+0000] {logging_mixin.py:137} INFO - Stacey Mora
[2023-02-02T10:00:39.376+0000] {logging_mixin.py:137} INFO - Katherine Rodriguez
[2023-02-02T10:00:39.378+0000] {logging_mixin.py:137} INFO - Daniel Morgan
[2023-02-02T10:00:39.381+0000] {logging_mixin.py:137} INFO - Rebecca Martinez
[2023-02-02T10:00:39.384+0000] {logging_mixin.py:137} INFO - Nicole Juarez
[2023-02-02T10:00:39.386+0000] {logging_mixin.py:137} INFO - Mark Arroyo
[2023-02-02T10:00:39.387+0000] {logging_mixin.py:137} INFO - April Lucero
[2023-02-02T10:00:39.390+0000] {logging_mixin.py:137} INFO - Samantha Garcia
[2023-02-02T10:00:39.392+0000] {logging_mixin.py:137} INFO - Jon Moore
[2023-02-02T10:00:39.395+0000] {logging_mixin.py:137} INFO - Joshua Flores MD
[2023-02-02T10:00:39.399+0000] {logging_mixin.py:137} INFO - Raymond Jones
[2023-02-02T10:00:39.403+0000] {logging_mixin.py:137} INFO - Billy Hughes
[2023-02-02T10:00:39.411+0000] {logging_mixin.py:137} INFO - Peggy Valdez PhD
[2023-02-02T10:00:39.413+0000] {logging_mixin.py:137} INFO - Joshua Reyes
[2023-02-02T10:00:39.416+0000] {logging_mixin.py:137} INFO - Aaron Green
[2023-02-02T10:00:39.426+0000] {logging_mixin.py:137} INFO - Wendy Espinoza
[2023-02-02T10:00:39.434+0000] {logging_mixin.py:137} INFO - Peter Vasquez
[2023-02-02T10:00:39.440+0000] {logging_mixin.py:137} INFO - Diane Harper
[2023-02-02T10:00:39.446+0000] {logging_mixin.py:137} INFO - Ms. Rebecca Cantu
[2023-02-02T10:00:39.449+0000] {logging_mixin.py:137} INFO - Yolanda Morrow
[2023-02-02T10:00:39.452+0000] {logging_mixin.py:137} INFO - Penny Beard
[2023-02-02T10:00:39.458+0000] {logging_mixin.py:137} INFO - Lisa Long
[2023-02-02T10:00:39.465+0000] {logging_mixin.py:137} INFO - Jerry Harris
[2023-02-02T10:00:39.466+0000] {logging_mixin.py:137} INFO - Bob Willis
[2023-02-02T10:00:39.470+0000] {logging_mixin.py:137} INFO - Duane Chapman
[2023-02-02T10:00:39.472+0000] {logging_mixin.py:137} INFO - William Morgan
[2023-02-02T10:00:39.474+0000] {logging_mixin.py:137} INFO - Amy Gutierrez
[2023-02-02T10:00:39.481+0000] {logging_mixin.py:137} INFO - Amber Nichols
[2023-02-02T10:00:39.483+0000] {logging_mixin.py:137} INFO - Matthew Carr
[2023-02-02T10:00:39.486+0000] {logging_mixin.py:137} INFO - Thomas Duncan
[2023-02-02T10:00:39.487+0000] {logging_mixin.py:137} INFO - Elizabeth Wright
[2023-02-02T10:00:39.493+0000] {logging_mixin.py:137} INFO - Jacqueline Brewer
[2023-02-02T10:00:39.495+0000] {logging_mixin.py:137} INFO - Stephanie Johnson
[2023-02-02T10:00:39.497+0000] {logging_mixin.py:137} INFO - Samantha Calderon
[2023-02-02T10:00:39.499+0000] {logging_mixin.py:137} INFO - Kathryn Gaines
[2023-02-02T10:00:39.503+0000] {logging_mixin.py:137} INFO - Angel Jones
[2023-02-02T10:00:39.508+0000] {logging_mixin.py:137} INFO - Laura Wall
[2023-02-02T10:00:39.510+0000] {logging_mixin.py:137} INFO - Mr. Anthony Hamilton
[2023-02-02T10:00:39.512+0000] {logging_mixin.py:137} INFO - David Smith
[2023-02-02T10:00:39.513+0000] {logging_mixin.py:137} INFO - Kimberly Herrera DDS
[2023-02-02T10:00:39.517+0000] {logging_mixin.py:137} INFO - Gina Wilson
[2023-02-02T10:00:39.522+0000] {logging_mixin.py:137} INFO - Timothy Byrd
[2023-02-02T10:00:39.524+0000] {logging_mixin.py:137} INFO - Michael Mckenzie
[2023-02-02T10:00:39.526+0000] {logging_mixin.py:137} INFO - Jeffrey Mcintyre
[2023-02-02T10:00:39.528+0000] {logging_mixin.py:137} INFO - Teresa Jackson
[2023-02-02T10:00:39.531+0000] {logging_mixin.py:137} INFO - Joseph Wilcox
[2023-02-02T10:00:39.534+0000] {logging_mixin.py:137} INFO - Patrick Mcknight
[2023-02-02T10:00:39.536+0000] {logging_mixin.py:137} INFO - Ronald Moreno
[2023-02-02T10:00:39.538+0000] {logging_mixin.py:137} INFO - Jamie Sullivan
[2023-02-02T10:00:39.541+0000] {logging_mixin.py:137} INFO - Jason Anderson
[2023-02-02T10:00:39.545+0000] {logging_mixin.py:137} INFO - Steven Stewart
[2023-02-02T10:00:39.551+0000] {logging_mixin.py:137} INFO - Melinda Paul
[2023-02-02T10:00:39.554+0000] {logging_mixin.py:137} INFO - Cynthia Simmons
[2023-02-02T10:00:39.556+0000] {logging_mixin.py:137} INFO - Christian Smith
[2023-02-02T10:00:39.561+0000] {logging_mixin.py:137} INFO - William Jimenez
[2023-02-02T10:00:39.566+0000] {logging_mixin.py:137} INFO - Hayley French
[2023-02-02T10:00:39.568+0000] {logging_mixin.py:137} INFO - Brandon Hess
[2023-02-02T10:00:39.571+0000] {logging_mixin.py:137} INFO - Laura Perry
[2023-02-02T10:00:39.573+0000] {logging_mixin.py:137} INFO - Scott Jones
[2023-02-02T10:00:39.580+0000] {logging_mixin.py:137} INFO - Christine Hernandez
[2023-02-02T10:00:39.583+0000] {logging_mixin.py:137} INFO - Douglas Eaton
[2023-02-02T10:00:39.586+0000] {logging_mixin.py:137} INFO - William Soto
[2023-02-02T10:00:39.588+0000] {logging_mixin.py:137} INFO - Mary Jones
[2023-02-02T10:00:39.591+0000] {logging_mixin.py:137} INFO - Stephanie Holmes
[2023-02-02T10:00:39.596+0000] {logging_mixin.py:137} INFO - Keith Meyers
[2023-02-02T10:00:39.600+0000] {logging_mixin.py:137} INFO - Paul Fisher
[2023-02-02T10:00:39.604+0000] {logging_mixin.py:137} INFO - Emily Alexander
[2023-02-02T10:00:39.607+0000] {logging_mixin.py:137} INFO - Anthony Schwartz
[2023-02-02T10:00:39.614+0000] {logging_mixin.py:137} INFO - Evelyn Jacobs
[2023-02-02T10:00:39.617+0000] {logging_mixin.py:137} INFO - Connie Jones
[2023-02-02T10:00:39.621+0000] {logging_mixin.py:137} INFO - Carla Gibbs
[2023-02-02T10:00:39.622+0000] {logging_mixin.py:137} INFO - Ashley Santiago
[2023-02-02T10:00:39.625+0000] {logging_mixin.py:137} INFO - Micheal Mckee
[2023-02-02T10:00:39.630+0000] {logging_mixin.py:137} INFO - Diane Williams
[2023-02-02T10:00:39.635+0000] {logging_mixin.py:137} INFO - Jesse Velasquez
[2023-02-02T10:00:39.638+0000] {logging_mixin.py:137} INFO - Jennifer Rodriguez
[2023-02-02T10:00:39.641+0000] {logging_mixin.py:137} INFO - Joe Griffin
[2023-02-02T10:00:39.653+0000] {logging_mixin.py:137} INFO - Gary Cherry
[2023-02-02T10:00:39.657+0000] {logging_mixin.py:137} INFO - Alyssa Edwards
[2023-02-02T10:00:39.661+0000] {logging_mixin.py:137} INFO - Caroline Hernandez MD
[2023-02-02T10:00:39.667+0000] {logging_mixin.py:137} INFO - Jessica Morton
[2023-02-02T10:00:39.671+0000] {logging_mixin.py:137} INFO - Holly Jones
[2023-02-02T10:00:39.673+0000] {logging_mixin.py:137} INFO - David Shelton
[2023-02-02T10:00:39.675+0000] {logging_mixin.py:137} INFO - Kristina Parks
[2023-02-02T10:00:39.678+0000] {logging_mixin.py:137} INFO - Laurie Hernandez
[2023-02-02T10:00:39.681+0000] {logging_mixin.py:137} INFO - Melissa James
[2023-02-02T10:00:39.683+0000] {logging_mixin.py:137} INFO - Jeremiah Adams
[2023-02-02T10:00:39.685+0000] {logging_mixin.py:137} INFO - Arthur Robinson
[2023-02-02T10:00:39.688+0000] {logging_mixin.py:137} INFO - Anna Shepard
[2023-02-02T10:00:39.703+0000] {logging_mixin.py:137} INFO - Brandon Myers
[2023-02-02T10:00:39.705+0000] {logging_mixin.py:137} INFO - Paul Cardenas
[2023-02-02T10:00:39.710+0000] {logging_mixin.py:137} INFO - Megan Santana
[2023-02-02T10:00:39.712+0000] {logging_mixin.py:137} INFO - Joseph Marshall
[2023-02-02T10:00:39.714+0000] {logging_mixin.py:137} INFO - Mrs. Brenda Harris
[2023-02-02T10:00:39.720+0000] {logging_mixin.py:137} INFO - Nicole Garcia
[2023-02-02T10:00:39.724+0000] {logging_mixin.py:137} INFO - Anna Estrada
[2023-02-02T10:00:39.728+0000] {logging_mixin.py:137} INFO - Carl Moore
[2023-02-02T10:00:39.733+0000] {logging_mixin.py:137} INFO - Rodney Hernandez
[2023-02-02T10:00:39.738+0000] {logging_mixin.py:137} INFO - Madison Christian
[2023-02-02T10:00:39.742+0000] {logging_mixin.py:137} INFO - Heather Rhodes
[2023-02-02T10:00:39.755+0000] {python.py:177} INFO - Done. Returned value was: None
[2023-02-02T10:00:39.827+0000] {taskinstance.py:1323} INFO - Marking task as SUCCESS. dag_id=CSV_DAG, task_id=convertCSVToJson, execution_date=20230201T210500, start_date=20230202T100033, end_date=20230202T100039
[2023-02-02T10:00:39.910+0000] {local_task_job.py:208} INFO - Task exited with return code 0
[2023-02-02T10:00:39.957+0000] {taskinstance.py:2578} INFO - 0 downstream tasks scheduled from follow-on schedule check
