[2023-02-02T10:03:52.351+0000] {taskinstance.py:1083} INFO - Dependencies all met for <TaskInstance: CSV_DAG.convertCSVToJson scheduled__2023-02-02T08:15:00+00:00 [queued]>
[2023-02-02T10:03:52.392+0000] {taskinstance.py:1083} INFO - Dependencies all met for <TaskInstance: CSV_DAG.convertCSVToJson scheduled__2023-02-02T08:15:00+00:00 [queued]>
[2023-02-02T10:03:52.404+0000] {taskinstance.py:1279} INFO - 
--------------------------------------------------------------------------------
[2023-02-02T10:03:52.422+0000] {taskinstance.py:1280} INFO - Starting attempt 1 of 2
[2023-02-02T10:03:52.436+0000] {taskinstance.py:1281} INFO - 
--------------------------------------------------------------------------------
[2023-02-02T10:03:52.558+0000] {taskinstance.py:1300} INFO - Executing <Task(PythonOperator): convertCSVToJson> on 2023-02-02 08:15:00+00:00
[2023-02-02T10:03:52.579+0000] {standard_task_runner.py:55} INFO - Started process 1387 to run task
[2023-02-02T10:03:52.602+0000] {standard_task_runner.py:82} INFO - Running: ['***', 'tasks', 'run', 'CSV_DAG', 'convertCSVToJson', 'scheduled__2023-02-02T08:15:00+00:00', '--job-id', '809', '--raw', '--subdir', 'DAGS_FOLDER/csv.py', '--cfg-path', '/tmp/tmpnwfwhe0_']
[2023-02-02T10:03:52.612+0000] {standard_task_runner.py:83} INFO - Job 809: Subtask convertCSVToJson
[2023-02-02T10:03:52.929+0000] {task_command.py:388} INFO - Running <TaskInstance: CSV_DAG.convertCSVToJson scheduled__2023-02-02T08:15:00+00:00 [running]> on host 06d8060e8530
[2023-02-02T10:03:53.240+0000] {taskinstance.py:1509} INFO - Exporting the following env vars:
AIRFLOW_CTX_DAG_OWNER=Kevin Chalmers
AIRFLOW_CTX_DAG_ID=CSV_DAG
AIRFLOW_CTX_TASK_ID=convertCSVToJson
AIRFLOW_CTX_EXECUTION_DATE=2023-02-02T08:15:00+00:00
AIRFLOW_CTX_TRY_NUMBER=1
AIRFLOW_CTX_DAG_RUN_ID=scheduled__2023-02-02T08:15:00+00:00
[2023-02-02T10:03:53.334+0000] {logging_mixin.py:137} INFO - Angelica Lopez
[2023-02-02T10:03:53.341+0000] {logging_mixin.py:137} INFO - Betty Wright
[2023-02-02T10:03:53.345+0000] {logging_mixin.py:137} INFO - Sara Schmidt
[2023-02-02T10:03:53.347+0000] {logging_mixin.py:137} INFO - Dr. Sherry Rodriguez
[2023-02-02T10:03:53.350+0000] {logging_mixin.py:137} INFO - Rebecca Mills
[2023-02-02T10:03:53.353+0000] {logging_mixin.py:137} INFO - Andrew Anderson
[2023-02-02T10:03:53.367+0000] {logging_mixin.py:137} INFO - Martin Everett
[2023-02-02T10:03:53.374+0000] {logging_mixin.py:137} INFO - Felicia Gregory
[2023-02-02T10:03:53.377+0000] {logging_mixin.py:137} INFO - Kara Bowers
[2023-02-02T10:03:53.379+0000] {logging_mixin.py:137} INFO - Vincent Vincent
[2023-02-02T10:03:53.381+0000] {logging_mixin.py:137} INFO - Morgan Butler
[2023-02-02T10:03:53.384+0000] {logging_mixin.py:137} INFO - Stephen Riley
[2023-02-02T10:03:53.386+0000] {logging_mixin.py:137} INFO - Wanda Thomas
[2023-02-02T10:03:53.387+0000] {logging_mixin.py:137} INFO - Michelle Schultz
[2023-02-02T10:03:53.393+0000] {logging_mixin.py:137} INFO - Christopher Rush MD
[2023-02-02T10:03:53.396+0000] {logging_mixin.py:137} INFO - Phyllis Miles
[2023-02-02T10:03:53.408+0000] {logging_mixin.py:137} INFO - Rebecca Price
[2023-02-02T10:03:53.410+0000] {logging_mixin.py:137} INFO - John Morse
[2023-02-02T10:03:53.418+0000] {logging_mixin.py:137} INFO - Nicholas Sanchez
[2023-02-02T10:03:53.423+0000] {logging_mixin.py:137} INFO - Crystal Dean
[2023-02-02T10:03:53.432+0000] {logging_mixin.py:137} INFO - Tyler Diaz
[2023-02-02T10:03:53.440+0000] {logging_mixin.py:137} INFO - Denise Mclean
[2023-02-02T10:03:53.444+0000] {logging_mixin.py:137} INFO - Daniel Grant
[2023-02-02T10:03:53.447+0000] {logging_mixin.py:137} INFO - Sandra Peterson
[2023-02-02T10:03:53.463+0000] {logging_mixin.py:137} INFO - Denise Morse
[2023-02-02T10:03:53.465+0000] {logging_mixin.py:137} INFO - Brianna Smith
[2023-02-02T10:03:53.471+0000] {logging_mixin.py:137} INFO - Tony Miller
[2023-02-02T10:03:53.508+0000] {logging_mixin.py:137} INFO - Jean Booth
[2023-02-02T10:03:53.516+0000] {logging_mixin.py:137} INFO - Penny Salazar
[2023-02-02T10:03:53.518+0000] {logging_mixin.py:137} INFO - Cathy Williams
[2023-02-02T10:03:53.530+0000] {logging_mixin.py:137} INFO - Hannah Collins
[2023-02-02T10:03:53.538+0000] {logging_mixin.py:137} INFO - Maurice Casey
[2023-02-02T10:03:53.541+0000] {logging_mixin.py:137} INFO - Patrick Walker
[2023-02-02T10:03:53.545+0000] {logging_mixin.py:137} INFO - Pamela Barton
[2023-02-02T10:03:53.548+0000] {logging_mixin.py:137} INFO - Anthony Bryant
[2023-02-02T10:03:53.553+0000] {logging_mixin.py:137} INFO - Andrew Harris
[2023-02-02T10:03:53.563+0000] {logging_mixin.py:137} INFO - Aaron Harris
[2023-02-02T10:03:53.566+0000] {logging_mixin.py:137} INFO - Maureen Soto
[2023-02-02T10:03:53.570+0000] {logging_mixin.py:137} INFO - Crystal Mcdaniel
[2023-02-02T10:03:53.577+0000] {logging_mixin.py:137} INFO - Lauren Barrett
[2023-02-02T10:03:53.585+0000] {logging_mixin.py:137} INFO - Brandon Perez
[2023-02-02T10:03:53.602+0000] {logging_mixin.py:137} INFO - Mark Robertson
[2023-02-02T10:03:53.604+0000] {logging_mixin.py:137} INFO - Nicole Gates
[2023-02-02T10:03:53.609+0000] {logging_mixin.py:137} INFO - Bradley Cruz
[2023-02-02T10:03:53.625+0000] {logging_mixin.py:137} INFO - Gina Burns
[2023-02-02T10:03:53.647+0000] {logging_mixin.py:137} INFO - Zachary Martinez
[2023-02-02T10:03:53.654+0000] {logging_mixin.py:137} INFO - Natasha Johnson
[2023-02-02T10:03:53.672+0000] {logging_mixin.py:137} INFO - Patrick Gonzales
[2023-02-02T10:03:53.676+0000] {logging_mixin.py:137} INFO - Terri Wilson
[2023-02-02T10:03:53.681+0000] {logging_mixin.py:137} INFO - Sarah Lopez
[2023-02-02T10:03:53.694+0000] {logging_mixin.py:137} INFO - Dana Turner
[2023-02-02T10:03:53.702+0000] {logging_mixin.py:137} INFO - Cynthia Johnson
[2023-02-02T10:03:53.705+0000] {logging_mixin.py:137} INFO - William Thornton
[2023-02-02T10:03:53.709+0000] {logging_mixin.py:137} INFO - James Lee
[2023-02-02T10:03:53.712+0000] {logging_mixin.py:137} INFO - Stephen Allen
[2023-02-02T10:03:53.720+0000] {logging_mixin.py:137} INFO - William Stark
[2023-02-02T10:03:53.721+0000] {logging_mixin.py:137} INFO - Michael Parker
[2023-02-02T10:03:53.727+0000] {logging_mixin.py:137} INFO - Lisa Stephens
[2023-02-02T10:03:53.733+0000] {logging_mixin.py:137} INFO - Mr. Reginald Wise DDS
[2023-02-02T10:03:53.739+0000] {logging_mixin.py:137} INFO - Alexander James
[2023-02-02T10:03:53.740+0000] {logging_mixin.py:137} INFO - Kristen West
[2023-02-02T10:03:53.742+0000] {logging_mixin.py:137} INFO - Elizabeth Sanchez
[2023-02-02T10:03:53.743+0000] {logging_mixin.py:137} INFO - Jennifer Wilson
[2023-02-02T10:03:53.745+0000] {logging_mixin.py:137} INFO - Catherine Nicholson
[2023-02-02T10:03:53.747+0000] {logging_mixin.py:137} INFO - David Henderson
[2023-02-02T10:03:53.751+0000] {logging_mixin.py:137} INFO - Stephen Davis
[2023-02-02T10:03:53.754+0000] {logging_mixin.py:137} INFO - Paul Skinner
[2023-02-02T10:03:53.757+0000] {logging_mixin.py:137} INFO - Rebecca Wong
[2023-02-02T10:03:53.766+0000] {logging_mixin.py:137} INFO - Tara Benitez
[2023-02-02T10:03:53.772+0000] {logging_mixin.py:137} INFO - Sharon Miller
[2023-02-02T10:03:53.775+0000] {logging_mixin.py:137} INFO - Cynthia Smith
[2023-02-02T10:03:53.780+0000] {logging_mixin.py:137} INFO - Jennifer Werner
[2023-02-02T10:03:53.784+0000] {logging_mixin.py:137} INFO - Rebecca Tucker
[2023-02-02T10:03:53.785+0000] {logging_mixin.py:137} INFO - Ashlee Castillo
[2023-02-02T10:03:53.787+0000] {logging_mixin.py:137} INFO - Christopher Holmes
[2023-02-02T10:03:53.790+0000] {logging_mixin.py:137} INFO - Daniel Velez
[2023-02-02T10:03:53.799+0000] {logging_mixin.py:137} INFO - Amy Serrano
[2023-02-02T10:03:53.812+0000] {logging_mixin.py:137} INFO - Alison Nash
[2023-02-02T10:03:53.815+0000] {logging_mixin.py:137} INFO - Peter Johnson
[2023-02-02T10:03:53.817+0000] {logging_mixin.py:137} INFO - Breanna Harris
[2023-02-02T10:03:53.819+0000] {logging_mixin.py:137} INFO - Eric King
[2023-02-02T10:03:53.821+0000] {logging_mixin.py:137} INFO - Patricia Oliver
[2023-02-02T10:03:53.828+0000] {logging_mixin.py:137} INFO - Denise Grimes
[2023-02-02T10:03:53.830+0000] {logging_mixin.py:137} INFO - Jill Olson
[2023-02-02T10:03:53.840+0000] {logging_mixin.py:137} INFO - Stephanie Hart
[2023-02-02T10:03:53.850+0000] {logging_mixin.py:137} INFO - Ashley Lee
[2023-02-02T10:03:53.851+0000] {logging_mixin.py:137} INFO - Kelly Barnes
[2023-02-02T10:03:53.852+0000] {logging_mixin.py:137} INFO - Christie West
[2023-02-02T10:03:53.854+0000] {logging_mixin.py:137} INFO - Todd Nolan
[2023-02-02T10:03:53.856+0000] {logging_mixin.py:137} INFO - Sarah Reed
[2023-02-02T10:03:53.857+0000] {logging_mixin.py:137} INFO - Jennifer Keith
[2023-02-02T10:03:53.870+0000] {logging_mixin.py:137} INFO - Shawn Alvarez
[2023-02-02T10:03:53.873+0000] {logging_mixin.py:137} INFO - Alexander Wilson
[2023-02-02T10:03:53.876+0000] {logging_mixin.py:137} INFO - Rachel Melendez
[2023-02-02T10:03:53.885+0000] {logging_mixin.py:137} INFO - Morgan Walters
[2023-02-02T10:03:53.888+0000] {logging_mixin.py:137} INFO - Nicole Garcia
[2023-02-02T10:03:53.891+0000] {logging_mixin.py:137} INFO - Jennifer White
[2023-02-02T10:03:53.892+0000] {logging_mixin.py:137} INFO - Leslie Shannon
[2023-02-02T10:03:53.896+0000] {logging_mixin.py:137} INFO - Lisa Clayton
[2023-02-02T10:03:53.898+0000] {logging_mixin.py:137} INFO - Zachary Molina
[2023-02-02T10:03:53.900+0000] {logging_mixin.py:137} INFO - Bruce Butler
[2023-02-02T10:03:53.913+0000] {logging_mixin.py:137} INFO - Dustin Howell
[2023-02-02T10:03:53.927+0000] {logging_mixin.py:137} INFO - Aaron Smith
[2023-02-02T10:03:53.931+0000] {logging_mixin.py:137} INFO - Kyle Green
[2023-02-02T10:03:53.933+0000] {logging_mixin.py:137} INFO - Steven Clark
[2023-02-02T10:03:53.939+0000] {logging_mixin.py:137} INFO - Robert Holden
[2023-02-02T10:03:53.941+0000] {logging_mixin.py:137} INFO - Zachary Harmon
[2023-02-02T10:03:53.947+0000] {logging_mixin.py:137} INFO - Rachel Miller
[2023-02-02T10:03:53.951+0000] {logging_mixin.py:137} INFO - Brandon Parker
[2023-02-02T10:03:53.965+0000] {logging_mixin.py:137} INFO - Walter Martin
[2023-02-02T10:03:53.970+0000] {logging_mixin.py:137} INFO - Jose Young
[2023-02-02T10:03:53.974+0000] {logging_mixin.py:137} INFO - Kelsey Long
[2023-02-02T10:03:53.977+0000] {logging_mixin.py:137} INFO - William Harper
[2023-02-02T10:03:53.996+0000] {logging_mixin.py:137} INFO - Alejandro Lambert
[2023-02-02T10:03:53.998+0000] {logging_mixin.py:137} INFO - Stephanie Carson
[2023-02-02T10:03:54.012+0000] {logging_mixin.py:137} INFO - Diana Ortega MD
[2023-02-02T10:03:54.024+0000] {logging_mixin.py:137} INFO - Janet Morales
[2023-02-02T10:03:54.027+0000] {logging_mixin.py:137} INFO - Eric Fisher
[2023-02-02T10:03:54.040+0000] {logging_mixin.py:137} INFO - Louis Baker
[2023-02-02T10:03:54.045+0000] {logging_mixin.py:137} INFO - Cindy Ward
[2023-02-02T10:03:54.052+0000] {logging_mixin.py:137} INFO - Ana Jenkins
[2023-02-02T10:03:54.061+0000] {logging_mixin.py:137} INFO - Leslie Barton
[2023-02-02T10:03:54.067+0000] {logging_mixin.py:137} INFO - Gregory Price
[2023-02-02T10:03:54.074+0000] {logging_mixin.py:137} INFO - Brandon Moore
[2023-02-02T10:03:54.077+0000] {logging_mixin.py:137} INFO - Heather Garrett
[2023-02-02T10:03:54.082+0000] {logging_mixin.py:137} INFO - Cindy Hawkins
[2023-02-02T10:03:54.085+0000] {logging_mixin.py:137} INFO - Mr. Frank Snyder Jr.
[2023-02-02T10:03:54.091+0000] {logging_mixin.py:137} INFO - Megan Wang
[2023-02-02T10:03:54.095+0000] {logging_mixin.py:137} INFO - Jennifer Fleming
[2023-02-02T10:03:54.097+0000] {logging_mixin.py:137} INFO - Gary Hodge
[2023-02-02T10:03:54.099+0000] {logging_mixin.py:137} INFO - Nichole Miller
[2023-02-02T10:03:54.101+0000] {logging_mixin.py:137} INFO - Mitchell Mendoza
[2023-02-02T10:03:54.103+0000] {logging_mixin.py:137} INFO - Bradley Horton
[2023-02-02T10:03:54.105+0000] {logging_mixin.py:137} INFO - Michelle Hess
[2023-02-02T10:03:54.112+0000] {logging_mixin.py:137} INFO - Ronald Torres
[2023-02-02T10:03:54.115+0000] {logging_mixin.py:137} INFO - Raymond Hudson
[2023-02-02T10:03:54.118+0000] {logging_mixin.py:137} INFO - Vincent Jackson
[2023-02-02T10:03:54.129+0000] {logging_mixin.py:137} INFO - Susan Carey
[2023-02-02T10:03:54.133+0000] {logging_mixin.py:137} INFO - Chase Wilson
[2023-02-02T10:03:54.137+0000] {logging_mixin.py:137} INFO - Tonya Baldwin
[2023-02-02T10:03:54.142+0000] {logging_mixin.py:137} INFO - Mrs. Tina Davis
[2023-02-02T10:03:54.146+0000] {logging_mixin.py:137} INFO - Scott Garrett
[2023-02-02T10:03:54.152+0000] {logging_mixin.py:137} INFO - Michael Wilson
[2023-02-02T10:03:54.157+0000] {logging_mixin.py:137} INFO - Andrew Orozco
[2023-02-02T10:03:54.158+0000] {logging_mixin.py:137} INFO - Troy Carson
[2023-02-02T10:03:54.160+0000] {logging_mixin.py:137} INFO - Alex Winters
[2023-02-02T10:03:54.170+0000] {logging_mixin.py:137} INFO - Toni Frank
[2023-02-02T10:03:54.172+0000] {logging_mixin.py:137} INFO - Kathleen Snyder
[2023-02-02T10:03:54.174+0000] {logging_mixin.py:137} INFO - Anna Lopez
[2023-02-02T10:03:54.175+0000] {logging_mixin.py:137} INFO - Charles Brown
[2023-02-02T10:03:54.177+0000] {logging_mixin.py:137} INFO - Barry Ross
[2023-02-02T10:03:54.178+0000] {logging_mixin.py:137} INFO - Emily Ramirez
[2023-02-02T10:03:54.179+0000] {logging_mixin.py:137} INFO - Anna Williams
[2023-02-02T10:03:54.181+0000] {logging_mixin.py:137} INFO - Kristin Pennington
[2023-02-02T10:03:54.184+0000] {logging_mixin.py:137} INFO - Mary Aguirre
[2023-02-02T10:03:54.187+0000] {logging_mixin.py:137} INFO - Austin Santos
[2023-02-02T10:03:54.189+0000] {logging_mixin.py:137} INFO - David Nelson
[2023-02-02T10:03:54.194+0000] {logging_mixin.py:137} INFO - Alyssa Mcbride
[2023-02-02T10:03:54.197+0000] {logging_mixin.py:137} INFO - Lisa Gibson
[2023-02-02T10:03:54.199+0000] {logging_mixin.py:137} INFO - Alexander Kelly
[2023-02-02T10:03:54.201+0000] {logging_mixin.py:137} INFO - Ronald Thomas
[2023-02-02T10:03:54.202+0000] {logging_mixin.py:137} INFO - Michael Hurst
[2023-02-02T10:03:54.204+0000] {logging_mixin.py:137} INFO - Lauren Ward
[2023-02-02T10:03:54.209+0000] {logging_mixin.py:137} INFO - Christian Terry
[2023-02-02T10:03:54.217+0000] {logging_mixin.py:137} INFO - Jared Black
[2023-02-02T10:03:54.222+0000] {logging_mixin.py:137} INFO - Anthony Brown
[2023-02-02T10:03:54.228+0000] {logging_mixin.py:137} INFO - John Cole
[2023-02-02T10:03:54.238+0000] {logging_mixin.py:137} INFO - David Lee
[2023-02-02T10:03:54.247+0000] {logging_mixin.py:137} INFO - Lori Thomas
[2023-02-02T10:03:54.254+0000] {logging_mixin.py:137} INFO - Daniel Herman
[2023-02-02T10:03:54.261+0000] {logging_mixin.py:137} INFO - Pam Williams
[2023-02-02T10:03:54.265+0000] {logging_mixin.py:137} INFO - Sarah Jenkins
[2023-02-02T10:03:54.267+0000] {logging_mixin.py:137} INFO - Susan Mitchell
[2023-02-02T10:03:54.268+0000] {logging_mixin.py:137} INFO - Jacqueline Green
[2023-02-02T10:03:54.270+0000] {logging_mixin.py:137} INFO - Victoria Garrison
[2023-02-02T10:03:54.272+0000] {logging_mixin.py:137} INFO - Jonathan Daniels
[2023-02-02T10:03:54.285+0000] {logging_mixin.py:137} INFO - Trevor Hansen
[2023-02-02T10:03:54.291+0000] {logging_mixin.py:137} INFO - Laurie Bowen
[2023-02-02T10:03:54.296+0000] {logging_mixin.py:137} INFO - James Cline
[2023-02-02T10:03:54.305+0000] {logging_mixin.py:137} INFO - Michael Rose
[2023-02-02T10:03:54.308+0000] {logging_mixin.py:137} INFO - Lawrence Juarez
[2023-02-02T10:03:54.313+0000] {logging_mixin.py:137} INFO - Lucas Caldwell
[2023-02-02T10:03:54.315+0000] {logging_mixin.py:137} INFO - Laura Jackson
[2023-02-02T10:03:54.317+0000] {logging_mixin.py:137} INFO - Sherri Thornton
[2023-02-02T10:03:54.321+0000] {logging_mixin.py:137} INFO - Alice Wilson
[2023-02-02T10:03:54.332+0000] {logging_mixin.py:137} INFO - Diane Williams
[2023-02-02T10:03:54.338+0000] {logging_mixin.py:137} INFO - Kara Martin
[2023-02-02T10:03:54.348+0000] {logging_mixin.py:137} INFO - Joseph Moore
[2023-02-02T10:03:54.354+0000] {logging_mixin.py:137} INFO - Jesse Moses
[2023-02-02T10:03:54.356+0000] {logging_mixin.py:137} INFO - Lisa Mccall
[2023-02-02T10:03:54.361+0000] {logging_mixin.py:137} INFO - Alexandra Mccoy
[2023-02-02T10:03:54.365+0000] {logging_mixin.py:137} INFO - Daniel Martin
[2023-02-02T10:03:54.368+0000] {logging_mixin.py:137} INFO - Claudia Peck
[2023-02-02T10:03:54.372+0000] {logging_mixin.py:137} INFO - Jessica Mcconnell
[2023-02-02T10:03:54.388+0000] {logging_mixin.py:137} INFO - Kevin Walker
[2023-02-02T10:03:54.395+0000] {logging_mixin.py:137} INFO - Christina Lee
[2023-02-02T10:03:54.397+0000] {logging_mixin.py:137} INFO - Christopher Schroeder
[2023-02-02T10:03:54.400+0000] {logging_mixin.py:137} INFO - Melissa Parker
[2023-02-02T10:03:54.402+0000] {logging_mixin.py:137} INFO - Janet Molina
[2023-02-02T10:03:54.404+0000] {logging_mixin.py:137} INFO - Barbara Harris
[2023-02-02T10:03:54.406+0000] {logging_mixin.py:137} INFO - Joseph Hurley
[2023-02-02T10:03:54.409+0000] {logging_mixin.py:137} INFO - Greg Hayden
[2023-02-02T10:03:54.412+0000] {logging_mixin.py:137} INFO - Edwin Adams
[2023-02-02T10:03:54.415+0000] {logging_mixin.py:137} INFO - Ashley Hunter
[2023-02-02T10:03:54.418+0000] {logging_mixin.py:137} INFO - Jennifer Tucker
[2023-02-02T10:03:54.421+0000] {logging_mixin.py:137} INFO - Eddie Gray
[2023-02-02T10:03:54.425+0000] {logging_mixin.py:137} INFO - Jennifer Evans
[2023-02-02T10:03:54.435+0000] {logging_mixin.py:137} INFO - Stephen Carey
[2023-02-02T10:03:54.438+0000] {logging_mixin.py:137} INFO - Samantha Campos
[2023-02-02T10:03:54.442+0000] {logging_mixin.py:137} INFO - Meagan Brown
[2023-02-02T10:03:54.445+0000] {logging_mixin.py:137} INFO - Miss Marisa Barber
[2023-02-02T10:03:54.448+0000] {logging_mixin.py:137} INFO - Jay Mann
[2023-02-02T10:03:54.451+0000] {logging_mixin.py:137} INFO - Matthew Campbell
[2023-02-02T10:03:54.454+0000] {logging_mixin.py:137} INFO - Brent Rodriguez
[2023-02-02T10:03:54.460+0000] {logging_mixin.py:137} INFO - Teresa Ross
[2023-02-02T10:03:54.465+0000] {logging_mixin.py:137} INFO - Mary Martinez
[2023-02-02T10:03:54.467+0000] {logging_mixin.py:137} INFO - Joseph Lewis
[2023-02-02T10:03:54.468+0000] {logging_mixin.py:137} INFO - Dale Davis
[2023-02-02T10:03:54.470+0000] {logging_mixin.py:137} INFO - Elizabeth Evans
[2023-02-02T10:03:54.474+0000] {logging_mixin.py:137} INFO - Shannon Wang
[2023-02-02T10:03:54.476+0000] {logging_mixin.py:137} INFO - Brandon Campbell
[2023-02-02T10:03:54.479+0000] {logging_mixin.py:137} INFO - Rhonda Pace
[2023-02-02T10:03:54.480+0000] {logging_mixin.py:137} INFO - Sarah Santos
[2023-02-02T10:03:54.483+0000] {logging_mixin.py:137} INFO - Jacob Ford
[2023-02-02T10:03:54.485+0000] {logging_mixin.py:137} INFO - Matthew Hansen
[2023-02-02T10:03:54.489+0000] {logging_mixin.py:137} INFO - Amy Ray
[2023-02-02T10:03:54.494+0000] {logging_mixin.py:137} INFO - Aaron Fields
[2023-02-02T10:03:54.496+0000] {logging_mixin.py:137} INFO - Mary Taylor
[2023-02-02T10:03:54.498+0000] {logging_mixin.py:137} INFO - James Morris
[2023-02-02T10:03:54.500+0000] {logging_mixin.py:137} INFO - Darrell Cain
[2023-02-02T10:03:54.509+0000] {logging_mixin.py:137} INFO - Michael Smith
[2023-02-02T10:03:54.513+0000] {logging_mixin.py:137} INFO - Scott Coleman
[2023-02-02T10:03:54.520+0000] {logging_mixin.py:137} INFO - David Fitzpatrick
[2023-02-02T10:03:54.524+0000] {logging_mixin.py:137} INFO - Debra Shepherd
[2023-02-02T10:03:54.527+0000] {logging_mixin.py:137} INFO - Paul Rush
[2023-02-02T10:03:54.535+0000] {logging_mixin.py:137} INFO - Brett Hernandez
[2023-02-02T10:03:54.538+0000] {logging_mixin.py:137} INFO - Sheila Riddle
[2023-02-02T10:03:54.540+0000] {logging_mixin.py:137} INFO - Joan Austin
[2023-02-02T10:03:54.543+0000] {logging_mixin.py:137} INFO - Michael Garcia
[2023-02-02T10:03:54.545+0000] {logging_mixin.py:137} INFO - Natalie Harris
[2023-02-02T10:03:54.548+0000] {logging_mixin.py:137} INFO - Steven Dean
[2023-02-02T10:03:54.551+0000] {logging_mixin.py:137} INFO - John Brown
[2023-02-02T10:03:54.553+0000] {logging_mixin.py:137} INFO - Keith Zimmerman
[2023-02-02T10:03:54.555+0000] {logging_mixin.py:137} INFO - Curtis Byrd
[2023-02-02T10:03:54.557+0000] {logging_mixin.py:137} INFO - Mariah Green
[2023-02-02T10:03:54.558+0000] {logging_mixin.py:137} INFO - Roger Huynh
[2023-02-02T10:03:54.567+0000] {logging_mixin.py:137} INFO - Christopher Zamora
[2023-02-02T10:03:54.574+0000] {logging_mixin.py:137} INFO - Joyce Crawford
[2023-02-02T10:03:54.575+0000] {logging_mixin.py:137} INFO - Angela Smith
[2023-02-02T10:03:54.578+0000] {logging_mixin.py:137} INFO - Veronica Robinson
[2023-02-02T10:03:54.580+0000] {logging_mixin.py:137} INFO - Christopher Bates
[2023-02-02T10:03:54.584+0000] {logging_mixin.py:137} INFO - Steve Stone
[2023-02-02T10:03:54.585+0000] {logging_mixin.py:137} INFO - William Cook
[2023-02-02T10:03:54.588+0000] {logging_mixin.py:137} INFO - Lori Wood
[2023-02-02T10:03:54.590+0000] {logging_mixin.py:137} INFO - Jillian Reynolds
[2023-02-02T10:03:54.592+0000] {logging_mixin.py:137} INFO - Angela Caldwell
[2023-02-02T10:03:54.594+0000] {logging_mixin.py:137} INFO - Shane Campbell
[2023-02-02T10:03:54.601+0000] {logging_mixin.py:137} INFO - Karen Lawrence
[2023-02-02T10:03:54.606+0000] {logging_mixin.py:137} INFO - Kimberly Wood
[2023-02-02T10:03:54.611+0000] {logging_mixin.py:137} INFO - Samantha Lopez
[2023-02-02T10:03:54.615+0000] {logging_mixin.py:137} INFO - Harold Miller
[2023-02-02T10:03:54.619+0000] {logging_mixin.py:137} INFO - Raymond Cooper DVM
[2023-02-02T10:03:54.629+0000] {logging_mixin.py:137} INFO - Kristen Patel
[2023-02-02T10:03:54.632+0000] {logging_mixin.py:137} INFO - Anthony Mejia
[2023-02-02T10:03:54.634+0000] {logging_mixin.py:137} INFO - Raymond Thomas
[2023-02-02T10:03:54.639+0000] {logging_mixin.py:137} INFO - Scott Young
[2023-02-02T10:03:54.643+0000] {logging_mixin.py:137} INFO - David Larson
[2023-02-02T10:03:54.646+0000] {logging_mixin.py:137} INFO - Jon Murray
[2023-02-02T10:03:54.647+0000] {logging_mixin.py:137} INFO - Stephen Taylor
[2023-02-02T10:03:54.652+0000] {logging_mixin.py:137} INFO - Jennifer Hernandez
[2023-02-02T10:03:54.656+0000] {logging_mixin.py:137} INFO - Stacy Smith
[2023-02-02T10:03:54.658+0000] {logging_mixin.py:137} INFO - Juan Owens
[2023-02-02T10:03:54.660+0000] {logging_mixin.py:137} INFO - Brian Adkins
[2023-02-02T10:03:54.662+0000] {logging_mixin.py:137} INFO - Jesse Wells
[2023-02-02T10:03:54.665+0000] {logging_mixin.py:137} INFO - Kyle Matthews
[2023-02-02T10:03:54.669+0000] {logging_mixin.py:137} INFO - Dustin Russell
[2023-02-02T10:03:54.673+0000] {logging_mixin.py:137} INFO - Richard White
[2023-02-02T10:03:54.683+0000] {logging_mixin.py:137} INFO - Brittany Nichols
[2023-02-02T10:03:54.685+0000] {logging_mixin.py:137} INFO - Colton Kelly
[2023-02-02T10:03:54.688+0000] {logging_mixin.py:137} INFO - William Perry
[2023-02-02T10:03:54.690+0000] {logging_mixin.py:137} INFO - Thomas Cummings
[2023-02-02T10:03:54.691+0000] {logging_mixin.py:137} INFO - Timothy Ballard
[2023-02-02T10:03:54.694+0000] {logging_mixin.py:137} INFO - Richard Washington
[2023-02-02T10:03:54.701+0000] {logging_mixin.py:137} INFO - Joshua Lam
[2023-02-02T10:03:54.703+0000] {logging_mixin.py:137} INFO - Grant Jackson
[2023-02-02T10:03:54.704+0000] {logging_mixin.py:137} INFO - Erin Baker
[2023-02-02T10:03:54.707+0000] {logging_mixin.py:137} INFO - Scott Flowers
[2023-02-02T10:03:54.710+0000] {logging_mixin.py:137} INFO - James Adams
[2023-02-02T10:03:54.713+0000] {logging_mixin.py:137} INFO - Heather Alvarado
[2023-02-02T10:03:54.720+0000] {logging_mixin.py:137} INFO - Jennifer Snow
[2023-02-02T10:03:54.722+0000] {logging_mixin.py:137} INFO - Mario Jackson
[2023-02-02T10:03:54.725+0000] {logging_mixin.py:137} INFO - Kevin Collins
[2023-02-02T10:03:54.727+0000] {logging_mixin.py:137} INFO - Danielle Garcia
[2023-02-02T10:03:54.729+0000] {logging_mixin.py:137} INFO - Brenda Jackson
[2023-02-02T10:03:54.731+0000] {logging_mixin.py:137} INFO - Ashley Parker
[2023-02-02T10:03:54.733+0000] {logging_mixin.py:137} INFO - Angela Hickman
[2023-02-02T10:03:54.737+0000] {logging_mixin.py:137} INFO - Carol Rodriguez
[2023-02-02T10:03:54.740+0000] {logging_mixin.py:137} INFO - Vernon Anderson
[2023-02-02T10:03:54.742+0000] {logging_mixin.py:137} INFO - Jesus Church
[2023-02-02T10:03:54.745+0000] {logging_mixin.py:137} INFO - Michelle Medina
[2023-02-02T10:03:54.748+0000] {logging_mixin.py:137} INFO - Nancy Bryant
[2023-02-02T10:03:54.752+0000] {logging_mixin.py:137} INFO - Jennifer Martinez
[2023-02-02T10:03:54.754+0000] {logging_mixin.py:137} INFO - Amy Dougherty
[2023-02-02T10:03:54.760+0000] {logging_mixin.py:137} INFO - Alexis Sanders
[2023-02-02T10:03:54.765+0000] {logging_mixin.py:137} INFO - Austin Salazar
[2023-02-02T10:03:54.769+0000] {logging_mixin.py:137} INFO - Amy Williams
[2023-02-02T10:03:54.772+0000] {logging_mixin.py:137} INFO - Richard Haynes
[2023-02-02T10:03:54.775+0000] {logging_mixin.py:137} INFO - Christine Stark
[2023-02-02T10:03:54.777+0000] {logging_mixin.py:137} INFO - Anita Medina
[2023-02-02T10:03:54.779+0000] {logging_mixin.py:137} INFO - Mr. Thomas Duran
[2023-02-02T10:03:54.781+0000] {logging_mixin.py:137} INFO - Mr. Russell Peterson
[2023-02-02T10:03:54.787+0000] {logging_mixin.py:137} INFO - Jack Richard
[2023-02-02T10:03:54.788+0000] {logging_mixin.py:137} INFO - Michelle Erickson
[2023-02-02T10:03:54.790+0000] {logging_mixin.py:137} INFO - Mitchell Williams
[2023-02-02T10:03:54.792+0000] {logging_mixin.py:137} INFO - Adrian Herrera
[2023-02-02T10:03:54.794+0000] {logging_mixin.py:137} INFO - Michael Brady
[2023-02-02T10:03:54.795+0000] {logging_mixin.py:137} INFO - Jamie Zhang
[2023-02-02T10:03:54.796+0000] {logging_mixin.py:137} INFO - Helen Brennan
[2023-02-02T10:03:54.799+0000] {logging_mixin.py:137} INFO - John Myers
[2023-02-02T10:03:54.805+0000] {logging_mixin.py:137} INFO - Patricia Nash
[2023-02-02T10:03:54.808+0000] {logging_mixin.py:137} INFO - Michael Johnson
[2023-02-02T10:03:54.812+0000] {logging_mixin.py:137} INFO - Anita Berger
[2023-02-02T10:03:54.814+0000] {logging_mixin.py:137} INFO - Jason Guerrero DVM
[2023-02-02T10:03:54.818+0000] {logging_mixin.py:137} INFO - Kimberly Davis
[2023-02-02T10:03:54.819+0000] {logging_mixin.py:137} INFO - Bryan Hansen
[2023-02-02T10:03:54.821+0000] {logging_mixin.py:137} INFO - Rebecca Obrien
[2023-02-02T10:03:54.823+0000] {logging_mixin.py:137} INFO - Sarah Santiago
[2023-02-02T10:03:54.824+0000] {logging_mixin.py:137} INFO - Christine Lane
[2023-02-02T10:03:54.826+0000] {logging_mixin.py:137} INFO - Jerry Lewis
[2023-02-02T10:03:54.829+0000] {logging_mixin.py:137} INFO - Stephanie Miller
[2023-02-02T10:03:54.831+0000] {logging_mixin.py:137} INFO - Kristi Bradley
[2023-02-02T10:03:54.834+0000] {logging_mixin.py:137} INFO - Darren Moore
[2023-02-02T10:03:54.838+0000] {logging_mixin.py:137} INFO - Kristina Cunningham
[2023-02-02T10:03:54.839+0000] {logging_mixin.py:137} INFO - Laurie Moore
[2023-02-02T10:03:54.845+0000] {logging_mixin.py:137} INFO - Aaron Lewis
[2023-02-02T10:03:54.847+0000] {logging_mixin.py:137} INFO - Theresa Vang
[2023-02-02T10:03:54.848+0000] {logging_mixin.py:137} INFO - Chase Reese
[2023-02-02T10:03:54.849+0000] {logging_mixin.py:137} INFO - Matthew Ferguson
[2023-02-02T10:03:54.850+0000] {logging_mixin.py:137} INFO - Victoria Lewis
[2023-02-02T10:03:54.851+0000] {logging_mixin.py:137} INFO - Jon Scott
[2023-02-02T10:03:54.853+0000] {logging_mixin.py:137} INFO - Lisa Campbell
[2023-02-02T10:03:54.855+0000] {logging_mixin.py:137} INFO - David Ramirez
[2023-02-02T10:03:54.861+0000] {logging_mixin.py:137} INFO - Gabriel Rosario
[2023-02-02T10:03:54.865+0000] {logging_mixin.py:137} INFO - Kristi Johnson
[2023-02-02T10:03:54.867+0000] {logging_mixin.py:137} INFO - Jennifer Schwartz
[2023-02-02T10:03:54.870+0000] {logging_mixin.py:137} INFO - Daniel Norton
[2023-02-02T10:03:54.871+0000] {logging_mixin.py:137} INFO - Richard Montoya
[2023-02-02T10:03:54.873+0000] {logging_mixin.py:137} INFO - Daniel Norris
[2023-02-02T10:03:54.875+0000] {logging_mixin.py:137} INFO - Chad Taylor
[2023-02-02T10:03:54.881+0000] {logging_mixin.py:137} INFO - Angie Allen
[2023-02-02T10:03:54.882+0000] {logging_mixin.py:137} INFO - Michael Brooks
[2023-02-02T10:03:54.884+0000] {logging_mixin.py:137} INFO - Hannah Poole
[2023-02-02T10:03:54.887+0000] {logging_mixin.py:137} INFO - Caitlin Ray
[2023-02-02T10:03:54.889+0000] {logging_mixin.py:137} INFO - Mr. Steven Gardner
[2023-02-02T10:03:54.891+0000] {logging_mixin.py:137} INFO - Jennifer Macdonald
[2023-02-02T10:03:54.892+0000] {logging_mixin.py:137} INFO - Vanessa Small
[2023-02-02T10:03:54.894+0000] {logging_mixin.py:137} INFO - Dennis Gray
[2023-02-02T10:03:54.901+0000] {logging_mixin.py:137} INFO - Sandra Kirk
[2023-02-02T10:03:54.903+0000] {logging_mixin.py:137} INFO - Jason Wagner
[2023-02-02T10:03:54.905+0000] {logging_mixin.py:137} INFO - David Owen
[2023-02-02T10:03:54.906+0000] {logging_mixin.py:137} INFO - Rose Terrell
[2023-02-02T10:03:54.908+0000] {logging_mixin.py:137} INFO - James Green MD
[2023-02-02T10:03:54.909+0000] {logging_mixin.py:137} INFO - Tammy Patel
[2023-02-02T10:03:54.911+0000] {logging_mixin.py:137} INFO - Joseph Lucero
[2023-02-02T10:03:54.913+0000] {logging_mixin.py:137} INFO - Stephanie Rojas
[2023-02-02T10:03:54.915+0000] {logging_mixin.py:137} INFO - Brittany Johnson
[2023-02-02T10:03:54.919+0000] {logging_mixin.py:137} INFO - Christina Cummings
[2023-02-02T10:03:54.921+0000] {logging_mixin.py:137} INFO - Eric Downs
[2023-02-02T10:03:54.924+0000] {logging_mixin.py:137} INFO - Paul Finley
[2023-02-02T10:03:54.925+0000] {logging_mixin.py:137} INFO - Danielle Jackson
[2023-02-02T10:03:54.927+0000] {logging_mixin.py:137} INFO - Anna Johnston
[2023-02-02T10:03:54.929+0000] {logging_mixin.py:137} INFO - Ashlee Hodges
[2023-02-02T10:03:54.931+0000] {logging_mixin.py:137} INFO - Thomas Francis
[2023-02-02T10:03:54.934+0000] {logging_mixin.py:137} INFO - Cody Baird
[2023-02-02T10:03:54.935+0000] {logging_mixin.py:137} INFO - Jeffrey Walter
[2023-02-02T10:03:54.937+0000] {logging_mixin.py:137} INFO - Hannah West
[2023-02-02T10:03:54.940+0000] {logging_mixin.py:137} INFO - Anthony Byrd
[2023-02-02T10:03:54.943+0000] {logging_mixin.py:137} INFO - Julie Ramirez
[2023-02-02T10:03:54.951+0000] {logging_mixin.py:137} INFO - Seth Peters
[2023-02-02T10:03:54.954+0000] {logging_mixin.py:137} INFO - Keith Salas
[2023-02-02T10:03:54.958+0000] {logging_mixin.py:137} INFO - Kathryn Evans
[2023-02-02T10:03:54.960+0000] {logging_mixin.py:137} INFO - Dr. Maria Scott
[2023-02-02T10:03:54.965+0000] {logging_mixin.py:137} INFO - Brenda Thomas
[2023-02-02T10:03:54.969+0000] {logging_mixin.py:137} INFO - Travis Douglas
[2023-02-02T10:03:54.972+0000] {logging_mixin.py:137} INFO - Kurt Santos
[2023-02-02T10:03:54.975+0000] {logging_mixin.py:137} INFO - Sean Parrish
[2023-02-02T10:03:54.981+0000] {logging_mixin.py:137} INFO - Brittany Walls
[2023-02-02T10:03:54.983+0000] {logging_mixin.py:137} INFO - Gail Brooks
[2023-02-02T10:03:54.986+0000] {logging_mixin.py:137} INFO - Valerie Johnson
[2023-02-02T10:03:54.992+0000] {logging_mixin.py:137} INFO - Jessica Dunn
[2023-02-02T10:03:54.995+0000] {logging_mixin.py:137} INFO - Chad Robinson
[2023-02-02T10:03:54.997+0000] {logging_mixin.py:137} INFO - Catherine Combs
[2023-02-02T10:03:55.005+0000] {logging_mixin.py:137} INFO - Joshua Boyd
[2023-02-02T10:03:55.007+0000] {logging_mixin.py:137} INFO - Alicia Barnett DVM
[2023-02-02T10:03:55.010+0000] {logging_mixin.py:137} INFO - Kevin Cervantes
[2023-02-02T10:03:55.012+0000] {logging_mixin.py:137} INFO - Larry Lester
[2023-02-02T10:03:55.016+0000] {logging_mixin.py:137} INFO - Deanna Espinoza
[2023-02-02T10:03:55.019+0000] {logging_mixin.py:137} INFO - Marilyn Davis
[2023-02-02T10:03:55.021+0000] {logging_mixin.py:137} INFO - Michael Weeks
[2023-02-02T10:03:55.025+0000] {logging_mixin.py:137} INFO - Brandon Stanton
[2023-02-02T10:03:55.028+0000] {logging_mixin.py:137} INFO - Ryan Boyer Jr.
[2023-02-02T10:03:55.030+0000] {logging_mixin.py:137} INFO - Amanda Elliott
[2023-02-02T10:03:55.036+0000] {logging_mixin.py:137} INFO - David Moore
[2023-02-02T10:03:55.038+0000] {logging_mixin.py:137} INFO - Andre Williams
[2023-02-02T10:03:55.040+0000] {logging_mixin.py:137} INFO - Jennifer Garcia
[2023-02-02T10:03:55.042+0000] {logging_mixin.py:137} INFO - Tracey Cook
[2023-02-02T10:03:55.044+0000] {logging_mixin.py:137} INFO - Michael Turner
[2023-02-02T10:03:55.049+0000] {logging_mixin.py:137} INFO - Diana Long
[2023-02-02T10:03:55.055+0000] {logging_mixin.py:137} INFO - John Bradley
[2023-02-02T10:03:55.059+0000] {logging_mixin.py:137} INFO - Ann Benjamin
[2023-02-02T10:03:55.061+0000] {logging_mixin.py:137} INFO - Shane House
[2023-02-02T10:03:55.063+0000] {logging_mixin.py:137} INFO - Erin Lee
[2023-02-02T10:03:55.078+0000] {logging_mixin.py:137} INFO - Joseph Gray
[2023-02-02T10:03:55.080+0000] {logging_mixin.py:137} INFO - Betty Gibson
[2023-02-02T10:03:55.083+0000] {logging_mixin.py:137} INFO - Kristen Graham
[2023-02-02T10:03:55.085+0000] {logging_mixin.py:137} INFO - Daniel Meza
[2023-02-02T10:03:55.090+0000] {logging_mixin.py:137} INFO - Sherri Carpenter
[2023-02-02T10:03:55.094+0000] {logging_mixin.py:137} INFO - Andrea Sanchez
[2023-02-02T10:03:55.096+0000] {logging_mixin.py:137} INFO - Jordan Rios
[2023-02-02T10:03:55.105+0000] {logging_mixin.py:137} INFO - Elizabeth Jackson
[2023-02-02T10:03:55.109+0000] {logging_mixin.py:137} INFO - Elizabeth Myers
[2023-02-02T10:03:55.112+0000] {logging_mixin.py:137} INFO - Juan Barnes
[2023-02-02T10:03:55.115+0000] {logging_mixin.py:137} INFO - Christopher Lozano
[2023-02-02T10:03:55.118+0000] {logging_mixin.py:137} INFO - Jacqueline Griffin
[2023-02-02T10:03:55.121+0000] {logging_mixin.py:137} INFO - Ryan Mason
[2023-02-02T10:03:55.123+0000] {logging_mixin.py:137} INFO - Jonathan Moore
[2023-02-02T10:03:55.129+0000] {logging_mixin.py:137} INFO - Abigail Landry
[2023-02-02T10:03:55.136+0000] {logging_mixin.py:137} INFO - Brenda Hernandez
[2023-02-02T10:03:55.138+0000] {logging_mixin.py:137} INFO - Zachary Pitts
[2023-02-02T10:03:55.140+0000] {logging_mixin.py:137} INFO - Amanda Rogers
[2023-02-02T10:03:55.142+0000] {logging_mixin.py:137} INFO - Cynthia Gray
[2023-02-02T10:03:55.147+0000] {logging_mixin.py:137} INFO - Tyler Barajas
[2023-02-02T10:03:55.152+0000] {logging_mixin.py:137} INFO - Michelle Leon
[2023-02-02T10:03:55.157+0000] {logging_mixin.py:137} INFO - Kathy Lang
[2023-02-02T10:03:55.161+0000] {logging_mixin.py:137} INFO - Scott Townsend MD
[2023-02-02T10:03:55.169+0000] {logging_mixin.py:137} INFO - Theresa Acosta
[2023-02-02T10:03:55.172+0000] {logging_mixin.py:137} INFO - David Jones
[2023-02-02T10:03:55.175+0000] {logging_mixin.py:137} INFO - Jeremy Robinson
[2023-02-02T10:03:55.181+0000] {logging_mixin.py:137} INFO - James Newton
[2023-02-02T10:03:55.184+0000] {logging_mixin.py:137} INFO - Tracey Wells
[2023-02-02T10:03:55.186+0000] {logging_mixin.py:137} INFO - Maria Nelson
[2023-02-02T10:03:55.190+0000] {logging_mixin.py:137} INFO - Christopher Griffith
[2023-02-02T10:03:55.195+0000] {logging_mixin.py:137} INFO - Zachary Griffin
[2023-02-02T10:03:55.196+0000] {logging_mixin.py:137} INFO - Amy Nguyen
[2023-02-02T10:03:55.199+0000] {logging_mixin.py:137} INFO - April Williams
[2023-02-02T10:03:55.205+0000] {logging_mixin.py:137} INFO - Marissa Kelly
[2023-02-02T10:03:55.208+0000] {logging_mixin.py:137} INFO - Brian Lopez PhD
[2023-02-02T10:03:55.211+0000] {logging_mixin.py:137} INFO - William Williams
[2023-02-02T10:03:55.215+0000] {logging_mixin.py:137} INFO - Norman Brown
[2023-02-02T10:03:55.216+0000] {logging_mixin.py:137} INFO - Charles Fuentes
[2023-02-02T10:03:55.222+0000] {logging_mixin.py:137} INFO - Anthony Chang
[2023-02-02T10:03:55.228+0000] {logging_mixin.py:137} INFO - Mary Bell
[2023-02-02T10:03:55.230+0000] {logging_mixin.py:137} INFO - Elizabeth Stuart
[2023-02-02T10:03:55.232+0000] {logging_mixin.py:137} INFO - Mary Mcdonald
[2023-02-02T10:03:55.235+0000] {logging_mixin.py:137} INFO - Martin Harrison
[2023-02-02T10:03:55.238+0000] {logging_mixin.py:137} INFO - Stephanie Fernandez
[2023-02-02T10:03:55.240+0000] {logging_mixin.py:137} INFO - Christopher Brown
[2023-02-02T10:03:55.243+0000] {logging_mixin.py:137} INFO - Alexander Stephenson
[2023-02-02T10:03:55.248+0000] {logging_mixin.py:137} INFO - Grace Diaz
[2023-02-02T10:03:55.250+0000] {logging_mixin.py:137} INFO - Frank Bartlett
[2023-02-02T10:03:55.252+0000] {logging_mixin.py:137} INFO - Audrey Andersen
[2023-02-02T10:03:55.256+0000] {logging_mixin.py:137} INFO - David Green
[2023-02-02T10:03:55.257+0000] {logging_mixin.py:137} INFO - Joshua Diaz Jr.
[2023-02-02T10:03:55.262+0000] {logging_mixin.py:137} INFO - Emily Garcia
[2023-02-02T10:03:55.265+0000] {logging_mixin.py:137} INFO - Devin Hall
[2023-02-02T10:03:55.267+0000] {logging_mixin.py:137} INFO - Phillip Garner
[2023-02-02T10:03:55.270+0000] {logging_mixin.py:137} INFO - Katherine Estrada
[2023-02-02T10:03:55.273+0000] {logging_mixin.py:137} INFO - Corey Saunders
[2023-02-02T10:03:55.277+0000] {logging_mixin.py:137} INFO - Kimberly Collins
[2023-02-02T10:03:55.282+0000] {logging_mixin.py:137} INFO - Amy Elliott
[2023-02-02T10:03:55.287+0000] {logging_mixin.py:137} INFO - Tanya Jones
[2023-02-02T10:03:55.292+0000] {logging_mixin.py:137} INFO - Patricia Gonzalez
[2023-02-02T10:03:55.293+0000] {logging_mixin.py:137} INFO - Jennifer Hill
[2023-02-02T10:03:55.295+0000] {logging_mixin.py:137} INFO - John Haynes
[2023-02-02T10:03:55.296+0000] {logging_mixin.py:137} INFO - Jacob Henry
[2023-02-02T10:03:55.298+0000] {logging_mixin.py:137} INFO - Daniel Clark
[2023-02-02T10:03:55.303+0000] {logging_mixin.py:137} INFO - Jonathon Taylor
[2023-02-02T10:03:55.305+0000] {logging_mixin.py:137} INFO - Jesse Evans
[2023-02-02T10:03:55.307+0000] {logging_mixin.py:137} INFO - James Martinez
[2023-02-02T10:03:55.309+0000] {logging_mixin.py:137} INFO - Kyle Reyes
[2023-02-02T10:03:55.312+0000] {logging_mixin.py:137} INFO - Terrence Barker
[2023-02-02T10:03:55.317+0000] {logging_mixin.py:137} INFO - Anthony Washington
[2023-02-02T10:03:55.322+0000] {logging_mixin.py:137} INFO - Dustin Le
[2023-02-02T10:03:55.327+0000] {logging_mixin.py:137} INFO - Bruce Clark
[2023-02-02T10:03:55.329+0000] {logging_mixin.py:137} INFO - Keith Anthony
[2023-02-02T10:03:55.331+0000] {logging_mixin.py:137} INFO - Jeremiah Stone
[2023-02-02T10:03:55.333+0000] {logging_mixin.py:137} INFO - Michael Haley
[2023-02-02T10:03:55.335+0000] {logging_mixin.py:137} INFO - Regina Carrillo
[2023-02-02T10:03:55.338+0000] {logging_mixin.py:137} INFO - Jacob Lee
[2023-02-02T10:03:55.343+0000] {logging_mixin.py:137} INFO - Thomas Gonzalez
[2023-02-02T10:03:55.345+0000] {logging_mixin.py:137} INFO - Mark Lawrence
[2023-02-02T10:03:55.348+0000] {logging_mixin.py:137} INFO - Matthew Anderson
[2023-02-02T10:03:55.350+0000] {logging_mixin.py:137} INFO - Nicholas Young
[2023-02-02T10:03:55.352+0000] {logging_mixin.py:137} INFO - Melvin Martinez
[2023-02-02T10:03:55.354+0000] {logging_mixin.py:137} INFO - Scott Green
[2023-02-02T10:03:55.356+0000] {logging_mixin.py:137} INFO - Dana Richards
[2023-02-02T10:03:55.358+0000] {logging_mixin.py:137} INFO - Lauren Moore
[2023-02-02T10:03:55.360+0000] {logging_mixin.py:137} INFO - Terry Campbell
[2023-02-02T10:03:55.363+0000] {logging_mixin.py:137} INFO - Ralph Jordan
[2023-02-02T10:03:55.370+0000] {logging_mixin.py:137} INFO - Noah Reyes
[2023-02-02T10:03:55.374+0000] {logging_mixin.py:137} INFO - Mr. Gregory Mills MD
[2023-02-02T10:03:55.377+0000] {logging_mixin.py:137} INFO - Michelle Yates
[2023-02-02T10:03:55.380+0000] {logging_mixin.py:137} INFO - Robin Reyes
[2023-02-02T10:03:55.383+0000] {logging_mixin.py:137} INFO - Rebecca Smith
[2023-02-02T10:03:55.386+0000] {logging_mixin.py:137} INFO - Nicole Torres
[2023-02-02T10:03:55.389+0000] {logging_mixin.py:137} INFO - Ronald Jones
[2023-02-02T10:03:55.392+0000] {logging_mixin.py:137} INFO - Michael Castaneda
[2023-02-02T10:03:55.395+0000] {logging_mixin.py:137} INFO - Christopher Krueger
[2023-02-02T10:03:55.400+0000] {logging_mixin.py:137} INFO - Jennifer Werner
[2023-02-02T10:03:55.402+0000] {logging_mixin.py:137} INFO - Ashley Smith
[2023-02-02T10:03:55.404+0000] {logging_mixin.py:137} INFO - Alyssa Fields
[2023-02-02T10:03:55.409+0000] {logging_mixin.py:137} INFO - John Scott
[2023-02-02T10:03:55.411+0000] {logging_mixin.py:137} INFO - Debra Delacruz
[2023-02-02T10:03:55.412+0000] {logging_mixin.py:137} INFO - James Madden
[2023-02-02T10:03:55.420+0000] {logging_mixin.py:137} INFO - Joseph Gentry
[2023-02-02T10:03:55.423+0000] {logging_mixin.py:137} INFO - Ashley Cabrera
[2023-02-02T10:03:55.437+0000] {logging_mixin.py:137} INFO - Jennifer Fernandez
[2023-02-02T10:03:55.440+0000] {logging_mixin.py:137} INFO - James Harris
[2023-02-02T10:03:55.443+0000] {logging_mixin.py:137} INFO - Candice Young
[2023-02-02T10:03:55.445+0000] {logging_mixin.py:137} INFO - Lisa Baker
[2023-02-02T10:03:55.450+0000] {logging_mixin.py:137} INFO - Brian Mills DDS
[2023-02-02T10:03:55.452+0000] {logging_mixin.py:137} INFO - Kristin Smith
[2023-02-02T10:03:55.454+0000] {logging_mixin.py:137} INFO - Jacob Collins
[2023-02-02T10:03:55.457+0000] {logging_mixin.py:137} INFO - Kimberly Harris
[2023-02-02T10:03:55.458+0000] {logging_mixin.py:137} INFO - Michael Hull
[2023-02-02T10:03:55.460+0000] {logging_mixin.py:137} INFO - Caitlin Todd
[2023-02-02T10:03:55.462+0000] {logging_mixin.py:137} INFO - Lisa Harris
[2023-02-02T10:03:55.466+0000] {logging_mixin.py:137} INFO - Mrs. Ann Stone
[2023-02-02T10:03:55.469+0000] {logging_mixin.py:137} INFO - Michelle Case
[2023-02-02T10:03:55.471+0000] {logging_mixin.py:137} INFO - Joe Lowe
[2023-02-02T10:03:55.473+0000] {logging_mixin.py:137} INFO - Randall Dunn
[2023-02-02T10:03:55.477+0000] {logging_mixin.py:137} INFO - Paula Vargas
[2023-02-02T10:03:55.478+0000] {logging_mixin.py:137} INFO - Daniel Walker
[2023-02-02T10:03:55.480+0000] {logging_mixin.py:137} INFO - James Jackson
[2023-02-02T10:03:55.481+0000] {logging_mixin.py:137} INFO - Shirley Woodard
[2023-02-02T10:03:55.485+0000] {logging_mixin.py:137} INFO - James Hayes
[2023-02-02T10:03:55.486+0000] {logging_mixin.py:137} INFO - Megan Austin
[2023-02-02T10:03:55.491+0000] {logging_mixin.py:137} INFO - Erin Robertson
[2023-02-02T10:03:55.494+0000] {logging_mixin.py:137} INFO - Robert Phillips
[2023-02-02T10:03:55.496+0000] {logging_mixin.py:137} INFO - Amy Torres
[2023-02-02T10:03:55.499+0000] {logging_mixin.py:137} INFO - Joshua Cox
[2023-02-02T10:03:55.501+0000] {logging_mixin.py:137} INFO - Duane Grimes
[2023-02-02T10:03:55.506+0000] {logging_mixin.py:137} INFO - Jennifer Burgess
[2023-02-02T10:03:55.508+0000] {logging_mixin.py:137} INFO - Carlos Duran
[2023-02-02T10:03:55.510+0000] {logging_mixin.py:137} INFO - Jason Johnson
[2023-02-02T10:03:55.512+0000] {logging_mixin.py:137} INFO - Cameron Greer
[2023-02-02T10:03:55.513+0000] {logging_mixin.py:137} INFO - Randall Williams
[2023-02-02T10:03:55.515+0000] {logging_mixin.py:137} INFO - Jessica Harris
[2023-02-02T10:03:55.516+0000] {logging_mixin.py:137} INFO - Joshua Rogers
[2023-02-02T10:03:55.518+0000] {logging_mixin.py:137} INFO - Jose Mahoney
[2023-02-02T10:03:55.520+0000] {logging_mixin.py:137} INFO - Brandy Fuentes
[2023-02-02T10:03:55.522+0000] {logging_mixin.py:137} INFO - Angelica Matthews
[2023-02-02T10:03:55.524+0000] {logging_mixin.py:137} INFO - Glenn Caldwell
[2023-02-02T10:03:55.526+0000] {logging_mixin.py:137} INFO - Cristian Delacruz
[2023-02-02T10:03:55.530+0000] {logging_mixin.py:137} INFO - Alexandra Price
[2023-02-02T10:03:55.532+0000] {logging_mixin.py:137} INFO - Heather Wilson
[2023-02-02T10:03:55.533+0000] {logging_mixin.py:137} INFO - Shawn Thompson
[2023-02-02T10:03:55.536+0000] {logging_mixin.py:137} INFO - Anna Daniel
[2023-02-02T10:03:55.538+0000] {logging_mixin.py:137} INFO - Joseph Cisneros
[2023-02-02T10:03:55.540+0000] {logging_mixin.py:137} INFO - Rebecca Estes
[2023-02-02T10:03:55.541+0000] {logging_mixin.py:137} INFO - Jeremy Porter
[2023-02-02T10:03:55.543+0000] {logging_mixin.py:137} INFO - Lisa Mann
[2023-02-02T10:03:55.544+0000] {logging_mixin.py:137} INFO - Michael Woods
[2023-02-02T10:03:55.548+0000] {logging_mixin.py:137} INFO - Madison Thompson
[2023-02-02T10:03:55.551+0000] {logging_mixin.py:137} INFO - Nancy Gomez
[2023-02-02T10:03:55.553+0000] {logging_mixin.py:137} INFO - Julie Blanchard
[2023-02-02T10:03:55.555+0000] {logging_mixin.py:137} INFO - Michael Smith
[2023-02-02T10:03:55.560+0000] {logging_mixin.py:137} INFO - Angel Huber
[2023-02-02T10:03:55.562+0000] {logging_mixin.py:137} INFO - Michael Coffey
[2023-02-02T10:03:55.564+0000] {logging_mixin.py:137} INFO - Patrick Walter
[2023-02-02T10:03:55.566+0000] {logging_mixin.py:137} INFO - Curtis Davis
[2023-02-02T10:03:55.568+0000] {logging_mixin.py:137} INFO - Kyle Stewart
[2023-02-02T10:03:55.570+0000] {logging_mixin.py:137} INFO - Angela Jimenez
[2023-02-02T10:03:55.572+0000] {logging_mixin.py:137} INFO - Andrew Martinez
[2023-02-02T10:03:55.574+0000] {logging_mixin.py:137} INFO - Angela West
[2023-02-02T10:03:55.578+0000] {logging_mixin.py:137} INFO - Ryan Young
[2023-02-02T10:03:55.580+0000] {logging_mixin.py:137} INFO - Nathaniel Evans
[2023-02-02T10:03:55.582+0000] {logging_mixin.py:137} INFO - Dawn Bryant
[2023-02-02T10:03:55.583+0000] {logging_mixin.py:137} INFO - Danielle Lewis
[2023-02-02T10:03:55.585+0000] {logging_mixin.py:137} INFO - Matthew Newman
[2023-02-02T10:03:55.586+0000] {logging_mixin.py:137} INFO - Robert Smith
[2023-02-02T10:03:55.589+0000] {logging_mixin.py:137} INFO - Melissa Hicks
[2023-02-02T10:03:55.591+0000] {logging_mixin.py:137} INFO - Emily Lambert
[2023-02-02T10:03:55.593+0000] {logging_mixin.py:137} INFO - Krystal Wolfe
[2023-02-02T10:03:55.597+0000] {logging_mixin.py:137} INFO - Donna Murillo
[2023-02-02T10:03:55.599+0000] {logging_mixin.py:137} INFO - Carl Hudson
[2023-02-02T10:03:55.601+0000] {logging_mixin.py:137} INFO - Robert Wilson
[2023-02-02T10:03:55.606+0000] {logging_mixin.py:137} INFO - Patrick Mathis
[2023-02-02T10:03:55.608+0000] {logging_mixin.py:137} INFO - Michael Suarez
[2023-02-02T10:03:55.611+0000] {logging_mixin.py:137} INFO - David Johnson
[2023-02-02T10:03:55.614+0000] {logging_mixin.py:137} INFO - William Thompson
[2023-02-02T10:03:55.618+0000] {logging_mixin.py:137} INFO - Jessica Hansen DVM
[2023-02-02T10:03:55.619+0000] {logging_mixin.py:137} INFO - Katherine Friedman
[2023-02-02T10:03:55.621+0000] {logging_mixin.py:137} INFO - Jillian Johnson
[2023-02-02T10:03:55.624+0000] {logging_mixin.py:137} INFO - Robert Mckee
[2023-02-02T10:03:55.626+0000] {logging_mixin.py:137} INFO - Rachel Little
[2023-02-02T10:03:55.630+0000] {logging_mixin.py:137} INFO - Patricia Smith
[2023-02-02T10:03:55.632+0000] {logging_mixin.py:137} INFO - Heidi Martinez
[2023-02-02T10:03:55.634+0000] {logging_mixin.py:137} INFO - Caitlin Solomon
[2023-02-02T10:03:55.636+0000] {logging_mixin.py:137} INFO - Dr. Olivia Pugh
[2023-02-02T10:03:55.637+0000] {logging_mixin.py:137} INFO - John Steele DDS
[2023-02-02T10:03:55.640+0000] {logging_mixin.py:137} INFO - Jeremy Mathews
[2023-02-02T10:03:55.645+0000] {logging_mixin.py:137} INFO - Tiffany Hill
[2023-02-02T10:03:55.648+0000] {logging_mixin.py:137} INFO - Steven Edwards
[2023-02-02T10:03:55.650+0000] {logging_mixin.py:137} INFO - Charles Campbell
[2023-02-02T10:03:55.652+0000] {logging_mixin.py:137} INFO - Brett Hughes
[2023-02-02T10:03:55.654+0000] {logging_mixin.py:137} INFO - Christina Villegas
[2023-02-02T10:03:55.656+0000] {logging_mixin.py:137} INFO - Anthony Garcia
[2023-02-02T10:03:55.658+0000] {logging_mixin.py:137} INFO - Nathan Murphy
[2023-02-02T10:03:55.659+0000] {logging_mixin.py:137} INFO - Steven Dodson
[2023-02-02T10:03:55.662+0000] {logging_mixin.py:137} INFO - Brian Sullivan
[2023-02-02T10:03:55.669+0000] {logging_mixin.py:137} INFO - Renee White
[2023-02-02T10:03:55.672+0000] {logging_mixin.py:137} INFO - Laura Rowland
[2023-02-02T10:03:55.675+0000] {logging_mixin.py:137} INFO - John Moore
[2023-02-02T10:03:55.680+0000] {logging_mixin.py:137} INFO - Sophia Mckenzie
[2023-02-02T10:03:55.682+0000] {logging_mixin.py:137} INFO - David Roach
[2023-02-02T10:03:55.684+0000] {logging_mixin.py:137} INFO - Jennifer Patterson
[2023-02-02T10:03:55.691+0000] {logging_mixin.py:137} INFO - James Richards
[2023-02-02T10:03:55.694+0000] {logging_mixin.py:137} INFO - Mary Johnston
[2023-02-02T10:03:55.695+0000] {logging_mixin.py:137} INFO - Brandon Mcdaniel
[2023-02-02T10:03:55.698+0000] {logging_mixin.py:137} INFO - Meghan Stevenson
[2023-02-02T10:03:55.699+0000] {logging_mixin.py:137} INFO - Luis Hayes
[2023-02-02T10:03:55.702+0000] {logging_mixin.py:137} INFO - Alejandra Sloan
[2023-02-02T10:03:55.707+0000] {logging_mixin.py:137} INFO - Dr. Sandra Miller
[2023-02-02T10:03:55.709+0000] {logging_mixin.py:137} INFO - Dustin Bond
[2023-02-02T10:03:55.712+0000] {logging_mixin.py:137} INFO - Julia Patrick MD
[2023-02-02T10:03:55.717+0000] {logging_mixin.py:137} INFO - Jill Campbell
[2023-02-02T10:03:55.720+0000] {logging_mixin.py:137} INFO - Mark Ford
[2023-02-02T10:03:55.722+0000] {logging_mixin.py:137} INFO - Brian Long
[2023-02-02T10:03:55.728+0000] {logging_mixin.py:137} INFO - Lisa Peterson
[2023-02-02T10:03:55.730+0000] {logging_mixin.py:137} INFO - Matthew Lee
[2023-02-02T10:03:55.733+0000] {logging_mixin.py:137} INFO - Bradley Miller
[2023-02-02T10:03:55.735+0000] {logging_mixin.py:137} INFO - Jeffrey Moss
[2023-02-02T10:03:55.737+0000] {logging_mixin.py:137} INFO - Sara Carlson
[2023-02-02T10:03:55.739+0000] {logging_mixin.py:137} INFO - Daniel Rodriguez
[2023-02-02T10:03:55.741+0000] {logging_mixin.py:137} INFO - Jeremy David
[2023-02-02T10:03:55.744+0000] {logging_mixin.py:137} INFO - Eric Green
[2023-02-02T10:03:55.746+0000] {logging_mixin.py:137} INFO - Alexis Jones
[2023-02-02T10:03:55.747+0000] {logging_mixin.py:137} INFO - Matthew Rose
[2023-02-02T10:03:55.749+0000] {logging_mixin.py:137} INFO - Catherine Anderson
[2023-02-02T10:03:55.753+0000] {logging_mixin.py:137} INFO - Holly Burton
[2023-02-02T10:03:55.755+0000] {logging_mixin.py:137} INFO - David Matthews
[2023-02-02T10:03:55.756+0000] {logging_mixin.py:137} INFO - Mrs. Kara Little
[2023-02-02T10:03:55.759+0000] {logging_mixin.py:137} INFO - Jeffrey Stanley
[2023-02-02T10:03:55.761+0000] {logging_mixin.py:137} INFO - James Ochoa
[2023-02-02T10:03:55.762+0000] {logging_mixin.py:137} INFO - Jason Frye
[2023-02-02T10:03:55.764+0000] {logging_mixin.py:137} INFO - Christopher Ellis
[2023-02-02T10:03:55.769+0000] {logging_mixin.py:137} INFO - Michelle Nixon
[2023-02-02T10:03:55.771+0000] {logging_mixin.py:137} INFO - Andrew Gill
[2023-02-02T10:03:55.774+0000] {logging_mixin.py:137} INFO - Jennifer Wilson
[2023-02-02T10:03:55.779+0000] {logging_mixin.py:137} INFO - Shawn Black
[2023-02-02T10:03:55.781+0000] {logging_mixin.py:137} INFO - April Patterson
[2023-02-02T10:03:55.783+0000] {logging_mixin.py:137} INFO - Troy Vaughn
[2023-02-02T10:03:55.785+0000] {logging_mixin.py:137} INFO - Alexandria White
[2023-02-02T10:03:55.786+0000] {logging_mixin.py:137} INFO - Scott Phillips
[2023-02-02T10:03:55.788+0000] {logging_mixin.py:137} INFO - Zachary Cisneros
[2023-02-02T10:03:55.793+0000] {logging_mixin.py:137} INFO - Deborah Brown
[2023-02-02T10:03:55.795+0000] {logging_mixin.py:137} INFO - Monica Moses
[2023-02-02T10:03:55.796+0000] {logging_mixin.py:137} INFO - Brenda Reyes
[2023-02-02T10:03:55.799+0000] {logging_mixin.py:137} INFO - Miss Renee Allen
[2023-02-02T10:03:55.802+0000] {logging_mixin.py:137} INFO - Susan Clark
[2023-02-02T10:03:55.806+0000] {logging_mixin.py:137} INFO - Brandy Coffey
[2023-02-02T10:03:55.808+0000] {logging_mixin.py:137} INFO - Brett Nelson
[2023-02-02T10:03:55.812+0000] {logging_mixin.py:137} INFO - Ricardo Young
[2023-02-02T10:03:55.814+0000] {logging_mixin.py:137} INFO - Paul Lee
[2023-02-02T10:03:55.817+0000] {logging_mixin.py:137} INFO - David Allen
[2023-02-02T10:03:55.821+0000] {logging_mixin.py:137} INFO - Andrea Knight
[2023-02-02T10:03:55.825+0000] {logging_mixin.py:137} INFO - James Gomez
[2023-02-02T10:03:55.827+0000] {logging_mixin.py:137} INFO - Melody Gibson
[2023-02-02T10:03:55.829+0000] {logging_mixin.py:137} INFO - Christina Martinez
[2023-02-02T10:03:55.831+0000] {logging_mixin.py:137} INFO - Shelby Smith
[2023-02-02T10:03:55.833+0000] {logging_mixin.py:137} INFO - Jason Howard
[2023-02-02T10:03:55.834+0000] {logging_mixin.py:137} INFO - Amy Davidson
[2023-02-02T10:03:55.836+0000] {logging_mixin.py:137} INFO - Kyle Copeland
[2023-02-02T10:03:55.837+0000] {logging_mixin.py:137} INFO - Madeline Davis
[2023-02-02T10:03:55.840+0000] {logging_mixin.py:137} INFO - Aaron Young
[2023-02-02T10:03:55.844+0000] {logging_mixin.py:137} INFO - Lisa Barrett
[2023-02-02T10:03:55.849+0000] {logging_mixin.py:137} INFO - Joel Jones
[2023-02-02T10:03:55.852+0000] {logging_mixin.py:137} INFO - Christine Evans
[2023-02-02T10:03:55.857+0000] {logging_mixin.py:137} INFO - Kimberly Johnson
[2023-02-02T10:03:55.861+0000] {logging_mixin.py:137} INFO - Charles Hess
[2023-02-02T10:03:55.863+0000] {logging_mixin.py:137} INFO - Paul Dixon
[2023-02-02T10:03:55.865+0000] {logging_mixin.py:137} INFO - Christopher Johnson
[2023-02-02T10:03:55.867+0000] {logging_mixin.py:137} INFO - Robert Dawson
[2023-02-02T10:03:55.870+0000] {logging_mixin.py:137} INFO - Ryan Dixon
[2023-02-02T10:03:55.872+0000] {logging_mixin.py:137} INFO - Julie Martinez
[2023-02-02T10:03:55.874+0000] {logging_mixin.py:137} INFO - David Adams
[2023-02-02T10:03:55.877+0000] {logging_mixin.py:137} INFO - Mariah Brown
[2023-02-02T10:03:55.881+0000] {logging_mixin.py:137} INFO - Deborah Malone
[2023-02-02T10:03:55.883+0000] {logging_mixin.py:137} INFO - John Brown
[2023-02-02T10:03:55.887+0000] {logging_mixin.py:137} INFO - Maria Stewart
[2023-02-02T10:03:55.889+0000] {logging_mixin.py:137} INFO - Mr. Bryan Hawkins
[2023-02-02T10:03:55.891+0000] {logging_mixin.py:137} INFO - Kyle Brooks
[2023-02-02T10:03:55.893+0000] {logging_mixin.py:137} INFO - Kenneth White
[2023-02-02T10:03:55.895+0000] {logging_mixin.py:137} INFO - Patricia Wilson
[2023-02-02T10:03:55.898+0000] {logging_mixin.py:137} INFO - Paul Soto
[2023-02-02T10:03:55.901+0000] {logging_mixin.py:137} INFO - Janice Garrett
[2023-02-02T10:03:55.903+0000] {logging_mixin.py:137} INFO - Randy Strickland
[2023-02-02T10:03:55.905+0000] {logging_mixin.py:137} INFO - Felicia Herrera
[2023-02-02T10:03:55.909+0000] {logging_mixin.py:137} INFO - Andre Campos
[2023-02-02T10:03:55.911+0000] {logging_mixin.py:137} INFO - Justin Meyer
[2023-02-02T10:03:55.915+0000] {logging_mixin.py:137} INFO - Brandon Brooks
[2023-02-02T10:03:55.918+0000] {logging_mixin.py:137} INFO - Abigail Rivera
[2023-02-02T10:03:55.923+0000] {logging_mixin.py:137} INFO - Jessica Mann
[2023-02-02T10:03:55.925+0000] {logging_mixin.py:137} INFO - Michael Sawyer
[2023-02-02T10:03:55.937+0000] {logging_mixin.py:137} INFO - Jeffrey Coleman
[2023-02-02T10:03:55.942+0000] {logging_mixin.py:137} INFO - Micheal Castro
[2023-02-02T10:03:55.944+0000] {logging_mixin.py:137} INFO - Laura Gonzalez
[2023-02-02T10:03:55.946+0000] {logging_mixin.py:137} INFO - Christopher Jackson
[2023-02-02T10:03:55.952+0000] {logging_mixin.py:137} INFO - William Mckenzie
[2023-02-02T10:03:55.954+0000] {logging_mixin.py:137} INFO - Kristina Rodriguez
[2023-02-02T10:03:55.956+0000] {logging_mixin.py:137} INFO - Kelli Williams
[2023-02-02T10:03:55.958+0000] {logging_mixin.py:137} INFO - Diane Norris
[2023-02-02T10:03:55.960+0000] {logging_mixin.py:137} INFO - Kevin Carroll
[2023-02-02T10:03:55.963+0000] {logging_mixin.py:137} INFO - Betty Weber
[2023-02-02T10:03:55.965+0000] {logging_mixin.py:137} INFO - Jeffery Robinson
[2023-02-02T10:03:55.967+0000] {logging_mixin.py:137} INFO - Hannah Cowan
[2023-02-02T10:03:55.969+0000] {logging_mixin.py:137} INFO - Brian Kramer
[2023-02-02T10:03:55.971+0000] {logging_mixin.py:137} INFO - Anthony Roberts
[2023-02-02T10:03:55.976+0000] {logging_mixin.py:137} INFO - Ricardo Blankenship
[2023-02-02T10:03:55.978+0000] {logging_mixin.py:137} INFO - Brooke Collins
[2023-02-02T10:03:55.981+0000] {logging_mixin.py:137} INFO - Tammy Lawson
[2023-02-02T10:03:55.988+0000] {logging_mixin.py:137} INFO - Cody Miller
[2023-02-02T10:03:55.991+0000] {logging_mixin.py:137} INFO - Dr. Janice Salazar
[2023-02-02T10:03:55.992+0000] {logging_mixin.py:137} INFO - David West
[2023-02-02T10:03:55.995+0000] {logging_mixin.py:137} INFO - Robin Carpenter
[2023-02-02T10:03:55.998+0000] {logging_mixin.py:137} INFO - Monique Wall
[2023-02-02T10:03:56.000+0000] {logging_mixin.py:137} INFO - Charles Cardenas
[2023-02-02T10:03:56.005+0000] {logging_mixin.py:137} INFO - Valerie Mitchell
[2023-02-02T10:03:56.008+0000] {logging_mixin.py:137} INFO - Michelle Valenzuela
[2023-02-02T10:03:56.010+0000] {logging_mixin.py:137} INFO - William Poole
[2023-02-02T10:03:56.011+0000] {logging_mixin.py:137} INFO - James Hall
[2023-02-02T10:03:56.013+0000] {logging_mixin.py:137} INFO - Dylan Carpenter
[2023-02-02T10:03:56.015+0000] {logging_mixin.py:137} INFO - Linda Medina
[2023-02-02T10:03:56.018+0000] {logging_mixin.py:137} INFO - Joan White
[2023-02-02T10:03:56.022+0000] {logging_mixin.py:137} INFO - Mary Klein
[2023-02-02T10:03:56.025+0000] {logging_mixin.py:137} INFO - Ashley Wolf
[2023-02-02T10:03:56.026+0000] {logging_mixin.py:137} INFO - William Reed
[2023-02-02T10:03:56.031+0000] {logging_mixin.py:137} INFO - Derek Harvey
[2023-02-02T10:03:56.036+0000] {logging_mixin.py:137} INFO - Kathleen Rodriguez
[2023-02-02T10:03:56.039+0000] {logging_mixin.py:137} INFO - Andrew Rodriguez
[2023-02-02T10:03:56.044+0000] {logging_mixin.py:137} INFO - Ariel Frank
[2023-02-02T10:03:56.048+0000] {logging_mixin.py:137} INFO - Tina French
[2023-02-02T10:03:56.050+0000] {logging_mixin.py:137} INFO - Brent Waller
[2023-02-02T10:03:56.052+0000] {logging_mixin.py:137} INFO - Kevin Allen
[2023-02-02T10:03:56.054+0000] {logging_mixin.py:137} INFO - Xavier Walker
[2023-02-02T10:03:56.061+0000] {logging_mixin.py:137} INFO - Michelle Sanchez
[2023-02-02T10:03:56.062+0000] {logging_mixin.py:137} INFO - Rachael Shepard
[2023-02-02T10:03:56.064+0000] {logging_mixin.py:137} INFO - Kelsey Johnson
[2023-02-02T10:03:56.066+0000] {logging_mixin.py:137} INFO - Nicole Webb
[2023-02-02T10:03:56.068+0000] {logging_mixin.py:137} INFO - Nicholas Rodriguez
[2023-02-02T10:03:56.069+0000] {logging_mixin.py:137} INFO - Eric Vaughan
[2023-02-02T10:03:56.072+0000] {logging_mixin.py:137} INFO - Amanda Richardson
[2023-02-02T10:03:56.073+0000] {logging_mixin.py:137} INFO - Janice Carlson
[2023-02-02T10:03:56.077+0000] {logging_mixin.py:137} INFO - Darryl Walsh
[2023-02-02T10:03:56.085+0000] {logging_mixin.py:137} INFO - Heather Johnson
[2023-02-02T10:03:56.087+0000] {logging_mixin.py:137} INFO - Mark Chambers
[2023-02-02T10:03:56.089+0000] {logging_mixin.py:137} INFO - Tracy Burns
[2023-02-02T10:03:56.091+0000] {logging_mixin.py:137} INFO - John Cole
[2023-02-02T10:03:56.093+0000] {logging_mixin.py:137} INFO - Deborah Silva
[2023-02-02T10:03:56.097+0000] {logging_mixin.py:137} INFO - Shawn Hernandez
[2023-02-02T10:03:56.100+0000] {logging_mixin.py:137} INFO - Bethany Meyer
[2023-02-02T10:03:56.104+0000] {logging_mixin.py:137} INFO - Helen Smith
[2023-02-02T10:03:56.109+0000] {logging_mixin.py:137} INFO - Dana Dennis
[2023-02-02T10:03:56.110+0000] {logging_mixin.py:137} INFO - Kelsey Camacho
[2023-02-02T10:03:56.112+0000] {logging_mixin.py:137} INFO - Matthew Thomas
[2023-02-02T10:03:56.114+0000] {logging_mixin.py:137} INFO - Brittany Arellano
[2023-02-02T10:03:56.116+0000] {logging_mixin.py:137} INFO - Stacey Jones
[2023-02-02T10:03:56.119+0000] {logging_mixin.py:137} INFO - William Weeks
[2023-02-02T10:03:56.121+0000] {logging_mixin.py:137} INFO - Mark Beasley
[2023-02-02T10:03:56.124+0000] {logging_mixin.py:137} INFO - Bruce Pena
[2023-02-02T10:03:56.129+0000] {logging_mixin.py:137} INFO - Jeffery Smith
[2023-02-02T10:03:56.130+0000] {logging_mixin.py:137} INFO - Ann Deleon
[2023-02-02T10:03:56.132+0000] {logging_mixin.py:137} INFO - Kevin Robertson
[2023-02-02T10:03:56.134+0000] {logging_mixin.py:137} INFO - Vincent Willis MD
[2023-02-02T10:03:56.135+0000] {logging_mixin.py:137} INFO - Michael Nielsen
[2023-02-02T10:03:56.138+0000] {logging_mixin.py:137} INFO - Walter Koch
[2023-02-02T10:03:56.140+0000] {logging_mixin.py:137} INFO - Brian Vega
[2023-02-02T10:03:56.143+0000] {logging_mixin.py:137} INFO - Jeffrey Medina
[2023-02-02T10:03:56.146+0000] {logging_mixin.py:137} INFO - Erika Banks
[2023-02-02T10:03:56.148+0000] {logging_mixin.py:137} INFO - Stacey Griffin
[2023-02-02T10:03:56.150+0000] {logging_mixin.py:137} INFO - Michael Marsh
[2023-02-02T10:03:56.152+0000] {logging_mixin.py:137} INFO - Molly White
[2023-02-02T10:03:56.154+0000] {logging_mixin.py:137} INFO - Matthew Morrison
[2023-02-02T10:03:56.157+0000] {logging_mixin.py:137} INFO - Amanda Burns
[2023-02-02T10:03:56.159+0000] {logging_mixin.py:137} INFO - Emily Gonzalez DDS
[2023-02-02T10:03:56.163+0000] {logging_mixin.py:137} INFO - Gregory King
[2023-02-02T10:03:56.166+0000] {logging_mixin.py:137} INFO - Dennis Evans
[2023-02-02T10:03:56.171+0000] {logging_mixin.py:137} INFO - Christina Snyder
[2023-02-02T10:03:56.175+0000] {logging_mixin.py:137} INFO - Carolyn Mata
[2023-02-02T10:03:56.176+0000] {logging_mixin.py:137} INFO - Brandy Lawson
[2023-02-02T10:03:56.179+0000] {logging_mixin.py:137} INFO - Briana Christian
[2023-02-02T10:03:56.184+0000] {logging_mixin.py:137} INFO - Jeffrey Hernandez
[2023-02-02T10:03:56.186+0000] {logging_mixin.py:137} INFO - John Riggs
[2023-02-02T10:03:56.189+0000] {logging_mixin.py:137} INFO - Barbara Short
[2023-02-02T10:03:56.192+0000] {logging_mixin.py:137} INFO - Steven Brooks
[2023-02-02T10:03:56.194+0000] {logging_mixin.py:137} INFO - Gabrielle James
[2023-02-02T10:03:56.196+0000] {logging_mixin.py:137} INFO - Robert Young
[2023-02-02T10:03:56.197+0000] {logging_mixin.py:137} INFO - Derek Sanders
[2023-02-02T10:03:56.199+0000] {logging_mixin.py:137} INFO - Mallory Oliver
[2023-02-02T10:03:56.200+0000] {logging_mixin.py:137} INFO - Terry Howe
[2023-02-02T10:03:56.202+0000] {logging_mixin.py:137} INFO - Samuel Wallace
[2023-02-02T10:03:56.204+0000] {logging_mixin.py:137} INFO - Angel Jones
[2023-02-02T10:03:56.208+0000] {logging_mixin.py:137} INFO - Jacqueline Nichols
[2023-02-02T10:03:56.212+0000] {logging_mixin.py:137} INFO - Melissa Mcgee
[2023-02-02T10:03:56.213+0000] {logging_mixin.py:137} INFO - Michelle Smith
[2023-02-02T10:03:56.215+0000] {logging_mixin.py:137} INFO - Maureen Baxter
[2023-02-02T10:03:56.219+0000] {logging_mixin.py:137} INFO - Kathy Crawford
[2023-02-02T10:03:56.223+0000] {logging_mixin.py:137} INFO - Stacy Wood
[2023-02-02T10:03:56.230+0000] {logging_mixin.py:137} INFO - Justin Parsons
[2023-02-02T10:03:56.234+0000] {logging_mixin.py:137} INFO - Ann Klein
[2023-02-02T10:03:56.235+0000] {logging_mixin.py:137} INFO - Allison Arnold
[2023-02-02T10:03:56.237+0000] {logging_mixin.py:137} INFO - Heather Kirk
[2023-02-02T10:03:56.239+0000] {logging_mixin.py:137} INFO - Monica Smith
[2023-02-02T10:03:56.240+0000] {logging_mixin.py:137} INFO - Brett Oconnor
[2023-02-02T10:03:56.242+0000] {logging_mixin.py:137} INFO - Anthony Bryant
[2023-02-02T10:03:56.243+0000] {logging_mixin.py:137} INFO - Jeremy Russell
[2023-02-02T10:03:56.248+0000] {logging_mixin.py:137} INFO - Julie Poole
[2023-02-02T10:03:56.253+0000] {logging_mixin.py:137} INFO - Emma Thompson
[2023-02-02T10:03:56.256+0000] {logging_mixin.py:137} INFO - Bradley Matthews
[2023-02-02T10:03:56.259+0000] {logging_mixin.py:137} INFO - William Roberts
[2023-02-02T10:03:56.261+0000] {logging_mixin.py:137} INFO - Julie Mooney
[2023-02-02T10:03:56.262+0000] {logging_mixin.py:137} INFO - Amy Doyle
[2023-02-02T10:03:56.264+0000] {logging_mixin.py:137} INFO - Amanda Grant
[2023-02-02T10:03:56.266+0000] {logging_mixin.py:137} INFO - Eric Anderson
[2023-02-02T10:03:56.267+0000] {logging_mixin.py:137} INFO - George Thompson
[2023-02-02T10:03:56.270+0000] {logging_mixin.py:137} INFO - Dustin Hines
[2023-02-02T10:03:56.272+0000] {logging_mixin.py:137} INFO - Andrea Frank
[2023-02-02T10:03:56.274+0000] {logging_mixin.py:137} INFO - Jodi Cook
[2023-02-02T10:03:56.276+0000] {logging_mixin.py:137} INFO - Stacy Haney
[2023-02-02T10:03:56.280+0000] {logging_mixin.py:137} INFO - Paul Callahan
[2023-02-02T10:03:56.283+0000] {logging_mixin.py:137} INFO - Jasmine Chambers
[2023-02-02T10:03:56.285+0000] {logging_mixin.py:137} INFO - Melissa Pittman MD
[2023-02-02T10:03:56.287+0000] {logging_mixin.py:137} INFO - Deborah Larson
[2023-02-02T10:03:56.293+0000] {logging_mixin.py:137} INFO - Brandon Shaw
[2023-02-02T10:03:56.295+0000] {logging_mixin.py:137} INFO - Timothy Paul
[2023-02-02T10:03:56.298+0000] {logging_mixin.py:137} INFO - Michael Trujillo
[2023-02-02T10:03:56.300+0000] {logging_mixin.py:137} INFO - Robert Rivera
[2023-02-02T10:03:56.302+0000] {logging_mixin.py:137} INFO - Dana Nelson
[2023-02-02T10:03:56.305+0000] {logging_mixin.py:137} INFO - Andrea Bennett
[2023-02-02T10:03:56.307+0000] {logging_mixin.py:137} INFO - Jodi Fox
[2023-02-02T10:03:56.310+0000] {logging_mixin.py:137} INFO - Heather Hayes
[2023-02-02T10:03:56.312+0000] {logging_mixin.py:137} INFO - Jennifer Moreno
[2023-02-02T10:03:56.314+0000] {logging_mixin.py:137} INFO - John Patel
[2023-02-02T10:03:56.315+0000] {logging_mixin.py:137} INFO - Teresa Oliver
[2023-02-02T10:03:56.317+0000] {logging_mixin.py:137} INFO - Monique Bell
[2023-02-02T10:03:56.322+0000] {logging_mixin.py:137} INFO - Casey Leonard
[2023-02-02T10:03:56.325+0000] {logging_mixin.py:137} INFO - Steven Clark
[2023-02-02T10:03:56.326+0000] {logging_mixin.py:137} INFO - Edward Martin
[2023-02-02T10:03:56.329+0000] {logging_mixin.py:137} INFO - Shawn Orozco
[2023-02-02T10:03:56.333+0000] {logging_mixin.py:137} INFO - Brandon Yang
[2023-02-02T10:03:56.336+0000] {logging_mixin.py:137} INFO - Nathan Ray
[2023-02-02T10:03:56.337+0000] {logging_mixin.py:137} INFO - Lori Moore
[2023-02-02T10:03:56.339+0000] {logging_mixin.py:137} INFO - Dr. Lisa Shaw DVM
[2023-02-02T10:03:56.343+0000] {logging_mixin.py:137} INFO - Angela Walters
[2023-02-02T10:03:56.347+0000] {logging_mixin.py:137} INFO - David Nolan
[2023-02-02T10:03:56.350+0000] {logging_mixin.py:137} INFO - William Ramsey
[2023-02-02T10:03:56.352+0000] {logging_mixin.py:137} INFO - David Oconnor
[2023-02-02T10:03:56.354+0000] {logging_mixin.py:137} INFO - Mark Washington
[2023-02-02T10:03:56.356+0000] {logging_mixin.py:137} INFO - Jennifer Jacobs
[2023-02-02T10:03:56.358+0000] {logging_mixin.py:137} INFO - Tammy Hampton
[2023-02-02T10:03:56.359+0000] {logging_mixin.py:137} INFO - Stephen Farmer
[2023-02-02T10:03:56.375+0000] {logging_mixin.py:137} INFO - Jasmine Nguyen
[2023-02-02T10:03:56.377+0000] {logging_mixin.py:137} INFO - Rebecca Flores
[2023-02-02T10:03:56.379+0000] {logging_mixin.py:137} INFO - Tyler Davis
[2023-02-02T10:03:56.384+0000] {logging_mixin.py:137} INFO - Nancy Gray
[2023-02-02T10:03:56.387+0000] {logging_mixin.py:137} INFO - Brian Sanchez
[2023-02-02T10:03:56.390+0000] {logging_mixin.py:137} INFO - Laurie Shaw
[2023-02-02T10:03:56.395+0000] {logging_mixin.py:137} INFO - Kristina Torres
[2023-02-02T10:03:56.398+0000] {logging_mixin.py:137} INFO - Andrea Rodgers
[2023-02-02T10:03:56.406+0000] {logging_mixin.py:137} INFO - Jason Walters
[2023-02-02T10:03:56.410+0000] {logging_mixin.py:137} INFO - Jerry Moss
[2023-02-02T10:03:56.416+0000] {logging_mixin.py:137} INFO - Jeffrey Jordan
[2023-02-02T10:03:56.421+0000] {logging_mixin.py:137} INFO - Jennifer Wilson
[2023-02-02T10:03:56.423+0000] {logging_mixin.py:137} INFO - Trevor Mathews
[2023-02-02T10:03:56.425+0000] {logging_mixin.py:137} INFO - Anne Hood
[2023-02-02T10:03:56.426+0000] {logging_mixin.py:137} INFO - Sarah Williams
[2023-02-02T10:03:56.428+0000] {logging_mixin.py:137} INFO - Shelby Hernandez
[2023-02-02T10:03:56.430+0000] {logging_mixin.py:137} INFO - Samantha Velez
[2023-02-02T10:03:56.431+0000] {logging_mixin.py:137} INFO - Matthew Douglas
[2023-02-02T10:03:56.433+0000] {logging_mixin.py:137} INFO - Ashlee George
[2023-02-02T10:03:56.438+0000] {logging_mixin.py:137} INFO - Troy Crane
[2023-02-02T10:03:56.441+0000] {logging_mixin.py:137} INFO - Michael Cooper
[2023-02-02T10:03:56.443+0000] {logging_mixin.py:137} INFO - Michael White
[2023-02-02T10:03:56.444+0000] {logging_mixin.py:137} INFO - Mr. Timothy Fleming
[2023-02-02T10:03:56.446+0000] {logging_mixin.py:137} INFO - Seth Bruce
[2023-02-02T10:03:56.447+0000] {logging_mixin.py:137} INFO - Jacqueline Carpenter
[2023-02-02T10:03:56.448+0000] {logging_mixin.py:137} INFO - Michael Martin
[2023-02-02T10:03:56.451+0000] {logging_mixin.py:137} INFO - Kristopher Henry
[2023-02-02T10:03:56.458+0000] {logging_mixin.py:137} INFO - Tiffany Porter
[2023-02-02T10:03:56.460+0000] {logging_mixin.py:137} INFO - Stacy Simpson
[2023-02-02T10:03:56.464+0000] {logging_mixin.py:137} INFO - Tammy Mcdowell
[2023-02-02T10:03:56.467+0000] {logging_mixin.py:137} INFO - Thomas Walters
[2023-02-02T10:03:56.470+0000] {logging_mixin.py:137} INFO - Dwayne Thompson
[2023-02-02T10:03:56.473+0000] {logging_mixin.py:137} INFO - Natalie Willis
[2023-02-02T10:03:56.475+0000] {logging_mixin.py:137} INFO - Sharon Taylor
[2023-02-02T10:03:56.480+0000] {logging_mixin.py:137} INFO - Sarah Wiggins
[2023-02-02T10:03:56.482+0000] {logging_mixin.py:137} INFO - Amber Thomas
[2023-02-02T10:03:56.484+0000] {logging_mixin.py:137} INFO - Patrick Miller
[2023-02-02T10:03:56.486+0000] {logging_mixin.py:137} INFO - Stephanie Hartman
[2023-02-02T10:03:56.487+0000] {logging_mixin.py:137} INFO - Stacey Mora
[2023-02-02T10:03:56.492+0000] {logging_mixin.py:137} INFO - Katherine Rodriguez
[2023-02-02T10:03:56.495+0000] {logging_mixin.py:137} INFO - Daniel Morgan
[2023-02-02T10:03:56.497+0000] {logging_mixin.py:137} INFO - Rebecca Martinez
[2023-02-02T10:03:56.499+0000] {logging_mixin.py:137} INFO - Nicole Juarez
[2023-02-02T10:03:56.500+0000] {logging_mixin.py:137} INFO - Mark Arroyo
[2023-02-02T10:03:56.502+0000] {logging_mixin.py:137} INFO - April Lucero
[2023-02-02T10:03:56.504+0000] {logging_mixin.py:137} INFO - Samantha Garcia
[2023-02-02T10:03:56.508+0000] {logging_mixin.py:137} INFO - Jon Moore
[2023-02-02T10:03:56.511+0000] {logging_mixin.py:137} INFO - Joshua Flores MD
[2023-02-02T10:03:56.514+0000] {logging_mixin.py:137} INFO - Raymond Jones
[2023-02-02T10:03:56.515+0000] {logging_mixin.py:137} INFO - Billy Hughes
[2023-02-02T10:03:56.519+0000] {logging_mixin.py:137} INFO - Peggy Valdez PhD
[2023-02-02T10:03:56.524+0000] {logging_mixin.py:137} INFO - Joshua Reyes
[2023-02-02T10:03:56.528+0000] {logging_mixin.py:137} INFO - Aaron Green
[2023-02-02T10:03:56.530+0000] {logging_mixin.py:137} INFO - Wendy Espinoza
[2023-02-02T10:03:56.532+0000] {logging_mixin.py:137} INFO - Peter Vasquez
[2023-02-02T10:03:56.534+0000] {logging_mixin.py:137} INFO - Diane Harper
[2023-02-02T10:03:56.536+0000] {logging_mixin.py:137} INFO - Ms. Rebecca Cantu
[2023-02-02T10:03:56.537+0000] {logging_mixin.py:137} INFO - Yolanda Morrow
[2023-02-02T10:03:56.539+0000] {logging_mixin.py:137} INFO - Penny Beard
[2023-02-02T10:03:56.545+0000] {logging_mixin.py:137} INFO - Lisa Long
[2023-02-02T10:03:56.548+0000] {logging_mixin.py:137} INFO - Jerry Harris
[2023-02-02T10:03:56.554+0000] {logging_mixin.py:137} INFO - Bob Willis
[2023-02-02T10:03:56.555+0000] {logging_mixin.py:137} INFO - Duane Chapman
[2023-02-02T10:03:56.558+0000] {logging_mixin.py:137} INFO - William Morgan
[2023-02-02T10:03:56.561+0000] {logging_mixin.py:137} INFO - Amy Gutierrez
[2023-02-02T10:03:56.562+0000] {logging_mixin.py:137} INFO - Amber Nichols
[2023-02-02T10:03:56.564+0000] {logging_mixin.py:137} INFO - Matthew Carr
[2023-02-02T10:03:56.568+0000] {logging_mixin.py:137} INFO - Thomas Duncan
[2023-02-02T10:03:56.570+0000] {logging_mixin.py:137} INFO - Elizabeth Wright
[2023-02-02T10:03:56.572+0000] {logging_mixin.py:137} INFO - Jacqueline Brewer
[2023-02-02T10:03:56.575+0000] {logging_mixin.py:137} INFO - Stephanie Johnson
[2023-02-02T10:03:56.576+0000] {logging_mixin.py:137} INFO - Samantha Calderon
[2023-02-02T10:03:56.578+0000] {logging_mixin.py:137} INFO - Kathryn Gaines
[2023-02-02T10:03:56.580+0000] {logging_mixin.py:137} INFO - Angel Jones
[2023-02-02T10:03:56.582+0000] {logging_mixin.py:137} INFO - Laura Wall
[2023-02-02T10:03:56.585+0000] {logging_mixin.py:137} INFO - Mr. Anthony Hamilton
[2023-02-02T10:03:56.587+0000] {logging_mixin.py:137} INFO - David Smith
[2023-02-02T10:03:56.589+0000] {logging_mixin.py:137} INFO - Kimberly Herrera DDS
[2023-02-02T10:03:56.590+0000] {logging_mixin.py:137} INFO - Gina Wilson
[2023-02-02T10:03:56.593+0000] {logging_mixin.py:137} INFO - Timothy Byrd
[2023-02-02T10:03:56.596+0000] {logging_mixin.py:137} INFO - Michael Mckenzie
[2023-02-02T10:03:56.602+0000] {logging_mixin.py:137} INFO - Jeffrey Mcintyre
[2023-02-02T10:03:56.603+0000] {logging_mixin.py:137} INFO - Teresa Jackson
[2023-02-02T10:03:56.606+0000] {logging_mixin.py:137} INFO - Joseph Wilcox
[2023-02-02T10:03:56.608+0000] {logging_mixin.py:137} INFO - Patrick Mcknight
[2023-02-02T10:03:56.610+0000] {logging_mixin.py:137} INFO - Ronald Moreno
[2023-02-02T10:03:56.612+0000] {logging_mixin.py:137} INFO - Jamie Sullivan
[2023-02-02T10:03:56.614+0000] {logging_mixin.py:137} INFO - Jason Anderson
[2023-02-02T10:03:56.616+0000] {logging_mixin.py:137} INFO - Steven Stewart
[2023-02-02T10:03:56.618+0000] {logging_mixin.py:137} INFO - Melinda Paul
[2023-02-02T10:03:56.620+0000] {logging_mixin.py:137} INFO - Cynthia Simmons
[2023-02-02T10:03:56.622+0000] {logging_mixin.py:137} INFO - Christian Smith
[2023-02-02T10:03:56.624+0000] {logging_mixin.py:137} INFO - William Jimenez
[2023-02-02T10:03:56.628+0000] {logging_mixin.py:137} INFO - Hayley French
[2023-02-02T10:03:56.629+0000] {logging_mixin.py:137} INFO - Brandon Hess
[2023-02-02T10:03:56.631+0000] {logging_mixin.py:137} INFO - Laura Perry
[2023-02-02T10:03:56.633+0000] {logging_mixin.py:137} INFO - Scott Jones
[2023-02-02T10:03:56.634+0000] {logging_mixin.py:137} INFO - Christine Hernandez
[2023-02-02T10:03:56.636+0000] {logging_mixin.py:137} INFO - Douglas Eaton
[2023-02-02T10:03:56.637+0000] {logging_mixin.py:137} INFO - William Soto
[2023-02-02T10:03:56.639+0000] {logging_mixin.py:137} INFO - Mary Jones
[2023-02-02T10:03:56.640+0000] {logging_mixin.py:137} INFO - Stephanie Holmes
[2023-02-02T10:03:56.641+0000] {logging_mixin.py:137} INFO - Keith Meyers
[2023-02-02T10:03:56.643+0000] {logging_mixin.py:137} INFO - Paul Fisher
[2023-02-02T10:03:56.645+0000] {logging_mixin.py:137} INFO - Emily Alexander
[2023-02-02T10:03:56.648+0000] {logging_mixin.py:137} INFO - Anthony Schwartz
[2023-02-02T10:03:56.651+0000] {logging_mixin.py:137} INFO - Evelyn Jacobs
[2023-02-02T10:03:56.653+0000] {logging_mixin.py:137} INFO - Connie Jones
[2023-02-02T10:03:56.655+0000] {logging_mixin.py:137} INFO - Carla Gibbs
[2023-02-02T10:03:56.657+0000] {logging_mixin.py:137} INFO - Ashley Santiago
[2023-02-02T10:03:56.658+0000] {logging_mixin.py:137} INFO - Micheal Mckee
[2023-02-02T10:03:56.659+0000] {logging_mixin.py:137} INFO - Diane Williams
[2023-02-02T10:03:56.661+0000] {logging_mixin.py:137} INFO - Jesse Velasquez
[2023-02-02T10:03:56.663+0000] {logging_mixin.py:137} INFO - Jennifer Rodriguez
[2023-02-02T10:03:56.664+0000] {logging_mixin.py:137} INFO - Joe Griffin
[2023-02-02T10:03:56.666+0000] {logging_mixin.py:137} INFO - Gary Cherry
[2023-02-02T10:03:56.667+0000] {logging_mixin.py:137} INFO - Alyssa Edwards
[2023-02-02T10:03:56.669+0000] {logging_mixin.py:137} INFO - Caroline Hernandez MD
[2023-02-02T10:03:56.671+0000] {logging_mixin.py:137} INFO - Jessica Morton
[2023-02-02T10:03:56.673+0000] {logging_mixin.py:137} INFO - Holly Jones
[2023-02-02T10:03:56.675+0000] {logging_mixin.py:137} INFO - David Shelton
[2023-02-02T10:03:56.678+0000] {logging_mixin.py:137} INFO - Kristina Parks
[2023-02-02T10:03:56.680+0000] {logging_mixin.py:137} INFO - Laurie Hernandez
[2023-02-02T10:03:56.682+0000] {logging_mixin.py:137} INFO - Melissa James
[2023-02-02T10:03:56.684+0000] {logging_mixin.py:137} INFO - Jeremiah Adams
[2023-02-02T10:03:56.687+0000] {logging_mixin.py:137} INFO - Arthur Robinson
[2023-02-02T10:03:56.689+0000] {logging_mixin.py:137} INFO - Anna Shepard
[2023-02-02T10:03:56.691+0000] {logging_mixin.py:137} INFO - Brandon Myers
[2023-02-02T10:03:56.692+0000] {logging_mixin.py:137} INFO - Paul Cardenas
[2023-02-02T10:03:56.693+0000] {logging_mixin.py:137} INFO - Megan Santana
[2023-02-02T10:03:56.695+0000] {logging_mixin.py:137} INFO - Joseph Marshall
[2023-02-02T10:03:56.696+0000] {logging_mixin.py:137} INFO - Mrs. Brenda Harris
[2023-02-02T10:03:56.697+0000] {logging_mixin.py:137} INFO - Nicole Garcia
[2023-02-02T10:03:56.699+0000] {logging_mixin.py:137} INFO - Anna Estrada
[2023-02-02T10:03:56.700+0000] {logging_mixin.py:137} INFO - Carl Moore
[2023-02-02T10:03:56.702+0000] {logging_mixin.py:137} INFO - Rodney Hernandez
[2023-02-02T10:03:56.704+0000] {logging_mixin.py:137} INFO - Madison Christian
[2023-02-02T10:03:56.705+0000] {logging_mixin.py:137} INFO - Heather Rhodes
[2023-02-02T10:03:56.711+0000] {python.py:177} INFO - Done. Returned value was: None
[2023-02-02T10:03:56.728+0000] {taskinstance.py:1323} INFO - Marking task as SUCCESS. dag_id=CSV_DAG, task_id=convertCSVToJson, execution_date=20230202T081500, start_date=20230202T100352, end_date=20230202T100356
[2023-02-02T10:03:56.793+0000] {local_task_job.py:208} INFO - Task exited with return code 0
[2023-02-02T10:03:56.818+0000] {taskinstance.py:2578} INFO - 0 downstream tasks scheduled from follow-on schedule check
