[2023-02-01T19:06:53.065+0000] {taskinstance.py:1083} INFO - Dependencies all met for <TaskInstance: CSV_DAG.convertCSVToJson scheduled__2023-02-01T04:35:00+00:00 [queued]>
[2023-02-01T19:06:53.152+0000] {taskinstance.py:1083} INFO - Dependencies all met for <TaskInstance: CSV_DAG.convertCSVToJson scheduled__2023-02-01T04:35:00+00:00 [queued]>
[2023-02-01T19:06:53.155+0000] {taskinstance.py:1279} INFO - 
--------------------------------------------------------------------------------
[2023-02-01T19:06:53.157+0000] {taskinstance.py:1280} INFO - Starting attempt 1 of 2
[2023-02-01T19:06:53.163+0000] {taskinstance.py:1281} INFO - 
--------------------------------------------------------------------------------
[2023-02-01T19:06:53.285+0000] {taskinstance.py:1300} INFO - Executing <Task(PythonOperator): convertCSVToJson> on 2023-02-01 04:35:00+00:00
[2023-02-01T19:06:53.313+0000] {standard_task_runner.py:55} INFO - Started process 497 to run task
[2023-02-01T19:06:53.368+0000] {standard_task_runner.py:82} INFO - Running: ['***', 'tasks', 'run', 'CSV_DAG', 'convertCSVToJson', 'scheduled__2023-02-01T04:35:00+00:00', '--job-id', '142', '--raw', '--subdir', 'DAGS_FOLDER/csv.py', '--cfg-path', '/tmp/tmp6wsf1n9x']
[2023-02-01T19:06:53.375+0000] {standard_task_runner.py:83} INFO - Job 142: Subtask convertCSVToJson
[2023-02-01T19:06:53.944+0000] {task_command.py:388} INFO - Running <TaskInstance: CSV_DAG.convertCSVToJson scheduled__2023-02-01T04:35:00+00:00 [running]> on host 06d8060e8530
[2023-02-01T19:06:54.452+0000] {taskinstance.py:1509} INFO - Exporting the following env vars:
AIRFLOW_CTX_DAG_OWNER=Kevin Chalmers
AIRFLOW_CTX_DAG_ID=CSV_DAG
AIRFLOW_CTX_TASK_ID=convertCSVToJson
AIRFLOW_CTX_EXECUTION_DATE=2023-02-01T04:35:00+00:00
AIRFLOW_CTX_TRY_NUMBER=1
AIRFLOW_CTX_DAG_RUN_ID=scheduled__2023-02-01T04:35:00+00:00
[2023-02-01T19:06:54.555+0000] {logging_mixin.py:137} INFO - Angelica Lopez
[2023-02-01T19:06:54.563+0000] {logging_mixin.py:137} INFO - Betty Wright
[2023-02-01T19:06:54.569+0000] {logging_mixin.py:137} INFO - Sara Schmidt
[2023-02-01T19:06:54.580+0000] {logging_mixin.py:137} INFO - Dr. Sherry Rodriguez
[2023-02-01T19:06:54.585+0000] {logging_mixin.py:137} INFO - Rebecca Mills
[2023-02-01T19:06:54.587+0000] {logging_mixin.py:137} INFO - Andrew Anderson
[2023-02-01T19:06:54.589+0000] {logging_mixin.py:137} INFO - Martin Everett
[2023-02-01T19:06:54.591+0000] {logging_mixin.py:137} INFO - Felicia Gregory
[2023-02-01T19:06:54.598+0000] {logging_mixin.py:137} INFO - Kara Bowers
[2023-02-01T19:06:54.603+0000] {logging_mixin.py:137} INFO - Vincent Vincent
[2023-02-01T19:06:54.606+0000] {logging_mixin.py:137} INFO - Morgan Butler
[2023-02-01T19:06:54.609+0000] {logging_mixin.py:137} INFO - Stephen Riley
[2023-02-01T19:06:54.614+0000] {logging_mixin.py:137} INFO - Wanda Thomas
[2023-02-01T19:06:54.617+0000] {logging_mixin.py:137} INFO - Michelle Schultz
[2023-02-01T19:06:54.619+0000] {logging_mixin.py:137} INFO - Christopher Rush MD
[2023-02-01T19:06:54.621+0000] {logging_mixin.py:137} INFO - Phyllis Miles
[2023-02-01T19:06:54.625+0000] {logging_mixin.py:137} INFO - Rebecca Price
[2023-02-01T19:06:54.627+0000] {logging_mixin.py:137} INFO - John Morse
[2023-02-01T19:06:54.630+0000] {logging_mixin.py:137} INFO - Nicholas Sanchez
[2023-02-01T19:06:54.633+0000] {logging_mixin.py:137} INFO - Crystal Dean
[2023-02-01T19:06:54.634+0000] {logging_mixin.py:137} INFO - Tyler Diaz
[2023-02-01T19:06:54.642+0000] {logging_mixin.py:137} INFO - Denise Mclean
[2023-02-01T19:06:54.644+0000] {logging_mixin.py:137} INFO - Daniel Grant
[2023-02-01T19:06:54.647+0000] {logging_mixin.py:137} INFO - Sandra Peterson
[2023-02-01T19:06:54.649+0000] {logging_mixin.py:137} INFO - Denise Morse
[2023-02-01T19:06:54.651+0000] {logging_mixin.py:137} INFO - Brianna Smith
[2023-02-01T19:06:54.652+0000] {logging_mixin.py:137} INFO - Tony Miller
[2023-02-01T19:06:54.655+0000] {logging_mixin.py:137} INFO - Jean Booth
[2023-02-01T19:06:54.657+0000] {logging_mixin.py:137} INFO - Penny Salazar
[2023-02-01T19:06:54.659+0000] {logging_mixin.py:137} INFO - Cathy Williams
[2023-02-01T19:06:54.668+0000] {logging_mixin.py:137} INFO - Hannah Collins
[2023-02-01T19:06:54.676+0000] {logging_mixin.py:137} INFO - Maurice Casey
[2023-02-01T19:06:54.682+0000] {logging_mixin.py:137} INFO - Patrick Walker
[2023-02-01T19:06:54.686+0000] {logging_mixin.py:137} INFO - Pamela Barton
[2023-02-01T19:06:54.691+0000] {logging_mixin.py:137} INFO - Anthony Bryant
[2023-02-01T19:06:54.692+0000] {logging_mixin.py:137} INFO - Andrew Harris
[2023-02-01T19:06:54.695+0000] {logging_mixin.py:137} INFO - Aaron Harris
[2023-02-01T19:06:54.699+0000] {logging_mixin.py:137} INFO - Maureen Soto
[2023-02-01T19:06:54.701+0000] {logging_mixin.py:137} INFO - Crystal Mcdaniel
[2023-02-01T19:06:54.707+0000] {logging_mixin.py:137} INFO - Lauren Barrett
[2023-02-01T19:06:54.710+0000] {logging_mixin.py:137} INFO - Brandon Perez
[2023-02-01T19:06:54.716+0000] {logging_mixin.py:137} INFO - Mark Robertson
[2023-02-01T19:06:54.718+0000] {logging_mixin.py:137} INFO - Nicole Gates
[2023-02-01T19:06:54.721+0000] {logging_mixin.py:137} INFO - Bradley Cruz
[2023-02-01T19:06:54.724+0000] {logging_mixin.py:137} INFO - Gina Burns
[2023-02-01T19:06:54.727+0000] {logging_mixin.py:137} INFO - Zachary Martinez
[2023-02-01T19:06:54.732+0000] {logging_mixin.py:137} INFO - Natasha Johnson
[2023-02-01T19:06:54.733+0000] {logging_mixin.py:137} INFO - Patrick Gonzales
[2023-02-01T19:06:54.737+0000] {logging_mixin.py:137} INFO - Terri Wilson
[2023-02-01T19:06:54.745+0000] {logging_mixin.py:137} INFO - Sarah Lopez
[2023-02-01T19:06:54.748+0000] {logging_mixin.py:137} INFO - Dana Turner
[2023-02-01T19:06:54.749+0000] {logging_mixin.py:137} INFO - Cynthia Johnson
[2023-02-01T19:06:54.751+0000] {logging_mixin.py:137} INFO - William Thornton
[2023-02-01T19:06:54.753+0000] {logging_mixin.py:137} INFO - James Lee
[2023-02-01T19:06:54.754+0000] {logging_mixin.py:137} INFO - Stephen Allen
[2023-02-01T19:06:54.756+0000] {logging_mixin.py:137} INFO - William Stark
[2023-02-01T19:06:54.758+0000] {logging_mixin.py:137} INFO - Michael Parker
[2023-02-01T19:06:54.761+0000] {logging_mixin.py:137} INFO - Lisa Stephens
[2023-02-01T19:06:54.764+0000] {logging_mixin.py:137} INFO - Mr. Reginald Wise DDS
[2023-02-01T19:06:54.768+0000] {logging_mixin.py:137} INFO - Alexander James
[2023-02-01T19:06:54.770+0000] {logging_mixin.py:137} INFO - Kristen West
[2023-02-01T19:06:54.772+0000] {logging_mixin.py:137} INFO - Elizabeth Sanchez
[2023-02-01T19:06:54.777+0000] {logging_mixin.py:137} INFO - Jennifer Wilson
[2023-02-01T19:06:54.780+0000] {logging_mixin.py:137} INFO - Catherine Nicholson
[2023-02-01T19:06:54.781+0000] {logging_mixin.py:137} INFO - David Henderson
[2023-02-01T19:06:54.783+0000] {logging_mixin.py:137} INFO - Stephen Davis
[2023-02-01T19:06:54.785+0000] {logging_mixin.py:137} INFO - Paul Skinner
[2023-02-01T19:06:54.786+0000] {logging_mixin.py:137} INFO - Rebecca Wong
[2023-02-01T19:06:54.788+0000] {logging_mixin.py:137} INFO - Tara Benitez
[2023-02-01T19:06:54.790+0000] {logging_mixin.py:137} INFO - Sharon Miller
[2023-02-01T19:06:54.792+0000] {logging_mixin.py:137} INFO - Cynthia Smith
[2023-02-01T19:06:54.794+0000] {logging_mixin.py:137} INFO - Jennifer Werner
[2023-02-01T19:06:54.797+0000] {logging_mixin.py:137} INFO - Rebecca Tucker
[2023-02-01T19:06:54.800+0000] {logging_mixin.py:137} INFO - Ashlee Castillo
[2023-02-01T19:06:54.801+0000] {logging_mixin.py:137} INFO - Christopher Holmes
[2023-02-01T19:06:54.809+0000] {logging_mixin.py:137} INFO - Daniel Velez
[2023-02-01T19:06:54.813+0000] {logging_mixin.py:137} INFO - Amy Serrano
[2023-02-01T19:06:54.815+0000] {logging_mixin.py:137} INFO - Alison Nash
[2023-02-01T19:06:54.818+0000] {logging_mixin.py:137} INFO - Peter Johnson
[2023-02-01T19:06:54.819+0000] {logging_mixin.py:137} INFO - Breanna Harris
[2023-02-01T19:06:54.824+0000] {logging_mixin.py:137} INFO - Eric King
[2023-02-01T19:06:54.826+0000] {logging_mixin.py:137} INFO - Patricia Oliver
[2023-02-01T19:06:54.829+0000] {logging_mixin.py:137} INFO - Denise Grimes
[2023-02-01T19:06:54.831+0000] {logging_mixin.py:137} INFO - Jill Olson
[2023-02-01T19:06:54.834+0000] {logging_mixin.py:137} INFO - Stephanie Hart
[2023-02-01T19:06:54.838+0000] {logging_mixin.py:137} INFO - Ashley Lee
[2023-02-01T19:06:54.840+0000] {logging_mixin.py:137} INFO - Kelly Barnes
[2023-02-01T19:06:54.842+0000] {logging_mixin.py:137} INFO - Christie West
[2023-02-01T19:06:54.844+0000] {logging_mixin.py:137} INFO - Todd Nolan
[2023-02-01T19:06:54.851+0000] {logging_mixin.py:137} INFO - Sarah Reed
[2023-02-01T19:06:54.864+0000] {logging_mixin.py:137} INFO - Jennifer Keith
[2023-02-01T19:06:54.877+0000] {logging_mixin.py:137} INFO - Shawn Alvarez
[2023-02-01T19:06:54.892+0000] {logging_mixin.py:137} INFO - Alexander Wilson
[2023-02-01T19:06:54.901+0000] {logging_mixin.py:137} INFO - Rachel Melendez
[2023-02-01T19:06:54.904+0000] {logging_mixin.py:137} INFO - Morgan Walters
[2023-02-01T19:06:54.909+0000] {logging_mixin.py:137} INFO - Nicole Garcia
[2023-02-01T19:06:54.917+0000] {logging_mixin.py:137} INFO - Jennifer White
[2023-02-01T19:06:54.927+0000] {logging_mixin.py:137} INFO - Leslie Shannon
[2023-02-01T19:06:54.934+0000] {logging_mixin.py:137} INFO - Lisa Clayton
[2023-02-01T19:06:54.938+0000] {logging_mixin.py:137} INFO - Zachary Molina
[2023-02-01T19:06:54.942+0000] {logging_mixin.py:137} INFO - Bruce Butler
[2023-02-01T19:06:54.944+0000] {logging_mixin.py:137} INFO - Dustin Howell
[2023-02-01T19:06:54.953+0000] {logging_mixin.py:137} INFO - Aaron Smith
[2023-02-01T19:06:54.954+0000] {logging_mixin.py:137} INFO - Kyle Green
[2023-02-01T19:06:54.956+0000] {logging_mixin.py:137} INFO - Steven Clark
[2023-02-01T19:06:54.958+0000] {logging_mixin.py:137} INFO - Robert Holden
[2023-02-01T19:06:54.961+0000] {logging_mixin.py:137} INFO - Zachary Harmon
[2023-02-01T19:06:54.967+0000] {logging_mixin.py:137} INFO - Rachel Miller
[2023-02-01T19:06:54.970+0000] {logging_mixin.py:137} INFO - Brandon Parker
[2023-02-01T19:06:54.972+0000] {logging_mixin.py:137} INFO - Walter Martin
[2023-02-01T19:06:54.974+0000] {logging_mixin.py:137} INFO - Jose Young
[2023-02-01T19:06:54.980+0000] {logging_mixin.py:137} INFO - Kelsey Long
[2023-02-01T19:06:54.981+0000] {logging_mixin.py:137} INFO - William Harper
[2023-02-01T19:06:54.986+0000] {logging_mixin.py:137} INFO - Alejandro Lambert
[2023-02-01T19:06:54.987+0000] {logging_mixin.py:137} INFO - Stephanie Carson
[2023-02-01T19:06:54.988+0000] {logging_mixin.py:137} INFO - Diana Ortega MD
[2023-02-01T19:06:54.990+0000] {logging_mixin.py:137} INFO - Janet Morales
[2023-02-01T19:06:54.992+0000] {logging_mixin.py:137} INFO - Eric Fisher
[2023-02-01T19:06:54.993+0000] {logging_mixin.py:137} INFO - Louis Baker
[2023-02-01T19:06:54.995+0000] {logging_mixin.py:137} INFO - Cindy Ward
[2023-02-01T19:06:55.009+0000] {logging_mixin.py:137} INFO - Ana Jenkins
[2023-02-01T19:06:55.017+0000] {logging_mixin.py:137} INFO - Leslie Barton
[2023-02-01T19:06:55.023+0000] {logging_mixin.py:137} INFO - Gregory Price
[2023-02-01T19:06:55.028+0000] {logging_mixin.py:137} INFO - Brandon Moore
[2023-02-01T19:06:55.032+0000] {logging_mixin.py:137} INFO - Heather Garrett
[2023-02-01T19:06:55.038+0000] {logging_mixin.py:137} INFO - Cindy Hawkins
[2023-02-01T19:06:55.040+0000] {logging_mixin.py:137} INFO - Mr. Frank Snyder Jr.
[2023-02-01T19:06:55.052+0000] {logging_mixin.py:137} INFO - Megan Wang
[2023-02-01T19:06:55.064+0000] {logging_mixin.py:137} INFO - Jennifer Fleming
[2023-02-01T19:06:55.066+0000] {logging_mixin.py:137} INFO - Gary Hodge
[2023-02-01T19:06:55.072+0000] {logging_mixin.py:137} INFO - Nichole Miller
[2023-02-01T19:06:55.074+0000] {logging_mixin.py:137} INFO - Mitchell Mendoza
[2023-02-01T19:06:55.089+0000] {logging_mixin.py:137} INFO - Bradley Horton
[2023-02-01T19:06:55.093+0000] {logging_mixin.py:137} INFO - Michelle Hess
[2023-02-01T19:06:55.097+0000] {logging_mixin.py:137} INFO - Ronald Torres
[2023-02-01T19:06:55.111+0000] {logging_mixin.py:137} INFO - Raymond Hudson
[2023-02-01T19:06:55.114+0000] {logging_mixin.py:137} INFO - Vincent Jackson
[2023-02-01T19:06:55.121+0000] {logging_mixin.py:137} INFO - Susan Carey
[2023-02-01T19:06:55.124+0000] {logging_mixin.py:137} INFO - Chase Wilson
[2023-02-01T19:06:55.129+0000] {logging_mixin.py:137} INFO - Tonya Baldwin
[2023-02-01T19:06:55.131+0000] {logging_mixin.py:137} INFO - Mrs. Tina Davis
[2023-02-01T19:06:55.137+0000] {logging_mixin.py:137} INFO - Scott Garrett
[2023-02-01T19:06:55.142+0000] {logging_mixin.py:137} INFO - Michael Wilson
[2023-02-01T19:06:55.148+0000] {logging_mixin.py:137} INFO - Andrew Orozco
[2023-02-01T19:06:55.160+0000] {logging_mixin.py:137} INFO - Troy Carson
[2023-02-01T19:06:55.174+0000] {logging_mixin.py:137} INFO - Alex Winters
[2023-02-01T19:06:55.180+0000] {logging_mixin.py:137} INFO - Toni Frank
[2023-02-01T19:06:55.189+0000] {logging_mixin.py:137} INFO - Kathleen Snyder
[2023-02-01T19:06:55.209+0000] {logging_mixin.py:137} INFO - Anna Lopez
[2023-02-01T19:06:55.211+0000] {logging_mixin.py:137} INFO - Charles Brown
[2023-02-01T19:06:55.213+0000] {logging_mixin.py:137} INFO - Barry Ross
[2023-02-01T19:06:55.215+0000] {logging_mixin.py:137} INFO - Emily Ramirez
[2023-02-01T19:06:55.216+0000] {logging_mixin.py:137} INFO - Anna Williams
[2023-02-01T19:06:55.218+0000] {logging_mixin.py:137} INFO - Kristin Pennington
[2023-02-01T19:06:55.219+0000] {logging_mixin.py:137} INFO - Mary Aguirre
[2023-02-01T19:06:55.220+0000] {logging_mixin.py:137} INFO - Austin Santos
[2023-02-01T19:06:55.223+0000] {logging_mixin.py:137} INFO - David Nelson
[2023-02-01T19:06:55.225+0000] {logging_mixin.py:137} INFO - Alyssa Mcbride
[2023-02-01T19:06:55.227+0000] {logging_mixin.py:137} INFO - Lisa Gibson
[2023-02-01T19:06:55.228+0000] {logging_mixin.py:137} INFO - Alexander Kelly
[2023-02-01T19:06:55.233+0000] {logging_mixin.py:137} INFO - Ronald Thomas
[2023-02-01T19:06:55.238+0000] {logging_mixin.py:137} INFO - Michael Hurst
[2023-02-01T19:06:55.247+0000] {logging_mixin.py:137} INFO - Lauren Ward
[2023-02-01T19:06:55.252+0000] {logging_mixin.py:137} INFO - Christian Terry
[2023-02-01T19:06:55.255+0000] {logging_mixin.py:137} INFO - Jared Black
[2023-02-01T19:06:55.265+0000] {logging_mixin.py:137} INFO - Anthony Brown
[2023-02-01T19:06:55.272+0000] {logging_mixin.py:137} INFO - John Cole
[2023-02-01T19:06:55.274+0000] {logging_mixin.py:137} INFO - David Lee
[2023-02-01T19:06:55.278+0000] {logging_mixin.py:137} INFO - Lori Thomas
[2023-02-01T19:06:55.301+0000] {logging_mixin.py:137} INFO - Daniel Herman
[2023-02-01T19:06:55.328+0000] {logging_mixin.py:137} INFO - Pam Williams
[2023-02-01T19:06:55.342+0000] {logging_mixin.py:137} INFO - Sarah Jenkins
[2023-02-01T19:06:55.346+0000] {logging_mixin.py:137} INFO - Susan Mitchell
[2023-02-01T19:06:55.354+0000] {logging_mixin.py:137} INFO - Jacqueline Green
[2023-02-01T19:06:55.355+0000] {logging_mixin.py:137} INFO - Victoria Garrison
[2023-02-01T19:06:55.357+0000] {logging_mixin.py:137} INFO - Jonathan Daniels
[2023-02-01T19:06:55.359+0000] {logging_mixin.py:137} INFO - Trevor Hansen
[2023-02-01T19:06:55.362+0000] {logging_mixin.py:137} INFO - Laurie Bowen
[2023-02-01T19:06:55.363+0000] {logging_mixin.py:137} INFO - James Cline
[2023-02-01T19:06:55.364+0000] {logging_mixin.py:137} INFO - Michael Rose
[2023-02-01T19:06:55.366+0000] {logging_mixin.py:137} INFO - Lawrence Juarez
[2023-02-01T19:06:55.369+0000] {logging_mixin.py:137} INFO - Lucas Caldwell
[2023-02-01T19:06:55.371+0000] {logging_mixin.py:137} INFO - Laura Jackson
[2023-02-01T19:06:55.373+0000] {logging_mixin.py:137} INFO - Sherri Thornton
[2023-02-01T19:06:55.375+0000] {logging_mixin.py:137} INFO - Alice Wilson
[2023-02-01T19:06:55.378+0000] {logging_mixin.py:137} INFO - Diane Williams
[2023-02-01T19:06:55.384+0000] {logging_mixin.py:137} INFO - Kara Martin
[2023-02-01T19:06:55.389+0000] {logging_mixin.py:137} INFO - Joseph Moore
[2023-02-01T19:06:55.394+0000] {logging_mixin.py:137} INFO - Jesse Moses
[2023-02-01T19:06:55.396+0000] {logging_mixin.py:137} INFO - Lisa Mccall
[2023-02-01T19:06:55.404+0000] {logging_mixin.py:137} INFO - Alexandra Mccoy
[2023-02-01T19:06:55.405+0000] {logging_mixin.py:137} INFO - Daniel Martin
[2023-02-01T19:06:55.410+0000] {logging_mixin.py:137} INFO - Claudia Peck
[2023-02-01T19:06:55.412+0000] {logging_mixin.py:137} INFO - Jessica Mcconnell
[2023-02-01T19:06:55.418+0000] {logging_mixin.py:137} INFO - Kevin Walker
[2023-02-01T19:06:55.422+0000] {logging_mixin.py:137} INFO - Christina Lee
[2023-02-01T19:06:55.426+0000] {logging_mixin.py:137} INFO - Christopher Schroeder
[2023-02-01T19:06:55.439+0000] {logging_mixin.py:137} INFO - Melissa Parker
[2023-02-01T19:06:55.444+0000] {logging_mixin.py:137} INFO - Janet Molina
[2023-02-01T19:06:55.446+0000] {logging_mixin.py:137} INFO - Barbara Harris
[2023-02-01T19:06:55.448+0000] {logging_mixin.py:137} INFO - Joseph Hurley
[2023-02-01T19:06:55.454+0000] {logging_mixin.py:137} INFO - Greg Hayden
[2023-02-01T19:06:55.463+0000] {logging_mixin.py:137} INFO - Edwin Adams
[2023-02-01T19:06:55.472+0000] {logging_mixin.py:137} INFO - Ashley Hunter
[2023-02-01T19:06:55.478+0000] {logging_mixin.py:137} INFO - Jennifer Tucker
[2023-02-01T19:06:55.485+0000] {logging_mixin.py:137} INFO - Eddie Gray
[2023-02-01T19:06:55.490+0000] {logging_mixin.py:137} INFO - Jennifer Evans
[2023-02-01T19:06:55.498+0000] {logging_mixin.py:137} INFO - Stephen Carey
[2023-02-01T19:06:55.509+0000] {logging_mixin.py:137} INFO - Samantha Campos
[2023-02-01T19:06:55.518+0000] {logging_mixin.py:137} INFO - Meagan Brown
[2023-02-01T19:06:55.525+0000] {logging_mixin.py:137} INFO - Miss Marisa Barber
[2023-02-01T19:06:55.531+0000] {logging_mixin.py:137} INFO - Jay Mann
[2023-02-01T19:06:55.552+0000] {logging_mixin.py:137} INFO - Matthew Campbell
[2023-02-01T19:06:55.558+0000] {logging_mixin.py:137} INFO - Brent Rodriguez
[2023-02-01T19:06:55.564+0000] {logging_mixin.py:137} INFO - Teresa Ross
[2023-02-01T19:06:55.570+0000] {logging_mixin.py:137} INFO - Mary Martinez
[2023-02-01T19:06:55.579+0000] {logging_mixin.py:137} INFO - Joseph Lewis
[2023-02-01T19:06:55.590+0000] {logging_mixin.py:137} INFO - Dale Davis
[2023-02-01T19:06:55.602+0000] {logging_mixin.py:137} INFO - Elizabeth Evans
[2023-02-01T19:06:55.610+0000] {logging_mixin.py:137} INFO - Shannon Wang
[2023-02-01T19:06:55.615+0000] {logging_mixin.py:137} INFO - Brandon Campbell
[2023-02-01T19:06:55.623+0000] {logging_mixin.py:137} INFO - Rhonda Pace
[2023-02-01T19:06:55.626+0000] {logging_mixin.py:137} INFO - Sarah Santos
[2023-02-01T19:06:55.633+0000] {logging_mixin.py:137} INFO - Jacob Ford
[2023-02-01T19:06:55.645+0000] {logging_mixin.py:137} INFO - Matthew Hansen
[2023-02-01T19:06:55.670+0000] {logging_mixin.py:137} INFO - Amy Ray
[2023-02-01T19:06:55.672+0000] {logging_mixin.py:137} INFO - Aaron Fields
[2023-02-01T19:06:55.683+0000] {logging_mixin.py:137} INFO - Mary Taylor
[2023-02-01T19:06:55.685+0000] {logging_mixin.py:137} INFO - James Morris
[2023-02-01T19:06:55.689+0000] {logging_mixin.py:137} INFO - Darrell Cain
[2023-02-01T19:06:55.695+0000] {logging_mixin.py:137} INFO - Michael Smith
[2023-02-01T19:06:55.724+0000] {logging_mixin.py:137} INFO - Scott Coleman
[2023-02-01T19:06:55.736+0000] {logging_mixin.py:137} INFO - David Fitzpatrick
[2023-02-01T19:06:55.742+0000] {logging_mixin.py:137} INFO - Debra Shepherd
[2023-02-01T19:06:55.746+0000] {logging_mixin.py:137} INFO - Paul Rush
[2023-02-01T19:06:55.750+0000] {logging_mixin.py:137} INFO - Brett Hernandez
[2023-02-01T19:06:55.754+0000] {logging_mixin.py:137} INFO - Sheila Riddle
[2023-02-01T19:06:55.758+0000] {logging_mixin.py:137} INFO - Joan Austin
[2023-02-01T19:06:55.761+0000] {logging_mixin.py:137} INFO - Michael Garcia
[2023-02-01T19:06:55.763+0000] {logging_mixin.py:137} INFO - Natalie Harris
[2023-02-01T19:06:55.766+0000] {logging_mixin.py:137} INFO - Steven Dean
[2023-02-01T19:06:55.770+0000] {logging_mixin.py:137} INFO - John Brown
[2023-02-01T19:06:55.780+0000] {logging_mixin.py:137} INFO - Keith Zimmerman
[2023-02-01T19:06:55.787+0000] {logging_mixin.py:137} INFO - Curtis Byrd
[2023-02-01T19:06:55.796+0000] {logging_mixin.py:137} INFO - Mariah Green
[2023-02-01T19:06:55.797+0000] {logging_mixin.py:137} INFO - Roger Huynh
[2023-02-01T19:06:55.802+0000] {logging_mixin.py:137} INFO - Christopher Zamora
[2023-02-01T19:06:55.807+0000] {logging_mixin.py:137} INFO - Joyce Crawford
[2023-02-01T19:06:55.816+0000] {logging_mixin.py:137} INFO - Angela Smith
[2023-02-01T19:06:55.824+0000] {logging_mixin.py:137} INFO - Veronica Robinson
[2023-02-01T19:06:55.828+0000] {logging_mixin.py:137} INFO - Christopher Bates
[2023-02-01T19:06:55.832+0000] {logging_mixin.py:137} INFO - Steve Stone
[2023-02-01T19:06:55.837+0000] {logging_mixin.py:137} INFO - William Cook
[2023-02-01T19:06:55.843+0000] {logging_mixin.py:137} INFO - Lori Wood
[2023-02-01T19:06:55.848+0000] {logging_mixin.py:137} INFO - Jillian Reynolds
[2023-02-01T19:06:55.854+0000] {logging_mixin.py:137} INFO - Angela Caldwell
[2023-02-01T19:06:55.857+0000] {logging_mixin.py:137} INFO - Shane Campbell
[2023-02-01T19:06:55.865+0000] {logging_mixin.py:137} INFO - Karen Lawrence
[2023-02-01T19:06:55.867+0000] {logging_mixin.py:137} INFO - Kimberly Wood
[2023-02-01T19:06:55.873+0000] {logging_mixin.py:137} INFO - Samantha Lopez
[2023-02-01T19:06:55.888+0000] {logging_mixin.py:137} INFO - Harold Miller
[2023-02-01T19:06:55.896+0000] {logging_mixin.py:137} INFO - Raymond Cooper DVM
[2023-02-01T19:06:55.899+0000] {logging_mixin.py:137} INFO - Kristen Patel
[2023-02-01T19:06:55.902+0000] {logging_mixin.py:137} INFO - Anthony Mejia
[2023-02-01T19:06:55.907+0000] {logging_mixin.py:137} INFO - Raymond Thomas
[2023-02-01T19:06:55.914+0000] {logging_mixin.py:137} INFO - Scott Young
[2023-02-01T19:06:55.919+0000] {logging_mixin.py:137} INFO - David Larson
[2023-02-01T19:06:55.928+0000] {logging_mixin.py:137} INFO - Jon Murray
[2023-02-01T19:06:55.945+0000] {logging_mixin.py:137} INFO - Stephen Taylor
[2023-02-01T19:06:55.986+0000] {logging_mixin.py:137} INFO - Jennifer Hernandez
[2023-02-01T19:06:55.995+0000] {logging_mixin.py:137} INFO - Stacy Smith
[2023-02-01T19:06:56.006+0000] {logging_mixin.py:137} INFO - Juan Owens
[2023-02-01T19:06:56.020+0000] {logging_mixin.py:137} INFO - Brian Adkins
[2023-02-01T19:06:56.030+0000] {logging_mixin.py:137} INFO - Jesse Wells
[2023-02-01T19:06:56.040+0000] {logging_mixin.py:137} INFO - Kyle Matthews
[2023-02-01T19:06:56.047+0000] {logging_mixin.py:137} INFO - Dustin Russell
[2023-02-01T19:06:56.055+0000] {logging_mixin.py:137} INFO - Richard White
[2023-02-01T19:06:56.059+0000] {logging_mixin.py:137} INFO - Brittany Nichols
[2023-02-01T19:06:56.065+0000] {logging_mixin.py:137} INFO - Colton Kelly
[2023-02-01T19:06:56.067+0000] {logging_mixin.py:137} INFO - William Perry
[2023-02-01T19:06:56.074+0000] {logging_mixin.py:137} INFO - Thomas Cummings
[2023-02-01T19:06:56.112+0000] {logging_mixin.py:137} INFO - Timothy Ballard
[2023-02-01T19:06:56.116+0000] {logging_mixin.py:137} INFO - Richard Washington
[2023-02-01T19:06:56.126+0000] {logging_mixin.py:137} INFO - Joshua Lam
[2023-02-01T19:06:56.129+0000] {logging_mixin.py:137} INFO - Grant Jackson
[2023-02-01T19:06:56.133+0000] {logging_mixin.py:137} INFO - Erin Baker
[2023-02-01T19:06:56.140+0000] {logging_mixin.py:137} INFO - Scott Flowers
[2023-02-01T19:06:56.146+0000] {logging_mixin.py:137} INFO - James Adams
[2023-02-01T19:06:56.152+0000] {logging_mixin.py:137} INFO - Heather Alvarado
[2023-02-01T19:06:56.166+0000] {logging_mixin.py:137} INFO - Jennifer Snow
[2023-02-01T19:06:56.172+0000] {logging_mixin.py:137} INFO - Mario Jackson
[2023-02-01T19:06:56.182+0000] {logging_mixin.py:137} INFO - Kevin Collins
[2023-02-01T19:06:56.189+0000] {logging_mixin.py:137} INFO - Danielle Garcia
[2023-02-01T19:06:56.201+0000] {logging_mixin.py:137} INFO - Brenda Jackson
[2023-02-01T19:06:56.216+0000] {logging_mixin.py:137} INFO - Ashley Parker
[2023-02-01T19:06:56.229+0000] {logging_mixin.py:137} INFO - Angela Hickman
[2023-02-01T19:06:56.234+0000] {logging_mixin.py:137} INFO - Carol Rodriguez
[2023-02-01T19:06:56.261+0000] {logging_mixin.py:137} INFO - Vernon Anderson
[2023-02-01T19:06:56.271+0000] {logging_mixin.py:137} INFO - Jesus Church
[2023-02-01T19:06:56.288+0000] {logging_mixin.py:137} INFO - Michelle Medina
[2023-02-01T19:06:56.303+0000] {logging_mixin.py:137} INFO - Nancy Bryant
[2023-02-01T19:06:56.306+0000] {logging_mixin.py:137} INFO - Jennifer Martinez
[2023-02-01T19:06:56.307+0000] {logging_mixin.py:137} INFO - Amy Dougherty
[2023-02-01T19:06:56.313+0000] {logging_mixin.py:137} INFO - Alexis Sanders
[2023-02-01T19:06:56.316+0000] {logging_mixin.py:137} INFO - Austin Salazar
[2023-02-01T19:06:56.332+0000] {logging_mixin.py:137} INFO - Amy Williams
[2023-02-01T19:06:56.346+0000] {logging_mixin.py:137} INFO - Richard Haynes
[2023-02-01T19:06:56.351+0000] {logging_mixin.py:137} INFO - Christine Stark
[2023-02-01T19:06:56.361+0000] {logging_mixin.py:137} INFO - Anita Medina
[2023-02-01T19:06:56.369+0000] {logging_mixin.py:137} INFO - Mr. Thomas Duran
[2023-02-01T19:06:56.371+0000] {logging_mixin.py:137} INFO - Mr. Russell Peterson
[2023-02-01T19:06:56.374+0000] {logging_mixin.py:137} INFO - Jack Richard
[2023-02-01T19:06:56.383+0000] {logging_mixin.py:137} INFO - Michelle Erickson
[2023-02-01T19:06:56.388+0000] {logging_mixin.py:137} INFO - Mitchell Williams
[2023-02-01T19:06:56.397+0000] {logging_mixin.py:137} INFO - Adrian Herrera
[2023-02-01T19:06:56.403+0000] {logging_mixin.py:137} INFO - Michael Brady
[2023-02-01T19:06:56.410+0000] {logging_mixin.py:137} INFO - Jamie Zhang
[2023-02-01T19:06:56.418+0000] {logging_mixin.py:137} INFO - Helen Brennan
[2023-02-01T19:06:56.420+0000] {logging_mixin.py:137} INFO - John Myers
[2023-02-01T19:06:56.423+0000] {logging_mixin.py:137} INFO - Patricia Nash
[2023-02-01T19:06:56.427+0000] {logging_mixin.py:137} INFO - Michael Johnson
[2023-02-01T19:06:56.430+0000] {logging_mixin.py:137} INFO - Anita Berger
[2023-02-01T19:06:56.439+0000] {logging_mixin.py:137} INFO - Jason Guerrero DVM
[2023-02-01T19:06:56.442+0000] {logging_mixin.py:137} INFO - Kimberly Davis
[2023-02-01T19:06:56.447+0000] {logging_mixin.py:137} INFO - Bryan Hansen
[2023-02-01T19:06:56.451+0000] {logging_mixin.py:137} INFO - Rebecca Obrien
[2023-02-01T19:06:56.459+0000] {logging_mixin.py:137} INFO - Sarah Santiago
[2023-02-01T19:06:56.466+0000] {logging_mixin.py:137} INFO - Christine Lane
[2023-02-01T19:06:56.473+0000] {logging_mixin.py:137} INFO - Jerry Lewis
[2023-02-01T19:06:56.487+0000] {logging_mixin.py:137} INFO - Stephanie Miller
[2023-02-01T19:06:56.490+0000] {logging_mixin.py:137} INFO - Kristi Bradley
[2023-02-01T19:06:56.492+0000] {logging_mixin.py:137} INFO - Darren Moore
[2023-02-01T19:06:56.494+0000] {logging_mixin.py:137} INFO - Kristina Cunningham
[2023-02-01T19:06:56.502+0000] {logging_mixin.py:137} INFO - Laurie Moore
[2023-02-01T19:06:56.514+0000] {logging_mixin.py:137} INFO - Aaron Lewis
[2023-02-01T19:06:56.527+0000] {logging_mixin.py:137} INFO - Theresa Vang
[2023-02-01T19:06:56.534+0000] {logging_mixin.py:137} INFO - Chase Reese
[2023-02-01T19:06:56.542+0000] {logging_mixin.py:137} INFO - Matthew Ferguson
[2023-02-01T19:06:56.552+0000] {logging_mixin.py:137} INFO - Victoria Lewis
[2023-02-01T19:06:56.558+0000] {logging_mixin.py:137} INFO - Jon Scott
[2023-02-01T19:06:56.565+0000] {logging_mixin.py:137} INFO - Lisa Campbell
[2023-02-01T19:06:56.572+0000] {logging_mixin.py:137} INFO - David Ramirez
[2023-02-01T19:06:56.581+0000] {logging_mixin.py:137} INFO - Gabriel Rosario
[2023-02-01T19:06:56.589+0000] {logging_mixin.py:137} INFO - Kristi Johnson
[2023-02-01T19:06:56.596+0000] {logging_mixin.py:137} INFO - Jennifer Schwartz
[2023-02-01T19:06:56.604+0000] {logging_mixin.py:137} INFO - Daniel Norton
[2023-02-01T19:06:56.607+0000] {logging_mixin.py:137} INFO - Richard Montoya
[2023-02-01T19:06:56.619+0000] {logging_mixin.py:137} INFO - Daniel Norris
[2023-02-01T19:06:56.624+0000] {logging_mixin.py:137} INFO - Chad Taylor
[2023-02-01T19:06:56.631+0000] {logging_mixin.py:137} INFO - Angie Allen
[2023-02-01T19:06:56.667+0000] {logging_mixin.py:137} INFO - Michael Brooks
[2023-02-01T19:06:56.671+0000] {logging_mixin.py:137} INFO - Hannah Poole
[2023-02-01T19:06:56.674+0000] {logging_mixin.py:137} INFO - Caitlin Ray
[2023-02-01T19:06:56.677+0000] {logging_mixin.py:137} INFO - Mr. Steven Gardner
[2023-02-01T19:06:56.680+0000] {logging_mixin.py:137} INFO - Jennifer Macdonald
[2023-02-01T19:06:56.683+0000] {logging_mixin.py:137} INFO - Vanessa Small
[2023-02-01T19:06:56.687+0000] {logging_mixin.py:137} INFO - Dennis Gray
[2023-02-01T19:06:56.699+0000] {logging_mixin.py:137} INFO - Sandra Kirk
[2023-02-01T19:06:56.704+0000] {logging_mixin.py:137} INFO - Jason Wagner
[2023-02-01T19:06:56.723+0000] {logging_mixin.py:137} INFO - David Owen
[2023-02-01T19:06:56.726+0000] {logging_mixin.py:137} INFO - Rose Terrell
[2023-02-01T19:06:56.730+0000] {logging_mixin.py:137} INFO - James Green MD
[2023-02-01T19:06:56.738+0000] {logging_mixin.py:137} INFO - Tammy Patel
[2023-02-01T19:06:56.751+0000] {logging_mixin.py:137} INFO - Joseph Lucero
[2023-02-01T19:06:56.757+0000] {logging_mixin.py:137} INFO - Stephanie Rojas
[2023-02-01T19:06:56.762+0000] {logging_mixin.py:137} INFO - Brittany Johnson
[2023-02-01T19:06:56.766+0000] {logging_mixin.py:137} INFO - Christina Cummings
[2023-02-01T19:06:56.770+0000] {logging_mixin.py:137} INFO - Eric Downs
[2023-02-01T19:06:56.773+0000] {logging_mixin.py:137} INFO - Paul Finley
[2023-02-01T19:06:56.775+0000] {logging_mixin.py:137} INFO - Danielle Jackson
[2023-02-01T19:06:56.776+0000] {logging_mixin.py:137} INFO - Anna Johnston
[2023-02-01T19:06:56.780+0000] {logging_mixin.py:137} INFO - Ashlee Hodges
[2023-02-01T19:06:56.783+0000] {logging_mixin.py:137} INFO - Thomas Francis
[2023-02-01T19:06:56.784+0000] {logging_mixin.py:137} INFO - Cody Baird
[2023-02-01T19:06:56.786+0000] {logging_mixin.py:137} INFO - Jeffrey Walter
[2023-02-01T19:06:56.788+0000] {logging_mixin.py:137} INFO - Hannah West
[2023-02-01T19:06:56.794+0000] {logging_mixin.py:137} INFO - Anthony Byrd
[2023-02-01T19:06:56.798+0000] {logging_mixin.py:137} INFO - Julie Ramirez
[2023-02-01T19:06:56.800+0000] {logging_mixin.py:137} INFO - Seth Peters
[2023-02-01T19:06:56.804+0000] {logging_mixin.py:137} INFO - Keith Salas
[2023-02-01T19:06:56.806+0000] {logging_mixin.py:137} INFO - Kathryn Evans
[2023-02-01T19:06:56.810+0000] {logging_mixin.py:137} INFO - Dr. Maria Scott
[2023-02-01T19:06:56.811+0000] {logging_mixin.py:137} INFO - Brenda Thomas
[2023-02-01T19:06:56.814+0000] {logging_mixin.py:137} INFO - Travis Douglas
[2023-02-01T19:06:56.815+0000] {logging_mixin.py:137} INFO - Kurt Santos
[2023-02-01T19:06:56.817+0000] {logging_mixin.py:137} INFO - Sean Parrish
[2023-02-01T19:06:56.819+0000] {logging_mixin.py:137} INFO - Brittany Walls
[2023-02-01T19:06:56.821+0000] {logging_mixin.py:137} INFO - Gail Brooks
[2023-02-01T19:06:56.823+0000] {logging_mixin.py:137} INFO - Valerie Johnson
[2023-02-01T19:06:56.825+0000] {logging_mixin.py:137} INFO - Jessica Dunn
[2023-02-01T19:06:56.839+0000] {logging_mixin.py:137} INFO - Chad Robinson
[2023-02-01T19:06:56.841+0000] {logging_mixin.py:137} INFO - Catherine Combs
[2023-02-01T19:06:56.850+0000] {logging_mixin.py:137} INFO - Joshua Boyd
[2023-02-01T19:06:56.853+0000] {logging_mixin.py:137} INFO - Alicia Barnett DVM
[2023-02-01T19:06:56.856+0000] {logging_mixin.py:137} INFO - Kevin Cervantes
[2023-02-01T19:06:56.861+0000] {logging_mixin.py:137} INFO - Larry Lester
[2023-02-01T19:06:56.866+0000] {logging_mixin.py:137} INFO - Deanna Espinoza
[2023-02-01T19:06:56.869+0000] {logging_mixin.py:137} INFO - Marilyn Davis
[2023-02-01T19:06:56.872+0000] {logging_mixin.py:137} INFO - Michael Weeks
[2023-02-01T19:06:56.878+0000] {logging_mixin.py:137} INFO - Brandon Stanton
[2023-02-01T19:06:56.890+0000] {logging_mixin.py:137} INFO - Ryan Boyer Jr.
[2023-02-01T19:06:56.892+0000] {logging_mixin.py:137} INFO - Amanda Elliott
[2023-02-01T19:06:56.902+0000] {logging_mixin.py:137} INFO - David Moore
[2023-02-01T19:06:56.905+0000] {logging_mixin.py:137} INFO - Andre Williams
[2023-02-01T19:06:56.908+0000] {logging_mixin.py:137} INFO - Jennifer Garcia
[2023-02-01T19:06:56.916+0000] {logging_mixin.py:137} INFO - Tracey Cook
[2023-02-01T19:06:56.924+0000] {logging_mixin.py:137} INFO - Michael Turner
[2023-02-01T19:06:56.929+0000] {logging_mixin.py:137} INFO - Diana Long
[2023-02-01T19:06:56.932+0000] {logging_mixin.py:137} INFO - John Bradley
[2023-02-01T19:06:56.940+0000] {logging_mixin.py:137} INFO - Ann Benjamin
[2023-02-01T19:06:56.945+0000] {logging_mixin.py:137} INFO - Shane House
[2023-02-01T19:06:56.956+0000] {logging_mixin.py:137} INFO - Erin Lee
[2023-02-01T19:06:56.977+0000] {logging_mixin.py:137} INFO - Joseph Gray
[2023-02-01T19:06:56.987+0000] {logging_mixin.py:137} INFO - Betty Gibson
[2023-02-01T19:06:56.998+0000] {logging_mixin.py:137} INFO - Kristen Graham
[2023-02-01T19:06:57.002+0000] {logging_mixin.py:137} INFO - Daniel Meza
[2023-02-01T19:06:57.007+0000] {logging_mixin.py:137} INFO - Sherri Carpenter
[2023-02-01T19:06:57.009+0000] {logging_mixin.py:137} INFO - Andrea Sanchez
[2023-02-01T19:06:57.014+0000] {logging_mixin.py:137} INFO - Jordan Rios
[2023-02-01T19:06:57.017+0000] {logging_mixin.py:137} INFO - Elizabeth Jackson
[2023-02-01T19:06:57.023+0000] {logging_mixin.py:137} INFO - Elizabeth Myers
[2023-02-01T19:06:57.025+0000] {logging_mixin.py:137} INFO - Juan Barnes
[2023-02-01T19:06:57.036+0000] {logging_mixin.py:137} INFO - Christopher Lozano
[2023-02-01T19:06:57.042+0000] {logging_mixin.py:137} INFO - Jacqueline Griffin
[2023-02-01T19:06:57.047+0000] {logging_mixin.py:137} INFO - Ryan Mason
[2023-02-01T19:06:57.056+0000] {logging_mixin.py:137} INFO - Jonathan Moore
[2023-02-01T19:06:57.062+0000] {logging_mixin.py:137} INFO - Abigail Landry
[2023-02-01T19:06:57.080+0000] {logging_mixin.py:137} INFO - Brenda Hernandez
[2023-02-01T19:06:57.083+0000] {logging_mixin.py:137} INFO - Zachary Pitts
[2023-02-01T19:06:57.087+0000] {logging_mixin.py:137} INFO - Amanda Rogers
[2023-02-01T19:06:57.102+0000] {logging_mixin.py:137} INFO - Cynthia Gray
[2023-02-01T19:06:57.106+0000] {logging_mixin.py:137} INFO - Tyler Barajas
[2023-02-01T19:06:57.109+0000] {logging_mixin.py:137} INFO - Michelle Leon
[2023-02-01T19:06:57.111+0000] {logging_mixin.py:137} INFO - Kathy Lang
[2023-02-01T19:06:57.113+0000] {logging_mixin.py:137} INFO - Scott Townsend MD
[2023-02-01T19:06:57.117+0000] {logging_mixin.py:137} INFO - Theresa Acosta
[2023-02-01T19:06:57.120+0000] {logging_mixin.py:137} INFO - David Jones
[2023-02-01T19:06:57.130+0000] {logging_mixin.py:137} INFO - Jeremy Robinson
[2023-02-01T19:06:57.137+0000] {logging_mixin.py:137} INFO - James Newton
[2023-02-01T19:06:57.139+0000] {logging_mixin.py:137} INFO - Tracey Wells
[2023-02-01T19:06:57.141+0000] {logging_mixin.py:137} INFO - Maria Nelson
[2023-02-01T19:06:57.143+0000] {logging_mixin.py:137} INFO - Christopher Griffith
[2023-02-01T19:06:57.155+0000] {logging_mixin.py:137} INFO - Zachary Griffin
[2023-02-01T19:06:57.157+0000] {logging_mixin.py:137} INFO - Amy Nguyen
[2023-02-01T19:06:57.159+0000] {logging_mixin.py:137} INFO - April Williams
[2023-02-01T19:06:57.164+0000] {logging_mixin.py:137} INFO - Marissa Kelly
[2023-02-01T19:06:57.167+0000] {logging_mixin.py:137} INFO - Brian Lopez PhD
[2023-02-01T19:06:57.175+0000] {logging_mixin.py:137} INFO - William Williams
[2023-02-01T19:06:57.180+0000] {logging_mixin.py:137} INFO - Norman Brown
[2023-02-01T19:06:57.186+0000] {logging_mixin.py:137} INFO - Charles Fuentes
[2023-02-01T19:06:57.191+0000] {logging_mixin.py:137} INFO - Anthony Chang
[2023-02-01T19:06:57.197+0000] {logging_mixin.py:137} INFO - Mary Bell
[2023-02-01T19:06:57.205+0000] {logging_mixin.py:137} INFO - Elizabeth Stuart
[2023-02-01T19:06:57.217+0000] {logging_mixin.py:137} INFO - Mary Mcdonald
[2023-02-01T19:06:57.224+0000] {logging_mixin.py:137} INFO - Martin Harrison
[2023-02-01T19:06:57.228+0000] {logging_mixin.py:137} INFO - Stephanie Fernandez
[2023-02-01T19:06:57.239+0000] {logging_mixin.py:137} INFO - Christopher Brown
[2023-02-01T19:06:57.246+0000] {logging_mixin.py:137} INFO - Alexander Stephenson
[2023-02-01T19:06:57.259+0000] {logging_mixin.py:137} INFO - Grace Diaz
[2023-02-01T19:06:57.265+0000] {logging_mixin.py:137} INFO - Frank Bartlett
[2023-02-01T19:06:57.269+0000] {logging_mixin.py:137} INFO - Audrey Andersen
[2023-02-01T19:06:57.271+0000] {logging_mixin.py:137} INFO - David Green
[2023-02-01T19:06:57.277+0000] {logging_mixin.py:137} INFO - Joshua Diaz Jr.
[2023-02-01T19:06:57.285+0000] {logging_mixin.py:137} INFO - Emily Garcia
[2023-02-01T19:06:57.290+0000] {logging_mixin.py:137} INFO - Devin Hall
[2023-02-01T19:06:57.296+0000] {logging_mixin.py:137} INFO - Phillip Garner
[2023-02-01T19:06:57.302+0000] {logging_mixin.py:137} INFO - Katherine Estrada
[2023-02-01T19:06:57.308+0000] {logging_mixin.py:137} INFO - Corey Saunders
[2023-02-01T19:06:57.312+0000] {logging_mixin.py:137} INFO - Kimberly Collins
[2023-02-01T19:06:57.317+0000] {logging_mixin.py:137} INFO - Amy Elliott
[2023-02-01T19:06:57.321+0000] {logging_mixin.py:137} INFO - Tanya Jones
[2023-02-01T19:06:57.324+0000] {logging_mixin.py:137} INFO - Patricia Gonzalez
[2023-02-01T19:06:57.328+0000] {logging_mixin.py:137} INFO - Jennifer Hill
[2023-02-01T19:06:57.330+0000] {logging_mixin.py:137} INFO - John Haynes
[2023-02-01T19:06:57.339+0000] {logging_mixin.py:137} INFO - Jacob Henry
[2023-02-01T19:06:57.340+0000] {logging_mixin.py:137} INFO - Daniel Clark
[2023-02-01T19:06:57.343+0000] {logging_mixin.py:137} INFO - Jonathon Taylor
[2023-02-01T19:06:57.346+0000] {logging_mixin.py:137} INFO - Jesse Evans
[2023-02-01T19:06:57.348+0000] {logging_mixin.py:137} INFO - James Martinez
[2023-02-01T19:06:57.351+0000] {logging_mixin.py:137} INFO - Kyle Reyes
[2023-02-01T19:06:57.355+0000] {logging_mixin.py:137} INFO - Terrence Barker
[2023-02-01T19:06:57.358+0000] {logging_mixin.py:137} INFO - Anthony Washington
[2023-02-01T19:06:57.367+0000] {logging_mixin.py:137} INFO - Dustin Le
[2023-02-01T19:06:57.372+0000] {logging_mixin.py:137} INFO - Bruce Clark
[2023-02-01T19:06:57.377+0000] {logging_mixin.py:137} INFO - Keith Anthony
[2023-02-01T19:06:57.386+0000] {logging_mixin.py:137} INFO - Jeremiah Stone
[2023-02-01T19:06:57.388+0000] {logging_mixin.py:137} INFO - Michael Haley
[2023-02-01T19:06:57.404+0000] {logging_mixin.py:137} INFO - Regina Carrillo
[2023-02-01T19:06:57.409+0000] {logging_mixin.py:137} INFO - Jacob Lee
[2023-02-01T19:06:57.418+0000] {logging_mixin.py:137} INFO - Thomas Gonzalez
[2023-02-01T19:06:57.424+0000] {logging_mixin.py:137} INFO - Mark Lawrence
[2023-02-01T19:06:57.426+0000] {logging_mixin.py:137} INFO - Matthew Anderson
[2023-02-01T19:06:57.429+0000] {logging_mixin.py:137} INFO - Nicholas Young
[2023-02-01T19:06:57.437+0000] {logging_mixin.py:137} INFO - Melvin Martinez
[2023-02-01T19:06:57.445+0000] {logging_mixin.py:137} INFO - Scott Green
[2023-02-01T19:06:57.450+0000] {logging_mixin.py:137} INFO - Dana Richards
[2023-02-01T19:06:57.455+0000] {logging_mixin.py:137} INFO - Lauren Moore
[2023-02-01T19:06:57.459+0000] {logging_mixin.py:137} INFO - Terry Campbell
[2023-02-01T19:06:57.462+0000] {logging_mixin.py:137} INFO - Ralph Jordan
[2023-02-01T19:06:57.465+0000] {logging_mixin.py:137} INFO - Noah Reyes
[2023-02-01T19:06:57.469+0000] {logging_mixin.py:137} INFO - Mr. Gregory Mills MD
[2023-02-01T19:06:57.481+0000] {logging_mixin.py:137} INFO - Michelle Yates
[2023-02-01T19:06:57.485+0000] {logging_mixin.py:137} INFO - Robin Reyes
[2023-02-01T19:06:57.490+0000] {logging_mixin.py:137} INFO - Rebecca Smith
[2023-02-01T19:06:57.494+0000] {logging_mixin.py:137} INFO - Nicole Torres
[2023-02-01T19:06:57.498+0000] {logging_mixin.py:137} INFO - Ronald Jones
[2023-02-01T19:06:57.501+0000] {logging_mixin.py:137} INFO - Michael Castaneda
[2023-02-01T19:06:57.507+0000] {logging_mixin.py:137} INFO - Christopher Krueger
[2023-02-01T19:06:57.510+0000] {logging_mixin.py:137} INFO - Jennifer Werner
[2023-02-01T19:06:57.516+0000] {logging_mixin.py:137} INFO - Ashley Smith
[2023-02-01T19:06:57.518+0000] {logging_mixin.py:137} INFO - Alyssa Fields
[2023-02-01T19:06:57.521+0000] {logging_mixin.py:137} INFO - John Scott
[2023-02-01T19:06:57.528+0000] {logging_mixin.py:137} INFO - Debra Delacruz
[2023-02-01T19:06:57.534+0000] {logging_mixin.py:137} INFO - James Madden
[2023-02-01T19:06:57.536+0000] {logging_mixin.py:137} INFO - Joseph Gentry
[2023-02-01T19:06:57.541+0000] {logging_mixin.py:137} INFO - Ashley Cabrera
[2023-02-01T19:06:57.547+0000] {logging_mixin.py:137} INFO - Jennifer Fernandez
[2023-02-01T19:06:57.553+0000] {logging_mixin.py:137} INFO - James Harris
[2023-02-01T19:06:57.555+0000] {logging_mixin.py:137} INFO - Candice Young
[2023-02-01T19:06:57.561+0000] {logging_mixin.py:137} INFO - Lisa Baker
[2023-02-01T19:06:57.570+0000] {logging_mixin.py:137} INFO - Brian Mills DDS
[2023-02-01T19:06:57.580+0000] {logging_mixin.py:137} INFO - Kristin Smith
[2023-02-01T19:06:57.586+0000] {logging_mixin.py:137} INFO - Jacob Collins
[2023-02-01T19:06:57.589+0000] {logging_mixin.py:137} INFO - Kimberly Harris
[2023-02-01T19:06:57.598+0000] {logging_mixin.py:137} INFO - Michael Hull
[2023-02-01T19:06:57.603+0000] {logging_mixin.py:137} INFO - Caitlin Todd
[2023-02-01T19:06:57.606+0000] {logging_mixin.py:137} INFO - Lisa Harris
[2023-02-01T19:06:57.611+0000] {logging_mixin.py:137} INFO - Mrs. Ann Stone
[2023-02-01T19:06:57.616+0000] {logging_mixin.py:137} INFO - Michelle Case
[2023-02-01T19:06:57.621+0000] {logging_mixin.py:137} INFO - Joe Lowe
[2023-02-01T19:06:57.625+0000] {logging_mixin.py:137} INFO - Randall Dunn
[2023-02-01T19:06:57.637+0000] {logging_mixin.py:137} INFO - Paula Vargas
[2023-02-01T19:06:57.649+0000] {logging_mixin.py:137} INFO - Daniel Walker
[2023-02-01T19:06:57.652+0000] {logging_mixin.py:137} INFO - James Jackson
[2023-02-01T19:06:57.659+0000] {logging_mixin.py:137} INFO - Shirley Woodard
[2023-02-01T19:06:57.667+0000] {logging_mixin.py:137} INFO - James Hayes
[2023-02-01T19:06:57.699+0000] {logging_mixin.py:137} INFO - Megan Austin
[2023-02-01T19:06:57.707+0000] {logging_mixin.py:137} INFO - Erin Robertson
[2023-02-01T19:06:57.717+0000] {logging_mixin.py:137} INFO - Robert Phillips
[2023-02-01T19:06:57.727+0000] {logging_mixin.py:137} INFO - Amy Torres
[2023-02-01T19:06:57.749+0000] {logging_mixin.py:137} INFO - Joshua Cox
[2023-02-01T19:06:57.757+0000] {logging_mixin.py:137} INFO - Duane Grimes
[2023-02-01T19:06:57.764+0000] {logging_mixin.py:137} INFO - Jennifer Burgess
[2023-02-01T19:06:57.770+0000] {logging_mixin.py:137} INFO - Carlos Duran
[2023-02-01T19:06:57.779+0000] {logging_mixin.py:137} INFO - Jason Johnson
[2023-02-01T19:06:57.791+0000] {logging_mixin.py:137} INFO - Cameron Greer
[2023-02-01T19:06:57.804+0000] {logging_mixin.py:137} INFO - Randall Williams
[2023-02-01T19:06:57.809+0000] {logging_mixin.py:137} INFO - Jessica Harris
[2023-02-01T19:06:57.821+0000] {logging_mixin.py:137} INFO - Joshua Rogers
[2023-02-01T19:06:57.825+0000] {logging_mixin.py:137} INFO - Jose Mahoney
[2023-02-01T19:06:57.835+0000] {logging_mixin.py:137} INFO - Brandy Fuentes
[2023-02-01T19:06:57.838+0000] {logging_mixin.py:137} INFO - Angelica Matthews
[2023-02-01T19:06:57.845+0000] {logging_mixin.py:137} INFO - Glenn Caldwell
[2023-02-01T19:06:57.853+0000] {logging_mixin.py:137} INFO - Cristian Delacruz
[2023-02-01T19:06:57.857+0000] {logging_mixin.py:137} INFO - Alexandra Price
[2023-02-01T19:06:57.861+0000] {logging_mixin.py:137} INFO - Heather Wilson
[2023-02-01T19:06:57.878+0000] {logging_mixin.py:137} INFO - Shawn Thompson
[2023-02-01T19:06:57.899+0000] {logging_mixin.py:137} INFO - Anna Daniel
[2023-02-01T19:06:57.904+0000] {logging_mixin.py:137} INFO - Joseph Cisneros
[2023-02-01T19:06:57.914+0000] {logging_mixin.py:137} INFO - Rebecca Estes
[2023-02-01T19:06:57.924+0000] {logging_mixin.py:137} INFO - Jeremy Porter
[2023-02-01T19:06:57.933+0000] {logging_mixin.py:137} INFO - Lisa Mann
[2023-02-01T19:06:57.941+0000] {logging_mixin.py:137} INFO - Michael Woods
[2023-02-01T19:06:57.953+0000] {logging_mixin.py:137} INFO - Madison Thompson
[2023-02-01T19:06:58.013+0000] {logging_mixin.py:137} INFO - Nancy Gomez
[2023-02-01T19:06:58.017+0000] {logging_mixin.py:137} INFO - Julie Blanchard
[2023-02-01T19:06:58.052+0000] {logging_mixin.py:137} INFO - Michael Smith
[2023-02-01T19:06:58.082+0000] {logging_mixin.py:137} INFO - Angel Huber
[2023-02-01T19:06:58.086+0000] {logging_mixin.py:137} INFO - Michael Coffey
[2023-02-01T19:06:58.088+0000] {logging_mixin.py:137} INFO - Patrick Walter
[2023-02-01T19:06:58.103+0000] {logging_mixin.py:137} INFO - Curtis Davis
[2023-02-01T19:06:58.114+0000] {logging_mixin.py:137} INFO - Kyle Stewart
[2023-02-01T19:06:58.129+0000] {logging_mixin.py:137} INFO - Angela Jimenez
[2023-02-01T19:06:58.143+0000] {logging_mixin.py:137} INFO - Andrew Martinez
[2023-02-01T19:06:58.151+0000] {logging_mixin.py:137} INFO - Angela West
[2023-02-01T19:06:58.163+0000] {logging_mixin.py:137} INFO - Ryan Young
[2023-02-01T19:06:58.166+0000] {logging_mixin.py:137} INFO - Nathaniel Evans
[2023-02-01T19:06:58.168+0000] {logging_mixin.py:137} INFO - Dawn Bryant
[2023-02-01T19:06:58.173+0000] {logging_mixin.py:137} INFO - Danielle Lewis
[2023-02-01T19:06:58.177+0000] {logging_mixin.py:137} INFO - Matthew Newman
[2023-02-01T19:06:58.183+0000] {logging_mixin.py:137} INFO - Robert Smith
[2023-02-01T19:06:58.185+0000] {logging_mixin.py:137} INFO - Melissa Hicks
[2023-02-01T19:06:58.188+0000] {logging_mixin.py:137} INFO - Emily Lambert
[2023-02-01T19:06:58.190+0000] {logging_mixin.py:137} INFO - Krystal Wolfe
[2023-02-01T19:06:58.193+0000] {logging_mixin.py:137} INFO - Donna Murillo
[2023-02-01T19:06:58.195+0000] {logging_mixin.py:137} INFO - Carl Hudson
[2023-02-01T19:06:58.197+0000] {logging_mixin.py:137} INFO - Robert Wilson
[2023-02-01T19:06:58.199+0000] {logging_mixin.py:137} INFO - Patrick Mathis
[2023-02-01T19:06:58.201+0000] {logging_mixin.py:137} INFO - Michael Suarez
[2023-02-01T19:06:58.203+0000] {logging_mixin.py:137} INFO - David Johnson
[2023-02-01T19:06:58.208+0000] {logging_mixin.py:137} INFO - William Thompson
[2023-02-01T19:06:58.213+0000] {logging_mixin.py:137} INFO - Jessica Hansen DVM
[2023-02-01T19:06:58.216+0000] {logging_mixin.py:137} INFO - Katherine Friedman
[2023-02-01T19:06:58.219+0000] {logging_mixin.py:137} INFO - Jillian Johnson
[2023-02-01T19:06:58.221+0000] {logging_mixin.py:137} INFO - Robert Mckee
[2023-02-01T19:06:58.222+0000] {logging_mixin.py:137} INFO - Rachel Little
[2023-02-01T19:06:58.224+0000] {logging_mixin.py:137} INFO - Patricia Smith
[2023-02-01T19:06:58.225+0000] {logging_mixin.py:137} INFO - Heidi Martinez
[2023-02-01T19:06:58.228+0000] {logging_mixin.py:137} INFO - Caitlin Solomon
[2023-02-01T19:06:58.232+0000] {logging_mixin.py:137} INFO - Dr. Olivia Pugh
[2023-02-01T19:06:58.233+0000] {logging_mixin.py:137} INFO - John Steele DDS
[2023-02-01T19:06:58.236+0000] {logging_mixin.py:137} INFO - Jeremy Mathews
[2023-02-01T19:06:58.245+0000] {logging_mixin.py:137} INFO - Tiffany Hill
[2023-02-01T19:06:58.252+0000] {logging_mixin.py:137} INFO - Steven Edwards
[2023-02-01T19:06:58.255+0000] {logging_mixin.py:137} INFO - Charles Campbell
[2023-02-01T19:06:58.260+0000] {logging_mixin.py:137} INFO - Brett Hughes
[2023-02-01T19:06:58.267+0000] {logging_mixin.py:137} INFO - Christina Villegas
[2023-02-01T19:06:58.270+0000] {logging_mixin.py:137} INFO - Anthony Garcia
[2023-02-01T19:06:58.273+0000] {logging_mixin.py:137} INFO - Nathan Murphy
[2023-02-01T19:06:58.279+0000] {logging_mixin.py:137} INFO - Steven Dodson
[2023-02-01T19:06:58.291+0000] {logging_mixin.py:137} INFO - Brian Sullivan
[2023-02-01T19:06:58.293+0000] {logging_mixin.py:137} INFO - Renee White
[2023-02-01T19:06:58.298+0000] {logging_mixin.py:137} INFO - Laura Rowland
[2023-02-01T19:06:58.308+0000] {logging_mixin.py:137} INFO - John Moore
[2023-02-01T19:06:58.310+0000] {logging_mixin.py:137} INFO - Sophia Mckenzie
[2023-02-01T19:06:58.314+0000] {logging_mixin.py:137} INFO - David Roach
[2023-02-01T19:06:58.317+0000] {logging_mixin.py:137} INFO - Jennifer Patterson
[2023-02-01T19:06:58.321+0000] {logging_mixin.py:137} INFO - James Richards
[2023-02-01T19:06:58.324+0000] {logging_mixin.py:137} INFO - Mary Johnston
[2023-02-01T19:06:58.334+0000] {logging_mixin.py:137} INFO - Brandon Mcdaniel
[2023-02-01T19:06:58.337+0000] {logging_mixin.py:137} INFO - Meghan Stevenson
[2023-02-01T19:06:58.340+0000] {logging_mixin.py:137} INFO - Luis Hayes
[2023-02-01T19:06:58.345+0000] {logging_mixin.py:137} INFO - Alejandra Sloan
[2023-02-01T19:06:58.351+0000] {logging_mixin.py:137} INFO - Dr. Sandra Miller
[2023-02-01T19:06:58.353+0000] {logging_mixin.py:137} INFO - Dustin Bond
[2023-02-01T19:06:58.356+0000] {logging_mixin.py:137} INFO - Julia Patrick MD
[2023-02-01T19:06:58.358+0000] {logging_mixin.py:137} INFO - Jill Campbell
[2023-02-01T19:06:58.361+0000] {logging_mixin.py:137} INFO - Mark Ford
[2023-02-01T19:06:58.364+0000] {logging_mixin.py:137} INFO - Brian Long
[2023-02-01T19:06:58.370+0000] {logging_mixin.py:137} INFO - Lisa Peterson
[2023-02-01T19:06:58.375+0000] {logging_mixin.py:137} INFO - Matthew Lee
[2023-02-01T19:06:58.378+0000] {logging_mixin.py:137} INFO - Bradley Miller
[2023-02-01T19:06:58.380+0000] {logging_mixin.py:137} INFO - Jeffrey Moss
[2023-02-01T19:06:58.382+0000] {logging_mixin.py:137} INFO - Sara Carlson
[2023-02-01T19:06:58.383+0000] {logging_mixin.py:137} INFO - Daniel Rodriguez
[2023-02-01T19:06:58.385+0000] {logging_mixin.py:137} INFO - Jeremy David
[2023-02-01T19:06:58.386+0000] {logging_mixin.py:137} INFO - Eric Green
[2023-02-01T19:06:58.388+0000] {logging_mixin.py:137} INFO - Alexis Jones
[2023-02-01T19:06:58.389+0000] {logging_mixin.py:137} INFO - Matthew Rose
[2023-02-01T19:06:58.391+0000] {logging_mixin.py:137} INFO - Catherine Anderson
[2023-02-01T19:06:58.392+0000] {logging_mixin.py:137} INFO - Holly Burton
[2023-02-01T19:06:58.393+0000] {logging_mixin.py:137} INFO - David Matthews
[2023-02-01T19:06:58.395+0000] {logging_mixin.py:137} INFO - Mrs. Kara Little
[2023-02-01T19:06:58.397+0000] {logging_mixin.py:137} INFO - Jeffrey Stanley
[2023-02-01T19:06:58.399+0000] {logging_mixin.py:137} INFO - James Ochoa
[2023-02-01T19:06:58.401+0000] {logging_mixin.py:137} INFO - Jason Frye
[2023-02-01T19:06:58.403+0000] {logging_mixin.py:137} INFO - Christopher Ellis
[2023-02-01T19:06:58.409+0000] {logging_mixin.py:137} INFO - Michelle Nixon
[2023-02-01T19:06:58.415+0000] {logging_mixin.py:137} INFO - Andrew Gill
[2023-02-01T19:06:58.419+0000] {logging_mixin.py:137} INFO - Jennifer Wilson
[2023-02-01T19:06:58.422+0000] {logging_mixin.py:137} INFO - Shawn Black
[2023-02-01T19:06:58.424+0000] {logging_mixin.py:137} INFO - April Patterson
[2023-02-01T19:06:58.430+0000] {logging_mixin.py:137} INFO - Troy Vaughn
[2023-02-01T19:06:58.432+0000] {logging_mixin.py:137} INFO - Alexandria White
[2023-02-01T19:06:58.434+0000] {logging_mixin.py:137} INFO - Scott Phillips
[2023-02-01T19:06:58.437+0000] {logging_mixin.py:137} INFO - Zachary Cisneros
[2023-02-01T19:06:58.439+0000] {logging_mixin.py:137} INFO - Deborah Brown
[2023-02-01T19:06:58.447+0000] {logging_mixin.py:137} INFO - Monica Moses
[2023-02-01T19:06:58.449+0000] {logging_mixin.py:137} INFO - Brenda Reyes
[2023-02-01T19:06:58.454+0000] {logging_mixin.py:137} INFO - Miss Renee Allen
[2023-02-01T19:06:58.456+0000] {logging_mixin.py:137} INFO - Susan Clark
[2023-02-01T19:06:58.460+0000] {logging_mixin.py:137} INFO - Brandy Coffey
[2023-02-01T19:06:58.464+0000] {logging_mixin.py:137} INFO - Brett Nelson
[2023-02-01T19:06:58.465+0000] {logging_mixin.py:137} INFO - Ricardo Young
[2023-02-01T19:06:58.471+0000] {logging_mixin.py:137} INFO - Paul Lee
[2023-02-01T19:06:58.476+0000] {logging_mixin.py:137} INFO - David Allen
[2023-02-01T19:06:58.481+0000] {logging_mixin.py:137} INFO - Andrea Knight
[2023-02-01T19:06:58.484+0000] {logging_mixin.py:137} INFO - James Gomez
[2023-02-01T19:06:58.488+0000] {logging_mixin.py:137} INFO - Melody Gibson
[2023-02-01T19:06:58.490+0000] {logging_mixin.py:137} INFO - Christina Martinez
[2023-02-01T19:06:58.492+0000] {logging_mixin.py:137} INFO - Shelby Smith
[2023-02-01T19:06:58.496+0000] {logging_mixin.py:137} INFO - Jason Howard
[2023-02-01T19:06:58.499+0000] {logging_mixin.py:137} INFO - Amy Davidson
[2023-02-01T19:06:58.501+0000] {logging_mixin.py:137} INFO - Kyle Copeland
[2023-02-01T19:06:58.504+0000] {logging_mixin.py:137} INFO - Madeline Davis
[2023-02-01T19:06:58.508+0000] {logging_mixin.py:137} INFO - Aaron Young
[2023-02-01T19:06:58.512+0000] {logging_mixin.py:137} INFO - Lisa Barrett
[2023-02-01T19:06:58.513+0000] {logging_mixin.py:137} INFO - Joel Jones
[2023-02-01T19:06:58.515+0000] {logging_mixin.py:137} INFO - Christine Evans
[2023-02-01T19:06:58.521+0000] {logging_mixin.py:137} INFO - Kimberly Johnson
[2023-02-01T19:06:58.523+0000] {logging_mixin.py:137} INFO - Charles Hess
[2023-02-01T19:06:58.525+0000] {logging_mixin.py:137} INFO - Paul Dixon
[2023-02-01T19:06:58.527+0000] {logging_mixin.py:137} INFO - Christopher Johnson
[2023-02-01T19:06:58.528+0000] {logging_mixin.py:137} INFO - Robert Dawson
[2023-02-01T19:06:58.536+0000] {logging_mixin.py:137} INFO - Ryan Dixon
[2023-02-01T19:06:58.542+0000] {logging_mixin.py:137} INFO - Julie Martinez
[2023-02-01T19:06:58.545+0000] {logging_mixin.py:137} INFO - David Adams
[2023-02-01T19:06:58.549+0000] {logging_mixin.py:137} INFO - Mariah Brown
[2023-02-01T19:06:58.553+0000] {logging_mixin.py:137} INFO - Deborah Malone
[2023-02-01T19:06:58.556+0000] {logging_mixin.py:137} INFO - John Brown
[2023-02-01T19:06:58.558+0000] {logging_mixin.py:137} INFO - Maria Stewart
[2023-02-01T19:06:58.560+0000] {logging_mixin.py:137} INFO - Mr. Bryan Hawkins
[2023-02-01T19:06:58.562+0000] {logging_mixin.py:137} INFO - Kyle Brooks
[2023-02-01T19:06:58.563+0000] {logging_mixin.py:137} INFO - Kenneth White
[2023-02-01T19:06:58.565+0000] {logging_mixin.py:137} INFO - Patricia Wilson
[2023-02-01T19:06:58.567+0000] {logging_mixin.py:137} INFO - Paul Soto
[2023-02-01T19:06:58.570+0000] {logging_mixin.py:137} INFO - Janice Garrett
[2023-02-01T19:06:58.571+0000] {logging_mixin.py:137} INFO - Randy Strickland
[2023-02-01T19:06:58.580+0000] {logging_mixin.py:137} INFO - Felicia Herrera
[2023-02-01T19:06:58.583+0000] {logging_mixin.py:137} INFO - Andre Campos
[2023-02-01T19:06:58.587+0000] {logging_mixin.py:137} INFO - Justin Meyer
[2023-02-01T19:06:58.590+0000] {logging_mixin.py:137} INFO - Brandon Brooks
[2023-02-01T19:06:58.592+0000] {logging_mixin.py:137} INFO - Abigail Rivera
[2023-02-01T19:06:58.595+0000] {logging_mixin.py:137} INFO - Jessica Mann
[2023-02-01T19:06:58.599+0000] {logging_mixin.py:137} INFO - Michael Sawyer
[2023-02-01T19:06:58.602+0000] {logging_mixin.py:137} INFO - Jeffrey Coleman
[2023-02-01T19:06:58.604+0000] {logging_mixin.py:137} INFO - Micheal Castro
[2023-02-01T19:06:58.607+0000] {logging_mixin.py:137} INFO - Laura Gonzalez
[2023-02-01T19:06:58.615+0000] {logging_mixin.py:137} INFO - Christopher Jackson
[2023-02-01T19:06:58.620+0000] {logging_mixin.py:137} INFO - William Mckenzie
[2023-02-01T19:06:58.626+0000] {logging_mixin.py:137} INFO - Kristina Rodriguez
[2023-02-01T19:06:58.635+0000] {logging_mixin.py:137} INFO - Kelli Williams
[2023-02-01T19:06:58.641+0000] {logging_mixin.py:137} INFO - Diane Norris
[2023-02-01T19:06:58.654+0000] {logging_mixin.py:137} INFO - Kevin Carroll
[2023-02-01T19:06:58.662+0000] {logging_mixin.py:137} INFO - Betty Weber
[2023-02-01T19:06:58.667+0000] {logging_mixin.py:137} INFO - Jeffery Robinson
[2023-02-01T19:06:58.676+0000] {logging_mixin.py:137} INFO - Hannah Cowan
[2023-02-01T19:06:58.704+0000] {logging_mixin.py:137} INFO - Brian Kramer
[2023-02-01T19:06:58.719+0000] {logging_mixin.py:137} INFO - Anthony Roberts
[2023-02-01T19:06:58.748+0000] {logging_mixin.py:137} INFO - Ricardo Blankenship
[2023-02-01T19:06:58.764+0000] {logging_mixin.py:137} INFO - Brooke Collins
[2023-02-01T19:06:58.768+0000] {logging_mixin.py:137} INFO - Tammy Lawson
[2023-02-01T19:06:58.790+0000] {logging_mixin.py:137} INFO - Cody Miller
[2023-02-01T19:06:58.796+0000] {logging_mixin.py:137} INFO - Dr. Janice Salazar
[2023-02-01T19:06:58.821+0000] {logging_mixin.py:137} INFO - David West
[2023-02-01T19:06:58.828+0000] {logging_mixin.py:137} INFO - Robin Carpenter
[2023-02-01T19:06:58.830+0000] {logging_mixin.py:137} INFO - Monique Wall
[2023-02-01T19:06:58.838+0000] {logging_mixin.py:137} INFO - Charles Cardenas
[2023-02-01T19:06:58.845+0000] {logging_mixin.py:137} INFO - Valerie Mitchell
[2023-02-01T19:06:58.851+0000] {logging_mixin.py:137} INFO - Michelle Valenzuela
[2023-02-01T19:06:58.874+0000] {logging_mixin.py:137} INFO - William Poole
[2023-02-01T19:06:58.880+0000] {logging_mixin.py:137} INFO - James Hall
[2023-02-01T19:06:58.888+0000] {logging_mixin.py:137} INFO - Dylan Carpenter
[2023-02-01T19:06:58.911+0000] {logging_mixin.py:137} INFO - Linda Medina
[2023-02-01T19:06:58.919+0000] {logging_mixin.py:137} INFO - Joan White
[2023-02-01T19:06:58.936+0000] {logging_mixin.py:137} INFO - Mary Klein
[2023-02-01T19:06:58.944+0000] {logging_mixin.py:137} INFO - Ashley Wolf
[2023-02-01T19:06:58.951+0000] {logging_mixin.py:137} INFO - William Reed
[2023-02-01T19:06:58.959+0000] {logging_mixin.py:137} INFO - Derek Harvey
[2023-02-01T19:06:58.964+0000] {logging_mixin.py:137} INFO - Kathleen Rodriguez
[2023-02-01T19:06:58.967+0000] {logging_mixin.py:137} INFO - Andrew Rodriguez
[2023-02-01T19:06:58.974+0000] {logging_mixin.py:137} INFO - Ariel Frank
[2023-02-01T19:06:58.982+0000] {logging_mixin.py:137} INFO - Tina French
[2023-02-01T19:06:58.999+0000] {logging_mixin.py:137} INFO - Brent Waller
[2023-02-01T19:06:59.010+0000] {logging_mixin.py:137} INFO - Kevin Allen
[2023-02-01T19:06:59.026+0000] {logging_mixin.py:137} INFO - Xavier Walker
[2023-02-01T19:06:59.047+0000] {logging_mixin.py:137} INFO - Michelle Sanchez
[2023-02-01T19:06:59.056+0000] {logging_mixin.py:137} INFO - Rachael Shepard
[2023-02-01T19:06:59.068+0000] {logging_mixin.py:137} INFO - Kelsey Johnson
[2023-02-01T19:06:59.073+0000] {logging_mixin.py:137} INFO - Nicole Webb
[2023-02-01T19:06:59.080+0000] {logging_mixin.py:137} INFO - Nicholas Rodriguez
[2023-02-01T19:06:59.088+0000] {logging_mixin.py:137} INFO - Eric Vaughan
[2023-02-01T19:06:59.095+0000] {logging_mixin.py:137} INFO - Amanda Richardson
[2023-02-01T19:06:59.098+0000] {logging_mixin.py:137} INFO - Janice Carlson
[2023-02-01T19:06:59.104+0000] {logging_mixin.py:137} INFO - Darryl Walsh
[2023-02-01T19:06:59.108+0000] {logging_mixin.py:137} INFO - Heather Johnson
[2023-02-01T19:06:59.115+0000] {logging_mixin.py:137} INFO - Mark Chambers
[2023-02-01T19:06:59.117+0000] {logging_mixin.py:137} INFO - Tracy Burns
[2023-02-01T19:06:59.119+0000] {logging_mixin.py:137} INFO - John Cole
[2023-02-01T19:06:59.123+0000] {logging_mixin.py:137} INFO - Deborah Silva
[2023-02-01T19:06:59.124+0000] {logging_mixin.py:137} INFO - Shawn Hernandez
[2023-02-01T19:06:59.129+0000] {logging_mixin.py:137} INFO - Bethany Meyer
[2023-02-01T19:06:59.136+0000] {logging_mixin.py:137} INFO - Helen Smith
[2023-02-01T19:06:59.140+0000] {logging_mixin.py:137} INFO - Dana Dennis
[2023-02-01T19:06:59.141+0000] {logging_mixin.py:137} INFO - Kelsey Camacho
[2023-02-01T19:06:59.145+0000] {logging_mixin.py:137} INFO - Matthew Thomas
[2023-02-01T19:06:59.147+0000] {logging_mixin.py:137} INFO - Brittany Arellano
[2023-02-01T19:06:59.149+0000] {logging_mixin.py:137} INFO - Stacey Jones
[2023-02-01T19:06:59.151+0000] {logging_mixin.py:137} INFO - William Weeks
[2023-02-01T19:06:59.152+0000] {logging_mixin.py:137} INFO - Mark Beasley
[2023-02-01T19:06:59.153+0000] {logging_mixin.py:137} INFO - Bruce Pena
[2023-02-01T19:06:59.161+0000] {logging_mixin.py:137} INFO - Jeffery Smith
[2023-02-01T19:06:59.163+0000] {logging_mixin.py:137} INFO - Ann Deleon
[2023-02-01T19:06:59.165+0000] {logging_mixin.py:137} INFO - Kevin Robertson
[2023-02-01T19:06:59.166+0000] {logging_mixin.py:137} INFO - Vincent Willis MD
[2023-02-01T19:06:59.169+0000] {logging_mixin.py:137} INFO - Michael Nielsen
[2023-02-01T19:06:59.172+0000] {logging_mixin.py:137} INFO - Walter Koch
[2023-02-01T19:06:59.174+0000] {logging_mixin.py:137} INFO - Brian Vega
[2023-02-01T19:06:59.179+0000] {logging_mixin.py:137} INFO - Jeffrey Medina
[2023-02-01T19:06:59.180+0000] {logging_mixin.py:137} INFO - Erika Banks
[2023-02-01T19:06:59.182+0000] {logging_mixin.py:137} INFO - Stacey Griffin
[2023-02-01T19:06:59.183+0000] {logging_mixin.py:137} INFO - Michael Marsh
[2023-02-01T19:06:59.185+0000] {logging_mixin.py:137} INFO - Molly White
[2023-02-01T19:06:59.188+0000] {logging_mixin.py:137} INFO - Matthew Morrison
[2023-02-01T19:06:59.189+0000] {logging_mixin.py:137} INFO - Amanda Burns
[2023-02-01T19:06:59.191+0000] {logging_mixin.py:137} INFO - Emily Gonzalez DDS
[2023-02-01T19:06:59.192+0000] {logging_mixin.py:137} INFO - Gregory King
[2023-02-01T19:06:59.194+0000] {logging_mixin.py:137} INFO - Dennis Evans
[2023-02-01T19:06:59.202+0000] {logging_mixin.py:137} INFO - Christina Snyder
[2023-02-01T19:06:59.206+0000] {logging_mixin.py:137} INFO - Carolyn Mata
[2023-02-01T19:06:59.208+0000] {logging_mixin.py:137} INFO - Brandy Lawson
[2023-02-01T19:06:59.217+0000] {logging_mixin.py:137} INFO - Briana Christian
[2023-02-01T19:06:59.219+0000] {logging_mixin.py:137} INFO - Jeffrey Hernandez
[2023-02-01T19:06:59.221+0000] {logging_mixin.py:137} INFO - John Riggs
[2023-02-01T19:06:59.225+0000] {logging_mixin.py:137} INFO - Barbara Short
[2023-02-01T19:06:59.229+0000] {logging_mixin.py:137} INFO - Steven Brooks
[2023-02-01T19:06:59.239+0000] {logging_mixin.py:137} INFO - Gabrielle James
[2023-02-01T19:06:59.241+0000] {logging_mixin.py:137} INFO - Robert Young
[2023-02-01T19:06:59.244+0000] {logging_mixin.py:137} INFO - Derek Sanders
[2023-02-01T19:06:59.245+0000] {logging_mixin.py:137} INFO - Mallory Oliver
[2023-02-01T19:06:59.255+0000] {logging_mixin.py:137} INFO - Terry Howe
[2023-02-01T19:06:59.259+0000] {logging_mixin.py:137} INFO - Samuel Wallace
[2023-02-01T19:06:59.262+0000] {logging_mixin.py:137} INFO - Angel Jones
[2023-02-01T19:06:59.269+0000] {logging_mixin.py:137} INFO - Jacqueline Nichols
[2023-02-01T19:06:59.274+0000] {logging_mixin.py:137} INFO - Melissa Mcgee
[2023-02-01T19:06:59.276+0000] {logging_mixin.py:137} INFO - Michelle Smith
[2023-02-01T19:06:59.281+0000] {logging_mixin.py:137} INFO - Maureen Baxter
[2023-02-01T19:06:59.283+0000] {logging_mixin.py:137} INFO - Kathy Crawford
[2023-02-01T19:06:59.288+0000] {logging_mixin.py:137} INFO - Stacy Wood
[2023-02-01T19:06:59.292+0000] {logging_mixin.py:137} INFO - Justin Parsons
[2023-02-01T19:06:59.294+0000] {logging_mixin.py:137} INFO - Ann Klein
[2023-02-01T19:06:59.299+0000] {logging_mixin.py:137} INFO - Allison Arnold
[2023-02-01T19:06:59.306+0000] {logging_mixin.py:137} INFO - Heather Kirk
[2023-02-01T19:06:59.313+0000] {logging_mixin.py:137} INFO - Monica Smith
[2023-02-01T19:06:59.317+0000] {logging_mixin.py:137} INFO - Brett Oconnor
[2023-02-01T19:06:59.323+0000] {logging_mixin.py:137} INFO - Anthony Bryant
[2023-02-01T19:06:59.330+0000] {logging_mixin.py:137} INFO - Jeremy Russell
[2023-02-01T19:06:59.333+0000] {logging_mixin.py:137} INFO - Julie Poole
[2023-02-01T19:06:59.338+0000] {logging_mixin.py:137} INFO - Emma Thompson
[2023-02-01T19:06:59.344+0000] {logging_mixin.py:137} INFO - Bradley Matthews
[2023-02-01T19:06:59.350+0000] {logging_mixin.py:137} INFO - William Roberts
[2023-02-01T19:06:59.353+0000] {logging_mixin.py:137} INFO - Julie Mooney
[2023-02-01T19:06:59.357+0000] {logging_mixin.py:137} INFO - Amy Doyle
[2023-02-01T19:06:59.359+0000] {logging_mixin.py:137} INFO - Amanda Grant
[2023-02-01T19:06:59.361+0000] {logging_mixin.py:137} INFO - Eric Anderson
[2023-02-01T19:06:59.365+0000] {logging_mixin.py:137} INFO - George Thompson
[2023-02-01T19:06:59.368+0000] {logging_mixin.py:137} INFO - Dustin Hines
[2023-02-01T19:06:59.370+0000] {logging_mixin.py:137} INFO - Andrea Frank
[2023-02-01T19:06:59.374+0000] {logging_mixin.py:137} INFO - Jodi Cook
[2023-02-01T19:06:59.379+0000] {logging_mixin.py:137} INFO - Stacy Haney
[2023-02-01T19:06:59.386+0000] {logging_mixin.py:137} INFO - Paul Callahan
[2023-02-01T19:06:59.389+0000] {logging_mixin.py:137} INFO - Jasmine Chambers
[2023-02-01T19:06:59.392+0000] {logging_mixin.py:137} INFO - Melissa Pittman MD
[2023-02-01T19:06:59.400+0000] {logging_mixin.py:137} INFO - Deborah Larson
[2023-02-01T19:06:59.405+0000] {logging_mixin.py:137} INFO - Brandon Shaw
[2023-02-01T19:06:59.407+0000] {logging_mixin.py:137} INFO - Timothy Paul
[2023-02-01T19:06:59.409+0000] {logging_mixin.py:137} INFO - Michael Trujillo
[2023-02-01T19:06:59.411+0000] {logging_mixin.py:137} INFO - Robert Rivera
[2023-02-01T19:06:59.415+0000] {logging_mixin.py:137} INFO - Dana Nelson
[2023-02-01T19:06:59.424+0000] {logging_mixin.py:137} INFO - Andrea Bennett
[2023-02-01T19:06:59.431+0000] {logging_mixin.py:137} INFO - Jodi Fox
[2023-02-01T19:06:59.439+0000] {logging_mixin.py:137} INFO - Heather Hayes
[2023-02-01T19:06:59.441+0000] {logging_mixin.py:137} INFO - Jennifer Moreno
[2023-02-01T19:06:59.445+0000] {logging_mixin.py:137} INFO - John Patel
[2023-02-01T19:06:59.458+0000] {logging_mixin.py:137} INFO - Teresa Oliver
[2023-02-01T19:06:59.465+0000] {logging_mixin.py:137} INFO - Monique Bell
[2023-02-01T19:06:59.471+0000] {logging_mixin.py:137} INFO - Casey Leonard
[2023-02-01T19:06:59.474+0000] {logging_mixin.py:137} INFO - Steven Clark
[2023-02-01T19:06:59.481+0000] {logging_mixin.py:137} INFO - Edward Martin
[2023-02-01T19:06:59.485+0000] {logging_mixin.py:137} INFO - Shawn Orozco
[2023-02-01T19:06:59.488+0000] {logging_mixin.py:137} INFO - Brandon Yang
[2023-02-01T19:06:59.492+0000] {logging_mixin.py:137} INFO - Nathan Ray
[2023-02-01T19:06:59.496+0000] {logging_mixin.py:137} INFO - Lori Moore
[2023-02-01T19:06:59.498+0000] {logging_mixin.py:137} INFO - Dr. Lisa Shaw DVM
[2023-02-01T19:06:59.516+0000] {logging_mixin.py:137} INFO - Angela Walters
[2023-02-01T19:06:59.521+0000] {logging_mixin.py:137} INFO - David Nolan
[2023-02-01T19:06:59.523+0000] {logging_mixin.py:137} INFO - William Ramsey
[2023-02-01T19:06:59.525+0000] {logging_mixin.py:137} INFO - David Oconnor
[2023-02-01T19:06:59.528+0000] {logging_mixin.py:137} INFO - Mark Washington
[2023-02-01T19:06:59.530+0000] {logging_mixin.py:137} INFO - Jennifer Jacobs
[2023-02-01T19:06:59.531+0000] {logging_mixin.py:137} INFO - Tammy Hampton
[2023-02-01T19:06:59.534+0000] {logging_mixin.py:137} INFO - Stephen Farmer
[2023-02-01T19:06:59.536+0000] {logging_mixin.py:137} INFO - Jasmine Nguyen
[2023-02-01T19:06:59.539+0000] {logging_mixin.py:137} INFO - Rebecca Flores
[2023-02-01T19:06:59.544+0000] {logging_mixin.py:137} INFO - Tyler Davis
[2023-02-01T19:06:59.552+0000] {logging_mixin.py:137} INFO - Nancy Gray
[2023-02-01T19:06:59.554+0000] {logging_mixin.py:137} INFO - Brian Sanchez
[2023-02-01T19:06:59.556+0000] {logging_mixin.py:137} INFO - Laurie Shaw
[2023-02-01T19:06:59.558+0000] {logging_mixin.py:137} INFO - Kristina Torres
[2023-02-01T19:06:59.561+0000] {logging_mixin.py:137} INFO - Andrea Rodgers
[2023-02-01T19:06:59.563+0000] {logging_mixin.py:137} INFO - Jason Walters
[2023-02-01T19:06:59.565+0000] {logging_mixin.py:137} INFO - Jerry Moss
[2023-02-01T19:06:59.566+0000] {logging_mixin.py:137} INFO - Jeffrey Jordan
[2023-02-01T19:06:59.568+0000] {logging_mixin.py:137} INFO - Jennifer Wilson
[2023-02-01T19:06:59.570+0000] {logging_mixin.py:137} INFO - Trevor Mathews
[2023-02-01T19:06:59.576+0000] {logging_mixin.py:137} INFO - Anne Hood
[2023-02-01T19:06:59.579+0000] {logging_mixin.py:137} INFO - Sarah Williams
[2023-02-01T19:06:59.581+0000] {logging_mixin.py:137} INFO - Shelby Hernandez
[2023-02-01T19:06:59.583+0000] {logging_mixin.py:137} INFO - Samantha Velez
[2023-02-01T19:06:59.585+0000] {logging_mixin.py:137} INFO - Matthew Douglas
[2023-02-01T19:06:59.587+0000] {logging_mixin.py:137} INFO - Ashlee George
[2023-02-01T19:06:59.589+0000] {logging_mixin.py:137} INFO - Troy Crane
[2023-02-01T19:06:59.592+0000] {logging_mixin.py:137} INFO - Michael Cooper
[2023-02-01T19:06:59.594+0000] {logging_mixin.py:137} INFO - Michael White
[2023-02-01T19:06:59.597+0000] {logging_mixin.py:137} INFO - Mr. Timothy Fleming
[2023-02-01T19:06:59.603+0000] {logging_mixin.py:137} INFO - Seth Bruce
[2023-02-01T19:06:59.606+0000] {logging_mixin.py:137} INFO - Jacqueline Carpenter
[2023-02-01T19:06:59.608+0000] {logging_mixin.py:137} INFO - Michael Martin
[2023-02-01T19:06:59.617+0000] {logging_mixin.py:137} INFO - Kristopher Henry
[2023-02-01T19:06:59.622+0000] {logging_mixin.py:137} INFO - Tiffany Porter
[2023-02-01T19:06:59.626+0000] {logging_mixin.py:137} INFO - Stacy Simpson
[2023-02-01T19:06:59.630+0000] {logging_mixin.py:137} INFO - Tammy Mcdowell
[2023-02-01T19:06:59.639+0000] {logging_mixin.py:137} INFO - Thomas Walters
[2023-02-01T19:06:59.641+0000] {logging_mixin.py:137} INFO - Dwayne Thompson
[2023-02-01T19:06:59.646+0000] {logging_mixin.py:137} INFO - Natalie Willis
[2023-02-01T19:06:59.648+0000] {logging_mixin.py:137} INFO - Sharon Taylor
[2023-02-01T19:06:59.651+0000] {logging_mixin.py:137} INFO - Sarah Wiggins
[2023-02-01T19:06:59.653+0000] {logging_mixin.py:137} INFO - Amber Thomas
[2023-02-01T19:06:59.658+0000] {logging_mixin.py:137} INFO - Patrick Miller
[2023-02-01T19:06:59.661+0000] {logging_mixin.py:137} INFO - Stephanie Hartman
[2023-02-01T19:06:59.666+0000] {logging_mixin.py:137} INFO - Stacey Mora
[2023-02-01T19:06:59.669+0000] {logging_mixin.py:137} INFO - Katherine Rodriguez
[2023-02-01T19:06:59.673+0000] {logging_mixin.py:137} INFO - Daniel Morgan
[2023-02-01T19:06:59.676+0000] {logging_mixin.py:137} INFO - Rebecca Martinez
[2023-02-01T19:06:59.687+0000] {logging_mixin.py:137} INFO - Nicole Juarez
[2023-02-01T19:06:59.692+0000] {logging_mixin.py:137} INFO - Mark Arroyo
[2023-02-01T19:06:59.695+0000] {logging_mixin.py:137} INFO - April Lucero
[2023-02-01T19:06:59.700+0000] {logging_mixin.py:137} INFO - Samantha Garcia
[2023-02-01T19:06:59.703+0000] {logging_mixin.py:137} INFO - Jon Moore
[2023-02-01T19:06:59.710+0000] {logging_mixin.py:137} INFO - Joshua Flores MD
[2023-02-01T19:06:59.715+0000] {logging_mixin.py:137} INFO - Raymond Jones
[2023-02-01T19:06:59.717+0000] {logging_mixin.py:137} INFO - Billy Hughes
[2023-02-01T19:06:59.720+0000] {logging_mixin.py:137} INFO - Peggy Valdez PhD
[2023-02-01T19:06:59.723+0000] {logging_mixin.py:137} INFO - Joshua Reyes
[2023-02-01T19:06:59.724+0000] {logging_mixin.py:137} INFO - Aaron Green
[2023-02-01T19:06:59.726+0000] {logging_mixin.py:137} INFO - Wendy Espinoza
[2023-02-01T19:06:59.727+0000] {logging_mixin.py:137} INFO - Peter Vasquez
[2023-02-01T19:06:59.730+0000] {logging_mixin.py:137} INFO - Diane Harper
[2023-02-01T19:06:59.732+0000] {logging_mixin.py:137} INFO - Ms. Rebecca Cantu
[2023-02-01T19:06:59.734+0000] {logging_mixin.py:137} INFO - Yolanda Morrow
[2023-02-01T19:06:59.740+0000] {logging_mixin.py:137} INFO - Penny Beard
[2023-02-01T19:06:59.748+0000] {logging_mixin.py:137} INFO - Lisa Long
[2023-02-01T19:06:59.756+0000] {logging_mixin.py:137} INFO - Jerry Harris
[2023-02-01T19:06:59.759+0000] {logging_mixin.py:137} INFO - Bob Willis
[2023-02-01T19:06:59.763+0000] {logging_mixin.py:137} INFO - Duane Chapman
[2023-02-01T19:06:59.773+0000] {logging_mixin.py:137} INFO - William Morgan
[2023-02-01T19:06:59.775+0000] {logging_mixin.py:137} INFO - Amy Gutierrez
[2023-02-01T19:06:59.777+0000] {logging_mixin.py:137} INFO - Amber Nichols
[2023-02-01T19:06:59.779+0000] {logging_mixin.py:137} INFO - Matthew Carr
[2023-02-01T19:06:59.781+0000] {logging_mixin.py:137} INFO - Thomas Duncan
[2023-02-01T19:06:59.786+0000] {logging_mixin.py:137} INFO - Elizabeth Wright
[2023-02-01T19:06:59.789+0000] {logging_mixin.py:137} INFO - Jacqueline Brewer
[2023-02-01T19:06:59.792+0000] {logging_mixin.py:137} INFO - Stephanie Johnson
[2023-02-01T19:06:59.796+0000] {logging_mixin.py:137} INFO - Samantha Calderon
[2023-02-01T19:06:59.799+0000] {logging_mixin.py:137} INFO - Kathryn Gaines
[2023-02-01T19:06:59.809+0000] {logging_mixin.py:137} INFO - Angel Jones
[2023-02-01T19:06:59.811+0000] {logging_mixin.py:137} INFO - Laura Wall
[2023-02-01T19:06:59.812+0000] {logging_mixin.py:137} INFO - Mr. Anthony Hamilton
[2023-02-01T19:06:59.814+0000] {logging_mixin.py:137} INFO - David Smith
[2023-02-01T19:06:59.816+0000] {logging_mixin.py:137} INFO - Kimberly Herrera DDS
[2023-02-01T19:06:59.817+0000] {logging_mixin.py:137} INFO - Gina Wilson
[2023-02-01T19:06:59.819+0000] {logging_mixin.py:137} INFO - Timothy Byrd
[2023-02-01T19:06:59.820+0000] {logging_mixin.py:137} INFO - Michael Mckenzie
[2023-02-01T19:06:59.822+0000] {logging_mixin.py:137} INFO - Jeffrey Mcintyre
[2023-02-01T19:06:59.824+0000] {logging_mixin.py:137} INFO - Teresa Jackson
[2023-02-01T19:06:59.825+0000] {logging_mixin.py:137} INFO - Joseph Wilcox
[2023-02-01T19:06:59.827+0000] {logging_mixin.py:137} INFO - Patrick Mcknight
[2023-02-01T19:06:59.829+0000] {logging_mixin.py:137} INFO - Ronald Moreno
[2023-02-01T19:06:59.832+0000] {logging_mixin.py:137} INFO - Jamie Sullivan
[2023-02-01T19:06:59.833+0000] {logging_mixin.py:137} INFO - Jason Anderson
[2023-02-01T19:06:59.835+0000] {logging_mixin.py:137} INFO - Steven Stewart
[2023-02-01T19:06:59.837+0000] {logging_mixin.py:137} INFO - Melinda Paul
[2023-02-01T19:06:59.839+0000] {logging_mixin.py:137} INFO - Cynthia Simmons
[2023-02-01T19:06:59.842+0000] {logging_mixin.py:137} INFO - Christian Smith
[2023-02-01T19:06:59.845+0000] {logging_mixin.py:137} INFO - William Jimenez
[2023-02-01T19:06:59.850+0000] {logging_mixin.py:137} INFO - Hayley French
[2023-02-01T19:06:59.861+0000] {logging_mixin.py:137} INFO - Brandon Hess
[2023-02-01T19:06:59.871+0000] {logging_mixin.py:137} INFO - Laura Perry
[2023-02-01T19:06:59.876+0000] {logging_mixin.py:137} INFO - Scott Jones
[2023-02-01T19:06:59.883+0000] {logging_mixin.py:137} INFO - Christine Hernandez
[2023-02-01T19:06:59.886+0000] {logging_mixin.py:137} INFO - Douglas Eaton
[2023-02-01T19:06:59.917+0000] {logging_mixin.py:137} INFO - William Soto
[2023-02-01T19:06:59.921+0000] {logging_mixin.py:137} INFO - Mary Jones
[2023-02-01T19:06:59.930+0000] {logging_mixin.py:137} INFO - Stephanie Holmes
[2023-02-01T19:06:59.944+0000] {logging_mixin.py:137} INFO - Keith Meyers
[2023-02-01T19:06:59.962+0000] {logging_mixin.py:137} INFO - Paul Fisher
[2023-02-01T19:06:59.969+0000] {logging_mixin.py:137} INFO - Emily Alexander
[2023-02-01T19:06:59.974+0000] {logging_mixin.py:137} INFO - Anthony Schwartz
[2023-02-01T19:06:59.987+0000] {logging_mixin.py:137} INFO - Evelyn Jacobs
[2023-02-01T19:06:59.999+0000] {logging_mixin.py:137} INFO - Connie Jones
[2023-02-01T19:07:00.006+0000] {logging_mixin.py:137} INFO - Carla Gibbs
[2023-02-01T19:07:00.009+0000] {logging_mixin.py:137} INFO - Ashley Santiago
[2023-02-01T19:07:00.031+0000] {logging_mixin.py:137} INFO - Micheal Mckee
[2023-02-01T19:07:00.044+0000] {logging_mixin.py:137} INFO - Diane Williams
[2023-02-01T19:07:00.058+0000] {logging_mixin.py:137} INFO - Jesse Velasquez
[2023-02-01T19:07:00.065+0000] {logging_mixin.py:137} INFO - Jennifer Rodriguez
[2023-02-01T19:07:00.071+0000] {logging_mixin.py:137} INFO - Joe Griffin
[2023-02-01T19:07:00.076+0000] {logging_mixin.py:137} INFO - Gary Cherry
[2023-02-01T19:07:00.079+0000] {logging_mixin.py:137} INFO - Alyssa Edwards
[2023-02-01T19:07:00.086+0000] {logging_mixin.py:137} INFO - Caroline Hernandez MD
[2023-02-01T19:07:00.097+0000] {logging_mixin.py:137} INFO - Jessica Morton
[2023-02-01T19:07:00.108+0000] {logging_mixin.py:137} INFO - Holly Jones
[2023-02-01T19:07:00.114+0000] {logging_mixin.py:137} INFO - David Shelton
[2023-02-01T19:07:00.124+0000] {logging_mixin.py:137} INFO - Kristina Parks
[2023-02-01T19:07:00.134+0000] {logging_mixin.py:137} INFO - Laurie Hernandez
[2023-02-01T19:07:00.142+0000] {logging_mixin.py:137} INFO - Melissa James
[2023-02-01T19:07:00.158+0000] {logging_mixin.py:137} INFO - Jeremiah Adams
[2023-02-01T19:07:00.166+0000] {logging_mixin.py:137} INFO - Arthur Robinson
[2023-02-01T19:07:00.177+0000] {logging_mixin.py:137} INFO - Anna Shepard
[2023-02-01T19:07:00.185+0000] {logging_mixin.py:137} INFO - Brandon Myers
[2023-02-01T19:07:00.196+0000] {logging_mixin.py:137} INFO - Paul Cardenas
[2023-02-01T19:07:00.204+0000] {logging_mixin.py:137} INFO - Megan Santana
[2023-02-01T19:07:00.213+0000] {logging_mixin.py:137} INFO - Joseph Marshall
[2023-02-01T19:07:00.236+0000] {logging_mixin.py:137} INFO - Mrs. Brenda Harris
[2023-02-01T19:07:00.241+0000] {logging_mixin.py:137} INFO - Nicole Garcia
[2023-02-01T19:07:00.267+0000] {logging_mixin.py:137} INFO - Anna Estrada
[2023-02-01T19:07:00.275+0000] {logging_mixin.py:137} INFO - Carl Moore
[2023-02-01T19:07:00.282+0000] {logging_mixin.py:137} INFO - Rodney Hernandez
[2023-02-01T19:07:00.288+0000] {logging_mixin.py:137} INFO - Madison Christian
[2023-02-01T19:07:00.293+0000] {logging_mixin.py:137} INFO - Heather Rhodes
[2023-02-01T19:07:00.328+0000] {python.py:177} INFO - Done. Returned value was: None
[2023-02-01T19:07:00.426+0000] {taskinstance.py:1323} INFO - Marking task as SUCCESS. dag_id=CSV_DAG, task_id=convertCSVToJson, execution_date=20230201T043500, start_date=20230201T190653, end_date=20230201T190700
[2023-02-01T19:07:00.509+0000] {local_task_job.py:208} INFO - Task exited with return code 0
[2023-02-01T19:07:00.554+0000] {taskinstance.py:2578} INFO - 0 downstream tasks scheduled from follow-on schedule check
