[2023-02-02T10:00:03.797+0000] {taskinstance.py:1083} INFO - Dependencies all met for <TaskInstance: CSV_DAG.convertCSVToJson scheduled__2023-02-01T20:20:00+00:00 [queued]>
[2023-02-02T10:00:03.851+0000] {taskinstance.py:1083} INFO - Dependencies all met for <TaskInstance: CSV_DAG.convertCSVToJson scheduled__2023-02-01T20:20:00+00:00 [queued]>
[2023-02-02T10:00:03.854+0000] {taskinstance.py:1279} INFO - 
--------------------------------------------------------------------------------
[2023-02-02T10:00:03.859+0000] {taskinstance.py:1280} INFO - Starting attempt 1 of 2
[2023-02-02T10:00:03.862+0000] {taskinstance.py:1281} INFO - 
--------------------------------------------------------------------------------
[2023-02-02T10:00:04.024+0000] {taskinstance.py:1300} INFO - Executing <Task(PythonOperator): convertCSVToJson> on 2023-02-01 20:20:00+00:00
[2023-02-02T10:00:04.081+0000] {standard_task_runner.py:82} INFO - Running: ['***', 'tasks', 'run', 'CSV_DAG', 'convertCSVToJson', 'scheduled__2023-02-01T20:20:00+00:00', '--job-id', '510', '--raw', '--subdir', 'DAGS_FOLDER/csv.py', '--cfg-path', '/tmp/tmpp7p_k9p1']
[2023-02-02T10:00:04.069+0000] {standard_task_runner.py:55} INFO - Started process 176 to run task
[2023-02-02T10:00:04.085+0000] {standard_task_runner.py:83} INFO - Job 510: Subtask convertCSVToJson
[2023-02-02T10:00:04.607+0000] {task_command.py:388} INFO - Running <TaskInstance: CSV_DAG.convertCSVToJson scheduled__2023-02-01T20:20:00+00:00 [running]> on host 06d8060e8530
[2023-02-02T10:00:05.219+0000] {taskinstance.py:1509} INFO - Exporting the following env vars:
AIRFLOW_CTX_DAG_OWNER=Kevin Chalmers
AIRFLOW_CTX_DAG_ID=CSV_DAG
AIRFLOW_CTX_TASK_ID=convertCSVToJson
AIRFLOW_CTX_EXECUTION_DATE=2023-02-01T20:20:00+00:00
AIRFLOW_CTX_TRY_NUMBER=1
AIRFLOW_CTX_DAG_RUN_ID=scheduled__2023-02-01T20:20:00+00:00
[2023-02-02T10:00:05.441+0000] {logging_mixin.py:137} INFO - Angelica Lopez
[2023-02-02T10:00:05.444+0000] {logging_mixin.py:137} INFO - Betty Wright
[2023-02-02T10:00:05.448+0000] {logging_mixin.py:137} INFO - Sara Schmidt
[2023-02-02T10:00:05.453+0000] {logging_mixin.py:137} INFO - Dr. Sherry Rodriguez
[2023-02-02T10:00:05.457+0000] {logging_mixin.py:137} INFO - Rebecca Mills
[2023-02-02T10:00:05.460+0000] {logging_mixin.py:137} INFO - Andrew Anderson
[2023-02-02T10:00:05.463+0000] {logging_mixin.py:137} INFO - Martin Everett
[2023-02-02T10:00:05.471+0000] {logging_mixin.py:137} INFO - Felicia Gregory
[2023-02-02T10:00:05.474+0000] {logging_mixin.py:137} INFO - Kara Bowers
[2023-02-02T10:00:05.477+0000] {logging_mixin.py:137} INFO - Vincent Vincent
[2023-02-02T10:00:05.479+0000] {logging_mixin.py:137} INFO - Morgan Butler
[2023-02-02T10:00:05.481+0000] {logging_mixin.py:137} INFO - Stephen Riley
[2023-02-02T10:00:05.493+0000] {logging_mixin.py:137} INFO - Wanda Thomas
[2023-02-02T10:00:05.496+0000] {logging_mixin.py:137} INFO - Michelle Schultz
[2023-02-02T10:00:05.498+0000] {logging_mixin.py:137} INFO - Christopher Rush MD
[2023-02-02T10:00:05.501+0000] {logging_mixin.py:137} INFO - Phyllis Miles
[2023-02-02T10:00:05.505+0000] {logging_mixin.py:137} INFO - Rebecca Price
[2023-02-02T10:00:05.507+0000] {logging_mixin.py:137} INFO - John Morse
[2023-02-02T10:00:05.511+0000] {logging_mixin.py:137} INFO - Nicholas Sanchez
[2023-02-02T10:00:05.521+0000] {logging_mixin.py:137} INFO - Crystal Dean
[2023-02-02T10:00:05.528+0000] {logging_mixin.py:137} INFO - Tyler Diaz
[2023-02-02T10:00:05.537+0000] {logging_mixin.py:137} INFO - Denise Mclean
[2023-02-02T10:00:05.577+0000] {logging_mixin.py:137} INFO - Daniel Grant
[2023-02-02T10:00:05.580+0000] {logging_mixin.py:137} INFO - Sandra Peterson
[2023-02-02T10:00:05.583+0000] {logging_mixin.py:137} INFO - Denise Morse
[2023-02-02T10:00:05.616+0000] {logging_mixin.py:137} INFO - Brianna Smith
[2023-02-02T10:00:05.619+0000] {logging_mixin.py:137} INFO - Tony Miller
[2023-02-02T10:00:05.624+0000] {logging_mixin.py:137} INFO - Jean Booth
[2023-02-02T10:00:05.629+0000] {logging_mixin.py:137} INFO - Penny Salazar
[2023-02-02T10:00:05.631+0000] {logging_mixin.py:137} INFO - Cathy Williams
[2023-02-02T10:00:05.643+0000] {logging_mixin.py:137} INFO - Hannah Collins
[2023-02-02T10:00:05.647+0000] {logging_mixin.py:137} INFO - Maurice Casey
[2023-02-02T10:00:05.657+0000] {logging_mixin.py:137} INFO - Patrick Walker
[2023-02-02T10:00:05.663+0000] {logging_mixin.py:137} INFO - Pamela Barton
[2023-02-02T10:00:05.666+0000] {logging_mixin.py:137} INFO - Anthony Bryant
[2023-02-02T10:00:05.669+0000] {logging_mixin.py:137} INFO - Andrew Harris
[2023-02-02T10:00:05.673+0000] {logging_mixin.py:137} INFO - Aaron Harris
[2023-02-02T10:00:05.675+0000] {logging_mixin.py:137} INFO - Maureen Soto
[2023-02-02T10:00:05.678+0000] {logging_mixin.py:137} INFO - Crystal Mcdaniel
[2023-02-02T10:00:05.679+0000] {logging_mixin.py:137} INFO - Lauren Barrett
[2023-02-02T10:00:05.684+0000] {logging_mixin.py:137} INFO - Brandon Perez
[2023-02-02T10:00:05.691+0000] {logging_mixin.py:137} INFO - Mark Robertson
[2023-02-02T10:00:05.699+0000] {logging_mixin.py:137} INFO - Nicole Gates
[2023-02-02T10:00:05.711+0000] {logging_mixin.py:137} INFO - Bradley Cruz
[2023-02-02T10:00:05.718+0000] {logging_mixin.py:137} INFO - Gina Burns
[2023-02-02T10:00:05.723+0000] {logging_mixin.py:137} INFO - Zachary Martinez
[2023-02-02T10:00:05.737+0000] {logging_mixin.py:137} INFO - Natasha Johnson
[2023-02-02T10:00:05.740+0000] {logging_mixin.py:137} INFO - Patrick Gonzales
[2023-02-02T10:00:05.764+0000] {logging_mixin.py:137} INFO - Terri Wilson
[2023-02-02T10:00:05.771+0000] {logging_mixin.py:137} INFO - Sarah Lopez
[2023-02-02T10:00:05.789+0000] {logging_mixin.py:137} INFO - Dana Turner
[2023-02-02T10:00:05.804+0000] {logging_mixin.py:137} INFO - Cynthia Johnson
[2023-02-02T10:00:05.822+0000] {logging_mixin.py:137} INFO - William Thornton
[2023-02-02T10:00:05.833+0000] {logging_mixin.py:137} INFO - James Lee
[2023-02-02T10:00:05.839+0000] {logging_mixin.py:137} INFO - Stephen Allen
[2023-02-02T10:00:05.846+0000] {logging_mixin.py:137} INFO - William Stark
[2023-02-02T10:00:05.849+0000] {logging_mixin.py:137} INFO - Michael Parker
[2023-02-02T10:00:05.857+0000] {logging_mixin.py:137} INFO - Lisa Stephens
[2023-02-02T10:00:05.868+0000] {logging_mixin.py:137} INFO - Mr. Reginald Wise DDS
[2023-02-02T10:00:05.870+0000] {logging_mixin.py:137} INFO - Alexander James
[2023-02-02T10:00:05.889+0000] {logging_mixin.py:137} INFO - Kristen West
[2023-02-02T10:00:05.894+0000] {logging_mixin.py:137} INFO - Elizabeth Sanchez
[2023-02-02T10:00:05.904+0000] {logging_mixin.py:137} INFO - Jennifer Wilson
[2023-02-02T10:00:05.911+0000] {logging_mixin.py:137} INFO - Catherine Nicholson
[2023-02-02T10:00:05.919+0000] {logging_mixin.py:137} INFO - David Henderson
[2023-02-02T10:00:05.940+0000] {logging_mixin.py:137} INFO - Stephen Davis
[2023-02-02T10:00:05.949+0000] {logging_mixin.py:137} INFO - Paul Skinner
[2023-02-02T10:00:05.953+0000] {logging_mixin.py:137} INFO - Rebecca Wong
[2023-02-02T10:00:05.961+0000] {logging_mixin.py:137} INFO - Tara Benitez
[2023-02-02T10:00:05.965+0000] {logging_mixin.py:137} INFO - Sharon Miller
[2023-02-02T10:00:05.966+0000] {logging_mixin.py:137} INFO - Cynthia Smith
[2023-02-02T10:00:05.968+0000] {logging_mixin.py:137} INFO - Jennifer Werner
[2023-02-02T10:00:05.970+0000] {logging_mixin.py:137} INFO - Rebecca Tucker
[2023-02-02T10:00:05.986+0000] {logging_mixin.py:137} INFO - Ashlee Castillo
[2023-02-02T10:00:05.990+0000] {logging_mixin.py:137} INFO - Christopher Holmes
[2023-02-02T10:00:05.999+0000] {logging_mixin.py:137} INFO - Daniel Velez
[2023-02-02T10:00:06.007+0000] {logging_mixin.py:137} INFO - Amy Serrano
[2023-02-02T10:00:06.012+0000] {logging_mixin.py:137} INFO - Alison Nash
[2023-02-02T10:00:06.016+0000] {logging_mixin.py:137} INFO - Peter Johnson
[2023-02-02T10:00:06.018+0000] {logging_mixin.py:137} INFO - Breanna Harris
[2023-02-02T10:00:06.020+0000] {logging_mixin.py:137} INFO - Eric King
[2023-02-02T10:00:06.024+0000] {logging_mixin.py:137} INFO - Patricia Oliver
[2023-02-02T10:00:06.027+0000] {logging_mixin.py:137} INFO - Denise Grimes
[2023-02-02T10:00:06.031+0000] {logging_mixin.py:137} INFO - Jill Olson
[2023-02-02T10:00:06.033+0000] {logging_mixin.py:137} INFO - Stephanie Hart
[2023-02-02T10:00:06.037+0000] {logging_mixin.py:137} INFO - Ashley Lee
[2023-02-02T10:00:06.041+0000] {logging_mixin.py:137} INFO - Kelly Barnes
[2023-02-02T10:00:06.046+0000] {logging_mixin.py:137} INFO - Christie West
[2023-02-02T10:00:06.053+0000] {logging_mixin.py:137} INFO - Todd Nolan
[2023-02-02T10:00:06.072+0000] {logging_mixin.py:137} INFO - Sarah Reed
[2023-02-02T10:00:06.077+0000] {logging_mixin.py:137} INFO - Jennifer Keith
[2023-02-02T10:00:06.089+0000] {logging_mixin.py:137} INFO - Shawn Alvarez
[2023-02-02T10:00:06.094+0000] {logging_mixin.py:137} INFO - Alexander Wilson
[2023-02-02T10:00:06.099+0000] {logging_mixin.py:137} INFO - Rachel Melendez
[2023-02-02T10:00:06.101+0000] {logging_mixin.py:137} INFO - Morgan Walters
[2023-02-02T10:00:06.102+0000] {logging_mixin.py:137} INFO - Nicole Garcia
[2023-02-02T10:00:06.104+0000] {logging_mixin.py:137} INFO - Jennifer White
[2023-02-02T10:00:06.111+0000] {logging_mixin.py:137} INFO - Leslie Shannon
[2023-02-02T10:00:06.115+0000] {logging_mixin.py:137} INFO - Lisa Clayton
[2023-02-02T10:00:06.129+0000] {logging_mixin.py:137} INFO - Zachary Molina
[2023-02-02T10:00:06.135+0000] {logging_mixin.py:137} INFO - Bruce Butler
[2023-02-02T10:00:06.139+0000] {logging_mixin.py:137} INFO - Dustin Howell
[2023-02-02T10:00:06.184+0000] {logging_mixin.py:137} INFO - Aaron Smith
[2023-02-02T10:00:06.191+0000] {logging_mixin.py:137} INFO - Kyle Green
[2023-02-02T10:00:06.196+0000] {logging_mixin.py:137} INFO - Steven Clark
[2023-02-02T10:00:06.205+0000] {logging_mixin.py:137} INFO - Robert Holden
[2023-02-02T10:00:06.212+0000] {logging_mixin.py:137} INFO - Zachary Harmon
[2023-02-02T10:00:06.233+0000] {logging_mixin.py:137} INFO - Rachel Miller
[2023-02-02T10:00:06.248+0000] {logging_mixin.py:137} INFO - Brandon Parker
[2023-02-02T10:00:06.254+0000] {logging_mixin.py:137} INFO - Walter Martin
[2023-02-02T10:00:06.256+0000] {logging_mixin.py:137} INFO - Jose Young
[2023-02-02T10:00:06.260+0000] {logging_mixin.py:137} INFO - Kelsey Long
[2023-02-02T10:00:06.271+0000] {logging_mixin.py:137} INFO - William Harper
[2023-02-02T10:00:06.275+0000] {logging_mixin.py:137} INFO - Alejandro Lambert
[2023-02-02T10:00:06.278+0000] {logging_mixin.py:137} INFO - Stephanie Carson
[2023-02-02T10:00:06.285+0000] {logging_mixin.py:137} INFO - Diana Ortega MD
[2023-02-02T10:00:06.288+0000] {logging_mixin.py:137} INFO - Janet Morales
[2023-02-02T10:00:06.292+0000] {logging_mixin.py:137} INFO - Eric Fisher
[2023-02-02T10:00:06.298+0000] {logging_mixin.py:137} INFO - Louis Baker
[2023-02-02T10:00:06.323+0000] {logging_mixin.py:137} INFO - Cindy Ward
[2023-02-02T10:00:06.328+0000] {logging_mixin.py:137} INFO - Ana Jenkins
[2023-02-02T10:00:06.336+0000] {logging_mixin.py:137} INFO - Leslie Barton
[2023-02-02T10:00:06.353+0000] {logging_mixin.py:137} INFO - Gregory Price
[2023-02-02T10:00:06.355+0000] {logging_mixin.py:137} INFO - Brandon Moore
[2023-02-02T10:00:06.360+0000] {logging_mixin.py:137} INFO - Heather Garrett
[2023-02-02T10:00:06.379+0000] {logging_mixin.py:137} INFO - Cindy Hawkins
[2023-02-02T10:00:06.384+0000] {logging_mixin.py:137} INFO - Mr. Frank Snyder Jr.
[2023-02-02T10:00:06.394+0000] {logging_mixin.py:137} INFO - Megan Wang
[2023-02-02T10:00:06.398+0000] {logging_mixin.py:137} INFO - Jennifer Fleming
[2023-02-02T10:00:06.402+0000] {logging_mixin.py:137} INFO - Gary Hodge
[2023-02-02T10:00:06.414+0000] {logging_mixin.py:137} INFO - Nichole Miller
[2023-02-02T10:00:06.421+0000] {logging_mixin.py:137} INFO - Mitchell Mendoza
[2023-02-02T10:00:06.457+0000] {logging_mixin.py:137} INFO - Bradley Horton
[2023-02-02T10:00:06.482+0000] {logging_mixin.py:137} INFO - Michelle Hess
[2023-02-02T10:00:06.484+0000] {logging_mixin.py:137} INFO - Ronald Torres
[2023-02-02T10:00:06.488+0000] {logging_mixin.py:137} INFO - Raymond Hudson
[2023-02-02T10:00:06.494+0000] {logging_mixin.py:137} INFO - Vincent Jackson
[2023-02-02T10:00:06.501+0000] {logging_mixin.py:137} INFO - Susan Carey
[2023-02-02T10:00:06.505+0000] {logging_mixin.py:137} INFO - Chase Wilson
[2023-02-02T10:00:06.519+0000] {logging_mixin.py:137} INFO - Tonya Baldwin
[2023-02-02T10:00:06.521+0000] {logging_mixin.py:137} INFO - Mrs. Tina Davis
[2023-02-02T10:00:06.531+0000] {logging_mixin.py:137} INFO - Scott Garrett
[2023-02-02T10:00:06.542+0000] {logging_mixin.py:137} INFO - Michael Wilson
[2023-02-02T10:00:06.544+0000] {logging_mixin.py:137} INFO - Andrew Orozco
[2023-02-02T10:00:06.551+0000] {logging_mixin.py:137} INFO - Troy Carson
[2023-02-02T10:00:06.553+0000] {logging_mixin.py:137} INFO - Alex Winters
[2023-02-02T10:00:06.581+0000] {logging_mixin.py:137} INFO - Toni Frank
[2023-02-02T10:00:06.585+0000] {logging_mixin.py:137} INFO - Kathleen Snyder
[2023-02-02T10:00:06.591+0000] {logging_mixin.py:137} INFO - Anna Lopez
[2023-02-02T10:00:06.593+0000] {logging_mixin.py:137} INFO - Charles Brown
[2023-02-02T10:00:06.600+0000] {logging_mixin.py:137} INFO - Barry Ross
[2023-02-02T10:00:06.603+0000] {logging_mixin.py:137} INFO - Emily Ramirez
[2023-02-02T10:00:06.608+0000] {logging_mixin.py:137} INFO - Anna Williams
[2023-02-02T10:00:06.613+0000] {logging_mixin.py:137} INFO - Kristin Pennington
[2023-02-02T10:00:06.618+0000] {logging_mixin.py:137} INFO - Mary Aguirre
[2023-02-02T10:00:06.680+0000] {logging_mixin.py:137} INFO - Austin Santos
[2023-02-02T10:00:06.684+0000] {logging_mixin.py:137} INFO - David Nelson
[2023-02-02T10:00:06.688+0000] {logging_mixin.py:137} INFO - Alyssa Mcbride
[2023-02-02T10:00:06.691+0000] {logging_mixin.py:137} INFO - Lisa Gibson
[2023-02-02T10:00:06.700+0000] {logging_mixin.py:137} INFO - Alexander Kelly
[2023-02-02T10:00:06.704+0000] {logging_mixin.py:137} INFO - Ronald Thomas
[2023-02-02T10:00:06.707+0000] {logging_mixin.py:137} INFO - Michael Hurst
[2023-02-02T10:00:06.709+0000] {logging_mixin.py:137} INFO - Lauren Ward
[2023-02-02T10:00:06.718+0000] {logging_mixin.py:137} INFO - Christian Terry
[2023-02-02T10:00:06.722+0000] {logging_mixin.py:137} INFO - Jared Black
[2023-02-02T10:00:06.733+0000] {logging_mixin.py:137} INFO - Anthony Brown
[2023-02-02T10:00:06.744+0000] {logging_mixin.py:137} INFO - John Cole
[2023-02-02T10:00:06.751+0000] {logging_mixin.py:137} INFO - David Lee
[2023-02-02T10:00:06.756+0000] {logging_mixin.py:137} INFO - Lori Thomas
[2023-02-02T10:00:06.799+0000] {logging_mixin.py:137} INFO - Daniel Herman
[2023-02-02T10:00:06.803+0000] {logging_mixin.py:137} INFO - Pam Williams
[2023-02-02T10:00:06.813+0000] {logging_mixin.py:137} INFO - Sarah Jenkins
[2023-02-02T10:00:06.820+0000] {logging_mixin.py:137} INFO - Susan Mitchell
[2023-02-02T10:00:06.826+0000] {logging_mixin.py:137} INFO - Jacqueline Green
[2023-02-02T10:00:06.832+0000] {logging_mixin.py:137} INFO - Victoria Garrison
[2023-02-02T10:00:06.845+0000] {logging_mixin.py:137} INFO - Jonathan Daniels
[2023-02-02T10:00:06.849+0000] {logging_mixin.py:137} INFO - Trevor Hansen
[2023-02-02T10:00:06.851+0000] {logging_mixin.py:137} INFO - Laurie Bowen
[2023-02-02T10:00:06.854+0000] {logging_mixin.py:137} INFO - James Cline
[2023-02-02T10:00:06.864+0000] {logging_mixin.py:137} INFO - Michael Rose
[2023-02-02T10:00:06.867+0000] {logging_mixin.py:137} INFO - Lawrence Juarez
[2023-02-02T10:00:06.881+0000] {logging_mixin.py:137} INFO - Lucas Caldwell
[2023-02-02T10:00:06.889+0000] {logging_mixin.py:137} INFO - Laura Jackson
[2023-02-02T10:00:06.899+0000] {logging_mixin.py:137} INFO - Sherri Thornton
[2023-02-02T10:00:06.901+0000] {logging_mixin.py:137} INFO - Alice Wilson
[2023-02-02T10:00:07.025+0000] {logging_mixin.py:137} INFO - Diane Williams
[2023-02-02T10:00:07.073+0000] {logging_mixin.py:137} INFO - Kara Martin
[2023-02-02T10:00:07.094+0000] {logging_mixin.py:137} INFO - Joseph Moore
[2023-02-02T10:00:07.100+0000] {logging_mixin.py:137} INFO - Jesse Moses
[2023-02-02T10:00:07.110+0000] {logging_mixin.py:137} INFO - Lisa Mccall
[2023-02-02T10:00:07.117+0000] {logging_mixin.py:137} INFO - Alexandra Mccoy
[2023-02-02T10:00:07.159+0000] {logging_mixin.py:137} INFO - Daniel Martin
[2023-02-02T10:00:07.172+0000] {logging_mixin.py:137} INFO - Claudia Peck
[2023-02-02T10:00:07.177+0000] {logging_mixin.py:137} INFO - Jessica Mcconnell
[2023-02-02T10:00:07.194+0000] {logging_mixin.py:137} INFO - Kevin Walker
[2023-02-02T10:00:07.206+0000] {logging_mixin.py:137} INFO - Christina Lee
[2023-02-02T10:00:07.221+0000] {logging_mixin.py:137} INFO - Christopher Schroeder
[2023-02-02T10:00:07.242+0000] {logging_mixin.py:137} INFO - Melissa Parker
[2023-02-02T10:00:07.253+0000] {logging_mixin.py:137} INFO - Janet Molina
[2023-02-02T10:00:07.256+0000] {logging_mixin.py:137} INFO - Barbara Harris
[2023-02-02T10:00:07.268+0000] {logging_mixin.py:137} INFO - Joseph Hurley
[2023-02-02T10:00:07.273+0000] {logging_mixin.py:137} INFO - Greg Hayden
[2023-02-02T10:00:07.285+0000] {logging_mixin.py:137} INFO - Edwin Adams
[2023-02-02T10:00:07.290+0000] {logging_mixin.py:137} INFO - Ashley Hunter
[2023-02-02T10:00:07.303+0000] {logging_mixin.py:137} INFO - Jennifer Tucker
[2023-02-02T10:00:07.311+0000] {logging_mixin.py:137} INFO - Eddie Gray
[2023-02-02T10:00:07.319+0000] {logging_mixin.py:137} INFO - Jennifer Evans
[2023-02-02T10:00:07.323+0000] {logging_mixin.py:137} INFO - Stephen Carey
[2023-02-02T10:00:07.327+0000] {logging_mixin.py:137} INFO - Samantha Campos
[2023-02-02T10:00:07.336+0000] {logging_mixin.py:137} INFO - Meagan Brown
[2023-02-02T10:00:07.366+0000] {logging_mixin.py:137} INFO - Miss Marisa Barber
[2023-02-02T10:00:07.373+0000] {logging_mixin.py:137} INFO - Jay Mann
[2023-02-02T10:00:07.381+0000] {logging_mixin.py:137} INFO - Matthew Campbell
[2023-02-02T10:00:07.388+0000] {logging_mixin.py:137} INFO - Brent Rodriguez
[2023-02-02T10:00:07.399+0000] {logging_mixin.py:137} INFO - Teresa Ross
[2023-02-02T10:00:07.407+0000] {logging_mixin.py:137} INFO - Mary Martinez
[2023-02-02T10:00:07.422+0000] {logging_mixin.py:137} INFO - Joseph Lewis
[2023-02-02T10:00:07.431+0000] {logging_mixin.py:137} INFO - Dale Davis
[2023-02-02T10:00:07.443+0000] {logging_mixin.py:137} INFO - Elizabeth Evans
[2023-02-02T10:00:07.449+0000] {logging_mixin.py:137} INFO - Shannon Wang
[2023-02-02T10:00:07.453+0000] {logging_mixin.py:137} INFO - Brandon Campbell
[2023-02-02T10:00:07.458+0000] {logging_mixin.py:137} INFO - Rhonda Pace
[2023-02-02T10:00:07.461+0000] {logging_mixin.py:137} INFO - Sarah Santos
[2023-02-02T10:00:07.463+0000] {logging_mixin.py:137} INFO - Jacob Ford
[2023-02-02T10:00:07.470+0000] {logging_mixin.py:137} INFO - Matthew Hansen
[2023-02-02T10:00:07.477+0000] {logging_mixin.py:137} INFO - Amy Ray
[2023-02-02T10:00:07.494+0000] {logging_mixin.py:137} INFO - Aaron Fields
[2023-02-02T10:00:07.501+0000] {logging_mixin.py:137} INFO - Mary Taylor
[2023-02-02T10:00:07.510+0000] {logging_mixin.py:137} INFO - James Morris
[2023-02-02T10:00:07.515+0000] {logging_mixin.py:137} INFO - Darrell Cain
[2023-02-02T10:00:07.522+0000] {logging_mixin.py:137} INFO - Michael Smith
[2023-02-02T10:00:07.529+0000] {logging_mixin.py:137} INFO - Scott Coleman
[2023-02-02T10:00:07.535+0000] {logging_mixin.py:137} INFO - David Fitzpatrick
[2023-02-02T10:00:07.542+0000] {logging_mixin.py:137} INFO - Debra Shepherd
[2023-02-02T10:00:07.552+0000] {logging_mixin.py:137} INFO - Paul Rush
[2023-02-02T10:00:07.563+0000] {logging_mixin.py:137} INFO - Brett Hernandez
[2023-02-02T10:00:07.568+0000] {logging_mixin.py:137} INFO - Sheila Riddle
[2023-02-02T10:00:07.576+0000] {logging_mixin.py:137} INFO - Joan Austin
[2023-02-02T10:00:07.589+0000] {logging_mixin.py:137} INFO - Michael Garcia
[2023-02-02T10:00:07.601+0000] {logging_mixin.py:137} INFO - Natalie Harris
[2023-02-02T10:00:07.605+0000] {logging_mixin.py:137} INFO - Steven Dean
[2023-02-02T10:00:07.617+0000] {logging_mixin.py:137} INFO - John Brown
[2023-02-02T10:00:07.621+0000] {logging_mixin.py:137} INFO - Keith Zimmerman
[2023-02-02T10:00:07.625+0000] {logging_mixin.py:137} INFO - Curtis Byrd
[2023-02-02T10:00:07.630+0000] {logging_mixin.py:137} INFO - Mariah Green
[2023-02-02T10:00:07.643+0000] {logging_mixin.py:137} INFO - Roger Huynh
[2023-02-02T10:00:07.646+0000] {logging_mixin.py:137} INFO - Christopher Zamora
[2023-02-02T10:00:07.650+0000] {logging_mixin.py:137} INFO - Joyce Crawford
[2023-02-02T10:00:07.666+0000] {logging_mixin.py:137} INFO - Angela Smith
[2023-02-02T10:00:07.676+0000] {logging_mixin.py:137} INFO - Veronica Robinson
[2023-02-02T10:00:07.694+0000] {logging_mixin.py:137} INFO - Christopher Bates
[2023-02-02T10:00:07.698+0000] {logging_mixin.py:137} INFO - Steve Stone
[2023-02-02T10:00:07.700+0000] {logging_mixin.py:137} INFO - William Cook
[2023-02-02T10:00:07.705+0000] {logging_mixin.py:137} INFO - Lori Wood
[2023-02-02T10:00:07.714+0000] {logging_mixin.py:137} INFO - Jillian Reynolds
[2023-02-02T10:00:07.716+0000] {logging_mixin.py:137} INFO - Angela Caldwell
[2023-02-02T10:00:07.724+0000] {logging_mixin.py:137} INFO - Shane Campbell
[2023-02-02T10:00:07.733+0000] {logging_mixin.py:137} INFO - Karen Lawrence
[2023-02-02T10:00:07.739+0000] {logging_mixin.py:137} INFO - Kimberly Wood
[2023-02-02T10:00:07.749+0000] {logging_mixin.py:137} INFO - Samantha Lopez
[2023-02-02T10:00:07.771+0000] {logging_mixin.py:137} INFO - Harold Miller
[2023-02-02T10:00:07.779+0000] {logging_mixin.py:137} INFO - Raymond Cooper DVM
[2023-02-02T10:00:07.785+0000] {logging_mixin.py:137} INFO - Kristen Patel
[2023-02-02T10:00:07.790+0000] {logging_mixin.py:137} INFO - Anthony Mejia
[2023-02-02T10:00:07.796+0000] {logging_mixin.py:137} INFO - Raymond Thomas
[2023-02-02T10:00:07.799+0000] {logging_mixin.py:137} INFO - Scott Young
[2023-02-02T10:00:07.804+0000] {logging_mixin.py:137} INFO - David Larson
[2023-02-02T10:00:07.810+0000] {logging_mixin.py:137} INFO - Jon Murray
[2023-02-02T10:00:07.820+0000] {logging_mixin.py:137} INFO - Stephen Taylor
[2023-02-02T10:00:07.833+0000] {logging_mixin.py:137} INFO - Jennifer Hernandez
[2023-02-02T10:00:07.842+0000] {logging_mixin.py:137} INFO - Stacy Smith
[2023-02-02T10:00:07.848+0000] {logging_mixin.py:137} INFO - Juan Owens
[2023-02-02T10:00:07.852+0000] {logging_mixin.py:137} INFO - Brian Adkins
[2023-02-02T10:00:07.857+0000] {logging_mixin.py:137} INFO - Jesse Wells
[2023-02-02T10:00:07.895+0000] {logging_mixin.py:137} INFO - Kyle Matthews
[2023-02-02T10:00:07.916+0000] {logging_mixin.py:137} INFO - Dustin Russell
[2023-02-02T10:00:07.917+0000] {logging_mixin.py:137} INFO - Richard White
[2023-02-02T10:00:07.919+0000] {logging_mixin.py:137} INFO - Brittany Nichols
[2023-02-02T10:00:07.922+0000] {logging_mixin.py:137} INFO - Colton Kelly
[2023-02-02T10:00:07.926+0000] {logging_mixin.py:137} INFO - William Perry
[2023-02-02T10:00:07.932+0000] {logging_mixin.py:137} INFO - Thomas Cummings
[2023-02-02T10:00:07.937+0000] {logging_mixin.py:137} INFO - Timothy Ballard
[2023-02-02T10:00:07.942+0000] {logging_mixin.py:137} INFO - Richard Washington
[2023-02-02T10:00:07.948+0000] {logging_mixin.py:137} INFO - Joshua Lam
[2023-02-02T10:00:07.953+0000] {logging_mixin.py:137} INFO - Grant Jackson
[2023-02-02T10:00:07.965+0000] {logging_mixin.py:137} INFO - Erin Baker
[2023-02-02T10:00:07.975+0000] {logging_mixin.py:137} INFO - Scott Flowers
[2023-02-02T10:00:07.979+0000] {logging_mixin.py:137} INFO - James Adams
[2023-02-02T10:00:07.984+0000] {logging_mixin.py:137} INFO - Heather Alvarado
[2023-02-02T10:00:07.993+0000] {logging_mixin.py:137} INFO - Jennifer Snow
[2023-02-02T10:00:07.998+0000] {logging_mixin.py:137} INFO - Mario Jackson
[2023-02-02T10:00:08.002+0000] {logging_mixin.py:137} INFO - Kevin Collins
[2023-02-02T10:00:08.011+0000] {logging_mixin.py:137} INFO - Danielle Garcia
[2023-02-02T10:00:08.021+0000] {logging_mixin.py:137} INFO - Brenda Jackson
[2023-02-02T10:00:08.027+0000] {logging_mixin.py:137} INFO - Ashley Parker
[2023-02-02T10:00:08.030+0000] {logging_mixin.py:137} INFO - Angela Hickman
[2023-02-02T10:00:08.036+0000] {logging_mixin.py:137} INFO - Carol Rodriguez
[2023-02-02T10:00:08.039+0000] {logging_mixin.py:137} INFO - Vernon Anderson
[2023-02-02T10:00:08.044+0000] {logging_mixin.py:137} INFO - Jesus Church
[2023-02-02T10:00:08.047+0000] {logging_mixin.py:137} INFO - Michelle Medina
[2023-02-02T10:00:08.051+0000] {logging_mixin.py:137} INFO - Nancy Bryant
[2023-02-02T10:00:08.060+0000] {logging_mixin.py:137} INFO - Jennifer Martinez
[2023-02-02T10:00:08.076+0000] {logging_mixin.py:137} INFO - Amy Dougherty
[2023-02-02T10:00:08.085+0000] {logging_mixin.py:137} INFO - Alexis Sanders
[2023-02-02T10:00:08.096+0000] {logging_mixin.py:137} INFO - Austin Salazar
[2023-02-02T10:00:08.101+0000] {logging_mixin.py:137} INFO - Amy Williams
[2023-02-02T10:00:08.108+0000] {logging_mixin.py:137} INFO - Richard Haynes
[2023-02-02T10:00:08.113+0000] {logging_mixin.py:137} INFO - Christine Stark
[2023-02-02T10:00:08.129+0000] {logging_mixin.py:137} INFO - Anita Medina
[2023-02-02T10:00:08.132+0000] {logging_mixin.py:137} INFO - Mr. Thomas Duran
[2023-02-02T10:00:08.141+0000] {logging_mixin.py:137} INFO - Mr. Russell Peterson
[2023-02-02T10:00:08.144+0000] {logging_mixin.py:137} INFO - Jack Richard
[2023-02-02T10:00:08.149+0000] {logging_mixin.py:137} INFO - Michelle Erickson
[2023-02-02T10:00:08.151+0000] {logging_mixin.py:137} INFO - Mitchell Williams
[2023-02-02T10:00:08.155+0000] {logging_mixin.py:137} INFO - Adrian Herrera
[2023-02-02T10:00:08.162+0000] {logging_mixin.py:137} INFO - Michael Brady
[2023-02-02T10:00:08.167+0000] {logging_mixin.py:137} INFO - Jamie Zhang
[2023-02-02T10:00:08.173+0000] {logging_mixin.py:137} INFO - Helen Brennan
[2023-02-02T10:00:08.175+0000] {logging_mixin.py:137} INFO - John Myers
[2023-02-02T10:00:08.177+0000] {logging_mixin.py:137} INFO - Patricia Nash
[2023-02-02T10:00:08.180+0000] {logging_mixin.py:137} INFO - Michael Johnson
[2023-02-02T10:00:08.185+0000] {logging_mixin.py:137} INFO - Anita Berger
[2023-02-02T10:00:08.192+0000] {logging_mixin.py:137} INFO - Jason Guerrero DVM
[2023-02-02T10:00:08.198+0000] {logging_mixin.py:137} INFO - Kimberly Davis
[2023-02-02T10:00:08.204+0000] {logging_mixin.py:137} INFO - Bryan Hansen
[2023-02-02T10:00:08.211+0000] {logging_mixin.py:137} INFO - Rebecca Obrien
[2023-02-02T10:00:08.217+0000] {logging_mixin.py:137} INFO - Sarah Santiago
[2023-02-02T10:00:08.220+0000] {logging_mixin.py:137} INFO - Christine Lane
[2023-02-02T10:00:08.228+0000] {logging_mixin.py:137} INFO - Jerry Lewis
[2023-02-02T10:00:08.231+0000] {logging_mixin.py:137} INFO - Stephanie Miller
[2023-02-02T10:00:08.236+0000] {logging_mixin.py:137} INFO - Kristi Bradley
[2023-02-02T10:00:08.238+0000] {logging_mixin.py:137} INFO - Darren Moore
[2023-02-02T10:00:08.241+0000] {logging_mixin.py:137} INFO - Kristina Cunningham
[2023-02-02T10:00:08.247+0000] {logging_mixin.py:137} INFO - Laurie Moore
[2023-02-02T10:00:08.254+0000] {logging_mixin.py:137} INFO - Aaron Lewis
[2023-02-02T10:00:08.257+0000] {logging_mixin.py:137} INFO - Theresa Vang
[2023-02-02T10:00:08.263+0000] {logging_mixin.py:137} INFO - Chase Reese
[2023-02-02T10:00:08.267+0000] {logging_mixin.py:137} INFO - Matthew Ferguson
[2023-02-02T10:00:08.274+0000] {logging_mixin.py:137} INFO - Victoria Lewis
[2023-02-02T10:00:08.276+0000] {logging_mixin.py:137} INFO - Jon Scott
[2023-02-02T10:00:08.279+0000] {logging_mixin.py:137} INFO - Lisa Campbell
[2023-02-02T10:00:08.282+0000] {logging_mixin.py:137} INFO - David Ramirez
[2023-02-02T10:00:08.290+0000] {logging_mixin.py:137} INFO - Gabriel Rosario
[2023-02-02T10:00:08.308+0000] {logging_mixin.py:137} INFO - Kristi Johnson
[2023-02-02T10:00:08.311+0000] {logging_mixin.py:137} INFO - Jennifer Schwartz
[2023-02-02T10:00:08.325+0000] {logging_mixin.py:137} INFO - Daniel Norton
[2023-02-02T10:00:08.328+0000] {logging_mixin.py:137} INFO - Richard Montoya
[2023-02-02T10:00:08.333+0000] {logging_mixin.py:137} INFO - Daniel Norris
[2023-02-02T10:00:08.344+0000] {logging_mixin.py:137} INFO - Chad Taylor
[2023-02-02T10:00:08.351+0000] {logging_mixin.py:137} INFO - Angie Allen
[2023-02-02T10:00:08.356+0000] {logging_mixin.py:137} INFO - Michael Brooks
[2023-02-02T10:00:08.360+0000] {logging_mixin.py:137} INFO - Hannah Poole
[2023-02-02T10:00:08.368+0000] {logging_mixin.py:137} INFO - Caitlin Ray
[2023-02-02T10:00:08.373+0000] {logging_mixin.py:137} INFO - Mr. Steven Gardner
[2023-02-02T10:00:08.375+0000] {logging_mixin.py:137} INFO - Jennifer Macdonald
[2023-02-02T10:00:08.377+0000] {logging_mixin.py:137} INFO - Vanessa Small
[2023-02-02T10:00:08.390+0000] {logging_mixin.py:137} INFO - Dennis Gray
[2023-02-02T10:00:08.400+0000] {logging_mixin.py:137} INFO - Sandra Kirk
[2023-02-02T10:00:08.405+0000] {logging_mixin.py:137} INFO - Jason Wagner
[2023-02-02T10:00:08.406+0000] {logging_mixin.py:137} INFO - David Owen
[2023-02-02T10:00:08.409+0000] {logging_mixin.py:137} INFO - Rose Terrell
[2023-02-02T10:00:08.412+0000] {logging_mixin.py:137} INFO - James Green MD
[2023-02-02T10:00:08.425+0000] {logging_mixin.py:137} INFO - Tammy Patel
[2023-02-02T10:00:08.432+0000] {logging_mixin.py:137} INFO - Joseph Lucero
[2023-02-02T10:00:08.448+0000] {logging_mixin.py:137} INFO - Stephanie Rojas
[2023-02-02T10:00:08.460+0000] {logging_mixin.py:137} INFO - Brittany Johnson
[2023-02-02T10:00:08.471+0000] {logging_mixin.py:137} INFO - Christina Cummings
[2023-02-02T10:00:08.478+0000] {logging_mixin.py:137} INFO - Eric Downs
[2023-02-02T10:00:08.481+0000] {logging_mixin.py:137} INFO - Paul Finley
[2023-02-02T10:00:08.489+0000] {logging_mixin.py:137} INFO - Danielle Jackson
[2023-02-02T10:00:08.500+0000] {logging_mixin.py:137} INFO - Anna Johnston
[2023-02-02T10:00:08.507+0000] {logging_mixin.py:137} INFO - Ashlee Hodges
[2023-02-02T10:00:08.516+0000] {logging_mixin.py:137} INFO - Thomas Francis
[2023-02-02T10:00:08.525+0000] {logging_mixin.py:137} INFO - Cody Baird
[2023-02-02T10:00:08.535+0000] {logging_mixin.py:137} INFO - Jeffrey Walter
[2023-02-02T10:00:08.552+0000] {logging_mixin.py:137} INFO - Hannah West
[2023-02-02T10:00:08.582+0000] {logging_mixin.py:137} INFO - Anthony Byrd
[2023-02-02T10:00:08.590+0000] {logging_mixin.py:137} INFO - Julie Ramirez
[2023-02-02T10:00:08.600+0000] {logging_mixin.py:137} INFO - Seth Peters
[2023-02-02T10:00:08.624+0000] {logging_mixin.py:137} INFO - Keith Salas
[2023-02-02T10:00:08.628+0000] {logging_mixin.py:137} INFO - Kathryn Evans
[2023-02-02T10:00:08.631+0000] {logging_mixin.py:137} INFO - Dr. Maria Scott
[2023-02-02T10:00:08.638+0000] {logging_mixin.py:137} INFO - Brenda Thomas
[2023-02-02T10:00:08.652+0000] {logging_mixin.py:137} INFO - Travis Douglas
[2023-02-02T10:00:08.659+0000] {logging_mixin.py:137} INFO - Kurt Santos
[2023-02-02T10:00:08.666+0000] {logging_mixin.py:137} INFO - Sean Parrish
[2023-02-02T10:00:08.678+0000] {logging_mixin.py:137} INFO - Brittany Walls
[2023-02-02T10:00:08.695+0000] {logging_mixin.py:137} INFO - Gail Brooks
[2023-02-02T10:00:08.703+0000] {logging_mixin.py:137} INFO - Valerie Johnson
[2023-02-02T10:00:08.708+0000] {logging_mixin.py:137} INFO - Jessica Dunn
[2023-02-02T10:00:08.716+0000] {logging_mixin.py:137} INFO - Chad Robinson
[2023-02-02T10:00:08.718+0000] {logging_mixin.py:137} INFO - Catherine Combs
[2023-02-02T10:00:08.728+0000] {logging_mixin.py:137} INFO - Joshua Boyd
[2023-02-02T10:00:08.736+0000] {logging_mixin.py:137} INFO - Alicia Barnett DVM
[2023-02-02T10:00:08.742+0000] {logging_mixin.py:137} INFO - Kevin Cervantes
[2023-02-02T10:00:08.751+0000] {logging_mixin.py:137} INFO - Larry Lester
[2023-02-02T10:00:08.754+0000] {logging_mixin.py:137} INFO - Deanna Espinoza
[2023-02-02T10:00:08.758+0000] {logging_mixin.py:137} INFO - Marilyn Davis
[2023-02-02T10:00:08.762+0000] {logging_mixin.py:137} INFO - Michael Weeks
[2023-02-02T10:00:08.770+0000] {logging_mixin.py:137} INFO - Brandon Stanton
[2023-02-02T10:00:08.777+0000] {logging_mixin.py:137} INFO - Ryan Boyer Jr.
[2023-02-02T10:00:08.795+0000] {logging_mixin.py:137} INFO - Amanda Elliott
[2023-02-02T10:00:08.809+0000] {logging_mixin.py:137} INFO - David Moore
[2023-02-02T10:00:08.813+0000] {logging_mixin.py:137} INFO - Andre Williams
[2023-02-02T10:00:08.816+0000] {logging_mixin.py:137} INFO - Jennifer Garcia
[2023-02-02T10:00:08.824+0000] {logging_mixin.py:137} INFO - Tracey Cook
[2023-02-02T10:00:08.830+0000] {logging_mixin.py:137} INFO - Michael Turner
[2023-02-02T10:00:08.846+0000] {logging_mixin.py:137} INFO - Diana Long
[2023-02-02T10:00:08.854+0000] {logging_mixin.py:137} INFO - John Bradley
[2023-02-02T10:00:08.859+0000] {logging_mixin.py:137} INFO - Ann Benjamin
[2023-02-02T10:00:08.877+0000] {logging_mixin.py:137} INFO - Shane House
[2023-02-02T10:00:08.883+0000] {logging_mixin.py:137} INFO - Erin Lee
[2023-02-02T10:00:08.915+0000] {logging_mixin.py:137} INFO - Joseph Gray
[2023-02-02T10:00:08.918+0000] {logging_mixin.py:137} INFO - Betty Gibson
[2023-02-02T10:00:08.924+0000] {logging_mixin.py:137} INFO - Kristen Graham
[2023-02-02T10:00:08.933+0000] {logging_mixin.py:137} INFO - Daniel Meza
[2023-02-02T10:00:08.935+0000] {logging_mixin.py:137} INFO - Sherri Carpenter
[2023-02-02T10:00:08.949+0000] {logging_mixin.py:137} INFO - Andrea Sanchez
[2023-02-02T10:00:08.966+0000] {logging_mixin.py:137} INFO - Jordan Rios
[2023-02-02T10:00:08.969+0000] {logging_mixin.py:137} INFO - Elizabeth Jackson
[2023-02-02T10:00:08.973+0000] {logging_mixin.py:137} INFO - Elizabeth Myers
[2023-02-02T10:00:08.980+0000] {logging_mixin.py:137} INFO - Juan Barnes
[2023-02-02T10:00:08.984+0000] {logging_mixin.py:137} INFO - Christopher Lozano
[2023-02-02T10:00:08.987+0000] {logging_mixin.py:137} INFO - Jacqueline Griffin
[2023-02-02T10:00:08.991+0000] {logging_mixin.py:137} INFO - Ryan Mason
[2023-02-02T10:00:08.994+0000] {logging_mixin.py:137} INFO - Jonathan Moore
[2023-02-02T10:00:09.008+0000] {logging_mixin.py:137} INFO - Abigail Landry
[2023-02-02T10:00:09.014+0000] {logging_mixin.py:137} INFO - Brenda Hernandez
[2023-02-02T10:00:09.018+0000] {logging_mixin.py:137} INFO - Zachary Pitts
[2023-02-02T10:00:09.022+0000] {logging_mixin.py:137} INFO - Amanda Rogers
[2023-02-02T10:00:09.029+0000] {logging_mixin.py:137} INFO - Cynthia Gray
[2023-02-02T10:00:09.031+0000] {logging_mixin.py:137} INFO - Tyler Barajas
[2023-02-02T10:00:09.040+0000] {logging_mixin.py:137} INFO - Michelle Leon
[2023-02-02T10:00:09.050+0000] {logging_mixin.py:137} INFO - Kathy Lang
[2023-02-02T10:00:09.059+0000] {logging_mixin.py:137} INFO - Scott Townsend MD
[2023-02-02T10:00:09.064+0000] {logging_mixin.py:137} INFO - Theresa Acosta
[2023-02-02T10:00:09.068+0000] {logging_mixin.py:137} INFO - David Jones
[2023-02-02T10:00:09.072+0000] {logging_mixin.py:137} INFO - Jeremy Robinson
[2023-02-02T10:00:09.080+0000] {logging_mixin.py:137} INFO - James Newton
[2023-02-02T10:00:09.096+0000] {logging_mixin.py:137} INFO - Tracey Wells
[2023-02-02T10:00:09.103+0000] {logging_mixin.py:137} INFO - Maria Nelson
[2023-02-02T10:00:09.112+0000] {logging_mixin.py:137} INFO - Christopher Griffith
[2023-02-02T10:00:09.119+0000] {logging_mixin.py:137} INFO - Zachary Griffin
[2023-02-02T10:00:09.126+0000] {logging_mixin.py:137} INFO - Amy Nguyen
[2023-02-02T10:00:09.144+0000] {logging_mixin.py:137} INFO - April Williams
[2023-02-02T10:00:09.151+0000] {logging_mixin.py:137} INFO - Marissa Kelly
[2023-02-02T10:00:09.154+0000] {logging_mixin.py:137} INFO - Brian Lopez PhD
[2023-02-02T10:00:09.166+0000] {logging_mixin.py:137} INFO - William Williams
[2023-02-02T10:00:09.177+0000] {logging_mixin.py:137} INFO - Norman Brown
[2023-02-02T10:00:09.195+0000] {logging_mixin.py:137} INFO - Charles Fuentes
[2023-02-02T10:00:09.228+0000] {logging_mixin.py:137} INFO - Anthony Chang
[2023-02-02T10:00:09.236+0000] {logging_mixin.py:137} INFO - Mary Bell
[2023-02-02T10:00:09.243+0000] {logging_mixin.py:137} INFO - Elizabeth Stuart
[2023-02-02T10:00:09.249+0000] {logging_mixin.py:137} INFO - Mary Mcdonald
[2023-02-02T10:00:09.254+0000] {logging_mixin.py:137} INFO - Martin Harrison
[2023-02-02T10:00:09.258+0000] {logging_mixin.py:137} INFO - Stephanie Fernandez
[2023-02-02T10:00:09.260+0000] {logging_mixin.py:137} INFO - Christopher Brown
[2023-02-02T10:00:09.262+0000] {logging_mixin.py:137} INFO - Alexander Stephenson
[2023-02-02T10:00:09.264+0000] {logging_mixin.py:137} INFO - Grace Diaz
[2023-02-02T10:00:09.266+0000] {logging_mixin.py:137} INFO - Frank Bartlett
[2023-02-02T10:00:09.269+0000] {logging_mixin.py:137} INFO - Audrey Andersen
[2023-02-02T10:00:09.270+0000] {logging_mixin.py:137} INFO - David Green
[2023-02-02T10:00:09.281+0000] {logging_mixin.py:137} INFO - Joshua Diaz Jr.
[2023-02-02T10:00:09.291+0000] {logging_mixin.py:137} INFO - Emily Garcia
[2023-02-02T10:00:09.302+0000] {logging_mixin.py:137} INFO - Devin Hall
[2023-02-02T10:00:09.308+0000] {logging_mixin.py:137} INFO - Phillip Garner
[2023-02-02T10:00:09.315+0000] {logging_mixin.py:137} INFO - Katherine Estrada
[2023-02-02T10:00:09.317+0000] {logging_mixin.py:137} INFO - Corey Saunders
[2023-02-02T10:00:09.324+0000] {logging_mixin.py:137} INFO - Kimberly Collins
[2023-02-02T10:00:09.337+0000] {logging_mixin.py:137} INFO - Amy Elliott
[2023-02-02T10:00:09.357+0000] {logging_mixin.py:137} INFO - Tanya Jones
[2023-02-02T10:00:09.360+0000] {logging_mixin.py:137} INFO - Patricia Gonzalez
[2023-02-02T10:00:09.380+0000] {logging_mixin.py:137} INFO - Jennifer Hill
[2023-02-02T10:00:09.383+0000] {logging_mixin.py:137} INFO - John Haynes
[2023-02-02T10:00:09.386+0000] {logging_mixin.py:137} INFO - Jacob Henry
[2023-02-02T10:00:09.394+0000] {logging_mixin.py:137} INFO - Daniel Clark
[2023-02-02T10:00:09.399+0000] {logging_mixin.py:137} INFO - Jonathon Taylor
[2023-02-02T10:00:09.404+0000] {logging_mixin.py:137} INFO - Jesse Evans
[2023-02-02T10:00:09.409+0000] {logging_mixin.py:137} INFO - James Martinez
[2023-02-02T10:00:09.413+0000] {logging_mixin.py:137} INFO - Kyle Reyes
[2023-02-02T10:00:09.417+0000] {logging_mixin.py:137} INFO - Terrence Barker
[2023-02-02T10:00:09.423+0000] {logging_mixin.py:137} INFO - Anthony Washington
[2023-02-02T10:00:09.426+0000] {logging_mixin.py:137} INFO - Dustin Le
[2023-02-02T10:00:09.428+0000] {logging_mixin.py:137} INFO - Bruce Clark
[2023-02-02T10:00:09.433+0000] {logging_mixin.py:137} INFO - Keith Anthony
[2023-02-02T10:00:09.437+0000] {logging_mixin.py:137} INFO - Jeremiah Stone
[2023-02-02T10:00:09.440+0000] {logging_mixin.py:137} INFO - Michael Haley
[2023-02-02T10:00:09.447+0000] {logging_mixin.py:137} INFO - Regina Carrillo
[2023-02-02T10:00:09.450+0000] {logging_mixin.py:137} INFO - Jacob Lee
[2023-02-02T10:00:09.453+0000] {logging_mixin.py:137} INFO - Thomas Gonzalez
[2023-02-02T10:00:09.457+0000] {logging_mixin.py:137} INFO - Mark Lawrence
[2023-02-02T10:00:09.461+0000] {logging_mixin.py:137} INFO - Matthew Anderson
[2023-02-02T10:00:09.465+0000] {logging_mixin.py:137} INFO - Nicholas Young
[2023-02-02T10:00:09.469+0000] {logging_mixin.py:137} INFO - Melvin Martinez
[2023-02-02T10:00:09.473+0000] {logging_mixin.py:137} INFO - Scott Green
[2023-02-02T10:00:09.476+0000] {logging_mixin.py:137} INFO - Dana Richards
[2023-02-02T10:00:09.479+0000] {logging_mixin.py:137} INFO - Lauren Moore
[2023-02-02T10:00:09.482+0000] {logging_mixin.py:137} INFO - Terry Campbell
[2023-02-02T10:00:09.486+0000] {logging_mixin.py:137} INFO - Ralph Jordan
[2023-02-02T10:00:09.489+0000] {logging_mixin.py:137} INFO - Noah Reyes
[2023-02-02T10:00:09.499+0000] {logging_mixin.py:137} INFO - Mr. Gregory Mills MD
[2023-02-02T10:00:09.506+0000] {logging_mixin.py:137} INFO - Michelle Yates
[2023-02-02T10:00:09.516+0000] {logging_mixin.py:137} INFO - Robin Reyes
[2023-02-02T10:00:09.519+0000] {logging_mixin.py:137} INFO - Rebecca Smith
[2023-02-02T10:00:09.524+0000] {logging_mixin.py:137} INFO - Nicole Torres
[2023-02-02T10:00:09.528+0000] {logging_mixin.py:137} INFO - Ronald Jones
[2023-02-02T10:00:09.530+0000] {logging_mixin.py:137} INFO - Michael Castaneda
[2023-02-02T10:00:09.533+0000] {logging_mixin.py:137} INFO - Christopher Krueger
[2023-02-02T10:00:09.537+0000] {logging_mixin.py:137} INFO - Jennifer Werner
[2023-02-02T10:00:09.545+0000] {logging_mixin.py:137} INFO - Ashley Smith
[2023-02-02T10:00:09.548+0000] {logging_mixin.py:137} INFO - Alyssa Fields
[2023-02-02T10:00:09.551+0000] {logging_mixin.py:137} INFO - John Scott
[2023-02-02T10:00:09.553+0000] {logging_mixin.py:137} INFO - Debra Delacruz
[2023-02-02T10:00:09.556+0000] {logging_mixin.py:137} INFO - James Madden
[2023-02-02T10:00:09.566+0000] {logging_mixin.py:137} INFO - Joseph Gentry
[2023-02-02T10:00:09.568+0000] {logging_mixin.py:137} INFO - Ashley Cabrera
[2023-02-02T10:00:09.570+0000] {logging_mixin.py:137} INFO - Jennifer Fernandez
[2023-02-02T10:00:09.584+0000] {logging_mixin.py:137} INFO - James Harris
[2023-02-02T10:00:09.590+0000] {logging_mixin.py:137} INFO - Candice Young
[2023-02-02T10:00:09.603+0000] {logging_mixin.py:137} INFO - Lisa Baker
[2023-02-02T10:00:09.610+0000] {logging_mixin.py:137} INFO - Brian Mills DDS
[2023-02-02T10:00:09.614+0000] {logging_mixin.py:137} INFO - Kristin Smith
[2023-02-02T10:00:09.617+0000] {logging_mixin.py:137} INFO - Jacob Collins
[2023-02-02T10:00:09.625+0000] {logging_mixin.py:137} INFO - Kimberly Harris
[2023-02-02T10:00:09.637+0000] {logging_mixin.py:137} INFO - Michael Hull
[2023-02-02T10:00:09.640+0000] {logging_mixin.py:137} INFO - Caitlin Todd
[2023-02-02T10:00:09.642+0000] {logging_mixin.py:137} INFO - Lisa Harris
[2023-02-02T10:00:09.647+0000] {logging_mixin.py:137} INFO - Mrs. Ann Stone
[2023-02-02T10:00:09.651+0000] {logging_mixin.py:137} INFO - Michelle Case
[2023-02-02T10:00:09.656+0000] {logging_mixin.py:137} INFO - Joe Lowe
[2023-02-02T10:00:09.659+0000] {logging_mixin.py:137} INFO - Randall Dunn
[2023-02-02T10:00:09.669+0000] {logging_mixin.py:137} INFO - Paula Vargas
[2023-02-02T10:00:09.678+0000] {logging_mixin.py:137} INFO - Daniel Walker
[2023-02-02T10:00:09.686+0000] {logging_mixin.py:137} INFO - James Jackson
[2023-02-02T10:00:09.703+0000] {logging_mixin.py:137} INFO - Shirley Woodard
[2023-02-02T10:00:09.712+0000] {logging_mixin.py:137} INFO - James Hayes
[2023-02-02T10:00:09.716+0000] {logging_mixin.py:137} INFO - Megan Austin
[2023-02-02T10:00:09.720+0000] {logging_mixin.py:137} INFO - Erin Robertson
[2023-02-02T10:00:09.723+0000] {logging_mixin.py:137} INFO - Robert Phillips
[2023-02-02T10:00:09.725+0000] {logging_mixin.py:137} INFO - Amy Torres
[2023-02-02T10:00:09.738+0000] {logging_mixin.py:137} INFO - Joshua Cox
[2023-02-02T10:00:09.744+0000] {logging_mixin.py:137} INFO - Duane Grimes
[2023-02-02T10:00:09.755+0000] {logging_mixin.py:137} INFO - Jennifer Burgess
[2023-02-02T10:00:09.761+0000] {logging_mixin.py:137} INFO - Carlos Duran
[2023-02-02T10:00:09.767+0000] {logging_mixin.py:137} INFO - Jason Johnson
[2023-02-02T10:00:09.772+0000] {logging_mixin.py:137} INFO - Cameron Greer
[2023-02-02T10:00:09.775+0000] {logging_mixin.py:137} INFO - Randall Williams
[2023-02-02T10:00:09.778+0000] {logging_mixin.py:137} INFO - Jessica Harris
[2023-02-02T10:00:09.783+0000] {logging_mixin.py:137} INFO - Joshua Rogers
[2023-02-02T10:00:09.788+0000] {logging_mixin.py:137} INFO - Jose Mahoney
[2023-02-02T10:00:09.791+0000] {logging_mixin.py:137} INFO - Brandy Fuentes
[2023-02-02T10:00:09.794+0000] {logging_mixin.py:137} INFO - Angelica Matthews
[2023-02-02T10:00:09.804+0000] {logging_mixin.py:137} INFO - Glenn Caldwell
[2023-02-02T10:00:09.823+0000] {logging_mixin.py:137} INFO - Cristian Delacruz
[2023-02-02T10:00:09.842+0000] {logging_mixin.py:137} INFO - Alexandra Price
[2023-02-02T10:00:09.852+0000] {logging_mixin.py:137} INFO - Heather Wilson
[2023-02-02T10:00:09.862+0000] {logging_mixin.py:137} INFO - Shawn Thompson
[2023-02-02T10:00:09.877+0000] {logging_mixin.py:137} INFO - Anna Daniel
[2023-02-02T10:00:09.879+0000] {logging_mixin.py:137} INFO - Joseph Cisneros
[2023-02-02T10:00:09.881+0000] {logging_mixin.py:137} INFO - Rebecca Estes
[2023-02-02T10:00:09.884+0000] {logging_mixin.py:137} INFO - Jeremy Porter
[2023-02-02T10:00:09.895+0000] {logging_mixin.py:137} INFO - Lisa Mann
[2023-02-02T10:00:09.899+0000] {logging_mixin.py:137} INFO - Michael Woods
[2023-02-02T10:00:09.902+0000] {logging_mixin.py:137} INFO - Madison Thompson
[2023-02-02T10:00:09.914+0000] {logging_mixin.py:137} INFO - Nancy Gomez
[2023-02-02T10:00:09.927+0000] {logging_mixin.py:137} INFO - Julie Blanchard
[2023-02-02T10:00:09.930+0000] {logging_mixin.py:137} INFO - Michael Smith
[2023-02-02T10:00:09.941+0000] {logging_mixin.py:137} INFO - Angel Huber
[2023-02-02T10:00:09.944+0000] {logging_mixin.py:137} INFO - Michael Coffey
[2023-02-02T10:00:09.949+0000] {logging_mixin.py:137} INFO - Patrick Walter
[2023-02-02T10:00:09.955+0000] {logging_mixin.py:137} INFO - Curtis Davis
[2023-02-02T10:00:09.956+0000] {logging_mixin.py:137} INFO - Kyle Stewart
[2023-02-02T10:00:09.959+0000] {logging_mixin.py:137} INFO - Angela Jimenez
[2023-02-02T10:00:09.968+0000] {logging_mixin.py:137} INFO - Andrew Martinez
[2023-02-02T10:00:09.973+0000] {logging_mixin.py:137} INFO - Angela West
[2023-02-02T10:00:09.983+0000] {logging_mixin.py:137} INFO - Ryan Young
[2023-02-02T10:00:09.987+0000] {logging_mixin.py:137} INFO - Nathaniel Evans
[2023-02-02T10:00:09.988+0000] {logging_mixin.py:137} INFO - Dawn Bryant
[2023-02-02T10:00:09.995+0000] {logging_mixin.py:137} INFO - Danielle Lewis
[2023-02-02T10:00:10.000+0000] {logging_mixin.py:137} INFO - Matthew Newman
[2023-02-02T10:00:10.008+0000] {logging_mixin.py:137} INFO - Robert Smith
[2023-02-02T10:00:10.021+0000] {logging_mixin.py:137} INFO - Melissa Hicks
[2023-02-02T10:00:10.029+0000] {logging_mixin.py:137} INFO - Emily Lambert
[2023-02-02T10:00:10.032+0000] {logging_mixin.py:137} INFO - Krystal Wolfe
[2023-02-02T10:00:10.044+0000] {logging_mixin.py:137} INFO - Donna Murillo
[2023-02-02T10:00:10.057+0000] {logging_mixin.py:137} INFO - Carl Hudson
[2023-02-02T10:00:10.071+0000] {logging_mixin.py:137} INFO - Robert Wilson
[2023-02-02T10:00:10.090+0000] {logging_mixin.py:137} INFO - Patrick Mathis
[2023-02-02T10:00:10.101+0000] {logging_mixin.py:137} INFO - Michael Suarez
[2023-02-02T10:00:10.109+0000] {logging_mixin.py:137} INFO - David Johnson
[2023-02-02T10:00:10.115+0000] {logging_mixin.py:137} INFO - William Thompson
[2023-02-02T10:00:10.124+0000] {logging_mixin.py:137} INFO - Jessica Hansen DVM
[2023-02-02T10:00:10.130+0000] {logging_mixin.py:137} INFO - Katherine Friedman
[2023-02-02T10:00:10.132+0000] {logging_mixin.py:137} INFO - Jillian Johnson
[2023-02-02T10:00:10.136+0000] {logging_mixin.py:137} INFO - Robert Mckee
[2023-02-02T10:00:10.139+0000] {logging_mixin.py:137} INFO - Rachel Little
[2023-02-02T10:00:10.153+0000] {logging_mixin.py:137} INFO - Patricia Smith
[2023-02-02T10:00:10.162+0000] {logging_mixin.py:137} INFO - Heidi Martinez
[2023-02-02T10:00:10.171+0000] {logging_mixin.py:137} INFO - Caitlin Solomon
[2023-02-02T10:00:10.177+0000] {logging_mixin.py:137} INFO - Dr. Olivia Pugh
[2023-02-02T10:00:10.187+0000] {logging_mixin.py:137} INFO - John Steele DDS
[2023-02-02T10:00:10.188+0000] {logging_mixin.py:137} INFO - Jeremy Mathews
[2023-02-02T10:00:10.190+0000] {logging_mixin.py:137} INFO - Tiffany Hill
[2023-02-02T10:00:10.201+0000] {logging_mixin.py:137} INFO - Steven Edwards
[2023-02-02T10:00:10.208+0000] {logging_mixin.py:137} INFO - Charles Campbell
[2023-02-02T10:00:10.213+0000] {logging_mixin.py:137} INFO - Brett Hughes
[2023-02-02T10:00:10.231+0000] {logging_mixin.py:137} INFO - Christina Villegas
[2023-02-02T10:00:10.239+0000] {logging_mixin.py:137} INFO - Anthony Garcia
[2023-02-02T10:00:10.253+0000] {logging_mixin.py:137} INFO - Nathan Murphy
[2023-02-02T10:00:10.261+0000] {logging_mixin.py:137} INFO - Steven Dodson
[2023-02-02T10:00:10.272+0000] {logging_mixin.py:137} INFO - Brian Sullivan
[2023-02-02T10:00:10.284+0000] {logging_mixin.py:137} INFO - Renee White
[2023-02-02T10:00:10.297+0000] {logging_mixin.py:137} INFO - Laura Rowland
[2023-02-02T10:00:10.307+0000] {logging_mixin.py:137} INFO - John Moore
[2023-02-02T10:00:10.320+0000] {logging_mixin.py:137} INFO - Sophia Mckenzie
[2023-02-02T10:00:10.326+0000] {logging_mixin.py:137} INFO - David Roach
[2023-02-02T10:00:10.332+0000] {logging_mixin.py:137} INFO - Jennifer Patterson
[2023-02-02T10:00:10.336+0000] {logging_mixin.py:137} INFO - James Richards
[2023-02-02T10:00:10.339+0000] {logging_mixin.py:137} INFO - Mary Johnston
[2023-02-02T10:00:10.348+0000] {logging_mixin.py:137} INFO - Brandon Mcdaniel
[2023-02-02T10:00:10.364+0000] {logging_mixin.py:137} INFO - Meghan Stevenson
[2023-02-02T10:00:10.373+0000] {logging_mixin.py:137} INFO - Luis Hayes
[2023-02-02T10:00:10.377+0000] {logging_mixin.py:137} INFO - Alejandra Sloan
[2023-02-02T10:00:10.386+0000] {logging_mixin.py:137} INFO - Dr. Sandra Miller
[2023-02-02T10:00:10.390+0000] {logging_mixin.py:137} INFO - Dustin Bond
[2023-02-02T10:00:10.394+0000] {logging_mixin.py:137} INFO - Julia Patrick MD
[2023-02-02T10:00:10.406+0000] {logging_mixin.py:137} INFO - Jill Campbell
[2023-02-02T10:00:10.410+0000] {logging_mixin.py:137} INFO - Mark Ford
[2023-02-02T10:00:10.420+0000] {logging_mixin.py:137} INFO - Brian Long
[2023-02-02T10:00:10.422+0000] {logging_mixin.py:137} INFO - Lisa Peterson
[2023-02-02T10:00:10.427+0000] {logging_mixin.py:137} INFO - Matthew Lee
[2023-02-02T10:00:10.432+0000] {logging_mixin.py:137} INFO - Bradley Miller
[2023-02-02T10:00:10.438+0000] {logging_mixin.py:137} INFO - Jeffrey Moss
[2023-02-02T10:00:10.440+0000] {logging_mixin.py:137} INFO - Sara Carlson
[2023-02-02T10:00:10.444+0000] {logging_mixin.py:137} INFO - Daniel Rodriguez
[2023-02-02T10:00:10.449+0000] {logging_mixin.py:137} INFO - Jeremy David
[2023-02-02T10:00:10.451+0000] {logging_mixin.py:137} INFO - Eric Green
[2023-02-02T10:00:10.453+0000] {logging_mixin.py:137} INFO - Alexis Jones
[2023-02-02T10:00:10.462+0000] {logging_mixin.py:137} INFO - Matthew Rose
[2023-02-02T10:00:10.465+0000] {logging_mixin.py:137} INFO - Catherine Anderson
[2023-02-02T10:00:10.469+0000] {logging_mixin.py:137} INFO - Holly Burton
[2023-02-02T10:00:10.473+0000] {logging_mixin.py:137} INFO - David Matthews
[2023-02-02T10:00:10.479+0000] {logging_mixin.py:137} INFO - Mrs. Kara Little
[2023-02-02T10:00:10.488+0000] {logging_mixin.py:137} INFO - Jeffrey Stanley
[2023-02-02T10:00:10.492+0000] {logging_mixin.py:137} INFO - James Ochoa
[2023-02-02T10:00:10.498+0000] {logging_mixin.py:137} INFO - Jason Frye
[2023-02-02T10:00:10.502+0000] {logging_mixin.py:137} INFO - Christopher Ellis
[2023-02-02T10:00:10.512+0000] {logging_mixin.py:137} INFO - Michelle Nixon
[2023-02-02T10:00:10.518+0000] {logging_mixin.py:137} INFO - Andrew Gill
[2023-02-02T10:00:10.524+0000] {logging_mixin.py:137} INFO - Jennifer Wilson
[2023-02-02T10:00:10.528+0000] {logging_mixin.py:137} INFO - Shawn Black
[2023-02-02T10:00:10.533+0000] {logging_mixin.py:137} INFO - April Patterson
[2023-02-02T10:00:10.537+0000] {logging_mixin.py:137} INFO - Troy Vaughn
[2023-02-02T10:00:10.539+0000] {logging_mixin.py:137} INFO - Alexandria White
[2023-02-02T10:00:10.542+0000] {logging_mixin.py:137} INFO - Scott Phillips
[2023-02-02T10:00:10.550+0000] {logging_mixin.py:137} INFO - Zachary Cisneros
[2023-02-02T10:00:10.554+0000] {logging_mixin.py:137} INFO - Deborah Brown
[2023-02-02T10:00:10.559+0000] {logging_mixin.py:137} INFO - Monica Moses
[2023-02-02T10:00:10.562+0000] {logging_mixin.py:137} INFO - Brenda Reyes
[2023-02-02T10:00:10.569+0000] {logging_mixin.py:137} INFO - Miss Renee Allen
[2023-02-02T10:00:10.573+0000] {logging_mixin.py:137} INFO - Susan Clark
[2023-02-02T10:00:10.579+0000] {logging_mixin.py:137} INFO - Brandy Coffey
[2023-02-02T10:00:10.584+0000] {logging_mixin.py:137} INFO - Brett Nelson
[2023-02-02T10:00:10.587+0000] {logging_mixin.py:137} INFO - Ricardo Young
[2023-02-02T10:00:10.591+0000] {logging_mixin.py:137} INFO - Paul Lee
[2023-02-02T10:00:10.595+0000] {logging_mixin.py:137} INFO - David Allen
[2023-02-02T10:00:10.602+0000] {logging_mixin.py:137} INFO - Andrea Knight
[2023-02-02T10:00:10.611+0000] {logging_mixin.py:137} INFO - James Gomez
[2023-02-02T10:00:10.614+0000] {logging_mixin.py:137} INFO - Melody Gibson
[2023-02-02T10:00:10.630+0000] {logging_mixin.py:137} INFO - Christina Martinez
[2023-02-02T10:00:10.636+0000] {logging_mixin.py:137} INFO - Shelby Smith
[2023-02-02T10:00:10.639+0000] {logging_mixin.py:137} INFO - Jason Howard
[2023-02-02T10:00:10.651+0000] {logging_mixin.py:137} INFO - Amy Davidson
[2023-02-02T10:00:10.656+0000] {logging_mixin.py:137} INFO - Kyle Copeland
[2023-02-02T10:00:10.667+0000] {logging_mixin.py:137} INFO - Madeline Davis
[2023-02-02T10:00:10.676+0000] {logging_mixin.py:137} INFO - Aaron Young
[2023-02-02T10:00:10.681+0000] {logging_mixin.py:137} INFO - Lisa Barrett
[2023-02-02T10:00:10.689+0000] {logging_mixin.py:137} INFO - Joel Jones
[2023-02-02T10:00:10.695+0000] {logging_mixin.py:137} INFO - Christine Evans
[2023-02-02T10:00:10.699+0000] {logging_mixin.py:137} INFO - Kimberly Johnson
[2023-02-02T10:00:10.718+0000] {logging_mixin.py:137} INFO - Charles Hess
[2023-02-02T10:00:10.724+0000] {logging_mixin.py:137} INFO - Paul Dixon
[2023-02-02T10:00:10.733+0000] {logging_mixin.py:137} INFO - Christopher Johnson
[2023-02-02T10:00:10.738+0000] {logging_mixin.py:137} INFO - Robert Dawson
[2023-02-02T10:00:10.743+0000] {logging_mixin.py:137} INFO - Ryan Dixon
[2023-02-02T10:00:10.747+0000] {logging_mixin.py:137} INFO - Julie Martinez
[2023-02-02T10:00:10.750+0000] {logging_mixin.py:137} INFO - David Adams
[2023-02-02T10:00:10.752+0000] {logging_mixin.py:137} INFO - Mariah Brown
[2023-02-02T10:00:10.764+0000] {logging_mixin.py:137} INFO - Deborah Malone
[2023-02-02T10:00:10.767+0000] {logging_mixin.py:137} INFO - John Brown
[2023-02-02T10:00:10.778+0000] {logging_mixin.py:137} INFO - Maria Stewart
[2023-02-02T10:00:10.780+0000] {logging_mixin.py:137} INFO - Mr. Bryan Hawkins
[2023-02-02T10:00:10.790+0000] {logging_mixin.py:137} INFO - Kyle Brooks
[2023-02-02T10:00:10.794+0000] {logging_mixin.py:137} INFO - Kenneth White
[2023-02-02T10:00:10.799+0000] {logging_mixin.py:137} INFO - Patricia Wilson
[2023-02-02T10:00:10.804+0000] {logging_mixin.py:137} INFO - Paul Soto
[2023-02-02T10:00:10.817+0000] {logging_mixin.py:137} INFO - Janice Garrett
[2023-02-02T10:00:10.829+0000] {logging_mixin.py:137} INFO - Randy Strickland
[2023-02-02T10:00:10.836+0000] {logging_mixin.py:137} INFO - Felicia Herrera
[2023-02-02T10:00:10.837+0000] {logging_mixin.py:137} INFO - Andre Campos
[2023-02-02T10:00:10.843+0000] {logging_mixin.py:137} INFO - Justin Meyer
[2023-02-02T10:00:10.846+0000] {logging_mixin.py:137} INFO - Brandon Brooks
[2023-02-02T10:00:10.851+0000] {logging_mixin.py:137} INFO - Abigail Rivera
[2023-02-02T10:00:10.853+0000] {logging_mixin.py:137} INFO - Jessica Mann
[2023-02-02T10:00:10.855+0000] {logging_mixin.py:137} INFO - Michael Sawyer
[2023-02-02T10:00:10.858+0000] {logging_mixin.py:137} INFO - Jeffrey Coleman
[2023-02-02T10:00:10.860+0000] {logging_mixin.py:137} INFO - Micheal Castro
[2023-02-02T10:00:10.861+0000] {logging_mixin.py:137} INFO - Laura Gonzalez
[2023-02-02T10:00:10.864+0000] {logging_mixin.py:137} INFO - Christopher Jackson
[2023-02-02T10:00:10.866+0000] {logging_mixin.py:137} INFO - William Mckenzie
[2023-02-02T10:00:10.870+0000] {logging_mixin.py:137} INFO - Kristina Rodriguez
[2023-02-02T10:00:10.876+0000] {logging_mixin.py:137} INFO - Kelli Williams
[2023-02-02T10:00:10.879+0000] {logging_mixin.py:137} INFO - Diane Norris
[2023-02-02T10:00:10.888+0000] {logging_mixin.py:137} INFO - Kevin Carroll
[2023-02-02T10:00:10.909+0000] {logging_mixin.py:137} INFO - Betty Weber
[2023-02-02T10:00:10.917+0000] {logging_mixin.py:137} INFO - Jeffery Robinson
[2023-02-02T10:00:10.931+0000] {logging_mixin.py:137} INFO - Hannah Cowan
[2023-02-02T10:00:10.941+0000] {logging_mixin.py:137} INFO - Brian Kramer
[2023-02-02T10:00:10.963+0000] {logging_mixin.py:137} INFO - Anthony Roberts
[2023-02-02T10:00:10.968+0000] {logging_mixin.py:137} INFO - Ricardo Blankenship
[2023-02-02T10:00:10.970+0000] {logging_mixin.py:137} INFO - Brooke Collins
[2023-02-02T10:00:10.977+0000] {logging_mixin.py:137} INFO - Tammy Lawson
[2023-02-02T10:00:10.979+0000] {logging_mixin.py:137} INFO - Cody Miller
[2023-02-02T10:00:10.994+0000] {logging_mixin.py:137} INFO - Dr. Janice Salazar
[2023-02-02T10:00:11.002+0000] {logging_mixin.py:137} INFO - David West
[2023-02-02T10:00:11.008+0000] {logging_mixin.py:137} INFO - Robin Carpenter
[2023-02-02T10:00:11.014+0000] {logging_mixin.py:137} INFO - Monique Wall
[2023-02-02T10:00:11.018+0000] {logging_mixin.py:137} INFO - Charles Cardenas
[2023-02-02T10:00:11.020+0000] {logging_mixin.py:137} INFO - Valerie Mitchell
[2023-02-02T10:00:11.024+0000] {logging_mixin.py:137} INFO - Michelle Valenzuela
[2023-02-02T10:00:11.049+0000] {logging_mixin.py:137} INFO - William Poole
[2023-02-02T10:00:11.053+0000] {logging_mixin.py:137} INFO - James Hall
[2023-02-02T10:00:11.058+0000] {logging_mixin.py:137} INFO - Dylan Carpenter
[2023-02-02T10:00:11.064+0000] {logging_mixin.py:137} INFO - Linda Medina
[2023-02-02T10:00:11.091+0000] {logging_mixin.py:137} INFO - Joan White
[2023-02-02T10:00:11.102+0000] {logging_mixin.py:137} INFO - Mary Klein
[2023-02-02T10:00:11.108+0000] {logging_mixin.py:137} INFO - Ashley Wolf
[2023-02-02T10:00:11.115+0000] {logging_mixin.py:137} INFO - William Reed
[2023-02-02T10:00:11.130+0000] {logging_mixin.py:137} INFO - Derek Harvey
[2023-02-02T10:00:11.140+0000] {logging_mixin.py:137} INFO - Kathleen Rodriguez
[2023-02-02T10:00:11.149+0000] {logging_mixin.py:137} INFO - Andrew Rodriguez
[2023-02-02T10:00:11.169+0000] {logging_mixin.py:137} INFO - Ariel Frank
[2023-02-02T10:00:11.171+0000] {logging_mixin.py:137} INFO - Tina French
[2023-02-02T10:00:11.173+0000] {logging_mixin.py:137} INFO - Brent Waller
[2023-02-02T10:00:11.175+0000] {logging_mixin.py:137} INFO - Kevin Allen
[2023-02-02T10:00:11.176+0000] {logging_mixin.py:137} INFO - Xavier Walker
[2023-02-02T10:00:11.179+0000] {logging_mixin.py:137} INFO - Michelle Sanchez
[2023-02-02T10:00:11.198+0000] {logging_mixin.py:137} INFO - Rachael Shepard
[2023-02-02T10:00:11.204+0000] {logging_mixin.py:137} INFO - Kelsey Johnson
[2023-02-02T10:00:11.209+0000] {logging_mixin.py:137} INFO - Nicole Webb
[2023-02-02T10:00:11.219+0000] {logging_mixin.py:137} INFO - Nicholas Rodriguez
[2023-02-02T10:00:11.222+0000] {logging_mixin.py:137} INFO - Eric Vaughan
[2023-02-02T10:00:11.229+0000] {logging_mixin.py:137} INFO - Amanda Richardson
[2023-02-02T10:00:11.249+0000] {logging_mixin.py:137} INFO - Janice Carlson
[2023-02-02T10:00:11.252+0000] {logging_mixin.py:137} INFO - Darryl Walsh
[2023-02-02T10:00:11.261+0000] {logging_mixin.py:137} INFO - Heather Johnson
[2023-02-02T10:00:11.266+0000] {logging_mixin.py:137} INFO - Mark Chambers
[2023-02-02T10:00:11.270+0000] {logging_mixin.py:137} INFO - Tracy Burns
[2023-02-02T10:00:11.276+0000] {logging_mixin.py:137} INFO - John Cole
[2023-02-02T10:00:11.279+0000] {logging_mixin.py:137} INFO - Deborah Silva
[2023-02-02T10:00:11.281+0000] {logging_mixin.py:137} INFO - Shawn Hernandez
[2023-02-02T10:00:11.283+0000] {logging_mixin.py:137} INFO - Bethany Meyer
[2023-02-02T10:00:11.284+0000] {logging_mixin.py:137} INFO - Helen Smith
[2023-02-02T10:00:11.286+0000] {logging_mixin.py:137} INFO - Dana Dennis
[2023-02-02T10:00:11.297+0000] {logging_mixin.py:137} INFO - Kelsey Camacho
[2023-02-02T10:00:11.307+0000] {logging_mixin.py:137} INFO - Matthew Thomas
[2023-02-02T10:00:11.309+0000] {logging_mixin.py:137} INFO - Brittany Arellano
[2023-02-02T10:00:11.322+0000] {logging_mixin.py:137} INFO - Stacey Jones
[2023-02-02T10:00:11.333+0000] {logging_mixin.py:137} INFO - William Weeks
[2023-02-02T10:00:11.337+0000] {logging_mixin.py:137} INFO - Mark Beasley
[2023-02-02T10:00:11.349+0000] {logging_mixin.py:137} INFO - Bruce Pena
[2023-02-02T10:00:11.358+0000] {logging_mixin.py:137} INFO - Jeffery Smith
[2023-02-02T10:00:11.372+0000] {logging_mixin.py:137} INFO - Ann Deleon
[2023-02-02T10:00:11.396+0000] {logging_mixin.py:137} INFO - Kevin Robertson
[2023-02-02T10:00:11.406+0000] {logging_mixin.py:137} INFO - Vincent Willis MD
[2023-02-02T10:00:11.410+0000] {logging_mixin.py:137} INFO - Michael Nielsen
[2023-02-02T10:00:11.422+0000] {logging_mixin.py:137} INFO - Walter Koch
[2023-02-02T10:00:11.429+0000] {logging_mixin.py:137} INFO - Brian Vega
[2023-02-02T10:00:11.437+0000] {logging_mixin.py:137} INFO - Jeffrey Medina
[2023-02-02T10:00:11.441+0000] {logging_mixin.py:137} INFO - Erika Banks
[2023-02-02T10:00:11.448+0000] {logging_mixin.py:137} INFO - Stacey Griffin
[2023-02-02T10:00:11.457+0000] {logging_mixin.py:137} INFO - Michael Marsh
[2023-02-02T10:00:11.464+0000] {logging_mixin.py:137} INFO - Molly White
[2023-02-02T10:00:11.467+0000] {logging_mixin.py:137} INFO - Matthew Morrison
[2023-02-02T10:00:11.474+0000] {logging_mixin.py:137} INFO - Amanda Burns
[2023-02-02T10:00:11.476+0000] {logging_mixin.py:137} INFO - Emily Gonzalez DDS
[2023-02-02T10:00:11.483+0000] {logging_mixin.py:137} INFO - Gregory King
[2023-02-02T10:00:11.487+0000] {logging_mixin.py:137} INFO - Dennis Evans
[2023-02-02T10:00:11.492+0000] {logging_mixin.py:137} INFO - Christina Snyder
[2023-02-02T10:00:11.496+0000] {logging_mixin.py:137} INFO - Carolyn Mata
[2023-02-02T10:00:11.509+0000] {logging_mixin.py:137} INFO - Brandy Lawson
[2023-02-02T10:00:11.512+0000] {logging_mixin.py:137} INFO - Briana Christian
[2023-02-02T10:00:11.535+0000] {logging_mixin.py:137} INFO - Jeffrey Hernandez
[2023-02-02T10:00:11.543+0000] {logging_mixin.py:137} INFO - John Riggs
[2023-02-02T10:00:11.550+0000] {logging_mixin.py:137} INFO - Barbara Short
[2023-02-02T10:00:11.557+0000] {logging_mixin.py:137} INFO - Steven Brooks
[2023-02-02T10:00:11.567+0000] {logging_mixin.py:137} INFO - Gabrielle James
[2023-02-02T10:00:11.587+0000] {logging_mixin.py:137} INFO - Robert Young
[2023-02-02T10:00:11.601+0000] {logging_mixin.py:137} INFO - Derek Sanders
[2023-02-02T10:00:11.612+0000] {logging_mixin.py:137} INFO - Mallory Oliver
[2023-02-02T10:00:11.625+0000] {logging_mixin.py:137} INFO - Terry Howe
[2023-02-02T10:00:11.627+0000] {logging_mixin.py:137} INFO - Samuel Wallace
[2023-02-02T10:00:11.642+0000] {logging_mixin.py:137} INFO - Angel Jones
[2023-02-02T10:00:11.652+0000] {logging_mixin.py:137} INFO - Jacqueline Nichols
[2023-02-02T10:00:11.656+0000] {logging_mixin.py:137} INFO - Melissa Mcgee
[2023-02-02T10:00:11.661+0000] {logging_mixin.py:137} INFO - Michelle Smith
[2023-02-02T10:00:11.664+0000] {logging_mixin.py:137} INFO - Maureen Baxter
[2023-02-02T10:00:11.669+0000] {logging_mixin.py:137} INFO - Kathy Crawford
[2023-02-02T10:00:11.684+0000] {logging_mixin.py:137} INFO - Stacy Wood
[2023-02-02T10:00:11.686+0000] {logging_mixin.py:137} INFO - Justin Parsons
[2023-02-02T10:00:11.689+0000] {logging_mixin.py:137} INFO - Ann Klein
[2023-02-02T10:00:11.693+0000] {logging_mixin.py:137} INFO - Allison Arnold
[2023-02-02T10:00:11.696+0000] {logging_mixin.py:137} INFO - Heather Kirk
[2023-02-02T10:00:11.700+0000] {logging_mixin.py:137} INFO - Monica Smith
[2023-02-02T10:00:11.717+0000] {logging_mixin.py:137} INFO - Brett Oconnor
[2023-02-02T10:00:11.734+0000] {logging_mixin.py:137} INFO - Anthony Bryant
[2023-02-02T10:00:11.744+0000] {logging_mixin.py:137} INFO - Jeremy Russell
[2023-02-02T10:00:11.755+0000] {logging_mixin.py:137} INFO - Julie Poole
[2023-02-02T10:00:11.772+0000] {logging_mixin.py:137} INFO - Emma Thompson
[2023-02-02T10:00:11.779+0000] {logging_mixin.py:137} INFO - Bradley Matthews
[2023-02-02T10:00:11.801+0000] {logging_mixin.py:137} INFO - William Roberts
[2023-02-02T10:00:11.805+0000] {logging_mixin.py:137} INFO - Julie Mooney
[2023-02-02T10:00:11.816+0000] {logging_mixin.py:137} INFO - Amy Doyle
[2023-02-02T10:00:11.832+0000] {logging_mixin.py:137} INFO - Amanda Grant
[2023-02-02T10:00:11.847+0000] {logging_mixin.py:137} INFO - Eric Anderson
[2023-02-02T10:00:11.863+0000] {logging_mixin.py:137} INFO - George Thompson
[2023-02-02T10:00:11.893+0000] {logging_mixin.py:137} INFO - Dustin Hines
[2023-02-02T10:00:11.906+0000] {logging_mixin.py:137} INFO - Andrea Frank
[2023-02-02T10:00:11.929+0000] {logging_mixin.py:137} INFO - Jodi Cook
[2023-02-02T10:00:11.937+0000] {logging_mixin.py:137} INFO - Stacy Haney
[2023-02-02T10:00:11.947+0000] {logging_mixin.py:137} INFO - Paul Callahan
[2023-02-02T10:00:11.953+0000] {logging_mixin.py:137} INFO - Jasmine Chambers
[2023-02-02T10:00:11.959+0000] {logging_mixin.py:137} INFO - Melissa Pittman MD
[2023-02-02T10:00:11.964+0000] {logging_mixin.py:137} INFO - Deborah Larson
[2023-02-02T10:00:11.967+0000] {logging_mixin.py:137} INFO - Brandon Shaw
[2023-02-02T10:00:11.975+0000] {logging_mixin.py:137} INFO - Timothy Paul
[2023-02-02T10:00:11.986+0000] {logging_mixin.py:137} INFO - Michael Trujillo
[2023-02-02T10:00:12.008+0000] {logging_mixin.py:137} INFO - Robert Rivera
[2023-02-02T10:00:12.025+0000] {logging_mixin.py:137} INFO - Dana Nelson
[2023-02-02T10:00:12.045+0000] {logging_mixin.py:137} INFO - Andrea Bennett
[2023-02-02T10:00:12.052+0000] {logging_mixin.py:137} INFO - Jodi Fox
[2023-02-02T10:00:12.061+0000] {logging_mixin.py:137} INFO - Heather Hayes
[2023-02-02T10:00:12.078+0000] {logging_mixin.py:137} INFO - Jennifer Moreno
[2023-02-02T10:00:12.085+0000] {logging_mixin.py:137} INFO - John Patel
[2023-02-02T10:00:12.098+0000] {logging_mixin.py:137} INFO - Teresa Oliver
[2023-02-02T10:00:12.104+0000] {logging_mixin.py:137} INFO - Monique Bell
[2023-02-02T10:00:12.112+0000] {logging_mixin.py:137} INFO - Casey Leonard
[2023-02-02T10:00:12.121+0000] {logging_mixin.py:137} INFO - Steven Clark
[2023-02-02T10:00:12.125+0000] {logging_mixin.py:137} INFO - Edward Martin
[2023-02-02T10:00:12.127+0000] {logging_mixin.py:137} INFO - Shawn Orozco
[2023-02-02T10:00:12.132+0000] {logging_mixin.py:137} INFO - Brandon Yang
[2023-02-02T10:00:12.138+0000] {logging_mixin.py:137} INFO - Nathan Ray
[2023-02-02T10:00:12.143+0000] {logging_mixin.py:137} INFO - Lori Moore
[2023-02-02T10:00:12.161+0000] {logging_mixin.py:137} INFO - Dr. Lisa Shaw DVM
[2023-02-02T10:00:12.168+0000] {logging_mixin.py:137} INFO - Angela Walters
[2023-02-02T10:00:12.176+0000] {logging_mixin.py:137} INFO - David Nolan
[2023-02-02T10:00:12.182+0000] {logging_mixin.py:137} INFO - William Ramsey
[2023-02-02T10:00:12.198+0000] {logging_mixin.py:137} INFO - David Oconnor
[2023-02-02T10:00:12.209+0000] {logging_mixin.py:137} INFO - Mark Washington
[2023-02-02T10:00:12.220+0000] {logging_mixin.py:137} INFO - Jennifer Jacobs
[2023-02-02T10:00:12.230+0000] {logging_mixin.py:137} INFO - Tammy Hampton
[2023-02-02T10:00:12.239+0000] {logging_mixin.py:137} INFO - Stephen Farmer
[2023-02-02T10:00:12.254+0000] {logging_mixin.py:137} INFO - Jasmine Nguyen
[2023-02-02T10:00:12.263+0000] {logging_mixin.py:137} INFO - Rebecca Flores
[2023-02-02T10:00:12.266+0000] {logging_mixin.py:137} INFO - Tyler Davis
[2023-02-02T10:00:12.278+0000] {logging_mixin.py:137} INFO - Nancy Gray
[2023-02-02T10:00:12.290+0000] {logging_mixin.py:137} INFO - Brian Sanchez
[2023-02-02T10:00:12.294+0000] {logging_mixin.py:137} INFO - Laurie Shaw
[2023-02-02T10:00:12.304+0000] {logging_mixin.py:137} INFO - Kristina Torres
[2023-02-02T10:00:12.312+0000] {logging_mixin.py:137} INFO - Andrea Rodgers
[2023-02-02T10:00:12.314+0000] {logging_mixin.py:137} INFO - Jason Walters
[2023-02-02T10:00:12.316+0000] {logging_mixin.py:137} INFO - Jerry Moss
[2023-02-02T10:00:12.319+0000] {logging_mixin.py:137} INFO - Jeffrey Jordan
[2023-02-02T10:00:12.321+0000] {logging_mixin.py:137} INFO - Jennifer Wilson
[2023-02-02T10:00:12.322+0000] {logging_mixin.py:137} INFO - Trevor Mathews
[2023-02-02T10:00:12.324+0000] {logging_mixin.py:137} INFO - Anne Hood
[2023-02-02T10:00:12.331+0000] {logging_mixin.py:137} INFO - Sarah Williams
[2023-02-02T10:00:12.333+0000] {logging_mixin.py:137} INFO - Shelby Hernandez
[2023-02-02T10:00:12.338+0000] {logging_mixin.py:137} INFO - Samantha Velez
[2023-02-02T10:00:12.350+0000] {logging_mixin.py:137} INFO - Matthew Douglas
[2023-02-02T10:00:12.359+0000] {logging_mixin.py:137} INFO - Ashlee George
[2023-02-02T10:00:12.364+0000] {logging_mixin.py:137} INFO - Troy Crane
[2023-02-02T10:00:12.367+0000] {logging_mixin.py:137} INFO - Michael Cooper
[2023-02-02T10:00:12.370+0000] {logging_mixin.py:137} INFO - Michael White
[2023-02-02T10:00:12.372+0000] {logging_mixin.py:137} INFO - Mr. Timothy Fleming
[2023-02-02T10:00:12.382+0000] {logging_mixin.py:137} INFO - Seth Bruce
[2023-02-02T10:00:12.390+0000] {logging_mixin.py:137} INFO - Jacqueline Carpenter
[2023-02-02T10:00:12.396+0000] {logging_mixin.py:137} INFO - Michael Martin
[2023-02-02T10:00:12.398+0000] {logging_mixin.py:137} INFO - Kristopher Henry
[2023-02-02T10:00:12.400+0000] {logging_mixin.py:137} INFO - Tiffany Porter
[2023-02-02T10:00:12.406+0000] {logging_mixin.py:137} INFO - Stacy Simpson
[2023-02-02T10:00:12.411+0000] {logging_mixin.py:137} INFO - Tammy Mcdowell
[2023-02-02T10:00:12.424+0000] {logging_mixin.py:137} INFO - Thomas Walters
[2023-02-02T10:00:12.430+0000] {logging_mixin.py:137} INFO - Dwayne Thompson
[2023-02-02T10:00:12.436+0000] {logging_mixin.py:137} INFO - Natalie Willis
[2023-02-02T10:00:12.466+0000] {logging_mixin.py:137} INFO - Sharon Taylor
[2023-02-02T10:00:12.470+0000] {logging_mixin.py:137} INFO - Sarah Wiggins
[2023-02-02T10:00:12.482+0000] {logging_mixin.py:137} INFO - Amber Thomas
[2023-02-02T10:00:12.498+0000] {logging_mixin.py:137} INFO - Patrick Miller
[2023-02-02T10:00:12.509+0000] {logging_mixin.py:137} INFO - Stephanie Hartman
[2023-02-02T10:00:12.540+0000] {logging_mixin.py:137} INFO - Stacey Mora
[2023-02-02T10:00:12.571+0000] {logging_mixin.py:137} INFO - Katherine Rodriguez
[2023-02-02T10:00:12.587+0000] {logging_mixin.py:137} INFO - Daniel Morgan
[2023-02-02T10:00:12.600+0000] {logging_mixin.py:137} INFO - Rebecca Martinez
[2023-02-02T10:00:12.618+0000] {logging_mixin.py:137} INFO - Nicole Juarez
[2023-02-02T10:00:12.633+0000] {logging_mixin.py:137} INFO - Mark Arroyo
[2023-02-02T10:00:12.655+0000] {logging_mixin.py:137} INFO - April Lucero
[2023-02-02T10:00:12.676+0000] {logging_mixin.py:137} INFO - Samantha Garcia
[2023-02-02T10:00:12.683+0000] {logging_mixin.py:137} INFO - Jon Moore
[2023-02-02T10:00:12.693+0000] {logging_mixin.py:137} INFO - Joshua Flores MD
[2023-02-02T10:00:12.707+0000] {logging_mixin.py:137} INFO - Raymond Jones
[2023-02-02T10:00:12.714+0000] {logging_mixin.py:137} INFO - Billy Hughes
[2023-02-02T10:00:12.722+0000] {logging_mixin.py:137} INFO - Peggy Valdez PhD
[2023-02-02T10:00:12.726+0000] {logging_mixin.py:137} INFO - Joshua Reyes
[2023-02-02T10:00:12.733+0000] {logging_mixin.py:137} INFO - Aaron Green
[2023-02-02T10:00:12.738+0000] {logging_mixin.py:137} INFO - Wendy Espinoza
[2023-02-02T10:00:12.743+0000] {logging_mixin.py:137} INFO - Peter Vasquez
[2023-02-02T10:00:12.752+0000] {logging_mixin.py:137} INFO - Diane Harper
[2023-02-02T10:00:12.762+0000] {logging_mixin.py:137} INFO - Ms. Rebecca Cantu
[2023-02-02T10:00:12.774+0000] {logging_mixin.py:137} INFO - Yolanda Morrow
[2023-02-02T10:00:12.776+0000] {logging_mixin.py:137} INFO - Penny Beard
[2023-02-02T10:00:12.781+0000] {logging_mixin.py:137} INFO - Lisa Long
[2023-02-02T10:00:12.786+0000] {logging_mixin.py:137} INFO - Jerry Harris
[2023-02-02T10:00:12.793+0000] {logging_mixin.py:137} INFO - Bob Willis
[2023-02-02T10:00:12.806+0000] {logging_mixin.py:137} INFO - Duane Chapman
[2023-02-02T10:00:12.808+0000] {logging_mixin.py:137} INFO - William Morgan
[2023-02-02T10:00:12.815+0000] {logging_mixin.py:137} INFO - Amy Gutierrez
[2023-02-02T10:00:12.820+0000] {logging_mixin.py:137} INFO - Amber Nichols
[2023-02-02T10:00:12.822+0000] {logging_mixin.py:137} INFO - Matthew Carr
[2023-02-02T10:00:12.825+0000] {logging_mixin.py:137} INFO - Thomas Duncan
[2023-02-02T10:00:12.828+0000] {logging_mixin.py:137} INFO - Elizabeth Wright
[2023-02-02T10:00:12.835+0000] {logging_mixin.py:137} INFO - Jacqueline Brewer
[2023-02-02T10:00:12.840+0000] {logging_mixin.py:137} INFO - Stephanie Johnson
[2023-02-02T10:00:12.846+0000] {logging_mixin.py:137} INFO - Samantha Calderon
[2023-02-02T10:00:12.851+0000] {logging_mixin.py:137} INFO - Kathryn Gaines
[2023-02-02T10:00:12.854+0000] {logging_mixin.py:137} INFO - Angel Jones
[2023-02-02T10:00:12.867+0000] {logging_mixin.py:137} INFO - Laura Wall
[2023-02-02T10:00:12.870+0000] {logging_mixin.py:137} INFO - Mr. Anthony Hamilton
[2023-02-02T10:00:12.880+0000] {logging_mixin.py:137} INFO - David Smith
[2023-02-02T10:00:12.893+0000] {logging_mixin.py:137} INFO - Kimberly Herrera DDS
[2023-02-02T10:00:12.899+0000] {logging_mixin.py:137} INFO - Gina Wilson
[2023-02-02T10:00:12.905+0000] {logging_mixin.py:137} INFO - Timothy Byrd
[2023-02-02T10:00:12.913+0000] {logging_mixin.py:137} INFO - Michael Mckenzie
[2023-02-02T10:00:12.917+0000] {logging_mixin.py:137} INFO - Jeffrey Mcintyre
[2023-02-02T10:00:12.922+0000] {logging_mixin.py:137} INFO - Teresa Jackson
[2023-02-02T10:00:12.924+0000] {logging_mixin.py:137} INFO - Joseph Wilcox
[2023-02-02T10:00:12.927+0000] {logging_mixin.py:137} INFO - Patrick Mcknight
[2023-02-02T10:00:12.934+0000] {logging_mixin.py:137} INFO - Ronald Moreno
[2023-02-02T10:00:12.943+0000] {logging_mixin.py:137} INFO - Jamie Sullivan
[2023-02-02T10:00:12.951+0000] {logging_mixin.py:137} INFO - Jason Anderson
[2023-02-02T10:00:12.954+0000] {logging_mixin.py:137} INFO - Steven Stewart
[2023-02-02T10:00:12.963+0000] {logging_mixin.py:137} INFO - Melinda Paul
[2023-02-02T10:00:12.970+0000] {logging_mixin.py:137} INFO - Cynthia Simmons
[2023-02-02T10:00:12.975+0000] {logging_mixin.py:137} INFO - Christian Smith
[2023-02-02T10:00:12.978+0000] {logging_mixin.py:137} INFO - William Jimenez
[2023-02-02T10:00:12.987+0000] {logging_mixin.py:137} INFO - Hayley French
[2023-02-02T10:00:12.989+0000] {logging_mixin.py:137} INFO - Brandon Hess
[2023-02-02T10:00:12.995+0000] {logging_mixin.py:137} INFO - Laura Perry
[2023-02-02T10:00:12.997+0000] {logging_mixin.py:137} INFO - Scott Jones
[2023-02-02T10:00:13.002+0000] {logging_mixin.py:137} INFO - Christine Hernandez
[2023-02-02T10:00:13.009+0000] {logging_mixin.py:137} INFO - Douglas Eaton
[2023-02-02T10:00:13.017+0000] {logging_mixin.py:137} INFO - William Soto
[2023-02-02T10:00:13.031+0000] {logging_mixin.py:137} INFO - Mary Jones
[2023-02-02T10:00:13.036+0000] {logging_mixin.py:137} INFO - Stephanie Holmes
[2023-02-02T10:00:13.043+0000] {logging_mixin.py:137} INFO - Keith Meyers
[2023-02-02T10:00:13.049+0000] {logging_mixin.py:137} INFO - Paul Fisher
[2023-02-02T10:00:13.054+0000] {logging_mixin.py:137} INFO - Emily Alexander
[2023-02-02T10:00:13.058+0000] {logging_mixin.py:137} INFO - Anthony Schwartz
[2023-02-02T10:00:13.060+0000] {logging_mixin.py:137} INFO - Evelyn Jacobs
[2023-02-02T10:00:13.079+0000] {logging_mixin.py:137} INFO - Connie Jones
[2023-02-02T10:00:13.082+0000] {logging_mixin.py:137} INFO - Carla Gibbs
[2023-02-02T10:00:13.085+0000] {logging_mixin.py:137} INFO - Ashley Santiago
[2023-02-02T10:00:13.103+0000] {logging_mixin.py:137} INFO - Micheal Mckee
[2023-02-02T10:00:13.105+0000] {logging_mixin.py:137} INFO - Diane Williams
[2023-02-02T10:00:13.107+0000] {logging_mixin.py:137} INFO - Jesse Velasquez
[2023-02-02T10:00:13.116+0000] {logging_mixin.py:137} INFO - Jennifer Rodriguez
[2023-02-02T10:00:13.122+0000] {logging_mixin.py:137} INFO - Joe Griffin
[2023-02-02T10:00:13.124+0000] {logging_mixin.py:137} INFO - Gary Cherry
[2023-02-02T10:00:13.126+0000] {logging_mixin.py:137} INFO - Alyssa Edwards
[2023-02-02T10:00:13.129+0000] {logging_mixin.py:137} INFO - Caroline Hernandez MD
[2023-02-02T10:00:13.135+0000] {logging_mixin.py:137} INFO - Jessica Morton
[2023-02-02T10:00:13.143+0000] {logging_mixin.py:137} INFO - Holly Jones
[2023-02-02T10:00:13.158+0000] {logging_mixin.py:137} INFO - David Shelton
[2023-02-02T10:00:13.165+0000] {logging_mixin.py:137} INFO - Kristina Parks
[2023-02-02T10:00:13.170+0000] {logging_mixin.py:137} INFO - Laurie Hernandez
[2023-02-02T10:00:13.186+0000] {logging_mixin.py:137} INFO - Melissa James
[2023-02-02T10:00:13.189+0000] {logging_mixin.py:137} INFO - Jeremiah Adams
[2023-02-02T10:00:13.202+0000] {logging_mixin.py:137} INFO - Arthur Robinson
[2023-02-02T10:00:13.204+0000] {logging_mixin.py:137} INFO - Anna Shepard
[2023-02-02T10:00:13.207+0000] {logging_mixin.py:137} INFO - Brandon Myers
[2023-02-02T10:00:13.212+0000] {logging_mixin.py:137} INFO - Paul Cardenas
[2023-02-02T10:00:13.218+0000] {logging_mixin.py:137} INFO - Megan Santana
[2023-02-02T10:00:13.228+0000] {logging_mixin.py:137} INFO - Joseph Marshall
[2023-02-02T10:00:13.234+0000] {logging_mixin.py:137} INFO - Mrs. Brenda Harris
[2023-02-02T10:00:13.237+0000] {logging_mixin.py:137} INFO - Nicole Garcia
[2023-02-02T10:00:13.243+0000] {logging_mixin.py:137} INFO - Anna Estrada
[2023-02-02T10:00:13.245+0000] {logging_mixin.py:137} INFO - Carl Moore
[2023-02-02T10:00:13.251+0000] {logging_mixin.py:137} INFO - Rodney Hernandez
[2023-02-02T10:00:13.261+0000] {logging_mixin.py:137} INFO - Madison Christian
[2023-02-02T10:00:13.275+0000] {logging_mixin.py:137} INFO - Heather Rhodes
[2023-02-02T10:00:13.298+0000] {python.py:177} INFO - Done. Returned value was: None
[2023-02-02T10:00:13.343+0000] {taskinstance.py:1323} INFO - Marking task as SUCCESS. dag_id=CSV_DAG, task_id=convertCSVToJson, execution_date=20230201T202000, start_date=20230202T100003, end_date=20230202T100013
[2023-02-02T10:00:13.616+0000] {local_task_job.py:208} INFO - Task exited with return code 0
[2023-02-02T10:00:13.692+0000] {taskinstance.py:2578} INFO - 0 downstream tasks scheduled from follow-on schedule check
