[2023-02-01T19:10:01.455+0000] {taskinstance.py:1083} INFO - Dependencies all met for <TaskInstance: CSV_DAG.convertCSVToJson scheduled__2023-02-01T13:00:00+00:00 [queued]>
[2023-02-01T19:10:01.491+0000] {taskinstance.py:1083} INFO - Dependencies all met for <TaskInstance: CSV_DAG.convertCSVToJson scheduled__2023-02-01T13:00:00+00:00 [queued]>
[2023-02-01T19:10:01.498+0000] {taskinstance.py:1279} INFO - 
--------------------------------------------------------------------------------
[2023-02-01T19:10:01.499+0000] {taskinstance.py:1280} INFO - Starting attempt 1 of 2
[2023-02-01T19:10:01.500+0000] {taskinstance.py:1281} INFO - 
--------------------------------------------------------------------------------
[2023-02-01T19:10:01.568+0000] {taskinstance.py:1300} INFO - Executing <Task(PythonOperator): convertCSVToJson> on 2023-02-01 13:00:00+00:00
[2023-02-01T19:10:01.617+0000] {standard_task_runner.py:55} INFO - Started process 1349 to run task
[2023-02-01T19:10:01.659+0000] {standard_task_runner.py:82} INFO - Running: ['***', 'tasks', 'run', 'CSV_DAG', 'convertCSVToJson', 'scheduled__2023-02-01T13:00:00+00:00', '--job-id', '347', '--raw', '--subdir', 'DAGS_FOLDER/csv.py', '--cfg-path', '/tmp/tmpf19js0ii']
[2023-02-01T19:10:01.662+0000] {standard_task_runner.py:83} INFO - Job 347: Subtask convertCSVToJson
[2023-02-01T19:10:02.017+0000] {task_command.py:388} INFO - Running <TaskInstance: CSV_DAG.convertCSVToJson scheduled__2023-02-01T13:00:00+00:00 [running]> on host 06d8060e8530
[2023-02-01T19:10:02.335+0000] {taskinstance.py:1509} INFO - Exporting the following env vars:
AIRFLOW_CTX_DAG_OWNER=Kevin Chalmers
AIRFLOW_CTX_DAG_ID=CSV_DAG
AIRFLOW_CTX_TASK_ID=convertCSVToJson
AIRFLOW_CTX_EXECUTION_DATE=2023-02-01T13:00:00+00:00
AIRFLOW_CTX_TRY_NUMBER=1
AIRFLOW_CTX_DAG_RUN_ID=scheduled__2023-02-01T13:00:00+00:00
[2023-02-01T19:10:02.406+0000] {logging_mixin.py:137} INFO - Angelica Lopez
[2023-02-01T19:10:02.410+0000] {logging_mixin.py:137} INFO - Betty Wright
[2023-02-01T19:10:02.412+0000] {logging_mixin.py:137} INFO - Sara Schmidt
[2023-02-01T19:10:02.414+0000] {logging_mixin.py:137} INFO - Dr. Sherry Rodriguez
[2023-02-01T19:10:02.415+0000] {logging_mixin.py:137} INFO - Rebecca Mills
[2023-02-01T19:10:02.418+0000] {logging_mixin.py:137} INFO - Andrew Anderson
[2023-02-01T19:10:02.420+0000] {logging_mixin.py:137} INFO - Martin Everett
[2023-02-01T19:10:02.421+0000] {logging_mixin.py:137} INFO - Felicia Gregory
[2023-02-01T19:10:02.423+0000] {logging_mixin.py:137} INFO - Kara Bowers
[2023-02-01T19:10:02.431+0000] {logging_mixin.py:137} INFO - Vincent Vincent
[2023-02-01T19:10:02.434+0000] {logging_mixin.py:137} INFO - Morgan Butler
[2023-02-01T19:10:02.437+0000] {logging_mixin.py:137} INFO - Stephen Riley
[2023-02-01T19:10:02.444+0000] {logging_mixin.py:137} INFO - Wanda Thomas
[2023-02-01T19:10:02.449+0000] {logging_mixin.py:137} INFO - Michelle Schultz
[2023-02-01T19:10:02.451+0000] {logging_mixin.py:137} INFO - Christopher Rush MD
[2023-02-01T19:10:02.455+0000] {logging_mixin.py:137} INFO - Phyllis Miles
[2023-02-01T19:10:02.457+0000] {logging_mixin.py:137} INFO - Rebecca Price
[2023-02-01T19:10:02.460+0000] {logging_mixin.py:137} INFO - John Morse
[2023-02-01T19:10:02.461+0000] {logging_mixin.py:137} INFO - Nicholas Sanchez
[2023-02-01T19:10:02.463+0000] {logging_mixin.py:137} INFO - Crystal Dean
[2023-02-01T19:10:02.465+0000] {logging_mixin.py:137} INFO - Tyler Diaz
[2023-02-01T19:10:02.466+0000] {logging_mixin.py:137} INFO - Denise Mclean
[2023-02-01T19:10:02.468+0000] {logging_mixin.py:137} INFO - Daniel Grant
[2023-02-01T19:10:02.472+0000] {logging_mixin.py:137} INFO - Sandra Peterson
[2023-02-01T19:10:02.481+0000] {logging_mixin.py:137} INFO - Denise Morse
[2023-02-01T19:10:02.484+0000] {logging_mixin.py:137} INFO - Brianna Smith
[2023-02-01T19:10:02.487+0000] {logging_mixin.py:137} INFO - Tony Miller
[2023-02-01T19:10:02.490+0000] {logging_mixin.py:137} INFO - Jean Booth
[2023-02-01T19:10:02.494+0000] {logging_mixin.py:137} INFO - Penny Salazar
[2023-02-01T19:10:02.499+0000] {logging_mixin.py:137} INFO - Cathy Williams
[2023-02-01T19:10:02.503+0000] {logging_mixin.py:137} INFO - Hannah Collins
[2023-02-01T19:10:02.506+0000] {logging_mixin.py:137} INFO - Maurice Casey
[2023-02-01T19:10:02.509+0000] {logging_mixin.py:137} INFO - Patrick Walker
[2023-02-01T19:10:02.520+0000] {logging_mixin.py:137} INFO - Pamela Barton
[2023-02-01T19:10:02.527+0000] {logging_mixin.py:137} INFO - Anthony Bryant
[2023-02-01T19:10:02.542+0000] {logging_mixin.py:137} INFO - Andrew Harris
[2023-02-01T19:10:02.547+0000] {logging_mixin.py:137} INFO - Aaron Harris
[2023-02-01T19:10:02.550+0000] {logging_mixin.py:137} INFO - Maureen Soto
[2023-02-01T19:10:02.559+0000] {logging_mixin.py:137} INFO - Crystal Mcdaniel
[2023-02-01T19:10:02.563+0000] {logging_mixin.py:137} INFO - Lauren Barrett
[2023-02-01T19:10:02.568+0000] {logging_mixin.py:137} INFO - Brandon Perez
[2023-02-01T19:10:02.570+0000] {logging_mixin.py:137} INFO - Mark Robertson
[2023-02-01T19:10:02.572+0000] {logging_mixin.py:137} INFO - Nicole Gates
[2023-02-01T19:10:02.573+0000] {logging_mixin.py:137} INFO - Bradley Cruz
[2023-02-01T19:10:02.575+0000] {logging_mixin.py:137} INFO - Gina Burns
[2023-02-01T19:10:02.585+0000] {logging_mixin.py:137} INFO - Zachary Martinez
[2023-02-01T19:10:02.592+0000] {logging_mixin.py:137} INFO - Natasha Johnson
[2023-02-01T19:10:02.594+0000] {logging_mixin.py:137} INFO - Patrick Gonzales
[2023-02-01T19:10:02.596+0000] {logging_mixin.py:137} INFO - Terri Wilson
[2023-02-01T19:10:02.610+0000] {logging_mixin.py:137} INFO - Sarah Lopez
[2023-02-01T19:10:02.611+0000] {logging_mixin.py:137} INFO - Dana Turner
[2023-02-01T19:10:02.613+0000] {logging_mixin.py:137} INFO - Cynthia Johnson
[2023-02-01T19:10:02.616+0000] {logging_mixin.py:137} INFO - William Thornton
[2023-02-01T19:10:02.626+0000] {logging_mixin.py:137} INFO - James Lee
[2023-02-01T19:10:02.629+0000] {logging_mixin.py:137} INFO - Stephen Allen
[2023-02-01T19:10:02.633+0000] {logging_mixin.py:137} INFO - William Stark
[2023-02-01T19:10:02.636+0000] {logging_mixin.py:137} INFO - Michael Parker
[2023-02-01T19:10:02.639+0000] {logging_mixin.py:137} INFO - Lisa Stephens
[2023-02-01T19:10:02.651+0000] {logging_mixin.py:137} INFO - Mr. Reginald Wise DDS
[2023-02-01T19:10:02.655+0000] {logging_mixin.py:137} INFO - Alexander James
[2023-02-01T19:10:02.666+0000] {logging_mixin.py:137} INFO - Kristen West
[2023-02-01T19:10:02.671+0000] {logging_mixin.py:137} INFO - Elizabeth Sanchez
[2023-02-01T19:10:02.675+0000] {logging_mixin.py:137} INFO - Jennifer Wilson
[2023-02-01T19:10:02.701+0000] {logging_mixin.py:137} INFO - Catherine Nicholson
[2023-02-01T19:10:02.726+0000] {logging_mixin.py:137} INFO - David Henderson
[2023-02-01T19:10:02.730+0000] {logging_mixin.py:137} INFO - Stephen Davis
[2023-02-01T19:10:02.738+0000] {logging_mixin.py:137} INFO - Paul Skinner
[2023-02-01T19:10:02.746+0000] {logging_mixin.py:137} INFO - Rebecca Wong
[2023-02-01T19:10:02.750+0000] {logging_mixin.py:137} INFO - Tara Benitez
[2023-02-01T19:10:02.757+0000] {logging_mixin.py:137} INFO - Sharon Miller
[2023-02-01T19:10:02.762+0000] {logging_mixin.py:137} INFO - Cynthia Smith
[2023-02-01T19:10:02.766+0000] {logging_mixin.py:137} INFO - Jennifer Werner
[2023-02-01T19:10:02.776+0000] {logging_mixin.py:137} INFO - Rebecca Tucker
[2023-02-01T19:10:02.784+0000] {logging_mixin.py:137} INFO - Ashlee Castillo
[2023-02-01T19:10:02.792+0000] {logging_mixin.py:137} INFO - Christopher Holmes
[2023-02-01T19:10:02.795+0000] {logging_mixin.py:137} INFO - Daniel Velez
[2023-02-01T19:10:02.798+0000] {logging_mixin.py:137} INFO - Amy Serrano
[2023-02-01T19:10:02.801+0000] {logging_mixin.py:137} INFO - Alison Nash
[2023-02-01T19:10:02.807+0000] {logging_mixin.py:137} INFO - Peter Johnson
[2023-02-01T19:10:02.811+0000] {logging_mixin.py:137} INFO - Breanna Harris
[2023-02-01T19:10:02.813+0000] {logging_mixin.py:137} INFO - Eric King
[2023-02-01T19:10:02.815+0000] {logging_mixin.py:137} INFO - Patricia Oliver
[2023-02-01T19:10:02.817+0000] {logging_mixin.py:137} INFO - Denise Grimes
[2023-02-01T19:10:02.819+0000] {logging_mixin.py:137} INFO - Jill Olson
[2023-02-01T19:10:02.823+0000] {logging_mixin.py:137} INFO - Stephanie Hart
[2023-02-01T19:10:02.840+0000] {logging_mixin.py:137} INFO - Ashley Lee
[2023-02-01T19:10:02.844+0000] {logging_mixin.py:137} INFO - Kelly Barnes
[2023-02-01T19:10:02.848+0000] {logging_mixin.py:137} INFO - Christie West
[2023-02-01T19:10:02.851+0000] {logging_mixin.py:137} INFO - Todd Nolan
[2023-02-01T19:10:02.859+0000] {logging_mixin.py:137} INFO - Sarah Reed
[2023-02-01T19:10:02.864+0000] {logging_mixin.py:137} INFO - Jennifer Keith
[2023-02-01T19:10:02.865+0000] {logging_mixin.py:137} INFO - Shawn Alvarez
[2023-02-01T19:10:02.868+0000] {logging_mixin.py:137} INFO - Alexander Wilson
[2023-02-01T19:10:02.874+0000] {logging_mixin.py:137} INFO - Rachel Melendez
[2023-02-01T19:10:02.877+0000] {logging_mixin.py:137} INFO - Morgan Walters
[2023-02-01T19:10:02.878+0000] {logging_mixin.py:137} INFO - Nicole Garcia
[2023-02-01T19:10:02.882+0000] {logging_mixin.py:137} INFO - Jennifer White
[2023-02-01T19:10:02.884+0000] {logging_mixin.py:137} INFO - Leslie Shannon
[2023-02-01T19:10:02.886+0000] {logging_mixin.py:137} INFO - Lisa Clayton
[2023-02-01T19:10:02.889+0000] {logging_mixin.py:137} INFO - Zachary Molina
[2023-02-01T19:10:02.891+0000] {logging_mixin.py:137} INFO - Bruce Butler
[2023-02-01T19:10:02.898+0000] {logging_mixin.py:137} INFO - Dustin Howell
[2023-02-01T19:10:02.905+0000] {logging_mixin.py:137} INFO - Aaron Smith
[2023-02-01T19:10:02.910+0000] {logging_mixin.py:137} INFO - Kyle Green
[2023-02-01T19:10:02.916+0000] {logging_mixin.py:137} INFO - Steven Clark
[2023-02-01T19:10:02.926+0000] {logging_mixin.py:137} INFO - Robert Holden
[2023-02-01T19:10:02.929+0000] {logging_mixin.py:137} INFO - Zachary Harmon
[2023-02-01T19:10:02.931+0000] {logging_mixin.py:137} INFO - Rachel Miller
[2023-02-01T19:10:02.933+0000] {logging_mixin.py:137} INFO - Brandon Parker
[2023-02-01T19:10:02.935+0000] {logging_mixin.py:137} INFO - Walter Martin
[2023-02-01T19:10:02.938+0000] {logging_mixin.py:137} INFO - Jose Young
[2023-02-01T19:10:02.940+0000] {logging_mixin.py:137} INFO - Kelsey Long
[2023-02-01T19:10:02.941+0000] {logging_mixin.py:137} INFO - William Harper
[2023-02-01T19:10:02.944+0000] {logging_mixin.py:137} INFO - Alejandro Lambert
[2023-02-01T19:10:02.948+0000] {logging_mixin.py:137} INFO - Stephanie Carson
[2023-02-01T19:10:02.956+0000] {logging_mixin.py:137} INFO - Diana Ortega MD
[2023-02-01T19:10:02.963+0000] {logging_mixin.py:137} INFO - Janet Morales
[2023-02-01T19:10:02.966+0000] {logging_mixin.py:137} INFO - Eric Fisher
[2023-02-01T19:10:02.968+0000] {logging_mixin.py:137} INFO - Louis Baker
[2023-02-01T19:10:02.970+0000] {logging_mixin.py:137} INFO - Cindy Ward
[2023-02-01T19:10:02.973+0000] {logging_mixin.py:137} INFO - Ana Jenkins
[2023-02-01T19:10:02.981+0000] {logging_mixin.py:137} INFO - Leslie Barton
[2023-02-01T19:10:02.985+0000] {logging_mixin.py:137} INFO - Gregory Price
[2023-02-01T19:10:02.989+0000] {logging_mixin.py:137} INFO - Brandon Moore
[2023-02-01T19:10:02.993+0000] {logging_mixin.py:137} INFO - Heather Garrett
[2023-02-01T19:10:02.996+0000] {logging_mixin.py:137} INFO - Cindy Hawkins
[2023-02-01T19:10:02.999+0000] {logging_mixin.py:137} INFO - Mr. Frank Snyder Jr.
[2023-02-01T19:10:03.004+0000] {logging_mixin.py:137} INFO - Megan Wang
[2023-02-01T19:10:03.019+0000] {logging_mixin.py:137} INFO - Jennifer Fleming
[2023-02-01T19:10:03.026+0000] {logging_mixin.py:137} INFO - Gary Hodge
[2023-02-01T19:10:03.031+0000] {logging_mixin.py:137} INFO - Nichole Miller
[2023-02-01T19:10:03.034+0000] {logging_mixin.py:137} INFO - Mitchell Mendoza
[2023-02-01T19:10:03.043+0000] {logging_mixin.py:137} INFO - Bradley Horton
[2023-02-01T19:10:03.054+0000] {logging_mixin.py:137} INFO - Michelle Hess
[2023-02-01T19:10:03.057+0000] {logging_mixin.py:137} INFO - Ronald Torres
[2023-02-01T19:10:03.061+0000] {logging_mixin.py:137} INFO - Raymond Hudson
[2023-02-01T19:10:03.063+0000] {logging_mixin.py:137} INFO - Vincent Jackson
[2023-02-01T19:10:03.065+0000] {logging_mixin.py:137} INFO - Susan Carey
[2023-02-01T19:10:03.068+0000] {logging_mixin.py:137} INFO - Chase Wilson
[2023-02-01T19:10:03.071+0000] {logging_mixin.py:137} INFO - Tonya Baldwin
[2023-02-01T19:10:03.076+0000] {logging_mixin.py:137} INFO - Mrs. Tina Davis
[2023-02-01T19:10:03.079+0000] {logging_mixin.py:137} INFO - Scott Garrett
[2023-02-01T19:10:03.081+0000] {logging_mixin.py:137} INFO - Michael Wilson
[2023-02-01T19:10:03.083+0000] {logging_mixin.py:137} INFO - Andrew Orozco
[2023-02-01T19:10:03.085+0000] {logging_mixin.py:137} INFO - Troy Carson
[2023-02-01T19:10:03.088+0000] {logging_mixin.py:137} INFO - Alex Winters
[2023-02-01T19:10:03.091+0000] {logging_mixin.py:137} INFO - Toni Frank
[2023-02-01T19:10:03.095+0000] {logging_mixin.py:137} INFO - Kathleen Snyder
[2023-02-01T19:10:03.106+0000] {logging_mixin.py:137} INFO - Anna Lopez
[2023-02-01T19:10:03.109+0000] {logging_mixin.py:137} INFO - Charles Brown
[2023-02-01T19:10:03.112+0000] {logging_mixin.py:137} INFO - Barry Ross
[2023-02-01T19:10:03.119+0000] {logging_mixin.py:137} INFO - Emily Ramirez
[2023-02-01T19:10:03.128+0000] {logging_mixin.py:137} INFO - Anna Williams
[2023-02-01T19:10:03.133+0000] {logging_mixin.py:137} INFO - Kristin Pennington
[2023-02-01T19:10:03.136+0000] {logging_mixin.py:137} INFO - Mary Aguirre
[2023-02-01T19:10:03.142+0000] {logging_mixin.py:137} INFO - Austin Santos
[2023-02-01T19:10:03.145+0000] {logging_mixin.py:137} INFO - David Nelson
[2023-02-01T19:10:03.148+0000] {logging_mixin.py:137} INFO - Alyssa Mcbride
[2023-02-01T19:10:03.152+0000] {logging_mixin.py:137} INFO - Lisa Gibson
[2023-02-01T19:10:03.155+0000] {logging_mixin.py:137} INFO - Alexander Kelly
[2023-02-01T19:10:03.161+0000] {logging_mixin.py:137} INFO - Ronald Thomas
[2023-02-01T19:10:03.164+0000] {logging_mixin.py:137} INFO - Michael Hurst
[2023-02-01T19:10:03.165+0000] {logging_mixin.py:137} INFO - Lauren Ward
[2023-02-01T19:10:03.168+0000] {logging_mixin.py:137} INFO - Christian Terry
[2023-02-01T19:10:03.170+0000] {logging_mixin.py:137} INFO - Jared Black
[2023-02-01T19:10:03.172+0000] {logging_mixin.py:137} INFO - Anthony Brown
[2023-02-01T19:10:03.175+0000] {logging_mixin.py:137} INFO - John Cole
[2023-02-01T19:10:03.179+0000] {logging_mixin.py:137} INFO - David Lee
[2023-02-01T19:10:03.188+0000] {logging_mixin.py:137} INFO - Lori Thomas
[2023-02-01T19:10:03.192+0000] {logging_mixin.py:137} INFO - Daniel Herman
[2023-02-01T19:10:03.197+0000] {logging_mixin.py:137} INFO - Pam Williams
[2023-02-01T19:10:03.199+0000] {logging_mixin.py:137} INFO - Sarah Jenkins
[2023-02-01T19:10:03.201+0000] {logging_mixin.py:137} INFO - Susan Mitchell
[2023-02-01T19:10:03.206+0000] {logging_mixin.py:137} INFO - Jacqueline Green
[2023-02-01T19:10:03.216+0000] {logging_mixin.py:137} INFO - Victoria Garrison
[2023-02-01T19:10:03.240+0000] {logging_mixin.py:137} INFO - Jonathan Daniels
[2023-02-01T19:10:03.250+0000] {logging_mixin.py:137} INFO - Trevor Hansen
[2023-02-01T19:10:03.257+0000] {logging_mixin.py:137} INFO - Laurie Bowen
[2023-02-01T19:10:03.261+0000] {logging_mixin.py:137} INFO - James Cline
[2023-02-01T19:10:03.268+0000] {logging_mixin.py:137} INFO - Michael Rose
[2023-02-01T19:10:03.276+0000] {logging_mixin.py:137} INFO - Lawrence Juarez
[2023-02-01T19:10:03.278+0000] {logging_mixin.py:137} INFO - Lucas Caldwell
[2023-02-01T19:10:03.283+0000] {logging_mixin.py:137} INFO - Laura Jackson
[2023-02-01T19:10:03.298+0000] {logging_mixin.py:137} INFO - Sherri Thornton
[2023-02-01T19:10:03.301+0000] {logging_mixin.py:137} INFO - Alice Wilson
[2023-02-01T19:10:03.304+0000] {logging_mixin.py:137} INFO - Diane Williams
[2023-02-01T19:10:03.311+0000] {logging_mixin.py:137} INFO - Kara Martin
[2023-02-01T19:10:03.317+0000] {logging_mixin.py:137} INFO - Joseph Moore
[2023-02-01T19:10:03.325+0000] {logging_mixin.py:137} INFO - Jesse Moses
[2023-02-01T19:10:03.330+0000] {logging_mixin.py:137} INFO - Lisa Mccall
[2023-02-01T19:10:03.332+0000] {logging_mixin.py:137} INFO - Alexandra Mccoy
[2023-02-01T19:10:03.334+0000] {logging_mixin.py:137} INFO - Daniel Martin
[2023-02-01T19:10:03.336+0000] {logging_mixin.py:137} INFO - Claudia Peck
[2023-02-01T19:10:03.338+0000] {logging_mixin.py:137} INFO - Jessica Mcconnell
[2023-02-01T19:10:03.349+0000] {logging_mixin.py:137} INFO - Kevin Walker
[2023-02-01T19:10:03.352+0000] {logging_mixin.py:137} INFO - Christina Lee
[2023-02-01T19:10:03.359+0000] {logging_mixin.py:137} INFO - Christopher Schroeder
[2023-02-01T19:10:03.361+0000] {logging_mixin.py:137} INFO - Melissa Parker
[2023-02-01T19:10:03.364+0000] {logging_mixin.py:137} INFO - Janet Molina
[2023-02-01T19:10:03.365+0000] {logging_mixin.py:137} INFO - Barbara Harris
[2023-02-01T19:10:03.367+0000] {logging_mixin.py:137} INFO - Joseph Hurley
[2023-02-01T19:10:03.369+0000] {logging_mixin.py:137} INFO - Greg Hayden
[2023-02-01T19:10:03.372+0000] {logging_mixin.py:137} INFO - Edwin Adams
[2023-02-01T19:10:03.380+0000] {logging_mixin.py:137} INFO - Ashley Hunter
[2023-02-01T19:10:03.382+0000] {logging_mixin.py:137} INFO - Jennifer Tucker
[2023-02-01T19:10:03.384+0000] {logging_mixin.py:137} INFO - Eddie Gray
[2023-02-01T19:10:03.393+0000] {logging_mixin.py:137} INFO - Jennifer Evans
[2023-02-01T19:10:03.398+0000] {logging_mixin.py:137} INFO - Stephen Carey
[2023-02-01T19:10:03.403+0000] {logging_mixin.py:137} INFO - Samantha Campos
[2023-02-01T19:10:03.409+0000] {logging_mixin.py:137} INFO - Meagan Brown
[2023-02-01T19:10:03.413+0000] {logging_mixin.py:137} INFO - Miss Marisa Barber
[2023-02-01T19:10:03.417+0000] {logging_mixin.py:137} INFO - Jay Mann
[2023-02-01T19:10:03.421+0000] {logging_mixin.py:137} INFO - Matthew Campbell
[2023-02-01T19:10:03.422+0000] {logging_mixin.py:137} INFO - Brent Rodriguez
[2023-02-01T19:10:03.424+0000] {logging_mixin.py:137} INFO - Teresa Ross
[2023-02-01T19:10:03.426+0000] {logging_mixin.py:137} INFO - Mary Martinez
[2023-02-01T19:10:03.428+0000] {logging_mixin.py:137} INFO - Joseph Lewis
[2023-02-01T19:10:03.432+0000] {logging_mixin.py:137} INFO - Dale Davis
[2023-02-01T19:10:03.435+0000] {logging_mixin.py:137} INFO - Elizabeth Evans
[2023-02-01T19:10:03.437+0000] {logging_mixin.py:137} INFO - Shannon Wang
[2023-02-01T19:10:03.439+0000] {logging_mixin.py:137} INFO - Brandon Campbell
[2023-02-01T19:10:03.444+0000] {logging_mixin.py:137} INFO - Rhonda Pace
[2023-02-01T19:10:03.448+0000] {logging_mixin.py:137} INFO - Sarah Santos
[2023-02-01T19:10:03.454+0000] {logging_mixin.py:137} INFO - Jacob Ford
[2023-02-01T19:10:03.456+0000] {logging_mixin.py:137} INFO - Matthew Hansen
[2023-02-01T19:10:03.459+0000] {logging_mixin.py:137} INFO - Amy Ray
[2023-02-01T19:10:03.462+0000] {logging_mixin.py:137} INFO - Aaron Fields
[2023-02-01T19:10:03.467+0000] {logging_mixin.py:137} INFO - Mary Taylor
[2023-02-01T19:10:03.469+0000] {logging_mixin.py:137} INFO - James Morris
[2023-02-01T19:10:03.470+0000] {logging_mixin.py:137} INFO - Darrell Cain
[2023-02-01T19:10:03.472+0000] {logging_mixin.py:137} INFO - Michael Smith
[2023-02-01T19:10:03.474+0000] {logging_mixin.py:137} INFO - Scott Coleman
[2023-02-01T19:10:03.475+0000] {logging_mixin.py:137} INFO - David Fitzpatrick
[2023-02-01T19:10:03.483+0000] {logging_mixin.py:137} INFO - Debra Shepherd
[2023-02-01T19:10:03.487+0000] {logging_mixin.py:137} INFO - Paul Rush
[2023-02-01T19:10:03.493+0000] {logging_mixin.py:137} INFO - Brett Hernandez
[2023-02-01T19:10:03.495+0000] {logging_mixin.py:137} INFO - Sheila Riddle
[2023-02-01T19:10:03.504+0000] {logging_mixin.py:137} INFO - Joan Austin
[2023-02-01T19:10:03.511+0000] {logging_mixin.py:137} INFO - Michael Garcia
[2023-02-01T19:10:03.513+0000] {logging_mixin.py:137} INFO - Natalie Harris
[2023-02-01T19:10:03.515+0000] {logging_mixin.py:137} INFO - Steven Dean
[2023-02-01T19:10:03.527+0000] {logging_mixin.py:137} INFO - John Brown
[2023-02-01T19:10:03.531+0000] {logging_mixin.py:137} INFO - Keith Zimmerman
[2023-02-01T19:10:03.536+0000] {logging_mixin.py:137} INFO - Curtis Byrd
[2023-02-01T19:10:03.548+0000] {logging_mixin.py:137} INFO - Mariah Green
[2023-02-01T19:10:03.553+0000] {logging_mixin.py:137} INFO - Roger Huynh
[2023-02-01T19:10:03.558+0000] {logging_mixin.py:137} INFO - Christopher Zamora
[2023-02-01T19:10:03.561+0000] {logging_mixin.py:137} INFO - Joyce Crawford
[2023-02-01T19:10:03.564+0000] {logging_mixin.py:137} INFO - Angela Smith
[2023-02-01T19:10:03.567+0000] {logging_mixin.py:137} INFO - Veronica Robinson
[2023-02-01T19:10:03.569+0000] {logging_mixin.py:137} INFO - Christopher Bates
[2023-02-01T19:10:03.570+0000] {logging_mixin.py:137} INFO - Steve Stone
[2023-02-01T19:10:03.577+0000] {logging_mixin.py:137} INFO - William Cook
[2023-02-01T19:10:03.579+0000] {logging_mixin.py:137} INFO - Lori Wood
[2023-02-01T19:10:03.580+0000] {logging_mixin.py:137} INFO - Jillian Reynolds
[2023-02-01T19:10:03.582+0000] {logging_mixin.py:137} INFO - Angela Caldwell
[2023-02-01T19:10:03.596+0000] {logging_mixin.py:137} INFO - Shane Campbell
[2023-02-01T19:10:03.599+0000] {logging_mixin.py:137} INFO - Karen Lawrence
[2023-02-01T19:10:03.608+0000] {logging_mixin.py:137} INFO - Kimberly Wood
[2023-02-01T19:10:03.614+0000] {logging_mixin.py:137} INFO - Samantha Lopez
[2023-02-01T19:10:03.620+0000] {logging_mixin.py:137} INFO - Harold Miller
[2023-02-01T19:10:03.622+0000] {logging_mixin.py:137} INFO - Raymond Cooper DVM
[2023-02-01T19:10:03.623+0000] {logging_mixin.py:137} INFO - Kristen Patel
[2023-02-01T19:10:03.624+0000] {logging_mixin.py:137} INFO - Anthony Mejia
[2023-02-01T19:10:03.626+0000] {logging_mixin.py:137} INFO - Raymond Thomas
[2023-02-01T19:10:03.629+0000] {logging_mixin.py:137} INFO - Scott Young
[2023-02-01T19:10:03.631+0000] {logging_mixin.py:137} INFO - David Larson
[2023-02-01T19:10:03.634+0000] {logging_mixin.py:137} INFO - Jon Murray
[2023-02-01T19:10:03.636+0000] {logging_mixin.py:137} INFO - Stephen Taylor
[2023-02-01T19:10:03.638+0000] {logging_mixin.py:137} INFO - Jennifer Hernandez
[2023-02-01T19:10:03.643+0000] {logging_mixin.py:137} INFO - Stacy Smith
[2023-02-01T19:10:03.647+0000] {logging_mixin.py:137} INFO - Juan Owens
[2023-02-01T19:10:03.655+0000] {logging_mixin.py:137} INFO - Brian Adkins
[2023-02-01T19:10:03.657+0000] {logging_mixin.py:137} INFO - Jesse Wells
[2023-02-01T19:10:03.659+0000] {logging_mixin.py:137} INFO - Kyle Matthews
[2023-02-01T19:10:03.661+0000] {logging_mixin.py:137} INFO - Dustin Russell
[2023-02-01T19:10:03.665+0000] {logging_mixin.py:137} INFO - Richard White
[2023-02-01T19:10:03.667+0000] {logging_mixin.py:137} INFO - Brittany Nichols
[2023-02-01T19:10:03.669+0000] {logging_mixin.py:137} INFO - Colton Kelly
[2023-02-01T19:10:03.671+0000] {logging_mixin.py:137} INFO - William Perry
[2023-02-01T19:10:03.678+0000] {logging_mixin.py:137} INFO - Thomas Cummings
[2023-02-01T19:10:03.683+0000] {logging_mixin.py:137} INFO - Timothy Ballard
[2023-02-01T19:10:03.693+0000] {logging_mixin.py:137} INFO - Richard Washington
[2023-02-01T19:10:03.694+0000] {logging_mixin.py:137} INFO - Joshua Lam
[2023-02-01T19:10:03.706+0000] {logging_mixin.py:137} INFO - Grant Jackson
[2023-02-01T19:10:03.715+0000] {logging_mixin.py:137} INFO - Erin Baker
[2023-02-01T19:10:03.722+0000] {logging_mixin.py:137} INFO - Scott Flowers
[2023-02-01T19:10:03.727+0000] {logging_mixin.py:137} INFO - James Adams
[2023-02-01T19:10:03.731+0000] {logging_mixin.py:137} INFO - Heather Alvarado
[2023-02-01T19:10:03.735+0000] {logging_mixin.py:137} INFO - Jennifer Snow
[2023-02-01T19:10:03.750+0000] {logging_mixin.py:137} INFO - Mario Jackson
[2023-02-01T19:10:03.765+0000] {logging_mixin.py:137} INFO - Kevin Collins
[2023-02-01T19:10:03.768+0000] {logging_mixin.py:137} INFO - Danielle Garcia
[2023-02-01T19:10:03.771+0000] {logging_mixin.py:137} INFO - Brenda Jackson
[2023-02-01T19:10:03.775+0000] {logging_mixin.py:137} INFO - Ashley Parker
[2023-02-01T19:10:03.779+0000] {logging_mixin.py:137} INFO - Angela Hickman
[2023-02-01T19:10:03.787+0000] {logging_mixin.py:137} INFO - Carol Rodriguez
[2023-02-01T19:10:03.788+0000] {logging_mixin.py:137} INFO - Vernon Anderson
[2023-02-01T19:10:03.795+0000] {logging_mixin.py:137} INFO - Jesus Church
[2023-02-01T19:10:03.797+0000] {logging_mixin.py:137} INFO - Michelle Medina
[2023-02-01T19:10:03.806+0000] {logging_mixin.py:137} INFO - Nancy Bryant
[2023-02-01T19:10:03.814+0000] {logging_mixin.py:137} INFO - Jennifer Martinez
[2023-02-01T19:10:03.825+0000] {logging_mixin.py:137} INFO - Amy Dougherty
[2023-02-01T19:10:03.836+0000] {logging_mixin.py:137} INFO - Alexis Sanders
[2023-02-01T19:10:03.843+0000] {logging_mixin.py:137} INFO - Austin Salazar
[2023-02-01T19:10:03.850+0000] {logging_mixin.py:137} INFO - Amy Williams
[2023-02-01T19:10:03.868+0000] {logging_mixin.py:137} INFO - Richard Haynes
[2023-02-01T19:10:03.875+0000] {logging_mixin.py:137} INFO - Christine Stark
[2023-02-01T19:10:03.883+0000] {logging_mixin.py:137} INFO - Anita Medina
[2023-02-01T19:10:03.886+0000] {logging_mixin.py:137} INFO - Mr. Thomas Duran
[2023-02-01T19:10:03.891+0000] {logging_mixin.py:137} INFO - Mr. Russell Peterson
[2023-02-01T19:10:03.900+0000] {logging_mixin.py:137} INFO - Jack Richard
[2023-02-01T19:10:03.904+0000] {logging_mixin.py:137} INFO - Michelle Erickson
[2023-02-01T19:10:03.909+0000] {logging_mixin.py:137} INFO - Mitchell Williams
[2023-02-01T19:10:03.912+0000] {logging_mixin.py:137} INFO - Adrian Herrera
[2023-02-01T19:10:03.921+0000] {logging_mixin.py:137} INFO - Michael Brady
[2023-02-01T19:10:03.930+0000] {logging_mixin.py:137} INFO - Jamie Zhang
[2023-02-01T19:10:03.939+0000] {logging_mixin.py:137} INFO - Helen Brennan
[2023-02-01T19:10:03.942+0000] {logging_mixin.py:137} INFO - John Myers
[2023-02-01T19:10:03.948+0000] {logging_mixin.py:137} INFO - Patricia Nash
[2023-02-01T19:10:03.961+0000] {logging_mixin.py:137} INFO - Michael Johnson
[2023-02-01T19:10:03.967+0000] {logging_mixin.py:137} INFO - Anita Berger
[2023-02-01T19:10:03.974+0000] {logging_mixin.py:137} INFO - Jason Guerrero DVM
[2023-02-01T19:10:03.983+0000] {logging_mixin.py:137} INFO - Kimberly Davis
[2023-02-01T19:10:03.986+0000] {logging_mixin.py:137} INFO - Bryan Hansen
[2023-02-01T19:10:03.987+0000] {logging_mixin.py:137} INFO - Rebecca Obrien
[2023-02-01T19:10:03.989+0000] {logging_mixin.py:137} INFO - Sarah Santiago
[2023-02-01T19:10:03.994+0000] {logging_mixin.py:137} INFO - Christine Lane
[2023-02-01T19:10:03.996+0000] {logging_mixin.py:137} INFO - Jerry Lewis
[2023-02-01T19:10:03.998+0000] {logging_mixin.py:137} INFO - Stephanie Miller
[2023-02-01T19:10:04.000+0000] {logging_mixin.py:137} INFO - Kristi Bradley
[2023-02-01T19:10:04.023+0000] {logging_mixin.py:137} INFO - Darren Moore
[2023-02-01T19:10:04.025+0000] {logging_mixin.py:137} INFO - Kristina Cunningham
[2023-02-01T19:10:04.028+0000] {logging_mixin.py:137} INFO - Laurie Moore
[2023-02-01T19:10:04.029+0000] {logging_mixin.py:137} INFO - Aaron Lewis
[2023-02-01T19:10:04.034+0000] {logging_mixin.py:137} INFO - Theresa Vang
[2023-02-01T19:10:04.047+0000] {logging_mixin.py:137} INFO - Chase Reese
[2023-02-01T19:10:04.058+0000] {logging_mixin.py:137} INFO - Matthew Ferguson
[2023-02-01T19:10:04.060+0000] {logging_mixin.py:137} INFO - Victoria Lewis
[2023-02-01T19:10:04.062+0000] {logging_mixin.py:137} INFO - Jon Scott
[2023-02-01T19:10:04.063+0000] {logging_mixin.py:137} INFO - Lisa Campbell
[2023-02-01T19:10:04.065+0000] {logging_mixin.py:137} INFO - David Ramirez
[2023-02-01T19:10:04.067+0000] {logging_mixin.py:137} INFO - Gabriel Rosario
[2023-02-01T19:10:04.069+0000] {logging_mixin.py:137} INFO - Kristi Johnson
[2023-02-01T19:10:04.079+0000] {logging_mixin.py:137} INFO - Jennifer Schwartz
[2023-02-01T19:10:04.086+0000] {logging_mixin.py:137} INFO - Daniel Norton
[2023-02-01T19:10:04.093+0000] {logging_mixin.py:137} INFO - Richard Montoya
[2023-02-01T19:10:04.097+0000] {logging_mixin.py:137} INFO - Daniel Norris
[2023-02-01T19:10:04.099+0000] {logging_mixin.py:137} INFO - Chad Taylor
[2023-02-01T19:10:04.101+0000] {logging_mixin.py:137} INFO - Angie Allen
[2023-02-01T19:10:04.110+0000] {logging_mixin.py:137} INFO - Michael Brooks
[2023-02-01T19:10:04.118+0000] {logging_mixin.py:137} INFO - Hannah Poole
[2023-02-01T19:10:04.123+0000] {logging_mixin.py:137} INFO - Caitlin Ray
[2023-02-01T19:10:04.126+0000] {logging_mixin.py:137} INFO - Mr. Steven Gardner
[2023-02-01T19:10:04.128+0000] {logging_mixin.py:137} INFO - Jennifer Macdonald
[2023-02-01T19:10:04.133+0000] {logging_mixin.py:137} INFO - Vanessa Small
[2023-02-01T19:10:04.138+0000] {logging_mixin.py:137} INFO - Dennis Gray
[2023-02-01T19:10:04.142+0000] {logging_mixin.py:137} INFO - Sandra Kirk
[2023-02-01T19:10:04.144+0000] {logging_mixin.py:137} INFO - Jason Wagner
[2023-02-01T19:10:04.148+0000] {logging_mixin.py:137} INFO - David Owen
[2023-02-01T19:10:04.152+0000] {logging_mixin.py:137} INFO - Rose Terrell
[2023-02-01T19:10:04.161+0000] {logging_mixin.py:137} INFO - James Green MD
[2023-02-01T19:10:04.164+0000] {logging_mixin.py:137} INFO - Tammy Patel
[2023-02-01T19:10:04.168+0000] {logging_mixin.py:137} INFO - Joseph Lucero
[2023-02-01T19:10:04.170+0000] {logging_mixin.py:137} INFO - Stephanie Rojas
[2023-02-01T19:10:04.175+0000] {logging_mixin.py:137} INFO - Brittany Johnson
[2023-02-01T19:10:04.179+0000] {logging_mixin.py:137} INFO - Christina Cummings
[2023-02-01T19:10:04.183+0000] {logging_mixin.py:137} INFO - Eric Downs
[2023-02-01T19:10:04.185+0000] {logging_mixin.py:137} INFO - Paul Finley
[2023-02-01T19:10:04.187+0000] {logging_mixin.py:137} INFO - Danielle Jackson
[2023-02-01T19:10:04.190+0000] {logging_mixin.py:137} INFO - Anna Johnston
[2023-02-01T19:10:04.196+0000] {logging_mixin.py:137} INFO - Ashlee Hodges
[2023-02-01T19:10:04.201+0000] {logging_mixin.py:137} INFO - Thomas Francis
[2023-02-01T19:10:04.206+0000] {logging_mixin.py:137} INFO - Cody Baird
[2023-02-01T19:10:04.220+0000] {logging_mixin.py:137} INFO - Jeffrey Walter
[2023-02-01T19:10:04.225+0000] {logging_mixin.py:137} INFO - Hannah West
[2023-02-01T19:10:04.227+0000] {logging_mixin.py:137} INFO - Anthony Byrd
[2023-02-01T19:10:04.231+0000] {logging_mixin.py:137} INFO - Julie Ramirez
[2023-02-01T19:10:04.235+0000] {logging_mixin.py:137} INFO - Seth Peters
[2023-02-01T19:10:04.241+0000] {logging_mixin.py:137} INFO - Keith Salas
[2023-02-01T19:10:04.247+0000] {logging_mixin.py:137} INFO - Kathryn Evans
[2023-02-01T19:10:04.250+0000] {logging_mixin.py:137} INFO - Dr. Maria Scott
[2023-02-01T19:10:04.253+0000] {logging_mixin.py:137} INFO - Brenda Thomas
[2023-02-01T19:10:04.260+0000] {logging_mixin.py:137} INFO - Travis Douglas
[2023-02-01T19:10:04.261+0000] {logging_mixin.py:137} INFO - Kurt Santos
[2023-02-01T19:10:04.263+0000] {logging_mixin.py:137} INFO - Sean Parrish
[2023-02-01T19:10:04.267+0000] {logging_mixin.py:137} INFO - Brittany Walls
[2023-02-01T19:10:04.272+0000] {logging_mixin.py:137} INFO - Gail Brooks
[2023-02-01T19:10:04.282+0000] {logging_mixin.py:137} INFO - Valerie Johnson
[2023-02-01T19:10:04.287+0000] {logging_mixin.py:137} INFO - Jessica Dunn
[2023-02-01T19:10:04.292+0000] {logging_mixin.py:137} INFO - Chad Robinson
[2023-02-01T19:10:04.297+0000] {logging_mixin.py:137} INFO - Catherine Combs
[2023-02-01T19:10:04.308+0000] {logging_mixin.py:137} INFO - Joshua Boyd
[2023-02-01T19:10:04.314+0000] {logging_mixin.py:137} INFO - Alicia Barnett DVM
[2023-02-01T19:10:04.321+0000] {logging_mixin.py:137} INFO - Kevin Cervantes
[2023-02-01T19:10:04.324+0000] {logging_mixin.py:137} INFO - Larry Lester
[2023-02-01T19:10:04.333+0000] {logging_mixin.py:137} INFO - Deanna Espinoza
[2023-02-01T19:10:04.339+0000] {logging_mixin.py:137} INFO - Marilyn Davis
[2023-02-01T19:10:04.345+0000] {logging_mixin.py:137} INFO - Michael Weeks
[2023-02-01T19:10:04.349+0000] {logging_mixin.py:137} INFO - Brandon Stanton
[2023-02-01T19:10:04.351+0000] {logging_mixin.py:137} INFO - Ryan Boyer Jr.
[2023-02-01T19:10:04.355+0000] {logging_mixin.py:137} INFO - Amanda Elliott
[2023-02-01T19:10:04.359+0000] {logging_mixin.py:137} INFO - David Moore
[2023-02-01T19:10:04.363+0000] {logging_mixin.py:137} INFO - Andre Williams
[2023-02-01T19:10:04.375+0000] {logging_mixin.py:137} INFO - Jennifer Garcia
[2023-02-01T19:10:04.378+0000] {logging_mixin.py:137} INFO - Tracey Cook
[2023-02-01T19:10:04.382+0000] {logging_mixin.py:137} INFO - Michael Turner
[2023-02-01T19:10:04.388+0000] {logging_mixin.py:137} INFO - Diana Long
[2023-02-01T19:10:04.396+0000] {logging_mixin.py:137} INFO - John Bradley
[2023-02-01T19:10:04.403+0000] {logging_mixin.py:137} INFO - Ann Benjamin
[2023-02-01T19:10:04.409+0000] {logging_mixin.py:137} INFO - Shane House
[2023-02-01T19:10:04.414+0000] {logging_mixin.py:137} INFO - Erin Lee
[2023-02-01T19:10:04.423+0000] {logging_mixin.py:137} INFO - Joseph Gray
[2023-02-01T19:10:04.427+0000] {logging_mixin.py:137} INFO - Betty Gibson
[2023-02-01T19:10:04.431+0000] {logging_mixin.py:137} INFO - Kristen Graham
[2023-02-01T19:10:04.436+0000] {logging_mixin.py:137} INFO - Daniel Meza
[2023-02-01T19:10:04.439+0000] {logging_mixin.py:137} INFO - Sherri Carpenter
[2023-02-01T19:10:04.446+0000] {logging_mixin.py:137} INFO - Andrea Sanchez
[2023-02-01T19:10:04.448+0000] {logging_mixin.py:137} INFO - Jordan Rios
[2023-02-01T19:10:04.455+0000] {logging_mixin.py:137} INFO - Elizabeth Jackson
[2023-02-01T19:10:04.464+0000] {logging_mixin.py:137} INFO - Elizabeth Myers
[2023-02-01T19:10:04.467+0000] {logging_mixin.py:137} INFO - Juan Barnes
[2023-02-01T19:10:04.475+0000] {logging_mixin.py:137} INFO - Christopher Lozano
[2023-02-01T19:10:04.480+0000] {logging_mixin.py:137} INFO - Jacqueline Griffin
[2023-02-01T19:10:04.481+0000] {logging_mixin.py:137} INFO - Ryan Mason
[2023-02-01T19:10:04.482+0000] {logging_mixin.py:137} INFO - Jonathan Moore
[2023-02-01T19:10:04.484+0000] {logging_mixin.py:137} INFO - Abigail Landry
[2023-02-01T19:10:04.486+0000] {logging_mixin.py:137} INFO - Brenda Hernandez
[2023-02-01T19:10:04.496+0000] {logging_mixin.py:137} INFO - Zachary Pitts
[2023-02-01T19:10:04.501+0000] {logging_mixin.py:137} INFO - Amanda Rogers
[2023-02-01T19:10:04.503+0000] {logging_mixin.py:137} INFO - Cynthia Gray
[2023-02-01T19:10:04.508+0000] {logging_mixin.py:137} INFO - Tyler Barajas
[2023-02-01T19:10:04.510+0000] {logging_mixin.py:137} INFO - Michelle Leon
[2023-02-01T19:10:04.514+0000] {logging_mixin.py:137} INFO - Kathy Lang
[2023-02-01T19:10:04.517+0000] {logging_mixin.py:137} INFO - Scott Townsend MD
[2023-02-01T19:10:04.519+0000] {logging_mixin.py:137} INFO - Theresa Acosta
[2023-02-01T19:10:04.527+0000] {logging_mixin.py:137} INFO - David Jones
[2023-02-01T19:10:04.536+0000] {logging_mixin.py:137} INFO - Jeremy Robinson
[2023-02-01T19:10:04.545+0000] {logging_mixin.py:137} INFO - James Newton
[2023-02-01T19:10:04.550+0000] {logging_mixin.py:137} INFO - Tracey Wells
[2023-02-01T19:10:04.553+0000] {logging_mixin.py:137} INFO - Maria Nelson
[2023-02-01T19:10:04.557+0000] {logging_mixin.py:137} INFO - Christopher Griffith
[2023-02-01T19:10:04.560+0000] {logging_mixin.py:137} INFO - Zachary Griffin
[2023-02-01T19:10:04.571+0000] {logging_mixin.py:137} INFO - Amy Nguyen
[2023-02-01T19:10:04.573+0000] {logging_mixin.py:137} INFO - April Williams
[2023-02-01T19:10:04.575+0000] {logging_mixin.py:137} INFO - Marissa Kelly
[2023-02-01T19:10:04.577+0000] {logging_mixin.py:137} INFO - Brian Lopez PhD
[2023-02-01T19:10:04.579+0000] {logging_mixin.py:137} INFO - William Williams
[2023-02-01T19:10:04.580+0000] {logging_mixin.py:137} INFO - Norman Brown
[2023-02-01T19:10:04.582+0000] {logging_mixin.py:137} INFO - Charles Fuentes
[2023-02-01T19:10:04.584+0000] {logging_mixin.py:137} INFO - Anthony Chang
[2023-02-01T19:10:04.588+0000] {logging_mixin.py:137} INFO - Mary Bell
[2023-02-01T19:10:04.593+0000] {logging_mixin.py:137} INFO - Elizabeth Stuart
[2023-02-01T19:10:04.595+0000] {logging_mixin.py:137} INFO - Mary Mcdonald
[2023-02-01T19:10:04.597+0000] {logging_mixin.py:137} INFO - Martin Harrison
[2023-02-01T19:10:04.601+0000] {logging_mixin.py:137} INFO - Stephanie Fernandez
[2023-02-01T19:10:04.602+0000] {logging_mixin.py:137} INFO - Christopher Brown
[2023-02-01T19:10:04.609+0000] {logging_mixin.py:137} INFO - Alexander Stephenson
[2023-02-01T19:10:04.611+0000] {logging_mixin.py:137} INFO - Grace Diaz
[2023-02-01T19:10:04.612+0000] {logging_mixin.py:137} INFO - Frank Bartlett
[2023-02-01T19:10:04.614+0000] {logging_mixin.py:137} INFO - Audrey Andersen
[2023-02-01T19:10:04.617+0000] {logging_mixin.py:137} INFO - David Green
[2023-02-01T19:10:04.621+0000] {logging_mixin.py:137} INFO - Joshua Diaz Jr.
[2023-02-01T19:10:04.632+0000] {logging_mixin.py:137} INFO - Emily Garcia
[2023-02-01T19:10:04.635+0000] {logging_mixin.py:137} INFO - Devin Hall
[2023-02-01T19:10:04.639+0000] {logging_mixin.py:137} INFO - Phillip Garner
[2023-02-01T19:10:04.649+0000] {logging_mixin.py:137} INFO - Katherine Estrada
[2023-02-01T19:10:04.656+0000] {logging_mixin.py:137} INFO - Corey Saunders
[2023-02-01T19:10:04.660+0000] {logging_mixin.py:137} INFO - Kimberly Collins
[2023-02-01T19:10:04.665+0000] {logging_mixin.py:137} INFO - Amy Elliott
[2023-02-01T19:10:04.669+0000] {logging_mixin.py:137} INFO - Tanya Jones
[2023-02-01T19:10:04.674+0000] {logging_mixin.py:137} INFO - Patricia Gonzalez
[2023-02-01T19:10:04.683+0000] {logging_mixin.py:137} INFO - Jennifer Hill
[2023-02-01T19:10:04.692+0000] {logging_mixin.py:137} INFO - John Haynes
[2023-02-01T19:10:04.695+0000] {logging_mixin.py:137} INFO - Jacob Henry
[2023-02-01T19:10:04.697+0000] {logging_mixin.py:137} INFO - Daniel Clark
[2023-02-01T19:10:04.703+0000] {logging_mixin.py:137} INFO - Jonathon Taylor
[2023-02-01T19:10:04.706+0000] {logging_mixin.py:137} INFO - Jesse Evans
[2023-02-01T19:10:04.710+0000] {logging_mixin.py:137} INFO - James Martinez
[2023-02-01T19:10:04.721+0000] {logging_mixin.py:137} INFO - Kyle Reyes
[2023-02-01T19:10:04.723+0000] {logging_mixin.py:137} INFO - Terrence Barker
[2023-02-01T19:10:04.732+0000] {logging_mixin.py:137} INFO - Anthony Washington
[2023-02-01T19:10:04.737+0000] {logging_mixin.py:137} INFO - Dustin Le
[2023-02-01T19:10:04.740+0000] {logging_mixin.py:137} INFO - Bruce Clark
[2023-02-01T19:10:04.742+0000] {logging_mixin.py:137} INFO - Keith Anthony
[2023-02-01T19:10:04.748+0000] {logging_mixin.py:137} INFO - Jeremiah Stone
[2023-02-01T19:10:04.752+0000] {logging_mixin.py:137} INFO - Michael Haley
[2023-02-01T19:10:04.767+0000] {logging_mixin.py:137} INFO - Regina Carrillo
[2023-02-01T19:10:04.771+0000] {logging_mixin.py:137} INFO - Jacob Lee
[2023-02-01T19:10:04.772+0000] {logging_mixin.py:137} INFO - Thomas Gonzalez
[2023-02-01T19:10:04.778+0000] {logging_mixin.py:137} INFO - Mark Lawrence
[2023-02-01T19:10:04.780+0000] {logging_mixin.py:137} INFO - Matthew Anderson
[2023-02-01T19:10:04.782+0000] {logging_mixin.py:137} INFO - Nicholas Young
[2023-02-01T19:10:04.785+0000] {logging_mixin.py:137} INFO - Melvin Martinez
[2023-02-01T19:10:04.790+0000] {logging_mixin.py:137} INFO - Scott Green
[2023-02-01T19:10:04.794+0000] {logging_mixin.py:137} INFO - Dana Richards
[2023-02-01T19:10:04.798+0000] {logging_mixin.py:137} INFO - Lauren Moore
[2023-02-01T19:10:04.801+0000] {logging_mixin.py:137} INFO - Terry Campbell
[2023-02-01T19:10:04.811+0000] {logging_mixin.py:137} INFO - Ralph Jordan
[2023-02-01T19:10:04.813+0000] {logging_mixin.py:137} INFO - Noah Reyes
[2023-02-01T19:10:04.817+0000] {logging_mixin.py:137} INFO - Mr. Gregory Mills MD
[2023-02-01T19:10:04.824+0000] {logging_mixin.py:137} INFO - Michelle Yates
[2023-02-01T19:10:04.829+0000] {logging_mixin.py:137} INFO - Robin Reyes
[2023-02-01T19:10:04.837+0000] {logging_mixin.py:137} INFO - Rebecca Smith
[2023-02-01T19:10:04.841+0000] {logging_mixin.py:137} INFO - Nicole Torres
[2023-02-01T19:10:04.842+0000] {logging_mixin.py:137} INFO - Ronald Jones
[2023-02-01T19:10:04.844+0000] {logging_mixin.py:137} INFO - Michael Castaneda
[2023-02-01T19:10:04.846+0000] {logging_mixin.py:137} INFO - Christopher Krueger
[2023-02-01T19:10:04.870+0000] {logging_mixin.py:137} INFO - Jennifer Werner
[2023-02-01T19:10:04.877+0000] {logging_mixin.py:137} INFO - Ashley Smith
[2023-02-01T19:10:04.882+0000] {logging_mixin.py:137} INFO - Alyssa Fields
[2023-02-01T19:10:04.886+0000] {logging_mixin.py:137} INFO - John Scott
[2023-02-01T19:10:04.889+0000] {logging_mixin.py:137} INFO - Debra Delacruz
[2023-02-01T19:10:04.893+0000] {logging_mixin.py:137} INFO - James Madden
[2023-02-01T19:10:04.897+0000] {logging_mixin.py:137} INFO - Joseph Gentry
[2023-02-01T19:10:04.900+0000] {logging_mixin.py:137} INFO - Ashley Cabrera
[2023-02-01T19:10:04.904+0000] {logging_mixin.py:137} INFO - Jennifer Fernandez
[2023-02-01T19:10:04.909+0000] {logging_mixin.py:137} INFO - James Harris
[2023-02-01T19:10:04.913+0000] {logging_mixin.py:137} INFO - Candice Young
[2023-02-01T19:10:04.915+0000] {logging_mixin.py:137} INFO - Lisa Baker
[2023-02-01T19:10:04.918+0000] {logging_mixin.py:137} INFO - Brian Mills DDS
[2023-02-01T19:10:04.923+0000] {logging_mixin.py:137} INFO - Kristin Smith
[2023-02-01T19:10:04.930+0000] {logging_mixin.py:137} INFO - Jacob Collins
[2023-02-01T19:10:04.969+0000] {logging_mixin.py:137} INFO - Kimberly Harris
[2023-02-01T19:10:04.977+0000] {logging_mixin.py:137} INFO - Michael Hull
[2023-02-01T19:10:04.979+0000] {logging_mixin.py:137} INFO - Caitlin Todd
[2023-02-01T19:10:04.986+0000] {logging_mixin.py:137} INFO - Lisa Harris
[2023-02-01T19:10:04.992+0000] {logging_mixin.py:137} INFO - Mrs. Ann Stone
[2023-02-01T19:10:04.996+0000] {logging_mixin.py:137} INFO - Michelle Case
[2023-02-01T19:10:05.000+0000] {logging_mixin.py:137} INFO - Joe Lowe
[2023-02-01T19:10:05.004+0000] {logging_mixin.py:137} INFO - Randall Dunn
[2023-02-01T19:10:05.007+0000] {logging_mixin.py:137} INFO - Paula Vargas
[2023-02-01T19:10:05.009+0000] {logging_mixin.py:137} INFO - Daniel Walker
[2023-02-01T19:10:05.011+0000] {logging_mixin.py:137} INFO - James Jackson
[2023-02-01T19:10:05.017+0000] {logging_mixin.py:137} INFO - Shirley Woodard
[2023-02-01T19:10:05.021+0000] {logging_mixin.py:137} INFO - James Hayes
[2023-02-01T19:10:05.033+0000] {logging_mixin.py:137} INFO - Megan Austin
[2023-02-01T19:10:05.036+0000] {logging_mixin.py:137} INFO - Erin Robertson
[2023-02-01T19:10:05.040+0000] {logging_mixin.py:137} INFO - Robert Phillips
[2023-02-01T19:10:05.043+0000] {logging_mixin.py:137} INFO - Amy Torres
[2023-02-01T19:10:05.047+0000] {logging_mixin.py:137} INFO - Joshua Cox
[2023-02-01T19:10:05.049+0000] {logging_mixin.py:137} INFO - Duane Grimes
[2023-02-01T19:10:05.051+0000] {logging_mixin.py:137} INFO - Jennifer Burgess
[2023-02-01T19:10:05.054+0000] {logging_mixin.py:137} INFO - Carlos Duran
[2023-02-01T19:10:05.057+0000] {logging_mixin.py:137} INFO - Jason Johnson
[2023-02-01T19:10:05.059+0000] {logging_mixin.py:137} INFO - Cameron Greer
[2023-02-01T19:10:05.061+0000] {logging_mixin.py:137} INFO - Randall Williams
[2023-02-01T19:10:05.063+0000] {logging_mixin.py:137} INFO - Jessica Harris
[2023-02-01T19:10:05.065+0000] {logging_mixin.py:137} INFO - Joshua Rogers
[2023-02-01T19:10:05.067+0000] {logging_mixin.py:137} INFO - Jose Mahoney
[2023-02-01T19:10:05.072+0000] {logging_mixin.py:137} INFO - Brandy Fuentes
[2023-02-01T19:10:05.075+0000] {logging_mixin.py:137} INFO - Angelica Matthews
[2023-02-01T19:10:05.081+0000] {logging_mixin.py:137} INFO - Glenn Caldwell
[2023-02-01T19:10:05.085+0000] {logging_mixin.py:137} INFO - Cristian Delacruz
[2023-02-01T19:10:05.090+0000] {logging_mixin.py:137} INFO - Alexandra Price
[2023-02-01T19:10:05.092+0000] {logging_mixin.py:137} INFO - Heather Wilson
[2023-02-01T19:10:05.095+0000] {logging_mixin.py:137} INFO - Shawn Thompson
[2023-02-01T19:10:05.096+0000] {logging_mixin.py:137} INFO - Anna Daniel
[2023-02-01T19:10:05.101+0000] {logging_mixin.py:137} INFO - Joseph Cisneros
[2023-02-01T19:10:05.103+0000] {logging_mixin.py:137} INFO - Rebecca Estes
[2023-02-01T19:10:05.105+0000] {logging_mixin.py:137} INFO - Jeremy Porter
[2023-02-01T19:10:05.108+0000] {logging_mixin.py:137} INFO - Lisa Mann
[2023-02-01T19:10:05.110+0000] {logging_mixin.py:137} INFO - Michael Woods
[2023-02-01T19:10:05.113+0000] {logging_mixin.py:137} INFO - Madison Thompson
[2023-02-01T19:10:05.116+0000] {logging_mixin.py:137} INFO - Nancy Gomez
[2023-02-01T19:10:05.118+0000] {logging_mixin.py:137} INFO - Julie Blanchard
[2023-02-01T19:10:05.123+0000] {logging_mixin.py:137} INFO - Michael Smith
[2023-02-01T19:10:05.126+0000] {logging_mixin.py:137} INFO - Angel Huber
[2023-02-01T19:10:05.129+0000] {logging_mixin.py:137} INFO - Michael Coffey
[2023-02-01T19:10:05.132+0000] {logging_mixin.py:137} INFO - Patrick Walter
[2023-02-01T19:10:05.134+0000] {logging_mixin.py:137} INFO - Curtis Davis
[2023-02-01T19:10:05.140+0000] {logging_mixin.py:137} INFO - Kyle Stewart
[2023-02-01T19:10:05.143+0000] {logging_mixin.py:137} INFO - Angela Jimenez
[2023-02-01T19:10:05.145+0000] {logging_mixin.py:137} INFO - Andrew Martinez
[2023-02-01T19:10:05.147+0000] {logging_mixin.py:137} INFO - Angela West
[2023-02-01T19:10:05.149+0000] {logging_mixin.py:137} INFO - Ryan Young
[2023-02-01T19:10:05.155+0000] {logging_mixin.py:137} INFO - Nathaniel Evans
[2023-02-01T19:10:05.157+0000] {logging_mixin.py:137} INFO - Dawn Bryant
[2023-02-01T19:10:05.159+0000] {logging_mixin.py:137} INFO - Danielle Lewis
[2023-02-01T19:10:05.161+0000] {logging_mixin.py:137} INFO - Matthew Newman
[2023-02-01T19:10:05.164+0000] {logging_mixin.py:137} INFO - Robert Smith
[2023-02-01T19:10:05.169+0000] {logging_mixin.py:137} INFO - Melissa Hicks
[2023-02-01T19:10:05.172+0000] {logging_mixin.py:137} INFO - Emily Lambert
[2023-02-01T19:10:05.174+0000] {logging_mixin.py:137} INFO - Krystal Wolfe
[2023-02-01T19:10:05.176+0000] {logging_mixin.py:137} INFO - Donna Murillo
[2023-02-01T19:10:05.178+0000] {logging_mixin.py:137} INFO - Carl Hudson
[2023-02-01T19:10:05.182+0000] {logging_mixin.py:137} INFO - Robert Wilson
[2023-02-01T19:10:05.185+0000] {logging_mixin.py:137} INFO - Patrick Mathis
[2023-02-01T19:10:05.189+0000] {logging_mixin.py:137} INFO - Michael Suarez
[2023-02-01T19:10:05.190+0000] {logging_mixin.py:137} INFO - David Johnson
[2023-02-01T19:10:05.193+0000] {logging_mixin.py:137} INFO - William Thompson
[2023-02-01T19:10:05.195+0000] {logging_mixin.py:137} INFO - Jessica Hansen DVM
[2023-02-01T19:10:05.199+0000] {logging_mixin.py:137} INFO - Katherine Friedman
[2023-02-01T19:10:05.201+0000] {logging_mixin.py:137} INFO - Jillian Johnson
[2023-02-01T19:10:05.203+0000] {logging_mixin.py:137} INFO - Robert Mckee
[2023-02-01T19:10:05.208+0000] {logging_mixin.py:137} INFO - Rachel Little
[2023-02-01T19:10:05.213+0000] {logging_mixin.py:137} INFO - Patricia Smith
[2023-02-01T19:10:05.218+0000] {logging_mixin.py:137} INFO - Heidi Martinez
[2023-02-01T19:10:05.223+0000] {logging_mixin.py:137} INFO - Caitlin Solomon
[2023-02-01T19:10:05.226+0000] {logging_mixin.py:137} INFO - Dr. Olivia Pugh
[2023-02-01T19:10:05.228+0000] {logging_mixin.py:137} INFO - John Steele DDS
[2023-02-01T19:10:05.230+0000] {logging_mixin.py:137} INFO - Jeremy Mathews
[2023-02-01T19:10:05.233+0000] {logging_mixin.py:137} INFO - Tiffany Hill
[2023-02-01T19:10:05.238+0000] {logging_mixin.py:137} INFO - Steven Edwards
[2023-02-01T19:10:05.242+0000] {logging_mixin.py:137} INFO - Charles Campbell
[2023-02-01T19:10:05.244+0000] {logging_mixin.py:137} INFO - Brett Hughes
[2023-02-01T19:10:05.247+0000] {logging_mixin.py:137} INFO - Christina Villegas
[2023-02-01T19:10:05.251+0000] {logging_mixin.py:137} INFO - Anthony Garcia
[2023-02-01T19:10:05.253+0000] {logging_mixin.py:137} INFO - Nathan Murphy
[2023-02-01T19:10:05.257+0000] {logging_mixin.py:137} INFO - Steven Dodson
[2023-02-01T19:10:05.260+0000] {logging_mixin.py:137} INFO - Brian Sullivan
[2023-02-01T19:10:05.262+0000] {logging_mixin.py:137} INFO - Renee White
[2023-02-01T19:10:05.264+0000] {logging_mixin.py:137} INFO - Laura Rowland
[2023-02-01T19:10:05.266+0000] {logging_mixin.py:137} INFO - John Moore
[2023-02-01T19:10:05.267+0000] {logging_mixin.py:137} INFO - Sophia Mckenzie
[2023-02-01T19:10:05.269+0000] {logging_mixin.py:137} INFO - David Roach
[2023-02-01T19:10:05.276+0000] {logging_mixin.py:137} INFO - Jennifer Patterson
[2023-02-01T19:10:05.278+0000] {logging_mixin.py:137} INFO - James Richards
[2023-02-01T19:10:05.281+0000] {logging_mixin.py:137} INFO - Mary Johnston
[2023-02-01T19:10:05.283+0000] {logging_mixin.py:137} INFO - Brandon Mcdaniel
[2023-02-01T19:10:05.286+0000] {logging_mixin.py:137} INFO - Meghan Stevenson
[2023-02-01T19:10:05.288+0000] {logging_mixin.py:137} INFO - Luis Hayes
[2023-02-01T19:10:05.291+0000] {logging_mixin.py:137} INFO - Alejandra Sloan
[2023-02-01T19:10:05.294+0000] {logging_mixin.py:137} INFO - Dr. Sandra Miller
[2023-02-01T19:10:05.297+0000] {logging_mixin.py:137} INFO - Dustin Bond
[2023-02-01T19:10:05.300+0000] {logging_mixin.py:137} INFO - Julia Patrick MD
[2023-02-01T19:10:05.302+0000] {logging_mixin.py:137} INFO - Jill Campbell
[2023-02-01T19:10:05.305+0000] {logging_mixin.py:137} INFO - Mark Ford
[2023-02-01T19:10:05.308+0000] {logging_mixin.py:137} INFO - Brian Long
[2023-02-01T19:10:05.311+0000] {logging_mixin.py:137} INFO - Lisa Peterson
[2023-02-01T19:10:05.313+0000] {logging_mixin.py:137} INFO - Matthew Lee
[2023-02-01T19:10:05.315+0000] {logging_mixin.py:137} INFO - Bradley Miller
[2023-02-01T19:10:05.320+0000] {logging_mixin.py:137} INFO - Jeffrey Moss
[2023-02-01T19:10:05.325+0000] {logging_mixin.py:137} INFO - Sara Carlson
[2023-02-01T19:10:05.326+0000] {logging_mixin.py:137} INFO - Daniel Rodriguez
[2023-02-01T19:10:05.328+0000] {logging_mixin.py:137} INFO - Jeremy David
[2023-02-01T19:10:05.331+0000] {logging_mixin.py:137} INFO - Eric Green
[2023-02-01T19:10:05.336+0000] {logging_mixin.py:137} INFO - Alexis Jones
[2023-02-01T19:10:05.340+0000] {logging_mixin.py:137} INFO - Matthew Rose
[2023-02-01T19:10:05.342+0000] {logging_mixin.py:137} INFO - Catherine Anderson
[2023-02-01T19:10:05.345+0000] {logging_mixin.py:137} INFO - Holly Burton
[2023-02-01T19:10:05.353+0000] {logging_mixin.py:137} INFO - David Matthews
[2023-02-01T19:10:05.355+0000] {logging_mixin.py:137} INFO - Mrs. Kara Little
[2023-02-01T19:10:05.362+0000] {logging_mixin.py:137} INFO - Jeffrey Stanley
[2023-02-01T19:10:05.364+0000] {logging_mixin.py:137} INFO - James Ochoa
[2023-02-01T19:10:05.370+0000] {logging_mixin.py:137} INFO - Jason Frye
[2023-02-01T19:10:05.374+0000] {logging_mixin.py:137} INFO - Christopher Ellis
[2023-02-01T19:10:05.379+0000] {logging_mixin.py:137} INFO - Michelle Nixon
[2023-02-01T19:10:05.385+0000] {logging_mixin.py:137} INFO - Andrew Gill
[2023-02-01T19:10:05.392+0000] {logging_mixin.py:137} INFO - Jennifer Wilson
[2023-02-01T19:10:05.395+0000] {logging_mixin.py:137} INFO - Shawn Black
[2023-02-01T19:10:05.402+0000] {logging_mixin.py:137} INFO - April Patterson
[2023-02-01T19:10:05.404+0000] {logging_mixin.py:137} INFO - Troy Vaughn
[2023-02-01T19:10:05.406+0000] {logging_mixin.py:137} INFO - Alexandria White
[2023-02-01T19:10:05.409+0000] {logging_mixin.py:137} INFO - Scott Phillips
[2023-02-01T19:10:05.411+0000] {logging_mixin.py:137} INFO - Zachary Cisneros
[2023-02-01T19:10:05.412+0000] {logging_mixin.py:137} INFO - Deborah Brown
[2023-02-01T19:10:05.415+0000] {logging_mixin.py:137} INFO - Monica Moses
[2023-02-01T19:10:05.417+0000] {logging_mixin.py:137} INFO - Brenda Reyes
[2023-02-01T19:10:05.419+0000] {logging_mixin.py:137} INFO - Miss Renee Allen
[2023-02-01T19:10:05.422+0000] {logging_mixin.py:137} INFO - Susan Clark
[2023-02-01T19:10:05.425+0000] {logging_mixin.py:137} INFO - Brandy Coffey
[2023-02-01T19:10:05.432+0000] {logging_mixin.py:137} INFO - Brett Nelson
[2023-02-01T19:10:05.437+0000] {logging_mixin.py:137} INFO - Ricardo Young
[2023-02-01T19:10:05.439+0000] {logging_mixin.py:137} INFO - Paul Lee
[2023-02-01T19:10:05.441+0000] {logging_mixin.py:137} INFO - David Allen
[2023-02-01T19:10:05.444+0000] {logging_mixin.py:137} INFO - Andrea Knight
[2023-02-01T19:10:05.446+0000] {logging_mixin.py:137} INFO - James Gomez
[2023-02-01T19:10:05.455+0000] {logging_mixin.py:137} INFO - Melody Gibson
[2023-02-01T19:10:05.457+0000] {logging_mixin.py:137} INFO - Christina Martinez
[2023-02-01T19:10:05.459+0000] {logging_mixin.py:137} INFO - Shelby Smith
[2023-02-01T19:10:05.465+0000] {logging_mixin.py:137} INFO - Jason Howard
[2023-02-01T19:10:05.469+0000] {logging_mixin.py:137} INFO - Amy Davidson
[2023-02-01T19:10:05.474+0000] {logging_mixin.py:137} INFO - Kyle Copeland
[2023-02-01T19:10:05.478+0000] {logging_mixin.py:137} INFO - Madeline Davis
[2023-02-01T19:10:05.481+0000] {logging_mixin.py:137} INFO - Aaron Young
[2023-02-01T19:10:05.484+0000] {logging_mixin.py:137} INFO - Lisa Barrett
[2023-02-01T19:10:05.491+0000] {logging_mixin.py:137} INFO - Joel Jones
[2023-02-01T19:10:05.494+0000] {logging_mixin.py:137} INFO - Christine Evans
[2023-02-01T19:10:05.497+0000] {logging_mixin.py:137} INFO - Kimberly Johnson
[2023-02-01T19:10:05.499+0000] {logging_mixin.py:137} INFO - Charles Hess
[2023-02-01T19:10:05.503+0000] {logging_mixin.py:137} INFO - Paul Dixon
[2023-02-01T19:10:05.509+0000] {logging_mixin.py:137} INFO - Christopher Johnson
[2023-02-01T19:10:05.512+0000] {logging_mixin.py:137} INFO - Robert Dawson
[2023-02-01T19:10:05.515+0000] {logging_mixin.py:137} INFO - Ryan Dixon
[2023-02-01T19:10:05.516+0000] {logging_mixin.py:137} INFO - Julie Martinez
[2023-02-01T19:10:05.518+0000] {logging_mixin.py:137} INFO - David Adams
[2023-02-01T19:10:05.524+0000] {logging_mixin.py:137} INFO - Mariah Brown
[2023-02-01T19:10:05.527+0000] {logging_mixin.py:137} INFO - Deborah Malone
[2023-02-01T19:10:05.530+0000] {logging_mixin.py:137} INFO - John Brown
[2023-02-01T19:10:05.532+0000] {logging_mixin.py:137} INFO - Maria Stewart
[2023-02-01T19:10:05.537+0000] {logging_mixin.py:137} INFO - Mr. Bryan Hawkins
[2023-02-01T19:10:05.542+0000] {logging_mixin.py:137} INFO - Kyle Brooks
[2023-02-01T19:10:05.545+0000] {logging_mixin.py:137} INFO - Kenneth White
[2023-02-01T19:10:05.547+0000] {logging_mixin.py:137} INFO - Patricia Wilson
[2023-02-01T19:10:05.548+0000] {logging_mixin.py:137} INFO - Paul Soto
[2023-02-01T19:10:05.550+0000] {logging_mixin.py:137} INFO - Janice Garrett
[2023-02-01T19:10:05.554+0000] {logging_mixin.py:137} INFO - Randy Strickland
[2023-02-01T19:10:05.556+0000] {logging_mixin.py:137} INFO - Felicia Herrera
[2023-02-01T19:10:05.557+0000] {logging_mixin.py:137} INFO - Andre Campos
[2023-02-01T19:10:05.560+0000] {logging_mixin.py:137} INFO - Justin Meyer
[2023-02-01T19:10:05.561+0000] {logging_mixin.py:137} INFO - Brandon Brooks
[2023-02-01T19:10:05.563+0000] {logging_mixin.py:137} INFO - Abigail Rivera
[2023-02-01T19:10:05.567+0000] {logging_mixin.py:137} INFO - Jessica Mann
[2023-02-01T19:10:05.569+0000] {logging_mixin.py:137} INFO - Michael Sawyer
[2023-02-01T19:10:05.571+0000] {logging_mixin.py:137} INFO - Jeffrey Coleman
[2023-02-01T19:10:05.573+0000] {logging_mixin.py:137} INFO - Micheal Castro
[2023-02-01T19:10:05.575+0000] {logging_mixin.py:137} INFO - Laura Gonzalez
[2023-02-01T19:10:05.579+0000] {logging_mixin.py:137} INFO - Christopher Jackson
[2023-02-01T19:10:05.581+0000] {logging_mixin.py:137} INFO - William Mckenzie
[2023-02-01T19:10:05.583+0000] {logging_mixin.py:137} INFO - Kristina Rodriguez
[2023-02-01T19:10:05.585+0000] {logging_mixin.py:137} INFO - Kelli Williams
[2023-02-01T19:10:05.587+0000] {logging_mixin.py:137} INFO - Diane Norris
[2023-02-01T19:10:05.588+0000] {logging_mixin.py:137} INFO - Kevin Carroll
[2023-02-01T19:10:05.594+0000] {logging_mixin.py:137} INFO - Betty Weber
[2023-02-01T19:10:05.596+0000] {logging_mixin.py:137} INFO - Jeffery Robinson
[2023-02-01T19:10:05.599+0000] {logging_mixin.py:137} INFO - Hannah Cowan
[2023-02-01T19:10:05.602+0000] {logging_mixin.py:137} INFO - Brian Kramer
[2023-02-01T19:10:05.605+0000] {logging_mixin.py:137} INFO - Anthony Roberts
[2023-02-01T19:10:05.607+0000] {logging_mixin.py:137} INFO - Ricardo Blankenship
[2023-02-01T19:10:05.609+0000] {logging_mixin.py:137} INFO - Brooke Collins
[2023-02-01T19:10:05.610+0000] {logging_mixin.py:137} INFO - Tammy Lawson
[2023-02-01T19:10:05.614+0000] {logging_mixin.py:137} INFO - Cody Miller
[2023-02-01T19:10:05.617+0000] {logging_mixin.py:137} INFO - Dr. Janice Salazar
[2023-02-01T19:10:05.619+0000] {logging_mixin.py:137} INFO - David West
[2023-02-01T19:10:05.621+0000] {logging_mixin.py:137} INFO - Robin Carpenter
[2023-02-01T19:10:05.624+0000] {logging_mixin.py:137} INFO - Monique Wall
[2023-02-01T19:10:05.626+0000] {logging_mixin.py:137} INFO - Charles Cardenas
[2023-02-01T19:10:05.629+0000] {logging_mixin.py:137} INFO - Valerie Mitchell
[2023-02-01T19:10:05.632+0000] {logging_mixin.py:137} INFO - Michelle Valenzuela
[2023-02-01T19:10:05.634+0000] {logging_mixin.py:137} INFO - William Poole
[2023-02-01T19:10:05.638+0000] {logging_mixin.py:137} INFO - James Hall
[2023-02-01T19:10:05.640+0000] {logging_mixin.py:137} INFO - Dylan Carpenter
[2023-02-01T19:10:05.642+0000] {logging_mixin.py:137} INFO - Linda Medina
[2023-02-01T19:10:05.644+0000] {logging_mixin.py:137} INFO - Joan White
[2023-02-01T19:10:05.646+0000] {logging_mixin.py:137} INFO - Mary Klein
[2023-02-01T19:10:05.649+0000] {logging_mixin.py:137} INFO - Ashley Wolf
[2023-02-01T19:10:05.650+0000] {logging_mixin.py:137} INFO - William Reed
[2023-02-01T19:10:05.654+0000] {logging_mixin.py:137} INFO - Derek Harvey
[2023-02-01T19:10:05.656+0000] {logging_mixin.py:137} INFO - Kathleen Rodriguez
[2023-02-01T19:10:05.660+0000] {logging_mixin.py:137} INFO - Andrew Rodriguez
[2023-02-01T19:10:05.663+0000] {logging_mixin.py:137} INFO - Ariel Frank
[2023-02-01T19:10:05.665+0000] {logging_mixin.py:137} INFO - Tina French
[2023-02-01T19:10:05.666+0000] {logging_mixin.py:137} INFO - Brent Waller
[2023-02-01T19:10:05.667+0000] {logging_mixin.py:137} INFO - Kevin Allen
[2023-02-01T19:10:05.670+0000] {logging_mixin.py:137} INFO - Xavier Walker
[2023-02-01T19:10:05.673+0000] {logging_mixin.py:137} INFO - Michelle Sanchez
[2023-02-01T19:10:05.675+0000] {logging_mixin.py:137} INFO - Rachael Shepard
[2023-02-01T19:10:05.677+0000] {logging_mixin.py:137} INFO - Kelsey Johnson
[2023-02-01T19:10:05.679+0000] {logging_mixin.py:137} INFO - Nicole Webb
[2023-02-01T19:10:05.682+0000] {logging_mixin.py:137} INFO - Nicholas Rodriguez
[2023-02-01T19:10:05.684+0000] {logging_mixin.py:137} INFO - Eric Vaughan
[2023-02-01T19:10:05.686+0000] {logging_mixin.py:137} INFO - Amanda Richardson
[2023-02-01T19:10:05.688+0000] {logging_mixin.py:137} INFO - Janice Carlson
[2023-02-01T19:10:05.692+0000] {logging_mixin.py:137} INFO - Darryl Walsh
[2023-02-01T19:10:05.693+0000] {logging_mixin.py:137} INFO - Heather Johnson
[2023-02-01T19:10:05.695+0000] {logging_mixin.py:137} INFO - Mark Chambers
[2023-02-01T19:10:05.697+0000] {logging_mixin.py:137} INFO - Tracy Burns
[2023-02-01T19:10:05.701+0000] {logging_mixin.py:137} INFO - John Cole
[2023-02-01T19:10:05.702+0000] {logging_mixin.py:137} INFO - Deborah Silva
[2023-02-01T19:10:05.705+0000] {logging_mixin.py:137} INFO - Shawn Hernandez
[2023-02-01T19:10:05.707+0000] {logging_mixin.py:137} INFO - Bethany Meyer
[2023-02-01T19:10:05.708+0000] {logging_mixin.py:137} INFO - Helen Smith
[2023-02-01T19:10:05.710+0000] {logging_mixin.py:137} INFO - Dana Dennis
[2023-02-01T19:10:05.715+0000] {logging_mixin.py:137} INFO - Kelsey Camacho
[2023-02-01T19:10:05.716+0000] {logging_mixin.py:137} INFO - Matthew Thomas
[2023-02-01T19:10:05.718+0000] {logging_mixin.py:137} INFO - Brittany Arellano
[2023-02-01T19:10:05.719+0000] {logging_mixin.py:137} INFO - Stacey Jones
[2023-02-01T19:10:05.721+0000] {logging_mixin.py:137} INFO - William Weeks
[2023-02-01T19:10:05.723+0000] {logging_mixin.py:137} INFO - Mark Beasley
[2023-02-01T19:10:05.725+0000] {logging_mixin.py:137} INFO - Bruce Pena
[2023-02-01T19:10:05.727+0000] {logging_mixin.py:137} INFO - Jeffery Smith
[2023-02-01T19:10:05.730+0000] {logging_mixin.py:137} INFO - Ann Deleon
[2023-02-01T19:10:05.731+0000] {logging_mixin.py:137} INFO - Kevin Robertson
[2023-02-01T19:10:05.734+0000] {logging_mixin.py:137} INFO - Vincent Willis MD
[2023-02-01T19:10:05.736+0000] {logging_mixin.py:137} INFO - Michael Nielsen
[2023-02-01T19:10:05.739+0000] {logging_mixin.py:137} INFO - Walter Koch
[2023-02-01T19:10:05.740+0000] {logging_mixin.py:137} INFO - Brian Vega
[2023-02-01T19:10:05.742+0000] {logging_mixin.py:137} INFO - Jeffrey Medina
[2023-02-01T19:10:05.744+0000] {logging_mixin.py:137} INFO - Erika Banks
[2023-02-01T19:10:05.746+0000] {logging_mixin.py:137} INFO - Stacey Griffin
[2023-02-01T19:10:05.748+0000] {logging_mixin.py:137} INFO - Michael Marsh
[2023-02-01T19:10:05.749+0000] {logging_mixin.py:137} INFO - Molly White
[2023-02-01T19:10:05.751+0000] {logging_mixin.py:137} INFO - Matthew Morrison
[2023-02-01T19:10:05.754+0000] {logging_mixin.py:137} INFO - Amanda Burns
[2023-02-01T19:10:05.755+0000] {logging_mixin.py:137} INFO - Emily Gonzalez DDS
[2023-02-01T19:10:05.757+0000] {logging_mixin.py:137} INFO - Gregory King
[2023-02-01T19:10:05.761+0000] {logging_mixin.py:137} INFO - Dennis Evans
[2023-02-01T19:10:05.763+0000] {logging_mixin.py:137} INFO - Christina Snyder
[2023-02-01T19:10:05.765+0000] {logging_mixin.py:137} INFO - Carolyn Mata
[2023-02-01T19:10:05.766+0000] {logging_mixin.py:137} INFO - Brandy Lawson
[2023-02-01T19:10:05.768+0000] {logging_mixin.py:137} INFO - Briana Christian
[2023-02-01T19:10:05.771+0000] {logging_mixin.py:137} INFO - Jeffrey Hernandez
[2023-02-01T19:10:05.773+0000] {logging_mixin.py:137} INFO - John Riggs
[2023-02-01T19:10:05.775+0000] {logging_mixin.py:137} INFO - Barbara Short
[2023-02-01T19:10:05.778+0000] {logging_mixin.py:137} INFO - Steven Brooks
[2023-02-01T19:10:05.779+0000] {logging_mixin.py:137} INFO - Gabrielle James
[2023-02-01T19:10:05.781+0000] {logging_mixin.py:137} INFO - Robert Young
[2023-02-01T19:10:05.782+0000] {logging_mixin.py:137} INFO - Derek Sanders
[2023-02-01T19:10:05.784+0000] {logging_mixin.py:137} INFO - Mallory Oliver
[2023-02-01T19:10:05.786+0000] {logging_mixin.py:137} INFO - Terry Howe
[2023-02-01T19:10:05.787+0000] {logging_mixin.py:137} INFO - Samuel Wallace
[2023-02-01T19:10:05.789+0000] {logging_mixin.py:137} INFO - Angel Jones
[2023-02-01T19:10:05.791+0000] {logging_mixin.py:137} INFO - Jacqueline Nichols
[2023-02-01T19:10:05.793+0000] {logging_mixin.py:137} INFO - Melissa Mcgee
[2023-02-01T19:10:05.795+0000] {logging_mixin.py:137} INFO - Michelle Smith
[2023-02-01T19:10:05.798+0000] {logging_mixin.py:137} INFO - Maureen Baxter
[2023-02-01T19:10:05.799+0000] {logging_mixin.py:137} INFO - Kathy Crawford
[2023-02-01T19:10:05.801+0000] {logging_mixin.py:137} INFO - Stacy Wood
[2023-02-01T19:10:05.804+0000] {logging_mixin.py:137} INFO - Justin Parsons
[2023-02-01T19:10:05.806+0000] {logging_mixin.py:137} INFO - Ann Klein
[2023-02-01T19:10:05.809+0000] {logging_mixin.py:137} INFO - Allison Arnold
[2023-02-01T19:10:05.810+0000] {logging_mixin.py:137} INFO - Heather Kirk
[2023-02-01T19:10:05.814+0000] {logging_mixin.py:137} INFO - Monica Smith
[2023-02-01T19:10:05.816+0000] {logging_mixin.py:137} INFO - Brett Oconnor
[2023-02-01T19:10:05.819+0000] {logging_mixin.py:137} INFO - Anthony Bryant
[2023-02-01T19:10:05.821+0000] {logging_mixin.py:137} INFO - Jeremy Russell
[2023-02-01T19:10:05.823+0000] {logging_mixin.py:137} INFO - Julie Poole
[2023-02-01T19:10:05.828+0000] {logging_mixin.py:137} INFO - Emma Thompson
[2023-02-01T19:10:05.831+0000] {logging_mixin.py:137} INFO - Bradley Matthews
[2023-02-01T19:10:05.833+0000] {logging_mixin.py:137} INFO - William Roberts
[2023-02-01T19:10:05.840+0000] {logging_mixin.py:137} INFO - Julie Mooney
[2023-02-01T19:10:05.842+0000] {logging_mixin.py:137} INFO - Amy Doyle
[2023-02-01T19:10:05.845+0000] {logging_mixin.py:137} INFO - Amanda Grant
[2023-02-01T19:10:05.847+0000] {logging_mixin.py:137} INFO - Eric Anderson
[2023-02-01T19:10:05.849+0000] {logging_mixin.py:137} INFO - George Thompson
[2023-02-01T19:10:05.852+0000] {logging_mixin.py:137} INFO - Dustin Hines
[2023-02-01T19:10:05.854+0000] {logging_mixin.py:137} INFO - Andrea Frank
[2023-02-01T19:10:05.858+0000] {logging_mixin.py:137} INFO - Jodi Cook
[2023-02-01T19:10:05.862+0000] {logging_mixin.py:137} INFO - Stacy Haney
[2023-02-01T19:10:05.868+0000] {logging_mixin.py:137} INFO - Paul Callahan
[2023-02-01T19:10:05.872+0000] {logging_mixin.py:137} INFO - Jasmine Chambers
[2023-02-01T19:10:05.877+0000] {logging_mixin.py:137} INFO - Melissa Pittman MD
[2023-02-01T19:10:05.880+0000] {logging_mixin.py:137} INFO - Deborah Larson
[2023-02-01T19:10:05.883+0000] {logging_mixin.py:137} INFO - Brandon Shaw
[2023-02-01T19:10:05.887+0000] {logging_mixin.py:137} INFO - Timothy Paul
[2023-02-01T19:10:05.895+0000] {logging_mixin.py:137} INFO - Michael Trujillo
[2023-02-01T19:10:05.900+0000] {logging_mixin.py:137} INFO - Robert Rivera
[2023-02-01T19:10:05.902+0000] {logging_mixin.py:137} INFO - Dana Nelson
[2023-02-01T19:10:05.905+0000] {logging_mixin.py:137} INFO - Andrea Bennett
[2023-02-01T19:10:05.907+0000] {logging_mixin.py:137} INFO - Jodi Fox
[2023-02-01T19:10:05.911+0000] {logging_mixin.py:137} INFO - Heather Hayes
[2023-02-01T19:10:05.917+0000] {logging_mixin.py:137} INFO - Jennifer Moreno
[2023-02-01T19:10:05.922+0000] {logging_mixin.py:137} INFO - John Patel
[2023-02-01T19:10:05.926+0000] {logging_mixin.py:137} INFO - Teresa Oliver
[2023-02-01T19:10:05.928+0000] {logging_mixin.py:137} INFO - Monique Bell
[2023-02-01T19:10:05.932+0000] {logging_mixin.py:137} INFO - Casey Leonard
[2023-02-01T19:10:05.942+0000] {logging_mixin.py:137} INFO - Steven Clark
[2023-02-01T19:10:05.943+0000] {logging_mixin.py:137} INFO - Edward Martin
[2023-02-01T19:10:05.946+0000] {logging_mixin.py:137} INFO - Shawn Orozco
[2023-02-01T19:10:05.948+0000] {logging_mixin.py:137} INFO - Brandon Yang
[2023-02-01T19:10:05.952+0000] {logging_mixin.py:137} INFO - Nathan Ray
[2023-02-01T19:10:05.954+0000] {logging_mixin.py:137} INFO - Lori Moore
[2023-02-01T19:10:05.956+0000] {logging_mixin.py:137} INFO - Dr. Lisa Shaw DVM
[2023-02-01T19:10:05.958+0000] {logging_mixin.py:137} INFO - Angela Walters
[2023-02-01T19:10:05.960+0000] {logging_mixin.py:137} INFO - David Nolan
[2023-02-01T19:10:05.962+0000] {logging_mixin.py:137} INFO - William Ramsey
[2023-02-01T19:10:05.966+0000] {logging_mixin.py:137} INFO - David Oconnor
[2023-02-01T19:10:05.968+0000] {logging_mixin.py:137} INFO - Mark Washington
[2023-02-01T19:10:05.972+0000] {logging_mixin.py:137} INFO - Jennifer Jacobs
[2023-02-01T19:10:05.976+0000] {logging_mixin.py:137} INFO - Tammy Hampton
[2023-02-01T19:10:05.978+0000] {logging_mixin.py:137} INFO - Stephen Farmer
[2023-02-01T19:10:05.981+0000] {logging_mixin.py:137} INFO - Jasmine Nguyen
[2023-02-01T19:10:05.982+0000] {logging_mixin.py:137} INFO - Rebecca Flores
[2023-02-01T19:10:05.986+0000] {logging_mixin.py:137} INFO - Tyler Davis
[2023-02-01T19:10:05.991+0000] {logging_mixin.py:137} INFO - Nancy Gray
[2023-02-01T19:10:05.993+0000] {logging_mixin.py:137} INFO - Brian Sanchez
[2023-02-01T19:10:05.996+0000] {logging_mixin.py:137} INFO - Laurie Shaw
[2023-02-01T19:10:05.997+0000] {logging_mixin.py:137} INFO - Kristina Torres
[2023-02-01T19:10:05.999+0000] {logging_mixin.py:137} INFO - Andrea Rodgers
[2023-02-01T19:10:06.002+0000] {logging_mixin.py:137} INFO - Jason Walters
[2023-02-01T19:10:06.006+0000] {logging_mixin.py:137} INFO - Jerry Moss
[2023-02-01T19:10:06.008+0000] {logging_mixin.py:137} INFO - Jeffrey Jordan
[2023-02-01T19:10:06.010+0000] {logging_mixin.py:137} INFO - Jennifer Wilson
[2023-02-01T19:10:06.013+0000] {logging_mixin.py:137} INFO - Trevor Mathews
[2023-02-01T19:10:06.016+0000] {logging_mixin.py:137} INFO - Anne Hood
[2023-02-01T19:10:06.023+0000] {logging_mixin.py:137} INFO - Sarah Williams
[2023-02-01T19:10:06.026+0000] {logging_mixin.py:137} INFO - Shelby Hernandez
[2023-02-01T19:10:06.029+0000] {logging_mixin.py:137} INFO - Samantha Velez
[2023-02-01T19:10:06.031+0000] {logging_mixin.py:137} INFO - Matthew Douglas
[2023-02-01T19:10:06.033+0000] {logging_mixin.py:137} INFO - Ashlee George
[2023-02-01T19:10:06.034+0000] {logging_mixin.py:137} INFO - Troy Crane
[2023-02-01T19:10:06.039+0000] {logging_mixin.py:137} INFO - Michael Cooper
[2023-02-01T19:10:06.044+0000] {logging_mixin.py:137} INFO - Michael White
[2023-02-01T19:10:06.047+0000] {logging_mixin.py:137} INFO - Mr. Timothy Fleming
[2023-02-01T19:10:06.052+0000] {logging_mixin.py:137} INFO - Seth Bruce
[2023-02-01T19:10:06.054+0000] {logging_mixin.py:137} INFO - Jacqueline Carpenter
[2023-02-01T19:10:06.058+0000] {logging_mixin.py:137} INFO - Michael Martin
[2023-02-01T19:10:06.064+0000] {logging_mixin.py:137} INFO - Kristopher Henry
[2023-02-01T19:10:06.067+0000] {logging_mixin.py:137} INFO - Tiffany Porter
[2023-02-01T19:10:06.069+0000] {logging_mixin.py:137} INFO - Stacy Simpson
[2023-02-01T19:10:06.074+0000] {logging_mixin.py:137} INFO - Tammy Mcdowell
[2023-02-01T19:10:06.076+0000] {logging_mixin.py:137} INFO - Thomas Walters
[2023-02-01T19:10:06.079+0000] {logging_mixin.py:137} INFO - Dwayne Thompson
[2023-02-01T19:10:06.081+0000] {logging_mixin.py:137} INFO - Natalie Willis
[2023-02-01T19:10:06.084+0000] {logging_mixin.py:137} INFO - Sharon Taylor
[2023-02-01T19:10:06.086+0000] {logging_mixin.py:137} INFO - Sarah Wiggins
[2023-02-01T19:10:06.088+0000] {logging_mixin.py:137} INFO - Amber Thomas
[2023-02-01T19:10:06.092+0000] {logging_mixin.py:137} INFO - Patrick Miller
[2023-02-01T19:10:06.098+0000] {logging_mixin.py:137} INFO - Stephanie Hartman
[2023-02-01T19:10:06.101+0000] {logging_mixin.py:137} INFO - Stacey Mora
[2023-02-01T19:10:06.105+0000] {logging_mixin.py:137} INFO - Katherine Rodriguez
[2023-02-01T19:10:06.107+0000] {logging_mixin.py:137} INFO - Daniel Morgan
[2023-02-01T19:10:06.110+0000] {logging_mixin.py:137} INFO - Rebecca Martinez
[2023-02-01T19:10:06.114+0000] {logging_mixin.py:137} INFO - Nicole Juarez
[2023-02-01T19:10:06.115+0000] {logging_mixin.py:137} INFO - Mark Arroyo
[2023-02-01T19:10:06.118+0000] {logging_mixin.py:137} INFO - April Lucero
[2023-02-01T19:10:06.121+0000] {logging_mixin.py:137} INFO - Samantha Garcia
[2023-02-01T19:10:06.123+0000] {logging_mixin.py:137} INFO - Jon Moore
[2023-02-01T19:10:06.128+0000] {logging_mixin.py:137} INFO - Joshua Flores MD
[2023-02-01T19:10:06.130+0000] {logging_mixin.py:137} INFO - Raymond Jones
[2023-02-01T19:10:06.131+0000] {logging_mixin.py:137} INFO - Billy Hughes
[2023-02-01T19:10:06.133+0000] {logging_mixin.py:137} INFO - Peggy Valdez PhD
[2023-02-01T19:10:06.135+0000] {logging_mixin.py:137} INFO - Joshua Reyes
[2023-02-01T19:10:06.136+0000] {logging_mixin.py:137} INFO - Aaron Green
[2023-02-01T19:10:06.139+0000] {logging_mixin.py:137} INFO - Wendy Espinoza
[2023-02-01T19:10:06.141+0000] {logging_mixin.py:137} INFO - Peter Vasquez
[2023-02-01T19:10:06.143+0000] {logging_mixin.py:137} INFO - Diane Harper
[2023-02-01T19:10:06.146+0000] {logging_mixin.py:137} INFO - Ms. Rebecca Cantu
[2023-02-01T19:10:06.148+0000] {logging_mixin.py:137} INFO - Yolanda Morrow
[2023-02-01T19:10:06.149+0000] {logging_mixin.py:137} INFO - Penny Beard
[2023-02-01T19:10:06.151+0000] {logging_mixin.py:137} INFO - Lisa Long
[2023-02-01T19:10:06.154+0000] {logging_mixin.py:137} INFO - Jerry Harris
[2023-02-01T19:10:06.157+0000] {logging_mixin.py:137} INFO - Bob Willis
[2023-02-01T19:10:06.159+0000] {logging_mixin.py:137} INFO - Duane Chapman
[2023-02-01T19:10:06.161+0000] {logging_mixin.py:137} INFO - William Morgan
[2023-02-01T19:10:06.163+0000] {logging_mixin.py:137} INFO - Amy Gutierrez
[2023-02-01T19:10:06.176+0000] {logging_mixin.py:137} INFO - Amber Nichols
[2023-02-01T19:10:06.179+0000] {logging_mixin.py:137} INFO - Matthew Carr
[2023-02-01T19:10:06.180+0000] {logging_mixin.py:137} INFO - Thomas Duncan
[2023-02-01T19:10:06.182+0000] {logging_mixin.py:137} INFO - Elizabeth Wright
[2023-02-01T19:10:06.184+0000] {logging_mixin.py:137} INFO - Jacqueline Brewer
[2023-02-01T19:10:06.186+0000] {logging_mixin.py:137} INFO - Stephanie Johnson
[2023-02-01T19:10:06.188+0000] {logging_mixin.py:137} INFO - Samantha Calderon
[2023-02-01T19:10:06.191+0000] {logging_mixin.py:137} INFO - Kathryn Gaines
[2023-02-01T19:10:06.195+0000] {logging_mixin.py:137} INFO - Angel Jones
[2023-02-01T19:10:06.197+0000] {logging_mixin.py:137} INFO - Laura Wall
[2023-02-01T19:10:06.200+0000] {logging_mixin.py:137} INFO - Mr. Anthony Hamilton
[2023-02-01T19:10:06.203+0000] {logging_mixin.py:137} INFO - David Smith
[2023-02-01T19:10:06.205+0000] {logging_mixin.py:137} INFO - Kimberly Herrera DDS
[2023-02-01T19:10:06.207+0000] {logging_mixin.py:137} INFO - Gina Wilson
[2023-02-01T19:10:06.209+0000] {logging_mixin.py:137} INFO - Timothy Byrd
[2023-02-01T19:10:06.221+0000] {logging_mixin.py:137} INFO - Michael Mckenzie
[2023-02-01T19:10:06.224+0000] {logging_mixin.py:137} INFO - Jeffrey Mcintyre
[2023-02-01T19:10:06.226+0000] {logging_mixin.py:137} INFO - Teresa Jackson
[2023-02-01T19:10:06.227+0000] {logging_mixin.py:137} INFO - Joseph Wilcox
[2023-02-01T19:10:06.229+0000] {logging_mixin.py:137} INFO - Patrick Mcknight
[2023-02-01T19:10:06.231+0000] {logging_mixin.py:137} INFO - Ronald Moreno
[2023-02-01T19:10:06.232+0000] {logging_mixin.py:137} INFO - Jamie Sullivan
[2023-02-01T19:10:06.234+0000] {logging_mixin.py:137} INFO - Jason Anderson
[2023-02-01T19:10:06.237+0000] {logging_mixin.py:137} INFO - Steven Stewart
[2023-02-01T19:10:06.239+0000] {logging_mixin.py:137} INFO - Melinda Paul
[2023-02-01T19:10:06.242+0000] {logging_mixin.py:137} INFO - Cynthia Simmons
[2023-02-01T19:10:06.245+0000] {logging_mixin.py:137} INFO - Christian Smith
[2023-02-01T19:10:06.247+0000] {logging_mixin.py:137} INFO - William Jimenez
[2023-02-01T19:10:06.252+0000] {logging_mixin.py:137} INFO - Hayley French
[2023-02-01T19:10:06.255+0000] {logging_mixin.py:137} INFO - Brandon Hess
[2023-02-01T19:10:06.257+0000] {logging_mixin.py:137} INFO - Laura Perry
[2023-02-01T19:10:06.259+0000] {logging_mixin.py:137} INFO - Scott Jones
[2023-02-01T19:10:06.261+0000] {logging_mixin.py:137} INFO - Christine Hernandez
[2023-02-01T19:10:06.263+0000] {logging_mixin.py:137} INFO - Douglas Eaton
[2023-02-01T19:10:06.264+0000] {logging_mixin.py:137} INFO - William Soto
[2023-02-01T19:10:06.268+0000] {logging_mixin.py:137} INFO - Mary Jones
[2023-02-01T19:10:06.270+0000] {logging_mixin.py:137} INFO - Stephanie Holmes
[2023-02-01T19:10:06.272+0000] {logging_mixin.py:137} INFO - Keith Meyers
[2023-02-01T19:10:06.273+0000] {logging_mixin.py:137} INFO - Paul Fisher
[2023-02-01T19:10:06.275+0000] {logging_mixin.py:137} INFO - Emily Alexander
[2023-02-01T19:10:06.277+0000] {logging_mixin.py:137} INFO - Anthony Schwartz
[2023-02-01T19:10:06.280+0000] {logging_mixin.py:137} INFO - Evelyn Jacobs
[2023-02-01T19:10:06.281+0000] {logging_mixin.py:137} INFO - Connie Jones
[2023-02-01T19:10:06.283+0000] {logging_mixin.py:137} INFO - Carla Gibbs
[2023-02-01T19:10:06.285+0000] {logging_mixin.py:137} INFO - Ashley Santiago
[2023-02-01T19:10:06.288+0000] {logging_mixin.py:137} INFO - Micheal Mckee
[2023-02-01T19:10:06.290+0000] {logging_mixin.py:137} INFO - Diane Williams
[2023-02-01T19:10:06.292+0000] {logging_mixin.py:137} INFO - Jesse Velasquez
[2023-02-01T19:10:06.295+0000] {logging_mixin.py:137} INFO - Jennifer Rodriguez
[2023-02-01T19:10:06.300+0000] {logging_mixin.py:137} INFO - Joe Griffin
[2023-02-01T19:10:06.303+0000] {logging_mixin.py:137} INFO - Gary Cherry
[2023-02-01T19:10:06.305+0000] {logging_mixin.py:137} INFO - Alyssa Edwards
[2023-02-01T19:10:06.310+0000] {logging_mixin.py:137} INFO - Caroline Hernandez MD
[2023-02-01T19:10:06.312+0000] {logging_mixin.py:137} INFO - Jessica Morton
[2023-02-01T19:10:06.316+0000] {logging_mixin.py:137} INFO - Holly Jones
[2023-02-01T19:10:06.319+0000] {logging_mixin.py:137} INFO - David Shelton
[2023-02-01T19:10:06.322+0000] {logging_mixin.py:137} INFO - Kristina Parks
[2023-02-01T19:10:06.325+0000] {logging_mixin.py:137} INFO - Laurie Hernandez
[2023-02-01T19:10:06.327+0000] {logging_mixin.py:137} INFO - Melissa James
[2023-02-01T19:10:06.329+0000] {logging_mixin.py:137} INFO - Jeremiah Adams
[2023-02-01T19:10:06.331+0000] {logging_mixin.py:137} INFO - Arthur Robinson
[2023-02-01T19:10:06.333+0000] {logging_mixin.py:137} INFO - Anna Shepard
[2023-02-01T19:10:06.338+0000] {logging_mixin.py:137} INFO - Brandon Myers
[2023-02-01T19:10:06.340+0000] {logging_mixin.py:137} INFO - Paul Cardenas
[2023-02-01T19:10:06.343+0000] {logging_mixin.py:137} INFO - Megan Santana
[2023-02-01T19:10:06.344+0000] {logging_mixin.py:137} INFO - Joseph Marshall
[2023-02-01T19:10:06.346+0000] {logging_mixin.py:137} INFO - Mrs. Brenda Harris
[2023-02-01T19:10:06.349+0000] {logging_mixin.py:137} INFO - Nicole Garcia
[2023-02-01T19:10:06.351+0000] {logging_mixin.py:137} INFO - Anna Estrada
[2023-02-01T19:10:06.353+0000] {logging_mixin.py:137} INFO - Carl Moore
[2023-02-01T19:10:06.356+0000] {logging_mixin.py:137} INFO - Rodney Hernandez
[2023-02-01T19:10:06.358+0000] {logging_mixin.py:137} INFO - Madison Christian
[2023-02-01T19:10:06.361+0000] {logging_mixin.py:137} INFO - Heather Rhodes
[2023-02-01T19:10:06.366+0000] {python.py:177} INFO - Done. Returned value was: None
[2023-02-01T19:10:06.383+0000] {taskinstance.py:1323} INFO - Marking task as SUCCESS. dag_id=CSV_DAG, task_id=convertCSVToJson, execution_date=20230201T130000, start_date=20230201T191001, end_date=20230201T191006
[2023-02-01T19:10:06.432+0000] {local_task_job.py:208} INFO - Task exited with return code 0
[2023-02-01T19:10:06.464+0000] {taskinstance.py:2578} INFO - 0 downstream tasks scheduled from follow-on schedule check
