[2023-02-01T19:09:05.885+0000] {taskinstance.py:1083} INFO - Dependencies all met for <TaskInstance: CSV_DAG.convertCSVToJson scheduled__2023-02-01T10:15:00+00:00 [queued]>
[2023-02-01T19:09:05.925+0000] {taskinstance.py:1083} INFO - Dependencies all met for <TaskInstance: CSV_DAG.convertCSVToJson scheduled__2023-02-01T10:15:00+00:00 [queued]>
[2023-02-01T19:09:05.928+0000] {taskinstance.py:1279} INFO - 
--------------------------------------------------------------------------------
[2023-02-01T19:09:05.932+0000] {taskinstance.py:1280} INFO - Starting attempt 1 of 2
[2023-02-01T19:09:05.934+0000] {taskinstance.py:1281} INFO - 
--------------------------------------------------------------------------------
[2023-02-01T19:09:06.019+0000] {taskinstance.py:1300} INFO - Executing <Task(PythonOperator): convertCSVToJson> on 2023-02-01 10:15:00+00:00
[2023-02-01T19:09:06.042+0000] {standard_task_runner.py:55} INFO - Started process 1076 to run task
[2023-02-01T19:09:06.070+0000] {standard_task_runner.py:82} INFO - Running: ['***', 'tasks', 'run', 'CSV_DAG', 'convertCSVToJson', 'scheduled__2023-02-01T10:15:00+00:00', '--job-id', '281', '--raw', '--subdir', 'DAGS_FOLDER/csv.py', '--cfg-path', '/tmp/tmpcucpaqmv']
[2023-02-01T19:09:06.073+0000] {standard_task_runner.py:83} INFO - Job 281: Subtask convertCSVToJson
[2023-02-01T19:09:06.409+0000] {task_command.py:388} INFO - Running <TaskInstance: CSV_DAG.convertCSVToJson scheduled__2023-02-01T10:15:00+00:00 [running]> on host 06d8060e8530
[2023-02-01T19:09:06.755+0000] {taskinstance.py:1509} INFO - Exporting the following env vars:
AIRFLOW_CTX_DAG_OWNER=Kevin Chalmers
AIRFLOW_CTX_DAG_ID=CSV_DAG
AIRFLOW_CTX_TASK_ID=convertCSVToJson
AIRFLOW_CTX_EXECUTION_DATE=2023-02-01T10:15:00+00:00
AIRFLOW_CTX_TRY_NUMBER=1
AIRFLOW_CTX_DAG_RUN_ID=scheduled__2023-02-01T10:15:00+00:00
[2023-02-01T19:09:06.800+0000] {logging_mixin.py:137} INFO - Angelica Lopez
[2023-02-01T19:09:06.809+0000] {logging_mixin.py:137} INFO - Betty Wright
[2023-02-01T19:09:06.814+0000] {logging_mixin.py:137} INFO - Sara Schmidt
[2023-02-01T19:09:06.818+0000] {logging_mixin.py:137} INFO - Dr. Sherry Rodriguez
[2023-02-01T19:09:06.820+0000] {logging_mixin.py:137} INFO - Rebecca Mills
[2023-02-01T19:09:06.827+0000] {logging_mixin.py:137} INFO - Andrew Anderson
[2023-02-01T19:09:06.832+0000] {logging_mixin.py:137} INFO - Martin Everett
[2023-02-01T19:09:06.837+0000] {logging_mixin.py:137} INFO - Felicia Gregory
[2023-02-01T19:09:06.841+0000] {logging_mixin.py:137} INFO - Kara Bowers
[2023-02-01T19:09:06.846+0000] {logging_mixin.py:137} INFO - Vincent Vincent
[2023-02-01T19:09:06.849+0000] {logging_mixin.py:137} INFO - Morgan Butler
[2023-02-01T19:09:06.851+0000] {logging_mixin.py:137} INFO - Stephen Riley
[2023-02-01T19:09:06.858+0000] {logging_mixin.py:137} INFO - Wanda Thomas
[2023-02-01T19:09:06.866+0000] {logging_mixin.py:137} INFO - Michelle Schultz
[2023-02-01T19:09:06.869+0000] {logging_mixin.py:137} INFO - Christopher Rush MD
[2023-02-01T19:09:06.875+0000] {logging_mixin.py:137} INFO - Phyllis Miles
[2023-02-01T19:09:06.881+0000] {logging_mixin.py:137} INFO - Rebecca Price
[2023-02-01T19:09:06.886+0000] {logging_mixin.py:137} INFO - John Morse
[2023-02-01T19:09:06.896+0000] {logging_mixin.py:137} INFO - Nicholas Sanchez
[2023-02-01T19:09:06.901+0000] {logging_mixin.py:137} INFO - Crystal Dean
[2023-02-01T19:09:06.905+0000] {logging_mixin.py:137} INFO - Tyler Diaz
[2023-02-01T19:09:06.913+0000] {logging_mixin.py:137} INFO - Denise Mclean
[2023-02-01T19:09:06.920+0000] {logging_mixin.py:137} INFO - Daniel Grant
[2023-02-01T19:09:06.923+0000] {logging_mixin.py:137} INFO - Sandra Peterson
[2023-02-01T19:09:06.935+0000] {logging_mixin.py:137} INFO - Denise Morse
[2023-02-01T19:09:06.939+0000] {logging_mixin.py:137} INFO - Brianna Smith
[2023-02-01T19:09:06.956+0000] {logging_mixin.py:137} INFO - Tony Miller
[2023-02-01T19:09:06.964+0000] {logging_mixin.py:137} INFO - Jean Booth
[2023-02-01T19:09:06.969+0000] {logging_mixin.py:137} INFO - Penny Salazar
[2023-02-01T19:09:06.972+0000] {logging_mixin.py:137} INFO - Cathy Williams
[2023-02-01T19:09:06.978+0000] {logging_mixin.py:137} INFO - Hannah Collins
[2023-02-01T19:09:06.985+0000] {logging_mixin.py:137} INFO - Maurice Casey
[2023-02-01T19:09:06.991+0000] {logging_mixin.py:137} INFO - Patrick Walker
[2023-02-01T19:09:07.005+0000] {logging_mixin.py:137} INFO - Pamela Barton
[2023-02-01T19:09:07.011+0000] {logging_mixin.py:137} INFO - Anthony Bryant
[2023-02-01T19:09:07.017+0000] {logging_mixin.py:137} INFO - Andrew Harris
[2023-02-01T19:09:07.020+0000] {logging_mixin.py:137} INFO - Aaron Harris
[2023-02-01T19:09:07.026+0000] {logging_mixin.py:137} INFO - Maureen Soto
[2023-02-01T19:09:07.032+0000] {logging_mixin.py:137} INFO - Crystal Mcdaniel
[2023-02-01T19:09:07.036+0000] {logging_mixin.py:137} INFO - Lauren Barrett
[2023-02-01T19:09:07.044+0000] {logging_mixin.py:137} INFO - Brandon Perez
[2023-02-01T19:09:07.047+0000] {logging_mixin.py:137} INFO - Mark Robertson
[2023-02-01T19:09:07.052+0000] {logging_mixin.py:137} INFO - Nicole Gates
[2023-02-01T19:09:07.057+0000] {logging_mixin.py:137} INFO - Bradley Cruz
[2023-02-01T19:09:07.060+0000] {logging_mixin.py:137} INFO - Gina Burns
[2023-02-01T19:09:07.066+0000] {logging_mixin.py:137} INFO - Zachary Martinez
[2023-02-01T19:09:07.070+0000] {logging_mixin.py:137} INFO - Natasha Johnson
[2023-02-01T19:09:07.074+0000] {logging_mixin.py:137} INFO - Patrick Gonzales
[2023-02-01T19:09:07.079+0000] {logging_mixin.py:137} INFO - Terri Wilson
[2023-02-01T19:09:07.082+0000] {logging_mixin.py:137} INFO - Sarah Lopez
[2023-02-01T19:09:07.096+0000] {logging_mixin.py:137} INFO - Dana Turner
[2023-02-01T19:09:07.100+0000] {logging_mixin.py:137} INFO - Cynthia Johnson
[2023-02-01T19:09:07.102+0000] {logging_mixin.py:137} INFO - William Thornton
[2023-02-01T19:09:07.104+0000] {logging_mixin.py:137} INFO - James Lee
[2023-02-01T19:09:07.107+0000] {logging_mixin.py:137} INFO - Stephen Allen
[2023-02-01T19:09:07.112+0000] {logging_mixin.py:137} INFO - William Stark
[2023-02-01T19:09:07.117+0000] {logging_mixin.py:137} INFO - Michael Parker
[2023-02-01T19:09:07.121+0000] {logging_mixin.py:137} INFO - Lisa Stephens
[2023-02-01T19:09:07.123+0000] {logging_mixin.py:137} INFO - Mr. Reginald Wise DDS
[2023-02-01T19:09:07.127+0000] {logging_mixin.py:137} INFO - Alexander James
[2023-02-01T19:09:07.130+0000] {logging_mixin.py:137} INFO - Kristen West
[2023-02-01T19:09:07.132+0000] {logging_mixin.py:137} INFO - Elizabeth Sanchez
[2023-02-01T19:09:07.134+0000] {logging_mixin.py:137} INFO - Jennifer Wilson
[2023-02-01T19:09:07.136+0000] {logging_mixin.py:137} INFO - Catherine Nicholson
[2023-02-01T19:09:07.138+0000] {logging_mixin.py:137} INFO - David Henderson
[2023-02-01T19:09:07.147+0000] {logging_mixin.py:137} INFO - Stephen Davis
[2023-02-01T19:09:07.150+0000] {logging_mixin.py:137} INFO - Paul Skinner
[2023-02-01T19:09:07.151+0000] {logging_mixin.py:137} INFO - Rebecca Wong
[2023-02-01T19:09:07.153+0000] {logging_mixin.py:137} INFO - Tara Benitez
[2023-02-01T19:09:07.157+0000] {logging_mixin.py:137} INFO - Sharon Miller
[2023-02-01T19:09:07.160+0000] {logging_mixin.py:137} INFO - Cynthia Smith
[2023-02-01T19:09:07.162+0000] {logging_mixin.py:137} INFO - Jennifer Werner
[2023-02-01T19:09:07.164+0000] {logging_mixin.py:137} INFO - Rebecca Tucker
[2023-02-01T19:09:07.165+0000] {logging_mixin.py:137} INFO - Ashlee Castillo
[2023-02-01T19:09:07.167+0000] {logging_mixin.py:137} INFO - Christopher Holmes
[2023-02-01T19:09:07.168+0000] {logging_mixin.py:137} INFO - Daniel Velez
[2023-02-01T19:09:07.171+0000] {logging_mixin.py:137} INFO - Amy Serrano
[2023-02-01T19:09:07.172+0000] {logging_mixin.py:137} INFO - Alison Nash
[2023-02-01T19:09:07.179+0000] {logging_mixin.py:137} INFO - Peter Johnson
[2023-02-01T19:09:07.186+0000] {logging_mixin.py:137} INFO - Breanna Harris
[2023-02-01T19:09:07.199+0000] {logging_mixin.py:137} INFO - Eric King
[2023-02-01T19:09:07.202+0000] {logging_mixin.py:137} INFO - Patricia Oliver
[2023-02-01T19:09:07.206+0000] {logging_mixin.py:137} INFO - Denise Grimes
[2023-02-01T19:09:07.211+0000] {logging_mixin.py:137} INFO - Jill Olson
[2023-02-01T19:09:07.222+0000] {logging_mixin.py:137} INFO - Stephanie Hart
[2023-02-01T19:09:07.230+0000] {logging_mixin.py:137} INFO - Ashley Lee
[2023-02-01T19:09:07.234+0000] {logging_mixin.py:137} INFO - Kelly Barnes
[2023-02-01T19:09:07.238+0000] {logging_mixin.py:137} INFO - Christie West
[2023-02-01T19:09:07.242+0000] {logging_mixin.py:137} INFO - Todd Nolan
[2023-02-01T19:09:07.253+0000] {logging_mixin.py:137} INFO - Sarah Reed
[2023-02-01T19:09:07.256+0000] {logging_mixin.py:137} INFO - Jennifer Keith
[2023-02-01T19:09:07.261+0000] {logging_mixin.py:137} INFO - Shawn Alvarez
[2023-02-01T19:09:07.266+0000] {logging_mixin.py:137} INFO - Alexander Wilson
[2023-02-01T19:09:07.275+0000] {logging_mixin.py:137} INFO - Rachel Melendez
[2023-02-01T19:09:07.283+0000] {logging_mixin.py:137} INFO - Morgan Walters
[2023-02-01T19:09:07.288+0000] {logging_mixin.py:137} INFO - Nicole Garcia
[2023-02-01T19:09:07.297+0000] {logging_mixin.py:137} INFO - Jennifer White
[2023-02-01T19:09:07.314+0000] {logging_mixin.py:137} INFO - Leslie Shannon
[2023-02-01T19:09:07.322+0000] {logging_mixin.py:137} INFO - Lisa Clayton
[2023-02-01T19:09:07.326+0000] {logging_mixin.py:137} INFO - Zachary Molina
[2023-02-01T19:09:07.334+0000] {logging_mixin.py:137} INFO - Bruce Butler
[2023-02-01T19:09:07.340+0000] {logging_mixin.py:137} INFO - Dustin Howell
[2023-02-01T19:09:07.355+0000] {logging_mixin.py:137} INFO - Aaron Smith
[2023-02-01T19:09:07.362+0000] {logging_mixin.py:137} INFO - Kyle Green
[2023-02-01T19:09:07.371+0000] {logging_mixin.py:137} INFO - Steven Clark
[2023-02-01T19:09:07.376+0000] {logging_mixin.py:137} INFO - Robert Holden
[2023-02-01T19:09:07.378+0000] {logging_mixin.py:137} INFO - Zachary Harmon
[2023-02-01T19:09:07.380+0000] {logging_mixin.py:137} INFO - Rachel Miller
[2023-02-01T19:09:07.383+0000] {logging_mixin.py:137} INFO - Brandon Parker
[2023-02-01T19:09:07.385+0000] {logging_mixin.py:137} INFO - Walter Martin
[2023-02-01T19:09:07.387+0000] {logging_mixin.py:137} INFO - Jose Young
[2023-02-01T19:09:07.390+0000] {logging_mixin.py:137} INFO - Kelsey Long
[2023-02-01T19:09:07.393+0000] {logging_mixin.py:137} INFO - William Harper
[2023-02-01T19:09:07.399+0000] {logging_mixin.py:137} INFO - Alejandro Lambert
[2023-02-01T19:09:07.427+0000] {logging_mixin.py:137} INFO - Stephanie Carson
[2023-02-01T19:09:07.433+0000] {logging_mixin.py:137} INFO - Diana Ortega MD
[2023-02-01T19:09:07.454+0000] {logging_mixin.py:137} INFO - Janet Morales
[2023-02-01T19:09:07.469+0000] {logging_mixin.py:137} INFO - Eric Fisher
[2023-02-01T19:09:07.490+0000] {logging_mixin.py:137} INFO - Louis Baker
[2023-02-01T19:09:07.503+0000] {logging_mixin.py:137} INFO - Cindy Ward
[2023-02-01T19:09:07.510+0000] {logging_mixin.py:137} INFO - Ana Jenkins
[2023-02-01T19:09:07.537+0000] {logging_mixin.py:137} INFO - Leslie Barton
[2023-02-01T19:09:07.548+0000] {logging_mixin.py:137} INFO - Gregory Price
[2023-02-01T19:09:07.555+0000] {logging_mixin.py:137} INFO - Brandon Moore
[2023-02-01T19:09:07.576+0000] {logging_mixin.py:137} INFO - Heather Garrett
[2023-02-01T19:09:07.600+0000] {logging_mixin.py:137} INFO - Cindy Hawkins
[2023-02-01T19:09:07.610+0000] {logging_mixin.py:137} INFO - Mr. Frank Snyder Jr.
[2023-02-01T19:09:07.625+0000] {logging_mixin.py:137} INFO - Megan Wang
[2023-02-01T19:09:07.630+0000] {logging_mixin.py:137} INFO - Jennifer Fleming
[2023-02-01T19:09:07.633+0000] {logging_mixin.py:137} INFO - Gary Hodge
[2023-02-01T19:09:07.636+0000] {logging_mixin.py:137} INFO - Nichole Miller
[2023-02-01T19:09:07.642+0000] {logging_mixin.py:137} INFO - Mitchell Mendoza
[2023-02-01T19:09:07.652+0000] {logging_mixin.py:137} INFO - Bradley Horton
[2023-02-01T19:09:07.657+0000] {logging_mixin.py:137} INFO - Michelle Hess
[2023-02-01T19:09:07.667+0000] {logging_mixin.py:137} INFO - Ronald Torres
[2023-02-01T19:09:07.676+0000] {logging_mixin.py:137} INFO - Raymond Hudson
[2023-02-01T19:09:07.684+0000] {logging_mixin.py:137} INFO - Vincent Jackson
[2023-02-01T19:09:07.700+0000] {logging_mixin.py:137} INFO - Susan Carey
[2023-02-01T19:09:07.705+0000] {logging_mixin.py:137} INFO - Chase Wilson
[2023-02-01T19:09:07.716+0000] {logging_mixin.py:137} INFO - Tonya Baldwin
[2023-02-01T19:09:07.734+0000] {logging_mixin.py:137} INFO - Mrs. Tina Davis
[2023-02-01T19:09:07.739+0000] {logging_mixin.py:137} INFO - Scott Garrett
[2023-02-01T19:09:07.744+0000] {logging_mixin.py:137} INFO - Michael Wilson
[2023-02-01T19:09:07.762+0000] {logging_mixin.py:137} INFO - Andrew Orozco
[2023-02-01T19:09:07.776+0000] {logging_mixin.py:137} INFO - Troy Carson
[2023-02-01T19:09:07.788+0000] {logging_mixin.py:137} INFO - Alex Winters
[2023-02-01T19:09:07.796+0000] {logging_mixin.py:137} INFO - Toni Frank
[2023-02-01T19:09:07.814+0000] {logging_mixin.py:137} INFO - Kathleen Snyder
[2023-02-01T19:09:07.820+0000] {logging_mixin.py:137} INFO - Anna Lopez
[2023-02-01T19:09:07.828+0000] {logging_mixin.py:137} INFO - Charles Brown
[2023-02-01T19:09:07.832+0000] {logging_mixin.py:137} INFO - Barry Ross
[2023-02-01T19:09:07.836+0000] {logging_mixin.py:137} INFO - Emily Ramirez
[2023-02-01T19:09:07.840+0000] {logging_mixin.py:137} INFO - Anna Williams
[2023-02-01T19:09:07.842+0000] {logging_mixin.py:137} INFO - Kristin Pennington
[2023-02-01T19:09:07.847+0000] {logging_mixin.py:137} INFO - Mary Aguirre
[2023-02-01T19:09:07.855+0000] {logging_mixin.py:137} INFO - Austin Santos
[2023-02-01T19:09:07.858+0000] {logging_mixin.py:137} INFO - David Nelson
[2023-02-01T19:09:07.864+0000] {logging_mixin.py:137} INFO - Alyssa Mcbride
[2023-02-01T19:09:07.866+0000] {logging_mixin.py:137} INFO - Lisa Gibson
[2023-02-01T19:09:07.868+0000] {logging_mixin.py:137} INFO - Alexander Kelly
[2023-02-01T19:09:07.874+0000] {logging_mixin.py:137} INFO - Ronald Thomas
[2023-02-01T19:09:07.878+0000] {logging_mixin.py:137} INFO - Michael Hurst
[2023-02-01T19:09:07.881+0000] {logging_mixin.py:137} INFO - Lauren Ward
[2023-02-01T19:09:07.884+0000] {logging_mixin.py:137} INFO - Christian Terry
[2023-02-01T19:09:07.895+0000] {logging_mixin.py:137} INFO - Jared Black
[2023-02-01T19:09:07.898+0000] {logging_mixin.py:137} INFO - Anthony Brown
[2023-02-01T19:09:07.901+0000] {logging_mixin.py:137} INFO - John Cole
[2023-02-01T19:09:07.903+0000] {logging_mixin.py:137} INFO - David Lee
[2023-02-01T19:09:07.906+0000] {logging_mixin.py:137} INFO - Lori Thomas
[2023-02-01T19:09:07.912+0000] {logging_mixin.py:137} INFO - Daniel Herman
[2023-02-01T19:09:07.918+0000] {logging_mixin.py:137} INFO - Pam Williams
[2023-02-01T19:09:07.925+0000] {logging_mixin.py:137} INFO - Sarah Jenkins
[2023-02-01T19:09:07.933+0000] {logging_mixin.py:137} INFO - Susan Mitchell
[2023-02-01T19:09:07.936+0000] {logging_mixin.py:137} INFO - Jacqueline Green
[2023-02-01T19:09:07.943+0000] {logging_mixin.py:137} INFO - Victoria Garrison
[2023-02-01T19:09:07.964+0000] {logging_mixin.py:137} INFO - Jonathan Daniels
[2023-02-01T19:09:07.982+0000] {logging_mixin.py:137} INFO - Trevor Hansen
[2023-02-01T19:09:08.002+0000] {logging_mixin.py:137} INFO - Laurie Bowen
[2023-02-01T19:09:08.013+0000] {logging_mixin.py:137} INFO - James Cline
[2023-02-01T19:09:08.022+0000] {logging_mixin.py:137} INFO - Michael Rose
[2023-02-01T19:09:08.049+0000] {logging_mixin.py:137} INFO - Lawrence Juarez
[2023-02-01T19:09:08.067+0000] {logging_mixin.py:137} INFO - Lucas Caldwell
[2023-02-01T19:09:08.076+0000] {logging_mixin.py:137} INFO - Laura Jackson
[2023-02-01T19:09:08.079+0000] {logging_mixin.py:137} INFO - Sherri Thornton
[2023-02-01T19:09:08.085+0000] {logging_mixin.py:137} INFO - Alice Wilson
[2023-02-01T19:09:08.108+0000] {logging_mixin.py:137} INFO - Diane Williams
[2023-02-01T19:09:08.112+0000] {logging_mixin.py:137} INFO - Kara Martin
[2023-02-01T19:09:08.115+0000] {logging_mixin.py:137} INFO - Joseph Moore
[2023-02-01T19:09:08.131+0000] {logging_mixin.py:137} INFO - Jesse Moses
[2023-02-01T19:09:08.136+0000] {logging_mixin.py:137} INFO - Lisa Mccall
[2023-02-01T19:09:08.157+0000] {logging_mixin.py:137} INFO - Alexandra Mccoy
[2023-02-01T19:09:08.172+0000] {logging_mixin.py:137} INFO - Daniel Martin
[2023-02-01T19:09:08.193+0000] {logging_mixin.py:137} INFO - Claudia Peck
[2023-02-01T19:09:08.211+0000] {logging_mixin.py:137} INFO - Jessica Mcconnell
[2023-02-01T19:09:08.215+0000] {logging_mixin.py:137} INFO - Kevin Walker
[2023-02-01T19:09:08.223+0000] {logging_mixin.py:137} INFO - Christina Lee
[2023-02-01T19:09:08.227+0000] {logging_mixin.py:137} INFO - Christopher Schroeder
[2023-02-01T19:09:08.230+0000] {logging_mixin.py:137} INFO - Melissa Parker
[2023-02-01T19:09:08.232+0000] {logging_mixin.py:137} INFO - Janet Molina
[2023-02-01T19:09:08.234+0000] {logging_mixin.py:137} INFO - Barbara Harris
[2023-02-01T19:09:08.238+0000] {logging_mixin.py:137} INFO - Joseph Hurley
[2023-02-01T19:09:08.248+0000] {logging_mixin.py:137} INFO - Greg Hayden
[2023-02-01T19:09:08.252+0000] {logging_mixin.py:137} INFO - Edwin Adams
[2023-02-01T19:09:08.257+0000] {logging_mixin.py:137} INFO - Ashley Hunter
[2023-02-01T19:09:08.263+0000] {logging_mixin.py:137} INFO - Jennifer Tucker
[2023-02-01T19:09:08.266+0000] {logging_mixin.py:137} INFO - Eddie Gray
[2023-02-01T19:09:08.272+0000] {logging_mixin.py:137} INFO - Jennifer Evans
[2023-02-01T19:09:08.282+0000] {logging_mixin.py:137} INFO - Stephen Carey
[2023-02-01T19:09:08.293+0000] {logging_mixin.py:137} INFO - Samantha Campos
[2023-02-01T19:09:08.301+0000] {logging_mixin.py:137} INFO - Meagan Brown
[2023-02-01T19:09:08.314+0000] {logging_mixin.py:137} INFO - Miss Marisa Barber
[2023-02-01T19:09:08.317+0000] {logging_mixin.py:137} INFO - Jay Mann
[2023-02-01T19:09:08.323+0000] {logging_mixin.py:137} INFO - Matthew Campbell
[2023-02-01T19:09:08.326+0000] {logging_mixin.py:137} INFO - Brent Rodriguez
[2023-02-01T19:09:08.330+0000] {logging_mixin.py:137} INFO - Teresa Ross
[2023-02-01T19:09:08.334+0000] {logging_mixin.py:137} INFO - Mary Martinez
[2023-02-01T19:09:08.351+0000] {logging_mixin.py:137} INFO - Joseph Lewis
[2023-02-01T19:09:08.359+0000] {logging_mixin.py:137} INFO - Dale Davis
[2023-02-01T19:09:08.364+0000] {logging_mixin.py:137} INFO - Elizabeth Evans
[2023-02-01T19:09:08.370+0000] {logging_mixin.py:137} INFO - Shannon Wang
[2023-02-01T19:09:08.375+0000] {logging_mixin.py:137} INFO - Brandon Campbell
[2023-02-01T19:09:08.391+0000] {logging_mixin.py:137} INFO - Rhonda Pace
[2023-02-01T19:09:08.398+0000] {logging_mixin.py:137} INFO - Sarah Santos
[2023-02-01T19:09:08.406+0000] {logging_mixin.py:137} INFO - Jacob Ford
[2023-02-01T19:09:08.420+0000] {logging_mixin.py:137} INFO - Matthew Hansen
[2023-02-01T19:09:08.424+0000] {logging_mixin.py:137} INFO - Amy Ray
[2023-02-01T19:09:08.439+0000] {logging_mixin.py:137} INFO - Aaron Fields
[2023-02-01T19:09:08.442+0000] {logging_mixin.py:137} INFO - Mary Taylor
[2023-02-01T19:09:08.449+0000] {logging_mixin.py:137} INFO - James Morris
[2023-02-01T19:09:08.460+0000] {logging_mixin.py:137} INFO - Darrell Cain
[2023-02-01T19:09:08.465+0000] {logging_mixin.py:137} INFO - Michael Smith
[2023-02-01T19:09:08.469+0000] {logging_mixin.py:137} INFO - Scott Coleman
[2023-02-01T19:09:08.477+0000] {logging_mixin.py:137} INFO - David Fitzpatrick
[2023-02-01T19:09:08.480+0000] {logging_mixin.py:137} INFO - Debra Shepherd
[2023-02-01T19:09:08.483+0000] {logging_mixin.py:137} INFO - Paul Rush
[2023-02-01T19:09:08.489+0000] {logging_mixin.py:137} INFO - Brett Hernandez
[2023-02-01T19:09:08.497+0000] {logging_mixin.py:137} INFO - Sheila Riddle
[2023-02-01T19:09:08.499+0000] {logging_mixin.py:137} INFO - Joan Austin
[2023-02-01T19:09:08.507+0000] {logging_mixin.py:137} INFO - Michael Garcia
[2023-02-01T19:09:08.514+0000] {logging_mixin.py:137} INFO - Natalie Harris
[2023-02-01T19:09:08.523+0000] {logging_mixin.py:137} INFO - Steven Dean
[2023-02-01T19:09:08.529+0000] {logging_mixin.py:137} INFO - John Brown
[2023-02-01T19:09:08.534+0000] {logging_mixin.py:137} INFO - Keith Zimmerman
[2023-02-01T19:09:08.538+0000] {logging_mixin.py:137} INFO - Curtis Byrd
[2023-02-01T19:09:08.544+0000] {logging_mixin.py:137} INFO - Mariah Green
[2023-02-01T19:09:08.549+0000] {logging_mixin.py:137} INFO - Roger Huynh
[2023-02-01T19:09:08.551+0000] {logging_mixin.py:137} INFO - Christopher Zamora
[2023-02-01T19:09:08.557+0000] {logging_mixin.py:137} INFO - Joyce Crawford
[2023-02-01T19:09:08.561+0000] {logging_mixin.py:137} INFO - Angela Smith
[2023-02-01T19:09:08.570+0000] {logging_mixin.py:137} INFO - Veronica Robinson
[2023-02-01T19:09:08.580+0000] {logging_mixin.py:137} INFO - Christopher Bates
[2023-02-01T19:09:08.589+0000] {logging_mixin.py:137} INFO - Steve Stone
[2023-02-01T19:09:08.595+0000] {logging_mixin.py:137} INFO - William Cook
[2023-02-01T19:09:08.599+0000] {logging_mixin.py:137} INFO - Lori Wood
[2023-02-01T19:09:08.601+0000] {logging_mixin.py:137} INFO - Jillian Reynolds
[2023-02-01T19:09:08.606+0000] {logging_mixin.py:137} INFO - Angela Caldwell
[2023-02-01T19:09:08.613+0000] {logging_mixin.py:137} INFO - Shane Campbell
[2023-02-01T19:09:08.619+0000] {logging_mixin.py:137} INFO - Karen Lawrence
[2023-02-01T19:09:08.622+0000] {logging_mixin.py:137} INFO - Kimberly Wood
[2023-02-01T19:09:08.624+0000] {logging_mixin.py:137} INFO - Samantha Lopez
[2023-02-01T19:09:08.626+0000] {logging_mixin.py:137} INFO - Harold Miller
[2023-02-01T19:09:08.628+0000] {logging_mixin.py:137} INFO - Raymond Cooper DVM
[2023-02-01T19:09:08.633+0000] {logging_mixin.py:137} INFO - Kristen Patel
[2023-02-01T19:09:08.638+0000] {logging_mixin.py:137} INFO - Anthony Mejia
[2023-02-01T19:09:08.642+0000] {logging_mixin.py:137} INFO - Raymond Thomas
[2023-02-01T19:09:08.646+0000] {logging_mixin.py:137} INFO - Scott Young
[2023-02-01T19:09:08.649+0000] {logging_mixin.py:137} INFO - David Larson
[2023-02-01T19:09:08.668+0000] {logging_mixin.py:137} INFO - Jon Murray
[2023-02-01T19:09:08.685+0000] {logging_mixin.py:137} INFO - Stephen Taylor
[2023-02-01T19:09:08.699+0000] {logging_mixin.py:137} INFO - Jennifer Hernandez
[2023-02-01T19:09:08.708+0000] {logging_mixin.py:137} INFO - Stacy Smith
[2023-02-01T19:09:08.715+0000] {logging_mixin.py:137} INFO - Juan Owens
[2023-02-01T19:09:08.719+0000] {logging_mixin.py:137} INFO - Brian Adkins
[2023-02-01T19:09:08.727+0000] {logging_mixin.py:137} INFO - Jesse Wells
[2023-02-01T19:09:08.731+0000] {logging_mixin.py:137} INFO - Kyle Matthews
[2023-02-01T19:09:08.739+0000] {logging_mixin.py:137} INFO - Dustin Russell
[2023-02-01T19:09:08.744+0000] {logging_mixin.py:137} INFO - Richard White
[2023-02-01T19:09:08.746+0000] {logging_mixin.py:137} INFO - Brittany Nichols
[2023-02-01T19:09:08.753+0000] {logging_mixin.py:137} INFO - Colton Kelly
[2023-02-01T19:09:08.760+0000] {logging_mixin.py:137} INFO - William Perry
[2023-02-01T19:09:08.774+0000] {logging_mixin.py:137} INFO - Thomas Cummings
[2023-02-01T19:09:08.787+0000] {logging_mixin.py:137} INFO - Timothy Ballard
[2023-02-01T19:09:08.788+0000] {logging_mixin.py:137} INFO - Richard Washington
[2023-02-01T19:09:08.804+0000] {logging_mixin.py:137} INFO - Joshua Lam
[2023-02-01T19:09:08.813+0000] {logging_mixin.py:137} INFO - Grant Jackson
[2023-02-01T19:09:08.824+0000] {logging_mixin.py:137} INFO - Erin Baker
[2023-02-01T19:09:08.833+0000] {logging_mixin.py:137} INFO - Scott Flowers
[2023-02-01T19:09:08.849+0000] {logging_mixin.py:137} INFO - James Adams
[2023-02-01T19:09:08.854+0000] {logging_mixin.py:137} INFO - Heather Alvarado
[2023-02-01T19:09:08.862+0000] {logging_mixin.py:137} INFO - Jennifer Snow
[2023-02-01T19:09:08.867+0000] {logging_mixin.py:137} INFO - Mario Jackson
[2023-02-01T19:09:08.873+0000] {logging_mixin.py:137} INFO - Kevin Collins
[2023-02-01T19:09:08.876+0000] {logging_mixin.py:137} INFO - Danielle Garcia
[2023-02-01T19:09:08.879+0000] {logging_mixin.py:137} INFO - Brenda Jackson
[2023-02-01T19:09:08.893+0000] {logging_mixin.py:137} INFO - Ashley Parker
[2023-02-01T19:09:08.905+0000] {logging_mixin.py:137} INFO - Angela Hickman
[2023-02-01T19:09:08.910+0000] {logging_mixin.py:137} INFO - Carol Rodriguez
[2023-02-01T19:09:08.921+0000] {logging_mixin.py:137} INFO - Vernon Anderson
[2023-02-01T19:09:08.932+0000] {logging_mixin.py:137} INFO - Jesus Church
[2023-02-01T19:09:08.941+0000] {logging_mixin.py:137} INFO - Michelle Medina
[2023-02-01T19:09:08.950+0000] {logging_mixin.py:137} INFO - Nancy Bryant
[2023-02-01T19:09:08.956+0000] {logging_mixin.py:137} INFO - Jennifer Martinez
[2023-02-01T19:09:08.963+0000] {logging_mixin.py:137} INFO - Amy Dougherty
[2023-02-01T19:09:08.968+0000] {logging_mixin.py:137} INFO - Alexis Sanders
[2023-02-01T19:09:08.972+0000] {logging_mixin.py:137} INFO - Austin Salazar
[2023-02-01T19:09:08.994+0000] {logging_mixin.py:137} INFO - Amy Williams
[2023-02-01T19:09:09.020+0000] {logging_mixin.py:137} INFO - Richard Haynes
[2023-02-01T19:09:09.045+0000] {logging_mixin.py:137} INFO - Christine Stark
[2023-02-01T19:09:09.073+0000] {logging_mixin.py:137} INFO - Anita Medina
[2023-02-01T19:09:09.101+0000] {logging_mixin.py:137} INFO - Mr. Thomas Duran
[2023-02-01T19:09:09.105+0000] {logging_mixin.py:137} INFO - Mr. Russell Peterson
[2023-02-01T19:09:09.107+0000] {logging_mixin.py:137} INFO - Jack Richard
[2023-02-01T19:09:09.110+0000] {logging_mixin.py:137} INFO - Michelle Erickson
[2023-02-01T19:09:09.123+0000] {logging_mixin.py:137} INFO - Mitchell Williams
[2023-02-01T19:09:09.126+0000] {logging_mixin.py:137} INFO - Adrian Herrera
[2023-02-01T19:09:09.129+0000] {logging_mixin.py:137} INFO - Michael Brady
[2023-02-01T19:09:09.131+0000] {logging_mixin.py:137} INFO - Jamie Zhang
[2023-02-01T19:09:09.136+0000] {logging_mixin.py:137} INFO - Helen Brennan
[2023-02-01T19:09:09.143+0000] {logging_mixin.py:137} INFO - John Myers
[2023-02-01T19:09:09.146+0000] {logging_mixin.py:137} INFO - Patricia Nash
[2023-02-01T19:09:09.151+0000] {logging_mixin.py:137} INFO - Michael Johnson
[2023-02-01T19:09:09.155+0000] {logging_mixin.py:137} INFO - Anita Berger
[2023-02-01T19:09:09.159+0000] {logging_mixin.py:137} INFO - Jason Guerrero DVM
[2023-02-01T19:09:09.166+0000] {logging_mixin.py:137} INFO - Kimberly Davis
[2023-02-01T19:09:09.173+0000] {logging_mixin.py:137} INFO - Bryan Hansen
[2023-02-01T19:09:09.175+0000] {logging_mixin.py:137} INFO - Rebecca Obrien
[2023-02-01T19:09:09.181+0000] {logging_mixin.py:137} INFO - Sarah Santiago
[2023-02-01T19:09:09.190+0000] {logging_mixin.py:137} INFO - Christine Lane
[2023-02-01T19:09:09.197+0000] {logging_mixin.py:137} INFO - Jerry Lewis
[2023-02-01T19:09:09.207+0000] {logging_mixin.py:137} INFO - Stephanie Miller
[2023-02-01T19:09:09.215+0000] {logging_mixin.py:137} INFO - Kristi Bradley
[2023-02-01T19:09:09.222+0000] {logging_mixin.py:137} INFO - Darren Moore
[2023-02-01T19:09:09.228+0000] {logging_mixin.py:137} INFO - Kristina Cunningham
[2023-02-01T19:09:09.238+0000] {logging_mixin.py:137} INFO - Laurie Moore
[2023-02-01T19:09:09.252+0000] {logging_mixin.py:137} INFO - Aaron Lewis
[2023-02-01T19:09:09.255+0000] {logging_mixin.py:137} INFO - Theresa Vang
[2023-02-01T19:09:09.257+0000] {logging_mixin.py:137} INFO - Chase Reese
[2023-02-01T19:09:09.260+0000] {logging_mixin.py:137} INFO - Matthew Ferguson
[2023-02-01T19:09:09.264+0000] {logging_mixin.py:137} INFO - Victoria Lewis
[2023-02-01T19:09:09.268+0000] {logging_mixin.py:137} INFO - Jon Scott
[2023-02-01T19:09:09.278+0000] {logging_mixin.py:137} INFO - Lisa Campbell
[2023-02-01T19:09:09.280+0000] {logging_mixin.py:137} INFO - David Ramirez
[2023-02-01T19:09:09.283+0000] {logging_mixin.py:137} INFO - Gabriel Rosario
[2023-02-01T19:09:09.286+0000] {logging_mixin.py:137} INFO - Kristi Johnson
[2023-02-01T19:09:09.288+0000] {logging_mixin.py:137} INFO - Jennifer Schwartz
[2023-02-01T19:09:09.291+0000] {logging_mixin.py:137} INFO - Daniel Norton
[2023-02-01T19:09:09.302+0000] {logging_mixin.py:137} INFO - Richard Montoya
[2023-02-01T19:09:09.305+0000] {logging_mixin.py:137} INFO - Daniel Norris
[2023-02-01T19:09:09.311+0000] {logging_mixin.py:137} INFO - Chad Taylor
[2023-02-01T19:09:09.314+0000] {logging_mixin.py:137} INFO - Angie Allen
[2023-02-01T19:09:09.319+0000] {logging_mixin.py:137} INFO - Michael Brooks
[2023-02-01T19:09:09.321+0000] {logging_mixin.py:137} INFO - Hannah Poole
[2023-02-01T19:09:09.329+0000] {logging_mixin.py:137} INFO - Caitlin Ray
[2023-02-01T19:09:09.333+0000] {logging_mixin.py:137} INFO - Mr. Steven Gardner
[2023-02-01T19:09:09.336+0000] {logging_mixin.py:137} INFO - Jennifer Macdonald
[2023-02-01T19:09:09.340+0000] {logging_mixin.py:137} INFO - Vanessa Small
[2023-02-01T19:09:09.343+0000] {logging_mixin.py:137} INFO - Dennis Gray
[2023-02-01T19:09:09.350+0000] {logging_mixin.py:137} INFO - Sandra Kirk
[2023-02-01T19:09:09.355+0000] {logging_mixin.py:137} INFO - Jason Wagner
[2023-02-01T19:09:09.357+0000] {logging_mixin.py:137} INFO - David Owen
[2023-02-01T19:09:09.359+0000] {logging_mixin.py:137} INFO - Rose Terrell
[2023-02-01T19:09:09.361+0000] {logging_mixin.py:137} INFO - James Green MD
[2023-02-01T19:09:09.367+0000] {logging_mixin.py:137} INFO - Tammy Patel
[2023-02-01T19:09:09.370+0000] {logging_mixin.py:137} INFO - Joseph Lucero
[2023-02-01T19:09:09.373+0000] {logging_mixin.py:137} INFO - Stephanie Rojas
[2023-02-01T19:09:09.377+0000] {logging_mixin.py:137} INFO - Brittany Johnson
[2023-02-01T19:09:09.383+0000] {logging_mixin.py:137} INFO - Christina Cummings
[2023-02-01T19:09:09.384+0000] {logging_mixin.py:137} INFO - Eric Downs
[2023-02-01T19:09:09.386+0000] {logging_mixin.py:137} INFO - Paul Finley
[2023-02-01T19:09:09.388+0000] {logging_mixin.py:137} INFO - Danielle Jackson
[2023-02-01T19:09:09.390+0000] {logging_mixin.py:137} INFO - Anna Johnston
[2023-02-01T19:09:09.396+0000] {logging_mixin.py:137} INFO - Ashlee Hodges
[2023-02-01T19:09:09.400+0000] {logging_mixin.py:137} INFO - Thomas Francis
[2023-02-01T19:09:09.405+0000] {logging_mixin.py:137} INFO - Cody Baird
[2023-02-01T19:09:09.412+0000] {logging_mixin.py:137} INFO - Jeffrey Walter
[2023-02-01T19:09:09.416+0000] {logging_mixin.py:137} INFO - Hannah West
[2023-02-01T19:09:09.419+0000] {logging_mixin.py:137} INFO - Anthony Byrd
[2023-02-01T19:09:09.421+0000] {logging_mixin.py:137} INFO - Julie Ramirez
[2023-02-01T19:09:09.434+0000] {logging_mixin.py:137} INFO - Seth Peters
[2023-02-01T19:09:09.446+0000] {logging_mixin.py:137} INFO - Keith Salas
[2023-02-01T19:09:09.448+0000] {logging_mixin.py:137} INFO - Kathryn Evans
[2023-02-01T19:09:09.454+0000] {logging_mixin.py:137} INFO - Dr. Maria Scott
[2023-02-01T19:09:09.457+0000] {logging_mixin.py:137} INFO - Brenda Thomas
[2023-02-01T19:09:09.460+0000] {logging_mixin.py:137} INFO - Travis Douglas
[2023-02-01T19:09:09.463+0000] {logging_mixin.py:137} INFO - Kurt Santos
[2023-02-01T19:09:09.465+0000] {logging_mixin.py:137} INFO - Sean Parrish
[2023-02-01T19:09:09.470+0000] {logging_mixin.py:137} INFO - Brittany Walls
[2023-02-01T19:09:09.480+0000] {logging_mixin.py:137} INFO - Gail Brooks
[2023-02-01T19:09:09.489+0000] {logging_mixin.py:137} INFO - Valerie Johnson
[2023-02-01T19:09:09.496+0000] {logging_mixin.py:137} INFO - Jessica Dunn
[2023-02-01T19:09:09.503+0000] {logging_mixin.py:137} INFO - Chad Robinson
[2023-02-01T19:09:09.509+0000] {logging_mixin.py:137} INFO - Catherine Combs
[2023-02-01T19:09:09.511+0000] {logging_mixin.py:137} INFO - Joshua Boyd
[2023-02-01T19:09:09.515+0000] {logging_mixin.py:137} INFO - Alicia Barnett DVM
[2023-02-01T19:09:09.522+0000] {logging_mixin.py:137} INFO - Kevin Cervantes
[2023-02-01T19:09:09.529+0000] {logging_mixin.py:137} INFO - Larry Lester
[2023-02-01T19:09:09.531+0000] {logging_mixin.py:137} INFO - Deanna Espinoza
[2023-02-01T19:09:09.534+0000] {logging_mixin.py:137} INFO - Marilyn Davis
[2023-02-01T19:09:09.538+0000] {logging_mixin.py:137} INFO - Michael Weeks
[2023-02-01T19:09:09.543+0000] {logging_mixin.py:137} INFO - Brandon Stanton
[2023-02-01T19:09:09.546+0000] {logging_mixin.py:137} INFO - Ryan Boyer Jr.
[2023-02-01T19:09:09.547+0000] {logging_mixin.py:137} INFO - Amanda Elliott
[2023-02-01T19:09:09.550+0000] {logging_mixin.py:137} INFO - David Moore
[2023-02-01T19:09:09.551+0000] {logging_mixin.py:137} INFO - Andre Williams
[2023-02-01T19:09:09.553+0000] {logging_mixin.py:137} INFO - Jennifer Garcia
[2023-02-01T19:09:09.555+0000] {logging_mixin.py:137} INFO - Tracey Cook
[2023-02-01T19:09:09.562+0000] {logging_mixin.py:137} INFO - Michael Turner
[2023-02-01T19:09:09.565+0000] {logging_mixin.py:137} INFO - Diana Long
[2023-02-01T19:09:09.569+0000] {logging_mixin.py:137} INFO - John Bradley
[2023-02-01T19:09:09.572+0000] {logging_mixin.py:137} INFO - Ann Benjamin
[2023-02-01T19:09:09.575+0000] {logging_mixin.py:137} INFO - Shane House
[2023-02-01T19:09:09.581+0000] {logging_mixin.py:137} INFO - Erin Lee
[2023-02-01T19:09:09.589+0000] {logging_mixin.py:137} INFO - Joseph Gray
[2023-02-01T19:09:09.592+0000] {logging_mixin.py:137} INFO - Betty Gibson
[2023-02-01T19:09:09.600+0000] {logging_mixin.py:137} INFO - Kristen Graham
[2023-02-01T19:09:09.602+0000] {logging_mixin.py:137} INFO - Daniel Meza
[2023-02-01T19:09:09.607+0000] {logging_mixin.py:137} INFO - Sherri Carpenter
[2023-02-01T19:09:09.609+0000] {logging_mixin.py:137} INFO - Andrea Sanchez
[2023-02-01T19:09:09.618+0000] {logging_mixin.py:137} INFO - Jordan Rios
[2023-02-01T19:09:09.622+0000] {logging_mixin.py:137} INFO - Elizabeth Jackson
[2023-02-01T19:09:09.626+0000] {logging_mixin.py:137} INFO - Elizabeth Myers
[2023-02-01T19:09:09.630+0000] {logging_mixin.py:137} INFO - Juan Barnes
[2023-02-01T19:09:09.643+0000] {logging_mixin.py:137} INFO - Christopher Lozano
[2023-02-01T19:09:09.646+0000] {logging_mixin.py:137} INFO - Jacqueline Griffin
[2023-02-01T19:09:09.648+0000] {logging_mixin.py:137} INFO - Ryan Mason
[2023-02-01T19:09:09.650+0000] {logging_mixin.py:137} INFO - Jonathan Moore
[2023-02-01T19:09:09.653+0000] {logging_mixin.py:137} INFO - Abigail Landry
[2023-02-01T19:09:09.659+0000] {logging_mixin.py:137} INFO - Brenda Hernandez
[2023-02-01T19:09:09.667+0000] {logging_mixin.py:137} INFO - Zachary Pitts
[2023-02-01T19:09:09.673+0000] {logging_mixin.py:137} INFO - Amanda Rogers
[2023-02-01T19:09:09.675+0000] {logging_mixin.py:137} INFO - Cynthia Gray
[2023-02-01T19:09:09.690+0000] {logging_mixin.py:137} INFO - Tyler Barajas
[2023-02-01T19:09:09.692+0000] {logging_mixin.py:137} INFO - Michelle Leon
[2023-02-01T19:09:09.695+0000] {logging_mixin.py:137} INFO - Kathy Lang
[2023-02-01T19:09:09.697+0000] {logging_mixin.py:137} INFO - Scott Townsend MD
[2023-02-01T19:09:09.700+0000] {logging_mixin.py:137} INFO - Theresa Acosta
[2023-02-01T19:09:09.708+0000] {logging_mixin.py:137} INFO - David Jones
[2023-02-01T19:09:09.712+0000] {logging_mixin.py:137} INFO - Jeremy Robinson
[2023-02-01T19:09:09.716+0000] {logging_mixin.py:137} INFO - James Newton
[2023-02-01T19:09:09.719+0000] {logging_mixin.py:137} INFO - Tracey Wells
[2023-02-01T19:09:09.725+0000] {logging_mixin.py:137} INFO - Maria Nelson
[2023-02-01T19:09:09.738+0000] {logging_mixin.py:137} INFO - Christopher Griffith
[2023-02-01T19:09:09.740+0000] {logging_mixin.py:137} INFO - Zachary Griffin
[2023-02-01T19:09:09.746+0000] {logging_mixin.py:137} INFO - Amy Nguyen
[2023-02-01T19:09:09.747+0000] {logging_mixin.py:137} INFO - April Williams
[2023-02-01T19:09:09.749+0000] {logging_mixin.py:137} INFO - Marissa Kelly
[2023-02-01T19:09:09.751+0000] {logging_mixin.py:137} INFO - Brian Lopez PhD
[2023-02-01T19:09:09.756+0000] {logging_mixin.py:137} INFO - William Williams
[2023-02-01T19:09:09.760+0000] {logging_mixin.py:137} INFO - Norman Brown
[2023-02-01T19:09:09.764+0000] {logging_mixin.py:137} INFO - Charles Fuentes
[2023-02-01T19:09:09.766+0000] {logging_mixin.py:137} INFO - Anthony Chang
[2023-02-01T19:09:09.768+0000] {logging_mixin.py:137} INFO - Mary Bell
[2023-02-01T19:09:09.772+0000] {logging_mixin.py:137} INFO - Elizabeth Stuart
[2023-02-01T19:09:09.774+0000] {logging_mixin.py:137} INFO - Mary Mcdonald
[2023-02-01T19:09:09.780+0000] {logging_mixin.py:137} INFO - Martin Harrison
[2023-02-01T19:09:09.790+0000] {logging_mixin.py:137} INFO - Stephanie Fernandez
[2023-02-01T19:09:09.794+0000] {logging_mixin.py:137} INFO - Christopher Brown
[2023-02-01T19:09:09.796+0000] {logging_mixin.py:137} INFO - Alexander Stephenson
[2023-02-01T19:09:09.798+0000] {logging_mixin.py:137} INFO - Grace Diaz
[2023-02-01T19:09:09.807+0000] {logging_mixin.py:137} INFO - Frank Bartlett
[2023-02-01T19:09:09.811+0000] {logging_mixin.py:137} INFO - Audrey Andersen
[2023-02-01T19:09:09.813+0000] {logging_mixin.py:137} INFO - David Green
[2023-02-01T19:09:09.817+0000] {logging_mixin.py:137} INFO - Joshua Diaz Jr.
[2023-02-01T19:09:09.819+0000] {logging_mixin.py:137} INFO - Emily Garcia
[2023-02-01T19:09:09.823+0000] {logging_mixin.py:137} INFO - Devin Hall
[2023-02-01T19:09:09.824+0000] {logging_mixin.py:137} INFO - Phillip Garner
[2023-02-01T19:09:09.833+0000] {logging_mixin.py:137} INFO - Katherine Estrada
[2023-02-01T19:09:09.844+0000] {logging_mixin.py:137} INFO - Corey Saunders
[2023-02-01T19:09:09.845+0000] {logging_mixin.py:137} INFO - Kimberly Collins
[2023-02-01T19:09:09.847+0000] {logging_mixin.py:137} INFO - Amy Elliott
[2023-02-01T19:09:09.849+0000] {logging_mixin.py:137} INFO - Tanya Jones
[2023-02-01T19:09:09.850+0000] {logging_mixin.py:137} INFO - Patricia Gonzalez
[2023-02-01T19:09:09.852+0000] {logging_mixin.py:137} INFO - Jennifer Hill
[2023-02-01T19:09:09.854+0000] {logging_mixin.py:137} INFO - John Haynes
[2023-02-01T19:09:09.856+0000] {logging_mixin.py:137} INFO - Jacob Henry
[2023-02-01T19:09:09.863+0000] {logging_mixin.py:137} INFO - Daniel Clark
[2023-02-01T19:09:09.865+0000] {logging_mixin.py:137} INFO - Jonathon Taylor
[2023-02-01T19:09:09.868+0000] {logging_mixin.py:137} INFO - Jesse Evans
[2023-02-01T19:09:09.871+0000] {logging_mixin.py:137} INFO - James Martinez
[2023-02-01T19:09:09.873+0000] {logging_mixin.py:137} INFO - Kyle Reyes
[2023-02-01T19:09:09.875+0000] {logging_mixin.py:137} INFO - Terrence Barker
[2023-02-01T19:09:09.880+0000] {logging_mixin.py:137} INFO - Anthony Washington
[2023-02-01T19:09:09.882+0000] {logging_mixin.py:137} INFO - Dustin Le
[2023-02-01T19:09:09.884+0000] {logging_mixin.py:137} INFO - Bruce Clark
[2023-02-01T19:09:09.885+0000] {logging_mixin.py:137} INFO - Keith Anthony
[2023-02-01T19:09:09.888+0000] {logging_mixin.py:137} INFO - Jeremiah Stone
[2023-02-01T19:09:09.892+0000] {logging_mixin.py:137} INFO - Michael Haley
[2023-02-01T19:09:09.898+0000] {logging_mixin.py:137} INFO - Regina Carrillo
[2023-02-01T19:09:09.902+0000] {logging_mixin.py:137} INFO - Jacob Lee
[2023-02-01T19:09:09.904+0000] {logging_mixin.py:137} INFO - Thomas Gonzalez
[2023-02-01T19:09:09.911+0000] {logging_mixin.py:137} INFO - Mark Lawrence
[2023-02-01T19:09:09.915+0000] {logging_mixin.py:137} INFO - Matthew Anderson
[2023-02-01T19:09:09.920+0000] {logging_mixin.py:137} INFO - Nicholas Young
[2023-02-01T19:09:09.925+0000] {logging_mixin.py:137} INFO - Melvin Martinez
[2023-02-01T19:09:09.927+0000] {logging_mixin.py:137} INFO - Scott Green
[2023-02-01T19:09:09.932+0000] {logging_mixin.py:137} INFO - Dana Richards
[2023-02-01T19:09:09.936+0000] {logging_mixin.py:137} INFO - Lauren Moore
[2023-02-01T19:09:09.947+0000] {logging_mixin.py:137} INFO - Terry Campbell
[2023-02-01T19:09:09.953+0000] {logging_mixin.py:137} INFO - Ralph Jordan
[2023-02-01T19:09:09.961+0000] {logging_mixin.py:137} INFO - Noah Reyes
[2023-02-01T19:09:09.964+0000] {logging_mixin.py:137} INFO - Mr. Gregory Mills MD
[2023-02-01T19:09:09.968+0000] {logging_mixin.py:137} INFO - Michelle Yates
[2023-02-01T19:09:09.972+0000] {logging_mixin.py:137} INFO - Robin Reyes
[2023-02-01T19:09:09.976+0000] {logging_mixin.py:137} INFO - Rebecca Smith
[2023-02-01T19:09:09.979+0000] {logging_mixin.py:137} INFO - Nicole Torres
[2023-02-01T19:09:09.981+0000] {logging_mixin.py:137} INFO - Ronald Jones
[2023-02-01T19:09:09.983+0000] {logging_mixin.py:137} INFO - Michael Castaneda
[2023-02-01T19:09:09.986+0000] {logging_mixin.py:137} INFO - Christopher Krueger
[2023-02-01T19:09:09.987+0000] {logging_mixin.py:137} INFO - Jennifer Werner
[2023-02-01T19:09:09.990+0000] {logging_mixin.py:137} INFO - Ashley Smith
[2023-02-01T19:09:09.993+0000] {logging_mixin.py:137} INFO - Alyssa Fields
[2023-02-01T19:09:09.995+0000] {logging_mixin.py:137} INFO - John Scott
[2023-02-01T19:09:09.997+0000] {logging_mixin.py:137} INFO - Debra Delacruz
[2023-02-01T19:09:10.005+0000] {logging_mixin.py:137} INFO - James Madden
[2023-02-01T19:09:10.012+0000] {logging_mixin.py:137} INFO - Joseph Gentry
[2023-02-01T19:09:10.016+0000] {logging_mixin.py:137} INFO - Ashley Cabrera
[2023-02-01T19:09:10.021+0000] {logging_mixin.py:137} INFO - Jennifer Fernandez
[2023-02-01T19:09:10.033+0000] {logging_mixin.py:137} INFO - James Harris
[2023-02-01T19:09:10.037+0000] {logging_mixin.py:137} INFO - Candice Young
[2023-02-01T19:09:10.047+0000] {logging_mixin.py:137} INFO - Lisa Baker
[2023-02-01T19:09:10.057+0000] {logging_mixin.py:137} INFO - Brian Mills DDS
[2023-02-01T19:09:10.062+0000] {logging_mixin.py:137} INFO - Kristin Smith
[2023-02-01T19:09:10.067+0000] {logging_mixin.py:137} INFO - Jacob Collins
[2023-02-01T19:09:10.069+0000] {logging_mixin.py:137} INFO - Kimberly Harris
[2023-02-01T19:09:10.073+0000] {logging_mixin.py:137} INFO - Michael Hull
[2023-02-01T19:09:10.077+0000] {logging_mixin.py:137} INFO - Caitlin Todd
[2023-02-01T19:09:10.080+0000] {logging_mixin.py:137} INFO - Lisa Harris
[2023-02-01T19:09:10.083+0000] {logging_mixin.py:137} INFO - Mrs. Ann Stone
[2023-02-01T19:09:10.086+0000] {logging_mixin.py:137} INFO - Michelle Case
[2023-02-01T19:09:10.095+0000] {logging_mixin.py:137} INFO - Joe Lowe
[2023-02-01T19:09:10.109+0000] {logging_mixin.py:137} INFO - Randall Dunn
[2023-02-01T19:09:10.118+0000] {logging_mixin.py:137} INFO - Paula Vargas
[2023-02-01T19:09:10.127+0000] {logging_mixin.py:137} INFO - Daniel Walker
[2023-02-01T19:09:10.146+0000] {logging_mixin.py:137} INFO - James Jackson
[2023-02-01T19:09:10.156+0000] {logging_mixin.py:137} INFO - Shirley Woodard
[2023-02-01T19:09:10.161+0000] {logging_mixin.py:137} INFO - James Hayes
[2023-02-01T19:09:10.166+0000] {logging_mixin.py:137} INFO - Megan Austin
[2023-02-01T19:09:10.169+0000] {logging_mixin.py:137} INFO - Erin Robertson
[2023-02-01T19:09:10.176+0000] {logging_mixin.py:137} INFO - Robert Phillips
[2023-02-01T19:09:10.180+0000] {logging_mixin.py:137} INFO - Amy Torres
[2023-02-01T19:09:10.187+0000] {logging_mixin.py:137} INFO - Joshua Cox
[2023-02-01T19:09:10.192+0000] {logging_mixin.py:137} INFO - Duane Grimes
[2023-02-01T19:09:10.202+0000] {logging_mixin.py:137} INFO - Jennifer Burgess
[2023-02-01T19:09:10.211+0000] {logging_mixin.py:137} INFO - Carlos Duran
[2023-02-01T19:09:10.220+0000] {logging_mixin.py:137} INFO - Jason Johnson
[2023-02-01T19:09:10.227+0000] {logging_mixin.py:137} INFO - Cameron Greer
[2023-02-01T19:09:10.240+0000] {logging_mixin.py:137} INFO - Randall Williams
[2023-02-01T19:09:10.245+0000] {logging_mixin.py:137} INFO - Jessica Harris
[2023-02-01T19:09:10.248+0000] {logging_mixin.py:137} INFO - Joshua Rogers
[2023-02-01T19:09:10.252+0000] {logging_mixin.py:137} INFO - Jose Mahoney
[2023-02-01T19:09:10.256+0000] {logging_mixin.py:137} INFO - Brandy Fuentes
[2023-02-01T19:09:10.260+0000] {logging_mixin.py:137} INFO - Angelica Matthews
[2023-02-01T19:09:10.263+0000] {logging_mixin.py:137} INFO - Glenn Caldwell
[2023-02-01T19:09:10.266+0000] {logging_mixin.py:137} INFO - Cristian Delacruz
[2023-02-01T19:09:10.268+0000] {logging_mixin.py:137} INFO - Alexandra Price
[2023-02-01T19:09:10.270+0000] {logging_mixin.py:137} INFO - Heather Wilson
[2023-02-01T19:09:10.275+0000] {logging_mixin.py:137} INFO - Shawn Thompson
[2023-02-01T19:09:10.279+0000] {logging_mixin.py:137} INFO - Anna Daniel
[2023-02-01T19:09:10.281+0000] {logging_mixin.py:137} INFO - Joseph Cisneros
[2023-02-01T19:09:10.294+0000] {logging_mixin.py:137} INFO - Rebecca Estes
[2023-02-01T19:09:10.296+0000] {logging_mixin.py:137} INFO - Jeremy Porter
[2023-02-01T19:09:10.299+0000] {logging_mixin.py:137} INFO - Lisa Mann
[2023-02-01T19:09:10.303+0000] {logging_mixin.py:137} INFO - Michael Woods
[2023-02-01T19:09:10.306+0000] {logging_mixin.py:137} INFO - Madison Thompson
[2023-02-01T19:09:10.317+0000] {logging_mixin.py:137} INFO - Nancy Gomez
[2023-02-01T19:09:10.320+0000] {logging_mixin.py:137} INFO - Julie Blanchard
[2023-02-01T19:09:10.329+0000] {logging_mixin.py:137} INFO - Michael Smith
[2023-02-01T19:09:10.332+0000] {logging_mixin.py:137} INFO - Angel Huber
[2023-02-01T19:09:10.339+0000] {logging_mixin.py:137} INFO - Michael Coffey
[2023-02-01T19:09:10.342+0000] {logging_mixin.py:137} INFO - Patrick Walter
[2023-02-01T19:09:10.344+0000] {logging_mixin.py:137} INFO - Curtis Davis
[2023-02-01T19:09:10.349+0000] {logging_mixin.py:137} INFO - Kyle Stewart
[2023-02-01T19:09:10.351+0000] {logging_mixin.py:137} INFO - Angela Jimenez
[2023-02-01T19:09:10.353+0000] {logging_mixin.py:137} INFO - Andrew Martinez
[2023-02-01T19:09:10.361+0000] {logging_mixin.py:137} INFO - Angela West
[2023-02-01T19:09:10.364+0000] {logging_mixin.py:137} INFO - Ryan Young
[2023-02-01T19:09:10.366+0000] {logging_mixin.py:137} INFO - Nathaniel Evans
[2023-02-01T19:09:10.368+0000] {logging_mixin.py:137} INFO - Dawn Bryant
[2023-02-01T19:09:10.371+0000] {logging_mixin.py:137} INFO - Danielle Lewis
[2023-02-01T19:09:10.374+0000] {logging_mixin.py:137} INFO - Matthew Newman
[2023-02-01T19:09:10.379+0000] {logging_mixin.py:137} INFO - Robert Smith
[2023-02-01T19:09:10.380+0000] {logging_mixin.py:137} INFO - Melissa Hicks
[2023-02-01T19:09:10.382+0000] {logging_mixin.py:137} INFO - Emily Lambert
[2023-02-01T19:09:10.383+0000] {logging_mixin.py:137} INFO - Krystal Wolfe
[2023-02-01T19:09:10.385+0000] {logging_mixin.py:137} INFO - Donna Murillo
[2023-02-01T19:09:10.386+0000] {logging_mixin.py:137} INFO - Carl Hudson
[2023-02-01T19:09:10.392+0000] {logging_mixin.py:137} INFO - Robert Wilson
[2023-02-01T19:09:10.394+0000] {logging_mixin.py:137} INFO - Patrick Mathis
[2023-02-01T19:09:10.406+0000] {logging_mixin.py:137} INFO - Michael Suarez
[2023-02-01T19:09:10.408+0000] {logging_mixin.py:137} INFO - David Johnson
[2023-02-01T19:09:10.410+0000] {logging_mixin.py:137} INFO - William Thompson
[2023-02-01T19:09:10.412+0000] {logging_mixin.py:137} INFO - Jessica Hansen DVM
[2023-02-01T19:09:10.414+0000] {logging_mixin.py:137} INFO - Katherine Friedman
[2023-02-01T19:09:10.416+0000] {logging_mixin.py:137} INFO - Jillian Johnson
[2023-02-01T19:09:10.420+0000] {logging_mixin.py:137} INFO - Robert Mckee
[2023-02-01T19:09:10.425+0000] {logging_mixin.py:137} INFO - Rachel Little
[2023-02-01T19:09:10.428+0000] {logging_mixin.py:137} INFO - Patricia Smith
[2023-02-01T19:09:10.431+0000] {logging_mixin.py:137} INFO - Heidi Martinez
[2023-02-01T19:09:10.433+0000] {logging_mixin.py:137} INFO - Caitlin Solomon
[2023-02-01T19:09:10.435+0000] {logging_mixin.py:137} INFO - Dr. Olivia Pugh
[2023-02-01T19:09:10.438+0000] {logging_mixin.py:137} INFO - John Steele DDS
[2023-02-01T19:09:10.440+0000] {logging_mixin.py:137} INFO - Jeremy Mathews
[2023-02-01T19:09:10.442+0000] {logging_mixin.py:137} INFO - Tiffany Hill
[2023-02-01T19:09:10.445+0000] {logging_mixin.py:137} INFO - Steven Edwards
[2023-02-01T19:09:10.446+0000] {logging_mixin.py:137} INFO - Charles Campbell
[2023-02-01T19:09:10.453+0000] {logging_mixin.py:137} INFO - Brett Hughes
[2023-02-01T19:09:10.459+0000] {logging_mixin.py:137} INFO - Christina Villegas
[2023-02-01T19:09:10.462+0000] {logging_mixin.py:137} INFO - Anthony Garcia
[2023-02-01T19:09:10.464+0000] {logging_mixin.py:137} INFO - Nathan Murphy
[2023-02-01T19:09:10.469+0000] {logging_mixin.py:137} INFO - Steven Dodson
[2023-02-01T19:09:10.476+0000] {logging_mixin.py:137} INFO - Brian Sullivan
[2023-02-01T19:09:10.481+0000] {logging_mixin.py:137} INFO - Renee White
[2023-02-01T19:09:10.491+0000] {logging_mixin.py:137} INFO - Laura Rowland
[2023-02-01T19:09:10.493+0000] {logging_mixin.py:137} INFO - John Moore
[2023-02-01T19:09:10.496+0000] {logging_mixin.py:137} INFO - Sophia Mckenzie
[2023-02-01T19:09:10.498+0000] {logging_mixin.py:137} INFO - David Roach
[2023-02-01T19:09:10.506+0000] {logging_mixin.py:137} INFO - Jennifer Patterson
[2023-02-01T19:09:10.508+0000] {logging_mixin.py:137} INFO - James Richards
[2023-02-01T19:09:10.512+0000] {logging_mixin.py:137} INFO - Mary Johnston
[2023-02-01T19:09:10.516+0000] {logging_mixin.py:137} INFO - Brandon Mcdaniel
[2023-02-01T19:09:10.519+0000] {logging_mixin.py:137} INFO - Meghan Stevenson
[2023-02-01T19:09:10.523+0000] {logging_mixin.py:137} INFO - Luis Hayes
[2023-02-01T19:09:10.525+0000] {logging_mixin.py:137} INFO - Alejandra Sloan
[2023-02-01T19:09:10.529+0000] {logging_mixin.py:137} INFO - Dr. Sandra Miller
[2023-02-01T19:09:10.532+0000] {logging_mixin.py:137} INFO - Dustin Bond
[2023-02-01T19:09:10.533+0000] {logging_mixin.py:137} INFO - Julia Patrick MD
[2023-02-01T19:09:10.536+0000] {logging_mixin.py:137} INFO - Jill Campbell
[2023-02-01T19:09:10.540+0000] {logging_mixin.py:137} INFO - Mark Ford
[2023-02-01T19:09:10.543+0000] {logging_mixin.py:137} INFO - Brian Long
[2023-02-01T19:09:10.549+0000] {logging_mixin.py:137} INFO - Lisa Peterson
[2023-02-01T19:09:10.552+0000] {logging_mixin.py:137} INFO - Matthew Lee
[2023-02-01T19:09:10.557+0000] {logging_mixin.py:137} INFO - Bradley Miller
[2023-02-01T19:09:10.560+0000] {logging_mixin.py:137} INFO - Jeffrey Moss
[2023-02-01T19:09:10.565+0000] {logging_mixin.py:137} INFO - Sara Carlson
[2023-02-01T19:09:10.567+0000] {logging_mixin.py:137} INFO - Daniel Rodriguez
[2023-02-01T19:09:10.568+0000] {logging_mixin.py:137} INFO - Jeremy David
[2023-02-01T19:09:10.570+0000] {logging_mixin.py:137} INFO - Eric Green
[2023-02-01T19:09:10.577+0000] {logging_mixin.py:137} INFO - Alexis Jones
[2023-02-01T19:09:10.580+0000] {logging_mixin.py:137} INFO - Matthew Rose
[2023-02-01T19:09:10.583+0000] {logging_mixin.py:137} INFO - Catherine Anderson
[2023-02-01T19:09:10.593+0000] {logging_mixin.py:137} INFO - Holly Burton
[2023-02-01T19:09:10.598+0000] {logging_mixin.py:137} INFO - David Matthews
[2023-02-01T19:09:10.599+0000] {logging_mixin.py:137} INFO - Mrs. Kara Little
[2023-02-01T19:09:10.604+0000] {logging_mixin.py:137} INFO - Jeffrey Stanley
[2023-02-01T19:09:10.608+0000] {logging_mixin.py:137} INFO - James Ochoa
[2023-02-01T19:09:10.610+0000] {logging_mixin.py:137} INFO - Jason Frye
[2023-02-01T19:09:10.615+0000] {logging_mixin.py:137} INFO - Christopher Ellis
[2023-02-01T19:09:10.626+0000] {logging_mixin.py:137} INFO - Michelle Nixon
[2023-02-01T19:09:10.637+0000] {logging_mixin.py:137} INFO - Andrew Gill
[2023-02-01T19:09:10.648+0000] {logging_mixin.py:137} INFO - Jennifer Wilson
[2023-02-01T19:09:10.653+0000] {logging_mixin.py:137} INFO - Shawn Black
[2023-02-01T19:09:10.664+0000] {logging_mixin.py:137} INFO - April Patterson
[2023-02-01T19:09:10.668+0000] {logging_mixin.py:137} INFO - Troy Vaughn
[2023-02-01T19:09:10.677+0000] {logging_mixin.py:137} INFO - Alexandria White
[2023-02-01T19:09:10.686+0000] {logging_mixin.py:137} INFO - Scott Phillips
[2023-02-01T19:09:10.688+0000] {logging_mixin.py:137} INFO - Zachary Cisneros
[2023-02-01T19:09:10.690+0000] {logging_mixin.py:137} INFO - Deborah Brown
[2023-02-01T19:09:10.693+0000] {logging_mixin.py:137} INFO - Monica Moses
[2023-02-01T19:09:10.696+0000] {logging_mixin.py:137} INFO - Brenda Reyes
[2023-02-01T19:09:10.699+0000] {logging_mixin.py:137} INFO - Miss Renee Allen
[2023-02-01T19:09:10.702+0000] {logging_mixin.py:137} INFO - Susan Clark
[2023-02-01T19:09:10.710+0000] {logging_mixin.py:137} INFO - Brandy Coffey
[2023-02-01T19:09:10.712+0000] {logging_mixin.py:137} INFO - Brett Nelson
[2023-02-01T19:09:10.715+0000] {logging_mixin.py:137} INFO - Ricardo Young
[2023-02-01T19:09:10.718+0000] {logging_mixin.py:137} INFO - Paul Lee
[2023-02-01T19:09:10.722+0000] {logging_mixin.py:137} INFO - David Allen
[2023-02-01T19:09:10.723+0000] {logging_mixin.py:137} INFO - Andrea Knight
[2023-02-01T19:09:10.732+0000] {logging_mixin.py:137} INFO - James Gomez
[2023-02-01T19:09:10.736+0000] {logging_mixin.py:137} INFO - Melody Gibson
[2023-02-01T19:09:10.740+0000] {logging_mixin.py:137} INFO - Christina Martinez
[2023-02-01T19:09:10.744+0000] {logging_mixin.py:137} INFO - Shelby Smith
[2023-02-01T19:09:10.756+0000] {logging_mixin.py:137} INFO - Jason Howard
[2023-02-01T19:09:10.759+0000] {logging_mixin.py:137} INFO - Amy Davidson
[2023-02-01T19:09:10.760+0000] {logging_mixin.py:137} INFO - Kyle Copeland
[2023-02-01T19:09:10.765+0000] {logging_mixin.py:137} INFO - Madeline Davis
[2023-02-01T19:09:10.776+0000] {logging_mixin.py:137} INFO - Aaron Young
[2023-02-01T19:09:10.778+0000] {logging_mixin.py:137} INFO - Lisa Barrett
[2023-02-01T19:09:10.779+0000] {logging_mixin.py:137} INFO - Joel Jones
[2023-02-01T19:09:10.781+0000] {logging_mixin.py:137} INFO - Christine Evans
[2023-02-01T19:09:10.782+0000] {logging_mixin.py:137} INFO - Kimberly Johnson
[2023-02-01T19:09:10.784+0000] {logging_mixin.py:137} INFO - Charles Hess
[2023-02-01T19:09:10.786+0000] {logging_mixin.py:137} INFO - Paul Dixon
[2023-02-01T19:09:10.788+0000] {logging_mixin.py:137} INFO - Christopher Johnson
[2023-02-01T19:09:10.797+0000] {logging_mixin.py:137} INFO - Robert Dawson
[2023-02-01T19:09:10.800+0000] {logging_mixin.py:137} INFO - Ryan Dixon
[2023-02-01T19:09:10.803+0000] {logging_mixin.py:137} INFO - Julie Martinez
[2023-02-01T19:09:10.805+0000] {logging_mixin.py:137} INFO - David Adams
[2023-02-01T19:09:10.811+0000] {logging_mixin.py:137} INFO - Mariah Brown
[2023-02-01T19:09:10.813+0000] {logging_mixin.py:137} INFO - Deborah Malone
[2023-02-01T19:09:10.814+0000] {logging_mixin.py:137} INFO - John Brown
[2023-02-01T19:09:10.816+0000] {logging_mixin.py:137} INFO - Maria Stewart
[2023-02-01T19:09:10.818+0000] {logging_mixin.py:137} INFO - Mr. Bryan Hawkins
[2023-02-01T19:09:10.822+0000] {logging_mixin.py:137} INFO - Kyle Brooks
[2023-02-01T19:09:10.830+0000] {logging_mixin.py:137} INFO - Kenneth White
[2023-02-01T19:09:10.833+0000] {logging_mixin.py:137} INFO - Patricia Wilson
[2023-02-01T19:09:10.835+0000] {logging_mixin.py:137} INFO - Paul Soto
[2023-02-01T19:09:10.837+0000] {logging_mixin.py:137} INFO - Janice Garrett
[2023-02-01T19:09:10.839+0000] {logging_mixin.py:137} INFO - Randy Strickland
[2023-02-01T19:09:10.841+0000] {logging_mixin.py:137} INFO - Felicia Herrera
[2023-02-01T19:09:10.849+0000] {logging_mixin.py:137} INFO - Andre Campos
[2023-02-01T19:09:10.858+0000] {logging_mixin.py:137} INFO - Justin Meyer
[2023-02-01T19:09:10.860+0000] {logging_mixin.py:137} INFO - Brandon Brooks
[2023-02-01T19:09:10.864+0000] {logging_mixin.py:137} INFO - Abigail Rivera
[2023-02-01T19:09:10.870+0000] {logging_mixin.py:137} INFO - Jessica Mann
[2023-02-01T19:09:10.881+0000] {logging_mixin.py:137} INFO - Michael Sawyer
[2023-02-01T19:09:10.885+0000] {logging_mixin.py:137} INFO - Jeffrey Coleman
[2023-02-01T19:09:10.895+0000] {logging_mixin.py:137} INFO - Micheal Castro
[2023-02-01T19:09:10.901+0000] {logging_mixin.py:137} INFO - Laura Gonzalez
[2023-02-01T19:09:10.906+0000] {logging_mixin.py:137} INFO - Christopher Jackson
[2023-02-01T19:09:10.909+0000] {logging_mixin.py:137} INFO - William Mckenzie
[2023-02-01T19:09:10.911+0000] {logging_mixin.py:137} INFO - Kristina Rodriguez
[2023-02-01T19:09:10.914+0000] {logging_mixin.py:137} INFO - Kelli Williams
[2023-02-01T19:09:10.917+0000] {logging_mixin.py:137} INFO - Diane Norris
[2023-02-01T19:09:10.920+0000] {logging_mixin.py:137} INFO - Kevin Carroll
[2023-02-01T19:09:10.924+0000] {logging_mixin.py:137} INFO - Betty Weber
[2023-02-01T19:09:10.929+0000] {logging_mixin.py:137} INFO - Jeffery Robinson
[2023-02-01T19:09:10.931+0000] {logging_mixin.py:137} INFO - Hannah Cowan
[2023-02-01T19:09:10.932+0000] {logging_mixin.py:137} INFO - Brian Kramer
[2023-02-01T19:09:10.934+0000] {logging_mixin.py:137} INFO - Anthony Roberts
[2023-02-01T19:09:10.936+0000] {logging_mixin.py:137} INFO - Ricardo Blankenship
[2023-02-01T19:09:10.937+0000] {logging_mixin.py:137} INFO - Brooke Collins
[2023-02-01T19:09:10.940+0000] {logging_mixin.py:137} INFO - Tammy Lawson
[2023-02-01T19:09:10.942+0000] {logging_mixin.py:137} INFO - Cody Miller
[2023-02-01T19:09:10.944+0000] {logging_mixin.py:137} INFO - Dr. Janice Salazar
[2023-02-01T19:09:10.950+0000] {logging_mixin.py:137} INFO - David West
[2023-02-01T19:09:10.954+0000] {logging_mixin.py:137} INFO - Robin Carpenter
[2023-02-01T19:09:10.961+0000] {logging_mixin.py:137} INFO - Monique Wall
[2023-02-01T19:09:10.970+0000] {logging_mixin.py:137} INFO - Charles Cardenas
[2023-02-01T19:09:10.975+0000] {logging_mixin.py:137} INFO - Valerie Mitchell
[2023-02-01T19:09:10.979+0000] {logging_mixin.py:137} INFO - Michelle Valenzuela
[2023-02-01T19:09:10.982+0000] {logging_mixin.py:137} INFO - William Poole
[2023-02-01T19:09:10.984+0000] {logging_mixin.py:137} INFO - James Hall
[2023-02-01T19:09:10.985+0000] {logging_mixin.py:137} INFO - Dylan Carpenter
[2023-02-01T19:09:10.987+0000] {logging_mixin.py:137} INFO - Linda Medina
[2023-02-01T19:09:10.989+0000] {logging_mixin.py:137} INFO - Joan White
[2023-02-01T19:09:10.999+0000] {logging_mixin.py:137} INFO - Mary Klein
[2023-02-01T19:09:11.001+0000] {logging_mixin.py:137} INFO - Ashley Wolf
[2023-02-01T19:09:11.008+0000] {logging_mixin.py:137} INFO - William Reed
[2023-02-01T19:09:11.012+0000] {logging_mixin.py:137} INFO - Derek Harvey
[2023-02-01T19:09:11.017+0000] {logging_mixin.py:137} INFO - Kathleen Rodriguez
[2023-02-01T19:09:11.019+0000] {logging_mixin.py:137} INFO - Andrew Rodriguez
[2023-02-01T19:09:11.020+0000] {logging_mixin.py:137} INFO - Ariel Frank
[2023-02-01T19:09:11.023+0000] {logging_mixin.py:137} INFO - Tina French
[2023-02-01T19:09:11.025+0000] {logging_mixin.py:137} INFO - Brent Waller
[2023-02-01T19:09:11.028+0000] {logging_mixin.py:137} INFO - Kevin Allen
[2023-02-01T19:09:11.030+0000] {logging_mixin.py:137} INFO - Xavier Walker
[2023-02-01T19:09:11.031+0000] {logging_mixin.py:137} INFO - Michelle Sanchez
[2023-02-01T19:09:11.033+0000] {logging_mixin.py:137} INFO - Rachael Shepard
[2023-02-01T19:09:11.037+0000] {logging_mixin.py:137} INFO - Kelsey Johnson
[2023-02-01T19:09:11.039+0000] {logging_mixin.py:137} INFO - Nicole Webb
[2023-02-01T19:09:11.041+0000] {logging_mixin.py:137} INFO - Nicholas Rodriguez
[2023-02-01T19:09:11.046+0000] {logging_mixin.py:137} INFO - Eric Vaughan
[2023-02-01T19:09:11.048+0000] {logging_mixin.py:137} INFO - Amanda Richardson
[2023-02-01T19:09:11.050+0000] {logging_mixin.py:137} INFO - Janice Carlson
[2023-02-01T19:09:11.061+0000] {logging_mixin.py:137} INFO - Darryl Walsh
[2023-02-01T19:09:11.091+0000] {logging_mixin.py:137} INFO - Heather Johnson
[2023-02-01T19:09:11.097+0000] {logging_mixin.py:137} INFO - Mark Chambers
[2023-02-01T19:09:11.102+0000] {logging_mixin.py:137} INFO - Tracy Burns
[2023-02-01T19:09:11.108+0000] {logging_mixin.py:137} INFO - John Cole
[2023-02-01T19:09:11.115+0000] {logging_mixin.py:137} INFO - Deborah Silva
[2023-02-01T19:09:11.117+0000] {logging_mixin.py:137} INFO - Shawn Hernandez
[2023-02-01T19:09:11.129+0000] {logging_mixin.py:137} INFO - Bethany Meyer
[2023-02-01T19:09:11.134+0000] {logging_mixin.py:137} INFO - Helen Smith
[2023-02-01T19:09:11.143+0000] {logging_mixin.py:137} INFO - Dana Dennis
[2023-02-01T19:09:11.147+0000] {logging_mixin.py:137} INFO - Kelsey Camacho
[2023-02-01T19:09:11.152+0000] {logging_mixin.py:137} INFO - Matthew Thomas
[2023-02-01T19:09:11.155+0000] {logging_mixin.py:137} INFO - Brittany Arellano
[2023-02-01T19:09:11.161+0000] {logging_mixin.py:137} INFO - Stacey Jones
[2023-02-01T19:09:11.175+0000] {logging_mixin.py:137} INFO - William Weeks
[2023-02-01T19:09:11.182+0000] {logging_mixin.py:137} INFO - Mark Beasley
[2023-02-01T19:09:11.185+0000] {logging_mixin.py:137} INFO - Bruce Pena
[2023-02-01T19:09:11.187+0000] {logging_mixin.py:137} INFO - Jeffery Smith
[2023-02-01T19:09:11.189+0000] {logging_mixin.py:137} INFO - Ann Deleon
[2023-02-01T19:09:11.193+0000] {logging_mixin.py:137} INFO - Kevin Robertson
[2023-02-01T19:09:11.201+0000] {logging_mixin.py:137} INFO - Vincent Willis MD
[2023-02-01T19:09:11.208+0000] {logging_mixin.py:137} INFO - Michael Nielsen
[2023-02-01T19:09:11.211+0000] {logging_mixin.py:137} INFO - Walter Koch
[2023-02-01T19:09:11.214+0000] {logging_mixin.py:137} INFO - Brian Vega
[2023-02-01T19:09:11.216+0000] {logging_mixin.py:137} INFO - Jeffrey Medina
[2023-02-01T19:09:11.225+0000] {logging_mixin.py:137} INFO - Erika Banks
[2023-02-01T19:09:11.227+0000] {logging_mixin.py:137} INFO - Stacey Griffin
[2023-02-01T19:09:11.234+0000] {logging_mixin.py:137} INFO - Michael Marsh
[2023-02-01T19:09:11.248+0000] {logging_mixin.py:137} INFO - Molly White
[2023-02-01T19:09:11.255+0000] {logging_mixin.py:137} INFO - Matthew Morrison
[2023-02-01T19:09:11.263+0000] {logging_mixin.py:137} INFO - Amanda Burns
[2023-02-01T19:09:11.265+0000] {logging_mixin.py:137} INFO - Emily Gonzalez DDS
[2023-02-01T19:09:11.269+0000] {logging_mixin.py:137} INFO - Gregory King
[2023-02-01T19:09:11.272+0000] {logging_mixin.py:137} INFO - Dennis Evans
[2023-02-01T19:09:11.276+0000] {logging_mixin.py:137} INFO - Christina Snyder
[2023-02-01T19:09:11.281+0000] {logging_mixin.py:137} INFO - Carolyn Mata
[2023-02-01T19:09:11.284+0000] {logging_mixin.py:137} INFO - Brandy Lawson
[2023-02-01T19:09:11.287+0000] {logging_mixin.py:137} INFO - Briana Christian
[2023-02-01T19:09:11.291+0000] {logging_mixin.py:137} INFO - Jeffrey Hernandez
[2023-02-01T19:09:11.295+0000] {logging_mixin.py:137} INFO - John Riggs
[2023-02-01T19:09:11.297+0000] {logging_mixin.py:137} INFO - Barbara Short
[2023-02-01T19:09:11.302+0000] {logging_mixin.py:137} INFO - Steven Brooks
[2023-02-01T19:09:11.304+0000] {logging_mixin.py:137} INFO - Gabrielle James
[2023-02-01T19:09:11.316+0000] {logging_mixin.py:137} INFO - Robert Young
[2023-02-01T19:09:11.318+0000] {logging_mixin.py:137} INFO - Derek Sanders
[2023-02-01T19:09:11.319+0000] {logging_mixin.py:137} INFO - Mallory Oliver
[2023-02-01T19:09:11.320+0000] {logging_mixin.py:137} INFO - Terry Howe
[2023-02-01T19:09:11.323+0000] {logging_mixin.py:137} INFO - Samuel Wallace
[2023-02-01T19:09:11.329+0000] {logging_mixin.py:137} INFO - Angel Jones
[2023-02-01T19:09:11.332+0000] {logging_mixin.py:137} INFO - Jacqueline Nichols
[2023-02-01T19:09:11.335+0000] {logging_mixin.py:137} INFO - Melissa Mcgee
[2023-02-01T19:09:11.338+0000] {logging_mixin.py:137} INFO - Michelle Smith
[2023-02-01T19:09:11.340+0000] {logging_mixin.py:137} INFO - Maureen Baxter
[2023-02-01T19:09:11.342+0000] {logging_mixin.py:137} INFO - Kathy Crawford
[2023-02-01T19:09:11.346+0000] {logging_mixin.py:137} INFO - Stacy Wood
[2023-02-01T19:09:11.348+0000] {logging_mixin.py:137} INFO - Justin Parsons
[2023-02-01T19:09:11.351+0000] {logging_mixin.py:137} INFO - Ann Klein
[2023-02-01T19:09:11.355+0000] {logging_mixin.py:137} INFO - Allison Arnold
[2023-02-01T19:09:11.357+0000] {logging_mixin.py:137} INFO - Heather Kirk
[2023-02-01T19:09:11.361+0000] {logging_mixin.py:137} INFO - Monica Smith
[2023-02-01T19:09:11.376+0000] {logging_mixin.py:137} INFO - Brett Oconnor
[2023-02-01T19:09:11.380+0000] {logging_mixin.py:137} INFO - Anthony Bryant
[2023-02-01T19:09:11.400+0000] {logging_mixin.py:137} INFO - Jeremy Russell
[2023-02-01T19:09:11.404+0000] {logging_mixin.py:137} INFO - Julie Poole
[2023-02-01T19:09:11.405+0000] {logging_mixin.py:137} INFO - Emma Thompson
[2023-02-01T19:09:11.407+0000] {logging_mixin.py:137} INFO - Bradley Matthews
[2023-02-01T19:09:11.410+0000] {logging_mixin.py:137} INFO - William Roberts
[2023-02-01T19:09:11.422+0000] {logging_mixin.py:137} INFO - Julie Mooney
[2023-02-01T19:09:11.427+0000] {logging_mixin.py:137} INFO - Amy Doyle
[2023-02-01T19:09:11.431+0000] {logging_mixin.py:137} INFO - Amanda Grant
[2023-02-01T19:09:11.435+0000] {logging_mixin.py:137} INFO - Eric Anderson
[2023-02-01T19:09:11.444+0000] {logging_mixin.py:137} INFO - George Thompson
[2023-02-01T19:09:11.448+0000] {logging_mixin.py:137} INFO - Dustin Hines
[2023-02-01T19:09:11.455+0000] {logging_mixin.py:137} INFO - Andrea Frank
[2023-02-01T19:09:11.479+0000] {logging_mixin.py:137} INFO - Jodi Cook
[2023-02-01T19:09:11.483+0000] {logging_mixin.py:137} INFO - Stacy Haney
[2023-02-01T19:09:11.503+0000] {logging_mixin.py:137} INFO - Paul Callahan
[2023-02-01T19:09:11.508+0000] {logging_mixin.py:137} INFO - Jasmine Chambers
[2023-02-01T19:09:11.514+0000] {logging_mixin.py:137} INFO - Melissa Pittman MD
[2023-02-01T19:09:11.516+0000] {logging_mixin.py:137} INFO - Deborah Larson
[2023-02-01T19:09:11.522+0000] {logging_mixin.py:137} INFO - Brandon Shaw
[2023-02-01T19:09:11.525+0000] {logging_mixin.py:137} INFO - Timothy Paul
[2023-02-01T19:09:11.530+0000] {logging_mixin.py:137} INFO - Michael Trujillo
[2023-02-01T19:09:11.535+0000] {logging_mixin.py:137} INFO - Robert Rivera
[2023-02-01T19:09:11.541+0000] {logging_mixin.py:137} INFO - Dana Nelson
[2023-02-01T19:09:11.545+0000] {logging_mixin.py:137} INFO - Andrea Bennett
[2023-02-01T19:09:11.549+0000] {logging_mixin.py:137} INFO - Jodi Fox
[2023-02-01T19:09:11.557+0000] {logging_mixin.py:137} INFO - Heather Hayes
[2023-02-01T19:09:11.563+0000] {logging_mixin.py:137} INFO - Jennifer Moreno
[2023-02-01T19:09:11.571+0000] {logging_mixin.py:137} INFO - John Patel
[2023-02-01T19:09:11.574+0000] {logging_mixin.py:137} INFO - Teresa Oliver
[2023-02-01T19:09:11.583+0000] {logging_mixin.py:137} INFO - Monique Bell
[2023-02-01T19:09:11.587+0000] {logging_mixin.py:137} INFO - Casey Leonard
[2023-02-01T19:09:11.593+0000] {logging_mixin.py:137} INFO - Steven Clark
[2023-02-01T19:09:11.597+0000] {logging_mixin.py:137} INFO - Edward Martin
[2023-02-01T19:09:11.673+0000] {logging_mixin.py:137} INFO - Shawn Orozco
[2023-02-01T19:09:11.678+0000] {logging_mixin.py:137} INFO - Brandon Yang
[2023-02-01T19:09:11.683+0000] {logging_mixin.py:137} INFO - Nathan Ray
[2023-02-01T19:09:11.686+0000] {logging_mixin.py:137} INFO - Lori Moore
[2023-02-01T19:09:11.689+0000] {logging_mixin.py:137} INFO - Dr. Lisa Shaw DVM
[2023-02-01T19:09:11.699+0000] {logging_mixin.py:137} INFO - Angela Walters
[2023-02-01T19:09:11.703+0000] {logging_mixin.py:137} INFO - David Nolan
[2023-02-01T19:09:11.706+0000] {logging_mixin.py:137} INFO - William Ramsey
[2023-02-01T19:09:11.715+0000] {logging_mixin.py:137} INFO - David Oconnor
[2023-02-01T19:09:11.722+0000] {logging_mixin.py:137} INFO - Mark Washington
[2023-02-01T19:09:11.728+0000] {logging_mixin.py:137} INFO - Jennifer Jacobs
[2023-02-01T19:09:11.734+0000] {logging_mixin.py:137} INFO - Tammy Hampton
[2023-02-01T19:09:11.747+0000] {logging_mixin.py:137} INFO - Stephen Farmer
[2023-02-01T19:09:11.762+0000] {logging_mixin.py:137} INFO - Jasmine Nguyen
[2023-02-01T19:09:11.766+0000] {logging_mixin.py:137} INFO - Rebecca Flores
[2023-02-01T19:09:11.782+0000] {logging_mixin.py:137} INFO - Tyler Davis
[2023-02-01T19:09:11.789+0000] {logging_mixin.py:137} INFO - Nancy Gray
[2023-02-01T19:09:11.820+0000] {logging_mixin.py:137} INFO - Brian Sanchez
[2023-02-01T19:09:11.851+0000] {logging_mixin.py:137} INFO - Laurie Shaw
[2023-02-01T19:09:11.855+0000] {logging_mixin.py:137} INFO - Kristina Torres
[2023-02-01T19:09:11.864+0000] {logging_mixin.py:137} INFO - Andrea Rodgers
[2023-02-01T19:09:11.887+0000] {logging_mixin.py:137} INFO - Jason Walters
[2023-02-01T19:09:11.915+0000] {logging_mixin.py:137} INFO - Jerry Moss
[2023-02-01T19:09:11.976+0000] {logging_mixin.py:137} INFO - Jeffrey Jordan
[2023-02-01T19:09:11.988+0000] {logging_mixin.py:137} INFO - Jennifer Wilson
[2023-02-01T19:09:12.006+0000] {logging_mixin.py:137} INFO - Trevor Mathews
[2023-02-01T19:09:12.023+0000] {logging_mixin.py:137} INFO - Anne Hood
[2023-02-01T19:09:12.033+0000] {logging_mixin.py:137} INFO - Sarah Williams
[2023-02-01T19:09:12.044+0000] {logging_mixin.py:137} INFO - Shelby Hernandez
[2023-02-01T19:09:12.050+0000] {logging_mixin.py:137} INFO - Samantha Velez
[2023-02-01T19:09:12.057+0000] {logging_mixin.py:137} INFO - Matthew Douglas
[2023-02-01T19:09:12.062+0000] {logging_mixin.py:137} INFO - Ashlee George
[2023-02-01T19:09:12.069+0000] {logging_mixin.py:137} INFO - Troy Crane
[2023-02-01T19:09:12.074+0000] {logging_mixin.py:137} INFO - Michael Cooper
[2023-02-01T19:09:12.081+0000] {logging_mixin.py:137} INFO - Michael White
[2023-02-01T19:09:12.090+0000] {logging_mixin.py:137} INFO - Mr. Timothy Fleming
[2023-02-01T19:09:12.095+0000] {logging_mixin.py:137} INFO - Seth Bruce
[2023-02-01T19:09:12.100+0000] {logging_mixin.py:137} INFO - Jacqueline Carpenter
[2023-02-01T19:09:12.105+0000] {logging_mixin.py:137} INFO - Michael Martin
[2023-02-01T19:09:12.109+0000] {logging_mixin.py:137} INFO - Kristopher Henry
[2023-02-01T19:09:12.113+0000] {logging_mixin.py:137} INFO - Tiffany Porter
[2023-02-01T19:09:12.117+0000] {logging_mixin.py:137} INFO - Stacy Simpson
[2023-02-01T19:09:12.124+0000] {logging_mixin.py:137} INFO - Tammy Mcdowell
[2023-02-01T19:09:12.129+0000] {logging_mixin.py:137} INFO - Thomas Walters
[2023-02-01T19:09:12.135+0000] {logging_mixin.py:137} INFO - Dwayne Thompson
[2023-02-01T19:09:12.144+0000] {logging_mixin.py:137} INFO - Natalie Willis
[2023-02-01T19:09:12.162+0000] {logging_mixin.py:137} INFO - Sharon Taylor
[2023-02-01T19:09:12.165+0000] {logging_mixin.py:137} INFO - Sarah Wiggins
[2023-02-01T19:09:12.171+0000] {logging_mixin.py:137} INFO - Amber Thomas
[2023-02-01T19:09:12.178+0000] {logging_mixin.py:137} INFO - Patrick Miller
[2023-02-01T19:09:12.184+0000] {logging_mixin.py:137} INFO - Stephanie Hartman
[2023-02-01T19:09:12.187+0000] {logging_mixin.py:137} INFO - Stacey Mora
[2023-02-01T19:09:12.202+0000] {logging_mixin.py:137} INFO - Katherine Rodriguez
[2023-02-01T19:09:12.211+0000] {logging_mixin.py:137} INFO - Daniel Morgan
[2023-02-01T19:09:12.222+0000] {logging_mixin.py:137} INFO - Rebecca Martinez
[2023-02-01T19:09:12.233+0000] {logging_mixin.py:137} INFO - Nicole Juarez
[2023-02-01T19:09:12.242+0000] {logging_mixin.py:137} INFO - Mark Arroyo
[2023-02-01T19:09:12.250+0000] {logging_mixin.py:137} INFO - April Lucero
[2023-02-01T19:09:12.257+0000] {logging_mixin.py:137} INFO - Samantha Garcia
[2023-02-01T19:09:12.265+0000] {logging_mixin.py:137} INFO - Jon Moore
[2023-02-01T19:09:12.272+0000] {logging_mixin.py:137} INFO - Joshua Flores MD
[2023-02-01T19:09:12.281+0000] {logging_mixin.py:137} INFO - Raymond Jones
[2023-02-01T19:09:12.287+0000] {logging_mixin.py:137} INFO - Billy Hughes
[2023-02-01T19:09:12.292+0000] {logging_mixin.py:137} INFO - Peggy Valdez PhD
[2023-02-01T19:09:12.299+0000] {logging_mixin.py:137} INFO - Joshua Reyes
[2023-02-01T19:09:12.307+0000] {logging_mixin.py:137} INFO - Aaron Green
[2023-02-01T19:09:12.312+0000] {logging_mixin.py:137} INFO - Wendy Espinoza
[2023-02-01T19:09:12.317+0000] {logging_mixin.py:137} INFO - Peter Vasquez
[2023-02-01T19:09:12.325+0000] {logging_mixin.py:137} INFO - Diane Harper
[2023-02-01T19:09:12.332+0000] {logging_mixin.py:137} INFO - Ms. Rebecca Cantu
[2023-02-01T19:09:12.337+0000] {logging_mixin.py:137} INFO - Yolanda Morrow
[2023-02-01T19:09:12.346+0000] {logging_mixin.py:137} INFO - Penny Beard
[2023-02-01T19:09:12.357+0000] {logging_mixin.py:137} INFO - Lisa Long
[2023-02-01T19:09:12.371+0000] {logging_mixin.py:137} INFO - Jerry Harris
[2023-02-01T19:09:12.383+0000] {logging_mixin.py:137} INFO - Bob Willis
[2023-02-01T19:09:12.402+0000] {logging_mixin.py:137} INFO - Duane Chapman
[2023-02-01T19:09:12.408+0000] {logging_mixin.py:137} INFO - William Morgan
[2023-02-01T19:09:12.414+0000] {logging_mixin.py:137} INFO - Amy Gutierrez
[2023-02-01T19:09:12.420+0000] {logging_mixin.py:137} INFO - Amber Nichols
[2023-02-01T19:09:12.424+0000] {logging_mixin.py:137} INFO - Matthew Carr
[2023-02-01T19:09:12.434+0000] {logging_mixin.py:137} INFO - Thomas Duncan
[2023-02-01T19:09:12.459+0000] {logging_mixin.py:137} INFO - Elizabeth Wright
[2023-02-01T19:09:12.470+0000] {logging_mixin.py:137} INFO - Jacqueline Brewer
[2023-02-01T19:09:12.480+0000] {logging_mixin.py:137} INFO - Stephanie Johnson
[2023-02-01T19:09:12.506+0000] {logging_mixin.py:137} INFO - Samantha Calderon
[2023-02-01T19:09:12.523+0000] {logging_mixin.py:137} INFO - Kathryn Gaines
[2023-02-01T19:09:12.541+0000] {logging_mixin.py:137} INFO - Angel Jones
[2023-02-01T19:09:12.613+0000] {logging_mixin.py:137} INFO - Laura Wall
[2023-02-01T19:09:12.642+0000] {logging_mixin.py:137} INFO - Mr. Anthony Hamilton
[2023-02-01T19:09:12.644+0000] {logging_mixin.py:137} INFO - David Smith
[2023-02-01T19:09:12.646+0000] {logging_mixin.py:137} INFO - Kimberly Herrera DDS
[2023-02-01T19:09:12.650+0000] {logging_mixin.py:137} INFO - Gina Wilson
[2023-02-01T19:09:12.661+0000] {logging_mixin.py:137} INFO - Timothy Byrd
[2023-02-01T19:09:12.668+0000] {logging_mixin.py:137} INFO - Michael Mckenzie
[2023-02-01T19:09:12.673+0000] {logging_mixin.py:137} INFO - Jeffrey Mcintyre
[2023-02-01T19:09:12.692+0000] {logging_mixin.py:137} INFO - Teresa Jackson
[2023-02-01T19:09:12.695+0000] {logging_mixin.py:137} INFO - Joseph Wilcox
[2023-02-01T19:09:12.698+0000] {logging_mixin.py:137} INFO - Patrick Mcknight
[2023-02-01T19:09:12.701+0000] {logging_mixin.py:137} INFO - Ronald Moreno
[2023-02-01T19:09:12.703+0000] {logging_mixin.py:137} INFO - Jamie Sullivan
[2023-02-01T19:09:12.709+0000] {logging_mixin.py:137} INFO - Jason Anderson
[2023-02-01T19:09:12.715+0000] {logging_mixin.py:137} INFO - Steven Stewart
[2023-02-01T19:09:12.723+0000] {logging_mixin.py:137} INFO - Melinda Paul
[2023-02-01T19:09:12.726+0000] {logging_mixin.py:137} INFO - Cynthia Simmons
[2023-02-01T19:09:12.729+0000] {logging_mixin.py:137} INFO - Christian Smith
[2023-02-01T19:09:12.732+0000] {logging_mixin.py:137} INFO - William Jimenez
[2023-02-01T19:09:12.737+0000] {logging_mixin.py:137} INFO - Hayley French
[2023-02-01T19:09:12.739+0000] {logging_mixin.py:137} INFO - Brandon Hess
[2023-02-01T19:09:12.751+0000] {logging_mixin.py:137} INFO - Laura Perry
[2023-02-01T19:09:12.754+0000] {logging_mixin.py:137} INFO - Scott Jones
[2023-02-01T19:09:12.756+0000] {logging_mixin.py:137} INFO - Christine Hernandez
[2023-02-01T19:09:12.759+0000] {logging_mixin.py:137} INFO - Douglas Eaton
[2023-02-01T19:09:12.763+0000] {logging_mixin.py:137} INFO - William Soto
[2023-02-01T19:09:12.767+0000] {logging_mixin.py:137} INFO - Mary Jones
[2023-02-01T19:09:12.769+0000] {logging_mixin.py:137} INFO - Stephanie Holmes
[2023-02-01T19:09:12.771+0000] {logging_mixin.py:137} INFO - Keith Meyers
[2023-02-01T19:09:12.772+0000] {logging_mixin.py:137} INFO - Paul Fisher
[2023-02-01T19:09:12.774+0000] {logging_mixin.py:137} INFO - Emily Alexander
[2023-02-01T19:09:12.776+0000] {logging_mixin.py:137} INFO - Anthony Schwartz
[2023-02-01T19:09:12.778+0000] {logging_mixin.py:137} INFO - Evelyn Jacobs
[2023-02-01T19:09:12.784+0000] {logging_mixin.py:137} INFO - Connie Jones
[2023-02-01T19:09:12.786+0000] {logging_mixin.py:137} INFO - Carla Gibbs
[2023-02-01T19:09:12.787+0000] {logging_mixin.py:137} INFO - Ashley Santiago
[2023-02-01T19:09:12.789+0000] {logging_mixin.py:137} INFO - Micheal Mckee
[2023-02-01T19:09:12.791+0000] {logging_mixin.py:137} INFO - Diane Williams
[2023-02-01T19:09:12.794+0000] {logging_mixin.py:137} INFO - Jesse Velasquez
[2023-02-01T19:09:12.796+0000] {logging_mixin.py:137} INFO - Jennifer Rodriguez
[2023-02-01T19:09:12.798+0000] {logging_mixin.py:137} INFO - Joe Griffin
[2023-02-01T19:09:12.803+0000] {logging_mixin.py:137} INFO - Gary Cherry
[2023-02-01T19:09:12.807+0000] {logging_mixin.py:137} INFO - Alyssa Edwards
[2023-02-01T19:09:12.813+0000] {logging_mixin.py:137} INFO - Caroline Hernandez MD
[2023-02-01T19:09:12.816+0000] {logging_mixin.py:137} INFO - Jessica Morton
[2023-02-01T19:09:12.819+0000] {logging_mixin.py:137} INFO - Holly Jones
[2023-02-01T19:09:12.822+0000] {logging_mixin.py:137} INFO - David Shelton
[2023-02-01T19:09:12.823+0000] {logging_mixin.py:137} INFO - Kristina Parks
[2023-02-01T19:09:12.830+0000] {logging_mixin.py:137} INFO - Laurie Hernandez
[2023-02-01T19:09:12.834+0000] {logging_mixin.py:137} INFO - Melissa James
[2023-02-01T19:09:12.836+0000] {logging_mixin.py:137} INFO - Jeremiah Adams
[2023-02-01T19:09:12.839+0000] {logging_mixin.py:137} INFO - Arthur Robinson
[2023-02-01T19:09:12.843+0000] {logging_mixin.py:137} INFO - Anna Shepard
[2023-02-01T19:09:12.852+0000] {logging_mixin.py:137} INFO - Brandon Myers
[2023-02-01T19:09:12.854+0000] {logging_mixin.py:137} INFO - Paul Cardenas
[2023-02-01T19:09:12.856+0000] {logging_mixin.py:137} INFO - Megan Santana
[2023-02-01T19:09:12.858+0000] {logging_mixin.py:137} INFO - Joseph Marshall
[2023-02-01T19:09:12.861+0000] {logging_mixin.py:137} INFO - Mrs. Brenda Harris
[2023-02-01T19:09:12.863+0000] {logging_mixin.py:137} INFO - Nicole Garcia
[2023-02-01T19:09:12.868+0000] {logging_mixin.py:137} INFO - Anna Estrada
[2023-02-01T19:09:12.869+0000] {logging_mixin.py:137} INFO - Carl Moore
[2023-02-01T19:09:12.871+0000] {logging_mixin.py:137} INFO - Rodney Hernandez
[2023-02-01T19:09:12.878+0000] {logging_mixin.py:137} INFO - Madison Christian
[2023-02-01T19:09:12.884+0000] {logging_mixin.py:137} INFO - Heather Rhodes
[2023-02-01T19:09:12.900+0000] {python.py:177} INFO - Done. Returned value was: None
[2023-02-01T19:09:12.942+0000] {taskinstance.py:1323} INFO - Marking task as SUCCESS. dag_id=CSV_DAG, task_id=convertCSVToJson, execution_date=20230201T101500, start_date=20230201T190905, end_date=20230201T190912
[2023-02-01T19:09:13.126+0000] {local_task_job.py:208} INFO - Task exited with return code 0
[2023-02-01T19:09:13.215+0000] {taskinstance.py:2578} INFO - 0 downstream tasks scheduled from follow-on schedule check
