[2023-02-01T19:08:59.619+0000] {taskinstance.py:1083} INFO - Dependencies all met for <TaskInstance: CSV_DAG.starting scheduled__2023-02-01T10:30:00+00:00 [queued]>
[2023-02-01T19:08:59.830+0000] {taskinstance.py:1083} INFO - Dependencies all met for <TaskInstance: CSV_DAG.starting scheduled__2023-02-01T10:30:00+00:00 [queued]>
[2023-02-01T19:08:59.831+0000] {taskinstance.py:1279} INFO - 
--------------------------------------------------------------------------------
[2023-02-01T19:08:59.835+0000] {taskinstance.py:1280} INFO - Starting attempt 1 of 2
[2023-02-01T19:08:59.839+0000] {taskinstance.py:1281} INFO - 
--------------------------------------------------------------------------------
[2023-02-01T19:09:00.022+0000] {taskinstance.py:1300} INFO - Executing <Task(BashOperator): starting> on 2023-02-01 10:30:00+00:00
[2023-02-01T19:09:00.114+0000] {standard_task_runner.py:55} INFO - Started process 1047 to run task
[2023-02-01T19:09:00.162+0000] {standard_task_runner.py:82} INFO - Running: ['***', 'tasks', 'run', 'CSV_DAG', 'starting', 'scheduled__2023-02-01T10:30:00+00:00', '--job-id', '272', '--raw', '--subdir', 'DAGS_FOLDER/csv.py', '--cfg-path', '/tmp/tmpiwq_nyt1']
[2023-02-01T19:09:00.168+0000] {standard_task_runner.py:83} INFO - Job 272: Subtask starting
[2023-02-01T19:09:00.701+0000] {task_command.py:388} INFO - Running <TaskInstance: CSV_DAG.starting scheduled__2023-02-01T10:30:00+00:00 [running]> on host 06d8060e8530
[2023-02-01T19:09:01.250+0000] {taskinstance.py:1509} INFO - Exporting the following env vars:
AIRFLOW_CTX_DAG_OWNER=Kevin Chalmers
AIRFLOW_CTX_DAG_ID=CSV_DAG
AIRFLOW_CTX_TASK_ID=starting
AIRFLOW_CTX_EXECUTION_DATE=2023-02-01T10:30:00+00:00
AIRFLOW_CTX_TRY_NUMBER=1
AIRFLOW_CTX_DAG_RUN_ID=scheduled__2023-02-01T10:30:00+00:00
[2023-02-01T19:09:01.288+0000] {subprocess.py:63} INFO - Tmp dir root location: 
 /tmp
[2023-02-01T19:09:01.302+0000] {subprocess.py:75} INFO - Running command: ['/bin/bash', '-c', 'echo "Reading data"']
[2023-02-01T19:09:01.598+0000] {subprocess.py:86} INFO - Output:
[2023-02-01T19:09:01.636+0000] {subprocess.py:93} INFO - Reading data
[2023-02-01T19:09:01.641+0000] {subprocess.py:97} INFO - Command exited with return code 0
[2023-02-01T19:09:01.910+0000] {taskinstance.py:1323} INFO - Marking task as SUCCESS. dag_id=CSV_DAG, task_id=starting, execution_date=20230201T103000, start_date=20230201T190859, end_date=20230201T190901
[2023-02-01T19:09:02.125+0000] {local_task_job.py:208} INFO - Task exited with return code 0
[2023-02-01T19:09:02.327+0000] {taskinstance.py:2578} INFO - 1 downstream tasks scheduled from follow-on schedule check
