[2023-02-01T19:10:11.331+0000] {taskinstance.py:1083} INFO - Dependencies all met for <TaskInstance: CSV_DAG.starting scheduled__2023-02-01T13:45:00+00:00 [queued]>
[2023-02-01T19:10:11.363+0000] {taskinstance.py:1083} INFO - Dependencies all met for <TaskInstance: CSV_DAG.starting scheduled__2023-02-01T13:45:00+00:00 [queued]>
[2023-02-01T19:10:11.374+0000] {taskinstance.py:1279} INFO - 
--------------------------------------------------------------------------------
[2023-02-01T19:10:11.378+0000] {taskinstance.py:1280} INFO - Starting attempt 1 of 2
[2023-02-01T19:10:11.385+0000] {taskinstance.py:1281} INFO - 
--------------------------------------------------------------------------------
[2023-02-01T19:10:11.464+0000] {taskinstance.py:1300} INFO - Executing <Task(BashOperator): starting> on 2023-02-01 13:45:00+00:00
[2023-02-01T19:10:11.492+0000] {standard_task_runner.py:55} INFO - Started process 1383 to run task
[2023-02-01T19:10:11.510+0000] {standard_task_runner.py:82} INFO - Running: ['***', 'tasks', 'run', 'CSV_DAG', 'starting', 'scheduled__2023-02-01T13:45:00+00:00', '--job-id', '355', '--raw', '--subdir', 'DAGS_FOLDER/csv.py', '--cfg-path', '/tmp/tmpv3nj_x3e']
[2023-02-01T19:10:11.519+0000] {standard_task_runner.py:83} INFO - Job 355: Subtask starting
[2023-02-01T19:10:11.883+0000] {task_command.py:388} INFO - Running <TaskInstance: CSV_DAG.starting scheduled__2023-02-01T13:45:00+00:00 [running]> on host 06d8060e8530
[2023-02-01T19:10:12.185+0000] {taskinstance.py:1509} INFO - Exporting the following env vars:
AIRFLOW_CTX_DAG_OWNER=Kevin Chalmers
AIRFLOW_CTX_DAG_ID=CSV_DAG
AIRFLOW_CTX_TASK_ID=starting
AIRFLOW_CTX_EXECUTION_DATE=2023-02-01T13:45:00+00:00
AIRFLOW_CTX_TRY_NUMBER=1
AIRFLOW_CTX_DAG_RUN_ID=scheduled__2023-02-01T13:45:00+00:00
[2023-02-01T19:10:12.191+0000] {subprocess.py:63} INFO - Tmp dir root location: 
 /tmp
[2023-02-01T19:10:12.196+0000] {subprocess.py:75} INFO - Running command: ['/bin/bash', '-c', 'echo "Reading data"']
[2023-02-01T19:10:12.272+0000] {subprocess.py:86} INFO - Output:
[2023-02-01T19:10:12.287+0000] {subprocess.py:93} INFO - Reading data
[2023-02-01T19:10:12.292+0000] {subprocess.py:97} INFO - Command exited with return code 0
[2023-02-01T19:10:12.408+0000] {taskinstance.py:1323} INFO - Marking task as SUCCESS. dag_id=CSV_DAG, task_id=starting, execution_date=20230201T134500, start_date=20230201T191011, end_date=20230201T191012
[2023-02-01T19:10:12.490+0000] {local_task_job.py:208} INFO - Task exited with return code 0
[2023-02-01T19:10:12.603+0000] {taskinstance.py:2578} INFO - 1 downstream tasks scheduled from follow-on schedule check
