[2023-02-10T16:13:15.513+0000] {processor.py:153} INFO - Started process (PID=781) to work on /opt/airflow/dags/db.py
[2023-02-10T16:13:15.515+0000] {processor.py:743} INFO - Processing file /opt/airflow/dags/db.py for tasks to queue
[2023-02-10T16:13:15.517+0000] {logging_mixin.py:137} INFO - [2023-02-10T16:13:15.516+0000] {dagbag.py:538} INFO - Filling up the DagBag from /opt/airflow/dags/db.py
[2023-02-10T16:13:15.528+0000] {logging_mixin.py:137} INFO - [2023-02-10T16:13:15.523+0000] {dagbag.py:343} ERROR - Failed to import: /opt/airflow/dags/db.py
Traceback (most recent call last):
  File "/home/airflow/.local/lib/python3.7/site-packages/airflow/models/dagbag.py", line 339, in parse
    loader.exec_module(new_module)
  File "<frozen importlib._bootstrap_external>", line 724, in exec_module
  File "<frozen importlib._bootstrap_external>", line 860, in get_code
  File "<frozen importlib._bootstrap_external>", line 791, in source_to_code
  File "<frozen importlib._bootstrap>", line 219, in _call_with_frames_removed
  File "/opt/airflow/dags/db.py", line 12
    conn =
          ^
SyntaxError: invalid syntax
[2023-02-10T16:13:15.529+0000] {processor.py:755} WARNING - No viable dags retrieved from /opt/airflow/dags/db.py
[2023-02-10T16:13:15.557+0000] {processor.py:175} INFO - Processing /opt/airflow/dags/db.py took 0.049 seconds
[2023-02-10T16:13:20.564+0000] {processor.py:153} INFO - Started process (PID=782) to work on /opt/airflow/dags/db.py
[2023-02-10T16:13:20.565+0000] {processor.py:743} INFO - Processing file /opt/airflow/dags/db.py for tasks to queue
[2023-02-10T16:13:20.567+0000] {logging_mixin.py:137} INFO - [2023-02-10T16:13:20.566+0000] {dagbag.py:538} INFO - Filling up the DagBag from /opt/airflow/dags/db.py
[2023-02-10T16:13:20.939+0000] {processor.py:753} INFO - DAG(s) dict_keys(['CSV_DAG']) retrieved from /opt/airflow/dags/db.py
[2023-02-10T16:13:21.010+0000] {logging_mixin.py:137} INFO - [2023-02-10T16:13:21.010+0000] {dag.py:2690} INFO - Sync 1 DAGs
[2023-02-10T16:13:21.036+0000] {logging_mixin.py:137} INFO - [2023-02-10T16:13:21.036+0000] {dag.py:3441} INFO - Setting next_dagrun for CSV_DAG to None, run_after=None
[2023-02-10T16:13:21.062+0000] {processor.py:175} INFO - Processing /opt/airflow/dags/db.py took 0.503 seconds
[2023-02-10T16:13:51.914+0000] {processor.py:153} INFO - Started process (PID=868) to work on /opt/airflow/dags/db.py
[2023-02-10T16:13:51.920+0000] {processor.py:743} INFO - Processing file /opt/airflow/dags/db.py for tasks to queue
[2023-02-10T16:13:51.924+0000] {logging_mixin.py:137} INFO - [2023-02-10T16:13:51.923+0000] {dagbag.py:538} INFO - Filling up the DagBag from /opt/airflow/dags/db.py
[2023-02-10T16:13:52.388+0000] {processor.py:753} INFO - DAG(s) dict_keys(['CSV_DAG']) retrieved from /opt/airflow/dags/db.py
[2023-02-10T16:13:52.424+0000] {logging_mixin.py:137} INFO - [2023-02-10T16:13:52.424+0000] {dag.py:2690} INFO - Sync 1 DAGs
[2023-02-10T16:13:52.458+0000] {logging_mixin.py:137} INFO - [2023-02-10T16:13:52.458+0000] {dag.py:3441} INFO - Setting next_dagrun for CSV_DAG to None, run_after=None
[2023-02-10T16:13:52.480+0000] {processor.py:175} INFO - Processing /opt/airflow/dags/db.py took 0.583 seconds
[2023-02-10T16:13:57.375+0000] {processor.py:153} INFO - Started process (PID=879) to work on /opt/airflow/dags/db.py
[2023-02-10T16:13:57.377+0000] {processor.py:743} INFO - Processing file /opt/airflow/dags/db.py for tasks to queue
[2023-02-10T16:13:57.380+0000] {logging_mixin.py:137} INFO - [2023-02-10T16:13:57.379+0000] {dagbag.py:538} INFO - Filling up the DagBag from /opt/airflow/dags/db.py
[2023-02-10T16:13:57.713+0000] {processor.py:753} INFO - DAG(s) dict_keys(['database-build']) retrieved from /opt/airflow/dags/db.py
[2023-02-10T16:13:57.985+0000] {logging_mixin.py:137} INFO - [2023-02-10T16:13:57.985+0000] {manager.py:504} INFO - Created Permission View: can edit on DAG:database-build
[2023-02-10T16:13:57.998+0000] {logging_mixin.py:137} INFO - [2023-02-10T16:13:57.997+0000] {manager.py:504} INFO - Created Permission View: can delete on DAG:database-build
[2023-02-10T16:13:58.008+0000] {logging_mixin.py:137} INFO - [2023-02-10T16:13:58.008+0000] {manager.py:504} INFO - Created Permission View: can read on DAG:database-build
[2023-02-10T16:13:58.011+0000] {logging_mixin.py:137} INFO - [2023-02-10T16:13:58.010+0000] {dag.py:2690} INFO - Sync 1 DAGs
[2023-02-10T16:13:58.029+0000] {logging_mixin.py:137} INFO - [2023-02-10T16:13:58.028+0000] {dag.py:2711} INFO - Creating ORM DAG for database-build
[2023-02-10T16:13:58.045+0000] {logging_mixin.py:137} INFO - [2023-02-10T16:13:58.045+0000] {dag.py:3441} INFO - Setting next_dagrun for database-build to 2023-02-01T00:00:00+00:00, run_after=2023-02-01T00:00:00+00:00
[2023-02-10T16:13:58.071+0000] {processor.py:175} INFO - Processing /opt/airflow/dags/db.py took 0.702 seconds
[2023-02-10T16:14:28.455+0000] {processor.py:153} INFO - Started process (PID=960) to work on /opt/airflow/dags/db.py
[2023-02-10T16:14:28.458+0000] {processor.py:743} INFO - Processing file /opt/airflow/dags/db.py for tasks to queue
[2023-02-10T16:14:28.462+0000] {logging_mixin.py:137} INFO - [2023-02-10T16:14:28.461+0000] {dagbag.py:538} INFO - Filling up the DagBag from /opt/airflow/dags/db.py
[2023-02-10T16:14:28.850+0000] {processor.py:753} INFO - DAG(s) dict_keys(['database-build']) retrieved from /opt/airflow/dags/db.py
[2023-02-10T16:14:28.894+0000] {logging_mixin.py:137} INFO - [2023-02-10T16:14:28.894+0000] {dag.py:2690} INFO - Sync 1 DAGs
[2023-02-10T16:14:28.943+0000] {logging_mixin.py:137} INFO - [2023-02-10T16:14:28.943+0000] {dag.py:3441} INFO - Setting next_dagrun for database-build to None, run_after=None
[2023-02-10T16:14:28.986+0000] {processor.py:175} INFO - Processing /opt/airflow/dags/db.py took 0.538 seconds
[2023-02-10T16:14:59.048+0000] {processor.py:153} INFO - Started process (PID=1039) to work on /opt/airflow/dags/db.py
[2023-02-10T16:14:59.051+0000] {processor.py:743} INFO - Processing file /opt/airflow/dags/db.py for tasks to queue
[2023-02-10T16:14:59.053+0000] {logging_mixin.py:137} INFO - [2023-02-10T16:14:59.052+0000] {dagbag.py:538} INFO - Filling up the DagBag from /opt/airflow/dags/db.py
[2023-02-10T16:14:59.409+0000] {processor.py:753} INFO - DAG(s) dict_keys(['database-build']) retrieved from /opt/airflow/dags/db.py
[2023-02-10T16:14:59.446+0000] {logging_mixin.py:137} INFO - [2023-02-10T16:14:59.446+0000] {dag.py:2690} INFO - Sync 1 DAGs
[2023-02-10T16:14:59.493+0000] {logging_mixin.py:137} INFO - [2023-02-10T16:14:59.493+0000] {dag.py:3441} INFO - Setting next_dagrun for database-build to None, run_after=None
[2023-02-10T16:14:59.518+0000] {processor.py:175} INFO - Processing /opt/airflow/dags/db.py took 0.475 seconds
[2023-02-10T16:15:29.720+0000] {processor.py:153} INFO - Started process (PID=1114) to work on /opt/airflow/dags/db.py
[2023-02-10T16:15:29.723+0000] {processor.py:743} INFO - Processing file /opt/airflow/dags/db.py for tasks to queue
[2023-02-10T16:15:29.726+0000] {logging_mixin.py:137} INFO - [2023-02-10T16:15:29.725+0000] {dagbag.py:538} INFO - Filling up the DagBag from /opt/airflow/dags/db.py
[2023-02-10T16:15:30.077+0000] {processor.py:753} INFO - DAG(s) dict_keys(['database-build']) retrieved from /opt/airflow/dags/db.py
[2023-02-10T16:15:30.119+0000] {logging_mixin.py:137} INFO - [2023-02-10T16:15:30.118+0000] {dag.py:2690} INFO - Sync 1 DAGs
[2023-02-10T16:15:30.163+0000] {logging_mixin.py:137} INFO - [2023-02-10T16:15:30.162+0000] {dag.py:3441} INFO - Setting next_dagrun for database-build to None, run_after=None
[2023-02-10T16:15:30.191+0000] {processor.py:175} INFO - Processing /opt/airflow/dags/db.py took 0.477 seconds
[2023-02-10T16:16:00.445+0000] {processor.py:153} INFO - Started process (PID=1200) to work on /opt/airflow/dags/db.py
[2023-02-10T16:16:00.450+0000] {processor.py:743} INFO - Processing file /opt/airflow/dags/db.py for tasks to queue
[2023-02-10T16:16:00.452+0000] {logging_mixin.py:137} INFO - [2023-02-10T16:16:00.452+0000] {dagbag.py:538} INFO - Filling up the DagBag from /opt/airflow/dags/db.py
[2023-02-10T16:16:00.892+0000] {processor.py:753} INFO - DAG(s) dict_keys(['database-build']) retrieved from /opt/airflow/dags/db.py
[2023-02-10T16:16:00.934+0000] {logging_mixin.py:137} INFO - [2023-02-10T16:16:00.933+0000] {dag.py:2690} INFO - Sync 1 DAGs
[2023-02-10T16:16:00.987+0000] {logging_mixin.py:137} INFO - [2023-02-10T16:16:00.987+0000] {dag.py:3441} INFO - Setting next_dagrun for database-build to None, run_after=None
[2023-02-10T16:16:01.020+0000] {processor.py:175} INFO - Processing /opt/airflow/dags/db.py took 0.582 seconds
[2023-02-10T16:16:31.193+0000] {processor.py:153} INFO - Started process (PID=1274) to work on /opt/airflow/dags/db.py
[2023-02-10T16:16:31.196+0000] {processor.py:743} INFO - Processing file /opt/airflow/dags/db.py for tasks to queue
[2023-02-10T16:16:31.197+0000] {logging_mixin.py:137} INFO - [2023-02-10T16:16:31.197+0000] {dagbag.py:538} INFO - Filling up the DagBag from /opt/airflow/dags/db.py
[2023-02-10T16:16:31.473+0000] {processor.py:753} INFO - DAG(s) dict_keys(['database-build']) retrieved from /opt/airflow/dags/db.py
[2023-02-10T16:16:31.503+0000] {logging_mixin.py:137} INFO - [2023-02-10T16:16:31.503+0000] {dag.py:2690} INFO - Sync 1 DAGs
[2023-02-10T16:16:31.530+0000] {logging_mixin.py:137} INFO - [2023-02-10T16:16:31.530+0000] {dag.py:3441} INFO - Setting next_dagrun for database-build to None, run_after=None
[2023-02-10T16:16:31.550+0000] {processor.py:175} INFO - Processing /opt/airflow/dags/db.py took 0.361 seconds
[2023-02-10T16:17:01.657+0000] {processor.py:153} INFO - Started process (PID=1356) to work on /opt/airflow/dags/db.py
[2023-02-10T16:17:01.660+0000] {processor.py:743} INFO - Processing file /opt/airflow/dags/db.py for tasks to queue
[2023-02-10T16:17:01.662+0000] {logging_mixin.py:137} INFO - [2023-02-10T16:17:01.662+0000] {dagbag.py:538} INFO - Filling up the DagBag from /opt/airflow/dags/db.py
[2023-02-10T16:17:01.917+0000] {processor.py:753} INFO - DAG(s) dict_keys(['database-build']) retrieved from /opt/airflow/dags/db.py
[2023-02-10T16:17:01.946+0000] {logging_mixin.py:137} INFO - [2023-02-10T16:17:01.945+0000] {dag.py:2690} INFO - Sync 1 DAGs
[2023-02-10T16:17:01.974+0000] {logging_mixin.py:137} INFO - [2023-02-10T16:17:01.974+0000] {dag.py:3441} INFO - Setting next_dagrun for database-build to None, run_after=None
[2023-02-10T16:17:01.997+0000] {processor.py:175} INFO - Processing /opt/airflow/dags/db.py took 0.346 seconds
[2023-02-10T16:17:32.753+0000] {processor.py:153} INFO - Started process (PID=1433) to work on /opt/airflow/dags/db.py
[2023-02-10T16:17:32.757+0000] {processor.py:743} INFO - Processing file /opt/airflow/dags/db.py for tasks to queue
[2023-02-10T16:17:32.761+0000] {logging_mixin.py:137} INFO - [2023-02-10T16:17:32.760+0000] {dagbag.py:538} INFO - Filling up the DagBag from /opt/airflow/dags/db.py
[2023-02-10T16:17:33.158+0000] {processor.py:753} INFO - DAG(s) dict_keys(['database-build']) retrieved from /opt/airflow/dags/db.py
[2023-02-10T16:17:33.200+0000] {logging_mixin.py:137} INFO - [2023-02-10T16:17:33.200+0000] {dag.py:2690} INFO - Sync 1 DAGs
[2023-02-10T16:17:33.247+0000] {logging_mixin.py:137} INFO - [2023-02-10T16:17:33.247+0000] {dag.py:3441} INFO - Setting next_dagrun for database-build to None, run_after=None
[2023-02-10T16:17:33.280+0000] {processor.py:175} INFO - Processing /opt/airflow/dags/db.py took 0.534 seconds
[2023-02-10T16:18:03.750+0000] {processor.py:153} INFO - Started process (PID=1513) to work on /opt/airflow/dags/db.py
[2023-02-10T16:18:03.752+0000] {processor.py:743} INFO - Processing file /opt/airflow/dags/db.py for tasks to queue
[2023-02-10T16:18:03.754+0000] {logging_mixin.py:137} INFO - [2023-02-10T16:18:03.754+0000] {dagbag.py:538} INFO - Filling up the DagBag from /opt/airflow/dags/db.py
[2023-02-10T16:18:04.048+0000] {processor.py:753} INFO - DAG(s) dict_keys(['database-build']) retrieved from /opt/airflow/dags/db.py
[2023-02-10T16:18:04.077+0000] {logging_mixin.py:137} INFO - [2023-02-10T16:18:04.077+0000] {dag.py:2690} INFO - Sync 1 DAGs
[2023-02-10T16:18:04.114+0000] {logging_mixin.py:137} INFO - [2023-02-10T16:18:04.114+0000] {dag.py:3441} INFO - Setting next_dagrun for database-build to None, run_after=None
[2023-02-10T16:18:04.171+0000] {processor.py:175} INFO - Processing /opt/airflow/dags/db.py took 0.426 seconds
[2023-02-10T16:18:34.438+0000] {processor.py:153} INFO - Started process (PID=1594) to work on /opt/airflow/dags/db.py
[2023-02-10T16:18:34.441+0000] {processor.py:743} INFO - Processing file /opt/airflow/dags/db.py for tasks to queue
[2023-02-10T16:18:34.444+0000] {logging_mixin.py:137} INFO - [2023-02-10T16:18:34.444+0000] {dagbag.py:538} INFO - Filling up the DagBag from /opt/airflow/dags/db.py
[2023-02-10T16:18:34.755+0000] {processor.py:753} INFO - DAG(s) dict_keys(['database-build']) retrieved from /opt/airflow/dags/db.py
[2023-02-10T16:18:34.784+0000] {logging_mixin.py:137} INFO - [2023-02-10T16:18:34.784+0000] {dag.py:2690} INFO - Sync 1 DAGs
[2023-02-10T16:18:34.819+0000] {logging_mixin.py:137} INFO - [2023-02-10T16:18:34.819+0000] {dag.py:3441} INFO - Setting next_dagrun for database-build to None, run_after=None
[2023-02-10T16:18:34.844+0000] {processor.py:175} INFO - Processing /opt/airflow/dags/db.py took 0.412 seconds
[2023-02-10T16:19:04.902+0000] {processor.py:153} INFO - Started process (PID=1668) to work on /opt/airflow/dags/db.py
[2023-02-10T16:19:04.904+0000] {processor.py:743} INFO - Processing file /opt/airflow/dags/db.py for tasks to queue
[2023-02-10T16:19:04.906+0000] {logging_mixin.py:137} INFO - [2023-02-10T16:19:04.906+0000] {dagbag.py:538} INFO - Filling up the DagBag from /opt/airflow/dags/db.py
[2023-02-10T16:19:05.187+0000] {processor.py:753} INFO - DAG(s) dict_keys(['database-build']) retrieved from /opt/airflow/dags/db.py
[2023-02-10T16:19:05.215+0000] {logging_mixin.py:137} INFO - [2023-02-10T16:19:05.215+0000] {dag.py:2690} INFO - Sync 1 DAGs
[2023-02-10T16:19:05.247+0000] {logging_mixin.py:137} INFO - [2023-02-10T16:19:05.247+0000] {dag.py:3441} INFO - Setting next_dagrun for database-build to None, run_after=None
[2023-02-10T16:19:05.269+0000] {processor.py:175} INFO - Processing /opt/airflow/dags/db.py took 0.373 seconds
[2023-02-10T16:19:35.494+0000] {processor.py:153} INFO - Started process (PID=1748) to work on /opt/airflow/dags/db.py
[2023-02-10T16:19:35.497+0000] {processor.py:743} INFO - Processing file /opt/airflow/dags/db.py for tasks to queue
[2023-02-10T16:19:35.498+0000] {logging_mixin.py:137} INFO - [2023-02-10T16:19:35.498+0000] {dagbag.py:538} INFO - Filling up the DagBag from /opt/airflow/dags/db.py
[2023-02-10T16:19:35.814+0000] {processor.py:753} INFO - DAG(s) dict_keys(['database-build']) retrieved from /opt/airflow/dags/db.py
[2023-02-10T16:19:35.843+0000] {logging_mixin.py:137} INFO - [2023-02-10T16:19:35.843+0000] {dag.py:2690} INFO - Sync 1 DAGs
[2023-02-10T16:19:35.878+0000] {logging_mixin.py:137} INFO - [2023-02-10T16:19:35.878+0000] {dag.py:3441} INFO - Setting next_dagrun for database-build to None, run_after=None
[2023-02-10T16:19:35.900+0000] {processor.py:175} INFO - Processing /opt/airflow/dags/db.py took 0.410 seconds
[2023-02-10T16:20:06.169+0000] {processor.py:153} INFO - Started process (PID=1826) to work on /opt/airflow/dags/db.py
[2023-02-10T16:20:06.172+0000] {processor.py:743} INFO - Processing file /opt/airflow/dags/db.py for tasks to queue
[2023-02-10T16:20:06.174+0000] {logging_mixin.py:137} INFO - [2023-02-10T16:20:06.174+0000] {dagbag.py:538} INFO - Filling up the DagBag from /opt/airflow/dags/db.py
[2023-02-10T16:20:06.467+0000] {processor.py:753} INFO - DAG(s) dict_keys(['database-build']) retrieved from /opt/airflow/dags/db.py
[2023-02-10T16:20:06.500+0000] {logging_mixin.py:137} INFO - [2023-02-10T16:20:06.499+0000] {dag.py:2690} INFO - Sync 1 DAGs
[2023-02-10T16:20:06.531+0000] {logging_mixin.py:137} INFO - [2023-02-10T16:20:06.531+0000] {dag.py:3441} INFO - Setting next_dagrun for database-build to None, run_after=None
[2023-02-10T16:20:06.554+0000] {processor.py:175} INFO - Processing /opt/airflow/dags/db.py took 0.390 seconds
[2023-02-10T16:20:36.885+0000] {processor.py:153} INFO - Started process (PID=1896) to work on /opt/airflow/dags/db.py
[2023-02-10T16:20:36.888+0000] {processor.py:743} INFO - Processing file /opt/airflow/dags/db.py for tasks to queue
[2023-02-10T16:20:36.891+0000] {logging_mixin.py:137} INFO - [2023-02-10T16:20:36.891+0000] {dagbag.py:538} INFO - Filling up the DagBag from /opt/airflow/dags/db.py
[2023-02-10T16:20:37.170+0000] {processor.py:753} INFO - DAG(s) dict_keys(['database-build']) retrieved from /opt/airflow/dags/db.py
[2023-02-10T16:20:37.201+0000] {logging_mixin.py:137} INFO - [2023-02-10T16:20:37.201+0000] {dag.py:2690} INFO - Sync 1 DAGs
[2023-02-10T16:20:37.233+0000] {logging_mixin.py:137} INFO - [2023-02-10T16:20:37.233+0000] {dag.py:3441} INFO - Setting next_dagrun for database-build to None, run_after=None
[2023-02-10T16:20:37.254+0000] {processor.py:175} INFO - Processing /opt/airflow/dags/db.py took 0.375 seconds
[2023-02-10T16:21:07.974+0000] {processor.py:153} INFO - Started process (PID=1983) to work on /opt/airflow/dags/db.py
[2023-02-10T16:21:07.977+0000] {processor.py:743} INFO - Processing file /opt/airflow/dags/db.py for tasks to queue
[2023-02-10T16:21:07.980+0000] {logging_mixin.py:137} INFO - [2023-02-10T16:21:07.979+0000] {dagbag.py:538} INFO - Filling up the DagBag from /opt/airflow/dags/db.py
[2023-02-10T16:21:08.350+0000] {processor.py:753} INFO - DAG(s) dict_keys(['database-build']) retrieved from /opt/airflow/dags/db.py
[2023-02-10T16:21:08.384+0000] {logging_mixin.py:137} INFO - [2023-02-10T16:21:08.383+0000] {dag.py:2690} INFO - Sync 1 DAGs
[2023-02-10T16:21:08.423+0000] {logging_mixin.py:137} INFO - [2023-02-10T16:21:08.423+0000] {dag.py:3441} INFO - Setting next_dagrun for database-build to None, run_after=None
[2023-02-10T16:21:08.453+0000] {processor.py:175} INFO - Processing /opt/airflow/dags/db.py took 0.485 seconds
[2023-02-10T16:21:39.349+0000] {processor.py:153} INFO - Started process (PID=2055) to work on /opt/airflow/dags/db.py
[2023-02-10T16:21:39.352+0000] {processor.py:743} INFO - Processing file /opt/airflow/dags/db.py for tasks to queue
[2023-02-10T16:21:39.353+0000] {logging_mixin.py:137} INFO - [2023-02-10T16:21:39.353+0000] {dagbag.py:538} INFO - Filling up the DagBag from /opt/airflow/dags/db.py
[2023-02-10T16:21:39.658+0000] {processor.py:753} INFO - DAG(s) dict_keys(['database-build']) retrieved from /opt/airflow/dags/db.py
[2023-02-10T16:21:39.693+0000] {logging_mixin.py:137} INFO - [2023-02-10T16:21:39.692+0000] {dag.py:2690} INFO - Sync 1 DAGs
[2023-02-10T16:21:39.729+0000] {logging_mixin.py:137} INFO - [2023-02-10T16:21:39.729+0000] {dag.py:3441} INFO - Setting next_dagrun for database-build to None, run_after=None
[2023-02-10T16:21:39.760+0000] {processor.py:175} INFO - Processing /opt/airflow/dags/db.py took 0.416 seconds
[2023-02-10T16:22:10.199+0000] {processor.py:153} INFO - Started process (PID=2140) to work on /opt/airflow/dags/db.py
[2023-02-10T16:22:10.201+0000] {processor.py:743} INFO - Processing file /opt/airflow/dags/db.py for tasks to queue
[2023-02-10T16:22:10.203+0000] {logging_mixin.py:137} INFO - [2023-02-10T16:22:10.203+0000] {dagbag.py:538} INFO - Filling up the DagBag from /opt/airflow/dags/db.py
[2023-02-10T16:22:10.517+0000] {processor.py:753} INFO - DAG(s) dict_keys(['database-build']) retrieved from /opt/airflow/dags/db.py
[2023-02-10T16:22:10.548+0000] {logging_mixin.py:137} INFO - [2023-02-10T16:22:10.547+0000] {dag.py:2690} INFO - Sync 1 DAGs
[2023-02-10T16:22:10.581+0000] {logging_mixin.py:137} INFO - [2023-02-10T16:22:10.581+0000] {dag.py:3441} INFO - Setting next_dagrun for database-build to None, run_after=None
[2023-02-10T16:22:10.603+0000] {processor.py:175} INFO - Processing /opt/airflow/dags/db.py took 0.409 seconds
[2023-02-10T16:22:27.444+0000] {processor.py:153} INFO - Started process (PID=2180) to work on /opt/airflow/dags/db.py
[2023-02-10T16:22:27.447+0000] {processor.py:743} INFO - Processing file /opt/airflow/dags/db.py for tasks to queue
[2023-02-10T16:22:27.448+0000] {logging_mixin.py:137} INFO - [2023-02-10T16:22:27.448+0000] {dagbag.py:538} INFO - Filling up the DagBag from /opt/airflow/dags/db.py
[2023-02-10T16:22:27.727+0000] {processor.py:753} INFO - DAG(s) dict_keys(['database-build']) retrieved from /opt/airflow/dags/db.py
[2023-02-10T16:22:27.756+0000] {logging_mixin.py:137} INFO - [2023-02-10T16:22:27.755+0000] {dag.py:2690} INFO - Sync 1 DAGs
[2023-02-10T16:22:27.782+0000] {logging_mixin.py:137} INFO - [2023-02-10T16:22:27.782+0000] {dag.py:3441} INFO - Setting next_dagrun for database-build to None, run_after=None
[2023-02-10T16:22:27.807+0000] {processor.py:175} INFO - Processing /opt/airflow/dags/db.py took 0.367 seconds
[2023-02-10T16:22:58.168+0000] {processor.py:153} INFO - Started process (PID=2267) to work on /opt/airflow/dags/db.py
[2023-02-10T16:22:58.179+0000] {processor.py:743} INFO - Processing file /opt/airflow/dags/db.py for tasks to queue
[2023-02-10T16:22:58.182+0000] {logging_mixin.py:137} INFO - [2023-02-10T16:22:58.182+0000] {dagbag.py:538} INFO - Filling up the DagBag from /opt/airflow/dags/db.py
[2023-02-10T16:22:58.503+0000] {processor.py:753} INFO - DAG(s) dict_keys(['database-build']) retrieved from /opt/airflow/dags/db.py
[2023-02-10T16:22:58.532+0000] {logging_mixin.py:137} INFO - [2023-02-10T16:22:58.531+0000] {dag.py:2690} INFO - Sync 1 DAGs
[2023-02-10T16:22:58.563+0000] {logging_mixin.py:137} INFO - [2023-02-10T16:22:58.563+0000] {dag.py:3441} INFO - Setting next_dagrun for database-build to None, run_after=None
[2023-02-10T16:22:58.583+0000] {processor.py:175} INFO - Processing /opt/airflow/dags/db.py took 0.422 seconds
[2023-02-10T16:23:28.844+0000] {processor.py:153} INFO - Started process (PID=2340) to work on /opt/airflow/dags/db.py
[2023-02-10T16:23:28.846+0000] {processor.py:743} INFO - Processing file /opt/airflow/dags/db.py for tasks to queue
[2023-02-10T16:23:28.847+0000] {logging_mixin.py:137} INFO - [2023-02-10T16:23:28.847+0000] {dagbag.py:538} INFO - Filling up the DagBag from /opt/airflow/dags/db.py
[2023-02-10T16:23:29.150+0000] {processor.py:753} INFO - DAG(s) dict_keys(['database-build']) retrieved from /opt/airflow/dags/db.py
[2023-02-10T16:23:29.200+0000] {logging_mixin.py:137} INFO - [2023-02-10T16:23:29.199+0000] {dag.py:2690} INFO - Sync 1 DAGs
[2023-02-10T16:23:29.237+0000] {logging_mixin.py:137} INFO - [2023-02-10T16:23:29.237+0000] {dag.py:3441} INFO - Setting next_dagrun for database-build to None, run_after=None
[2023-02-10T16:23:29.260+0000] {processor.py:175} INFO - Processing /opt/airflow/dags/db.py took 0.422 seconds
[2023-02-10T16:24:00.133+0000] {processor.py:153} INFO - Started process (PID=2412) to work on /opt/airflow/dags/db.py
[2023-02-10T16:24:00.141+0000] {processor.py:743} INFO - Processing file /opt/airflow/dags/db.py for tasks to queue
[2023-02-10T16:24:00.148+0000] {logging_mixin.py:137} INFO - [2023-02-10T16:24:00.147+0000] {dagbag.py:538} INFO - Filling up the DagBag from /opt/airflow/dags/db.py
[2023-02-10T16:24:00.861+0000] {processor.py:753} INFO - DAG(s) dict_keys(['database-build']) retrieved from /opt/airflow/dags/db.py
[2023-02-10T16:24:00.966+0000] {logging_mixin.py:137} INFO - [2023-02-10T16:24:00.965+0000] {dag.py:2690} INFO - Sync 1 DAGs
[2023-02-10T16:24:01.046+0000] {logging_mixin.py:137} INFO - [2023-02-10T16:24:01.046+0000] {dag.py:3441} INFO - Setting next_dagrun for database-build to None, run_after=None
[2023-02-10T16:24:01.121+0000] {processor.py:175} INFO - Processing /opt/airflow/dags/db.py took 1.001 seconds
[2023-02-10T16:24:32.181+0000] {processor.py:153} INFO - Started process (PID=2498) to work on /opt/airflow/dags/db.py
[2023-02-10T16:24:32.183+0000] {processor.py:743} INFO - Processing file /opt/airflow/dags/db.py for tasks to queue
[2023-02-10T16:24:32.185+0000] {logging_mixin.py:137} INFO - [2023-02-10T16:24:32.184+0000] {dagbag.py:538} INFO - Filling up the DagBag from /opt/airflow/dags/db.py
[2023-02-10T16:24:32.477+0000] {processor.py:753} INFO - DAG(s) dict_keys(['database-build']) retrieved from /opt/airflow/dags/db.py
[2023-02-10T16:24:32.507+0000] {logging_mixin.py:137} INFO - [2023-02-10T16:24:32.506+0000] {dag.py:2690} INFO - Sync 1 DAGs
[2023-02-10T16:24:32.537+0000] {logging_mixin.py:137} INFO - [2023-02-10T16:24:32.537+0000] {dag.py:3441} INFO - Setting next_dagrun for database-build to None, run_after=None
[2023-02-10T16:24:32.559+0000] {processor.py:175} INFO - Processing /opt/airflow/dags/db.py took 0.382 seconds
[2023-02-10T16:25:02.788+0000] {processor.py:153} INFO - Started process (PID=2570) to work on /opt/airflow/dags/db.py
[2023-02-10T16:25:02.794+0000] {processor.py:743} INFO - Processing file /opt/airflow/dags/db.py for tasks to queue
[2023-02-10T16:25:02.800+0000] {logging_mixin.py:137} INFO - [2023-02-10T16:25:02.800+0000] {dagbag.py:538} INFO - Filling up the DagBag from /opt/airflow/dags/db.py
[2023-02-10T16:25:03.317+0000] {processor.py:753} INFO - DAG(s) dict_keys(['database-build']) retrieved from /opt/airflow/dags/db.py
[2023-02-10T16:25:03.371+0000] {logging_mixin.py:137} INFO - [2023-02-10T16:25:03.370+0000] {dag.py:2690} INFO - Sync 1 DAGs
[2023-02-10T16:25:03.445+0000] {logging_mixin.py:137} INFO - [2023-02-10T16:25:03.444+0000] {dag.py:3441} INFO - Setting next_dagrun for database-build to None, run_after=None
[2023-02-10T16:25:03.487+0000] {processor.py:175} INFO - Processing /opt/airflow/dags/db.py took 0.723 seconds
[2023-02-10T16:25:34.398+0000] {processor.py:153} INFO - Started process (PID=2656) to work on /opt/airflow/dags/db.py
[2023-02-10T16:25:34.400+0000] {processor.py:743} INFO - Processing file /opt/airflow/dags/db.py for tasks to queue
[2023-02-10T16:25:34.402+0000] {logging_mixin.py:137} INFO - [2023-02-10T16:25:34.402+0000] {dagbag.py:538} INFO - Filling up the DagBag from /opt/airflow/dags/db.py
[2023-02-10T16:25:34.648+0000] {processor.py:753} INFO - DAG(s) dict_keys(['database-build']) retrieved from /opt/airflow/dags/db.py
[2023-02-10T16:25:34.677+0000] {logging_mixin.py:137} INFO - [2023-02-10T16:25:34.676+0000] {dag.py:2690} INFO - Sync 1 DAGs
[2023-02-10T16:25:34.706+0000] {logging_mixin.py:137} INFO - [2023-02-10T16:25:34.706+0000] {dag.py:3441} INFO - Setting next_dagrun for database-build to None, run_after=None
[2023-02-10T16:25:34.728+0000] {processor.py:175} INFO - Processing /opt/airflow/dags/db.py took 0.335 seconds
[2023-02-10T16:25:45.054+0000] {processor.py:153} INFO - Started process (PID=2691) to work on /opt/airflow/dags/db.py
[2023-02-10T16:25:45.057+0000] {processor.py:743} INFO - Processing file /opt/airflow/dags/db.py for tasks to queue
[2023-02-10T16:25:45.060+0000] {logging_mixin.py:137} INFO - [2023-02-10T16:25:45.059+0000] {dagbag.py:538} INFO - Filling up the DagBag from /opt/airflow/dags/db.py
[2023-02-10T16:25:45.392+0000] {processor.py:753} INFO - DAG(s) dict_keys(['database-build']) retrieved from /opt/airflow/dags/db.py
[2023-02-10T16:25:45.424+0000] {logging_mixin.py:137} INFO - [2023-02-10T16:25:45.424+0000] {dag.py:2690} INFO - Sync 1 DAGs
[2023-02-10T16:25:45.455+0000] {logging_mixin.py:137} INFO - [2023-02-10T16:25:45.455+0000] {dag.py:3441} INFO - Setting next_dagrun for database-build to None, run_after=None
[2023-02-10T16:25:45.480+0000] {processor.py:175} INFO - Processing /opt/airflow/dags/db.py took 0.431 seconds
[2023-02-10T16:26:15.535+0000] {processor.py:153} INFO - Started process (PID=2767) to work on /opt/airflow/dags/db.py
[2023-02-10T16:26:15.538+0000] {processor.py:743} INFO - Processing file /opt/airflow/dags/db.py for tasks to queue
[2023-02-10T16:26:15.540+0000] {logging_mixin.py:137} INFO - [2023-02-10T16:26:15.540+0000] {dagbag.py:538} INFO - Filling up the DagBag from /opt/airflow/dags/db.py
[2023-02-10T16:26:15.864+0000] {processor.py:753} INFO - DAG(s) dict_keys(['database-build']) retrieved from /opt/airflow/dags/db.py
[2023-02-10T16:26:15.895+0000] {logging_mixin.py:137} INFO - [2023-02-10T16:26:15.895+0000] {dag.py:2690} INFO - Sync 1 DAGs
[2023-02-10T16:26:15.923+0000] {logging_mixin.py:137} INFO - [2023-02-10T16:26:15.923+0000] {dag.py:3441} INFO - Setting next_dagrun for database-build to None, run_after=None
[2023-02-10T16:26:15.943+0000] {processor.py:175} INFO - Processing /opt/airflow/dags/db.py took 0.415 seconds
[2023-02-10T16:26:25.444+0000] {processor.py:153} INFO - Started process (PID=2801) to work on /opt/airflow/dags/db.py
[2023-02-10T16:26:25.446+0000] {processor.py:743} INFO - Processing file /opt/airflow/dags/db.py for tasks to queue
[2023-02-10T16:26:25.450+0000] {logging_mixin.py:137} INFO - [2023-02-10T16:26:25.450+0000] {dagbag.py:538} INFO - Filling up the DagBag from /opt/airflow/dags/db.py
[2023-02-10T16:26:25.814+0000] {processor.py:753} INFO - DAG(s) dict_keys(['database-build']) retrieved from /opt/airflow/dags/db.py
[2023-02-10T16:26:25.845+0000] {logging_mixin.py:137} INFO - [2023-02-10T16:26:25.845+0000] {dag.py:2690} INFO - Sync 1 DAGs
[2023-02-10T16:26:25.877+0000] {logging_mixin.py:137} INFO - [2023-02-10T16:26:25.877+0000] {dag.py:3441} INFO - Setting next_dagrun for database-build to None, run_after=None
[2023-02-10T16:26:25.903+0000] {processor.py:175} INFO - Processing /opt/airflow/dags/db.py took 0.465 seconds
[2023-02-10T16:26:56.007+0000] {processor.py:153} INFO - Started process (PID=2872) to work on /opt/airflow/dags/db.py
[2023-02-10T16:26:56.010+0000] {processor.py:743} INFO - Processing file /opt/airflow/dags/db.py for tasks to queue
[2023-02-10T16:26:56.012+0000] {logging_mixin.py:137} INFO - [2023-02-10T16:26:56.011+0000] {dagbag.py:538} INFO - Filling up the DagBag from /opt/airflow/dags/db.py
[2023-02-10T16:26:56.327+0000] {processor.py:753} INFO - DAG(s) dict_keys(['database-build']) retrieved from /opt/airflow/dags/db.py
[2023-02-10T16:26:56.358+0000] {logging_mixin.py:137} INFO - [2023-02-10T16:26:56.357+0000] {dag.py:2690} INFO - Sync 1 DAGs
[2023-02-10T16:26:56.391+0000] {logging_mixin.py:137} INFO - [2023-02-10T16:26:56.390+0000] {dag.py:3441} INFO - Setting next_dagrun for database-build to None, run_after=None
[2023-02-10T16:26:56.465+0000] {processor.py:175} INFO - Processing /opt/airflow/dags/db.py took 0.463 seconds
[2023-02-10T16:27:26.910+0000] {processor.py:153} INFO - Started process (PID=2953) to work on /opt/airflow/dags/db.py
[2023-02-10T16:27:26.913+0000] {processor.py:743} INFO - Processing file /opt/airflow/dags/db.py for tasks to queue
[2023-02-10T16:27:26.915+0000] {logging_mixin.py:137} INFO - [2023-02-10T16:27:26.915+0000] {dagbag.py:538} INFO - Filling up the DagBag from /opt/airflow/dags/db.py
[2023-02-10T16:27:27.318+0000] {processor.py:753} INFO - DAG(s) dict_keys(['database-build']) retrieved from /opt/airflow/dags/db.py
[2023-02-10T16:27:27.361+0000] {logging_mixin.py:137} INFO - [2023-02-10T16:27:27.361+0000] {dag.py:2690} INFO - Sync 1 DAGs
[2023-02-10T16:27:27.398+0000] {logging_mixin.py:137} INFO - [2023-02-10T16:27:27.398+0000] {dag.py:3441} INFO - Setting next_dagrun for database-build to None, run_after=None
[2023-02-10T16:27:27.423+0000] {processor.py:175} INFO - Processing /opt/airflow/dags/db.py took 0.518 seconds
[2023-02-10T16:27:57.565+0000] {processor.py:153} INFO - Started process (PID=3030) to work on /opt/airflow/dags/db.py
[2023-02-10T16:27:57.568+0000] {processor.py:743} INFO - Processing file /opt/airflow/dags/db.py for tasks to queue
[2023-02-10T16:27:57.570+0000] {logging_mixin.py:137} INFO - [2023-02-10T16:27:57.570+0000] {dagbag.py:538} INFO - Filling up the DagBag from /opt/airflow/dags/db.py
[2023-02-10T16:27:57.854+0000] {processor.py:753} INFO - DAG(s) dict_keys(['database-build']) retrieved from /opt/airflow/dags/db.py
[2023-02-10T16:27:57.881+0000] {logging_mixin.py:137} INFO - [2023-02-10T16:27:57.881+0000] {dag.py:2690} INFO - Sync 1 DAGs
[2023-02-10T16:27:57.909+0000] {logging_mixin.py:137} INFO - [2023-02-10T16:27:57.909+0000] {dag.py:3441} INFO - Setting next_dagrun for database-build to None, run_after=None
[2023-02-10T16:27:57.930+0000] {processor.py:175} INFO - Processing /opt/airflow/dags/db.py took 0.369 seconds
[2023-02-10T16:28:28.102+0000] {processor.py:153} INFO - Started process (PID=3102) to work on /opt/airflow/dags/db.py
[2023-02-10T16:28:28.105+0000] {processor.py:743} INFO - Processing file /opt/airflow/dags/db.py for tasks to queue
[2023-02-10T16:28:28.108+0000] {logging_mixin.py:137} INFO - [2023-02-10T16:28:28.108+0000] {dagbag.py:538} INFO - Filling up the DagBag from /opt/airflow/dags/db.py
[2023-02-10T16:28:28.454+0000] {processor.py:753} INFO - DAG(s) dict_keys(['database-build']) retrieved from /opt/airflow/dags/db.py
[2023-02-10T16:28:28.487+0000] {logging_mixin.py:137} INFO - [2023-02-10T16:28:28.486+0000] {dag.py:2690} INFO - Sync 1 DAGs
[2023-02-10T16:28:28.522+0000] {logging_mixin.py:137} INFO - [2023-02-10T16:28:28.521+0000] {dag.py:3441} INFO - Setting next_dagrun for database-build to None, run_after=None
[2023-02-10T16:28:28.545+0000] {processor.py:175} INFO - Processing /opt/airflow/dags/db.py took 0.449 seconds
[2023-02-10T16:28:58.810+0000] {processor.py:153} INFO - Started process (PID=3188) to work on /opt/airflow/dags/db.py
[2023-02-10T16:28:58.814+0000] {processor.py:743} INFO - Processing file /opt/airflow/dags/db.py for tasks to queue
[2023-02-10T16:28:58.817+0000] {logging_mixin.py:137} INFO - [2023-02-10T16:28:58.817+0000] {dagbag.py:538} INFO - Filling up the DagBag from /opt/airflow/dags/db.py
[2023-02-10T16:28:59.238+0000] {processor.py:753} INFO - DAG(s) dict_keys(['database-build']) retrieved from /opt/airflow/dags/db.py
[2023-02-10T16:28:59.271+0000] {logging_mixin.py:137} INFO - [2023-02-10T16:28:59.271+0000] {dag.py:2690} INFO - Sync 1 DAGs
[2023-02-10T16:28:59.311+0000] {logging_mixin.py:137} INFO - [2023-02-10T16:28:59.311+0000] {dag.py:3441} INFO - Setting next_dagrun for database-build to None, run_after=None
[2023-02-10T16:28:59.365+0000] {processor.py:175} INFO - Processing /opt/airflow/dags/db.py took 0.562 seconds
[2023-02-10T16:29:29.529+0000] {processor.py:153} INFO - Started process (PID=3261) to work on /opt/airflow/dags/db.py
[2023-02-10T16:29:29.532+0000] {processor.py:743} INFO - Processing file /opt/airflow/dags/db.py for tasks to queue
[2023-02-10T16:29:29.534+0000] {logging_mixin.py:137} INFO - [2023-02-10T16:29:29.534+0000] {dagbag.py:538} INFO - Filling up the DagBag from /opt/airflow/dags/db.py
[2023-02-10T16:29:29.816+0000] {processor.py:753} INFO - DAG(s) dict_keys(['database-build']) retrieved from /opt/airflow/dags/db.py
[2023-02-10T16:29:29.844+0000] {logging_mixin.py:137} INFO - [2023-02-10T16:29:29.844+0000] {dag.py:2690} INFO - Sync 1 DAGs
[2023-02-10T16:29:29.872+0000] {logging_mixin.py:137} INFO - [2023-02-10T16:29:29.872+0000] {dag.py:3441} INFO - Setting next_dagrun for database-build to None, run_after=None
[2023-02-10T16:29:29.892+0000] {processor.py:175} INFO - Processing /opt/airflow/dags/db.py took 0.368 seconds
[2023-02-10T16:30:00.726+0000] {processor.py:153} INFO - Started process (PID=3341) to work on /opt/airflow/dags/db.py
[2023-02-10T16:30:00.729+0000] {processor.py:743} INFO - Processing file /opt/airflow/dags/db.py for tasks to queue
[2023-02-10T16:30:00.731+0000] {logging_mixin.py:137} INFO - [2023-02-10T16:30:00.731+0000] {dagbag.py:538} INFO - Filling up the DagBag from /opt/airflow/dags/db.py
[2023-02-10T16:30:01.087+0000] {processor.py:753} INFO - DAG(s) dict_keys(['database-build']) retrieved from /opt/airflow/dags/db.py
[2023-02-10T16:30:01.129+0000] {logging_mixin.py:137} INFO - [2023-02-10T16:30:01.128+0000] {dag.py:2690} INFO - Sync 1 DAGs
[2023-02-10T16:30:01.184+0000] {logging_mixin.py:137} INFO - [2023-02-10T16:30:01.184+0000] {dag.py:3441} INFO - Setting next_dagrun for database-build to None, run_after=None
[2023-02-10T16:30:01.223+0000] {processor.py:175} INFO - Processing /opt/airflow/dags/db.py took 0.502 seconds
[2023-02-10T16:30:31.417+0000] {processor.py:153} INFO - Started process (PID=3417) to work on /opt/airflow/dags/db.py
[2023-02-10T16:30:31.419+0000] {processor.py:743} INFO - Processing file /opt/airflow/dags/db.py for tasks to queue
[2023-02-10T16:30:31.421+0000] {logging_mixin.py:137} INFO - [2023-02-10T16:30:31.421+0000] {dagbag.py:538} INFO - Filling up the DagBag from /opt/airflow/dags/db.py
[2023-02-10T16:30:31.724+0000] {processor.py:753} INFO - DAG(s) dict_keys(['database-build']) retrieved from /opt/airflow/dags/db.py
[2023-02-10T16:30:31.756+0000] {logging_mixin.py:137} INFO - [2023-02-10T16:30:31.755+0000] {dag.py:2690} INFO - Sync 1 DAGs
[2023-02-10T16:30:31.799+0000] {logging_mixin.py:137} INFO - [2023-02-10T16:30:31.799+0000] {dag.py:3441} INFO - Setting next_dagrun for database-build to None, run_after=None
[2023-02-10T16:30:31.829+0000] {processor.py:175} INFO - Processing /opt/airflow/dags/db.py took 0.417 seconds
[2023-02-10T16:31:01.951+0000] {processor.py:153} INFO - Started process (PID=3489) to work on /opt/airflow/dags/db.py
[2023-02-10T16:31:01.954+0000] {processor.py:743} INFO - Processing file /opt/airflow/dags/db.py for tasks to queue
[2023-02-10T16:31:01.958+0000] {logging_mixin.py:137} INFO - [2023-02-10T16:31:01.957+0000] {dagbag.py:538} INFO - Filling up the DagBag from /opt/airflow/dags/db.py
[2023-02-10T16:31:02.240+0000] {processor.py:753} INFO - DAG(s) dict_keys(['database-build']) retrieved from /opt/airflow/dags/db.py
[2023-02-10T16:31:02.269+0000] {logging_mixin.py:137} INFO - [2023-02-10T16:31:02.268+0000] {dag.py:2690} INFO - Sync 1 DAGs
[2023-02-10T16:31:02.301+0000] {logging_mixin.py:137} INFO - [2023-02-10T16:31:02.300+0000] {dag.py:3441} INFO - Setting next_dagrun for database-build to None, run_after=None
[2023-02-10T16:31:02.322+0000] {processor.py:175} INFO - Processing /opt/airflow/dags/db.py took 0.377 seconds
[2023-02-10T16:31:10.037+0000] {processor.py:153} INFO - Started process (PID=3505) to work on /opt/airflow/dags/db.py
[2023-02-10T16:31:10.039+0000] {processor.py:743} INFO - Processing file /opt/airflow/dags/db.py for tasks to queue
[2023-02-10T16:31:10.041+0000] {logging_mixin.py:137} INFO - [2023-02-10T16:31:10.040+0000] {dagbag.py:538} INFO - Filling up the DagBag from /opt/airflow/dags/db.py
[2023-02-10T16:31:10.342+0000] {processor.py:753} INFO - DAG(s) dict_keys(['database-build']) retrieved from /opt/airflow/dags/db.py
[2023-02-10T16:31:10.434+0000] {logging_mixin.py:137} INFO - [2023-02-10T16:31:10.434+0000] {dag.py:2690} INFO - Sync 1 DAGs
[2023-02-10T16:31:10.479+0000] {logging_mixin.py:137} INFO - [2023-02-10T16:31:10.479+0000] {dag.py:3441} INFO - Setting next_dagrun for database-build to None, run_after=None
[2023-02-10T16:31:10.515+0000] {processor.py:175} INFO - Processing /opt/airflow/dags/db.py took 0.484 seconds
[2023-02-10T16:31:40.675+0000] {processor.py:153} INFO - Started process (PID=3576) to work on /opt/airflow/dags/db.py
[2023-02-10T16:31:40.682+0000] {processor.py:743} INFO - Processing file /opt/airflow/dags/db.py for tasks to queue
[2023-02-10T16:31:40.689+0000] {logging_mixin.py:137} INFO - [2023-02-10T16:31:40.688+0000] {dagbag.py:538} INFO - Filling up the DagBag from /opt/airflow/dags/db.py
[2023-02-10T16:31:41.505+0000] {processor.py:753} INFO - DAG(s) dict_keys(['database-build']) retrieved from /opt/airflow/dags/db.py
[2023-02-10T16:31:41.566+0000] {logging_mixin.py:137} INFO - [2023-02-10T16:31:41.565+0000] {dag.py:2690} INFO - Sync 1 DAGs
[2023-02-10T16:31:41.605+0000] {logging_mixin.py:137} INFO - [2023-02-10T16:31:41.604+0000] {dag.py:3441} INFO - Setting next_dagrun for database-build to None, run_after=None
[2023-02-10T16:31:41.636+0000] {processor.py:175} INFO - Processing /opt/airflow/dags/db.py took 0.972 seconds
[2023-02-10T16:32:12.054+0000] {processor.py:153} INFO - Started process (PID=3664) to work on /opt/airflow/dags/db.py
[2023-02-10T16:32:12.058+0000] {processor.py:743} INFO - Processing file /opt/airflow/dags/db.py for tasks to queue
[2023-02-10T16:32:12.063+0000] {logging_mixin.py:137} INFO - [2023-02-10T16:32:12.062+0000] {dagbag.py:538} INFO - Filling up the DagBag from /opt/airflow/dags/db.py
[2023-02-10T16:32:12.549+0000] {processor.py:753} INFO - DAG(s) dict_keys(['database-build']) retrieved from /opt/airflow/dags/db.py
[2023-02-10T16:32:12.586+0000] {logging_mixin.py:137} INFO - [2023-02-10T16:32:12.586+0000] {dag.py:2690} INFO - Sync 1 DAGs
[2023-02-10T16:32:12.634+0000] {logging_mixin.py:137} INFO - [2023-02-10T16:32:12.634+0000] {dag.py:3441} INFO - Setting next_dagrun for database-build to None, run_after=None
[2023-02-10T16:32:12.665+0000] {processor.py:175} INFO - Processing /opt/airflow/dags/db.py took 0.617 seconds
[2023-02-10T16:32:43.566+0000] {processor.py:153} INFO - Started process (PID=3737) to work on /opt/airflow/dags/db.py
[2023-02-10T16:32:43.568+0000] {processor.py:743} INFO - Processing file /opt/airflow/dags/db.py for tasks to queue
[2023-02-10T16:32:43.571+0000] {logging_mixin.py:137} INFO - [2023-02-10T16:32:43.571+0000] {dagbag.py:538} INFO - Filling up the DagBag from /opt/airflow/dags/db.py
[2023-02-10T16:32:43.844+0000] {processor.py:753} INFO - DAG(s) dict_keys(['database-build']) retrieved from /opt/airflow/dags/db.py
[2023-02-10T16:32:43.869+0000] {logging_mixin.py:137} INFO - [2023-02-10T16:32:43.869+0000] {dag.py:2690} INFO - Sync 1 DAGs
[2023-02-10T16:32:43.898+0000] {logging_mixin.py:137} INFO - [2023-02-10T16:32:43.898+0000] {dag.py:3441} INFO - Setting next_dagrun for database-build to None, run_after=None
[2023-02-10T16:32:43.917+0000] {processor.py:175} INFO - Processing /opt/airflow/dags/db.py took 0.356 seconds
[2023-02-10T16:33:14.498+0000] {processor.py:153} INFO - Started process (PID=3818) to work on /opt/airflow/dags/db.py
[2023-02-10T16:33:14.500+0000] {processor.py:743} INFO - Processing file /opt/airflow/dags/db.py for tasks to queue
[2023-02-10T16:33:14.502+0000] {logging_mixin.py:137} INFO - [2023-02-10T16:33:14.502+0000] {dagbag.py:538} INFO - Filling up the DagBag from /opt/airflow/dags/db.py
[2023-02-10T16:33:14.780+0000] {processor.py:753} INFO - DAG(s) dict_keys(['database-build']) retrieved from /opt/airflow/dags/db.py
[2023-02-10T16:33:14.811+0000] {logging_mixin.py:137} INFO - [2023-02-10T16:33:14.810+0000] {dag.py:2690} INFO - Sync 1 DAGs
[2023-02-10T16:33:14.850+0000] {logging_mixin.py:137} INFO - [2023-02-10T16:33:14.850+0000] {dag.py:3441} INFO - Setting next_dagrun for database-build to None, run_after=None
[2023-02-10T16:33:14.877+0000] {processor.py:175} INFO - Processing /opt/airflow/dags/db.py took 0.383 seconds
