[2023-02-01T19:08:21.587+0000] {taskinstance.py:1083} INFO - Dependencies all met for <TaskInstance: CSV_DAG.convertCSVToJson scheduled__2023-02-01T08:20:00+00:00 [queued]>
[2023-02-01T19:08:21.675+0000] {taskinstance.py:1083} INFO - Dependencies all met for <TaskInstance: CSV_DAG.convertCSVToJson scheduled__2023-02-01T08:20:00+00:00 [queued]>
[2023-02-01T19:08:21.680+0000] {taskinstance.py:1279} INFO - 
--------------------------------------------------------------------------------
[2023-02-01T19:08:21.688+0000] {taskinstance.py:1280} INFO - Starting attempt 1 of 2
[2023-02-01T19:08:21.690+0000] {taskinstance.py:1281} INFO - 
--------------------------------------------------------------------------------
[2023-02-01T19:08:21.825+0000] {taskinstance.py:1300} INFO - Executing <Task(PythonOperator): convertCSVToJson> on 2023-02-01 08:20:00+00:00
[2023-02-01T19:08:21.903+0000] {standard_task_runner.py:55} INFO - Started process 892 to run task
[2023-02-01T19:08:21.953+0000] {standard_task_runner.py:82} INFO - Running: ['***', 'tasks', 'run', 'CSV_DAG', 'convertCSVToJson', 'scheduled__2023-02-01T08:20:00+00:00', '--job-id', '236', '--raw', '--subdir', 'DAGS_FOLDER/csv.py', '--cfg-path', '/tmp/tmpvvvwik2o']
[2023-02-01T19:08:21.963+0000] {standard_task_runner.py:83} INFO - Job 236: Subtask convertCSVToJson
[2023-02-01T19:08:22.239+0000] {task_command.py:388} INFO - Running <TaskInstance: CSV_DAG.convertCSVToJson scheduled__2023-02-01T08:20:00+00:00 [running]> on host 06d8060e8530
[2023-02-01T19:08:22.624+0000] {taskinstance.py:1509} INFO - Exporting the following env vars:
AIRFLOW_CTX_DAG_OWNER=Kevin Chalmers
AIRFLOW_CTX_DAG_ID=CSV_DAG
AIRFLOW_CTX_TASK_ID=convertCSVToJson
AIRFLOW_CTX_EXECUTION_DATE=2023-02-01T08:20:00+00:00
AIRFLOW_CTX_TRY_NUMBER=1
AIRFLOW_CTX_DAG_RUN_ID=scheduled__2023-02-01T08:20:00+00:00
[2023-02-01T19:08:22.677+0000] {logging_mixin.py:137} INFO - Angelica Lopez
[2023-02-01T19:08:22.682+0000] {logging_mixin.py:137} INFO - Betty Wright
[2023-02-01T19:08:22.684+0000] {logging_mixin.py:137} INFO - Sara Schmidt
[2023-02-01T19:08:22.685+0000] {logging_mixin.py:137} INFO - Dr. Sherry Rodriguez
[2023-02-01T19:08:22.687+0000] {logging_mixin.py:137} INFO - Rebecca Mills
[2023-02-01T19:08:22.690+0000] {logging_mixin.py:137} INFO - Andrew Anderson
[2023-02-01T19:08:22.692+0000] {logging_mixin.py:137} INFO - Martin Everett
[2023-02-01T19:08:22.709+0000] {logging_mixin.py:137} INFO - Felicia Gregory
[2023-02-01T19:08:22.731+0000] {logging_mixin.py:137} INFO - Kara Bowers
[2023-02-01T19:08:22.738+0000] {logging_mixin.py:137} INFO - Vincent Vincent
[2023-02-01T19:08:22.742+0000] {logging_mixin.py:137} INFO - Morgan Butler
[2023-02-01T19:08:22.745+0000] {logging_mixin.py:137} INFO - Stephen Riley
[2023-02-01T19:08:22.747+0000] {logging_mixin.py:137} INFO - Wanda Thomas
[2023-02-01T19:08:22.749+0000] {logging_mixin.py:137} INFO - Michelle Schultz
[2023-02-01T19:08:22.750+0000] {logging_mixin.py:137} INFO - Christopher Rush MD
[2023-02-01T19:08:22.752+0000] {logging_mixin.py:137} INFO - Phyllis Miles
[2023-02-01T19:08:22.754+0000] {logging_mixin.py:137} INFO - Rebecca Price
[2023-02-01T19:08:22.756+0000] {logging_mixin.py:137} INFO - John Morse
[2023-02-01T19:08:22.758+0000] {logging_mixin.py:137} INFO - Nicholas Sanchez
[2023-02-01T19:08:22.760+0000] {logging_mixin.py:137} INFO - Crystal Dean
[2023-02-01T19:08:22.762+0000] {logging_mixin.py:137} INFO - Tyler Diaz
[2023-02-01T19:08:22.764+0000] {logging_mixin.py:137} INFO - Denise Mclean
[2023-02-01T19:08:22.765+0000] {logging_mixin.py:137} INFO - Daniel Grant
[2023-02-01T19:08:22.767+0000] {logging_mixin.py:137} INFO - Sandra Peterson
[2023-02-01T19:08:22.769+0000] {logging_mixin.py:137} INFO - Denise Morse
[2023-02-01T19:08:22.771+0000] {logging_mixin.py:137} INFO - Brianna Smith
[2023-02-01T19:08:22.775+0000] {logging_mixin.py:137} INFO - Tony Miller
[2023-02-01T19:08:22.790+0000] {logging_mixin.py:137} INFO - Jean Booth
[2023-02-01T19:08:22.798+0000] {logging_mixin.py:137} INFO - Penny Salazar
[2023-02-01T19:08:22.834+0000] {logging_mixin.py:137} INFO - Cathy Williams
[2023-02-01T19:08:22.837+0000] {logging_mixin.py:137} INFO - Hannah Collins
[2023-02-01T19:08:22.847+0000] {logging_mixin.py:137} INFO - Maurice Casey
[2023-02-01T19:08:22.850+0000] {logging_mixin.py:137} INFO - Patrick Walker
[2023-02-01T19:08:22.852+0000] {logging_mixin.py:137} INFO - Pamela Barton
[2023-02-01T19:08:22.853+0000] {logging_mixin.py:137} INFO - Anthony Bryant
[2023-02-01T19:08:22.854+0000] {logging_mixin.py:137} INFO - Andrew Harris
[2023-02-01T19:08:22.856+0000] {logging_mixin.py:137} INFO - Aaron Harris
[2023-02-01T19:08:22.863+0000] {logging_mixin.py:137} INFO - Maureen Soto
[2023-02-01T19:08:22.870+0000] {logging_mixin.py:137} INFO - Crystal Mcdaniel
[2023-02-01T19:08:22.879+0000] {logging_mixin.py:137} INFO - Lauren Barrett
[2023-02-01T19:08:22.882+0000] {logging_mixin.py:137} INFO - Brandon Perez
[2023-02-01T19:08:22.884+0000] {logging_mixin.py:137} INFO - Mark Robertson
[2023-02-01T19:08:22.885+0000] {logging_mixin.py:137} INFO - Nicole Gates
[2023-02-01T19:08:22.887+0000] {logging_mixin.py:137} INFO - Bradley Cruz
[2023-02-01T19:08:22.888+0000] {logging_mixin.py:137} INFO - Gina Burns
[2023-02-01T19:08:22.890+0000] {logging_mixin.py:137} INFO - Zachary Martinez
[2023-02-01T19:08:22.891+0000] {logging_mixin.py:137} INFO - Natasha Johnson
[2023-02-01T19:08:22.892+0000] {logging_mixin.py:137} INFO - Patrick Gonzales
[2023-02-01T19:08:22.893+0000] {logging_mixin.py:137} INFO - Terri Wilson
[2023-02-01T19:08:22.894+0000] {logging_mixin.py:137} INFO - Sarah Lopez
[2023-02-01T19:08:22.896+0000] {logging_mixin.py:137} INFO - Dana Turner
[2023-02-01T19:08:22.897+0000] {logging_mixin.py:137} INFO - Cynthia Johnson
[2023-02-01T19:08:22.900+0000] {logging_mixin.py:137} INFO - William Thornton
[2023-02-01T19:08:22.902+0000] {logging_mixin.py:137} INFO - James Lee
[2023-02-01T19:08:22.903+0000] {logging_mixin.py:137} INFO - Stephen Allen
[2023-02-01T19:08:22.905+0000] {logging_mixin.py:137} INFO - William Stark
[2023-02-01T19:08:22.908+0000] {logging_mixin.py:137} INFO - Michael Parker
[2023-02-01T19:08:22.912+0000] {logging_mixin.py:137} INFO - Lisa Stephens
[2023-02-01T19:08:22.914+0000] {logging_mixin.py:137} INFO - Mr. Reginald Wise DDS
[2023-02-01T19:08:22.915+0000] {logging_mixin.py:137} INFO - Alexander James
[2023-02-01T19:08:22.918+0000] {logging_mixin.py:137} INFO - Kristen West
[2023-02-01T19:08:22.921+0000] {logging_mixin.py:137} INFO - Elizabeth Sanchez
[2023-02-01T19:08:22.923+0000] {logging_mixin.py:137} INFO - Jennifer Wilson
[2023-02-01T19:08:22.924+0000] {logging_mixin.py:137} INFO - Catherine Nicholson
[2023-02-01T19:08:22.926+0000] {logging_mixin.py:137} INFO - David Henderson
[2023-02-01T19:08:22.928+0000] {logging_mixin.py:137} INFO - Stephen Davis
[2023-02-01T19:08:22.940+0000] {logging_mixin.py:137} INFO - Paul Skinner
[2023-02-01T19:08:22.941+0000] {logging_mixin.py:137} INFO - Rebecca Wong
[2023-02-01T19:08:22.943+0000] {logging_mixin.py:137} INFO - Tara Benitez
[2023-02-01T19:08:22.944+0000] {logging_mixin.py:137} INFO - Sharon Miller
[2023-02-01T19:08:22.948+0000] {logging_mixin.py:137} INFO - Cynthia Smith
[2023-02-01T19:08:22.950+0000] {logging_mixin.py:137} INFO - Jennifer Werner
[2023-02-01T19:08:22.952+0000] {logging_mixin.py:137} INFO - Rebecca Tucker
[2023-02-01T19:08:22.954+0000] {logging_mixin.py:137} INFO - Ashlee Castillo
[2023-02-01T19:08:22.961+0000] {logging_mixin.py:137} INFO - Christopher Holmes
[2023-02-01T19:08:22.962+0000] {logging_mixin.py:137} INFO - Daniel Velez
[2023-02-01T19:08:22.971+0000] {logging_mixin.py:137} INFO - Amy Serrano
[2023-02-01T19:08:22.973+0000] {logging_mixin.py:137} INFO - Alison Nash
[2023-02-01T19:08:22.988+0000] {logging_mixin.py:137} INFO - Peter Johnson
[2023-02-01T19:08:22.992+0000] {logging_mixin.py:137} INFO - Breanna Harris
[2023-02-01T19:08:22.996+0000] {logging_mixin.py:137} INFO - Eric King
[2023-02-01T19:08:23.014+0000] {logging_mixin.py:137} INFO - Patricia Oliver
[2023-02-01T19:08:23.027+0000] {logging_mixin.py:137} INFO - Denise Grimes
[2023-02-01T19:08:23.031+0000] {logging_mixin.py:137} INFO - Jill Olson
[2023-02-01T19:08:23.033+0000] {logging_mixin.py:137} INFO - Stephanie Hart
[2023-02-01T19:08:23.039+0000] {logging_mixin.py:137} INFO - Ashley Lee
[2023-02-01T19:08:23.041+0000] {logging_mixin.py:137} INFO - Kelly Barnes
[2023-02-01T19:08:23.042+0000] {logging_mixin.py:137} INFO - Christie West
[2023-02-01T19:08:23.044+0000] {logging_mixin.py:137} INFO - Todd Nolan
[2023-02-01T19:08:23.061+0000] {logging_mixin.py:137} INFO - Sarah Reed
[2023-02-01T19:08:23.064+0000] {logging_mixin.py:137} INFO - Jennifer Keith
[2023-02-01T19:08:23.066+0000] {logging_mixin.py:137} INFO - Shawn Alvarez
[2023-02-01T19:08:23.070+0000] {logging_mixin.py:137} INFO - Alexander Wilson
[2023-02-01T19:08:23.072+0000] {logging_mixin.py:137} INFO - Rachel Melendez
[2023-02-01T19:08:23.080+0000] {logging_mixin.py:137} INFO - Morgan Walters
[2023-02-01T19:08:23.086+0000] {logging_mixin.py:137} INFO - Nicole Garcia
[2023-02-01T19:08:23.093+0000] {logging_mixin.py:137} INFO - Jennifer White
[2023-02-01T19:08:23.100+0000] {logging_mixin.py:137} INFO - Leslie Shannon
[2023-02-01T19:08:23.101+0000] {logging_mixin.py:137} INFO - Lisa Clayton
[2023-02-01T19:08:23.102+0000] {logging_mixin.py:137} INFO - Zachary Molina
[2023-02-01T19:08:23.105+0000] {logging_mixin.py:137} INFO - Bruce Butler
[2023-02-01T19:08:23.118+0000] {logging_mixin.py:137} INFO - Dustin Howell
[2023-02-01T19:08:23.125+0000] {logging_mixin.py:137} INFO - Aaron Smith
[2023-02-01T19:08:23.138+0000] {logging_mixin.py:137} INFO - Kyle Green
[2023-02-01T19:08:23.140+0000] {logging_mixin.py:137} INFO - Steven Clark
[2023-02-01T19:08:23.144+0000] {logging_mixin.py:137} INFO - Robert Holden
[2023-02-01T19:08:23.146+0000] {logging_mixin.py:137} INFO - Zachary Harmon
[2023-02-01T19:08:23.153+0000] {logging_mixin.py:137} INFO - Rachel Miller
[2023-02-01T19:08:23.159+0000] {logging_mixin.py:137} INFO - Brandon Parker
[2023-02-01T19:08:23.164+0000] {logging_mixin.py:137} INFO - Walter Martin
[2023-02-01T19:08:23.177+0000] {logging_mixin.py:137} INFO - Jose Young
[2023-02-01T19:08:23.184+0000] {logging_mixin.py:137} INFO - Kelsey Long
[2023-02-01T19:08:23.189+0000] {logging_mixin.py:137} INFO - William Harper
[2023-02-01T19:08:23.201+0000] {logging_mixin.py:137} INFO - Alejandro Lambert
[2023-02-01T19:08:23.206+0000] {logging_mixin.py:137} INFO - Stephanie Carson
[2023-02-01T19:08:23.208+0000] {logging_mixin.py:137} INFO - Diana Ortega MD
[2023-02-01T19:08:23.217+0000] {logging_mixin.py:137} INFO - Janet Morales
[2023-02-01T19:08:23.222+0000] {logging_mixin.py:137} INFO - Eric Fisher
[2023-02-01T19:08:23.234+0000] {logging_mixin.py:137} INFO - Louis Baker
[2023-02-01T19:08:23.251+0000] {logging_mixin.py:137} INFO - Cindy Ward
[2023-02-01T19:08:23.258+0000] {logging_mixin.py:137} INFO - Ana Jenkins
[2023-02-01T19:08:23.261+0000] {logging_mixin.py:137} INFO - Leslie Barton
[2023-02-01T19:08:23.264+0000] {logging_mixin.py:137} INFO - Gregory Price
[2023-02-01T19:08:23.266+0000] {logging_mixin.py:137} INFO - Brandon Moore
[2023-02-01T19:08:23.267+0000] {logging_mixin.py:137} INFO - Heather Garrett
[2023-02-01T19:08:23.268+0000] {logging_mixin.py:137} INFO - Cindy Hawkins
[2023-02-01T19:08:23.269+0000] {logging_mixin.py:137} INFO - Mr. Frank Snyder Jr.
[2023-02-01T19:08:23.271+0000] {logging_mixin.py:137} INFO - Megan Wang
[2023-02-01T19:08:23.278+0000] {logging_mixin.py:137} INFO - Jennifer Fleming
[2023-02-01T19:08:23.282+0000] {logging_mixin.py:137} INFO - Gary Hodge
[2023-02-01T19:08:23.286+0000] {logging_mixin.py:137} INFO - Nichole Miller
[2023-02-01T19:08:23.288+0000] {logging_mixin.py:137} INFO - Mitchell Mendoza
[2023-02-01T19:08:23.296+0000] {logging_mixin.py:137} INFO - Bradley Horton
[2023-02-01T19:08:23.299+0000] {logging_mixin.py:137} INFO - Michelle Hess
[2023-02-01T19:08:23.304+0000] {logging_mixin.py:137} INFO - Ronald Torres
[2023-02-01T19:08:23.315+0000] {logging_mixin.py:137} INFO - Raymond Hudson
[2023-02-01T19:08:23.318+0000] {logging_mixin.py:137} INFO - Vincent Jackson
[2023-02-01T19:08:23.327+0000] {logging_mixin.py:137} INFO - Susan Carey
[2023-02-01T19:08:23.329+0000] {logging_mixin.py:137} INFO - Chase Wilson
[2023-02-01T19:08:23.332+0000] {logging_mixin.py:137} INFO - Tonya Baldwin
[2023-02-01T19:08:23.335+0000] {logging_mixin.py:137} INFO - Mrs. Tina Davis
[2023-02-01T19:08:23.343+0000] {logging_mixin.py:137} INFO - Scott Garrett
[2023-02-01T19:08:23.354+0000] {logging_mixin.py:137} INFO - Michael Wilson
[2023-02-01T19:08:23.355+0000] {logging_mixin.py:137} INFO - Andrew Orozco
[2023-02-01T19:08:23.357+0000] {logging_mixin.py:137} INFO - Troy Carson
[2023-02-01T19:08:23.361+0000] {logging_mixin.py:137} INFO - Alex Winters
[2023-02-01T19:08:23.372+0000] {logging_mixin.py:137} INFO - Toni Frank
[2023-02-01T19:08:23.374+0000] {logging_mixin.py:137} INFO - Kathleen Snyder
[2023-02-01T19:08:23.376+0000] {logging_mixin.py:137} INFO - Anna Lopez
[2023-02-01T19:08:23.378+0000] {logging_mixin.py:137} INFO - Charles Brown
[2023-02-01T19:08:23.382+0000] {logging_mixin.py:137} INFO - Barry Ross
[2023-02-01T19:08:23.392+0000] {logging_mixin.py:137} INFO - Emily Ramirez
[2023-02-01T19:08:23.400+0000] {logging_mixin.py:137} INFO - Anna Williams
[2023-02-01T19:08:23.405+0000] {logging_mixin.py:137} INFO - Kristin Pennington
[2023-02-01T19:08:23.416+0000] {logging_mixin.py:137} INFO - Mary Aguirre
[2023-02-01T19:08:23.421+0000] {logging_mixin.py:137} INFO - Austin Santos
[2023-02-01T19:08:23.432+0000] {logging_mixin.py:137} INFO - David Nelson
[2023-02-01T19:08:23.436+0000] {logging_mixin.py:137} INFO - Alyssa Mcbride
[2023-02-01T19:08:23.443+0000] {logging_mixin.py:137} INFO - Lisa Gibson
[2023-02-01T19:08:23.453+0000] {logging_mixin.py:137} INFO - Alexander Kelly
[2023-02-01T19:08:23.472+0000] {logging_mixin.py:137} INFO - Ronald Thomas
[2023-02-01T19:08:23.475+0000] {logging_mixin.py:137} INFO - Michael Hurst
[2023-02-01T19:08:23.478+0000] {logging_mixin.py:137} INFO - Lauren Ward
[2023-02-01T19:08:23.480+0000] {logging_mixin.py:137} INFO - Christian Terry
[2023-02-01T19:08:23.484+0000] {logging_mixin.py:137} INFO - Jared Black
[2023-02-01T19:08:23.486+0000] {logging_mixin.py:137} INFO - Anthony Brown
[2023-02-01T19:08:23.489+0000] {logging_mixin.py:137} INFO - John Cole
[2023-02-01T19:08:23.497+0000] {logging_mixin.py:137} INFO - David Lee
[2023-02-01T19:08:23.499+0000] {logging_mixin.py:137} INFO - Lori Thomas
[2023-02-01T19:08:23.506+0000] {logging_mixin.py:137} INFO - Daniel Herman
[2023-02-01T19:08:23.508+0000] {logging_mixin.py:137} INFO - Pam Williams
[2023-02-01T19:08:23.519+0000] {logging_mixin.py:137} INFO - Sarah Jenkins
[2023-02-01T19:08:23.521+0000] {logging_mixin.py:137} INFO - Susan Mitchell
[2023-02-01T19:08:23.535+0000] {logging_mixin.py:137} INFO - Jacqueline Green
[2023-02-01T19:08:23.537+0000] {logging_mixin.py:137} INFO - Victoria Garrison
[2023-02-01T19:08:23.544+0000] {logging_mixin.py:137} INFO - Jonathan Daniels
[2023-02-01T19:08:23.555+0000] {logging_mixin.py:137} INFO - Trevor Hansen
[2023-02-01T19:08:23.561+0000] {logging_mixin.py:137} INFO - Laurie Bowen
[2023-02-01T19:08:23.563+0000] {logging_mixin.py:137} INFO - James Cline
[2023-02-01T19:08:23.564+0000] {logging_mixin.py:137} INFO - Michael Rose
[2023-02-01T19:08:23.565+0000] {logging_mixin.py:137} INFO - Lawrence Juarez
[2023-02-01T19:08:23.567+0000] {logging_mixin.py:137} INFO - Lucas Caldwell
[2023-02-01T19:08:23.568+0000] {logging_mixin.py:137} INFO - Laura Jackson
[2023-02-01T19:08:23.570+0000] {logging_mixin.py:137} INFO - Sherri Thornton
[2023-02-01T19:08:23.571+0000] {logging_mixin.py:137} INFO - Alice Wilson
[2023-02-01T19:08:23.572+0000] {logging_mixin.py:137} INFO - Diane Williams
[2023-02-01T19:08:23.573+0000] {logging_mixin.py:137} INFO - Kara Martin
[2023-02-01T19:08:23.575+0000] {logging_mixin.py:137} INFO - Joseph Moore
[2023-02-01T19:08:23.580+0000] {logging_mixin.py:137} INFO - Jesse Moses
[2023-02-01T19:08:23.587+0000] {logging_mixin.py:137} INFO - Lisa Mccall
[2023-02-01T19:08:23.592+0000] {logging_mixin.py:137} INFO - Alexandra Mccoy
[2023-02-01T19:08:23.597+0000] {logging_mixin.py:137} INFO - Daniel Martin
[2023-02-01T19:08:23.605+0000] {logging_mixin.py:137} INFO - Claudia Peck
[2023-02-01T19:08:23.611+0000] {logging_mixin.py:137} INFO - Jessica Mcconnell
[2023-02-01T19:08:23.620+0000] {logging_mixin.py:137} INFO - Kevin Walker
[2023-02-01T19:08:23.622+0000] {logging_mixin.py:137} INFO - Christina Lee
[2023-02-01T19:08:23.627+0000] {logging_mixin.py:137} INFO - Christopher Schroeder
[2023-02-01T19:08:23.629+0000] {logging_mixin.py:137} INFO - Melissa Parker
[2023-02-01T19:08:23.631+0000] {logging_mixin.py:137} INFO - Janet Molina
[2023-02-01T19:08:23.634+0000] {logging_mixin.py:137} INFO - Barbara Harris
[2023-02-01T19:08:23.637+0000] {logging_mixin.py:137} INFO - Joseph Hurley
[2023-02-01T19:08:23.642+0000] {logging_mixin.py:137} INFO - Greg Hayden
[2023-02-01T19:08:23.644+0000] {logging_mixin.py:137} INFO - Edwin Adams
[2023-02-01T19:08:23.645+0000] {logging_mixin.py:137} INFO - Ashley Hunter
[2023-02-01T19:08:23.650+0000] {logging_mixin.py:137} INFO - Jennifer Tucker
[2023-02-01T19:08:23.654+0000] {logging_mixin.py:137} INFO - Eddie Gray
[2023-02-01T19:08:23.657+0000] {logging_mixin.py:137} INFO - Jennifer Evans
[2023-02-01T19:08:23.662+0000] {logging_mixin.py:137} INFO - Stephen Carey
[2023-02-01T19:08:23.668+0000] {logging_mixin.py:137} INFO - Samantha Campos
[2023-02-01T19:08:23.673+0000] {logging_mixin.py:137} INFO - Meagan Brown
[2023-02-01T19:08:23.676+0000] {logging_mixin.py:137} INFO - Miss Marisa Barber
[2023-02-01T19:08:23.695+0000] {logging_mixin.py:137} INFO - Jay Mann
[2023-02-01T19:08:23.698+0000] {logging_mixin.py:137} INFO - Matthew Campbell
[2023-02-01T19:08:23.712+0000] {logging_mixin.py:137} INFO - Brent Rodriguez
[2023-02-01T19:08:23.728+0000] {logging_mixin.py:137} INFO - Teresa Ross
[2023-02-01T19:08:23.729+0000] {logging_mixin.py:137} INFO - Mary Martinez
[2023-02-01T19:08:23.736+0000] {logging_mixin.py:137} INFO - Joseph Lewis
[2023-02-01T19:08:23.742+0000] {logging_mixin.py:137} INFO - Dale Davis
[2023-02-01T19:08:23.748+0000] {logging_mixin.py:137} INFO - Elizabeth Evans
[2023-02-01T19:08:23.759+0000] {logging_mixin.py:137} INFO - Shannon Wang
[2023-02-01T19:08:23.772+0000] {logging_mixin.py:137} INFO - Brandon Campbell
[2023-02-01T19:08:23.781+0000] {logging_mixin.py:137} INFO - Rhonda Pace
[2023-02-01T19:08:23.782+0000] {logging_mixin.py:137} INFO - Sarah Santos
[2023-02-01T19:08:23.784+0000] {logging_mixin.py:137} INFO - Jacob Ford
[2023-02-01T19:08:23.786+0000] {logging_mixin.py:137} INFO - Matthew Hansen
[2023-02-01T19:08:23.789+0000] {logging_mixin.py:137} INFO - Amy Ray
[2023-02-01T19:08:23.792+0000] {logging_mixin.py:137} INFO - Aaron Fields
[2023-02-01T19:08:23.795+0000] {logging_mixin.py:137} INFO - Mary Taylor
[2023-02-01T19:08:23.798+0000] {logging_mixin.py:137} INFO - James Morris
[2023-02-01T19:08:23.800+0000] {logging_mixin.py:137} INFO - Darrell Cain
[2023-02-01T19:08:23.803+0000] {logging_mixin.py:137} INFO - Michael Smith
[2023-02-01T19:08:23.808+0000] {logging_mixin.py:137} INFO - Scott Coleman
[2023-02-01T19:08:23.815+0000] {logging_mixin.py:137} INFO - David Fitzpatrick
[2023-02-01T19:08:23.816+0000] {logging_mixin.py:137} INFO - Debra Shepherd
[2023-02-01T19:08:23.819+0000] {logging_mixin.py:137} INFO - Paul Rush
[2023-02-01T19:08:23.829+0000] {logging_mixin.py:137} INFO - Brett Hernandez
[2023-02-01T19:08:23.837+0000] {logging_mixin.py:137} INFO - Sheila Riddle
[2023-02-01T19:08:23.839+0000] {logging_mixin.py:137} INFO - Joan Austin
[2023-02-01T19:08:23.847+0000] {logging_mixin.py:137} INFO - Michael Garcia
[2023-02-01T19:08:23.849+0000] {logging_mixin.py:137} INFO - Natalie Harris
[2023-02-01T19:08:23.851+0000] {logging_mixin.py:137} INFO - Steven Dean
[2023-02-01T19:08:23.853+0000] {logging_mixin.py:137} INFO - John Brown
[2023-02-01T19:08:23.861+0000] {logging_mixin.py:137} INFO - Keith Zimmerman
[2023-02-01T19:08:23.866+0000] {logging_mixin.py:137} INFO - Curtis Byrd
[2023-02-01T19:08:23.869+0000] {logging_mixin.py:137} INFO - Mariah Green
[2023-02-01T19:08:23.876+0000] {logging_mixin.py:137} INFO - Roger Huynh
[2023-02-01T19:08:23.879+0000] {logging_mixin.py:137} INFO - Christopher Zamora
[2023-02-01T19:08:23.881+0000] {logging_mixin.py:137} INFO - Joyce Crawford
[2023-02-01T19:08:23.882+0000] {logging_mixin.py:137} INFO - Angela Smith
[2023-02-01T19:08:23.910+0000] {logging_mixin.py:137} INFO - Veronica Robinson
[2023-02-01T19:08:23.938+0000] {logging_mixin.py:137} INFO - Christopher Bates
[2023-02-01T19:08:23.940+0000] {logging_mixin.py:137} INFO - Steve Stone
[2023-02-01T19:08:23.942+0000] {logging_mixin.py:137} INFO - William Cook
[2023-02-01T19:08:23.958+0000] {logging_mixin.py:137} INFO - Lori Wood
[2023-02-01T19:08:23.975+0000] {logging_mixin.py:137} INFO - Jillian Reynolds
[2023-02-01T19:08:23.984+0000] {logging_mixin.py:137} INFO - Angela Caldwell
[2023-02-01T19:08:23.995+0000] {logging_mixin.py:137} INFO - Shane Campbell
[2023-02-01T19:08:24.004+0000] {logging_mixin.py:137} INFO - Karen Lawrence
[2023-02-01T19:08:24.017+0000] {logging_mixin.py:137} INFO - Kimberly Wood
[2023-02-01T19:08:24.021+0000] {logging_mixin.py:137} INFO - Samantha Lopez
[2023-02-01T19:08:24.027+0000] {logging_mixin.py:137} INFO - Harold Miller
[2023-02-01T19:08:24.034+0000] {logging_mixin.py:137} INFO - Raymond Cooper DVM
[2023-02-01T19:08:24.036+0000] {logging_mixin.py:137} INFO - Kristen Patel
[2023-02-01T19:08:24.040+0000] {logging_mixin.py:137} INFO - Anthony Mejia
[2023-02-01T19:08:24.043+0000] {logging_mixin.py:137} INFO - Raymond Thomas
[2023-02-01T19:08:24.044+0000] {logging_mixin.py:137} INFO - Scott Young
[2023-02-01T19:08:24.046+0000] {logging_mixin.py:137} INFO - David Larson
[2023-02-01T19:08:24.048+0000] {logging_mixin.py:137} INFO - Jon Murray
[2023-02-01T19:08:24.053+0000] {logging_mixin.py:137} INFO - Stephen Taylor
[2023-02-01T19:08:24.055+0000] {logging_mixin.py:137} INFO - Jennifer Hernandez
[2023-02-01T19:08:24.058+0000] {logging_mixin.py:137} INFO - Stacy Smith
[2023-02-01T19:08:24.068+0000] {logging_mixin.py:137} INFO - Juan Owens
[2023-02-01T19:08:24.073+0000] {logging_mixin.py:137} INFO - Brian Adkins
[2023-02-01T19:08:24.075+0000] {logging_mixin.py:137} INFO - Jesse Wells
[2023-02-01T19:08:24.078+0000] {logging_mixin.py:137} INFO - Kyle Matthews
[2023-02-01T19:08:24.081+0000] {logging_mixin.py:137} INFO - Dustin Russell
[2023-02-01T19:08:24.094+0000] {logging_mixin.py:137} INFO - Richard White
[2023-02-01T19:08:24.105+0000] {logging_mixin.py:137} INFO - Brittany Nichols
[2023-02-01T19:08:24.116+0000] {logging_mixin.py:137} INFO - Colton Kelly
[2023-02-01T19:08:24.117+0000] {logging_mixin.py:137} INFO - William Perry
[2023-02-01T19:08:24.119+0000] {logging_mixin.py:137} INFO - Thomas Cummings
[2023-02-01T19:08:24.120+0000] {logging_mixin.py:137} INFO - Timothy Ballard
[2023-02-01T19:08:24.121+0000] {logging_mixin.py:137} INFO - Richard Washington
[2023-02-01T19:08:24.123+0000] {logging_mixin.py:137} INFO - Joshua Lam
[2023-02-01T19:08:24.124+0000] {logging_mixin.py:137} INFO - Grant Jackson
[2023-02-01T19:08:24.126+0000] {logging_mixin.py:137} INFO - Erin Baker
[2023-02-01T19:08:24.127+0000] {logging_mixin.py:137} INFO - Scott Flowers
[2023-02-01T19:08:24.129+0000] {logging_mixin.py:137} INFO - James Adams
[2023-02-01T19:08:24.131+0000] {logging_mixin.py:137} INFO - Heather Alvarado
[2023-02-01T19:08:24.133+0000] {logging_mixin.py:137} INFO - Jennifer Snow
[2023-02-01T19:08:24.134+0000] {logging_mixin.py:137} INFO - Mario Jackson
[2023-02-01T19:08:24.136+0000] {logging_mixin.py:137} INFO - Kevin Collins
[2023-02-01T19:08:24.138+0000] {logging_mixin.py:137} INFO - Danielle Garcia
[2023-02-01T19:08:24.139+0000] {logging_mixin.py:137} INFO - Brenda Jackson
[2023-02-01T19:08:24.141+0000] {logging_mixin.py:137} INFO - Ashley Parker
[2023-02-01T19:08:24.142+0000] {logging_mixin.py:137} INFO - Angela Hickman
[2023-02-01T19:08:24.143+0000] {logging_mixin.py:137} INFO - Carol Rodriguez
[2023-02-01T19:08:24.145+0000] {logging_mixin.py:137} INFO - Vernon Anderson
[2023-02-01T19:08:24.146+0000] {logging_mixin.py:137} INFO - Jesus Church
[2023-02-01T19:08:24.148+0000] {logging_mixin.py:137} INFO - Michelle Medina
[2023-02-01T19:08:24.149+0000] {logging_mixin.py:137} INFO - Nancy Bryant
[2023-02-01T19:08:24.150+0000] {logging_mixin.py:137} INFO - Jennifer Martinez
[2023-02-01T19:08:24.152+0000] {logging_mixin.py:137} INFO - Amy Dougherty
[2023-02-01T19:08:24.157+0000] {logging_mixin.py:137} INFO - Alexis Sanders
[2023-02-01T19:08:24.159+0000] {logging_mixin.py:137} INFO - Austin Salazar
[2023-02-01T19:08:24.160+0000] {logging_mixin.py:137} INFO - Amy Williams
[2023-02-01T19:08:24.162+0000] {logging_mixin.py:137} INFO - Richard Haynes
[2023-02-01T19:08:24.169+0000] {logging_mixin.py:137} INFO - Christine Stark
[2023-02-01T19:08:24.173+0000] {logging_mixin.py:137} INFO - Anita Medina
[2023-02-01T19:08:24.177+0000] {logging_mixin.py:137} INFO - Mr. Thomas Duran
[2023-02-01T19:08:24.185+0000] {logging_mixin.py:137} INFO - Mr. Russell Peterson
[2023-02-01T19:08:24.191+0000] {logging_mixin.py:137} INFO - Jack Richard
[2023-02-01T19:08:24.199+0000] {logging_mixin.py:137} INFO - Michelle Erickson
[2023-02-01T19:08:24.210+0000] {logging_mixin.py:137} INFO - Mitchell Williams
[2023-02-01T19:08:24.214+0000] {logging_mixin.py:137} INFO - Adrian Herrera
[2023-02-01T19:08:24.220+0000] {logging_mixin.py:137} INFO - Michael Brady
[2023-02-01T19:08:24.230+0000] {logging_mixin.py:137} INFO - Jamie Zhang
[2023-02-01T19:08:24.232+0000] {logging_mixin.py:137} INFO - Helen Brennan
[2023-02-01T19:08:24.239+0000] {logging_mixin.py:137} INFO - John Myers
[2023-02-01T19:08:24.244+0000] {logging_mixin.py:137} INFO - Patricia Nash
[2023-02-01T19:08:24.248+0000] {logging_mixin.py:137} INFO - Michael Johnson
[2023-02-01T19:08:24.261+0000] {logging_mixin.py:137} INFO - Anita Berger
[2023-02-01T19:08:24.270+0000] {logging_mixin.py:137} INFO - Jason Guerrero DVM
[2023-02-01T19:08:24.279+0000] {logging_mixin.py:137} INFO - Kimberly Davis
[2023-02-01T19:08:24.288+0000] {logging_mixin.py:137} INFO - Bryan Hansen
[2023-02-01T19:08:24.291+0000] {logging_mixin.py:137} INFO - Rebecca Obrien
[2023-02-01T19:08:24.297+0000] {logging_mixin.py:137} INFO - Sarah Santiago
[2023-02-01T19:08:24.309+0000] {logging_mixin.py:137} INFO - Christine Lane
[2023-02-01T19:08:24.319+0000] {logging_mixin.py:137} INFO - Jerry Lewis
[2023-02-01T19:08:24.323+0000] {logging_mixin.py:137} INFO - Stephanie Miller
[2023-02-01T19:08:24.326+0000] {logging_mixin.py:137} INFO - Kristi Bradley
[2023-02-01T19:08:24.335+0000] {logging_mixin.py:137} INFO - Darren Moore
[2023-02-01T19:08:24.339+0000] {logging_mixin.py:137} INFO - Kristina Cunningham
[2023-02-01T19:08:24.346+0000] {logging_mixin.py:137} INFO - Laurie Moore
[2023-02-01T19:08:24.351+0000] {logging_mixin.py:137} INFO - Aaron Lewis
[2023-02-01T19:08:24.355+0000] {logging_mixin.py:137} INFO - Theresa Vang
[2023-02-01T19:08:24.359+0000] {logging_mixin.py:137} INFO - Chase Reese
[2023-02-01T19:08:24.367+0000] {logging_mixin.py:137} INFO - Matthew Ferguson
[2023-02-01T19:08:24.370+0000] {logging_mixin.py:137} INFO - Victoria Lewis
[2023-02-01T19:08:24.372+0000] {logging_mixin.py:137} INFO - Jon Scott
[2023-02-01T19:08:24.373+0000] {logging_mixin.py:137} INFO - Lisa Campbell
[2023-02-01T19:08:24.377+0000] {logging_mixin.py:137} INFO - David Ramirez
[2023-02-01T19:08:24.379+0000] {logging_mixin.py:137} INFO - Gabriel Rosario
[2023-02-01T19:08:24.382+0000] {logging_mixin.py:137} INFO - Kristi Johnson
[2023-02-01T19:08:24.384+0000] {logging_mixin.py:137} INFO - Jennifer Schwartz
[2023-02-01T19:08:24.387+0000] {logging_mixin.py:137} INFO - Daniel Norton
[2023-02-01T19:08:24.398+0000] {logging_mixin.py:137} INFO - Richard Montoya
[2023-02-01T19:08:24.406+0000] {logging_mixin.py:137} INFO - Daniel Norris
[2023-02-01T19:08:24.416+0000] {logging_mixin.py:137} INFO - Chad Taylor
[2023-02-01T19:08:24.419+0000] {logging_mixin.py:137} INFO - Angie Allen
[2023-02-01T19:08:24.421+0000] {logging_mixin.py:137} INFO - Michael Brooks
[2023-02-01T19:08:24.423+0000] {logging_mixin.py:137} INFO - Hannah Poole
[2023-02-01T19:08:24.425+0000] {logging_mixin.py:137} INFO - Caitlin Ray
[2023-02-01T19:08:24.431+0000] {logging_mixin.py:137} INFO - Mr. Steven Gardner
[2023-02-01T19:08:24.435+0000] {logging_mixin.py:137} INFO - Jennifer Macdonald
[2023-02-01T19:08:24.438+0000] {logging_mixin.py:137} INFO - Vanessa Small
[2023-02-01T19:08:24.439+0000] {logging_mixin.py:137} INFO - Dennis Gray
[2023-02-01T19:08:24.442+0000] {logging_mixin.py:137} INFO - Sandra Kirk
[2023-02-01T19:08:24.443+0000] {logging_mixin.py:137} INFO - Jason Wagner
[2023-02-01T19:08:24.446+0000] {logging_mixin.py:137} INFO - David Owen
[2023-02-01T19:08:24.451+0000] {logging_mixin.py:137} INFO - Rose Terrell
[2023-02-01T19:08:24.452+0000] {logging_mixin.py:137} INFO - James Green MD
[2023-02-01T19:08:24.454+0000] {logging_mixin.py:137} INFO - Tammy Patel
[2023-02-01T19:08:24.460+0000] {logging_mixin.py:137} INFO - Joseph Lucero
[2023-02-01T19:08:24.463+0000] {logging_mixin.py:137} INFO - Stephanie Rojas
[2023-02-01T19:08:24.465+0000] {logging_mixin.py:137} INFO - Brittany Johnson
[2023-02-01T19:08:24.473+0000] {logging_mixin.py:137} INFO - Christina Cummings
[2023-02-01T19:08:24.476+0000] {logging_mixin.py:137} INFO - Eric Downs
[2023-02-01T19:08:24.477+0000] {logging_mixin.py:137} INFO - Paul Finley
[2023-02-01T19:08:24.479+0000] {logging_mixin.py:137} INFO - Danielle Jackson
[2023-02-01T19:08:24.489+0000] {logging_mixin.py:137} INFO - Anna Johnston
[2023-02-01T19:08:24.497+0000] {logging_mixin.py:137} INFO - Ashlee Hodges
[2023-02-01T19:08:24.504+0000] {logging_mixin.py:137} INFO - Thomas Francis
[2023-02-01T19:08:24.506+0000] {logging_mixin.py:137} INFO - Cody Baird
[2023-02-01T19:08:24.507+0000] {logging_mixin.py:137} INFO - Jeffrey Walter
[2023-02-01T19:08:24.509+0000] {logging_mixin.py:137} INFO - Hannah West
[2023-02-01T19:08:24.517+0000] {logging_mixin.py:137} INFO - Anthony Byrd
[2023-02-01T19:08:24.519+0000] {logging_mixin.py:137} INFO - Julie Ramirez
[2023-02-01T19:08:24.527+0000] {logging_mixin.py:137} INFO - Seth Peters
[2023-02-01T19:08:24.535+0000] {logging_mixin.py:137} INFO - Keith Salas
[2023-02-01T19:08:24.537+0000] {logging_mixin.py:137} INFO - Kathryn Evans
[2023-02-01T19:08:24.543+0000] {logging_mixin.py:137} INFO - Dr. Maria Scott
[2023-02-01T19:08:24.556+0000] {logging_mixin.py:137} INFO - Brenda Thomas
[2023-02-01T19:08:24.558+0000] {logging_mixin.py:137} INFO - Travis Douglas
[2023-02-01T19:08:24.561+0000] {logging_mixin.py:137} INFO - Kurt Santos
[2023-02-01T19:08:24.563+0000] {logging_mixin.py:137} INFO - Sean Parrish
[2023-02-01T19:08:24.564+0000] {logging_mixin.py:137} INFO - Brittany Walls
[2023-02-01T19:08:24.565+0000] {logging_mixin.py:137} INFO - Gail Brooks
[2023-02-01T19:08:24.567+0000] {logging_mixin.py:137} INFO - Valerie Johnson
[2023-02-01T19:08:24.570+0000] {logging_mixin.py:137} INFO - Jessica Dunn
[2023-02-01T19:08:24.571+0000] {logging_mixin.py:137} INFO - Chad Robinson
[2023-02-01T19:08:24.573+0000] {logging_mixin.py:137} INFO - Catherine Combs
[2023-02-01T19:08:24.575+0000] {logging_mixin.py:137} INFO - Joshua Boyd
[2023-02-01T19:08:24.577+0000] {logging_mixin.py:137} INFO - Alicia Barnett DVM
[2023-02-01T19:08:24.585+0000] {logging_mixin.py:137} INFO - Kevin Cervantes
[2023-02-01T19:08:24.587+0000] {logging_mixin.py:137} INFO - Larry Lester
[2023-02-01T19:08:24.589+0000] {logging_mixin.py:137} INFO - Deanna Espinoza
[2023-02-01T19:08:24.591+0000] {logging_mixin.py:137} INFO - Marilyn Davis
[2023-02-01T19:08:24.592+0000] {logging_mixin.py:137} INFO - Michael Weeks
[2023-02-01T19:08:24.594+0000] {logging_mixin.py:137} INFO - Brandon Stanton
[2023-02-01T19:08:24.595+0000] {logging_mixin.py:137} INFO - Ryan Boyer Jr.
[2023-02-01T19:08:24.597+0000] {logging_mixin.py:137} INFO - Amanda Elliott
[2023-02-01T19:08:24.605+0000] {logging_mixin.py:137} INFO - David Moore
[2023-02-01T19:08:24.615+0000] {logging_mixin.py:137} INFO - Andre Williams
[2023-02-01T19:08:24.618+0000] {logging_mixin.py:137} INFO - Jennifer Garcia
[2023-02-01T19:08:24.620+0000] {logging_mixin.py:137} INFO - Tracey Cook
[2023-02-01T19:08:24.633+0000] {logging_mixin.py:137} INFO - Michael Turner
[2023-02-01T19:08:24.635+0000] {logging_mixin.py:137} INFO - Diana Long
[2023-02-01T19:08:24.644+0000] {logging_mixin.py:137} INFO - John Bradley
[2023-02-01T19:08:24.646+0000] {logging_mixin.py:137} INFO - Ann Benjamin
[2023-02-01T19:08:24.648+0000] {logging_mixin.py:137} INFO - Shane House
[2023-02-01T19:08:24.650+0000] {logging_mixin.py:137} INFO - Erin Lee
[2023-02-01T19:08:24.652+0000] {logging_mixin.py:137} INFO - Joseph Gray
[2023-02-01T19:08:24.657+0000] {logging_mixin.py:137} INFO - Betty Gibson
[2023-02-01T19:08:24.660+0000] {logging_mixin.py:137} INFO - Kristen Graham
[2023-02-01T19:08:24.662+0000] {logging_mixin.py:137} INFO - Daniel Meza
[2023-02-01T19:08:24.669+0000] {logging_mixin.py:137} INFO - Sherri Carpenter
[2023-02-01T19:08:24.672+0000] {logging_mixin.py:137} INFO - Andrea Sanchez
[2023-02-01T19:08:24.676+0000] {logging_mixin.py:137} INFO - Jordan Rios
[2023-02-01T19:08:24.678+0000] {logging_mixin.py:137} INFO - Elizabeth Jackson
[2023-02-01T19:08:24.685+0000] {logging_mixin.py:137} INFO - Elizabeth Myers
[2023-02-01T19:08:24.687+0000] {logging_mixin.py:137} INFO - Juan Barnes
[2023-02-01T19:08:24.696+0000] {logging_mixin.py:137} INFO - Christopher Lozano
[2023-02-01T19:08:24.698+0000] {logging_mixin.py:137} INFO - Jacqueline Griffin
[2023-02-01T19:08:24.700+0000] {logging_mixin.py:137} INFO - Ryan Mason
[2023-02-01T19:08:24.708+0000] {logging_mixin.py:137} INFO - Jonathan Moore
[2023-02-01T19:08:24.710+0000] {logging_mixin.py:137} INFO - Abigail Landry
[2023-02-01T19:08:24.718+0000] {logging_mixin.py:137} INFO - Brenda Hernandez
[2023-02-01T19:08:24.720+0000] {logging_mixin.py:137} INFO - Zachary Pitts
[2023-02-01T19:08:24.721+0000] {logging_mixin.py:137} INFO - Amanda Rogers
[2023-02-01T19:08:24.723+0000] {logging_mixin.py:137} INFO - Cynthia Gray
[2023-02-01T19:08:24.725+0000] {logging_mixin.py:137} INFO - Tyler Barajas
[2023-02-01T19:08:24.726+0000] {logging_mixin.py:137} INFO - Michelle Leon
[2023-02-01T19:08:24.728+0000] {logging_mixin.py:137} INFO - Kathy Lang
[2023-02-01T19:08:24.730+0000] {logging_mixin.py:137} INFO - Scott Townsend MD
[2023-02-01T19:08:24.733+0000] {logging_mixin.py:137} INFO - Theresa Acosta
[2023-02-01T19:08:24.736+0000] {logging_mixin.py:137} INFO - David Jones
[2023-02-01T19:08:24.740+0000] {logging_mixin.py:137} INFO - Jeremy Robinson
[2023-02-01T19:08:24.747+0000] {logging_mixin.py:137} INFO - James Newton
[2023-02-01T19:08:24.751+0000] {logging_mixin.py:137} INFO - Tracey Wells
[2023-02-01T19:08:24.752+0000] {logging_mixin.py:137} INFO - Maria Nelson
[2023-02-01T19:08:24.757+0000] {logging_mixin.py:137} INFO - Christopher Griffith
[2023-02-01T19:08:24.760+0000] {logging_mixin.py:137} INFO - Zachary Griffin
[2023-02-01T19:08:24.762+0000] {logging_mixin.py:137} INFO - Amy Nguyen
[2023-02-01T19:08:24.764+0000] {logging_mixin.py:137} INFO - April Williams
[2023-02-01T19:08:24.767+0000] {logging_mixin.py:137} INFO - Marissa Kelly
[2023-02-01T19:08:24.768+0000] {logging_mixin.py:137} INFO - Brian Lopez PhD
[2023-02-01T19:08:24.770+0000] {logging_mixin.py:137} INFO - William Williams
[2023-02-01T19:08:24.772+0000] {logging_mixin.py:137} INFO - Norman Brown
[2023-02-01T19:08:24.778+0000] {logging_mixin.py:137} INFO - Charles Fuentes
[2023-02-01T19:08:24.779+0000] {logging_mixin.py:137} INFO - Anthony Chang
[2023-02-01T19:08:24.780+0000] {logging_mixin.py:137} INFO - Mary Bell
[2023-02-01T19:08:24.781+0000] {logging_mixin.py:137} INFO - Elizabeth Stuart
[2023-02-01T19:08:24.783+0000] {logging_mixin.py:137} INFO - Mary Mcdonald
[2023-02-01T19:08:24.784+0000] {logging_mixin.py:137} INFO - Martin Harrison
[2023-02-01T19:08:24.785+0000] {logging_mixin.py:137} INFO - Stephanie Fernandez
[2023-02-01T19:08:24.786+0000] {logging_mixin.py:137} INFO - Christopher Brown
[2023-02-01T19:08:24.788+0000] {logging_mixin.py:137} INFO - Alexander Stephenson
[2023-02-01T19:08:24.789+0000] {logging_mixin.py:137} INFO - Grace Diaz
[2023-02-01T19:08:24.791+0000] {logging_mixin.py:137} INFO - Frank Bartlett
[2023-02-01T19:08:24.793+0000] {logging_mixin.py:137} INFO - Audrey Andersen
[2023-02-01T19:08:24.796+0000] {logging_mixin.py:137} INFO - David Green
[2023-02-01T19:08:24.798+0000] {logging_mixin.py:137} INFO - Joshua Diaz Jr.
[2023-02-01T19:08:24.800+0000] {logging_mixin.py:137} INFO - Emily Garcia
[2023-02-01T19:08:24.802+0000] {logging_mixin.py:137} INFO - Devin Hall
[2023-02-01T19:08:24.804+0000] {logging_mixin.py:137} INFO - Phillip Garner
[2023-02-01T19:08:24.819+0000] {logging_mixin.py:137} INFO - Katherine Estrada
[2023-02-01T19:08:24.821+0000] {logging_mixin.py:137} INFO - Corey Saunders
[2023-02-01T19:08:24.824+0000] {logging_mixin.py:137} INFO - Kimberly Collins
[2023-02-01T19:08:24.827+0000] {logging_mixin.py:137} INFO - Amy Elliott
[2023-02-01T19:08:24.829+0000] {logging_mixin.py:137} INFO - Tanya Jones
[2023-02-01T19:08:24.832+0000] {logging_mixin.py:137} INFO - Patricia Gonzalez
[2023-02-01T19:08:24.834+0000] {logging_mixin.py:137} INFO - Jennifer Hill
[2023-02-01T19:08:24.835+0000] {logging_mixin.py:137} INFO - John Haynes
[2023-02-01T19:08:24.837+0000] {logging_mixin.py:137} INFO - Jacob Henry
[2023-02-01T19:08:24.839+0000] {logging_mixin.py:137} INFO - Daniel Clark
[2023-02-01T19:08:24.841+0000] {logging_mixin.py:137} INFO - Jonathon Taylor
[2023-02-01T19:08:24.844+0000] {logging_mixin.py:137} INFO - Jesse Evans
[2023-02-01T19:08:24.860+0000] {logging_mixin.py:137} INFO - James Martinez
[2023-02-01T19:08:24.865+0000] {logging_mixin.py:137} INFO - Kyle Reyes
[2023-02-01T19:08:24.868+0000] {logging_mixin.py:137} INFO - Terrence Barker
[2023-02-01T19:08:24.872+0000] {logging_mixin.py:137} INFO - Anthony Washington
[2023-02-01T19:08:24.877+0000] {logging_mixin.py:137} INFO - Dustin Le
[2023-02-01T19:08:24.882+0000] {logging_mixin.py:137} INFO - Bruce Clark
[2023-02-01T19:08:24.885+0000] {logging_mixin.py:137} INFO - Keith Anthony
[2023-02-01T19:08:24.895+0000] {logging_mixin.py:137} INFO - Jeremiah Stone
[2023-02-01T19:08:24.897+0000] {logging_mixin.py:137} INFO - Michael Haley
[2023-02-01T19:08:24.904+0000] {logging_mixin.py:137} INFO - Regina Carrillo
[2023-02-01T19:08:24.907+0000] {logging_mixin.py:137} INFO - Jacob Lee
[2023-02-01T19:08:24.910+0000] {logging_mixin.py:137} INFO - Thomas Gonzalez
[2023-02-01T19:08:24.912+0000] {logging_mixin.py:137} INFO - Mark Lawrence
[2023-02-01T19:08:24.915+0000] {logging_mixin.py:137} INFO - Matthew Anderson
[2023-02-01T19:08:24.917+0000] {logging_mixin.py:137} INFO - Nicholas Young
[2023-02-01T19:08:24.919+0000] {logging_mixin.py:137} INFO - Melvin Martinez
[2023-02-01T19:08:24.920+0000] {logging_mixin.py:137} INFO - Scott Green
[2023-02-01T19:08:24.922+0000] {logging_mixin.py:137} INFO - Dana Richards
[2023-02-01T19:08:24.924+0000] {logging_mixin.py:137} INFO - Lauren Moore
[2023-02-01T19:08:24.927+0000] {logging_mixin.py:137} INFO - Terry Campbell
[2023-02-01T19:08:24.935+0000] {logging_mixin.py:137} INFO - Ralph Jordan
[2023-02-01T19:08:24.942+0000] {logging_mixin.py:137} INFO - Noah Reyes
[2023-02-01T19:08:24.965+0000] {logging_mixin.py:137} INFO - Mr. Gregory Mills MD
[2023-02-01T19:08:24.968+0000] {logging_mixin.py:137} INFO - Michelle Yates
[2023-02-01T19:08:24.970+0000] {logging_mixin.py:137} INFO - Robin Reyes
[2023-02-01T19:08:24.973+0000] {logging_mixin.py:137} INFO - Rebecca Smith
[2023-02-01T19:08:24.974+0000] {logging_mixin.py:137} INFO - Nicole Torres
[2023-02-01T19:08:24.977+0000] {logging_mixin.py:137} INFO - Ronald Jones
[2023-02-01T19:08:24.984+0000] {logging_mixin.py:137} INFO - Michael Castaneda
[2023-02-01T19:08:24.990+0000] {logging_mixin.py:137} INFO - Christopher Krueger
[2023-02-01T19:08:24.996+0000] {logging_mixin.py:137} INFO - Jennifer Werner
[2023-02-01T19:08:24.999+0000] {logging_mixin.py:137} INFO - Ashley Smith
[2023-02-01T19:08:25.003+0000] {logging_mixin.py:137} INFO - Alyssa Fields
[2023-02-01T19:08:25.007+0000] {logging_mixin.py:137} INFO - John Scott
[2023-02-01T19:08:25.011+0000] {logging_mixin.py:137} INFO - Debra Delacruz
[2023-02-01T19:08:25.028+0000] {logging_mixin.py:137} INFO - James Madden
[2023-02-01T19:08:25.030+0000] {logging_mixin.py:137} INFO - Joseph Gentry
[2023-02-01T19:08:25.038+0000] {logging_mixin.py:137} INFO - Ashley Cabrera
[2023-02-01T19:08:25.040+0000] {logging_mixin.py:137} INFO - Jennifer Fernandez
[2023-02-01T19:08:25.042+0000] {logging_mixin.py:137} INFO - James Harris
[2023-02-01T19:08:25.044+0000] {logging_mixin.py:137} INFO - Candice Young
[2023-02-01T19:08:25.045+0000] {logging_mixin.py:137} INFO - Lisa Baker
[2023-02-01T19:08:25.049+0000] {logging_mixin.py:137} INFO - Brian Mills DDS
[2023-02-01T19:08:25.051+0000] {logging_mixin.py:137} INFO - Kristin Smith
[2023-02-01T19:08:25.054+0000] {logging_mixin.py:137} INFO - Jacob Collins
[2023-02-01T19:08:25.062+0000] {logging_mixin.py:137} INFO - Kimberly Harris
[2023-02-01T19:08:25.068+0000] {logging_mixin.py:137} INFO - Michael Hull
[2023-02-01T19:08:25.072+0000] {logging_mixin.py:137} INFO - Caitlin Todd
[2023-02-01T19:08:25.074+0000] {logging_mixin.py:137} INFO - Lisa Harris
[2023-02-01T19:08:25.076+0000] {logging_mixin.py:137} INFO - Mrs. Ann Stone
[2023-02-01T19:08:25.078+0000] {logging_mixin.py:137} INFO - Michelle Case
[2023-02-01T19:08:25.087+0000] {logging_mixin.py:137} INFO - Joe Lowe
[2023-02-01T19:08:25.089+0000] {logging_mixin.py:137} INFO - Randall Dunn
[2023-02-01T19:08:25.094+0000] {logging_mixin.py:137} INFO - Paula Vargas
[2023-02-01T19:08:25.100+0000] {logging_mixin.py:137} INFO - Daniel Walker
[2023-02-01T19:08:25.104+0000] {logging_mixin.py:137} INFO - James Jackson
[2023-02-01T19:08:25.109+0000] {logging_mixin.py:137} INFO - Shirley Woodard
[2023-02-01T19:08:25.115+0000] {logging_mixin.py:137} INFO - James Hayes
[2023-02-01T19:08:25.121+0000] {logging_mixin.py:137} INFO - Megan Austin
[2023-02-01T19:08:25.125+0000] {logging_mixin.py:137} INFO - Erin Robertson
[2023-02-01T19:08:25.132+0000] {logging_mixin.py:137} INFO - Robert Phillips
[2023-02-01T19:08:25.134+0000] {logging_mixin.py:137} INFO - Amy Torres
[2023-02-01T19:08:25.136+0000] {logging_mixin.py:137} INFO - Joshua Cox
[2023-02-01T19:08:25.138+0000] {logging_mixin.py:137} INFO - Duane Grimes
[2023-02-01T19:08:25.139+0000] {logging_mixin.py:137} INFO - Jennifer Burgess
[2023-02-01T19:08:25.153+0000] {logging_mixin.py:137} INFO - Carlos Duran
[2023-02-01T19:08:25.155+0000] {logging_mixin.py:137} INFO - Jason Johnson
[2023-02-01T19:08:25.157+0000] {logging_mixin.py:137} INFO - Cameron Greer
[2023-02-01T19:08:25.158+0000] {logging_mixin.py:137} INFO - Randall Williams
[2023-02-01T19:08:25.163+0000] {logging_mixin.py:137} INFO - Jessica Harris
[2023-02-01T19:08:25.165+0000] {logging_mixin.py:137} INFO - Joshua Rogers
[2023-02-01T19:08:25.169+0000] {logging_mixin.py:137} INFO - Jose Mahoney
[2023-02-01T19:08:25.173+0000] {logging_mixin.py:137} INFO - Brandy Fuentes
[2023-02-01T19:08:25.183+0000] {logging_mixin.py:137} INFO - Angelica Matthews
[2023-02-01T19:08:25.195+0000] {logging_mixin.py:137} INFO - Glenn Caldwell
[2023-02-01T19:08:25.200+0000] {logging_mixin.py:137} INFO - Cristian Delacruz
[2023-02-01T19:08:25.208+0000] {logging_mixin.py:137} INFO - Alexandra Price
[2023-02-01T19:08:25.218+0000] {logging_mixin.py:137} INFO - Heather Wilson
[2023-02-01T19:08:25.221+0000] {logging_mixin.py:137} INFO - Shawn Thompson
[2023-02-01T19:08:25.228+0000] {logging_mixin.py:137} INFO - Anna Daniel
[2023-02-01T19:08:25.230+0000] {logging_mixin.py:137} INFO - Joseph Cisneros
[2023-02-01T19:08:25.234+0000] {logging_mixin.py:137} INFO - Rebecca Estes
[2023-02-01T19:08:25.235+0000] {logging_mixin.py:137} INFO - Jeremy Porter
[2023-02-01T19:08:25.236+0000] {logging_mixin.py:137} INFO - Lisa Mann
[2023-02-01T19:08:25.237+0000] {logging_mixin.py:137} INFO - Michael Woods
[2023-02-01T19:08:25.241+0000] {logging_mixin.py:137} INFO - Madison Thompson
[2023-02-01T19:08:25.245+0000] {logging_mixin.py:137} INFO - Nancy Gomez
[2023-02-01T19:08:25.251+0000] {logging_mixin.py:137} INFO - Julie Blanchard
[2023-02-01T19:08:25.254+0000] {logging_mixin.py:137} INFO - Michael Smith
[2023-02-01T19:08:25.257+0000] {logging_mixin.py:137} INFO - Angel Huber
[2023-02-01T19:08:25.258+0000] {logging_mixin.py:137} INFO - Michael Coffey
[2023-02-01T19:08:25.259+0000] {logging_mixin.py:137} INFO - Patrick Walter
[2023-02-01T19:08:25.261+0000] {logging_mixin.py:137} INFO - Curtis Davis
[2023-02-01T19:08:25.263+0000] {logging_mixin.py:137} INFO - Kyle Stewart
[2023-02-01T19:08:25.264+0000] {logging_mixin.py:137} INFO - Angela Jimenez
[2023-02-01T19:08:25.268+0000] {logging_mixin.py:137} INFO - Andrew Martinez
[2023-02-01T19:08:25.270+0000] {logging_mixin.py:137} INFO - Angela West
[2023-02-01T19:08:25.274+0000] {logging_mixin.py:137} INFO - Ryan Young
[2023-02-01T19:08:25.275+0000] {logging_mixin.py:137} INFO - Nathaniel Evans
[2023-02-01T19:08:25.277+0000] {logging_mixin.py:137} INFO - Dawn Bryant
[2023-02-01T19:08:25.278+0000] {logging_mixin.py:137} INFO - Danielle Lewis
[2023-02-01T19:08:25.280+0000] {logging_mixin.py:137} INFO - Matthew Newman
[2023-02-01T19:08:25.281+0000] {logging_mixin.py:137} INFO - Robert Smith
[2023-02-01T19:08:25.285+0000] {logging_mixin.py:137} INFO - Melissa Hicks
[2023-02-01T19:08:25.290+0000] {logging_mixin.py:137} INFO - Emily Lambert
[2023-02-01T19:08:25.298+0000] {logging_mixin.py:137} INFO - Krystal Wolfe
[2023-02-01T19:08:25.300+0000] {logging_mixin.py:137} INFO - Donna Murillo
[2023-02-01T19:08:25.301+0000] {logging_mixin.py:137} INFO - Carl Hudson
[2023-02-01T19:08:25.304+0000] {logging_mixin.py:137} INFO - Robert Wilson
[2023-02-01T19:08:25.306+0000] {logging_mixin.py:137} INFO - Patrick Mathis
[2023-02-01T19:08:25.307+0000] {logging_mixin.py:137} INFO - Michael Suarez
[2023-02-01T19:08:25.311+0000] {logging_mixin.py:137} INFO - David Johnson
[2023-02-01T19:08:25.316+0000] {logging_mixin.py:137} INFO - William Thompson
[2023-02-01T19:08:25.318+0000] {logging_mixin.py:137} INFO - Jessica Hansen DVM
[2023-02-01T19:08:25.320+0000] {logging_mixin.py:137} INFO - Katherine Friedman
[2023-02-01T19:08:25.322+0000] {logging_mixin.py:137} INFO - Jillian Johnson
[2023-02-01T19:08:25.323+0000] {logging_mixin.py:137} INFO - Robert Mckee
[2023-02-01T19:08:25.325+0000] {logging_mixin.py:137} INFO - Rachel Little
[2023-02-01T19:08:25.331+0000] {logging_mixin.py:137} INFO - Patricia Smith
[2023-02-01T19:08:25.333+0000] {logging_mixin.py:137} INFO - Heidi Martinez
[2023-02-01T19:08:25.334+0000] {logging_mixin.py:137} INFO - Caitlin Solomon
[2023-02-01T19:08:25.336+0000] {logging_mixin.py:137} INFO - Dr. Olivia Pugh
[2023-02-01T19:08:25.337+0000] {logging_mixin.py:137} INFO - John Steele DDS
[2023-02-01T19:08:25.339+0000] {logging_mixin.py:137} INFO - Jeremy Mathews
[2023-02-01T19:08:25.342+0000] {logging_mixin.py:137} INFO - Tiffany Hill
[2023-02-01T19:08:25.345+0000] {logging_mixin.py:137} INFO - Steven Edwards
[2023-02-01T19:08:25.347+0000] {logging_mixin.py:137} INFO - Charles Campbell
[2023-02-01T19:08:25.358+0000] {logging_mixin.py:137} INFO - Brett Hughes
[2023-02-01T19:08:25.360+0000] {logging_mixin.py:137} INFO - Christina Villegas
[2023-02-01T19:08:25.361+0000] {logging_mixin.py:137} INFO - Anthony Garcia
[2023-02-01T19:08:25.363+0000] {logging_mixin.py:137} INFO - Nathan Murphy
[2023-02-01T19:08:25.364+0000] {logging_mixin.py:137} INFO - Steven Dodson
[2023-02-01T19:08:25.365+0000] {logging_mixin.py:137} INFO - Brian Sullivan
[2023-02-01T19:08:25.367+0000] {logging_mixin.py:137} INFO - Renee White
[2023-02-01T19:08:25.368+0000] {logging_mixin.py:137} INFO - Laura Rowland
[2023-02-01T19:08:25.369+0000] {logging_mixin.py:137} INFO - John Moore
[2023-02-01T19:08:25.371+0000] {logging_mixin.py:137} INFO - Sophia Mckenzie
[2023-02-01T19:08:25.374+0000] {logging_mixin.py:137} INFO - David Roach
[2023-02-01T19:08:25.384+0000] {logging_mixin.py:137} INFO - Jennifer Patterson
[2023-02-01T19:08:25.390+0000] {logging_mixin.py:137} INFO - James Richards
[2023-02-01T19:08:25.395+0000] {logging_mixin.py:137} INFO - Mary Johnston
[2023-02-01T19:08:25.397+0000] {logging_mixin.py:137} INFO - Brandon Mcdaniel
[2023-02-01T19:08:25.400+0000] {logging_mixin.py:137} INFO - Meghan Stevenson
[2023-02-01T19:08:25.407+0000] {logging_mixin.py:137} INFO - Luis Hayes
[2023-02-01T19:08:25.409+0000] {logging_mixin.py:137} INFO - Alejandra Sloan
[2023-02-01T19:08:25.415+0000] {logging_mixin.py:137} INFO - Dr. Sandra Miller
[2023-02-01T19:08:25.423+0000] {logging_mixin.py:137} INFO - Dustin Bond
[2023-02-01T19:08:25.424+0000] {logging_mixin.py:137} INFO - Julia Patrick MD
[2023-02-01T19:08:25.426+0000] {logging_mixin.py:137} INFO - Jill Campbell
[2023-02-01T19:08:25.427+0000] {logging_mixin.py:137} INFO - Mark Ford
[2023-02-01T19:08:25.432+0000] {logging_mixin.py:137} INFO - Brian Long
[2023-02-01T19:08:25.435+0000] {logging_mixin.py:137} INFO - Lisa Peterson
[2023-02-01T19:08:25.439+0000] {logging_mixin.py:137} INFO - Matthew Lee
[2023-02-01T19:08:25.442+0000] {logging_mixin.py:137} INFO - Bradley Miller
[2023-02-01T19:08:25.445+0000] {logging_mixin.py:137} INFO - Jeffrey Moss
[2023-02-01T19:08:25.447+0000] {logging_mixin.py:137} INFO - Sara Carlson
[2023-02-01T19:08:25.455+0000] {logging_mixin.py:137} INFO - Daniel Rodriguez
[2023-02-01T19:08:25.457+0000] {logging_mixin.py:137} INFO - Jeremy David
[2023-02-01T19:08:25.462+0000] {logging_mixin.py:137} INFO - Eric Green
[2023-02-01T19:08:25.465+0000] {logging_mixin.py:137} INFO - Alexis Jones
[2023-02-01T19:08:25.470+0000] {logging_mixin.py:137} INFO - Matthew Rose
[2023-02-01T19:08:25.473+0000] {logging_mixin.py:137} INFO - Catherine Anderson
[2023-02-01T19:08:25.474+0000] {logging_mixin.py:137} INFO - Holly Burton
[2023-02-01T19:08:25.476+0000] {logging_mixin.py:137} INFO - David Matthews
[2023-02-01T19:08:25.507+0000] {logging_mixin.py:137} INFO - Mrs. Kara Little
[2023-02-01T19:08:25.509+0000] {logging_mixin.py:137} INFO - Jeffrey Stanley
[2023-02-01T19:08:25.511+0000] {logging_mixin.py:137} INFO - James Ochoa
[2023-02-01T19:08:25.513+0000] {logging_mixin.py:137} INFO - Jason Frye
[2023-02-01T19:08:25.514+0000] {logging_mixin.py:137} INFO - Christopher Ellis
[2023-02-01T19:08:25.516+0000] {logging_mixin.py:137} INFO - Michelle Nixon
[2023-02-01T19:08:25.518+0000] {logging_mixin.py:137} INFO - Andrew Gill
[2023-02-01T19:08:25.520+0000] {logging_mixin.py:137} INFO - Jennifer Wilson
[2023-02-01T19:08:25.522+0000] {logging_mixin.py:137} INFO - Shawn Black
[2023-02-01T19:08:25.525+0000] {logging_mixin.py:137} INFO - April Patterson
[2023-02-01T19:08:25.527+0000] {logging_mixin.py:137} INFO - Troy Vaughn
[2023-02-01T19:08:25.530+0000] {logging_mixin.py:137} INFO - Alexandria White
[2023-02-01T19:08:25.533+0000] {logging_mixin.py:137} INFO - Scott Phillips
[2023-02-01T19:08:25.536+0000] {logging_mixin.py:137} INFO - Zachary Cisneros
[2023-02-01T19:08:25.539+0000] {logging_mixin.py:137} INFO - Deborah Brown
[2023-02-01T19:08:25.542+0000] {logging_mixin.py:137} INFO - Monica Moses
[2023-02-01T19:08:25.548+0000] {logging_mixin.py:137} INFO - Brenda Reyes
[2023-02-01T19:08:25.551+0000] {logging_mixin.py:137} INFO - Miss Renee Allen
[2023-02-01T19:08:25.555+0000] {logging_mixin.py:137} INFO - Susan Clark
[2023-02-01T19:08:25.559+0000] {logging_mixin.py:137} INFO - Brandy Coffey
[2023-02-01T19:08:25.561+0000] {logging_mixin.py:137} INFO - Brett Nelson
[2023-02-01T19:08:25.562+0000] {logging_mixin.py:137} INFO - Ricardo Young
[2023-02-01T19:08:25.568+0000] {logging_mixin.py:137} INFO - Paul Lee
[2023-02-01T19:08:25.570+0000] {logging_mixin.py:137} INFO - David Allen
[2023-02-01T19:08:25.571+0000] {logging_mixin.py:137} INFO - Andrea Knight
[2023-02-01T19:08:25.573+0000] {logging_mixin.py:137} INFO - James Gomez
[2023-02-01T19:08:25.574+0000] {logging_mixin.py:137} INFO - Melody Gibson
[2023-02-01T19:08:25.576+0000] {logging_mixin.py:137} INFO - Christina Martinez
[2023-02-01T19:08:25.578+0000] {logging_mixin.py:137} INFO - Shelby Smith
[2023-02-01T19:08:25.580+0000] {logging_mixin.py:137} INFO - Jason Howard
[2023-02-01T19:08:25.582+0000] {logging_mixin.py:137} INFO - Amy Davidson
[2023-02-01T19:08:25.585+0000] {logging_mixin.py:137} INFO - Kyle Copeland
[2023-02-01T19:08:25.589+0000] {logging_mixin.py:137} INFO - Madeline Davis
[2023-02-01T19:08:25.598+0000] {logging_mixin.py:137} INFO - Aaron Young
[2023-02-01T19:08:25.601+0000] {logging_mixin.py:137} INFO - Lisa Barrett
[2023-02-01T19:08:25.604+0000] {logging_mixin.py:137} INFO - Joel Jones
[2023-02-01T19:08:25.608+0000] {logging_mixin.py:137} INFO - Christine Evans
[2023-02-01T19:08:25.622+0000] {logging_mixin.py:137} INFO - Kimberly Johnson
[2023-02-01T19:08:25.632+0000] {logging_mixin.py:137} INFO - Charles Hess
[2023-02-01T19:08:25.652+0000] {logging_mixin.py:137} INFO - Paul Dixon
[2023-02-01T19:08:25.664+0000] {logging_mixin.py:137} INFO - Christopher Johnson
[2023-02-01T19:08:25.666+0000] {logging_mixin.py:137} INFO - Robert Dawson
[2023-02-01T19:08:25.675+0000] {logging_mixin.py:137} INFO - Ryan Dixon
[2023-02-01T19:08:25.676+0000] {logging_mixin.py:137} INFO - Julie Martinez
[2023-02-01T19:08:25.683+0000] {logging_mixin.py:137} INFO - David Adams
[2023-02-01T19:08:25.684+0000] {logging_mixin.py:137} INFO - Mariah Brown
[2023-02-01T19:08:25.685+0000] {logging_mixin.py:137} INFO - Deborah Malone
[2023-02-01T19:08:25.687+0000] {logging_mixin.py:137} INFO - John Brown
[2023-02-01T19:08:25.688+0000] {logging_mixin.py:137} INFO - Maria Stewart
[2023-02-01T19:08:25.699+0000] {logging_mixin.py:137} INFO - Mr. Bryan Hawkins
[2023-02-01T19:08:25.703+0000] {logging_mixin.py:137} INFO - Kyle Brooks
[2023-02-01T19:08:25.710+0000] {logging_mixin.py:137} INFO - Kenneth White
[2023-02-01T19:08:25.723+0000] {logging_mixin.py:137} INFO - Patricia Wilson
[2023-02-01T19:08:25.737+0000] {logging_mixin.py:137} INFO - Paul Soto
[2023-02-01T19:08:25.759+0000] {logging_mixin.py:137} INFO - Janice Garrett
[2023-02-01T19:08:25.762+0000] {logging_mixin.py:137} INFO - Randy Strickland
[2023-02-01T19:08:25.767+0000] {logging_mixin.py:137} INFO - Felicia Herrera
[2023-02-01T19:08:25.768+0000] {logging_mixin.py:137} INFO - Andre Campos
[2023-02-01T19:08:25.776+0000] {logging_mixin.py:137} INFO - Justin Meyer
[2023-02-01T19:08:25.783+0000] {logging_mixin.py:137} INFO - Brandon Brooks
[2023-02-01T19:08:25.800+0000] {logging_mixin.py:137} INFO - Abigail Rivera
[2023-02-01T19:08:25.807+0000] {logging_mixin.py:137} INFO - Jessica Mann
[2023-02-01T19:08:25.811+0000] {logging_mixin.py:137} INFO - Michael Sawyer
[2023-02-01T19:08:25.819+0000] {logging_mixin.py:137} INFO - Jeffrey Coleman
[2023-02-01T19:08:25.836+0000] {logging_mixin.py:137} INFO - Micheal Castro
[2023-02-01T19:08:25.842+0000] {logging_mixin.py:137} INFO - Laura Gonzalez
[2023-02-01T19:08:25.852+0000] {logging_mixin.py:137} INFO - Christopher Jackson
[2023-02-01T19:08:25.856+0000] {logging_mixin.py:137} INFO - William Mckenzie
[2023-02-01T19:08:25.859+0000] {logging_mixin.py:137} INFO - Kristina Rodriguez
[2023-02-01T19:08:25.868+0000] {logging_mixin.py:137} INFO - Kelli Williams
[2023-02-01T19:08:25.891+0000] {logging_mixin.py:137} INFO - Diane Norris
[2023-02-01T19:08:25.895+0000] {logging_mixin.py:137} INFO - Kevin Carroll
[2023-02-01T19:08:25.902+0000] {logging_mixin.py:137} INFO - Betty Weber
[2023-02-01T19:08:25.905+0000] {logging_mixin.py:137} INFO - Jeffery Robinson
[2023-02-01T19:08:25.908+0000] {logging_mixin.py:137} INFO - Hannah Cowan
[2023-02-01T19:08:25.913+0000] {logging_mixin.py:137} INFO - Brian Kramer
[2023-02-01T19:08:25.930+0000] {logging_mixin.py:137} INFO - Anthony Roberts
[2023-02-01T19:08:25.949+0000] {logging_mixin.py:137} INFO - Ricardo Blankenship
[2023-02-01T19:08:25.951+0000] {logging_mixin.py:137} INFO - Brooke Collins
[2023-02-01T19:08:25.961+0000] {logging_mixin.py:137} INFO - Tammy Lawson
[2023-02-01T19:08:25.969+0000] {logging_mixin.py:137} INFO - Cody Miller
[2023-02-01T19:08:25.992+0000] {logging_mixin.py:137} INFO - Dr. Janice Salazar
[2023-02-01T19:08:26.003+0000] {logging_mixin.py:137} INFO - David West
[2023-02-01T19:08:26.006+0000] {logging_mixin.py:137} INFO - Robin Carpenter
[2023-02-01T19:08:26.017+0000] {logging_mixin.py:137} INFO - Monique Wall
[2023-02-01T19:08:26.028+0000] {logging_mixin.py:137} INFO - Charles Cardenas
[2023-02-01T19:08:26.040+0000] {logging_mixin.py:137} INFO - Valerie Mitchell
[2023-02-01T19:08:26.053+0000] {logging_mixin.py:137} INFO - Michelle Valenzuela
[2023-02-01T19:08:26.065+0000] {logging_mixin.py:137} INFO - William Poole
[2023-02-01T19:08:26.077+0000] {logging_mixin.py:137} INFO - James Hall
[2023-02-01T19:08:26.086+0000] {logging_mixin.py:137} INFO - Dylan Carpenter
[2023-02-01T19:08:26.092+0000] {logging_mixin.py:137} INFO - Linda Medina
[2023-02-01T19:08:26.098+0000] {logging_mixin.py:137} INFO - Joan White
[2023-02-01T19:08:26.103+0000] {logging_mixin.py:137} INFO - Mary Klein
[2023-02-01T19:08:26.106+0000] {logging_mixin.py:137} INFO - Ashley Wolf
[2023-02-01T19:08:26.108+0000] {logging_mixin.py:137} INFO - William Reed
[2023-02-01T19:08:26.111+0000] {logging_mixin.py:137} INFO - Derek Harvey
[2023-02-01T19:08:26.112+0000] {logging_mixin.py:137} INFO - Kathleen Rodriguez
[2023-02-01T19:08:26.115+0000] {logging_mixin.py:137} INFO - Andrew Rodriguez
[2023-02-01T19:08:26.117+0000] {logging_mixin.py:137} INFO - Ariel Frank
[2023-02-01T19:08:26.121+0000] {logging_mixin.py:137} INFO - Tina French
[2023-02-01T19:08:26.125+0000] {logging_mixin.py:137} INFO - Brent Waller
[2023-02-01T19:08:26.130+0000] {logging_mixin.py:137} INFO - Kevin Allen
[2023-02-01T19:08:26.135+0000] {logging_mixin.py:137} INFO - Xavier Walker
[2023-02-01T19:08:26.137+0000] {logging_mixin.py:137} INFO - Michelle Sanchez
[2023-02-01T19:08:26.139+0000] {logging_mixin.py:137} INFO - Rachael Shepard
[2023-02-01T19:08:26.141+0000] {logging_mixin.py:137} INFO - Kelsey Johnson
[2023-02-01T19:08:26.143+0000] {logging_mixin.py:137} INFO - Nicole Webb
[2023-02-01T19:08:26.153+0000] {logging_mixin.py:137} INFO - Nicholas Rodriguez
[2023-02-01T19:08:26.159+0000] {logging_mixin.py:137} INFO - Eric Vaughan
[2023-02-01T19:08:26.171+0000] {logging_mixin.py:137} INFO - Amanda Richardson
[2023-02-01T19:08:26.185+0000] {logging_mixin.py:137} INFO - Janice Carlson
[2023-02-01T19:08:26.190+0000] {logging_mixin.py:137} INFO - Darryl Walsh
[2023-02-01T19:08:26.209+0000] {logging_mixin.py:137} INFO - Heather Johnson
[2023-02-01T19:08:26.225+0000] {logging_mixin.py:137} INFO - Mark Chambers
[2023-02-01T19:08:26.231+0000] {logging_mixin.py:137} INFO - Tracy Burns
[2023-02-01T19:08:26.246+0000] {logging_mixin.py:137} INFO - John Cole
[2023-02-01T19:08:26.258+0000] {logging_mixin.py:137} INFO - Deborah Silva
[2023-02-01T19:08:26.263+0000] {logging_mixin.py:137} INFO - Shawn Hernandez
[2023-02-01T19:08:26.295+0000] {logging_mixin.py:137} INFO - Bethany Meyer
[2023-02-01T19:08:26.317+0000] {logging_mixin.py:137} INFO - Helen Smith
[2023-02-01T19:08:26.318+0000] {logging_mixin.py:137} INFO - Dana Dennis
[2023-02-01T19:08:26.320+0000] {logging_mixin.py:137} INFO - Kelsey Camacho
[2023-02-01T19:08:26.322+0000] {logging_mixin.py:137} INFO - Matthew Thomas
[2023-02-01T19:08:26.323+0000] {logging_mixin.py:137} INFO - Brittany Arellano
[2023-02-01T19:08:26.326+0000] {logging_mixin.py:137} INFO - Stacey Jones
[2023-02-01T19:08:26.362+0000] {logging_mixin.py:137} INFO - William Weeks
[2023-02-01T19:08:26.367+0000] {logging_mixin.py:137} INFO - Mark Beasley
[2023-02-01T19:08:26.402+0000] {logging_mixin.py:137} INFO - Bruce Pena
[2023-02-01T19:08:26.406+0000] {logging_mixin.py:137} INFO - Jeffery Smith
[2023-02-01T19:08:26.421+0000] {logging_mixin.py:137} INFO - Ann Deleon
[2023-02-01T19:08:26.423+0000] {logging_mixin.py:137} INFO - Kevin Robertson
[2023-02-01T19:08:26.424+0000] {logging_mixin.py:137} INFO - Vincent Willis MD
[2023-02-01T19:08:26.426+0000] {logging_mixin.py:137} INFO - Michael Nielsen
[2023-02-01T19:08:26.427+0000] {logging_mixin.py:137} INFO - Walter Koch
[2023-02-01T19:08:26.434+0000] {logging_mixin.py:137} INFO - Brian Vega
[2023-02-01T19:08:26.436+0000] {logging_mixin.py:137} INFO - Jeffrey Medina
[2023-02-01T19:08:26.439+0000] {logging_mixin.py:137} INFO - Erika Banks
[2023-02-01T19:08:26.441+0000] {logging_mixin.py:137} INFO - Stacey Griffin
[2023-02-01T19:08:26.442+0000] {logging_mixin.py:137} INFO - Michael Marsh
[2023-02-01T19:08:26.445+0000] {logging_mixin.py:137} INFO - Molly White
[2023-02-01T19:08:26.446+0000] {logging_mixin.py:137} INFO - Matthew Morrison
[2023-02-01T19:08:26.453+0000] {logging_mixin.py:137} INFO - Amanda Burns
[2023-02-01T19:08:26.455+0000] {logging_mixin.py:137} INFO - Emily Gonzalez DDS
[2023-02-01T19:08:26.456+0000] {logging_mixin.py:137} INFO - Gregory King
[2023-02-01T19:08:26.458+0000] {logging_mixin.py:137} INFO - Dennis Evans
[2023-02-01T19:08:26.459+0000] {logging_mixin.py:137} INFO - Christina Snyder
[2023-02-01T19:08:26.462+0000] {logging_mixin.py:137} INFO - Carolyn Mata
[2023-02-01T19:08:26.466+0000] {logging_mixin.py:137} INFO - Brandy Lawson
[2023-02-01T19:08:26.469+0000] {logging_mixin.py:137} INFO - Briana Christian
[2023-02-01T19:08:26.476+0000] {logging_mixin.py:137} INFO - Jeffrey Hernandez
[2023-02-01T19:08:26.482+0000] {logging_mixin.py:137} INFO - John Riggs
[2023-02-01T19:08:26.487+0000] {logging_mixin.py:137} INFO - Barbara Short
[2023-02-01T19:08:26.489+0000] {logging_mixin.py:137} INFO - Steven Brooks
[2023-02-01T19:08:26.495+0000] {logging_mixin.py:137} INFO - Gabrielle James
[2023-02-01T19:08:26.505+0000] {logging_mixin.py:137} INFO - Robert Young
[2023-02-01T19:08:26.508+0000] {logging_mixin.py:137} INFO - Derek Sanders
[2023-02-01T19:08:26.511+0000] {logging_mixin.py:137} INFO - Mallory Oliver
[2023-02-01T19:08:26.512+0000] {logging_mixin.py:137} INFO - Terry Howe
[2023-02-01T19:08:26.514+0000] {logging_mixin.py:137} INFO - Samuel Wallace
[2023-02-01T19:08:26.517+0000] {logging_mixin.py:137} INFO - Angel Jones
[2023-02-01T19:08:26.519+0000] {logging_mixin.py:137} INFO - Jacqueline Nichols
[2023-02-01T19:08:26.521+0000] {logging_mixin.py:137} INFO - Melissa Mcgee
[2023-02-01T19:08:26.523+0000] {logging_mixin.py:137} INFO - Michelle Smith
[2023-02-01T19:08:26.524+0000] {logging_mixin.py:137} INFO - Maureen Baxter
[2023-02-01T19:08:26.533+0000] {logging_mixin.py:137} INFO - Kathy Crawford
[2023-02-01T19:08:26.535+0000] {logging_mixin.py:137} INFO - Stacy Wood
[2023-02-01T19:08:26.541+0000] {logging_mixin.py:137} INFO - Justin Parsons
[2023-02-01T19:08:26.544+0000] {logging_mixin.py:137} INFO - Ann Klein
[2023-02-01T19:08:26.545+0000] {logging_mixin.py:137} INFO - Allison Arnold
[2023-02-01T19:08:26.548+0000] {logging_mixin.py:137} INFO - Heather Kirk
[2023-02-01T19:08:26.551+0000] {logging_mixin.py:137} INFO - Monica Smith
[2023-02-01T19:08:26.554+0000] {logging_mixin.py:137} INFO - Brett Oconnor
[2023-02-01T19:08:26.557+0000] {logging_mixin.py:137} INFO - Anthony Bryant
[2023-02-01T19:08:26.563+0000] {logging_mixin.py:137} INFO - Jeremy Russell
[2023-02-01T19:08:26.568+0000] {logging_mixin.py:137} INFO - Julie Poole
[2023-02-01T19:08:26.569+0000] {logging_mixin.py:137} INFO - Emma Thompson
[2023-02-01T19:08:26.571+0000] {logging_mixin.py:137} INFO - Bradley Matthews
[2023-02-01T19:08:26.572+0000] {logging_mixin.py:137} INFO - William Roberts
[2023-02-01T19:08:26.574+0000] {logging_mixin.py:137} INFO - Julie Mooney
[2023-02-01T19:08:26.576+0000] {logging_mixin.py:137} INFO - Amy Doyle
[2023-02-01T19:08:26.580+0000] {logging_mixin.py:137} INFO - Amanda Grant
[2023-02-01T19:08:26.582+0000] {logging_mixin.py:137} INFO - Eric Anderson
[2023-02-01T19:08:26.584+0000] {logging_mixin.py:137} INFO - George Thompson
[2023-02-01T19:08:26.589+0000] {logging_mixin.py:137} INFO - Dustin Hines
[2023-02-01T19:08:26.597+0000] {logging_mixin.py:137} INFO - Andrea Frank
[2023-02-01T19:08:26.603+0000] {logging_mixin.py:137} INFO - Jodi Cook
[2023-02-01T19:08:26.605+0000] {logging_mixin.py:137} INFO - Stacy Haney
[2023-02-01T19:08:26.616+0000] {logging_mixin.py:137} INFO - Paul Callahan
[2023-02-01T19:08:26.618+0000] {logging_mixin.py:137} INFO - Jasmine Chambers
[2023-02-01T19:08:26.622+0000] {logging_mixin.py:137} INFO - Melissa Pittman MD
[2023-02-01T19:08:26.624+0000] {logging_mixin.py:137} INFO - Deborah Larson
[2023-02-01T19:08:26.628+0000] {logging_mixin.py:137} INFO - Brandon Shaw
[2023-02-01T19:08:26.633+0000] {logging_mixin.py:137} INFO - Timothy Paul
[2023-02-01T19:08:26.635+0000] {logging_mixin.py:137} INFO - Michael Trujillo
[2023-02-01T19:08:26.638+0000] {logging_mixin.py:137} INFO - Robert Rivera
[2023-02-01T19:08:26.658+0000] {logging_mixin.py:137} INFO - Dana Nelson
[2023-02-01T19:08:26.665+0000] {logging_mixin.py:137} INFO - Andrea Bennett
[2023-02-01T19:08:26.677+0000] {logging_mixin.py:137} INFO - Jodi Fox
[2023-02-01T19:08:26.685+0000] {logging_mixin.py:137} INFO - Heather Hayes
[2023-02-01T19:08:26.689+0000] {logging_mixin.py:137} INFO - Jennifer Moreno
[2023-02-01T19:08:26.695+0000] {logging_mixin.py:137} INFO - John Patel
[2023-02-01T19:08:26.709+0000] {logging_mixin.py:137} INFO - Teresa Oliver
[2023-02-01T19:08:26.711+0000] {logging_mixin.py:137} INFO - Monique Bell
[2023-02-01T19:08:26.717+0000] {logging_mixin.py:137} INFO - Casey Leonard
[2023-02-01T19:08:26.723+0000] {logging_mixin.py:137} INFO - Steven Clark
[2023-02-01T19:08:26.728+0000] {logging_mixin.py:137} INFO - Edward Martin
[2023-02-01T19:08:26.743+0000] {logging_mixin.py:137} INFO - Shawn Orozco
[2023-02-01T19:08:26.745+0000] {logging_mixin.py:137} INFO - Brandon Yang
[2023-02-01T19:08:26.751+0000] {logging_mixin.py:137} INFO - Nathan Ray
[2023-02-01T19:08:26.752+0000] {logging_mixin.py:137} INFO - Lori Moore
[2023-02-01T19:08:26.753+0000] {logging_mixin.py:137} INFO - Dr. Lisa Shaw DVM
[2023-02-01T19:08:26.755+0000] {logging_mixin.py:137} INFO - Angela Walters
[2023-02-01T19:08:26.756+0000] {logging_mixin.py:137} INFO - David Nolan
[2023-02-01T19:08:26.757+0000] {logging_mixin.py:137} INFO - William Ramsey
[2023-02-01T19:08:26.760+0000] {logging_mixin.py:137} INFO - David Oconnor
[2023-02-01T19:08:26.761+0000] {logging_mixin.py:137} INFO - Mark Washington
[2023-02-01T19:08:26.764+0000] {logging_mixin.py:137} INFO - Jennifer Jacobs
[2023-02-01T19:08:26.767+0000] {logging_mixin.py:137} INFO - Tammy Hampton
[2023-02-01T19:08:26.774+0000] {logging_mixin.py:137} INFO - Stephen Farmer
[2023-02-01T19:08:26.775+0000] {logging_mixin.py:137} INFO - Jasmine Nguyen
[2023-02-01T19:08:26.777+0000] {logging_mixin.py:137} INFO - Rebecca Flores
[2023-02-01T19:08:26.780+0000] {logging_mixin.py:137} INFO - Tyler Davis
[2023-02-01T19:08:26.786+0000] {logging_mixin.py:137} INFO - Nancy Gray
[2023-02-01T19:08:26.788+0000] {logging_mixin.py:137} INFO - Brian Sanchez
[2023-02-01T19:08:26.789+0000] {logging_mixin.py:137} INFO - Laurie Shaw
[2023-02-01T19:08:26.790+0000] {logging_mixin.py:137} INFO - Kristina Torres
[2023-02-01T19:08:26.793+0000] {logging_mixin.py:137} INFO - Andrea Rodgers
[2023-02-01T19:08:26.795+0000] {logging_mixin.py:137} INFO - Jason Walters
[2023-02-01T19:08:26.799+0000] {logging_mixin.py:137} INFO - Jerry Moss
[2023-02-01T19:08:26.808+0000] {logging_mixin.py:137} INFO - Jeffrey Jordan
[2023-02-01T19:08:26.812+0000] {logging_mixin.py:137} INFO - Jennifer Wilson
[2023-02-01T19:08:26.814+0000] {logging_mixin.py:137} INFO - Trevor Mathews
[2023-02-01T19:08:26.817+0000] {logging_mixin.py:137} INFO - Anne Hood
[2023-02-01T19:08:26.823+0000] {logging_mixin.py:137} INFO - Sarah Williams
[2023-02-01T19:08:26.824+0000] {logging_mixin.py:137} INFO - Shelby Hernandez
[2023-02-01T19:08:26.825+0000] {logging_mixin.py:137} INFO - Samantha Velez
[2023-02-01T19:08:26.827+0000] {logging_mixin.py:137} INFO - Matthew Douglas
[2023-02-01T19:08:26.832+0000] {logging_mixin.py:137} INFO - Ashlee George
[2023-02-01T19:08:26.834+0000] {logging_mixin.py:137} INFO - Troy Crane
[2023-02-01T19:08:26.849+0000] {logging_mixin.py:137} INFO - Michael Cooper
[2023-02-01T19:08:26.853+0000] {logging_mixin.py:137} INFO - Michael White
[2023-02-01T19:08:26.855+0000] {logging_mixin.py:137} INFO - Mr. Timothy Fleming
[2023-02-01T19:08:26.858+0000] {logging_mixin.py:137} INFO - Seth Bruce
[2023-02-01T19:08:26.860+0000] {logging_mixin.py:137} INFO - Jacqueline Carpenter
[2023-02-01T19:08:26.863+0000] {logging_mixin.py:137} INFO - Michael Martin
[2023-02-01T19:08:26.865+0000] {logging_mixin.py:137} INFO - Kristopher Henry
[2023-02-01T19:08:26.870+0000] {logging_mixin.py:137} INFO - Tiffany Porter
[2023-02-01T19:08:26.872+0000] {logging_mixin.py:137} INFO - Stacy Simpson
[2023-02-01T19:08:26.874+0000] {logging_mixin.py:137} INFO - Tammy Mcdowell
[2023-02-01T19:08:26.876+0000] {logging_mixin.py:137} INFO - Thomas Walters
[2023-02-01T19:08:26.878+0000] {logging_mixin.py:137} INFO - Dwayne Thompson
[2023-02-01T19:08:26.880+0000] {logging_mixin.py:137} INFO - Natalie Willis
[2023-02-01T19:08:26.882+0000] {logging_mixin.py:137} INFO - Sharon Taylor
[2023-02-01T19:08:26.886+0000] {logging_mixin.py:137} INFO - Sarah Wiggins
[2023-02-01T19:08:26.892+0000] {logging_mixin.py:137} INFO - Amber Thomas
[2023-02-01T19:08:26.894+0000] {logging_mixin.py:137} INFO - Patrick Miller
[2023-02-01T19:08:26.898+0000] {logging_mixin.py:137} INFO - Stephanie Hartman
[2023-02-01T19:08:26.904+0000] {logging_mixin.py:137} INFO - Stacey Mora
[2023-02-01T19:08:26.909+0000] {logging_mixin.py:137} INFO - Katherine Rodriguez
[2023-02-01T19:08:26.911+0000] {logging_mixin.py:137} INFO - Daniel Morgan
[2023-02-01T19:08:26.916+0000] {logging_mixin.py:137} INFO - Rebecca Martinez
[2023-02-01T19:08:26.918+0000] {logging_mixin.py:137} INFO - Nicole Juarez
[2023-02-01T19:08:26.927+0000] {logging_mixin.py:137} INFO - Mark Arroyo
[2023-02-01T19:08:26.934+0000] {logging_mixin.py:137} INFO - April Lucero
[2023-02-01T19:08:26.936+0000] {logging_mixin.py:137} INFO - Samantha Garcia
[2023-02-01T19:08:26.944+0000] {logging_mixin.py:137} INFO - Jon Moore
[2023-02-01T19:08:26.948+0000] {logging_mixin.py:137} INFO - Joshua Flores MD
[2023-02-01T19:08:26.951+0000] {logging_mixin.py:137} INFO - Raymond Jones
[2023-02-01T19:08:26.954+0000] {logging_mixin.py:137} INFO - Billy Hughes
[2023-02-01T19:08:26.966+0000] {logging_mixin.py:137} INFO - Peggy Valdez PhD
[2023-02-01T19:08:26.968+0000] {logging_mixin.py:137} INFO - Joshua Reyes
[2023-02-01T19:08:26.970+0000] {logging_mixin.py:137} INFO - Aaron Green
[2023-02-01T19:08:26.974+0000] {logging_mixin.py:137} INFO - Wendy Espinoza
[2023-02-01T19:08:26.981+0000] {logging_mixin.py:137} INFO - Peter Vasquez
[2023-02-01T19:08:26.983+0000] {logging_mixin.py:137} INFO - Diane Harper
[2023-02-01T19:08:26.988+0000] {logging_mixin.py:137} INFO - Ms. Rebecca Cantu
[2023-02-01T19:08:26.990+0000] {logging_mixin.py:137} INFO - Yolanda Morrow
[2023-02-01T19:08:26.999+0000] {logging_mixin.py:137} INFO - Penny Beard
[2023-02-01T19:08:27.003+0000] {logging_mixin.py:137} INFO - Lisa Long
[2023-02-01T19:08:27.007+0000] {logging_mixin.py:137} INFO - Jerry Harris
[2023-02-01T19:08:27.010+0000] {logging_mixin.py:137} INFO - Bob Willis
[2023-02-01T19:08:27.021+0000] {logging_mixin.py:137} INFO - Duane Chapman
[2023-02-01T19:08:27.029+0000] {logging_mixin.py:137} INFO - William Morgan
[2023-02-01T19:08:27.036+0000] {logging_mixin.py:137} INFO - Amy Gutierrez
[2023-02-01T19:08:27.043+0000] {logging_mixin.py:137} INFO - Amber Nichols
[2023-02-01T19:08:27.050+0000] {logging_mixin.py:137} INFO - Matthew Carr
[2023-02-01T19:08:27.065+0000] {logging_mixin.py:137} INFO - Thomas Duncan
[2023-02-01T19:08:27.071+0000] {logging_mixin.py:137} INFO - Elizabeth Wright
[2023-02-01T19:08:27.074+0000] {logging_mixin.py:137} INFO - Jacqueline Brewer
[2023-02-01T19:08:27.076+0000] {logging_mixin.py:137} INFO - Stephanie Johnson
[2023-02-01T19:08:27.081+0000] {logging_mixin.py:137} INFO - Samantha Calderon
[2023-02-01T19:08:27.083+0000] {logging_mixin.py:137} INFO - Kathryn Gaines
[2023-02-01T19:08:27.085+0000] {logging_mixin.py:137} INFO - Angel Jones
[2023-02-01T19:08:27.086+0000] {logging_mixin.py:137} INFO - Laura Wall
[2023-02-01T19:08:27.090+0000] {logging_mixin.py:137} INFO - Mr. Anthony Hamilton
[2023-02-01T19:08:27.096+0000] {logging_mixin.py:137} INFO - David Smith
[2023-02-01T19:08:27.098+0000] {logging_mixin.py:137} INFO - Kimberly Herrera DDS
[2023-02-01T19:08:27.102+0000] {logging_mixin.py:137} INFO - Gina Wilson
[2023-02-01T19:08:27.106+0000] {logging_mixin.py:137} INFO - Timothy Byrd
[2023-02-01T19:08:27.110+0000] {logging_mixin.py:137} INFO - Michael Mckenzie
[2023-02-01T19:08:27.114+0000] {logging_mixin.py:137} INFO - Jeffrey Mcintyre
[2023-02-01T19:08:27.117+0000] {logging_mixin.py:137} INFO - Teresa Jackson
[2023-02-01T19:08:27.123+0000] {logging_mixin.py:137} INFO - Joseph Wilcox
[2023-02-01T19:08:27.126+0000] {logging_mixin.py:137} INFO - Patrick Mcknight
[2023-02-01T19:08:27.127+0000] {logging_mixin.py:137} INFO - Ronald Moreno
[2023-02-01T19:08:27.132+0000] {logging_mixin.py:137} INFO - Jamie Sullivan
[2023-02-01T19:08:27.138+0000] {logging_mixin.py:137} INFO - Jason Anderson
[2023-02-01T19:08:27.142+0000] {logging_mixin.py:137} INFO - Steven Stewart
[2023-02-01T19:08:27.148+0000] {logging_mixin.py:137} INFO - Melinda Paul
[2023-02-01T19:08:27.165+0000] {logging_mixin.py:137} INFO - Cynthia Simmons
[2023-02-01T19:08:27.170+0000] {logging_mixin.py:137} INFO - Christian Smith
[2023-02-01T19:08:27.172+0000] {logging_mixin.py:137} INFO - William Jimenez
[2023-02-01T19:08:27.175+0000] {logging_mixin.py:137} INFO - Hayley French
[2023-02-01T19:08:27.176+0000] {logging_mixin.py:137} INFO - Brandon Hess
[2023-02-01T19:08:27.178+0000] {logging_mixin.py:137} INFO - Laura Perry
[2023-02-01T19:08:27.179+0000] {logging_mixin.py:137} INFO - Scott Jones
[2023-02-01T19:08:27.181+0000] {logging_mixin.py:137} INFO - Christine Hernandez
[2023-02-01T19:08:27.182+0000] {logging_mixin.py:137} INFO - Douglas Eaton
[2023-02-01T19:08:27.183+0000] {logging_mixin.py:137} INFO - William Soto
[2023-02-01T19:08:27.185+0000] {logging_mixin.py:137} INFO - Mary Jones
[2023-02-01T19:08:27.186+0000] {logging_mixin.py:137} INFO - Stephanie Holmes
[2023-02-01T19:08:27.189+0000] {logging_mixin.py:137} INFO - Keith Meyers
[2023-02-01T19:08:27.190+0000] {logging_mixin.py:137} INFO - Paul Fisher
[2023-02-01T19:08:27.192+0000] {logging_mixin.py:137} INFO - Emily Alexander
[2023-02-01T19:08:27.196+0000] {logging_mixin.py:137} INFO - Anthony Schwartz
[2023-02-01T19:08:27.207+0000] {logging_mixin.py:137} INFO - Evelyn Jacobs
[2023-02-01T19:08:27.212+0000] {logging_mixin.py:137} INFO - Connie Jones
[2023-02-01T19:08:27.214+0000] {logging_mixin.py:137} INFO - Carla Gibbs
[2023-02-01T19:08:27.220+0000] {logging_mixin.py:137} INFO - Ashley Santiago
[2023-02-01T19:08:27.226+0000] {logging_mixin.py:137} INFO - Micheal Mckee
[2023-02-01T19:08:27.227+0000] {logging_mixin.py:137} INFO - Diane Williams
[2023-02-01T19:08:27.229+0000] {logging_mixin.py:137} INFO - Jesse Velasquez
[2023-02-01T19:08:27.231+0000] {logging_mixin.py:137} INFO - Jennifer Rodriguez
[2023-02-01T19:08:27.232+0000] {logging_mixin.py:137} INFO - Joe Griffin
[2023-02-01T19:08:27.235+0000] {logging_mixin.py:137} INFO - Gary Cherry
[2023-02-01T19:08:27.239+0000] {logging_mixin.py:137} INFO - Alyssa Edwards
[2023-02-01T19:08:27.243+0000] {logging_mixin.py:137} INFO - Caroline Hernandez MD
[2023-02-01T19:08:27.251+0000] {logging_mixin.py:137} INFO - Jessica Morton
[2023-02-01T19:08:27.254+0000] {logging_mixin.py:137} INFO - Holly Jones
[2023-02-01T19:08:27.260+0000] {logging_mixin.py:137} INFO - David Shelton
[2023-02-01T19:08:27.263+0000] {logging_mixin.py:137} INFO - Kristina Parks
[2023-02-01T19:08:27.265+0000] {logging_mixin.py:137} INFO - Laurie Hernandez
[2023-02-01T19:08:27.268+0000] {logging_mixin.py:137} INFO - Melissa James
[2023-02-01T19:08:27.274+0000] {logging_mixin.py:137} INFO - Jeremiah Adams
[2023-02-01T19:08:27.276+0000] {logging_mixin.py:137} INFO - Arthur Robinson
[2023-02-01T19:08:27.279+0000] {logging_mixin.py:137} INFO - Anna Shepard
[2023-02-01T19:08:27.281+0000] {logging_mixin.py:137} INFO - Brandon Myers
[2023-02-01T19:08:27.287+0000] {logging_mixin.py:137} INFO - Paul Cardenas
[2023-02-01T19:08:27.292+0000] {logging_mixin.py:137} INFO - Megan Santana
[2023-02-01T19:08:27.300+0000] {logging_mixin.py:137} INFO - Joseph Marshall
[2023-02-01T19:08:27.303+0000] {logging_mixin.py:137} INFO - Mrs. Brenda Harris
[2023-02-01T19:08:27.307+0000] {logging_mixin.py:137} INFO - Nicole Garcia
[2023-02-01T19:08:27.313+0000] {logging_mixin.py:137} INFO - Anna Estrada
[2023-02-01T19:08:27.316+0000] {logging_mixin.py:137} INFO - Carl Moore
[2023-02-01T19:08:27.324+0000] {logging_mixin.py:137} INFO - Rodney Hernandez
[2023-02-01T19:08:27.326+0000] {logging_mixin.py:137} INFO - Madison Christian
[2023-02-01T19:08:27.328+0000] {logging_mixin.py:137} INFO - Heather Rhodes
[2023-02-01T19:08:27.350+0000] {python.py:177} INFO - Done. Returned value was: None
[2023-02-01T19:08:27.449+0000] {taskinstance.py:1323} INFO - Marking task as SUCCESS. dag_id=CSV_DAG, task_id=convertCSVToJson, execution_date=20230201T082000, start_date=20230201T190821, end_date=20230201T190827
[2023-02-01T19:08:27.734+0000] {local_task_job.py:208} INFO - Task exited with return code 0
[2023-02-01T19:08:27.858+0000] {taskinstance.py:2578} INFO - 0 downstream tasks scheduled from follow-on schedule check
