[2023-02-02T10:03:41.258+0000] {taskinstance.py:1083} INFO - Dependencies all met for <TaskInstance: CSV_DAG.convertCSVToJson scheduled__2023-02-02T07:20:00+00:00 [queued]>
[2023-02-02T10:03:41.338+0000] {taskinstance.py:1083} INFO - Dependencies all met for <TaskInstance: CSV_DAG.convertCSVToJson scheduled__2023-02-02T07:20:00+00:00 [queued]>
[2023-02-02T10:03:41.341+0000] {taskinstance.py:1279} INFO - 
--------------------------------------------------------------------------------
[2023-02-02T10:03:41.342+0000] {taskinstance.py:1280} INFO - Starting attempt 1 of 2
[2023-02-02T10:03:41.344+0000] {taskinstance.py:1281} INFO - 
--------------------------------------------------------------------------------
[2023-02-02T10:03:41.437+0000] {taskinstance.py:1300} INFO - Executing <Task(PythonOperator): convertCSVToJson> on 2023-02-02 07:20:00+00:00
[2023-02-02T10:03:41.481+0000] {standard_task_runner.py:55} INFO - Started process 1331 to run task
[2023-02-02T10:03:41.503+0000] {standard_task_runner.py:82} INFO - Running: ['***', 'tasks', 'run', 'CSV_DAG', 'convertCSVToJson', 'scheduled__2023-02-02T07:20:00+00:00', '--job-id', '792', '--raw', '--subdir', 'DAGS_FOLDER/csv.py', '--cfg-path', '/tmp/tmp7qg3qdet']
[2023-02-02T10:03:41.521+0000] {standard_task_runner.py:83} INFO - Job 792: Subtask convertCSVToJson
[2023-02-02T10:03:41.816+0000] {task_command.py:388} INFO - Running <TaskInstance: CSV_DAG.convertCSVToJson scheduled__2023-02-02T07:20:00+00:00 [running]> on host 06d8060e8530
[2023-02-02T10:03:42.251+0000] {taskinstance.py:1509} INFO - Exporting the following env vars:
AIRFLOW_CTX_DAG_OWNER=Kevin Chalmers
AIRFLOW_CTX_DAG_ID=CSV_DAG
AIRFLOW_CTX_TASK_ID=convertCSVToJson
AIRFLOW_CTX_EXECUTION_DATE=2023-02-02T07:20:00+00:00
AIRFLOW_CTX_TRY_NUMBER=1
AIRFLOW_CTX_DAG_RUN_ID=scheduled__2023-02-02T07:20:00+00:00
[2023-02-02T10:03:42.357+0000] {logging_mixin.py:137} INFO - Angelica Lopez
[2023-02-02T10:03:42.359+0000] {logging_mixin.py:137} INFO - Betty Wright
[2023-02-02T10:03:42.363+0000] {logging_mixin.py:137} INFO - Sara Schmidt
[2023-02-02T10:03:42.364+0000] {logging_mixin.py:137} INFO - Dr. Sherry Rodriguez
[2023-02-02T10:03:42.366+0000] {logging_mixin.py:137} INFO - Rebecca Mills
[2023-02-02T10:03:42.373+0000] {logging_mixin.py:137} INFO - Andrew Anderson
[2023-02-02T10:03:42.375+0000] {logging_mixin.py:137} INFO - Martin Everett
[2023-02-02T10:03:42.379+0000] {logging_mixin.py:137} INFO - Felicia Gregory
[2023-02-02T10:03:42.381+0000] {logging_mixin.py:137} INFO - Kara Bowers
[2023-02-02T10:03:42.387+0000] {logging_mixin.py:137} INFO - Vincent Vincent
[2023-02-02T10:03:42.390+0000] {logging_mixin.py:137} INFO - Morgan Butler
[2023-02-02T10:03:42.391+0000] {logging_mixin.py:137} INFO - Stephen Riley
[2023-02-02T10:03:42.394+0000] {logging_mixin.py:137} INFO - Wanda Thomas
[2023-02-02T10:03:42.396+0000] {logging_mixin.py:137} INFO - Michelle Schultz
[2023-02-02T10:03:42.404+0000] {logging_mixin.py:137} INFO - Christopher Rush MD
[2023-02-02T10:03:42.406+0000] {logging_mixin.py:137} INFO - Phyllis Miles
[2023-02-02T10:03:42.412+0000] {logging_mixin.py:137} INFO - Rebecca Price
[2023-02-02T10:03:42.422+0000] {logging_mixin.py:137} INFO - John Morse
[2023-02-02T10:03:42.423+0000] {logging_mixin.py:137} INFO - Nicholas Sanchez
[2023-02-02T10:03:42.447+0000] {logging_mixin.py:137} INFO - Crystal Dean
[2023-02-02T10:03:42.449+0000] {logging_mixin.py:137} INFO - Tyler Diaz
[2023-02-02T10:03:42.451+0000] {logging_mixin.py:137} INFO - Denise Mclean
[2023-02-02T10:03:42.452+0000] {logging_mixin.py:137} INFO - Daniel Grant
[2023-02-02T10:03:42.454+0000] {logging_mixin.py:137} INFO - Sandra Peterson
[2023-02-02T10:03:42.455+0000] {logging_mixin.py:137} INFO - Denise Morse
[2023-02-02T10:03:42.458+0000] {logging_mixin.py:137} INFO - Brianna Smith
[2023-02-02T10:03:42.460+0000] {logging_mixin.py:137} INFO - Tony Miller
[2023-02-02T10:03:42.461+0000] {logging_mixin.py:137} INFO - Jean Booth
[2023-02-02T10:03:42.463+0000] {logging_mixin.py:137} INFO - Penny Salazar
[2023-02-02T10:03:42.464+0000] {logging_mixin.py:137} INFO - Cathy Williams
[2023-02-02T10:03:42.467+0000] {logging_mixin.py:137} INFO - Hannah Collins
[2023-02-02T10:03:42.468+0000] {logging_mixin.py:137} INFO - Maurice Casey
[2023-02-02T10:03:42.470+0000] {logging_mixin.py:137} INFO - Patrick Walker
[2023-02-02T10:03:42.471+0000] {logging_mixin.py:137} INFO - Pamela Barton
[2023-02-02T10:03:42.473+0000] {logging_mixin.py:137} INFO - Anthony Bryant
[2023-02-02T10:03:42.477+0000] {logging_mixin.py:137} INFO - Andrew Harris
[2023-02-02T10:03:42.479+0000] {logging_mixin.py:137} INFO - Aaron Harris
[2023-02-02T10:03:42.481+0000] {logging_mixin.py:137} INFO - Maureen Soto
[2023-02-02T10:03:42.483+0000] {logging_mixin.py:137} INFO - Crystal Mcdaniel
[2023-02-02T10:03:42.485+0000] {logging_mixin.py:137} INFO - Lauren Barrett
[2023-02-02T10:03:42.487+0000] {logging_mixin.py:137} INFO - Brandon Perez
[2023-02-02T10:03:42.497+0000] {logging_mixin.py:137} INFO - Mark Robertson
[2023-02-02T10:03:42.505+0000] {logging_mixin.py:137} INFO - Nicole Gates
[2023-02-02T10:03:42.521+0000] {logging_mixin.py:137} INFO - Bradley Cruz
[2023-02-02T10:03:42.523+0000] {logging_mixin.py:137} INFO - Gina Burns
[2023-02-02T10:03:42.525+0000] {logging_mixin.py:137} INFO - Zachary Martinez
[2023-02-02T10:03:42.527+0000] {logging_mixin.py:137} INFO - Natasha Johnson
[2023-02-02T10:03:42.529+0000] {logging_mixin.py:137} INFO - Patrick Gonzales
[2023-02-02T10:03:42.531+0000] {logging_mixin.py:137} INFO - Terri Wilson
[2023-02-02T10:03:42.533+0000] {logging_mixin.py:137} INFO - Sarah Lopez
[2023-02-02T10:03:42.535+0000] {logging_mixin.py:137} INFO - Dana Turner
[2023-02-02T10:03:42.538+0000] {logging_mixin.py:137} INFO - Cynthia Johnson
[2023-02-02T10:03:42.547+0000] {logging_mixin.py:137} INFO - William Thornton
[2023-02-02T10:03:42.549+0000] {logging_mixin.py:137} INFO - James Lee
[2023-02-02T10:03:42.550+0000] {logging_mixin.py:137} INFO - Stephen Allen
[2023-02-02T10:03:42.552+0000] {logging_mixin.py:137} INFO - William Stark
[2023-02-02T10:03:42.554+0000] {logging_mixin.py:137} INFO - Michael Parker
[2023-02-02T10:03:42.556+0000] {logging_mixin.py:137} INFO - Lisa Stephens
[2023-02-02T10:03:42.558+0000] {logging_mixin.py:137} INFO - Mr. Reginald Wise DDS
[2023-02-02T10:03:42.560+0000] {logging_mixin.py:137} INFO - Alexander James
[2023-02-02T10:03:42.562+0000] {logging_mixin.py:137} INFO - Kristen West
[2023-02-02T10:03:42.566+0000] {logging_mixin.py:137} INFO - Elizabeth Sanchez
[2023-02-02T10:03:42.568+0000] {logging_mixin.py:137} INFO - Jennifer Wilson
[2023-02-02T10:03:42.574+0000] {logging_mixin.py:137} INFO - Catherine Nicholson
[2023-02-02T10:03:42.577+0000] {logging_mixin.py:137} INFO - David Henderson
[2023-02-02T10:03:42.579+0000] {logging_mixin.py:137} INFO - Stephen Davis
[2023-02-02T10:03:42.582+0000] {logging_mixin.py:137} INFO - Paul Skinner
[2023-02-02T10:03:42.584+0000] {logging_mixin.py:137} INFO - Rebecca Wong
[2023-02-02T10:03:42.588+0000] {logging_mixin.py:137} INFO - Tara Benitez
[2023-02-02T10:03:42.590+0000] {logging_mixin.py:137} INFO - Sharon Miller
[2023-02-02T10:03:42.592+0000] {logging_mixin.py:137} INFO - Cynthia Smith
[2023-02-02T10:03:42.596+0000] {logging_mixin.py:137} INFO - Jennifer Werner
[2023-02-02T10:03:42.601+0000] {logging_mixin.py:137} INFO - Rebecca Tucker
[2023-02-02T10:03:42.606+0000] {logging_mixin.py:137} INFO - Ashlee Castillo
[2023-02-02T10:03:42.616+0000] {logging_mixin.py:137} INFO - Christopher Holmes
[2023-02-02T10:03:42.619+0000] {logging_mixin.py:137} INFO - Daniel Velez
[2023-02-02T10:03:42.623+0000] {logging_mixin.py:137} INFO - Amy Serrano
[2023-02-02T10:03:42.625+0000] {logging_mixin.py:137} INFO - Alison Nash
[2023-02-02T10:03:42.628+0000] {logging_mixin.py:137} INFO - Peter Johnson
[2023-02-02T10:03:42.632+0000] {logging_mixin.py:137} INFO - Breanna Harris
[2023-02-02T10:03:42.635+0000] {logging_mixin.py:137} INFO - Eric King
[2023-02-02T10:03:42.638+0000] {logging_mixin.py:137} INFO - Patricia Oliver
[2023-02-02T10:03:42.642+0000] {logging_mixin.py:137} INFO - Denise Grimes
[2023-02-02T10:03:42.647+0000] {logging_mixin.py:137} INFO - Jill Olson
[2023-02-02T10:03:42.651+0000] {logging_mixin.py:137} INFO - Stephanie Hart
[2023-02-02T10:03:42.653+0000] {logging_mixin.py:137} INFO - Ashley Lee
[2023-02-02T10:03:42.655+0000] {logging_mixin.py:137} INFO - Kelly Barnes
[2023-02-02T10:03:42.658+0000] {logging_mixin.py:137} INFO - Christie West
[2023-02-02T10:03:42.659+0000] {logging_mixin.py:137} INFO - Todd Nolan
[2023-02-02T10:03:42.661+0000] {logging_mixin.py:137} INFO - Sarah Reed
[2023-02-02T10:03:42.662+0000] {logging_mixin.py:137} INFO - Jennifer Keith
[2023-02-02T10:03:42.663+0000] {logging_mixin.py:137} INFO - Shawn Alvarez
[2023-02-02T10:03:42.664+0000] {logging_mixin.py:137} INFO - Alexander Wilson
[2023-02-02T10:03:42.666+0000] {logging_mixin.py:137} INFO - Rachel Melendez
[2023-02-02T10:03:42.668+0000] {logging_mixin.py:137} INFO - Morgan Walters
[2023-02-02T10:03:42.673+0000] {logging_mixin.py:137} INFO - Nicole Garcia
[2023-02-02T10:03:42.676+0000] {logging_mixin.py:137} INFO - Jennifer White
[2023-02-02T10:03:42.677+0000] {logging_mixin.py:137} INFO - Leslie Shannon
[2023-02-02T10:03:42.678+0000] {logging_mixin.py:137} INFO - Lisa Clayton
[2023-02-02T10:03:42.680+0000] {logging_mixin.py:137} INFO - Zachary Molina
[2023-02-02T10:03:42.681+0000] {logging_mixin.py:137} INFO - Bruce Butler
[2023-02-02T10:03:42.682+0000] {logging_mixin.py:137} INFO - Dustin Howell
[2023-02-02T10:03:42.686+0000] {logging_mixin.py:137} INFO - Aaron Smith
[2023-02-02T10:03:42.688+0000] {logging_mixin.py:137} INFO - Kyle Green
[2023-02-02T10:03:42.692+0000] {logging_mixin.py:137} INFO - Steven Clark
[2023-02-02T10:03:42.699+0000] {logging_mixin.py:137} INFO - Robert Holden
[2023-02-02T10:03:42.702+0000] {logging_mixin.py:137} INFO - Zachary Harmon
[2023-02-02T10:03:42.703+0000] {logging_mixin.py:137} INFO - Rachel Miller
[2023-02-02T10:03:42.704+0000] {logging_mixin.py:137} INFO - Brandon Parker
[2023-02-02T10:03:42.706+0000] {logging_mixin.py:137} INFO - Walter Martin
[2023-02-02T10:03:42.711+0000] {logging_mixin.py:137} INFO - Jose Young
[2023-02-02T10:03:42.713+0000] {logging_mixin.py:137} INFO - Kelsey Long
[2023-02-02T10:03:42.714+0000] {logging_mixin.py:137} INFO - William Harper
[2023-02-02T10:03:42.717+0000] {logging_mixin.py:137} INFO - Alejandro Lambert
[2023-02-02T10:03:42.719+0000] {logging_mixin.py:137} INFO - Stephanie Carson
[2023-02-02T10:03:42.721+0000] {logging_mixin.py:137} INFO - Diana Ortega MD
[2023-02-02T10:03:42.722+0000] {logging_mixin.py:137} INFO - Janet Morales
[2023-02-02T10:03:42.724+0000] {logging_mixin.py:137} INFO - Eric Fisher
[2023-02-02T10:03:42.730+0000] {logging_mixin.py:137} INFO - Louis Baker
[2023-02-02T10:03:42.733+0000] {logging_mixin.py:137} INFO - Cindy Ward
[2023-02-02T10:03:42.737+0000] {logging_mixin.py:137} INFO - Ana Jenkins
[2023-02-02T10:03:42.739+0000] {logging_mixin.py:137} INFO - Leslie Barton
[2023-02-02T10:03:42.741+0000] {logging_mixin.py:137} INFO - Gregory Price
[2023-02-02T10:03:42.744+0000] {logging_mixin.py:137} INFO - Brandon Moore
[2023-02-02T10:03:42.745+0000] {logging_mixin.py:137} INFO - Heather Garrett
[2023-02-02T10:03:42.747+0000] {logging_mixin.py:137} INFO - Cindy Hawkins
[2023-02-02T10:03:42.748+0000] {logging_mixin.py:137} INFO - Mr. Frank Snyder Jr.
[2023-02-02T10:03:42.750+0000] {logging_mixin.py:137} INFO - Megan Wang
[2023-02-02T10:03:42.752+0000] {logging_mixin.py:137} INFO - Jennifer Fleming
[2023-02-02T10:03:42.753+0000] {logging_mixin.py:137} INFO - Gary Hodge
[2023-02-02T10:03:42.756+0000] {logging_mixin.py:137} INFO - Nichole Miller
[2023-02-02T10:03:42.758+0000] {logging_mixin.py:137} INFO - Mitchell Mendoza
[2023-02-02T10:03:42.759+0000] {logging_mixin.py:137} INFO - Bradley Horton
[2023-02-02T10:03:42.761+0000] {logging_mixin.py:137} INFO - Michelle Hess
[2023-02-02T10:03:42.764+0000] {logging_mixin.py:137} INFO - Ronald Torres
[2023-02-02T10:03:42.769+0000] {logging_mixin.py:137} INFO - Raymond Hudson
[2023-02-02T10:03:42.771+0000] {logging_mixin.py:137} INFO - Vincent Jackson
[2023-02-02T10:03:42.779+0000] {logging_mixin.py:137} INFO - Susan Carey
[2023-02-02T10:03:42.785+0000] {logging_mixin.py:137} INFO - Chase Wilson
[2023-02-02T10:03:42.795+0000] {logging_mixin.py:137} INFO - Tonya Baldwin
[2023-02-02T10:03:42.798+0000] {logging_mixin.py:137} INFO - Mrs. Tina Davis
[2023-02-02T10:03:42.804+0000] {logging_mixin.py:137} INFO - Scott Garrett
[2023-02-02T10:03:42.810+0000] {logging_mixin.py:137} INFO - Michael Wilson
[2023-02-02T10:03:42.827+0000] {logging_mixin.py:137} INFO - Andrew Orozco
[2023-02-02T10:03:42.831+0000] {logging_mixin.py:137} INFO - Troy Carson
[2023-02-02T10:03:42.840+0000] {logging_mixin.py:137} INFO - Alex Winters
[2023-02-02T10:03:42.844+0000] {logging_mixin.py:137} INFO - Toni Frank
[2023-02-02T10:03:42.855+0000] {logging_mixin.py:137} INFO - Kathleen Snyder
[2023-02-02T10:03:42.859+0000] {logging_mixin.py:137} INFO - Anna Lopez
[2023-02-02T10:03:42.862+0000] {logging_mixin.py:137} INFO - Charles Brown
[2023-02-02T10:03:42.865+0000] {logging_mixin.py:137} INFO - Barry Ross
[2023-02-02T10:03:42.870+0000] {logging_mixin.py:137} INFO - Emily Ramirez
[2023-02-02T10:03:42.878+0000] {logging_mixin.py:137} INFO - Anna Williams
[2023-02-02T10:03:42.880+0000] {logging_mixin.py:137} INFO - Kristin Pennington
[2023-02-02T10:03:42.882+0000] {logging_mixin.py:137} INFO - Mary Aguirre
[2023-02-02T10:03:42.887+0000] {logging_mixin.py:137} INFO - Austin Santos
[2023-02-02T10:03:42.891+0000] {logging_mixin.py:137} INFO - David Nelson
[2023-02-02T10:03:42.894+0000] {logging_mixin.py:137} INFO - Alyssa Mcbride
[2023-02-02T10:03:42.897+0000] {logging_mixin.py:137} INFO - Lisa Gibson
[2023-02-02T10:03:42.900+0000] {logging_mixin.py:137} INFO - Alexander Kelly
[2023-02-02T10:03:42.904+0000] {logging_mixin.py:137} INFO - Ronald Thomas
[2023-02-02T10:03:42.910+0000] {logging_mixin.py:137} INFO - Michael Hurst
[2023-02-02T10:03:42.912+0000] {logging_mixin.py:137} INFO - Lauren Ward
[2023-02-02T10:03:42.914+0000] {logging_mixin.py:137} INFO - Christian Terry
[2023-02-02T10:03:42.915+0000] {logging_mixin.py:137} INFO - Jared Black
[2023-02-02T10:03:42.916+0000] {logging_mixin.py:137} INFO - Anthony Brown
[2023-02-02T10:03:42.918+0000] {logging_mixin.py:137} INFO - John Cole
[2023-02-02T10:03:42.919+0000] {logging_mixin.py:137} INFO - David Lee
[2023-02-02T10:03:42.920+0000] {logging_mixin.py:137} INFO - Lori Thomas
[2023-02-02T10:03:42.922+0000] {logging_mixin.py:137} INFO - Daniel Herman
[2023-02-02T10:03:42.924+0000] {logging_mixin.py:137} INFO - Pam Williams
[2023-02-02T10:03:42.925+0000] {logging_mixin.py:137} INFO - Sarah Jenkins
[2023-02-02T10:03:42.927+0000] {logging_mixin.py:137} INFO - Susan Mitchell
[2023-02-02T10:03:42.930+0000] {logging_mixin.py:137} INFO - Jacqueline Green
[2023-02-02T10:03:42.934+0000] {logging_mixin.py:137} INFO - Victoria Garrison
[2023-02-02T10:03:42.937+0000] {logging_mixin.py:137} INFO - Jonathan Daniels
[2023-02-02T10:03:42.943+0000] {logging_mixin.py:137} INFO - Trevor Hansen
[2023-02-02T10:03:42.945+0000] {logging_mixin.py:137} INFO - Laurie Bowen
[2023-02-02T10:03:42.946+0000] {logging_mixin.py:137} INFO - James Cline
[2023-02-02T10:03:42.948+0000] {logging_mixin.py:137} INFO - Michael Rose
[2023-02-02T10:03:42.953+0000] {logging_mixin.py:137} INFO - Lawrence Juarez
[2023-02-02T10:03:42.955+0000] {logging_mixin.py:137} INFO - Lucas Caldwell
[2023-02-02T10:03:42.957+0000] {logging_mixin.py:137} INFO - Laura Jackson
[2023-02-02T10:03:42.964+0000] {logging_mixin.py:137} INFO - Sherri Thornton
[2023-02-02T10:03:42.969+0000] {logging_mixin.py:137} INFO - Alice Wilson
[2023-02-02T10:03:42.975+0000] {logging_mixin.py:137} INFO - Diane Williams
[2023-02-02T10:03:42.977+0000] {logging_mixin.py:137} INFO - Kara Martin
[2023-02-02T10:03:42.981+0000] {logging_mixin.py:137} INFO - Joseph Moore
[2023-02-02T10:03:42.982+0000] {logging_mixin.py:137} INFO - Jesse Moses
[2023-02-02T10:03:42.984+0000] {logging_mixin.py:137} INFO - Lisa Mccall
[2023-02-02T10:03:42.990+0000] {logging_mixin.py:137} INFO - Alexandra Mccoy
[2023-02-02T10:03:42.992+0000] {logging_mixin.py:137} INFO - Daniel Martin
[2023-02-02T10:03:42.993+0000] {logging_mixin.py:137} INFO - Claudia Peck
[2023-02-02T10:03:42.995+0000] {logging_mixin.py:137} INFO - Jessica Mcconnell
[2023-02-02T10:03:43.011+0000] {logging_mixin.py:137} INFO - Kevin Walker
[2023-02-02T10:03:43.013+0000] {logging_mixin.py:137} INFO - Christina Lee
[2023-02-02T10:03:43.016+0000] {logging_mixin.py:137} INFO - Christopher Schroeder
[2023-02-02T10:03:43.018+0000] {logging_mixin.py:137} INFO - Melissa Parker
[2023-02-02T10:03:43.019+0000] {logging_mixin.py:137} INFO - Janet Molina
[2023-02-02T10:03:43.021+0000] {logging_mixin.py:137} INFO - Barbara Harris
[2023-02-02T10:03:43.024+0000] {logging_mixin.py:137} INFO - Joseph Hurley
[2023-02-02T10:03:43.026+0000] {logging_mixin.py:137} INFO - Greg Hayden
[2023-02-02T10:03:43.028+0000] {logging_mixin.py:137} INFO - Edwin Adams
[2023-02-02T10:03:43.030+0000] {logging_mixin.py:137} INFO - Ashley Hunter
[2023-02-02T10:03:43.031+0000] {logging_mixin.py:137} INFO - Jennifer Tucker
[2023-02-02T10:03:43.032+0000] {logging_mixin.py:137} INFO - Eddie Gray
[2023-02-02T10:03:43.034+0000] {logging_mixin.py:137} INFO - Jennifer Evans
[2023-02-02T10:03:43.035+0000] {logging_mixin.py:137} INFO - Stephen Carey
[2023-02-02T10:03:43.037+0000] {logging_mixin.py:137} INFO - Samantha Campos
[2023-02-02T10:03:43.039+0000] {logging_mixin.py:137} INFO - Meagan Brown
[2023-02-02T10:03:43.041+0000] {logging_mixin.py:137} INFO - Miss Marisa Barber
[2023-02-02T10:03:43.044+0000] {logging_mixin.py:137} INFO - Jay Mann
[2023-02-02T10:03:43.045+0000] {logging_mixin.py:137} INFO - Matthew Campbell
[2023-02-02T10:03:43.047+0000] {logging_mixin.py:137} INFO - Brent Rodriguez
[2023-02-02T10:03:43.048+0000] {logging_mixin.py:137} INFO - Teresa Ross
[2023-02-02T10:03:43.049+0000] {logging_mixin.py:137} INFO - Mary Martinez
[2023-02-02T10:03:43.053+0000] {logging_mixin.py:137} INFO - Joseph Lewis
[2023-02-02T10:03:43.054+0000] {logging_mixin.py:137} INFO - Dale Davis
[2023-02-02T10:03:43.056+0000] {logging_mixin.py:137} INFO - Elizabeth Evans
[2023-02-02T10:03:43.057+0000] {logging_mixin.py:137} INFO - Shannon Wang
[2023-02-02T10:03:43.059+0000] {logging_mixin.py:137} INFO - Brandon Campbell
[2023-02-02T10:03:43.060+0000] {logging_mixin.py:137} INFO - Rhonda Pace
[2023-02-02T10:03:43.062+0000] {logging_mixin.py:137} INFO - Sarah Santos
[2023-02-02T10:03:43.064+0000] {logging_mixin.py:137} INFO - Jacob Ford
[2023-02-02T10:03:43.066+0000] {logging_mixin.py:137} INFO - Matthew Hansen
[2023-02-02T10:03:43.070+0000] {logging_mixin.py:137} INFO - Amy Ray
[2023-02-02T10:03:43.075+0000] {logging_mixin.py:137} INFO - Aaron Fields
[2023-02-02T10:03:43.077+0000] {logging_mixin.py:137} INFO - Mary Taylor
[2023-02-02T10:03:43.078+0000] {logging_mixin.py:137} INFO - James Morris
[2023-02-02T10:03:43.079+0000] {logging_mixin.py:137} INFO - Darrell Cain
[2023-02-02T10:03:43.081+0000] {logging_mixin.py:137} INFO - Michael Smith
[2023-02-02T10:03:43.082+0000] {logging_mixin.py:137} INFO - Scott Coleman
[2023-02-02T10:03:43.085+0000] {logging_mixin.py:137} INFO - David Fitzpatrick
[2023-02-02T10:03:43.087+0000] {logging_mixin.py:137} INFO - Debra Shepherd
[2023-02-02T10:03:43.090+0000] {logging_mixin.py:137} INFO - Paul Rush
[2023-02-02T10:03:43.092+0000] {logging_mixin.py:137} INFO - Brett Hernandez
[2023-02-02T10:03:43.097+0000] {logging_mixin.py:137} INFO - Sheila Riddle
[2023-02-02T10:03:43.101+0000] {logging_mixin.py:137} INFO - Joan Austin
[2023-02-02T10:03:43.107+0000] {logging_mixin.py:137} INFO - Michael Garcia
[2023-02-02T10:03:43.109+0000] {logging_mixin.py:137} INFO - Natalie Harris
[2023-02-02T10:03:43.111+0000] {logging_mixin.py:137} INFO - Steven Dean
[2023-02-02T10:03:43.112+0000] {logging_mixin.py:137} INFO - John Brown
[2023-02-02T10:03:43.113+0000] {logging_mixin.py:137} INFO - Keith Zimmerman
[2023-02-02T10:03:43.114+0000] {logging_mixin.py:137} INFO - Curtis Byrd
[2023-02-02T10:03:43.118+0000] {logging_mixin.py:137} INFO - Mariah Green
[2023-02-02T10:03:43.120+0000] {logging_mixin.py:137} INFO - Roger Huynh
[2023-02-02T10:03:43.124+0000] {logging_mixin.py:137} INFO - Christopher Zamora
[2023-02-02T10:03:43.128+0000] {logging_mixin.py:137} INFO - Joyce Crawford
[2023-02-02T10:03:43.130+0000] {logging_mixin.py:137} INFO - Angela Smith
[2023-02-02T10:03:43.132+0000] {logging_mixin.py:137} INFO - Veronica Robinson
[2023-02-02T10:03:43.138+0000] {logging_mixin.py:137} INFO - Christopher Bates
[2023-02-02T10:03:43.140+0000] {logging_mixin.py:137} INFO - Steve Stone
[2023-02-02T10:03:43.142+0000] {logging_mixin.py:137} INFO - William Cook
[2023-02-02T10:03:43.144+0000] {logging_mixin.py:137} INFO - Lori Wood
[2023-02-02T10:03:43.146+0000] {logging_mixin.py:137} INFO - Jillian Reynolds
[2023-02-02T10:03:43.152+0000] {logging_mixin.py:137} INFO - Angela Caldwell
[2023-02-02T10:03:43.154+0000] {logging_mixin.py:137} INFO - Shane Campbell
[2023-02-02T10:03:43.163+0000] {logging_mixin.py:137} INFO - Karen Lawrence
[2023-02-02T10:03:43.164+0000] {logging_mixin.py:137} INFO - Kimberly Wood
[2023-02-02T10:03:43.166+0000] {logging_mixin.py:137} INFO - Samantha Lopez
[2023-02-02T10:03:43.168+0000] {logging_mixin.py:137} INFO - Harold Miller
[2023-02-02T10:03:43.170+0000] {logging_mixin.py:137} INFO - Raymond Cooper DVM
[2023-02-02T10:03:43.172+0000] {logging_mixin.py:137} INFO - Kristen Patel
[2023-02-02T10:03:43.174+0000] {logging_mixin.py:137} INFO - Anthony Mejia
[2023-02-02T10:03:43.176+0000] {logging_mixin.py:137} INFO - Raymond Thomas
[2023-02-02T10:03:43.186+0000] {logging_mixin.py:137} INFO - Scott Young
[2023-02-02T10:03:43.187+0000] {logging_mixin.py:137} INFO - David Larson
[2023-02-02T10:03:43.189+0000] {logging_mixin.py:137} INFO - Jon Murray
[2023-02-02T10:03:43.194+0000] {logging_mixin.py:137} INFO - Stephen Taylor
[2023-02-02T10:03:43.196+0000] {logging_mixin.py:137} INFO - Jennifer Hernandez
[2023-02-02T10:03:43.198+0000] {logging_mixin.py:137} INFO - Stacy Smith
[2023-02-02T10:03:43.200+0000] {logging_mixin.py:137} INFO - Juan Owens
[2023-02-02T10:03:43.201+0000] {logging_mixin.py:137} INFO - Brian Adkins
[2023-02-02T10:03:43.203+0000] {logging_mixin.py:137} INFO - Jesse Wells
[2023-02-02T10:03:43.210+0000] {logging_mixin.py:137} INFO - Kyle Matthews
[2023-02-02T10:03:43.212+0000] {logging_mixin.py:137} INFO - Dustin Russell
[2023-02-02T10:03:43.215+0000] {logging_mixin.py:137} INFO - Richard White
[2023-02-02T10:03:43.221+0000] {logging_mixin.py:137} INFO - Brittany Nichols
[2023-02-02T10:03:43.225+0000] {logging_mixin.py:137} INFO - Colton Kelly
[2023-02-02T10:03:43.228+0000] {logging_mixin.py:137} INFO - William Perry
[2023-02-02T10:03:43.231+0000] {logging_mixin.py:137} INFO - Thomas Cummings
[2023-02-02T10:03:43.233+0000] {logging_mixin.py:137} INFO - Timothy Ballard
[2023-02-02T10:03:43.235+0000] {logging_mixin.py:137} INFO - Richard Washington
[2023-02-02T10:03:43.238+0000] {logging_mixin.py:137} INFO - Joshua Lam
[2023-02-02T10:03:43.247+0000] {logging_mixin.py:137} INFO - Grant Jackson
[2023-02-02T10:03:43.259+0000] {logging_mixin.py:137} INFO - Erin Baker
[2023-02-02T10:03:43.265+0000] {logging_mixin.py:137} INFO - Scott Flowers
[2023-02-02T10:03:43.271+0000] {logging_mixin.py:137} INFO - James Adams
[2023-02-02T10:03:43.281+0000] {logging_mixin.py:137} INFO - Heather Alvarado
[2023-02-02T10:03:43.286+0000] {logging_mixin.py:137} INFO - Jennifer Snow
[2023-02-02T10:03:43.289+0000] {logging_mixin.py:137} INFO - Mario Jackson
[2023-02-02T10:03:43.292+0000] {logging_mixin.py:137} INFO - Kevin Collins
[2023-02-02T10:03:43.294+0000] {logging_mixin.py:137} INFO - Danielle Garcia
[2023-02-02T10:03:43.297+0000] {logging_mixin.py:137} INFO - Brenda Jackson
[2023-02-02T10:03:43.300+0000] {logging_mixin.py:137} INFO - Ashley Parker
[2023-02-02T10:03:43.303+0000] {logging_mixin.py:137} INFO - Angela Hickman
[2023-02-02T10:03:43.305+0000] {logging_mixin.py:137} INFO - Carol Rodriguez
[2023-02-02T10:03:43.307+0000] {logging_mixin.py:137} INFO - Vernon Anderson
[2023-02-02T10:03:43.310+0000] {logging_mixin.py:137} INFO - Jesus Church
[2023-02-02T10:03:43.313+0000] {logging_mixin.py:137} INFO - Michelle Medina
[2023-02-02T10:03:43.319+0000] {logging_mixin.py:137} INFO - Nancy Bryant
[2023-02-02T10:03:43.321+0000] {logging_mixin.py:137} INFO - Jennifer Martinez
[2023-02-02T10:03:43.327+0000] {logging_mixin.py:137} INFO - Amy Dougherty
[2023-02-02T10:03:43.329+0000] {logging_mixin.py:137} INFO - Alexis Sanders
[2023-02-02T10:03:43.331+0000] {logging_mixin.py:137} INFO - Austin Salazar
[2023-02-02T10:03:43.332+0000] {logging_mixin.py:137} INFO - Amy Williams
[2023-02-02T10:03:43.333+0000] {logging_mixin.py:137} INFO - Richard Haynes
[2023-02-02T10:03:43.334+0000] {logging_mixin.py:137} INFO - Christine Stark
[2023-02-02T10:03:43.336+0000] {logging_mixin.py:137} INFO - Anita Medina
[2023-02-02T10:03:43.340+0000] {logging_mixin.py:137} INFO - Mr. Thomas Duran
[2023-02-02T10:03:43.342+0000] {logging_mixin.py:137} INFO - Mr. Russell Peterson
[2023-02-02T10:03:43.343+0000] {logging_mixin.py:137} INFO - Jack Richard
[2023-02-02T10:03:43.345+0000] {logging_mixin.py:137} INFO - Michelle Erickson
[2023-02-02T10:03:43.348+0000] {logging_mixin.py:137} INFO - Mitchell Williams
[2023-02-02T10:03:43.350+0000] {logging_mixin.py:137} INFO - Adrian Herrera
[2023-02-02T10:03:43.354+0000] {logging_mixin.py:137} INFO - Michael Brady
[2023-02-02T10:03:43.356+0000] {logging_mixin.py:137} INFO - Jamie Zhang
[2023-02-02T10:03:43.358+0000] {logging_mixin.py:137} INFO - Helen Brennan
[2023-02-02T10:03:43.360+0000] {logging_mixin.py:137} INFO - John Myers
[2023-02-02T10:03:43.363+0000] {logging_mixin.py:137} INFO - Patricia Nash
[2023-02-02T10:03:43.367+0000] {logging_mixin.py:137} INFO - Michael Johnson
[2023-02-02T10:03:43.369+0000] {logging_mixin.py:137} INFO - Anita Berger
[2023-02-02T10:03:43.370+0000] {logging_mixin.py:137} INFO - Jason Guerrero DVM
[2023-02-02T10:03:43.371+0000] {logging_mixin.py:137} INFO - Kimberly Davis
[2023-02-02T10:03:43.376+0000] {logging_mixin.py:137} INFO - Bryan Hansen
[2023-02-02T10:03:43.379+0000] {logging_mixin.py:137} INFO - Rebecca Obrien
[2023-02-02T10:03:43.381+0000] {logging_mixin.py:137} INFO - Sarah Santiago
[2023-02-02T10:03:43.382+0000] {logging_mixin.py:137} INFO - Christine Lane
[2023-02-02T10:03:43.386+0000] {logging_mixin.py:137} INFO - Jerry Lewis
[2023-02-02T10:03:43.390+0000] {logging_mixin.py:137} INFO - Stephanie Miller
[2023-02-02T10:03:43.396+0000] {logging_mixin.py:137} INFO - Kristi Bradley
[2023-02-02T10:03:43.398+0000] {logging_mixin.py:137} INFO - Darren Moore
[2023-02-02T10:03:43.400+0000] {logging_mixin.py:137} INFO - Kristina Cunningham
[2023-02-02T10:03:43.403+0000] {logging_mixin.py:137} INFO - Laurie Moore
[2023-02-02T10:03:43.404+0000] {logging_mixin.py:137} INFO - Aaron Lewis
[2023-02-02T10:03:43.407+0000] {logging_mixin.py:137} INFO - Theresa Vang
[2023-02-02T10:03:43.409+0000] {logging_mixin.py:137} INFO - Chase Reese
[2023-02-02T10:03:43.410+0000] {logging_mixin.py:137} INFO - Matthew Ferguson
[2023-02-02T10:03:43.413+0000] {logging_mixin.py:137} INFO - Victoria Lewis
[2023-02-02T10:03:43.416+0000] {logging_mixin.py:137} INFO - Jon Scott
[2023-02-02T10:03:43.417+0000] {logging_mixin.py:137} INFO - Lisa Campbell
[2023-02-02T10:03:43.421+0000] {logging_mixin.py:137} INFO - David Ramirez
[2023-02-02T10:03:43.424+0000] {logging_mixin.py:137} INFO - Gabriel Rosario
[2023-02-02T10:03:43.427+0000] {logging_mixin.py:137} INFO - Kristi Johnson
[2023-02-02T10:03:43.430+0000] {logging_mixin.py:137} INFO - Jennifer Schwartz
[2023-02-02T10:03:43.432+0000] {logging_mixin.py:137} INFO - Daniel Norton
[2023-02-02T10:03:43.434+0000] {logging_mixin.py:137} INFO - Richard Montoya
[2023-02-02T10:03:43.436+0000] {logging_mixin.py:137} INFO - Daniel Norris
[2023-02-02T10:03:43.439+0000] {logging_mixin.py:137} INFO - Chad Taylor
[2023-02-02T10:03:43.442+0000] {logging_mixin.py:137} INFO - Angie Allen
[2023-02-02T10:03:43.444+0000] {logging_mixin.py:137} INFO - Michael Brooks
[2023-02-02T10:03:43.446+0000] {logging_mixin.py:137} INFO - Hannah Poole
[2023-02-02T10:03:43.447+0000] {logging_mixin.py:137} INFO - Caitlin Ray
[2023-02-02T10:03:43.450+0000] {logging_mixin.py:137} INFO - Mr. Steven Gardner
[2023-02-02T10:03:43.453+0000] {logging_mixin.py:137} INFO - Jennifer Macdonald
[2023-02-02T10:03:43.460+0000] {logging_mixin.py:137} INFO - Vanessa Small
[2023-02-02T10:03:43.468+0000] {logging_mixin.py:137} INFO - Dennis Gray
[2023-02-02T10:03:43.477+0000] {logging_mixin.py:137} INFO - Sandra Kirk
[2023-02-02T10:03:43.480+0000] {logging_mixin.py:137} INFO - Jason Wagner
[2023-02-02T10:03:43.482+0000] {logging_mixin.py:137} INFO - David Owen
[2023-02-02T10:03:43.484+0000] {logging_mixin.py:137} INFO - Rose Terrell
[2023-02-02T10:03:43.495+0000] {logging_mixin.py:137} INFO - James Green MD
[2023-02-02T10:03:43.500+0000] {logging_mixin.py:137} INFO - Tammy Patel
[2023-02-02T10:03:43.503+0000] {logging_mixin.py:137} INFO - Joseph Lucero
[2023-02-02T10:03:43.506+0000] {logging_mixin.py:137} INFO - Stephanie Rojas
[2023-02-02T10:03:43.510+0000] {logging_mixin.py:137} INFO - Brittany Johnson
[2023-02-02T10:03:43.521+0000] {logging_mixin.py:137} INFO - Christina Cummings
[2023-02-02T10:03:43.524+0000] {logging_mixin.py:137} INFO - Eric Downs
[2023-02-02T10:03:43.527+0000] {logging_mixin.py:137} INFO - Paul Finley
[2023-02-02T10:03:43.529+0000] {logging_mixin.py:137} INFO - Danielle Jackson
[2023-02-02T10:03:43.551+0000] {logging_mixin.py:137} INFO - Anna Johnston
[2023-02-02T10:03:43.556+0000] {logging_mixin.py:137} INFO - Ashlee Hodges
[2023-02-02T10:03:43.568+0000] {logging_mixin.py:137} INFO - Thomas Francis
[2023-02-02T10:03:43.570+0000] {logging_mixin.py:137} INFO - Cody Baird
[2023-02-02T10:03:43.576+0000] {logging_mixin.py:137} INFO - Jeffrey Walter
[2023-02-02T10:03:43.580+0000] {logging_mixin.py:137} INFO - Hannah West
[2023-02-02T10:03:43.582+0000] {logging_mixin.py:137} INFO - Anthony Byrd
[2023-02-02T10:03:43.587+0000] {logging_mixin.py:137} INFO - Julie Ramirez
[2023-02-02T10:03:43.592+0000] {logging_mixin.py:137} INFO - Seth Peters
[2023-02-02T10:03:43.595+0000] {logging_mixin.py:137} INFO - Keith Salas
[2023-02-02T10:03:43.598+0000] {logging_mixin.py:137} INFO - Kathryn Evans
[2023-02-02T10:03:43.601+0000] {logging_mixin.py:137} INFO - Dr. Maria Scott
[2023-02-02T10:03:43.603+0000] {logging_mixin.py:137} INFO - Brenda Thomas
[2023-02-02T10:03:43.606+0000] {logging_mixin.py:137} INFO - Travis Douglas
[2023-02-02T10:03:43.609+0000] {logging_mixin.py:137} INFO - Kurt Santos
[2023-02-02T10:03:43.611+0000] {logging_mixin.py:137} INFO - Sean Parrish
[2023-02-02T10:03:43.628+0000] {logging_mixin.py:137} INFO - Brittany Walls
[2023-02-02T10:03:43.634+0000] {logging_mixin.py:137} INFO - Gail Brooks
[2023-02-02T10:03:43.638+0000] {logging_mixin.py:137} INFO - Valerie Johnson
[2023-02-02T10:03:43.644+0000] {logging_mixin.py:137} INFO - Jessica Dunn
[2023-02-02T10:03:43.659+0000] {logging_mixin.py:137} INFO - Chad Robinson
[2023-02-02T10:03:43.668+0000] {logging_mixin.py:137} INFO - Catherine Combs
[2023-02-02T10:03:43.672+0000] {logging_mixin.py:137} INFO - Joshua Boyd
[2023-02-02T10:03:43.675+0000] {logging_mixin.py:137} INFO - Alicia Barnett DVM
[2023-02-02T10:03:43.679+0000] {logging_mixin.py:137} INFO - Kevin Cervantes
[2023-02-02T10:03:43.681+0000] {logging_mixin.py:137} INFO - Larry Lester
[2023-02-02T10:03:43.683+0000] {logging_mixin.py:137} INFO - Deanna Espinoza
[2023-02-02T10:03:43.684+0000] {logging_mixin.py:137} INFO - Marilyn Davis
[2023-02-02T10:03:43.687+0000] {logging_mixin.py:137} INFO - Michael Weeks
[2023-02-02T10:03:43.689+0000] {logging_mixin.py:137} INFO - Brandon Stanton
[2023-02-02T10:03:43.694+0000] {logging_mixin.py:137} INFO - Ryan Boyer Jr.
[2023-02-02T10:03:43.703+0000] {logging_mixin.py:137} INFO - Amanda Elliott
[2023-02-02T10:03:43.708+0000] {logging_mixin.py:137} INFO - David Moore
[2023-02-02T10:03:43.712+0000] {logging_mixin.py:137} INFO - Andre Williams
[2023-02-02T10:03:43.723+0000] {logging_mixin.py:137} INFO - Jennifer Garcia
[2023-02-02T10:03:43.727+0000] {logging_mixin.py:137} INFO - Tracey Cook
[2023-02-02T10:03:43.728+0000] {logging_mixin.py:137} INFO - Michael Turner
[2023-02-02T10:03:43.732+0000] {logging_mixin.py:137} INFO - Diana Long
[2023-02-02T10:03:43.737+0000] {logging_mixin.py:137} INFO - John Bradley
[2023-02-02T10:03:43.741+0000] {logging_mixin.py:137} INFO - Ann Benjamin
[2023-02-02T10:03:43.750+0000] {logging_mixin.py:137} INFO - Shane House
[2023-02-02T10:03:43.755+0000] {logging_mixin.py:137} INFO - Erin Lee
[2023-02-02T10:03:43.767+0000] {logging_mixin.py:137} INFO - Joseph Gray
[2023-02-02T10:03:43.778+0000] {logging_mixin.py:137} INFO - Betty Gibson
[2023-02-02T10:03:43.789+0000] {logging_mixin.py:137} INFO - Kristen Graham
[2023-02-02T10:03:43.796+0000] {logging_mixin.py:137} INFO - Daniel Meza
[2023-02-02T10:03:43.799+0000] {logging_mixin.py:137} INFO - Sherri Carpenter
[2023-02-02T10:03:43.801+0000] {logging_mixin.py:137} INFO - Andrea Sanchez
[2023-02-02T10:03:43.803+0000] {logging_mixin.py:137} INFO - Jordan Rios
[2023-02-02T10:03:43.807+0000] {logging_mixin.py:137} INFO - Elizabeth Jackson
[2023-02-02T10:03:43.812+0000] {logging_mixin.py:137} INFO - Elizabeth Myers
[2023-02-02T10:03:43.813+0000] {logging_mixin.py:137} INFO - Juan Barnes
[2023-02-02T10:03:43.826+0000] {logging_mixin.py:137} INFO - Christopher Lozano
[2023-02-02T10:03:43.830+0000] {logging_mixin.py:137} INFO - Jacqueline Griffin
[2023-02-02T10:03:43.834+0000] {logging_mixin.py:137} INFO - Ryan Mason
[2023-02-02T10:03:43.838+0000] {logging_mixin.py:137} INFO - Jonathan Moore
[2023-02-02T10:03:43.846+0000] {logging_mixin.py:137} INFO - Abigail Landry
[2023-02-02T10:03:43.861+0000] {logging_mixin.py:137} INFO - Brenda Hernandez
[2023-02-02T10:03:43.871+0000] {logging_mixin.py:137} INFO - Zachary Pitts
[2023-02-02T10:03:43.874+0000] {logging_mixin.py:137} INFO - Amanda Rogers
[2023-02-02T10:03:43.876+0000] {logging_mixin.py:137} INFO - Cynthia Gray
[2023-02-02T10:03:43.878+0000] {logging_mixin.py:137} INFO - Tyler Barajas
[2023-02-02T10:03:43.881+0000] {logging_mixin.py:137} INFO - Michelle Leon
[2023-02-02T10:03:43.882+0000] {logging_mixin.py:137} INFO - Kathy Lang
[2023-02-02T10:03:43.886+0000] {logging_mixin.py:137} INFO - Scott Townsend MD
[2023-02-02T10:03:43.889+0000] {logging_mixin.py:137} INFO - Theresa Acosta
[2023-02-02T10:03:43.900+0000] {logging_mixin.py:137} INFO - David Jones
[2023-02-02T10:03:43.904+0000] {logging_mixin.py:137} INFO - Jeremy Robinson
[2023-02-02T10:03:43.907+0000] {logging_mixin.py:137} INFO - James Newton
[2023-02-02T10:03:43.913+0000] {logging_mixin.py:137} INFO - Tracey Wells
[2023-02-02T10:03:43.916+0000] {logging_mixin.py:137} INFO - Maria Nelson
[2023-02-02T10:03:43.920+0000] {logging_mixin.py:137} INFO - Christopher Griffith
[2023-02-02T10:03:43.927+0000] {logging_mixin.py:137} INFO - Zachary Griffin
[2023-02-02T10:03:43.933+0000] {logging_mixin.py:137} INFO - Amy Nguyen
[2023-02-02T10:03:43.935+0000] {logging_mixin.py:137} INFO - April Williams
[2023-02-02T10:03:43.936+0000] {logging_mixin.py:137} INFO - Marissa Kelly
[2023-02-02T10:03:43.946+0000] {logging_mixin.py:137} INFO - Brian Lopez PhD
[2023-02-02T10:03:43.949+0000] {logging_mixin.py:137} INFO - William Williams
[2023-02-02T10:03:43.951+0000] {logging_mixin.py:137} INFO - Norman Brown
[2023-02-02T10:03:43.953+0000] {logging_mixin.py:137} INFO - Charles Fuentes
[2023-02-02T10:03:43.954+0000] {logging_mixin.py:137} INFO - Anthony Chang
[2023-02-02T10:03:43.956+0000] {logging_mixin.py:137} INFO - Mary Bell
[2023-02-02T10:03:43.957+0000] {logging_mixin.py:137} INFO - Elizabeth Stuart
[2023-02-02T10:03:43.959+0000] {logging_mixin.py:137} INFO - Mary Mcdonald
[2023-02-02T10:03:43.960+0000] {logging_mixin.py:137} INFO - Martin Harrison
[2023-02-02T10:03:43.966+0000] {logging_mixin.py:137} INFO - Stephanie Fernandez
[2023-02-02T10:03:43.968+0000] {logging_mixin.py:137} INFO - Christopher Brown
[2023-02-02T10:03:43.969+0000] {logging_mixin.py:137} INFO - Alexander Stephenson
[2023-02-02T10:03:43.971+0000] {logging_mixin.py:137} INFO - Grace Diaz
[2023-02-02T10:03:43.975+0000] {logging_mixin.py:137} INFO - Frank Bartlett
[2023-02-02T10:03:43.981+0000] {logging_mixin.py:137} INFO - Audrey Andersen
[2023-02-02T10:03:43.983+0000] {logging_mixin.py:137} INFO - David Green
[2023-02-02T10:03:43.986+0000] {logging_mixin.py:137} INFO - Joshua Diaz Jr.
[2023-02-02T10:03:43.988+0000] {logging_mixin.py:137} INFO - Emily Garcia
[2023-02-02T10:03:43.990+0000] {logging_mixin.py:137} INFO - Devin Hall
[2023-02-02T10:03:43.992+0000] {logging_mixin.py:137} INFO - Phillip Garner
[2023-02-02T10:03:43.995+0000] {logging_mixin.py:137} INFO - Katherine Estrada
[2023-02-02T10:03:43.997+0000] {logging_mixin.py:137} INFO - Corey Saunders
[2023-02-02T10:03:44.003+0000] {logging_mixin.py:137} INFO - Kimberly Collins
[2023-02-02T10:03:44.009+0000] {logging_mixin.py:137} INFO - Amy Elliott
[2023-02-02T10:03:44.013+0000] {logging_mixin.py:137} INFO - Tanya Jones
[2023-02-02T10:03:44.014+0000] {logging_mixin.py:137} INFO - Patricia Gonzalez
[2023-02-02T10:03:44.017+0000] {logging_mixin.py:137} INFO - Jennifer Hill
[2023-02-02T10:03:44.022+0000] {logging_mixin.py:137} INFO - John Haynes
[2023-02-02T10:03:44.025+0000] {logging_mixin.py:137} INFO - Jacob Henry
[2023-02-02T10:03:44.027+0000] {logging_mixin.py:137} INFO - Daniel Clark
[2023-02-02T10:03:44.029+0000] {logging_mixin.py:137} INFO - Jonathon Taylor
[2023-02-02T10:03:44.035+0000] {logging_mixin.py:137} INFO - Jesse Evans
[2023-02-02T10:03:44.036+0000] {logging_mixin.py:137} INFO - James Martinez
[2023-02-02T10:03:44.038+0000] {logging_mixin.py:137} INFO - Kyle Reyes
[2023-02-02T10:03:44.041+0000] {logging_mixin.py:137} INFO - Terrence Barker
[2023-02-02T10:03:44.048+0000] {logging_mixin.py:137} INFO - Anthony Washington
[2023-02-02T10:03:44.050+0000] {logging_mixin.py:137} INFO - Dustin Le
[2023-02-02T10:03:44.053+0000] {logging_mixin.py:137} INFO - Bruce Clark
[2023-02-02T10:03:44.059+0000] {logging_mixin.py:137} INFO - Keith Anthony
[2023-02-02T10:03:44.061+0000] {logging_mixin.py:137} INFO - Jeremiah Stone
[2023-02-02T10:03:44.064+0000] {logging_mixin.py:137} INFO - Michael Haley
[2023-02-02T10:03:44.066+0000] {logging_mixin.py:137} INFO - Regina Carrillo
[2023-02-02T10:03:44.073+0000] {logging_mixin.py:137} INFO - Jacob Lee
[2023-02-02T10:03:44.077+0000] {logging_mixin.py:137} INFO - Thomas Gonzalez
[2023-02-02T10:03:44.081+0000] {logging_mixin.py:137} INFO - Mark Lawrence
[2023-02-02T10:03:44.090+0000] {logging_mixin.py:137} INFO - Matthew Anderson
[2023-02-02T10:03:44.099+0000] {logging_mixin.py:137} INFO - Nicholas Young
[2023-02-02T10:03:44.108+0000] {logging_mixin.py:137} INFO - Melvin Martinez
[2023-02-02T10:03:44.111+0000] {logging_mixin.py:137} INFO - Scott Green
[2023-02-02T10:03:44.114+0000] {logging_mixin.py:137} INFO - Dana Richards
[2023-02-02T10:03:44.117+0000] {logging_mixin.py:137} INFO - Lauren Moore
[2023-02-02T10:03:44.118+0000] {logging_mixin.py:137} INFO - Terry Campbell
[2023-02-02T10:03:44.120+0000] {logging_mixin.py:137} INFO - Ralph Jordan
[2023-02-02T10:03:44.123+0000] {logging_mixin.py:137} INFO - Noah Reyes
[2023-02-02T10:03:44.129+0000] {logging_mixin.py:137} INFO - Mr. Gregory Mills MD
[2023-02-02T10:03:44.135+0000] {logging_mixin.py:137} INFO - Michelle Yates
[2023-02-02T10:03:44.138+0000] {logging_mixin.py:137} INFO - Robin Reyes
[2023-02-02T10:03:44.144+0000] {logging_mixin.py:137} INFO - Rebecca Smith
[2023-02-02T10:03:44.153+0000] {logging_mixin.py:137} INFO - Nicole Torres
[2023-02-02T10:03:44.170+0000] {logging_mixin.py:137} INFO - Ronald Jones
[2023-02-02T10:03:44.175+0000] {logging_mixin.py:137} INFO - Michael Castaneda
[2023-02-02T10:03:44.179+0000] {logging_mixin.py:137} INFO - Christopher Krueger
[2023-02-02T10:03:44.187+0000] {logging_mixin.py:137} INFO - Jennifer Werner
[2023-02-02T10:03:44.196+0000] {logging_mixin.py:137} INFO - Ashley Smith
[2023-02-02T10:03:44.203+0000] {logging_mixin.py:137} INFO - Alyssa Fields
[2023-02-02T10:03:44.209+0000] {logging_mixin.py:137} INFO - John Scott
[2023-02-02T10:03:44.218+0000] {logging_mixin.py:137} INFO - Debra Delacruz
[2023-02-02T10:03:44.220+0000] {logging_mixin.py:137} INFO - James Madden
[2023-02-02T10:03:44.235+0000] {logging_mixin.py:137} INFO - Joseph Gentry
[2023-02-02T10:03:44.238+0000] {logging_mixin.py:137} INFO - Ashley Cabrera
[2023-02-02T10:03:44.241+0000] {logging_mixin.py:137} INFO - Jennifer Fernandez
[2023-02-02T10:03:44.243+0000] {logging_mixin.py:137} INFO - James Harris
[2023-02-02T10:03:44.244+0000] {logging_mixin.py:137} INFO - Candice Young
[2023-02-02T10:03:44.246+0000] {logging_mixin.py:137} INFO - Lisa Baker
[2023-02-02T10:03:44.251+0000] {logging_mixin.py:137} INFO - Brian Mills DDS
[2023-02-02T10:03:44.258+0000] {logging_mixin.py:137} INFO - Kristin Smith
[2023-02-02T10:03:44.261+0000] {logging_mixin.py:137} INFO - Jacob Collins
[2023-02-02T10:03:44.265+0000] {logging_mixin.py:137} INFO - Kimberly Harris
[2023-02-02T10:03:44.271+0000] {logging_mixin.py:137} INFO - Michael Hull
[2023-02-02T10:03:44.282+0000] {logging_mixin.py:137} INFO - Caitlin Todd
[2023-02-02T10:03:44.290+0000] {logging_mixin.py:137} INFO - Lisa Harris
[2023-02-02T10:03:44.294+0000] {logging_mixin.py:137} INFO - Mrs. Ann Stone
[2023-02-02T10:03:44.299+0000] {logging_mixin.py:137} INFO - Michelle Case
[2023-02-02T10:03:44.306+0000] {logging_mixin.py:137} INFO - Joe Lowe
[2023-02-02T10:03:44.308+0000] {logging_mixin.py:137} INFO - Randall Dunn
[2023-02-02T10:03:44.311+0000] {logging_mixin.py:137} INFO - Paula Vargas
[2023-02-02T10:03:44.321+0000] {logging_mixin.py:137} INFO - Daniel Walker
[2023-02-02T10:03:44.330+0000] {logging_mixin.py:137} INFO - James Jackson
[2023-02-02T10:03:44.338+0000] {logging_mixin.py:137} INFO - Shirley Woodard
[2023-02-02T10:03:44.346+0000] {logging_mixin.py:137} INFO - James Hayes
[2023-02-02T10:03:44.349+0000] {logging_mixin.py:137} INFO - Megan Austin
[2023-02-02T10:03:44.362+0000] {logging_mixin.py:137} INFO - Erin Robertson
[2023-02-02T10:03:44.370+0000] {logging_mixin.py:137} INFO - Robert Phillips
[2023-02-02T10:03:44.373+0000] {logging_mixin.py:137} INFO - Amy Torres
[2023-02-02T10:03:44.403+0000] {logging_mixin.py:137} INFO - Joshua Cox
[2023-02-02T10:03:44.424+0000] {logging_mixin.py:137} INFO - Duane Grimes
[2023-02-02T10:03:44.438+0000] {logging_mixin.py:137} INFO - Jennifer Burgess
[2023-02-02T10:03:44.446+0000] {logging_mixin.py:137} INFO - Carlos Duran
[2023-02-02T10:03:44.465+0000] {logging_mixin.py:137} INFO - Jason Johnson
[2023-02-02T10:03:44.489+0000] {logging_mixin.py:137} INFO - Cameron Greer
[2023-02-02T10:03:44.527+0000] {logging_mixin.py:137} INFO - Randall Williams
[2023-02-02T10:03:44.548+0000] {logging_mixin.py:137} INFO - Jessica Harris
[2023-02-02T10:03:44.553+0000] {logging_mixin.py:137} INFO - Joshua Rogers
[2023-02-02T10:03:44.562+0000] {logging_mixin.py:137} INFO - Jose Mahoney
[2023-02-02T10:03:44.603+0000] {logging_mixin.py:137} INFO - Brandy Fuentes
[2023-02-02T10:03:44.622+0000] {logging_mixin.py:137} INFO - Angelica Matthews
[2023-02-02T10:03:44.627+0000] {logging_mixin.py:137} INFO - Glenn Caldwell
[2023-02-02T10:03:44.640+0000] {logging_mixin.py:137} INFO - Cristian Delacruz
[2023-02-02T10:03:44.648+0000] {logging_mixin.py:137} INFO - Alexandra Price
[2023-02-02T10:03:44.652+0000] {logging_mixin.py:137} INFO - Heather Wilson
[2023-02-02T10:03:44.655+0000] {logging_mixin.py:137} INFO - Shawn Thompson
[2023-02-02T10:03:44.659+0000] {logging_mixin.py:137} INFO - Anna Daniel
[2023-02-02T10:03:44.665+0000] {logging_mixin.py:137} INFO - Joseph Cisneros
[2023-02-02T10:03:44.670+0000] {logging_mixin.py:137} INFO - Rebecca Estes
[2023-02-02T10:03:44.681+0000] {logging_mixin.py:137} INFO - Jeremy Porter
[2023-02-02T10:03:44.684+0000] {logging_mixin.py:137} INFO - Lisa Mann
[2023-02-02T10:03:44.689+0000] {logging_mixin.py:137} INFO - Michael Woods
[2023-02-02T10:03:44.695+0000] {logging_mixin.py:137} INFO - Madison Thompson
[2023-02-02T10:03:44.708+0000] {logging_mixin.py:137} INFO - Nancy Gomez
[2023-02-02T10:03:44.716+0000] {logging_mixin.py:137} INFO - Julie Blanchard
[2023-02-02T10:03:44.720+0000] {logging_mixin.py:137} INFO - Michael Smith
[2023-02-02T10:03:44.725+0000] {logging_mixin.py:137} INFO - Angel Huber
[2023-02-02T10:03:44.731+0000] {logging_mixin.py:137} INFO - Michael Coffey
[2023-02-02T10:03:44.737+0000] {logging_mixin.py:137} INFO - Patrick Walter
[2023-02-02T10:03:44.738+0000] {logging_mixin.py:137} INFO - Curtis Davis
[2023-02-02T10:03:44.741+0000] {logging_mixin.py:137} INFO - Kyle Stewart
[2023-02-02T10:03:44.743+0000] {logging_mixin.py:137} INFO - Angela Jimenez
[2023-02-02T10:03:44.745+0000] {logging_mixin.py:137} INFO - Andrew Martinez
[2023-02-02T10:03:44.750+0000] {logging_mixin.py:137} INFO - Angela West
[2023-02-02T10:03:44.757+0000] {logging_mixin.py:137} INFO - Ryan Young
[2023-02-02T10:03:44.760+0000] {logging_mixin.py:137} INFO - Nathaniel Evans
[2023-02-02T10:03:44.765+0000] {logging_mixin.py:137} INFO - Dawn Bryant
[2023-02-02T10:03:44.774+0000] {logging_mixin.py:137} INFO - Danielle Lewis
[2023-02-02T10:03:44.779+0000] {logging_mixin.py:137} INFO - Matthew Newman
[2023-02-02T10:03:44.782+0000] {logging_mixin.py:137} INFO - Robert Smith
[2023-02-02T10:03:44.786+0000] {logging_mixin.py:137} INFO - Melissa Hicks
[2023-02-02T10:03:44.789+0000] {logging_mixin.py:137} INFO - Emily Lambert
[2023-02-02T10:03:44.792+0000] {logging_mixin.py:137} INFO - Krystal Wolfe
[2023-02-02T10:03:44.795+0000] {logging_mixin.py:137} INFO - Donna Murillo
[2023-02-02T10:03:44.797+0000] {logging_mixin.py:137} INFO - Carl Hudson
[2023-02-02T10:03:44.799+0000] {logging_mixin.py:137} INFO - Robert Wilson
[2023-02-02T10:03:44.802+0000] {logging_mixin.py:137} INFO - Patrick Mathis
[2023-02-02T10:03:44.805+0000] {logging_mixin.py:137} INFO - Michael Suarez
[2023-02-02T10:03:44.811+0000] {logging_mixin.py:137} INFO - David Johnson
[2023-02-02T10:03:44.817+0000] {logging_mixin.py:137} INFO - William Thompson
[2023-02-02T10:03:44.828+0000] {logging_mixin.py:137} INFO - Jessica Hansen DVM
[2023-02-02T10:03:44.832+0000] {logging_mixin.py:137} INFO - Katherine Friedman
[2023-02-02T10:03:44.834+0000] {logging_mixin.py:137} INFO - Jillian Johnson
[2023-02-02T10:03:44.844+0000] {logging_mixin.py:137} INFO - Robert Mckee
[2023-02-02T10:03:44.856+0000] {logging_mixin.py:137} INFO - Rachel Little
[2023-02-02T10:03:44.861+0000] {logging_mixin.py:137} INFO - Patricia Smith
[2023-02-02T10:03:44.864+0000] {logging_mixin.py:137} INFO - Heidi Martinez
[2023-02-02T10:03:44.866+0000] {logging_mixin.py:137} INFO - Caitlin Solomon
[2023-02-02T10:03:44.869+0000] {logging_mixin.py:137} INFO - Dr. Olivia Pugh
[2023-02-02T10:03:44.871+0000] {logging_mixin.py:137} INFO - John Steele DDS
[2023-02-02T10:03:44.879+0000] {logging_mixin.py:137} INFO - Jeremy Mathews
[2023-02-02T10:03:44.893+0000] {logging_mixin.py:137} INFO - Tiffany Hill
[2023-02-02T10:03:44.898+0000] {logging_mixin.py:137} INFO - Steven Edwards
[2023-02-02T10:03:44.915+0000] {logging_mixin.py:137} INFO - Charles Campbell
[2023-02-02T10:03:44.919+0000] {logging_mixin.py:137} INFO - Brett Hughes
[2023-02-02T10:03:44.922+0000] {logging_mixin.py:137} INFO - Christina Villegas
[2023-02-02T10:03:44.926+0000] {logging_mixin.py:137} INFO - Anthony Garcia
[2023-02-02T10:03:44.934+0000] {logging_mixin.py:137} INFO - Nathan Murphy
[2023-02-02T10:03:44.953+0000] {logging_mixin.py:137} INFO - Steven Dodson
[2023-02-02T10:03:44.975+0000] {logging_mixin.py:137} INFO - Brian Sullivan
[2023-02-02T10:03:44.976+0000] {logging_mixin.py:137} INFO - Renee White
[2023-02-02T10:03:44.987+0000] {logging_mixin.py:137} INFO - Laura Rowland
[2023-02-02T10:03:45.025+0000] {logging_mixin.py:137} INFO - John Moore
[2023-02-02T10:03:45.027+0000] {logging_mixin.py:137} INFO - Sophia Mckenzie
[2023-02-02T10:03:45.053+0000] {logging_mixin.py:137} INFO - David Roach
[2023-02-02T10:03:45.071+0000] {logging_mixin.py:137} INFO - Jennifer Patterson
[2023-02-02T10:03:45.073+0000] {logging_mixin.py:137} INFO - James Richards
[2023-02-02T10:03:45.090+0000] {logging_mixin.py:137} INFO - Mary Johnston
[2023-02-02T10:03:45.092+0000] {logging_mixin.py:137} INFO - Brandon Mcdaniel
[2023-02-02T10:03:45.098+0000] {logging_mixin.py:137} INFO - Meghan Stevenson
[2023-02-02T10:03:45.115+0000] {logging_mixin.py:137} INFO - Luis Hayes
[2023-02-02T10:03:45.117+0000] {logging_mixin.py:137} INFO - Alejandra Sloan
[2023-02-02T10:03:45.134+0000] {logging_mixin.py:137} INFO - Dr. Sandra Miller
[2023-02-02T10:03:45.136+0000] {logging_mixin.py:137} INFO - Dustin Bond
[2023-02-02T10:03:45.152+0000] {logging_mixin.py:137} INFO - Julia Patrick MD
[2023-02-02T10:03:45.174+0000] {logging_mixin.py:137} INFO - Jill Campbell
[2023-02-02T10:03:45.179+0000] {logging_mixin.py:137} INFO - Mark Ford
[2023-02-02T10:03:45.181+0000] {logging_mixin.py:137} INFO - Brian Long
[2023-02-02T10:03:45.185+0000] {logging_mixin.py:137} INFO - Lisa Peterson
[2023-02-02T10:03:45.186+0000] {logging_mixin.py:137} INFO - Matthew Lee
[2023-02-02T10:03:45.188+0000] {logging_mixin.py:137} INFO - Bradley Miller
[2023-02-02T10:03:45.191+0000] {logging_mixin.py:137} INFO - Jeffrey Moss
[2023-02-02T10:03:45.192+0000] {logging_mixin.py:137} INFO - Sara Carlson
[2023-02-02T10:03:45.194+0000] {logging_mixin.py:137} INFO - Daniel Rodriguez
[2023-02-02T10:03:45.196+0000] {logging_mixin.py:137} INFO - Jeremy David
[2023-02-02T10:03:45.197+0000] {logging_mixin.py:137} INFO - Eric Green
[2023-02-02T10:03:45.200+0000] {logging_mixin.py:137} INFO - Alexis Jones
[2023-02-02T10:03:45.203+0000] {logging_mixin.py:137} INFO - Matthew Rose
[2023-02-02T10:03:45.206+0000] {logging_mixin.py:137} INFO - Catherine Anderson
[2023-02-02T10:03:45.207+0000] {logging_mixin.py:137} INFO - Holly Burton
[2023-02-02T10:03:45.209+0000] {logging_mixin.py:137} INFO - David Matthews
[2023-02-02T10:03:45.212+0000] {logging_mixin.py:137} INFO - Mrs. Kara Little
[2023-02-02T10:03:45.214+0000] {logging_mixin.py:137} INFO - Jeffrey Stanley
[2023-02-02T10:03:45.216+0000] {logging_mixin.py:137} INFO - James Ochoa
[2023-02-02T10:03:45.220+0000] {logging_mixin.py:137} INFO - Jason Frye
[2023-02-02T10:03:45.222+0000] {logging_mixin.py:137} INFO - Christopher Ellis
[2023-02-02T10:03:45.224+0000] {logging_mixin.py:137} INFO - Michelle Nixon
[2023-02-02T10:03:45.226+0000] {logging_mixin.py:137} INFO - Andrew Gill
[2023-02-02T10:03:45.228+0000] {logging_mixin.py:137} INFO - Jennifer Wilson
[2023-02-02T10:03:45.229+0000] {logging_mixin.py:137} INFO - Shawn Black
[2023-02-02T10:03:45.231+0000] {logging_mixin.py:137} INFO - April Patterson
[2023-02-02T10:03:45.232+0000] {logging_mixin.py:137} INFO - Troy Vaughn
[2023-02-02T10:03:45.236+0000] {logging_mixin.py:137} INFO - Alexandria White
[2023-02-02T10:03:45.242+0000] {logging_mixin.py:137} INFO - Scott Phillips
[2023-02-02T10:03:45.248+0000] {logging_mixin.py:137} INFO - Zachary Cisneros
[2023-02-02T10:03:45.254+0000] {logging_mixin.py:137} INFO - Deborah Brown
[2023-02-02T10:03:45.261+0000] {logging_mixin.py:137} INFO - Monica Moses
[2023-02-02T10:03:45.265+0000] {logging_mixin.py:137} INFO - Brenda Reyes
[2023-02-02T10:03:45.267+0000] {logging_mixin.py:137} INFO - Miss Renee Allen
[2023-02-02T10:03:45.270+0000] {logging_mixin.py:137} INFO - Susan Clark
[2023-02-02T10:03:45.278+0000] {logging_mixin.py:137} INFO - Brandy Coffey
[2023-02-02T10:03:45.280+0000] {logging_mixin.py:137} INFO - Brett Nelson
[2023-02-02T10:03:45.282+0000] {logging_mixin.py:137} INFO - Ricardo Young
[2023-02-02T10:03:45.284+0000] {logging_mixin.py:137} INFO - Paul Lee
[2023-02-02T10:03:45.286+0000] {logging_mixin.py:137} INFO - David Allen
[2023-02-02T10:03:45.287+0000] {logging_mixin.py:137} INFO - Andrea Knight
[2023-02-02T10:03:45.291+0000] {logging_mixin.py:137} INFO - James Gomez
[2023-02-02T10:03:45.294+0000] {logging_mixin.py:137} INFO - Melody Gibson
[2023-02-02T10:03:45.303+0000] {logging_mixin.py:137} INFO - Christina Martinez
[2023-02-02T10:03:45.320+0000] {logging_mixin.py:137} INFO - Shelby Smith
[2023-02-02T10:03:45.324+0000] {logging_mixin.py:137} INFO - Jason Howard
[2023-02-02T10:03:45.326+0000] {logging_mixin.py:137} INFO - Amy Davidson
[2023-02-02T10:03:45.330+0000] {logging_mixin.py:137} INFO - Kyle Copeland
[2023-02-02T10:03:45.337+0000] {logging_mixin.py:137} INFO - Madeline Davis
[2023-02-02T10:03:45.344+0000] {logging_mixin.py:137} INFO - Aaron Young
[2023-02-02T10:03:45.347+0000] {logging_mixin.py:137} INFO - Lisa Barrett
[2023-02-02T10:03:45.349+0000] {logging_mixin.py:137} INFO - Joel Jones
[2023-02-02T10:03:45.351+0000] {logging_mixin.py:137} INFO - Christine Evans
[2023-02-02T10:03:45.357+0000] {logging_mixin.py:137} INFO - Kimberly Johnson
[2023-02-02T10:03:45.361+0000] {logging_mixin.py:137} INFO - Charles Hess
[2023-02-02T10:03:45.364+0000] {logging_mixin.py:137} INFO - Paul Dixon
[2023-02-02T10:03:45.368+0000] {logging_mixin.py:137} INFO - Christopher Johnson
[2023-02-02T10:03:45.370+0000] {logging_mixin.py:137} INFO - Robert Dawson
[2023-02-02T10:03:45.378+0000] {logging_mixin.py:137} INFO - Ryan Dixon
[2023-02-02T10:03:45.380+0000] {logging_mixin.py:137} INFO - Julie Martinez
[2023-02-02T10:03:45.381+0000] {logging_mixin.py:137} INFO - David Adams
[2023-02-02T10:03:45.382+0000] {logging_mixin.py:137} INFO - Mariah Brown
[2023-02-02T10:03:45.384+0000] {logging_mixin.py:137} INFO - Deborah Malone
[2023-02-02T10:03:45.386+0000] {logging_mixin.py:137} INFO - John Brown
[2023-02-02T10:03:45.394+0000] {logging_mixin.py:137} INFO - Maria Stewart
[2023-02-02T10:03:45.397+0000] {logging_mixin.py:137} INFO - Mr. Bryan Hawkins
[2023-02-02T10:03:45.402+0000] {logging_mixin.py:137} INFO - Kyle Brooks
[2023-02-02T10:03:45.404+0000] {logging_mixin.py:137} INFO - Kenneth White
[2023-02-02T10:03:45.406+0000] {logging_mixin.py:137} INFO - Patricia Wilson
[2023-02-02T10:03:45.407+0000] {logging_mixin.py:137} INFO - Paul Soto
[2023-02-02T10:03:45.409+0000] {logging_mixin.py:137} INFO - Janice Garrett
[2023-02-02T10:03:45.410+0000] {logging_mixin.py:137} INFO - Randy Strickland
[2023-02-02T10:03:45.412+0000] {logging_mixin.py:137} INFO - Felicia Herrera
[2023-02-02T10:03:45.414+0000] {logging_mixin.py:137} INFO - Andre Campos
[2023-02-02T10:03:45.415+0000] {logging_mixin.py:137} INFO - Justin Meyer
[2023-02-02T10:03:45.416+0000] {logging_mixin.py:137} INFO - Brandon Brooks
[2023-02-02T10:03:45.420+0000] {logging_mixin.py:137} INFO - Abigail Rivera
[2023-02-02T10:03:45.425+0000] {logging_mixin.py:137} INFO - Jessica Mann
[2023-02-02T10:03:45.427+0000] {logging_mixin.py:137} INFO - Michael Sawyer
[2023-02-02T10:03:45.430+0000] {logging_mixin.py:137} INFO - Jeffrey Coleman
[2023-02-02T10:03:45.433+0000] {logging_mixin.py:137} INFO - Micheal Castro
[2023-02-02T10:03:45.437+0000] {logging_mixin.py:137} INFO - Laura Gonzalez
[2023-02-02T10:03:45.439+0000] {logging_mixin.py:137} INFO - Christopher Jackson
[2023-02-02T10:03:45.441+0000] {logging_mixin.py:137} INFO - William Mckenzie
[2023-02-02T10:03:45.447+0000] {logging_mixin.py:137} INFO - Kristina Rodriguez
[2023-02-02T10:03:45.454+0000] {logging_mixin.py:137} INFO - Kelli Williams
[2023-02-02T10:03:45.456+0000] {logging_mixin.py:137} INFO - Diane Norris
[2023-02-02T10:03:45.459+0000] {logging_mixin.py:137} INFO - Kevin Carroll
[2023-02-02T10:03:45.461+0000] {logging_mixin.py:137} INFO - Betty Weber
[2023-02-02T10:03:45.484+0000] {logging_mixin.py:137} INFO - Jeffery Robinson
[2023-02-02T10:03:45.486+0000] {logging_mixin.py:137} INFO - Hannah Cowan
[2023-02-02T10:03:45.490+0000] {logging_mixin.py:137} INFO - Brian Kramer
[2023-02-02T10:03:45.492+0000] {logging_mixin.py:137} INFO - Anthony Roberts
[2023-02-02T10:03:45.494+0000] {logging_mixin.py:137} INFO - Ricardo Blankenship
[2023-02-02T10:03:45.495+0000] {logging_mixin.py:137} INFO - Brooke Collins
[2023-02-02T10:03:45.502+0000] {logging_mixin.py:137} INFO - Tammy Lawson
[2023-02-02T10:03:45.506+0000] {logging_mixin.py:137} INFO - Cody Miller
[2023-02-02T10:03:45.509+0000] {logging_mixin.py:137} INFO - Dr. Janice Salazar
[2023-02-02T10:03:45.515+0000] {logging_mixin.py:137} INFO - David West
[2023-02-02T10:03:45.516+0000] {logging_mixin.py:137} INFO - Robin Carpenter
[2023-02-02T10:03:45.518+0000] {logging_mixin.py:137} INFO - Monique Wall
[2023-02-02T10:03:45.521+0000] {logging_mixin.py:137} INFO - Charles Cardenas
[2023-02-02T10:03:45.528+0000] {logging_mixin.py:137} INFO - Valerie Mitchell
[2023-02-02T10:03:45.530+0000] {logging_mixin.py:137} INFO - Michelle Valenzuela
[2023-02-02T10:03:45.531+0000] {logging_mixin.py:137} INFO - William Poole
[2023-02-02T10:03:45.533+0000] {logging_mixin.py:137} INFO - James Hall
[2023-02-02T10:03:45.534+0000] {logging_mixin.py:137} INFO - Dylan Carpenter
[2023-02-02T10:03:45.537+0000] {logging_mixin.py:137} INFO - Linda Medina
[2023-02-02T10:03:45.541+0000] {logging_mixin.py:137} INFO - Joan White
[2023-02-02T10:03:45.549+0000] {logging_mixin.py:137} INFO - Mary Klein
[2023-02-02T10:03:45.551+0000] {logging_mixin.py:137} INFO - Ashley Wolf
[2023-02-02T10:03:45.554+0000] {logging_mixin.py:137} INFO - William Reed
[2023-02-02T10:03:45.557+0000] {logging_mixin.py:137} INFO - Derek Harvey
[2023-02-02T10:03:45.559+0000] {logging_mixin.py:137} INFO - Kathleen Rodriguez
[2023-02-02T10:03:45.563+0000] {logging_mixin.py:137} INFO - Andrew Rodriguez
[2023-02-02T10:03:45.569+0000] {logging_mixin.py:137} INFO - Ariel Frank
[2023-02-02T10:03:45.579+0000] {logging_mixin.py:137} INFO - Tina French
[2023-02-02T10:03:45.584+0000] {logging_mixin.py:137} INFO - Brent Waller
[2023-02-02T10:03:45.589+0000] {logging_mixin.py:137} INFO - Kevin Allen
[2023-02-02T10:03:45.592+0000] {logging_mixin.py:137} INFO - Xavier Walker
[2023-02-02T10:03:45.594+0000] {logging_mixin.py:137} INFO - Michelle Sanchez
[2023-02-02T10:03:45.596+0000] {logging_mixin.py:137} INFO - Rachael Shepard
[2023-02-02T10:03:45.604+0000] {logging_mixin.py:137} INFO - Kelsey Johnson
[2023-02-02T10:03:45.609+0000] {logging_mixin.py:137} INFO - Nicole Webb
[2023-02-02T10:03:45.613+0000] {logging_mixin.py:137} INFO - Nicholas Rodriguez
[2023-02-02T10:03:45.617+0000] {logging_mixin.py:137} INFO - Eric Vaughan
[2023-02-02T10:03:45.620+0000] {logging_mixin.py:137} INFO - Amanda Richardson
[2023-02-02T10:03:45.622+0000] {logging_mixin.py:137} INFO - Janice Carlson
[2023-02-02T10:03:45.624+0000] {logging_mixin.py:137} INFO - Darryl Walsh
[2023-02-02T10:03:45.634+0000] {logging_mixin.py:137} INFO - Heather Johnson
[2023-02-02T10:03:45.637+0000] {logging_mixin.py:137} INFO - Mark Chambers
[2023-02-02T10:03:45.649+0000] {logging_mixin.py:137} INFO - Tracy Burns
[2023-02-02T10:03:45.651+0000] {logging_mixin.py:137} INFO - John Cole
[2023-02-02T10:03:45.656+0000] {logging_mixin.py:137} INFO - Deborah Silva
[2023-02-02T10:03:45.665+0000] {logging_mixin.py:137} INFO - Shawn Hernandez
[2023-02-02T10:03:45.669+0000] {logging_mixin.py:137} INFO - Bethany Meyer
[2023-02-02T10:03:45.671+0000] {logging_mixin.py:137} INFO - Helen Smith
[2023-02-02T10:03:45.680+0000] {logging_mixin.py:137} INFO - Dana Dennis
[2023-02-02T10:03:45.693+0000] {logging_mixin.py:137} INFO - Kelsey Camacho
[2023-02-02T10:03:45.699+0000] {logging_mixin.py:137} INFO - Matthew Thomas
[2023-02-02T10:03:45.701+0000] {logging_mixin.py:137} INFO - Brittany Arellano
[2023-02-02T10:03:45.703+0000] {logging_mixin.py:137} INFO - Stacey Jones
[2023-02-02T10:03:45.709+0000] {logging_mixin.py:137} INFO - William Weeks
[2023-02-02T10:03:45.710+0000] {logging_mixin.py:137} INFO - Mark Beasley
[2023-02-02T10:03:45.711+0000] {logging_mixin.py:137} INFO - Bruce Pena
[2023-02-02T10:03:45.712+0000] {logging_mixin.py:137} INFO - Jeffery Smith
[2023-02-02T10:03:45.713+0000] {logging_mixin.py:137} INFO - Ann Deleon
[2023-02-02T10:03:45.715+0000] {logging_mixin.py:137} INFO - Kevin Robertson
[2023-02-02T10:03:45.716+0000] {logging_mixin.py:137} INFO - Vincent Willis MD
[2023-02-02T10:03:45.718+0000] {logging_mixin.py:137} INFO - Michael Nielsen
[2023-02-02T10:03:45.720+0000] {logging_mixin.py:137} INFO - Walter Koch
[2023-02-02T10:03:45.722+0000] {logging_mixin.py:137} INFO - Brian Vega
[2023-02-02T10:03:45.724+0000] {logging_mixin.py:137} INFO - Jeffrey Medina
[2023-02-02T10:03:45.726+0000] {logging_mixin.py:137} INFO - Erika Banks
[2023-02-02T10:03:45.730+0000] {logging_mixin.py:137} INFO - Stacey Griffin
[2023-02-02T10:03:45.736+0000] {logging_mixin.py:137} INFO - Michael Marsh
[2023-02-02T10:03:45.738+0000] {logging_mixin.py:137} INFO - Molly White
[2023-02-02T10:03:45.739+0000] {logging_mixin.py:137} INFO - Matthew Morrison
[2023-02-02T10:03:45.741+0000] {logging_mixin.py:137} INFO - Amanda Burns
[2023-02-02T10:03:45.743+0000] {logging_mixin.py:137} INFO - Emily Gonzalez DDS
[2023-02-02T10:03:45.744+0000] {logging_mixin.py:137} INFO - Gregory King
[2023-02-02T10:03:45.746+0000] {logging_mixin.py:137} INFO - Dennis Evans
[2023-02-02T10:03:45.748+0000] {logging_mixin.py:137} INFO - Christina Snyder
[2023-02-02T10:03:45.749+0000] {logging_mixin.py:137} INFO - Carolyn Mata
[2023-02-02T10:03:45.758+0000] {logging_mixin.py:137} INFO - Brandy Lawson
[2023-02-02T10:03:45.764+0000] {logging_mixin.py:137} INFO - Briana Christian
[2023-02-02T10:03:45.770+0000] {logging_mixin.py:137} INFO - Jeffrey Hernandez
[2023-02-02T10:03:45.776+0000] {logging_mixin.py:137} INFO - John Riggs
[2023-02-02T10:03:45.778+0000] {logging_mixin.py:137} INFO - Barbara Short
[2023-02-02T10:03:45.785+0000] {logging_mixin.py:137} INFO - Steven Brooks
[2023-02-02T10:03:45.792+0000] {logging_mixin.py:137} INFO - Gabrielle James
[2023-02-02T10:03:45.793+0000] {logging_mixin.py:137} INFO - Robert Young
[2023-02-02T10:03:45.795+0000] {logging_mixin.py:137} INFO - Derek Sanders
[2023-02-02T10:03:45.803+0000] {logging_mixin.py:137} INFO - Mallory Oliver
[2023-02-02T10:03:45.807+0000] {logging_mixin.py:137} INFO - Terry Howe
[2023-02-02T10:03:45.810+0000] {logging_mixin.py:137} INFO - Samuel Wallace
[2023-02-02T10:03:45.811+0000] {logging_mixin.py:137} INFO - Angel Jones
[2023-02-02T10:03:45.813+0000] {logging_mixin.py:137} INFO - Jacqueline Nichols
[2023-02-02T10:03:45.821+0000] {logging_mixin.py:137} INFO - Melissa Mcgee
[2023-02-02T10:03:45.830+0000] {logging_mixin.py:137} INFO - Michelle Smith
[2023-02-02T10:03:45.841+0000] {logging_mixin.py:137} INFO - Maureen Baxter
[2023-02-02T10:03:45.842+0000] {logging_mixin.py:137} INFO - Kathy Crawford
[2023-02-02T10:03:45.844+0000] {logging_mixin.py:137} INFO - Stacy Wood
[2023-02-02T10:03:45.845+0000] {logging_mixin.py:137} INFO - Justin Parsons
[2023-02-02T10:03:45.847+0000] {logging_mixin.py:137} INFO - Ann Klein
[2023-02-02T10:03:45.849+0000] {logging_mixin.py:137} INFO - Allison Arnold
[2023-02-02T10:03:45.850+0000] {logging_mixin.py:137} INFO - Heather Kirk
[2023-02-02T10:03:45.857+0000] {logging_mixin.py:137} INFO - Monica Smith
[2023-02-02T10:03:45.863+0000] {logging_mixin.py:137} INFO - Brett Oconnor
[2023-02-02T10:03:45.868+0000] {logging_mixin.py:137} INFO - Anthony Bryant
[2023-02-02T10:03:45.877+0000] {logging_mixin.py:137} INFO - Jeremy Russell
[2023-02-02T10:03:45.881+0000] {logging_mixin.py:137} INFO - Julie Poole
[2023-02-02T10:03:45.888+0000] {logging_mixin.py:137} INFO - Emma Thompson
[2023-02-02T10:03:45.891+0000] {logging_mixin.py:137} INFO - Bradley Matthews
[2023-02-02T10:03:45.902+0000] {logging_mixin.py:137} INFO - William Roberts
[2023-02-02T10:03:45.947+0000] {logging_mixin.py:137} INFO - Julie Mooney
[2023-02-02T10:03:45.952+0000] {logging_mixin.py:137} INFO - Amy Doyle
[2023-02-02T10:03:45.959+0000] {logging_mixin.py:137} INFO - Amanda Grant
[2023-02-02T10:03:45.988+0000] {logging_mixin.py:137} INFO - Eric Anderson
[2023-02-02T10:03:45.996+0000] {logging_mixin.py:137} INFO - George Thompson
[2023-02-02T10:03:46.002+0000] {logging_mixin.py:137} INFO - Dustin Hines
[2023-02-02T10:03:46.016+0000] {logging_mixin.py:137} INFO - Andrea Frank
[2023-02-02T10:03:46.055+0000] {logging_mixin.py:137} INFO - Jodi Cook
[2023-02-02T10:03:46.059+0000] {logging_mixin.py:137} INFO - Stacy Haney
[2023-02-02T10:03:46.065+0000] {logging_mixin.py:137} INFO - Paul Callahan
[2023-02-02T10:03:46.067+0000] {logging_mixin.py:137} INFO - Jasmine Chambers
[2023-02-02T10:03:46.074+0000] {logging_mixin.py:137} INFO - Melissa Pittman MD
[2023-02-02T10:03:46.086+0000] {logging_mixin.py:137} INFO - Deborah Larson
[2023-02-02T10:03:46.111+0000] {logging_mixin.py:137} INFO - Brandon Shaw
[2023-02-02T10:03:46.116+0000] {logging_mixin.py:137} INFO - Timothy Paul
[2023-02-02T10:03:46.129+0000] {logging_mixin.py:137} INFO - Michael Trujillo
[2023-02-02T10:03:46.132+0000] {logging_mixin.py:137} INFO - Robert Rivera
[2023-02-02T10:03:46.141+0000] {logging_mixin.py:137} INFO - Dana Nelson
[2023-02-02T10:03:46.148+0000] {logging_mixin.py:137} INFO - Andrea Bennett
[2023-02-02T10:03:46.158+0000] {logging_mixin.py:137} INFO - Jodi Fox
[2023-02-02T10:03:46.165+0000] {logging_mixin.py:137} INFO - Heather Hayes
[2023-02-02T10:03:46.172+0000] {logging_mixin.py:137} INFO - Jennifer Moreno
[2023-02-02T10:03:46.180+0000] {logging_mixin.py:137} INFO - John Patel
[2023-02-02T10:03:46.183+0000] {logging_mixin.py:137} INFO - Teresa Oliver
[2023-02-02T10:03:46.193+0000] {logging_mixin.py:137} INFO - Monique Bell
[2023-02-02T10:03:46.200+0000] {logging_mixin.py:137} INFO - Casey Leonard
[2023-02-02T10:03:46.214+0000] {logging_mixin.py:137} INFO - Steven Clark
[2023-02-02T10:03:46.223+0000] {logging_mixin.py:137} INFO - Edward Martin
[2023-02-02T10:03:46.226+0000] {logging_mixin.py:137} INFO - Shawn Orozco
[2023-02-02T10:03:46.241+0000] {logging_mixin.py:137} INFO - Brandon Yang
[2023-02-02T10:03:46.242+0000] {logging_mixin.py:137} INFO - Nathan Ray
[2023-02-02T10:03:46.245+0000] {logging_mixin.py:137} INFO - Lori Moore
[2023-02-02T10:03:46.254+0000] {logging_mixin.py:137} INFO - Dr. Lisa Shaw DVM
[2023-02-02T10:03:46.256+0000] {logging_mixin.py:137} INFO - Angela Walters
[2023-02-02T10:03:46.267+0000] {logging_mixin.py:137} INFO - David Nolan
[2023-02-02T10:03:46.270+0000] {logging_mixin.py:137} INFO - William Ramsey
[2023-02-02T10:03:46.282+0000] {logging_mixin.py:137} INFO - David Oconnor
[2023-02-02T10:03:46.287+0000] {logging_mixin.py:137} INFO - Mark Washington
[2023-02-02T10:03:46.294+0000] {logging_mixin.py:137} INFO - Jennifer Jacobs
[2023-02-02T10:03:46.304+0000] {logging_mixin.py:137} INFO - Tammy Hampton
[2023-02-02T10:03:46.309+0000] {logging_mixin.py:137} INFO - Stephen Farmer
[2023-02-02T10:03:46.312+0000] {logging_mixin.py:137} INFO - Jasmine Nguyen
[2023-02-02T10:03:46.314+0000] {logging_mixin.py:137} INFO - Rebecca Flores
[2023-02-02T10:03:46.316+0000] {logging_mixin.py:137} INFO - Tyler Davis
[2023-02-02T10:03:46.320+0000] {logging_mixin.py:137} INFO - Nancy Gray
[2023-02-02T10:03:46.327+0000] {logging_mixin.py:137} INFO - Brian Sanchez
[2023-02-02T10:03:46.331+0000] {logging_mixin.py:137} INFO - Laurie Shaw
[2023-02-02T10:03:46.333+0000] {logging_mixin.py:137} INFO - Kristina Torres
[2023-02-02T10:03:46.343+0000] {logging_mixin.py:137} INFO - Andrea Rodgers
[2023-02-02T10:03:46.356+0000] {logging_mixin.py:137} INFO - Jason Walters
[2023-02-02T10:03:46.360+0000] {logging_mixin.py:137} INFO - Jerry Moss
[2023-02-02T10:03:46.363+0000] {logging_mixin.py:137} INFO - Jeffrey Jordan
[2023-02-02T10:03:46.365+0000] {logging_mixin.py:137} INFO - Jennifer Wilson
[2023-02-02T10:03:46.367+0000] {logging_mixin.py:137} INFO - Trevor Mathews
[2023-02-02T10:03:46.373+0000] {logging_mixin.py:137} INFO - Anne Hood
[2023-02-02T10:03:46.380+0000] {logging_mixin.py:137} INFO - Sarah Williams
[2023-02-02T10:03:46.382+0000] {logging_mixin.py:137} INFO - Shelby Hernandez
[2023-02-02T10:03:46.385+0000] {logging_mixin.py:137} INFO - Samantha Velez
[2023-02-02T10:03:46.389+0000] {logging_mixin.py:137} INFO - Matthew Douglas
[2023-02-02T10:03:46.396+0000] {logging_mixin.py:137} INFO - Ashlee George
[2023-02-02T10:03:46.403+0000] {logging_mixin.py:137} INFO - Troy Crane
[2023-02-02T10:03:46.406+0000] {logging_mixin.py:137} INFO - Michael Cooper
[2023-02-02T10:03:46.414+0000] {logging_mixin.py:137} INFO - Michael White
[2023-02-02T10:03:46.415+0000] {logging_mixin.py:137} INFO - Mr. Timothy Fleming
[2023-02-02T10:03:46.419+0000] {logging_mixin.py:137} INFO - Seth Bruce
[2023-02-02T10:03:46.421+0000] {logging_mixin.py:137} INFO - Jacqueline Carpenter
[2023-02-02T10:03:46.424+0000] {logging_mixin.py:137} INFO - Michael Martin
[2023-02-02T10:03:46.426+0000] {logging_mixin.py:137} INFO - Kristopher Henry
[2023-02-02T10:03:46.430+0000] {logging_mixin.py:137} INFO - Tiffany Porter
[2023-02-02T10:03:46.433+0000] {logging_mixin.py:137} INFO - Stacy Simpson
[2023-02-02T10:03:46.436+0000] {logging_mixin.py:137} INFO - Tammy Mcdowell
[2023-02-02T10:03:46.438+0000] {logging_mixin.py:137} INFO - Thomas Walters
[2023-02-02T10:03:46.439+0000] {logging_mixin.py:137} INFO - Dwayne Thompson
[2023-02-02T10:03:46.441+0000] {logging_mixin.py:137} INFO - Natalie Willis
[2023-02-02T10:03:46.445+0000] {logging_mixin.py:137} INFO - Sharon Taylor
[2023-02-02T10:03:46.448+0000] {logging_mixin.py:137} INFO - Sarah Wiggins
[2023-02-02T10:03:46.451+0000] {logging_mixin.py:137} INFO - Amber Thomas
[2023-02-02T10:03:46.455+0000] {logging_mixin.py:137} INFO - Patrick Miller
[2023-02-02T10:03:46.458+0000] {logging_mixin.py:137} INFO - Stephanie Hartman
[2023-02-02T10:03:46.459+0000] {logging_mixin.py:137} INFO - Stacey Mora
[2023-02-02T10:03:46.462+0000] {logging_mixin.py:137} INFO - Katherine Rodriguez
[2023-02-02T10:03:46.466+0000] {logging_mixin.py:137} INFO - Daniel Morgan
[2023-02-02T10:03:46.468+0000] {logging_mixin.py:137} INFO - Rebecca Martinez
[2023-02-02T10:03:46.470+0000] {logging_mixin.py:137} INFO - Nicole Juarez
[2023-02-02T10:03:46.474+0000] {logging_mixin.py:137} INFO - Mark Arroyo
[2023-02-02T10:03:46.475+0000] {logging_mixin.py:137} INFO - April Lucero
[2023-02-02T10:03:46.477+0000] {logging_mixin.py:137} INFO - Samantha Garcia
[2023-02-02T10:03:46.479+0000] {logging_mixin.py:137} INFO - Jon Moore
[2023-02-02T10:03:46.480+0000] {logging_mixin.py:137} INFO - Joshua Flores MD
[2023-02-02T10:03:46.482+0000] {logging_mixin.py:137} INFO - Raymond Jones
[2023-02-02T10:03:46.483+0000] {logging_mixin.py:137} INFO - Billy Hughes
[2023-02-02T10:03:46.484+0000] {logging_mixin.py:137} INFO - Peggy Valdez PhD
[2023-02-02T10:03:46.486+0000] {logging_mixin.py:137} INFO - Joshua Reyes
[2023-02-02T10:03:46.489+0000] {logging_mixin.py:137} INFO - Aaron Green
[2023-02-02T10:03:46.491+0000] {logging_mixin.py:137} INFO - Wendy Espinoza
[2023-02-02T10:03:46.493+0000] {logging_mixin.py:137} INFO - Peter Vasquez
[2023-02-02T10:03:46.495+0000] {logging_mixin.py:137} INFO - Diane Harper
[2023-02-02T10:03:46.503+0000] {logging_mixin.py:137} INFO - Ms. Rebecca Cantu
[2023-02-02T10:03:46.510+0000] {logging_mixin.py:137} INFO - Yolanda Morrow
[2023-02-02T10:03:46.513+0000] {logging_mixin.py:137} INFO - Penny Beard
[2023-02-02T10:03:46.516+0000] {logging_mixin.py:137} INFO - Lisa Long
[2023-02-02T10:03:46.520+0000] {logging_mixin.py:137} INFO - Jerry Harris
[2023-02-02T10:03:46.525+0000] {logging_mixin.py:137} INFO - Bob Willis
[2023-02-02T10:03:46.527+0000] {logging_mixin.py:137} INFO - Duane Chapman
[2023-02-02T10:03:46.528+0000] {logging_mixin.py:137} INFO - William Morgan
[2023-02-02T10:03:46.530+0000] {logging_mixin.py:137} INFO - Amy Gutierrez
[2023-02-02T10:03:46.533+0000] {logging_mixin.py:137} INFO - Amber Nichols
[2023-02-02T10:03:46.539+0000] {logging_mixin.py:137} INFO - Matthew Carr
[2023-02-02T10:03:46.544+0000] {logging_mixin.py:137} INFO - Thomas Duncan
[2023-02-02T10:03:46.548+0000] {logging_mixin.py:137} INFO - Elizabeth Wright
[2023-02-02T10:03:46.550+0000] {logging_mixin.py:137} INFO - Jacqueline Brewer
[2023-02-02T10:03:46.551+0000] {logging_mixin.py:137} INFO - Stephanie Johnson
[2023-02-02T10:03:46.553+0000] {logging_mixin.py:137} INFO - Samantha Calderon
[2023-02-02T10:03:46.560+0000] {logging_mixin.py:137} INFO - Kathryn Gaines
[2023-02-02T10:03:46.561+0000] {logging_mixin.py:137} INFO - Angel Jones
[2023-02-02T10:03:46.565+0000] {logging_mixin.py:137} INFO - Laura Wall
[2023-02-02T10:03:46.568+0000] {logging_mixin.py:137} INFO - Mr. Anthony Hamilton
[2023-02-02T10:03:46.570+0000] {logging_mixin.py:137} INFO - David Smith
[2023-02-02T10:03:46.579+0000] {logging_mixin.py:137} INFO - Kimberly Herrera DDS
[2023-02-02T10:03:46.588+0000] {logging_mixin.py:137} INFO - Gina Wilson
[2023-02-02T10:03:46.593+0000] {logging_mixin.py:137} INFO - Timothy Byrd
[2023-02-02T10:03:46.599+0000] {logging_mixin.py:137} INFO - Michael Mckenzie
[2023-02-02T10:03:46.605+0000] {logging_mixin.py:137} INFO - Jeffrey Mcintyre
[2023-02-02T10:03:46.613+0000] {logging_mixin.py:137} INFO - Teresa Jackson
[2023-02-02T10:03:46.616+0000] {logging_mixin.py:137} INFO - Joseph Wilcox
[2023-02-02T10:03:46.617+0000] {logging_mixin.py:137} INFO - Patrick Mcknight
[2023-02-02T10:03:46.619+0000] {logging_mixin.py:137} INFO - Ronald Moreno
[2023-02-02T10:03:46.622+0000] {logging_mixin.py:137} INFO - Jamie Sullivan
[2023-02-02T10:03:46.625+0000] {logging_mixin.py:137} INFO - Jason Anderson
[2023-02-02T10:03:46.627+0000] {logging_mixin.py:137} INFO - Steven Stewart
[2023-02-02T10:03:46.628+0000] {logging_mixin.py:137} INFO - Melinda Paul
[2023-02-02T10:03:46.629+0000] {logging_mixin.py:137} INFO - Cynthia Simmons
[2023-02-02T10:03:46.631+0000] {logging_mixin.py:137} INFO - Christian Smith
[2023-02-02T10:03:46.632+0000] {logging_mixin.py:137} INFO - William Jimenez
[2023-02-02T10:03:46.636+0000] {logging_mixin.py:137} INFO - Hayley French
[2023-02-02T10:03:46.641+0000] {logging_mixin.py:137} INFO - Brandon Hess
[2023-02-02T10:03:46.651+0000] {logging_mixin.py:137} INFO - Laura Perry
[2023-02-02T10:03:46.658+0000] {logging_mixin.py:137} INFO - Scott Jones
[2023-02-02T10:03:46.661+0000] {logging_mixin.py:137} INFO - Christine Hernandez
[2023-02-02T10:03:46.663+0000] {logging_mixin.py:137} INFO - Douglas Eaton
[2023-02-02T10:03:46.666+0000] {logging_mixin.py:137} INFO - William Soto
[2023-02-02T10:03:46.668+0000] {logging_mixin.py:137} INFO - Mary Jones
[2023-02-02T10:03:46.669+0000] {logging_mixin.py:137} INFO - Stephanie Holmes
[2023-02-02T10:03:46.673+0000] {logging_mixin.py:137} INFO - Keith Meyers
[2023-02-02T10:03:46.676+0000] {logging_mixin.py:137} INFO - Paul Fisher
[2023-02-02T10:03:46.682+0000] {logging_mixin.py:137} INFO - Emily Alexander
[2023-02-02T10:03:46.685+0000] {logging_mixin.py:137} INFO - Anthony Schwartz
[2023-02-02T10:03:46.693+0000] {logging_mixin.py:137} INFO - Evelyn Jacobs
[2023-02-02T10:03:46.700+0000] {logging_mixin.py:137} INFO - Connie Jones
[2023-02-02T10:03:46.704+0000] {logging_mixin.py:137} INFO - Carla Gibbs
[2023-02-02T10:03:46.712+0000] {logging_mixin.py:137} INFO - Ashley Santiago
[2023-02-02T10:03:46.715+0000] {logging_mixin.py:137} INFO - Micheal Mckee
[2023-02-02T10:03:46.719+0000] {logging_mixin.py:137} INFO - Diane Williams
[2023-02-02T10:03:46.721+0000] {logging_mixin.py:137} INFO - Jesse Velasquez
[2023-02-02T10:03:46.723+0000] {logging_mixin.py:137} INFO - Jennifer Rodriguez
[2023-02-02T10:03:46.725+0000] {logging_mixin.py:137} INFO - Joe Griffin
[2023-02-02T10:03:46.746+0000] {logging_mixin.py:137} INFO - Gary Cherry
[2023-02-02T10:03:46.771+0000] {logging_mixin.py:137} INFO - Alyssa Edwards
[2023-02-02T10:03:46.774+0000] {logging_mixin.py:137} INFO - Caroline Hernandez MD
[2023-02-02T10:03:46.776+0000] {logging_mixin.py:137} INFO - Jessica Morton
[2023-02-02T10:03:46.778+0000] {logging_mixin.py:137} INFO - Holly Jones
[2023-02-02T10:03:46.779+0000] {logging_mixin.py:137} INFO - David Shelton
[2023-02-02T10:03:46.783+0000] {logging_mixin.py:137} INFO - Kristina Parks
[2023-02-02T10:03:46.784+0000] {logging_mixin.py:137} INFO - Laurie Hernandez
[2023-02-02T10:03:46.785+0000] {logging_mixin.py:137} INFO - Melissa James
[2023-02-02T10:03:46.788+0000] {logging_mixin.py:137} INFO - Jeremiah Adams
[2023-02-02T10:03:46.798+0000] {logging_mixin.py:137} INFO - Arthur Robinson
[2023-02-02T10:03:46.800+0000] {logging_mixin.py:137} INFO - Anna Shepard
[2023-02-02T10:03:46.805+0000] {logging_mixin.py:137} INFO - Brandon Myers
[2023-02-02T10:03:46.806+0000] {logging_mixin.py:137} INFO - Paul Cardenas
[2023-02-02T10:03:46.808+0000] {logging_mixin.py:137} INFO - Megan Santana
[2023-02-02T10:03:46.810+0000] {logging_mixin.py:137} INFO - Joseph Marshall
[2023-02-02T10:03:46.811+0000] {logging_mixin.py:137} INFO - Mrs. Brenda Harris
[2023-02-02T10:03:46.818+0000] {logging_mixin.py:137} INFO - Nicole Garcia
[2023-02-02T10:03:46.828+0000] {logging_mixin.py:137} INFO - Anna Estrada
[2023-02-02T10:03:46.833+0000] {logging_mixin.py:137} INFO - Carl Moore
[2023-02-02T10:03:46.835+0000] {logging_mixin.py:137} INFO - Rodney Hernandez
[2023-02-02T10:03:46.841+0000] {logging_mixin.py:137} INFO - Madison Christian
[2023-02-02T10:03:46.844+0000] {logging_mixin.py:137} INFO - Heather Rhodes
[2023-02-02T10:03:46.880+0000] {python.py:177} INFO - Done. Returned value was: None
[2023-02-02T10:03:47.100+0000] {taskinstance.py:1323} INFO - Marking task as SUCCESS. dag_id=CSV_DAG, task_id=convertCSVToJson, execution_date=20230202T072000, start_date=20230202T100341, end_date=20230202T100347
[2023-02-02T10:03:47.202+0000] {local_task_job.py:208} INFO - Task exited with return code 0
[2023-02-02T10:03:47.259+0000] {taskinstance.py:2578} INFO - 0 downstream tasks scheduled from follow-on schedule check
