[2023-02-01T19:08:07.176+0000] {taskinstance.py:1083} INFO - Dependencies all met for <TaskInstance: CSV_DAG.convertCSVToJson scheduled__2023-02-01T07:40:00+00:00 [queued]>
[2023-02-01T19:08:07.292+0000] {taskinstance.py:1083} INFO - Dependencies all met for <TaskInstance: CSV_DAG.convertCSVToJson scheduled__2023-02-01T07:40:00+00:00 [queued]>
[2023-02-01T19:08:07.299+0000] {taskinstance.py:1279} INFO - 
--------------------------------------------------------------------------------
[2023-02-01T19:08:07.302+0000] {taskinstance.py:1280} INFO - Starting attempt 1 of 2
[2023-02-01T19:08:07.306+0000] {taskinstance.py:1281} INFO - 
--------------------------------------------------------------------------------
[2023-02-01T19:08:07.458+0000] {taskinstance.py:1300} INFO - Executing <Task(PythonOperator): convertCSVToJson> on 2023-02-01 07:40:00+00:00
[2023-02-01T19:08:07.485+0000] {standard_task_runner.py:55} INFO - Started process 816 to run task
[2023-02-01T19:08:07.528+0000] {standard_task_runner.py:82} INFO - Running: ['***', 'tasks', 'run', 'CSV_DAG', 'convertCSVToJson', 'scheduled__2023-02-01T07:40:00+00:00', '--job-id', '219', '--raw', '--subdir', 'DAGS_FOLDER/csv.py', '--cfg-path', '/tmp/tmpqbem0_h1']
[2023-02-01T19:08:07.534+0000] {standard_task_runner.py:83} INFO - Job 219: Subtask convertCSVToJson
[2023-02-01T19:08:07.897+0000] {task_command.py:388} INFO - Running <TaskInstance: CSV_DAG.convertCSVToJson scheduled__2023-02-01T07:40:00+00:00 [running]> on host 06d8060e8530
[2023-02-01T19:08:08.409+0000] {taskinstance.py:1509} INFO - Exporting the following env vars:
AIRFLOW_CTX_DAG_OWNER=Kevin Chalmers
AIRFLOW_CTX_DAG_ID=CSV_DAG
AIRFLOW_CTX_TASK_ID=convertCSVToJson
AIRFLOW_CTX_EXECUTION_DATE=2023-02-01T07:40:00+00:00
AIRFLOW_CTX_TRY_NUMBER=1
AIRFLOW_CTX_DAG_RUN_ID=scheduled__2023-02-01T07:40:00+00:00
[2023-02-01T19:08:08.461+0000] {logging_mixin.py:137} INFO - Angelica Lopez
[2023-02-01T19:08:08.475+0000] {logging_mixin.py:137} INFO - Betty Wright
[2023-02-01T19:08:08.486+0000] {logging_mixin.py:137} INFO - Sara Schmidt
[2023-02-01T19:08:08.493+0000] {logging_mixin.py:137} INFO - Dr. Sherry Rodriguez
[2023-02-01T19:08:08.495+0000] {logging_mixin.py:137} INFO - Rebecca Mills
[2023-02-01T19:08:08.497+0000] {logging_mixin.py:137} INFO - Andrew Anderson
[2023-02-01T19:08:08.504+0000] {logging_mixin.py:137} INFO - Martin Everett
[2023-02-01T19:08:08.508+0000] {logging_mixin.py:137} INFO - Felicia Gregory
[2023-02-01T19:08:08.511+0000] {logging_mixin.py:137} INFO - Kara Bowers
[2023-02-01T19:08:08.514+0000] {logging_mixin.py:137} INFO - Vincent Vincent
[2023-02-01T19:08:08.517+0000] {logging_mixin.py:137} INFO - Morgan Butler
[2023-02-01T19:08:08.521+0000] {logging_mixin.py:137} INFO - Stephen Riley
[2023-02-01T19:08:08.529+0000] {logging_mixin.py:137} INFO - Wanda Thomas
[2023-02-01T19:08:08.532+0000] {logging_mixin.py:137} INFO - Michelle Schultz
[2023-02-01T19:08:08.537+0000] {logging_mixin.py:137} INFO - Christopher Rush MD
[2023-02-01T19:08:08.539+0000] {logging_mixin.py:137} INFO - Phyllis Miles
[2023-02-01T19:08:08.542+0000] {logging_mixin.py:137} INFO - Rebecca Price
[2023-02-01T19:08:08.553+0000] {logging_mixin.py:137} INFO - John Morse
[2023-02-01T19:08:08.560+0000] {logging_mixin.py:137} INFO - Nicholas Sanchez
[2023-02-01T19:08:08.567+0000] {logging_mixin.py:137} INFO - Crystal Dean
[2023-02-01T19:08:08.569+0000] {logging_mixin.py:137} INFO - Tyler Diaz
[2023-02-01T19:08:08.570+0000] {logging_mixin.py:137} INFO - Denise Mclean
[2023-02-01T19:08:08.572+0000] {logging_mixin.py:137} INFO - Daniel Grant
[2023-02-01T19:08:08.575+0000] {logging_mixin.py:137} INFO - Sandra Peterson
[2023-02-01T19:08:08.579+0000] {logging_mixin.py:137} INFO - Denise Morse
[2023-02-01T19:08:08.581+0000] {logging_mixin.py:137} INFO - Brianna Smith
[2023-02-01T19:08:08.589+0000] {logging_mixin.py:137} INFO - Tony Miller
[2023-02-01T19:08:08.594+0000] {logging_mixin.py:137} INFO - Jean Booth
[2023-02-01T19:08:08.601+0000] {logging_mixin.py:137} INFO - Penny Salazar
[2023-02-01T19:08:08.605+0000] {logging_mixin.py:137} INFO - Cathy Williams
[2023-02-01T19:08:08.612+0000] {logging_mixin.py:137} INFO - Hannah Collins
[2023-02-01T19:08:08.620+0000] {logging_mixin.py:137} INFO - Maurice Casey
[2023-02-01T19:08:08.627+0000] {logging_mixin.py:137} INFO - Patrick Walker
[2023-02-01T19:08:08.632+0000] {logging_mixin.py:137} INFO - Pamela Barton
[2023-02-01T19:08:08.637+0000] {logging_mixin.py:137} INFO - Anthony Bryant
[2023-02-01T19:08:08.639+0000] {logging_mixin.py:137} INFO - Andrew Harris
[2023-02-01T19:08:08.645+0000] {logging_mixin.py:137} INFO - Aaron Harris
[2023-02-01T19:08:08.648+0000] {logging_mixin.py:137} INFO - Maureen Soto
[2023-02-01T19:08:08.650+0000] {logging_mixin.py:137} INFO - Crystal Mcdaniel
[2023-02-01T19:08:08.654+0000] {logging_mixin.py:137} INFO - Lauren Barrett
[2023-02-01T19:08:08.657+0000] {logging_mixin.py:137} INFO - Brandon Perez
[2023-02-01T19:08:08.659+0000] {logging_mixin.py:137} INFO - Mark Robertson
[2023-02-01T19:08:08.664+0000] {logging_mixin.py:137} INFO - Nicole Gates
[2023-02-01T19:08:08.671+0000] {logging_mixin.py:137} INFO - Bradley Cruz
[2023-02-01T19:08:08.674+0000] {logging_mixin.py:137} INFO - Gina Burns
[2023-02-01T19:08:08.676+0000] {logging_mixin.py:137} INFO - Zachary Martinez
[2023-02-01T19:08:08.678+0000] {logging_mixin.py:137} INFO - Natasha Johnson
[2023-02-01T19:08:08.684+0000] {logging_mixin.py:137} INFO - Patrick Gonzales
[2023-02-01T19:08:08.688+0000] {logging_mixin.py:137} INFO - Terri Wilson
[2023-02-01T19:08:08.694+0000] {logging_mixin.py:137} INFO - Sarah Lopez
[2023-02-01T19:08:08.697+0000] {logging_mixin.py:137} INFO - Dana Turner
[2023-02-01T19:08:08.701+0000] {logging_mixin.py:137} INFO - Cynthia Johnson
[2023-02-01T19:08:08.704+0000] {logging_mixin.py:137} INFO - William Thornton
[2023-02-01T19:08:08.707+0000] {logging_mixin.py:137} INFO - James Lee
[2023-02-01T19:08:08.718+0000] {logging_mixin.py:137} INFO - Stephen Allen
[2023-02-01T19:08:08.724+0000] {logging_mixin.py:137} INFO - William Stark
[2023-02-01T19:08:08.732+0000] {logging_mixin.py:137} INFO - Michael Parker
[2023-02-01T19:08:08.736+0000] {logging_mixin.py:137} INFO - Lisa Stephens
[2023-02-01T19:08:08.745+0000] {logging_mixin.py:137} INFO - Mr. Reginald Wise DDS
[2023-02-01T19:08:08.751+0000] {logging_mixin.py:137} INFO - Alexander James
[2023-02-01T19:08:08.757+0000] {logging_mixin.py:137} INFO - Kristen West
[2023-02-01T19:08:08.759+0000] {logging_mixin.py:137} INFO - Elizabeth Sanchez
[2023-02-01T19:08:08.765+0000] {logging_mixin.py:137} INFO - Jennifer Wilson
[2023-02-01T19:08:08.771+0000] {logging_mixin.py:137} INFO - Catherine Nicholson
[2023-02-01T19:08:08.774+0000] {logging_mixin.py:137} INFO - David Henderson
[2023-02-01T19:08:08.784+0000] {logging_mixin.py:137} INFO - Stephen Davis
[2023-02-01T19:08:08.786+0000] {logging_mixin.py:137} INFO - Paul Skinner
[2023-02-01T19:08:08.788+0000] {logging_mixin.py:137} INFO - Rebecca Wong
[2023-02-01T19:08:08.790+0000] {logging_mixin.py:137} INFO - Tara Benitez
[2023-02-01T19:08:08.801+0000] {logging_mixin.py:137} INFO - Sharon Miller
[2023-02-01T19:08:08.804+0000] {logging_mixin.py:137} INFO - Cynthia Smith
[2023-02-01T19:08:08.806+0000] {logging_mixin.py:137} INFO - Jennifer Werner
[2023-02-01T19:08:08.813+0000] {logging_mixin.py:137} INFO - Rebecca Tucker
[2023-02-01T19:08:08.823+0000] {logging_mixin.py:137} INFO - Ashlee Castillo
[2023-02-01T19:08:08.825+0000] {logging_mixin.py:137} INFO - Christopher Holmes
[2023-02-01T19:08:08.827+0000] {logging_mixin.py:137} INFO - Daniel Velez
[2023-02-01T19:08:08.830+0000] {logging_mixin.py:137} INFO - Amy Serrano
[2023-02-01T19:08:08.832+0000] {logging_mixin.py:137} INFO - Alison Nash
[2023-02-01T19:08:08.833+0000] {logging_mixin.py:137} INFO - Peter Johnson
[2023-02-01T19:08:08.835+0000] {logging_mixin.py:137} INFO - Breanna Harris
[2023-02-01T19:08:08.836+0000] {logging_mixin.py:137} INFO - Eric King
[2023-02-01T19:08:08.846+0000] {logging_mixin.py:137} INFO - Patricia Oliver
[2023-02-01T19:08:08.849+0000] {logging_mixin.py:137} INFO - Denise Grimes
[2023-02-01T19:08:08.852+0000] {logging_mixin.py:137} INFO - Jill Olson
[2023-02-01T19:08:08.854+0000] {logging_mixin.py:137} INFO - Stephanie Hart
[2023-02-01T19:08:08.863+0000] {logging_mixin.py:137} INFO - Ashley Lee
[2023-02-01T19:08:08.867+0000] {logging_mixin.py:137} INFO - Kelly Barnes
[2023-02-01T19:08:08.869+0000] {logging_mixin.py:137} INFO - Christie West
[2023-02-01T19:08:08.871+0000] {logging_mixin.py:137} INFO - Todd Nolan
[2023-02-01T19:08:08.872+0000] {logging_mixin.py:137} INFO - Sarah Reed
[2023-02-01T19:08:08.874+0000] {logging_mixin.py:137} INFO - Jennifer Keith
[2023-02-01T19:08:08.875+0000] {logging_mixin.py:137} INFO - Shawn Alvarez
[2023-02-01T19:08:08.878+0000] {logging_mixin.py:137} INFO - Alexander Wilson
[2023-02-01T19:08:08.885+0000] {logging_mixin.py:137} INFO - Rachel Melendez
[2023-02-01T19:08:08.889+0000] {logging_mixin.py:137} INFO - Morgan Walters
[2023-02-01T19:08:08.892+0000] {logging_mixin.py:137} INFO - Nicole Garcia
[2023-02-01T19:08:08.895+0000] {logging_mixin.py:137} INFO - Jennifer White
[2023-02-01T19:08:08.897+0000] {logging_mixin.py:137} INFO - Leslie Shannon
[2023-02-01T19:08:08.898+0000] {logging_mixin.py:137} INFO - Lisa Clayton
[2023-02-01T19:08:08.901+0000] {logging_mixin.py:137} INFO - Zachary Molina
[2023-02-01T19:08:08.902+0000] {logging_mixin.py:137} INFO - Bruce Butler
[2023-02-01T19:08:08.904+0000] {logging_mixin.py:137} INFO - Dustin Howell
[2023-02-01T19:08:08.910+0000] {logging_mixin.py:137} INFO - Aaron Smith
[2023-02-01T19:08:08.913+0000] {logging_mixin.py:137} INFO - Kyle Green
[2023-02-01T19:08:08.916+0000] {logging_mixin.py:137} INFO - Steven Clark
[2023-02-01T19:08:08.919+0000] {logging_mixin.py:137} INFO - Robert Holden
[2023-02-01T19:08:08.922+0000] {logging_mixin.py:137} INFO - Zachary Harmon
[2023-02-01T19:08:08.925+0000] {logging_mixin.py:137} INFO - Rachel Miller
[2023-02-01T19:08:08.929+0000] {logging_mixin.py:137} INFO - Brandon Parker
[2023-02-01T19:08:08.932+0000] {logging_mixin.py:137} INFO - Walter Martin
[2023-02-01T19:08:08.935+0000] {logging_mixin.py:137} INFO - Jose Young
[2023-02-01T19:08:08.938+0000] {logging_mixin.py:137} INFO - Kelsey Long
[2023-02-01T19:08:08.945+0000] {logging_mixin.py:137} INFO - William Harper
[2023-02-01T19:08:08.947+0000] {logging_mixin.py:137} INFO - Alejandro Lambert
[2023-02-01T19:08:08.951+0000] {logging_mixin.py:137} INFO - Stephanie Carson
[2023-02-01T19:08:08.953+0000] {logging_mixin.py:137} INFO - Diana Ortega MD
[2023-02-01T19:08:08.956+0000] {logging_mixin.py:137} INFO - Janet Morales
[2023-02-01T19:08:08.967+0000] {logging_mixin.py:137} INFO - Eric Fisher
[2023-02-01T19:08:08.969+0000] {logging_mixin.py:137} INFO - Louis Baker
[2023-02-01T19:08:08.973+0000] {logging_mixin.py:137} INFO - Cindy Ward
[2023-02-01T19:08:08.979+0000] {logging_mixin.py:137} INFO - Ana Jenkins
[2023-02-01T19:08:08.984+0000] {logging_mixin.py:137} INFO - Leslie Barton
[2023-02-01T19:08:09.002+0000] {logging_mixin.py:137} INFO - Gregory Price
[2023-02-01T19:08:09.007+0000] {logging_mixin.py:137} INFO - Brandon Moore
[2023-02-01T19:08:09.019+0000] {logging_mixin.py:137} INFO - Heather Garrett
[2023-02-01T19:08:09.037+0000] {logging_mixin.py:137} INFO - Cindy Hawkins
[2023-02-01T19:08:09.040+0000] {logging_mixin.py:137} INFO - Mr. Frank Snyder Jr.
[2023-02-01T19:08:09.043+0000] {logging_mixin.py:137} INFO - Megan Wang
[2023-02-01T19:08:09.047+0000] {logging_mixin.py:137} INFO - Jennifer Fleming
[2023-02-01T19:08:09.049+0000] {logging_mixin.py:137} INFO - Gary Hodge
[2023-02-01T19:08:09.051+0000] {logging_mixin.py:137} INFO - Nichole Miller
[2023-02-01T19:08:09.052+0000] {logging_mixin.py:137} INFO - Mitchell Mendoza
[2023-02-01T19:08:09.054+0000] {logging_mixin.py:137} INFO - Bradley Horton
[2023-02-01T19:08:09.055+0000] {logging_mixin.py:137} INFO - Michelle Hess
[2023-02-01T19:08:09.058+0000] {logging_mixin.py:137} INFO - Ronald Torres
[2023-02-01T19:08:09.061+0000] {logging_mixin.py:137} INFO - Raymond Hudson
[2023-02-01T19:08:09.067+0000] {logging_mixin.py:137} INFO - Vincent Jackson
[2023-02-01T19:08:09.072+0000] {logging_mixin.py:137} INFO - Susan Carey
[2023-02-01T19:08:09.076+0000] {logging_mixin.py:137} INFO - Chase Wilson
[2023-02-01T19:08:09.080+0000] {logging_mixin.py:137} INFO - Tonya Baldwin
[2023-02-01T19:08:09.082+0000] {logging_mixin.py:137} INFO - Mrs. Tina Davis
[2023-02-01T19:08:09.087+0000] {logging_mixin.py:137} INFO - Scott Garrett
[2023-02-01T19:08:09.091+0000] {logging_mixin.py:137} INFO - Michael Wilson
[2023-02-01T19:08:09.096+0000] {logging_mixin.py:137} INFO - Andrew Orozco
[2023-02-01T19:08:09.103+0000] {logging_mixin.py:137} INFO - Troy Carson
[2023-02-01T19:08:09.104+0000] {logging_mixin.py:137} INFO - Alex Winters
[2023-02-01T19:08:09.106+0000] {logging_mixin.py:137} INFO - Toni Frank
[2023-02-01T19:08:09.112+0000] {logging_mixin.py:137} INFO - Kathleen Snyder
[2023-02-01T19:08:09.122+0000] {logging_mixin.py:137} INFO - Anna Lopez
[2023-02-01T19:08:09.126+0000] {logging_mixin.py:137} INFO - Charles Brown
[2023-02-01T19:08:09.129+0000] {logging_mixin.py:137} INFO - Barry Ross
[2023-02-01T19:08:09.139+0000] {logging_mixin.py:137} INFO - Emily Ramirez
[2023-02-01T19:08:09.142+0000] {logging_mixin.py:137} INFO - Anna Williams
[2023-02-01T19:08:09.148+0000] {logging_mixin.py:137} INFO - Kristin Pennington
[2023-02-01T19:08:09.150+0000] {logging_mixin.py:137} INFO - Mary Aguirre
[2023-02-01T19:08:09.152+0000] {logging_mixin.py:137} INFO - Austin Santos
[2023-02-01T19:08:09.154+0000] {logging_mixin.py:137} INFO - David Nelson
[2023-02-01T19:08:09.156+0000] {logging_mixin.py:137} INFO - Alyssa Mcbride
[2023-02-01T19:08:09.159+0000] {logging_mixin.py:137} INFO - Lisa Gibson
[2023-02-01T19:08:09.160+0000] {logging_mixin.py:137} INFO - Alexander Kelly
[2023-02-01T19:08:09.162+0000] {logging_mixin.py:137} INFO - Ronald Thomas
[2023-02-01T19:08:09.164+0000] {logging_mixin.py:137} INFO - Michael Hurst
[2023-02-01T19:08:09.167+0000] {logging_mixin.py:137} INFO - Lauren Ward
[2023-02-01T19:08:09.173+0000] {logging_mixin.py:137} INFO - Christian Terry
[2023-02-01T19:08:09.182+0000] {logging_mixin.py:137} INFO - Jared Black
[2023-02-01T19:08:09.184+0000] {logging_mixin.py:137} INFO - Anthony Brown
[2023-02-01T19:08:09.191+0000] {logging_mixin.py:137} INFO - John Cole
[2023-02-01T19:08:09.197+0000] {logging_mixin.py:137} INFO - David Lee
[2023-02-01T19:08:09.202+0000] {logging_mixin.py:137} INFO - Lori Thomas
[2023-02-01T19:08:09.204+0000] {logging_mixin.py:137} INFO - Daniel Herman
[2023-02-01T19:08:09.206+0000] {logging_mixin.py:137} INFO - Pam Williams
[2023-02-01T19:08:09.208+0000] {logging_mixin.py:137} INFO - Sarah Jenkins
[2023-02-01T19:08:09.210+0000] {logging_mixin.py:137} INFO - Susan Mitchell
[2023-02-01T19:08:09.214+0000] {logging_mixin.py:137} INFO - Jacqueline Green
[2023-02-01T19:08:09.217+0000] {logging_mixin.py:137} INFO - Victoria Garrison
[2023-02-01T19:08:09.221+0000] {logging_mixin.py:137} INFO - Jonathan Daniels
[2023-02-01T19:08:09.227+0000] {logging_mixin.py:137} INFO - Trevor Hansen
[2023-02-01T19:08:09.233+0000] {logging_mixin.py:137} INFO - Laurie Bowen
[2023-02-01T19:08:09.239+0000] {logging_mixin.py:137} INFO - James Cline
[2023-02-01T19:08:09.246+0000] {logging_mixin.py:137} INFO - Michael Rose
[2023-02-01T19:08:09.249+0000] {logging_mixin.py:137} INFO - Lawrence Juarez
[2023-02-01T19:08:09.254+0000] {logging_mixin.py:137} INFO - Lucas Caldwell
[2023-02-01T19:08:09.258+0000] {logging_mixin.py:137} INFO - Laura Jackson
[2023-02-01T19:08:09.260+0000] {logging_mixin.py:137} INFO - Sherri Thornton
[2023-02-01T19:08:09.265+0000] {logging_mixin.py:137} INFO - Alice Wilson
[2023-02-01T19:08:09.267+0000] {logging_mixin.py:137} INFO - Diane Williams
[2023-02-01T19:08:09.268+0000] {logging_mixin.py:137} INFO - Kara Martin
[2023-02-01T19:08:09.270+0000] {logging_mixin.py:137} INFO - Joseph Moore
[2023-02-01T19:08:09.277+0000] {logging_mixin.py:137} INFO - Jesse Moses
[2023-02-01T19:08:09.279+0000] {logging_mixin.py:137} INFO - Lisa Mccall
[2023-02-01T19:08:09.282+0000] {logging_mixin.py:137} INFO - Alexandra Mccoy
[2023-02-01T19:08:09.286+0000] {logging_mixin.py:137} INFO - Daniel Martin
[2023-02-01T19:08:09.288+0000] {logging_mixin.py:137} INFO - Claudia Peck
[2023-02-01T19:08:09.290+0000] {logging_mixin.py:137} INFO - Jessica Mcconnell
[2023-02-01T19:08:09.300+0000] {logging_mixin.py:137} INFO - Kevin Walker
[2023-02-01T19:08:09.308+0000] {logging_mixin.py:137} INFO - Christina Lee
[2023-02-01T19:08:09.311+0000] {logging_mixin.py:137} INFO - Christopher Schroeder
[2023-02-01T19:08:09.313+0000] {logging_mixin.py:137} INFO - Melissa Parker
[2023-02-01T19:08:09.316+0000] {logging_mixin.py:137} INFO - Janet Molina
[2023-02-01T19:08:09.321+0000] {logging_mixin.py:137} INFO - Barbara Harris
[2023-02-01T19:08:09.324+0000] {logging_mixin.py:137} INFO - Joseph Hurley
[2023-02-01T19:08:09.327+0000] {logging_mixin.py:137} INFO - Greg Hayden
[2023-02-01T19:08:09.330+0000] {logging_mixin.py:137} INFO - Edwin Adams
[2023-02-01T19:08:09.348+0000] {logging_mixin.py:137} INFO - Ashley Hunter
[2023-02-01T19:08:09.349+0000] {logging_mixin.py:137} INFO - Jennifer Tucker
[2023-02-01T19:08:09.351+0000] {logging_mixin.py:137} INFO - Eddie Gray
[2023-02-01T19:08:09.353+0000] {logging_mixin.py:137} INFO - Jennifer Evans
[2023-02-01T19:08:09.354+0000] {logging_mixin.py:137} INFO - Stephen Carey
[2023-02-01T19:08:09.356+0000] {logging_mixin.py:137} INFO - Samantha Campos
[2023-02-01T19:08:09.359+0000] {logging_mixin.py:137} INFO - Meagan Brown
[2023-02-01T19:08:09.361+0000] {logging_mixin.py:137} INFO - Miss Marisa Barber
[2023-02-01T19:08:09.363+0000] {logging_mixin.py:137} INFO - Jay Mann
[2023-02-01T19:08:09.367+0000] {logging_mixin.py:137} INFO - Matthew Campbell
[2023-02-01T19:08:09.371+0000] {logging_mixin.py:137} INFO - Brent Rodriguez
[2023-02-01T19:08:09.378+0000] {logging_mixin.py:137} INFO - Teresa Ross
[2023-02-01T19:08:09.379+0000] {logging_mixin.py:137} INFO - Mary Martinez
[2023-02-01T19:08:09.424+0000] {logging_mixin.py:137} INFO - Joseph Lewis
[2023-02-01T19:08:09.430+0000] {logging_mixin.py:137} INFO - Dale Davis
[2023-02-01T19:08:09.434+0000] {logging_mixin.py:137} INFO - Elizabeth Evans
[2023-02-01T19:08:09.436+0000] {logging_mixin.py:137} INFO - Shannon Wang
[2023-02-01T19:08:09.438+0000] {logging_mixin.py:137} INFO - Brandon Campbell
[2023-02-01T19:08:09.444+0000] {logging_mixin.py:137} INFO - Rhonda Pace
[2023-02-01T19:08:09.447+0000] {logging_mixin.py:137} INFO - Sarah Santos
[2023-02-01T19:08:09.449+0000] {logging_mixin.py:137} INFO - Jacob Ford
[2023-02-01T19:08:09.451+0000] {logging_mixin.py:137} INFO - Matthew Hansen
[2023-02-01T19:08:09.453+0000] {logging_mixin.py:137} INFO - Amy Ray
[2023-02-01T19:08:09.456+0000] {logging_mixin.py:137} INFO - Aaron Fields
[2023-02-01T19:08:09.459+0000] {logging_mixin.py:137} INFO - Mary Taylor
[2023-02-01T19:08:09.465+0000] {logging_mixin.py:137} INFO - James Morris
[2023-02-01T19:08:09.471+0000] {logging_mixin.py:137} INFO - Darrell Cain
[2023-02-01T19:08:09.473+0000] {logging_mixin.py:137} INFO - Michael Smith
[2023-02-01T19:08:09.479+0000] {logging_mixin.py:137} INFO - Scott Coleman
[2023-02-01T19:08:09.483+0000] {logging_mixin.py:137} INFO - David Fitzpatrick
[2023-02-01T19:08:09.499+0000] {logging_mixin.py:137} INFO - Debra Shepherd
[2023-02-01T19:08:09.505+0000] {logging_mixin.py:137} INFO - Paul Rush
[2023-02-01T19:08:09.511+0000] {logging_mixin.py:137} INFO - Brett Hernandez
[2023-02-01T19:08:09.516+0000] {logging_mixin.py:137} INFO - Sheila Riddle
[2023-02-01T19:08:09.522+0000] {logging_mixin.py:137} INFO - Joan Austin
[2023-02-01T19:08:09.524+0000] {logging_mixin.py:137} INFO - Michael Garcia
[2023-02-01T19:08:09.531+0000] {logging_mixin.py:137} INFO - Natalie Harris
[2023-02-01T19:08:09.536+0000] {logging_mixin.py:137} INFO - Steven Dean
[2023-02-01T19:08:09.543+0000] {logging_mixin.py:137} INFO - John Brown
[2023-02-01T19:08:09.544+0000] {logging_mixin.py:137} INFO - Keith Zimmerman
[2023-02-01T19:08:09.545+0000] {logging_mixin.py:137} INFO - Curtis Byrd
[2023-02-01T19:08:09.549+0000] {logging_mixin.py:137} INFO - Mariah Green
[2023-02-01T19:08:09.555+0000] {logging_mixin.py:137} INFO - Roger Huynh
[2023-02-01T19:08:09.558+0000] {logging_mixin.py:137} INFO - Christopher Zamora
[2023-02-01T19:08:09.561+0000] {logging_mixin.py:137} INFO - Joyce Crawford
[2023-02-01T19:08:09.565+0000] {logging_mixin.py:137} INFO - Angela Smith
[2023-02-01T19:08:09.570+0000] {logging_mixin.py:137} INFO - Veronica Robinson
[2023-02-01T19:08:09.572+0000] {logging_mixin.py:137} INFO - Christopher Bates
[2023-02-01T19:08:09.575+0000] {logging_mixin.py:137} INFO - Steve Stone
[2023-02-01T19:08:09.578+0000] {logging_mixin.py:137} INFO - William Cook
[2023-02-01T19:08:09.586+0000] {logging_mixin.py:137} INFO - Lori Wood
[2023-02-01T19:08:09.587+0000] {logging_mixin.py:137} INFO - Jillian Reynolds
[2023-02-01T19:08:09.595+0000] {logging_mixin.py:137} INFO - Angela Caldwell
[2023-02-01T19:08:09.598+0000] {logging_mixin.py:137} INFO - Shane Campbell
[2023-02-01T19:08:09.599+0000] {logging_mixin.py:137} INFO - Karen Lawrence
[2023-02-01T19:08:09.602+0000] {logging_mixin.py:137} INFO - Kimberly Wood
[2023-02-01T19:08:09.605+0000] {logging_mixin.py:137} INFO - Samantha Lopez
[2023-02-01T19:08:09.607+0000] {logging_mixin.py:137} INFO - Harold Miller
[2023-02-01T19:08:09.609+0000] {logging_mixin.py:137} INFO - Raymond Cooper DVM
[2023-02-01T19:08:09.615+0000] {logging_mixin.py:137} INFO - Kristen Patel
[2023-02-01T19:08:09.618+0000] {logging_mixin.py:137} INFO - Anthony Mejia
[2023-02-01T19:08:09.634+0000] {logging_mixin.py:137} INFO - Raymond Thomas
[2023-02-01T19:08:09.638+0000] {logging_mixin.py:137} INFO - Scott Young
[2023-02-01T19:08:09.641+0000] {logging_mixin.py:137} INFO - David Larson
[2023-02-01T19:08:09.642+0000] {logging_mixin.py:137} INFO - Jon Murray
[2023-02-01T19:08:09.646+0000] {logging_mixin.py:137} INFO - Stephen Taylor
[2023-02-01T19:08:09.647+0000] {logging_mixin.py:137} INFO - Jennifer Hernandez
[2023-02-01T19:08:09.648+0000] {logging_mixin.py:137} INFO - Stacy Smith
[2023-02-01T19:08:09.651+0000] {logging_mixin.py:137} INFO - Juan Owens
[2023-02-01T19:08:09.653+0000] {logging_mixin.py:137} INFO - Brian Adkins
[2023-02-01T19:08:09.672+0000] {logging_mixin.py:137} INFO - Jesse Wells
[2023-02-01T19:08:09.677+0000] {logging_mixin.py:137} INFO - Kyle Matthews
[2023-02-01T19:08:09.682+0000] {logging_mixin.py:137} INFO - Dustin Russell
[2023-02-01T19:08:09.688+0000] {logging_mixin.py:137} INFO - Richard White
[2023-02-01T19:08:09.694+0000] {logging_mixin.py:137} INFO - Brittany Nichols
[2023-02-01T19:08:09.703+0000] {logging_mixin.py:137} INFO - Colton Kelly
[2023-02-01T19:08:09.716+0000] {logging_mixin.py:137} INFO - William Perry
[2023-02-01T19:08:09.725+0000] {logging_mixin.py:137} INFO - Thomas Cummings
[2023-02-01T19:08:09.736+0000] {logging_mixin.py:137} INFO - Timothy Ballard
[2023-02-01T19:08:09.742+0000] {logging_mixin.py:137} INFO - Richard Washington
[2023-02-01T19:08:09.751+0000] {logging_mixin.py:137} INFO - Joshua Lam
[2023-02-01T19:08:09.759+0000] {logging_mixin.py:137} INFO - Grant Jackson
[2023-02-01T19:08:09.775+0000] {logging_mixin.py:137} INFO - Erin Baker
[2023-02-01T19:08:09.782+0000] {logging_mixin.py:137} INFO - Scott Flowers
[2023-02-01T19:08:09.789+0000] {logging_mixin.py:137} INFO - James Adams
[2023-02-01T19:08:09.792+0000] {logging_mixin.py:137} INFO - Heather Alvarado
[2023-02-01T19:08:09.797+0000] {logging_mixin.py:137} INFO - Jennifer Snow
[2023-02-01T19:08:09.801+0000] {logging_mixin.py:137} INFO - Mario Jackson
[2023-02-01T19:08:09.808+0000] {logging_mixin.py:137} INFO - Kevin Collins
[2023-02-01T19:08:09.815+0000] {logging_mixin.py:137} INFO - Danielle Garcia
[2023-02-01T19:08:09.817+0000] {logging_mixin.py:137} INFO - Brenda Jackson
[2023-02-01T19:08:09.839+0000] {logging_mixin.py:137} INFO - Ashley Parker
[2023-02-01T19:08:09.841+0000] {logging_mixin.py:137} INFO - Angela Hickman
[2023-02-01T19:08:09.843+0000] {logging_mixin.py:137} INFO - Carol Rodriguez
[2023-02-01T19:08:09.845+0000] {logging_mixin.py:137} INFO - Vernon Anderson
[2023-02-01T19:08:09.849+0000] {logging_mixin.py:137} INFO - Jesus Church
[2023-02-01T19:08:09.851+0000] {logging_mixin.py:137} INFO - Michelle Medina
[2023-02-01T19:08:09.859+0000] {logging_mixin.py:137} INFO - Nancy Bryant
[2023-02-01T19:08:09.870+0000] {logging_mixin.py:137} INFO - Jennifer Martinez
[2023-02-01T19:08:09.880+0000] {logging_mixin.py:137} INFO - Amy Dougherty
[2023-02-01T19:08:09.883+0000] {logging_mixin.py:137} INFO - Alexis Sanders
[2023-02-01T19:08:09.886+0000] {logging_mixin.py:137} INFO - Austin Salazar
[2023-02-01T19:08:09.891+0000] {logging_mixin.py:137} INFO - Amy Williams
[2023-02-01T19:08:09.895+0000] {logging_mixin.py:137} INFO - Richard Haynes
[2023-02-01T19:08:09.900+0000] {logging_mixin.py:137} INFO - Christine Stark
[2023-02-01T19:08:09.907+0000] {logging_mixin.py:137} INFO - Anita Medina
[2023-02-01T19:08:09.915+0000] {logging_mixin.py:137} INFO - Mr. Thomas Duran
[2023-02-01T19:08:09.917+0000] {logging_mixin.py:137} INFO - Mr. Russell Peterson
[2023-02-01T19:08:09.922+0000] {logging_mixin.py:137} INFO - Jack Richard
[2023-02-01T19:08:09.938+0000] {logging_mixin.py:137} INFO - Michelle Erickson
[2023-02-01T19:08:09.942+0000] {logging_mixin.py:137} INFO - Mitchell Williams
[2023-02-01T19:08:09.946+0000] {logging_mixin.py:137} INFO - Adrian Herrera
[2023-02-01T19:08:09.952+0000] {logging_mixin.py:137} INFO - Michael Brady
[2023-02-01T19:08:09.956+0000] {logging_mixin.py:137} INFO - Jamie Zhang
[2023-02-01T19:08:09.959+0000] {logging_mixin.py:137} INFO - Helen Brennan
[2023-02-01T19:08:09.962+0000] {logging_mixin.py:137} INFO - John Myers
[2023-02-01T19:08:09.965+0000] {logging_mixin.py:137} INFO - Patricia Nash
[2023-02-01T19:08:09.969+0000] {logging_mixin.py:137} INFO - Michael Johnson
[2023-02-01T19:08:09.987+0000] {logging_mixin.py:137} INFO - Anita Berger
[2023-02-01T19:08:09.990+0000] {logging_mixin.py:137} INFO - Jason Guerrero DVM
[2023-02-01T19:08:10.010+0000] {logging_mixin.py:137} INFO - Kimberly Davis
[2023-02-01T19:08:10.031+0000] {logging_mixin.py:137} INFO - Bryan Hansen
[2023-02-01T19:08:10.032+0000] {logging_mixin.py:137} INFO - Rebecca Obrien
[2023-02-01T19:08:10.040+0000] {logging_mixin.py:137} INFO - Sarah Santiago
[2023-02-01T19:08:10.044+0000] {logging_mixin.py:137} INFO - Christine Lane
[2023-02-01T19:08:10.046+0000] {logging_mixin.py:137} INFO - Jerry Lewis
[2023-02-01T19:08:10.052+0000] {logging_mixin.py:137} INFO - Stephanie Miller
[2023-02-01T19:08:10.059+0000] {logging_mixin.py:137} INFO - Kristi Bradley
[2023-02-01T19:08:10.070+0000] {logging_mixin.py:137} INFO - Darren Moore
[2023-02-01T19:08:10.078+0000] {logging_mixin.py:137} INFO - Kristina Cunningham
[2023-02-01T19:08:10.080+0000] {logging_mixin.py:137} INFO - Laurie Moore
[2023-02-01T19:08:10.086+0000] {logging_mixin.py:137} INFO - Aaron Lewis
[2023-02-01T19:08:10.088+0000] {logging_mixin.py:137} INFO - Theresa Vang
[2023-02-01T19:08:10.089+0000] {logging_mixin.py:137} INFO - Chase Reese
[2023-02-01T19:08:10.103+0000] {logging_mixin.py:137} INFO - Matthew Ferguson
[2023-02-01T19:08:10.116+0000] {logging_mixin.py:137} INFO - Victoria Lewis
[2023-02-01T19:08:10.118+0000] {logging_mixin.py:137} INFO - Jon Scott
[2023-02-01T19:08:10.126+0000] {logging_mixin.py:137} INFO - Lisa Campbell
[2023-02-01T19:08:10.134+0000] {logging_mixin.py:137} INFO - David Ramirez
[2023-02-01T19:08:10.139+0000] {logging_mixin.py:137} INFO - Gabriel Rosario
[2023-02-01T19:08:10.144+0000] {logging_mixin.py:137} INFO - Kristi Johnson
[2023-02-01T19:08:10.147+0000] {logging_mixin.py:137} INFO - Jennifer Schwartz
[2023-02-01T19:08:10.154+0000] {logging_mixin.py:137} INFO - Daniel Norton
[2023-02-01T19:08:10.158+0000] {logging_mixin.py:137} INFO - Richard Montoya
[2023-02-01T19:08:10.162+0000] {logging_mixin.py:137} INFO - Daniel Norris
[2023-02-01T19:08:10.165+0000] {logging_mixin.py:137} INFO - Chad Taylor
[2023-02-01T19:08:10.167+0000] {logging_mixin.py:137} INFO - Angie Allen
[2023-02-01T19:08:10.169+0000] {logging_mixin.py:137} INFO - Michael Brooks
[2023-02-01T19:08:10.174+0000] {logging_mixin.py:137} INFO - Hannah Poole
[2023-02-01T19:08:10.180+0000] {logging_mixin.py:137} INFO - Caitlin Ray
[2023-02-01T19:08:10.190+0000] {logging_mixin.py:137} INFO - Mr. Steven Gardner
[2023-02-01T19:08:10.198+0000] {logging_mixin.py:137} INFO - Jennifer Macdonald
[2023-02-01T19:08:10.200+0000] {logging_mixin.py:137} INFO - Vanessa Small
[2023-02-01T19:08:10.211+0000] {logging_mixin.py:137} INFO - Dennis Gray
[2023-02-01T19:08:10.219+0000] {logging_mixin.py:137} INFO - Sandra Kirk
[2023-02-01T19:08:10.224+0000] {logging_mixin.py:137} INFO - Jason Wagner
[2023-02-01T19:08:10.226+0000] {logging_mixin.py:137} INFO - David Owen
[2023-02-01T19:08:10.231+0000] {logging_mixin.py:137} INFO - Rose Terrell
[2023-02-01T19:08:10.235+0000] {logging_mixin.py:137} INFO - James Green MD
[2023-02-01T19:08:10.241+0000] {logging_mixin.py:137} INFO - Tammy Patel
[2023-02-01T19:08:10.247+0000] {logging_mixin.py:137} INFO - Joseph Lucero
[2023-02-01T19:08:10.250+0000] {logging_mixin.py:137} INFO - Stephanie Rojas
[2023-02-01T19:08:10.256+0000] {logging_mixin.py:137} INFO - Brittany Johnson
[2023-02-01T19:08:10.264+0000] {logging_mixin.py:137} INFO - Christina Cummings
[2023-02-01T19:08:10.267+0000] {logging_mixin.py:137} INFO - Eric Downs
[2023-02-01T19:08:10.272+0000] {logging_mixin.py:137} INFO - Paul Finley
[2023-02-01T19:08:10.283+0000] {logging_mixin.py:137} INFO - Danielle Jackson
[2023-02-01T19:08:10.287+0000] {logging_mixin.py:137} INFO - Anna Johnston
[2023-02-01T19:08:10.290+0000] {logging_mixin.py:137} INFO - Ashlee Hodges
[2023-02-01T19:08:10.302+0000] {logging_mixin.py:137} INFO - Thomas Francis
[2023-02-01T19:08:10.305+0000] {logging_mixin.py:137} INFO - Cody Baird
[2023-02-01T19:08:10.312+0000] {logging_mixin.py:137} INFO - Jeffrey Walter
[2023-02-01T19:08:10.319+0000] {logging_mixin.py:137} INFO - Hannah West
[2023-02-01T19:08:10.320+0000] {logging_mixin.py:137} INFO - Anthony Byrd
[2023-02-01T19:08:10.321+0000] {logging_mixin.py:137} INFO - Julie Ramirez
[2023-02-01T19:08:10.323+0000] {logging_mixin.py:137} INFO - Seth Peters
[2023-02-01T19:08:10.327+0000] {logging_mixin.py:137} INFO - Keith Salas
[2023-02-01T19:08:10.330+0000] {logging_mixin.py:137} INFO - Kathryn Evans
[2023-02-01T19:08:10.332+0000] {logging_mixin.py:137} INFO - Dr. Maria Scott
[2023-02-01T19:08:10.337+0000] {logging_mixin.py:137} INFO - Brenda Thomas
[2023-02-01T19:08:10.339+0000] {logging_mixin.py:137} INFO - Travis Douglas
[2023-02-01T19:08:10.342+0000] {logging_mixin.py:137} INFO - Kurt Santos
[2023-02-01T19:08:10.345+0000] {logging_mixin.py:137} INFO - Sean Parrish
[2023-02-01T19:08:10.348+0000] {logging_mixin.py:137} INFO - Brittany Walls
[2023-02-01T19:08:10.350+0000] {logging_mixin.py:137} INFO - Gail Brooks
[2023-02-01T19:08:10.353+0000] {logging_mixin.py:137} INFO - Valerie Johnson
[2023-02-01T19:08:10.364+0000] {logging_mixin.py:137} INFO - Jessica Dunn
[2023-02-01T19:08:10.368+0000] {logging_mixin.py:137} INFO - Chad Robinson
[2023-02-01T19:08:10.373+0000] {logging_mixin.py:137} INFO - Catherine Combs
[2023-02-01T19:08:10.377+0000] {logging_mixin.py:137} INFO - Joshua Boyd
[2023-02-01T19:08:10.386+0000] {logging_mixin.py:137} INFO - Alicia Barnett DVM
[2023-02-01T19:08:10.390+0000] {logging_mixin.py:137} INFO - Kevin Cervantes
[2023-02-01T19:08:10.393+0000] {logging_mixin.py:137} INFO - Larry Lester
[2023-02-01T19:08:10.400+0000] {logging_mixin.py:137} INFO - Deanna Espinoza
[2023-02-01T19:08:10.413+0000] {logging_mixin.py:137} INFO - Marilyn Davis
[2023-02-01T19:08:10.416+0000] {logging_mixin.py:137} INFO - Michael Weeks
[2023-02-01T19:08:10.423+0000] {logging_mixin.py:137} INFO - Brandon Stanton
[2023-02-01T19:08:10.429+0000] {logging_mixin.py:137} INFO - Ryan Boyer Jr.
[2023-02-01T19:08:10.435+0000] {logging_mixin.py:137} INFO - Amanda Elliott
[2023-02-01T19:08:10.438+0000] {logging_mixin.py:137} INFO - David Moore
[2023-02-01T19:08:10.439+0000] {logging_mixin.py:137} INFO - Andre Williams
[2023-02-01T19:08:10.441+0000] {logging_mixin.py:137} INFO - Jennifer Garcia
[2023-02-01T19:08:10.445+0000] {logging_mixin.py:137} INFO - Tracey Cook
[2023-02-01T19:08:10.449+0000] {logging_mixin.py:137} INFO - Michael Turner
[2023-02-01T19:08:10.453+0000] {logging_mixin.py:137} INFO - Diana Long
[2023-02-01T19:08:10.459+0000] {logging_mixin.py:137} INFO - John Bradley
[2023-02-01T19:08:10.462+0000] {logging_mixin.py:137} INFO - Ann Benjamin
[2023-02-01T19:08:10.466+0000] {logging_mixin.py:137} INFO - Shane House
[2023-02-01T19:08:10.469+0000] {logging_mixin.py:137} INFO - Erin Lee
[2023-02-01T19:08:10.477+0000] {logging_mixin.py:137} INFO - Joseph Gray
[2023-02-01T19:08:10.479+0000] {logging_mixin.py:137} INFO - Betty Gibson
[2023-02-01T19:08:10.482+0000] {logging_mixin.py:137} INFO - Kristen Graham
[2023-02-01T19:08:10.484+0000] {logging_mixin.py:137} INFO - Daniel Meza
[2023-02-01T19:08:10.486+0000] {logging_mixin.py:137} INFO - Sherri Carpenter
[2023-02-01T19:08:10.487+0000] {logging_mixin.py:137} INFO - Andrea Sanchez
[2023-02-01T19:08:10.490+0000] {logging_mixin.py:137} INFO - Jordan Rios
[2023-02-01T19:08:10.493+0000] {logging_mixin.py:137} INFO - Elizabeth Jackson
[2023-02-01T19:08:10.496+0000] {logging_mixin.py:137} INFO - Elizabeth Myers
[2023-02-01T19:08:10.502+0000] {logging_mixin.py:137} INFO - Juan Barnes
[2023-02-01T19:08:10.509+0000] {logging_mixin.py:137} INFO - Christopher Lozano
[2023-02-01T19:08:10.516+0000] {logging_mixin.py:137} INFO - Jacqueline Griffin
[2023-02-01T19:08:10.528+0000] {logging_mixin.py:137} INFO - Ryan Mason
[2023-02-01T19:08:10.537+0000] {logging_mixin.py:137} INFO - Jonathan Moore
[2023-02-01T19:08:10.541+0000] {logging_mixin.py:137} INFO - Abigail Landry
[2023-02-01T19:08:10.548+0000] {logging_mixin.py:137} INFO - Brenda Hernandez
[2023-02-01T19:08:10.554+0000] {logging_mixin.py:137} INFO - Zachary Pitts
[2023-02-01T19:08:10.557+0000] {logging_mixin.py:137} INFO - Amanda Rogers
[2023-02-01T19:08:10.562+0000] {logging_mixin.py:137} INFO - Cynthia Gray
[2023-02-01T19:08:10.564+0000] {logging_mixin.py:137} INFO - Tyler Barajas
[2023-02-01T19:08:10.571+0000] {logging_mixin.py:137} INFO - Michelle Leon
[2023-02-01T19:08:10.574+0000] {logging_mixin.py:137} INFO - Kathy Lang
[2023-02-01T19:08:10.575+0000] {logging_mixin.py:137} INFO - Scott Townsend MD
[2023-02-01T19:08:10.578+0000] {logging_mixin.py:137} INFO - Theresa Acosta
[2023-02-01T19:08:10.579+0000] {logging_mixin.py:137} INFO - David Jones
[2023-02-01T19:08:10.581+0000] {logging_mixin.py:137} INFO - Jeremy Robinson
[2023-02-01T19:08:10.583+0000] {logging_mixin.py:137} INFO - James Newton
[2023-02-01T19:08:10.585+0000] {logging_mixin.py:137} INFO - Tracey Wells
[2023-02-01T19:08:10.587+0000] {logging_mixin.py:137} INFO - Maria Nelson
[2023-02-01T19:08:10.595+0000] {logging_mixin.py:137} INFO - Christopher Griffith
[2023-02-01T19:08:10.605+0000] {logging_mixin.py:137} INFO - Zachary Griffin
[2023-02-01T19:08:10.607+0000] {logging_mixin.py:137} INFO - Amy Nguyen
[2023-02-01T19:08:10.608+0000] {logging_mixin.py:137} INFO - April Williams
[2023-02-01T19:08:10.610+0000] {logging_mixin.py:137} INFO - Marissa Kelly
[2023-02-01T19:08:10.617+0000] {logging_mixin.py:137} INFO - Brian Lopez PhD
[2023-02-01T19:08:10.621+0000] {logging_mixin.py:137} INFO - William Williams
[2023-02-01T19:08:10.625+0000] {logging_mixin.py:137} INFO - Norman Brown
[2023-02-01T19:08:10.627+0000] {logging_mixin.py:137} INFO - Charles Fuentes
[2023-02-01T19:08:10.634+0000] {logging_mixin.py:137} INFO - Anthony Chang
[2023-02-01T19:08:10.646+0000] {logging_mixin.py:137} INFO - Mary Bell
[2023-02-01T19:08:10.648+0000] {logging_mixin.py:137} INFO - Elizabeth Stuart
[2023-02-01T19:08:10.650+0000] {logging_mixin.py:137} INFO - Mary Mcdonald
[2023-02-01T19:08:10.652+0000] {logging_mixin.py:137} INFO - Martin Harrison
[2023-02-01T19:08:10.653+0000] {logging_mixin.py:137} INFO - Stephanie Fernandez
[2023-02-01T19:08:10.656+0000] {logging_mixin.py:137} INFO - Christopher Brown
[2023-02-01T19:08:10.663+0000] {logging_mixin.py:137} INFO - Alexander Stephenson
[2023-02-01T19:08:10.667+0000] {logging_mixin.py:137} INFO - Grace Diaz
[2023-02-01T19:08:10.671+0000] {logging_mixin.py:137} INFO - Frank Bartlett
[2023-02-01T19:08:10.674+0000] {logging_mixin.py:137} INFO - Audrey Andersen
[2023-02-01T19:08:10.676+0000] {logging_mixin.py:137} INFO - David Green
[2023-02-01T19:08:10.679+0000] {logging_mixin.py:137} INFO - Joshua Diaz Jr.
[2023-02-01T19:08:10.682+0000] {logging_mixin.py:137} INFO - Emily Garcia
[2023-02-01T19:08:10.684+0000] {logging_mixin.py:137} INFO - Devin Hall
[2023-02-01T19:08:10.686+0000] {logging_mixin.py:137} INFO - Phillip Garner
[2023-02-01T19:08:10.692+0000] {logging_mixin.py:137} INFO - Katherine Estrada
[2023-02-01T19:08:10.697+0000] {logging_mixin.py:137} INFO - Corey Saunders
[2023-02-01T19:08:10.699+0000] {logging_mixin.py:137} INFO - Kimberly Collins
[2023-02-01T19:08:10.703+0000] {logging_mixin.py:137} INFO - Amy Elliott
[2023-02-01T19:08:10.705+0000] {logging_mixin.py:137} INFO - Tanya Jones
[2023-02-01T19:08:10.707+0000] {logging_mixin.py:137} INFO - Patricia Gonzalez
[2023-02-01T19:08:10.711+0000] {logging_mixin.py:137} INFO - Jennifer Hill
[2023-02-01T19:08:10.713+0000] {logging_mixin.py:137} INFO - John Haynes
[2023-02-01T19:08:10.715+0000] {logging_mixin.py:137} INFO - Jacob Henry
[2023-02-01T19:08:10.722+0000] {logging_mixin.py:137} INFO - Daniel Clark
[2023-02-01T19:08:10.730+0000] {logging_mixin.py:137} INFO - Jonathon Taylor
[2023-02-01T19:08:10.732+0000] {logging_mixin.py:137} INFO - Jesse Evans
[2023-02-01T19:08:10.734+0000] {logging_mixin.py:137} INFO - James Martinez
[2023-02-01T19:08:10.737+0000] {logging_mixin.py:137} INFO - Kyle Reyes
[2023-02-01T19:08:10.740+0000] {logging_mixin.py:137} INFO - Terrence Barker
[2023-02-01T19:08:10.750+0000] {logging_mixin.py:137} INFO - Anthony Washington
[2023-02-01T19:08:10.752+0000] {logging_mixin.py:137} INFO - Dustin Le
[2023-02-01T19:08:10.754+0000] {logging_mixin.py:137} INFO - Bruce Clark
[2023-02-01T19:08:10.757+0000] {logging_mixin.py:137} INFO - Keith Anthony
[2023-02-01T19:08:10.758+0000] {logging_mixin.py:137} INFO - Jeremiah Stone
[2023-02-01T19:08:10.765+0000] {logging_mixin.py:137} INFO - Michael Haley
[2023-02-01T19:08:10.767+0000] {logging_mixin.py:137} INFO - Regina Carrillo
[2023-02-01T19:08:10.768+0000] {logging_mixin.py:137} INFO - Jacob Lee
[2023-02-01T19:08:10.769+0000] {logging_mixin.py:137} INFO - Thomas Gonzalez
[2023-02-01T19:08:10.771+0000] {logging_mixin.py:137} INFO - Mark Lawrence
[2023-02-01T19:08:10.774+0000] {logging_mixin.py:137} INFO - Matthew Anderson
[2023-02-01T19:08:10.776+0000] {logging_mixin.py:137} INFO - Nicholas Young
[2023-02-01T19:08:10.777+0000] {logging_mixin.py:137} INFO - Melvin Martinez
[2023-02-01T19:08:10.782+0000] {logging_mixin.py:137} INFO - Scott Green
[2023-02-01T19:08:10.786+0000] {logging_mixin.py:137} INFO - Dana Richards
[2023-02-01T19:08:10.788+0000] {logging_mixin.py:137} INFO - Lauren Moore
[2023-02-01T19:08:10.790+0000] {logging_mixin.py:137} INFO - Terry Campbell
[2023-02-01T19:08:10.794+0000] {logging_mixin.py:137} INFO - Ralph Jordan
[2023-02-01T19:08:10.798+0000] {logging_mixin.py:137} INFO - Noah Reyes
[2023-02-01T19:08:10.800+0000] {logging_mixin.py:137} INFO - Mr. Gregory Mills MD
[2023-02-01T19:08:10.802+0000] {logging_mixin.py:137} INFO - Michelle Yates
[2023-02-01T19:08:10.804+0000] {logging_mixin.py:137} INFO - Robin Reyes
[2023-02-01T19:08:10.806+0000] {logging_mixin.py:137} INFO - Rebecca Smith
[2023-02-01T19:08:10.808+0000] {logging_mixin.py:137} INFO - Nicole Torres
[2023-02-01T19:08:10.809+0000] {logging_mixin.py:137} INFO - Ronald Jones
[2023-02-01T19:08:10.816+0000] {logging_mixin.py:137} INFO - Michael Castaneda
[2023-02-01T19:08:10.818+0000] {logging_mixin.py:137} INFO - Christopher Krueger
[2023-02-01T19:08:10.819+0000] {logging_mixin.py:137} INFO - Jennifer Werner
[2023-02-01T19:08:10.823+0000] {logging_mixin.py:137} INFO - Ashley Smith
[2023-02-01T19:08:10.825+0000] {logging_mixin.py:137} INFO - Alyssa Fields
[2023-02-01T19:08:10.829+0000] {logging_mixin.py:137} INFO - John Scott
[2023-02-01T19:08:10.831+0000] {logging_mixin.py:137} INFO - Debra Delacruz
[2023-02-01T19:08:10.834+0000] {logging_mixin.py:137} INFO - James Madden
[2023-02-01T19:08:10.837+0000] {logging_mixin.py:137} INFO - Joseph Gentry
[2023-02-01T19:08:10.840+0000] {logging_mixin.py:137} INFO - Ashley Cabrera
[2023-02-01T19:08:10.844+0000] {logging_mixin.py:137} INFO - Jennifer Fernandez
[2023-02-01T19:08:10.847+0000] {logging_mixin.py:137} INFO - James Harris
[2023-02-01T19:08:10.851+0000] {logging_mixin.py:137} INFO - Candice Young
[2023-02-01T19:08:10.853+0000] {logging_mixin.py:137} INFO - Lisa Baker
[2023-02-01T19:08:10.859+0000] {logging_mixin.py:137} INFO - Brian Mills DDS
[2023-02-01T19:08:10.862+0000] {logging_mixin.py:137} INFO - Kristin Smith
[2023-02-01T19:08:10.864+0000] {logging_mixin.py:137} INFO - Jacob Collins
[2023-02-01T19:08:10.872+0000] {logging_mixin.py:137} INFO - Kimberly Harris
[2023-02-01T19:08:10.874+0000] {logging_mixin.py:137} INFO - Michael Hull
[2023-02-01T19:08:10.879+0000] {logging_mixin.py:137} INFO - Caitlin Todd
[2023-02-01T19:08:10.886+0000] {logging_mixin.py:137} INFO - Lisa Harris
[2023-02-01T19:08:10.889+0000] {logging_mixin.py:137} INFO - Mrs. Ann Stone
[2023-02-01T19:08:10.890+0000] {logging_mixin.py:137} INFO - Michelle Case
[2023-02-01T19:08:10.896+0000] {logging_mixin.py:137} INFO - Joe Lowe
[2023-02-01T19:08:10.900+0000] {logging_mixin.py:137} INFO - Randall Dunn
[2023-02-01T19:08:10.904+0000] {logging_mixin.py:137} INFO - Paula Vargas
[2023-02-01T19:08:10.906+0000] {logging_mixin.py:137} INFO - Daniel Walker
[2023-02-01T19:08:10.908+0000] {logging_mixin.py:137} INFO - James Jackson
[2023-02-01T19:08:10.911+0000] {logging_mixin.py:137} INFO - Shirley Woodard
[2023-02-01T19:08:10.913+0000] {logging_mixin.py:137} INFO - James Hayes
[2023-02-01T19:08:10.916+0000] {logging_mixin.py:137} INFO - Megan Austin
[2023-02-01T19:08:10.922+0000] {logging_mixin.py:137} INFO - Erin Robertson
[2023-02-01T19:08:10.925+0000] {logging_mixin.py:137} INFO - Robert Phillips
[2023-02-01T19:08:10.927+0000] {logging_mixin.py:137} INFO - Amy Torres
[2023-02-01T19:08:10.929+0000] {logging_mixin.py:137} INFO - Joshua Cox
[2023-02-01T19:08:10.931+0000] {logging_mixin.py:137} INFO - Duane Grimes
[2023-02-01T19:08:10.933+0000] {logging_mixin.py:137} INFO - Jennifer Burgess
[2023-02-01T19:08:10.935+0000] {logging_mixin.py:137} INFO - Carlos Duran
[2023-02-01T19:08:10.937+0000] {logging_mixin.py:137} INFO - Jason Johnson
[2023-02-01T19:08:10.939+0000] {logging_mixin.py:137} INFO - Cameron Greer
[2023-02-01T19:08:10.942+0000] {logging_mixin.py:137} INFO - Randall Williams
[2023-02-01T19:08:10.949+0000] {logging_mixin.py:137} INFO - Jessica Harris
[2023-02-01T19:08:10.952+0000] {logging_mixin.py:137} INFO - Joshua Rogers
[2023-02-01T19:08:10.953+0000] {logging_mixin.py:137} INFO - Jose Mahoney
[2023-02-01T19:08:10.955+0000] {logging_mixin.py:137} INFO - Brandy Fuentes
[2023-02-01T19:08:10.957+0000] {logging_mixin.py:137} INFO - Angelica Matthews
[2023-02-01T19:08:10.960+0000] {logging_mixin.py:137} INFO - Glenn Caldwell
[2023-02-01T19:08:10.965+0000] {logging_mixin.py:137} INFO - Cristian Delacruz
[2023-02-01T19:08:10.967+0000] {logging_mixin.py:137} INFO - Alexandra Price
[2023-02-01T19:08:10.969+0000] {logging_mixin.py:137} INFO - Heather Wilson
[2023-02-01T19:08:10.971+0000] {logging_mixin.py:137} INFO - Shawn Thompson
[2023-02-01T19:08:10.973+0000] {logging_mixin.py:137} INFO - Anna Daniel
[2023-02-01T19:08:10.975+0000] {logging_mixin.py:137} INFO - Joseph Cisneros
[2023-02-01T19:08:10.980+0000] {logging_mixin.py:137} INFO - Rebecca Estes
[2023-02-01T19:08:10.982+0000] {logging_mixin.py:137} INFO - Jeremy Porter
[2023-02-01T19:08:10.984+0000] {logging_mixin.py:137} INFO - Lisa Mann
[2023-02-01T19:08:10.987+0000] {logging_mixin.py:137} INFO - Michael Woods
[2023-02-01T19:08:10.992+0000] {logging_mixin.py:137} INFO - Madison Thompson
[2023-02-01T19:08:10.994+0000] {logging_mixin.py:137} INFO - Nancy Gomez
[2023-02-01T19:08:10.999+0000] {logging_mixin.py:137} INFO - Julie Blanchard
[2023-02-01T19:08:11.002+0000] {logging_mixin.py:137} INFO - Michael Smith
[2023-02-01T19:08:11.005+0000] {logging_mixin.py:137} INFO - Angel Huber
[2023-02-01T19:08:11.007+0000] {logging_mixin.py:137} INFO - Michael Coffey
[2023-02-01T19:08:11.015+0000] {logging_mixin.py:137} INFO - Patrick Walter
[2023-02-01T19:08:11.018+0000] {logging_mixin.py:137} INFO - Curtis Davis
[2023-02-01T19:08:11.020+0000] {logging_mixin.py:137} INFO - Kyle Stewart
[2023-02-01T19:08:11.024+0000] {logging_mixin.py:137} INFO - Angela Jimenez
[2023-02-01T19:08:11.028+0000] {logging_mixin.py:137} INFO - Andrew Martinez
[2023-02-01T19:08:11.031+0000] {logging_mixin.py:137} INFO - Angela West
[2023-02-01T19:08:11.037+0000] {logging_mixin.py:137} INFO - Ryan Young
[2023-02-01T19:08:11.039+0000] {logging_mixin.py:137} INFO - Nathaniel Evans
[2023-02-01T19:08:11.041+0000] {logging_mixin.py:137} INFO - Dawn Bryant
[2023-02-01T19:08:11.044+0000] {logging_mixin.py:137} INFO - Danielle Lewis
[2023-02-01T19:08:11.046+0000] {logging_mixin.py:137} INFO - Matthew Newman
[2023-02-01T19:08:11.051+0000] {logging_mixin.py:137} INFO - Robert Smith
[2023-02-01T19:08:11.052+0000] {logging_mixin.py:137} INFO - Melissa Hicks
[2023-02-01T19:08:11.054+0000] {logging_mixin.py:137} INFO - Emily Lambert
[2023-02-01T19:08:11.055+0000] {logging_mixin.py:137} INFO - Krystal Wolfe
[2023-02-01T19:08:11.058+0000] {logging_mixin.py:137} INFO - Donna Murillo
[2023-02-01T19:08:11.061+0000] {logging_mixin.py:137} INFO - Carl Hudson
[2023-02-01T19:08:11.062+0000] {logging_mixin.py:137} INFO - Robert Wilson
[2023-02-01T19:08:11.064+0000] {logging_mixin.py:137} INFO - Patrick Mathis
[2023-02-01T19:08:11.067+0000] {logging_mixin.py:137} INFO - Michael Suarez
[2023-02-01T19:08:11.069+0000] {logging_mixin.py:137} INFO - David Johnson
[2023-02-01T19:08:11.070+0000] {logging_mixin.py:137} INFO - William Thompson
[2023-02-01T19:08:11.073+0000] {logging_mixin.py:137} INFO - Jessica Hansen DVM
[2023-02-01T19:08:11.076+0000] {logging_mixin.py:137} INFO - Katherine Friedman
[2023-02-01T19:08:11.077+0000] {logging_mixin.py:137} INFO - Jillian Johnson
[2023-02-01T19:08:11.079+0000] {logging_mixin.py:137} INFO - Robert Mckee
[2023-02-01T19:08:11.082+0000] {logging_mixin.py:137} INFO - Rachel Little
[2023-02-01T19:08:11.087+0000] {logging_mixin.py:137} INFO - Patricia Smith
[2023-02-01T19:08:11.090+0000] {logging_mixin.py:137} INFO - Heidi Martinez
[2023-02-01T19:08:11.093+0000] {logging_mixin.py:137} INFO - Caitlin Solomon
[2023-02-01T19:08:11.096+0000] {logging_mixin.py:137} INFO - Dr. Olivia Pugh
[2023-02-01T19:08:11.098+0000] {logging_mixin.py:137} INFO - John Steele DDS
[2023-02-01T19:08:11.101+0000] {logging_mixin.py:137} INFO - Jeremy Mathews
[2023-02-01T19:08:11.103+0000] {logging_mixin.py:137} INFO - Tiffany Hill
[2023-02-01T19:08:11.105+0000] {logging_mixin.py:137} INFO - Steven Edwards
[2023-02-01T19:08:11.109+0000] {logging_mixin.py:137} INFO - Charles Campbell
[2023-02-01T19:08:11.113+0000] {logging_mixin.py:137} INFO - Brett Hughes
[2023-02-01T19:08:11.116+0000] {logging_mixin.py:137} INFO - Christina Villegas
[2023-02-01T19:08:11.117+0000] {logging_mixin.py:137} INFO - Anthony Garcia
[2023-02-01T19:08:11.119+0000] {logging_mixin.py:137} INFO - Nathan Murphy
[2023-02-01T19:08:11.121+0000] {logging_mixin.py:137} INFO - Steven Dodson
[2023-02-01T19:08:11.123+0000] {logging_mixin.py:137} INFO - Brian Sullivan
[2023-02-01T19:08:11.125+0000] {logging_mixin.py:137} INFO - Renee White
[2023-02-01T19:08:11.127+0000] {logging_mixin.py:137} INFO - Laura Rowland
[2023-02-01T19:08:11.131+0000] {logging_mixin.py:137} INFO - John Moore
[2023-02-01T19:08:11.134+0000] {logging_mixin.py:137} INFO - Sophia Mckenzie
[2023-02-01T19:08:11.136+0000] {logging_mixin.py:137} INFO - David Roach
[2023-02-01T19:08:11.138+0000] {logging_mixin.py:137} INFO - Jennifer Patterson
[2023-02-01T19:08:11.140+0000] {logging_mixin.py:137} INFO - James Richards
[2023-02-01T19:08:11.142+0000] {logging_mixin.py:137} INFO - Mary Johnston
[2023-02-01T19:08:11.144+0000] {logging_mixin.py:137} INFO - Brandon Mcdaniel
[2023-02-01T19:08:11.149+0000] {logging_mixin.py:137} INFO - Meghan Stevenson
[2023-02-01T19:08:11.151+0000] {logging_mixin.py:137} INFO - Luis Hayes
[2023-02-01T19:08:11.154+0000] {logging_mixin.py:137} INFO - Alejandra Sloan
[2023-02-01T19:08:11.159+0000] {logging_mixin.py:137} INFO - Dr. Sandra Miller
[2023-02-01T19:08:11.167+0000] {logging_mixin.py:137} INFO - Dustin Bond
[2023-02-01T19:08:11.169+0000] {logging_mixin.py:137} INFO - Julia Patrick MD
[2023-02-01T19:08:11.171+0000] {logging_mixin.py:137} INFO - Jill Campbell
[2023-02-01T19:08:11.174+0000] {logging_mixin.py:137} INFO - Mark Ford
[2023-02-01T19:08:11.177+0000] {logging_mixin.py:137} INFO - Brian Long
[2023-02-01T19:08:11.180+0000] {logging_mixin.py:137} INFO - Lisa Peterson
[2023-02-01T19:08:11.182+0000] {logging_mixin.py:137} INFO - Matthew Lee
[2023-02-01T19:08:11.184+0000] {logging_mixin.py:137} INFO - Bradley Miller
[2023-02-01T19:08:11.185+0000] {logging_mixin.py:137} INFO - Jeffrey Moss
[2023-02-01T19:08:11.190+0000] {logging_mixin.py:137} INFO - Sara Carlson
[2023-02-01T19:08:11.195+0000] {logging_mixin.py:137} INFO - Daniel Rodriguez
[2023-02-01T19:08:11.198+0000] {logging_mixin.py:137} INFO - Jeremy David
[2023-02-01T19:08:11.200+0000] {logging_mixin.py:137} INFO - Eric Green
[2023-02-01T19:08:11.201+0000] {logging_mixin.py:137} INFO - Alexis Jones
[2023-02-01T19:08:11.204+0000] {logging_mixin.py:137} INFO - Matthew Rose
[2023-02-01T19:08:11.205+0000] {logging_mixin.py:137} INFO - Catherine Anderson
[2023-02-01T19:08:11.207+0000] {logging_mixin.py:137} INFO - Holly Burton
[2023-02-01T19:08:11.210+0000] {logging_mixin.py:137} INFO - David Matthews
[2023-02-01T19:08:11.212+0000] {logging_mixin.py:137} INFO - Mrs. Kara Little
[2023-02-01T19:08:11.215+0000] {logging_mixin.py:137} INFO - Jeffrey Stanley
[2023-02-01T19:08:11.223+0000] {logging_mixin.py:137} INFO - James Ochoa
[2023-02-01T19:08:11.225+0000] {logging_mixin.py:137} INFO - Jason Frye
[2023-02-01T19:08:11.231+0000] {logging_mixin.py:137} INFO - Christopher Ellis
[2023-02-01T19:08:11.238+0000] {logging_mixin.py:137} INFO - Michelle Nixon
[2023-02-01T19:08:11.243+0000] {logging_mixin.py:137} INFO - Andrew Gill
[2023-02-01T19:08:11.246+0000] {logging_mixin.py:137} INFO - Jennifer Wilson
[2023-02-01T19:08:11.248+0000] {logging_mixin.py:137} INFO - Shawn Black
[2023-02-01T19:08:11.251+0000] {logging_mixin.py:137} INFO - April Patterson
[2023-02-01T19:08:11.252+0000] {logging_mixin.py:137} INFO - Troy Vaughn
[2023-02-01T19:08:11.254+0000] {logging_mixin.py:137} INFO - Alexandria White
[2023-02-01T19:08:11.256+0000] {logging_mixin.py:137} INFO - Scott Phillips
[2023-02-01T19:08:11.263+0000] {logging_mixin.py:137} INFO - Zachary Cisneros
[2023-02-01T19:08:11.268+0000] {logging_mixin.py:137} INFO - Deborah Brown
[2023-02-01T19:08:11.270+0000] {logging_mixin.py:137} INFO - Monica Moses
[2023-02-01T19:08:11.275+0000] {logging_mixin.py:137} INFO - Brenda Reyes
[2023-02-01T19:08:11.277+0000] {logging_mixin.py:137} INFO - Miss Renee Allen
[2023-02-01T19:08:11.283+0000] {logging_mixin.py:137} INFO - Susan Clark
[2023-02-01T19:08:11.285+0000] {logging_mixin.py:137} INFO - Brandy Coffey
[2023-02-01T19:08:11.289+0000] {logging_mixin.py:137} INFO - Brett Nelson
[2023-02-01T19:08:11.291+0000] {logging_mixin.py:137} INFO - Ricardo Young
[2023-02-01T19:08:11.298+0000] {logging_mixin.py:137} INFO - Paul Lee
[2023-02-01T19:08:11.301+0000] {logging_mixin.py:137} INFO - David Allen
[2023-02-01T19:08:11.304+0000] {logging_mixin.py:137} INFO - Andrea Knight
[2023-02-01T19:08:11.305+0000] {logging_mixin.py:137} INFO - James Gomez
[2023-02-01T19:08:11.307+0000] {logging_mixin.py:137} INFO - Melody Gibson
[2023-02-01T19:08:11.309+0000] {logging_mixin.py:137} INFO - Christina Martinez
[2023-02-01T19:08:11.310+0000] {logging_mixin.py:137} INFO - Shelby Smith
[2023-02-01T19:08:11.312+0000] {logging_mixin.py:137} INFO - Jason Howard
[2023-02-01T19:08:11.320+0000] {logging_mixin.py:137} INFO - Amy Davidson
[2023-02-01T19:08:11.322+0000] {logging_mixin.py:137} INFO - Kyle Copeland
[2023-02-01T19:08:11.324+0000] {logging_mixin.py:137} INFO - Madeline Davis
[2023-02-01T19:08:11.325+0000] {logging_mixin.py:137} INFO - Aaron Young
[2023-02-01T19:08:11.327+0000] {logging_mixin.py:137} INFO - Lisa Barrett
[2023-02-01T19:08:11.330+0000] {logging_mixin.py:137} INFO - Joel Jones
[2023-02-01T19:08:11.332+0000] {logging_mixin.py:137} INFO - Christine Evans
[2023-02-01T19:08:11.334+0000] {logging_mixin.py:137} INFO - Kimberly Johnson
[2023-02-01T19:08:11.337+0000] {logging_mixin.py:137} INFO - Charles Hess
[2023-02-01T19:08:11.338+0000] {logging_mixin.py:137} INFO - Paul Dixon
[2023-02-01T19:08:11.339+0000] {logging_mixin.py:137} INFO - Christopher Johnson
[2023-02-01T19:08:11.342+0000] {logging_mixin.py:137} INFO - Robert Dawson
[2023-02-01T19:08:11.346+0000] {logging_mixin.py:137} INFO - Ryan Dixon
[2023-02-01T19:08:11.350+0000] {logging_mixin.py:137} INFO - Julie Martinez
[2023-02-01T19:08:11.352+0000] {logging_mixin.py:137} INFO - David Adams
[2023-02-01T19:08:11.353+0000] {logging_mixin.py:137} INFO - Mariah Brown
[2023-02-01T19:08:11.355+0000] {logging_mixin.py:137} INFO - Deborah Malone
[2023-02-01T19:08:11.358+0000] {logging_mixin.py:137} INFO - John Brown
[2023-02-01T19:08:11.360+0000] {logging_mixin.py:137} INFO - Maria Stewart
[2023-02-01T19:08:11.361+0000] {logging_mixin.py:137} INFO - Mr. Bryan Hawkins
[2023-02-01T19:08:11.369+0000] {logging_mixin.py:137} INFO - Kyle Brooks
[2023-02-01T19:08:11.372+0000] {logging_mixin.py:137} INFO - Kenneth White
[2023-02-01T19:08:11.373+0000] {logging_mixin.py:137} INFO - Patricia Wilson
[2023-02-01T19:08:11.375+0000] {logging_mixin.py:137} INFO - Paul Soto
[2023-02-01T19:08:11.377+0000] {logging_mixin.py:137} INFO - Janice Garrett
[2023-02-01T19:08:11.381+0000] {logging_mixin.py:137} INFO - Randy Strickland
[2023-02-01T19:08:11.384+0000] {logging_mixin.py:137} INFO - Felicia Herrera
[2023-02-01T19:08:11.386+0000] {logging_mixin.py:137} INFO - Andre Campos
[2023-02-01T19:08:11.390+0000] {logging_mixin.py:137} INFO - Justin Meyer
[2023-02-01T19:08:11.403+0000] {logging_mixin.py:137} INFO - Brandon Brooks
[2023-02-01T19:08:11.407+0000] {logging_mixin.py:137} INFO - Abigail Rivera
[2023-02-01T19:08:11.410+0000] {logging_mixin.py:137} INFO - Jessica Mann
[2023-02-01T19:08:11.414+0000] {logging_mixin.py:137} INFO - Michael Sawyer
[2023-02-01T19:08:11.426+0000] {logging_mixin.py:137} INFO - Jeffrey Coleman
[2023-02-01T19:08:11.430+0000] {logging_mixin.py:137} INFO - Micheal Castro
[2023-02-01T19:08:11.437+0000] {logging_mixin.py:137} INFO - Laura Gonzalez
[2023-02-01T19:08:11.438+0000] {logging_mixin.py:137} INFO - Christopher Jackson
[2023-02-01T19:08:11.439+0000] {logging_mixin.py:137} INFO - William Mckenzie
[2023-02-01T19:08:11.442+0000] {logging_mixin.py:137} INFO - Kristina Rodriguez
[2023-02-01T19:08:11.444+0000] {logging_mixin.py:137} INFO - Kelli Williams
[2023-02-01T19:08:11.445+0000] {logging_mixin.py:137} INFO - Diane Norris
[2023-02-01T19:08:11.447+0000] {logging_mixin.py:137} INFO - Kevin Carroll
[2023-02-01T19:08:11.449+0000] {logging_mixin.py:137} INFO - Betty Weber
[2023-02-01T19:08:11.452+0000] {logging_mixin.py:137} INFO - Jeffery Robinson
[2023-02-01T19:08:11.455+0000] {logging_mixin.py:137} INFO - Hannah Cowan
[2023-02-01T19:08:11.458+0000] {logging_mixin.py:137} INFO - Brian Kramer
[2023-02-01T19:08:11.459+0000] {logging_mixin.py:137} INFO - Anthony Roberts
[2023-02-01T19:08:11.461+0000] {logging_mixin.py:137} INFO - Ricardo Blankenship
[2023-02-01T19:08:11.464+0000] {logging_mixin.py:137} INFO - Brooke Collins
[2023-02-01T19:08:11.467+0000] {logging_mixin.py:137} INFO - Tammy Lawson
[2023-02-01T19:08:11.469+0000] {logging_mixin.py:137} INFO - Cody Miller
[2023-02-01T19:08:11.475+0000] {logging_mixin.py:137} INFO - Dr. Janice Salazar
[2023-02-01T19:08:11.479+0000] {logging_mixin.py:137} INFO - David West
[2023-02-01T19:08:11.483+0000] {logging_mixin.py:137} INFO - Robin Carpenter
[2023-02-01T19:08:11.487+0000] {logging_mixin.py:137} INFO - Monique Wall
[2023-02-01T19:08:11.492+0000] {logging_mixin.py:137} INFO - Charles Cardenas
[2023-02-01T19:08:11.494+0000] {logging_mixin.py:137} INFO - Valerie Mitchell
[2023-02-01T19:08:11.510+0000] {logging_mixin.py:137} INFO - Michelle Valenzuela
[2023-02-01T19:08:11.514+0000] {logging_mixin.py:137} INFO - William Poole
[2023-02-01T19:08:11.516+0000] {logging_mixin.py:137} INFO - James Hall
[2023-02-01T19:08:11.517+0000] {logging_mixin.py:137} INFO - Dylan Carpenter
[2023-02-01T19:08:11.521+0000] {logging_mixin.py:137} INFO - Linda Medina
[2023-02-01T19:08:11.526+0000] {logging_mixin.py:137} INFO - Joan White
[2023-02-01T19:08:11.528+0000] {logging_mixin.py:137} INFO - Mary Klein
[2023-02-01T19:08:11.532+0000] {logging_mixin.py:137} INFO - Ashley Wolf
[2023-02-01T19:08:11.542+0000] {logging_mixin.py:137} INFO - William Reed
[2023-02-01T19:08:11.550+0000] {logging_mixin.py:137} INFO - Derek Harvey
[2023-02-01T19:08:11.553+0000] {logging_mixin.py:137} INFO - Kathleen Rodriguez
[2023-02-01T19:08:11.556+0000] {logging_mixin.py:137} INFO - Andrew Rodriguez
[2023-02-01T19:08:11.565+0000] {logging_mixin.py:137} INFO - Ariel Frank
[2023-02-01T19:08:11.568+0000] {logging_mixin.py:137} INFO - Tina French
[2023-02-01T19:08:11.571+0000] {logging_mixin.py:137} INFO - Brent Waller
[2023-02-01T19:08:11.577+0000] {logging_mixin.py:137} INFO - Kevin Allen
[2023-02-01T19:08:11.579+0000] {logging_mixin.py:137} INFO - Xavier Walker
[2023-02-01T19:08:11.581+0000] {logging_mixin.py:137} INFO - Michelle Sanchez
[2023-02-01T19:08:11.583+0000] {logging_mixin.py:137} INFO - Rachael Shepard
[2023-02-01T19:08:11.586+0000] {logging_mixin.py:137} INFO - Kelsey Johnson
[2023-02-01T19:08:11.587+0000] {logging_mixin.py:137} INFO - Nicole Webb
[2023-02-01T19:08:11.589+0000] {logging_mixin.py:137} INFO - Nicholas Rodriguez
[2023-02-01T19:08:11.598+0000] {logging_mixin.py:137} INFO - Eric Vaughan
[2023-02-01T19:08:11.600+0000] {logging_mixin.py:137} INFO - Amanda Richardson
[2023-02-01T19:08:11.603+0000] {logging_mixin.py:137} INFO - Janice Carlson
[2023-02-01T19:08:11.609+0000] {logging_mixin.py:137} INFO - Darryl Walsh
[2023-02-01T19:08:11.610+0000] {logging_mixin.py:137} INFO - Heather Johnson
[2023-02-01T19:08:11.612+0000] {logging_mixin.py:137} INFO - Mark Chambers
[2023-02-01T19:08:11.614+0000] {logging_mixin.py:137} INFO - Tracy Burns
[2023-02-01T19:08:11.615+0000] {logging_mixin.py:137} INFO - John Cole
[2023-02-01T19:08:11.617+0000] {logging_mixin.py:137} INFO - Deborah Silva
[2023-02-01T19:08:11.619+0000] {logging_mixin.py:137} INFO - Shawn Hernandez
[2023-02-01T19:08:11.621+0000] {logging_mixin.py:137} INFO - Bethany Meyer
[2023-02-01T19:08:11.623+0000] {logging_mixin.py:137} INFO - Helen Smith
[2023-02-01T19:08:11.625+0000] {logging_mixin.py:137} INFO - Dana Dennis
[2023-02-01T19:08:11.627+0000] {logging_mixin.py:137} INFO - Kelsey Camacho
[2023-02-01T19:08:11.628+0000] {logging_mixin.py:137} INFO - Matthew Thomas
[2023-02-01T19:08:11.633+0000] {logging_mixin.py:137} INFO - Brittany Arellano
[2023-02-01T19:08:11.635+0000] {logging_mixin.py:137} INFO - Stacey Jones
[2023-02-01T19:08:11.636+0000] {logging_mixin.py:137} INFO - William Weeks
[2023-02-01T19:08:11.638+0000] {logging_mixin.py:137} INFO - Mark Beasley
[2023-02-01T19:08:11.641+0000] {logging_mixin.py:137} INFO - Bruce Pena
[2023-02-01T19:08:11.643+0000] {logging_mixin.py:137} INFO - Jeffery Smith
[2023-02-01T19:08:11.648+0000] {logging_mixin.py:137} INFO - Ann Deleon
[2023-02-01T19:08:11.651+0000] {logging_mixin.py:137} INFO - Kevin Robertson
[2023-02-01T19:08:11.654+0000] {logging_mixin.py:137} INFO - Vincent Willis MD
[2023-02-01T19:08:11.664+0000] {logging_mixin.py:137} INFO - Michael Nielsen
[2023-02-01T19:08:11.666+0000] {logging_mixin.py:137} INFO - Walter Koch
[2023-02-01T19:08:11.667+0000] {logging_mixin.py:137} INFO - Brian Vega
[2023-02-01T19:08:11.669+0000] {logging_mixin.py:137} INFO - Jeffrey Medina
[2023-02-01T19:08:11.671+0000] {logging_mixin.py:137} INFO - Erika Banks
[2023-02-01T19:08:11.675+0000] {logging_mixin.py:137} INFO - Stacey Griffin
[2023-02-01T19:08:11.677+0000] {logging_mixin.py:137} INFO - Michael Marsh
[2023-02-01T19:08:11.679+0000] {logging_mixin.py:137} INFO - Molly White
[2023-02-01T19:08:11.680+0000] {logging_mixin.py:137} INFO - Matthew Morrison
[2023-02-01T19:08:11.686+0000] {logging_mixin.py:137} INFO - Amanda Burns
[2023-02-01T19:08:11.689+0000] {logging_mixin.py:137} INFO - Emily Gonzalez DDS
[2023-02-01T19:08:11.691+0000] {logging_mixin.py:137} INFO - Gregory King
[2023-02-01T19:08:11.693+0000] {logging_mixin.py:137} INFO - Dennis Evans
[2023-02-01T19:08:11.695+0000] {logging_mixin.py:137} INFO - Christina Snyder
[2023-02-01T19:08:11.697+0000] {logging_mixin.py:137} INFO - Carolyn Mata
[2023-02-01T19:08:11.701+0000] {logging_mixin.py:137} INFO - Brandy Lawson
[2023-02-01T19:08:11.704+0000] {logging_mixin.py:137} INFO - Briana Christian
[2023-02-01T19:08:11.706+0000] {logging_mixin.py:137} INFO - Jeffrey Hernandez
[2023-02-01T19:08:11.709+0000] {logging_mixin.py:137} INFO - John Riggs
[2023-02-01T19:08:11.710+0000] {logging_mixin.py:137} INFO - Barbara Short
[2023-02-01T19:08:11.713+0000] {logging_mixin.py:137} INFO - Steven Brooks
[2023-02-01T19:08:11.715+0000] {logging_mixin.py:137} INFO - Gabrielle James
[2023-02-01T19:08:11.719+0000] {logging_mixin.py:137} INFO - Robert Young
[2023-02-01T19:08:11.720+0000] {logging_mixin.py:137} INFO - Derek Sanders
[2023-02-01T19:08:11.722+0000] {logging_mixin.py:137} INFO - Mallory Oliver
[2023-02-01T19:08:11.724+0000] {logging_mixin.py:137} INFO - Terry Howe
[2023-02-01T19:08:11.727+0000] {logging_mixin.py:137} INFO - Samuel Wallace
[2023-02-01T19:08:11.729+0000] {logging_mixin.py:137} INFO - Angel Jones
[2023-02-01T19:08:11.731+0000] {logging_mixin.py:137} INFO - Jacqueline Nichols
[2023-02-01T19:08:11.735+0000] {logging_mixin.py:137} INFO - Melissa Mcgee
[2023-02-01T19:08:11.737+0000] {logging_mixin.py:137} INFO - Michelle Smith
[2023-02-01T19:08:11.739+0000] {logging_mixin.py:137} INFO - Maureen Baxter
[2023-02-01T19:08:11.741+0000] {logging_mixin.py:137} INFO - Kathy Crawford
[2023-02-01T19:08:11.745+0000] {logging_mixin.py:137} INFO - Stacy Wood
[2023-02-01T19:08:11.749+0000] {logging_mixin.py:137} INFO - Justin Parsons
[2023-02-01T19:08:11.757+0000] {logging_mixin.py:137} INFO - Ann Klein
[2023-02-01T19:08:11.759+0000] {logging_mixin.py:137} INFO - Allison Arnold
[2023-02-01T19:08:11.762+0000] {logging_mixin.py:137} INFO - Heather Kirk
[2023-02-01T19:08:11.767+0000] {logging_mixin.py:137} INFO - Monica Smith
[2023-02-01T19:08:11.774+0000] {logging_mixin.py:137} INFO - Brett Oconnor
[2023-02-01T19:08:11.776+0000] {logging_mixin.py:137} INFO - Anthony Bryant
[2023-02-01T19:08:11.778+0000] {logging_mixin.py:137} INFO - Jeremy Russell
[2023-02-01T19:08:11.779+0000] {logging_mixin.py:137} INFO - Julie Poole
[2023-02-01T19:08:11.781+0000] {logging_mixin.py:137} INFO - Emma Thompson
[2023-02-01T19:08:11.784+0000] {logging_mixin.py:137} INFO - Bradley Matthews
[2023-02-01T19:08:11.785+0000] {logging_mixin.py:137} INFO - William Roberts
[2023-02-01T19:08:11.791+0000] {logging_mixin.py:137} INFO - Julie Mooney
[2023-02-01T19:08:11.793+0000] {logging_mixin.py:137} INFO - Amy Doyle
[2023-02-01T19:08:11.796+0000] {logging_mixin.py:137} INFO - Amanda Grant
[2023-02-01T19:08:11.797+0000] {logging_mixin.py:137} INFO - Eric Anderson
[2023-02-01T19:08:11.800+0000] {logging_mixin.py:137} INFO - George Thompson
[2023-02-01T19:08:11.808+0000] {logging_mixin.py:137} INFO - Dustin Hines
[2023-02-01T19:08:11.811+0000] {logging_mixin.py:137} INFO - Andrea Frank
[2023-02-01T19:08:11.814+0000] {logging_mixin.py:137} INFO - Jodi Cook
[2023-02-01T19:08:11.819+0000] {logging_mixin.py:137} INFO - Stacy Haney
[2023-02-01T19:08:11.825+0000] {logging_mixin.py:137} INFO - Paul Callahan
[2023-02-01T19:08:11.833+0000] {logging_mixin.py:137} INFO - Jasmine Chambers
[2023-02-01T19:08:11.838+0000] {logging_mixin.py:137} INFO - Melissa Pittman MD
[2023-02-01T19:08:11.841+0000] {logging_mixin.py:137} INFO - Deborah Larson
[2023-02-01T19:08:11.843+0000] {logging_mixin.py:137} INFO - Brandon Shaw
[2023-02-01T19:08:11.845+0000] {logging_mixin.py:137} INFO - Timothy Paul
[2023-02-01T19:08:11.846+0000] {logging_mixin.py:137} INFO - Michael Trujillo
[2023-02-01T19:08:11.850+0000] {logging_mixin.py:137} INFO - Robert Rivera
[2023-02-01T19:08:11.855+0000] {logging_mixin.py:137} INFO - Dana Nelson
[2023-02-01T19:08:11.857+0000] {logging_mixin.py:137} INFO - Andrea Bennett
[2023-02-01T19:08:11.859+0000] {logging_mixin.py:137} INFO - Jodi Fox
[2023-02-01T19:08:11.861+0000] {logging_mixin.py:137} INFO - Heather Hayes
[2023-02-01T19:08:11.865+0000] {logging_mixin.py:137} INFO - Jennifer Moreno
[2023-02-01T19:08:11.867+0000] {logging_mixin.py:137} INFO - John Patel
[2023-02-01T19:08:11.869+0000] {logging_mixin.py:137} INFO - Teresa Oliver
[2023-02-01T19:08:11.871+0000] {logging_mixin.py:137} INFO - Monique Bell
[2023-02-01T19:08:11.872+0000] {logging_mixin.py:137} INFO - Casey Leonard
[2023-02-01T19:08:11.877+0000] {logging_mixin.py:137} INFO - Steven Clark
[2023-02-01T19:08:11.879+0000] {logging_mixin.py:137} INFO - Edward Martin
[2023-02-01T19:08:11.881+0000] {logging_mixin.py:137} INFO - Shawn Orozco
[2023-02-01T19:08:11.883+0000] {logging_mixin.py:137} INFO - Brandon Yang
[2023-02-01T19:08:11.884+0000] {logging_mixin.py:137} INFO - Nathan Ray
[2023-02-01T19:08:11.887+0000] {logging_mixin.py:137} INFO - Lori Moore
[2023-02-01T19:08:11.897+0000] {logging_mixin.py:137} INFO - Dr. Lisa Shaw DVM
[2023-02-01T19:08:11.900+0000] {logging_mixin.py:137} INFO - Angela Walters
[2023-02-01T19:08:11.905+0000] {logging_mixin.py:137} INFO - David Nolan
[2023-02-01T19:08:11.907+0000] {logging_mixin.py:137} INFO - William Ramsey
[2023-02-01T19:08:11.909+0000] {logging_mixin.py:137} INFO - David Oconnor
[2023-02-01T19:08:11.911+0000] {logging_mixin.py:137} INFO - Mark Washington
[2023-02-01T19:08:11.915+0000] {logging_mixin.py:137} INFO - Jennifer Jacobs
[2023-02-01T19:08:11.919+0000] {logging_mixin.py:137} INFO - Tammy Hampton
[2023-02-01T19:08:11.920+0000] {logging_mixin.py:137} INFO - Stephen Farmer
[2023-02-01T19:08:11.923+0000] {logging_mixin.py:137} INFO - Jasmine Nguyen
[2023-02-01T19:08:11.927+0000] {logging_mixin.py:137} INFO - Rebecca Flores
[2023-02-01T19:08:11.930+0000] {logging_mixin.py:137} INFO - Tyler Davis
[2023-02-01T19:08:11.933+0000] {logging_mixin.py:137} INFO - Nancy Gray
[2023-02-01T19:08:11.936+0000] {logging_mixin.py:137} INFO - Brian Sanchez
[2023-02-01T19:08:11.938+0000] {logging_mixin.py:137} INFO - Laurie Shaw
[2023-02-01T19:08:11.941+0000] {logging_mixin.py:137} INFO - Kristina Torres
[2023-02-01T19:08:11.943+0000] {logging_mixin.py:137} INFO - Andrea Rodgers
[2023-02-01T19:08:11.948+0000] {logging_mixin.py:137} INFO - Jason Walters
[2023-02-01T19:08:11.950+0000] {logging_mixin.py:137} INFO - Jerry Moss
[2023-02-01T19:08:11.952+0000] {logging_mixin.py:137} INFO - Jeffrey Jordan
[2023-02-01T19:08:11.953+0000] {logging_mixin.py:137} INFO - Jennifer Wilson
[2023-02-01T19:08:11.955+0000] {logging_mixin.py:137} INFO - Trevor Mathews
[2023-02-01T19:08:11.959+0000] {logging_mixin.py:137} INFO - Anne Hood
[2023-02-01T19:08:11.960+0000] {logging_mixin.py:137} INFO - Sarah Williams
[2023-02-01T19:08:11.966+0000] {logging_mixin.py:137} INFO - Shelby Hernandez
[2023-02-01T19:08:11.970+0000] {logging_mixin.py:137} INFO - Samantha Velez
[2023-02-01T19:08:11.972+0000] {logging_mixin.py:137} INFO - Matthew Douglas
[2023-02-01T19:08:11.975+0000] {logging_mixin.py:137} INFO - Ashlee George
[2023-02-01T19:08:11.978+0000] {logging_mixin.py:137} INFO - Troy Crane
[2023-02-01T19:08:11.983+0000] {logging_mixin.py:137} INFO - Michael Cooper
[2023-02-01T19:08:11.987+0000] {logging_mixin.py:137} INFO - Michael White
[2023-02-01T19:08:11.990+0000] {logging_mixin.py:137} INFO - Mr. Timothy Fleming
[2023-02-01T19:08:11.993+0000] {logging_mixin.py:137} INFO - Seth Bruce
[2023-02-01T19:08:11.994+0000] {logging_mixin.py:137} INFO - Jacqueline Carpenter
[2023-02-01T19:08:11.997+0000] {logging_mixin.py:137} INFO - Michael Martin
[2023-02-01T19:08:12.000+0000] {logging_mixin.py:137} INFO - Kristopher Henry
[2023-02-01T19:08:12.003+0000] {logging_mixin.py:137} INFO - Tiffany Porter
[2023-02-01T19:08:12.008+0000] {logging_mixin.py:137} INFO - Stacy Simpson
[2023-02-01T19:08:12.010+0000] {logging_mixin.py:137} INFO - Tammy Mcdowell
[2023-02-01T19:08:12.012+0000] {logging_mixin.py:137} INFO - Thomas Walters
[2023-02-01T19:08:12.015+0000] {logging_mixin.py:137} INFO - Dwayne Thompson
[2023-02-01T19:08:12.018+0000] {logging_mixin.py:137} INFO - Natalie Willis
[2023-02-01T19:08:12.021+0000] {logging_mixin.py:137} INFO - Sharon Taylor
[2023-02-01T19:08:12.023+0000] {logging_mixin.py:137} INFO - Sarah Wiggins
[2023-02-01T19:08:12.026+0000] {logging_mixin.py:137} INFO - Amber Thomas
[2023-02-01T19:08:12.031+0000] {logging_mixin.py:137} INFO - Patrick Miller
[2023-02-01T19:08:12.037+0000] {logging_mixin.py:137} INFO - Stephanie Hartman
[2023-02-01T19:08:12.041+0000] {logging_mixin.py:137} INFO - Stacey Mora
[2023-02-01T19:08:12.046+0000] {logging_mixin.py:137} INFO - Katherine Rodriguez
[2023-02-01T19:08:12.050+0000] {logging_mixin.py:137} INFO - Daniel Morgan
[2023-02-01T19:08:12.057+0000] {logging_mixin.py:137} INFO - Rebecca Martinez
[2023-02-01T19:08:12.060+0000] {logging_mixin.py:137} INFO - Nicole Juarez
[2023-02-01T19:08:12.062+0000] {logging_mixin.py:137} INFO - Mark Arroyo
[2023-02-01T19:08:12.070+0000] {logging_mixin.py:137} INFO - April Lucero
[2023-02-01T19:08:12.072+0000] {logging_mixin.py:137} INFO - Samantha Garcia
[2023-02-01T19:08:12.074+0000] {logging_mixin.py:137} INFO - Jon Moore
[2023-02-01T19:08:12.076+0000] {logging_mixin.py:137} INFO - Joshua Flores MD
[2023-02-01T19:08:12.082+0000] {logging_mixin.py:137} INFO - Raymond Jones
[2023-02-01T19:08:12.085+0000] {logging_mixin.py:137} INFO - Billy Hughes
[2023-02-01T19:08:12.087+0000] {logging_mixin.py:137} INFO - Peggy Valdez PhD
[2023-02-01T19:08:12.093+0000] {logging_mixin.py:137} INFO - Joshua Reyes
[2023-02-01T19:08:12.095+0000] {logging_mixin.py:137} INFO - Aaron Green
[2023-02-01T19:08:12.097+0000] {logging_mixin.py:137} INFO - Wendy Espinoza
[2023-02-01T19:08:12.103+0000] {logging_mixin.py:137} INFO - Peter Vasquez
[2023-02-01T19:08:12.105+0000] {logging_mixin.py:137} INFO - Diane Harper
[2023-02-01T19:08:12.108+0000] {logging_mixin.py:137} INFO - Ms. Rebecca Cantu
[2023-02-01T19:08:12.110+0000] {logging_mixin.py:137} INFO - Yolanda Morrow
[2023-02-01T19:08:12.118+0000] {logging_mixin.py:137} INFO - Penny Beard
[2023-02-01T19:08:12.121+0000] {logging_mixin.py:137} INFO - Lisa Long
[2023-02-01T19:08:12.124+0000] {logging_mixin.py:137} INFO - Jerry Harris
[2023-02-01T19:08:12.128+0000] {logging_mixin.py:137} INFO - Bob Willis
[2023-02-01T19:08:12.130+0000] {logging_mixin.py:137} INFO - Duane Chapman
[2023-02-01T19:08:12.134+0000] {logging_mixin.py:137} INFO - William Morgan
[2023-02-01T19:08:12.142+0000] {logging_mixin.py:137} INFO - Amy Gutierrez
[2023-02-01T19:08:12.144+0000] {logging_mixin.py:137} INFO - Amber Nichols
[2023-02-01T19:08:12.145+0000] {logging_mixin.py:137} INFO - Matthew Carr
[2023-02-01T19:08:12.148+0000] {logging_mixin.py:137} INFO - Thomas Duncan
[2023-02-01T19:08:12.150+0000] {logging_mixin.py:137} INFO - Elizabeth Wright
[2023-02-01T19:08:12.154+0000] {logging_mixin.py:137} INFO - Jacqueline Brewer
[2023-02-01T19:08:12.158+0000] {logging_mixin.py:137} INFO - Stephanie Johnson
[2023-02-01T19:08:12.162+0000] {logging_mixin.py:137} INFO - Samantha Calderon
[2023-02-01T19:08:12.164+0000] {logging_mixin.py:137} INFO - Kathryn Gaines
[2023-02-01T19:08:12.166+0000] {logging_mixin.py:137} INFO - Angel Jones
[2023-02-01T19:08:12.170+0000] {logging_mixin.py:137} INFO - Laura Wall
[2023-02-01T19:08:12.173+0000] {logging_mixin.py:137} INFO - Mr. Anthony Hamilton
[2023-02-01T19:08:12.176+0000] {logging_mixin.py:137} INFO - David Smith
[2023-02-01T19:08:12.180+0000] {logging_mixin.py:137} INFO - Kimberly Herrera DDS
[2023-02-01T19:08:12.184+0000] {logging_mixin.py:137} INFO - Gina Wilson
[2023-02-01T19:08:12.186+0000] {logging_mixin.py:137} INFO - Timothy Byrd
[2023-02-01T19:08:12.188+0000] {logging_mixin.py:137} INFO - Michael Mckenzie
[2023-02-01T19:08:12.191+0000] {logging_mixin.py:137} INFO - Jeffrey Mcintyre
[2023-02-01T19:08:12.194+0000] {logging_mixin.py:137} INFO - Teresa Jackson
[2023-02-01T19:08:12.195+0000] {logging_mixin.py:137} INFO - Joseph Wilcox
[2023-02-01T19:08:12.197+0000] {logging_mixin.py:137} INFO - Patrick Mcknight
[2023-02-01T19:08:12.199+0000] {logging_mixin.py:137} INFO - Ronald Moreno
[2023-02-01T19:08:12.210+0000] {logging_mixin.py:137} INFO - Jamie Sullivan
[2023-02-01T19:08:12.213+0000] {logging_mixin.py:137} INFO - Jason Anderson
[2023-02-01T19:08:12.220+0000] {logging_mixin.py:137} INFO - Steven Stewart
[2023-02-01T19:08:12.224+0000] {logging_mixin.py:137} INFO - Melinda Paul
[2023-02-01T19:08:12.227+0000] {logging_mixin.py:137} INFO - Cynthia Simmons
[2023-02-01T19:08:12.232+0000] {logging_mixin.py:137} INFO - Christian Smith
[2023-02-01T19:08:12.239+0000] {logging_mixin.py:137} INFO - William Jimenez
[2023-02-01T19:08:12.244+0000] {logging_mixin.py:137} INFO - Hayley French
[2023-02-01T19:08:12.248+0000] {logging_mixin.py:137} INFO - Brandon Hess
[2023-02-01T19:08:12.262+0000] {logging_mixin.py:137} INFO - Laura Perry
[2023-02-01T19:08:12.264+0000] {logging_mixin.py:137} INFO - Scott Jones
[2023-02-01T19:08:12.272+0000] {logging_mixin.py:137} INFO - Christine Hernandez
[2023-02-01T19:08:12.280+0000] {logging_mixin.py:137} INFO - Douglas Eaton
[2023-02-01T19:08:12.282+0000] {logging_mixin.py:137} INFO - William Soto
[2023-02-01T19:08:12.284+0000] {logging_mixin.py:137} INFO - Mary Jones
[2023-02-01T19:08:12.285+0000] {logging_mixin.py:137} INFO - Stephanie Holmes
[2023-02-01T19:08:12.287+0000] {logging_mixin.py:137} INFO - Keith Meyers
[2023-02-01T19:08:12.289+0000] {logging_mixin.py:137} INFO - Paul Fisher
[2023-02-01T19:08:12.293+0000] {logging_mixin.py:137} INFO - Emily Alexander
[2023-02-01T19:08:12.294+0000] {logging_mixin.py:137} INFO - Anthony Schwartz
[2023-02-01T19:08:12.296+0000] {logging_mixin.py:137} INFO - Evelyn Jacobs
[2023-02-01T19:08:12.299+0000] {logging_mixin.py:137} INFO - Connie Jones
[2023-02-01T19:08:12.301+0000] {logging_mixin.py:137} INFO - Carla Gibbs
[2023-02-01T19:08:12.305+0000] {logging_mixin.py:137} INFO - Ashley Santiago
[2023-02-01T19:08:12.307+0000] {logging_mixin.py:137} INFO - Micheal Mckee
[2023-02-01T19:08:12.308+0000] {logging_mixin.py:137} INFO - Diane Williams
[2023-02-01T19:08:12.311+0000] {logging_mixin.py:137} INFO - Jesse Velasquez
[2023-02-01T19:08:12.312+0000] {logging_mixin.py:137} INFO - Jennifer Rodriguez
[2023-02-01T19:08:12.315+0000] {logging_mixin.py:137} INFO - Joe Griffin
[2023-02-01T19:08:12.317+0000] {logging_mixin.py:137} INFO - Gary Cherry
[2023-02-01T19:08:12.319+0000] {logging_mixin.py:137} INFO - Alyssa Edwards
[2023-02-01T19:08:12.322+0000] {logging_mixin.py:137} INFO - Caroline Hernandez MD
[2023-02-01T19:08:12.324+0000] {logging_mixin.py:137} INFO - Jessica Morton
[2023-02-01T19:08:12.326+0000] {logging_mixin.py:137} INFO - Holly Jones
[2023-02-01T19:08:12.327+0000] {logging_mixin.py:137} INFO - David Shelton
[2023-02-01T19:08:12.329+0000] {logging_mixin.py:137} INFO - Kristina Parks
[2023-02-01T19:08:12.335+0000] {logging_mixin.py:137} INFO - Laurie Hernandez
[2023-02-01T19:08:12.336+0000] {logging_mixin.py:137} INFO - Melissa James
[2023-02-01T19:08:12.338+0000] {logging_mixin.py:137} INFO - Jeremiah Adams
[2023-02-01T19:08:12.340+0000] {logging_mixin.py:137} INFO - Arthur Robinson
[2023-02-01T19:08:12.341+0000] {logging_mixin.py:137} INFO - Anna Shepard
[2023-02-01T19:08:12.343+0000] {logging_mixin.py:137} INFO - Brandon Myers
[2023-02-01T19:08:12.347+0000] {logging_mixin.py:137} INFO - Paul Cardenas
[2023-02-01T19:08:12.350+0000] {logging_mixin.py:137} INFO - Megan Santana
[2023-02-01T19:08:12.352+0000] {logging_mixin.py:137} INFO - Joseph Marshall
[2023-02-01T19:08:12.356+0000] {logging_mixin.py:137} INFO - Mrs. Brenda Harris
[2023-02-01T19:08:12.359+0000] {logging_mixin.py:137} INFO - Nicole Garcia
[2023-02-01T19:08:12.360+0000] {logging_mixin.py:137} INFO - Anna Estrada
[2023-02-01T19:08:12.361+0000] {logging_mixin.py:137} INFO - Carl Moore
[2023-02-01T19:08:12.365+0000] {logging_mixin.py:137} INFO - Rodney Hernandez
[2023-02-01T19:08:12.366+0000] {logging_mixin.py:137} INFO - Madison Christian
[2023-02-01T19:08:12.367+0000] {logging_mixin.py:137} INFO - Heather Rhodes
[2023-02-01T19:08:12.373+0000] {python.py:177} INFO - Done. Returned value was: None
[2023-02-01T19:08:12.393+0000] {taskinstance.py:1323} INFO - Marking task as SUCCESS. dag_id=CSV_DAG, task_id=convertCSVToJson, execution_date=20230201T074000, start_date=20230201T190807, end_date=20230201T190812
[2023-02-01T19:08:12.452+0000] {local_task_job.py:208} INFO - Task exited with return code 0
[2023-02-01T19:08:12.482+0000] {taskinstance.py:2578} INFO - 0 downstream tasks scheduled from follow-on schedule check
