[2023-02-02T10:00:34.817+0000] {taskinstance.py:1083} INFO - Dependencies all met for <TaskInstance: CSV_DAG.convertCSVToJson scheduled__2023-02-01T21:20:00+00:00 [queued]>
[2023-02-02T10:00:34.890+0000] {taskinstance.py:1083} INFO - Dependencies all met for <TaskInstance: CSV_DAG.convertCSVToJson scheduled__2023-02-01T21:20:00+00:00 [queued]>
[2023-02-02T10:00:34.894+0000] {taskinstance.py:1279} INFO - 
--------------------------------------------------------------------------------
[2023-02-02T10:00:34.897+0000] {taskinstance.py:1280} INFO - Starting attempt 1 of 2
[2023-02-02T10:00:34.899+0000] {taskinstance.py:1281} INFO - 
--------------------------------------------------------------------------------
[2023-02-02T10:00:35.021+0000] {taskinstance.py:1300} INFO - Executing <Task(PythonOperator): convertCSVToJson> on 2023-02-01 21:20:00+00:00
[2023-02-02T10:00:35.116+0000] {standard_task_runner.py:55} INFO - Started process 318 to run task
[2023-02-02T10:00:35.162+0000] {standard_task_runner.py:82} INFO - Running: ['***', 'tasks', 'run', 'CSV_DAG', 'convertCSVToJson', 'scheduled__2023-02-01T21:20:00+00:00', '--job-id', '547', '--raw', '--subdir', 'DAGS_FOLDER/csv.py', '--cfg-path', '/tmp/tmpe1s16s7u']
[2023-02-02T10:00:35.170+0000] {standard_task_runner.py:83} INFO - Job 547: Subtask convertCSVToJson
[2023-02-02T10:00:35.718+0000] {task_command.py:388} INFO - Running <TaskInstance: CSV_DAG.convertCSVToJson scheduled__2023-02-01T21:20:00+00:00 [running]> on host 06d8060e8530
[2023-02-02T10:00:36.138+0000] {taskinstance.py:1509} INFO - Exporting the following env vars:
AIRFLOW_CTX_DAG_OWNER=Kevin Chalmers
AIRFLOW_CTX_DAG_ID=CSV_DAG
AIRFLOW_CTX_TASK_ID=convertCSVToJson
AIRFLOW_CTX_EXECUTION_DATE=2023-02-01T21:20:00+00:00
AIRFLOW_CTX_TRY_NUMBER=1
AIRFLOW_CTX_DAG_RUN_ID=scheduled__2023-02-01T21:20:00+00:00
[2023-02-02T10:00:36.199+0000] {logging_mixin.py:137} INFO - Angelica Lopez
[2023-02-02T10:00:36.201+0000] {logging_mixin.py:137} INFO - Betty Wright
[2023-02-02T10:00:36.211+0000] {logging_mixin.py:137} INFO - Sara Schmidt
[2023-02-02T10:00:36.213+0000] {logging_mixin.py:137} INFO - Dr. Sherry Rodriguez
[2023-02-02T10:00:36.214+0000] {logging_mixin.py:137} INFO - Rebecca Mills
[2023-02-02T10:00:36.217+0000] {logging_mixin.py:137} INFO - Andrew Anderson
[2023-02-02T10:00:36.220+0000] {logging_mixin.py:137} INFO - Martin Everett
[2023-02-02T10:00:36.222+0000] {logging_mixin.py:137} INFO - Felicia Gregory
[2023-02-02T10:00:36.227+0000] {logging_mixin.py:137} INFO - Kara Bowers
[2023-02-02T10:00:36.230+0000] {logging_mixin.py:137} INFO - Vincent Vincent
[2023-02-02T10:00:36.233+0000] {logging_mixin.py:137} INFO - Morgan Butler
[2023-02-02T10:00:36.240+0000] {logging_mixin.py:137} INFO - Stephen Riley
[2023-02-02T10:00:36.243+0000] {logging_mixin.py:137} INFO - Wanda Thomas
[2023-02-02T10:00:36.244+0000] {logging_mixin.py:137} INFO - Michelle Schultz
[2023-02-02T10:00:36.246+0000] {logging_mixin.py:137} INFO - Christopher Rush MD
[2023-02-02T10:00:36.249+0000] {logging_mixin.py:137} INFO - Phyllis Miles
[2023-02-02T10:00:36.251+0000] {logging_mixin.py:137} INFO - Rebecca Price
[2023-02-02T10:00:36.253+0000] {logging_mixin.py:137} INFO - John Morse
[2023-02-02T10:00:36.259+0000] {logging_mixin.py:137} INFO - Nicholas Sanchez
[2023-02-02T10:00:36.261+0000] {logging_mixin.py:137} INFO - Crystal Dean
[2023-02-02T10:00:36.263+0000] {logging_mixin.py:137} INFO - Tyler Diaz
[2023-02-02T10:00:36.264+0000] {logging_mixin.py:137} INFO - Denise Mclean
[2023-02-02T10:00:36.266+0000] {logging_mixin.py:137} INFO - Daniel Grant
[2023-02-02T10:00:36.269+0000] {logging_mixin.py:137} INFO - Sandra Peterson
[2023-02-02T10:00:36.271+0000] {logging_mixin.py:137} INFO - Denise Morse
[2023-02-02T10:00:36.275+0000] {logging_mixin.py:137} INFO - Brianna Smith
[2023-02-02T10:00:36.277+0000] {logging_mixin.py:137} INFO - Tony Miller
[2023-02-02T10:00:36.283+0000] {logging_mixin.py:137} INFO - Jean Booth
[2023-02-02T10:00:36.290+0000] {logging_mixin.py:137} INFO - Penny Salazar
[2023-02-02T10:00:36.295+0000] {logging_mixin.py:137} INFO - Cathy Williams
[2023-02-02T10:00:36.298+0000] {logging_mixin.py:137} INFO - Hannah Collins
[2023-02-02T10:00:36.300+0000] {logging_mixin.py:137} INFO - Maurice Casey
[2023-02-02T10:00:36.302+0000] {logging_mixin.py:137} INFO - Patrick Walker
[2023-02-02T10:00:36.318+0000] {logging_mixin.py:137} INFO - Pamela Barton
[2023-02-02T10:00:36.322+0000] {logging_mixin.py:137} INFO - Anthony Bryant
[2023-02-02T10:00:36.324+0000] {logging_mixin.py:137} INFO - Andrew Harris
[2023-02-02T10:00:36.332+0000] {logging_mixin.py:137} INFO - Aaron Harris
[2023-02-02T10:00:36.338+0000] {logging_mixin.py:137} INFO - Maureen Soto
[2023-02-02T10:00:36.344+0000] {logging_mixin.py:137} INFO - Crystal Mcdaniel
[2023-02-02T10:00:36.357+0000] {logging_mixin.py:137} INFO - Lauren Barrett
[2023-02-02T10:00:36.371+0000] {logging_mixin.py:137} INFO - Brandon Perez
[2023-02-02T10:00:36.386+0000] {logging_mixin.py:137} INFO - Mark Robertson
[2023-02-02T10:00:36.394+0000] {logging_mixin.py:137} INFO - Nicole Gates
[2023-02-02T10:00:36.398+0000] {logging_mixin.py:137} INFO - Bradley Cruz
[2023-02-02T10:00:36.400+0000] {logging_mixin.py:137} INFO - Gina Burns
[2023-02-02T10:00:36.404+0000] {logging_mixin.py:137} INFO - Zachary Martinez
[2023-02-02T10:00:36.416+0000] {logging_mixin.py:137} INFO - Natasha Johnson
[2023-02-02T10:00:36.421+0000] {logging_mixin.py:137} INFO - Patrick Gonzales
[2023-02-02T10:00:36.428+0000] {logging_mixin.py:137} INFO - Terri Wilson
[2023-02-02T10:00:36.436+0000] {logging_mixin.py:137} INFO - Sarah Lopez
[2023-02-02T10:00:36.440+0000] {logging_mixin.py:137} INFO - Dana Turner
[2023-02-02T10:00:36.449+0000] {logging_mixin.py:137} INFO - Cynthia Johnson
[2023-02-02T10:00:36.456+0000] {logging_mixin.py:137} INFO - William Thornton
[2023-02-02T10:00:36.468+0000] {logging_mixin.py:137} INFO - James Lee
[2023-02-02T10:00:36.483+0000] {logging_mixin.py:137} INFO - Stephen Allen
[2023-02-02T10:00:36.486+0000] {logging_mixin.py:137} INFO - William Stark
[2023-02-02T10:00:36.490+0000] {logging_mixin.py:137} INFO - Michael Parker
[2023-02-02T10:00:36.506+0000] {logging_mixin.py:137} INFO - Lisa Stephens
[2023-02-02T10:00:36.508+0000] {logging_mixin.py:137} INFO - Mr. Reginald Wise DDS
[2023-02-02T10:00:36.510+0000] {logging_mixin.py:137} INFO - Alexander James
[2023-02-02T10:00:36.513+0000] {logging_mixin.py:137} INFO - Kristen West
[2023-02-02T10:00:36.515+0000] {logging_mixin.py:137} INFO - Elizabeth Sanchez
[2023-02-02T10:00:36.519+0000] {logging_mixin.py:137} INFO - Jennifer Wilson
[2023-02-02T10:00:36.523+0000] {logging_mixin.py:137} INFO - Catherine Nicholson
[2023-02-02T10:00:36.525+0000] {logging_mixin.py:137} INFO - David Henderson
[2023-02-02T10:00:36.538+0000] {logging_mixin.py:137} INFO - Stephen Davis
[2023-02-02T10:00:36.541+0000] {logging_mixin.py:137} INFO - Paul Skinner
[2023-02-02T10:00:36.545+0000] {logging_mixin.py:137} INFO - Rebecca Wong
[2023-02-02T10:00:36.548+0000] {logging_mixin.py:137} INFO - Tara Benitez
[2023-02-02T10:00:36.553+0000] {logging_mixin.py:137} INFO - Sharon Miller
[2023-02-02T10:00:36.561+0000] {logging_mixin.py:137} INFO - Cynthia Smith
[2023-02-02T10:00:36.566+0000] {logging_mixin.py:137} INFO - Jennifer Werner
[2023-02-02T10:00:36.568+0000] {logging_mixin.py:137} INFO - Rebecca Tucker
[2023-02-02T10:00:36.571+0000] {logging_mixin.py:137} INFO - Ashlee Castillo
[2023-02-02T10:00:36.573+0000] {logging_mixin.py:137} INFO - Christopher Holmes
[2023-02-02T10:00:36.577+0000] {logging_mixin.py:137} INFO - Daniel Velez
[2023-02-02T10:00:36.580+0000] {logging_mixin.py:137} INFO - Amy Serrano
[2023-02-02T10:00:36.583+0000] {logging_mixin.py:137} INFO - Alison Nash
[2023-02-02T10:00:36.592+0000] {logging_mixin.py:137} INFO - Peter Johnson
[2023-02-02T10:00:36.595+0000] {logging_mixin.py:137} INFO - Breanna Harris
[2023-02-02T10:00:36.602+0000] {logging_mixin.py:137} INFO - Eric King
[2023-02-02T10:00:36.605+0000] {logging_mixin.py:137} INFO - Patricia Oliver
[2023-02-02T10:00:36.611+0000] {logging_mixin.py:137} INFO - Denise Grimes
[2023-02-02T10:00:36.616+0000] {logging_mixin.py:137} INFO - Jill Olson
[2023-02-02T10:00:36.630+0000] {logging_mixin.py:137} INFO - Stephanie Hart
[2023-02-02T10:00:36.634+0000] {logging_mixin.py:137} INFO - Ashley Lee
[2023-02-02T10:00:36.658+0000] {logging_mixin.py:137} INFO - Kelly Barnes
[2023-02-02T10:00:36.660+0000] {logging_mixin.py:137} INFO - Christie West
[2023-02-02T10:00:36.663+0000] {logging_mixin.py:137} INFO - Todd Nolan
[2023-02-02T10:00:36.666+0000] {logging_mixin.py:137} INFO - Sarah Reed
[2023-02-02T10:00:36.667+0000] {logging_mixin.py:137} INFO - Jennifer Keith
[2023-02-02T10:00:36.671+0000] {logging_mixin.py:137} INFO - Shawn Alvarez
[2023-02-02T10:00:36.673+0000] {logging_mixin.py:137} INFO - Alexander Wilson
[2023-02-02T10:00:36.679+0000] {logging_mixin.py:137} INFO - Rachel Melendez
[2023-02-02T10:00:36.683+0000] {logging_mixin.py:137} INFO - Morgan Walters
[2023-02-02T10:00:36.685+0000] {logging_mixin.py:137} INFO - Nicole Garcia
[2023-02-02T10:00:36.687+0000] {logging_mixin.py:137} INFO - Jennifer White
[2023-02-02T10:00:36.690+0000] {logging_mixin.py:137} INFO - Leslie Shannon
[2023-02-02T10:00:36.692+0000] {logging_mixin.py:137} INFO - Lisa Clayton
[2023-02-02T10:00:36.694+0000] {logging_mixin.py:137} INFO - Zachary Molina
[2023-02-02T10:00:36.696+0000] {logging_mixin.py:137} INFO - Bruce Butler
[2023-02-02T10:00:36.698+0000] {logging_mixin.py:137} INFO - Dustin Howell
[2023-02-02T10:00:36.706+0000] {logging_mixin.py:137} INFO - Aaron Smith
[2023-02-02T10:00:36.709+0000] {logging_mixin.py:137} INFO - Kyle Green
[2023-02-02T10:00:36.713+0000] {logging_mixin.py:137} INFO - Steven Clark
[2023-02-02T10:00:36.715+0000] {logging_mixin.py:137} INFO - Robert Holden
[2023-02-02T10:00:36.717+0000] {logging_mixin.py:137} INFO - Zachary Harmon
[2023-02-02T10:00:36.719+0000] {logging_mixin.py:137} INFO - Rachel Miller
[2023-02-02T10:00:36.721+0000] {logging_mixin.py:137} INFO - Brandon Parker
[2023-02-02T10:00:36.723+0000] {logging_mixin.py:137} INFO - Walter Martin
[2023-02-02T10:00:36.725+0000] {logging_mixin.py:137} INFO - Jose Young
[2023-02-02T10:00:36.726+0000] {logging_mixin.py:137} INFO - Kelsey Long
[2023-02-02T10:00:36.728+0000] {logging_mixin.py:137} INFO - William Harper
[2023-02-02T10:00:36.730+0000] {logging_mixin.py:137} INFO - Alejandro Lambert
[2023-02-02T10:00:36.732+0000] {logging_mixin.py:137} INFO - Stephanie Carson
[2023-02-02T10:00:36.736+0000] {logging_mixin.py:137} INFO - Diana Ortega MD
[2023-02-02T10:00:36.737+0000] {logging_mixin.py:137} INFO - Janet Morales
[2023-02-02T10:00:36.743+0000] {logging_mixin.py:137} INFO - Eric Fisher
[2023-02-02T10:00:36.747+0000] {logging_mixin.py:137} INFO - Louis Baker
[2023-02-02T10:00:36.753+0000] {logging_mixin.py:137} INFO - Cindy Ward
[2023-02-02T10:00:36.764+0000] {logging_mixin.py:137} INFO - Ana Jenkins
[2023-02-02T10:00:36.773+0000] {logging_mixin.py:137} INFO - Leslie Barton
[2023-02-02T10:00:36.783+0000] {logging_mixin.py:137} INFO - Gregory Price
[2023-02-02T10:00:36.785+0000] {logging_mixin.py:137} INFO - Brandon Moore
[2023-02-02T10:00:36.787+0000] {logging_mixin.py:137} INFO - Heather Garrett
[2023-02-02T10:00:36.800+0000] {logging_mixin.py:137} INFO - Cindy Hawkins
[2023-02-02T10:00:36.805+0000] {logging_mixin.py:137} INFO - Mr. Frank Snyder Jr.
[2023-02-02T10:00:36.814+0000] {logging_mixin.py:137} INFO - Megan Wang
[2023-02-02T10:00:36.817+0000] {logging_mixin.py:137} INFO - Jennifer Fleming
[2023-02-02T10:00:36.821+0000] {logging_mixin.py:137} INFO - Gary Hodge
[2023-02-02T10:00:36.833+0000] {logging_mixin.py:137} INFO - Nichole Miller
[2023-02-02T10:00:36.837+0000] {logging_mixin.py:137} INFO - Mitchell Mendoza
[2023-02-02T10:00:36.845+0000] {logging_mixin.py:137} INFO - Bradley Horton
[2023-02-02T10:00:36.854+0000] {logging_mixin.py:137} INFO - Michelle Hess
[2023-02-02T10:00:36.863+0000] {logging_mixin.py:137} INFO - Ronald Torres
[2023-02-02T10:00:36.866+0000] {logging_mixin.py:137} INFO - Raymond Hudson
[2023-02-02T10:00:36.870+0000] {logging_mixin.py:137} INFO - Vincent Jackson
[2023-02-02T10:00:36.872+0000] {logging_mixin.py:137} INFO - Susan Carey
[2023-02-02T10:00:36.873+0000] {logging_mixin.py:137} INFO - Chase Wilson
[2023-02-02T10:00:36.879+0000] {logging_mixin.py:137} INFO - Tonya Baldwin
[2023-02-02T10:00:36.884+0000] {logging_mixin.py:137} INFO - Mrs. Tina Davis
[2023-02-02T10:00:36.887+0000] {logging_mixin.py:137} INFO - Scott Garrett
[2023-02-02T10:00:36.893+0000] {logging_mixin.py:137} INFO - Michael Wilson
[2023-02-02T10:00:36.899+0000] {logging_mixin.py:137} INFO - Andrew Orozco
[2023-02-02T10:00:36.903+0000] {logging_mixin.py:137} INFO - Troy Carson
[2023-02-02T10:00:36.906+0000] {logging_mixin.py:137} INFO - Alex Winters
[2023-02-02T10:00:36.909+0000] {logging_mixin.py:137} INFO - Toni Frank
[2023-02-02T10:00:36.914+0000] {logging_mixin.py:137} INFO - Kathleen Snyder
[2023-02-02T10:00:36.915+0000] {logging_mixin.py:137} INFO - Anna Lopez
[2023-02-02T10:00:36.922+0000] {logging_mixin.py:137} INFO - Charles Brown
[2023-02-02T10:00:36.925+0000] {logging_mixin.py:137} INFO - Barry Ross
[2023-02-02T10:00:36.934+0000] {logging_mixin.py:137} INFO - Emily Ramirez
[2023-02-02T10:00:36.937+0000] {logging_mixin.py:137} INFO - Anna Williams
[2023-02-02T10:00:36.941+0000] {logging_mixin.py:137} INFO - Kristin Pennington
[2023-02-02T10:00:36.950+0000] {logging_mixin.py:137} INFO - Mary Aguirre
[2023-02-02T10:00:36.952+0000] {logging_mixin.py:137} INFO - Austin Santos
[2023-02-02T10:00:36.959+0000] {logging_mixin.py:137} INFO - David Nelson
[2023-02-02T10:00:36.962+0000] {logging_mixin.py:137} INFO - Alyssa Mcbride
[2023-02-02T10:00:36.966+0000] {logging_mixin.py:137} INFO - Lisa Gibson
[2023-02-02T10:00:36.970+0000] {logging_mixin.py:137} INFO - Alexander Kelly
[2023-02-02T10:00:36.972+0000] {logging_mixin.py:137} INFO - Ronald Thomas
[2023-02-02T10:00:36.973+0000] {logging_mixin.py:137} INFO - Michael Hurst
[2023-02-02T10:00:36.980+0000] {logging_mixin.py:137} INFO - Lauren Ward
[2023-02-02T10:00:36.982+0000] {logging_mixin.py:137} INFO - Christian Terry
[2023-02-02T10:00:36.993+0000] {logging_mixin.py:137} INFO - Jared Black
[2023-02-02T10:00:36.997+0000] {logging_mixin.py:137} INFO - Anthony Brown
[2023-02-02T10:00:37.001+0000] {logging_mixin.py:137} INFO - John Cole
[2023-02-02T10:00:37.005+0000] {logging_mixin.py:137} INFO - David Lee
[2023-02-02T10:00:37.007+0000] {logging_mixin.py:137} INFO - Lori Thomas
[2023-02-02T10:00:37.008+0000] {logging_mixin.py:137} INFO - Daniel Herman
[2023-02-02T10:00:37.010+0000] {logging_mixin.py:137} INFO - Pam Williams
[2023-02-02T10:00:37.011+0000] {logging_mixin.py:137} INFO - Sarah Jenkins
[2023-02-02T10:00:37.013+0000] {logging_mixin.py:137} INFO - Susan Mitchell
[2023-02-02T10:00:37.014+0000] {logging_mixin.py:137} INFO - Jacqueline Green
[2023-02-02T10:00:37.015+0000] {logging_mixin.py:137} INFO - Victoria Garrison
[2023-02-02T10:00:37.016+0000] {logging_mixin.py:137} INFO - Jonathan Daniels
[2023-02-02T10:00:37.018+0000] {logging_mixin.py:137} INFO - Trevor Hansen
[2023-02-02T10:00:37.019+0000] {logging_mixin.py:137} INFO - Laurie Bowen
[2023-02-02T10:00:37.020+0000] {logging_mixin.py:137} INFO - James Cline
[2023-02-02T10:00:37.021+0000] {logging_mixin.py:137} INFO - Michael Rose
[2023-02-02T10:00:37.023+0000] {logging_mixin.py:137} INFO - Lawrence Juarez
[2023-02-02T10:00:37.028+0000] {logging_mixin.py:137} INFO - Lucas Caldwell
[2023-02-02T10:00:37.036+0000] {logging_mixin.py:137} INFO - Laura Jackson
[2023-02-02T10:00:37.037+0000] {logging_mixin.py:137} INFO - Sherri Thornton
[2023-02-02T10:00:37.040+0000] {logging_mixin.py:137} INFO - Alice Wilson
[2023-02-02T10:00:37.048+0000] {logging_mixin.py:137} INFO - Diane Williams
[2023-02-02T10:00:37.052+0000] {logging_mixin.py:137} INFO - Kara Martin
[2023-02-02T10:00:37.053+0000] {logging_mixin.py:137} INFO - Joseph Moore
[2023-02-02T10:00:37.058+0000] {logging_mixin.py:137} INFO - Jesse Moses
[2023-02-02T10:00:37.060+0000] {logging_mixin.py:137} INFO - Lisa Mccall
[2023-02-02T10:00:37.074+0000] {logging_mixin.py:137} INFO - Alexandra Mccoy
[2023-02-02T10:00:37.080+0000] {logging_mixin.py:137} INFO - Daniel Martin
[2023-02-02T10:00:37.083+0000] {logging_mixin.py:137} INFO - Claudia Peck
[2023-02-02T10:00:37.085+0000] {logging_mixin.py:137} INFO - Jessica Mcconnell
[2023-02-02T10:00:37.097+0000] {logging_mixin.py:137} INFO - Kevin Walker
[2023-02-02T10:00:37.137+0000] {logging_mixin.py:137} INFO - Christina Lee
[2023-02-02T10:00:37.148+0000] {logging_mixin.py:137} INFO - Christopher Schroeder
[2023-02-02T10:00:37.163+0000] {logging_mixin.py:137} INFO - Melissa Parker
[2023-02-02T10:00:37.169+0000] {logging_mixin.py:137} INFO - Janet Molina
[2023-02-02T10:00:37.175+0000] {logging_mixin.py:137} INFO - Barbara Harris
[2023-02-02T10:00:37.182+0000] {logging_mixin.py:137} INFO - Joseph Hurley
[2023-02-02T10:00:37.198+0000] {logging_mixin.py:137} INFO - Greg Hayden
[2023-02-02T10:00:37.207+0000] {logging_mixin.py:137} INFO - Edwin Adams
[2023-02-02T10:00:37.216+0000] {logging_mixin.py:137} INFO - Ashley Hunter
[2023-02-02T10:00:37.224+0000] {logging_mixin.py:137} INFO - Jennifer Tucker
[2023-02-02T10:00:37.230+0000] {logging_mixin.py:137} INFO - Eddie Gray
[2023-02-02T10:00:37.232+0000] {logging_mixin.py:137} INFO - Jennifer Evans
[2023-02-02T10:00:37.237+0000] {logging_mixin.py:137} INFO - Stephen Carey
[2023-02-02T10:00:37.239+0000] {logging_mixin.py:137} INFO - Samantha Campos
[2023-02-02T10:00:37.255+0000] {logging_mixin.py:137} INFO - Meagan Brown
[2023-02-02T10:00:37.274+0000] {logging_mixin.py:137} INFO - Miss Marisa Barber
[2023-02-02T10:00:37.276+0000] {logging_mixin.py:137} INFO - Jay Mann
[2023-02-02T10:00:37.283+0000] {logging_mixin.py:137} INFO - Matthew Campbell
[2023-02-02T10:00:37.287+0000] {logging_mixin.py:137} INFO - Brent Rodriguez
[2023-02-02T10:00:37.301+0000] {logging_mixin.py:137} INFO - Teresa Ross
[2023-02-02T10:00:37.318+0000] {logging_mixin.py:137} INFO - Mary Martinez
[2023-02-02T10:00:37.326+0000] {logging_mixin.py:137} INFO - Joseph Lewis
[2023-02-02T10:00:37.348+0000] {logging_mixin.py:137} INFO - Dale Davis
[2023-02-02T10:00:37.350+0000] {logging_mixin.py:137} INFO - Elizabeth Evans
[2023-02-02T10:00:37.358+0000] {logging_mixin.py:137} INFO - Shannon Wang
[2023-02-02T10:00:37.361+0000] {logging_mixin.py:137} INFO - Brandon Campbell
[2023-02-02T10:00:37.372+0000] {logging_mixin.py:137} INFO - Rhonda Pace
[2023-02-02T10:00:37.375+0000] {logging_mixin.py:137} INFO - Sarah Santos
[2023-02-02T10:00:37.379+0000] {logging_mixin.py:137} INFO - Jacob Ford
[2023-02-02T10:00:37.387+0000] {logging_mixin.py:137} INFO - Matthew Hansen
[2023-02-02T10:00:37.397+0000] {logging_mixin.py:137} INFO - Amy Ray
[2023-02-02T10:00:37.403+0000] {logging_mixin.py:137} INFO - Aaron Fields
[2023-02-02T10:00:37.407+0000] {logging_mixin.py:137} INFO - Mary Taylor
[2023-02-02T10:00:37.414+0000] {logging_mixin.py:137} INFO - James Morris
[2023-02-02T10:00:37.425+0000] {logging_mixin.py:137} INFO - Darrell Cain
[2023-02-02T10:00:37.427+0000] {logging_mixin.py:137} INFO - Michael Smith
[2023-02-02T10:00:37.432+0000] {logging_mixin.py:137} INFO - Scott Coleman
[2023-02-02T10:00:37.437+0000] {logging_mixin.py:137} INFO - David Fitzpatrick
[2023-02-02T10:00:37.440+0000] {logging_mixin.py:137} INFO - Debra Shepherd
[2023-02-02T10:00:37.449+0000] {logging_mixin.py:137} INFO - Paul Rush
[2023-02-02T10:00:37.454+0000] {logging_mixin.py:137} INFO - Brett Hernandez
[2023-02-02T10:00:37.462+0000] {logging_mixin.py:137} INFO - Sheila Riddle
[2023-02-02T10:00:37.472+0000] {logging_mixin.py:137} INFO - Joan Austin
[2023-02-02T10:00:37.474+0000] {logging_mixin.py:137} INFO - Michael Garcia
[2023-02-02T10:00:37.477+0000] {logging_mixin.py:137} INFO - Natalie Harris
[2023-02-02T10:00:37.478+0000] {logging_mixin.py:137} INFO - Steven Dean
[2023-02-02T10:00:37.488+0000] {logging_mixin.py:137} INFO - John Brown
[2023-02-02T10:00:37.491+0000] {logging_mixin.py:137} INFO - Keith Zimmerman
[2023-02-02T10:00:37.493+0000] {logging_mixin.py:137} INFO - Curtis Byrd
[2023-02-02T10:00:37.496+0000] {logging_mixin.py:137} INFO - Mariah Green
[2023-02-02T10:00:37.502+0000] {logging_mixin.py:137} INFO - Roger Huynh
[2023-02-02T10:00:37.504+0000] {logging_mixin.py:137} INFO - Christopher Zamora
[2023-02-02T10:00:37.509+0000] {logging_mixin.py:137} INFO - Joyce Crawford
[2023-02-02T10:00:37.520+0000] {logging_mixin.py:137} INFO - Angela Smith
[2023-02-02T10:00:37.532+0000] {logging_mixin.py:137} INFO - Veronica Robinson
[2023-02-02T10:00:37.534+0000] {logging_mixin.py:137} INFO - Christopher Bates
[2023-02-02T10:00:37.535+0000] {logging_mixin.py:137} INFO - Steve Stone
[2023-02-02T10:00:37.536+0000] {logging_mixin.py:137} INFO - William Cook
[2023-02-02T10:00:37.542+0000] {logging_mixin.py:137} INFO - Lori Wood
[2023-02-02T10:00:37.546+0000] {logging_mixin.py:137} INFO - Jillian Reynolds
[2023-02-02T10:00:37.548+0000] {logging_mixin.py:137} INFO - Angela Caldwell
[2023-02-02T10:00:37.550+0000] {logging_mixin.py:137} INFO - Shane Campbell
[2023-02-02T10:00:37.552+0000] {logging_mixin.py:137} INFO - Karen Lawrence
[2023-02-02T10:00:37.554+0000] {logging_mixin.py:137} INFO - Kimberly Wood
[2023-02-02T10:00:37.556+0000] {logging_mixin.py:137} INFO - Samantha Lopez
[2023-02-02T10:00:37.558+0000] {logging_mixin.py:137} INFO - Harold Miller
[2023-02-02T10:00:37.565+0000] {logging_mixin.py:137} INFO - Raymond Cooper DVM
[2023-02-02T10:00:37.569+0000] {logging_mixin.py:137} INFO - Kristen Patel
[2023-02-02T10:00:37.571+0000] {logging_mixin.py:137} INFO - Anthony Mejia
[2023-02-02T10:00:37.577+0000] {logging_mixin.py:137} INFO - Raymond Thomas
[2023-02-02T10:00:37.581+0000] {logging_mixin.py:137} INFO - Scott Young
[2023-02-02T10:00:37.584+0000] {logging_mixin.py:137} INFO - David Larson
[2023-02-02T10:00:37.586+0000] {logging_mixin.py:137} INFO - Jon Murray
[2023-02-02T10:00:37.592+0000] {logging_mixin.py:137} INFO - Stephen Taylor
[2023-02-02T10:00:37.608+0000] {logging_mixin.py:137} INFO - Jennifer Hernandez
[2023-02-02T10:00:37.613+0000] {logging_mixin.py:137} INFO - Stacy Smith
[2023-02-02T10:00:37.620+0000] {logging_mixin.py:137} INFO - Juan Owens
[2023-02-02T10:00:37.626+0000] {logging_mixin.py:137} INFO - Brian Adkins
[2023-02-02T10:00:37.630+0000] {logging_mixin.py:137} INFO - Jesse Wells
[2023-02-02T10:00:37.635+0000] {logging_mixin.py:137} INFO - Kyle Matthews
[2023-02-02T10:00:37.642+0000] {logging_mixin.py:137} INFO - Dustin Russell
[2023-02-02T10:00:37.645+0000] {logging_mixin.py:137} INFO - Richard White
[2023-02-02T10:00:37.649+0000] {logging_mixin.py:137} INFO - Brittany Nichols
[2023-02-02T10:00:37.651+0000] {logging_mixin.py:137} INFO - Colton Kelly
[2023-02-02T10:00:37.654+0000] {logging_mixin.py:137} INFO - William Perry
[2023-02-02T10:00:37.663+0000] {logging_mixin.py:137} INFO - Thomas Cummings
[2023-02-02T10:00:37.665+0000] {logging_mixin.py:137} INFO - Timothy Ballard
[2023-02-02T10:00:37.668+0000] {logging_mixin.py:137} INFO - Richard Washington
[2023-02-02T10:00:37.670+0000] {logging_mixin.py:137} INFO - Joshua Lam
[2023-02-02T10:00:37.673+0000] {logging_mixin.py:137} INFO - Grant Jackson
[2023-02-02T10:00:37.676+0000] {logging_mixin.py:137} INFO - Erin Baker
[2023-02-02T10:00:37.679+0000] {logging_mixin.py:137} INFO - Scott Flowers
[2023-02-02T10:00:37.680+0000] {logging_mixin.py:137} INFO - James Adams
[2023-02-02T10:00:37.690+0000] {logging_mixin.py:137} INFO - Heather Alvarado
[2023-02-02T10:00:37.693+0000] {logging_mixin.py:137} INFO - Jennifer Snow
[2023-02-02T10:00:37.698+0000] {logging_mixin.py:137} INFO - Mario Jackson
[2023-02-02T10:00:37.700+0000] {logging_mixin.py:137} INFO - Kevin Collins
[2023-02-02T10:00:37.702+0000] {logging_mixin.py:137} INFO - Danielle Garcia
[2023-02-02T10:00:37.709+0000] {logging_mixin.py:137} INFO - Brenda Jackson
[2023-02-02T10:00:37.714+0000] {logging_mixin.py:137} INFO - Ashley Parker
[2023-02-02T10:00:37.716+0000] {logging_mixin.py:137} INFO - Angela Hickman
[2023-02-02T10:00:37.723+0000] {logging_mixin.py:137} INFO - Carol Rodriguez
[2023-02-02T10:00:37.735+0000] {logging_mixin.py:137} INFO - Vernon Anderson
[2023-02-02T10:00:37.737+0000] {logging_mixin.py:137} INFO - Jesus Church
[2023-02-02T10:00:37.742+0000] {logging_mixin.py:137} INFO - Michelle Medina
[2023-02-02T10:00:37.750+0000] {logging_mixin.py:137} INFO - Nancy Bryant
[2023-02-02T10:00:37.755+0000] {logging_mixin.py:137} INFO - Jennifer Martinez
[2023-02-02T10:00:37.757+0000] {logging_mixin.py:137} INFO - Amy Dougherty
[2023-02-02T10:00:37.769+0000] {logging_mixin.py:137} INFO - Alexis Sanders
[2023-02-02T10:00:37.772+0000] {logging_mixin.py:137} INFO - Austin Salazar
[2023-02-02T10:00:37.779+0000] {logging_mixin.py:137} INFO - Amy Williams
[2023-02-02T10:00:37.785+0000] {logging_mixin.py:137} INFO - Richard Haynes
[2023-02-02T10:00:37.787+0000] {logging_mixin.py:137} INFO - Christine Stark
[2023-02-02T10:00:37.796+0000] {logging_mixin.py:137} INFO - Anita Medina
[2023-02-02T10:00:37.803+0000] {logging_mixin.py:137} INFO - Mr. Thomas Duran
[2023-02-02T10:00:37.809+0000] {logging_mixin.py:137} INFO - Mr. Russell Peterson
[2023-02-02T10:00:37.816+0000] {logging_mixin.py:137} INFO - Jack Richard
[2023-02-02T10:00:37.822+0000] {logging_mixin.py:137} INFO - Michelle Erickson
[2023-02-02T10:00:37.830+0000] {logging_mixin.py:137} INFO - Mitchell Williams
[2023-02-02T10:00:37.831+0000] {logging_mixin.py:137} INFO - Adrian Herrera
[2023-02-02T10:00:37.833+0000] {logging_mixin.py:137} INFO - Michael Brady
[2023-02-02T10:00:37.835+0000] {logging_mixin.py:137} INFO - Jamie Zhang
[2023-02-02T10:00:37.839+0000] {logging_mixin.py:137} INFO - Helen Brennan
[2023-02-02T10:00:37.843+0000] {logging_mixin.py:137} INFO - John Myers
[2023-02-02T10:00:37.847+0000] {logging_mixin.py:137} INFO - Patricia Nash
[2023-02-02T10:00:37.862+0000] {logging_mixin.py:137} INFO - Michael Johnson
[2023-02-02T10:00:37.870+0000] {logging_mixin.py:137} INFO - Anita Berger
[2023-02-02T10:00:37.875+0000] {logging_mixin.py:137} INFO - Jason Guerrero DVM
[2023-02-02T10:00:37.886+0000] {logging_mixin.py:137} INFO - Kimberly Davis
[2023-02-02T10:00:37.888+0000] {logging_mixin.py:137} INFO - Bryan Hansen
[2023-02-02T10:00:37.890+0000] {logging_mixin.py:137} INFO - Rebecca Obrien
[2023-02-02T10:00:37.892+0000] {logging_mixin.py:137} INFO - Sarah Santiago
[2023-02-02T10:00:37.896+0000] {logging_mixin.py:137} INFO - Christine Lane
[2023-02-02T10:00:37.898+0000] {logging_mixin.py:137} INFO - Jerry Lewis
[2023-02-02T10:00:37.900+0000] {logging_mixin.py:137} INFO - Stephanie Miller
[2023-02-02T10:00:37.902+0000] {logging_mixin.py:137} INFO - Kristi Bradley
[2023-02-02T10:00:37.905+0000] {logging_mixin.py:137} INFO - Darren Moore
[2023-02-02T10:00:37.913+0000] {logging_mixin.py:137} INFO - Kristina Cunningham
[2023-02-02T10:00:37.918+0000] {logging_mixin.py:137} INFO - Laurie Moore
[2023-02-02T10:00:37.924+0000] {logging_mixin.py:137} INFO - Aaron Lewis
[2023-02-02T10:00:37.927+0000] {logging_mixin.py:137} INFO - Theresa Vang
[2023-02-02T10:00:37.930+0000] {logging_mixin.py:137} INFO - Chase Reese
[2023-02-02T10:00:37.931+0000] {logging_mixin.py:137} INFO - Matthew Ferguson
[2023-02-02T10:00:37.934+0000] {logging_mixin.py:137} INFO - Victoria Lewis
[2023-02-02T10:00:37.936+0000] {logging_mixin.py:137} INFO - Jon Scott
[2023-02-02T10:00:37.944+0000] {logging_mixin.py:137} INFO - Lisa Campbell
[2023-02-02T10:00:37.946+0000] {logging_mixin.py:137} INFO - David Ramirez
[2023-02-02T10:00:37.948+0000] {logging_mixin.py:137} INFO - Gabriel Rosario
[2023-02-02T10:00:37.949+0000] {logging_mixin.py:137} INFO - Kristi Johnson
[2023-02-02T10:00:37.950+0000] {logging_mixin.py:137} INFO - Jennifer Schwartz
[2023-02-02T10:00:37.955+0000] {logging_mixin.py:137} INFO - Daniel Norton
[2023-02-02T10:00:37.959+0000] {logging_mixin.py:137} INFO - Richard Montoya
[2023-02-02T10:00:37.962+0000] {logging_mixin.py:137} INFO - Daniel Norris
[2023-02-02T10:00:37.970+0000] {logging_mixin.py:137} INFO - Chad Taylor
[2023-02-02T10:00:37.972+0000] {logging_mixin.py:137} INFO - Angie Allen
[2023-02-02T10:00:37.974+0000] {logging_mixin.py:137} INFO - Michael Brooks
[2023-02-02T10:00:37.976+0000] {logging_mixin.py:137} INFO - Hannah Poole
[2023-02-02T10:00:37.980+0000] {logging_mixin.py:137} INFO - Caitlin Ray
[2023-02-02T10:00:37.982+0000] {logging_mixin.py:137} INFO - Mr. Steven Gardner
[2023-02-02T10:00:37.985+0000] {logging_mixin.py:137} INFO - Jennifer Macdonald
[2023-02-02T10:00:37.987+0000] {logging_mixin.py:137} INFO - Vanessa Small
[2023-02-02T10:00:37.990+0000] {logging_mixin.py:137} INFO - Dennis Gray
[2023-02-02T10:00:37.998+0000] {logging_mixin.py:137} INFO - Sandra Kirk
[2023-02-02T10:00:38.000+0000] {logging_mixin.py:137} INFO - Jason Wagner
[2023-02-02T10:00:38.002+0000] {logging_mixin.py:137} INFO - David Owen
[2023-02-02T10:00:38.006+0000] {logging_mixin.py:137} INFO - Rose Terrell
[2023-02-02T10:00:38.008+0000] {logging_mixin.py:137} INFO - James Green MD
[2023-02-02T10:00:38.010+0000] {logging_mixin.py:137} INFO - Tammy Patel
[2023-02-02T10:00:38.016+0000] {logging_mixin.py:137} INFO - Joseph Lucero
[2023-02-02T10:00:38.018+0000] {logging_mixin.py:137} INFO - Stephanie Rojas
[2023-02-02T10:00:38.020+0000] {logging_mixin.py:137} INFO - Brittany Johnson
[2023-02-02T10:00:38.025+0000] {logging_mixin.py:137} INFO - Christina Cummings
[2023-02-02T10:00:38.027+0000] {logging_mixin.py:137} INFO - Eric Downs
[2023-02-02T10:00:38.029+0000] {logging_mixin.py:137} INFO - Paul Finley
[2023-02-02T10:00:38.030+0000] {logging_mixin.py:137} INFO - Danielle Jackson
[2023-02-02T10:00:38.032+0000] {logging_mixin.py:137} INFO - Anna Johnston
[2023-02-02T10:00:38.033+0000] {logging_mixin.py:137} INFO - Ashlee Hodges
[2023-02-02T10:00:38.035+0000] {logging_mixin.py:137} INFO - Thomas Francis
[2023-02-02T10:00:38.037+0000] {logging_mixin.py:137} INFO - Cody Baird
[2023-02-02T10:00:38.039+0000] {logging_mixin.py:137} INFO - Jeffrey Walter
[2023-02-02T10:00:38.044+0000] {logging_mixin.py:137} INFO - Hannah West
[2023-02-02T10:00:38.046+0000] {logging_mixin.py:137} INFO - Anthony Byrd
[2023-02-02T10:00:38.053+0000] {logging_mixin.py:137} INFO - Julie Ramirez
[2023-02-02T10:00:38.056+0000] {logging_mixin.py:137} INFO - Seth Peters
[2023-02-02T10:00:38.058+0000] {logging_mixin.py:137} INFO - Keith Salas
[2023-02-02T10:00:38.061+0000] {logging_mixin.py:137} INFO - Kathryn Evans
[2023-02-02T10:00:38.063+0000] {logging_mixin.py:137} INFO - Dr. Maria Scott
[2023-02-02T10:00:38.071+0000] {logging_mixin.py:137} INFO - Brenda Thomas
[2023-02-02T10:00:38.077+0000] {logging_mixin.py:137} INFO - Travis Douglas
[2023-02-02T10:00:38.081+0000] {logging_mixin.py:137} INFO - Kurt Santos
[2023-02-02T10:00:38.086+0000] {logging_mixin.py:137} INFO - Sean Parrish
[2023-02-02T10:00:38.090+0000] {logging_mixin.py:137} INFO - Brittany Walls
[2023-02-02T10:00:38.097+0000] {logging_mixin.py:137} INFO - Gail Brooks
[2023-02-02T10:00:38.101+0000] {logging_mixin.py:137} INFO - Valerie Johnson
[2023-02-02T10:00:38.104+0000] {logging_mixin.py:137} INFO - Jessica Dunn
[2023-02-02T10:00:38.111+0000] {logging_mixin.py:137} INFO - Chad Robinson
[2023-02-02T10:00:38.116+0000] {logging_mixin.py:137} INFO - Catherine Combs
[2023-02-02T10:00:38.122+0000] {logging_mixin.py:137} INFO - Joshua Boyd
[2023-02-02T10:00:38.125+0000] {logging_mixin.py:137} INFO - Alicia Barnett DVM
[2023-02-02T10:00:38.129+0000] {logging_mixin.py:137} INFO - Kevin Cervantes
[2023-02-02T10:00:38.134+0000] {logging_mixin.py:137} INFO - Larry Lester
[2023-02-02T10:00:38.135+0000] {logging_mixin.py:137} INFO - Deanna Espinoza
[2023-02-02T10:00:38.138+0000] {logging_mixin.py:137} INFO - Marilyn Davis
[2023-02-02T10:00:38.143+0000] {logging_mixin.py:137} INFO - Michael Weeks
[2023-02-02T10:00:38.149+0000] {logging_mixin.py:137} INFO - Brandon Stanton
[2023-02-02T10:00:38.164+0000] {logging_mixin.py:137} INFO - Ryan Boyer Jr.
[2023-02-02T10:00:38.170+0000] {logging_mixin.py:137} INFO - Amanda Elliott
[2023-02-02T10:00:38.179+0000] {logging_mixin.py:137} INFO - David Moore
[2023-02-02T10:00:38.190+0000] {logging_mixin.py:137} INFO - Andre Williams
[2023-02-02T10:00:38.197+0000] {logging_mixin.py:137} INFO - Jennifer Garcia
[2023-02-02T10:00:38.208+0000] {logging_mixin.py:137} INFO - Tracey Cook
[2023-02-02T10:00:38.212+0000] {logging_mixin.py:137} INFO - Michael Turner
[2023-02-02T10:00:38.222+0000] {logging_mixin.py:137} INFO - Diana Long
[2023-02-02T10:00:38.225+0000] {logging_mixin.py:137} INFO - John Bradley
[2023-02-02T10:00:38.227+0000] {logging_mixin.py:137} INFO - Ann Benjamin
[2023-02-02T10:00:38.229+0000] {logging_mixin.py:137} INFO - Shane House
[2023-02-02T10:00:38.231+0000] {logging_mixin.py:137} INFO - Erin Lee
[2023-02-02T10:00:38.252+0000] {logging_mixin.py:137} INFO - Joseph Gray
[2023-02-02T10:00:38.259+0000] {logging_mixin.py:137} INFO - Betty Gibson
[2023-02-02T10:00:38.266+0000] {logging_mixin.py:137} INFO - Kristen Graham
[2023-02-02T10:00:38.268+0000] {logging_mixin.py:137} INFO - Daniel Meza
[2023-02-02T10:00:38.274+0000] {logging_mixin.py:137} INFO - Sherri Carpenter
[2023-02-02T10:00:38.279+0000] {logging_mixin.py:137} INFO - Andrea Sanchez
[2023-02-02T10:00:38.283+0000] {logging_mixin.py:137} INFO - Jordan Rios
[2023-02-02T10:00:38.285+0000] {logging_mixin.py:137} INFO - Elizabeth Jackson
[2023-02-02T10:00:38.290+0000] {logging_mixin.py:137} INFO - Elizabeth Myers
[2023-02-02T10:00:38.303+0000] {logging_mixin.py:137} INFO - Juan Barnes
[2023-02-02T10:00:38.310+0000] {logging_mixin.py:137} INFO - Christopher Lozano
[2023-02-02T10:00:38.312+0000] {logging_mixin.py:137} INFO - Jacqueline Griffin
[2023-02-02T10:00:38.315+0000] {logging_mixin.py:137} INFO - Ryan Mason
[2023-02-02T10:00:38.321+0000] {logging_mixin.py:137} INFO - Jonathan Moore
[2023-02-02T10:00:38.326+0000] {logging_mixin.py:137} INFO - Abigail Landry
[2023-02-02T10:00:38.328+0000] {logging_mixin.py:137} INFO - Brenda Hernandez
[2023-02-02T10:00:38.341+0000] {logging_mixin.py:137} INFO - Zachary Pitts
[2023-02-02T10:00:38.343+0000] {logging_mixin.py:137} INFO - Amanda Rogers
[2023-02-02T10:00:38.349+0000] {logging_mixin.py:137} INFO - Cynthia Gray
[2023-02-02T10:00:38.352+0000] {logging_mixin.py:137} INFO - Tyler Barajas
[2023-02-02T10:00:38.356+0000] {logging_mixin.py:137} INFO - Michelle Leon
[2023-02-02T10:00:38.359+0000] {logging_mixin.py:137} INFO - Kathy Lang
[2023-02-02T10:00:38.362+0000] {logging_mixin.py:137} INFO - Scott Townsend MD
[2023-02-02T10:00:38.369+0000] {logging_mixin.py:137} INFO - Theresa Acosta
[2023-02-02T10:00:38.376+0000] {logging_mixin.py:137} INFO - David Jones
[2023-02-02T10:00:38.380+0000] {logging_mixin.py:137} INFO - Jeremy Robinson
[2023-02-02T10:00:38.384+0000] {logging_mixin.py:137} INFO - James Newton
[2023-02-02T10:00:38.387+0000] {logging_mixin.py:137} INFO - Tracey Wells
[2023-02-02T10:00:38.388+0000] {logging_mixin.py:137} INFO - Maria Nelson
[2023-02-02T10:00:38.398+0000] {logging_mixin.py:137} INFO - Christopher Griffith
[2023-02-02T10:00:38.401+0000] {logging_mixin.py:137} INFO - Zachary Griffin
[2023-02-02T10:00:38.407+0000] {logging_mixin.py:137} INFO - Amy Nguyen
[2023-02-02T10:00:38.413+0000] {logging_mixin.py:137} INFO - April Williams
[2023-02-02T10:00:38.434+0000] {logging_mixin.py:137} INFO - Marissa Kelly
[2023-02-02T10:00:38.437+0000] {logging_mixin.py:137} INFO - Brian Lopez PhD
[2023-02-02T10:00:38.440+0000] {logging_mixin.py:137} INFO - William Williams
[2023-02-02T10:00:38.444+0000] {logging_mixin.py:137} INFO - Norman Brown
[2023-02-02T10:00:38.455+0000] {logging_mixin.py:137} INFO - Charles Fuentes
[2023-02-02T10:00:38.463+0000] {logging_mixin.py:137} INFO - Anthony Chang
[2023-02-02T10:00:38.471+0000] {logging_mixin.py:137} INFO - Mary Bell
[2023-02-02T10:00:38.490+0000] {logging_mixin.py:137} INFO - Elizabeth Stuart
[2023-02-02T10:00:38.500+0000] {logging_mixin.py:137} INFO - Mary Mcdonald
[2023-02-02T10:00:38.509+0000] {logging_mixin.py:137} INFO - Martin Harrison
[2023-02-02T10:00:38.514+0000] {logging_mixin.py:137} INFO - Stephanie Fernandez
[2023-02-02T10:00:38.542+0000] {logging_mixin.py:137} INFO - Christopher Brown
[2023-02-02T10:00:38.544+0000] {logging_mixin.py:137} INFO - Alexander Stephenson
[2023-02-02T10:00:38.548+0000] {logging_mixin.py:137} INFO - Grace Diaz
[2023-02-02T10:00:38.550+0000] {logging_mixin.py:137} INFO - Frank Bartlett
[2023-02-02T10:00:38.553+0000] {logging_mixin.py:137} INFO - Audrey Andersen
[2023-02-02T10:00:38.555+0000] {logging_mixin.py:137} INFO - David Green
[2023-02-02T10:00:38.561+0000] {logging_mixin.py:137} INFO - Joshua Diaz Jr.
[2023-02-02T10:00:38.564+0000] {logging_mixin.py:137} INFO - Emily Garcia
[2023-02-02T10:00:38.566+0000] {logging_mixin.py:137} INFO - Devin Hall
[2023-02-02T10:00:38.571+0000] {logging_mixin.py:137} INFO - Phillip Garner
[2023-02-02T10:00:38.576+0000] {logging_mixin.py:137} INFO - Katherine Estrada
[2023-02-02T10:00:38.586+0000] {logging_mixin.py:137} INFO - Corey Saunders
[2023-02-02T10:00:38.591+0000] {logging_mixin.py:137} INFO - Kimberly Collins
[2023-02-02T10:00:38.606+0000] {logging_mixin.py:137} INFO - Amy Elliott
[2023-02-02T10:00:38.635+0000] {logging_mixin.py:137} INFO - Tanya Jones
[2023-02-02T10:00:38.648+0000] {logging_mixin.py:137} INFO - Patricia Gonzalez
[2023-02-02T10:00:38.656+0000] {logging_mixin.py:137} INFO - Jennifer Hill
[2023-02-02T10:00:38.678+0000] {logging_mixin.py:137} INFO - John Haynes
[2023-02-02T10:00:38.685+0000] {logging_mixin.py:137} INFO - Jacob Henry
[2023-02-02T10:00:38.697+0000] {logging_mixin.py:137} INFO - Daniel Clark
[2023-02-02T10:00:38.704+0000] {logging_mixin.py:137} INFO - Jonathon Taylor
[2023-02-02T10:00:38.711+0000] {logging_mixin.py:137} INFO - Jesse Evans
[2023-02-02T10:00:38.725+0000] {logging_mixin.py:137} INFO - James Martinez
[2023-02-02T10:00:38.733+0000] {logging_mixin.py:137} INFO - Kyle Reyes
[2023-02-02T10:00:38.743+0000] {logging_mixin.py:137} INFO - Terrence Barker
[2023-02-02T10:00:38.748+0000] {logging_mixin.py:137} INFO - Anthony Washington
[2023-02-02T10:00:38.760+0000] {logging_mixin.py:137} INFO - Dustin Le
[2023-02-02T10:00:38.773+0000] {logging_mixin.py:137} INFO - Bruce Clark
[2023-02-02T10:00:38.778+0000] {logging_mixin.py:137} INFO - Keith Anthony
[2023-02-02T10:00:38.785+0000] {logging_mixin.py:137} INFO - Jeremiah Stone
[2023-02-02T10:00:38.788+0000] {logging_mixin.py:137} INFO - Michael Haley
[2023-02-02T10:00:38.789+0000] {logging_mixin.py:137} INFO - Regina Carrillo
[2023-02-02T10:00:38.791+0000] {logging_mixin.py:137} INFO - Jacob Lee
[2023-02-02T10:00:38.796+0000] {logging_mixin.py:137} INFO - Thomas Gonzalez
[2023-02-02T10:00:38.798+0000] {logging_mixin.py:137} INFO - Mark Lawrence
[2023-02-02T10:00:38.800+0000] {logging_mixin.py:137} INFO - Matthew Anderson
[2023-02-02T10:00:38.819+0000] {logging_mixin.py:137} INFO - Nicholas Young
[2023-02-02T10:00:38.823+0000] {logging_mixin.py:137} INFO - Melvin Martinez
[2023-02-02T10:00:38.828+0000] {logging_mixin.py:137} INFO - Scott Green
[2023-02-02T10:00:38.836+0000] {logging_mixin.py:137} INFO - Dana Richards
[2023-02-02T10:00:38.838+0000] {logging_mixin.py:137} INFO - Lauren Moore
[2023-02-02T10:00:38.844+0000] {logging_mixin.py:137} INFO - Terry Campbell
[2023-02-02T10:00:38.847+0000] {logging_mixin.py:137} INFO - Ralph Jordan
[2023-02-02T10:00:38.853+0000] {logging_mixin.py:137} INFO - Noah Reyes
[2023-02-02T10:00:38.855+0000] {logging_mixin.py:137} INFO - Mr. Gregory Mills MD
[2023-02-02T10:00:38.871+0000] {logging_mixin.py:137} INFO - Michelle Yates
[2023-02-02T10:00:38.873+0000] {logging_mixin.py:137} INFO - Robin Reyes
[2023-02-02T10:00:38.883+0000] {logging_mixin.py:137} INFO - Rebecca Smith
[2023-02-02T10:00:38.887+0000] {logging_mixin.py:137} INFO - Nicole Torres
[2023-02-02T10:00:38.890+0000] {logging_mixin.py:137} INFO - Ronald Jones
[2023-02-02T10:00:38.895+0000] {logging_mixin.py:137} INFO - Michael Castaneda
[2023-02-02T10:00:38.898+0000] {logging_mixin.py:137} INFO - Christopher Krueger
[2023-02-02T10:00:38.901+0000] {logging_mixin.py:137} INFO - Jennifer Werner
[2023-02-02T10:00:38.902+0000] {logging_mixin.py:137} INFO - Ashley Smith
[2023-02-02T10:00:38.904+0000] {logging_mixin.py:137} INFO - Alyssa Fields
[2023-02-02T10:00:38.916+0000] {logging_mixin.py:137} INFO - John Scott
[2023-02-02T10:00:38.920+0000] {logging_mixin.py:137} INFO - Debra Delacruz
[2023-02-02T10:00:38.922+0000] {logging_mixin.py:137} INFO - James Madden
[2023-02-02T10:00:38.925+0000] {logging_mixin.py:137} INFO - Joseph Gentry
[2023-02-02T10:00:38.927+0000] {logging_mixin.py:137} INFO - Ashley Cabrera
[2023-02-02T10:00:38.930+0000] {logging_mixin.py:137} INFO - Jennifer Fernandez
[2023-02-02T10:00:38.932+0000] {logging_mixin.py:137} INFO - James Harris
[2023-02-02T10:00:38.938+0000] {logging_mixin.py:137} INFO - Candice Young
[2023-02-02T10:00:38.940+0000] {logging_mixin.py:137} INFO - Lisa Baker
[2023-02-02T10:00:38.944+0000] {logging_mixin.py:137} INFO - Brian Mills DDS
[2023-02-02T10:00:38.946+0000] {logging_mixin.py:137} INFO - Kristin Smith
[2023-02-02T10:00:38.951+0000] {logging_mixin.py:137} INFO - Jacob Collins
[2023-02-02T10:00:38.952+0000] {logging_mixin.py:137} INFO - Kimberly Harris
[2023-02-02T10:00:38.959+0000] {logging_mixin.py:137} INFO - Michael Hull
[2023-02-02T10:00:38.961+0000] {logging_mixin.py:137} INFO - Caitlin Todd
[2023-02-02T10:00:38.967+0000] {logging_mixin.py:137} INFO - Lisa Harris
[2023-02-02T10:00:38.969+0000] {logging_mixin.py:137} INFO - Mrs. Ann Stone
[2023-02-02T10:00:38.971+0000] {logging_mixin.py:137} INFO - Michelle Case
[2023-02-02T10:00:38.974+0000] {logging_mixin.py:137} INFO - Joe Lowe
[2023-02-02T10:00:38.976+0000] {logging_mixin.py:137} INFO - Randall Dunn
[2023-02-02T10:00:38.978+0000] {logging_mixin.py:137} INFO - Paula Vargas
[2023-02-02T10:00:38.980+0000] {logging_mixin.py:137} INFO - Daniel Walker
[2023-02-02T10:00:38.984+0000] {logging_mixin.py:137} INFO - James Jackson
[2023-02-02T10:00:38.987+0000] {logging_mixin.py:137} INFO - Shirley Woodard
[2023-02-02T10:00:38.990+0000] {logging_mixin.py:137} INFO - James Hayes
[2023-02-02T10:00:38.993+0000] {logging_mixin.py:137} INFO - Megan Austin
[2023-02-02T10:00:38.996+0000] {logging_mixin.py:137} INFO - Erin Robertson
[2023-02-02T10:00:39.003+0000] {logging_mixin.py:137} INFO - Robert Phillips
[2023-02-02T10:00:39.013+0000] {logging_mixin.py:137} INFO - Amy Torres
[2023-02-02T10:00:39.016+0000] {logging_mixin.py:137} INFO - Joshua Cox
[2023-02-02T10:00:39.019+0000] {logging_mixin.py:137} INFO - Duane Grimes
[2023-02-02T10:00:39.021+0000] {logging_mixin.py:137} INFO - Jennifer Burgess
[2023-02-02T10:00:39.024+0000] {logging_mixin.py:137} INFO - Carlos Duran
[2023-02-02T10:00:39.029+0000] {logging_mixin.py:137} INFO - Jason Johnson
[2023-02-02T10:00:39.033+0000] {logging_mixin.py:137} INFO - Cameron Greer
[2023-02-02T10:00:39.035+0000] {logging_mixin.py:137} INFO - Randall Williams
[2023-02-02T10:00:39.037+0000] {logging_mixin.py:137} INFO - Jessica Harris
[2023-02-02T10:00:39.039+0000] {logging_mixin.py:137} INFO - Joshua Rogers
[2023-02-02T10:00:39.043+0000] {logging_mixin.py:137} INFO - Jose Mahoney
[2023-02-02T10:00:39.052+0000] {logging_mixin.py:137} INFO - Brandy Fuentes
[2023-02-02T10:00:39.061+0000] {logging_mixin.py:137} INFO - Angelica Matthews
[2023-02-02T10:00:39.065+0000] {logging_mixin.py:137} INFO - Glenn Caldwell
[2023-02-02T10:00:39.068+0000] {logging_mixin.py:137} INFO - Cristian Delacruz
[2023-02-02T10:00:39.071+0000] {logging_mixin.py:137} INFO - Alexandra Price
[2023-02-02T10:00:39.076+0000] {logging_mixin.py:137} INFO - Heather Wilson
[2023-02-02T10:00:39.091+0000] {logging_mixin.py:137} INFO - Shawn Thompson
[2023-02-02T10:00:39.092+0000] {logging_mixin.py:137} INFO - Anna Daniel
[2023-02-02T10:00:39.097+0000] {logging_mixin.py:137} INFO - Joseph Cisneros
[2023-02-02T10:00:39.103+0000] {logging_mixin.py:137} INFO - Rebecca Estes
[2023-02-02T10:00:39.106+0000] {logging_mixin.py:137} INFO - Jeremy Porter
[2023-02-02T10:00:39.108+0000] {logging_mixin.py:137} INFO - Lisa Mann
[2023-02-02T10:00:39.112+0000] {logging_mixin.py:137} INFO - Michael Woods
[2023-02-02T10:00:39.114+0000] {logging_mixin.py:137} INFO - Madison Thompson
[2023-02-02T10:00:39.122+0000] {logging_mixin.py:137} INFO - Nancy Gomez
[2023-02-02T10:00:39.129+0000] {logging_mixin.py:137} INFO - Julie Blanchard
[2023-02-02T10:00:39.133+0000] {logging_mixin.py:137} INFO - Michael Smith
[2023-02-02T10:00:39.142+0000] {logging_mixin.py:137} INFO - Angel Huber
[2023-02-02T10:00:39.145+0000] {logging_mixin.py:137} INFO - Michael Coffey
[2023-02-02T10:00:39.161+0000] {logging_mixin.py:137} INFO - Patrick Walter
[2023-02-02T10:00:39.164+0000] {logging_mixin.py:137} INFO - Curtis Davis
[2023-02-02T10:00:39.166+0000] {logging_mixin.py:137} INFO - Kyle Stewart
[2023-02-02T10:00:39.168+0000] {logging_mixin.py:137} INFO - Angela Jimenez
[2023-02-02T10:00:39.177+0000] {logging_mixin.py:137} INFO - Andrew Martinez
[2023-02-02T10:00:39.183+0000] {logging_mixin.py:137} INFO - Angela West
[2023-02-02T10:00:39.199+0000] {logging_mixin.py:137} INFO - Ryan Young
[2023-02-02T10:00:39.201+0000] {logging_mixin.py:137} INFO - Nathaniel Evans
[2023-02-02T10:00:39.206+0000] {logging_mixin.py:137} INFO - Dawn Bryant
[2023-02-02T10:00:39.214+0000] {logging_mixin.py:137} INFO - Danielle Lewis
[2023-02-02T10:00:39.219+0000] {logging_mixin.py:137} INFO - Matthew Newman
[2023-02-02T10:00:39.224+0000] {logging_mixin.py:137} INFO - Robert Smith
[2023-02-02T10:00:39.228+0000] {logging_mixin.py:137} INFO - Melissa Hicks
[2023-02-02T10:00:39.233+0000] {logging_mixin.py:137} INFO - Emily Lambert
[2023-02-02T10:00:39.237+0000] {logging_mixin.py:137} INFO - Krystal Wolfe
[2023-02-02T10:00:39.245+0000] {logging_mixin.py:137} INFO - Donna Murillo
[2023-02-02T10:00:39.251+0000] {logging_mixin.py:137} INFO - Carl Hudson
[2023-02-02T10:00:39.256+0000] {logging_mixin.py:137} INFO - Robert Wilson
[2023-02-02T10:00:39.265+0000] {logging_mixin.py:137} INFO - Patrick Mathis
[2023-02-02T10:00:39.268+0000] {logging_mixin.py:137} INFO - Michael Suarez
[2023-02-02T10:00:39.271+0000] {logging_mixin.py:137} INFO - David Johnson
[2023-02-02T10:00:39.279+0000] {logging_mixin.py:137} INFO - William Thompson
[2023-02-02T10:00:39.283+0000] {logging_mixin.py:137} INFO - Jessica Hansen DVM
[2023-02-02T10:00:39.287+0000] {logging_mixin.py:137} INFO - Katherine Friedman
[2023-02-02T10:00:39.290+0000] {logging_mixin.py:137} INFO - Jillian Johnson
[2023-02-02T10:00:39.301+0000] {logging_mixin.py:137} INFO - Robert Mckee
[2023-02-02T10:00:39.305+0000] {logging_mixin.py:137} INFO - Rachel Little
[2023-02-02T10:00:39.306+0000] {logging_mixin.py:137} INFO - Patricia Smith
[2023-02-02T10:00:39.311+0000] {logging_mixin.py:137} INFO - Heidi Martinez
[2023-02-02T10:00:39.312+0000] {logging_mixin.py:137} INFO - Caitlin Solomon
[2023-02-02T10:00:39.317+0000] {logging_mixin.py:137} INFO - Dr. Olivia Pugh
[2023-02-02T10:00:39.319+0000] {logging_mixin.py:137} INFO - John Steele DDS
[2023-02-02T10:00:39.330+0000] {logging_mixin.py:137} INFO - Jeremy Mathews
[2023-02-02T10:00:39.333+0000] {logging_mixin.py:137} INFO - Tiffany Hill
[2023-02-02T10:00:39.334+0000] {logging_mixin.py:137} INFO - Steven Edwards
[2023-02-02T10:00:39.337+0000] {logging_mixin.py:137} INFO - Charles Campbell
[2023-02-02T10:00:39.339+0000] {logging_mixin.py:137} INFO - Brett Hughes
[2023-02-02T10:00:39.344+0000] {logging_mixin.py:137} INFO - Christina Villegas
[2023-02-02T10:00:39.350+0000] {logging_mixin.py:137} INFO - Anthony Garcia
[2023-02-02T10:00:39.355+0000] {logging_mixin.py:137} INFO - Nathan Murphy
[2023-02-02T10:00:39.357+0000] {logging_mixin.py:137} INFO - Steven Dodson
[2023-02-02T10:00:39.360+0000] {logging_mixin.py:137} INFO - Brian Sullivan
[2023-02-02T10:00:39.361+0000] {logging_mixin.py:137} INFO - Renee White
[2023-02-02T10:00:39.363+0000] {logging_mixin.py:137} INFO - Laura Rowland
[2023-02-02T10:00:39.365+0000] {logging_mixin.py:137} INFO - John Moore
[2023-02-02T10:00:39.368+0000] {logging_mixin.py:137} INFO - Sophia Mckenzie
[2023-02-02T10:00:39.378+0000] {logging_mixin.py:137} INFO - David Roach
[2023-02-02T10:00:39.380+0000] {logging_mixin.py:137} INFO - Jennifer Patterson
[2023-02-02T10:00:39.384+0000] {logging_mixin.py:137} INFO - James Richards
[2023-02-02T10:00:39.391+0000] {logging_mixin.py:137} INFO - Mary Johnston
[2023-02-02T10:00:39.394+0000] {logging_mixin.py:137} INFO - Brandon Mcdaniel
[2023-02-02T10:00:39.397+0000] {logging_mixin.py:137} INFO - Meghan Stevenson
[2023-02-02T10:00:39.402+0000] {logging_mixin.py:137} INFO - Luis Hayes
[2023-02-02T10:00:39.407+0000] {logging_mixin.py:137} INFO - Alejandra Sloan
[2023-02-02T10:00:39.413+0000] {logging_mixin.py:137} INFO - Dr. Sandra Miller
[2023-02-02T10:00:39.417+0000] {logging_mixin.py:137} INFO - Dustin Bond
[2023-02-02T10:00:39.427+0000] {logging_mixin.py:137} INFO - Julia Patrick MD
[2023-02-02T10:00:39.430+0000] {logging_mixin.py:137} INFO - Jill Campbell
[2023-02-02T10:00:39.438+0000] {logging_mixin.py:137} INFO - Mark Ford
[2023-02-02T10:00:39.447+0000] {logging_mixin.py:137} INFO - Brian Long
[2023-02-02T10:00:39.463+0000] {logging_mixin.py:137} INFO - Lisa Peterson
[2023-02-02T10:00:39.471+0000] {logging_mixin.py:137} INFO - Matthew Lee
[2023-02-02T10:00:39.475+0000] {logging_mixin.py:137} INFO - Bradley Miller
[2023-02-02T10:00:39.484+0000] {logging_mixin.py:137} INFO - Jeffrey Moss
[2023-02-02T10:00:39.486+0000] {logging_mixin.py:137} INFO - Sara Carlson
[2023-02-02T10:00:39.489+0000] {logging_mixin.py:137} INFO - Daniel Rodriguez
[2023-02-02T10:00:39.494+0000] {logging_mixin.py:137} INFO - Jeremy David
[2023-02-02T10:00:39.500+0000] {logging_mixin.py:137} INFO - Eric Green
[2023-02-02T10:00:39.506+0000] {logging_mixin.py:137} INFO - Alexis Jones
[2023-02-02T10:00:39.513+0000] {logging_mixin.py:137} INFO - Matthew Rose
[2023-02-02T10:00:39.525+0000] {logging_mixin.py:137} INFO - Catherine Anderson
[2023-02-02T10:00:39.532+0000] {logging_mixin.py:137} INFO - Holly Burton
[2023-02-02T10:00:39.533+0000] {logging_mixin.py:137} INFO - David Matthews
[2023-02-02T10:00:39.535+0000] {logging_mixin.py:137} INFO - Mrs. Kara Little
[2023-02-02T10:00:39.536+0000] {logging_mixin.py:137} INFO - Jeffrey Stanley
[2023-02-02T10:00:39.538+0000] {logging_mixin.py:137} INFO - James Ochoa
[2023-02-02T10:00:39.544+0000] {logging_mixin.py:137} INFO - Jason Frye
[2023-02-02T10:00:39.549+0000] {logging_mixin.py:137} INFO - Christopher Ellis
[2023-02-02T10:00:39.552+0000] {logging_mixin.py:137} INFO - Michelle Nixon
[2023-02-02T10:00:39.554+0000] {logging_mixin.py:137} INFO - Andrew Gill
[2023-02-02T10:00:39.556+0000] {logging_mixin.py:137} INFO - Jennifer Wilson
[2023-02-02T10:00:39.564+0000] {logging_mixin.py:137} INFO - Shawn Black
[2023-02-02T10:00:39.566+0000] {logging_mixin.py:137} INFO - April Patterson
[2023-02-02T10:00:39.572+0000] {logging_mixin.py:137} INFO - Troy Vaughn
[2023-02-02T10:00:39.587+0000] {logging_mixin.py:137} INFO - Alexandria White
[2023-02-02T10:00:39.589+0000] {logging_mixin.py:137} INFO - Scott Phillips
[2023-02-02T10:00:39.593+0000] {logging_mixin.py:137} INFO - Zachary Cisneros
[2023-02-02T10:00:39.598+0000] {logging_mixin.py:137} INFO - Deborah Brown
[2023-02-02T10:00:39.604+0000] {logging_mixin.py:137} INFO - Monica Moses
[2023-02-02T10:00:39.608+0000] {logging_mixin.py:137} INFO - Brenda Reyes
[2023-02-02T10:00:39.613+0000] {logging_mixin.py:137} INFO - Miss Renee Allen
[2023-02-02T10:00:39.617+0000] {logging_mixin.py:137} INFO - Susan Clark
[2023-02-02T10:00:39.618+0000] {logging_mixin.py:137} INFO - Brandy Coffey
[2023-02-02T10:00:39.624+0000] {logging_mixin.py:137} INFO - Brett Nelson
[2023-02-02T10:00:39.628+0000] {logging_mixin.py:137} INFO - Ricardo Young
[2023-02-02T10:00:39.632+0000] {logging_mixin.py:137} INFO - Paul Lee
[2023-02-02T10:00:39.639+0000] {logging_mixin.py:137} INFO - David Allen
[2023-02-02T10:00:39.641+0000] {logging_mixin.py:137} INFO - Andrea Knight
[2023-02-02T10:00:39.648+0000] {logging_mixin.py:137} INFO - James Gomez
[2023-02-02T10:00:39.654+0000] {logging_mixin.py:137} INFO - Melody Gibson
[2023-02-02T10:00:39.656+0000] {logging_mixin.py:137} INFO - Christina Martinez
[2023-02-02T10:00:39.661+0000] {logging_mixin.py:137} INFO - Shelby Smith
[2023-02-02T10:00:39.669+0000] {logging_mixin.py:137} INFO - Jason Howard
[2023-02-02T10:00:39.672+0000] {logging_mixin.py:137} INFO - Amy Davidson
[2023-02-02T10:00:39.675+0000] {logging_mixin.py:137} INFO - Kyle Copeland
[2023-02-02T10:00:39.677+0000] {logging_mixin.py:137} INFO - Madeline Davis
[2023-02-02T10:00:39.679+0000] {logging_mixin.py:137} INFO - Aaron Young
[2023-02-02T10:00:39.684+0000] {logging_mixin.py:137} INFO - Lisa Barrett
[2023-02-02T10:00:39.686+0000] {logging_mixin.py:137} INFO - Joel Jones
[2023-02-02T10:00:39.701+0000] {logging_mixin.py:137} INFO - Christine Evans
[2023-02-02T10:00:39.704+0000] {logging_mixin.py:137} INFO - Kimberly Johnson
[2023-02-02T10:00:39.708+0000] {logging_mixin.py:137} INFO - Charles Hess
[2023-02-02T10:00:39.710+0000] {logging_mixin.py:137} INFO - Paul Dixon
[2023-02-02T10:00:39.716+0000] {logging_mixin.py:137} INFO - Christopher Johnson
[2023-02-02T10:00:39.722+0000] {logging_mixin.py:137} INFO - Robert Dawson
[2023-02-02T10:00:39.728+0000] {logging_mixin.py:137} INFO - Ryan Dixon
[2023-02-02T10:00:39.734+0000] {logging_mixin.py:137} INFO - Julie Martinez
[2023-02-02T10:00:39.739+0000] {logging_mixin.py:137} INFO - David Adams
[2023-02-02T10:00:39.743+0000] {logging_mixin.py:137} INFO - Mariah Brown
[2023-02-02T10:00:39.753+0000] {logging_mixin.py:137} INFO - Deborah Malone
[2023-02-02T10:00:39.756+0000] {logging_mixin.py:137} INFO - John Brown
[2023-02-02T10:00:39.757+0000] {logging_mixin.py:137} INFO - Maria Stewart
[2023-02-02T10:00:39.760+0000] {logging_mixin.py:137} INFO - Mr. Bryan Hawkins
[2023-02-02T10:00:39.762+0000] {logging_mixin.py:137} INFO - Kyle Brooks
[2023-02-02T10:00:39.764+0000] {logging_mixin.py:137} INFO - Kenneth White
[2023-02-02T10:00:39.771+0000] {logging_mixin.py:137} INFO - Patricia Wilson
[2023-02-02T10:00:39.774+0000] {logging_mixin.py:137} INFO - Paul Soto
[2023-02-02T10:00:39.778+0000] {logging_mixin.py:137} INFO - Janice Garrett
[2023-02-02T10:00:39.781+0000] {logging_mixin.py:137} INFO - Randy Strickland
[2023-02-02T10:00:39.789+0000] {logging_mixin.py:137} INFO - Felicia Herrera
[2023-02-02T10:00:39.797+0000] {logging_mixin.py:137} INFO - Andre Campos
[2023-02-02T10:00:39.812+0000] {logging_mixin.py:137} INFO - Justin Meyer
[2023-02-02T10:00:39.821+0000] {logging_mixin.py:137} INFO - Brandon Brooks
[2023-02-02T10:00:39.825+0000] {logging_mixin.py:137} INFO - Abigail Rivera
[2023-02-02T10:00:39.829+0000] {logging_mixin.py:137} INFO - Jessica Mann
[2023-02-02T10:00:39.831+0000] {logging_mixin.py:137} INFO - Michael Sawyer
[2023-02-02T10:00:39.841+0000] {logging_mixin.py:137} INFO - Jeffrey Coleman
[2023-02-02T10:00:39.844+0000] {logging_mixin.py:137} INFO - Micheal Castro
[2023-02-02T10:00:39.848+0000] {logging_mixin.py:137} INFO - Laura Gonzalez
[2023-02-02T10:00:39.850+0000] {logging_mixin.py:137} INFO - Christopher Jackson
[2023-02-02T10:00:39.852+0000] {logging_mixin.py:137} INFO - William Mckenzie
[2023-02-02T10:00:39.854+0000] {logging_mixin.py:137} INFO - Kristina Rodriguez
[2023-02-02T10:00:39.857+0000] {logging_mixin.py:137} INFO - Kelli Williams
[2023-02-02T10:00:39.859+0000] {logging_mixin.py:137} INFO - Diane Norris
[2023-02-02T10:00:39.865+0000] {logging_mixin.py:137} INFO - Kevin Carroll
[2023-02-02T10:00:39.867+0000] {logging_mixin.py:137} INFO - Betty Weber
[2023-02-02T10:00:39.870+0000] {logging_mixin.py:137} INFO - Jeffery Robinson
[2023-02-02T10:00:39.872+0000] {logging_mixin.py:137} INFO - Hannah Cowan
[2023-02-02T10:00:39.874+0000] {logging_mixin.py:137} INFO - Brian Kramer
[2023-02-02T10:00:39.876+0000] {logging_mixin.py:137} INFO - Anthony Roberts
[2023-02-02T10:00:39.877+0000] {logging_mixin.py:137} INFO - Ricardo Blankenship
[2023-02-02T10:00:39.880+0000] {logging_mixin.py:137} INFO - Brooke Collins
[2023-02-02T10:00:39.883+0000] {logging_mixin.py:137} INFO - Tammy Lawson
[2023-02-02T10:00:39.885+0000] {logging_mixin.py:137} INFO - Cody Miller
[2023-02-02T10:00:39.888+0000] {logging_mixin.py:137} INFO - Dr. Janice Salazar
[2023-02-02T10:00:39.891+0000] {logging_mixin.py:137} INFO - David West
[2023-02-02T10:00:39.893+0000] {logging_mixin.py:137} INFO - Robin Carpenter
[2023-02-02T10:00:39.896+0000] {logging_mixin.py:137} INFO - Monique Wall
[2023-02-02T10:00:39.898+0000] {logging_mixin.py:137} INFO - Charles Cardenas
[2023-02-02T10:00:39.900+0000] {logging_mixin.py:137} INFO - Valerie Mitchell
[2023-02-02T10:00:39.901+0000] {logging_mixin.py:137} INFO - Michelle Valenzuela
[2023-02-02T10:00:39.903+0000] {logging_mixin.py:137} INFO - William Poole
[2023-02-02T10:00:39.909+0000] {logging_mixin.py:137} INFO - James Hall
[2023-02-02T10:00:39.912+0000] {logging_mixin.py:137} INFO - Dylan Carpenter
[2023-02-02T10:00:39.914+0000] {logging_mixin.py:137} INFO - Linda Medina
[2023-02-02T10:00:39.916+0000] {logging_mixin.py:137} INFO - Joan White
[2023-02-02T10:00:39.919+0000] {logging_mixin.py:137} INFO - Mary Klein
[2023-02-02T10:00:39.921+0000] {logging_mixin.py:137} INFO - Ashley Wolf
[2023-02-02T10:00:39.923+0000] {logging_mixin.py:137} INFO - William Reed
[2023-02-02T10:00:39.930+0000] {logging_mixin.py:137} INFO - Derek Harvey
[2023-02-02T10:00:39.932+0000] {logging_mixin.py:137} INFO - Kathleen Rodriguez
[2023-02-02T10:00:39.935+0000] {logging_mixin.py:137} INFO - Andrew Rodriguez
[2023-02-02T10:00:39.937+0000] {logging_mixin.py:137} INFO - Ariel Frank
[2023-02-02T10:00:39.938+0000] {logging_mixin.py:137} INFO - Tina French
[2023-02-02T10:00:39.941+0000] {logging_mixin.py:137} INFO - Brent Waller
[2023-02-02T10:00:39.944+0000] {logging_mixin.py:137} INFO - Kevin Allen
[2023-02-02T10:00:39.953+0000] {logging_mixin.py:137} INFO - Xavier Walker
[2023-02-02T10:00:39.961+0000] {logging_mixin.py:137} INFO - Michelle Sanchez
[2023-02-02T10:00:39.963+0000] {logging_mixin.py:137} INFO - Rachael Shepard
[2023-02-02T10:00:39.964+0000] {logging_mixin.py:137} INFO - Kelsey Johnson
[2023-02-02T10:00:39.968+0000] {logging_mixin.py:137} INFO - Nicole Webb
[2023-02-02T10:00:39.969+0000] {logging_mixin.py:137} INFO - Nicholas Rodriguez
[2023-02-02T10:00:39.974+0000] {logging_mixin.py:137} INFO - Eric Vaughan
[2023-02-02T10:00:39.977+0000] {logging_mixin.py:137} INFO - Amanda Richardson
[2023-02-02T10:00:39.987+0000] {logging_mixin.py:137} INFO - Janice Carlson
[2023-02-02T10:00:39.990+0000] {logging_mixin.py:137} INFO - Darryl Walsh
[2023-02-02T10:00:39.993+0000] {logging_mixin.py:137} INFO - Heather Johnson
[2023-02-02T10:00:39.998+0000] {logging_mixin.py:137} INFO - Mark Chambers
[2023-02-02T10:00:40.006+0000] {logging_mixin.py:137} INFO - Tracy Burns
[2023-02-02T10:00:40.008+0000] {logging_mixin.py:137} INFO - John Cole
[2023-02-02T10:00:40.015+0000] {logging_mixin.py:137} INFO - Deborah Silva
[2023-02-02T10:00:40.017+0000] {logging_mixin.py:137} INFO - Shawn Hernandez
[2023-02-02T10:00:40.019+0000] {logging_mixin.py:137} INFO - Bethany Meyer
[2023-02-02T10:00:40.025+0000] {logging_mixin.py:137} INFO - Helen Smith
[2023-02-02T10:00:40.028+0000] {logging_mixin.py:137} INFO - Dana Dennis
[2023-02-02T10:00:40.032+0000] {logging_mixin.py:137} INFO - Kelsey Camacho
[2023-02-02T10:00:40.034+0000] {logging_mixin.py:137} INFO - Matthew Thomas
[2023-02-02T10:00:40.038+0000] {logging_mixin.py:137} INFO - Brittany Arellano
[2023-02-02T10:00:40.045+0000] {logging_mixin.py:137} INFO - Stacey Jones
[2023-02-02T10:00:40.046+0000] {logging_mixin.py:137} INFO - William Weeks
[2023-02-02T10:00:40.057+0000] {logging_mixin.py:137} INFO - Mark Beasley
[2023-02-02T10:00:40.064+0000] {logging_mixin.py:137} INFO - Bruce Pena
[2023-02-02T10:00:40.067+0000] {logging_mixin.py:137} INFO - Jeffery Smith
[2023-02-02T10:00:40.070+0000] {logging_mixin.py:137} INFO - Ann Deleon
[2023-02-02T10:00:40.072+0000] {logging_mixin.py:137} INFO - Kevin Robertson
[2023-02-02T10:00:40.077+0000] {logging_mixin.py:137} INFO - Vincent Willis MD
[2023-02-02T10:00:40.087+0000] {logging_mixin.py:137} INFO - Michael Nielsen
[2023-02-02T10:00:40.089+0000] {logging_mixin.py:137} INFO - Walter Koch
[2023-02-02T10:00:40.091+0000] {logging_mixin.py:137} INFO - Brian Vega
[2023-02-02T10:00:40.096+0000] {logging_mixin.py:137} INFO - Jeffrey Medina
[2023-02-02T10:00:40.099+0000] {logging_mixin.py:137} INFO - Erika Banks
[2023-02-02T10:00:40.101+0000] {logging_mixin.py:137} INFO - Stacey Griffin
[2023-02-02T10:00:40.103+0000] {logging_mixin.py:137} INFO - Michael Marsh
[2023-02-02T10:00:40.105+0000] {logging_mixin.py:137} INFO - Molly White
[2023-02-02T10:00:40.108+0000] {logging_mixin.py:137} INFO - Matthew Morrison
[2023-02-02T10:00:40.118+0000] {logging_mixin.py:137} INFO - Amanda Burns
[2023-02-02T10:00:40.121+0000] {logging_mixin.py:137} INFO - Emily Gonzalez DDS
[2023-02-02T10:00:40.141+0000] {logging_mixin.py:137} INFO - Gregory King
[2023-02-02T10:00:40.144+0000] {logging_mixin.py:137} INFO - Dennis Evans
[2023-02-02T10:00:40.151+0000] {logging_mixin.py:137} INFO - Christina Snyder
[2023-02-02T10:00:40.154+0000] {logging_mixin.py:137} INFO - Carolyn Mata
[2023-02-02T10:00:40.156+0000] {logging_mixin.py:137} INFO - Brandy Lawson
[2023-02-02T10:00:40.159+0000] {logging_mixin.py:137} INFO - Briana Christian
[2023-02-02T10:00:40.168+0000] {logging_mixin.py:137} INFO - Jeffrey Hernandez
[2023-02-02T10:00:40.170+0000] {logging_mixin.py:137} INFO - John Riggs
[2023-02-02T10:00:40.173+0000] {logging_mixin.py:137} INFO - Barbara Short
[2023-02-02T10:00:40.175+0000] {logging_mixin.py:137} INFO - Steven Brooks
[2023-02-02T10:00:40.177+0000] {logging_mixin.py:137} INFO - Gabrielle James
[2023-02-02T10:00:40.181+0000] {logging_mixin.py:137} INFO - Robert Young
[2023-02-02T10:00:40.183+0000] {logging_mixin.py:137} INFO - Derek Sanders
[2023-02-02T10:00:40.184+0000] {logging_mixin.py:137} INFO - Mallory Oliver
[2023-02-02T10:00:40.186+0000] {logging_mixin.py:137} INFO - Terry Howe
[2023-02-02T10:00:40.188+0000] {logging_mixin.py:137} INFO - Samuel Wallace
[2023-02-02T10:00:40.191+0000] {logging_mixin.py:137} INFO - Angel Jones
[2023-02-02T10:00:40.193+0000] {logging_mixin.py:137} INFO - Jacqueline Nichols
[2023-02-02T10:00:40.198+0000] {logging_mixin.py:137} INFO - Melissa Mcgee
[2023-02-02T10:00:40.200+0000] {logging_mixin.py:137} INFO - Michelle Smith
[2023-02-02T10:00:40.206+0000] {logging_mixin.py:137} INFO - Maureen Baxter
[2023-02-02T10:00:40.209+0000] {logging_mixin.py:137} INFO - Kathy Crawford
[2023-02-02T10:00:40.211+0000] {logging_mixin.py:137} INFO - Stacy Wood
[2023-02-02T10:00:40.213+0000] {logging_mixin.py:137} INFO - Justin Parsons
[2023-02-02T10:00:40.221+0000] {logging_mixin.py:137} INFO - Ann Klein
[2023-02-02T10:00:40.223+0000] {logging_mixin.py:137} INFO - Allison Arnold
[2023-02-02T10:00:40.226+0000] {logging_mixin.py:137} INFO - Heather Kirk
[2023-02-02T10:00:40.230+0000] {logging_mixin.py:137} INFO - Monica Smith
[2023-02-02T10:00:40.232+0000] {logging_mixin.py:137} INFO - Brett Oconnor
[2023-02-02T10:00:40.237+0000] {logging_mixin.py:137} INFO - Anthony Bryant
[2023-02-02T10:00:40.241+0000] {logging_mixin.py:137} INFO - Jeremy Russell
[2023-02-02T10:00:40.244+0000] {logging_mixin.py:137} INFO - Julie Poole
[2023-02-02T10:00:40.252+0000] {logging_mixin.py:137} INFO - Emma Thompson
[2023-02-02T10:00:40.255+0000] {logging_mixin.py:137} INFO - Bradley Matthews
[2023-02-02T10:00:40.265+0000] {logging_mixin.py:137} INFO - William Roberts
[2023-02-02T10:00:40.268+0000] {logging_mixin.py:137} INFO - Julie Mooney
[2023-02-02T10:00:40.270+0000] {logging_mixin.py:137} INFO - Amy Doyle
[2023-02-02T10:00:40.272+0000] {logging_mixin.py:137} INFO - Amanda Grant
[2023-02-02T10:00:40.277+0000] {logging_mixin.py:137} INFO - Eric Anderson
[2023-02-02T10:00:40.278+0000] {logging_mixin.py:137} INFO - George Thompson
[2023-02-02T10:00:40.280+0000] {logging_mixin.py:137} INFO - Dustin Hines
[2023-02-02T10:00:40.282+0000] {logging_mixin.py:137} INFO - Andrea Frank
[2023-02-02T10:00:40.283+0000] {logging_mixin.py:137} INFO - Jodi Cook
[2023-02-02T10:00:40.285+0000] {logging_mixin.py:137} INFO - Stacy Haney
[2023-02-02T10:00:40.288+0000] {logging_mixin.py:137} INFO - Paul Callahan
[2023-02-02T10:00:40.289+0000] {logging_mixin.py:137} INFO - Jasmine Chambers
[2023-02-02T10:00:40.290+0000] {logging_mixin.py:137} INFO - Melissa Pittman MD
[2023-02-02T10:00:40.292+0000] {logging_mixin.py:137} INFO - Deborah Larson
[2023-02-02T10:00:40.296+0000] {logging_mixin.py:137} INFO - Brandon Shaw
[2023-02-02T10:00:40.299+0000] {logging_mixin.py:137} INFO - Timothy Paul
[2023-02-02T10:00:40.304+0000] {logging_mixin.py:137} INFO - Michael Trujillo
[2023-02-02T10:00:40.308+0000] {logging_mixin.py:137} INFO - Robert Rivera
[2023-02-02T10:00:40.313+0000] {logging_mixin.py:137} INFO - Dana Nelson
[2023-02-02T10:00:40.319+0000] {logging_mixin.py:137} INFO - Andrea Bennett
[2023-02-02T10:00:40.322+0000] {logging_mixin.py:137} INFO - Jodi Fox
[2023-02-02T10:00:40.324+0000] {logging_mixin.py:137} INFO - Heather Hayes
[2023-02-02T10:00:40.331+0000] {logging_mixin.py:137} INFO - Jennifer Moreno
[2023-02-02T10:00:40.342+0000] {logging_mixin.py:137} INFO - John Patel
[2023-02-02T10:00:40.347+0000] {logging_mixin.py:137} INFO - Teresa Oliver
[2023-02-02T10:00:40.353+0000] {logging_mixin.py:137} INFO - Monique Bell
[2023-02-02T10:00:40.365+0000] {logging_mixin.py:137} INFO - Casey Leonard
[2023-02-02T10:00:40.370+0000] {logging_mixin.py:137} INFO - Steven Clark
[2023-02-02T10:00:40.372+0000] {logging_mixin.py:137} INFO - Edward Martin
[2023-02-02T10:00:40.373+0000] {logging_mixin.py:137} INFO - Shawn Orozco
[2023-02-02T10:00:40.375+0000] {logging_mixin.py:137} INFO - Brandon Yang
[2023-02-02T10:00:40.378+0000] {logging_mixin.py:137} INFO - Nathan Ray
[2023-02-02T10:00:40.381+0000] {logging_mixin.py:137} INFO - Lori Moore
[2023-02-02T10:00:40.387+0000] {logging_mixin.py:137} INFO - Dr. Lisa Shaw DVM
[2023-02-02T10:00:40.394+0000] {logging_mixin.py:137} INFO - Angela Walters
[2023-02-02T10:00:40.398+0000] {logging_mixin.py:137} INFO - David Nolan
[2023-02-02T10:00:40.402+0000] {logging_mixin.py:137} INFO - William Ramsey
[2023-02-02T10:00:40.407+0000] {logging_mixin.py:137} INFO - David Oconnor
[2023-02-02T10:00:40.414+0000] {logging_mixin.py:137} INFO - Mark Washington
[2023-02-02T10:00:40.423+0000] {logging_mixin.py:137} INFO - Jennifer Jacobs
[2023-02-02T10:00:40.426+0000] {logging_mixin.py:137} INFO - Tammy Hampton
[2023-02-02T10:00:40.427+0000] {logging_mixin.py:137} INFO - Stephen Farmer
[2023-02-02T10:00:40.433+0000] {logging_mixin.py:137} INFO - Jasmine Nguyen
[2023-02-02T10:00:40.436+0000] {logging_mixin.py:137} INFO - Rebecca Flores
[2023-02-02T10:00:40.438+0000] {logging_mixin.py:137} INFO - Tyler Davis
[2023-02-02T10:00:40.445+0000] {logging_mixin.py:137} INFO - Nancy Gray
[2023-02-02T10:00:40.448+0000] {logging_mixin.py:137} INFO - Brian Sanchez
[2023-02-02T10:00:40.451+0000] {logging_mixin.py:137} INFO - Laurie Shaw
[2023-02-02T10:00:40.466+0000] {logging_mixin.py:137} INFO - Kristina Torres
[2023-02-02T10:00:40.471+0000] {logging_mixin.py:137} INFO - Andrea Rodgers
[2023-02-02T10:00:40.475+0000] {logging_mixin.py:137} INFO - Jason Walters
[2023-02-02T10:00:40.482+0000] {logging_mixin.py:137} INFO - Jerry Moss
[2023-02-02T10:00:40.485+0000] {logging_mixin.py:137} INFO - Jeffrey Jordan
[2023-02-02T10:00:40.489+0000] {logging_mixin.py:137} INFO - Jennifer Wilson
[2023-02-02T10:00:40.493+0000] {logging_mixin.py:137} INFO - Trevor Mathews
[2023-02-02T10:00:40.496+0000] {logging_mixin.py:137} INFO - Anne Hood
[2023-02-02T10:00:40.502+0000] {logging_mixin.py:137} INFO - Sarah Williams
[2023-02-02T10:00:40.505+0000] {logging_mixin.py:137} INFO - Shelby Hernandez
[2023-02-02T10:00:40.509+0000] {logging_mixin.py:137} INFO - Samantha Velez
[2023-02-02T10:00:40.514+0000] {logging_mixin.py:137} INFO - Matthew Douglas
[2023-02-02T10:00:40.518+0000] {logging_mixin.py:137} INFO - Ashlee George
[2023-02-02T10:00:40.522+0000] {logging_mixin.py:137} INFO - Troy Crane
[2023-02-02T10:00:40.525+0000] {logging_mixin.py:137} INFO - Michael Cooper
[2023-02-02T10:00:40.527+0000] {logging_mixin.py:137} INFO - Michael White
[2023-02-02T10:00:40.532+0000] {logging_mixin.py:137} INFO - Mr. Timothy Fleming
[2023-02-02T10:00:40.533+0000] {logging_mixin.py:137} INFO - Seth Bruce
[2023-02-02T10:00:40.535+0000] {logging_mixin.py:137} INFO - Jacqueline Carpenter
[2023-02-02T10:00:40.544+0000] {logging_mixin.py:137} INFO - Michael Martin
[2023-02-02T10:00:40.547+0000] {logging_mixin.py:137} INFO - Kristopher Henry
[2023-02-02T10:00:40.548+0000] {logging_mixin.py:137} INFO - Tiffany Porter
[2023-02-02T10:00:40.551+0000] {logging_mixin.py:137} INFO - Stacy Simpson
[2023-02-02T10:00:40.556+0000] {logging_mixin.py:137} INFO - Tammy Mcdowell
[2023-02-02T10:00:40.558+0000] {logging_mixin.py:137} INFO - Thomas Walters
[2023-02-02T10:00:40.559+0000] {logging_mixin.py:137} INFO - Dwayne Thompson
[2023-02-02T10:00:40.561+0000] {logging_mixin.py:137} INFO - Natalie Willis
[2023-02-02T10:00:40.565+0000] {logging_mixin.py:137} INFO - Sharon Taylor
[2023-02-02T10:00:40.570+0000] {logging_mixin.py:137} INFO - Sarah Wiggins
[2023-02-02T10:00:40.573+0000] {logging_mixin.py:137} INFO - Amber Thomas
[2023-02-02T10:00:40.576+0000] {logging_mixin.py:137} INFO - Patrick Miller
[2023-02-02T10:00:40.578+0000] {logging_mixin.py:137} INFO - Stephanie Hartman
[2023-02-02T10:00:40.581+0000] {logging_mixin.py:137} INFO - Stacey Mora
[2023-02-02T10:00:40.584+0000] {logging_mixin.py:137} INFO - Katherine Rodriguez
[2023-02-02T10:00:40.587+0000] {logging_mixin.py:137} INFO - Daniel Morgan
[2023-02-02T10:00:40.590+0000] {logging_mixin.py:137} INFO - Rebecca Martinez
[2023-02-02T10:00:40.591+0000] {logging_mixin.py:137} INFO - Nicole Juarez
[2023-02-02T10:00:40.598+0000] {logging_mixin.py:137} INFO - Mark Arroyo
[2023-02-02T10:00:40.603+0000] {logging_mixin.py:137} INFO - April Lucero
[2023-02-02T10:00:40.611+0000] {logging_mixin.py:137} INFO - Samantha Garcia
[2023-02-02T10:00:40.618+0000] {logging_mixin.py:137} INFO - Jon Moore
[2023-02-02T10:00:40.620+0000] {logging_mixin.py:137} INFO - Joshua Flores MD
[2023-02-02T10:00:40.622+0000] {logging_mixin.py:137} INFO - Raymond Jones
[2023-02-02T10:00:40.631+0000] {logging_mixin.py:137} INFO - Billy Hughes
[2023-02-02T10:00:40.634+0000] {logging_mixin.py:137} INFO - Peggy Valdez PhD
[2023-02-02T10:00:40.636+0000] {logging_mixin.py:137} INFO - Joshua Reyes
[2023-02-02T10:00:40.642+0000] {logging_mixin.py:137} INFO - Aaron Green
[2023-02-02T10:00:40.645+0000] {logging_mixin.py:137} INFO - Wendy Espinoza
[2023-02-02T10:00:40.647+0000] {logging_mixin.py:137} INFO - Peter Vasquez
[2023-02-02T10:00:40.648+0000] {logging_mixin.py:137} INFO - Diane Harper
[2023-02-02T10:00:40.654+0000] {logging_mixin.py:137} INFO - Ms. Rebecca Cantu
[2023-02-02T10:00:40.659+0000] {logging_mixin.py:137} INFO - Yolanda Morrow
[2023-02-02T10:00:40.660+0000] {logging_mixin.py:137} INFO - Penny Beard
[2023-02-02T10:00:40.663+0000] {logging_mixin.py:137} INFO - Lisa Long
[2023-02-02T10:00:40.669+0000] {logging_mixin.py:137} INFO - Jerry Harris
[2023-02-02T10:00:40.672+0000] {logging_mixin.py:137} INFO - Bob Willis
[2023-02-02T10:00:40.676+0000] {logging_mixin.py:137} INFO - Duane Chapman
[2023-02-02T10:00:40.682+0000] {logging_mixin.py:137} INFO - William Morgan
[2023-02-02T10:00:40.685+0000] {logging_mixin.py:137} INFO - Amy Gutierrez
[2023-02-02T10:00:40.688+0000] {logging_mixin.py:137} INFO - Amber Nichols
[2023-02-02T10:00:40.690+0000] {logging_mixin.py:137} INFO - Matthew Carr
[2023-02-02T10:00:40.695+0000] {logging_mixin.py:137} INFO - Thomas Duncan
[2023-02-02T10:00:40.699+0000] {logging_mixin.py:137} INFO - Elizabeth Wright
[2023-02-02T10:00:40.701+0000] {logging_mixin.py:137} INFO - Jacqueline Brewer
[2023-02-02T10:00:40.703+0000] {logging_mixin.py:137} INFO - Stephanie Johnson
[2023-02-02T10:00:40.707+0000] {logging_mixin.py:137} INFO - Samantha Calderon
[2023-02-02T10:00:40.709+0000] {logging_mixin.py:137} INFO - Kathryn Gaines
[2023-02-02T10:00:40.715+0000] {logging_mixin.py:137} INFO - Angel Jones
[2023-02-02T10:00:40.719+0000] {logging_mixin.py:137} INFO - Laura Wall
[2023-02-02T10:00:40.722+0000] {logging_mixin.py:137} INFO - Mr. Anthony Hamilton
[2023-02-02T10:00:40.725+0000] {logging_mixin.py:137} INFO - David Smith
[2023-02-02T10:00:40.730+0000] {logging_mixin.py:137} INFO - Kimberly Herrera DDS
[2023-02-02T10:00:40.734+0000] {logging_mixin.py:137} INFO - Gina Wilson
[2023-02-02T10:00:40.737+0000] {logging_mixin.py:137} INFO - Timothy Byrd
[2023-02-02T10:00:40.740+0000] {logging_mixin.py:137} INFO - Michael Mckenzie
[2023-02-02T10:00:40.750+0000] {logging_mixin.py:137} INFO - Jeffrey Mcintyre
[2023-02-02T10:00:40.760+0000] {logging_mixin.py:137} INFO - Teresa Jackson
[2023-02-02T10:00:40.764+0000] {logging_mixin.py:137} INFO - Joseph Wilcox
[2023-02-02T10:00:40.767+0000] {logging_mixin.py:137} INFO - Patrick Mcknight
[2023-02-02T10:00:40.772+0000] {logging_mixin.py:137} INFO - Ronald Moreno
[2023-02-02T10:00:40.775+0000] {logging_mixin.py:137} INFO - Jamie Sullivan
[2023-02-02T10:00:40.777+0000] {logging_mixin.py:137} INFO - Jason Anderson
[2023-02-02T10:00:40.780+0000] {logging_mixin.py:137} INFO - Steven Stewart
[2023-02-02T10:00:40.786+0000] {logging_mixin.py:137} INFO - Melinda Paul
[2023-02-02T10:00:40.790+0000] {logging_mixin.py:137} INFO - Cynthia Simmons
[2023-02-02T10:00:40.793+0000] {logging_mixin.py:137} INFO - Christian Smith
[2023-02-02T10:00:40.799+0000] {logging_mixin.py:137} INFO - William Jimenez
[2023-02-02T10:00:40.807+0000] {logging_mixin.py:137} INFO - Hayley French
[2023-02-02T10:00:40.809+0000] {logging_mixin.py:137} INFO - Brandon Hess
[2023-02-02T10:00:40.811+0000] {logging_mixin.py:137} INFO - Laura Perry
[2023-02-02T10:00:40.814+0000] {logging_mixin.py:137} INFO - Scott Jones
[2023-02-02T10:00:40.821+0000] {logging_mixin.py:137} INFO - Christine Hernandez
[2023-02-02T10:00:40.824+0000] {logging_mixin.py:137} INFO - Douglas Eaton
[2023-02-02T10:00:40.827+0000] {logging_mixin.py:137} INFO - William Soto
[2023-02-02T10:00:40.829+0000] {logging_mixin.py:137} INFO - Mary Jones
[2023-02-02T10:00:40.832+0000] {logging_mixin.py:137} INFO - Stephanie Holmes
[2023-02-02T10:00:40.835+0000] {logging_mixin.py:137} INFO - Keith Meyers
[2023-02-02T10:00:40.838+0000] {logging_mixin.py:137} INFO - Paul Fisher
[2023-02-02T10:00:40.841+0000] {logging_mixin.py:137} INFO - Emily Alexander
[2023-02-02T10:00:40.848+0000] {logging_mixin.py:137} INFO - Anthony Schwartz
[2023-02-02T10:00:40.850+0000] {logging_mixin.py:137} INFO - Evelyn Jacobs
[2023-02-02T10:00:40.852+0000] {logging_mixin.py:137} INFO - Connie Jones
[2023-02-02T10:00:40.854+0000] {logging_mixin.py:137} INFO - Carla Gibbs
[2023-02-02T10:00:40.857+0000] {logging_mixin.py:137} INFO - Ashley Santiago
[2023-02-02T10:00:40.860+0000] {logging_mixin.py:137} INFO - Micheal Mckee
[2023-02-02T10:00:40.868+0000] {logging_mixin.py:137} INFO - Diane Williams
[2023-02-02T10:00:40.870+0000] {logging_mixin.py:137} INFO - Jesse Velasquez
[2023-02-02T10:00:40.876+0000] {logging_mixin.py:137} INFO - Jennifer Rodriguez
[2023-02-02T10:00:40.878+0000] {logging_mixin.py:137} INFO - Joe Griffin
[2023-02-02T10:00:40.885+0000] {logging_mixin.py:137} INFO - Gary Cherry
[2023-02-02T10:00:40.887+0000] {logging_mixin.py:137} INFO - Alyssa Edwards
[2023-02-02T10:00:40.889+0000] {logging_mixin.py:137} INFO - Caroline Hernandez MD
[2023-02-02T10:00:40.896+0000] {logging_mixin.py:137} INFO - Jessica Morton
[2023-02-02T10:00:40.899+0000] {logging_mixin.py:137} INFO - Holly Jones
[2023-02-02T10:00:40.901+0000] {logging_mixin.py:137} INFO - David Shelton
[2023-02-02T10:00:40.904+0000] {logging_mixin.py:137} INFO - Kristina Parks
[2023-02-02T10:00:40.911+0000] {logging_mixin.py:137} INFO - Laurie Hernandez
[2023-02-02T10:00:40.912+0000] {logging_mixin.py:137} INFO - Melissa James
[2023-02-02T10:00:40.914+0000] {logging_mixin.py:137} INFO - Jeremiah Adams
[2023-02-02T10:00:40.916+0000] {logging_mixin.py:137} INFO - Arthur Robinson
[2023-02-02T10:00:40.919+0000] {logging_mixin.py:137} INFO - Anna Shepard
[2023-02-02T10:00:40.921+0000] {logging_mixin.py:137} INFO - Brandon Myers
[2023-02-02T10:00:40.924+0000] {logging_mixin.py:137} INFO - Paul Cardenas
[2023-02-02T10:00:40.926+0000] {logging_mixin.py:137} INFO - Megan Santana
[2023-02-02T10:00:40.931+0000] {logging_mixin.py:137} INFO - Joseph Marshall
[2023-02-02T10:00:40.935+0000] {logging_mixin.py:137} INFO - Mrs. Brenda Harris
[2023-02-02T10:00:40.941+0000] {logging_mixin.py:137} INFO - Nicole Garcia
[2023-02-02T10:00:40.945+0000] {logging_mixin.py:137} INFO - Anna Estrada
[2023-02-02T10:00:40.949+0000] {logging_mixin.py:137} INFO - Carl Moore
[2023-02-02T10:00:40.951+0000] {logging_mixin.py:137} INFO - Rodney Hernandez
[2023-02-02T10:00:40.955+0000] {logging_mixin.py:137} INFO - Madison Christian
[2023-02-02T10:00:40.957+0000] {logging_mixin.py:137} INFO - Heather Rhodes
[2023-02-02T10:00:40.970+0000] {python.py:177} INFO - Done. Returned value was: None
[2023-02-02T10:00:41.004+0000] {taskinstance.py:1323} INFO - Marking task as SUCCESS. dag_id=CSV_DAG, task_id=convertCSVToJson, execution_date=20230201T212000, start_date=20230202T100034, end_date=20230202T100041
[2023-02-02T10:00:41.090+0000] {local_task_job.py:208} INFO - Task exited with return code 0
[2023-02-02T10:00:41.122+0000] {taskinstance.py:2578} INFO - 0 downstream tasks scheduled from follow-on schedule check
