[2023-02-01T19:05:55.475+0000] {taskinstance.py:1083} INFO - Dependencies all met for <TaskInstance: CSV_DAG.convertCSVToJson scheduled__2023-02-01T01:55:00+00:00 [queued]>
[2023-02-01T19:05:55.542+0000] {taskinstance.py:1083} INFO - Dependencies all met for <TaskInstance: CSV_DAG.convertCSVToJson scheduled__2023-02-01T01:55:00+00:00 [queued]>
[2023-02-01T19:05:55.545+0000] {taskinstance.py:1279} INFO - 
--------------------------------------------------------------------------------
[2023-02-01T19:05:55.549+0000] {taskinstance.py:1280} INFO - Starting attempt 1 of 2
[2023-02-01T19:05:55.552+0000] {taskinstance.py:1281} INFO - 
--------------------------------------------------------------------------------
[2023-02-01T19:05:55.777+0000] {taskinstance.py:1300} INFO - Executing <Task(PythonOperator): convertCSVToJson> on 2023-02-01 01:55:00+00:00
[2023-02-01T19:05:55.859+0000] {standard_task_runner.py:55} INFO - Started process 229 to run task
[2023-02-01T19:05:55.951+0000] {standard_task_runner.py:82} INFO - Running: ['***', 'tasks', 'run', 'CSV_DAG', 'convertCSVToJson', 'scheduled__2023-02-01T01:55:00+00:00', '--job-id', '80', '--raw', '--subdir', 'DAGS_FOLDER/csv.py', '--cfg-path', '/tmp/tmps7chbdyh']
[2023-02-01T19:05:55.955+0000] {standard_task_runner.py:83} INFO - Job 80: Subtask convertCSVToJson
[2023-02-01T19:05:57.053+0000] {task_command.py:388} INFO - Running <TaskInstance: CSV_DAG.convertCSVToJson scheduled__2023-02-01T01:55:00+00:00 [running]> on host 06d8060e8530
[2023-02-01T19:05:57.814+0000] {taskinstance.py:1509} INFO - Exporting the following env vars:
AIRFLOW_CTX_DAG_OWNER=Kevin Chalmers
AIRFLOW_CTX_DAG_ID=CSV_DAG
AIRFLOW_CTX_TASK_ID=convertCSVToJson
AIRFLOW_CTX_EXECUTION_DATE=2023-02-01T01:55:00+00:00
AIRFLOW_CTX_TRY_NUMBER=1
AIRFLOW_CTX_DAG_RUN_ID=scheduled__2023-02-01T01:55:00+00:00
[2023-02-01T19:05:58.029+0000] {logging_mixin.py:137} INFO - Angelica Lopez
[2023-02-01T19:05:58.038+0000] {logging_mixin.py:137} INFO - Betty Wright
[2023-02-01T19:05:58.042+0000] {logging_mixin.py:137} INFO - Sara Schmidt
[2023-02-01T19:05:58.044+0000] {logging_mixin.py:137} INFO - Dr. Sherry Rodriguez
[2023-02-01T19:05:58.046+0000] {logging_mixin.py:137} INFO - Rebecca Mills
[2023-02-01T19:05:58.048+0000] {logging_mixin.py:137} INFO - Andrew Anderson
[2023-02-01T19:05:58.053+0000] {logging_mixin.py:137} INFO - Martin Everett
[2023-02-01T19:05:58.055+0000] {logging_mixin.py:137} INFO - Felicia Gregory
[2023-02-01T19:05:58.058+0000] {logging_mixin.py:137} INFO - Kara Bowers
[2023-02-01T19:05:58.061+0000] {logging_mixin.py:137} INFO - Vincent Vincent
[2023-02-01T19:05:58.063+0000] {logging_mixin.py:137} INFO - Morgan Butler
[2023-02-01T19:05:58.068+0000] {logging_mixin.py:137} INFO - Stephen Riley
[2023-02-01T19:05:58.072+0000] {logging_mixin.py:137} INFO - Wanda Thomas
[2023-02-01T19:05:58.074+0000] {logging_mixin.py:137} INFO - Michelle Schultz
[2023-02-01T19:05:58.085+0000] {logging_mixin.py:137} INFO - Christopher Rush MD
[2023-02-01T19:05:58.087+0000] {logging_mixin.py:137} INFO - Phyllis Miles
[2023-02-01T19:05:58.090+0000] {logging_mixin.py:137} INFO - Rebecca Price
[2023-02-01T19:05:58.094+0000] {logging_mixin.py:137} INFO - John Morse
[2023-02-01T19:05:58.097+0000] {logging_mixin.py:137} INFO - Nicholas Sanchez
[2023-02-01T19:05:58.101+0000] {logging_mixin.py:137} INFO - Crystal Dean
[2023-02-01T19:05:58.112+0000] {logging_mixin.py:137} INFO - Tyler Diaz
[2023-02-01T19:05:58.115+0000] {logging_mixin.py:137} INFO - Denise Mclean
[2023-02-01T19:05:58.126+0000] {logging_mixin.py:137} INFO - Daniel Grant
[2023-02-01T19:05:58.128+0000] {logging_mixin.py:137} INFO - Sandra Peterson
[2023-02-01T19:05:58.139+0000] {logging_mixin.py:137} INFO - Denise Morse
[2023-02-01T19:05:58.147+0000] {logging_mixin.py:137} INFO - Brianna Smith
[2023-02-01T19:05:58.149+0000] {logging_mixin.py:137} INFO - Tony Miller
[2023-02-01T19:05:58.159+0000] {logging_mixin.py:137} INFO - Jean Booth
[2023-02-01T19:05:58.168+0000] {logging_mixin.py:137} INFO - Penny Salazar
[2023-02-01T19:05:58.176+0000] {logging_mixin.py:137} INFO - Cathy Williams
[2023-02-01T19:05:58.178+0000] {logging_mixin.py:137} INFO - Hannah Collins
[2023-02-01T19:05:58.200+0000] {logging_mixin.py:137} INFO - Maurice Casey
[2023-02-01T19:05:58.202+0000] {logging_mixin.py:137} INFO - Patrick Walker
[2023-02-01T19:05:58.204+0000] {logging_mixin.py:137} INFO - Pamela Barton
[2023-02-01T19:05:58.225+0000] {logging_mixin.py:137} INFO - Anthony Bryant
[2023-02-01T19:05:58.227+0000] {logging_mixin.py:137} INFO - Andrew Harris
[2023-02-01T19:05:58.234+0000] {logging_mixin.py:137} INFO - Aaron Harris
[2023-02-01T19:05:58.241+0000] {logging_mixin.py:137} INFO - Maureen Soto
[2023-02-01T19:05:58.246+0000] {logging_mixin.py:137} INFO - Crystal Mcdaniel
[2023-02-01T19:05:58.260+0000] {logging_mixin.py:137} INFO - Lauren Barrett
[2023-02-01T19:05:58.263+0000] {logging_mixin.py:137} INFO - Brandon Perez
[2023-02-01T19:05:58.268+0000] {logging_mixin.py:137} INFO - Mark Robertson
[2023-02-01T19:05:58.273+0000] {logging_mixin.py:137} INFO - Nicole Gates
[2023-02-01T19:05:58.276+0000] {logging_mixin.py:137} INFO - Bradley Cruz
[2023-02-01T19:05:58.281+0000] {logging_mixin.py:137} INFO - Gina Burns
[2023-02-01T19:05:58.287+0000] {logging_mixin.py:137} INFO - Zachary Martinez
[2023-02-01T19:05:58.290+0000] {logging_mixin.py:137} INFO - Natasha Johnson
[2023-02-01T19:05:58.292+0000] {logging_mixin.py:137} INFO - Patrick Gonzales
[2023-02-01T19:05:58.294+0000] {logging_mixin.py:137} INFO - Terri Wilson
[2023-02-01T19:05:58.296+0000] {logging_mixin.py:137} INFO - Sarah Lopez
[2023-02-01T19:05:58.298+0000] {logging_mixin.py:137} INFO - Dana Turner
[2023-02-01T19:05:58.300+0000] {logging_mixin.py:137} INFO - Cynthia Johnson
[2023-02-01T19:05:58.301+0000] {logging_mixin.py:137} INFO - William Thornton
[2023-02-01T19:05:58.303+0000] {logging_mixin.py:137} INFO - James Lee
[2023-02-01T19:05:58.305+0000] {logging_mixin.py:137} INFO - Stephen Allen
[2023-02-01T19:05:58.314+0000] {logging_mixin.py:137} INFO - William Stark
[2023-02-01T19:05:58.316+0000] {logging_mixin.py:137} INFO - Michael Parker
[2023-02-01T19:05:58.322+0000] {logging_mixin.py:137} INFO - Lisa Stephens
[2023-02-01T19:05:58.325+0000] {logging_mixin.py:137} INFO - Mr. Reginald Wise DDS
[2023-02-01T19:05:58.328+0000] {logging_mixin.py:137} INFO - Alexander James
[2023-02-01T19:05:58.339+0000] {logging_mixin.py:137} INFO - Kristen West
[2023-02-01T19:05:58.344+0000] {logging_mixin.py:137} INFO - Elizabeth Sanchez
[2023-02-01T19:05:58.352+0000] {logging_mixin.py:137} INFO - Jennifer Wilson
[2023-02-01T19:05:58.360+0000] {logging_mixin.py:137} INFO - Catherine Nicholson
[2023-02-01T19:05:58.365+0000] {logging_mixin.py:137} INFO - David Henderson
[2023-02-01T19:05:58.369+0000] {logging_mixin.py:137} INFO - Stephen Davis
[2023-02-01T19:05:58.382+0000] {logging_mixin.py:137} INFO - Paul Skinner
[2023-02-01T19:05:58.389+0000] {logging_mixin.py:137} INFO - Rebecca Wong
[2023-02-01T19:05:58.401+0000] {logging_mixin.py:137} INFO - Tara Benitez
[2023-02-01T19:05:58.403+0000] {logging_mixin.py:137} INFO - Sharon Miller
[2023-02-01T19:05:58.414+0000] {logging_mixin.py:137} INFO - Cynthia Smith
[2023-02-01T19:05:58.446+0000] {logging_mixin.py:137} INFO - Jennifer Werner
[2023-02-01T19:05:58.451+0000] {logging_mixin.py:137} INFO - Rebecca Tucker
[2023-02-01T19:05:58.457+0000] {logging_mixin.py:137} INFO - Ashlee Castillo
[2023-02-01T19:05:58.462+0000] {logging_mixin.py:137} INFO - Christopher Holmes
[2023-02-01T19:05:58.467+0000] {logging_mixin.py:137} INFO - Daniel Velez
[2023-02-01T19:05:58.475+0000] {logging_mixin.py:137} INFO - Amy Serrano
[2023-02-01T19:05:58.485+0000] {logging_mixin.py:137} INFO - Alison Nash
[2023-02-01T19:05:58.493+0000] {logging_mixin.py:137} INFO - Peter Johnson
[2023-02-01T19:05:58.514+0000] {logging_mixin.py:137} INFO - Breanna Harris
[2023-02-01T19:05:58.516+0000] {logging_mixin.py:137} INFO - Eric King
[2023-02-01T19:05:58.519+0000] {logging_mixin.py:137} INFO - Patricia Oliver
[2023-02-01T19:05:58.522+0000] {logging_mixin.py:137} INFO - Denise Grimes
[2023-02-01T19:05:58.524+0000] {logging_mixin.py:137} INFO - Jill Olson
[2023-02-01T19:05:58.526+0000] {logging_mixin.py:137} INFO - Stephanie Hart
[2023-02-01T19:05:58.529+0000] {logging_mixin.py:137} INFO - Ashley Lee
[2023-02-01T19:05:58.538+0000] {logging_mixin.py:137} INFO - Kelly Barnes
[2023-02-01T19:05:58.540+0000] {logging_mixin.py:137} INFO - Christie West
[2023-02-01T19:05:58.545+0000] {logging_mixin.py:137} INFO - Todd Nolan
[2023-02-01T19:05:58.551+0000] {logging_mixin.py:137} INFO - Sarah Reed
[2023-02-01T19:05:58.554+0000] {logging_mixin.py:137} INFO - Jennifer Keith
[2023-02-01T19:05:58.560+0000] {logging_mixin.py:137} INFO - Shawn Alvarez
[2023-02-01T19:05:58.573+0000] {logging_mixin.py:137} INFO - Alexander Wilson
[2023-02-01T19:05:58.578+0000] {logging_mixin.py:137} INFO - Rachel Melendez
[2023-02-01T19:05:58.581+0000] {logging_mixin.py:137} INFO - Morgan Walters
[2023-02-01T19:05:58.583+0000] {logging_mixin.py:137} INFO - Nicole Garcia
[2023-02-01T19:05:58.585+0000] {logging_mixin.py:137} INFO - Jennifer White
[2023-02-01T19:05:58.586+0000] {logging_mixin.py:137} INFO - Leslie Shannon
[2023-02-01T19:05:58.608+0000] {logging_mixin.py:137} INFO - Lisa Clayton
[2023-02-01T19:05:58.609+0000] {logging_mixin.py:137} INFO - Zachary Molina
[2023-02-01T19:05:58.611+0000] {logging_mixin.py:137} INFO - Bruce Butler
[2023-02-01T19:05:58.615+0000] {logging_mixin.py:137} INFO - Dustin Howell
[2023-02-01T19:05:58.617+0000] {logging_mixin.py:137} INFO - Aaron Smith
[2023-02-01T19:05:58.618+0000] {logging_mixin.py:137} INFO - Kyle Green
[2023-02-01T19:05:58.620+0000] {logging_mixin.py:137} INFO - Steven Clark
[2023-02-01T19:05:58.622+0000] {logging_mixin.py:137} INFO - Robert Holden
[2023-02-01T19:05:58.625+0000] {logging_mixin.py:137} INFO - Zachary Harmon
[2023-02-01T19:05:58.626+0000] {logging_mixin.py:137} INFO - Rachel Miller
[2023-02-01T19:05:58.630+0000] {logging_mixin.py:137} INFO - Brandon Parker
[2023-02-01T19:05:58.632+0000] {logging_mixin.py:137} INFO - Walter Martin
[2023-02-01T19:05:58.636+0000] {logging_mixin.py:137} INFO - Jose Young
[2023-02-01T19:05:58.640+0000] {logging_mixin.py:137} INFO - Kelsey Long
[2023-02-01T19:05:58.642+0000] {logging_mixin.py:137} INFO - William Harper
[2023-02-01T19:05:58.643+0000] {logging_mixin.py:137} INFO - Alejandro Lambert
[2023-02-01T19:05:58.644+0000] {logging_mixin.py:137} INFO - Stephanie Carson
[2023-02-01T19:05:58.646+0000] {logging_mixin.py:137} INFO - Diana Ortega MD
[2023-02-01T19:05:58.649+0000] {logging_mixin.py:137} INFO - Janet Morales
[2023-02-01T19:05:58.653+0000] {logging_mixin.py:137} INFO - Eric Fisher
[2023-02-01T19:05:58.661+0000] {logging_mixin.py:137} INFO - Louis Baker
[2023-02-01T19:05:58.662+0000] {logging_mixin.py:137} INFO - Cindy Ward
[2023-02-01T19:05:58.664+0000] {logging_mixin.py:137} INFO - Ana Jenkins
[2023-02-01T19:05:58.665+0000] {logging_mixin.py:137} INFO - Leslie Barton
[2023-02-01T19:05:58.667+0000] {logging_mixin.py:137} INFO - Gregory Price
[2023-02-01T19:05:58.671+0000] {logging_mixin.py:137} INFO - Brandon Moore
[2023-02-01T19:05:58.677+0000] {logging_mixin.py:137} INFO - Heather Garrett
[2023-02-01T19:05:58.679+0000] {logging_mixin.py:137} INFO - Cindy Hawkins
[2023-02-01T19:05:58.683+0000] {logging_mixin.py:137} INFO - Mr. Frank Snyder Jr.
[2023-02-01T19:05:58.690+0000] {logging_mixin.py:137} INFO - Megan Wang
[2023-02-01T19:05:58.701+0000] {logging_mixin.py:137} INFO - Jennifer Fleming
[2023-02-01T19:05:58.706+0000] {logging_mixin.py:137} INFO - Gary Hodge
[2023-02-01T19:05:58.709+0000] {logging_mixin.py:137} INFO - Nichole Miller
[2023-02-01T19:05:58.712+0000] {logging_mixin.py:137} INFO - Mitchell Mendoza
[2023-02-01T19:05:58.715+0000] {logging_mixin.py:137} INFO - Bradley Horton
[2023-02-01T19:05:58.718+0000] {logging_mixin.py:137} INFO - Michelle Hess
[2023-02-01T19:05:58.728+0000] {logging_mixin.py:137} INFO - Ronald Torres
[2023-02-01T19:05:58.731+0000] {logging_mixin.py:137} INFO - Raymond Hudson
[2023-02-01T19:05:58.734+0000] {logging_mixin.py:137} INFO - Vincent Jackson
[2023-02-01T19:05:58.741+0000] {logging_mixin.py:137} INFO - Susan Carey
[2023-02-01T19:05:58.747+0000] {logging_mixin.py:137} INFO - Chase Wilson
[2023-02-01T19:05:58.752+0000] {logging_mixin.py:137} INFO - Tonya Baldwin
[2023-02-01T19:05:58.757+0000] {logging_mixin.py:137} INFO - Mrs. Tina Davis
[2023-02-01T19:05:58.764+0000] {logging_mixin.py:137} INFO - Scott Garrett
[2023-02-01T19:05:58.777+0000] {logging_mixin.py:137} INFO - Michael Wilson
[2023-02-01T19:05:58.782+0000] {logging_mixin.py:137} INFO - Andrew Orozco
[2023-02-01T19:05:58.798+0000] {logging_mixin.py:137} INFO - Troy Carson
[2023-02-01T19:05:58.800+0000] {logging_mixin.py:137} INFO - Alex Winters
[2023-02-01T19:05:58.807+0000] {logging_mixin.py:137} INFO - Toni Frank
[2023-02-01T19:05:58.813+0000] {logging_mixin.py:137} INFO - Kathleen Snyder
[2023-02-01T19:05:58.817+0000] {logging_mixin.py:137} INFO - Anna Lopez
[2023-02-01T19:05:58.833+0000] {logging_mixin.py:137} INFO - Charles Brown
[2023-02-01T19:05:58.835+0000] {logging_mixin.py:137} INFO - Barry Ross
[2023-02-01T19:05:58.844+0000] {logging_mixin.py:137} INFO - Emily Ramirez
[2023-02-01T19:05:58.848+0000] {logging_mixin.py:137} INFO - Anna Williams
[2023-02-01T19:05:58.862+0000] {logging_mixin.py:137} INFO - Kristin Pennington
[2023-02-01T19:05:58.866+0000] {logging_mixin.py:137} INFO - Mary Aguirre
[2023-02-01T19:05:58.875+0000] {logging_mixin.py:137} INFO - Austin Santos
[2023-02-01T19:05:58.878+0000] {logging_mixin.py:137} INFO - David Nelson
[2023-02-01T19:05:58.902+0000] {logging_mixin.py:137} INFO - Alyssa Mcbride
[2023-02-01T19:05:58.909+0000] {logging_mixin.py:137} INFO - Lisa Gibson
[2023-02-01T19:05:58.919+0000] {logging_mixin.py:137} INFO - Alexander Kelly
[2023-02-01T19:05:58.925+0000] {logging_mixin.py:137} INFO - Ronald Thomas
[2023-02-01T19:05:58.929+0000] {logging_mixin.py:137} INFO - Michael Hurst
[2023-02-01T19:05:58.935+0000] {logging_mixin.py:137} INFO - Lauren Ward
[2023-02-01T19:05:58.941+0000] {logging_mixin.py:137} INFO - Christian Terry
[2023-02-01T19:05:58.950+0000] {logging_mixin.py:137} INFO - Jared Black
[2023-02-01T19:05:58.956+0000] {logging_mixin.py:137} INFO - Anthony Brown
[2023-02-01T19:05:58.965+0000] {logging_mixin.py:137} INFO - John Cole
[2023-02-01T19:05:58.967+0000] {logging_mixin.py:137} INFO - David Lee
[2023-02-01T19:05:58.981+0000] {logging_mixin.py:137} INFO - Lori Thomas
[2023-02-01T19:05:58.983+0000] {logging_mixin.py:137} INFO - Daniel Herman
[2023-02-01T19:05:58.987+0000] {logging_mixin.py:137} INFO - Pam Williams
[2023-02-01T19:05:58.993+0000] {logging_mixin.py:137} INFO - Sarah Jenkins
[2023-02-01T19:05:59.003+0000] {logging_mixin.py:137} INFO - Susan Mitchell
[2023-02-01T19:05:59.024+0000] {logging_mixin.py:137} INFO - Jacqueline Green
[2023-02-01T19:05:59.028+0000] {logging_mixin.py:137} INFO - Victoria Garrison
[2023-02-01T19:05:59.032+0000] {logging_mixin.py:137} INFO - Jonathan Daniels
[2023-02-01T19:05:59.043+0000] {logging_mixin.py:137} INFO - Trevor Hansen
[2023-02-01T19:05:59.078+0000] {logging_mixin.py:137} INFO - Laurie Bowen
[2023-02-01T19:05:59.082+0000] {logging_mixin.py:137} INFO - James Cline
[2023-02-01T19:05:59.089+0000] {logging_mixin.py:137} INFO - Michael Rose
[2023-02-01T19:05:59.095+0000] {logging_mixin.py:137} INFO - Lawrence Juarez
[2023-02-01T19:05:59.100+0000] {logging_mixin.py:137} INFO - Lucas Caldwell
[2023-02-01T19:05:59.102+0000] {logging_mixin.py:137} INFO - Laura Jackson
[2023-02-01T19:05:59.106+0000] {logging_mixin.py:137} INFO - Sherri Thornton
[2023-02-01T19:05:59.112+0000] {logging_mixin.py:137} INFO - Alice Wilson
[2023-02-01T19:05:59.115+0000] {logging_mixin.py:137} INFO - Diane Williams
[2023-02-01T19:05:59.117+0000] {logging_mixin.py:137} INFO - Kara Martin
[2023-02-01T19:05:59.121+0000] {logging_mixin.py:137} INFO - Joseph Moore
[2023-02-01T19:05:59.128+0000] {logging_mixin.py:137} INFO - Jesse Moses
[2023-02-01T19:05:59.133+0000] {logging_mixin.py:137} INFO - Lisa Mccall
[2023-02-01T19:05:59.136+0000] {logging_mixin.py:137} INFO - Alexandra Mccoy
[2023-02-01T19:05:59.139+0000] {logging_mixin.py:137} INFO - Daniel Martin
[2023-02-01T19:05:59.143+0000] {logging_mixin.py:137} INFO - Claudia Peck
[2023-02-01T19:05:59.149+0000] {logging_mixin.py:137} INFO - Jessica Mcconnell
[2023-02-01T19:05:59.153+0000] {logging_mixin.py:137} INFO - Kevin Walker
[2023-02-01T19:05:59.157+0000] {logging_mixin.py:137} INFO - Christina Lee
[2023-02-01T19:05:59.162+0000] {logging_mixin.py:137} INFO - Christopher Schroeder
[2023-02-01T19:05:59.164+0000] {logging_mixin.py:137} INFO - Melissa Parker
[2023-02-01T19:05:59.169+0000] {logging_mixin.py:137} INFO - Janet Molina
[2023-02-01T19:05:59.173+0000] {logging_mixin.py:137} INFO - Barbara Harris
[2023-02-01T19:05:59.182+0000] {logging_mixin.py:137} INFO - Joseph Hurley
[2023-02-01T19:05:59.184+0000] {logging_mixin.py:137} INFO - Greg Hayden
[2023-02-01T19:05:59.191+0000] {logging_mixin.py:137} INFO - Edwin Adams
[2023-02-01T19:05:59.197+0000] {logging_mixin.py:137} INFO - Ashley Hunter
[2023-02-01T19:05:59.201+0000] {logging_mixin.py:137} INFO - Jennifer Tucker
[2023-02-01T19:05:59.205+0000] {logging_mixin.py:137} INFO - Eddie Gray
[2023-02-01T19:05:59.207+0000] {logging_mixin.py:137} INFO - Jennifer Evans
[2023-02-01T19:05:59.210+0000] {logging_mixin.py:137} INFO - Stephen Carey
[2023-02-01T19:05:59.212+0000] {logging_mixin.py:137} INFO - Samantha Campos
[2023-02-01T19:05:59.218+0000] {logging_mixin.py:137} INFO - Meagan Brown
[2023-02-01T19:05:59.227+0000] {logging_mixin.py:137} INFO - Miss Marisa Barber
[2023-02-01T19:05:59.240+0000] {logging_mixin.py:137} INFO - Jay Mann
[2023-02-01T19:05:59.251+0000] {logging_mixin.py:137} INFO - Matthew Campbell
[2023-02-01T19:05:59.255+0000] {logging_mixin.py:137} INFO - Brent Rodriguez
[2023-02-01T19:05:59.258+0000] {logging_mixin.py:137} INFO - Teresa Ross
[2023-02-01T19:05:59.263+0000] {logging_mixin.py:137} INFO - Mary Martinez
[2023-02-01T19:05:59.268+0000] {logging_mixin.py:137} INFO - Joseph Lewis
[2023-02-01T19:05:59.276+0000] {logging_mixin.py:137} INFO - Dale Davis
[2023-02-01T19:05:59.280+0000] {logging_mixin.py:137} INFO - Elizabeth Evans
[2023-02-01T19:05:59.282+0000] {logging_mixin.py:137} INFO - Shannon Wang
[2023-02-01T19:05:59.284+0000] {logging_mixin.py:137} INFO - Brandon Campbell
[2023-02-01T19:05:59.287+0000] {logging_mixin.py:137} INFO - Rhonda Pace
[2023-02-01T19:05:59.293+0000] {logging_mixin.py:137} INFO - Sarah Santos
[2023-02-01T19:05:59.301+0000] {logging_mixin.py:137} INFO - Jacob Ford
[2023-02-01T19:05:59.304+0000] {logging_mixin.py:137} INFO - Matthew Hansen
[2023-02-01T19:05:59.307+0000] {logging_mixin.py:137} INFO - Amy Ray
[2023-02-01T19:05:59.312+0000] {logging_mixin.py:137} INFO - Aaron Fields
[2023-02-01T19:05:59.315+0000] {logging_mixin.py:137} INFO - Mary Taylor
[2023-02-01T19:05:59.319+0000] {logging_mixin.py:137} INFO - James Morris
[2023-02-01T19:05:59.336+0000] {logging_mixin.py:137} INFO - Darrell Cain
[2023-02-01T19:05:59.340+0000] {logging_mixin.py:137} INFO - Michael Smith
[2023-02-01T19:05:59.350+0000] {logging_mixin.py:137} INFO - Scott Coleman
[2023-02-01T19:05:59.356+0000] {logging_mixin.py:137} INFO - David Fitzpatrick
[2023-02-01T19:05:59.359+0000] {logging_mixin.py:137} INFO - Debra Shepherd
[2023-02-01T19:05:59.371+0000] {logging_mixin.py:137} INFO - Paul Rush
[2023-02-01T19:05:59.377+0000] {logging_mixin.py:137} INFO - Brett Hernandez
[2023-02-01T19:05:59.384+0000] {logging_mixin.py:137} INFO - Sheila Riddle
[2023-02-01T19:05:59.390+0000] {logging_mixin.py:137} INFO - Joan Austin
[2023-02-01T19:05:59.398+0000] {logging_mixin.py:137} INFO - Michael Garcia
[2023-02-01T19:05:59.400+0000] {logging_mixin.py:137} INFO - Natalie Harris
[2023-02-01T19:05:59.405+0000] {logging_mixin.py:137} INFO - Steven Dean
[2023-02-01T19:05:59.409+0000] {logging_mixin.py:137} INFO - John Brown
[2023-02-01T19:05:59.414+0000] {logging_mixin.py:137} INFO - Keith Zimmerman
[2023-02-01T19:05:59.418+0000] {logging_mixin.py:137} INFO - Curtis Byrd
[2023-02-01T19:05:59.422+0000] {logging_mixin.py:137} INFO - Mariah Green
[2023-02-01T19:05:59.426+0000] {logging_mixin.py:137} INFO - Roger Huynh
[2023-02-01T19:05:59.435+0000] {logging_mixin.py:137} INFO - Christopher Zamora
[2023-02-01T19:05:59.441+0000] {logging_mixin.py:137} INFO - Joyce Crawford
[2023-02-01T19:05:59.443+0000] {logging_mixin.py:137} INFO - Angela Smith
[2023-02-01T19:05:59.454+0000] {logging_mixin.py:137} INFO - Veronica Robinson
[2023-02-01T19:05:59.456+0000] {logging_mixin.py:137} INFO - Christopher Bates
[2023-02-01T19:05:59.459+0000] {logging_mixin.py:137} INFO - Steve Stone
[2023-02-01T19:05:59.463+0000] {logging_mixin.py:137} INFO - William Cook
[2023-02-01T19:05:59.467+0000] {logging_mixin.py:137} INFO - Lori Wood
[2023-02-01T19:05:59.471+0000] {logging_mixin.py:137} INFO - Jillian Reynolds
[2023-02-01T19:05:59.476+0000] {logging_mixin.py:137} INFO - Angela Caldwell
[2023-02-01T19:05:59.487+0000] {logging_mixin.py:137} INFO - Shane Campbell
[2023-02-01T19:05:59.500+0000] {logging_mixin.py:137} INFO - Karen Lawrence
[2023-02-01T19:05:59.504+0000] {logging_mixin.py:137} INFO - Kimberly Wood
[2023-02-01T19:05:59.509+0000] {logging_mixin.py:137} INFO - Samantha Lopez
[2023-02-01T19:05:59.512+0000] {logging_mixin.py:137} INFO - Harold Miller
[2023-02-01T19:05:59.516+0000] {logging_mixin.py:137} INFO - Raymond Cooper DVM
[2023-02-01T19:05:59.521+0000] {logging_mixin.py:137} INFO - Kristen Patel
[2023-02-01T19:05:59.522+0000] {logging_mixin.py:137} INFO - Anthony Mejia
[2023-02-01T19:05:59.526+0000] {logging_mixin.py:137} INFO - Raymond Thomas
[2023-02-01T19:05:59.529+0000] {logging_mixin.py:137} INFO - Scott Young
[2023-02-01T19:05:59.531+0000] {logging_mixin.py:137} INFO - David Larson
[2023-02-01T19:05:59.534+0000] {logging_mixin.py:137} INFO - Jon Murray
[2023-02-01T19:05:59.539+0000] {logging_mixin.py:137} INFO - Stephen Taylor
[2023-02-01T19:05:59.543+0000] {logging_mixin.py:137} INFO - Jennifer Hernandez
[2023-02-01T19:05:59.548+0000] {logging_mixin.py:137} INFO - Stacy Smith
[2023-02-01T19:05:59.550+0000] {logging_mixin.py:137} INFO - Juan Owens
[2023-02-01T19:05:59.554+0000] {logging_mixin.py:137} INFO - Brian Adkins
[2023-02-01T19:05:59.557+0000] {logging_mixin.py:137} INFO - Jesse Wells
[2023-02-01T19:05:59.560+0000] {logging_mixin.py:137} INFO - Kyle Matthews
[2023-02-01T19:05:59.565+0000] {logging_mixin.py:137} INFO - Dustin Russell
[2023-02-01T19:05:59.568+0000] {logging_mixin.py:137} INFO - Richard White
[2023-02-01T19:05:59.570+0000] {logging_mixin.py:137} INFO - Brittany Nichols
[2023-02-01T19:05:59.575+0000] {logging_mixin.py:137} INFO - Colton Kelly
[2023-02-01T19:05:59.577+0000] {logging_mixin.py:137} INFO - William Perry
[2023-02-01T19:05:59.581+0000] {logging_mixin.py:137} INFO - Thomas Cummings
[2023-02-01T19:05:59.583+0000] {logging_mixin.py:137} INFO - Timothy Ballard
[2023-02-01T19:05:59.586+0000] {logging_mixin.py:137} INFO - Richard Washington
[2023-02-01T19:05:59.588+0000] {logging_mixin.py:137} INFO - Joshua Lam
[2023-02-01T19:05:59.591+0000] {logging_mixin.py:137} INFO - Grant Jackson
[2023-02-01T19:05:59.595+0000] {logging_mixin.py:137} INFO - Erin Baker
[2023-02-01T19:05:59.598+0000] {logging_mixin.py:137} INFO - Scott Flowers
[2023-02-01T19:05:59.607+0000] {logging_mixin.py:137} INFO - James Adams
[2023-02-01T19:05:59.610+0000] {logging_mixin.py:137} INFO - Heather Alvarado
[2023-02-01T19:05:59.612+0000] {logging_mixin.py:137} INFO - Jennifer Snow
[2023-02-01T19:05:59.614+0000] {logging_mixin.py:137} INFO - Mario Jackson
[2023-02-01T19:05:59.616+0000] {logging_mixin.py:137} INFO - Kevin Collins
[2023-02-01T19:05:59.619+0000] {logging_mixin.py:137} INFO - Danielle Garcia
[2023-02-01T19:05:59.634+0000] {logging_mixin.py:137} INFO - Brenda Jackson
[2023-02-01T19:05:59.636+0000] {logging_mixin.py:137} INFO - Ashley Parker
[2023-02-01T19:05:59.654+0000] {logging_mixin.py:137} INFO - Angela Hickman
[2023-02-01T19:05:59.657+0000] {logging_mixin.py:137} INFO - Carol Rodriguez
[2023-02-01T19:05:59.666+0000] {logging_mixin.py:137} INFO - Vernon Anderson
[2023-02-01T19:05:59.671+0000] {logging_mixin.py:137} INFO - Jesus Church
[2023-02-01T19:05:59.690+0000] {logging_mixin.py:137} INFO - Michelle Medina
[2023-02-01T19:05:59.692+0000] {logging_mixin.py:137} INFO - Nancy Bryant
[2023-02-01T19:05:59.695+0000] {logging_mixin.py:137} INFO - Jennifer Martinez
[2023-02-01T19:05:59.698+0000] {logging_mixin.py:137} INFO - Amy Dougherty
[2023-02-01T19:05:59.701+0000] {logging_mixin.py:137} INFO - Alexis Sanders
[2023-02-01T19:05:59.704+0000] {logging_mixin.py:137} INFO - Austin Salazar
[2023-02-01T19:05:59.706+0000] {logging_mixin.py:137} INFO - Amy Williams
[2023-02-01T19:05:59.708+0000] {logging_mixin.py:137} INFO - Richard Haynes
[2023-02-01T19:05:59.714+0000] {logging_mixin.py:137} INFO - Christine Stark
[2023-02-01T19:05:59.716+0000] {logging_mixin.py:137} INFO - Anita Medina
[2023-02-01T19:05:59.718+0000] {logging_mixin.py:137} INFO - Mr. Thomas Duran
[2023-02-01T19:05:59.725+0000] {logging_mixin.py:137} INFO - Mr. Russell Peterson
[2023-02-01T19:05:59.728+0000] {logging_mixin.py:137} INFO - Jack Richard
[2023-02-01T19:05:59.730+0000] {logging_mixin.py:137} INFO - Michelle Erickson
[2023-02-01T19:05:59.733+0000] {logging_mixin.py:137} INFO - Mitchell Williams
[2023-02-01T19:05:59.734+0000] {logging_mixin.py:137} INFO - Adrian Herrera
[2023-02-01T19:05:59.736+0000] {logging_mixin.py:137} INFO - Michael Brady
[2023-02-01T19:05:59.738+0000] {logging_mixin.py:137} INFO - Jamie Zhang
[2023-02-01T19:05:59.740+0000] {logging_mixin.py:137} INFO - Helen Brennan
[2023-02-01T19:05:59.746+0000] {logging_mixin.py:137} INFO - John Myers
[2023-02-01T19:05:59.748+0000] {logging_mixin.py:137} INFO - Patricia Nash
[2023-02-01T19:05:59.752+0000] {logging_mixin.py:137} INFO - Michael Johnson
[2023-02-01T19:05:59.758+0000] {logging_mixin.py:137} INFO - Anita Berger
[2023-02-01T19:05:59.762+0000] {logging_mixin.py:137} INFO - Jason Guerrero DVM
[2023-02-01T19:05:59.766+0000] {logging_mixin.py:137} INFO - Kimberly Davis
[2023-02-01T19:05:59.770+0000] {logging_mixin.py:137} INFO - Bryan Hansen
[2023-02-01T19:05:59.783+0000] {logging_mixin.py:137} INFO - Rebecca Obrien
[2023-02-01T19:05:59.785+0000] {logging_mixin.py:137} INFO - Sarah Santiago
[2023-02-01T19:05:59.788+0000] {logging_mixin.py:137} INFO - Christine Lane
[2023-02-01T19:05:59.794+0000] {logging_mixin.py:137} INFO - Jerry Lewis
[2023-02-01T19:05:59.800+0000] {logging_mixin.py:137} INFO - Stephanie Miller
[2023-02-01T19:05:59.804+0000] {logging_mixin.py:137} INFO - Kristi Bradley
[2023-02-01T19:05:59.805+0000] {logging_mixin.py:137} INFO - Darren Moore
[2023-02-01T19:05:59.824+0000] {logging_mixin.py:137} INFO - Kristina Cunningham
[2023-02-01T19:05:59.826+0000] {logging_mixin.py:137} INFO - Laurie Moore
[2023-02-01T19:05:59.829+0000] {logging_mixin.py:137} INFO - Aaron Lewis
[2023-02-01T19:05:59.832+0000] {logging_mixin.py:137} INFO - Theresa Vang
[2023-02-01T19:05:59.839+0000] {logging_mixin.py:137} INFO - Chase Reese
[2023-02-01T19:05:59.872+0000] {logging_mixin.py:137} INFO - Matthew Ferguson
[2023-02-01T19:05:59.883+0000] {logging_mixin.py:137} INFO - Victoria Lewis
[2023-02-01T19:05:59.886+0000] {logging_mixin.py:137} INFO - Jon Scott
[2023-02-01T19:05:59.889+0000] {logging_mixin.py:137} INFO - Lisa Campbell
[2023-02-01T19:05:59.892+0000] {logging_mixin.py:137} INFO - David Ramirez
[2023-02-01T19:05:59.901+0000] {logging_mixin.py:137} INFO - Gabriel Rosario
[2023-02-01T19:05:59.903+0000] {logging_mixin.py:137} INFO - Kristi Johnson
[2023-02-01T19:05:59.906+0000] {logging_mixin.py:137} INFO - Jennifer Schwartz
[2023-02-01T19:05:59.909+0000] {logging_mixin.py:137} INFO - Daniel Norton
[2023-02-01T19:05:59.912+0000] {logging_mixin.py:137} INFO - Richard Montoya
[2023-02-01T19:05:59.919+0000] {logging_mixin.py:137} INFO - Daniel Norris
[2023-02-01T19:05:59.922+0000] {logging_mixin.py:137} INFO - Chad Taylor
[2023-02-01T19:05:59.924+0000] {logging_mixin.py:137} INFO - Angie Allen
[2023-02-01T19:05:59.926+0000] {logging_mixin.py:137} INFO - Michael Brooks
[2023-02-01T19:05:59.929+0000] {logging_mixin.py:137} INFO - Hannah Poole
[2023-02-01T19:05:59.931+0000] {logging_mixin.py:137} INFO - Caitlin Ray
[2023-02-01T19:05:59.939+0000] {logging_mixin.py:137} INFO - Mr. Steven Gardner
[2023-02-01T19:05:59.947+0000] {logging_mixin.py:137} INFO - Jennifer Macdonald
[2023-02-01T19:05:59.953+0000] {logging_mixin.py:137} INFO - Vanessa Small
[2023-02-01T19:05:59.961+0000] {logging_mixin.py:137} INFO - Dennis Gray
[2023-02-01T19:05:59.967+0000] {logging_mixin.py:137} INFO - Sandra Kirk
[2023-02-01T19:05:59.973+0000] {logging_mixin.py:137} INFO - Jason Wagner
[2023-02-01T19:05:59.979+0000] {logging_mixin.py:137} INFO - David Owen
[2023-02-01T19:05:59.982+0000] {logging_mixin.py:137} INFO - Rose Terrell
[2023-02-01T19:05:59.992+0000] {logging_mixin.py:137} INFO - James Green MD
[2023-02-01T19:05:59.995+0000] {logging_mixin.py:137} INFO - Tammy Patel
[2023-02-01T19:05:59.999+0000] {logging_mixin.py:137} INFO - Joseph Lucero
[2023-02-01T19:06:00.005+0000] {logging_mixin.py:137} INFO - Stephanie Rojas
[2023-02-01T19:06:00.015+0000] {logging_mixin.py:137} INFO - Brittany Johnson
[2023-02-01T19:06:00.018+0000] {logging_mixin.py:137} INFO - Christina Cummings
[2023-02-01T19:06:00.023+0000] {logging_mixin.py:137} INFO - Eric Downs
[2023-02-01T19:06:00.027+0000] {logging_mixin.py:137} INFO - Paul Finley
[2023-02-01T19:06:00.032+0000] {logging_mixin.py:137} INFO - Danielle Jackson
[2023-02-01T19:06:00.035+0000] {logging_mixin.py:137} INFO - Anna Johnston
[2023-02-01T19:06:00.037+0000] {logging_mixin.py:137} INFO - Ashlee Hodges
[2023-02-01T19:06:00.039+0000] {logging_mixin.py:137} INFO - Thomas Francis
[2023-02-01T19:06:00.042+0000] {logging_mixin.py:137} INFO - Cody Baird
[2023-02-01T19:06:00.044+0000] {logging_mixin.py:137} INFO - Jeffrey Walter
[2023-02-01T19:06:00.047+0000] {logging_mixin.py:137} INFO - Hannah West
[2023-02-01T19:06:00.051+0000] {logging_mixin.py:137} INFO - Anthony Byrd
[2023-02-01T19:06:00.062+0000] {logging_mixin.py:137} INFO - Julie Ramirez
[2023-02-01T19:06:00.067+0000] {logging_mixin.py:137} INFO - Seth Peters
[2023-02-01T19:06:00.072+0000] {logging_mixin.py:137} INFO - Keith Salas
[2023-02-01T19:06:00.075+0000] {logging_mixin.py:137} INFO - Kathryn Evans
[2023-02-01T19:06:00.090+0000] {logging_mixin.py:137} INFO - Dr. Maria Scott
[2023-02-01T19:06:00.093+0000] {logging_mixin.py:137} INFO - Brenda Thomas
[2023-02-01T19:06:00.096+0000] {logging_mixin.py:137} INFO - Travis Douglas
[2023-02-01T19:06:00.102+0000] {logging_mixin.py:137} INFO - Kurt Santos
[2023-02-01T19:06:00.105+0000] {logging_mixin.py:137} INFO - Sean Parrish
[2023-02-01T19:06:00.108+0000] {logging_mixin.py:137} INFO - Brittany Walls
[2023-02-01T19:06:00.111+0000] {logging_mixin.py:137} INFO - Gail Brooks
[2023-02-01T19:06:00.113+0000] {logging_mixin.py:137} INFO - Valerie Johnson
[2023-02-01T19:06:00.118+0000] {logging_mixin.py:137} INFO - Jessica Dunn
[2023-02-01T19:06:00.122+0000] {logging_mixin.py:137} INFO - Chad Robinson
[2023-02-01T19:06:00.124+0000] {logging_mixin.py:137} INFO - Catherine Combs
[2023-02-01T19:06:00.126+0000] {logging_mixin.py:137} INFO - Joshua Boyd
[2023-02-01T19:06:00.127+0000] {logging_mixin.py:137} INFO - Alicia Barnett DVM
[2023-02-01T19:06:00.129+0000] {logging_mixin.py:137} INFO - Kevin Cervantes
[2023-02-01T19:06:00.130+0000] {logging_mixin.py:137} INFO - Larry Lester
[2023-02-01T19:06:00.132+0000] {logging_mixin.py:137} INFO - Deanna Espinoza
[2023-02-01T19:06:00.135+0000] {logging_mixin.py:137} INFO - Marilyn Davis
[2023-02-01T19:06:00.140+0000] {logging_mixin.py:137} INFO - Michael Weeks
[2023-02-01T19:06:00.144+0000] {logging_mixin.py:137} INFO - Brandon Stanton
[2023-02-01T19:06:00.149+0000] {logging_mixin.py:137} INFO - Ryan Boyer Jr.
[2023-02-01T19:06:00.157+0000] {logging_mixin.py:137} INFO - Amanda Elliott
[2023-02-01T19:06:00.159+0000] {logging_mixin.py:137} INFO - David Moore
[2023-02-01T19:06:00.164+0000] {logging_mixin.py:137} INFO - Andre Williams
[2023-02-01T19:06:00.166+0000] {logging_mixin.py:137} INFO - Jennifer Garcia
[2023-02-01T19:06:00.168+0000] {logging_mixin.py:137} INFO - Tracey Cook
[2023-02-01T19:06:00.170+0000] {logging_mixin.py:137} INFO - Michael Turner
[2023-02-01T19:06:00.174+0000] {logging_mixin.py:137} INFO - Diana Long
[2023-02-01T19:06:00.180+0000] {logging_mixin.py:137} INFO - John Bradley
[2023-02-01T19:06:00.186+0000] {logging_mixin.py:137} INFO - Ann Benjamin
[2023-02-01T19:06:00.190+0000] {logging_mixin.py:137} INFO - Shane House
[2023-02-01T19:06:00.193+0000] {logging_mixin.py:137} INFO - Erin Lee
[2023-02-01T19:06:00.198+0000] {logging_mixin.py:137} INFO - Joseph Gray
[2023-02-01T19:06:00.201+0000] {logging_mixin.py:137} INFO - Betty Gibson
[2023-02-01T19:06:00.203+0000] {logging_mixin.py:137} INFO - Kristen Graham
[2023-02-01T19:06:00.205+0000] {logging_mixin.py:137} INFO - Daniel Meza
[2023-02-01T19:06:00.209+0000] {logging_mixin.py:137} INFO - Sherri Carpenter
[2023-02-01T19:06:00.214+0000] {logging_mixin.py:137} INFO - Andrea Sanchez
[2023-02-01T19:06:00.216+0000] {logging_mixin.py:137} INFO - Jordan Rios
[2023-02-01T19:06:00.232+0000] {logging_mixin.py:137} INFO - Elizabeth Jackson
[2023-02-01T19:06:00.239+0000] {logging_mixin.py:137} INFO - Elizabeth Myers
[2023-02-01T19:06:00.244+0000] {logging_mixin.py:137} INFO - Juan Barnes
[2023-02-01T19:06:00.247+0000] {logging_mixin.py:137} INFO - Christopher Lozano
[2023-02-01T19:06:00.252+0000] {logging_mixin.py:137} INFO - Jacqueline Griffin
[2023-02-01T19:06:00.260+0000] {logging_mixin.py:137} INFO - Ryan Mason
[2023-02-01T19:06:00.265+0000] {logging_mixin.py:137} INFO - Jonathan Moore
[2023-02-01T19:06:00.267+0000] {logging_mixin.py:137} INFO - Abigail Landry
[2023-02-01T19:06:00.269+0000] {logging_mixin.py:137} INFO - Brenda Hernandez
[2023-02-01T19:06:00.270+0000] {logging_mixin.py:137} INFO - Zachary Pitts
[2023-02-01T19:06:00.274+0000] {logging_mixin.py:137} INFO - Amanda Rogers
[2023-02-01T19:06:00.279+0000] {logging_mixin.py:137} INFO - Cynthia Gray
[2023-02-01T19:06:00.283+0000] {logging_mixin.py:137} INFO - Tyler Barajas
[2023-02-01T19:06:00.285+0000] {logging_mixin.py:137} INFO - Michelle Leon
[2023-02-01T19:06:00.288+0000] {logging_mixin.py:137} INFO - Kathy Lang
[2023-02-01T19:06:00.289+0000] {logging_mixin.py:137} INFO - Scott Townsend MD
[2023-02-01T19:06:00.292+0000] {logging_mixin.py:137} INFO - Theresa Acosta
[2023-02-01T19:06:00.294+0000] {logging_mixin.py:137} INFO - David Jones
[2023-02-01T19:06:00.296+0000] {logging_mixin.py:137} INFO - Jeremy Robinson
[2023-02-01T19:06:00.298+0000] {logging_mixin.py:137} INFO - James Newton
[2023-02-01T19:06:00.300+0000] {logging_mixin.py:137} INFO - Tracey Wells
[2023-02-01T19:06:00.302+0000] {logging_mixin.py:137} INFO - Maria Nelson
[2023-02-01T19:06:00.304+0000] {logging_mixin.py:137} INFO - Christopher Griffith
[2023-02-01T19:06:00.306+0000] {logging_mixin.py:137} INFO - Zachary Griffin
[2023-02-01T19:06:00.314+0000] {logging_mixin.py:137} INFO - Amy Nguyen
[2023-02-01T19:06:00.318+0000] {logging_mixin.py:137} INFO - April Williams
[2023-02-01T19:06:00.320+0000] {logging_mixin.py:137} INFO - Marissa Kelly
[2023-02-01T19:06:00.322+0000] {logging_mixin.py:137} INFO - Brian Lopez PhD
[2023-02-01T19:06:00.324+0000] {logging_mixin.py:137} INFO - William Williams
[2023-02-01T19:06:00.327+0000] {logging_mixin.py:137} INFO - Norman Brown
[2023-02-01T19:06:00.333+0000] {logging_mixin.py:137} INFO - Charles Fuentes
[2023-02-01T19:06:00.340+0000] {logging_mixin.py:137} INFO - Anthony Chang
[2023-02-01T19:06:00.342+0000] {logging_mixin.py:137} INFO - Mary Bell
[2023-02-01T19:06:00.351+0000] {logging_mixin.py:137} INFO - Elizabeth Stuart
[2023-02-01T19:06:00.356+0000] {logging_mixin.py:137} INFO - Mary Mcdonald
[2023-02-01T19:06:00.358+0000] {logging_mixin.py:137} INFO - Martin Harrison
[2023-02-01T19:06:00.364+0000] {logging_mixin.py:137} INFO - Stephanie Fernandez
[2023-02-01T19:06:00.367+0000] {logging_mixin.py:137} INFO - Christopher Brown
[2023-02-01T19:06:00.373+0000] {logging_mixin.py:137} INFO - Alexander Stephenson
[2023-02-01T19:06:00.378+0000] {logging_mixin.py:137} INFO - Grace Diaz
[2023-02-01T19:06:00.385+0000] {logging_mixin.py:137} INFO - Frank Bartlett
[2023-02-01T19:06:00.388+0000] {logging_mixin.py:137} INFO - Audrey Andersen
[2023-02-01T19:06:00.393+0000] {logging_mixin.py:137} INFO - David Green
[2023-02-01T19:06:00.396+0000] {logging_mixin.py:137} INFO - Joshua Diaz Jr.
[2023-02-01T19:06:00.399+0000] {logging_mixin.py:137} INFO - Emily Garcia
[2023-02-01T19:06:00.402+0000] {logging_mixin.py:137} INFO - Devin Hall
[2023-02-01T19:06:00.406+0000] {logging_mixin.py:137} INFO - Phillip Garner
[2023-02-01T19:06:00.423+0000] {logging_mixin.py:137} INFO - Katherine Estrada
[2023-02-01T19:06:00.425+0000] {logging_mixin.py:137} INFO - Corey Saunders
[2023-02-01T19:06:00.427+0000] {logging_mixin.py:137} INFO - Kimberly Collins
[2023-02-01T19:06:00.431+0000] {logging_mixin.py:137} INFO - Amy Elliott
[2023-02-01T19:06:00.445+0000] {logging_mixin.py:137} INFO - Tanya Jones
[2023-02-01T19:06:00.448+0000] {logging_mixin.py:137} INFO - Patricia Gonzalez
[2023-02-01T19:06:00.456+0000] {logging_mixin.py:137} INFO - Jennifer Hill
[2023-02-01T19:06:00.460+0000] {logging_mixin.py:137} INFO - John Haynes
[2023-02-01T19:06:00.462+0000] {logging_mixin.py:137} INFO - Jacob Henry
[2023-02-01T19:06:00.464+0000] {logging_mixin.py:137} INFO - Daniel Clark
[2023-02-01T19:06:00.467+0000] {logging_mixin.py:137} INFO - Jonathon Taylor
[2023-02-01T19:06:00.478+0000] {logging_mixin.py:137} INFO - Jesse Evans
[2023-02-01T19:06:00.480+0000] {logging_mixin.py:137} INFO - James Martinez
[2023-02-01T19:06:00.488+0000] {logging_mixin.py:137} INFO - Kyle Reyes
[2023-02-01T19:06:00.493+0000] {logging_mixin.py:137} INFO - Terrence Barker
[2023-02-01T19:06:00.499+0000] {logging_mixin.py:137} INFO - Anthony Washington
[2023-02-01T19:06:00.508+0000] {logging_mixin.py:137} INFO - Dustin Le
[2023-02-01T19:06:00.516+0000] {logging_mixin.py:137} INFO - Bruce Clark
[2023-02-01T19:06:00.521+0000] {logging_mixin.py:137} INFO - Keith Anthony
[2023-02-01T19:06:00.525+0000] {logging_mixin.py:137} INFO - Jeremiah Stone
[2023-02-01T19:06:00.530+0000] {logging_mixin.py:137} INFO - Michael Haley
[2023-02-01T19:06:00.531+0000] {logging_mixin.py:137} INFO - Regina Carrillo
[2023-02-01T19:06:00.534+0000] {logging_mixin.py:137} INFO - Jacob Lee
[2023-02-01T19:06:00.536+0000] {logging_mixin.py:137} INFO - Thomas Gonzalez
[2023-02-01T19:06:00.540+0000] {logging_mixin.py:137} INFO - Mark Lawrence
[2023-02-01T19:06:00.542+0000] {logging_mixin.py:137} INFO - Matthew Anderson
[2023-02-01T19:06:00.550+0000] {logging_mixin.py:137} INFO - Nicholas Young
[2023-02-01T19:06:00.557+0000] {logging_mixin.py:137} INFO - Melvin Martinez
[2023-02-01T19:06:00.563+0000] {logging_mixin.py:137} INFO - Scott Green
[2023-02-01T19:06:00.569+0000] {logging_mixin.py:137} INFO - Dana Richards
[2023-02-01T19:06:00.580+0000] {logging_mixin.py:137} INFO - Lauren Moore
[2023-02-01T19:06:00.585+0000] {logging_mixin.py:137} INFO - Terry Campbell
[2023-02-01T19:06:00.589+0000] {logging_mixin.py:137} INFO - Ralph Jordan
[2023-02-01T19:06:00.594+0000] {logging_mixin.py:137} INFO - Noah Reyes
[2023-02-01T19:06:00.600+0000] {logging_mixin.py:137} INFO - Mr. Gregory Mills MD
[2023-02-01T19:06:00.603+0000] {logging_mixin.py:137} INFO - Michelle Yates
[2023-02-01T19:06:00.605+0000] {logging_mixin.py:137} INFO - Robin Reyes
[2023-02-01T19:06:00.612+0000] {logging_mixin.py:137} INFO - Rebecca Smith
[2023-02-01T19:06:00.614+0000] {logging_mixin.py:137} INFO - Nicole Torres
[2023-02-01T19:06:00.620+0000] {logging_mixin.py:137} INFO - Ronald Jones
[2023-02-01T19:06:00.626+0000] {logging_mixin.py:137} INFO - Michael Castaneda
[2023-02-01T19:06:00.629+0000] {logging_mixin.py:137} INFO - Christopher Krueger
[2023-02-01T19:06:00.630+0000] {logging_mixin.py:137} INFO - Jennifer Werner
[2023-02-01T19:06:00.636+0000] {logging_mixin.py:137} INFO - Ashley Smith
[2023-02-01T19:06:00.638+0000] {logging_mixin.py:137} INFO - Alyssa Fields
[2023-02-01T19:06:00.641+0000] {logging_mixin.py:137} INFO - John Scott
[2023-02-01T19:06:00.643+0000] {logging_mixin.py:137} INFO - Debra Delacruz
[2023-02-01T19:06:00.651+0000] {logging_mixin.py:137} INFO - James Madden
[2023-02-01T19:06:00.658+0000] {logging_mixin.py:137} INFO - Joseph Gentry
[2023-02-01T19:06:00.660+0000] {logging_mixin.py:137} INFO - Ashley Cabrera
[2023-02-01T19:06:00.661+0000] {logging_mixin.py:137} INFO - Jennifer Fernandez
[2023-02-01T19:06:00.663+0000] {logging_mixin.py:137} INFO - James Harris
[2023-02-01T19:06:00.664+0000] {logging_mixin.py:137} INFO - Candice Young
[2023-02-01T19:06:00.666+0000] {logging_mixin.py:137} INFO - Lisa Baker
[2023-02-01T19:06:00.670+0000] {logging_mixin.py:137} INFO - Brian Mills DDS
[2023-02-01T19:06:00.672+0000] {logging_mixin.py:137} INFO - Kristin Smith
[2023-02-01T19:06:00.678+0000] {logging_mixin.py:137} INFO - Jacob Collins
[2023-02-01T19:06:00.682+0000] {logging_mixin.py:137} INFO - Kimberly Harris
[2023-02-01T19:06:00.685+0000] {logging_mixin.py:137} INFO - Michael Hull
[2023-02-01T19:06:00.687+0000] {logging_mixin.py:137} INFO - Caitlin Todd
[2023-02-01T19:06:00.692+0000] {logging_mixin.py:137} INFO - Lisa Harris
[2023-02-01T19:06:00.695+0000] {logging_mixin.py:137} INFO - Mrs. Ann Stone
[2023-02-01T19:06:00.697+0000] {logging_mixin.py:137} INFO - Michelle Case
[2023-02-01T19:06:00.699+0000] {logging_mixin.py:137} INFO - Joe Lowe
[2023-02-01T19:06:00.700+0000] {logging_mixin.py:137} INFO - Randall Dunn
[2023-02-01T19:06:00.703+0000] {logging_mixin.py:137} INFO - Paula Vargas
[2023-02-01T19:06:00.707+0000] {logging_mixin.py:137} INFO - Daniel Walker
[2023-02-01T19:06:00.709+0000] {logging_mixin.py:137} INFO - James Jackson
[2023-02-01T19:06:00.714+0000] {logging_mixin.py:137} INFO - Shirley Woodard
[2023-02-01T19:06:00.722+0000] {logging_mixin.py:137} INFO - James Hayes
[2023-02-01T19:06:00.726+0000] {logging_mixin.py:137} INFO - Megan Austin
[2023-02-01T19:06:00.733+0000] {logging_mixin.py:137} INFO - Erin Robertson
[2023-02-01T19:06:00.735+0000] {logging_mixin.py:137} INFO - Robert Phillips
[2023-02-01T19:06:00.742+0000] {logging_mixin.py:137} INFO - Amy Torres
[2023-02-01T19:06:00.745+0000] {logging_mixin.py:137} INFO - Joshua Cox
[2023-02-01T19:06:00.747+0000] {logging_mixin.py:137} INFO - Duane Grimes
[2023-02-01T19:06:00.750+0000] {logging_mixin.py:137} INFO - Jennifer Burgess
[2023-02-01T19:06:00.759+0000] {logging_mixin.py:137} INFO - Carlos Duran
[2023-02-01T19:06:00.764+0000] {logging_mixin.py:137} INFO - Jason Johnson
[2023-02-01T19:06:00.767+0000] {logging_mixin.py:137} INFO - Cameron Greer
[2023-02-01T19:06:00.769+0000] {logging_mixin.py:137} INFO - Randall Williams
[2023-02-01T19:06:00.770+0000] {logging_mixin.py:137} INFO - Jessica Harris
[2023-02-01T19:06:00.777+0000] {logging_mixin.py:137} INFO - Joshua Rogers
[2023-02-01T19:06:00.778+0000] {logging_mixin.py:137} INFO - Jose Mahoney
[2023-02-01T19:06:00.783+0000] {logging_mixin.py:137} INFO - Brandy Fuentes
[2023-02-01T19:06:00.795+0000] {logging_mixin.py:137} INFO - Angelica Matthews
[2023-02-01T19:06:00.798+0000] {logging_mixin.py:137} INFO - Glenn Caldwell
[2023-02-01T19:06:00.802+0000] {logging_mixin.py:137} INFO - Cristian Delacruz
[2023-02-01T19:06:00.806+0000] {logging_mixin.py:137} INFO - Alexandra Price
[2023-02-01T19:06:00.812+0000] {logging_mixin.py:137} INFO - Heather Wilson
[2023-02-01T19:06:00.815+0000] {logging_mixin.py:137} INFO - Shawn Thompson
[2023-02-01T19:06:00.818+0000] {logging_mixin.py:137} INFO - Anna Daniel
[2023-02-01T19:06:00.823+0000] {logging_mixin.py:137} INFO - Joseph Cisneros
[2023-02-01T19:06:00.831+0000] {logging_mixin.py:137} INFO - Rebecca Estes
[2023-02-01T19:06:00.833+0000] {logging_mixin.py:137} INFO - Jeremy Porter
[2023-02-01T19:06:00.838+0000] {logging_mixin.py:137} INFO - Lisa Mann
[2023-02-01T19:06:00.842+0000] {logging_mixin.py:137} INFO - Michael Woods
[2023-02-01T19:06:00.845+0000] {logging_mixin.py:137} INFO - Madison Thompson
[2023-02-01T19:06:00.850+0000] {logging_mixin.py:137} INFO - Nancy Gomez
[2023-02-01T19:06:00.854+0000] {logging_mixin.py:137} INFO - Julie Blanchard
[2023-02-01T19:06:00.857+0000] {logging_mixin.py:137} INFO - Michael Smith
[2023-02-01T19:06:00.860+0000] {logging_mixin.py:137} INFO - Angel Huber
[2023-02-01T19:06:00.868+0000] {logging_mixin.py:137} INFO - Michael Coffey
[2023-02-01T19:06:00.882+0000] {logging_mixin.py:137} INFO - Patrick Walter
[2023-02-01T19:06:00.885+0000] {logging_mixin.py:137} INFO - Curtis Davis
[2023-02-01T19:06:00.892+0000] {logging_mixin.py:137} INFO - Kyle Stewart
[2023-02-01T19:06:00.899+0000] {logging_mixin.py:137} INFO - Angela Jimenez
[2023-02-01T19:06:00.903+0000] {logging_mixin.py:137} INFO - Andrew Martinez
[2023-02-01T19:06:00.912+0000] {logging_mixin.py:137} INFO - Angela West
[2023-02-01T19:06:00.916+0000] {logging_mixin.py:137} INFO - Ryan Young
[2023-02-01T19:06:00.920+0000] {logging_mixin.py:137} INFO - Nathaniel Evans
[2023-02-01T19:06:00.923+0000] {logging_mixin.py:137} INFO - Dawn Bryant
[2023-02-01T19:06:00.925+0000] {logging_mixin.py:137} INFO - Danielle Lewis
[2023-02-01T19:06:00.929+0000] {logging_mixin.py:137} INFO - Matthew Newman
[2023-02-01T19:06:00.934+0000] {logging_mixin.py:137} INFO - Robert Smith
[2023-02-01T19:06:00.935+0000] {logging_mixin.py:137} INFO - Melissa Hicks
[2023-02-01T19:06:00.946+0000] {logging_mixin.py:137} INFO - Emily Lambert
[2023-02-01T19:06:00.949+0000] {logging_mixin.py:137} INFO - Krystal Wolfe
[2023-02-01T19:06:00.952+0000] {logging_mixin.py:137} INFO - Donna Murillo
[2023-02-01T19:06:00.955+0000] {logging_mixin.py:137} INFO - Carl Hudson
[2023-02-01T19:06:00.957+0000] {logging_mixin.py:137} INFO - Robert Wilson
[2023-02-01T19:06:00.959+0000] {logging_mixin.py:137} INFO - Patrick Mathis
[2023-02-01T19:06:00.961+0000] {logging_mixin.py:137} INFO - Michael Suarez
[2023-02-01T19:06:00.963+0000] {logging_mixin.py:137} INFO - David Johnson
[2023-02-01T19:06:00.966+0000] {logging_mixin.py:137} INFO - William Thompson
[2023-02-01T19:06:00.970+0000] {logging_mixin.py:137} INFO - Jessica Hansen DVM
[2023-02-01T19:06:00.979+0000] {logging_mixin.py:137} INFO - Katherine Friedman
[2023-02-01T19:06:00.983+0000] {logging_mixin.py:137} INFO - Jillian Johnson
[2023-02-01T19:06:01.005+0000] {logging_mixin.py:137} INFO - Robert Mckee
[2023-02-01T19:06:01.009+0000] {logging_mixin.py:137} INFO - Rachel Little
[2023-02-01T19:06:01.012+0000] {logging_mixin.py:137} INFO - Patricia Smith
[2023-02-01T19:06:01.014+0000] {logging_mixin.py:137} INFO - Heidi Martinez
[2023-02-01T19:06:01.020+0000] {logging_mixin.py:137} INFO - Caitlin Solomon
[2023-02-01T19:06:01.027+0000] {logging_mixin.py:137} INFO - Dr. Olivia Pugh
[2023-02-01T19:06:01.035+0000] {logging_mixin.py:137} INFO - John Steele DDS
[2023-02-01T19:06:01.037+0000] {logging_mixin.py:137} INFO - Jeremy Mathews
[2023-02-01T19:06:01.039+0000] {logging_mixin.py:137} INFO - Tiffany Hill
[2023-02-01T19:06:01.046+0000] {logging_mixin.py:137} INFO - Steven Edwards
[2023-02-01T19:06:01.062+0000] {logging_mixin.py:137} INFO - Charles Campbell
[2023-02-01T19:06:01.066+0000] {logging_mixin.py:137} INFO - Brett Hughes
[2023-02-01T19:06:01.068+0000] {logging_mixin.py:137} INFO - Christina Villegas
[2023-02-01T19:06:01.071+0000] {logging_mixin.py:137} INFO - Anthony Garcia
[2023-02-01T19:06:01.078+0000] {logging_mixin.py:137} INFO - Nathan Murphy
[2023-02-01T19:06:01.082+0000] {logging_mixin.py:137} INFO - Steven Dodson
[2023-02-01T19:06:01.087+0000] {logging_mixin.py:137} INFO - Brian Sullivan
[2023-02-01T19:06:01.091+0000] {logging_mixin.py:137} INFO - Renee White
[2023-02-01T19:06:01.096+0000] {logging_mixin.py:137} INFO - Laura Rowland
[2023-02-01T19:06:01.100+0000] {logging_mixin.py:137} INFO - John Moore
[2023-02-01T19:06:01.105+0000] {logging_mixin.py:137} INFO - Sophia Mckenzie
[2023-02-01T19:06:01.110+0000] {logging_mixin.py:137} INFO - David Roach
[2023-02-01T19:06:01.114+0000] {logging_mixin.py:137} INFO - Jennifer Patterson
[2023-02-01T19:06:01.121+0000] {logging_mixin.py:137} INFO - James Richards
[2023-02-01T19:06:01.126+0000] {logging_mixin.py:137} INFO - Mary Johnston
[2023-02-01T19:06:01.135+0000] {logging_mixin.py:137} INFO - Brandon Mcdaniel
[2023-02-01T19:06:01.138+0000] {logging_mixin.py:137} INFO - Meghan Stevenson
[2023-02-01T19:06:01.143+0000] {logging_mixin.py:137} INFO - Luis Hayes
[2023-02-01T19:06:01.149+0000] {logging_mixin.py:137} INFO - Alejandra Sloan
[2023-02-01T19:06:01.152+0000] {logging_mixin.py:137} INFO - Dr. Sandra Miller
[2023-02-01T19:06:01.154+0000] {logging_mixin.py:137} INFO - Dustin Bond
[2023-02-01T19:06:01.160+0000] {logging_mixin.py:137} INFO - Julia Patrick MD
[2023-02-01T19:06:01.173+0000] {logging_mixin.py:137} INFO - Jill Campbell
[2023-02-01T19:06:01.176+0000] {logging_mixin.py:137} INFO - Mark Ford
[2023-02-01T19:06:01.187+0000] {logging_mixin.py:137} INFO - Brian Long
[2023-02-01T19:06:01.194+0000] {logging_mixin.py:137} INFO - Lisa Peterson
[2023-02-01T19:06:01.202+0000] {logging_mixin.py:137} INFO - Matthew Lee
[2023-02-01T19:06:01.208+0000] {logging_mixin.py:137} INFO - Bradley Miller
[2023-02-01T19:06:01.220+0000] {logging_mixin.py:137} INFO - Jeffrey Moss
[2023-02-01T19:06:01.229+0000] {logging_mixin.py:137} INFO - Sara Carlson
[2023-02-01T19:06:01.233+0000] {logging_mixin.py:137} INFO - Daniel Rodriguez
[2023-02-01T19:06:01.236+0000] {logging_mixin.py:137} INFO - Jeremy David
[2023-02-01T19:06:01.238+0000] {logging_mixin.py:137} INFO - Eric Green
[2023-02-01T19:06:01.239+0000] {logging_mixin.py:137} INFO - Alexis Jones
[2023-02-01T19:06:01.241+0000] {logging_mixin.py:137} INFO - Matthew Rose
[2023-02-01T19:06:01.242+0000] {logging_mixin.py:137} INFO - Catherine Anderson
[2023-02-01T19:06:01.247+0000] {logging_mixin.py:137} INFO - Holly Burton
[2023-02-01T19:06:01.249+0000] {logging_mixin.py:137} INFO - David Matthews
[2023-02-01T19:06:01.252+0000] {logging_mixin.py:137} INFO - Mrs. Kara Little
[2023-02-01T19:06:01.255+0000] {logging_mixin.py:137} INFO - Jeffrey Stanley
[2023-02-01T19:06:01.263+0000] {logging_mixin.py:137} INFO - James Ochoa
[2023-02-01T19:06:01.270+0000] {logging_mixin.py:137} INFO - Jason Frye
[2023-02-01T19:06:01.274+0000] {logging_mixin.py:137} INFO - Christopher Ellis
[2023-02-01T19:06:01.277+0000] {logging_mixin.py:137} INFO - Michelle Nixon
[2023-02-01T19:06:01.280+0000] {logging_mixin.py:137} INFO - Andrew Gill
[2023-02-01T19:06:01.290+0000] {logging_mixin.py:137} INFO - Jennifer Wilson
[2023-02-01T19:06:01.299+0000] {logging_mixin.py:137} INFO - Shawn Black
[2023-02-01T19:06:01.304+0000] {logging_mixin.py:137} INFO - April Patterson
[2023-02-01T19:06:01.314+0000] {logging_mixin.py:137} INFO - Troy Vaughn
[2023-02-01T19:06:01.317+0000] {logging_mixin.py:137} INFO - Alexandria White
[2023-02-01T19:06:01.322+0000] {logging_mixin.py:137} INFO - Scott Phillips
[2023-02-01T19:06:01.324+0000] {logging_mixin.py:137} INFO - Zachary Cisneros
[2023-02-01T19:06:01.327+0000] {logging_mixin.py:137} INFO - Deborah Brown
[2023-02-01T19:06:01.331+0000] {logging_mixin.py:137} INFO - Monica Moses
[2023-02-01T19:06:01.335+0000] {logging_mixin.py:137} INFO - Brenda Reyes
[2023-02-01T19:06:01.337+0000] {logging_mixin.py:137} INFO - Miss Renee Allen
[2023-02-01T19:06:01.344+0000] {logging_mixin.py:137} INFO - Susan Clark
[2023-02-01T19:06:01.347+0000] {logging_mixin.py:137} INFO - Brandy Coffey
[2023-02-01T19:06:01.350+0000] {logging_mixin.py:137} INFO - Brett Nelson
[2023-02-01T19:06:01.354+0000] {logging_mixin.py:137} INFO - Ricardo Young
[2023-02-01T19:06:01.358+0000] {logging_mixin.py:137} INFO - Paul Lee
[2023-02-01T19:06:01.362+0000] {logging_mixin.py:137} INFO - David Allen
[2023-02-01T19:06:01.365+0000] {logging_mixin.py:137} INFO - Andrea Knight
[2023-02-01T19:06:01.368+0000] {logging_mixin.py:137} INFO - James Gomez
[2023-02-01T19:06:01.378+0000] {logging_mixin.py:137} INFO - Melody Gibson
[2023-02-01T19:06:01.382+0000] {logging_mixin.py:137} INFO - Christina Martinez
[2023-02-01T19:06:01.384+0000] {logging_mixin.py:137} INFO - Shelby Smith
[2023-02-01T19:06:01.386+0000] {logging_mixin.py:137} INFO - Jason Howard
[2023-02-01T19:06:01.388+0000] {logging_mixin.py:137} INFO - Amy Davidson
[2023-02-01T19:06:01.389+0000] {logging_mixin.py:137} INFO - Kyle Copeland
[2023-02-01T19:06:01.391+0000] {logging_mixin.py:137} INFO - Madeline Davis
[2023-02-01T19:06:01.399+0000] {logging_mixin.py:137} INFO - Aaron Young
[2023-02-01T19:06:01.400+0000] {logging_mixin.py:137} INFO - Lisa Barrett
[2023-02-01T19:06:01.402+0000] {logging_mixin.py:137} INFO - Joel Jones
[2023-02-01T19:06:01.404+0000] {logging_mixin.py:137} INFO - Christine Evans
[2023-02-01T19:06:01.406+0000] {logging_mixin.py:137} INFO - Kimberly Johnson
[2023-02-01T19:06:01.408+0000] {logging_mixin.py:137} INFO - Charles Hess
[2023-02-01T19:06:01.417+0000] {logging_mixin.py:137} INFO - Paul Dixon
[2023-02-01T19:06:01.421+0000] {logging_mixin.py:137} INFO - Christopher Johnson
[2023-02-01T19:06:01.424+0000] {logging_mixin.py:137} INFO - Robert Dawson
[2023-02-01T19:06:01.431+0000] {logging_mixin.py:137} INFO - Ryan Dixon
[2023-02-01T19:06:01.434+0000] {logging_mixin.py:137} INFO - Julie Martinez
[2023-02-01T19:06:01.436+0000] {logging_mixin.py:137} INFO - David Adams
[2023-02-01T19:06:01.439+0000] {logging_mixin.py:137} INFO - Mariah Brown
[2023-02-01T19:06:01.440+0000] {logging_mixin.py:137} INFO - Deborah Malone
[2023-02-01T19:06:01.442+0000] {logging_mixin.py:137} INFO - John Brown
[2023-02-01T19:06:01.446+0000] {logging_mixin.py:137} INFO - Maria Stewart
[2023-02-01T19:06:01.448+0000] {logging_mixin.py:137} INFO - Mr. Bryan Hawkins
[2023-02-01T19:06:01.450+0000] {logging_mixin.py:137} INFO - Kyle Brooks
[2023-02-01T19:06:01.451+0000] {logging_mixin.py:137} INFO - Kenneth White
[2023-02-01T19:06:01.456+0000] {logging_mixin.py:137} INFO - Patricia Wilson
[2023-02-01T19:06:01.459+0000] {logging_mixin.py:137} INFO - Paul Soto
[2023-02-01T19:06:01.464+0000] {logging_mixin.py:137} INFO - Janice Garrett
[2023-02-01T19:06:01.473+0000] {logging_mixin.py:137} INFO - Randy Strickland
[2023-02-01T19:06:01.482+0000] {logging_mixin.py:137} INFO - Felicia Herrera
[2023-02-01T19:06:01.483+0000] {logging_mixin.py:137} INFO - Andre Campos
[2023-02-01T19:06:01.485+0000] {logging_mixin.py:137} INFO - Justin Meyer
[2023-02-01T19:06:01.488+0000] {logging_mixin.py:137} INFO - Brandon Brooks
[2023-02-01T19:06:01.489+0000] {logging_mixin.py:137} INFO - Abigail Rivera
[2023-02-01T19:06:01.497+0000] {logging_mixin.py:137} INFO - Jessica Mann
[2023-02-01T19:06:01.502+0000] {logging_mixin.py:137} INFO - Michael Sawyer
[2023-02-01T19:06:01.505+0000] {logging_mixin.py:137} INFO - Jeffrey Coleman
[2023-02-01T19:06:01.511+0000] {logging_mixin.py:137} INFO - Micheal Castro
[2023-02-01T19:06:01.522+0000] {logging_mixin.py:137} INFO - Laura Gonzalez
[2023-02-01T19:06:01.528+0000] {logging_mixin.py:137} INFO - Christopher Jackson
[2023-02-01T19:06:01.534+0000] {logging_mixin.py:137} INFO - William Mckenzie
[2023-02-01T19:06:01.536+0000] {logging_mixin.py:137} INFO - Kristina Rodriguez
[2023-02-01T19:06:01.540+0000] {logging_mixin.py:137} INFO - Kelli Williams
[2023-02-01T19:06:01.543+0000] {logging_mixin.py:137} INFO - Diane Norris
[2023-02-01T19:06:01.548+0000] {logging_mixin.py:137} INFO - Kevin Carroll
[2023-02-01T19:06:01.551+0000] {logging_mixin.py:137} INFO - Betty Weber
[2023-02-01T19:06:01.562+0000] {logging_mixin.py:137} INFO - Jeffery Robinson
[2023-02-01T19:06:01.565+0000] {logging_mixin.py:137} INFO - Hannah Cowan
[2023-02-01T19:06:01.568+0000] {logging_mixin.py:137} INFO - Brian Kramer
[2023-02-01T19:06:01.572+0000] {logging_mixin.py:137} INFO - Anthony Roberts
[2023-02-01T19:06:01.575+0000] {logging_mixin.py:137} INFO - Ricardo Blankenship
[2023-02-01T19:06:01.577+0000] {logging_mixin.py:137} INFO - Brooke Collins
[2023-02-01T19:06:01.586+0000] {logging_mixin.py:137} INFO - Tammy Lawson
[2023-02-01T19:06:01.592+0000] {logging_mixin.py:137} INFO - Cody Miller
[2023-02-01T19:06:01.604+0000] {logging_mixin.py:137} INFO - Dr. Janice Salazar
[2023-02-01T19:06:01.607+0000] {logging_mixin.py:137} INFO - David West
[2023-02-01T19:06:01.614+0000] {logging_mixin.py:137} INFO - Robin Carpenter
[2023-02-01T19:06:01.618+0000] {logging_mixin.py:137} INFO - Monique Wall
[2023-02-01T19:06:01.620+0000] {logging_mixin.py:137} INFO - Charles Cardenas
[2023-02-01T19:06:01.623+0000] {logging_mixin.py:137} INFO - Valerie Mitchell
[2023-02-01T19:06:01.626+0000] {logging_mixin.py:137} INFO - Michelle Valenzuela
[2023-02-01T19:06:01.639+0000] {logging_mixin.py:137} INFO - William Poole
[2023-02-01T19:06:01.641+0000] {logging_mixin.py:137} INFO - James Hall
[2023-02-01T19:06:01.644+0000] {logging_mixin.py:137} INFO - Dylan Carpenter
[2023-02-01T19:06:01.646+0000] {logging_mixin.py:137} INFO - Linda Medina
[2023-02-01T19:06:01.651+0000] {logging_mixin.py:137} INFO - Joan White
[2023-02-01T19:06:01.662+0000] {logging_mixin.py:137} INFO - Mary Klein
[2023-02-01T19:06:01.669+0000] {logging_mixin.py:137} INFO - Ashley Wolf
[2023-02-01T19:06:01.675+0000] {logging_mixin.py:137} INFO - William Reed
[2023-02-01T19:06:01.691+0000] {logging_mixin.py:137} INFO - Derek Harvey
[2023-02-01T19:06:01.697+0000] {logging_mixin.py:137} INFO - Kathleen Rodriguez
[2023-02-01T19:06:01.699+0000] {logging_mixin.py:137} INFO - Andrew Rodriguez
[2023-02-01T19:06:01.701+0000] {logging_mixin.py:137} INFO - Ariel Frank
[2023-02-01T19:06:01.705+0000] {logging_mixin.py:137} INFO - Tina French
[2023-02-01T19:06:01.712+0000] {logging_mixin.py:137} INFO - Brent Waller
[2023-02-01T19:06:01.724+0000] {logging_mixin.py:137} INFO - Kevin Allen
[2023-02-01T19:06:01.727+0000] {logging_mixin.py:137} INFO - Xavier Walker
[2023-02-01T19:06:01.734+0000] {logging_mixin.py:137} INFO - Michelle Sanchez
[2023-02-01T19:06:01.745+0000] {logging_mixin.py:137} INFO - Rachael Shepard
[2023-02-01T19:06:01.756+0000] {logging_mixin.py:137} INFO - Kelsey Johnson
[2023-02-01T19:06:01.761+0000] {logging_mixin.py:137} INFO - Nicole Webb
[2023-02-01T19:06:01.766+0000] {logging_mixin.py:137} INFO - Nicholas Rodriguez
[2023-02-01T19:06:01.774+0000] {logging_mixin.py:137} INFO - Eric Vaughan
[2023-02-01T19:06:01.808+0000] {logging_mixin.py:137} INFO - Amanda Richardson
[2023-02-01T19:06:01.810+0000] {logging_mixin.py:137} INFO - Janice Carlson
[2023-02-01T19:06:01.832+0000] {logging_mixin.py:137} INFO - Darryl Walsh
[2023-02-01T19:06:01.835+0000] {logging_mixin.py:137} INFO - Heather Johnson
[2023-02-01T19:06:01.841+0000] {logging_mixin.py:137} INFO - Mark Chambers
[2023-02-01T19:06:01.847+0000] {logging_mixin.py:137} INFO - Tracy Burns
[2023-02-01T19:06:01.854+0000] {logging_mixin.py:137} INFO - John Cole
[2023-02-01T19:06:01.860+0000] {logging_mixin.py:137} INFO - Deborah Silva
[2023-02-01T19:06:01.861+0000] {logging_mixin.py:137} INFO - Shawn Hernandez
[2023-02-01T19:06:01.863+0000] {logging_mixin.py:137} INFO - Bethany Meyer
[2023-02-01T19:06:01.865+0000] {logging_mixin.py:137} INFO - Helen Smith
[2023-02-01T19:06:01.868+0000] {logging_mixin.py:137} INFO - Dana Dennis
[2023-02-01T19:06:01.870+0000] {logging_mixin.py:137} INFO - Kelsey Camacho
[2023-02-01T19:06:01.873+0000] {logging_mixin.py:137} INFO - Matthew Thomas
[2023-02-01T19:06:01.881+0000] {logging_mixin.py:137} INFO - Brittany Arellano
[2023-02-01T19:06:01.884+0000] {logging_mixin.py:137} INFO - Stacey Jones
[2023-02-01T19:06:01.887+0000] {logging_mixin.py:137} INFO - William Weeks
[2023-02-01T19:06:01.890+0000] {logging_mixin.py:137} INFO - Mark Beasley
[2023-02-01T19:06:01.892+0000] {logging_mixin.py:137} INFO - Bruce Pena
[2023-02-01T19:06:01.895+0000] {logging_mixin.py:137} INFO - Jeffery Smith
[2023-02-01T19:06:01.898+0000] {logging_mixin.py:137} INFO - Ann Deleon
[2023-02-01T19:06:01.907+0000] {logging_mixin.py:137} INFO - Kevin Robertson
[2023-02-01T19:06:01.910+0000] {logging_mixin.py:137} INFO - Vincent Willis MD
[2023-02-01T19:06:01.914+0000] {logging_mixin.py:137} INFO - Michael Nielsen
[2023-02-01T19:06:01.916+0000] {logging_mixin.py:137} INFO - Walter Koch
[2023-02-01T19:06:01.918+0000] {logging_mixin.py:137} INFO - Brian Vega
[2023-02-01T19:06:01.922+0000] {logging_mixin.py:137} INFO - Jeffrey Medina
[2023-02-01T19:06:01.927+0000] {logging_mixin.py:137} INFO - Erika Banks
[2023-02-01T19:06:01.938+0000] {logging_mixin.py:137} INFO - Stacey Griffin
[2023-02-01T19:06:01.941+0000] {logging_mixin.py:137} INFO - Michael Marsh
[2023-02-01T19:06:01.959+0000] {logging_mixin.py:137} INFO - Molly White
[2023-02-01T19:06:01.971+0000] {logging_mixin.py:137} INFO - Matthew Morrison
[2023-02-01T19:06:01.976+0000] {logging_mixin.py:137} INFO - Amanda Burns
[2023-02-01T19:06:01.979+0000] {logging_mixin.py:137} INFO - Emily Gonzalez DDS
[2023-02-01T19:06:01.985+0000] {logging_mixin.py:137} INFO - Gregory King
[2023-02-01T19:06:01.986+0000] {logging_mixin.py:137} INFO - Dennis Evans
[2023-02-01T19:06:01.995+0000] {logging_mixin.py:137} INFO - Christina Snyder
[2023-02-01T19:06:02.001+0000] {logging_mixin.py:137} INFO - Carolyn Mata
[2023-02-01T19:06:02.007+0000] {logging_mixin.py:137} INFO - Brandy Lawson
[2023-02-01T19:06:02.013+0000] {logging_mixin.py:137} INFO - Briana Christian
[2023-02-01T19:06:02.028+0000] {logging_mixin.py:137} INFO - Jeffrey Hernandez
[2023-02-01T19:06:02.039+0000] {logging_mixin.py:137} INFO - John Riggs
[2023-02-01T19:06:02.049+0000] {logging_mixin.py:137} INFO - Barbara Short
[2023-02-01T19:06:02.069+0000] {logging_mixin.py:137} INFO - Steven Brooks
[2023-02-01T19:06:02.077+0000] {logging_mixin.py:137} INFO - Gabrielle James
[2023-02-01T19:06:02.087+0000] {logging_mixin.py:137} INFO - Robert Young
[2023-02-01T19:06:02.094+0000] {logging_mixin.py:137} INFO - Derek Sanders
[2023-02-01T19:06:02.101+0000] {logging_mixin.py:137} INFO - Mallory Oliver
[2023-02-01T19:06:02.104+0000] {logging_mixin.py:137} INFO - Terry Howe
[2023-02-01T19:06:02.107+0000] {logging_mixin.py:137} INFO - Samuel Wallace
[2023-02-01T19:06:02.113+0000] {logging_mixin.py:137} INFO - Angel Jones
[2023-02-01T19:06:02.121+0000] {logging_mixin.py:137} INFO - Jacqueline Nichols
[2023-02-01T19:06:02.129+0000] {logging_mixin.py:137} INFO - Melissa Mcgee
[2023-02-01T19:06:02.140+0000] {logging_mixin.py:137} INFO - Michelle Smith
[2023-02-01T19:06:02.152+0000] {logging_mixin.py:137} INFO - Maureen Baxter
[2023-02-01T19:06:02.159+0000] {logging_mixin.py:137} INFO - Kathy Crawford
[2023-02-01T19:06:02.163+0000] {logging_mixin.py:137} INFO - Stacy Wood
[2023-02-01T19:06:02.176+0000] {logging_mixin.py:137} INFO - Justin Parsons
[2023-02-01T19:06:02.181+0000] {logging_mixin.py:137} INFO - Ann Klein
[2023-02-01T19:06:02.185+0000] {logging_mixin.py:137} INFO - Allison Arnold
[2023-02-01T19:06:02.190+0000] {logging_mixin.py:137} INFO - Heather Kirk
[2023-02-01T19:06:02.207+0000] {logging_mixin.py:137} INFO - Monica Smith
[2023-02-01T19:06:02.211+0000] {logging_mixin.py:137} INFO - Brett Oconnor
[2023-02-01T19:06:02.219+0000] {logging_mixin.py:137} INFO - Anthony Bryant
[2023-02-01T19:06:02.225+0000] {logging_mixin.py:137} INFO - Jeremy Russell
[2023-02-01T19:06:02.232+0000] {logging_mixin.py:137} INFO - Julie Poole
[2023-02-01T19:06:02.235+0000] {logging_mixin.py:137} INFO - Emma Thompson
[2023-02-01T19:06:02.244+0000] {logging_mixin.py:137} INFO - Bradley Matthews
[2023-02-01T19:06:02.246+0000] {logging_mixin.py:137} INFO - William Roberts
[2023-02-01T19:06:02.256+0000] {logging_mixin.py:137} INFO - Julie Mooney
[2023-02-01T19:06:02.257+0000] {logging_mixin.py:137} INFO - Amy Doyle
[2023-02-01T19:06:02.263+0000] {logging_mixin.py:137} INFO - Amanda Grant
[2023-02-01T19:06:02.271+0000] {logging_mixin.py:137} INFO - Eric Anderson
[2023-02-01T19:06:02.274+0000] {logging_mixin.py:137} INFO - George Thompson
[2023-02-01T19:06:02.280+0000] {logging_mixin.py:137} INFO - Dustin Hines
[2023-02-01T19:06:02.284+0000] {logging_mixin.py:137} INFO - Andrea Frank
[2023-02-01T19:06:02.286+0000] {logging_mixin.py:137} INFO - Jodi Cook
[2023-02-01T19:06:02.289+0000] {logging_mixin.py:137} INFO - Stacy Haney
[2023-02-01T19:06:02.292+0000] {logging_mixin.py:137} INFO - Paul Callahan
[2023-02-01T19:06:02.297+0000] {logging_mixin.py:137} INFO - Jasmine Chambers
[2023-02-01T19:06:02.302+0000] {logging_mixin.py:137} INFO - Melissa Pittman MD
[2023-02-01T19:06:02.316+0000] {logging_mixin.py:137} INFO - Deborah Larson
[2023-02-01T19:06:02.319+0000] {logging_mixin.py:137} INFO - Brandon Shaw
[2023-02-01T19:06:02.322+0000] {logging_mixin.py:137} INFO - Timothy Paul
[2023-02-01T19:06:02.324+0000] {logging_mixin.py:137} INFO - Michael Trujillo
[2023-02-01T19:06:02.333+0000] {logging_mixin.py:137} INFO - Robert Rivera
[2023-02-01T19:06:02.335+0000] {logging_mixin.py:137} INFO - Dana Nelson
[2023-02-01T19:06:02.338+0000] {logging_mixin.py:137} INFO - Andrea Bennett
[2023-02-01T19:06:02.362+0000] {logging_mixin.py:137} INFO - Jodi Fox
[2023-02-01T19:06:02.363+0000] {logging_mixin.py:137} INFO - Heather Hayes
[2023-02-01T19:06:02.369+0000] {logging_mixin.py:137} INFO - Jennifer Moreno
[2023-02-01T19:06:02.373+0000] {logging_mixin.py:137} INFO - John Patel
[2023-02-01T19:06:02.375+0000] {logging_mixin.py:137} INFO - Teresa Oliver
[2023-02-01T19:06:02.382+0000] {logging_mixin.py:137} INFO - Monique Bell
[2023-02-01T19:06:02.384+0000] {logging_mixin.py:137} INFO - Casey Leonard
[2023-02-01T19:06:02.389+0000] {logging_mixin.py:137} INFO - Steven Clark
[2023-02-01T19:06:02.392+0000] {logging_mixin.py:137} INFO - Edward Martin
[2023-02-01T19:06:02.394+0000] {logging_mixin.py:137} INFO - Shawn Orozco
[2023-02-01T19:06:02.397+0000] {logging_mixin.py:137} INFO - Brandon Yang
[2023-02-01T19:06:02.402+0000] {logging_mixin.py:137} INFO - Nathan Ray
[2023-02-01T19:06:02.404+0000] {logging_mixin.py:137} INFO - Lori Moore
[2023-02-01T19:06:02.416+0000] {logging_mixin.py:137} INFO - Dr. Lisa Shaw DVM
[2023-02-01T19:06:02.424+0000] {logging_mixin.py:137} INFO - Angela Walters
[2023-02-01T19:06:02.427+0000] {logging_mixin.py:137} INFO - David Nolan
[2023-02-01T19:06:02.430+0000] {logging_mixin.py:137} INFO - William Ramsey
[2023-02-01T19:06:02.432+0000] {logging_mixin.py:137} INFO - David Oconnor
[2023-02-01T19:06:02.434+0000] {logging_mixin.py:137} INFO - Mark Washington
[2023-02-01T19:06:02.437+0000] {logging_mixin.py:137} INFO - Jennifer Jacobs
[2023-02-01T19:06:02.439+0000] {logging_mixin.py:137} INFO - Tammy Hampton
[2023-02-01T19:06:02.445+0000] {logging_mixin.py:137} INFO - Stephen Farmer
[2023-02-01T19:06:02.449+0000] {logging_mixin.py:137} INFO - Jasmine Nguyen
[2023-02-01T19:06:02.451+0000] {logging_mixin.py:137} INFO - Rebecca Flores
[2023-02-01T19:06:02.455+0000] {logging_mixin.py:137} INFO - Tyler Davis
[2023-02-01T19:06:02.461+0000] {logging_mixin.py:137} INFO - Nancy Gray
[2023-02-01T19:06:02.464+0000] {logging_mixin.py:137} INFO - Brian Sanchez
[2023-02-01T19:06:02.466+0000] {logging_mixin.py:137} INFO - Laurie Shaw
[2023-02-01T19:06:02.467+0000] {logging_mixin.py:137} INFO - Kristina Torres
[2023-02-01T19:06:02.469+0000] {logging_mixin.py:137} INFO - Andrea Rodgers
[2023-02-01T19:06:02.472+0000] {logging_mixin.py:137} INFO - Jason Walters
[2023-02-01T19:06:02.477+0000] {logging_mixin.py:137} INFO - Jerry Moss
[2023-02-01T19:06:02.490+0000] {logging_mixin.py:137} INFO - Jeffrey Jordan
[2023-02-01T19:06:02.492+0000] {logging_mixin.py:137} INFO - Jennifer Wilson
[2023-02-01T19:06:02.494+0000] {logging_mixin.py:137} INFO - Trevor Mathews
[2023-02-01T19:06:02.504+0000] {logging_mixin.py:137} INFO - Anne Hood
[2023-02-01T19:06:02.508+0000] {logging_mixin.py:137} INFO - Sarah Williams
[2023-02-01T19:06:02.511+0000] {logging_mixin.py:137} INFO - Shelby Hernandez
[2023-02-01T19:06:02.516+0000] {logging_mixin.py:137} INFO - Samantha Velez
[2023-02-01T19:06:02.519+0000] {logging_mixin.py:137} INFO - Matthew Douglas
[2023-02-01T19:06:02.521+0000] {logging_mixin.py:137} INFO - Ashlee George
[2023-02-01T19:06:02.524+0000] {logging_mixin.py:137} INFO - Troy Crane
[2023-02-01T19:06:02.536+0000] {logging_mixin.py:137} INFO - Michael Cooper
[2023-02-01T19:06:02.542+0000] {logging_mixin.py:137} INFO - Michael White
[2023-02-01T19:06:02.544+0000] {logging_mixin.py:137} INFO - Mr. Timothy Fleming
[2023-02-01T19:06:02.545+0000] {logging_mixin.py:137} INFO - Seth Bruce
[2023-02-01T19:06:02.549+0000] {logging_mixin.py:137} INFO - Jacqueline Carpenter
[2023-02-01T19:06:02.550+0000] {logging_mixin.py:137} INFO - Michael Martin
[2023-02-01T19:06:02.551+0000] {logging_mixin.py:137} INFO - Kristopher Henry
[2023-02-01T19:06:02.560+0000] {logging_mixin.py:137} INFO - Tiffany Porter
[2023-02-01T19:06:02.567+0000] {logging_mixin.py:137} INFO - Stacy Simpson
[2023-02-01T19:06:02.576+0000] {logging_mixin.py:137} INFO - Tammy Mcdowell
[2023-02-01T19:06:02.590+0000] {logging_mixin.py:137} INFO - Thomas Walters
[2023-02-01T19:06:02.592+0000] {logging_mixin.py:137} INFO - Dwayne Thompson
[2023-02-01T19:06:02.596+0000] {logging_mixin.py:137} INFO - Natalie Willis
[2023-02-01T19:06:02.599+0000] {logging_mixin.py:137} INFO - Sharon Taylor
[2023-02-01T19:06:02.601+0000] {logging_mixin.py:137} INFO - Sarah Wiggins
[2023-02-01T19:06:02.607+0000] {logging_mixin.py:137} INFO - Amber Thomas
[2023-02-01T19:06:02.610+0000] {logging_mixin.py:137} INFO - Patrick Miller
[2023-02-01T19:06:02.619+0000] {logging_mixin.py:137} INFO - Stephanie Hartman
[2023-02-01T19:06:02.621+0000] {logging_mixin.py:137} INFO - Stacey Mora
[2023-02-01T19:06:02.636+0000] {logging_mixin.py:137} INFO - Katherine Rodriguez
[2023-02-01T19:06:02.650+0000] {logging_mixin.py:137} INFO - Daniel Morgan
[2023-02-01T19:06:02.653+0000] {logging_mixin.py:137} INFO - Rebecca Martinez
[2023-02-01T19:06:02.655+0000] {logging_mixin.py:137} INFO - Nicole Juarez
[2023-02-01T19:06:02.664+0000] {logging_mixin.py:137} INFO - Mark Arroyo
[2023-02-01T19:06:02.674+0000] {logging_mixin.py:137} INFO - April Lucero
[2023-02-01T19:06:02.677+0000] {logging_mixin.py:137} INFO - Samantha Garcia
[2023-02-01T19:06:02.682+0000] {logging_mixin.py:137} INFO - Jon Moore
[2023-02-01T19:06:02.687+0000] {logging_mixin.py:137} INFO - Joshua Flores MD
[2023-02-01T19:06:02.690+0000] {logging_mixin.py:137} INFO - Raymond Jones
[2023-02-01T19:06:02.693+0000] {logging_mixin.py:137} INFO - Billy Hughes
[2023-02-01T19:06:02.695+0000] {logging_mixin.py:137} INFO - Peggy Valdez PhD
[2023-02-01T19:06:02.702+0000] {logging_mixin.py:137} INFO - Joshua Reyes
[2023-02-01T19:06:02.708+0000] {logging_mixin.py:137} INFO - Aaron Green
[2023-02-01T19:06:02.712+0000] {logging_mixin.py:137} INFO - Wendy Espinoza
[2023-02-01T19:06:02.715+0000] {logging_mixin.py:137} INFO - Peter Vasquez
[2023-02-01T19:06:02.720+0000] {logging_mixin.py:137} INFO - Diane Harper
[2023-02-01T19:06:02.729+0000] {logging_mixin.py:137} INFO - Ms. Rebecca Cantu
[2023-02-01T19:06:02.736+0000] {logging_mixin.py:137} INFO - Yolanda Morrow
[2023-02-01T19:06:02.740+0000] {logging_mixin.py:137} INFO - Penny Beard
[2023-02-01T19:06:02.747+0000] {logging_mixin.py:137} INFO - Lisa Long
[2023-02-01T19:06:02.752+0000] {logging_mixin.py:137} INFO - Jerry Harris
[2023-02-01T19:06:02.780+0000] {logging_mixin.py:137} INFO - Bob Willis
[2023-02-01T19:06:02.786+0000] {logging_mixin.py:137} INFO - Duane Chapman
[2023-02-01T19:06:02.790+0000] {logging_mixin.py:137} INFO - William Morgan
[2023-02-01T19:06:02.794+0000] {logging_mixin.py:137} INFO - Amy Gutierrez
[2023-02-01T19:06:02.797+0000] {logging_mixin.py:137} INFO - Amber Nichols
[2023-02-01T19:06:02.803+0000] {logging_mixin.py:137} INFO - Matthew Carr
[2023-02-01T19:06:02.804+0000] {logging_mixin.py:137} INFO - Thomas Duncan
[2023-02-01T19:06:02.809+0000] {logging_mixin.py:137} INFO - Elizabeth Wright
[2023-02-01T19:06:02.812+0000] {logging_mixin.py:137} INFO - Jacqueline Brewer
[2023-02-01T19:06:02.824+0000] {logging_mixin.py:137} INFO - Stephanie Johnson
[2023-02-01T19:06:02.833+0000] {logging_mixin.py:137} INFO - Samantha Calderon
[2023-02-01T19:06:02.839+0000] {logging_mixin.py:137} INFO - Kathryn Gaines
[2023-02-01T19:06:02.842+0000] {logging_mixin.py:137} INFO - Angel Jones
[2023-02-01T19:06:02.848+0000] {logging_mixin.py:137} INFO - Laura Wall
[2023-02-01T19:06:02.853+0000] {logging_mixin.py:137} INFO - Mr. Anthony Hamilton
[2023-02-01T19:06:02.855+0000] {logging_mixin.py:137} INFO - David Smith
[2023-02-01T19:06:02.857+0000] {logging_mixin.py:137} INFO - Kimberly Herrera DDS
[2023-02-01T19:06:02.858+0000] {logging_mixin.py:137} INFO - Gina Wilson
[2023-02-01T19:06:02.862+0000] {logging_mixin.py:137} INFO - Timothy Byrd
[2023-02-01T19:06:02.863+0000] {logging_mixin.py:137} INFO - Michael Mckenzie
[2023-02-01T19:06:02.865+0000] {logging_mixin.py:137} INFO - Jeffrey Mcintyre
[2023-02-01T19:06:02.870+0000] {logging_mixin.py:137} INFO - Teresa Jackson
[2023-02-01T19:06:02.873+0000] {logging_mixin.py:137} INFO - Joseph Wilcox
[2023-02-01T19:06:02.877+0000] {logging_mixin.py:137} INFO - Patrick Mcknight
[2023-02-01T19:06:02.880+0000] {logging_mixin.py:137} INFO - Ronald Moreno
[2023-02-01T19:06:02.882+0000] {logging_mixin.py:137} INFO - Jamie Sullivan
[2023-02-01T19:06:02.884+0000] {logging_mixin.py:137} INFO - Jason Anderson
[2023-02-01T19:06:02.890+0000] {logging_mixin.py:137} INFO - Steven Stewart
[2023-02-01T19:06:02.896+0000] {logging_mixin.py:137} INFO - Melinda Paul
[2023-02-01T19:06:02.902+0000] {logging_mixin.py:137} INFO - Cynthia Simmons
[2023-02-01T19:06:02.905+0000] {logging_mixin.py:137} INFO - Christian Smith
[2023-02-01T19:06:02.908+0000] {logging_mixin.py:137} INFO - William Jimenez
[2023-02-01T19:06:02.917+0000] {logging_mixin.py:137} INFO - Hayley French
[2023-02-01T19:06:02.931+0000] {logging_mixin.py:137} INFO - Brandon Hess
[2023-02-01T19:06:02.933+0000] {logging_mixin.py:137} INFO - Laura Perry
[2023-02-01T19:06:02.935+0000] {logging_mixin.py:137} INFO - Scott Jones
[2023-02-01T19:06:02.938+0000] {logging_mixin.py:137} INFO - Christine Hernandez
[2023-02-01T19:06:02.942+0000] {logging_mixin.py:137} INFO - Douglas Eaton
[2023-02-01T19:06:02.951+0000] {logging_mixin.py:137} INFO - William Soto
[2023-02-01T19:06:02.955+0000] {logging_mixin.py:137} INFO - Mary Jones
[2023-02-01T19:06:02.957+0000] {logging_mixin.py:137} INFO - Stephanie Holmes
[2023-02-01T19:06:02.961+0000] {logging_mixin.py:137} INFO - Keith Meyers
[2023-02-01T19:06:02.964+0000] {logging_mixin.py:137} INFO - Paul Fisher
[2023-02-01T19:06:02.967+0000] {logging_mixin.py:137} INFO - Emily Alexander
[2023-02-01T19:06:02.975+0000] {logging_mixin.py:137} INFO - Anthony Schwartz
[2023-02-01T19:06:02.979+0000] {logging_mixin.py:137} INFO - Evelyn Jacobs
[2023-02-01T19:06:02.983+0000] {logging_mixin.py:137} INFO - Connie Jones
[2023-02-01T19:06:02.984+0000] {logging_mixin.py:137} INFO - Carla Gibbs
[2023-02-01T19:06:02.986+0000] {logging_mixin.py:137} INFO - Ashley Santiago
[2023-02-01T19:06:02.989+0000] {logging_mixin.py:137} INFO - Micheal Mckee
[2023-02-01T19:06:02.994+0000] {logging_mixin.py:137} INFO - Diane Williams
[2023-02-01T19:06:03.003+0000] {logging_mixin.py:137} INFO - Jesse Velasquez
[2023-02-01T19:06:03.009+0000] {logging_mixin.py:137} INFO - Jennifer Rodriguez
[2023-02-01T19:06:03.013+0000] {logging_mixin.py:137} INFO - Joe Griffin
[2023-02-01T19:06:03.017+0000] {logging_mixin.py:137} INFO - Gary Cherry
[2023-02-01T19:06:03.019+0000] {logging_mixin.py:137} INFO - Alyssa Edwards
[2023-02-01T19:06:03.022+0000] {logging_mixin.py:137} INFO - Caroline Hernandez MD
[2023-02-01T19:06:03.024+0000] {logging_mixin.py:137} INFO - Jessica Morton
[2023-02-01T19:06:03.029+0000] {logging_mixin.py:137} INFO - Holly Jones
[2023-02-01T19:06:03.036+0000] {logging_mixin.py:137} INFO - David Shelton
[2023-02-01T19:06:03.040+0000] {logging_mixin.py:137} INFO - Kristina Parks
[2023-02-01T19:06:03.044+0000] {logging_mixin.py:137} INFO - Laurie Hernandez
[2023-02-01T19:06:03.046+0000] {logging_mixin.py:137} INFO - Melissa James
[2023-02-01T19:06:03.052+0000] {logging_mixin.py:137} INFO - Jeremiah Adams
[2023-02-01T19:06:03.058+0000] {logging_mixin.py:137} INFO - Arthur Robinson
[2023-02-01T19:06:03.063+0000] {logging_mixin.py:137} INFO - Anna Shepard
[2023-02-01T19:06:03.069+0000] {logging_mixin.py:137} INFO - Brandon Myers
[2023-02-01T19:06:03.081+0000] {logging_mixin.py:137} INFO - Paul Cardenas
[2023-02-01T19:06:03.085+0000] {logging_mixin.py:137} INFO - Megan Santana
[2023-02-01T19:06:03.092+0000] {logging_mixin.py:137} INFO - Joseph Marshall
[2023-02-01T19:06:03.094+0000] {logging_mixin.py:137} INFO - Mrs. Brenda Harris
[2023-02-01T19:06:03.096+0000] {logging_mixin.py:137} INFO - Nicole Garcia
[2023-02-01T19:06:03.102+0000] {logging_mixin.py:137} INFO - Anna Estrada
[2023-02-01T19:06:03.107+0000] {logging_mixin.py:137} INFO - Carl Moore
[2023-02-01T19:06:03.109+0000] {logging_mixin.py:137} INFO - Rodney Hernandez
[2023-02-01T19:06:03.114+0000] {logging_mixin.py:137} INFO - Madison Christian
[2023-02-01T19:06:03.120+0000] {logging_mixin.py:137} INFO - Heather Rhodes
[2023-02-01T19:06:03.128+0000] {python.py:177} INFO - Done. Returned value was: None
[2023-02-01T19:06:03.160+0000] {taskinstance.py:1323} INFO - Marking task as SUCCESS. dag_id=CSV_DAG, task_id=convertCSVToJson, execution_date=20230201T015500, start_date=20230201T190555, end_date=20230201T190603
[2023-02-01T19:06:03.268+0000] {local_task_job.py:208} INFO - Task exited with return code 0
[2023-02-01T19:06:03.302+0000] {taskinstance.py:2578} INFO - 0 downstream tasks scheduled from follow-on schedule check
