[2023-02-01T19:08:16.670+0000] {taskinstance.py:1083} INFO - Dependencies all met for <TaskInstance: CSV_DAG.starting scheduled__2023-02-01T08:20:00+00:00 [queued]>
[2023-02-01T19:08:16.699+0000] {taskinstance.py:1083} INFO - Dependencies all met for <TaskInstance: CSV_DAG.starting scheduled__2023-02-01T08:20:00+00:00 [queued]>
[2023-02-01T19:08:16.700+0000] {taskinstance.py:1279} INFO - 
--------------------------------------------------------------------------------
[2023-02-01T19:08:16.702+0000] {taskinstance.py:1280} INFO - Starting attempt 1 of 2
[2023-02-01T19:08:16.704+0000] {taskinstance.py:1281} INFO - 
--------------------------------------------------------------------------------
[2023-02-01T19:08:16.881+0000] {taskinstance.py:1300} INFO - Executing <Task(BashOperator): starting> on 2023-02-01 08:20:00+00:00
[2023-02-01T19:08:16.923+0000] {standard_task_runner.py:55} INFO - Started process 844 to run task
[2023-02-01T19:08:16.947+0000] {standard_task_runner.py:82} INFO - Running: ['***', 'tasks', 'run', 'CSV_DAG', 'starting', 'scheduled__2023-02-01T08:20:00+00:00', '--job-id', '226', '--raw', '--subdir', 'DAGS_FOLDER/csv.py', '--cfg-path', '/tmp/tmp44k4i8r1']
[2023-02-01T19:08:16.956+0000] {standard_task_runner.py:83} INFO - Job 226: Subtask starting
[2023-02-01T19:08:17.309+0000] {task_command.py:388} INFO - Running <TaskInstance: CSV_DAG.starting scheduled__2023-02-01T08:20:00+00:00 [running]> on host 06d8060e8530
[2023-02-01T19:08:17.714+0000] {taskinstance.py:1509} INFO - Exporting the following env vars:
AIRFLOW_CTX_DAG_OWNER=Kevin Chalmers
AIRFLOW_CTX_DAG_ID=CSV_DAG
AIRFLOW_CTX_TASK_ID=starting
AIRFLOW_CTX_EXECUTION_DATE=2023-02-01T08:20:00+00:00
AIRFLOW_CTX_TRY_NUMBER=1
AIRFLOW_CTX_DAG_RUN_ID=scheduled__2023-02-01T08:20:00+00:00
[2023-02-01T19:08:17.726+0000] {subprocess.py:63} INFO - Tmp dir root location: 
 /tmp
[2023-02-01T19:08:17.731+0000] {subprocess.py:75} INFO - Running command: ['/bin/bash', '-c', 'echo "Reading data"']
[2023-02-01T19:08:17.816+0000] {subprocess.py:86} INFO - Output:
[2023-02-01T19:08:17.820+0000] {subprocess.py:93} INFO - Reading data
[2023-02-01T19:08:17.821+0000] {subprocess.py:97} INFO - Command exited with return code 0
[2023-02-01T19:08:17.903+0000] {taskinstance.py:1323} INFO - Marking task as SUCCESS. dag_id=CSV_DAG, task_id=starting, execution_date=20230201T082000, start_date=20230201T190816, end_date=20230201T190817
[2023-02-01T19:08:18.041+0000] {local_task_job.py:208} INFO - Task exited with return code 0
[2023-02-01T19:08:18.152+0000] {taskinstance.py:2578} INFO - 0 downstream tasks scheduled from follow-on schedule check
