[2023-02-02T10:04:00.707+0000] {taskinstance.py:1083} INFO - Dependencies all met for <TaskInstance: CSV_DAG.starting scheduled__2023-02-02T08:45:00+00:00 [queued]>
[2023-02-02T10:04:00.733+0000] {taskinstance.py:1083} INFO - Dependencies all met for <TaskInstance: CSV_DAG.starting scheduled__2023-02-02T08:45:00+00:00 [queued]>
[2023-02-02T10:04:00.735+0000] {taskinstance.py:1279} INFO - 
--------------------------------------------------------------------------------
[2023-02-02T10:04:00.736+0000] {taskinstance.py:1280} INFO - Starting attempt 1 of 2
[2023-02-02T10:04:00.738+0000] {taskinstance.py:1281} INFO - 
--------------------------------------------------------------------------------
[2023-02-02T10:04:00.830+0000] {taskinstance.py:1300} INFO - Executing <Task(BashOperator): starting> on 2023-02-02 08:45:00+00:00
[2023-02-02T10:04:00.839+0000] {standard_task_runner.py:55} INFO - Started process 1411 to run task
[2023-02-02T10:04:00.859+0000] {standard_task_runner.py:82} INFO - Running: ['***', 'tasks', 'run', 'CSV_DAG', 'starting', 'scheduled__2023-02-02T08:45:00+00:00', '--job-id', '815', '--raw', '--subdir', 'DAGS_FOLDER/csv.py', '--cfg-path', '/tmp/tmp_t2ud2te']
[2023-02-02T10:04:00.861+0000] {standard_task_runner.py:83} INFO - Job 815: Subtask starting
[2023-02-02T10:04:01.029+0000] {task_command.py:388} INFO - Running <TaskInstance: CSV_DAG.starting scheduled__2023-02-02T08:45:00+00:00 [running]> on host 06d8060e8530
[2023-02-02T10:04:01.215+0000] {taskinstance.py:1509} INFO - Exporting the following env vars:
AIRFLOW_CTX_DAG_OWNER=Kevin Chalmers
AIRFLOW_CTX_DAG_ID=CSV_DAG
AIRFLOW_CTX_TASK_ID=starting
AIRFLOW_CTX_EXECUTION_DATE=2023-02-02T08:45:00+00:00
AIRFLOW_CTX_TRY_NUMBER=1
AIRFLOW_CTX_DAG_RUN_ID=scheduled__2023-02-02T08:45:00+00:00
[2023-02-02T10:04:01.222+0000] {subprocess.py:63} INFO - Tmp dir root location: 
 /tmp
[2023-02-02T10:04:01.228+0000] {subprocess.py:75} INFO - Running command: ['/bin/bash', '-c', 'echo "Reading data"']
[2023-02-02T10:04:01.290+0000] {subprocess.py:86} INFO - Output:
[2023-02-02T10:04:01.297+0000] {subprocess.py:93} INFO - Reading data
[2023-02-02T10:04:01.299+0000] {subprocess.py:97} INFO - Command exited with return code 0
[2023-02-02T10:04:01.380+0000] {taskinstance.py:1323} INFO - Marking task as SUCCESS. dag_id=CSV_DAG, task_id=starting, execution_date=20230202T084500, start_date=20230202T100400, end_date=20230202T100401
[2023-02-02T10:04:01.466+0000] {local_task_job.py:208} INFO - Task exited with return code 0
[2023-02-02T10:04:01.518+0000] {taskinstance.py:2578} INFO - 1 downstream tasks scheduled from follow-on schedule check
