[2023-02-02T14:01:42.501+0000] {taskinstance.py:1083} INFO - Dependencies all met for <TaskInstance: CSV_DAG.convertCSVToJson scheduled__2023-02-02T13:55:00+00:00 [queued]>
[2023-02-02T14:01:42.543+0000] {taskinstance.py:1083} INFO - Dependencies all met for <TaskInstance: CSV_DAG.convertCSVToJson scheduled__2023-02-02T13:55:00+00:00 [queued]>
[2023-02-02T14:01:42.547+0000] {taskinstance.py:1279} INFO - 
--------------------------------------------------------------------------------
[2023-02-02T14:01:42.550+0000] {taskinstance.py:1280} INFO - Starting attempt 1 of 2
[2023-02-02T14:01:42.556+0000] {taskinstance.py:1281} INFO - 
--------------------------------------------------------------------------------
[2023-02-02T14:01:42.617+0000] {taskinstance.py:1300} INFO - Executing <Task(PythonOperator): convertCSVToJson> on 2023-02-02 13:55:00+00:00
[2023-02-02T14:01:42.633+0000] {standard_task_runner.py:55} INFO - Started process 11319 to run task
[2023-02-02T14:01:42.645+0000] {standard_task_runner.py:82} INFO - Running: ['***', 'tasks', 'run', 'CSV_DAG', 'convertCSVToJson', 'scheduled__2023-02-02T13:55:00+00:00', '--job-id', '940', '--raw', '--subdir', 'DAGS_FOLDER/csv.py', '--cfg-path', '/tmp/tmp9_qjrgw7']
[2023-02-02T14:01:42.647+0000] {standard_task_runner.py:83} INFO - Job 940: Subtask convertCSVToJson
[2023-02-02T14:01:42.856+0000] {task_command.py:388} INFO - Running <TaskInstance: CSV_DAG.convertCSVToJson scheduled__2023-02-02T13:55:00+00:00 [running]> on host 06d8060e8530
[2023-02-02T14:01:43.048+0000] {taskinstance.py:1509} INFO - Exporting the following env vars:
AIRFLOW_CTX_DAG_OWNER=Kevin Chalmers
AIRFLOW_CTX_DAG_ID=CSV_DAG
AIRFLOW_CTX_TASK_ID=convertCSVToJson
AIRFLOW_CTX_EXECUTION_DATE=2023-02-02T13:55:00+00:00
AIRFLOW_CTX_TRY_NUMBER=1
AIRFLOW_CTX_DAG_RUN_ID=scheduled__2023-02-02T13:55:00+00:00
[2023-02-02T14:01:43.085+0000] {logging_mixin.py:137} INFO - Angelica Lopez
[2023-02-02T14:01:43.088+0000] {logging_mixin.py:137} INFO - Betty Wright
[2023-02-02T14:01:43.090+0000] {logging_mixin.py:137} INFO - Sara Schmidt
[2023-02-02T14:01:43.092+0000] {logging_mixin.py:137} INFO - Dr. Sherry Rodriguez
[2023-02-02T14:01:43.101+0000] {logging_mixin.py:137} INFO - Rebecca Mills
[2023-02-02T14:01:43.104+0000] {logging_mixin.py:137} INFO - Andrew Anderson
[2023-02-02T14:01:43.107+0000] {logging_mixin.py:137} INFO - Martin Everett
[2023-02-02T14:01:43.114+0000] {logging_mixin.py:137} INFO - Felicia Gregory
[2023-02-02T14:01:43.117+0000] {logging_mixin.py:137} INFO - Kara Bowers
[2023-02-02T14:01:43.131+0000] {logging_mixin.py:137} INFO - Vincent Vincent
[2023-02-02T14:01:43.152+0000] {logging_mixin.py:137} INFO - Morgan Butler
[2023-02-02T14:01:43.156+0000] {logging_mixin.py:137} INFO - Stephen Riley
[2023-02-02T14:01:43.158+0000] {logging_mixin.py:137} INFO - Wanda Thomas
[2023-02-02T14:01:43.162+0000] {logging_mixin.py:137} INFO - Michelle Schultz
[2023-02-02T14:01:43.171+0000] {logging_mixin.py:137} INFO - Christopher Rush MD
[2023-02-02T14:01:43.176+0000] {logging_mixin.py:137} INFO - Phyllis Miles
[2023-02-02T14:01:43.178+0000] {logging_mixin.py:137} INFO - Rebecca Price
[2023-02-02T14:01:43.185+0000] {logging_mixin.py:137} INFO - John Morse
[2023-02-02T14:01:43.188+0000] {logging_mixin.py:137} INFO - Nicholas Sanchez
[2023-02-02T14:01:43.195+0000] {logging_mixin.py:137} INFO - Crystal Dean
[2023-02-02T14:01:43.202+0000] {logging_mixin.py:137} INFO - Tyler Diaz
[2023-02-02T14:01:43.205+0000] {logging_mixin.py:137} INFO - Denise Mclean
[2023-02-02T14:01:43.207+0000] {logging_mixin.py:137} INFO - Daniel Grant
[2023-02-02T14:01:43.209+0000] {logging_mixin.py:137} INFO - Sandra Peterson
[2023-02-02T14:01:43.212+0000] {logging_mixin.py:137} INFO - Denise Morse
[2023-02-02T14:01:43.214+0000] {logging_mixin.py:137} INFO - Brianna Smith
[2023-02-02T14:01:43.216+0000] {logging_mixin.py:137} INFO - Tony Miller
[2023-02-02T14:01:43.218+0000] {logging_mixin.py:137} INFO - Jean Booth
[2023-02-02T14:01:43.221+0000] {logging_mixin.py:137} INFO - Penny Salazar
[2023-02-02T14:01:43.223+0000] {logging_mixin.py:137} INFO - Cathy Williams
[2023-02-02T14:01:43.226+0000] {logging_mixin.py:137} INFO - Hannah Collins
[2023-02-02T14:01:43.228+0000] {logging_mixin.py:137} INFO - Maurice Casey
[2023-02-02T14:01:43.230+0000] {logging_mixin.py:137} INFO - Patrick Walker
[2023-02-02T14:01:43.233+0000] {logging_mixin.py:137} INFO - Pamela Barton
[2023-02-02T14:01:43.239+0000] {logging_mixin.py:137} INFO - Anthony Bryant
[2023-02-02T14:01:43.246+0000] {logging_mixin.py:137} INFO - Andrew Harris
[2023-02-02T14:01:43.251+0000] {logging_mixin.py:137} INFO - Aaron Harris
[2023-02-02T14:01:43.253+0000] {logging_mixin.py:137} INFO - Maureen Soto
[2023-02-02T14:01:43.255+0000] {logging_mixin.py:137} INFO - Crystal Mcdaniel
[2023-02-02T14:01:43.258+0000] {logging_mixin.py:137} INFO - Lauren Barrett
[2023-02-02T14:01:43.260+0000] {logging_mixin.py:137} INFO - Brandon Perez
[2023-02-02T14:01:43.262+0000] {logging_mixin.py:137} INFO - Mark Robertson
[2023-02-02T14:01:43.265+0000] {logging_mixin.py:137} INFO - Nicole Gates
[2023-02-02T14:01:43.268+0000] {logging_mixin.py:137} INFO - Bradley Cruz
[2023-02-02T14:01:43.269+0000] {logging_mixin.py:137} INFO - Gina Burns
[2023-02-02T14:01:43.271+0000] {logging_mixin.py:137} INFO - Zachary Martinez
[2023-02-02T14:01:43.274+0000] {logging_mixin.py:137} INFO - Natasha Johnson
[2023-02-02T14:01:43.277+0000] {logging_mixin.py:137} INFO - Patrick Gonzales
[2023-02-02T14:01:43.279+0000] {logging_mixin.py:137} INFO - Terri Wilson
[2023-02-02T14:01:43.280+0000] {logging_mixin.py:137} INFO - Sarah Lopez
[2023-02-02T14:01:43.282+0000] {logging_mixin.py:137} INFO - Dana Turner
[2023-02-02T14:01:43.283+0000] {logging_mixin.py:137} INFO - Cynthia Johnson
[2023-02-02T14:01:43.285+0000] {logging_mixin.py:137} INFO - William Thornton
[2023-02-02T14:01:43.286+0000] {logging_mixin.py:137} INFO - James Lee
[2023-02-02T14:01:43.287+0000] {logging_mixin.py:137} INFO - Stephen Allen
[2023-02-02T14:01:43.289+0000] {logging_mixin.py:137} INFO - William Stark
[2023-02-02T14:01:43.290+0000] {logging_mixin.py:137} INFO - Michael Parker
[2023-02-02T14:01:43.292+0000] {logging_mixin.py:137} INFO - Lisa Stephens
[2023-02-02T14:01:43.293+0000] {logging_mixin.py:137} INFO - Mr. Reginald Wise DDS
[2023-02-02T14:01:43.295+0000] {logging_mixin.py:137} INFO - Alexander James
[2023-02-02T14:01:43.297+0000] {logging_mixin.py:137} INFO - Kristen West
[2023-02-02T14:01:43.299+0000] {logging_mixin.py:137} INFO - Elizabeth Sanchez
[2023-02-02T14:01:43.303+0000] {logging_mixin.py:137} INFO - Jennifer Wilson
[2023-02-02T14:01:43.307+0000] {logging_mixin.py:137} INFO - Catherine Nicholson
[2023-02-02T14:01:43.308+0000] {logging_mixin.py:137} INFO - David Henderson
[2023-02-02T14:01:43.310+0000] {logging_mixin.py:137} INFO - Stephen Davis
[2023-02-02T14:01:43.312+0000] {logging_mixin.py:137} INFO - Paul Skinner
[2023-02-02T14:01:43.314+0000] {logging_mixin.py:137} INFO - Rebecca Wong
[2023-02-02T14:01:43.315+0000] {logging_mixin.py:137} INFO - Tara Benitez
[2023-02-02T14:01:43.318+0000] {logging_mixin.py:137} INFO - Sharon Miller
[2023-02-02T14:01:43.320+0000] {logging_mixin.py:137} INFO - Cynthia Smith
[2023-02-02T14:01:43.322+0000] {logging_mixin.py:137} INFO - Jennifer Werner
[2023-02-02T14:01:43.324+0000] {logging_mixin.py:137} INFO - Rebecca Tucker
[2023-02-02T14:01:43.325+0000] {logging_mixin.py:137} INFO - Ashlee Castillo
[2023-02-02T14:01:43.327+0000] {logging_mixin.py:137} INFO - Christopher Holmes
[2023-02-02T14:01:43.328+0000] {logging_mixin.py:137} INFO - Daniel Velez
[2023-02-02T14:01:43.329+0000] {logging_mixin.py:137} INFO - Amy Serrano
[2023-02-02T14:01:43.331+0000] {logging_mixin.py:137} INFO - Alison Nash
[2023-02-02T14:01:43.332+0000] {logging_mixin.py:137} INFO - Peter Johnson
[2023-02-02T14:01:43.334+0000] {logging_mixin.py:137} INFO - Breanna Harris
[2023-02-02T14:01:43.335+0000] {logging_mixin.py:137} INFO - Eric King
[2023-02-02T14:01:43.337+0000] {logging_mixin.py:137} INFO - Patricia Oliver
[2023-02-02T14:01:43.338+0000] {logging_mixin.py:137} INFO - Denise Grimes
[2023-02-02T14:01:43.339+0000] {logging_mixin.py:137} INFO - Jill Olson
[2023-02-02T14:01:43.341+0000] {logging_mixin.py:137} INFO - Stephanie Hart
[2023-02-02T14:01:43.348+0000] {logging_mixin.py:137} INFO - Ashley Lee
[2023-02-02T14:01:43.351+0000] {logging_mixin.py:137} INFO - Kelly Barnes
[2023-02-02T14:01:43.354+0000] {logging_mixin.py:137} INFO - Christie West
[2023-02-02T14:01:43.356+0000] {logging_mixin.py:137} INFO - Todd Nolan
[2023-02-02T14:01:43.358+0000] {logging_mixin.py:137} INFO - Sarah Reed
[2023-02-02T14:01:43.359+0000] {logging_mixin.py:137} INFO - Jennifer Keith
[2023-02-02T14:01:43.361+0000] {logging_mixin.py:137} INFO - Shawn Alvarez
[2023-02-02T14:01:43.371+0000] {logging_mixin.py:137} INFO - Alexander Wilson
[2023-02-02T14:01:43.374+0000] {logging_mixin.py:137} INFO - Rachel Melendez
[2023-02-02T14:01:43.380+0000] {logging_mixin.py:137} INFO - Morgan Walters
[2023-02-02T14:01:43.383+0000] {logging_mixin.py:137} INFO - Nicole Garcia
[2023-02-02T14:01:43.385+0000] {logging_mixin.py:137} INFO - Jennifer White
[2023-02-02T14:01:43.387+0000] {logging_mixin.py:137} INFO - Leslie Shannon
[2023-02-02T14:01:43.389+0000] {logging_mixin.py:137} INFO - Lisa Clayton
[2023-02-02T14:01:43.391+0000] {logging_mixin.py:137} INFO - Zachary Molina
[2023-02-02T14:01:43.392+0000] {logging_mixin.py:137} INFO - Bruce Butler
[2023-02-02T14:01:43.394+0000] {logging_mixin.py:137} INFO - Dustin Howell
[2023-02-02T14:01:43.396+0000] {logging_mixin.py:137} INFO - Aaron Smith
[2023-02-02T14:01:43.400+0000] {logging_mixin.py:137} INFO - Kyle Green
[2023-02-02T14:01:43.406+0000] {logging_mixin.py:137} INFO - Steven Clark
[2023-02-02T14:01:43.407+0000] {logging_mixin.py:137} INFO - Robert Holden
[2023-02-02T14:01:43.409+0000] {logging_mixin.py:137} INFO - Zachary Harmon
[2023-02-02T14:01:43.413+0000] {logging_mixin.py:137} INFO - Rachel Miller
[2023-02-02T14:01:43.417+0000] {logging_mixin.py:137} INFO - Brandon Parker
[2023-02-02T14:01:43.420+0000] {logging_mixin.py:137} INFO - Walter Martin
[2023-02-02T14:01:43.429+0000] {logging_mixin.py:137} INFO - Jose Young
[2023-02-02T14:01:43.444+0000] {logging_mixin.py:137} INFO - Kelsey Long
[2023-02-02T14:01:43.448+0000] {logging_mixin.py:137} INFO - William Harper
[2023-02-02T14:01:43.452+0000] {logging_mixin.py:137} INFO - Alejandro Lambert
[2023-02-02T14:01:43.455+0000] {logging_mixin.py:137} INFO - Stephanie Carson
[2023-02-02T14:01:43.457+0000] {logging_mixin.py:137} INFO - Diana Ortega MD
[2023-02-02T14:01:43.460+0000] {logging_mixin.py:137} INFO - Janet Morales
[2023-02-02T14:01:43.462+0000] {logging_mixin.py:137} INFO - Eric Fisher
[2023-02-02T14:01:43.467+0000] {logging_mixin.py:137} INFO - Louis Baker
[2023-02-02T14:01:43.473+0000] {logging_mixin.py:137} INFO - Cindy Ward
[2023-02-02T14:01:43.484+0000] {logging_mixin.py:137} INFO - Ana Jenkins
[2023-02-02T14:01:43.491+0000] {logging_mixin.py:137} INFO - Leslie Barton
[2023-02-02T14:01:43.494+0000] {logging_mixin.py:137} INFO - Gregory Price
[2023-02-02T14:01:43.497+0000] {logging_mixin.py:137} INFO - Brandon Moore
[2023-02-02T14:01:43.511+0000] {logging_mixin.py:137} INFO - Heather Garrett
[2023-02-02T14:01:43.514+0000] {logging_mixin.py:137} INFO - Cindy Hawkins
[2023-02-02T14:01:43.516+0000] {logging_mixin.py:137} INFO - Mr. Frank Snyder Jr.
[2023-02-02T14:01:43.519+0000] {logging_mixin.py:137} INFO - Megan Wang
[2023-02-02T14:01:43.540+0000] {logging_mixin.py:137} INFO - Jennifer Fleming
[2023-02-02T14:01:43.552+0000] {logging_mixin.py:137} INFO - Gary Hodge
[2023-02-02T14:01:43.555+0000] {logging_mixin.py:137} INFO - Nichole Miller
[2023-02-02T14:01:43.560+0000] {logging_mixin.py:137} INFO - Mitchell Mendoza
[2023-02-02T14:01:43.562+0000] {logging_mixin.py:137} INFO - Bradley Horton
[2023-02-02T14:01:43.565+0000] {logging_mixin.py:137} INFO - Michelle Hess
[2023-02-02T14:01:43.567+0000] {logging_mixin.py:137} INFO - Ronald Torres
[2023-02-02T14:01:43.570+0000] {logging_mixin.py:137} INFO - Raymond Hudson
[2023-02-02T14:01:43.573+0000] {logging_mixin.py:137} INFO - Vincent Jackson
[2023-02-02T14:01:43.576+0000] {logging_mixin.py:137} INFO - Susan Carey
[2023-02-02T14:01:43.578+0000] {logging_mixin.py:137} INFO - Chase Wilson
[2023-02-02T14:01:43.582+0000] {logging_mixin.py:137} INFO - Tonya Baldwin
[2023-02-02T14:01:43.585+0000] {logging_mixin.py:137} INFO - Mrs. Tina Davis
[2023-02-02T14:01:43.587+0000] {logging_mixin.py:137} INFO - Scott Garrett
[2023-02-02T14:01:43.588+0000] {logging_mixin.py:137} INFO - Michael Wilson
[2023-02-02T14:01:43.591+0000] {logging_mixin.py:137} INFO - Andrew Orozco
[2023-02-02T14:01:43.594+0000] {logging_mixin.py:137} INFO - Troy Carson
[2023-02-02T14:01:43.597+0000] {logging_mixin.py:137} INFO - Alex Winters
[2023-02-02T14:01:43.602+0000] {logging_mixin.py:137} INFO - Toni Frank
[2023-02-02T14:01:43.607+0000] {logging_mixin.py:137} INFO - Kathleen Snyder
[2023-02-02T14:01:43.609+0000] {logging_mixin.py:137} INFO - Anna Lopez
[2023-02-02T14:01:43.612+0000] {logging_mixin.py:137} INFO - Charles Brown
[2023-02-02T14:01:43.614+0000] {logging_mixin.py:137} INFO - Barry Ross
[2023-02-02T14:01:43.621+0000] {logging_mixin.py:137} INFO - Emily Ramirez
[2023-02-02T14:01:43.625+0000] {logging_mixin.py:137} INFO - Anna Williams
[2023-02-02T14:01:43.632+0000] {logging_mixin.py:137} INFO - Kristin Pennington
[2023-02-02T14:01:43.636+0000] {logging_mixin.py:137} INFO - Mary Aguirre
[2023-02-02T14:01:43.639+0000] {logging_mixin.py:137} INFO - Austin Santos
[2023-02-02T14:01:43.641+0000] {logging_mixin.py:137} INFO - David Nelson
[2023-02-02T14:01:43.643+0000] {logging_mixin.py:137} INFO - Alyssa Mcbride
[2023-02-02T14:01:43.645+0000] {logging_mixin.py:137} INFO - Lisa Gibson
[2023-02-02T14:01:43.647+0000] {logging_mixin.py:137} INFO - Alexander Kelly
[2023-02-02T14:01:43.649+0000] {logging_mixin.py:137} INFO - Ronald Thomas
[2023-02-02T14:01:43.651+0000] {logging_mixin.py:137} INFO - Michael Hurst
[2023-02-02T14:01:43.654+0000] {logging_mixin.py:137} INFO - Lauren Ward
[2023-02-02T14:01:43.657+0000] {logging_mixin.py:137} INFO - Christian Terry
[2023-02-02T14:01:43.660+0000] {logging_mixin.py:137} INFO - Jared Black
[2023-02-02T14:01:43.662+0000] {logging_mixin.py:137} INFO - Anthony Brown
[2023-02-02T14:01:43.664+0000] {logging_mixin.py:137} INFO - John Cole
[2023-02-02T14:01:43.667+0000] {logging_mixin.py:137} INFO - David Lee
[2023-02-02T14:01:43.669+0000] {logging_mixin.py:137} INFO - Lori Thomas
[2023-02-02T14:01:43.672+0000] {logging_mixin.py:137} INFO - Daniel Herman
[2023-02-02T14:01:43.674+0000] {logging_mixin.py:137} INFO - Pam Williams
[2023-02-02T14:01:43.677+0000] {logging_mixin.py:137} INFO - Sarah Jenkins
[2023-02-02T14:01:43.679+0000] {logging_mixin.py:137} INFO - Susan Mitchell
[2023-02-02T14:01:43.682+0000] {logging_mixin.py:137} INFO - Jacqueline Green
[2023-02-02T14:01:43.685+0000] {logging_mixin.py:137} INFO - Victoria Garrison
[2023-02-02T14:01:43.687+0000] {logging_mixin.py:137} INFO - Jonathan Daniels
[2023-02-02T14:01:43.691+0000] {logging_mixin.py:137} INFO - Trevor Hansen
[2023-02-02T14:01:43.708+0000] {logging_mixin.py:137} INFO - Laurie Bowen
[2023-02-02T14:01:43.710+0000] {logging_mixin.py:137} INFO - James Cline
[2023-02-02T14:01:43.716+0000] {logging_mixin.py:137} INFO - Michael Rose
[2023-02-02T14:01:43.718+0000] {logging_mixin.py:137} INFO - Lawrence Juarez
[2023-02-02T14:01:43.720+0000] {logging_mixin.py:137} INFO - Lucas Caldwell
[2023-02-02T14:01:43.722+0000] {logging_mixin.py:137} INFO - Laura Jackson
[2023-02-02T14:01:43.724+0000] {logging_mixin.py:137} INFO - Sherri Thornton
[2023-02-02T14:01:43.727+0000] {logging_mixin.py:137} INFO - Alice Wilson
[2023-02-02T14:01:43.731+0000] {logging_mixin.py:137} INFO - Diane Williams
[2023-02-02T14:01:43.734+0000] {logging_mixin.py:137} INFO - Kara Martin
[2023-02-02T14:01:43.737+0000] {logging_mixin.py:137} INFO - Joseph Moore
[2023-02-02T14:01:43.741+0000] {logging_mixin.py:137} INFO - Jesse Moses
[2023-02-02T14:01:43.748+0000] {logging_mixin.py:137} INFO - Lisa Mccall
[2023-02-02T14:01:43.750+0000] {logging_mixin.py:137} INFO - Alexandra Mccoy
[2023-02-02T14:01:43.752+0000] {logging_mixin.py:137} INFO - Daniel Martin
[2023-02-02T14:01:43.754+0000] {logging_mixin.py:137} INFO - Claudia Peck
[2023-02-02T14:01:43.756+0000] {logging_mixin.py:137} INFO - Jessica Mcconnell
[2023-02-02T14:01:43.765+0000] {logging_mixin.py:137} INFO - Kevin Walker
[2023-02-02T14:01:43.767+0000] {logging_mixin.py:137} INFO - Christina Lee
[2023-02-02T14:01:43.771+0000] {logging_mixin.py:137} INFO - Christopher Schroeder
[2023-02-02T14:01:43.774+0000] {logging_mixin.py:137} INFO - Melissa Parker
[2023-02-02T14:01:43.777+0000] {logging_mixin.py:137} INFO - Janet Molina
[2023-02-02T14:01:43.788+0000] {logging_mixin.py:137} INFO - Barbara Harris
[2023-02-02T14:01:43.792+0000] {logging_mixin.py:137} INFO - Joseph Hurley
[2023-02-02T14:01:43.800+0000] {logging_mixin.py:137} INFO - Greg Hayden
[2023-02-02T14:01:43.809+0000] {logging_mixin.py:137} INFO - Edwin Adams
[2023-02-02T14:01:43.811+0000] {logging_mixin.py:137} INFO - Ashley Hunter
[2023-02-02T14:01:43.813+0000] {logging_mixin.py:137} INFO - Jennifer Tucker
[2023-02-02T14:01:43.815+0000] {logging_mixin.py:137} INFO - Eddie Gray
[2023-02-02T14:01:43.817+0000] {logging_mixin.py:137} INFO - Jennifer Evans
[2023-02-02T14:01:43.820+0000] {logging_mixin.py:137} INFO - Stephen Carey
[2023-02-02T14:01:43.822+0000] {logging_mixin.py:137} INFO - Samantha Campos
[2023-02-02T14:01:43.824+0000] {logging_mixin.py:137} INFO - Meagan Brown
[2023-02-02T14:01:43.826+0000] {logging_mixin.py:137} INFO - Miss Marisa Barber
[2023-02-02T14:01:43.828+0000] {logging_mixin.py:137} INFO - Jay Mann
[2023-02-02T14:01:43.831+0000] {logging_mixin.py:137} INFO - Matthew Campbell
[2023-02-02T14:01:43.833+0000] {logging_mixin.py:137} INFO - Brent Rodriguez
[2023-02-02T14:01:43.836+0000] {logging_mixin.py:137} INFO - Teresa Ross
[2023-02-02T14:01:43.840+0000] {logging_mixin.py:137} INFO - Mary Martinez
[2023-02-02T14:01:43.842+0000] {logging_mixin.py:137} INFO - Joseph Lewis
[2023-02-02T14:01:43.846+0000] {logging_mixin.py:137} INFO - Dale Davis
[2023-02-02T14:01:43.848+0000] {logging_mixin.py:137} INFO - Elizabeth Evans
[2023-02-02T14:01:43.851+0000] {logging_mixin.py:137} INFO - Shannon Wang
[2023-02-02T14:01:43.856+0000] {logging_mixin.py:137} INFO - Brandon Campbell
[2023-02-02T14:01:43.862+0000] {logging_mixin.py:137} INFO - Rhonda Pace
[2023-02-02T14:01:43.865+0000] {logging_mixin.py:137} INFO - Sarah Santos
[2023-02-02T14:01:43.870+0000] {logging_mixin.py:137} INFO - Jacob Ford
[2023-02-02T14:01:43.874+0000] {logging_mixin.py:137} INFO - Matthew Hansen
[2023-02-02T14:01:43.877+0000] {logging_mixin.py:137} INFO - Amy Ray
[2023-02-02T14:01:43.881+0000] {logging_mixin.py:137} INFO - Aaron Fields
[2023-02-02T14:01:43.884+0000] {logging_mixin.py:137} INFO - Mary Taylor
[2023-02-02T14:01:43.886+0000] {logging_mixin.py:137} INFO - James Morris
[2023-02-02T14:01:43.888+0000] {logging_mixin.py:137} INFO - Darrell Cain
[2023-02-02T14:01:43.890+0000] {logging_mixin.py:137} INFO - Michael Smith
[2023-02-02T14:01:43.892+0000] {logging_mixin.py:137} INFO - Scott Coleman
[2023-02-02T14:01:43.894+0000] {logging_mixin.py:137} INFO - David Fitzpatrick
[2023-02-02T14:01:43.896+0000] {logging_mixin.py:137} INFO - Debra Shepherd
[2023-02-02T14:01:43.898+0000] {logging_mixin.py:137} INFO - Paul Rush
[2023-02-02T14:01:43.909+0000] {logging_mixin.py:137} INFO - Brett Hernandez
[2023-02-02T14:01:43.911+0000] {logging_mixin.py:137} INFO - Sheila Riddle
[2023-02-02T14:01:43.915+0000] {logging_mixin.py:137} INFO - Joan Austin
[2023-02-02T14:01:43.917+0000] {logging_mixin.py:137} INFO - Michael Garcia
[2023-02-02T14:01:43.922+0000] {logging_mixin.py:137} INFO - Natalie Harris
[2023-02-02T14:01:43.925+0000] {logging_mixin.py:137} INFO - Steven Dean
[2023-02-02T14:01:43.927+0000] {logging_mixin.py:137} INFO - John Brown
[2023-02-02T14:01:43.929+0000] {logging_mixin.py:137} INFO - Keith Zimmerman
[2023-02-02T14:01:43.931+0000] {logging_mixin.py:137} INFO - Curtis Byrd
[2023-02-02T14:01:43.940+0000] {logging_mixin.py:137} INFO - Mariah Green
[2023-02-02T14:01:43.945+0000] {logging_mixin.py:137} INFO - Roger Huynh
[2023-02-02T14:01:43.948+0000] {logging_mixin.py:137} INFO - Christopher Zamora
[2023-02-02T14:01:43.952+0000] {logging_mixin.py:137} INFO - Joyce Crawford
[2023-02-02T14:01:43.955+0000] {logging_mixin.py:137} INFO - Angela Smith
[2023-02-02T14:01:43.961+0000] {logging_mixin.py:137} INFO - Veronica Robinson
[2023-02-02T14:01:43.964+0000] {logging_mixin.py:137} INFO - Christopher Bates
[2023-02-02T14:01:43.967+0000] {logging_mixin.py:137} INFO - Steve Stone
[2023-02-02T14:01:43.969+0000] {logging_mixin.py:137} INFO - William Cook
[2023-02-02T14:01:43.974+0000] {logging_mixin.py:137} INFO - Lori Wood
[2023-02-02T14:01:43.977+0000] {logging_mixin.py:137} INFO - Jillian Reynolds
[2023-02-02T14:01:43.983+0000] {logging_mixin.py:137} INFO - Angela Caldwell
[2023-02-02T14:01:43.989+0000] {logging_mixin.py:137} INFO - Shane Campbell
[2023-02-02T14:01:43.991+0000] {logging_mixin.py:137} INFO - Karen Lawrence
[2023-02-02T14:01:43.993+0000] {logging_mixin.py:137} INFO - Kimberly Wood
[2023-02-02T14:01:43.997+0000] {logging_mixin.py:137} INFO - Samantha Lopez
[2023-02-02T14:01:44.000+0000] {logging_mixin.py:137} INFO - Harold Miller
[2023-02-02T14:01:44.002+0000] {logging_mixin.py:137} INFO - Raymond Cooper DVM
[2023-02-02T14:01:44.007+0000] {logging_mixin.py:137} INFO - Kristen Patel
[2023-02-02T14:01:44.011+0000] {logging_mixin.py:137} INFO - Anthony Mejia
[2023-02-02T14:01:44.013+0000] {logging_mixin.py:137} INFO - Raymond Thomas
[2023-02-02T14:01:44.016+0000] {logging_mixin.py:137} INFO - Scott Young
[2023-02-02T14:01:44.018+0000] {logging_mixin.py:137} INFO - David Larson
[2023-02-02T14:01:44.026+0000] {logging_mixin.py:137} INFO - Jon Murray
[2023-02-02T14:01:44.029+0000] {logging_mixin.py:137} INFO - Stephen Taylor
[2023-02-02T14:01:44.031+0000] {logging_mixin.py:137} INFO - Jennifer Hernandez
[2023-02-02T14:01:44.033+0000] {logging_mixin.py:137} INFO - Stacy Smith
[2023-02-02T14:01:44.035+0000] {logging_mixin.py:137} INFO - Juan Owens
[2023-02-02T14:01:44.037+0000] {logging_mixin.py:137} INFO - Brian Adkins
[2023-02-02T14:01:44.039+0000] {logging_mixin.py:137} INFO - Jesse Wells
[2023-02-02T14:01:44.041+0000] {logging_mixin.py:137} INFO - Kyle Matthews
[2023-02-02T14:01:44.043+0000] {logging_mixin.py:137} INFO - Dustin Russell
[2023-02-02T14:01:44.045+0000] {logging_mixin.py:137} INFO - Richard White
[2023-02-02T14:01:44.047+0000] {logging_mixin.py:137} INFO - Brittany Nichols
[2023-02-02T14:01:44.050+0000] {logging_mixin.py:137} INFO - Colton Kelly
[2023-02-02T14:01:44.052+0000] {logging_mixin.py:137} INFO - William Perry
[2023-02-02T14:01:44.055+0000] {logging_mixin.py:137} INFO - Thomas Cummings
[2023-02-02T14:01:44.058+0000] {logging_mixin.py:137} INFO - Timothy Ballard
[2023-02-02T14:01:44.060+0000] {logging_mixin.py:137} INFO - Richard Washington
[2023-02-02T14:01:44.062+0000] {logging_mixin.py:137} INFO - Joshua Lam
[2023-02-02T14:01:44.064+0000] {logging_mixin.py:137} INFO - Grant Jackson
[2023-02-02T14:01:44.066+0000] {logging_mixin.py:137} INFO - Erin Baker
[2023-02-02T14:01:44.068+0000] {logging_mixin.py:137} INFO - Scott Flowers
[2023-02-02T14:01:44.070+0000] {logging_mixin.py:137} INFO - James Adams
[2023-02-02T14:01:44.072+0000] {logging_mixin.py:137} INFO - Heather Alvarado
[2023-02-02T14:01:44.075+0000] {logging_mixin.py:137} INFO - Jennifer Snow
[2023-02-02T14:01:44.077+0000] {logging_mixin.py:137} INFO - Mario Jackson
[2023-02-02T14:01:44.079+0000] {logging_mixin.py:137} INFO - Kevin Collins
[2023-02-02T14:01:44.082+0000] {logging_mixin.py:137} INFO - Danielle Garcia
[2023-02-02T14:01:44.084+0000] {logging_mixin.py:137} INFO - Brenda Jackson
[2023-02-02T14:01:44.087+0000] {logging_mixin.py:137} INFO - Ashley Parker
[2023-02-02T14:01:44.089+0000] {logging_mixin.py:137} INFO - Angela Hickman
[2023-02-02T14:01:44.091+0000] {logging_mixin.py:137} INFO - Carol Rodriguez
[2023-02-02T14:01:44.094+0000] {logging_mixin.py:137} INFO - Vernon Anderson
[2023-02-02T14:01:44.097+0000] {logging_mixin.py:137} INFO - Jesus Church
[2023-02-02T14:01:44.099+0000] {logging_mixin.py:137} INFO - Michelle Medina
[2023-02-02T14:01:44.101+0000] {logging_mixin.py:137} INFO - Nancy Bryant
[2023-02-02T14:01:44.102+0000] {logging_mixin.py:137} INFO - Jennifer Martinez
[2023-02-02T14:01:44.104+0000] {logging_mixin.py:137} INFO - Amy Dougherty
[2023-02-02T14:01:44.112+0000] {logging_mixin.py:137} INFO - Alexis Sanders
[2023-02-02T14:01:44.115+0000] {logging_mixin.py:137} INFO - Austin Salazar
[2023-02-02T14:01:44.118+0000] {logging_mixin.py:137} INFO - Amy Williams
[2023-02-02T14:01:44.121+0000] {logging_mixin.py:137} INFO - Richard Haynes
[2023-02-02T14:01:44.123+0000] {logging_mixin.py:137} INFO - Christine Stark
[2023-02-02T14:01:44.126+0000] {logging_mixin.py:137} INFO - Anita Medina
[2023-02-02T14:01:44.128+0000] {logging_mixin.py:137} INFO - Mr. Thomas Duran
[2023-02-02T14:01:44.129+0000] {logging_mixin.py:137} INFO - Mr. Russell Peterson
[2023-02-02T14:01:44.131+0000] {logging_mixin.py:137} INFO - Jack Richard
[2023-02-02T14:01:44.133+0000] {logging_mixin.py:137} INFO - Michelle Erickson
[2023-02-02T14:01:44.135+0000] {logging_mixin.py:137} INFO - Mitchell Williams
[2023-02-02T14:01:44.137+0000] {logging_mixin.py:137} INFO - Adrian Herrera
[2023-02-02T14:01:44.140+0000] {logging_mixin.py:137} INFO - Michael Brady
[2023-02-02T14:01:44.141+0000] {logging_mixin.py:137} INFO - Jamie Zhang
[2023-02-02T14:01:44.143+0000] {logging_mixin.py:137} INFO - Helen Brennan
[2023-02-02T14:01:44.145+0000] {logging_mixin.py:137} INFO - John Myers
[2023-02-02T14:01:44.146+0000] {logging_mixin.py:137} INFO - Patricia Nash
[2023-02-02T14:01:44.148+0000] {logging_mixin.py:137} INFO - Michael Johnson
[2023-02-02T14:01:44.150+0000] {logging_mixin.py:137} INFO - Anita Berger
[2023-02-02T14:01:44.152+0000] {logging_mixin.py:137} INFO - Jason Guerrero DVM
[2023-02-02T14:01:44.153+0000] {logging_mixin.py:137} INFO - Kimberly Davis
[2023-02-02T14:01:44.155+0000] {logging_mixin.py:137} INFO - Bryan Hansen
[2023-02-02T14:01:44.156+0000] {logging_mixin.py:137} INFO - Rebecca Obrien
[2023-02-02T14:01:44.158+0000] {logging_mixin.py:137} INFO - Sarah Santiago
[2023-02-02T14:01:44.160+0000] {logging_mixin.py:137} INFO - Christine Lane
[2023-02-02T14:01:44.162+0000] {logging_mixin.py:137} INFO - Jerry Lewis
[2023-02-02T14:01:44.163+0000] {logging_mixin.py:137} INFO - Stephanie Miller
[2023-02-02T14:01:44.165+0000] {logging_mixin.py:137} INFO - Kristi Bradley
[2023-02-02T14:01:44.166+0000] {logging_mixin.py:137} INFO - Darren Moore
[2023-02-02T14:01:44.168+0000] {logging_mixin.py:137} INFO - Kristina Cunningham
[2023-02-02T14:01:44.170+0000] {logging_mixin.py:137} INFO - Laurie Moore
[2023-02-02T14:01:44.172+0000] {logging_mixin.py:137} INFO - Aaron Lewis
[2023-02-02T14:01:44.174+0000] {logging_mixin.py:137} INFO - Theresa Vang
[2023-02-02T14:01:44.175+0000] {logging_mixin.py:137} INFO - Chase Reese
[2023-02-02T14:01:44.177+0000] {logging_mixin.py:137} INFO - Matthew Ferguson
[2023-02-02T14:01:44.178+0000] {logging_mixin.py:137} INFO - Victoria Lewis
[2023-02-02T14:01:44.180+0000] {logging_mixin.py:137} INFO - Jon Scott
[2023-02-02T14:01:44.182+0000] {logging_mixin.py:137} INFO - Lisa Campbell
[2023-02-02T14:01:44.184+0000] {logging_mixin.py:137} INFO - David Ramirez
[2023-02-02T14:01:44.185+0000] {logging_mixin.py:137} INFO - Gabriel Rosario
[2023-02-02T14:01:44.188+0000] {logging_mixin.py:137} INFO - Kristi Johnson
[2023-02-02T14:01:44.189+0000] {logging_mixin.py:137} INFO - Jennifer Schwartz
[2023-02-02T14:01:44.191+0000] {logging_mixin.py:137} INFO - Daniel Norton
[2023-02-02T14:01:44.193+0000] {logging_mixin.py:137} INFO - Richard Montoya
[2023-02-02T14:01:44.195+0000] {logging_mixin.py:137} INFO - Daniel Norris
[2023-02-02T14:01:44.196+0000] {logging_mixin.py:137} INFO - Chad Taylor
[2023-02-02T14:01:44.198+0000] {logging_mixin.py:137} INFO - Angie Allen
[2023-02-02T14:01:44.200+0000] {logging_mixin.py:137} INFO - Michael Brooks
[2023-02-02T14:01:44.201+0000] {logging_mixin.py:137} INFO - Hannah Poole
[2023-02-02T14:01:44.204+0000] {logging_mixin.py:137} INFO - Caitlin Ray
[2023-02-02T14:01:44.206+0000] {logging_mixin.py:137} INFO - Mr. Steven Gardner
[2023-02-02T14:01:44.207+0000] {logging_mixin.py:137} INFO - Jennifer Macdonald
[2023-02-02T14:01:44.209+0000] {logging_mixin.py:137} INFO - Vanessa Small
[2023-02-02T14:01:44.210+0000] {logging_mixin.py:137} INFO - Dennis Gray
[2023-02-02T14:01:44.213+0000] {logging_mixin.py:137} INFO - Sandra Kirk
[2023-02-02T14:01:44.216+0000] {logging_mixin.py:137} INFO - Jason Wagner
[2023-02-02T14:01:44.221+0000] {logging_mixin.py:137} INFO - David Owen
[2023-02-02T14:01:44.222+0000] {logging_mixin.py:137} INFO - Rose Terrell
[2023-02-02T14:01:44.224+0000] {logging_mixin.py:137} INFO - James Green MD
[2023-02-02T14:01:44.226+0000] {logging_mixin.py:137} INFO - Tammy Patel
[2023-02-02T14:01:44.228+0000] {logging_mixin.py:137} INFO - Joseph Lucero
[2023-02-02T14:01:44.230+0000] {logging_mixin.py:137} INFO - Stephanie Rojas
[2023-02-02T14:01:44.232+0000] {logging_mixin.py:137} INFO - Brittany Johnson
[2023-02-02T14:01:44.233+0000] {logging_mixin.py:137} INFO - Christina Cummings
[2023-02-02T14:01:44.235+0000] {logging_mixin.py:137} INFO - Eric Downs
[2023-02-02T14:01:44.237+0000] {logging_mixin.py:137} INFO - Paul Finley
[2023-02-02T14:01:44.240+0000] {logging_mixin.py:137} INFO - Danielle Jackson
[2023-02-02T14:01:44.242+0000] {logging_mixin.py:137} INFO - Anna Johnston
[2023-02-02T14:01:44.244+0000] {logging_mixin.py:137} INFO - Ashlee Hodges
[2023-02-02T14:01:44.248+0000] {logging_mixin.py:137} INFO - Thomas Francis
[2023-02-02T14:01:44.250+0000] {logging_mixin.py:137} INFO - Cody Baird
[2023-02-02T14:01:44.252+0000] {logging_mixin.py:137} INFO - Jeffrey Walter
[2023-02-02T14:01:44.253+0000] {logging_mixin.py:137} INFO - Hannah West
[2023-02-02T14:01:44.255+0000] {logging_mixin.py:137} INFO - Anthony Byrd
[2023-02-02T14:01:44.257+0000] {logging_mixin.py:137} INFO - Julie Ramirez
[2023-02-02T14:01:44.259+0000] {logging_mixin.py:137} INFO - Seth Peters
[2023-02-02T14:01:44.261+0000] {logging_mixin.py:137} INFO - Keith Salas
[2023-02-02T14:01:44.263+0000] {logging_mixin.py:137} INFO - Kathryn Evans
[2023-02-02T14:01:44.264+0000] {logging_mixin.py:137} INFO - Dr. Maria Scott
[2023-02-02T14:01:44.266+0000] {logging_mixin.py:137} INFO - Brenda Thomas
[2023-02-02T14:01:44.269+0000] {logging_mixin.py:137} INFO - Travis Douglas
[2023-02-02T14:01:44.271+0000] {logging_mixin.py:137} INFO - Kurt Santos
[2023-02-02T14:01:44.274+0000] {logging_mixin.py:137} INFO - Sean Parrish
[2023-02-02T14:01:44.276+0000] {logging_mixin.py:137} INFO - Brittany Walls
[2023-02-02T14:01:44.278+0000] {logging_mixin.py:137} INFO - Gail Brooks
[2023-02-02T14:01:44.280+0000] {logging_mixin.py:137} INFO - Valerie Johnson
[2023-02-02T14:01:44.282+0000] {logging_mixin.py:137} INFO - Jessica Dunn
[2023-02-02T14:01:44.284+0000] {logging_mixin.py:137} INFO - Chad Robinson
[2023-02-02T14:01:44.287+0000] {logging_mixin.py:137} INFO - Catherine Combs
[2023-02-02T14:01:44.290+0000] {logging_mixin.py:137} INFO - Joshua Boyd
[2023-02-02T14:01:44.292+0000] {logging_mixin.py:137} INFO - Alicia Barnett DVM
[2023-02-02T14:01:44.294+0000] {logging_mixin.py:137} INFO - Kevin Cervantes
[2023-02-02T14:01:44.296+0000] {logging_mixin.py:137} INFO - Larry Lester
[2023-02-02T14:01:44.298+0000] {logging_mixin.py:137} INFO - Deanna Espinoza
[2023-02-02T14:01:44.300+0000] {logging_mixin.py:137} INFO - Marilyn Davis
[2023-02-02T14:01:44.302+0000] {logging_mixin.py:137} INFO - Michael Weeks
[2023-02-02T14:01:44.304+0000] {logging_mixin.py:137} INFO - Brandon Stanton
[2023-02-02T14:01:44.307+0000] {logging_mixin.py:137} INFO - Ryan Boyer Jr.
[2023-02-02T14:01:44.309+0000] {logging_mixin.py:137} INFO - Amanda Elliott
[2023-02-02T14:01:44.311+0000] {logging_mixin.py:137} INFO - David Moore
[2023-02-02T14:01:44.313+0000] {logging_mixin.py:137} INFO - Andre Williams
[2023-02-02T14:01:44.317+0000] {logging_mixin.py:137} INFO - Jennifer Garcia
[2023-02-02T14:01:44.320+0000] {logging_mixin.py:137} INFO - Tracey Cook
[2023-02-02T14:01:44.323+0000] {logging_mixin.py:137} INFO - Michael Turner
[2023-02-02T14:01:44.325+0000] {logging_mixin.py:137} INFO - Diana Long
[2023-02-02T14:01:44.327+0000] {logging_mixin.py:137} INFO - John Bradley
[2023-02-02T14:01:44.329+0000] {logging_mixin.py:137} INFO - Ann Benjamin
[2023-02-02T14:01:44.330+0000] {logging_mixin.py:137} INFO - Shane House
[2023-02-02T14:01:44.332+0000] {logging_mixin.py:137} INFO - Erin Lee
[2023-02-02T14:01:44.334+0000] {logging_mixin.py:137} INFO - Joseph Gray
[2023-02-02T14:01:44.336+0000] {logging_mixin.py:137} INFO - Betty Gibson
[2023-02-02T14:01:44.338+0000] {logging_mixin.py:137} INFO - Kristen Graham
[2023-02-02T14:01:44.339+0000] {logging_mixin.py:137} INFO - Daniel Meza
[2023-02-02T14:01:44.341+0000] {logging_mixin.py:137} INFO - Sherri Carpenter
[2023-02-02T14:01:44.344+0000] {logging_mixin.py:137} INFO - Andrea Sanchez
[2023-02-02T14:01:44.346+0000] {logging_mixin.py:137} INFO - Jordan Rios
[2023-02-02T14:01:44.349+0000] {logging_mixin.py:137} INFO - Elizabeth Jackson
[2023-02-02T14:01:44.350+0000] {logging_mixin.py:137} INFO - Elizabeth Myers
[2023-02-02T14:01:44.351+0000] {logging_mixin.py:137} INFO - Juan Barnes
[2023-02-02T14:01:44.353+0000] {logging_mixin.py:137} INFO - Christopher Lozano
[2023-02-02T14:01:44.355+0000] {logging_mixin.py:137} INFO - Jacqueline Griffin
[2023-02-02T14:01:44.358+0000] {logging_mixin.py:137} INFO - Ryan Mason
[2023-02-02T14:01:44.360+0000] {logging_mixin.py:137} INFO - Jonathan Moore
[2023-02-02T14:01:44.364+0000] {logging_mixin.py:137} INFO - Abigail Landry
[2023-02-02T14:01:44.366+0000] {logging_mixin.py:137} INFO - Brenda Hernandez
[2023-02-02T14:01:44.368+0000] {logging_mixin.py:137} INFO - Zachary Pitts
[2023-02-02T14:01:44.371+0000] {logging_mixin.py:137} INFO - Amanda Rogers
[2023-02-02T14:01:44.373+0000] {logging_mixin.py:137} INFO - Cynthia Gray
[2023-02-02T14:01:44.375+0000] {logging_mixin.py:137} INFO - Tyler Barajas
[2023-02-02T14:01:44.376+0000] {logging_mixin.py:137} INFO - Michelle Leon
[2023-02-02T14:01:44.378+0000] {logging_mixin.py:137} INFO - Kathy Lang
[2023-02-02T14:01:44.380+0000] {logging_mixin.py:137} INFO - Scott Townsend MD
[2023-02-02T14:01:44.383+0000] {logging_mixin.py:137} INFO - Theresa Acosta
[2023-02-02T14:01:44.384+0000] {logging_mixin.py:137} INFO - David Jones
[2023-02-02T14:01:44.386+0000] {logging_mixin.py:137} INFO - Jeremy Robinson
[2023-02-02T14:01:44.388+0000] {logging_mixin.py:137} INFO - James Newton
[2023-02-02T14:01:44.390+0000] {logging_mixin.py:137} INFO - Tracey Wells
[2023-02-02T14:01:44.392+0000] {logging_mixin.py:137} INFO - Maria Nelson
[2023-02-02T14:01:44.394+0000] {logging_mixin.py:137} INFO - Christopher Griffith
[2023-02-02T14:01:44.395+0000] {logging_mixin.py:137} INFO - Zachary Griffin
[2023-02-02T14:01:44.397+0000] {logging_mixin.py:137} INFO - Amy Nguyen
[2023-02-02T14:01:44.399+0000] {logging_mixin.py:137} INFO - April Williams
[2023-02-02T14:01:44.400+0000] {logging_mixin.py:137} INFO - Marissa Kelly
[2023-02-02T14:01:44.402+0000] {logging_mixin.py:137} INFO - Brian Lopez PhD
[2023-02-02T14:01:44.404+0000] {logging_mixin.py:137} INFO - William Williams
[2023-02-02T14:01:44.406+0000] {logging_mixin.py:137} INFO - Norman Brown
[2023-02-02T14:01:44.408+0000] {logging_mixin.py:137} INFO - Charles Fuentes
[2023-02-02T14:01:44.410+0000] {logging_mixin.py:137} INFO - Anthony Chang
[2023-02-02T14:01:44.412+0000] {logging_mixin.py:137} INFO - Mary Bell
[2023-02-02T14:01:44.414+0000] {logging_mixin.py:137} INFO - Elizabeth Stuart
[2023-02-02T14:01:44.417+0000] {logging_mixin.py:137} INFO - Mary Mcdonald
[2023-02-02T14:01:44.421+0000] {logging_mixin.py:137} INFO - Martin Harrison
[2023-02-02T14:01:44.423+0000] {logging_mixin.py:137} INFO - Stephanie Fernandez
[2023-02-02T14:01:44.425+0000] {logging_mixin.py:137} INFO - Christopher Brown
[2023-02-02T14:01:44.426+0000] {logging_mixin.py:137} INFO - Alexander Stephenson
[2023-02-02T14:01:44.428+0000] {logging_mixin.py:137} INFO - Grace Diaz
[2023-02-02T14:01:44.430+0000] {logging_mixin.py:137} INFO - Frank Bartlett
[2023-02-02T14:01:44.431+0000] {logging_mixin.py:137} INFO - Audrey Andersen
[2023-02-02T14:01:44.433+0000] {logging_mixin.py:137} INFO - David Green
[2023-02-02T14:01:44.435+0000] {logging_mixin.py:137} INFO - Joshua Diaz Jr.
[2023-02-02T14:01:44.436+0000] {logging_mixin.py:137} INFO - Emily Garcia
[2023-02-02T14:01:44.438+0000] {logging_mixin.py:137} INFO - Devin Hall
[2023-02-02T14:01:44.440+0000] {logging_mixin.py:137} INFO - Phillip Garner
[2023-02-02T14:01:44.443+0000] {logging_mixin.py:137} INFO - Katherine Estrada
[2023-02-02T14:01:44.444+0000] {logging_mixin.py:137} INFO - Corey Saunders
[2023-02-02T14:01:44.445+0000] {logging_mixin.py:137} INFO - Kimberly Collins
[2023-02-02T14:01:44.447+0000] {logging_mixin.py:137} INFO - Amy Elliott
[2023-02-02T14:01:44.449+0000] {logging_mixin.py:137} INFO - Tanya Jones
[2023-02-02T14:01:44.450+0000] {logging_mixin.py:137} INFO - Patricia Gonzalez
[2023-02-02T14:01:44.452+0000] {logging_mixin.py:137} INFO - Jennifer Hill
[2023-02-02T14:01:44.453+0000] {logging_mixin.py:137} INFO - John Haynes
[2023-02-02T14:01:44.455+0000] {logging_mixin.py:137} INFO - Jacob Henry
[2023-02-02T14:01:44.456+0000] {logging_mixin.py:137} INFO - Daniel Clark
[2023-02-02T14:01:44.458+0000] {logging_mixin.py:137} INFO - Jonathon Taylor
[2023-02-02T14:01:44.459+0000] {logging_mixin.py:137} INFO - Jesse Evans
[2023-02-02T14:01:44.460+0000] {logging_mixin.py:137} INFO - James Martinez
[2023-02-02T14:01:44.461+0000] {logging_mixin.py:137} INFO - Kyle Reyes
[2023-02-02T14:01:44.463+0000] {logging_mixin.py:137} INFO - Terrence Barker
[2023-02-02T14:01:44.465+0000] {logging_mixin.py:137} INFO - Anthony Washington
[2023-02-02T14:01:44.466+0000] {logging_mixin.py:137} INFO - Dustin Le
[2023-02-02T14:01:44.468+0000] {logging_mixin.py:137} INFO - Bruce Clark
[2023-02-02T14:01:44.469+0000] {logging_mixin.py:137} INFO - Keith Anthony
[2023-02-02T14:01:44.471+0000] {logging_mixin.py:137} INFO - Jeremiah Stone
[2023-02-02T14:01:44.473+0000] {logging_mixin.py:137} INFO - Michael Haley
[2023-02-02T14:01:44.474+0000] {logging_mixin.py:137} INFO - Regina Carrillo
[2023-02-02T14:01:44.475+0000] {logging_mixin.py:137} INFO - Jacob Lee
[2023-02-02T14:01:44.477+0000] {logging_mixin.py:137} INFO - Thomas Gonzalez
[2023-02-02T14:01:44.478+0000] {logging_mixin.py:137} INFO - Mark Lawrence
[2023-02-02T14:01:44.480+0000] {logging_mixin.py:137} INFO - Matthew Anderson
[2023-02-02T14:01:44.482+0000] {logging_mixin.py:137} INFO - Nicholas Young
[2023-02-02T14:01:44.484+0000] {logging_mixin.py:137} INFO - Melvin Martinez
[2023-02-02T14:01:44.485+0000] {logging_mixin.py:137} INFO - Scott Green
[2023-02-02T14:01:44.490+0000] {logging_mixin.py:137} INFO - Dana Richards
[2023-02-02T14:01:44.492+0000] {logging_mixin.py:137} INFO - Lauren Moore
[2023-02-02T14:01:44.494+0000] {logging_mixin.py:137} INFO - Terry Campbell
[2023-02-02T14:01:44.496+0000] {logging_mixin.py:137} INFO - Ralph Jordan
[2023-02-02T14:01:44.498+0000] {logging_mixin.py:137} INFO - Noah Reyes
[2023-02-02T14:01:44.499+0000] {logging_mixin.py:137} INFO - Mr. Gregory Mills MD
[2023-02-02T14:01:44.501+0000] {logging_mixin.py:137} INFO - Michelle Yates
[2023-02-02T14:01:44.503+0000] {logging_mixin.py:137} INFO - Robin Reyes
[2023-02-02T14:01:44.504+0000] {logging_mixin.py:137} INFO - Rebecca Smith
[2023-02-02T14:01:44.505+0000] {logging_mixin.py:137} INFO - Nicole Torres
[2023-02-02T14:01:44.507+0000] {logging_mixin.py:137} INFO - Ronald Jones
[2023-02-02T14:01:44.508+0000] {logging_mixin.py:137} INFO - Michael Castaneda
[2023-02-02T14:01:44.509+0000] {logging_mixin.py:137} INFO - Christopher Krueger
[2023-02-02T14:01:44.510+0000] {logging_mixin.py:137} INFO - Jennifer Werner
[2023-02-02T14:01:44.511+0000] {logging_mixin.py:137} INFO - Ashley Smith
[2023-02-02T14:01:44.513+0000] {logging_mixin.py:137} INFO - Alyssa Fields
[2023-02-02T14:01:44.515+0000] {logging_mixin.py:137} INFO - John Scott
[2023-02-02T14:01:44.516+0000] {logging_mixin.py:137} INFO - Debra Delacruz
[2023-02-02T14:01:44.518+0000] {logging_mixin.py:137} INFO - James Madden
[2023-02-02T14:01:44.520+0000] {logging_mixin.py:137} INFO - Joseph Gentry
[2023-02-02T14:01:44.521+0000] {logging_mixin.py:137} INFO - Ashley Cabrera
[2023-02-02T14:01:44.523+0000] {logging_mixin.py:137} INFO - Jennifer Fernandez
[2023-02-02T14:01:44.525+0000] {logging_mixin.py:137} INFO - James Harris
[2023-02-02T14:01:44.528+0000] {logging_mixin.py:137} INFO - Candice Young
[2023-02-02T14:01:44.530+0000] {logging_mixin.py:137} INFO - Lisa Baker
[2023-02-02T14:01:44.533+0000] {logging_mixin.py:137} INFO - Brian Mills DDS
[2023-02-02T14:01:44.535+0000] {logging_mixin.py:137} INFO - Kristin Smith
[2023-02-02T14:01:44.537+0000] {logging_mixin.py:137} INFO - Jacob Collins
[2023-02-02T14:01:44.540+0000] {logging_mixin.py:137} INFO - Kimberly Harris
[2023-02-02T14:01:44.542+0000] {logging_mixin.py:137} INFO - Michael Hull
[2023-02-02T14:01:44.543+0000] {logging_mixin.py:137} INFO - Caitlin Todd
[2023-02-02T14:01:44.544+0000] {logging_mixin.py:137} INFO - Lisa Harris
[2023-02-02T14:01:44.546+0000] {logging_mixin.py:137} INFO - Mrs. Ann Stone
[2023-02-02T14:01:44.547+0000] {logging_mixin.py:137} INFO - Michelle Case
[2023-02-02T14:01:44.549+0000] {logging_mixin.py:137} INFO - Joe Lowe
[2023-02-02T14:01:44.550+0000] {logging_mixin.py:137} INFO - Randall Dunn
[2023-02-02T14:01:44.552+0000] {logging_mixin.py:137} INFO - Paula Vargas
[2023-02-02T14:01:44.553+0000] {logging_mixin.py:137} INFO - Daniel Walker
[2023-02-02T14:01:44.556+0000] {logging_mixin.py:137} INFO - James Jackson
[2023-02-02T14:01:44.558+0000] {logging_mixin.py:137} INFO - Shirley Woodard
[2023-02-02T14:01:44.561+0000] {logging_mixin.py:137} INFO - James Hayes
[2023-02-02T14:01:44.562+0000] {logging_mixin.py:137} INFO - Megan Austin
[2023-02-02T14:01:44.564+0000] {logging_mixin.py:137} INFO - Erin Robertson
[2023-02-02T14:01:44.565+0000] {logging_mixin.py:137} INFO - Robert Phillips
[2023-02-02T14:01:44.567+0000] {logging_mixin.py:137} INFO - Amy Torres
[2023-02-02T14:01:44.568+0000] {logging_mixin.py:137} INFO - Joshua Cox
[2023-02-02T14:01:44.569+0000] {logging_mixin.py:137} INFO - Duane Grimes
[2023-02-02T14:01:44.571+0000] {logging_mixin.py:137} INFO - Jennifer Burgess
[2023-02-02T14:01:44.573+0000] {logging_mixin.py:137} INFO - Carlos Duran
[2023-02-02T14:01:44.575+0000] {logging_mixin.py:137} INFO - Jason Johnson
[2023-02-02T14:01:44.576+0000] {logging_mixin.py:137} INFO - Cameron Greer
[2023-02-02T14:01:44.578+0000] {logging_mixin.py:137} INFO - Randall Williams
[2023-02-02T14:01:44.579+0000] {logging_mixin.py:137} INFO - Jessica Harris
[2023-02-02T14:01:44.580+0000] {logging_mixin.py:137} INFO - Joshua Rogers
[2023-02-02T14:01:44.582+0000] {logging_mixin.py:137} INFO - Jose Mahoney
[2023-02-02T14:01:44.584+0000] {logging_mixin.py:137} INFO - Brandy Fuentes
[2023-02-02T14:01:44.586+0000] {logging_mixin.py:137} INFO - Angelica Matthews
[2023-02-02T14:01:44.587+0000] {logging_mixin.py:137} INFO - Glenn Caldwell
[2023-02-02T14:01:44.589+0000] {logging_mixin.py:137} INFO - Cristian Delacruz
[2023-02-02T14:01:44.591+0000] {logging_mixin.py:137} INFO - Alexandra Price
[2023-02-02T14:01:44.592+0000] {logging_mixin.py:137} INFO - Heather Wilson
[2023-02-02T14:01:44.594+0000] {logging_mixin.py:137} INFO - Shawn Thompson
[2023-02-02T14:01:44.596+0000] {logging_mixin.py:137} INFO - Anna Daniel
[2023-02-02T14:01:44.597+0000] {logging_mixin.py:137} INFO - Joseph Cisneros
[2023-02-02T14:01:44.599+0000] {logging_mixin.py:137} INFO - Rebecca Estes
[2023-02-02T14:01:44.600+0000] {logging_mixin.py:137} INFO - Jeremy Porter
[2023-02-02T14:01:44.602+0000] {logging_mixin.py:137} INFO - Lisa Mann
[2023-02-02T14:01:44.603+0000] {logging_mixin.py:137} INFO - Michael Woods
[2023-02-02T14:01:44.605+0000] {logging_mixin.py:137} INFO - Madison Thompson
[2023-02-02T14:01:44.607+0000] {logging_mixin.py:137} INFO - Nancy Gomez
[2023-02-02T14:01:44.608+0000] {logging_mixin.py:137} INFO - Julie Blanchard
[2023-02-02T14:01:44.609+0000] {logging_mixin.py:137} INFO - Michael Smith
[2023-02-02T14:01:44.611+0000] {logging_mixin.py:137} INFO - Angel Huber
[2023-02-02T14:01:44.612+0000] {logging_mixin.py:137} INFO - Michael Coffey
[2023-02-02T14:01:44.613+0000] {logging_mixin.py:137} INFO - Patrick Walter
[2023-02-02T14:01:44.615+0000] {logging_mixin.py:137} INFO - Curtis Davis
[2023-02-02T14:01:44.616+0000] {logging_mixin.py:137} INFO - Kyle Stewart
[2023-02-02T14:01:44.618+0000] {logging_mixin.py:137} INFO - Angela Jimenez
[2023-02-02T14:01:44.619+0000] {logging_mixin.py:137} INFO - Andrew Martinez
[2023-02-02T14:01:44.621+0000] {logging_mixin.py:137} INFO - Angela West
[2023-02-02T14:01:44.623+0000] {logging_mixin.py:137} INFO - Ryan Young
[2023-02-02T14:01:44.624+0000] {logging_mixin.py:137} INFO - Nathaniel Evans
[2023-02-02T14:01:44.627+0000] {logging_mixin.py:137} INFO - Dawn Bryant
[2023-02-02T14:01:44.629+0000] {logging_mixin.py:137} INFO - Danielle Lewis
[2023-02-02T14:01:44.631+0000] {logging_mixin.py:137} INFO - Matthew Newman
[2023-02-02T14:01:44.633+0000] {logging_mixin.py:137} INFO - Robert Smith
[2023-02-02T14:01:44.635+0000] {logging_mixin.py:137} INFO - Melissa Hicks
[2023-02-02T14:01:44.636+0000] {logging_mixin.py:137} INFO - Emily Lambert
[2023-02-02T14:01:44.638+0000] {logging_mixin.py:137} INFO - Krystal Wolfe
[2023-02-02T14:01:44.639+0000] {logging_mixin.py:137} INFO - Donna Murillo
[2023-02-02T14:01:44.641+0000] {logging_mixin.py:137} INFO - Carl Hudson
[2023-02-02T14:01:44.643+0000] {logging_mixin.py:137} INFO - Robert Wilson
[2023-02-02T14:01:44.644+0000] {logging_mixin.py:137} INFO - Patrick Mathis
[2023-02-02T14:01:44.646+0000] {logging_mixin.py:137} INFO - Michael Suarez
[2023-02-02T14:01:44.647+0000] {logging_mixin.py:137} INFO - David Johnson
[2023-02-02T14:01:44.649+0000] {logging_mixin.py:137} INFO - William Thompson
[2023-02-02T14:01:44.650+0000] {logging_mixin.py:137} INFO - Jessica Hansen DVM
[2023-02-02T14:01:44.652+0000] {logging_mixin.py:137} INFO - Katherine Friedman
[2023-02-02T14:01:44.653+0000] {logging_mixin.py:137} INFO - Jillian Johnson
[2023-02-02T14:01:44.655+0000] {logging_mixin.py:137} INFO - Robert Mckee
[2023-02-02T14:01:44.657+0000] {logging_mixin.py:137} INFO - Rachel Little
[2023-02-02T14:01:44.658+0000] {logging_mixin.py:137} INFO - Patricia Smith
[2023-02-02T14:01:44.660+0000] {logging_mixin.py:137} INFO - Heidi Martinez
[2023-02-02T14:01:44.662+0000] {logging_mixin.py:137} INFO - Caitlin Solomon
[2023-02-02T14:01:44.663+0000] {logging_mixin.py:137} INFO - Dr. Olivia Pugh
[2023-02-02T14:01:44.665+0000] {logging_mixin.py:137} INFO - John Steele DDS
[2023-02-02T14:01:44.666+0000] {logging_mixin.py:137} INFO - Jeremy Mathews
[2023-02-02T14:01:44.668+0000] {logging_mixin.py:137} INFO - Tiffany Hill
[2023-02-02T14:01:44.669+0000] {logging_mixin.py:137} INFO - Steven Edwards
[2023-02-02T14:01:44.671+0000] {logging_mixin.py:137} INFO - Charles Campbell
[2023-02-02T14:01:44.672+0000] {logging_mixin.py:137} INFO - Brett Hughes
[2023-02-02T14:01:44.674+0000] {logging_mixin.py:137} INFO - Christina Villegas
[2023-02-02T14:01:44.675+0000] {logging_mixin.py:137} INFO - Anthony Garcia
[2023-02-02T14:01:44.676+0000] {logging_mixin.py:137} INFO - Nathan Murphy
[2023-02-02T14:01:44.677+0000] {logging_mixin.py:137} INFO - Steven Dodson
[2023-02-02T14:01:44.679+0000] {logging_mixin.py:137} INFO - Brian Sullivan
[2023-02-02T14:01:44.680+0000] {logging_mixin.py:137} INFO - Renee White
[2023-02-02T14:01:44.681+0000] {logging_mixin.py:137} INFO - Laura Rowland
[2023-02-02T14:01:44.682+0000] {logging_mixin.py:137} INFO - John Moore
[2023-02-02T14:01:44.684+0000] {logging_mixin.py:137} INFO - Sophia Mckenzie
[2023-02-02T14:01:44.685+0000] {logging_mixin.py:137} INFO - David Roach
[2023-02-02T14:01:44.687+0000] {logging_mixin.py:137} INFO - Jennifer Patterson
[2023-02-02T14:01:44.689+0000] {logging_mixin.py:137} INFO - James Richards
[2023-02-02T14:01:44.690+0000] {logging_mixin.py:137} INFO - Mary Johnston
[2023-02-02T14:01:44.691+0000] {logging_mixin.py:137} INFO - Brandon Mcdaniel
[2023-02-02T14:01:44.692+0000] {logging_mixin.py:137} INFO - Meghan Stevenson
[2023-02-02T14:01:44.693+0000] {logging_mixin.py:137} INFO - Luis Hayes
[2023-02-02T14:01:44.695+0000] {logging_mixin.py:137} INFO - Alejandra Sloan
[2023-02-02T14:01:44.696+0000] {logging_mixin.py:137} INFO - Dr. Sandra Miller
[2023-02-02T14:01:44.698+0000] {logging_mixin.py:137} INFO - Dustin Bond
[2023-02-02T14:01:44.700+0000] {logging_mixin.py:137} INFO - Julia Patrick MD
[2023-02-02T14:01:44.701+0000] {logging_mixin.py:137} INFO - Jill Campbell
[2023-02-02T14:01:44.702+0000] {logging_mixin.py:137} INFO - Mark Ford
[2023-02-02T14:01:44.704+0000] {logging_mixin.py:137} INFO - Brian Long
[2023-02-02T14:01:44.707+0000] {logging_mixin.py:137} INFO - Lisa Peterson
[2023-02-02T14:01:44.708+0000] {logging_mixin.py:137} INFO - Matthew Lee
[2023-02-02T14:01:44.710+0000] {logging_mixin.py:137} INFO - Bradley Miller
[2023-02-02T14:01:44.711+0000] {logging_mixin.py:137} INFO - Jeffrey Moss
[2023-02-02T14:01:44.713+0000] {logging_mixin.py:137} INFO - Sara Carlson
[2023-02-02T14:01:44.714+0000] {logging_mixin.py:137} INFO - Daniel Rodriguez
[2023-02-02T14:01:44.716+0000] {logging_mixin.py:137} INFO - Jeremy David
[2023-02-02T14:01:44.719+0000] {logging_mixin.py:137} INFO - Eric Green
[2023-02-02T14:01:44.721+0000] {logging_mixin.py:137} INFO - Alexis Jones
[2023-02-02T14:01:44.722+0000] {logging_mixin.py:137} INFO - Matthew Rose
[2023-02-02T14:01:44.724+0000] {logging_mixin.py:137} INFO - Catherine Anderson
[2023-02-02T14:01:44.725+0000] {logging_mixin.py:137} INFO - Holly Burton
[2023-02-02T14:01:44.727+0000] {logging_mixin.py:137} INFO - David Matthews
[2023-02-02T14:01:44.730+0000] {logging_mixin.py:137} INFO - Mrs. Kara Little
[2023-02-02T14:01:44.731+0000] {logging_mixin.py:137} INFO - Jeffrey Stanley
[2023-02-02T14:01:44.740+0000] {logging_mixin.py:137} INFO - James Ochoa
[2023-02-02T14:01:44.741+0000] {logging_mixin.py:137} INFO - Jason Frye
[2023-02-02T14:01:44.743+0000] {logging_mixin.py:137} INFO - Christopher Ellis
[2023-02-02T14:01:44.744+0000] {logging_mixin.py:137} INFO - Michelle Nixon
[2023-02-02T14:01:44.746+0000] {logging_mixin.py:137} INFO - Andrew Gill
[2023-02-02T14:01:44.748+0000] {logging_mixin.py:137} INFO - Jennifer Wilson
[2023-02-02T14:01:44.750+0000] {logging_mixin.py:137} INFO - Shawn Black
[2023-02-02T14:01:44.752+0000] {logging_mixin.py:137} INFO - April Patterson
[2023-02-02T14:01:44.753+0000] {logging_mixin.py:137} INFO - Troy Vaughn
[2023-02-02T14:01:44.755+0000] {logging_mixin.py:137} INFO - Alexandria White
[2023-02-02T14:01:44.756+0000] {logging_mixin.py:137} INFO - Scott Phillips
[2023-02-02T14:01:44.757+0000] {logging_mixin.py:137} INFO - Zachary Cisneros
[2023-02-02T14:01:44.759+0000] {logging_mixin.py:137} INFO - Deborah Brown
[2023-02-02T14:01:44.760+0000] {logging_mixin.py:137} INFO - Monica Moses
[2023-02-02T14:01:44.761+0000] {logging_mixin.py:137} INFO - Brenda Reyes
[2023-02-02T14:01:44.763+0000] {logging_mixin.py:137} INFO - Miss Renee Allen
[2023-02-02T14:01:44.764+0000] {logging_mixin.py:137} INFO - Susan Clark
[2023-02-02T14:01:44.766+0000] {logging_mixin.py:137} INFO - Brandy Coffey
[2023-02-02T14:01:44.767+0000] {logging_mixin.py:137} INFO - Brett Nelson
[2023-02-02T14:01:44.768+0000] {logging_mixin.py:137} INFO - Ricardo Young
[2023-02-02T14:01:44.770+0000] {logging_mixin.py:137} INFO - Paul Lee
[2023-02-02T14:01:44.772+0000] {logging_mixin.py:137} INFO - David Allen
[2023-02-02T14:01:44.773+0000] {logging_mixin.py:137} INFO - Andrea Knight
[2023-02-02T14:01:44.775+0000] {logging_mixin.py:137} INFO - James Gomez
[2023-02-02T14:01:44.777+0000] {logging_mixin.py:137} INFO - Melody Gibson
[2023-02-02T14:01:44.778+0000] {logging_mixin.py:137} INFO - Christina Martinez
[2023-02-02T14:01:44.780+0000] {logging_mixin.py:137} INFO - Shelby Smith
[2023-02-02T14:01:44.781+0000] {logging_mixin.py:137} INFO - Jason Howard
[2023-02-02T14:01:44.782+0000] {logging_mixin.py:137} INFO - Amy Davidson
[2023-02-02T14:01:44.784+0000] {logging_mixin.py:137} INFO - Kyle Copeland
[2023-02-02T14:01:44.785+0000] {logging_mixin.py:137} INFO - Madeline Davis
[2023-02-02T14:01:44.787+0000] {logging_mixin.py:137} INFO - Aaron Young
[2023-02-02T14:01:44.789+0000] {logging_mixin.py:137} INFO - Lisa Barrett
[2023-02-02T14:01:44.790+0000] {logging_mixin.py:137} INFO - Joel Jones
[2023-02-02T14:01:44.791+0000] {logging_mixin.py:137} INFO - Christine Evans
[2023-02-02T14:01:44.793+0000] {logging_mixin.py:137} INFO - Kimberly Johnson
[2023-02-02T14:01:44.794+0000] {logging_mixin.py:137} INFO - Charles Hess
[2023-02-02T14:01:44.796+0000] {logging_mixin.py:137} INFO - Paul Dixon
[2023-02-02T14:01:44.797+0000] {logging_mixin.py:137} INFO - Christopher Johnson
[2023-02-02T14:01:44.799+0000] {logging_mixin.py:137} INFO - Robert Dawson
[2023-02-02T14:01:44.801+0000] {logging_mixin.py:137} INFO - Ryan Dixon
[2023-02-02T14:01:44.802+0000] {logging_mixin.py:137} INFO - Julie Martinez
[2023-02-02T14:01:44.804+0000] {logging_mixin.py:137} INFO - David Adams
[2023-02-02T14:01:44.805+0000] {logging_mixin.py:137} INFO - Mariah Brown
[2023-02-02T14:01:44.807+0000] {logging_mixin.py:137} INFO - Deborah Malone
[2023-02-02T14:01:44.808+0000] {logging_mixin.py:137} INFO - John Brown
[2023-02-02T14:01:44.810+0000] {logging_mixin.py:137} INFO - Maria Stewart
[2023-02-02T14:01:44.811+0000] {logging_mixin.py:137} INFO - Mr. Bryan Hawkins
[2023-02-02T14:01:44.812+0000] {logging_mixin.py:137} INFO - Kyle Brooks
[2023-02-02T14:01:44.813+0000] {logging_mixin.py:137} INFO - Kenneth White
[2023-02-02T14:01:44.815+0000] {logging_mixin.py:137} INFO - Patricia Wilson
[2023-02-02T14:01:44.816+0000] {logging_mixin.py:137} INFO - Paul Soto
[2023-02-02T14:01:44.818+0000] {logging_mixin.py:137} INFO - Janice Garrett
[2023-02-02T14:01:44.819+0000] {logging_mixin.py:137} INFO - Randy Strickland
[2023-02-02T14:01:44.820+0000] {logging_mixin.py:137} INFO - Felicia Herrera
[2023-02-02T14:01:44.822+0000] {logging_mixin.py:137} INFO - Andre Campos
[2023-02-02T14:01:44.824+0000] {logging_mixin.py:137} INFO - Justin Meyer
[2023-02-02T14:01:44.826+0000] {logging_mixin.py:137} INFO - Brandon Brooks
[2023-02-02T14:01:44.828+0000] {logging_mixin.py:137} INFO - Abigail Rivera
[2023-02-02T14:01:44.829+0000] {logging_mixin.py:137} INFO - Jessica Mann
[2023-02-02T14:01:44.833+0000] {logging_mixin.py:137} INFO - Michael Sawyer
[2023-02-02T14:01:44.835+0000] {logging_mixin.py:137} INFO - Jeffrey Coleman
[2023-02-02T14:01:44.836+0000] {logging_mixin.py:137} INFO - Micheal Castro
[2023-02-02T14:01:44.837+0000] {logging_mixin.py:137} INFO - Laura Gonzalez
[2023-02-02T14:01:44.839+0000] {logging_mixin.py:137} INFO - Christopher Jackson
[2023-02-02T14:01:44.841+0000] {logging_mixin.py:137} INFO - William Mckenzie
[2023-02-02T14:01:44.843+0000] {logging_mixin.py:137} INFO - Kristina Rodriguez
[2023-02-02T14:01:44.845+0000] {logging_mixin.py:137} INFO - Kelli Williams
[2023-02-02T14:01:44.847+0000] {logging_mixin.py:137} INFO - Diane Norris
[2023-02-02T14:01:44.849+0000] {logging_mixin.py:137} INFO - Kevin Carroll
[2023-02-02T14:01:44.851+0000] {logging_mixin.py:137} INFO - Betty Weber
[2023-02-02T14:01:44.852+0000] {logging_mixin.py:137} INFO - Jeffery Robinson
[2023-02-02T14:01:44.854+0000] {logging_mixin.py:137} INFO - Hannah Cowan
[2023-02-02T14:01:44.855+0000] {logging_mixin.py:137} INFO - Brian Kramer
[2023-02-02T14:01:44.857+0000] {logging_mixin.py:137} INFO - Anthony Roberts
[2023-02-02T14:01:44.858+0000] {logging_mixin.py:137} INFO - Ricardo Blankenship
[2023-02-02T14:01:44.860+0000] {logging_mixin.py:137} INFO - Brooke Collins
[2023-02-02T14:01:44.861+0000] {logging_mixin.py:137} INFO - Tammy Lawson
[2023-02-02T14:01:44.862+0000] {logging_mixin.py:137} INFO - Cody Miller
[2023-02-02T14:01:44.864+0000] {logging_mixin.py:137} INFO - Dr. Janice Salazar
[2023-02-02T14:01:44.865+0000] {logging_mixin.py:137} INFO - David West
[2023-02-02T14:01:44.867+0000] {logging_mixin.py:137} INFO - Robin Carpenter
[2023-02-02T14:01:44.869+0000] {logging_mixin.py:137} INFO - Monique Wall
[2023-02-02T14:01:44.870+0000] {logging_mixin.py:137} INFO - Charles Cardenas
[2023-02-02T14:01:44.872+0000] {logging_mixin.py:137} INFO - Valerie Mitchell
[2023-02-02T14:01:44.873+0000] {logging_mixin.py:137} INFO - Michelle Valenzuela
[2023-02-02T14:01:44.875+0000] {logging_mixin.py:137} INFO - William Poole
[2023-02-02T14:01:44.876+0000] {logging_mixin.py:137} INFO - James Hall
[2023-02-02T14:01:44.877+0000] {logging_mixin.py:137} INFO - Dylan Carpenter
[2023-02-02T14:01:44.879+0000] {logging_mixin.py:137} INFO - Linda Medina
[2023-02-02T14:01:44.881+0000] {logging_mixin.py:137} INFO - Joan White
[2023-02-02T14:01:44.883+0000] {logging_mixin.py:137} INFO - Mary Klein
[2023-02-02T14:01:44.884+0000] {logging_mixin.py:137} INFO - Ashley Wolf
[2023-02-02T14:01:44.886+0000] {logging_mixin.py:137} INFO - William Reed
[2023-02-02T14:01:44.889+0000] {logging_mixin.py:137} INFO - Derek Harvey
[2023-02-02T14:01:44.891+0000] {logging_mixin.py:137} INFO - Kathleen Rodriguez
[2023-02-02T14:01:44.893+0000] {logging_mixin.py:137} INFO - Andrew Rodriguez
[2023-02-02T14:01:44.894+0000] {logging_mixin.py:137} INFO - Ariel Frank
[2023-02-02T14:01:44.895+0000] {logging_mixin.py:137} INFO - Tina French
[2023-02-02T14:01:44.897+0000] {logging_mixin.py:137} INFO - Brent Waller
[2023-02-02T14:01:44.898+0000] {logging_mixin.py:137} INFO - Kevin Allen
[2023-02-02T14:01:44.900+0000] {logging_mixin.py:137} INFO - Xavier Walker
[2023-02-02T14:01:44.901+0000] {logging_mixin.py:137} INFO - Michelle Sanchez
[2023-02-02T14:01:44.902+0000] {logging_mixin.py:137} INFO - Rachael Shepard
[2023-02-02T14:01:44.904+0000] {logging_mixin.py:137} INFO - Kelsey Johnson
[2023-02-02T14:01:44.905+0000] {logging_mixin.py:137} INFO - Nicole Webb
[2023-02-02T14:01:44.908+0000] {logging_mixin.py:137} INFO - Nicholas Rodriguez
[2023-02-02T14:01:44.909+0000] {logging_mixin.py:137} INFO - Eric Vaughan
[2023-02-02T14:01:44.911+0000] {logging_mixin.py:137} INFO - Amanda Richardson
[2023-02-02T14:01:44.912+0000] {logging_mixin.py:137} INFO - Janice Carlson
[2023-02-02T14:01:44.913+0000] {logging_mixin.py:137} INFO - Darryl Walsh
[2023-02-02T14:01:44.914+0000] {logging_mixin.py:137} INFO - Heather Johnson
[2023-02-02T14:01:44.916+0000] {logging_mixin.py:137} INFO - Mark Chambers
[2023-02-02T14:01:44.917+0000] {logging_mixin.py:137} INFO - Tracy Burns
[2023-02-02T14:01:44.919+0000] {logging_mixin.py:137} INFO - John Cole
[2023-02-02T14:01:44.920+0000] {logging_mixin.py:137} INFO - Deborah Silva
[2023-02-02T14:01:44.921+0000] {logging_mixin.py:137} INFO - Shawn Hernandez
[2023-02-02T14:01:44.923+0000] {logging_mixin.py:137} INFO - Bethany Meyer
[2023-02-02T14:01:44.924+0000] {logging_mixin.py:137} INFO - Helen Smith
[2023-02-02T14:01:44.926+0000] {logging_mixin.py:137} INFO - Dana Dennis
[2023-02-02T14:01:44.927+0000] {logging_mixin.py:137} INFO - Kelsey Camacho
[2023-02-02T14:01:44.929+0000] {logging_mixin.py:137} INFO - Matthew Thomas
[2023-02-02T14:01:44.930+0000] {logging_mixin.py:137} INFO - Brittany Arellano
[2023-02-02T14:01:44.932+0000] {logging_mixin.py:137} INFO - Stacey Jones
[2023-02-02T14:01:44.934+0000] {logging_mixin.py:137} INFO - William Weeks
[2023-02-02T14:01:44.935+0000] {logging_mixin.py:137} INFO - Mark Beasley
[2023-02-02T14:01:44.937+0000] {logging_mixin.py:137} INFO - Bruce Pena
[2023-02-02T14:01:44.938+0000] {logging_mixin.py:137} INFO - Jeffery Smith
[2023-02-02T14:01:44.940+0000] {logging_mixin.py:137} INFO - Ann Deleon
[2023-02-02T14:01:44.942+0000] {logging_mixin.py:137} INFO - Kevin Robertson
[2023-02-02T14:01:44.944+0000] {logging_mixin.py:137} INFO - Vincent Willis MD
[2023-02-02T14:01:44.946+0000] {logging_mixin.py:137} INFO - Michael Nielsen
[2023-02-02T14:01:44.947+0000] {logging_mixin.py:137} INFO - Walter Koch
[2023-02-02T14:01:44.949+0000] {logging_mixin.py:137} INFO - Brian Vega
[2023-02-02T14:01:44.950+0000] {logging_mixin.py:137} INFO - Jeffrey Medina
[2023-02-02T14:01:44.951+0000] {logging_mixin.py:137} INFO - Erika Banks
[2023-02-02T14:01:44.953+0000] {logging_mixin.py:137} INFO - Stacey Griffin
[2023-02-02T14:01:44.954+0000] {logging_mixin.py:137} INFO - Michael Marsh
[2023-02-02T14:01:44.955+0000] {logging_mixin.py:137} INFO - Molly White
[2023-02-02T14:01:44.956+0000] {logging_mixin.py:137} INFO - Matthew Morrison
[2023-02-02T14:01:44.957+0000] {logging_mixin.py:137} INFO - Amanda Burns
[2023-02-02T14:01:44.959+0000] {logging_mixin.py:137} INFO - Emily Gonzalez DDS
[2023-02-02T14:01:44.960+0000] {logging_mixin.py:137} INFO - Gregory King
[2023-02-02T14:01:44.961+0000] {logging_mixin.py:137} INFO - Dennis Evans
[2023-02-02T14:01:44.962+0000] {logging_mixin.py:137} INFO - Christina Snyder
[2023-02-02T14:01:44.963+0000] {logging_mixin.py:137} INFO - Carolyn Mata
[2023-02-02T14:01:44.965+0000] {logging_mixin.py:137} INFO - Brandy Lawson
[2023-02-02T14:01:44.966+0000] {logging_mixin.py:137} INFO - Briana Christian
[2023-02-02T14:01:44.968+0000] {logging_mixin.py:137} INFO - Jeffrey Hernandez
[2023-02-02T14:01:44.969+0000] {logging_mixin.py:137} INFO - John Riggs
[2023-02-02T14:01:44.970+0000] {logging_mixin.py:137} INFO - Barbara Short
[2023-02-02T14:01:44.972+0000] {logging_mixin.py:137} INFO - Steven Brooks
[2023-02-02T14:01:44.973+0000] {logging_mixin.py:137} INFO - Gabrielle James
[2023-02-02T14:01:44.974+0000] {logging_mixin.py:137} INFO - Robert Young
[2023-02-02T14:01:44.975+0000] {logging_mixin.py:137} INFO - Derek Sanders
[2023-02-02T14:01:44.976+0000] {logging_mixin.py:137} INFO - Mallory Oliver
[2023-02-02T14:01:44.977+0000] {logging_mixin.py:137} INFO - Terry Howe
[2023-02-02T14:01:44.978+0000] {logging_mixin.py:137} INFO - Samuel Wallace
[2023-02-02T14:01:44.979+0000] {logging_mixin.py:137} INFO - Angel Jones
[2023-02-02T14:01:44.980+0000] {logging_mixin.py:137} INFO - Jacqueline Nichols
[2023-02-02T14:01:44.981+0000] {logging_mixin.py:137} INFO - Melissa Mcgee
[2023-02-02T14:01:44.982+0000] {logging_mixin.py:137} INFO - Michelle Smith
[2023-02-02T14:01:44.983+0000] {logging_mixin.py:137} INFO - Maureen Baxter
[2023-02-02T14:01:44.984+0000] {logging_mixin.py:137} INFO - Kathy Crawford
[2023-02-02T14:01:44.985+0000] {logging_mixin.py:137} INFO - Stacy Wood
[2023-02-02T14:01:44.986+0000] {logging_mixin.py:137} INFO - Justin Parsons
[2023-02-02T14:01:44.987+0000] {logging_mixin.py:137} INFO - Ann Klein
[2023-02-02T14:01:44.988+0000] {logging_mixin.py:137} INFO - Allison Arnold
[2023-02-02T14:01:44.989+0000] {logging_mixin.py:137} INFO - Heather Kirk
[2023-02-02T14:01:44.990+0000] {logging_mixin.py:137} INFO - Monica Smith
[2023-02-02T14:01:44.991+0000] {logging_mixin.py:137} INFO - Brett Oconnor
[2023-02-02T14:01:44.992+0000] {logging_mixin.py:137} INFO - Anthony Bryant
[2023-02-02T14:01:44.993+0000] {logging_mixin.py:137} INFO - Jeremy Russell
[2023-02-02T14:01:44.994+0000] {logging_mixin.py:137} INFO - Julie Poole
[2023-02-02T14:01:44.995+0000] {logging_mixin.py:137} INFO - Emma Thompson
[2023-02-02T14:01:44.996+0000] {logging_mixin.py:137} INFO - Bradley Matthews
[2023-02-02T14:01:44.997+0000] {logging_mixin.py:137} INFO - William Roberts
[2023-02-02T14:01:44.998+0000] {logging_mixin.py:137} INFO - Julie Mooney
[2023-02-02T14:01:44.999+0000] {logging_mixin.py:137} INFO - Amy Doyle
[2023-02-02T14:01:45.000+0000] {logging_mixin.py:137} INFO - Amanda Grant
[2023-02-02T14:01:45.001+0000] {logging_mixin.py:137} INFO - Eric Anderson
[2023-02-02T14:01:45.002+0000] {logging_mixin.py:137} INFO - George Thompson
[2023-02-02T14:01:45.003+0000] {logging_mixin.py:137} INFO - Dustin Hines
[2023-02-02T14:01:45.004+0000] {logging_mixin.py:137} INFO - Andrea Frank
[2023-02-02T14:01:45.005+0000] {logging_mixin.py:137} INFO - Jodi Cook
[2023-02-02T14:01:45.006+0000] {logging_mixin.py:137} INFO - Stacy Haney
[2023-02-02T14:01:45.007+0000] {logging_mixin.py:137} INFO - Paul Callahan
[2023-02-02T14:01:45.008+0000] {logging_mixin.py:137} INFO - Jasmine Chambers
[2023-02-02T14:01:45.009+0000] {logging_mixin.py:137} INFO - Melissa Pittman MD
[2023-02-02T14:01:45.010+0000] {logging_mixin.py:137} INFO - Deborah Larson
[2023-02-02T14:01:45.011+0000] {logging_mixin.py:137} INFO - Brandon Shaw
[2023-02-02T14:01:45.012+0000] {logging_mixin.py:137} INFO - Timothy Paul
[2023-02-02T14:01:45.013+0000] {logging_mixin.py:137} INFO - Michael Trujillo
[2023-02-02T14:01:45.014+0000] {logging_mixin.py:137} INFO - Robert Rivera
[2023-02-02T14:01:45.015+0000] {logging_mixin.py:137} INFO - Dana Nelson
[2023-02-02T14:01:45.016+0000] {logging_mixin.py:137} INFO - Andrea Bennett
[2023-02-02T14:01:45.017+0000] {logging_mixin.py:137} INFO - Jodi Fox
[2023-02-02T14:01:45.018+0000] {logging_mixin.py:137} INFO - Heather Hayes
[2023-02-02T14:01:45.019+0000] {logging_mixin.py:137} INFO - Jennifer Moreno
[2023-02-02T14:01:45.020+0000] {logging_mixin.py:137} INFO - John Patel
[2023-02-02T14:01:45.021+0000] {logging_mixin.py:137} INFO - Teresa Oliver
[2023-02-02T14:01:45.022+0000] {logging_mixin.py:137} INFO - Monique Bell
[2023-02-02T14:01:45.023+0000] {logging_mixin.py:137} INFO - Casey Leonard
[2023-02-02T14:01:45.025+0000] {logging_mixin.py:137} INFO - Steven Clark
[2023-02-02T14:01:45.026+0000] {logging_mixin.py:137} INFO - Edward Martin
[2023-02-02T14:01:45.027+0000] {logging_mixin.py:137} INFO - Shawn Orozco
[2023-02-02T14:01:45.028+0000] {logging_mixin.py:137} INFO - Brandon Yang
[2023-02-02T14:01:45.029+0000] {logging_mixin.py:137} INFO - Nathan Ray
[2023-02-02T14:01:45.030+0000] {logging_mixin.py:137} INFO - Lori Moore
[2023-02-02T14:01:45.031+0000] {logging_mixin.py:137} INFO - Dr. Lisa Shaw DVM
[2023-02-02T14:01:45.032+0000] {logging_mixin.py:137} INFO - Angela Walters
[2023-02-02T14:01:45.033+0000] {logging_mixin.py:137} INFO - David Nolan
[2023-02-02T14:01:45.034+0000] {logging_mixin.py:137} INFO - William Ramsey
[2023-02-02T14:01:45.035+0000] {logging_mixin.py:137} INFO - David Oconnor
[2023-02-02T14:01:45.036+0000] {logging_mixin.py:137} INFO - Mark Washington
[2023-02-02T14:01:45.037+0000] {logging_mixin.py:137} INFO - Jennifer Jacobs
[2023-02-02T14:01:45.038+0000] {logging_mixin.py:137} INFO - Tammy Hampton
[2023-02-02T14:01:45.039+0000] {logging_mixin.py:137} INFO - Stephen Farmer
[2023-02-02T14:01:45.040+0000] {logging_mixin.py:137} INFO - Jasmine Nguyen
[2023-02-02T14:01:45.041+0000] {logging_mixin.py:137} INFO - Rebecca Flores
[2023-02-02T14:01:45.042+0000] {logging_mixin.py:137} INFO - Tyler Davis
[2023-02-02T14:01:45.043+0000] {logging_mixin.py:137} INFO - Nancy Gray
[2023-02-02T14:01:45.044+0000] {logging_mixin.py:137} INFO - Brian Sanchez
[2023-02-02T14:01:45.045+0000] {logging_mixin.py:137} INFO - Laurie Shaw
[2023-02-02T14:01:45.046+0000] {logging_mixin.py:137} INFO - Kristina Torres
[2023-02-02T14:01:45.047+0000] {logging_mixin.py:137} INFO - Andrea Rodgers
[2023-02-02T14:01:45.048+0000] {logging_mixin.py:137} INFO - Jason Walters
[2023-02-02T14:01:45.050+0000] {logging_mixin.py:137} INFO - Jerry Moss
[2023-02-02T14:01:45.051+0000] {logging_mixin.py:137} INFO - Jeffrey Jordan
[2023-02-02T14:01:45.052+0000] {logging_mixin.py:137} INFO - Jennifer Wilson
[2023-02-02T14:01:45.053+0000] {logging_mixin.py:137} INFO - Trevor Mathews
[2023-02-02T14:01:45.054+0000] {logging_mixin.py:137} INFO - Anne Hood
[2023-02-02T14:01:45.055+0000] {logging_mixin.py:137} INFO - Sarah Williams
[2023-02-02T14:01:45.056+0000] {logging_mixin.py:137} INFO - Shelby Hernandez
[2023-02-02T14:01:45.057+0000] {logging_mixin.py:137} INFO - Samantha Velez
[2023-02-02T14:01:45.058+0000] {logging_mixin.py:137} INFO - Matthew Douglas
[2023-02-02T14:01:45.059+0000] {logging_mixin.py:137} INFO - Ashlee George
[2023-02-02T14:01:45.060+0000] {logging_mixin.py:137} INFO - Troy Crane
[2023-02-02T14:01:45.061+0000] {logging_mixin.py:137} INFO - Michael Cooper
[2023-02-02T14:01:45.062+0000] {logging_mixin.py:137} INFO - Michael White
[2023-02-02T14:01:45.063+0000] {logging_mixin.py:137} INFO - Mr. Timothy Fleming
[2023-02-02T14:01:45.064+0000] {logging_mixin.py:137} INFO - Seth Bruce
[2023-02-02T14:01:45.065+0000] {logging_mixin.py:137} INFO - Jacqueline Carpenter
[2023-02-02T14:01:45.066+0000] {logging_mixin.py:137} INFO - Michael Martin
[2023-02-02T14:01:45.067+0000] {logging_mixin.py:137} INFO - Kristopher Henry
[2023-02-02T14:01:45.068+0000] {logging_mixin.py:137} INFO - Tiffany Porter
[2023-02-02T14:01:45.069+0000] {logging_mixin.py:137} INFO - Stacy Simpson
[2023-02-02T14:01:45.070+0000] {logging_mixin.py:137} INFO - Tammy Mcdowell
[2023-02-02T14:01:45.071+0000] {logging_mixin.py:137} INFO - Thomas Walters
[2023-02-02T14:01:45.072+0000] {logging_mixin.py:137} INFO - Dwayne Thompson
[2023-02-02T14:01:45.073+0000] {logging_mixin.py:137} INFO - Natalie Willis
[2023-02-02T14:01:45.074+0000] {logging_mixin.py:137} INFO - Sharon Taylor
[2023-02-02T14:01:45.075+0000] {logging_mixin.py:137} INFO - Sarah Wiggins
[2023-02-02T14:01:45.076+0000] {logging_mixin.py:137} INFO - Amber Thomas
[2023-02-02T14:01:45.077+0000] {logging_mixin.py:137} INFO - Patrick Miller
[2023-02-02T14:01:45.079+0000] {logging_mixin.py:137} INFO - Stephanie Hartman
[2023-02-02T14:01:45.080+0000] {logging_mixin.py:137} INFO - Stacey Mora
[2023-02-02T14:01:45.081+0000] {logging_mixin.py:137} INFO - Katherine Rodriguez
[2023-02-02T14:01:45.082+0000] {logging_mixin.py:137} INFO - Daniel Morgan
[2023-02-02T14:01:45.083+0000] {logging_mixin.py:137} INFO - Rebecca Martinez
[2023-02-02T14:01:45.084+0000] {logging_mixin.py:137} INFO - Nicole Juarez
[2023-02-02T14:01:45.085+0000] {logging_mixin.py:137} INFO - Mark Arroyo
[2023-02-02T14:01:45.086+0000] {logging_mixin.py:137} INFO - April Lucero
[2023-02-02T14:01:45.087+0000] {logging_mixin.py:137} INFO - Samantha Garcia
[2023-02-02T14:01:45.088+0000] {logging_mixin.py:137} INFO - Jon Moore
[2023-02-02T14:01:45.089+0000] {logging_mixin.py:137} INFO - Joshua Flores MD
[2023-02-02T14:01:45.090+0000] {logging_mixin.py:137} INFO - Raymond Jones
[2023-02-02T14:01:45.091+0000] {logging_mixin.py:137} INFO - Billy Hughes
[2023-02-02T14:01:45.092+0000] {logging_mixin.py:137} INFO - Peggy Valdez PhD
[2023-02-02T14:01:45.093+0000] {logging_mixin.py:137} INFO - Joshua Reyes
[2023-02-02T14:01:45.094+0000] {logging_mixin.py:137} INFO - Aaron Green
[2023-02-02T14:01:45.095+0000] {logging_mixin.py:137} INFO - Wendy Espinoza
[2023-02-02T14:01:45.096+0000] {logging_mixin.py:137} INFO - Peter Vasquez
[2023-02-02T14:01:45.097+0000] {logging_mixin.py:137} INFO - Diane Harper
[2023-02-02T14:01:45.098+0000] {logging_mixin.py:137} INFO - Ms. Rebecca Cantu
[2023-02-02T14:01:45.099+0000] {logging_mixin.py:137} INFO - Yolanda Morrow
[2023-02-02T14:01:45.100+0000] {logging_mixin.py:137} INFO - Penny Beard
[2023-02-02T14:01:45.101+0000] {logging_mixin.py:137} INFO - Lisa Long
[2023-02-02T14:01:45.102+0000] {logging_mixin.py:137} INFO - Jerry Harris
[2023-02-02T14:01:45.103+0000] {logging_mixin.py:137} INFO - Bob Willis
[2023-02-02T14:01:45.104+0000] {logging_mixin.py:137} INFO - Duane Chapman
[2023-02-02T14:01:45.105+0000] {logging_mixin.py:137} INFO - William Morgan
[2023-02-02T14:01:45.106+0000] {logging_mixin.py:137} INFO - Amy Gutierrez
[2023-02-02T14:01:45.107+0000] {logging_mixin.py:137} INFO - Amber Nichols
[2023-02-02T14:01:45.108+0000] {logging_mixin.py:137} INFO - Matthew Carr
[2023-02-02T14:01:45.109+0000] {logging_mixin.py:137} INFO - Thomas Duncan
[2023-02-02T14:01:45.110+0000] {logging_mixin.py:137} INFO - Elizabeth Wright
[2023-02-02T14:01:45.111+0000] {logging_mixin.py:137} INFO - Jacqueline Brewer
[2023-02-02T14:01:45.112+0000] {logging_mixin.py:137} INFO - Stephanie Johnson
[2023-02-02T14:01:45.113+0000] {logging_mixin.py:137} INFO - Samantha Calderon
[2023-02-02T14:01:45.114+0000] {logging_mixin.py:137} INFO - Kathryn Gaines
[2023-02-02T14:01:45.115+0000] {logging_mixin.py:137} INFO - Angel Jones
[2023-02-02T14:01:45.116+0000] {logging_mixin.py:137} INFO - Laura Wall
[2023-02-02T14:01:45.117+0000] {logging_mixin.py:137} INFO - Mr. Anthony Hamilton
[2023-02-02T14:01:45.118+0000] {logging_mixin.py:137} INFO - David Smith
[2023-02-02T14:01:45.119+0000] {logging_mixin.py:137} INFO - Kimberly Herrera DDS
[2023-02-02T14:01:45.120+0000] {logging_mixin.py:137} INFO - Gina Wilson
[2023-02-02T14:01:45.121+0000] {logging_mixin.py:137} INFO - Timothy Byrd
[2023-02-02T14:01:45.122+0000] {logging_mixin.py:137} INFO - Michael Mckenzie
[2023-02-02T14:01:45.123+0000] {logging_mixin.py:137} INFO - Jeffrey Mcintyre
[2023-02-02T14:01:45.124+0000] {logging_mixin.py:137} INFO - Teresa Jackson
[2023-02-02T14:01:45.125+0000] {logging_mixin.py:137} INFO - Joseph Wilcox
[2023-02-02T14:01:45.126+0000] {logging_mixin.py:137} INFO - Patrick Mcknight
[2023-02-02T14:01:45.127+0000] {logging_mixin.py:137} INFO - Ronald Moreno
[2023-02-02T14:01:45.128+0000] {logging_mixin.py:137} INFO - Jamie Sullivan
[2023-02-02T14:01:45.129+0000] {logging_mixin.py:137} INFO - Jason Anderson
[2023-02-02T14:01:45.130+0000] {logging_mixin.py:137} INFO - Steven Stewart
[2023-02-02T14:01:45.131+0000] {logging_mixin.py:137} INFO - Melinda Paul
[2023-02-02T14:01:45.132+0000] {logging_mixin.py:137} INFO - Cynthia Simmons
[2023-02-02T14:01:45.133+0000] {logging_mixin.py:137} INFO - Christian Smith
[2023-02-02T14:01:45.134+0000] {logging_mixin.py:137} INFO - William Jimenez
[2023-02-02T14:01:45.136+0000] {logging_mixin.py:137} INFO - Hayley French
[2023-02-02T14:01:45.137+0000] {logging_mixin.py:137} INFO - Brandon Hess
[2023-02-02T14:01:45.138+0000] {logging_mixin.py:137} INFO - Laura Perry
[2023-02-02T14:01:45.139+0000] {logging_mixin.py:137} INFO - Scott Jones
[2023-02-02T14:01:45.140+0000] {logging_mixin.py:137} INFO - Christine Hernandez
[2023-02-02T14:01:45.141+0000] {logging_mixin.py:137} INFO - Douglas Eaton
[2023-02-02T14:01:45.142+0000] {logging_mixin.py:137} INFO - William Soto
[2023-02-02T14:01:45.142+0000] {logging_mixin.py:137} INFO - Mary Jones
[2023-02-02T14:01:45.143+0000] {logging_mixin.py:137} INFO - Stephanie Holmes
[2023-02-02T14:01:45.144+0000] {logging_mixin.py:137} INFO - Keith Meyers
[2023-02-02T14:01:45.145+0000] {logging_mixin.py:137} INFO - Paul Fisher
[2023-02-02T14:01:45.146+0000] {logging_mixin.py:137} INFO - Emily Alexander
[2023-02-02T14:01:45.147+0000] {logging_mixin.py:137} INFO - Anthony Schwartz
[2023-02-02T14:01:45.148+0000] {logging_mixin.py:137} INFO - Evelyn Jacobs
[2023-02-02T14:01:45.149+0000] {logging_mixin.py:137} INFO - Connie Jones
[2023-02-02T14:01:45.151+0000] {logging_mixin.py:137} INFO - Carla Gibbs
[2023-02-02T14:01:45.152+0000] {logging_mixin.py:137} INFO - Ashley Santiago
[2023-02-02T14:01:45.154+0000] {logging_mixin.py:137} INFO - Micheal Mckee
[2023-02-02T14:01:45.155+0000] {logging_mixin.py:137} INFO - Diane Williams
[2023-02-02T14:01:45.157+0000] {logging_mixin.py:137} INFO - Jesse Velasquez
[2023-02-02T14:01:45.158+0000] {logging_mixin.py:137} INFO - Jennifer Rodriguez
[2023-02-02T14:01:45.160+0000] {logging_mixin.py:137} INFO - Joe Griffin
[2023-02-02T14:01:45.161+0000] {logging_mixin.py:137} INFO - Gary Cherry
[2023-02-02T14:01:45.162+0000] {logging_mixin.py:137} INFO - Alyssa Edwards
[2023-02-02T14:01:45.164+0000] {logging_mixin.py:137} INFO - Caroline Hernandez MD
[2023-02-02T14:01:45.165+0000] {logging_mixin.py:137} INFO - Jessica Morton
[2023-02-02T14:01:45.166+0000] {logging_mixin.py:137} INFO - Holly Jones
[2023-02-02T14:01:45.167+0000] {logging_mixin.py:137} INFO - David Shelton
[2023-02-02T14:01:45.168+0000] {logging_mixin.py:137} INFO - Kristina Parks
[2023-02-02T14:01:45.170+0000] {logging_mixin.py:137} INFO - Laurie Hernandez
[2023-02-02T14:01:45.171+0000] {logging_mixin.py:137} INFO - Melissa James
[2023-02-02T14:01:45.172+0000] {logging_mixin.py:137} INFO - Jeremiah Adams
[2023-02-02T14:01:45.173+0000] {logging_mixin.py:137} INFO - Arthur Robinson
[2023-02-02T14:01:45.174+0000] {logging_mixin.py:137} INFO - Anna Shepard
[2023-02-02T14:01:45.176+0000] {logging_mixin.py:137} INFO - Brandon Myers
[2023-02-02T14:01:45.177+0000] {logging_mixin.py:137} INFO - Paul Cardenas
[2023-02-02T14:01:45.178+0000] {logging_mixin.py:137} INFO - Megan Santana
[2023-02-02T14:01:45.179+0000] {logging_mixin.py:137} INFO - Joseph Marshall
[2023-02-02T14:01:45.179+0000] {logging_mixin.py:137} INFO - Mrs. Brenda Harris
[2023-02-02T14:01:45.180+0000] {logging_mixin.py:137} INFO - Nicole Garcia
[2023-02-02T14:01:45.181+0000] {logging_mixin.py:137} INFO - Anna Estrada
[2023-02-02T14:01:45.182+0000] {logging_mixin.py:137} INFO - Carl Moore
[2023-02-02T14:01:45.183+0000] {logging_mixin.py:137} INFO - Rodney Hernandez
[2023-02-02T14:01:45.184+0000] {logging_mixin.py:137} INFO - Madison Christian
[2023-02-02T14:01:45.186+0000] {logging_mixin.py:137} INFO - Heather Rhodes
[2023-02-02T14:01:45.189+0000] {python.py:177} INFO - Done. Returned value was: None
[2023-02-02T14:01:45.202+0000] {taskinstance.py:1323} INFO - Marking task as SUCCESS. dag_id=CSV_DAG, task_id=convertCSVToJson, execution_date=20230202T135500, start_date=20230202T140142, end_date=20230202T140145
[2023-02-02T14:01:45.261+0000] {local_task_job.py:208} INFO - Task exited with return code 0
[2023-02-02T14:01:45.282+0000] {taskinstance.py:2578} INFO - 0 downstream tasks scheduled from follow-on schedule check
