[2023-02-02T10:02:18.558+0000] {taskinstance.py:1083} INFO - Dependencies all met for <TaskInstance: CSV_DAG.starting scheduled__2023-02-02T03:15:00+00:00 [queued]>
[2023-02-02T10:02:18.577+0000] {taskinstance.py:1083} INFO - Dependencies all met for <TaskInstance: CSV_DAG.starting scheduled__2023-02-02T03:15:00+00:00 [queued]>
[2023-02-02T10:02:18.578+0000] {taskinstance.py:1279} INFO - 
--------------------------------------------------------------------------------
[2023-02-02T10:02:18.580+0000] {taskinstance.py:1280} INFO - Starting attempt 1 of 2
[2023-02-02T10:02:18.581+0000] {taskinstance.py:1281} INFO - 
--------------------------------------------------------------------------------
[2023-02-02T10:02:18.610+0000] {taskinstance.py:1300} INFO - Executing <Task(BashOperator): starting> on 2023-02-02 03:15:00+00:00
[2023-02-02T10:02:18.620+0000] {standard_task_runner.py:55} INFO - Started process 861 to run task
[2023-02-02T10:02:18.625+0000] {standard_task_runner.py:82} INFO - Running: ['***', 'tasks', 'run', 'CSV_DAG', 'starting', 'scheduled__2023-02-02T03:15:00+00:00', '--job-id', '684', '--raw', '--subdir', 'DAGS_FOLDER/csv.py', '--cfg-path', '/tmp/tmp9pqiew_i']
[2023-02-02T10:02:18.626+0000] {standard_task_runner.py:83} INFO - Job 684: Subtask starting
[2023-02-02T10:02:18.729+0000] {task_command.py:388} INFO - Running <TaskInstance: CSV_DAG.starting scheduled__2023-02-02T03:15:00+00:00 [running]> on host 06d8060e8530
[2023-02-02T10:02:18.835+0000] {taskinstance.py:1509} INFO - Exporting the following env vars:
AIRFLOW_CTX_DAG_OWNER=Kevin Chalmers
AIRFLOW_CTX_DAG_ID=CSV_DAG
AIRFLOW_CTX_TASK_ID=starting
AIRFLOW_CTX_EXECUTION_DATE=2023-02-02T03:15:00+00:00
AIRFLOW_CTX_TRY_NUMBER=1
AIRFLOW_CTX_DAG_RUN_ID=scheduled__2023-02-02T03:15:00+00:00
[2023-02-02T10:02:18.841+0000] {subprocess.py:63} INFO - Tmp dir root location: 
 /tmp
[2023-02-02T10:02:18.843+0000] {subprocess.py:75} INFO - Running command: ['/bin/bash', '-c', 'echo "Reading data"']
[2023-02-02T10:02:18.871+0000] {subprocess.py:86} INFO - Output:
[2023-02-02T10:02:18.873+0000] {subprocess.py:93} INFO - Reading data
[2023-02-02T10:02:18.875+0000] {subprocess.py:97} INFO - Command exited with return code 0
[2023-02-02T10:02:18.914+0000] {taskinstance.py:1323} INFO - Marking task as SUCCESS. dag_id=CSV_DAG, task_id=starting, execution_date=20230202T031500, start_date=20230202T100218, end_date=20230202T100218
[2023-02-02T10:02:18.959+0000] {local_task_job.py:208} INFO - Task exited with return code 0
[2023-02-02T10:02:18.992+0000] {taskinstance.py:2578} INFO - 1 downstream tasks scheduled from follow-on schedule check
