[2023-02-02T10:03:39.174+0000] {taskinstance.py:1083} INFO - Dependencies all met for <TaskInstance: CSV_DAG.starting scheduled__2023-02-02T07:50:00+00:00 [queued]>
[2023-02-02T10:03:39.217+0000] {taskinstance.py:1083} INFO - Dependencies all met for <TaskInstance: CSV_DAG.starting scheduled__2023-02-02T07:50:00+00:00 [queued]>
[2023-02-02T10:03:39.219+0000] {taskinstance.py:1279} INFO - 
--------------------------------------------------------------------------------
[2023-02-02T10:03:39.221+0000] {taskinstance.py:1280} INFO - Starting attempt 1 of 2
[2023-02-02T10:03:39.222+0000] {taskinstance.py:1281} INFO - 
--------------------------------------------------------------------------------
[2023-02-02T10:03:39.259+0000] {taskinstance.py:1300} INFO - Executing <Task(BashOperator): starting> on 2023-02-02 07:50:00+00:00
[2023-02-02T10:03:39.269+0000] {standard_task_runner.py:55} INFO - Started process 1309 to run task
[2023-02-02T10:03:39.309+0000] {standard_task_runner.py:82} INFO - Running: ['***', 'tasks', 'run', 'CSV_DAG', 'starting', 'scheduled__2023-02-02T07:50:00+00:00', '--job-id', '787', '--raw', '--subdir', 'DAGS_FOLDER/csv.py', '--cfg-path', '/tmp/tmp8wos1red']
[2023-02-02T10:03:39.324+0000] {standard_task_runner.py:83} INFO - Job 787: Subtask starting
[2023-02-02T10:03:39.506+0000] {task_command.py:388} INFO - Running <TaskInstance: CSV_DAG.starting scheduled__2023-02-02T07:50:00+00:00 [running]> on host 06d8060e8530
[2023-02-02T10:03:39.734+0000] {taskinstance.py:1509} INFO - Exporting the following env vars:
AIRFLOW_CTX_DAG_OWNER=Kevin Chalmers
AIRFLOW_CTX_DAG_ID=CSV_DAG
AIRFLOW_CTX_TASK_ID=starting
AIRFLOW_CTX_EXECUTION_DATE=2023-02-02T07:50:00+00:00
AIRFLOW_CTX_TRY_NUMBER=1
AIRFLOW_CTX_DAG_RUN_ID=scheduled__2023-02-02T07:50:00+00:00
[2023-02-02T10:03:39.747+0000] {subprocess.py:63} INFO - Tmp dir root location: 
 /tmp
[2023-02-02T10:03:39.753+0000] {subprocess.py:75} INFO - Running command: ['/bin/bash', '-c', 'echo "Reading data"']
[2023-02-02T10:03:39.825+0000] {subprocess.py:86} INFO - Output:
[2023-02-02T10:03:39.829+0000] {subprocess.py:93} INFO - Reading data
[2023-02-02T10:03:39.832+0000] {subprocess.py:97} INFO - Command exited with return code 0
[2023-02-02T10:03:39.898+0000] {taskinstance.py:1323} INFO - Marking task as SUCCESS. dag_id=CSV_DAG, task_id=starting, execution_date=20230202T075000, start_date=20230202T100339, end_date=20230202T100339
[2023-02-02T10:03:40.041+0000] {local_task_job.py:208} INFO - Task exited with return code 0
[2023-02-02T10:03:40.114+0000] {taskinstance.py:2578} INFO - 1 downstream tasks scheduled from follow-on schedule check
