[2023-02-02T10:00:39.570+0000] {taskinstance.py:1083} INFO - Dependencies all met for <TaskInstance: CSV_DAG.convertCSVToJson scheduled__2023-02-01T21:50:00+00:00 [queued]>
[2023-02-02T10:00:39.606+0000] {taskinstance.py:1083} INFO - Dependencies all met for <TaskInstance: CSV_DAG.convertCSVToJson scheduled__2023-02-01T21:50:00+00:00 [queued]>
[2023-02-02T10:00:39.608+0000] {taskinstance.py:1279} INFO - 
--------------------------------------------------------------------------------
[2023-02-02T10:00:39.613+0000] {taskinstance.py:1280} INFO - Starting attempt 1 of 2
[2023-02-02T10:00:39.617+0000] {taskinstance.py:1281} INFO - 
--------------------------------------------------------------------------------
[2023-02-02T10:00:39.672+0000] {taskinstance.py:1300} INFO - Executing <Task(PythonOperator): convertCSVToJson> on 2023-02-01 21:50:00+00:00
[2023-02-02T10:00:39.695+0000] {standard_task_runner.py:55} INFO - Started process 339 to run task
[2023-02-02T10:00:39.711+0000] {standard_task_runner.py:82} INFO - Running: ['***', 'tasks', 'run', 'CSV_DAG', 'convertCSVToJson', 'scheduled__2023-02-01T21:50:00+00:00', '--job-id', '554', '--raw', '--subdir', 'DAGS_FOLDER/csv.py', '--cfg-path', '/tmp/tmpteu3h1ra']
[2023-02-02T10:00:39.715+0000] {standard_task_runner.py:83} INFO - Job 554: Subtask convertCSVToJson
[2023-02-02T10:00:40.016+0000] {task_command.py:388} INFO - Running <TaskInstance: CSV_DAG.convertCSVToJson scheduled__2023-02-01T21:50:00+00:00 [running]> on host 06d8060e8530
[2023-02-02T10:00:40.271+0000] {taskinstance.py:1509} INFO - Exporting the following env vars:
AIRFLOW_CTX_DAG_OWNER=Kevin Chalmers
AIRFLOW_CTX_DAG_ID=CSV_DAG
AIRFLOW_CTX_TASK_ID=convertCSVToJson
AIRFLOW_CTX_EXECUTION_DATE=2023-02-01T21:50:00+00:00
AIRFLOW_CTX_TRY_NUMBER=1
AIRFLOW_CTX_DAG_RUN_ID=scheduled__2023-02-01T21:50:00+00:00
[2023-02-02T10:00:40.337+0000] {logging_mixin.py:137} INFO - Angelica Lopez
[2023-02-02T10:00:40.350+0000] {logging_mixin.py:137} INFO - Betty Wright
[2023-02-02T10:00:40.354+0000] {logging_mixin.py:137} INFO - Sara Schmidt
[2023-02-02T10:00:40.365+0000] {logging_mixin.py:137} INFO - Dr. Sherry Rodriguez
[2023-02-02T10:00:40.370+0000] {logging_mixin.py:137} INFO - Rebecca Mills
[2023-02-02T10:00:40.373+0000] {logging_mixin.py:137} INFO - Andrew Anderson
[2023-02-02T10:00:40.375+0000] {logging_mixin.py:137} INFO - Martin Everett
[2023-02-02T10:00:40.378+0000] {logging_mixin.py:137} INFO - Felicia Gregory
[2023-02-02T10:00:40.386+0000] {logging_mixin.py:137} INFO - Kara Bowers
[2023-02-02T10:00:40.389+0000] {logging_mixin.py:137} INFO - Vincent Vincent
[2023-02-02T10:00:40.395+0000] {logging_mixin.py:137} INFO - Morgan Butler
[2023-02-02T10:00:40.399+0000] {logging_mixin.py:137} INFO - Stephen Riley
[2023-02-02T10:00:40.409+0000] {logging_mixin.py:137} INFO - Wanda Thomas
[2023-02-02T10:00:40.416+0000] {logging_mixin.py:137} INFO - Michelle Schultz
[2023-02-02T10:00:40.417+0000] {logging_mixin.py:137} INFO - Christopher Rush MD
[2023-02-02T10:00:40.420+0000] {logging_mixin.py:137} INFO - Phyllis Miles
[2023-02-02T10:00:40.421+0000] {logging_mixin.py:137} INFO - Rebecca Price
[2023-02-02T10:00:40.428+0000] {logging_mixin.py:137} INFO - John Morse
[2023-02-02T10:00:40.430+0000] {logging_mixin.py:137} INFO - Nicholas Sanchez
[2023-02-02T10:00:40.433+0000] {logging_mixin.py:137} INFO - Crystal Dean
[2023-02-02T10:00:40.440+0000] {logging_mixin.py:137} INFO - Tyler Diaz
[2023-02-02T10:00:40.446+0000] {logging_mixin.py:137} INFO - Denise Mclean
[2023-02-02T10:00:40.448+0000] {logging_mixin.py:137} INFO - Daniel Grant
[2023-02-02T10:00:40.451+0000] {logging_mixin.py:137} INFO - Sandra Peterson
[2023-02-02T10:00:40.454+0000] {logging_mixin.py:137} INFO - Denise Morse
[2023-02-02T10:00:40.460+0000] {logging_mixin.py:137} INFO - Brianna Smith
[2023-02-02T10:00:40.463+0000] {logging_mixin.py:137} INFO - Tony Miller
[2023-02-02T10:00:40.466+0000] {logging_mixin.py:137} INFO - Jean Booth
[2023-02-02T10:00:40.467+0000] {logging_mixin.py:137} INFO - Penny Salazar
[2023-02-02T10:00:40.472+0000] {logging_mixin.py:137} INFO - Cathy Williams
[2023-02-02T10:00:40.476+0000] {logging_mixin.py:137} INFO - Hannah Collins
[2023-02-02T10:00:40.482+0000] {logging_mixin.py:137} INFO - Maurice Casey
[2023-02-02T10:00:40.484+0000] {logging_mixin.py:137} INFO - Patrick Walker
[2023-02-02T10:00:40.488+0000] {logging_mixin.py:137} INFO - Pamela Barton
[2023-02-02T10:00:40.495+0000] {logging_mixin.py:137} INFO - Anthony Bryant
[2023-02-02T10:00:40.498+0000] {logging_mixin.py:137} INFO - Andrew Harris
[2023-02-02T10:00:40.501+0000] {logging_mixin.py:137} INFO - Aaron Harris
[2023-02-02T10:00:40.504+0000] {logging_mixin.py:137} INFO - Maureen Soto
[2023-02-02T10:00:40.505+0000] {logging_mixin.py:137} INFO - Crystal Mcdaniel
[2023-02-02T10:00:40.512+0000] {logging_mixin.py:137} INFO - Lauren Barrett
[2023-02-02T10:00:40.517+0000] {logging_mixin.py:137} INFO - Brandon Perez
[2023-02-02T10:00:40.522+0000] {logging_mixin.py:137} INFO - Mark Robertson
[2023-02-02T10:00:40.527+0000] {logging_mixin.py:137} INFO - Nicole Gates
[2023-02-02T10:00:40.532+0000] {logging_mixin.py:137} INFO - Bradley Cruz
[2023-02-02T10:00:40.534+0000] {logging_mixin.py:137} INFO - Gina Burns
[2023-02-02T10:00:40.537+0000] {logging_mixin.py:137} INFO - Zachary Martinez
[2023-02-02T10:00:40.543+0000] {logging_mixin.py:137} INFO - Natasha Johnson
[2023-02-02T10:00:40.547+0000] {logging_mixin.py:137} INFO - Patrick Gonzales
[2023-02-02T10:00:40.550+0000] {logging_mixin.py:137} INFO - Terri Wilson
[2023-02-02T10:00:40.556+0000] {logging_mixin.py:137} INFO - Sarah Lopez
[2023-02-02T10:00:40.558+0000] {logging_mixin.py:137} INFO - Dana Turner
[2023-02-02T10:00:40.559+0000] {logging_mixin.py:137} INFO - Cynthia Johnson
[2023-02-02T10:00:40.561+0000] {logging_mixin.py:137} INFO - William Thornton
[2023-02-02T10:00:40.564+0000] {logging_mixin.py:137} INFO - James Lee
[2023-02-02T10:00:40.569+0000] {logging_mixin.py:137} INFO - Stephen Allen
[2023-02-02T10:00:40.574+0000] {logging_mixin.py:137} INFO - William Stark
[2023-02-02T10:00:40.581+0000] {logging_mixin.py:137} INFO - Michael Parker
[2023-02-02T10:00:40.582+0000] {logging_mixin.py:137} INFO - Lisa Stephens
[2023-02-02T10:00:40.584+0000] {logging_mixin.py:137} INFO - Mr. Reginald Wise DDS
[2023-02-02T10:00:40.587+0000] {logging_mixin.py:137} INFO - Alexander James
[2023-02-02T10:00:40.590+0000] {logging_mixin.py:137} INFO - Kristen West
[2023-02-02T10:00:40.591+0000] {logging_mixin.py:137} INFO - Elizabeth Sanchez
[2023-02-02T10:00:40.597+0000] {logging_mixin.py:137} INFO - Jennifer Wilson
[2023-02-02T10:00:40.599+0000] {logging_mixin.py:137} INFO - Catherine Nicholson
[2023-02-02T10:00:40.601+0000] {logging_mixin.py:137} INFO - David Henderson
[2023-02-02T10:00:40.617+0000] {logging_mixin.py:137} INFO - Stephen Davis
[2023-02-02T10:00:40.620+0000] {logging_mixin.py:137} INFO - Paul Skinner
[2023-02-02T10:00:40.623+0000] {logging_mixin.py:137} INFO - Rebecca Wong
[2023-02-02T10:00:40.628+0000] {logging_mixin.py:137} INFO - Tara Benitez
[2023-02-02T10:00:40.635+0000] {logging_mixin.py:137} INFO - Sharon Miller
[2023-02-02T10:00:40.642+0000] {logging_mixin.py:137} INFO - Cynthia Smith
[2023-02-02T10:00:40.647+0000] {logging_mixin.py:137} INFO - Jennifer Werner
[2023-02-02T10:00:40.655+0000] {logging_mixin.py:137} INFO - Rebecca Tucker
[2023-02-02T10:00:40.660+0000] {logging_mixin.py:137} INFO - Ashlee Castillo
[2023-02-02T10:00:40.663+0000] {logging_mixin.py:137} INFO - Christopher Holmes
[2023-02-02T10:00:40.667+0000] {logging_mixin.py:137} INFO - Daniel Velez
[2023-02-02T10:00:40.671+0000] {logging_mixin.py:137} INFO - Amy Serrano
[2023-02-02T10:00:40.675+0000] {logging_mixin.py:137} INFO - Alison Nash
[2023-02-02T10:00:40.681+0000] {logging_mixin.py:137} INFO - Peter Johnson
[2023-02-02T10:00:40.684+0000] {logging_mixin.py:137} INFO - Breanna Harris
[2023-02-02T10:00:40.687+0000] {logging_mixin.py:137} INFO - Eric King
[2023-02-02T10:00:40.692+0000] {logging_mixin.py:137} INFO - Patricia Oliver
[2023-02-02T10:00:40.697+0000] {logging_mixin.py:137} INFO - Denise Grimes
[2023-02-02T10:00:40.700+0000] {logging_mixin.py:137} INFO - Jill Olson
[2023-02-02T10:00:40.702+0000] {logging_mixin.py:137} INFO - Stephanie Hart
[2023-02-02T10:00:40.709+0000] {logging_mixin.py:137} INFO - Ashley Lee
[2023-02-02T10:00:40.717+0000] {logging_mixin.py:137} INFO - Kelly Barnes
[2023-02-02T10:00:40.722+0000] {logging_mixin.py:137} INFO - Christie West
[2023-02-02T10:00:40.725+0000] {logging_mixin.py:137} INFO - Todd Nolan
[2023-02-02T10:00:40.732+0000] {logging_mixin.py:137} INFO - Sarah Reed
[2023-02-02T10:00:40.738+0000] {logging_mixin.py:137} INFO - Jennifer Keith
[2023-02-02T10:00:40.741+0000] {logging_mixin.py:137} INFO - Shawn Alvarez
[2023-02-02T10:00:40.752+0000] {logging_mixin.py:137} INFO - Alexander Wilson
[2023-02-02T10:00:40.757+0000] {logging_mixin.py:137} INFO - Rachel Melendez
[2023-02-02T10:00:40.761+0000] {logging_mixin.py:137} INFO - Morgan Walters
[2023-02-02T10:00:40.763+0000] {logging_mixin.py:137} INFO - Nicole Garcia
[2023-02-02T10:00:40.765+0000] {logging_mixin.py:137} INFO - Jennifer White
[2023-02-02T10:00:40.767+0000] {logging_mixin.py:137} INFO - Leslie Shannon
[2023-02-02T10:00:40.772+0000] {logging_mixin.py:137} INFO - Lisa Clayton
[2023-02-02T10:00:40.774+0000] {logging_mixin.py:137} INFO - Zachary Molina
[2023-02-02T10:00:40.776+0000] {logging_mixin.py:137} INFO - Bruce Butler
[2023-02-02T10:00:40.778+0000] {logging_mixin.py:137} INFO - Dustin Howell
[2023-02-02T10:00:40.779+0000] {logging_mixin.py:137} INFO - Aaron Smith
[2023-02-02T10:00:40.781+0000] {logging_mixin.py:137} INFO - Kyle Green
[2023-02-02T10:00:40.783+0000] {logging_mixin.py:137} INFO - Steven Clark
[2023-02-02T10:00:40.785+0000] {logging_mixin.py:137} INFO - Robert Holden
[2023-02-02T10:00:40.791+0000] {logging_mixin.py:137} INFO - Zachary Harmon
[2023-02-02T10:00:40.799+0000] {logging_mixin.py:137} INFO - Rachel Miller
[2023-02-02T10:00:40.801+0000] {logging_mixin.py:137} INFO - Brandon Parker
[2023-02-02T10:00:40.806+0000] {logging_mixin.py:137} INFO - Walter Martin
[2023-02-02T10:00:40.808+0000] {logging_mixin.py:137} INFO - Jose Young
[2023-02-02T10:00:40.810+0000] {logging_mixin.py:137} INFO - Kelsey Long
[2023-02-02T10:00:40.813+0000] {logging_mixin.py:137} INFO - William Harper
[2023-02-02T10:00:40.819+0000] {logging_mixin.py:137} INFO - Alejandro Lambert
[2023-02-02T10:00:40.821+0000] {logging_mixin.py:137} INFO - Stephanie Carson
[2023-02-02T10:00:40.822+0000] {logging_mixin.py:137} INFO - Diana Ortega MD
[2023-02-02T10:00:40.825+0000] {logging_mixin.py:137} INFO - Janet Morales
[2023-02-02T10:00:40.829+0000] {logging_mixin.py:137} INFO - Eric Fisher
[2023-02-02T10:00:40.834+0000] {logging_mixin.py:137} INFO - Louis Baker
[2023-02-02T10:00:40.837+0000] {logging_mixin.py:137} INFO - Cindy Ward
[2023-02-02T10:00:40.842+0000] {logging_mixin.py:137} INFO - Ana Jenkins
[2023-02-02T10:00:40.845+0000] {logging_mixin.py:137} INFO - Leslie Barton
[2023-02-02T10:00:40.848+0000] {logging_mixin.py:137} INFO - Gregory Price
[2023-02-02T10:00:40.850+0000] {logging_mixin.py:137} INFO - Brandon Moore
[2023-02-02T10:00:40.852+0000] {logging_mixin.py:137} INFO - Heather Garrett
[2023-02-02T10:00:40.856+0000] {logging_mixin.py:137} INFO - Cindy Hawkins
[2023-02-02T10:00:40.859+0000] {logging_mixin.py:137} INFO - Mr. Frank Snyder Jr.
[2023-02-02T10:00:40.867+0000] {logging_mixin.py:137} INFO - Megan Wang
[2023-02-02T10:00:40.869+0000] {logging_mixin.py:137} INFO - Jennifer Fleming
[2023-02-02T10:00:40.871+0000] {logging_mixin.py:137} INFO - Gary Hodge
[2023-02-02T10:00:40.876+0000] {logging_mixin.py:137} INFO - Nichole Miller
[2023-02-02T10:00:40.879+0000] {logging_mixin.py:137} INFO - Mitchell Mendoza
[2023-02-02T10:00:40.886+0000] {logging_mixin.py:137} INFO - Bradley Horton
[2023-02-02T10:00:40.888+0000] {logging_mixin.py:137} INFO - Michelle Hess
[2023-02-02T10:00:40.891+0000] {logging_mixin.py:137} INFO - Ronald Torres
[2023-02-02T10:00:40.896+0000] {logging_mixin.py:137} INFO - Raymond Hudson
[2023-02-02T10:00:40.898+0000] {logging_mixin.py:137} INFO - Vincent Jackson
[2023-02-02T10:00:40.899+0000] {logging_mixin.py:137} INFO - Susan Carey
[2023-02-02T10:00:40.902+0000] {logging_mixin.py:137} INFO - Chase Wilson
[2023-02-02T10:00:40.910+0000] {logging_mixin.py:137} INFO - Tonya Baldwin
[2023-02-02T10:00:40.911+0000] {logging_mixin.py:137} INFO - Mrs. Tina Davis
[2023-02-02T10:00:40.915+0000] {logging_mixin.py:137} INFO - Scott Garrett
[2023-02-02T10:00:40.918+0000] {logging_mixin.py:137} INFO - Michael Wilson
[2023-02-02T10:00:40.920+0000] {logging_mixin.py:137} INFO - Andrew Orozco
[2023-02-02T10:00:40.922+0000] {logging_mixin.py:137} INFO - Troy Carson
[2023-02-02T10:00:40.925+0000] {logging_mixin.py:137} INFO - Alex Winters
[2023-02-02T10:00:40.931+0000] {logging_mixin.py:137} INFO - Toni Frank
[2023-02-02T10:00:40.933+0000] {logging_mixin.py:137} INFO - Kathleen Snyder
[2023-02-02T10:00:40.935+0000] {logging_mixin.py:137} INFO - Anna Lopez
[2023-02-02T10:00:40.940+0000] {logging_mixin.py:137} INFO - Charles Brown
[2023-02-02T10:00:40.943+0000] {logging_mixin.py:137} INFO - Barry Ross
[2023-02-02T10:00:40.946+0000] {logging_mixin.py:137} INFO - Emily Ramirez
[2023-02-02T10:00:40.949+0000] {logging_mixin.py:137} INFO - Anna Williams
[2023-02-02T10:00:40.952+0000] {logging_mixin.py:137} INFO - Kristin Pennington
[2023-02-02T10:00:40.954+0000] {logging_mixin.py:137} INFO - Mary Aguirre
[2023-02-02T10:00:40.959+0000] {logging_mixin.py:137} INFO - Austin Santos
[2023-02-02T10:00:40.973+0000] {logging_mixin.py:137} INFO - David Nelson
[2023-02-02T10:00:40.976+0000] {logging_mixin.py:137} INFO - Alyssa Mcbride
[2023-02-02T10:00:40.978+0000] {logging_mixin.py:137} INFO - Lisa Gibson
[2023-02-02T10:00:40.981+0000] {logging_mixin.py:137} INFO - Alexander Kelly
[2023-02-02T10:00:40.984+0000] {logging_mixin.py:137} INFO - Ronald Thomas
[2023-02-02T10:00:40.990+0000] {logging_mixin.py:137} INFO - Michael Hurst
[2023-02-02T10:00:40.991+0000] {logging_mixin.py:137} INFO - Lauren Ward
[2023-02-02T10:00:40.995+0000] {logging_mixin.py:137} INFO - Christian Terry
[2023-02-02T10:00:40.999+0000] {logging_mixin.py:137} INFO - Jared Black
[2023-02-02T10:00:41.017+0000] {logging_mixin.py:137} INFO - Anthony Brown
[2023-02-02T10:00:41.019+0000] {logging_mixin.py:137} INFO - John Cole
[2023-02-02T10:00:41.021+0000] {logging_mixin.py:137} INFO - David Lee
[2023-02-02T10:00:41.023+0000] {logging_mixin.py:137} INFO - Lori Thomas
[2023-02-02T10:00:41.024+0000] {logging_mixin.py:137} INFO - Daniel Herman
[2023-02-02T10:00:41.036+0000] {logging_mixin.py:137} INFO - Pam Williams
[2023-02-02T10:00:41.039+0000] {logging_mixin.py:137} INFO - Sarah Jenkins
[2023-02-02T10:00:41.041+0000] {logging_mixin.py:137} INFO - Susan Mitchell
[2023-02-02T10:00:41.042+0000] {logging_mixin.py:137} INFO - Jacqueline Green
[2023-02-02T10:00:41.044+0000] {logging_mixin.py:137} INFO - Victoria Garrison
[2023-02-02T10:00:41.045+0000] {logging_mixin.py:137} INFO - Jonathan Daniels
[2023-02-02T10:00:41.047+0000] {logging_mixin.py:137} INFO - Trevor Hansen
[2023-02-02T10:00:41.052+0000] {logging_mixin.py:137} INFO - Laurie Bowen
[2023-02-02T10:00:41.057+0000] {logging_mixin.py:137} INFO - James Cline
[2023-02-02T10:00:41.059+0000] {logging_mixin.py:137} INFO - Michael Rose
[2023-02-02T10:00:41.063+0000] {logging_mixin.py:137} INFO - Lawrence Juarez
[2023-02-02T10:00:41.066+0000] {logging_mixin.py:137} INFO - Lucas Caldwell
[2023-02-02T10:00:41.067+0000] {logging_mixin.py:137} INFO - Laura Jackson
[2023-02-02T10:00:41.068+0000] {logging_mixin.py:137} INFO - Sherri Thornton
[2023-02-02T10:00:41.074+0000] {logging_mixin.py:137} INFO - Alice Wilson
[2023-02-02T10:00:41.079+0000] {logging_mixin.py:137} INFO - Diane Williams
[2023-02-02T10:00:41.081+0000] {logging_mixin.py:137} INFO - Kara Martin
[2023-02-02T10:00:41.083+0000] {logging_mixin.py:137} INFO - Joseph Moore
[2023-02-02T10:00:41.087+0000] {logging_mixin.py:137} INFO - Jesse Moses
[2023-02-02T10:00:41.089+0000] {logging_mixin.py:137} INFO - Lisa Mccall
[2023-02-02T10:00:41.091+0000] {logging_mixin.py:137} INFO - Alexandra Mccoy
[2023-02-02T10:00:41.092+0000] {logging_mixin.py:137} INFO - Daniel Martin
[2023-02-02T10:00:41.094+0000] {logging_mixin.py:137} INFO - Claudia Peck
[2023-02-02T10:00:41.096+0000] {logging_mixin.py:137} INFO - Jessica Mcconnell
[2023-02-02T10:00:41.099+0000] {logging_mixin.py:137} INFO - Kevin Walker
[2023-02-02T10:00:41.111+0000] {logging_mixin.py:137} INFO - Christina Lee
[2023-02-02T10:00:41.119+0000] {logging_mixin.py:137} INFO - Christopher Schroeder
[2023-02-02T10:00:41.121+0000] {logging_mixin.py:137} INFO - Melissa Parker
[2023-02-02T10:00:41.123+0000] {logging_mixin.py:137} INFO - Janet Molina
[2023-02-02T10:00:41.126+0000] {logging_mixin.py:137} INFO - Barbara Harris
[2023-02-02T10:00:41.128+0000] {logging_mixin.py:137} INFO - Joseph Hurley
[2023-02-02T10:00:41.131+0000] {logging_mixin.py:137} INFO - Greg Hayden
[2023-02-02T10:00:41.133+0000] {logging_mixin.py:137} INFO - Edwin Adams
[2023-02-02T10:00:41.136+0000] {logging_mixin.py:137} INFO - Ashley Hunter
[2023-02-02T10:00:41.138+0000] {logging_mixin.py:137} INFO - Jennifer Tucker
[2023-02-02T10:00:41.140+0000] {logging_mixin.py:137} INFO - Eddie Gray
[2023-02-02T10:00:41.143+0000] {logging_mixin.py:137} INFO - Jennifer Evans
[2023-02-02T10:00:41.147+0000] {logging_mixin.py:137} INFO - Stephen Carey
[2023-02-02T10:00:41.149+0000] {logging_mixin.py:137} INFO - Samantha Campos
[2023-02-02T10:00:41.154+0000] {logging_mixin.py:137} INFO - Meagan Brown
[2023-02-02T10:00:41.156+0000] {logging_mixin.py:137} INFO - Miss Marisa Barber
[2023-02-02T10:00:41.158+0000] {logging_mixin.py:137} INFO - Jay Mann
[2023-02-02T10:00:41.159+0000] {logging_mixin.py:137} INFO - Matthew Campbell
[2023-02-02T10:00:41.161+0000] {logging_mixin.py:137} INFO - Brent Rodriguez
[2023-02-02T10:00:41.166+0000] {logging_mixin.py:137} INFO - Teresa Ross
[2023-02-02T10:00:41.169+0000] {logging_mixin.py:137} INFO - Mary Martinez
[2023-02-02T10:00:41.171+0000] {logging_mixin.py:137} INFO - Joseph Lewis
[2023-02-02T10:00:41.176+0000] {logging_mixin.py:137} INFO - Dale Davis
[2023-02-02T10:00:41.179+0000] {logging_mixin.py:137} INFO - Elizabeth Evans
[2023-02-02T10:00:41.181+0000] {logging_mixin.py:137} INFO - Shannon Wang
[2023-02-02T10:00:41.184+0000] {logging_mixin.py:137} INFO - Brandon Campbell
[2023-02-02T10:00:41.185+0000] {logging_mixin.py:137} INFO - Rhonda Pace
[2023-02-02T10:00:41.187+0000] {logging_mixin.py:137} INFO - Sarah Santos
[2023-02-02T10:00:41.188+0000] {logging_mixin.py:137} INFO - Jacob Ford
[2023-02-02T10:00:41.190+0000] {logging_mixin.py:137} INFO - Matthew Hansen
[2023-02-02T10:00:41.194+0000] {logging_mixin.py:137} INFO - Amy Ray
[2023-02-02T10:00:41.198+0000] {logging_mixin.py:137} INFO - Aaron Fields
[2023-02-02T10:00:41.199+0000] {logging_mixin.py:137} INFO - Mary Taylor
[2023-02-02T10:00:41.202+0000] {logging_mixin.py:137} INFO - James Morris
[2023-02-02T10:00:41.204+0000] {logging_mixin.py:137} INFO - Darrell Cain
[2023-02-02T10:00:41.208+0000] {logging_mixin.py:137} INFO - Michael Smith
[2023-02-02T10:00:41.210+0000] {logging_mixin.py:137} INFO - Scott Coleman
[2023-02-02T10:00:41.212+0000] {logging_mixin.py:137} INFO - David Fitzpatrick
[2023-02-02T10:00:41.214+0000] {logging_mixin.py:137} INFO - Debra Shepherd
[2023-02-02T10:00:41.216+0000] {logging_mixin.py:137} INFO - Paul Rush
[2023-02-02T10:00:41.221+0000] {logging_mixin.py:137} INFO - Brett Hernandez
[2023-02-02T10:00:41.224+0000] {logging_mixin.py:137} INFO - Sheila Riddle
[2023-02-02T10:00:41.226+0000] {logging_mixin.py:137} INFO - Joan Austin
[2023-02-02T10:00:41.228+0000] {logging_mixin.py:137} INFO - Michael Garcia
[2023-02-02T10:00:41.232+0000] {logging_mixin.py:137} INFO - Natalie Harris
[2023-02-02T10:00:41.234+0000] {logging_mixin.py:137} INFO - Steven Dean
[2023-02-02T10:00:41.236+0000] {logging_mixin.py:137} INFO - John Brown
[2023-02-02T10:00:41.238+0000] {logging_mixin.py:137} INFO - Keith Zimmerman
[2023-02-02T10:00:41.241+0000] {logging_mixin.py:137} INFO - Curtis Byrd
[2023-02-02T10:00:41.249+0000] {logging_mixin.py:137} INFO - Mariah Green
[2023-02-02T10:00:41.251+0000] {logging_mixin.py:137} INFO - Roger Huynh
[2023-02-02T10:00:41.253+0000] {logging_mixin.py:137} INFO - Christopher Zamora
[2023-02-02T10:00:41.254+0000] {logging_mixin.py:137} INFO - Joyce Crawford
[2023-02-02T10:00:41.257+0000] {logging_mixin.py:137} INFO - Angela Smith
[2023-02-02T10:00:41.272+0000] {logging_mixin.py:137} INFO - Veronica Robinson
[2023-02-02T10:00:41.280+0000] {logging_mixin.py:137} INFO - Christopher Bates
[2023-02-02T10:00:41.282+0000] {logging_mixin.py:137} INFO - Steve Stone
[2023-02-02T10:00:41.284+0000] {logging_mixin.py:137} INFO - William Cook
[2023-02-02T10:00:41.289+0000] {logging_mixin.py:137} INFO - Lori Wood
[2023-02-02T10:00:41.292+0000] {logging_mixin.py:137} INFO - Jillian Reynolds
[2023-02-02T10:00:41.293+0000] {logging_mixin.py:137} INFO - Angela Caldwell
[2023-02-02T10:00:41.294+0000] {logging_mixin.py:137} INFO - Shane Campbell
[2023-02-02T10:00:41.300+0000] {logging_mixin.py:137} INFO - Karen Lawrence
[2023-02-02T10:00:41.302+0000] {logging_mixin.py:137} INFO - Kimberly Wood
[2023-02-02T10:00:41.304+0000] {logging_mixin.py:137} INFO - Samantha Lopez
[2023-02-02T10:00:41.305+0000] {logging_mixin.py:137} INFO - Harold Miller
[2023-02-02T10:00:41.306+0000] {logging_mixin.py:137} INFO - Raymond Cooper DVM
[2023-02-02T10:00:41.307+0000] {logging_mixin.py:137} INFO - Kristen Patel
[2023-02-02T10:00:41.309+0000] {logging_mixin.py:137} INFO - Anthony Mejia
[2023-02-02T10:00:41.310+0000] {logging_mixin.py:137} INFO - Raymond Thomas
[2023-02-02T10:00:41.313+0000] {logging_mixin.py:137} INFO - Scott Young
[2023-02-02T10:00:41.315+0000] {logging_mixin.py:137} INFO - David Larson
[2023-02-02T10:00:41.320+0000] {logging_mixin.py:137} INFO - Jon Murray
[2023-02-02T10:00:41.322+0000] {logging_mixin.py:137} INFO - Stephen Taylor
[2023-02-02T10:00:41.325+0000] {logging_mixin.py:137} INFO - Jennifer Hernandez
[2023-02-02T10:00:41.327+0000] {logging_mixin.py:137} INFO - Stacy Smith
[2023-02-02T10:00:41.333+0000] {logging_mixin.py:137} INFO - Juan Owens
[2023-02-02T10:00:41.339+0000] {logging_mixin.py:137} INFO - Brian Adkins
[2023-02-02T10:00:41.343+0000] {logging_mixin.py:137} INFO - Jesse Wells
[2023-02-02T10:00:41.345+0000] {logging_mixin.py:137} INFO - Kyle Matthews
[2023-02-02T10:00:41.348+0000] {logging_mixin.py:137} INFO - Dustin Russell
[2023-02-02T10:00:41.358+0000] {logging_mixin.py:137} INFO - Richard White
[2023-02-02T10:00:41.361+0000] {logging_mixin.py:137} INFO - Brittany Nichols
[2023-02-02T10:00:41.363+0000] {logging_mixin.py:137} INFO - Colton Kelly
[2023-02-02T10:00:41.367+0000] {logging_mixin.py:137} INFO - William Perry
[2023-02-02T10:00:41.370+0000] {logging_mixin.py:137} INFO - Thomas Cummings
[2023-02-02T10:00:41.374+0000] {logging_mixin.py:137} INFO - Timothy Ballard
[2023-02-02T10:00:41.377+0000] {logging_mixin.py:137} INFO - Richard Washington
[2023-02-02T10:00:41.380+0000] {logging_mixin.py:137} INFO - Joshua Lam
[2023-02-02T10:00:41.387+0000] {logging_mixin.py:137} INFO - Grant Jackson
[2023-02-02T10:00:41.403+0000] {logging_mixin.py:137} INFO - Erin Baker
[2023-02-02T10:00:41.406+0000] {logging_mixin.py:137} INFO - Scott Flowers
[2023-02-02T10:00:41.408+0000] {logging_mixin.py:137} INFO - James Adams
[2023-02-02T10:00:41.410+0000] {logging_mixin.py:137} INFO - Heather Alvarado
[2023-02-02T10:00:41.417+0000] {logging_mixin.py:137} INFO - Jennifer Snow
[2023-02-02T10:00:41.419+0000] {logging_mixin.py:137} INFO - Mario Jackson
[2023-02-02T10:00:41.423+0000] {logging_mixin.py:137} INFO - Kevin Collins
[2023-02-02T10:00:41.425+0000] {logging_mixin.py:137} INFO - Danielle Garcia
[2023-02-02T10:00:41.427+0000] {logging_mixin.py:137} INFO - Brenda Jackson
[2023-02-02T10:00:41.430+0000] {logging_mixin.py:137} INFO - Ashley Parker
[2023-02-02T10:00:41.432+0000] {logging_mixin.py:137} INFO - Angela Hickman
[2023-02-02T10:00:41.434+0000] {logging_mixin.py:137} INFO - Carol Rodriguez
[2023-02-02T10:00:41.435+0000] {logging_mixin.py:137} INFO - Vernon Anderson
[2023-02-02T10:00:41.439+0000] {logging_mixin.py:137} INFO - Jesus Church
[2023-02-02T10:00:41.442+0000] {logging_mixin.py:137} INFO - Michelle Medina
[2023-02-02T10:00:41.444+0000] {logging_mixin.py:137} INFO - Nancy Bryant
[2023-02-02T10:00:41.446+0000] {logging_mixin.py:137} INFO - Jennifer Martinez
[2023-02-02T10:00:41.454+0000] {logging_mixin.py:137} INFO - Amy Dougherty
[2023-02-02T10:00:41.462+0000] {logging_mixin.py:137} INFO - Alexis Sanders
[2023-02-02T10:00:41.464+0000] {logging_mixin.py:137} INFO - Austin Salazar
[2023-02-02T10:00:41.467+0000] {logging_mixin.py:137} INFO - Amy Williams
[2023-02-02T10:00:41.471+0000] {logging_mixin.py:137} INFO - Richard Haynes
[2023-02-02T10:00:41.474+0000] {logging_mixin.py:137} INFO - Christine Stark
[2023-02-02T10:00:41.476+0000] {logging_mixin.py:137} INFO - Anita Medina
[2023-02-02T10:00:41.478+0000] {logging_mixin.py:137} INFO - Mr. Thomas Duran
[2023-02-02T10:00:41.480+0000] {logging_mixin.py:137} INFO - Mr. Russell Peterson
[2023-02-02T10:00:41.482+0000] {logging_mixin.py:137} INFO - Jack Richard
[2023-02-02T10:00:41.484+0000] {logging_mixin.py:137} INFO - Michelle Erickson
[2023-02-02T10:00:41.487+0000] {logging_mixin.py:137} INFO - Mitchell Williams
[2023-02-02T10:00:41.493+0000] {logging_mixin.py:137} INFO - Adrian Herrera
[2023-02-02T10:00:41.495+0000] {logging_mixin.py:137} INFO - Michael Brady
[2023-02-02T10:00:41.503+0000] {logging_mixin.py:137} INFO - Jamie Zhang
[2023-02-02T10:00:41.506+0000] {logging_mixin.py:137} INFO - Helen Brennan
[2023-02-02T10:00:41.508+0000] {logging_mixin.py:137} INFO - John Myers
[2023-02-02T10:00:41.510+0000] {logging_mixin.py:137} INFO - Patricia Nash
[2023-02-02T10:00:41.514+0000] {logging_mixin.py:137} INFO - Michael Johnson
[2023-02-02T10:00:41.518+0000] {logging_mixin.py:137} INFO - Anita Berger
[2023-02-02T10:00:41.528+0000] {logging_mixin.py:137} INFO - Jason Guerrero DVM
[2023-02-02T10:00:41.529+0000] {logging_mixin.py:137} INFO - Kimberly Davis
[2023-02-02T10:00:41.532+0000] {logging_mixin.py:137} INFO - Bryan Hansen
[2023-02-02T10:00:41.535+0000] {logging_mixin.py:137} INFO - Rebecca Obrien
[2023-02-02T10:00:41.538+0000] {logging_mixin.py:137} INFO - Sarah Santiago
[2023-02-02T10:00:41.541+0000] {logging_mixin.py:137} INFO - Christine Lane
[2023-02-02T10:00:41.546+0000] {logging_mixin.py:137} INFO - Jerry Lewis
[2023-02-02T10:00:41.551+0000] {logging_mixin.py:137} INFO - Stephanie Miller
[2023-02-02T10:00:41.562+0000] {logging_mixin.py:137} INFO - Kristi Bradley
[2023-02-02T10:00:41.566+0000] {logging_mixin.py:137} INFO - Darren Moore
[2023-02-02T10:00:41.581+0000] {logging_mixin.py:137} INFO - Kristina Cunningham
[2023-02-02T10:00:41.585+0000] {logging_mixin.py:137} INFO - Laurie Moore
[2023-02-02T10:00:41.590+0000] {logging_mixin.py:137} INFO - Aaron Lewis
[2023-02-02T10:00:41.594+0000] {logging_mixin.py:137} INFO - Theresa Vang
[2023-02-02T10:00:41.597+0000] {logging_mixin.py:137} INFO - Chase Reese
[2023-02-02T10:00:41.599+0000] {logging_mixin.py:137} INFO - Matthew Ferguson
[2023-02-02T10:00:41.603+0000] {logging_mixin.py:137} INFO - Victoria Lewis
[2023-02-02T10:00:41.607+0000] {logging_mixin.py:137} INFO - Jon Scott
[2023-02-02T10:00:41.613+0000] {logging_mixin.py:137} INFO - Lisa Campbell
[2023-02-02T10:00:41.616+0000] {logging_mixin.py:137} INFO - David Ramirez
[2023-02-02T10:00:41.618+0000] {logging_mixin.py:137} INFO - Gabriel Rosario
[2023-02-02T10:00:41.620+0000] {logging_mixin.py:137} INFO - Kristi Johnson
[2023-02-02T10:00:41.623+0000] {logging_mixin.py:137} INFO - Jennifer Schwartz
[2023-02-02T10:00:41.628+0000] {logging_mixin.py:137} INFO - Daniel Norton
[2023-02-02T10:00:41.631+0000] {logging_mixin.py:137} INFO - Richard Montoya
[2023-02-02T10:00:41.636+0000] {logging_mixin.py:137} INFO - Daniel Norris
[2023-02-02T10:00:41.639+0000] {logging_mixin.py:137} INFO - Chad Taylor
[2023-02-02T10:00:41.641+0000] {logging_mixin.py:137} INFO - Angie Allen
[2023-02-02T10:00:41.642+0000] {logging_mixin.py:137} INFO - Michael Brooks
[2023-02-02T10:00:41.643+0000] {logging_mixin.py:137} INFO - Hannah Poole
[2023-02-02T10:00:41.645+0000] {logging_mixin.py:137} INFO - Caitlin Ray
[2023-02-02T10:00:41.646+0000] {logging_mixin.py:137} INFO - Mr. Steven Gardner
[2023-02-02T10:00:41.650+0000] {logging_mixin.py:137} INFO - Jennifer Macdonald
[2023-02-02T10:00:41.660+0000] {logging_mixin.py:137} INFO - Vanessa Small
[2023-02-02T10:00:41.668+0000] {logging_mixin.py:137} INFO - Dennis Gray
[2023-02-02T10:00:41.670+0000] {logging_mixin.py:137} INFO - Sandra Kirk
[2023-02-02T10:00:41.673+0000] {logging_mixin.py:137} INFO - Jason Wagner
[2023-02-02T10:00:41.675+0000] {logging_mixin.py:137} INFO - David Owen
[2023-02-02T10:00:41.680+0000] {logging_mixin.py:137} INFO - Rose Terrell
[2023-02-02T10:00:41.684+0000] {logging_mixin.py:137} INFO - James Green MD
[2023-02-02T10:00:41.687+0000] {logging_mixin.py:137} INFO - Tammy Patel
[2023-02-02T10:00:41.691+0000] {logging_mixin.py:137} INFO - Joseph Lucero
[2023-02-02T10:00:41.696+0000] {logging_mixin.py:137} INFO - Stephanie Rojas
[2023-02-02T10:00:41.698+0000] {logging_mixin.py:137} INFO - Brittany Johnson
[2023-02-02T10:00:41.700+0000] {logging_mixin.py:137} INFO - Christina Cummings
[2023-02-02T10:00:41.702+0000] {logging_mixin.py:137} INFO - Eric Downs
[2023-02-02T10:00:41.703+0000] {logging_mixin.py:137} INFO - Paul Finley
[2023-02-02T10:00:41.706+0000] {logging_mixin.py:137} INFO - Danielle Jackson
[2023-02-02T10:00:41.709+0000] {logging_mixin.py:137} INFO - Anna Johnston
[2023-02-02T10:00:41.713+0000] {logging_mixin.py:137} INFO - Ashlee Hodges
[2023-02-02T10:00:41.716+0000] {logging_mixin.py:137} INFO - Thomas Francis
[2023-02-02T10:00:41.719+0000] {logging_mixin.py:137} INFO - Cody Baird
[2023-02-02T10:00:41.721+0000] {logging_mixin.py:137} INFO - Jeffrey Walter
[2023-02-02T10:00:41.724+0000] {logging_mixin.py:137} INFO - Hannah West
[2023-02-02T10:00:41.729+0000] {logging_mixin.py:137} INFO - Anthony Byrd
[2023-02-02T10:00:41.732+0000] {logging_mixin.py:137} INFO - Julie Ramirez
[2023-02-02T10:00:41.734+0000] {logging_mixin.py:137} INFO - Seth Peters
[2023-02-02T10:00:41.737+0000] {logging_mixin.py:137} INFO - Keith Salas
[2023-02-02T10:00:41.743+0000] {logging_mixin.py:137} INFO - Kathryn Evans
[2023-02-02T10:00:41.745+0000] {logging_mixin.py:137} INFO - Dr. Maria Scott
[2023-02-02T10:00:41.750+0000] {logging_mixin.py:137} INFO - Brenda Thomas
[2023-02-02T10:00:41.751+0000] {logging_mixin.py:137} INFO - Travis Douglas
[2023-02-02T10:00:41.755+0000] {logging_mixin.py:137} INFO - Kurt Santos
[2023-02-02T10:00:41.757+0000] {logging_mixin.py:137} INFO - Sean Parrish
[2023-02-02T10:00:41.760+0000] {logging_mixin.py:137} INFO - Brittany Walls
[2023-02-02T10:00:41.764+0000] {logging_mixin.py:137} INFO - Gail Brooks
[2023-02-02T10:00:41.769+0000] {logging_mixin.py:137} INFO - Valerie Johnson
[2023-02-02T10:00:41.771+0000] {logging_mixin.py:137} INFO - Jessica Dunn
[2023-02-02T10:00:41.772+0000] {logging_mixin.py:137} INFO - Chad Robinson
[2023-02-02T10:00:41.774+0000] {logging_mixin.py:137} INFO - Catherine Combs
[2023-02-02T10:00:41.775+0000] {logging_mixin.py:137} INFO - Joshua Boyd
[2023-02-02T10:00:41.776+0000] {logging_mixin.py:137} INFO - Alicia Barnett DVM
[2023-02-02T10:00:41.777+0000] {logging_mixin.py:137} INFO - Kevin Cervantes
[2023-02-02T10:00:41.780+0000] {logging_mixin.py:137} INFO - Larry Lester
[2023-02-02T10:00:41.785+0000] {logging_mixin.py:137} INFO - Deanna Espinoza
[2023-02-02T10:00:41.787+0000] {logging_mixin.py:137} INFO - Marilyn Davis
[2023-02-02T10:00:41.789+0000] {logging_mixin.py:137} INFO - Michael Weeks
[2023-02-02T10:00:41.790+0000] {logging_mixin.py:137} INFO - Brandon Stanton
[2023-02-02T10:00:41.792+0000] {logging_mixin.py:137} INFO - Ryan Boyer Jr.
[2023-02-02T10:00:41.795+0000] {logging_mixin.py:137} INFO - Amanda Elliott
[2023-02-02T10:00:41.796+0000] {logging_mixin.py:137} INFO - David Moore
[2023-02-02T10:00:41.797+0000] {logging_mixin.py:137} INFO - Andre Williams
[2023-02-02T10:00:41.801+0000] {logging_mixin.py:137} INFO - Jennifer Garcia
[2023-02-02T10:00:41.803+0000] {logging_mixin.py:137} INFO - Tracey Cook
[2023-02-02T10:00:41.805+0000] {logging_mixin.py:137} INFO - Michael Turner
[2023-02-02T10:00:41.806+0000] {logging_mixin.py:137} INFO - Diana Long
[2023-02-02T10:00:41.807+0000] {logging_mixin.py:137} INFO - John Bradley
[2023-02-02T10:00:41.809+0000] {logging_mixin.py:137} INFO - Ann Benjamin
[2023-02-02T10:00:41.811+0000] {logging_mixin.py:137} INFO - Shane House
[2023-02-02T10:00:41.813+0000] {logging_mixin.py:137} INFO - Erin Lee
[2023-02-02T10:00:41.817+0000] {logging_mixin.py:137} INFO - Joseph Gray
[2023-02-02T10:00:41.818+0000] {logging_mixin.py:137} INFO - Betty Gibson
[2023-02-02T10:00:41.820+0000] {logging_mixin.py:137} INFO - Kristen Graham
[2023-02-02T10:00:41.824+0000] {logging_mixin.py:137} INFO - Daniel Meza
[2023-02-02T10:00:41.827+0000] {logging_mixin.py:137} INFO - Sherri Carpenter
[2023-02-02T10:00:41.829+0000] {logging_mixin.py:137} INFO - Andrea Sanchez
[2023-02-02T10:00:41.834+0000] {logging_mixin.py:137} INFO - Jordan Rios
[2023-02-02T10:00:41.836+0000] {logging_mixin.py:137} INFO - Elizabeth Jackson
[2023-02-02T10:00:41.838+0000] {logging_mixin.py:137} INFO - Elizabeth Myers
[2023-02-02T10:00:41.843+0000] {logging_mixin.py:137} INFO - Juan Barnes
[2023-02-02T10:00:41.845+0000] {logging_mixin.py:137} INFO - Christopher Lozano
[2023-02-02T10:00:41.847+0000] {logging_mixin.py:137} INFO - Jacqueline Griffin
[2023-02-02T10:00:41.848+0000] {logging_mixin.py:137} INFO - Ryan Mason
[2023-02-02T10:00:41.853+0000] {logging_mixin.py:137} INFO - Jonathan Moore
[2023-02-02T10:00:41.855+0000] {logging_mixin.py:137} INFO - Abigail Landry
[2023-02-02T10:00:41.857+0000] {logging_mixin.py:137} INFO - Brenda Hernandez
[2023-02-02T10:00:41.859+0000] {logging_mixin.py:137} INFO - Zachary Pitts
[2023-02-02T10:00:41.860+0000] {logging_mixin.py:137} INFO - Amanda Rogers
[2023-02-02T10:00:41.864+0000] {logging_mixin.py:137} INFO - Cynthia Gray
[2023-02-02T10:00:41.866+0000] {logging_mixin.py:137} INFO - Tyler Barajas
[2023-02-02T10:00:41.867+0000] {logging_mixin.py:137} INFO - Michelle Leon
[2023-02-02T10:00:41.870+0000] {logging_mixin.py:137} INFO - Kathy Lang
[2023-02-02T10:00:41.872+0000] {logging_mixin.py:137} INFO - Scott Townsend MD
[2023-02-02T10:00:41.874+0000] {logging_mixin.py:137} INFO - Theresa Acosta
[2023-02-02T10:00:41.877+0000] {logging_mixin.py:137} INFO - David Jones
[2023-02-02T10:00:41.878+0000] {logging_mixin.py:137} INFO - Jeremy Robinson
[2023-02-02T10:00:41.880+0000] {logging_mixin.py:137} INFO - James Newton
[2023-02-02T10:00:41.883+0000] {logging_mixin.py:137} INFO - Tracey Wells
[2023-02-02T10:00:41.888+0000] {logging_mixin.py:137} INFO - Maria Nelson
[2023-02-02T10:00:41.890+0000] {logging_mixin.py:137} INFO - Christopher Griffith
[2023-02-02T10:00:41.891+0000] {logging_mixin.py:137} INFO - Zachary Griffin
[2023-02-02T10:00:41.894+0000] {logging_mixin.py:137} INFO - Amy Nguyen
[2023-02-02T10:00:41.895+0000] {logging_mixin.py:137} INFO - April Williams
[2023-02-02T10:00:41.896+0000] {logging_mixin.py:137} INFO - Marissa Kelly
[2023-02-02T10:00:41.898+0000] {logging_mixin.py:137} INFO - Brian Lopez PhD
[2023-02-02T10:00:41.900+0000] {logging_mixin.py:137} INFO - William Williams
[2023-02-02T10:00:41.904+0000] {logging_mixin.py:137} INFO - Norman Brown
[2023-02-02T10:00:41.906+0000] {logging_mixin.py:137} INFO - Charles Fuentes
[2023-02-02T10:00:41.908+0000] {logging_mixin.py:137} INFO - Anthony Chang
[2023-02-02T10:00:41.910+0000] {logging_mixin.py:137} INFO - Mary Bell
[2023-02-02T10:00:41.912+0000] {logging_mixin.py:137} INFO - Elizabeth Stuart
[2023-02-02T10:00:41.913+0000] {logging_mixin.py:137} INFO - Mary Mcdonald
[2023-02-02T10:00:41.915+0000] {logging_mixin.py:137} INFO - Martin Harrison
[2023-02-02T10:00:41.917+0000] {logging_mixin.py:137} INFO - Stephanie Fernandez
[2023-02-02T10:00:41.921+0000] {logging_mixin.py:137} INFO - Christopher Brown
[2023-02-02T10:00:41.924+0000] {logging_mixin.py:137} INFO - Alexander Stephenson
[2023-02-02T10:00:41.925+0000] {logging_mixin.py:137} INFO - Grace Diaz
[2023-02-02T10:00:41.927+0000] {logging_mixin.py:137} INFO - Frank Bartlett
[2023-02-02T10:00:41.929+0000] {logging_mixin.py:137} INFO - Audrey Andersen
[2023-02-02T10:00:41.932+0000] {logging_mixin.py:137} INFO - David Green
[2023-02-02T10:00:41.933+0000] {logging_mixin.py:137} INFO - Joshua Diaz Jr.
[2023-02-02T10:00:41.937+0000] {logging_mixin.py:137} INFO - Emily Garcia
[2023-02-02T10:00:41.940+0000] {logging_mixin.py:137} INFO - Devin Hall
[2023-02-02T10:00:41.942+0000] {logging_mixin.py:137} INFO - Phillip Garner
[2023-02-02T10:00:41.944+0000] {logging_mixin.py:137} INFO - Katherine Estrada
[2023-02-02T10:00:41.945+0000] {logging_mixin.py:137} INFO - Corey Saunders
[2023-02-02T10:00:41.947+0000] {logging_mixin.py:137} INFO - Kimberly Collins
[2023-02-02T10:00:41.948+0000] {logging_mixin.py:137} INFO - Amy Elliott
[2023-02-02T10:00:41.949+0000] {logging_mixin.py:137} INFO - Tanya Jones
[2023-02-02T10:00:41.953+0000] {logging_mixin.py:137} INFO - Patricia Gonzalez
[2023-02-02T10:00:41.955+0000] {logging_mixin.py:137} INFO - Jennifer Hill
[2023-02-02T10:00:41.956+0000] {logging_mixin.py:137} INFO - John Haynes
[2023-02-02T10:00:41.959+0000] {logging_mixin.py:137} INFO - Jacob Henry
[2023-02-02T10:00:41.961+0000] {logging_mixin.py:137} INFO - Daniel Clark
[2023-02-02T10:00:41.962+0000] {logging_mixin.py:137} INFO - Jonathon Taylor
[2023-02-02T10:00:41.963+0000] {logging_mixin.py:137} INFO - Jesse Evans
[2023-02-02T10:00:41.966+0000] {logging_mixin.py:137} INFO - James Martinez
[2023-02-02T10:00:41.969+0000] {logging_mixin.py:137} INFO - Kyle Reyes
[2023-02-02T10:00:41.971+0000] {logging_mixin.py:137} INFO - Terrence Barker
[2023-02-02T10:00:41.973+0000] {logging_mixin.py:137} INFO - Anthony Washington
[2023-02-02T10:00:41.974+0000] {logging_mixin.py:137} INFO - Dustin Le
[2023-02-02T10:00:41.978+0000] {logging_mixin.py:137} INFO - Bruce Clark
[2023-02-02T10:00:41.981+0000] {logging_mixin.py:137} INFO - Keith Anthony
[2023-02-02T10:00:41.984+0000] {logging_mixin.py:137} INFO - Jeremiah Stone
[2023-02-02T10:00:41.986+0000] {logging_mixin.py:137} INFO - Michael Haley
[2023-02-02T10:00:41.990+0000] {logging_mixin.py:137} INFO - Regina Carrillo
[2023-02-02T10:00:41.992+0000] {logging_mixin.py:137} INFO - Jacob Lee
[2023-02-02T10:00:41.994+0000] {logging_mixin.py:137} INFO - Thomas Gonzalez
[2023-02-02T10:00:41.995+0000] {logging_mixin.py:137} INFO - Mark Lawrence
[2023-02-02T10:00:41.997+0000] {logging_mixin.py:137} INFO - Matthew Anderson
[2023-02-02T10:00:41.999+0000] {logging_mixin.py:137} INFO - Nicholas Young
[2023-02-02T10:00:42.002+0000] {logging_mixin.py:137} INFO - Melvin Martinez
[2023-02-02T10:00:42.004+0000] {logging_mixin.py:137} INFO - Scott Green
[2023-02-02T10:00:42.009+0000] {logging_mixin.py:137} INFO - Dana Richards
[2023-02-02T10:00:42.011+0000] {logging_mixin.py:137} INFO - Lauren Moore
[2023-02-02T10:00:42.013+0000] {logging_mixin.py:137} INFO - Terry Campbell
[2023-02-02T10:00:42.015+0000] {logging_mixin.py:137} INFO - Ralph Jordan
[2023-02-02T10:00:42.019+0000] {logging_mixin.py:137} INFO - Noah Reyes
[2023-02-02T10:00:42.020+0000] {logging_mixin.py:137} INFO - Mr. Gregory Mills MD
[2023-02-02T10:00:42.022+0000] {logging_mixin.py:137} INFO - Michelle Yates
[2023-02-02T10:00:42.024+0000] {logging_mixin.py:137} INFO - Robin Reyes
[2023-02-02T10:00:42.025+0000] {logging_mixin.py:137} INFO - Rebecca Smith
[2023-02-02T10:00:42.027+0000] {logging_mixin.py:137} INFO - Nicole Torres
[2023-02-02T10:00:42.029+0000] {logging_mixin.py:137} INFO - Ronald Jones
[2023-02-02T10:00:42.031+0000] {logging_mixin.py:137} INFO - Michael Castaneda
[2023-02-02T10:00:42.033+0000] {logging_mixin.py:137} INFO - Christopher Krueger
[2023-02-02T10:00:42.035+0000] {logging_mixin.py:137} INFO - Jennifer Werner
[2023-02-02T10:00:42.036+0000] {logging_mixin.py:137} INFO - Ashley Smith
[2023-02-02T10:00:42.039+0000] {logging_mixin.py:137} INFO - Alyssa Fields
[2023-02-02T10:00:42.040+0000] {logging_mixin.py:137} INFO - John Scott
[2023-02-02T10:00:42.043+0000] {logging_mixin.py:137} INFO - Debra Delacruz
[2023-02-02T10:00:42.044+0000] {logging_mixin.py:137} INFO - James Madden
[2023-02-02T10:00:42.045+0000] {logging_mixin.py:137} INFO - Joseph Gentry
[2023-02-02T10:00:42.047+0000] {logging_mixin.py:137} INFO - Ashley Cabrera
[2023-02-02T10:00:42.050+0000] {logging_mixin.py:137} INFO - Jennifer Fernandez
[2023-02-02T10:00:42.051+0000] {logging_mixin.py:137} INFO - James Harris
[2023-02-02T10:00:42.053+0000] {logging_mixin.py:137} INFO - Candice Young
[2023-02-02T10:00:42.054+0000] {logging_mixin.py:137} INFO - Lisa Baker
[2023-02-02T10:00:42.059+0000] {logging_mixin.py:137} INFO - Brian Mills DDS
[2023-02-02T10:00:42.063+0000] {logging_mixin.py:137} INFO - Kristin Smith
[2023-02-02T10:00:42.065+0000] {logging_mixin.py:137} INFO - Jacob Collins
[2023-02-02T10:00:42.066+0000] {logging_mixin.py:137} INFO - Kimberly Harris
[2023-02-02T10:00:42.068+0000] {logging_mixin.py:137} INFO - Michael Hull
[2023-02-02T10:00:42.070+0000] {logging_mixin.py:137} INFO - Caitlin Todd
[2023-02-02T10:00:42.072+0000] {logging_mixin.py:137} INFO - Lisa Harris
[2023-02-02T10:00:42.074+0000] {logging_mixin.py:137} INFO - Mrs. Ann Stone
[2023-02-02T10:00:42.076+0000] {logging_mixin.py:137} INFO - Michelle Case
[2023-02-02T10:00:42.078+0000] {logging_mixin.py:137} INFO - Joe Lowe
[2023-02-02T10:00:42.080+0000] {logging_mixin.py:137} INFO - Randall Dunn
[2023-02-02T10:00:42.081+0000] {logging_mixin.py:137} INFO - Paula Vargas
[2023-02-02T10:00:42.083+0000] {logging_mixin.py:137} INFO - Daniel Walker
[2023-02-02T10:00:42.086+0000] {logging_mixin.py:137} INFO - James Jackson
[2023-02-02T10:00:42.094+0000] {logging_mixin.py:137} INFO - Shirley Woodard
[2023-02-02T10:00:42.098+0000] {logging_mixin.py:137} INFO - James Hayes
[2023-02-02T10:00:42.100+0000] {logging_mixin.py:137} INFO - Megan Austin
[2023-02-02T10:00:42.102+0000] {logging_mixin.py:137} INFO - Erin Robertson
[2023-02-02T10:00:42.104+0000] {logging_mixin.py:137} INFO - Robert Phillips
[2023-02-02T10:00:42.106+0000] {logging_mixin.py:137} INFO - Amy Torres
[2023-02-02T10:00:42.108+0000] {logging_mixin.py:137} INFO - Joshua Cox
[2023-02-02T10:00:42.114+0000] {logging_mixin.py:137} INFO - Duane Grimes
[2023-02-02T10:00:42.115+0000] {logging_mixin.py:137} INFO - Jennifer Burgess
[2023-02-02T10:00:42.117+0000] {logging_mixin.py:137} INFO - Carlos Duran
[2023-02-02T10:00:42.119+0000] {logging_mixin.py:137} INFO - Jason Johnson
[2023-02-02T10:00:42.122+0000] {logging_mixin.py:137} INFO - Cameron Greer
[2023-02-02T10:00:42.124+0000] {logging_mixin.py:137} INFO - Randall Williams
[2023-02-02T10:00:42.126+0000] {logging_mixin.py:137} INFO - Jessica Harris
[2023-02-02T10:00:42.128+0000] {logging_mixin.py:137} INFO - Joshua Rogers
[2023-02-02T10:00:42.129+0000] {logging_mixin.py:137} INFO - Jose Mahoney
[2023-02-02T10:00:42.131+0000] {logging_mixin.py:137} INFO - Brandy Fuentes
[2023-02-02T10:00:42.133+0000] {logging_mixin.py:137} INFO - Angelica Matthews
[2023-02-02T10:00:42.134+0000] {logging_mixin.py:137} INFO - Glenn Caldwell
[2023-02-02T10:00:42.136+0000] {logging_mixin.py:137} INFO - Cristian Delacruz
[2023-02-02T10:00:42.139+0000] {logging_mixin.py:137} INFO - Alexandra Price
[2023-02-02T10:00:42.141+0000] {logging_mixin.py:137} INFO - Heather Wilson
[2023-02-02T10:00:42.148+0000] {logging_mixin.py:137} INFO - Shawn Thompson
[2023-02-02T10:00:42.155+0000] {logging_mixin.py:137} INFO - Anna Daniel
[2023-02-02T10:00:42.156+0000] {logging_mixin.py:137} INFO - Joseph Cisneros
[2023-02-02T10:00:42.157+0000] {logging_mixin.py:137} INFO - Rebecca Estes
[2023-02-02T10:00:42.159+0000] {logging_mixin.py:137} INFO - Jeremy Porter
[2023-02-02T10:00:42.164+0000] {logging_mixin.py:137} INFO - Lisa Mann
[2023-02-02T10:00:42.167+0000] {logging_mixin.py:137} INFO - Michael Woods
[2023-02-02T10:00:42.172+0000] {logging_mixin.py:137} INFO - Madison Thompson
[2023-02-02T10:00:42.177+0000] {logging_mixin.py:137} INFO - Nancy Gomez
[2023-02-02T10:00:42.180+0000] {logging_mixin.py:137} INFO - Julie Blanchard
[2023-02-02T10:00:42.183+0000] {logging_mixin.py:137} INFO - Michael Smith
[2023-02-02T10:00:42.185+0000] {logging_mixin.py:137} INFO - Angel Huber
[2023-02-02T10:00:42.188+0000] {logging_mixin.py:137} INFO - Michael Coffey
[2023-02-02T10:00:42.190+0000] {logging_mixin.py:137} INFO - Patrick Walter
[2023-02-02T10:00:42.195+0000] {logging_mixin.py:137} INFO - Curtis Davis
[2023-02-02T10:00:42.197+0000] {logging_mixin.py:137} INFO - Kyle Stewart
[2023-02-02T10:00:42.202+0000] {logging_mixin.py:137} INFO - Angela Jimenez
[2023-02-02T10:00:42.205+0000] {logging_mixin.py:137} INFO - Andrew Martinez
[2023-02-02T10:00:42.208+0000] {logging_mixin.py:137} INFO - Angela West
[2023-02-02T10:00:42.212+0000] {logging_mixin.py:137} INFO - Ryan Young
[2023-02-02T10:00:42.213+0000] {logging_mixin.py:137} INFO - Nathaniel Evans
[2023-02-02T10:00:42.214+0000] {logging_mixin.py:137} INFO - Dawn Bryant
[2023-02-02T10:00:42.216+0000] {logging_mixin.py:137} INFO - Danielle Lewis
[2023-02-02T10:00:42.218+0000] {logging_mixin.py:137} INFO - Matthew Newman
[2023-02-02T10:00:42.220+0000] {logging_mixin.py:137} INFO - Robert Smith
[2023-02-02T10:00:42.222+0000] {logging_mixin.py:137} INFO - Melissa Hicks
[2023-02-02T10:00:42.223+0000] {logging_mixin.py:137} INFO - Emily Lambert
[2023-02-02T10:00:42.226+0000] {logging_mixin.py:137} INFO - Krystal Wolfe
[2023-02-02T10:00:42.229+0000] {logging_mixin.py:137} INFO - Donna Murillo
[2023-02-02T10:00:42.232+0000] {logging_mixin.py:137} INFO - Carl Hudson
[2023-02-02T10:00:42.236+0000] {logging_mixin.py:137} INFO - Robert Wilson
[2023-02-02T10:00:42.238+0000] {logging_mixin.py:137} INFO - Patrick Mathis
[2023-02-02T10:00:42.240+0000] {logging_mixin.py:137} INFO - Michael Suarez
[2023-02-02T10:00:42.242+0000] {logging_mixin.py:137} INFO - David Johnson
[2023-02-02T10:00:42.244+0000] {logging_mixin.py:137} INFO - William Thompson
[2023-02-02T10:00:42.248+0000] {logging_mixin.py:137} INFO - Jessica Hansen DVM
[2023-02-02T10:00:42.251+0000] {logging_mixin.py:137} INFO - Katherine Friedman
[2023-02-02T10:00:42.253+0000] {logging_mixin.py:137} INFO - Jillian Johnson
[2023-02-02T10:00:42.259+0000] {logging_mixin.py:137} INFO - Robert Mckee
[2023-02-02T10:00:42.266+0000] {logging_mixin.py:137} INFO - Rachel Little
[2023-02-02T10:00:42.269+0000] {logging_mixin.py:137} INFO - Patricia Smith
[2023-02-02T10:00:42.273+0000] {logging_mixin.py:137} INFO - Heidi Martinez
[2023-02-02T10:00:42.276+0000] {logging_mixin.py:137} INFO - Caitlin Solomon
[2023-02-02T10:00:42.277+0000] {logging_mixin.py:137} INFO - Dr. Olivia Pugh
[2023-02-02T10:00:42.279+0000] {logging_mixin.py:137} INFO - John Steele DDS
[2023-02-02T10:00:42.281+0000] {logging_mixin.py:137} INFO - Jeremy Mathews
[2023-02-02T10:00:42.283+0000] {logging_mixin.py:137} INFO - Tiffany Hill
[2023-02-02T10:00:42.284+0000] {logging_mixin.py:137} INFO - Steven Edwards
[2023-02-02T10:00:42.286+0000] {logging_mixin.py:137} INFO - Charles Campbell
[2023-02-02T10:00:42.288+0000] {logging_mixin.py:137} INFO - Brett Hughes
[2023-02-02T10:00:42.290+0000] {logging_mixin.py:137} INFO - Christina Villegas
[2023-02-02T10:00:42.292+0000] {logging_mixin.py:137} INFO - Anthony Garcia
[2023-02-02T10:00:42.295+0000] {logging_mixin.py:137} INFO - Nathan Murphy
[2023-02-02T10:00:42.298+0000] {logging_mixin.py:137} INFO - Steven Dodson
[2023-02-02T10:00:42.300+0000] {logging_mixin.py:137} INFO - Brian Sullivan
[2023-02-02T10:00:42.302+0000] {logging_mixin.py:137} INFO - Renee White
[2023-02-02T10:00:42.305+0000] {logging_mixin.py:137} INFO - Laura Rowland
[2023-02-02T10:00:42.309+0000] {logging_mixin.py:137} INFO - John Moore
[2023-02-02T10:00:42.311+0000] {logging_mixin.py:137} INFO - Sophia Mckenzie
[2023-02-02T10:00:42.317+0000] {logging_mixin.py:137} INFO - David Roach
[2023-02-02T10:00:42.322+0000] {logging_mixin.py:137} INFO - Jennifer Patterson
[2023-02-02T10:00:42.323+0000] {logging_mixin.py:137} INFO - James Richards
[2023-02-02T10:00:42.325+0000] {logging_mixin.py:137} INFO - Mary Johnston
[2023-02-02T10:00:42.328+0000] {logging_mixin.py:137} INFO - Brandon Mcdaniel
[2023-02-02T10:00:42.333+0000] {logging_mixin.py:137} INFO - Meghan Stevenson
[2023-02-02T10:00:42.335+0000] {logging_mixin.py:137} INFO - Luis Hayes
[2023-02-02T10:00:42.340+0000] {logging_mixin.py:137} INFO - Alejandra Sloan
[2023-02-02T10:00:42.349+0000] {logging_mixin.py:137} INFO - Dr. Sandra Miller
[2023-02-02T10:00:42.351+0000] {logging_mixin.py:137} INFO - Dustin Bond
[2023-02-02T10:00:42.356+0000] {logging_mixin.py:137} INFO - Julia Patrick MD
[2023-02-02T10:00:42.358+0000] {logging_mixin.py:137} INFO - Jill Campbell
[2023-02-02T10:00:42.361+0000] {logging_mixin.py:137} INFO - Mark Ford
[2023-02-02T10:00:42.364+0000] {logging_mixin.py:137} INFO - Brian Long
[2023-02-02T10:00:42.367+0000] {logging_mixin.py:137} INFO - Lisa Peterson
[2023-02-02T10:00:42.369+0000] {logging_mixin.py:137} INFO - Matthew Lee
[2023-02-02T10:00:42.371+0000] {logging_mixin.py:137} INFO - Bradley Miller
[2023-02-02T10:00:42.373+0000] {logging_mixin.py:137} INFO - Jeffrey Moss
[2023-02-02T10:00:42.375+0000] {logging_mixin.py:137} INFO - Sara Carlson
[2023-02-02T10:00:42.377+0000] {logging_mixin.py:137} INFO - Daniel Rodriguez
[2023-02-02T10:00:42.379+0000] {logging_mixin.py:137} INFO - Jeremy David
[2023-02-02T10:00:42.381+0000] {logging_mixin.py:137} INFO - Eric Green
[2023-02-02T10:00:42.383+0000] {logging_mixin.py:137} INFO - Alexis Jones
[2023-02-02T10:00:42.384+0000] {logging_mixin.py:137} INFO - Matthew Rose
[2023-02-02T10:00:42.386+0000] {logging_mixin.py:137} INFO - Catherine Anderson
[2023-02-02T10:00:42.387+0000] {logging_mixin.py:137} INFO - Holly Burton
[2023-02-02T10:00:42.389+0000] {logging_mixin.py:137} INFO - David Matthews
[2023-02-02T10:00:42.391+0000] {logging_mixin.py:137} INFO - Mrs. Kara Little
[2023-02-02T10:00:42.392+0000] {logging_mixin.py:137} INFO - Jeffrey Stanley
[2023-02-02T10:00:42.394+0000] {logging_mixin.py:137} INFO - James Ochoa
[2023-02-02T10:00:42.395+0000] {logging_mixin.py:137} INFO - Jason Frye
[2023-02-02T10:00:42.397+0000] {logging_mixin.py:137} INFO - Christopher Ellis
[2023-02-02T10:00:42.402+0000] {logging_mixin.py:137} INFO - Michelle Nixon
[2023-02-02T10:00:42.403+0000] {logging_mixin.py:137} INFO - Andrew Gill
[2023-02-02T10:00:42.405+0000] {logging_mixin.py:137} INFO - Jennifer Wilson
[2023-02-02T10:00:42.408+0000] {logging_mixin.py:137} INFO - Shawn Black
[2023-02-02T10:00:42.414+0000] {logging_mixin.py:137} INFO - April Patterson
[2023-02-02T10:00:42.418+0000] {logging_mixin.py:137} INFO - Troy Vaughn
[2023-02-02T10:00:42.429+0000] {logging_mixin.py:137} INFO - Alexandria White
[2023-02-02T10:00:42.441+0000] {logging_mixin.py:137} INFO - Scott Phillips
[2023-02-02T10:00:42.444+0000] {logging_mixin.py:137} INFO - Zachary Cisneros
[2023-02-02T10:00:42.446+0000] {logging_mixin.py:137} INFO - Deborah Brown
[2023-02-02T10:00:42.448+0000] {logging_mixin.py:137} INFO - Monica Moses
[2023-02-02T10:00:42.451+0000] {logging_mixin.py:137} INFO - Brenda Reyes
[2023-02-02T10:00:42.454+0000] {logging_mixin.py:137} INFO - Miss Renee Allen
[2023-02-02T10:00:42.457+0000] {logging_mixin.py:137} INFO - Susan Clark
[2023-02-02T10:00:42.459+0000] {logging_mixin.py:137} INFO - Brandy Coffey
[2023-02-02T10:00:42.461+0000] {logging_mixin.py:137} INFO - Brett Nelson
[2023-02-02T10:00:42.463+0000] {logging_mixin.py:137} INFO - Ricardo Young
[2023-02-02T10:00:42.464+0000] {logging_mixin.py:137} INFO - Paul Lee
[2023-02-02T10:00:42.466+0000] {logging_mixin.py:137} INFO - David Allen
[2023-02-02T10:00:42.468+0000] {logging_mixin.py:137} INFO - Andrea Knight
[2023-02-02T10:00:42.470+0000] {logging_mixin.py:137} INFO - James Gomez
[2023-02-02T10:00:42.472+0000] {logging_mixin.py:137} INFO - Melody Gibson
[2023-02-02T10:00:42.474+0000] {logging_mixin.py:137} INFO - Christina Martinez
[2023-02-02T10:00:42.477+0000] {logging_mixin.py:137} INFO - Shelby Smith
[2023-02-02T10:00:42.479+0000] {logging_mixin.py:137} INFO - Jason Howard
[2023-02-02T10:00:42.481+0000] {logging_mixin.py:137} INFO - Amy Davidson
[2023-02-02T10:00:42.483+0000] {logging_mixin.py:137} INFO - Kyle Copeland
[2023-02-02T10:00:42.487+0000] {logging_mixin.py:137} INFO - Madeline Davis
[2023-02-02T10:00:42.489+0000] {logging_mixin.py:137} INFO - Aaron Young
[2023-02-02T10:00:42.491+0000] {logging_mixin.py:137} INFO - Lisa Barrett
[2023-02-02T10:00:42.493+0000] {logging_mixin.py:137} INFO - Joel Jones
[2023-02-02T10:00:42.496+0000] {logging_mixin.py:137} INFO - Christine Evans
[2023-02-02T10:00:42.498+0000] {logging_mixin.py:137} INFO - Kimberly Johnson
[2023-02-02T10:00:42.503+0000] {logging_mixin.py:137} INFO - Charles Hess
[2023-02-02T10:00:42.506+0000] {logging_mixin.py:137} INFO - Paul Dixon
[2023-02-02T10:00:42.513+0000] {logging_mixin.py:137} INFO - Christopher Johnson
[2023-02-02T10:00:42.514+0000] {logging_mixin.py:137} INFO - Robert Dawson
[2023-02-02T10:00:42.517+0000] {logging_mixin.py:137} INFO - Ryan Dixon
[2023-02-02T10:00:42.518+0000] {logging_mixin.py:137} INFO - Julie Martinez
[2023-02-02T10:00:42.520+0000] {logging_mixin.py:137} INFO - David Adams
[2023-02-02T10:00:42.522+0000] {logging_mixin.py:137} INFO - Mariah Brown
[2023-02-02T10:00:42.523+0000] {logging_mixin.py:137} INFO - Deborah Malone
[2023-02-02T10:00:42.525+0000] {logging_mixin.py:137} INFO - John Brown
[2023-02-02T10:00:42.526+0000] {logging_mixin.py:137} INFO - Maria Stewart
[2023-02-02T10:00:42.527+0000] {logging_mixin.py:137} INFO - Mr. Bryan Hawkins
[2023-02-02T10:00:42.529+0000] {logging_mixin.py:137} INFO - Kyle Brooks
[2023-02-02T10:00:42.530+0000] {logging_mixin.py:137} INFO - Kenneth White
[2023-02-02T10:00:42.532+0000] {logging_mixin.py:137} INFO - Patricia Wilson
[2023-02-02T10:00:42.533+0000] {logging_mixin.py:137} INFO - Paul Soto
[2023-02-02T10:00:42.535+0000] {logging_mixin.py:137} INFO - Janice Garrett
[2023-02-02T10:00:42.538+0000] {logging_mixin.py:137} INFO - Randy Strickland
[2023-02-02T10:00:42.540+0000] {logging_mixin.py:137} INFO - Felicia Herrera
[2023-02-02T10:00:42.541+0000] {logging_mixin.py:137} INFO - Andre Campos
[2023-02-02T10:00:42.543+0000] {logging_mixin.py:137} INFO - Justin Meyer
[2023-02-02T10:00:42.544+0000] {logging_mixin.py:137} INFO - Brandon Brooks
[2023-02-02T10:00:42.546+0000] {logging_mixin.py:137} INFO - Abigail Rivera
[2023-02-02T10:00:42.548+0000] {logging_mixin.py:137} INFO - Jessica Mann
[2023-02-02T10:00:42.549+0000] {logging_mixin.py:137} INFO - Michael Sawyer
[2023-02-02T10:00:42.550+0000] {logging_mixin.py:137} INFO - Jeffrey Coleman
[2023-02-02T10:00:42.552+0000] {logging_mixin.py:137} INFO - Micheal Castro
[2023-02-02T10:00:42.553+0000] {logging_mixin.py:137} INFO - Laura Gonzalez
[2023-02-02T10:00:42.554+0000] {logging_mixin.py:137} INFO - Christopher Jackson
[2023-02-02T10:00:42.556+0000] {logging_mixin.py:137} INFO - William Mckenzie
[2023-02-02T10:00:42.557+0000] {logging_mixin.py:137} INFO - Kristina Rodriguez
[2023-02-02T10:00:42.559+0000] {logging_mixin.py:137} INFO - Kelli Williams
[2023-02-02T10:00:42.561+0000] {logging_mixin.py:137} INFO - Diane Norris
[2023-02-02T10:00:42.562+0000] {logging_mixin.py:137} INFO - Kevin Carroll
[2023-02-02T10:00:42.564+0000] {logging_mixin.py:137} INFO - Betty Weber
[2023-02-02T10:00:42.565+0000] {logging_mixin.py:137} INFO - Jeffery Robinson
[2023-02-02T10:00:42.566+0000] {logging_mixin.py:137} INFO - Hannah Cowan
[2023-02-02T10:00:42.568+0000] {logging_mixin.py:137} INFO - Brian Kramer
[2023-02-02T10:00:42.569+0000] {logging_mixin.py:137} INFO - Anthony Roberts
[2023-02-02T10:00:42.571+0000] {logging_mixin.py:137} INFO - Ricardo Blankenship
[2023-02-02T10:00:42.572+0000] {logging_mixin.py:137} INFO - Brooke Collins
[2023-02-02T10:00:42.573+0000] {logging_mixin.py:137} INFO - Tammy Lawson
[2023-02-02T10:00:42.575+0000] {logging_mixin.py:137} INFO - Cody Miller
[2023-02-02T10:00:42.576+0000] {logging_mixin.py:137} INFO - Dr. Janice Salazar
[2023-02-02T10:00:42.577+0000] {logging_mixin.py:137} INFO - David West
[2023-02-02T10:00:42.578+0000] {logging_mixin.py:137} INFO - Robin Carpenter
[2023-02-02T10:00:42.579+0000] {logging_mixin.py:137} INFO - Monique Wall
[2023-02-02T10:00:42.581+0000] {logging_mixin.py:137} INFO - Charles Cardenas
[2023-02-02T10:00:42.583+0000] {logging_mixin.py:137} INFO - Valerie Mitchell
[2023-02-02T10:00:42.585+0000] {logging_mixin.py:137} INFO - Michelle Valenzuela
[2023-02-02T10:00:42.588+0000] {logging_mixin.py:137} INFO - William Poole
[2023-02-02T10:00:42.589+0000] {logging_mixin.py:137} INFO - James Hall
[2023-02-02T10:00:42.591+0000] {logging_mixin.py:137} INFO - Dylan Carpenter
[2023-02-02T10:00:42.626+0000] {logging_mixin.py:137} INFO - Linda Medina
[2023-02-02T10:00:42.628+0000] {logging_mixin.py:137} INFO - Joan White
[2023-02-02T10:00:42.631+0000] {logging_mixin.py:137} INFO - Mary Klein
[2023-02-02T10:00:42.634+0000] {logging_mixin.py:137} INFO - Ashley Wolf
[2023-02-02T10:00:42.636+0000] {logging_mixin.py:137} INFO - William Reed
[2023-02-02T10:00:42.640+0000] {logging_mixin.py:137} INFO - Derek Harvey
[2023-02-02T10:00:42.642+0000] {logging_mixin.py:137} INFO - Kathleen Rodriguez
[2023-02-02T10:00:42.644+0000] {logging_mixin.py:137} INFO - Andrew Rodriguez
[2023-02-02T10:00:42.645+0000] {logging_mixin.py:137} INFO - Ariel Frank
[2023-02-02T10:00:42.647+0000] {logging_mixin.py:137} INFO - Tina French
[2023-02-02T10:00:42.648+0000] {logging_mixin.py:137} INFO - Brent Waller
[2023-02-02T10:00:42.650+0000] {logging_mixin.py:137} INFO - Kevin Allen
[2023-02-02T10:00:42.652+0000] {logging_mixin.py:137} INFO - Xavier Walker
[2023-02-02T10:00:42.653+0000] {logging_mixin.py:137} INFO - Michelle Sanchez
[2023-02-02T10:00:42.655+0000] {logging_mixin.py:137} INFO - Rachael Shepard
[2023-02-02T10:00:42.656+0000] {logging_mixin.py:137} INFO - Kelsey Johnson
[2023-02-02T10:00:42.657+0000] {logging_mixin.py:137} INFO - Nicole Webb
[2023-02-02T10:00:42.662+0000] {logging_mixin.py:137} INFO - Nicholas Rodriguez
[2023-02-02T10:00:42.663+0000] {logging_mixin.py:137} INFO - Eric Vaughan
[2023-02-02T10:00:42.665+0000] {logging_mixin.py:137} INFO - Amanda Richardson
[2023-02-02T10:00:42.667+0000] {logging_mixin.py:137} INFO - Janice Carlson
[2023-02-02T10:00:42.670+0000] {logging_mixin.py:137} INFO - Darryl Walsh
[2023-02-02T10:00:42.674+0000] {logging_mixin.py:137} INFO - Heather Johnson
[2023-02-02T10:00:42.677+0000] {logging_mixin.py:137} INFO - Mark Chambers
[2023-02-02T10:00:42.679+0000] {logging_mixin.py:137} INFO - Tracy Burns
[2023-02-02T10:00:42.682+0000] {logging_mixin.py:137} INFO - John Cole
[2023-02-02T10:00:42.684+0000] {logging_mixin.py:137} INFO - Deborah Silva
[2023-02-02T10:00:42.685+0000] {logging_mixin.py:137} INFO - Shawn Hernandez
[2023-02-02T10:00:42.688+0000] {logging_mixin.py:137} INFO - Bethany Meyer
[2023-02-02T10:00:42.689+0000] {logging_mixin.py:137} INFO - Helen Smith
[2023-02-02T10:00:42.691+0000] {logging_mixin.py:137} INFO - Dana Dennis
[2023-02-02T10:00:42.692+0000] {logging_mixin.py:137} INFO - Kelsey Camacho
[2023-02-02T10:00:42.693+0000] {logging_mixin.py:137} INFO - Matthew Thomas
[2023-02-02T10:00:42.695+0000] {logging_mixin.py:137} INFO - Brittany Arellano
[2023-02-02T10:00:42.697+0000] {logging_mixin.py:137} INFO - Stacey Jones
[2023-02-02T10:00:42.699+0000] {logging_mixin.py:137} INFO - William Weeks
[2023-02-02T10:00:42.701+0000] {logging_mixin.py:137} INFO - Mark Beasley
[2023-02-02T10:00:42.702+0000] {logging_mixin.py:137} INFO - Bruce Pena
[2023-02-02T10:00:42.704+0000] {logging_mixin.py:137} INFO - Jeffery Smith
[2023-02-02T10:00:42.706+0000] {logging_mixin.py:137} INFO - Ann Deleon
[2023-02-02T10:00:42.707+0000] {logging_mixin.py:137} INFO - Kevin Robertson
[2023-02-02T10:00:42.709+0000] {logging_mixin.py:137} INFO - Vincent Willis MD
[2023-02-02T10:00:42.711+0000] {logging_mixin.py:137} INFO - Michael Nielsen
[2023-02-02T10:00:42.714+0000] {logging_mixin.py:137} INFO - Walter Koch
[2023-02-02T10:00:42.716+0000] {logging_mixin.py:137} INFO - Brian Vega
[2023-02-02T10:00:42.717+0000] {logging_mixin.py:137} INFO - Jeffrey Medina
[2023-02-02T10:00:42.719+0000] {logging_mixin.py:137} INFO - Erika Banks
[2023-02-02T10:00:42.720+0000] {logging_mixin.py:137} INFO - Stacey Griffin
[2023-02-02T10:00:42.722+0000] {logging_mixin.py:137} INFO - Michael Marsh
[2023-02-02T10:00:42.723+0000] {logging_mixin.py:137} INFO - Molly White
[2023-02-02T10:00:42.724+0000] {logging_mixin.py:137} INFO - Matthew Morrison
[2023-02-02T10:00:42.727+0000] {logging_mixin.py:137} INFO - Amanda Burns
[2023-02-02T10:00:42.729+0000] {logging_mixin.py:137} INFO - Emily Gonzalez DDS
[2023-02-02T10:00:42.730+0000] {logging_mixin.py:137} INFO - Gregory King
[2023-02-02T10:00:42.731+0000] {logging_mixin.py:137} INFO - Dennis Evans
[2023-02-02T10:00:42.733+0000] {logging_mixin.py:137} INFO - Christina Snyder
[2023-02-02T10:00:42.735+0000] {logging_mixin.py:137} INFO - Carolyn Mata
[2023-02-02T10:00:42.736+0000] {logging_mixin.py:137} INFO - Brandy Lawson
[2023-02-02T10:00:42.738+0000] {logging_mixin.py:137} INFO - Briana Christian
[2023-02-02T10:00:42.740+0000] {logging_mixin.py:137} INFO - Jeffrey Hernandez
[2023-02-02T10:00:42.742+0000] {logging_mixin.py:137} INFO - John Riggs
[2023-02-02T10:00:42.744+0000] {logging_mixin.py:137} INFO - Barbara Short
[2023-02-02T10:00:42.745+0000] {logging_mixin.py:137} INFO - Steven Brooks
[2023-02-02T10:00:42.747+0000] {logging_mixin.py:137} INFO - Gabrielle James
[2023-02-02T10:00:42.749+0000] {logging_mixin.py:137} INFO - Robert Young
[2023-02-02T10:00:42.751+0000] {logging_mixin.py:137} INFO - Derek Sanders
[2023-02-02T10:00:42.752+0000] {logging_mixin.py:137} INFO - Mallory Oliver
[2023-02-02T10:00:42.754+0000] {logging_mixin.py:137} INFO - Terry Howe
[2023-02-02T10:00:42.756+0000] {logging_mixin.py:137} INFO - Samuel Wallace
[2023-02-02T10:00:42.757+0000] {logging_mixin.py:137} INFO - Angel Jones
[2023-02-02T10:00:42.759+0000] {logging_mixin.py:137} INFO - Jacqueline Nichols
[2023-02-02T10:00:42.761+0000] {logging_mixin.py:137} INFO - Melissa Mcgee
[2023-02-02T10:00:42.762+0000] {logging_mixin.py:137} INFO - Michelle Smith
[2023-02-02T10:00:42.764+0000] {logging_mixin.py:137} INFO - Maureen Baxter
[2023-02-02T10:00:42.765+0000] {logging_mixin.py:137} INFO - Kathy Crawford
[2023-02-02T10:00:42.767+0000] {logging_mixin.py:137} INFO - Stacy Wood
[2023-02-02T10:00:42.769+0000] {logging_mixin.py:137} INFO - Justin Parsons
[2023-02-02T10:00:42.771+0000] {logging_mixin.py:137} INFO - Ann Klein
[2023-02-02T10:00:42.774+0000] {logging_mixin.py:137} INFO - Allison Arnold
[2023-02-02T10:00:42.776+0000] {logging_mixin.py:137} INFO - Heather Kirk
[2023-02-02T10:00:42.780+0000] {logging_mixin.py:137} INFO - Monica Smith
[2023-02-02T10:00:42.782+0000] {logging_mixin.py:137} INFO - Brett Oconnor
[2023-02-02T10:00:42.784+0000] {logging_mixin.py:137} INFO - Anthony Bryant
[2023-02-02T10:00:42.786+0000] {logging_mixin.py:137} INFO - Jeremy Russell
[2023-02-02T10:00:42.788+0000] {logging_mixin.py:137} INFO - Julie Poole
[2023-02-02T10:00:42.789+0000] {logging_mixin.py:137} INFO - Emma Thompson
[2023-02-02T10:00:42.791+0000] {logging_mixin.py:137} INFO - Bradley Matthews
[2023-02-02T10:00:42.793+0000] {logging_mixin.py:137} INFO - William Roberts
[2023-02-02T10:00:42.795+0000] {logging_mixin.py:137} INFO - Julie Mooney
[2023-02-02T10:00:42.796+0000] {logging_mixin.py:137} INFO - Amy Doyle
[2023-02-02T10:00:42.797+0000] {logging_mixin.py:137} INFO - Amanda Grant
[2023-02-02T10:00:42.799+0000] {logging_mixin.py:137} INFO - Eric Anderson
[2023-02-02T10:00:42.800+0000] {logging_mixin.py:137} INFO - George Thompson
[2023-02-02T10:00:42.802+0000] {logging_mixin.py:137} INFO - Dustin Hines
[2023-02-02T10:00:42.803+0000] {logging_mixin.py:137} INFO - Andrea Frank
[2023-02-02T10:00:42.806+0000] {logging_mixin.py:137} INFO - Jodi Cook
[2023-02-02T10:00:42.808+0000] {logging_mixin.py:137} INFO - Stacy Haney
[2023-02-02T10:00:42.810+0000] {logging_mixin.py:137} INFO - Paul Callahan
[2023-02-02T10:00:42.813+0000] {logging_mixin.py:137} INFO - Jasmine Chambers
[2023-02-02T10:00:42.816+0000] {logging_mixin.py:137} INFO - Melissa Pittman MD
[2023-02-02T10:00:42.818+0000] {logging_mixin.py:137} INFO - Deborah Larson
[2023-02-02T10:00:42.819+0000] {logging_mixin.py:137} INFO - Brandon Shaw
[2023-02-02T10:00:42.821+0000] {logging_mixin.py:137} INFO - Timothy Paul
[2023-02-02T10:00:42.823+0000] {logging_mixin.py:137} INFO - Michael Trujillo
[2023-02-02T10:00:42.824+0000] {logging_mixin.py:137} INFO - Robert Rivera
[2023-02-02T10:00:42.826+0000] {logging_mixin.py:137} INFO - Dana Nelson
[2023-02-02T10:00:42.827+0000] {logging_mixin.py:137} INFO - Andrea Bennett
[2023-02-02T10:00:42.829+0000] {logging_mixin.py:137} INFO - Jodi Fox
[2023-02-02T10:00:42.843+0000] {logging_mixin.py:137} INFO - Heather Hayes
[2023-02-02T10:00:42.845+0000] {logging_mixin.py:137} INFO - Jennifer Moreno
[2023-02-02T10:00:42.847+0000] {logging_mixin.py:137} INFO - John Patel
[2023-02-02T10:00:42.850+0000] {logging_mixin.py:137} INFO - Teresa Oliver
[2023-02-02T10:00:42.853+0000] {logging_mixin.py:137} INFO - Monique Bell
[2023-02-02T10:00:42.855+0000] {logging_mixin.py:137} INFO - Casey Leonard
[2023-02-02T10:00:42.859+0000] {logging_mixin.py:137} INFO - Steven Clark
[2023-02-02T10:00:42.862+0000] {logging_mixin.py:137} INFO - Edward Martin
[2023-02-02T10:00:42.865+0000] {logging_mixin.py:137} INFO - Shawn Orozco
[2023-02-02T10:00:42.868+0000] {logging_mixin.py:137} INFO - Brandon Yang
[2023-02-02T10:00:42.870+0000] {logging_mixin.py:137} INFO - Nathan Ray
[2023-02-02T10:00:42.871+0000] {logging_mixin.py:137} INFO - Lori Moore
[2023-02-02T10:00:42.873+0000] {logging_mixin.py:137} INFO - Dr. Lisa Shaw DVM
[2023-02-02T10:00:42.877+0000] {logging_mixin.py:137} INFO - Angela Walters
[2023-02-02T10:00:42.879+0000] {logging_mixin.py:137} INFO - David Nolan
[2023-02-02T10:00:42.881+0000] {logging_mixin.py:137} INFO - William Ramsey
[2023-02-02T10:00:42.882+0000] {logging_mixin.py:137} INFO - David Oconnor
[2023-02-02T10:00:42.884+0000] {logging_mixin.py:137} INFO - Mark Washington
[2023-02-02T10:00:42.886+0000] {logging_mixin.py:137} INFO - Jennifer Jacobs
[2023-02-02T10:00:42.890+0000] {logging_mixin.py:137} INFO - Tammy Hampton
[2023-02-02T10:00:42.893+0000] {logging_mixin.py:137} INFO - Stephen Farmer
[2023-02-02T10:00:42.897+0000] {logging_mixin.py:137} INFO - Jasmine Nguyen
[2023-02-02T10:00:42.900+0000] {logging_mixin.py:137} INFO - Rebecca Flores
[2023-02-02T10:00:42.902+0000] {logging_mixin.py:137} INFO - Tyler Davis
[2023-02-02T10:00:42.905+0000] {logging_mixin.py:137} INFO - Nancy Gray
[2023-02-02T10:00:42.907+0000] {logging_mixin.py:137} INFO - Brian Sanchez
[2023-02-02T10:00:42.909+0000] {logging_mixin.py:137} INFO - Laurie Shaw
[2023-02-02T10:00:42.911+0000] {logging_mixin.py:137} INFO - Kristina Torres
[2023-02-02T10:00:42.914+0000] {logging_mixin.py:137} INFO - Andrea Rodgers
[2023-02-02T10:00:42.916+0000] {logging_mixin.py:137} INFO - Jason Walters
[2023-02-02T10:00:42.920+0000] {logging_mixin.py:137} INFO - Jerry Moss
[2023-02-02T10:00:42.921+0000] {logging_mixin.py:137} INFO - Jeffrey Jordan
[2023-02-02T10:00:42.928+0000] {logging_mixin.py:137} INFO - Jennifer Wilson
[2023-02-02T10:00:42.929+0000] {logging_mixin.py:137} INFO - Trevor Mathews
[2023-02-02T10:00:42.933+0000] {logging_mixin.py:137} INFO - Anne Hood
[2023-02-02T10:00:42.934+0000] {logging_mixin.py:137} INFO - Sarah Williams
[2023-02-02T10:00:42.935+0000] {logging_mixin.py:137} INFO - Shelby Hernandez
[2023-02-02T10:00:42.937+0000] {logging_mixin.py:137} INFO - Samantha Velez
[2023-02-02T10:00:42.939+0000] {logging_mixin.py:137} INFO - Matthew Douglas
[2023-02-02T10:00:42.941+0000] {logging_mixin.py:137} INFO - Ashlee George
[2023-02-02T10:00:42.942+0000] {logging_mixin.py:137} INFO - Troy Crane
[2023-02-02T10:00:42.943+0000] {logging_mixin.py:137} INFO - Michael Cooper
[2023-02-02T10:00:42.945+0000] {logging_mixin.py:137} INFO - Michael White
[2023-02-02T10:00:42.946+0000] {logging_mixin.py:137} INFO - Mr. Timothy Fleming
[2023-02-02T10:00:42.947+0000] {logging_mixin.py:137} INFO - Seth Bruce
[2023-02-02T10:00:42.949+0000] {logging_mixin.py:137} INFO - Jacqueline Carpenter
[2023-02-02T10:00:42.950+0000] {logging_mixin.py:137} INFO - Michael Martin
[2023-02-02T10:00:42.952+0000] {logging_mixin.py:137} INFO - Kristopher Henry
[2023-02-02T10:00:42.953+0000] {logging_mixin.py:137} INFO - Tiffany Porter
[2023-02-02T10:00:42.954+0000] {logging_mixin.py:137} INFO - Stacy Simpson
[2023-02-02T10:00:42.956+0000] {logging_mixin.py:137} INFO - Tammy Mcdowell
[2023-02-02T10:00:42.958+0000] {logging_mixin.py:137} INFO - Thomas Walters
[2023-02-02T10:00:42.959+0000] {logging_mixin.py:137} INFO - Dwayne Thompson
[2023-02-02T10:00:42.961+0000] {logging_mixin.py:137} INFO - Natalie Willis
[2023-02-02T10:00:42.965+0000] {logging_mixin.py:137} INFO - Sharon Taylor
[2023-02-02T10:00:42.967+0000] {logging_mixin.py:137} INFO - Sarah Wiggins
[2023-02-02T10:00:42.969+0000] {logging_mixin.py:137} INFO - Amber Thomas
[2023-02-02T10:00:42.971+0000] {logging_mixin.py:137} INFO - Patrick Miller
[2023-02-02T10:00:42.973+0000] {logging_mixin.py:137} INFO - Stephanie Hartman
[2023-02-02T10:00:42.974+0000] {logging_mixin.py:137} INFO - Stacey Mora
[2023-02-02T10:00:42.977+0000] {logging_mixin.py:137} INFO - Katherine Rodriguez
[2023-02-02T10:00:42.979+0000] {logging_mixin.py:137} INFO - Daniel Morgan
[2023-02-02T10:00:42.980+0000] {logging_mixin.py:137} INFO - Rebecca Martinez
[2023-02-02T10:00:42.982+0000] {logging_mixin.py:137} INFO - Nicole Juarez
[2023-02-02T10:00:42.984+0000] {logging_mixin.py:137} INFO - Mark Arroyo
[2023-02-02T10:00:42.986+0000] {logging_mixin.py:137} INFO - April Lucero
[2023-02-02T10:00:42.987+0000] {logging_mixin.py:137} INFO - Samantha Garcia
[2023-02-02T10:00:42.989+0000] {logging_mixin.py:137} INFO - Jon Moore
[2023-02-02T10:00:42.990+0000] {logging_mixin.py:137} INFO - Joshua Flores MD
[2023-02-02T10:00:42.991+0000] {logging_mixin.py:137} INFO - Raymond Jones
[2023-02-02T10:00:42.993+0000] {logging_mixin.py:137} INFO - Billy Hughes
[2023-02-02T10:00:42.994+0000] {logging_mixin.py:137} INFO - Peggy Valdez PhD
[2023-02-02T10:00:42.995+0000] {logging_mixin.py:137} INFO - Joshua Reyes
[2023-02-02T10:00:42.997+0000] {logging_mixin.py:137} INFO - Aaron Green
[2023-02-02T10:00:43.003+0000] {logging_mixin.py:137} INFO - Wendy Espinoza
[2023-02-02T10:00:43.005+0000] {logging_mixin.py:137} INFO - Peter Vasquez
[2023-02-02T10:00:43.008+0000] {logging_mixin.py:137} INFO - Diane Harper
[2023-02-02T10:00:43.010+0000] {logging_mixin.py:137} INFO - Ms. Rebecca Cantu
[2023-02-02T10:00:43.012+0000] {logging_mixin.py:137} INFO - Yolanda Morrow
[2023-02-02T10:00:43.014+0000] {logging_mixin.py:137} INFO - Penny Beard
[2023-02-02T10:00:43.018+0000] {logging_mixin.py:137} INFO - Lisa Long
[2023-02-02T10:00:43.020+0000] {logging_mixin.py:137} INFO - Jerry Harris
[2023-02-02T10:00:43.022+0000] {logging_mixin.py:137} INFO - Bob Willis
[2023-02-02T10:00:43.024+0000] {logging_mixin.py:137} INFO - Duane Chapman
[2023-02-02T10:00:43.027+0000] {logging_mixin.py:137} INFO - William Morgan
[2023-02-02T10:00:43.029+0000] {logging_mixin.py:137} INFO - Amy Gutierrez
[2023-02-02T10:00:43.031+0000] {logging_mixin.py:137} INFO - Amber Nichols
[2023-02-02T10:00:43.033+0000] {logging_mixin.py:137} INFO - Matthew Carr
[2023-02-02T10:00:43.035+0000] {logging_mixin.py:137} INFO - Thomas Duncan
[2023-02-02T10:00:43.036+0000] {logging_mixin.py:137} INFO - Elizabeth Wright
[2023-02-02T10:00:43.037+0000] {logging_mixin.py:137} INFO - Jacqueline Brewer
[2023-02-02T10:00:43.039+0000] {logging_mixin.py:137} INFO - Stephanie Johnson
[2023-02-02T10:00:43.041+0000] {logging_mixin.py:137} INFO - Samantha Calderon
[2023-02-02T10:00:43.043+0000] {logging_mixin.py:137} INFO - Kathryn Gaines
[2023-02-02T10:00:43.045+0000] {logging_mixin.py:137} INFO - Angel Jones
[2023-02-02T10:00:43.046+0000] {logging_mixin.py:137} INFO - Laura Wall
[2023-02-02T10:00:43.048+0000] {logging_mixin.py:137} INFO - Mr. Anthony Hamilton
[2023-02-02T10:00:43.049+0000] {logging_mixin.py:137} INFO - David Smith
[2023-02-02T10:00:43.051+0000] {logging_mixin.py:137} INFO - Kimberly Herrera DDS
[2023-02-02T10:00:43.056+0000] {logging_mixin.py:137} INFO - Gina Wilson
[2023-02-02T10:00:43.058+0000] {logging_mixin.py:137} INFO - Timothy Byrd
[2023-02-02T10:00:43.061+0000] {logging_mixin.py:137} INFO - Michael Mckenzie
[2023-02-02T10:00:43.063+0000] {logging_mixin.py:137} INFO - Jeffrey Mcintyre
[2023-02-02T10:00:43.065+0000] {logging_mixin.py:137} INFO - Teresa Jackson
[2023-02-02T10:00:43.067+0000] {logging_mixin.py:137} INFO - Joseph Wilcox
[2023-02-02T10:00:43.068+0000] {logging_mixin.py:137} INFO - Patrick Mcknight
[2023-02-02T10:00:43.069+0000] {logging_mixin.py:137} INFO - Ronald Moreno
[2023-02-02T10:00:43.070+0000] {logging_mixin.py:137} INFO - Jamie Sullivan
[2023-02-02T10:00:43.072+0000] {logging_mixin.py:137} INFO - Jason Anderson
[2023-02-02T10:00:43.073+0000] {logging_mixin.py:137} INFO - Steven Stewart
[2023-02-02T10:00:43.075+0000] {logging_mixin.py:137} INFO - Melinda Paul
[2023-02-02T10:00:43.076+0000] {logging_mixin.py:137} INFO - Cynthia Simmons
[2023-02-02T10:00:43.077+0000] {logging_mixin.py:137} INFO - Christian Smith
[2023-02-02T10:00:43.078+0000] {logging_mixin.py:137} INFO - William Jimenez
[2023-02-02T10:00:43.080+0000] {logging_mixin.py:137} INFO - Hayley French
[2023-02-02T10:00:43.081+0000] {logging_mixin.py:137} INFO - Brandon Hess
[2023-02-02T10:00:43.083+0000] {logging_mixin.py:137} INFO - Laura Perry
[2023-02-02T10:00:43.084+0000] {logging_mixin.py:137} INFO - Scott Jones
[2023-02-02T10:00:43.086+0000] {logging_mixin.py:137} INFO - Christine Hernandez
[2023-02-02T10:00:43.087+0000] {logging_mixin.py:137} INFO - Douglas Eaton
[2023-02-02T10:00:43.088+0000] {logging_mixin.py:137} INFO - William Soto
[2023-02-02T10:00:43.090+0000] {logging_mixin.py:137} INFO - Mary Jones
[2023-02-02T10:00:43.091+0000] {logging_mixin.py:137} INFO - Stephanie Holmes
[2023-02-02T10:00:43.092+0000] {logging_mixin.py:137} INFO - Keith Meyers
[2023-02-02T10:00:43.093+0000] {logging_mixin.py:137} INFO - Paul Fisher
[2023-02-02T10:00:43.095+0000] {logging_mixin.py:137} INFO - Emily Alexander
[2023-02-02T10:00:43.096+0000] {logging_mixin.py:137} INFO - Anthony Schwartz
[2023-02-02T10:00:43.097+0000] {logging_mixin.py:137} INFO - Evelyn Jacobs
[2023-02-02T10:00:43.099+0000] {logging_mixin.py:137} INFO - Connie Jones
[2023-02-02T10:00:43.100+0000] {logging_mixin.py:137} INFO - Carla Gibbs
[2023-02-02T10:00:43.101+0000] {logging_mixin.py:137} INFO - Ashley Santiago
[2023-02-02T10:00:43.103+0000] {logging_mixin.py:137} INFO - Micheal Mckee
[2023-02-02T10:00:43.104+0000] {logging_mixin.py:137} INFO - Diane Williams
[2023-02-02T10:00:43.105+0000] {logging_mixin.py:137} INFO - Jesse Velasquez
[2023-02-02T10:00:43.106+0000] {logging_mixin.py:137} INFO - Jennifer Rodriguez
[2023-02-02T10:00:43.108+0000] {logging_mixin.py:137} INFO - Joe Griffin
[2023-02-02T10:00:43.109+0000] {logging_mixin.py:137} INFO - Gary Cherry
[2023-02-02T10:00:43.111+0000] {logging_mixin.py:137} INFO - Alyssa Edwards
[2023-02-02T10:00:43.112+0000] {logging_mixin.py:137} INFO - Caroline Hernandez MD
[2023-02-02T10:00:43.114+0000] {logging_mixin.py:137} INFO - Jessica Morton
[2023-02-02T10:00:43.116+0000] {logging_mixin.py:137} INFO - Holly Jones
[2023-02-02T10:00:43.118+0000] {logging_mixin.py:137} INFO - David Shelton
[2023-02-02T10:00:43.119+0000] {logging_mixin.py:137} INFO - Kristina Parks
[2023-02-02T10:00:43.121+0000] {logging_mixin.py:137} INFO - Laurie Hernandez
[2023-02-02T10:00:43.122+0000] {logging_mixin.py:137} INFO - Melissa James
[2023-02-02T10:00:43.123+0000] {logging_mixin.py:137} INFO - Jeremiah Adams
[2023-02-02T10:00:43.125+0000] {logging_mixin.py:137} INFO - Arthur Robinson
[2023-02-02T10:00:43.126+0000] {logging_mixin.py:137} INFO - Anna Shepard
[2023-02-02T10:00:43.127+0000] {logging_mixin.py:137} INFO - Brandon Myers
[2023-02-02T10:00:43.129+0000] {logging_mixin.py:137} INFO - Paul Cardenas
[2023-02-02T10:00:43.131+0000] {logging_mixin.py:137} INFO - Megan Santana
[2023-02-02T10:00:43.132+0000] {logging_mixin.py:137} INFO - Joseph Marshall
[2023-02-02T10:00:43.134+0000] {logging_mixin.py:137} INFO - Mrs. Brenda Harris
[2023-02-02T10:00:43.135+0000] {logging_mixin.py:137} INFO - Nicole Garcia
[2023-02-02T10:00:43.136+0000] {logging_mixin.py:137} INFO - Anna Estrada
[2023-02-02T10:00:43.138+0000] {logging_mixin.py:137} INFO - Carl Moore
[2023-02-02T10:00:43.139+0000] {logging_mixin.py:137} INFO - Rodney Hernandez
[2023-02-02T10:00:43.141+0000] {logging_mixin.py:137} INFO - Madison Christian
[2023-02-02T10:00:43.142+0000] {logging_mixin.py:137} INFO - Heather Rhodes
[2023-02-02T10:00:43.150+0000] {python.py:177} INFO - Done. Returned value was: None
[2023-02-02T10:00:43.166+0000] {taskinstance.py:1323} INFO - Marking task as SUCCESS. dag_id=CSV_DAG, task_id=convertCSVToJson, execution_date=20230201T215000, start_date=20230202T100039, end_date=20230202T100043
[2023-02-02T10:00:43.230+0000] {local_task_job.py:208} INFO - Task exited with return code 0
[2023-02-02T10:00:43.260+0000] {taskinstance.py:2578} INFO - 0 downstream tasks scheduled from follow-on schedule check
