[2023-02-01T13:18:48.453+0000] {taskinstance.py:1083} INFO - Dependencies all met for <TaskInstance: tutorial.sleep scheduled__2023-01-31T13:18:37.135478+00:00 [queued]>
[2023-02-01T13:18:48.469+0000] {taskinstance.py:1083} INFO - Dependencies all met for <TaskInstance: tutorial.sleep scheduled__2023-01-31T13:18:37.135478+00:00 [queued]>
[2023-02-01T13:18:48.471+0000] {taskinstance.py:1279} INFO - 
--------------------------------------------------------------------------------
[2023-02-01T13:18:48.473+0000] {taskinstance.py:1280} INFO - Starting attempt 1 of 4
[2023-02-01T13:18:48.474+0000] {taskinstance.py:1281} INFO - 
--------------------------------------------------------------------------------
[2023-02-01T13:18:48.493+0000] {taskinstance.py:1300} INFO - Executing <Task(BashOperator): sleep> on 2023-01-31 13:18:37.135478+00:00
[2023-02-01T13:18:48.500+0000] {standard_task_runner.py:55} INFO - Started process 13088 to run task
[2023-02-01T13:18:48.504+0000] {standard_task_runner.py:82} INFO - Running: ['***', 'tasks', 'run', 'tutorial', 'sleep', 'scheduled__2023-01-31T13:18:37.135478+00:00', '--job-id', '7', '--raw', '--subdir', '/home/***/.local/lib/python3.7/site-packages/***/example_dags/tutorial.py', '--cfg-path', '/tmp/tmp0zuqfd6f']
[2023-02-01T13:18:48.505+0000] {standard_task_runner.py:83} INFO - Job 7: Subtask sleep
[2023-02-01T13:18:48.577+0000] {task_command.py:388} INFO - Running <TaskInstance: tutorial.sleep scheduled__2023-01-31T13:18:37.135478+00:00 [running]> on host f0effdbaf765
[2023-02-01T13:18:48.661+0000] {taskinstance.py:1509} INFO - Exporting the following env vars:
AIRFLOW_CTX_DAG_EMAIL=***@example.com
AIRFLOW_CTX_DAG_OWNER=***
AIRFLOW_CTX_DAG_ID=tutorial
AIRFLOW_CTX_TASK_ID=sleep
AIRFLOW_CTX_EXECUTION_DATE=2023-01-31T13:18:37.135478+00:00
AIRFLOW_CTX_TRY_NUMBER=1
AIRFLOW_CTX_DAG_RUN_ID=scheduled__2023-01-31T13:18:37.135478+00:00
[2023-02-01T13:18:48.664+0000] {subprocess.py:63} INFO - Tmp dir root location: 
 /tmp
[2023-02-01T13:18:48.666+0000] {subprocess.py:75} INFO - Running command: ['/bin/bash', '-c', 'sleep 5']
[2023-02-01T13:18:48.681+0000] {subprocess.py:86} INFO - Output:
[2023-02-01T13:18:53.690+0000] {subprocess.py:97} INFO - Command exited with return code 0
[2023-02-01T13:18:53.814+0000] {taskinstance.py:1323} INFO - Marking task as SUCCESS. dag_id=tutorial, task_id=sleep, execution_date=20230131T131837, start_date=20230201T131848, end_date=20230201T131853
[2023-02-01T13:18:53.896+0000] {local_task_job.py:208} INFO - Task exited with return code 0
[2023-02-01T13:18:53.934+0000] {taskinstance.py:2578} INFO - 0 downstream tasks scheduled from follow-on schedule check
