[2023-02-01T19:09:31.982+0000] {taskinstance.py:1083} INFO - Dependencies all met for <TaskInstance: CSV_DAG.convertCSVToJson scheduled__2023-02-01T11:20:00+00:00 [queued]>
[2023-02-01T19:09:32.057+0000] {taskinstance.py:1083} INFO - Dependencies all met for <TaskInstance: CSV_DAG.convertCSVToJson scheduled__2023-02-01T11:20:00+00:00 [queued]>
[2023-02-01T19:09:32.060+0000] {taskinstance.py:1279} INFO - 
--------------------------------------------------------------------------------
[2023-02-01T19:09:32.064+0000] {taskinstance.py:1280} INFO - Starting attempt 1 of 2
[2023-02-01T19:09:32.066+0000] {taskinstance.py:1281} INFO - 
--------------------------------------------------------------------------------
[2023-02-01T19:09:32.153+0000] {taskinstance.py:1300} INFO - Executing <Task(PythonOperator): convertCSVToJson> on 2023-02-01 11:20:00+00:00
[2023-02-01T19:09:32.175+0000] {standard_task_runner.py:55} INFO - Started process 1196 to run task
[2023-02-01T19:09:32.226+0000] {standard_task_runner.py:82} INFO - Running: ['***', 'tasks', 'run', 'CSV_DAG', 'convertCSVToJson', 'scheduled__2023-02-01T11:20:00+00:00', '--job-id', '309', '--raw', '--subdir', 'DAGS_FOLDER/csv.py', '--cfg-path', '/tmp/tmpxjry7m83']
[2023-02-01T19:09:32.232+0000] {standard_task_runner.py:83} INFO - Job 309: Subtask convertCSVToJson
[2023-02-01T19:09:32.539+0000] {task_command.py:388} INFO - Running <TaskInstance: CSV_DAG.convertCSVToJson scheduled__2023-02-01T11:20:00+00:00 [running]> on host 06d8060e8530
[2023-02-01T19:09:32.905+0000] {taskinstance.py:1509} INFO - Exporting the following env vars:
AIRFLOW_CTX_DAG_OWNER=Kevin Chalmers
AIRFLOW_CTX_DAG_ID=CSV_DAG
AIRFLOW_CTX_TASK_ID=convertCSVToJson
AIRFLOW_CTX_EXECUTION_DATE=2023-02-01T11:20:00+00:00
AIRFLOW_CTX_TRY_NUMBER=1
AIRFLOW_CTX_DAG_RUN_ID=scheduled__2023-02-01T11:20:00+00:00
[2023-02-01T19:09:32.980+0000] {logging_mixin.py:137} INFO - Angelica Lopez
[2023-02-01T19:09:32.996+0000] {logging_mixin.py:137} INFO - Betty Wright
[2023-02-01T19:09:33.007+0000] {logging_mixin.py:137} INFO - Sara Schmidt
[2023-02-01T19:09:33.010+0000] {logging_mixin.py:137} INFO - Dr. Sherry Rodriguez
[2023-02-01T19:09:33.020+0000] {logging_mixin.py:137} INFO - Rebecca Mills
[2023-02-01T19:09:33.029+0000] {logging_mixin.py:137} INFO - Andrew Anderson
[2023-02-01T19:09:33.031+0000] {logging_mixin.py:137} INFO - Martin Everett
[2023-02-01T19:09:33.035+0000] {logging_mixin.py:137} INFO - Felicia Gregory
[2023-02-01T19:09:33.037+0000] {logging_mixin.py:137} INFO - Kara Bowers
[2023-02-01T19:09:33.042+0000] {logging_mixin.py:137} INFO - Vincent Vincent
[2023-02-01T19:09:33.055+0000] {logging_mixin.py:137} INFO - Morgan Butler
[2023-02-01T19:09:33.058+0000] {logging_mixin.py:137} INFO - Stephen Riley
[2023-02-01T19:09:33.060+0000] {logging_mixin.py:137} INFO - Wanda Thomas
[2023-02-01T19:09:33.062+0000] {logging_mixin.py:137} INFO - Michelle Schultz
[2023-02-01T19:09:33.064+0000] {logging_mixin.py:137} INFO - Christopher Rush MD
[2023-02-01T19:09:33.073+0000] {logging_mixin.py:137} INFO - Phyllis Miles
[2023-02-01T19:09:33.079+0000] {logging_mixin.py:137} INFO - Rebecca Price
[2023-02-01T19:09:33.091+0000] {logging_mixin.py:137} INFO - John Morse
[2023-02-01T19:09:33.099+0000] {logging_mixin.py:137} INFO - Nicholas Sanchez
[2023-02-01T19:09:33.102+0000] {logging_mixin.py:137} INFO - Crystal Dean
[2023-02-01T19:09:33.109+0000] {logging_mixin.py:137} INFO - Tyler Diaz
[2023-02-01T19:09:33.119+0000] {logging_mixin.py:137} INFO - Denise Mclean
[2023-02-01T19:09:33.125+0000] {logging_mixin.py:137} INFO - Daniel Grant
[2023-02-01T19:09:33.127+0000] {logging_mixin.py:137} INFO - Sandra Peterson
[2023-02-01T19:09:33.132+0000] {logging_mixin.py:137} INFO - Denise Morse
[2023-02-01T19:09:33.151+0000] {logging_mixin.py:137} INFO - Brianna Smith
[2023-02-01T19:09:33.153+0000] {logging_mixin.py:137} INFO - Tony Miller
[2023-02-01T19:09:33.156+0000] {logging_mixin.py:137} INFO - Jean Booth
[2023-02-01T19:09:33.158+0000] {logging_mixin.py:137} INFO - Penny Salazar
[2023-02-01T19:09:33.160+0000] {logging_mixin.py:137} INFO - Cathy Williams
[2023-02-01T19:09:33.172+0000] {logging_mixin.py:137} INFO - Hannah Collins
[2023-02-01T19:09:33.175+0000] {logging_mixin.py:137} INFO - Maurice Casey
[2023-02-01T19:09:33.178+0000] {logging_mixin.py:137} INFO - Patrick Walker
[2023-02-01T19:09:33.180+0000] {logging_mixin.py:137} INFO - Pamela Barton
[2023-02-01T19:09:33.183+0000] {logging_mixin.py:137} INFO - Anthony Bryant
[2023-02-01T19:09:33.185+0000] {logging_mixin.py:137} INFO - Andrew Harris
[2023-02-01T19:09:33.188+0000] {logging_mixin.py:137} INFO - Aaron Harris
[2023-02-01T19:09:33.190+0000] {logging_mixin.py:137} INFO - Maureen Soto
[2023-02-01T19:09:33.192+0000] {logging_mixin.py:137} INFO - Crystal Mcdaniel
[2023-02-01T19:09:33.194+0000] {logging_mixin.py:137} INFO - Lauren Barrett
[2023-02-01T19:09:33.195+0000] {logging_mixin.py:137} INFO - Brandon Perez
[2023-02-01T19:09:33.197+0000] {logging_mixin.py:137} INFO - Mark Robertson
[2023-02-01T19:09:33.202+0000] {logging_mixin.py:137} INFO - Nicole Gates
[2023-02-01T19:09:33.204+0000] {logging_mixin.py:137} INFO - Bradley Cruz
[2023-02-01T19:09:33.206+0000] {logging_mixin.py:137} INFO - Gina Burns
[2023-02-01T19:09:33.228+0000] {logging_mixin.py:137} INFO - Zachary Martinez
[2023-02-01T19:09:33.232+0000] {logging_mixin.py:137} INFO - Natasha Johnson
[2023-02-01T19:09:33.239+0000] {logging_mixin.py:137} INFO - Patrick Gonzales
[2023-02-01T19:09:33.254+0000] {logging_mixin.py:137} INFO - Terri Wilson
[2023-02-01T19:09:33.256+0000] {logging_mixin.py:137} INFO - Sarah Lopez
[2023-02-01T19:09:33.262+0000] {logging_mixin.py:137} INFO - Dana Turner
[2023-02-01T19:09:33.266+0000] {logging_mixin.py:137} INFO - Cynthia Johnson
[2023-02-01T19:09:33.268+0000] {logging_mixin.py:137} INFO - William Thornton
[2023-02-01T19:09:33.274+0000] {logging_mixin.py:137} INFO - James Lee
[2023-02-01T19:09:33.277+0000] {logging_mixin.py:137} INFO - Stephen Allen
[2023-02-01T19:09:33.281+0000] {logging_mixin.py:137} INFO - William Stark
[2023-02-01T19:09:33.282+0000] {logging_mixin.py:137} INFO - Michael Parker
[2023-02-01T19:09:33.284+0000] {logging_mixin.py:137} INFO - Lisa Stephens
[2023-02-01T19:09:33.295+0000] {logging_mixin.py:137} INFO - Mr. Reginald Wise DDS
[2023-02-01T19:09:33.299+0000] {logging_mixin.py:137} INFO - Alexander James
[2023-02-01T19:09:33.303+0000] {logging_mixin.py:137} INFO - Kristen West
[2023-02-01T19:09:33.315+0000] {logging_mixin.py:137} INFO - Elizabeth Sanchez
[2023-02-01T19:09:33.319+0000] {logging_mixin.py:137} INFO - Jennifer Wilson
[2023-02-01T19:09:33.327+0000] {logging_mixin.py:137} INFO - Catherine Nicholson
[2023-02-01T19:09:33.336+0000] {logging_mixin.py:137} INFO - David Henderson
[2023-02-01T19:09:33.338+0000] {logging_mixin.py:137} INFO - Stephen Davis
[2023-02-01T19:09:33.343+0000] {logging_mixin.py:137} INFO - Paul Skinner
[2023-02-01T19:09:33.348+0000] {logging_mixin.py:137} INFO - Rebecca Wong
[2023-02-01T19:09:33.350+0000] {logging_mixin.py:137} INFO - Tara Benitez
[2023-02-01T19:09:33.352+0000] {logging_mixin.py:137} INFO - Sharon Miller
[2023-02-01T19:09:33.354+0000] {logging_mixin.py:137} INFO - Cynthia Smith
[2023-02-01T19:09:33.356+0000] {logging_mixin.py:137} INFO - Jennifer Werner
[2023-02-01T19:09:33.358+0000] {logging_mixin.py:137} INFO - Rebecca Tucker
[2023-02-01T19:09:33.360+0000] {logging_mixin.py:137} INFO - Ashlee Castillo
[2023-02-01T19:09:33.368+0000] {logging_mixin.py:137} INFO - Christopher Holmes
[2023-02-01T19:09:33.378+0000] {logging_mixin.py:137} INFO - Daniel Velez
[2023-02-01T19:09:33.387+0000] {logging_mixin.py:137} INFO - Amy Serrano
[2023-02-01T19:09:33.392+0000] {logging_mixin.py:137} INFO - Alison Nash
[2023-02-01T19:09:33.401+0000] {logging_mixin.py:137} INFO - Peter Johnson
[2023-02-01T19:09:33.412+0000] {logging_mixin.py:137} INFO - Breanna Harris
[2023-02-01T19:09:33.414+0000] {logging_mixin.py:137} INFO - Eric King
[2023-02-01T19:09:33.417+0000] {logging_mixin.py:137} INFO - Patricia Oliver
[2023-02-01T19:09:33.418+0000] {logging_mixin.py:137} INFO - Denise Grimes
[2023-02-01T19:09:33.423+0000] {logging_mixin.py:137} INFO - Jill Olson
[2023-02-01T19:09:33.426+0000] {logging_mixin.py:137} INFO - Stephanie Hart
[2023-02-01T19:09:33.432+0000] {logging_mixin.py:137} INFO - Ashley Lee
[2023-02-01T19:09:33.436+0000] {logging_mixin.py:137} INFO - Kelly Barnes
[2023-02-01T19:09:33.438+0000] {logging_mixin.py:137} INFO - Christie West
[2023-02-01T19:09:33.441+0000] {logging_mixin.py:137} INFO - Todd Nolan
[2023-02-01T19:09:33.444+0000] {logging_mixin.py:137} INFO - Sarah Reed
[2023-02-01T19:09:33.447+0000] {logging_mixin.py:137} INFO - Jennifer Keith
[2023-02-01T19:09:33.454+0000] {logging_mixin.py:137} INFO - Shawn Alvarez
[2023-02-01T19:09:33.459+0000] {logging_mixin.py:137} INFO - Alexander Wilson
[2023-02-01T19:09:33.464+0000] {logging_mixin.py:137} INFO - Rachel Melendez
[2023-02-01T19:09:33.472+0000] {logging_mixin.py:137} INFO - Morgan Walters
[2023-02-01T19:09:33.475+0000] {logging_mixin.py:137} INFO - Nicole Garcia
[2023-02-01T19:09:33.480+0000] {logging_mixin.py:137} INFO - Jennifer White
[2023-02-01T19:09:33.484+0000] {logging_mixin.py:137} INFO - Leslie Shannon
[2023-02-01T19:09:33.503+0000] {logging_mixin.py:137} INFO - Lisa Clayton
[2023-02-01T19:09:33.506+0000] {logging_mixin.py:137} INFO - Zachary Molina
[2023-02-01T19:09:33.508+0000] {logging_mixin.py:137} INFO - Bruce Butler
[2023-02-01T19:09:33.511+0000] {logging_mixin.py:137} INFO - Dustin Howell
[2023-02-01T19:09:33.513+0000] {logging_mixin.py:137} INFO - Aaron Smith
[2023-02-01T19:09:33.518+0000] {logging_mixin.py:137} INFO - Kyle Green
[2023-02-01T19:09:33.527+0000] {logging_mixin.py:137} INFO - Steven Clark
[2023-02-01T19:09:33.530+0000] {logging_mixin.py:137} INFO - Robert Holden
[2023-02-01T19:09:33.532+0000] {logging_mixin.py:137} INFO - Zachary Harmon
[2023-02-01T19:09:33.535+0000] {logging_mixin.py:137} INFO - Rachel Miller
[2023-02-01T19:09:33.537+0000] {logging_mixin.py:137} INFO - Brandon Parker
[2023-02-01T19:09:33.541+0000] {logging_mixin.py:137} INFO - Walter Martin
[2023-02-01T19:09:33.543+0000] {logging_mixin.py:137} INFO - Jose Young
[2023-02-01T19:09:33.546+0000] {logging_mixin.py:137} INFO - Kelsey Long
[2023-02-01T19:09:33.556+0000] {logging_mixin.py:137} INFO - William Harper
[2023-02-01T19:09:33.557+0000] {logging_mixin.py:137} INFO - Alejandro Lambert
[2023-02-01T19:09:33.558+0000] {logging_mixin.py:137} INFO - Stephanie Carson
[2023-02-01T19:09:33.560+0000] {logging_mixin.py:137} INFO - Diana Ortega MD
[2023-02-01T19:09:33.563+0000] {logging_mixin.py:137} INFO - Janet Morales
[2023-02-01T19:09:33.565+0000] {logging_mixin.py:137} INFO - Eric Fisher
[2023-02-01T19:09:33.567+0000] {logging_mixin.py:137} INFO - Louis Baker
[2023-02-01T19:09:33.568+0000] {logging_mixin.py:137} INFO - Cindy Ward
[2023-02-01T19:09:33.576+0000] {logging_mixin.py:137} INFO - Ana Jenkins
[2023-02-01T19:09:33.583+0000] {logging_mixin.py:137} INFO - Leslie Barton
[2023-02-01T19:09:33.598+0000] {logging_mixin.py:137} INFO - Gregory Price
[2023-02-01T19:09:33.602+0000] {logging_mixin.py:137} INFO - Brandon Moore
[2023-02-01T19:09:33.604+0000] {logging_mixin.py:137} INFO - Heather Garrett
[2023-02-01T19:09:33.608+0000] {logging_mixin.py:137} INFO - Cindy Hawkins
[2023-02-01T19:09:33.615+0000] {logging_mixin.py:137} INFO - Mr. Frank Snyder Jr.
[2023-02-01T19:09:33.619+0000] {logging_mixin.py:137} INFO - Megan Wang
[2023-02-01T19:09:33.622+0000] {logging_mixin.py:137} INFO - Jennifer Fleming
[2023-02-01T19:09:33.626+0000] {logging_mixin.py:137} INFO - Gary Hodge
[2023-02-01T19:09:33.635+0000] {logging_mixin.py:137} INFO - Nichole Miller
[2023-02-01T19:09:33.638+0000] {logging_mixin.py:137} INFO - Mitchell Mendoza
[2023-02-01T19:09:33.647+0000] {logging_mixin.py:137} INFO - Bradley Horton
[2023-02-01T19:09:33.652+0000] {logging_mixin.py:137} INFO - Michelle Hess
[2023-02-01T19:09:33.655+0000] {logging_mixin.py:137} INFO - Ronald Torres
[2023-02-01T19:09:33.657+0000] {logging_mixin.py:137} INFO - Raymond Hudson
[2023-02-01T19:09:33.660+0000] {logging_mixin.py:137} INFO - Vincent Jackson
[2023-02-01T19:09:33.666+0000] {logging_mixin.py:137} INFO - Susan Carey
[2023-02-01T19:09:33.669+0000] {logging_mixin.py:137} INFO - Chase Wilson
[2023-02-01T19:09:33.672+0000] {logging_mixin.py:137} INFO - Tonya Baldwin
[2023-02-01T19:09:33.675+0000] {logging_mixin.py:137} INFO - Mrs. Tina Davis
[2023-02-01T19:09:33.679+0000] {logging_mixin.py:137} INFO - Scott Garrett
[2023-02-01T19:09:33.687+0000] {logging_mixin.py:137} INFO - Michael Wilson
[2023-02-01T19:09:33.689+0000] {logging_mixin.py:137} INFO - Andrew Orozco
[2023-02-01T19:09:33.692+0000] {logging_mixin.py:137} INFO - Troy Carson
[2023-02-01T19:09:33.694+0000] {logging_mixin.py:137} INFO - Alex Winters
[2023-02-01T19:09:33.697+0000] {logging_mixin.py:137} INFO - Toni Frank
[2023-02-01T19:09:33.702+0000] {logging_mixin.py:137} INFO - Kathleen Snyder
[2023-02-01T19:09:33.706+0000] {logging_mixin.py:137} INFO - Anna Lopez
[2023-02-01T19:09:33.709+0000] {logging_mixin.py:137} INFO - Charles Brown
[2023-02-01T19:09:33.713+0000] {logging_mixin.py:137} INFO - Barry Ross
[2023-02-01T19:09:33.716+0000] {logging_mixin.py:137} INFO - Emily Ramirez
[2023-02-01T19:09:33.720+0000] {logging_mixin.py:137} INFO - Anna Williams
[2023-02-01T19:09:33.730+0000] {logging_mixin.py:137} INFO - Kristin Pennington
[2023-02-01T19:09:33.733+0000] {logging_mixin.py:137} INFO - Mary Aguirre
[2023-02-01T19:09:33.737+0000] {logging_mixin.py:137} INFO - Austin Santos
[2023-02-01T19:09:33.740+0000] {logging_mixin.py:137} INFO - David Nelson
[2023-02-01T19:09:33.741+0000] {logging_mixin.py:137} INFO - Alyssa Mcbride
[2023-02-01T19:09:33.744+0000] {logging_mixin.py:137} INFO - Lisa Gibson
[2023-02-01T19:09:33.749+0000] {logging_mixin.py:137} INFO - Alexander Kelly
[2023-02-01T19:09:33.757+0000] {logging_mixin.py:137} INFO - Ronald Thomas
[2023-02-01T19:09:33.759+0000] {logging_mixin.py:137} INFO - Michael Hurst
[2023-02-01T19:09:33.763+0000] {logging_mixin.py:137} INFO - Lauren Ward
[2023-02-01T19:09:33.765+0000] {logging_mixin.py:137} INFO - Christian Terry
[2023-02-01T19:09:33.768+0000] {logging_mixin.py:137} INFO - Jared Black
[2023-02-01T19:09:33.771+0000] {logging_mixin.py:137} INFO - Anthony Brown
[2023-02-01T19:09:33.773+0000] {logging_mixin.py:137} INFO - John Cole
[2023-02-01T19:09:33.779+0000] {logging_mixin.py:137} INFO - David Lee
[2023-02-01T19:09:33.788+0000] {logging_mixin.py:137} INFO - Lori Thomas
[2023-02-01T19:09:33.792+0000] {logging_mixin.py:137} INFO - Daniel Herman
[2023-02-01T19:09:33.802+0000] {logging_mixin.py:137} INFO - Pam Williams
[2023-02-01T19:09:33.810+0000] {logging_mixin.py:137} INFO - Sarah Jenkins
[2023-02-01T19:09:33.816+0000] {logging_mixin.py:137} INFO - Susan Mitchell
[2023-02-01T19:09:33.818+0000] {logging_mixin.py:137} INFO - Jacqueline Green
[2023-02-01T19:09:33.820+0000] {logging_mixin.py:137} INFO - Victoria Garrison
[2023-02-01T19:09:33.821+0000] {logging_mixin.py:137} INFO - Jonathan Daniels
[2023-02-01T19:09:33.823+0000] {logging_mixin.py:137} INFO - Trevor Hansen
[2023-02-01T19:09:33.830+0000] {logging_mixin.py:137} INFO - Laurie Bowen
[2023-02-01T19:09:33.834+0000] {logging_mixin.py:137} INFO - James Cline
[2023-02-01T19:09:33.839+0000] {logging_mixin.py:137} INFO - Michael Rose
[2023-02-01T19:09:33.841+0000] {logging_mixin.py:137} INFO - Lawrence Juarez
[2023-02-01T19:09:33.843+0000] {logging_mixin.py:137} INFO - Lucas Caldwell
[2023-02-01T19:09:33.850+0000] {logging_mixin.py:137} INFO - Laura Jackson
[2023-02-01T19:09:33.854+0000] {logging_mixin.py:137} INFO - Sherri Thornton
[2023-02-01T19:09:33.856+0000] {logging_mixin.py:137} INFO - Alice Wilson
[2023-02-01T19:09:33.858+0000] {logging_mixin.py:137} INFO - Diane Williams
[2023-02-01T19:09:33.865+0000] {logging_mixin.py:137} INFO - Kara Martin
[2023-02-01T19:09:33.867+0000] {logging_mixin.py:137} INFO - Joseph Moore
[2023-02-01T19:09:33.869+0000] {logging_mixin.py:137} INFO - Jesse Moses
[2023-02-01T19:09:33.870+0000] {logging_mixin.py:137} INFO - Lisa Mccall
[2023-02-01T19:09:33.873+0000] {logging_mixin.py:137} INFO - Alexandra Mccoy
[2023-02-01T19:09:33.875+0000] {logging_mixin.py:137} INFO - Daniel Martin
[2023-02-01T19:09:33.876+0000] {logging_mixin.py:137} INFO - Claudia Peck
[2023-02-01T19:09:33.880+0000] {logging_mixin.py:137} INFO - Jessica Mcconnell
[2023-02-01T19:09:33.888+0000] {logging_mixin.py:137} INFO - Kevin Walker
[2023-02-01T19:09:33.890+0000] {logging_mixin.py:137} INFO - Christina Lee
[2023-02-01T19:09:33.892+0000] {logging_mixin.py:137} INFO - Christopher Schroeder
[2023-02-01T19:09:33.897+0000] {logging_mixin.py:137} INFO - Melissa Parker
[2023-02-01T19:09:33.905+0000] {logging_mixin.py:137} INFO - Janet Molina
[2023-02-01T19:09:33.907+0000] {logging_mixin.py:137} INFO - Barbara Harris
[2023-02-01T19:09:33.912+0000] {logging_mixin.py:137} INFO - Joseph Hurley
[2023-02-01T19:09:33.917+0000] {logging_mixin.py:137} INFO - Greg Hayden
[2023-02-01T19:09:33.920+0000] {logging_mixin.py:137} INFO - Edwin Adams
[2023-02-01T19:09:33.926+0000] {logging_mixin.py:137} INFO - Ashley Hunter
[2023-02-01T19:09:33.932+0000] {logging_mixin.py:137} INFO - Jennifer Tucker
[2023-02-01T19:09:33.937+0000] {logging_mixin.py:137} INFO - Eddie Gray
[2023-02-01T19:09:33.943+0000] {logging_mixin.py:137} INFO - Jennifer Evans
[2023-02-01T19:09:33.951+0000] {logging_mixin.py:137} INFO - Stephen Carey
[2023-02-01T19:09:33.953+0000] {logging_mixin.py:137} INFO - Samantha Campos
[2023-02-01T19:09:33.960+0000] {logging_mixin.py:137} INFO - Meagan Brown
[2023-02-01T19:09:33.963+0000] {logging_mixin.py:137} INFO - Miss Marisa Barber
[2023-02-01T19:09:33.966+0000] {logging_mixin.py:137} INFO - Jay Mann
[2023-02-01T19:09:33.969+0000] {logging_mixin.py:137} INFO - Matthew Campbell
[2023-02-01T19:09:33.976+0000] {logging_mixin.py:137} INFO - Brent Rodriguez
[2023-02-01T19:09:33.980+0000] {logging_mixin.py:137} INFO - Teresa Ross
[2023-02-01T19:09:33.984+0000] {logging_mixin.py:137} INFO - Mary Martinez
[2023-02-01T19:09:33.999+0000] {logging_mixin.py:137} INFO - Joseph Lewis
[2023-02-01T19:09:34.006+0000] {logging_mixin.py:137} INFO - Dale Davis
[2023-02-01T19:09:34.017+0000] {logging_mixin.py:137} INFO - Elizabeth Evans
[2023-02-01T19:09:34.021+0000] {logging_mixin.py:137} INFO - Shannon Wang
[2023-02-01T19:09:34.022+0000] {logging_mixin.py:137} INFO - Brandon Campbell
[2023-02-01T19:09:34.024+0000] {logging_mixin.py:137} INFO - Rhonda Pace
[2023-02-01T19:09:34.025+0000] {logging_mixin.py:137} INFO - Sarah Santos
[2023-02-01T19:09:34.027+0000] {logging_mixin.py:137} INFO - Jacob Ford
[2023-02-01T19:09:34.030+0000] {logging_mixin.py:137} INFO - Matthew Hansen
[2023-02-01T19:09:34.031+0000] {logging_mixin.py:137} INFO - Amy Ray
[2023-02-01T19:09:34.032+0000] {logging_mixin.py:137} INFO - Aaron Fields
[2023-02-01T19:09:34.034+0000] {logging_mixin.py:137} INFO - Mary Taylor
[2023-02-01T19:09:34.036+0000] {logging_mixin.py:137} INFO - James Morris
[2023-02-01T19:09:34.038+0000] {logging_mixin.py:137} INFO - Darrell Cain
[2023-02-01T19:09:34.043+0000] {logging_mixin.py:137} INFO - Michael Smith
[2023-02-01T19:09:34.045+0000] {logging_mixin.py:137} INFO - Scott Coleman
[2023-02-01T19:09:34.053+0000] {logging_mixin.py:137} INFO - David Fitzpatrick
[2023-02-01T19:09:34.054+0000] {logging_mixin.py:137} INFO - Debra Shepherd
[2023-02-01T19:09:34.056+0000] {logging_mixin.py:137} INFO - Paul Rush
[2023-02-01T19:09:34.058+0000] {logging_mixin.py:137} INFO - Brett Hernandez
[2023-02-01T19:09:34.063+0000] {logging_mixin.py:137} INFO - Sheila Riddle
[2023-02-01T19:09:34.065+0000] {logging_mixin.py:137} INFO - Joan Austin
[2023-02-01T19:09:34.066+0000] {logging_mixin.py:137} INFO - Michael Garcia
[2023-02-01T19:09:34.068+0000] {logging_mixin.py:137} INFO - Natalie Harris
[2023-02-01T19:09:34.070+0000] {logging_mixin.py:137} INFO - Steven Dean
[2023-02-01T19:09:34.072+0000] {logging_mixin.py:137} INFO - John Brown
[2023-02-01T19:09:34.073+0000] {logging_mixin.py:137} INFO - Keith Zimmerman
[2023-02-01T19:09:34.075+0000] {logging_mixin.py:137} INFO - Curtis Byrd
[2023-02-01T19:09:34.077+0000] {logging_mixin.py:137} INFO - Mariah Green
[2023-02-01T19:09:34.078+0000] {logging_mixin.py:137} INFO - Roger Huynh
[2023-02-01T19:09:34.080+0000] {logging_mixin.py:137} INFO - Christopher Zamora
[2023-02-01T19:09:34.091+0000] {logging_mixin.py:137} INFO - Joyce Crawford
[2023-02-01T19:09:34.094+0000] {logging_mixin.py:137} INFO - Angela Smith
[2023-02-01T19:09:34.098+0000] {logging_mixin.py:137} INFO - Veronica Robinson
[2023-02-01T19:09:34.100+0000] {logging_mixin.py:137} INFO - Christopher Bates
[2023-02-01T19:09:34.102+0000] {logging_mixin.py:137} INFO - Steve Stone
[2023-02-01T19:09:34.104+0000] {logging_mixin.py:137} INFO - William Cook
[2023-02-01T19:09:34.109+0000] {logging_mixin.py:137} INFO - Lori Wood
[2023-02-01T19:09:34.111+0000] {logging_mixin.py:137} INFO - Jillian Reynolds
[2023-02-01T19:09:34.112+0000] {logging_mixin.py:137} INFO - Angela Caldwell
[2023-02-01T19:09:34.115+0000] {logging_mixin.py:137} INFO - Shane Campbell
[2023-02-01T19:09:34.118+0000] {logging_mixin.py:137} INFO - Karen Lawrence
[2023-02-01T19:09:34.129+0000] {logging_mixin.py:137} INFO - Kimberly Wood
[2023-02-01T19:09:34.133+0000] {logging_mixin.py:137} INFO - Samantha Lopez
[2023-02-01T19:09:34.139+0000] {logging_mixin.py:137} INFO - Harold Miller
[2023-02-01T19:09:34.146+0000] {logging_mixin.py:137} INFO - Raymond Cooper DVM
[2023-02-01T19:09:34.151+0000] {logging_mixin.py:137} INFO - Kristen Patel
[2023-02-01T19:09:34.160+0000] {logging_mixin.py:137} INFO - Anthony Mejia
[2023-02-01T19:09:34.168+0000] {logging_mixin.py:137} INFO - Raymond Thomas
[2023-02-01T19:09:34.184+0000] {logging_mixin.py:137} INFO - Scott Young
[2023-02-01T19:09:34.185+0000] {logging_mixin.py:137} INFO - David Larson
[2023-02-01T19:09:34.196+0000] {logging_mixin.py:137} INFO - Jon Murray
[2023-02-01T19:09:34.203+0000] {logging_mixin.py:137} INFO - Stephen Taylor
[2023-02-01T19:09:34.206+0000] {logging_mixin.py:137} INFO - Jennifer Hernandez
[2023-02-01T19:09:34.210+0000] {logging_mixin.py:137} INFO - Stacy Smith
[2023-02-01T19:09:34.218+0000] {logging_mixin.py:137} INFO - Juan Owens
[2023-02-01T19:09:34.233+0000] {logging_mixin.py:137} INFO - Brian Adkins
[2023-02-01T19:09:34.240+0000] {logging_mixin.py:137} INFO - Jesse Wells
[2023-02-01T19:09:34.243+0000] {logging_mixin.py:137} INFO - Kyle Matthews
[2023-02-01T19:09:34.245+0000] {logging_mixin.py:137} INFO - Dustin Russell
[2023-02-01T19:09:34.249+0000] {logging_mixin.py:137} INFO - Richard White
[2023-02-01T19:09:34.251+0000] {logging_mixin.py:137} INFO - Brittany Nichols
[2023-02-01T19:09:34.253+0000] {logging_mixin.py:137} INFO - Colton Kelly
[2023-02-01T19:09:34.254+0000] {logging_mixin.py:137} INFO - William Perry
[2023-02-01T19:09:34.259+0000] {logging_mixin.py:137} INFO - Thomas Cummings
[2023-02-01T19:09:34.263+0000] {logging_mixin.py:137} INFO - Timothy Ballard
[2023-02-01T19:09:34.268+0000] {logging_mixin.py:137} INFO - Richard Washington
[2023-02-01T19:09:34.271+0000] {logging_mixin.py:137} INFO - Joshua Lam
[2023-02-01T19:09:34.274+0000] {logging_mixin.py:137} INFO - Grant Jackson
[2023-02-01T19:09:34.280+0000] {logging_mixin.py:137} INFO - Erin Baker
[2023-02-01T19:09:34.282+0000] {logging_mixin.py:137} INFO - Scott Flowers
[2023-02-01T19:09:34.284+0000] {logging_mixin.py:137} INFO - James Adams
[2023-02-01T19:09:34.286+0000] {logging_mixin.py:137} INFO - Heather Alvarado
[2023-02-01T19:09:34.288+0000] {logging_mixin.py:137} INFO - Jennifer Snow
[2023-02-01T19:09:34.290+0000] {logging_mixin.py:137} INFO - Mario Jackson
[2023-02-01T19:09:34.294+0000] {logging_mixin.py:137} INFO - Kevin Collins
[2023-02-01T19:09:34.297+0000] {logging_mixin.py:137} INFO - Danielle Garcia
[2023-02-01T19:09:34.299+0000] {logging_mixin.py:137} INFO - Brenda Jackson
[2023-02-01T19:09:34.300+0000] {logging_mixin.py:137} INFO - Ashley Parker
[2023-02-01T19:09:34.302+0000] {logging_mixin.py:137} INFO - Angela Hickman
[2023-02-01T19:09:34.303+0000] {logging_mixin.py:137} INFO - Carol Rodriguez
[2023-02-01T19:09:34.304+0000] {logging_mixin.py:137} INFO - Vernon Anderson
[2023-02-01T19:09:34.306+0000] {logging_mixin.py:137} INFO - Jesus Church
[2023-02-01T19:09:34.310+0000] {logging_mixin.py:137} INFO - Michelle Medina
[2023-02-01T19:09:34.312+0000] {logging_mixin.py:137} INFO - Nancy Bryant
[2023-02-01T19:09:34.315+0000] {logging_mixin.py:137} INFO - Jennifer Martinez
[2023-02-01T19:09:34.317+0000] {logging_mixin.py:137} INFO - Amy Dougherty
[2023-02-01T19:09:34.319+0000] {logging_mixin.py:137} INFO - Alexis Sanders
[2023-02-01T19:09:34.320+0000] {logging_mixin.py:137} INFO - Austin Salazar
[2023-02-01T19:09:34.322+0000] {logging_mixin.py:137} INFO - Amy Williams
[2023-02-01T19:09:34.323+0000] {logging_mixin.py:137} INFO - Richard Haynes
[2023-02-01T19:09:34.332+0000] {logging_mixin.py:137} INFO - Christine Stark
[2023-02-01T19:09:34.336+0000] {logging_mixin.py:137} INFO - Anita Medina
[2023-02-01T19:09:34.345+0000] {logging_mixin.py:137} INFO - Mr. Thomas Duran
[2023-02-01T19:09:34.354+0000] {logging_mixin.py:137} INFO - Mr. Russell Peterson
[2023-02-01T19:09:34.357+0000] {logging_mixin.py:137} INFO - Jack Richard
[2023-02-01T19:09:34.361+0000] {logging_mixin.py:137} INFO - Michelle Erickson
[2023-02-01T19:09:34.362+0000] {logging_mixin.py:137} INFO - Mitchell Williams
[2023-02-01T19:09:34.365+0000] {logging_mixin.py:137} INFO - Adrian Herrera
[2023-02-01T19:09:34.367+0000] {logging_mixin.py:137} INFO - Michael Brady
[2023-02-01T19:09:34.369+0000] {logging_mixin.py:137} INFO - Jamie Zhang
[2023-02-01T19:09:34.371+0000] {logging_mixin.py:137} INFO - Helen Brennan
[2023-02-01T19:09:34.375+0000] {logging_mixin.py:137} INFO - John Myers
[2023-02-01T19:09:34.382+0000] {logging_mixin.py:137} INFO - Patricia Nash
[2023-02-01T19:09:34.385+0000] {logging_mixin.py:137} INFO - Michael Johnson
[2023-02-01T19:09:34.390+0000] {logging_mixin.py:137} INFO - Anita Berger
[2023-02-01T19:09:34.392+0000] {logging_mixin.py:137} INFO - Jason Guerrero DVM
[2023-02-01T19:09:34.394+0000] {logging_mixin.py:137} INFO - Kimberly Davis
[2023-02-01T19:09:34.407+0000] {logging_mixin.py:137} INFO - Bryan Hansen
[2023-02-01T19:09:34.412+0000] {logging_mixin.py:137} INFO - Rebecca Obrien
[2023-02-01T19:09:34.415+0000] {logging_mixin.py:137} INFO - Sarah Santiago
[2023-02-01T19:09:34.417+0000] {logging_mixin.py:137} INFO - Christine Lane
[2023-02-01T19:09:34.418+0000] {logging_mixin.py:137} INFO - Jerry Lewis
[2023-02-01T19:09:34.422+0000] {logging_mixin.py:137} INFO - Stephanie Miller
[2023-02-01T19:09:34.425+0000] {logging_mixin.py:137} INFO - Kristi Bradley
[2023-02-01T19:09:34.428+0000] {logging_mixin.py:137} INFO - Darren Moore
[2023-02-01T19:09:34.430+0000] {logging_mixin.py:137} INFO - Kristina Cunningham
[2023-02-01T19:09:34.431+0000] {logging_mixin.py:137} INFO - Laurie Moore
[2023-02-01T19:09:34.434+0000] {logging_mixin.py:137} INFO - Aaron Lewis
[2023-02-01T19:09:34.444+0000] {logging_mixin.py:137} INFO - Theresa Vang
[2023-02-01T19:09:34.452+0000] {logging_mixin.py:137} INFO - Chase Reese
[2023-02-01T19:09:34.455+0000] {logging_mixin.py:137} INFO - Matthew Ferguson
[2023-02-01T19:09:34.456+0000] {logging_mixin.py:137} INFO - Victoria Lewis
[2023-02-01T19:09:34.463+0000] {logging_mixin.py:137} INFO - Jon Scott
[2023-02-01T19:09:34.470+0000] {logging_mixin.py:137} INFO - Lisa Campbell
[2023-02-01T19:09:34.472+0000] {logging_mixin.py:137} INFO - David Ramirez
[2023-02-01T19:09:34.476+0000] {logging_mixin.py:137} INFO - Gabriel Rosario
[2023-02-01T19:09:34.486+0000] {logging_mixin.py:137} INFO - Kristi Johnson
[2023-02-01T19:09:34.488+0000] {logging_mixin.py:137} INFO - Jennifer Schwartz
[2023-02-01T19:09:34.491+0000] {logging_mixin.py:137} INFO - Daniel Norton
[2023-02-01T19:09:34.497+0000] {logging_mixin.py:137} INFO - Richard Montoya
[2023-02-01T19:09:34.504+0000] {logging_mixin.py:137} INFO - Daniel Norris
[2023-02-01T19:09:34.508+0000] {logging_mixin.py:137} INFO - Chad Taylor
[2023-02-01T19:09:34.518+0000] {logging_mixin.py:137} INFO - Angie Allen
[2023-02-01T19:09:34.523+0000] {logging_mixin.py:137} INFO - Michael Brooks
[2023-02-01T19:09:34.524+0000] {logging_mixin.py:137} INFO - Hannah Poole
[2023-02-01T19:09:34.526+0000] {logging_mixin.py:137} INFO - Caitlin Ray
[2023-02-01T19:09:34.531+0000] {logging_mixin.py:137} INFO - Mr. Steven Gardner
[2023-02-01T19:09:34.534+0000] {logging_mixin.py:137} INFO - Jennifer Macdonald
[2023-02-01T19:09:34.545+0000] {logging_mixin.py:137} INFO - Vanessa Small
[2023-02-01T19:09:34.550+0000] {logging_mixin.py:137} INFO - Dennis Gray
[2023-02-01T19:09:34.553+0000] {logging_mixin.py:137} INFO - Sandra Kirk
[2023-02-01T19:09:34.556+0000] {logging_mixin.py:137} INFO - Jason Wagner
[2023-02-01T19:09:34.557+0000] {logging_mixin.py:137} INFO - David Owen
[2023-02-01T19:09:34.563+0000] {logging_mixin.py:137} INFO - Rose Terrell
[2023-02-01T19:09:34.565+0000] {logging_mixin.py:137} INFO - James Green MD
[2023-02-01T19:09:34.567+0000] {logging_mixin.py:137} INFO - Tammy Patel
[2023-02-01T19:09:34.568+0000] {logging_mixin.py:137} INFO - Joseph Lucero
[2023-02-01T19:09:34.570+0000] {logging_mixin.py:137} INFO - Stephanie Rojas
[2023-02-01T19:09:34.571+0000] {logging_mixin.py:137} INFO - Brittany Johnson
[2023-02-01T19:09:34.576+0000] {logging_mixin.py:137} INFO - Christina Cummings
[2023-02-01T19:09:34.584+0000] {logging_mixin.py:137} INFO - Eric Downs
[2023-02-01T19:09:34.597+0000] {logging_mixin.py:137} INFO - Paul Finley
[2023-02-01T19:09:34.608+0000] {logging_mixin.py:137} INFO - Danielle Jackson
[2023-02-01T19:09:34.616+0000] {logging_mixin.py:137} INFO - Anna Johnston
[2023-02-01T19:09:34.621+0000] {logging_mixin.py:137} INFO - Ashlee Hodges
[2023-02-01T19:09:34.628+0000] {logging_mixin.py:137} INFO - Thomas Francis
[2023-02-01T19:09:34.633+0000] {logging_mixin.py:137} INFO - Cody Baird
[2023-02-01T19:09:34.637+0000] {logging_mixin.py:137} INFO - Jeffrey Walter
[2023-02-01T19:09:34.640+0000] {logging_mixin.py:137} INFO - Hannah West
[2023-02-01T19:09:34.642+0000] {logging_mixin.py:137} INFO - Anthony Byrd
[2023-02-01T19:09:34.649+0000] {logging_mixin.py:137} INFO - Julie Ramirez
[2023-02-01T19:09:34.673+0000] {logging_mixin.py:137} INFO - Seth Peters
[2023-02-01T19:09:34.678+0000] {logging_mixin.py:137} INFO - Keith Salas
[2023-02-01T19:09:34.682+0000] {logging_mixin.py:137} INFO - Kathryn Evans
[2023-02-01T19:09:34.684+0000] {logging_mixin.py:137} INFO - Dr. Maria Scott
[2023-02-01T19:09:34.686+0000] {logging_mixin.py:137} INFO - Brenda Thomas
[2023-02-01T19:09:34.699+0000] {logging_mixin.py:137} INFO - Travis Douglas
[2023-02-01T19:09:34.709+0000] {logging_mixin.py:137} INFO - Kurt Santos
[2023-02-01T19:09:34.713+0000] {logging_mixin.py:137} INFO - Sean Parrish
[2023-02-01T19:09:34.717+0000] {logging_mixin.py:137} INFO - Brittany Walls
[2023-02-01T19:09:34.722+0000] {logging_mixin.py:137} INFO - Gail Brooks
[2023-02-01T19:09:34.731+0000] {logging_mixin.py:137} INFO - Valerie Johnson
[2023-02-01T19:09:34.735+0000] {logging_mixin.py:137} INFO - Jessica Dunn
[2023-02-01T19:09:34.738+0000] {logging_mixin.py:137} INFO - Chad Robinson
[2023-02-01T19:09:34.744+0000] {logging_mixin.py:137} INFO - Catherine Combs
[2023-02-01T19:09:34.757+0000] {logging_mixin.py:137} INFO - Joshua Boyd
[2023-02-01T19:09:34.775+0000] {logging_mixin.py:137} INFO - Alicia Barnett DVM
[2023-02-01T19:09:34.779+0000] {logging_mixin.py:137} INFO - Kevin Cervantes
[2023-02-01T19:09:34.780+0000] {logging_mixin.py:137} INFO - Larry Lester
[2023-02-01T19:09:34.783+0000] {logging_mixin.py:137} INFO - Deanna Espinoza
[2023-02-01T19:09:34.785+0000] {logging_mixin.py:137} INFO - Marilyn Davis
[2023-02-01T19:09:34.791+0000] {logging_mixin.py:137} INFO - Michael Weeks
[2023-02-01T19:09:34.795+0000] {logging_mixin.py:137} INFO - Brandon Stanton
[2023-02-01T19:09:34.798+0000] {logging_mixin.py:137} INFO - Ryan Boyer Jr.
[2023-02-01T19:09:34.800+0000] {logging_mixin.py:137} INFO - Amanda Elliott
[2023-02-01T19:09:34.803+0000] {logging_mixin.py:137} INFO - David Moore
[2023-02-01T19:09:34.804+0000] {logging_mixin.py:137} INFO - Andre Williams
[2023-02-01T19:09:34.806+0000] {logging_mixin.py:137} INFO - Jennifer Garcia
[2023-02-01T19:09:34.809+0000] {logging_mixin.py:137} INFO - Tracey Cook
[2023-02-01T19:09:34.813+0000] {logging_mixin.py:137} INFO - Michael Turner
[2023-02-01T19:09:34.818+0000] {logging_mixin.py:137} INFO - Diana Long
[2023-02-01T19:09:34.824+0000] {logging_mixin.py:137} INFO - John Bradley
[2023-02-01T19:09:34.826+0000] {logging_mixin.py:137} INFO - Ann Benjamin
[2023-02-01T19:09:34.828+0000] {logging_mixin.py:137} INFO - Shane House
[2023-02-01T19:09:34.840+0000] {logging_mixin.py:137} INFO - Erin Lee
[2023-02-01T19:09:34.845+0000] {logging_mixin.py:137} INFO - Joseph Gray
[2023-02-01T19:09:34.848+0000] {logging_mixin.py:137} INFO - Betty Gibson
[2023-02-01T19:09:34.851+0000] {logging_mixin.py:137} INFO - Kristen Graham
[2023-02-01T19:09:34.858+0000] {logging_mixin.py:137} INFO - Daniel Meza
[2023-02-01T19:09:34.866+0000] {logging_mixin.py:137} INFO - Sherri Carpenter
[2023-02-01T19:09:34.875+0000] {logging_mixin.py:137} INFO - Andrea Sanchez
[2023-02-01T19:09:34.878+0000] {logging_mixin.py:137} INFO - Jordan Rios
[2023-02-01T19:09:34.880+0000] {logging_mixin.py:137} INFO - Elizabeth Jackson
[2023-02-01T19:09:34.886+0000] {logging_mixin.py:137} INFO - Elizabeth Myers
[2023-02-01T19:09:34.889+0000] {logging_mixin.py:137} INFO - Juan Barnes
[2023-02-01T19:09:34.893+0000] {logging_mixin.py:137} INFO - Christopher Lozano
[2023-02-01T19:09:34.897+0000] {logging_mixin.py:137} INFO - Jacqueline Griffin
[2023-02-01T19:09:34.901+0000] {logging_mixin.py:137} INFO - Ryan Mason
[2023-02-01T19:09:34.903+0000] {logging_mixin.py:137} INFO - Jonathan Moore
[2023-02-01T19:09:34.917+0000] {logging_mixin.py:137} INFO - Abigail Landry
[2023-02-01T19:09:34.919+0000] {logging_mixin.py:137} INFO - Brenda Hernandez
[2023-02-01T19:09:34.930+0000] {logging_mixin.py:137} INFO - Zachary Pitts
[2023-02-01T19:09:34.939+0000] {logging_mixin.py:137} INFO - Amanda Rogers
[2023-02-01T19:09:34.941+0000] {logging_mixin.py:137} INFO - Cynthia Gray
[2023-02-01T19:09:34.943+0000] {logging_mixin.py:137} INFO - Tyler Barajas
[2023-02-01T19:09:34.945+0000] {logging_mixin.py:137} INFO - Michelle Leon
[2023-02-01T19:09:34.947+0000] {logging_mixin.py:137} INFO - Kathy Lang
[2023-02-01T19:09:34.949+0000] {logging_mixin.py:137} INFO - Scott Townsend MD
[2023-02-01T19:09:34.951+0000] {logging_mixin.py:137} INFO - Theresa Acosta
[2023-02-01T19:09:34.952+0000] {logging_mixin.py:137} INFO - David Jones
[2023-02-01T19:09:34.953+0000] {logging_mixin.py:137} INFO - Jeremy Robinson
[2023-02-01T19:09:34.955+0000] {logging_mixin.py:137} INFO - James Newton
[2023-02-01T19:09:34.959+0000] {logging_mixin.py:137} INFO - Tracey Wells
[2023-02-01T19:09:34.961+0000] {logging_mixin.py:137} INFO - Maria Nelson
[2023-02-01T19:09:34.963+0000] {logging_mixin.py:137} INFO - Christopher Griffith
[2023-02-01T19:09:34.966+0000] {logging_mixin.py:137} INFO - Zachary Griffin
[2023-02-01T19:09:34.968+0000] {logging_mixin.py:137} INFO - Amy Nguyen
[2023-02-01T19:09:34.970+0000] {logging_mixin.py:137} INFO - April Williams
[2023-02-01T19:09:34.973+0000] {logging_mixin.py:137} INFO - Marissa Kelly
[2023-02-01T19:09:34.975+0000] {logging_mixin.py:137} INFO - Brian Lopez PhD
[2023-02-01T19:09:34.977+0000] {logging_mixin.py:137} INFO - William Williams
[2023-02-01T19:09:34.979+0000] {logging_mixin.py:137} INFO - Norman Brown
[2023-02-01T19:09:34.982+0000] {logging_mixin.py:137} INFO - Charles Fuentes
[2023-02-01T19:09:34.985+0000] {logging_mixin.py:137} INFO - Anthony Chang
[2023-02-01T19:09:34.989+0000] {logging_mixin.py:137} INFO - Mary Bell
[2023-02-01T19:09:34.995+0000] {logging_mixin.py:137} INFO - Elizabeth Stuart
[2023-02-01T19:09:34.999+0000] {logging_mixin.py:137} INFO - Mary Mcdonald
[2023-02-01T19:09:35.004+0000] {logging_mixin.py:137} INFO - Martin Harrison
[2023-02-01T19:09:35.012+0000] {logging_mixin.py:137} INFO - Stephanie Fernandez
[2023-02-01T19:09:35.019+0000] {logging_mixin.py:137} INFO - Christopher Brown
[2023-02-01T19:09:35.023+0000] {logging_mixin.py:137} INFO - Alexander Stephenson
[2023-02-01T19:09:35.027+0000] {logging_mixin.py:137} INFO - Grace Diaz
[2023-02-01T19:09:35.035+0000] {logging_mixin.py:137} INFO - Frank Bartlett
[2023-02-01T19:09:35.038+0000] {logging_mixin.py:137} INFO - Audrey Andersen
[2023-02-01T19:09:35.046+0000] {logging_mixin.py:137} INFO - David Green
[2023-02-01T19:09:35.048+0000] {logging_mixin.py:137} INFO - Joshua Diaz Jr.
[2023-02-01T19:09:35.055+0000] {logging_mixin.py:137} INFO - Emily Garcia
[2023-02-01T19:09:35.059+0000] {logging_mixin.py:137} INFO - Devin Hall
[2023-02-01T19:09:35.062+0000] {logging_mixin.py:137} INFO - Phillip Garner
[2023-02-01T19:09:35.067+0000] {logging_mixin.py:137} INFO - Katherine Estrada
[2023-02-01T19:09:35.070+0000] {logging_mixin.py:137} INFO - Corey Saunders
[2023-02-01T19:09:35.075+0000] {logging_mixin.py:137} INFO - Kimberly Collins
[2023-02-01T19:09:35.081+0000] {logging_mixin.py:137} INFO - Amy Elliott
[2023-02-01T19:09:35.083+0000] {logging_mixin.py:137} INFO - Tanya Jones
[2023-02-01T19:09:35.086+0000] {logging_mixin.py:137} INFO - Patricia Gonzalez
[2023-02-01T19:09:35.087+0000] {logging_mixin.py:137} INFO - Jennifer Hill
[2023-02-01T19:09:35.092+0000] {logging_mixin.py:137} INFO - John Haynes
[2023-02-01T19:09:35.096+0000] {logging_mixin.py:137} INFO - Jacob Henry
[2023-02-01T19:09:35.101+0000] {logging_mixin.py:137} INFO - Daniel Clark
[2023-02-01T19:09:35.105+0000] {logging_mixin.py:137} INFO - Jonathon Taylor
[2023-02-01T19:09:35.107+0000] {logging_mixin.py:137} INFO - Jesse Evans
[2023-02-01T19:09:35.108+0000] {logging_mixin.py:137} INFO - James Martinez
[2023-02-01T19:09:35.110+0000] {logging_mixin.py:137} INFO - Kyle Reyes
[2023-02-01T19:09:35.112+0000] {logging_mixin.py:137} INFO - Terrence Barker
[2023-02-01T19:09:35.113+0000] {logging_mixin.py:137} INFO - Anthony Washington
[2023-02-01T19:09:35.115+0000] {logging_mixin.py:137} INFO - Dustin Le
[2023-02-01T19:09:35.117+0000] {logging_mixin.py:137} INFO - Bruce Clark
[2023-02-01T19:09:35.120+0000] {logging_mixin.py:137} INFO - Keith Anthony
[2023-02-01T19:09:35.123+0000] {logging_mixin.py:137} INFO - Jeremiah Stone
[2023-02-01T19:09:35.125+0000] {logging_mixin.py:137} INFO - Michael Haley
[2023-02-01T19:09:35.129+0000] {logging_mixin.py:137} INFO - Regina Carrillo
[2023-02-01T19:09:35.132+0000] {logging_mixin.py:137} INFO - Jacob Lee
[2023-02-01T19:09:35.134+0000] {logging_mixin.py:137} INFO - Thomas Gonzalez
[2023-02-01T19:09:35.137+0000] {logging_mixin.py:137} INFO - Mark Lawrence
[2023-02-01T19:09:35.141+0000] {logging_mixin.py:137} INFO - Matthew Anderson
[2023-02-01T19:09:35.143+0000] {logging_mixin.py:137} INFO - Nicholas Young
[2023-02-01T19:09:35.146+0000] {logging_mixin.py:137} INFO - Melvin Martinez
[2023-02-01T19:09:35.148+0000] {logging_mixin.py:137} INFO - Scott Green
[2023-02-01T19:09:35.154+0000] {logging_mixin.py:137} INFO - Dana Richards
[2023-02-01T19:09:35.156+0000] {logging_mixin.py:137} INFO - Lauren Moore
[2023-02-01T19:09:35.160+0000] {logging_mixin.py:137} INFO - Terry Campbell
[2023-02-01T19:09:35.162+0000] {logging_mixin.py:137} INFO - Ralph Jordan
[2023-02-01T19:09:35.164+0000] {logging_mixin.py:137} INFO - Noah Reyes
[2023-02-01T19:09:35.166+0000] {logging_mixin.py:137} INFO - Mr. Gregory Mills MD
[2023-02-01T19:09:35.168+0000] {logging_mixin.py:137} INFO - Michelle Yates
[2023-02-01T19:09:35.169+0000] {logging_mixin.py:137} INFO - Robin Reyes
[2023-02-01T19:09:35.173+0000] {logging_mixin.py:137} INFO - Rebecca Smith
[2023-02-01T19:09:35.175+0000] {logging_mixin.py:137} INFO - Nicole Torres
[2023-02-01T19:09:35.176+0000] {logging_mixin.py:137} INFO - Ronald Jones
[2023-02-01T19:09:35.178+0000] {logging_mixin.py:137} INFO - Michael Castaneda
[2023-02-01T19:09:35.179+0000] {logging_mixin.py:137} INFO - Christopher Krueger
[2023-02-01T19:09:35.182+0000] {logging_mixin.py:137} INFO - Jennifer Werner
[2023-02-01T19:09:35.184+0000] {logging_mixin.py:137} INFO - Ashley Smith
[2023-02-01T19:09:35.185+0000] {logging_mixin.py:137} INFO - Alyssa Fields
[2023-02-01T19:09:35.187+0000] {logging_mixin.py:137} INFO - John Scott
[2023-02-01T19:09:35.189+0000] {logging_mixin.py:137} INFO - Debra Delacruz
[2023-02-01T19:09:35.190+0000] {logging_mixin.py:137} INFO - James Madden
[2023-02-01T19:09:35.191+0000] {logging_mixin.py:137} INFO - Joseph Gentry
[2023-02-01T19:09:35.193+0000] {logging_mixin.py:137} INFO - Ashley Cabrera
[2023-02-01T19:09:35.195+0000] {logging_mixin.py:137} INFO - Jennifer Fernandez
[2023-02-01T19:09:35.197+0000] {logging_mixin.py:137} INFO - James Harris
[2023-02-01T19:09:35.198+0000] {logging_mixin.py:137} INFO - Candice Young
[2023-02-01T19:09:35.202+0000] {logging_mixin.py:137} INFO - Lisa Baker
[2023-02-01T19:09:35.205+0000] {logging_mixin.py:137} INFO - Brian Mills DDS
[2023-02-01T19:09:35.209+0000] {logging_mixin.py:137} INFO - Kristin Smith
[2023-02-01T19:09:35.212+0000] {logging_mixin.py:137} INFO - Jacob Collins
[2023-02-01T19:09:35.214+0000] {logging_mixin.py:137} INFO - Kimberly Harris
[2023-02-01T19:09:35.216+0000] {logging_mixin.py:137} INFO - Michael Hull
[2023-02-01T19:09:35.219+0000] {logging_mixin.py:137} INFO - Caitlin Todd
[2023-02-01T19:09:35.224+0000] {logging_mixin.py:137} INFO - Lisa Harris
[2023-02-01T19:09:35.239+0000] {logging_mixin.py:137} INFO - Mrs. Ann Stone
[2023-02-01T19:09:35.247+0000] {logging_mixin.py:137} INFO - Michelle Case
[2023-02-01T19:09:35.248+0000] {logging_mixin.py:137} INFO - Joe Lowe
[2023-02-01T19:09:35.253+0000] {logging_mixin.py:137} INFO - Randall Dunn
[2023-02-01T19:09:35.257+0000] {logging_mixin.py:137} INFO - Paula Vargas
[2023-02-01T19:09:35.262+0000] {logging_mixin.py:137} INFO - Daniel Walker
[2023-02-01T19:09:35.265+0000] {logging_mixin.py:137} INFO - James Jackson
[2023-02-01T19:09:35.269+0000] {logging_mixin.py:137} INFO - Shirley Woodard
[2023-02-01T19:09:35.273+0000] {logging_mixin.py:137} INFO - James Hayes
[2023-02-01T19:09:35.274+0000] {logging_mixin.py:137} INFO - Megan Austin
[2023-02-01T19:09:35.277+0000] {logging_mixin.py:137} INFO - Erin Robertson
[2023-02-01T19:09:35.280+0000] {logging_mixin.py:137} INFO - Robert Phillips
[2023-02-01T19:09:35.283+0000] {logging_mixin.py:137} INFO - Amy Torres
[2023-02-01T19:09:35.285+0000] {logging_mixin.py:137} INFO - Joshua Cox
[2023-02-01T19:09:35.286+0000] {logging_mixin.py:137} INFO - Duane Grimes
[2023-02-01T19:09:35.287+0000] {logging_mixin.py:137} INFO - Jennifer Burgess
[2023-02-01T19:09:35.290+0000] {logging_mixin.py:137} INFO - Carlos Duran
[2023-02-01T19:09:35.292+0000] {logging_mixin.py:137} INFO - Jason Johnson
[2023-02-01T19:09:35.294+0000] {logging_mixin.py:137} INFO - Cameron Greer
[2023-02-01T19:09:35.296+0000] {logging_mixin.py:137} INFO - Randall Williams
[2023-02-01T19:09:35.301+0000] {logging_mixin.py:137} INFO - Jessica Harris
[2023-02-01T19:09:35.303+0000] {logging_mixin.py:137} INFO - Joshua Rogers
[2023-02-01T19:09:35.305+0000] {logging_mixin.py:137} INFO - Jose Mahoney
[2023-02-01T19:09:35.307+0000] {logging_mixin.py:137} INFO - Brandy Fuentes
[2023-02-01T19:09:35.309+0000] {logging_mixin.py:137} INFO - Angelica Matthews
[2023-02-01T19:09:35.311+0000] {logging_mixin.py:137} INFO - Glenn Caldwell
[2023-02-01T19:09:35.312+0000] {logging_mixin.py:137} INFO - Cristian Delacruz
[2023-02-01T19:09:35.314+0000] {logging_mixin.py:137} INFO - Alexandra Price
[2023-02-01T19:09:35.315+0000] {logging_mixin.py:137} INFO - Heather Wilson
[2023-02-01T19:09:35.319+0000] {logging_mixin.py:137} INFO - Shawn Thompson
[2023-02-01T19:09:35.321+0000] {logging_mixin.py:137} INFO - Anna Daniel
[2023-02-01T19:09:35.324+0000] {logging_mixin.py:137} INFO - Joseph Cisneros
[2023-02-01T19:09:35.325+0000] {logging_mixin.py:137} INFO - Rebecca Estes
[2023-02-01T19:09:35.328+0000] {logging_mixin.py:137} INFO - Jeremy Porter
[2023-02-01T19:09:35.330+0000] {logging_mixin.py:137} INFO - Lisa Mann
[2023-02-01T19:09:35.331+0000] {logging_mixin.py:137} INFO - Michael Woods
[2023-02-01T19:09:35.336+0000] {logging_mixin.py:137} INFO - Madison Thompson
[2023-02-01T19:09:35.338+0000] {logging_mixin.py:137} INFO - Nancy Gomez
[2023-02-01T19:09:35.339+0000] {logging_mixin.py:137} INFO - Julie Blanchard
[2023-02-01T19:09:35.340+0000] {logging_mixin.py:137} INFO - Michael Smith
[2023-02-01T19:09:35.345+0000] {logging_mixin.py:137} INFO - Angel Huber
[2023-02-01T19:09:35.348+0000] {logging_mixin.py:137} INFO - Michael Coffey
[2023-02-01T19:09:35.350+0000] {logging_mixin.py:137} INFO - Patrick Walter
[2023-02-01T19:09:35.355+0000] {logging_mixin.py:137} INFO - Curtis Davis
[2023-02-01T19:09:35.359+0000] {logging_mixin.py:137} INFO - Kyle Stewart
[2023-02-01T19:09:35.362+0000] {logging_mixin.py:137} INFO - Angela Jimenez
[2023-02-01T19:09:35.365+0000] {logging_mixin.py:137} INFO - Andrew Martinez
[2023-02-01T19:09:35.369+0000] {logging_mixin.py:137} INFO - Angela West
[2023-02-01T19:09:35.373+0000] {logging_mixin.py:137} INFO - Ryan Young
[2023-02-01T19:09:35.376+0000] {logging_mixin.py:137} INFO - Nathaniel Evans
[2023-02-01T19:09:35.380+0000] {logging_mixin.py:137} INFO - Dawn Bryant
[2023-02-01T19:09:35.386+0000] {logging_mixin.py:137} INFO - Danielle Lewis
[2023-02-01T19:09:35.395+0000] {logging_mixin.py:137} INFO - Matthew Newman
[2023-02-01T19:09:35.400+0000] {logging_mixin.py:137} INFO - Robert Smith
[2023-02-01T19:09:35.403+0000] {logging_mixin.py:137} INFO - Melissa Hicks
[2023-02-01T19:09:35.406+0000] {logging_mixin.py:137} INFO - Emily Lambert
[2023-02-01T19:09:35.411+0000] {logging_mixin.py:137} INFO - Krystal Wolfe
[2023-02-01T19:09:35.420+0000] {logging_mixin.py:137} INFO - Donna Murillo
[2023-02-01T19:09:35.433+0000] {logging_mixin.py:137} INFO - Carl Hudson
[2023-02-01T19:09:35.447+0000] {logging_mixin.py:137} INFO - Robert Wilson
[2023-02-01T19:09:35.456+0000] {logging_mixin.py:137} INFO - Patrick Mathis
[2023-02-01T19:09:35.462+0000] {logging_mixin.py:137} INFO - Michael Suarez
[2023-02-01T19:09:35.476+0000] {logging_mixin.py:137} INFO - David Johnson
[2023-02-01T19:09:35.478+0000] {logging_mixin.py:137} INFO - William Thompson
[2023-02-01T19:09:35.486+0000] {logging_mixin.py:137} INFO - Jessica Hansen DVM
[2023-02-01T19:09:35.494+0000] {logging_mixin.py:137} INFO - Katherine Friedman
[2023-02-01T19:09:35.500+0000] {logging_mixin.py:137} INFO - Jillian Johnson
[2023-02-01T19:09:35.504+0000] {logging_mixin.py:137} INFO - Robert Mckee
[2023-02-01T19:09:35.507+0000] {logging_mixin.py:137} INFO - Rachel Little
[2023-02-01T19:09:35.521+0000] {logging_mixin.py:137} INFO - Patricia Smith
[2023-02-01T19:09:35.533+0000] {logging_mixin.py:137} INFO - Heidi Martinez
[2023-02-01T19:09:35.542+0000] {logging_mixin.py:137} INFO - Caitlin Solomon
[2023-02-01T19:09:35.546+0000] {logging_mixin.py:137} INFO - Dr. Olivia Pugh
[2023-02-01T19:09:35.549+0000] {logging_mixin.py:137} INFO - John Steele DDS
[2023-02-01T19:09:35.555+0000] {logging_mixin.py:137} INFO - Jeremy Mathews
[2023-02-01T19:09:35.563+0000] {logging_mixin.py:137} INFO - Tiffany Hill
[2023-02-01T19:09:35.567+0000] {logging_mixin.py:137} INFO - Steven Edwards
[2023-02-01T19:09:35.571+0000] {logging_mixin.py:137} INFO - Charles Campbell
[2023-02-01T19:09:35.576+0000] {logging_mixin.py:137} INFO - Brett Hughes
[2023-02-01T19:09:35.579+0000] {logging_mixin.py:137} INFO - Christina Villegas
[2023-02-01T19:09:35.582+0000] {logging_mixin.py:137} INFO - Anthony Garcia
[2023-02-01T19:09:35.585+0000] {logging_mixin.py:137} INFO - Nathan Murphy
[2023-02-01T19:09:35.588+0000] {logging_mixin.py:137} INFO - Steven Dodson
[2023-02-01T19:09:35.600+0000] {logging_mixin.py:137} INFO - Brian Sullivan
[2023-02-01T19:09:35.603+0000] {logging_mixin.py:137} INFO - Renee White
[2023-02-01T19:09:35.605+0000] {logging_mixin.py:137} INFO - Laura Rowland
[2023-02-01T19:09:35.607+0000] {logging_mixin.py:137} INFO - John Moore
[2023-02-01T19:09:35.613+0000] {logging_mixin.py:137} INFO - Sophia Mckenzie
[2023-02-01T19:09:35.614+0000] {logging_mixin.py:137} INFO - David Roach
[2023-02-01T19:09:35.617+0000] {logging_mixin.py:137} INFO - Jennifer Patterson
[2023-02-01T19:09:35.619+0000] {logging_mixin.py:137} INFO - James Richards
[2023-02-01T19:09:35.622+0000] {logging_mixin.py:137} INFO - Mary Johnston
[2023-02-01T19:09:35.624+0000] {logging_mixin.py:137} INFO - Brandon Mcdaniel
[2023-02-01T19:09:35.626+0000] {logging_mixin.py:137} INFO - Meghan Stevenson
[2023-02-01T19:09:35.628+0000] {logging_mixin.py:137} INFO - Luis Hayes
[2023-02-01T19:09:35.631+0000] {logging_mixin.py:137} INFO - Alejandra Sloan
[2023-02-01T19:09:35.634+0000] {logging_mixin.py:137} INFO - Dr. Sandra Miller
[2023-02-01T19:09:35.635+0000] {logging_mixin.py:137} INFO - Dustin Bond
[2023-02-01T19:09:35.638+0000] {logging_mixin.py:137} INFO - Julia Patrick MD
[2023-02-01T19:09:35.640+0000] {logging_mixin.py:137} INFO - Jill Campbell
[2023-02-01T19:09:35.643+0000] {logging_mixin.py:137} INFO - Mark Ford
[2023-02-01T19:09:35.648+0000] {logging_mixin.py:137} INFO - Brian Long
[2023-02-01T19:09:35.653+0000] {logging_mixin.py:137} INFO - Lisa Peterson
[2023-02-01T19:09:35.662+0000] {logging_mixin.py:137} INFO - Matthew Lee
[2023-02-01T19:09:35.664+0000] {logging_mixin.py:137} INFO - Bradley Miller
[2023-02-01T19:09:35.669+0000] {logging_mixin.py:137} INFO - Jeffrey Moss
[2023-02-01T19:09:35.672+0000] {logging_mixin.py:137} INFO - Sara Carlson
[2023-02-01T19:09:35.674+0000] {logging_mixin.py:137} INFO - Daniel Rodriguez
[2023-02-01T19:09:35.680+0000] {logging_mixin.py:137} INFO - Jeremy David
[2023-02-01T19:09:35.682+0000] {logging_mixin.py:137} INFO - Eric Green
[2023-02-01T19:09:35.684+0000] {logging_mixin.py:137} INFO - Alexis Jones
[2023-02-01T19:09:35.688+0000] {logging_mixin.py:137} INFO - Matthew Rose
[2023-02-01T19:09:35.695+0000] {logging_mixin.py:137} INFO - Catherine Anderson
[2023-02-01T19:09:35.698+0000] {logging_mixin.py:137} INFO - Holly Burton
[2023-02-01T19:09:35.699+0000] {logging_mixin.py:137} INFO - David Matthews
[2023-02-01T19:09:35.702+0000] {logging_mixin.py:137} INFO - Mrs. Kara Little
[2023-02-01T19:09:35.705+0000] {logging_mixin.py:137} INFO - Jeffrey Stanley
[2023-02-01T19:09:35.706+0000] {logging_mixin.py:137} INFO - James Ochoa
[2023-02-01T19:09:35.709+0000] {logging_mixin.py:137} INFO - Jason Frye
[2023-02-01T19:09:35.712+0000] {logging_mixin.py:137} INFO - Christopher Ellis
[2023-02-01T19:09:35.715+0000] {logging_mixin.py:137} INFO - Michelle Nixon
[2023-02-01T19:09:35.721+0000] {logging_mixin.py:137} INFO - Andrew Gill
[2023-02-01T19:09:35.724+0000] {logging_mixin.py:137} INFO - Jennifer Wilson
[2023-02-01T19:09:35.728+0000] {logging_mixin.py:137} INFO - Shawn Black
[2023-02-01T19:09:35.729+0000] {logging_mixin.py:137} INFO - April Patterson
[2023-02-01T19:09:35.731+0000] {logging_mixin.py:137} INFO - Troy Vaughn
[2023-02-01T19:09:35.733+0000] {logging_mixin.py:137} INFO - Alexandria White
[2023-02-01T19:09:35.734+0000] {logging_mixin.py:137} INFO - Scott Phillips
[2023-02-01T19:09:35.736+0000] {logging_mixin.py:137} INFO - Zachary Cisneros
[2023-02-01T19:09:35.737+0000] {logging_mixin.py:137} INFO - Deborah Brown
[2023-02-01T19:09:35.741+0000] {logging_mixin.py:137} INFO - Monica Moses
[2023-02-01T19:09:35.743+0000] {logging_mixin.py:137} INFO - Brenda Reyes
[2023-02-01T19:09:35.746+0000] {logging_mixin.py:137} INFO - Miss Renee Allen
[2023-02-01T19:09:35.749+0000] {logging_mixin.py:137} INFO - Susan Clark
[2023-02-01T19:09:35.750+0000] {logging_mixin.py:137} INFO - Brandy Coffey
[2023-02-01T19:09:35.752+0000] {logging_mixin.py:137} INFO - Brett Nelson
[2023-02-01T19:09:35.757+0000] {logging_mixin.py:137} INFO - Ricardo Young
[2023-02-01T19:09:35.760+0000] {logging_mixin.py:137} INFO - Paul Lee
[2023-02-01T19:09:35.770+0000] {logging_mixin.py:137} INFO - David Allen
[2023-02-01T19:09:35.771+0000] {logging_mixin.py:137} INFO - Andrea Knight
[2023-02-01T19:09:35.774+0000] {logging_mixin.py:137} INFO - James Gomez
[2023-02-01T19:09:35.776+0000] {logging_mixin.py:137} INFO - Melody Gibson
[2023-02-01T19:09:35.782+0000] {logging_mixin.py:137} INFO - Christina Martinez
[2023-02-01T19:09:35.786+0000] {logging_mixin.py:137} INFO - Shelby Smith
[2023-02-01T19:09:35.789+0000] {logging_mixin.py:137} INFO - Jason Howard
[2023-02-01T19:09:35.792+0000] {logging_mixin.py:137} INFO - Amy Davidson
[2023-02-01T19:09:35.795+0000] {logging_mixin.py:137} INFO - Kyle Copeland
[2023-02-01T19:09:35.800+0000] {logging_mixin.py:137} INFO - Madeline Davis
[2023-02-01T19:09:35.803+0000] {logging_mixin.py:137} INFO - Aaron Young
[2023-02-01T19:09:35.806+0000] {logging_mixin.py:137} INFO - Lisa Barrett
[2023-02-01T19:09:35.807+0000] {logging_mixin.py:137} INFO - Joel Jones
[2023-02-01T19:09:35.809+0000] {logging_mixin.py:137} INFO - Christine Evans
[2023-02-01T19:09:35.812+0000] {logging_mixin.py:137} INFO - Kimberly Johnson
[2023-02-01T19:09:35.814+0000] {logging_mixin.py:137} INFO - Charles Hess
[2023-02-01T19:09:35.816+0000] {logging_mixin.py:137} INFO - Paul Dixon
[2023-02-01T19:09:35.821+0000] {logging_mixin.py:137} INFO - Christopher Johnson
[2023-02-01T19:09:35.823+0000] {logging_mixin.py:137} INFO - Robert Dawson
[2023-02-01T19:09:35.825+0000] {logging_mixin.py:137} INFO - Ryan Dixon
[2023-02-01T19:09:35.827+0000] {logging_mixin.py:137} INFO - Julie Martinez
[2023-02-01T19:09:35.829+0000] {logging_mixin.py:137} INFO - David Adams
[2023-02-01T19:09:35.831+0000] {logging_mixin.py:137} INFO - Mariah Brown
[2023-02-01T19:09:35.832+0000] {logging_mixin.py:137} INFO - Deborah Malone
[2023-02-01T19:09:35.837+0000] {logging_mixin.py:137} INFO - John Brown
[2023-02-01T19:09:35.838+0000] {logging_mixin.py:137} INFO - Maria Stewart
[2023-02-01T19:09:35.841+0000] {logging_mixin.py:137} INFO - Mr. Bryan Hawkins
[2023-02-01T19:09:35.846+0000] {logging_mixin.py:137} INFO - Kyle Brooks
[2023-02-01T19:09:35.849+0000] {logging_mixin.py:137} INFO - Kenneth White
[2023-02-01T19:09:35.856+0000] {logging_mixin.py:137} INFO - Patricia Wilson
[2023-02-01T19:09:35.857+0000] {logging_mixin.py:137} INFO - Paul Soto
[2023-02-01T19:09:35.862+0000] {logging_mixin.py:137} INFO - Janice Garrett
[2023-02-01T19:09:35.865+0000] {logging_mixin.py:137} INFO - Randy Strickland
[2023-02-01T19:09:35.867+0000] {logging_mixin.py:137} INFO - Felicia Herrera
[2023-02-01T19:09:35.870+0000] {logging_mixin.py:137} INFO - Andre Campos
[2023-02-01T19:09:35.874+0000] {logging_mixin.py:137} INFO - Justin Meyer
[2023-02-01T19:09:35.876+0000] {logging_mixin.py:137} INFO - Brandon Brooks
[2023-02-01T19:09:35.878+0000] {logging_mixin.py:137} INFO - Abigail Rivera
[2023-02-01T19:09:35.880+0000] {logging_mixin.py:137} INFO - Jessica Mann
[2023-02-01T19:09:35.883+0000] {logging_mixin.py:137} INFO - Michael Sawyer
[2023-02-01T19:09:35.886+0000] {logging_mixin.py:137} INFO - Jeffrey Coleman
[2023-02-01T19:09:35.894+0000] {logging_mixin.py:137} INFO - Micheal Castro
[2023-02-01T19:09:35.900+0000] {logging_mixin.py:137} INFO - Laura Gonzalez
[2023-02-01T19:09:35.905+0000] {logging_mixin.py:137} INFO - Christopher Jackson
[2023-02-01T19:09:35.907+0000] {logging_mixin.py:137} INFO - William Mckenzie
[2023-02-01T19:09:35.908+0000] {logging_mixin.py:137} INFO - Kristina Rodriguez
[2023-02-01T19:09:35.910+0000] {logging_mixin.py:137} INFO - Kelli Williams
[2023-02-01T19:09:35.914+0000] {logging_mixin.py:137} INFO - Diane Norris
[2023-02-01T19:09:35.919+0000] {logging_mixin.py:137} INFO - Kevin Carroll
[2023-02-01T19:09:35.925+0000] {logging_mixin.py:137} INFO - Betty Weber
[2023-02-01T19:09:35.927+0000] {logging_mixin.py:137} INFO - Jeffery Robinson
[2023-02-01T19:09:35.938+0000] {logging_mixin.py:137} INFO - Hannah Cowan
[2023-02-01T19:09:35.940+0000] {logging_mixin.py:137} INFO - Brian Kramer
[2023-02-01T19:09:35.942+0000] {logging_mixin.py:137} INFO - Anthony Roberts
[2023-02-01T19:09:35.944+0000] {logging_mixin.py:137} INFO - Ricardo Blankenship
[2023-02-01T19:09:35.948+0000] {logging_mixin.py:137} INFO - Brooke Collins
[2023-02-01T19:09:35.954+0000] {logging_mixin.py:137} INFO - Tammy Lawson
[2023-02-01T19:09:35.957+0000] {logging_mixin.py:137} INFO - Cody Miller
[2023-02-01T19:09:35.960+0000] {logging_mixin.py:137} INFO - Dr. Janice Salazar
[2023-02-01T19:09:35.961+0000] {logging_mixin.py:137} INFO - David West
[2023-02-01T19:09:35.963+0000] {logging_mixin.py:137} INFO - Robin Carpenter
[2023-02-01T19:09:35.966+0000] {logging_mixin.py:137} INFO - Monique Wall
[2023-02-01T19:09:35.972+0000] {logging_mixin.py:137} INFO - Charles Cardenas
[2023-02-01T19:09:35.976+0000] {logging_mixin.py:137} INFO - Valerie Mitchell
[2023-02-01T19:09:35.977+0000] {logging_mixin.py:137} INFO - Michelle Valenzuela
[2023-02-01T19:09:35.978+0000] {logging_mixin.py:137} INFO - William Poole
[2023-02-01T19:09:35.980+0000] {logging_mixin.py:137} INFO - James Hall
[2023-02-01T19:09:35.982+0000] {logging_mixin.py:137} INFO - Dylan Carpenter
[2023-02-01T19:09:35.983+0000] {logging_mixin.py:137} INFO - Linda Medina
[2023-02-01T19:09:35.984+0000] {logging_mixin.py:137} INFO - Joan White
[2023-02-01T19:09:35.986+0000] {logging_mixin.py:137} INFO - Mary Klein
[2023-02-01T19:09:35.988+0000] {logging_mixin.py:137} INFO - Ashley Wolf
[2023-02-01T19:09:35.989+0000] {logging_mixin.py:137} INFO - William Reed
[2023-02-01T19:09:35.991+0000] {logging_mixin.py:137} INFO - Derek Harvey
[2023-02-01T19:09:35.993+0000] {logging_mixin.py:137} INFO - Kathleen Rodriguez
[2023-02-01T19:09:35.994+0000] {logging_mixin.py:137} INFO - Andrew Rodriguez
[2023-02-01T19:09:35.996+0000] {logging_mixin.py:137} INFO - Ariel Frank
[2023-02-01T19:09:35.998+0000] {logging_mixin.py:137} INFO - Tina French
[2023-02-01T19:09:36.001+0000] {logging_mixin.py:137} INFO - Brent Waller
[2023-02-01T19:09:36.005+0000] {logging_mixin.py:137} INFO - Kevin Allen
[2023-02-01T19:09:36.008+0000] {logging_mixin.py:137} INFO - Xavier Walker
[2023-02-01T19:09:36.012+0000] {logging_mixin.py:137} INFO - Michelle Sanchez
[2023-02-01T19:09:36.014+0000] {logging_mixin.py:137} INFO - Rachael Shepard
[2023-02-01T19:09:36.026+0000] {logging_mixin.py:137} INFO - Kelsey Johnson
[2023-02-01T19:09:36.028+0000] {logging_mixin.py:137} INFO - Nicole Webb
[2023-02-01T19:09:36.031+0000] {logging_mixin.py:137} INFO - Nicholas Rodriguez
[2023-02-01T19:09:36.033+0000] {logging_mixin.py:137} INFO - Eric Vaughan
[2023-02-01T19:09:36.034+0000] {logging_mixin.py:137} INFO - Amanda Richardson
[2023-02-01T19:09:36.036+0000] {logging_mixin.py:137} INFO - Janice Carlson
[2023-02-01T19:09:36.041+0000] {logging_mixin.py:137} INFO - Darryl Walsh
[2023-02-01T19:09:36.047+0000] {logging_mixin.py:137} INFO - Heather Johnson
[2023-02-01T19:09:36.049+0000] {logging_mixin.py:137} INFO - Mark Chambers
[2023-02-01T19:09:36.051+0000] {logging_mixin.py:137} INFO - Tracy Burns
[2023-02-01T19:09:36.058+0000] {logging_mixin.py:137} INFO - John Cole
[2023-02-01T19:09:36.061+0000] {logging_mixin.py:137} INFO - Deborah Silva
[2023-02-01T19:09:36.065+0000] {logging_mixin.py:137} INFO - Shawn Hernandez
[2023-02-01T19:09:36.068+0000] {logging_mixin.py:137} INFO - Bethany Meyer
[2023-02-01T19:09:36.076+0000] {logging_mixin.py:137} INFO - Helen Smith
[2023-02-01T19:09:36.083+0000] {logging_mixin.py:137} INFO - Dana Dennis
[2023-02-01T19:09:36.086+0000] {logging_mixin.py:137} INFO - Kelsey Camacho
[2023-02-01T19:09:36.087+0000] {logging_mixin.py:137} INFO - Matthew Thomas
[2023-02-01T19:09:36.089+0000] {logging_mixin.py:137} INFO - Brittany Arellano
[2023-02-01T19:09:36.091+0000] {logging_mixin.py:137} INFO - Stacey Jones
[2023-02-01T19:09:36.096+0000] {logging_mixin.py:137} INFO - William Weeks
[2023-02-01T19:09:36.098+0000] {logging_mixin.py:137} INFO - Mark Beasley
[2023-02-01T19:09:36.100+0000] {logging_mixin.py:137} INFO - Bruce Pena
[2023-02-01T19:09:36.102+0000] {logging_mixin.py:137} INFO - Jeffery Smith
[2023-02-01T19:09:36.104+0000] {logging_mixin.py:137} INFO - Ann Deleon
[2023-02-01T19:09:36.109+0000] {logging_mixin.py:137} INFO - Kevin Robertson
[2023-02-01T19:09:36.111+0000] {logging_mixin.py:137} INFO - Vincent Willis MD
[2023-02-01T19:09:36.112+0000] {logging_mixin.py:137} INFO - Michael Nielsen
[2023-02-01T19:09:36.114+0000] {logging_mixin.py:137} INFO - Walter Koch
[2023-02-01T19:09:36.116+0000] {logging_mixin.py:137} INFO - Brian Vega
[2023-02-01T19:09:36.118+0000] {logging_mixin.py:137} INFO - Jeffrey Medina
[2023-02-01T19:09:36.121+0000] {logging_mixin.py:137} INFO - Erika Banks
[2023-02-01T19:09:36.124+0000] {logging_mixin.py:137} INFO - Stacey Griffin
[2023-02-01T19:09:36.130+0000] {logging_mixin.py:137} INFO - Michael Marsh
[2023-02-01T19:09:36.132+0000] {logging_mixin.py:137} INFO - Molly White
[2023-02-01T19:09:36.134+0000] {logging_mixin.py:137} INFO - Matthew Morrison
[2023-02-01T19:09:36.135+0000] {logging_mixin.py:137} INFO - Amanda Burns
[2023-02-01T19:09:36.137+0000] {logging_mixin.py:137} INFO - Emily Gonzalez DDS
[2023-02-01T19:09:36.141+0000] {logging_mixin.py:137} INFO - Gregory King
[2023-02-01T19:09:36.149+0000] {logging_mixin.py:137} INFO - Dennis Evans
[2023-02-01T19:09:36.153+0000] {logging_mixin.py:137} INFO - Christina Snyder
[2023-02-01T19:09:36.156+0000] {logging_mixin.py:137} INFO - Carolyn Mata
[2023-02-01T19:09:36.157+0000] {logging_mixin.py:137} INFO - Brandy Lawson
[2023-02-01T19:09:36.159+0000] {logging_mixin.py:137} INFO - Briana Christian
[2023-02-01T19:09:36.162+0000] {logging_mixin.py:137} INFO - Jeffrey Hernandez
[2023-02-01T19:09:36.163+0000] {logging_mixin.py:137} INFO - John Riggs
[2023-02-01T19:09:36.166+0000] {logging_mixin.py:137} INFO - Barbara Short
[2023-02-01T19:09:36.176+0000] {logging_mixin.py:137} INFO - Steven Brooks
[2023-02-01T19:09:36.177+0000] {logging_mixin.py:137} INFO - Gabrielle James
[2023-02-01T19:09:36.179+0000] {logging_mixin.py:137} INFO - Robert Young
[2023-02-01T19:09:36.182+0000] {logging_mixin.py:137} INFO - Derek Sanders
[2023-02-01T19:09:36.183+0000] {logging_mixin.py:137} INFO - Mallory Oliver
[2023-02-01T19:09:36.187+0000] {logging_mixin.py:137} INFO - Terry Howe
[2023-02-01T19:09:36.189+0000] {logging_mixin.py:137} INFO - Samuel Wallace
[2023-02-01T19:09:36.191+0000] {logging_mixin.py:137} INFO - Angel Jones
[2023-02-01T19:09:36.192+0000] {logging_mixin.py:137} INFO - Jacqueline Nichols
[2023-02-01T19:09:36.194+0000] {logging_mixin.py:137} INFO - Melissa Mcgee
[2023-02-01T19:09:36.196+0000] {logging_mixin.py:137} INFO - Michelle Smith
[2023-02-01T19:09:36.198+0000] {logging_mixin.py:137} INFO - Maureen Baxter
[2023-02-01T19:09:36.202+0000] {logging_mixin.py:137} INFO - Kathy Crawford
[2023-02-01T19:09:36.204+0000] {logging_mixin.py:137} INFO - Stacy Wood
[2023-02-01T19:09:36.212+0000] {logging_mixin.py:137} INFO - Justin Parsons
[2023-02-01T19:09:36.214+0000] {logging_mixin.py:137} INFO - Ann Klein
[2023-02-01T19:09:36.219+0000] {logging_mixin.py:137} INFO - Allison Arnold
[2023-02-01T19:09:36.229+0000] {logging_mixin.py:137} INFO - Heather Kirk
[2023-02-01T19:09:36.231+0000] {logging_mixin.py:137} INFO - Monica Smith
[2023-02-01T19:09:36.244+0000] {logging_mixin.py:137} INFO - Brett Oconnor
[2023-02-01T19:09:36.255+0000] {logging_mixin.py:137} INFO - Anthony Bryant
[2023-02-01T19:09:36.270+0000] {logging_mixin.py:137} INFO - Jeremy Russell
[2023-02-01T19:09:36.272+0000] {logging_mixin.py:137} INFO - Julie Poole
[2023-02-01T19:09:36.276+0000] {logging_mixin.py:137} INFO - Emma Thompson
[2023-02-01T19:09:36.286+0000] {logging_mixin.py:137} INFO - Bradley Matthews
[2023-02-01T19:09:36.295+0000] {logging_mixin.py:137} INFO - William Roberts
[2023-02-01T19:09:36.300+0000] {logging_mixin.py:137} INFO - Julie Mooney
[2023-02-01T19:09:36.303+0000] {logging_mixin.py:137} INFO - Amy Doyle
[2023-02-01T19:09:36.312+0000] {logging_mixin.py:137} INFO - Amanda Grant
[2023-02-01T19:09:36.323+0000] {logging_mixin.py:137} INFO - Eric Anderson
[2023-02-01T19:09:36.351+0000] {logging_mixin.py:137} INFO - George Thompson
[2023-02-01T19:09:36.357+0000] {logging_mixin.py:137} INFO - Dustin Hines
[2023-02-01T19:09:36.365+0000] {logging_mixin.py:137} INFO - Andrea Frank
[2023-02-01T19:09:36.367+0000] {logging_mixin.py:137} INFO - Jodi Cook
[2023-02-01T19:09:36.369+0000] {logging_mixin.py:137} INFO - Stacy Haney
[2023-02-01T19:09:36.372+0000] {logging_mixin.py:137} INFO - Paul Callahan
[2023-02-01T19:09:36.380+0000] {logging_mixin.py:137} INFO - Jasmine Chambers
[2023-02-01T19:09:36.381+0000] {logging_mixin.py:137} INFO - Melissa Pittman MD
[2023-02-01T19:09:36.384+0000] {logging_mixin.py:137} INFO - Deborah Larson
[2023-02-01T19:09:36.386+0000] {logging_mixin.py:137} INFO - Brandon Shaw
[2023-02-01T19:09:36.388+0000] {logging_mixin.py:137} INFO - Timothy Paul
[2023-02-01T19:09:36.390+0000] {logging_mixin.py:137} INFO - Michael Trujillo
[2023-02-01T19:09:36.392+0000] {logging_mixin.py:137} INFO - Robert Rivera
[2023-02-01T19:09:36.394+0000] {logging_mixin.py:137} INFO - Dana Nelson
[2023-02-01T19:09:36.395+0000] {logging_mixin.py:137} INFO - Andrea Bennett
[2023-02-01T19:09:36.397+0000] {logging_mixin.py:137} INFO - Jodi Fox
[2023-02-01T19:09:36.399+0000] {logging_mixin.py:137} INFO - Heather Hayes
[2023-02-01T19:09:36.410+0000] {logging_mixin.py:137} INFO - Jennifer Moreno
[2023-02-01T19:09:36.412+0000] {logging_mixin.py:137} INFO - John Patel
[2023-02-01T19:09:36.414+0000] {logging_mixin.py:137} INFO - Teresa Oliver
[2023-02-01T19:09:36.416+0000] {logging_mixin.py:137} INFO - Monique Bell
[2023-02-01T19:09:36.418+0000] {logging_mixin.py:137} INFO - Casey Leonard
[2023-02-01T19:09:36.420+0000] {logging_mixin.py:137} INFO - Steven Clark
[2023-02-01T19:09:36.422+0000] {logging_mixin.py:137} INFO - Edward Martin
[2023-02-01T19:09:36.425+0000] {logging_mixin.py:137} INFO - Shawn Orozco
[2023-02-01T19:09:36.432+0000] {logging_mixin.py:137} INFO - Brandon Yang
[2023-02-01T19:09:36.495+0000] {logging_mixin.py:137} INFO - Nathan Ray
[2023-02-01T19:09:36.504+0000] {logging_mixin.py:137} INFO - Lori Moore
[2023-02-01T19:09:36.507+0000] {logging_mixin.py:137} INFO - Dr. Lisa Shaw DVM
[2023-02-01T19:09:36.511+0000] {logging_mixin.py:137} INFO - Angela Walters
[2023-02-01T19:09:36.517+0000] {logging_mixin.py:137} INFO - David Nolan
[2023-02-01T19:09:36.521+0000] {logging_mixin.py:137} INFO - William Ramsey
[2023-02-01T19:09:36.526+0000] {logging_mixin.py:137} INFO - David Oconnor
[2023-02-01T19:09:36.530+0000] {logging_mixin.py:137} INFO - Mark Washington
[2023-02-01T19:09:36.540+0000] {logging_mixin.py:137} INFO - Jennifer Jacobs
[2023-02-01T19:09:36.547+0000] {logging_mixin.py:137} INFO - Tammy Hampton
[2023-02-01T19:09:36.559+0000] {logging_mixin.py:137} INFO - Stephen Farmer
[2023-02-01T19:09:36.573+0000] {logging_mixin.py:137} INFO - Jasmine Nguyen
[2023-02-01T19:09:36.585+0000] {logging_mixin.py:137} INFO - Rebecca Flores
[2023-02-01T19:09:36.590+0000] {logging_mixin.py:137} INFO - Tyler Davis
[2023-02-01T19:09:36.610+0000] {logging_mixin.py:137} INFO - Nancy Gray
[2023-02-01T19:09:36.624+0000] {logging_mixin.py:137} INFO - Brian Sanchez
[2023-02-01T19:09:36.630+0000] {logging_mixin.py:137} INFO - Laurie Shaw
[2023-02-01T19:09:36.638+0000] {logging_mixin.py:137} INFO - Kristina Torres
[2023-02-01T19:09:36.647+0000] {logging_mixin.py:137} INFO - Andrea Rodgers
[2023-02-01T19:09:36.651+0000] {logging_mixin.py:137} INFO - Jason Walters
[2023-02-01T19:09:36.654+0000] {logging_mixin.py:137} INFO - Jerry Moss
[2023-02-01T19:09:36.669+0000] {logging_mixin.py:137} INFO - Jeffrey Jordan
[2023-02-01T19:09:36.685+0000] {logging_mixin.py:137} INFO - Jennifer Wilson
[2023-02-01T19:09:36.691+0000] {logging_mixin.py:137} INFO - Trevor Mathews
[2023-02-01T19:09:36.695+0000] {logging_mixin.py:137} INFO - Anne Hood
[2023-02-01T19:09:36.697+0000] {logging_mixin.py:137} INFO - Sarah Williams
[2023-02-01T19:09:36.699+0000] {logging_mixin.py:137} INFO - Shelby Hernandez
[2023-02-01T19:09:36.710+0000] {logging_mixin.py:137} INFO - Samantha Velez
[2023-02-01T19:09:36.717+0000] {logging_mixin.py:137} INFO - Matthew Douglas
[2023-02-01T19:09:36.723+0000] {logging_mixin.py:137} INFO - Ashlee George
[2023-02-01T19:09:36.729+0000] {logging_mixin.py:137} INFO - Troy Crane
[2023-02-01T19:09:36.732+0000] {logging_mixin.py:137} INFO - Michael Cooper
[2023-02-01T19:09:36.735+0000] {logging_mixin.py:137} INFO - Michael White
[2023-02-01T19:09:36.741+0000] {logging_mixin.py:137} INFO - Mr. Timothy Fleming
[2023-02-01T19:09:36.743+0000] {logging_mixin.py:137} INFO - Seth Bruce
[2023-02-01T19:09:36.745+0000] {logging_mixin.py:137} INFO - Jacqueline Carpenter
[2023-02-01T19:09:36.749+0000] {logging_mixin.py:137} INFO - Michael Martin
[2023-02-01T19:09:36.752+0000] {logging_mixin.py:137} INFO - Kristopher Henry
[2023-02-01T19:09:36.764+0000] {logging_mixin.py:137} INFO - Tiffany Porter
[2023-02-01T19:09:36.770+0000] {logging_mixin.py:137} INFO - Stacy Simpson
[2023-02-01T19:09:36.772+0000] {logging_mixin.py:137} INFO - Tammy Mcdowell
[2023-02-01T19:09:36.775+0000] {logging_mixin.py:137} INFO - Thomas Walters
[2023-02-01T19:09:36.784+0000] {logging_mixin.py:137} INFO - Dwayne Thompson
[2023-02-01T19:09:36.787+0000] {logging_mixin.py:137} INFO - Natalie Willis
[2023-02-01T19:09:36.789+0000] {logging_mixin.py:137} INFO - Sharon Taylor
[2023-02-01T19:09:36.793+0000] {logging_mixin.py:137} INFO - Sarah Wiggins
[2023-02-01T19:09:36.797+0000] {logging_mixin.py:137} INFO - Amber Thomas
[2023-02-01T19:09:36.805+0000] {logging_mixin.py:137} INFO - Patrick Miller
[2023-02-01T19:09:36.846+0000] {logging_mixin.py:137} INFO - Stephanie Hartman
[2023-02-01T19:09:36.850+0000] {logging_mixin.py:137} INFO - Stacey Mora
[2023-02-01T19:09:36.853+0000] {logging_mixin.py:137} INFO - Katherine Rodriguez
[2023-02-01T19:09:36.855+0000] {logging_mixin.py:137} INFO - Daniel Morgan
[2023-02-01T19:09:36.859+0000] {logging_mixin.py:137} INFO - Rebecca Martinez
[2023-02-01T19:09:36.862+0000] {logging_mixin.py:137} INFO - Nicole Juarez
[2023-02-01T19:09:36.866+0000] {logging_mixin.py:137} INFO - Mark Arroyo
[2023-02-01T19:09:36.869+0000] {logging_mixin.py:137} INFO - April Lucero
[2023-02-01T19:09:36.871+0000] {logging_mixin.py:137} INFO - Samantha Garcia
[2023-02-01T19:09:36.884+0000] {logging_mixin.py:137} INFO - Jon Moore
[2023-02-01T19:09:36.885+0000] {logging_mixin.py:137} INFO - Joshua Flores MD
[2023-02-01T19:09:36.888+0000] {logging_mixin.py:137} INFO - Raymond Jones
[2023-02-01T19:09:36.890+0000] {logging_mixin.py:137} INFO - Billy Hughes
[2023-02-01T19:09:36.895+0000] {logging_mixin.py:137} INFO - Peggy Valdez PhD
[2023-02-01T19:09:36.901+0000] {logging_mixin.py:137} INFO - Joshua Reyes
[2023-02-01T19:09:36.905+0000] {logging_mixin.py:137} INFO - Aaron Green
[2023-02-01T19:09:36.907+0000] {logging_mixin.py:137} INFO - Wendy Espinoza
[2023-02-01T19:09:36.908+0000] {logging_mixin.py:137} INFO - Peter Vasquez
[2023-02-01T19:09:36.910+0000] {logging_mixin.py:137} INFO - Diane Harper
[2023-02-01T19:09:36.914+0000] {logging_mixin.py:137} INFO - Ms. Rebecca Cantu
[2023-02-01T19:09:36.917+0000] {logging_mixin.py:137} INFO - Yolanda Morrow
[2023-02-01T19:09:36.921+0000] {logging_mixin.py:137} INFO - Penny Beard
[2023-02-01T19:09:36.923+0000] {logging_mixin.py:137} INFO - Lisa Long
[2023-02-01T19:09:36.926+0000] {logging_mixin.py:137} INFO - Jerry Harris
[2023-02-01T19:09:36.934+0000] {logging_mixin.py:137} INFO - Bob Willis
[2023-02-01T19:09:36.936+0000] {logging_mixin.py:137} INFO - Duane Chapman
[2023-02-01T19:09:36.937+0000] {logging_mixin.py:137} INFO - William Morgan
[2023-02-01T19:09:36.943+0000] {logging_mixin.py:137} INFO - Amy Gutierrez
[2023-02-01T19:09:36.945+0000] {logging_mixin.py:137} INFO - Amber Nichols
[2023-02-01T19:09:36.949+0000] {logging_mixin.py:137} INFO - Matthew Carr
[2023-02-01T19:09:36.954+0000] {logging_mixin.py:137} INFO - Thomas Duncan
[2023-02-01T19:09:36.955+0000] {logging_mixin.py:137} INFO - Elizabeth Wright
[2023-02-01T19:09:36.959+0000] {logging_mixin.py:137} INFO - Jacqueline Brewer
[2023-02-01T19:09:36.964+0000] {logging_mixin.py:137} INFO - Stephanie Johnson
[2023-02-01T19:09:36.966+0000] {logging_mixin.py:137} INFO - Samantha Calderon
[2023-02-01T19:09:36.968+0000] {logging_mixin.py:137} INFO - Kathryn Gaines
[2023-02-01T19:09:36.975+0000] {logging_mixin.py:137} INFO - Angel Jones
[2023-02-01T19:09:36.978+0000] {logging_mixin.py:137} INFO - Laura Wall
[2023-02-01T19:09:36.980+0000] {logging_mixin.py:137} INFO - Mr. Anthony Hamilton
[2023-02-01T19:09:36.983+0000] {logging_mixin.py:137} INFO - David Smith
[2023-02-01T19:09:36.992+0000] {logging_mixin.py:137} INFO - Kimberly Herrera DDS
[2023-02-01T19:09:36.995+0000] {logging_mixin.py:137} INFO - Gina Wilson
[2023-02-01T19:09:36.997+0000] {logging_mixin.py:137} INFO - Timothy Byrd
[2023-02-01T19:09:37.000+0000] {logging_mixin.py:137} INFO - Michael Mckenzie
[2023-02-01T19:09:37.002+0000] {logging_mixin.py:137} INFO - Jeffrey Mcintyre
[2023-02-01T19:09:37.008+0000] {logging_mixin.py:137} INFO - Teresa Jackson
[2023-02-01T19:09:37.012+0000] {logging_mixin.py:137} INFO - Joseph Wilcox
[2023-02-01T19:09:37.018+0000] {logging_mixin.py:137} INFO - Patrick Mcknight
[2023-02-01T19:09:37.023+0000] {logging_mixin.py:137} INFO - Ronald Moreno
[2023-02-01T19:09:37.029+0000] {logging_mixin.py:137} INFO - Jamie Sullivan
[2023-02-01T19:09:37.033+0000] {logging_mixin.py:137} INFO - Jason Anderson
[2023-02-01T19:09:37.036+0000] {logging_mixin.py:137} INFO - Steven Stewart
[2023-02-01T19:09:37.039+0000] {logging_mixin.py:137} INFO - Melinda Paul
[2023-02-01T19:09:37.047+0000] {logging_mixin.py:137} INFO - Cynthia Simmons
[2023-02-01T19:09:37.052+0000] {logging_mixin.py:137} INFO - Christian Smith
[2023-02-01T19:09:37.064+0000] {logging_mixin.py:137} INFO - William Jimenez
[2023-02-01T19:09:37.069+0000] {logging_mixin.py:137} INFO - Hayley French
[2023-02-01T19:09:37.075+0000] {logging_mixin.py:137} INFO - Brandon Hess
[2023-02-01T19:09:37.076+0000] {logging_mixin.py:137} INFO - Laura Perry
[2023-02-01T19:09:37.078+0000] {logging_mixin.py:137} INFO - Scott Jones
[2023-02-01T19:09:37.080+0000] {logging_mixin.py:137} INFO - Christine Hernandez
[2023-02-01T19:09:37.082+0000] {logging_mixin.py:137} INFO - Douglas Eaton
[2023-02-01T19:09:37.085+0000] {logging_mixin.py:137} INFO - William Soto
[2023-02-01T19:09:37.089+0000] {logging_mixin.py:137} INFO - Mary Jones
[2023-02-01T19:09:37.092+0000] {logging_mixin.py:137} INFO - Stephanie Holmes
[2023-02-01T19:09:37.096+0000] {logging_mixin.py:137} INFO - Keith Meyers
[2023-02-01T19:09:37.102+0000] {logging_mixin.py:137} INFO - Paul Fisher
[2023-02-01T19:09:37.111+0000] {logging_mixin.py:137} INFO - Emily Alexander
[2023-02-01T19:09:37.116+0000] {logging_mixin.py:137} INFO - Anthony Schwartz
[2023-02-01T19:09:37.117+0000] {logging_mixin.py:137} INFO - Evelyn Jacobs
[2023-02-01T19:09:37.119+0000] {logging_mixin.py:137} INFO - Connie Jones
[2023-02-01T19:09:37.128+0000] {logging_mixin.py:137} INFO - Carla Gibbs
[2023-02-01T19:09:37.135+0000] {logging_mixin.py:137} INFO - Ashley Santiago
[2023-02-01T19:09:37.137+0000] {logging_mixin.py:137} INFO - Micheal Mckee
[2023-02-01T19:09:37.139+0000] {logging_mixin.py:137} INFO - Diane Williams
[2023-02-01T19:09:37.143+0000] {logging_mixin.py:137} INFO - Jesse Velasquez
[2023-02-01T19:09:37.150+0000] {logging_mixin.py:137} INFO - Jennifer Rodriguez
[2023-02-01T19:09:37.156+0000] {logging_mixin.py:137} INFO - Joe Griffin
[2023-02-01T19:09:37.167+0000] {logging_mixin.py:137} INFO - Gary Cherry
[2023-02-01T19:09:37.168+0000] {logging_mixin.py:137} INFO - Alyssa Edwards
[2023-02-01T19:09:37.173+0000] {logging_mixin.py:137} INFO - Caroline Hernandez MD
[2023-02-01T19:09:37.175+0000] {logging_mixin.py:137} INFO - Jessica Morton
[2023-02-01T19:09:37.177+0000] {logging_mixin.py:137} INFO - Holly Jones
[2023-02-01T19:09:37.179+0000] {logging_mixin.py:137} INFO - David Shelton
[2023-02-01T19:09:37.181+0000] {logging_mixin.py:137} INFO - Kristina Parks
[2023-02-01T19:09:37.186+0000] {logging_mixin.py:137} INFO - Laurie Hernandez
[2023-02-01T19:09:37.188+0000] {logging_mixin.py:137} INFO - Melissa James
[2023-02-01T19:09:37.191+0000] {logging_mixin.py:137} INFO - Jeremiah Adams
[2023-02-01T19:09:37.195+0000] {logging_mixin.py:137} INFO - Arthur Robinson
[2023-02-01T19:09:37.196+0000] {logging_mixin.py:137} INFO - Anna Shepard
[2023-02-01T19:09:37.198+0000] {logging_mixin.py:137} INFO - Brandon Myers
[2023-02-01T19:09:37.200+0000] {logging_mixin.py:137} INFO - Paul Cardenas
[2023-02-01T19:09:37.202+0000] {logging_mixin.py:137} INFO - Megan Santana
[2023-02-01T19:09:37.207+0000] {logging_mixin.py:137} INFO - Joseph Marshall
[2023-02-01T19:09:37.208+0000] {logging_mixin.py:137} INFO - Mrs. Brenda Harris
[2023-02-01T19:09:37.211+0000] {logging_mixin.py:137} INFO - Nicole Garcia
[2023-02-01T19:09:37.213+0000] {logging_mixin.py:137} INFO - Anna Estrada
[2023-02-01T19:09:37.224+0000] {logging_mixin.py:137} INFO - Carl Moore
[2023-02-01T19:09:37.229+0000] {logging_mixin.py:137} INFO - Rodney Hernandez
[2023-02-01T19:09:37.235+0000] {logging_mixin.py:137} INFO - Madison Christian
[2023-02-01T19:09:37.238+0000] {logging_mixin.py:137} INFO - Heather Rhodes
[2023-02-01T19:09:37.255+0000] {python.py:177} INFO - Done. Returned value was: None
[2023-02-01T19:09:37.284+0000] {taskinstance.py:1323} INFO - Marking task as SUCCESS. dag_id=CSV_DAG, task_id=convertCSVToJson, execution_date=20230201T112000, start_date=20230201T190932, end_date=20230201T190937
[2023-02-01T19:09:37.348+0000] {local_task_job.py:208} INFO - Task exited with return code 0
[2023-02-01T19:09:37.383+0000] {taskinstance.py:2578} INFO - 0 downstream tasks scheduled from follow-on schedule check
