[2023-02-01T19:09:04.541+0000] {taskinstance.py:1083} INFO - Dependencies all met for <TaskInstance: CSV_DAG.convertCSVToJson scheduled__2023-02-01T10:10:00+00:00 [queued]>
[2023-02-01T19:09:04.657+0000] {taskinstance.py:1083} INFO - Dependencies all met for <TaskInstance: CSV_DAG.convertCSVToJson scheduled__2023-02-01T10:10:00+00:00 [queued]>
[2023-02-01T19:09:04.673+0000] {taskinstance.py:1279} INFO - 
--------------------------------------------------------------------------------
[2023-02-01T19:09:04.677+0000] {taskinstance.py:1280} INFO - Starting attempt 1 of 2
[2023-02-01T19:09:04.684+0000] {taskinstance.py:1281} INFO - 
--------------------------------------------------------------------------------
[2023-02-01T19:09:04.982+0000] {taskinstance.py:1300} INFO - Executing <Task(PythonOperator): convertCSVToJson> on 2023-02-01 10:10:00+00:00
[2023-02-01T19:09:05.071+0000] {standard_task_runner.py:55} INFO - Started process 1071 to run task
[2023-02-01T19:09:05.156+0000] {standard_task_runner.py:82} INFO - Running: ['***', 'tasks', 'run', 'CSV_DAG', 'convertCSVToJson', 'scheduled__2023-02-01T10:10:00+00:00', '--job-id', '280', '--raw', '--subdir', 'DAGS_FOLDER/csv.py', '--cfg-path', '/tmp/tmpgn3mu8cf']
[2023-02-01T19:09:05.161+0000] {standard_task_runner.py:83} INFO - Job 280: Subtask convertCSVToJson
[2023-02-01T19:09:05.686+0000] {task_command.py:388} INFO - Running <TaskInstance: CSV_DAG.convertCSVToJson scheduled__2023-02-01T10:10:00+00:00 [running]> on host 06d8060e8530
[2023-02-01T19:09:06.133+0000] {taskinstance.py:1509} INFO - Exporting the following env vars:
AIRFLOW_CTX_DAG_OWNER=Kevin Chalmers
AIRFLOW_CTX_DAG_ID=CSV_DAG
AIRFLOW_CTX_TASK_ID=convertCSVToJson
AIRFLOW_CTX_EXECUTION_DATE=2023-02-01T10:10:00+00:00
AIRFLOW_CTX_TRY_NUMBER=1
AIRFLOW_CTX_DAG_RUN_ID=scheduled__2023-02-01T10:10:00+00:00
[2023-02-01T19:09:06.253+0000] {logging_mixin.py:137} INFO - Angelica Lopez
[2023-02-01T19:09:06.254+0000] {logging_mixin.py:137} INFO - Betty Wright
[2023-02-01T19:09:06.256+0000] {logging_mixin.py:137} INFO - Sara Schmidt
[2023-02-01T19:09:06.267+0000] {logging_mixin.py:137} INFO - Dr. Sherry Rodriguez
[2023-02-01T19:09:06.275+0000] {logging_mixin.py:137} INFO - Rebecca Mills
[2023-02-01T19:09:06.280+0000] {logging_mixin.py:137} INFO - Andrew Anderson
[2023-02-01T19:09:06.282+0000] {logging_mixin.py:137} INFO - Martin Everett
[2023-02-01T19:09:06.285+0000] {logging_mixin.py:137} INFO - Felicia Gregory
[2023-02-01T19:09:06.286+0000] {logging_mixin.py:137} INFO - Kara Bowers
[2023-02-01T19:09:06.289+0000] {logging_mixin.py:137} INFO - Vincent Vincent
[2023-02-01T19:09:06.291+0000] {logging_mixin.py:137} INFO - Morgan Butler
[2023-02-01T19:09:06.292+0000] {logging_mixin.py:137} INFO - Stephen Riley
[2023-02-01T19:09:06.295+0000] {logging_mixin.py:137} INFO - Wanda Thomas
[2023-02-01T19:09:06.307+0000] {logging_mixin.py:137} INFO - Michelle Schultz
[2023-02-01T19:09:06.312+0000] {logging_mixin.py:137} INFO - Christopher Rush MD
[2023-02-01T19:09:06.314+0000] {logging_mixin.py:137} INFO - Phyllis Miles
[2023-02-01T19:09:06.315+0000] {logging_mixin.py:137} INFO - Rebecca Price
[2023-02-01T19:09:06.316+0000] {logging_mixin.py:137} INFO - John Morse
[2023-02-01T19:09:06.321+0000] {logging_mixin.py:137} INFO - Nicholas Sanchez
[2023-02-01T19:09:06.323+0000] {logging_mixin.py:137} INFO - Crystal Dean
[2023-02-01T19:09:06.325+0000] {logging_mixin.py:137} INFO - Tyler Diaz
[2023-02-01T19:09:06.326+0000] {logging_mixin.py:137} INFO - Denise Mclean
[2023-02-01T19:09:06.328+0000] {logging_mixin.py:137} INFO - Daniel Grant
[2023-02-01T19:09:06.330+0000] {logging_mixin.py:137} INFO - Sandra Peterson
[2023-02-01T19:09:06.332+0000] {logging_mixin.py:137} INFO - Denise Morse
[2023-02-01T19:09:06.334+0000] {logging_mixin.py:137} INFO - Brianna Smith
[2023-02-01T19:09:06.336+0000] {logging_mixin.py:137} INFO - Tony Miller
[2023-02-01T19:09:06.338+0000] {logging_mixin.py:137} INFO - Jean Booth
[2023-02-01T19:09:06.344+0000] {logging_mixin.py:137} INFO - Penny Salazar
[2023-02-01T19:09:06.345+0000] {logging_mixin.py:137} INFO - Cathy Williams
[2023-02-01T19:09:06.348+0000] {logging_mixin.py:137} INFO - Hannah Collins
[2023-02-01T19:09:06.350+0000] {logging_mixin.py:137} INFO - Maurice Casey
[2023-02-01T19:09:06.351+0000] {logging_mixin.py:137} INFO - Patrick Walker
[2023-02-01T19:09:06.353+0000] {logging_mixin.py:137} INFO - Pamela Barton
[2023-02-01T19:09:06.354+0000] {logging_mixin.py:137} INFO - Anthony Bryant
[2023-02-01T19:09:06.355+0000] {logging_mixin.py:137} INFO - Andrew Harris
[2023-02-01T19:09:06.356+0000] {logging_mixin.py:137} INFO - Aaron Harris
[2023-02-01T19:09:06.358+0000] {logging_mixin.py:137} INFO - Maureen Soto
[2023-02-01T19:09:06.359+0000] {logging_mixin.py:137} INFO - Crystal Mcdaniel
[2023-02-01T19:09:06.363+0000] {logging_mixin.py:137} INFO - Lauren Barrett
[2023-02-01T19:09:06.368+0000] {logging_mixin.py:137} INFO - Brandon Perez
[2023-02-01T19:09:06.370+0000] {logging_mixin.py:137} INFO - Mark Robertson
[2023-02-01T19:09:06.372+0000] {logging_mixin.py:137} INFO - Nicole Gates
[2023-02-01T19:09:06.373+0000] {logging_mixin.py:137} INFO - Bradley Cruz
[2023-02-01T19:09:06.376+0000] {logging_mixin.py:137} INFO - Gina Burns
[2023-02-01T19:09:06.379+0000] {logging_mixin.py:137} INFO - Zachary Martinez
[2023-02-01T19:09:06.382+0000] {logging_mixin.py:137} INFO - Natasha Johnson
[2023-02-01T19:09:06.383+0000] {logging_mixin.py:137} INFO - Patrick Gonzales
[2023-02-01T19:09:06.385+0000] {logging_mixin.py:137} INFO - Terri Wilson
[2023-02-01T19:09:06.387+0000] {logging_mixin.py:137} INFO - Sarah Lopez
[2023-02-01T19:09:06.389+0000] {logging_mixin.py:137} INFO - Dana Turner
[2023-02-01T19:09:06.399+0000] {logging_mixin.py:137} INFO - Cynthia Johnson
[2023-02-01T19:09:06.406+0000] {logging_mixin.py:137} INFO - William Thornton
[2023-02-01T19:09:06.408+0000] {logging_mixin.py:137} INFO - James Lee
[2023-02-01T19:09:06.410+0000] {logging_mixin.py:137} INFO - Stephen Allen
[2023-02-01T19:09:06.411+0000] {logging_mixin.py:137} INFO - William Stark
[2023-02-01T19:09:06.413+0000] {logging_mixin.py:137} INFO - Michael Parker
[2023-02-01T19:09:06.414+0000] {logging_mixin.py:137} INFO - Lisa Stephens
[2023-02-01T19:09:06.416+0000] {logging_mixin.py:137} INFO - Mr. Reginald Wise DDS
[2023-02-01T19:09:06.419+0000] {logging_mixin.py:137} INFO - Alexander James
[2023-02-01T19:09:06.421+0000] {logging_mixin.py:137} INFO - Kristen West
[2023-02-01T19:09:06.424+0000] {logging_mixin.py:137} INFO - Elizabeth Sanchez
[2023-02-01T19:09:06.426+0000] {logging_mixin.py:137} INFO - Jennifer Wilson
[2023-02-01T19:09:06.428+0000] {logging_mixin.py:137} INFO - Catherine Nicholson
[2023-02-01T19:09:06.431+0000] {logging_mixin.py:137} INFO - David Henderson
[2023-02-01T19:09:06.432+0000] {logging_mixin.py:137} INFO - Stephen Davis
[2023-02-01T19:09:06.435+0000] {logging_mixin.py:137} INFO - Paul Skinner
[2023-02-01T19:09:06.437+0000] {logging_mixin.py:137} INFO - Rebecca Wong
[2023-02-01T19:09:06.439+0000] {logging_mixin.py:137} INFO - Tara Benitez
[2023-02-01T19:09:06.448+0000] {logging_mixin.py:137} INFO - Sharon Miller
[2023-02-01T19:09:06.450+0000] {logging_mixin.py:137} INFO - Cynthia Smith
[2023-02-01T19:09:06.451+0000] {logging_mixin.py:137} INFO - Jennifer Werner
[2023-02-01T19:09:06.457+0000] {logging_mixin.py:137} INFO - Rebecca Tucker
[2023-02-01T19:09:06.459+0000] {logging_mixin.py:137} INFO - Ashlee Castillo
[2023-02-01T19:09:06.462+0000] {logging_mixin.py:137} INFO - Christopher Holmes
[2023-02-01T19:09:06.464+0000] {logging_mixin.py:137} INFO - Daniel Velez
[2023-02-01T19:09:06.466+0000] {logging_mixin.py:137} INFO - Amy Serrano
[2023-02-01T19:09:06.468+0000] {logging_mixin.py:137} INFO - Alison Nash
[2023-02-01T19:09:06.471+0000] {logging_mixin.py:137} INFO - Peter Johnson
[2023-02-01T19:09:06.477+0000] {logging_mixin.py:137} INFO - Breanna Harris
[2023-02-01T19:09:06.479+0000] {logging_mixin.py:137} INFO - Eric King
[2023-02-01T19:09:06.482+0000] {logging_mixin.py:137} INFO - Patricia Oliver
[2023-02-01T19:09:06.484+0000] {logging_mixin.py:137} INFO - Denise Grimes
[2023-02-01T19:09:06.487+0000] {logging_mixin.py:137} INFO - Jill Olson
[2023-02-01T19:09:06.490+0000] {logging_mixin.py:137} INFO - Stephanie Hart
[2023-02-01T19:09:06.495+0000] {logging_mixin.py:137} INFO - Ashley Lee
[2023-02-01T19:09:06.498+0000] {logging_mixin.py:137} INFO - Kelly Barnes
[2023-02-01T19:09:06.501+0000] {logging_mixin.py:137} INFO - Christie West
[2023-02-01T19:09:06.505+0000] {logging_mixin.py:137} INFO - Todd Nolan
[2023-02-01T19:09:06.513+0000] {logging_mixin.py:137} INFO - Sarah Reed
[2023-02-01T19:09:06.514+0000] {logging_mixin.py:137} INFO - Jennifer Keith
[2023-02-01T19:09:06.516+0000] {logging_mixin.py:137} INFO - Shawn Alvarez
[2023-02-01T19:09:06.518+0000] {logging_mixin.py:137} INFO - Alexander Wilson
[2023-02-01T19:09:06.519+0000] {logging_mixin.py:137} INFO - Rachel Melendez
[2023-02-01T19:09:06.521+0000] {logging_mixin.py:137} INFO - Morgan Walters
[2023-02-01T19:09:06.525+0000] {logging_mixin.py:137} INFO - Nicole Garcia
[2023-02-01T19:09:06.527+0000] {logging_mixin.py:137} INFO - Jennifer White
[2023-02-01T19:09:06.532+0000] {logging_mixin.py:137} INFO - Leslie Shannon
[2023-02-01T19:09:06.534+0000] {logging_mixin.py:137} INFO - Lisa Clayton
[2023-02-01T19:09:06.540+0000] {logging_mixin.py:137} INFO - Zachary Molina
[2023-02-01T19:09:06.545+0000] {logging_mixin.py:137} INFO - Bruce Butler
[2023-02-01T19:09:06.551+0000] {logging_mixin.py:137} INFO - Dustin Howell
[2023-02-01T19:09:06.554+0000] {logging_mixin.py:137} INFO - Aaron Smith
[2023-02-01T19:09:06.556+0000] {logging_mixin.py:137} INFO - Kyle Green
[2023-02-01T19:09:06.557+0000] {logging_mixin.py:137} INFO - Steven Clark
[2023-02-01T19:09:06.559+0000] {logging_mixin.py:137} INFO - Robert Holden
[2023-02-01T19:09:06.564+0000] {logging_mixin.py:137} INFO - Zachary Harmon
[2023-02-01T19:09:06.566+0000] {logging_mixin.py:137} INFO - Rachel Miller
[2023-02-01T19:09:06.568+0000] {logging_mixin.py:137} INFO - Brandon Parker
[2023-02-01T19:09:06.572+0000] {logging_mixin.py:137} INFO - Walter Martin
[2023-02-01T19:09:06.576+0000] {logging_mixin.py:137} INFO - Jose Young
[2023-02-01T19:09:06.582+0000] {logging_mixin.py:137} INFO - Kelsey Long
[2023-02-01T19:09:06.585+0000] {logging_mixin.py:137} INFO - William Harper
[2023-02-01T19:09:06.587+0000] {logging_mixin.py:137} INFO - Alejandro Lambert
[2023-02-01T19:09:06.593+0000] {logging_mixin.py:137} INFO - Stephanie Carson
[2023-02-01T19:09:06.596+0000] {logging_mixin.py:137} INFO - Diana Ortega MD
[2023-02-01T19:09:06.600+0000] {logging_mixin.py:137} INFO - Janet Morales
[2023-02-01T19:09:06.603+0000] {logging_mixin.py:137} INFO - Eric Fisher
[2023-02-01T19:09:06.608+0000] {logging_mixin.py:137} INFO - Louis Baker
[2023-02-01T19:09:06.609+0000] {logging_mixin.py:137} INFO - Cindy Ward
[2023-02-01T19:09:06.611+0000] {logging_mixin.py:137} INFO - Ana Jenkins
[2023-02-01T19:09:06.614+0000] {logging_mixin.py:137} INFO - Leslie Barton
[2023-02-01T19:09:06.619+0000] {logging_mixin.py:137} INFO - Gregory Price
[2023-02-01T19:09:06.620+0000] {logging_mixin.py:137} INFO - Brandon Moore
[2023-02-01T19:09:06.625+0000] {logging_mixin.py:137} INFO - Heather Garrett
[2023-02-01T19:09:06.627+0000] {logging_mixin.py:137} INFO - Cindy Hawkins
[2023-02-01T19:09:06.638+0000] {logging_mixin.py:137} INFO - Mr. Frank Snyder Jr.
[2023-02-01T19:09:06.641+0000] {logging_mixin.py:137} INFO - Megan Wang
[2023-02-01T19:09:06.643+0000] {logging_mixin.py:137} INFO - Jennifer Fleming
[2023-02-01T19:09:06.687+0000] {logging_mixin.py:137} INFO - Gary Hodge
[2023-02-01T19:09:06.690+0000] {logging_mixin.py:137} INFO - Nichole Miller
[2023-02-01T19:09:06.698+0000] {logging_mixin.py:137} INFO - Mitchell Mendoza
[2023-02-01T19:09:06.700+0000] {logging_mixin.py:137} INFO - Bradley Horton
[2023-02-01T19:09:06.702+0000] {logging_mixin.py:137} INFO - Michelle Hess
[2023-02-01T19:09:06.711+0000] {logging_mixin.py:137} INFO - Ronald Torres
[2023-02-01T19:09:06.713+0000] {logging_mixin.py:137} INFO - Raymond Hudson
[2023-02-01T19:09:06.714+0000] {logging_mixin.py:137} INFO - Vincent Jackson
[2023-02-01T19:09:06.716+0000] {logging_mixin.py:137} INFO - Susan Carey
[2023-02-01T19:09:06.718+0000] {logging_mixin.py:137} INFO - Chase Wilson
[2023-02-01T19:09:06.725+0000] {logging_mixin.py:137} INFO - Tonya Baldwin
[2023-02-01T19:09:06.729+0000] {logging_mixin.py:137} INFO - Mrs. Tina Davis
[2023-02-01T19:09:06.732+0000] {logging_mixin.py:137} INFO - Scott Garrett
[2023-02-01T19:09:06.736+0000] {logging_mixin.py:137} INFO - Michael Wilson
[2023-02-01T19:09:06.739+0000] {logging_mixin.py:137} INFO - Andrew Orozco
[2023-02-01T19:09:06.743+0000] {logging_mixin.py:137} INFO - Troy Carson
[2023-02-01T19:09:06.746+0000] {logging_mixin.py:137} INFO - Alex Winters
[2023-02-01T19:09:06.750+0000] {logging_mixin.py:137} INFO - Toni Frank
[2023-02-01T19:09:06.753+0000] {logging_mixin.py:137} INFO - Kathleen Snyder
[2023-02-01T19:09:06.756+0000] {logging_mixin.py:137} INFO - Anna Lopez
[2023-02-01T19:09:06.759+0000] {logging_mixin.py:137} INFO - Charles Brown
[2023-02-01T19:09:06.766+0000] {logging_mixin.py:137} INFO - Barry Ross
[2023-02-01T19:09:06.769+0000] {logging_mixin.py:137} INFO - Emily Ramirez
[2023-02-01T19:09:06.774+0000] {logging_mixin.py:137} INFO - Anna Williams
[2023-02-01T19:09:06.777+0000] {logging_mixin.py:137} INFO - Kristin Pennington
[2023-02-01T19:09:06.779+0000] {logging_mixin.py:137} INFO - Mary Aguirre
[2023-02-01T19:09:06.780+0000] {logging_mixin.py:137} INFO - Austin Santos
[2023-02-01T19:09:06.782+0000] {logging_mixin.py:137} INFO - David Nelson
[2023-02-01T19:09:06.785+0000] {logging_mixin.py:137} INFO - Alyssa Mcbride
[2023-02-01T19:09:06.789+0000] {logging_mixin.py:137} INFO - Lisa Gibson
[2023-02-01T19:09:06.792+0000] {logging_mixin.py:137} INFO - Alexander Kelly
[2023-02-01T19:09:06.796+0000] {logging_mixin.py:137} INFO - Ronald Thomas
[2023-02-01T19:09:06.807+0000] {logging_mixin.py:137} INFO - Michael Hurst
[2023-02-01T19:09:06.811+0000] {logging_mixin.py:137} INFO - Lauren Ward
[2023-02-01T19:09:06.818+0000] {logging_mixin.py:137} INFO - Christian Terry
[2023-02-01T19:09:06.820+0000] {logging_mixin.py:137} INFO - Jared Black
[2023-02-01T19:09:06.822+0000] {logging_mixin.py:137} INFO - Anthony Brown
[2023-02-01T19:09:06.828+0000] {logging_mixin.py:137} INFO - John Cole
[2023-02-01T19:09:06.832+0000] {logging_mixin.py:137} INFO - David Lee
[2023-02-01T19:09:06.842+0000] {logging_mixin.py:137} INFO - Lori Thomas
[2023-02-01T19:09:06.846+0000] {logging_mixin.py:137} INFO - Daniel Herman
[2023-02-01T19:09:06.850+0000] {logging_mixin.py:137} INFO - Pam Williams
[2023-02-01T19:09:06.855+0000] {logging_mixin.py:137} INFO - Sarah Jenkins
[2023-02-01T19:09:06.865+0000] {logging_mixin.py:137} INFO - Susan Mitchell
[2023-02-01T19:09:06.869+0000] {logging_mixin.py:137} INFO - Jacqueline Green
[2023-02-01T19:09:06.874+0000] {logging_mixin.py:137} INFO - Victoria Garrison
[2023-02-01T19:09:06.881+0000] {logging_mixin.py:137} INFO - Jonathan Daniels
[2023-02-01T19:09:06.889+0000] {logging_mixin.py:137} INFO - Trevor Hansen
[2023-02-01T19:09:06.903+0000] {logging_mixin.py:137} INFO - Laurie Bowen
[2023-02-01T19:09:06.907+0000] {logging_mixin.py:137} INFO - James Cline
[2023-02-01T19:09:06.913+0000] {logging_mixin.py:137} INFO - Michael Rose
[2023-02-01T19:09:06.921+0000] {logging_mixin.py:137} INFO - Lawrence Juarez
[2023-02-01T19:09:06.930+0000] {logging_mixin.py:137} INFO - Lucas Caldwell
[2023-02-01T19:09:06.938+0000] {logging_mixin.py:137} INFO - Laura Jackson
[2023-02-01T19:09:06.951+0000] {logging_mixin.py:137} INFO - Sherri Thornton
[2023-02-01T19:09:06.956+0000] {logging_mixin.py:137} INFO - Alice Wilson
[2023-02-01T19:09:06.958+0000] {logging_mixin.py:137} INFO - Diane Williams
[2023-02-01T19:09:06.968+0000] {logging_mixin.py:137} INFO - Kara Martin
[2023-02-01T19:09:06.971+0000] {logging_mixin.py:137} INFO - Joseph Moore
[2023-02-01T19:09:06.974+0000] {logging_mixin.py:137} INFO - Jesse Moses
[2023-02-01T19:09:06.982+0000] {logging_mixin.py:137} INFO - Lisa Mccall
[2023-02-01T19:09:06.990+0000] {logging_mixin.py:137} INFO - Alexandra Mccoy
[2023-02-01T19:09:06.996+0000] {logging_mixin.py:137} INFO - Daniel Martin
[2023-02-01T19:09:07.001+0000] {logging_mixin.py:137} INFO - Claudia Peck
[2023-02-01T19:09:07.005+0000] {logging_mixin.py:137} INFO - Jessica Mcconnell
[2023-02-01T19:09:07.013+0000] {logging_mixin.py:137} INFO - Kevin Walker
[2023-02-01T19:09:07.017+0000] {logging_mixin.py:137} INFO - Christina Lee
[2023-02-01T19:09:07.023+0000] {logging_mixin.py:137} INFO - Christopher Schroeder
[2023-02-01T19:09:07.033+0000] {logging_mixin.py:137} INFO - Melissa Parker
[2023-02-01T19:09:07.035+0000] {logging_mixin.py:137} INFO - Janet Molina
[2023-02-01T19:09:07.038+0000] {logging_mixin.py:137} INFO - Barbara Harris
[2023-02-01T19:09:07.039+0000] {logging_mixin.py:137} INFO - Joseph Hurley
[2023-02-01T19:09:07.044+0000] {logging_mixin.py:137} INFO - Greg Hayden
[2023-02-01T19:09:07.046+0000] {logging_mixin.py:137} INFO - Edwin Adams
[2023-02-01T19:09:07.048+0000] {logging_mixin.py:137} INFO - Ashley Hunter
[2023-02-01T19:09:07.050+0000] {logging_mixin.py:137} INFO - Jennifer Tucker
[2023-02-01T19:09:07.052+0000] {logging_mixin.py:137} INFO - Eddie Gray
[2023-02-01T19:09:07.054+0000] {logging_mixin.py:137} INFO - Jennifer Evans
[2023-02-01T19:09:07.058+0000] {logging_mixin.py:137} INFO - Stephen Carey
[2023-02-01T19:09:07.064+0000] {logging_mixin.py:137} INFO - Samantha Campos
[2023-02-01T19:09:07.068+0000] {logging_mixin.py:137} INFO - Meagan Brown
[2023-02-01T19:09:07.074+0000] {logging_mixin.py:137} INFO - Miss Marisa Barber
[2023-02-01T19:09:07.077+0000] {logging_mixin.py:137} INFO - Jay Mann
[2023-02-01T19:09:07.079+0000] {logging_mixin.py:137} INFO - Matthew Campbell
[2023-02-01T19:09:07.082+0000] {logging_mixin.py:137} INFO - Brent Rodriguez
[2023-02-01T19:09:07.090+0000] {logging_mixin.py:137} INFO - Teresa Ross
[2023-02-01T19:09:07.094+0000] {logging_mixin.py:137} INFO - Mary Martinez
[2023-02-01T19:09:07.099+0000] {logging_mixin.py:137} INFO - Joseph Lewis
[2023-02-01T19:09:07.102+0000] {logging_mixin.py:137} INFO - Dale Davis
[2023-02-01T19:09:07.104+0000] {logging_mixin.py:137} INFO - Elizabeth Evans
[2023-02-01T19:09:07.106+0000] {logging_mixin.py:137} INFO - Shannon Wang
[2023-02-01T19:09:07.108+0000] {logging_mixin.py:137} INFO - Brandon Campbell
[2023-02-01T19:09:07.111+0000] {logging_mixin.py:137} INFO - Rhonda Pace
[2023-02-01T19:09:07.113+0000] {logging_mixin.py:137} INFO - Sarah Santos
[2023-02-01T19:09:07.116+0000] {logging_mixin.py:137} INFO - Jacob Ford
[2023-02-01T19:09:07.119+0000] {logging_mixin.py:137} INFO - Matthew Hansen
[2023-02-01T19:09:07.122+0000] {logging_mixin.py:137} INFO - Amy Ray
[2023-02-01T19:09:07.130+0000] {logging_mixin.py:137} INFO - Aaron Fields
[2023-02-01T19:09:07.133+0000] {logging_mixin.py:137} INFO - Mary Taylor
[2023-02-01T19:09:07.135+0000] {logging_mixin.py:137} INFO - James Morris
[2023-02-01T19:09:07.137+0000] {logging_mixin.py:137} INFO - Darrell Cain
[2023-02-01T19:09:07.143+0000] {logging_mixin.py:137} INFO - Michael Smith
[2023-02-01T19:09:07.152+0000] {logging_mixin.py:137} INFO - Scott Coleman
[2023-02-01T19:09:07.158+0000] {logging_mixin.py:137} INFO - David Fitzpatrick
[2023-02-01T19:09:07.163+0000] {logging_mixin.py:137} INFO - Debra Shepherd
[2023-02-01T19:09:07.164+0000] {logging_mixin.py:137} INFO - Paul Rush
[2023-02-01T19:09:07.169+0000] {logging_mixin.py:137} INFO - Brett Hernandez
[2023-02-01T19:09:07.171+0000] {logging_mixin.py:137} INFO - Sheila Riddle
[2023-02-01T19:09:07.173+0000] {logging_mixin.py:137} INFO - Joan Austin
[2023-02-01T19:09:07.174+0000] {logging_mixin.py:137} INFO - Michael Garcia
[2023-02-01T19:09:07.183+0000] {logging_mixin.py:137} INFO - Natalie Harris
[2023-02-01T19:09:07.188+0000] {logging_mixin.py:137} INFO - Steven Dean
[2023-02-01T19:09:07.202+0000] {logging_mixin.py:137} INFO - John Brown
[2023-02-01T19:09:07.206+0000] {logging_mixin.py:137} INFO - Keith Zimmerman
[2023-02-01T19:09:07.211+0000] {logging_mixin.py:137} INFO - Curtis Byrd
[2023-02-01T19:09:07.222+0000] {logging_mixin.py:137} INFO - Mariah Green
[2023-02-01T19:09:07.229+0000] {logging_mixin.py:137} INFO - Roger Huynh
[2023-02-01T19:09:07.234+0000] {logging_mixin.py:137} INFO - Christopher Zamora
[2023-02-01T19:09:07.241+0000] {logging_mixin.py:137} INFO - Joyce Crawford
[2023-02-01T19:09:07.247+0000] {logging_mixin.py:137} INFO - Angela Smith
[2023-02-01T19:09:07.253+0000] {logging_mixin.py:137} INFO - Veronica Robinson
[2023-02-01T19:09:07.255+0000] {logging_mixin.py:137} INFO - Christopher Bates
[2023-02-01T19:09:07.257+0000] {logging_mixin.py:137} INFO - Steve Stone
[2023-02-01T19:09:07.259+0000] {logging_mixin.py:137} INFO - William Cook
[2023-02-01T19:09:07.263+0000] {logging_mixin.py:137} INFO - Lori Wood
[2023-02-01T19:09:07.266+0000] {logging_mixin.py:137} INFO - Jillian Reynolds
[2023-02-01T19:09:07.270+0000] {logging_mixin.py:137} INFO - Angela Caldwell
[2023-02-01T19:09:07.272+0000] {logging_mixin.py:137} INFO - Shane Campbell
[2023-02-01T19:09:07.285+0000] {logging_mixin.py:137} INFO - Karen Lawrence
[2023-02-01T19:09:07.289+0000] {logging_mixin.py:137} INFO - Kimberly Wood
[2023-02-01T19:09:07.293+0000] {logging_mixin.py:137} INFO - Samantha Lopez
[2023-02-01T19:09:07.305+0000] {logging_mixin.py:137} INFO - Harold Miller
[2023-02-01T19:09:07.310+0000] {logging_mixin.py:137} INFO - Raymond Cooper DVM
[2023-02-01T19:09:07.312+0000] {logging_mixin.py:137} INFO - Kristen Patel
[2023-02-01T19:09:07.314+0000] {logging_mixin.py:137} INFO - Anthony Mejia
[2023-02-01T19:09:07.317+0000] {logging_mixin.py:137} INFO - Raymond Thomas
[2023-02-01T19:09:07.321+0000] {logging_mixin.py:137} INFO - Scott Young
[2023-02-01T19:09:07.326+0000] {logging_mixin.py:137} INFO - David Larson
[2023-02-01T19:09:07.330+0000] {logging_mixin.py:137} INFO - Jon Murray
[2023-02-01T19:09:07.333+0000] {logging_mixin.py:137} INFO - Stephen Taylor
[2023-02-01T19:09:07.350+0000] {logging_mixin.py:137} INFO - Jennifer Hernandez
[2023-02-01T19:09:07.359+0000] {logging_mixin.py:137} INFO - Stacy Smith
[2023-02-01T19:09:07.376+0000] {logging_mixin.py:137} INFO - Juan Owens
[2023-02-01T19:09:07.388+0000] {logging_mixin.py:137} INFO - Brian Adkins
[2023-02-01T19:09:07.400+0000] {logging_mixin.py:137} INFO - Jesse Wells
[2023-02-01T19:09:07.407+0000] {logging_mixin.py:137} INFO - Kyle Matthews
[2023-02-01T19:09:07.448+0000] {logging_mixin.py:137} INFO - Dustin Russell
[2023-02-01T19:09:07.465+0000] {logging_mixin.py:137} INFO - Richard White
[2023-02-01T19:09:07.488+0000] {logging_mixin.py:137} INFO - Brittany Nichols
[2023-02-01T19:09:07.501+0000] {logging_mixin.py:137} INFO - Colton Kelly
[2023-02-01T19:09:07.505+0000] {logging_mixin.py:137} INFO - William Perry
[2023-02-01T19:09:07.509+0000] {logging_mixin.py:137} INFO - Thomas Cummings
[2023-02-01T19:09:07.516+0000] {logging_mixin.py:137} INFO - Timothy Ballard
[2023-02-01T19:09:07.521+0000] {logging_mixin.py:137} INFO - Richard Washington
[2023-02-01T19:09:07.530+0000] {logging_mixin.py:137} INFO - Joshua Lam
[2023-02-01T19:09:07.533+0000] {logging_mixin.py:137} INFO - Grant Jackson
[2023-02-01T19:09:07.535+0000] {logging_mixin.py:137} INFO - Erin Baker
[2023-02-01T19:09:07.537+0000] {logging_mixin.py:137} INFO - Scott Flowers
[2023-02-01T19:09:07.545+0000] {logging_mixin.py:137} INFO - James Adams
[2023-02-01T19:09:07.548+0000] {logging_mixin.py:137} INFO - Heather Alvarado
[2023-02-01T19:09:07.551+0000] {logging_mixin.py:137} INFO - Jennifer Snow
[2023-02-01T19:09:07.555+0000] {logging_mixin.py:137} INFO - Mario Jackson
[2023-02-01T19:09:07.561+0000] {logging_mixin.py:137} INFO - Kevin Collins
[2023-02-01T19:09:07.565+0000] {logging_mixin.py:137} INFO - Danielle Garcia
[2023-02-01T19:09:07.568+0000] {logging_mixin.py:137} INFO - Brenda Jackson
[2023-02-01T19:09:07.570+0000] {logging_mixin.py:137} INFO - Ashley Parker
[2023-02-01T19:09:07.572+0000] {logging_mixin.py:137} INFO - Angela Hickman
[2023-02-01T19:09:07.575+0000] {logging_mixin.py:137} INFO - Carol Rodriguez
[2023-02-01T19:09:07.580+0000] {logging_mixin.py:137} INFO - Vernon Anderson
[2023-02-01T19:09:07.588+0000] {logging_mixin.py:137} INFO - Jesus Church
[2023-02-01T19:09:07.592+0000] {logging_mixin.py:137} INFO - Michelle Medina
[2023-02-01T19:09:07.596+0000] {logging_mixin.py:137} INFO - Nancy Bryant
[2023-02-01T19:09:07.599+0000] {logging_mixin.py:137} INFO - Jennifer Martinez
[2023-02-01T19:09:07.611+0000] {logging_mixin.py:137} INFO - Amy Dougherty
[2023-02-01T19:09:07.617+0000] {logging_mixin.py:137} INFO - Alexis Sanders
[2023-02-01T19:09:07.624+0000] {logging_mixin.py:137} INFO - Austin Salazar
[2023-02-01T19:09:07.647+0000] {logging_mixin.py:137} INFO - Amy Williams
[2023-02-01T19:09:07.652+0000] {logging_mixin.py:137} INFO - Richard Haynes
[2023-02-01T19:09:07.656+0000] {logging_mixin.py:137} INFO - Christine Stark
[2023-02-01T19:09:07.665+0000] {logging_mixin.py:137} INFO - Anita Medina
[2023-02-01T19:09:07.671+0000] {logging_mixin.py:137} INFO - Mr. Thomas Duran
[2023-02-01T19:09:07.684+0000] {logging_mixin.py:137} INFO - Mr. Russell Peterson
[2023-02-01T19:09:07.686+0000] {logging_mixin.py:137} INFO - Jack Richard
[2023-02-01T19:09:07.695+0000] {logging_mixin.py:137} INFO - Michelle Erickson
[2023-02-01T19:09:07.718+0000] {logging_mixin.py:137} INFO - Mitchell Williams
[2023-02-01T19:09:07.732+0000] {logging_mixin.py:137} INFO - Adrian Herrera
[2023-02-01T19:09:07.750+0000] {logging_mixin.py:137} INFO - Michael Brady
[2023-02-01T19:09:07.755+0000] {logging_mixin.py:137} INFO - Jamie Zhang
[2023-02-01T19:09:07.759+0000] {logging_mixin.py:137} INFO - Helen Brennan
[2023-02-01T19:09:07.783+0000] {logging_mixin.py:137} INFO - John Myers
[2023-02-01T19:09:07.790+0000] {logging_mixin.py:137} INFO - Patricia Nash
[2023-02-01T19:09:07.795+0000] {logging_mixin.py:137} INFO - Michael Johnson
[2023-02-01T19:09:07.799+0000] {logging_mixin.py:137} INFO - Anita Berger
[2023-02-01T19:09:07.805+0000] {logging_mixin.py:137} INFO - Jason Guerrero DVM
[2023-02-01T19:09:07.810+0000] {logging_mixin.py:137} INFO - Kimberly Davis
[2023-02-01T19:09:07.815+0000] {logging_mixin.py:137} INFO - Bryan Hansen
[2023-02-01T19:09:07.821+0000] {logging_mixin.py:137} INFO - Rebecca Obrien
[2023-02-01T19:09:07.824+0000] {logging_mixin.py:137} INFO - Sarah Santiago
[2023-02-01T19:09:07.827+0000] {logging_mixin.py:137} INFO - Christine Lane
[2023-02-01T19:09:07.832+0000] {logging_mixin.py:137} INFO - Jerry Lewis
[2023-02-01T19:09:07.835+0000] {logging_mixin.py:137} INFO - Stephanie Miller
[2023-02-01T19:09:07.837+0000] {logging_mixin.py:137} INFO - Kristi Bradley
[2023-02-01T19:09:07.839+0000] {logging_mixin.py:137} INFO - Darren Moore
[2023-02-01T19:09:07.841+0000] {logging_mixin.py:137} INFO - Kristina Cunningham
[2023-02-01T19:09:07.850+0000] {logging_mixin.py:137} INFO - Laurie Moore
[2023-02-01T19:09:07.857+0000] {logging_mixin.py:137} INFO - Aaron Lewis
[2023-02-01T19:09:07.864+0000] {logging_mixin.py:137} INFO - Theresa Vang
[2023-02-01T19:09:07.869+0000] {logging_mixin.py:137} INFO - Chase Reese
[2023-02-01T19:09:07.875+0000] {logging_mixin.py:137} INFO - Matthew Ferguson
[2023-02-01T19:09:07.879+0000] {logging_mixin.py:137} INFO - Victoria Lewis
[2023-02-01T19:09:07.889+0000] {logging_mixin.py:137} INFO - Jon Scott
[2023-02-01T19:09:07.895+0000] {logging_mixin.py:137} INFO - Lisa Campbell
[2023-02-01T19:09:07.897+0000] {logging_mixin.py:137} INFO - David Ramirez
[2023-02-01T19:09:07.899+0000] {logging_mixin.py:137} INFO - Gabriel Rosario
[2023-02-01T19:09:07.901+0000] {logging_mixin.py:137} INFO - Kristi Johnson
[2023-02-01T19:09:07.905+0000] {logging_mixin.py:137} INFO - Jennifer Schwartz
[2023-02-01T19:09:07.921+0000] {logging_mixin.py:137} INFO - Daniel Norton
[2023-02-01T19:09:07.950+0000] {logging_mixin.py:137} INFO - Richard Montoya
[2023-02-01T19:09:07.966+0000] {logging_mixin.py:137} INFO - Daniel Norris
[2023-02-01T19:09:08.005+0000] {logging_mixin.py:137} INFO - Chad Taylor
[2023-02-01T19:09:08.028+0000] {logging_mixin.py:137} INFO - Angie Allen
[2023-02-01T19:09:08.050+0000] {logging_mixin.py:137} INFO - Michael Brooks
[2023-02-01T19:09:08.057+0000] {logging_mixin.py:137} INFO - Hannah Poole
[2023-02-01T19:09:08.067+0000] {logging_mixin.py:137} INFO - Caitlin Ray
[2023-02-01T19:09:08.075+0000] {logging_mixin.py:137} INFO - Mr. Steven Gardner
[2023-02-01T19:09:08.079+0000] {logging_mixin.py:137} INFO - Jennifer Macdonald
[2023-02-01T19:09:08.084+0000] {logging_mixin.py:137} INFO - Vanessa Small
[2023-02-01T19:09:08.103+0000] {logging_mixin.py:137} INFO - Dennis Gray
[2023-02-01T19:09:08.110+0000] {logging_mixin.py:137} INFO - Sandra Kirk
[2023-02-01T19:09:08.114+0000] {logging_mixin.py:137} INFO - Jason Wagner
[2023-02-01T19:09:08.130+0000] {logging_mixin.py:137} INFO - David Owen
[2023-02-01T19:09:08.133+0000] {logging_mixin.py:137} INFO - Rose Terrell
[2023-02-01T19:09:08.145+0000] {logging_mixin.py:137} INFO - James Green MD
[2023-02-01T19:09:08.156+0000] {logging_mixin.py:137} INFO - Tammy Patel
[2023-02-01T19:09:08.162+0000] {logging_mixin.py:137} INFO - Joseph Lucero
[2023-02-01T19:09:08.164+0000] {logging_mixin.py:137} INFO - Stephanie Rojas
[2023-02-01T19:09:08.181+0000] {logging_mixin.py:137} INFO - Brittany Johnson
[2023-02-01T19:09:08.198+0000] {logging_mixin.py:137} INFO - Christina Cummings
[2023-02-01T19:09:08.201+0000] {logging_mixin.py:137} INFO - Eric Downs
[2023-02-01T19:09:08.206+0000] {logging_mixin.py:137} INFO - Paul Finley
[2023-02-01T19:09:08.209+0000] {logging_mixin.py:137} INFO - Danielle Jackson
[2023-02-01T19:09:08.216+0000] {logging_mixin.py:137} INFO - Anna Johnston
[2023-02-01T19:09:08.225+0000] {logging_mixin.py:137} INFO - Ashlee Hodges
[2023-02-01T19:09:08.230+0000] {logging_mixin.py:137} INFO - Thomas Francis
[2023-02-01T19:09:08.233+0000] {logging_mixin.py:137} INFO - Cody Baird
[2023-02-01T19:09:08.240+0000] {logging_mixin.py:137} INFO - Jeffrey Walter
[2023-02-01T19:09:08.250+0000] {logging_mixin.py:137} INFO - Hannah West
[2023-02-01T19:09:08.253+0000] {logging_mixin.py:137} INFO - Anthony Byrd
[2023-02-01T19:09:08.265+0000] {logging_mixin.py:137} INFO - Julie Ramirez
[2023-02-01T19:09:08.294+0000] {logging_mixin.py:137} INFO - Seth Peters
[2023-02-01T19:09:08.306+0000] {logging_mixin.py:137} INFO - Keith Salas
[2023-02-01T19:09:08.320+0000] {logging_mixin.py:137} INFO - Kathryn Evans
[2023-02-01T19:09:08.329+0000] {logging_mixin.py:137} INFO - Dr. Maria Scott
[2023-02-01T19:09:08.332+0000] {logging_mixin.py:137} INFO - Brenda Thomas
[2023-02-01T19:09:08.335+0000] {logging_mixin.py:137} INFO - Travis Douglas
[2023-02-01T19:09:08.346+0000] {logging_mixin.py:137} INFO - Kurt Santos
[2023-02-01T19:09:08.360+0000] {logging_mixin.py:137} INFO - Sean Parrish
[2023-02-01T19:09:08.365+0000] {logging_mixin.py:137} INFO - Brittany Walls
[2023-02-01T19:09:08.379+0000] {logging_mixin.py:137} INFO - Gail Brooks
[2023-02-01T19:09:08.395+0000] {logging_mixin.py:137} INFO - Valerie Johnson
[2023-02-01T19:09:08.397+0000] {logging_mixin.py:137} INFO - Jessica Dunn
[2023-02-01T19:09:08.399+0000] {logging_mixin.py:137} INFO - Chad Robinson
[2023-02-01T19:09:08.402+0000] {logging_mixin.py:137} INFO - Catherine Combs
[2023-02-01T19:09:08.405+0000] {logging_mixin.py:137} INFO - Joshua Boyd
[2023-02-01T19:09:08.408+0000] {logging_mixin.py:137} INFO - Alicia Barnett DVM
[2023-02-01T19:09:08.410+0000] {logging_mixin.py:137} INFO - Kevin Cervantes
[2023-02-01T19:09:08.412+0000] {logging_mixin.py:137} INFO - Larry Lester
[2023-02-01T19:09:08.414+0000] {logging_mixin.py:137} INFO - Deanna Espinoza
[2023-02-01T19:09:08.416+0000] {logging_mixin.py:137} INFO - Marilyn Davis
[2023-02-01T19:09:08.432+0000] {logging_mixin.py:137} INFO - Michael Weeks
[2023-02-01T19:09:08.438+0000] {logging_mixin.py:137} INFO - Brandon Stanton
[2023-02-01T19:09:08.446+0000] {logging_mixin.py:137} INFO - Ryan Boyer Jr.
[2023-02-01T19:09:08.457+0000] {logging_mixin.py:137} INFO - Amanda Elliott
[2023-02-01T19:09:08.463+0000] {logging_mixin.py:137} INFO - David Moore
[2023-02-01T19:09:08.466+0000] {logging_mixin.py:137} INFO - Andre Williams
[2023-02-01T19:09:08.475+0000] {logging_mixin.py:137} INFO - Jennifer Garcia
[2023-02-01T19:09:08.481+0000] {logging_mixin.py:137} INFO - Tracey Cook
[2023-02-01T19:09:08.486+0000] {logging_mixin.py:137} INFO - Michael Turner
[2023-02-01T19:09:08.495+0000] {logging_mixin.py:137} INFO - Diana Long
[2023-02-01T19:09:08.498+0000] {logging_mixin.py:137} INFO - John Bradley
[2023-02-01T19:09:08.500+0000] {logging_mixin.py:137} INFO - Ann Benjamin
[2023-02-01T19:09:08.503+0000] {logging_mixin.py:137} INFO - Shane House
[2023-02-01T19:09:08.518+0000] {logging_mixin.py:137} INFO - Erin Lee
[2023-02-01T19:09:08.532+0000] {logging_mixin.py:137} INFO - Joseph Gray
[2023-02-01T19:09:08.540+0000] {logging_mixin.py:137} INFO - Betty Gibson
[2023-02-01T19:09:08.542+0000] {logging_mixin.py:137} INFO - Kristen Graham
[2023-02-01T19:09:08.545+0000] {logging_mixin.py:137} INFO - Daniel Meza
[2023-02-01T19:09:08.549+0000] {logging_mixin.py:137} INFO - Sherri Carpenter
[2023-02-01T19:09:08.553+0000] {logging_mixin.py:137} INFO - Andrea Sanchez
[2023-02-01T19:09:08.557+0000] {logging_mixin.py:137} INFO - Jordan Rios
[2023-02-01T19:09:08.561+0000] {logging_mixin.py:137} INFO - Elizabeth Jackson
[2023-02-01T19:09:08.566+0000] {logging_mixin.py:137} INFO - Elizabeth Myers
[2023-02-01T19:09:08.572+0000] {logging_mixin.py:137} INFO - Juan Barnes
[2023-02-01T19:09:08.575+0000] {logging_mixin.py:137} INFO - Christopher Lozano
[2023-02-01T19:09:08.584+0000] {logging_mixin.py:137} INFO - Jacqueline Griffin
[2023-02-01T19:09:08.594+0000] {logging_mixin.py:137} INFO - Ryan Mason
[2023-02-01T19:09:08.597+0000] {logging_mixin.py:137} INFO - Jonathan Moore
[2023-02-01T19:09:08.601+0000] {logging_mixin.py:137} INFO - Abigail Landry
[2023-02-01T19:09:08.610+0000] {logging_mixin.py:137} INFO - Brenda Hernandez
[2023-02-01T19:09:08.617+0000] {logging_mixin.py:137} INFO - Zachary Pitts
[2023-02-01T19:09:08.619+0000] {logging_mixin.py:137} INFO - Amanda Rogers
[2023-02-01T19:09:08.621+0000] {logging_mixin.py:137} INFO - Cynthia Gray
[2023-02-01T19:09:08.623+0000] {logging_mixin.py:137} INFO - Tyler Barajas
[2023-02-01T19:09:08.626+0000] {logging_mixin.py:137} INFO - Michelle Leon
[2023-02-01T19:09:08.628+0000] {logging_mixin.py:137} INFO - Kathy Lang
[2023-02-01T19:09:08.630+0000] {logging_mixin.py:137} INFO - Scott Townsend MD
[2023-02-01T19:09:08.634+0000] {logging_mixin.py:137} INFO - Theresa Acosta
[2023-02-01T19:09:08.635+0000] {logging_mixin.py:137} INFO - David Jones
[2023-02-01T19:09:08.638+0000] {logging_mixin.py:137} INFO - Jeremy Robinson
[2023-02-01T19:09:08.641+0000] {logging_mixin.py:137} INFO - James Newton
[2023-02-01T19:09:08.643+0000] {logging_mixin.py:137} INFO - Tracey Wells
[2023-02-01T19:09:08.646+0000] {logging_mixin.py:137} INFO - Maria Nelson
[2023-02-01T19:09:08.648+0000] {logging_mixin.py:137} INFO - Christopher Griffith
[2023-02-01T19:09:08.656+0000] {logging_mixin.py:137} INFO - Zachary Griffin
[2023-02-01T19:09:08.664+0000] {logging_mixin.py:137} INFO - Amy Nguyen
[2023-02-01T19:09:08.672+0000] {logging_mixin.py:137} INFO - April Williams
[2023-02-01T19:09:08.675+0000] {logging_mixin.py:137} INFO - Marissa Kelly
[2023-02-01T19:09:08.679+0000] {logging_mixin.py:137} INFO - Brian Lopez PhD
[2023-02-01T19:09:08.681+0000] {logging_mixin.py:137} INFO - William Williams
[2023-02-01T19:09:08.682+0000] {logging_mixin.py:137} INFO - Norman Brown
[2023-02-01T19:09:08.684+0000] {logging_mixin.py:137} INFO - Charles Fuentes
[2023-02-01T19:09:08.685+0000] {logging_mixin.py:137} INFO - Anthony Chang
[2023-02-01T19:09:08.693+0000] {logging_mixin.py:137} INFO - Mary Bell
[2023-02-01T19:09:08.698+0000] {logging_mixin.py:137} INFO - Elizabeth Stuart
[2023-02-01T19:09:08.707+0000] {logging_mixin.py:137} INFO - Mary Mcdonald
[2023-02-01T19:09:08.716+0000] {logging_mixin.py:137} INFO - Martin Harrison
[2023-02-01T19:09:08.719+0000] {logging_mixin.py:137} INFO - Stephanie Fernandez
[2023-02-01T19:09:08.721+0000] {logging_mixin.py:137} INFO - Christopher Brown
[2023-02-01T19:09:08.731+0000] {logging_mixin.py:137} INFO - Alexander Stephenson
[2023-02-01T19:09:08.738+0000] {logging_mixin.py:137} INFO - Grace Diaz
[2023-02-01T19:09:08.741+0000] {logging_mixin.py:137} INFO - Frank Bartlett
[2023-02-01T19:09:08.744+0000] {logging_mixin.py:137} INFO - Audrey Andersen
[2023-02-01T19:09:08.748+0000] {logging_mixin.py:137} INFO - David Green
[2023-02-01T19:09:08.758+0000] {logging_mixin.py:137} INFO - Joshua Diaz Jr.
[2023-02-01T19:09:08.765+0000] {logging_mixin.py:137} INFO - Emily Garcia
[2023-02-01T19:09:08.772+0000] {logging_mixin.py:137} INFO - Devin Hall
[2023-02-01T19:09:08.775+0000] {logging_mixin.py:137} INFO - Phillip Garner
[2023-02-01T19:09:08.781+0000] {logging_mixin.py:137} INFO - Katherine Estrada
[2023-02-01T19:09:08.783+0000] {logging_mixin.py:137} INFO - Corey Saunders
[2023-02-01T19:09:08.785+0000] {logging_mixin.py:137} INFO - Kimberly Collins
[2023-02-01T19:09:08.787+0000] {logging_mixin.py:137} INFO - Amy Elliott
[2023-02-01T19:09:08.789+0000] {logging_mixin.py:137} INFO - Tanya Jones
[2023-02-01T19:09:08.800+0000] {logging_mixin.py:137} INFO - Patricia Gonzalez
[2023-02-01T19:09:08.806+0000] {logging_mixin.py:137} INFO - Jennifer Hill
[2023-02-01T19:09:08.809+0000] {logging_mixin.py:137} INFO - John Haynes
[2023-02-01T19:09:08.815+0000] {logging_mixin.py:137} INFO - Jacob Henry
[2023-02-01T19:09:08.824+0000] {logging_mixin.py:137} INFO - Daniel Clark
[2023-02-01T19:09:08.831+0000] {logging_mixin.py:137} INFO - Jonathon Taylor
[2023-02-01T19:09:08.847+0000] {logging_mixin.py:137} INFO - Jesse Evans
[2023-02-01T19:09:08.850+0000] {logging_mixin.py:137} INFO - James Martinez
[2023-02-01T19:09:08.853+0000] {logging_mixin.py:137} INFO - Kyle Reyes
[2023-02-01T19:09:08.857+0000] {logging_mixin.py:137} INFO - Terrence Barker
[2023-02-01T19:09:08.875+0000] {logging_mixin.py:137} INFO - Anthony Washington
[2023-02-01T19:09:08.883+0000] {logging_mixin.py:137} INFO - Dustin Le
[2023-02-01T19:09:08.891+0000] {logging_mixin.py:137} INFO - Bruce Clark
[2023-02-01T19:09:08.897+0000] {logging_mixin.py:137} INFO - Keith Anthony
[2023-02-01T19:09:08.903+0000] {logging_mixin.py:137} INFO - Jeremiah Stone
[2023-02-01T19:09:08.907+0000] {logging_mixin.py:137} INFO - Michael Haley
[2023-02-01T19:09:08.922+0000] {logging_mixin.py:137} INFO - Regina Carrillo
[2023-02-01T19:09:08.926+0000] {logging_mixin.py:137} INFO - Jacob Lee
[2023-02-01T19:09:08.935+0000] {logging_mixin.py:137} INFO - Thomas Gonzalez
[2023-02-01T19:09:08.939+0000] {logging_mixin.py:137} INFO - Mark Lawrence
[2023-02-01T19:09:08.942+0000] {logging_mixin.py:137} INFO - Matthew Anderson
[2023-02-01T19:09:08.952+0000] {logging_mixin.py:137} INFO - Nicholas Young
[2023-02-01T19:09:08.966+0000] {logging_mixin.py:137} INFO - Melvin Martinez
[2023-02-01T19:09:08.968+0000] {logging_mixin.py:137} INFO - Scott Green
[2023-02-01T19:09:08.976+0000] {logging_mixin.py:137} INFO - Dana Richards
[2023-02-01T19:09:08.985+0000] {logging_mixin.py:137} INFO - Lauren Moore
[2023-02-01T19:09:08.996+0000] {logging_mixin.py:137} INFO - Terry Campbell
[2023-02-01T19:09:09.012+0000] {logging_mixin.py:137} INFO - Ralph Jordan
[2023-02-01T19:09:09.019+0000] {logging_mixin.py:137} INFO - Noah Reyes
[2023-02-01T19:09:09.036+0000] {logging_mixin.py:137} INFO - Mr. Gregory Mills MD
[2023-02-01T19:09:09.069+0000] {logging_mixin.py:137} INFO - Michelle Yates
[2023-02-01T19:09:09.098+0000] {logging_mixin.py:137} INFO - Robin Reyes
[2023-02-01T19:09:09.105+0000] {logging_mixin.py:137} INFO - Rebecca Smith
[2023-02-01T19:09:09.108+0000] {logging_mixin.py:137} INFO - Nicole Torres
[2023-02-01T19:09:09.111+0000] {logging_mixin.py:137} INFO - Ronald Jones
[2023-02-01T19:09:09.117+0000] {logging_mixin.py:137} INFO - Michael Castaneda
[2023-02-01T19:09:09.124+0000] {logging_mixin.py:137} INFO - Christopher Krueger
[2023-02-01T19:09:09.126+0000] {logging_mixin.py:137} INFO - Jennifer Werner
[2023-02-01T19:09:09.135+0000] {logging_mixin.py:137} INFO - Ashley Smith
[2023-02-01T19:09:09.144+0000] {logging_mixin.py:137} INFO - Alyssa Fields
[2023-02-01T19:09:09.172+0000] {logging_mixin.py:137} INFO - John Scott
[2023-02-01T19:09:09.179+0000] {logging_mixin.py:137} INFO - Debra Delacruz
[2023-02-01T19:09:09.182+0000] {logging_mixin.py:137} INFO - James Madden
[2023-02-01T19:09:09.202+0000] {logging_mixin.py:137} INFO - Joseph Gentry
[2023-02-01T19:09:09.205+0000] {logging_mixin.py:137} INFO - Ashley Cabrera
[2023-02-01T19:09:09.212+0000] {logging_mixin.py:137} INFO - Jennifer Fernandez
[2023-02-01T19:09:09.223+0000] {logging_mixin.py:137} INFO - James Harris
[2023-02-01T19:09:09.230+0000] {logging_mixin.py:137} INFO - Candice Young
[2023-02-01T19:09:09.232+0000] {logging_mixin.py:137} INFO - Lisa Baker
[2023-02-01T19:09:09.238+0000] {logging_mixin.py:137} INFO - Brian Mills DDS
[2023-02-01T19:09:09.253+0000] {logging_mixin.py:137} INFO - Kristin Smith
[2023-02-01T19:09:09.255+0000] {logging_mixin.py:137} INFO - Jacob Collins
[2023-02-01T19:09:09.258+0000] {logging_mixin.py:137} INFO - Kimberly Harris
[2023-02-01T19:09:09.261+0000] {logging_mixin.py:137} INFO - Michael Hull
[2023-02-01T19:09:09.267+0000] {logging_mixin.py:137} INFO - Caitlin Todd
[2023-02-01T19:09:09.279+0000] {logging_mixin.py:137} INFO - Lisa Harris
[2023-02-01T19:09:09.284+0000] {logging_mixin.py:137} INFO - Mrs. Ann Stone
[2023-02-01T19:09:09.287+0000] {logging_mixin.py:137} INFO - Michelle Case
[2023-02-01T19:09:09.305+0000] {logging_mixin.py:137} INFO - Joe Lowe
[2023-02-01T19:09:09.310+0000] {logging_mixin.py:137} INFO - Randall Dunn
[2023-02-01T19:09:09.312+0000] {logging_mixin.py:137} INFO - Paula Vargas
[2023-02-01T19:09:09.315+0000] {logging_mixin.py:137} INFO - Daniel Walker
[2023-02-01T19:09:09.323+0000] {logging_mixin.py:137} INFO - James Jackson
[2023-02-01T19:09:09.328+0000] {logging_mixin.py:137} INFO - Shirley Woodard
[2023-02-01T19:09:09.345+0000] {logging_mixin.py:137} INFO - James Hayes
[2023-02-01T19:09:09.351+0000] {logging_mixin.py:137} INFO - Megan Austin
[2023-02-01T19:09:09.356+0000] {logging_mixin.py:137} INFO - Erin Robertson
[2023-02-01T19:09:09.357+0000] {logging_mixin.py:137} INFO - Robert Phillips
[2023-02-01T19:09:09.363+0000] {logging_mixin.py:137} INFO - Amy Torres
[2023-02-01T19:09:09.365+0000] {logging_mixin.py:137} INFO - Joshua Cox
[2023-02-01T19:09:09.369+0000] {logging_mixin.py:137} INFO - Duane Grimes
[2023-02-01T19:09:09.371+0000] {logging_mixin.py:137} INFO - Jennifer Burgess
[2023-02-01T19:09:09.377+0000] {logging_mixin.py:137} INFO - Carlos Duran
[2023-02-01T19:09:09.379+0000] {logging_mixin.py:137} INFO - Jason Johnson
[2023-02-01T19:09:09.381+0000] {logging_mixin.py:137} INFO - Cameron Greer
[2023-02-01T19:09:09.383+0000] {logging_mixin.py:137} INFO - Randall Williams
[2023-02-01T19:09:09.385+0000] {logging_mixin.py:137} INFO - Jessica Harris
[2023-02-01T19:09:09.386+0000] {logging_mixin.py:137} INFO - Joshua Rogers
[2023-02-01T19:09:09.389+0000] {logging_mixin.py:137} INFO - Jose Mahoney
[2023-02-01T19:09:09.394+0000] {logging_mixin.py:137} INFO - Brandy Fuentes
[2023-02-01T19:09:09.396+0000] {logging_mixin.py:137} INFO - Angelica Matthews
[2023-02-01T19:09:09.399+0000] {logging_mixin.py:137} INFO - Glenn Caldwell
[2023-02-01T19:09:09.401+0000] {logging_mixin.py:137} INFO - Cristian Delacruz
[2023-02-01T19:09:09.403+0000] {logging_mixin.py:137} INFO - Alexandra Price
[2023-02-01T19:09:09.405+0000] {logging_mixin.py:137} INFO - Heather Wilson
[2023-02-01T19:09:09.407+0000] {logging_mixin.py:137} INFO - Shawn Thompson
[2023-02-01T19:09:09.413+0000] {logging_mixin.py:137} INFO - Anna Daniel
[2023-02-01T19:09:09.415+0000] {logging_mixin.py:137} INFO - Joseph Cisneros
[2023-02-01T19:09:09.423+0000] {logging_mixin.py:137} INFO - Rebecca Estes
[2023-02-01T19:09:09.427+0000] {logging_mixin.py:137} INFO - Jeremy Porter
[2023-02-01T19:09:09.442+0000] {logging_mixin.py:137} INFO - Lisa Mann
[2023-02-01T19:09:09.445+0000] {logging_mixin.py:137} INFO - Michael Woods
[2023-02-01T19:09:09.448+0000] {logging_mixin.py:137} INFO - Madison Thompson
[2023-02-01T19:09:09.450+0000] {logging_mixin.py:137} INFO - Nancy Gomez
[2023-02-01T19:09:09.454+0000] {logging_mixin.py:137} INFO - Julie Blanchard
[2023-02-01T19:09:09.458+0000] {logging_mixin.py:137} INFO - Michael Smith
[2023-02-01T19:09:09.462+0000] {logging_mixin.py:137} INFO - Angel Huber
[2023-02-01T19:09:09.464+0000] {logging_mixin.py:137} INFO - Michael Coffey
[2023-02-01T19:09:09.469+0000] {logging_mixin.py:137} INFO - Patrick Walter
[2023-02-01T19:09:09.472+0000] {logging_mixin.py:137} INFO - Curtis Davis
[2023-02-01T19:09:09.490+0000] {logging_mixin.py:137} INFO - Kyle Stewart
[2023-02-01T19:09:09.499+0000] {logging_mixin.py:137} INFO - Angela Jimenez
[2023-02-01T19:09:09.501+0000] {logging_mixin.py:137} INFO - Andrew Martinez
[2023-02-01T19:09:09.509+0000] {logging_mixin.py:137} INFO - Angela West
[2023-02-01T19:09:09.513+0000] {logging_mixin.py:137} INFO - Ryan Young
[2023-02-01T19:09:09.515+0000] {logging_mixin.py:137} INFO - Nathaniel Evans
[2023-02-01T19:09:09.517+0000] {logging_mixin.py:137} INFO - Dawn Bryant
[2023-02-01T19:09:09.518+0000] {logging_mixin.py:137} INFO - Danielle Lewis
[2023-02-01T19:09:09.520+0000] {logging_mixin.py:137} INFO - Matthew Newman
[2023-02-01T19:09:09.521+0000] {logging_mixin.py:137} INFO - Robert Smith
[2023-02-01T19:09:09.525+0000] {logging_mixin.py:137} INFO - Melissa Hicks
[2023-02-01T19:09:09.527+0000] {logging_mixin.py:137} INFO - Emily Lambert
[2023-02-01T19:09:09.529+0000] {logging_mixin.py:137} INFO - Krystal Wolfe
[2023-02-01T19:09:09.536+0000] {logging_mixin.py:137} INFO - Donna Murillo
[2023-02-01T19:09:09.549+0000] {logging_mixin.py:137} INFO - Carl Hudson
[2023-02-01T19:09:09.551+0000] {logging_mixin.py:137} INFO - Robert Wilson
[2023-02-01T19:09:09.554+0000] {logging_mixin.py:137} INFO - Patrick Mathis
[2023-02-01T19:09:09.559+0000] {logging_mixin.py:137} INFO - Michael Suarez
[2023-02-01T19:09:09.563+0000] {logging_mixin.py:137} INFO - David Johnson
[2023-02-01T19:09:09.567+0000] {logging_mixin.py:137} INFO - William Thompson
[2023-02-01T19:09:09.573+0000] {logging_mixin.py:137} INFO - Jessica Hansen DVM
[2023-02-01T19:09:09.575+0000] {logging_mixin.py:137} INFO - Katherine Friedman
[2023-02-01T19:09:09.580+0000] {logging_mixin.py:137} INFO - Jillian Johnson
[2023-02-01T19:09:09.586+0000] {logging_mixin.py:137} INFO - Robert Mckee
[2023-02-01T19:09:09.589+0000] {logging_mixin.py:137} INFO - Rachel Little
[2023-02-01T19:09:09.594+0000] {logging_mixin.py:137} INFO - Patricia Smith
[2023-02-01T19:09:09.599+0000] {logging_mixin.py:137} INFO - Heidi Martinez
[2023-02-01T19:09:09.602+0000] {logging_mixin.py:137} INFO - Caitlin Solomon
[2023-02-01T19:09:09.606+0000] {logging_mixin.py:137} INFO - Dr. Olivia Pugh
[2023-02-01T19:09:09.609+0000] {logging_mixin.py:137} INFO - John Steele DDS
[2023-02-01T19:09:09.618+0000] {logging_mixin.py:137} INFO - Jeremy Mathews
[2023-02-01T19:09:09.623+0000] {logging_mixin.py:137} INFO - Tiffany Hill
[2023-02-01T19:09:09.626+0000] {logging_mixin.py:137} INFO - Steven Edwards
[2023-02-01T19:09:09.628+0000] {logging_mixin.py:137} INFO - Charles Campbell
[2023-02-01T19:09:09.636+0000] {logging_mixin.py:137} INFO - Brett Hughes
[2023-02-01T19:09:09.639+0000] {logging_mixin.py:137} INFO - Christina Villegas
[2023-02-01T19:09:09.643+0000] {logging_mixin.py:137} INFO - Anthony Garcia
[2023-02-01T19:09:09.649+0000] {logging_mixin.py:137} INFO - Nathan Murphy
[2023-02-01T19:09:09.651+0000] {logging_mixin.py:137} INFO - Steven Dodson
[2023-02-01T19:09:09.653+0000] {logging_mixin.py:137} INFO - Brian Sullivan
[2023-02-01T19:09:09.654+0000] {logging_mixin.py:137} INFO - Renee White
[2023-02-01T19:09:09.669+0000] {logging_mixin.py:137} INFO - Laura Rowland
[2023-02-01T19:09:09.674+0000] {logging_mixin.py:137} INFO - John Moore
[2023-02-01T19:09:09.677+0000] {logging_mixin.py:137} INFO - Sophia Mckenzie
[2023-02-01T19:09:09.691+0000] {logging_mixin.py:137} INFO - David Roach
[2023-02-01T19:09:09.694+0000] {logging_mixin.py:137} INFO - Jennifer Patterson
[2023-02-01T19:09:09.695+0000] {logging_mixin.py:137} INFO - James Richards
[2023-02-01T19:09:09.697+0000] {logging_mixin.py:137} INFO - Mary Johnston
[2023-02-01T19:09:09.699+0000] {logging_mixin.py:137} INFO - Brandon Mcdaniel
[2023-02-01T19:09:09.714+0000] {logging_mixin.py:137} INFO - Meghan Stevenson
[2023-02-01T19:09:09.722+0000] {logging_mixin.py:137} INFO - Luis Hayes
[2023-02-01T19:09:09.738+0000] {logging_mixin.py:137} INFO - Alejandra Sloan
[2023-02-01T19:09:09.745+0000] {logging_mixin.py:137} INFO - Dr. Sandra Miller
[2023-02-01T19:09:09.755+0000] {logging_mixin.py:137} INFO - Dustin Bond
[2023-02-01T19:09:09.759+0000] {logging_mixin.py:137} INFO - Julia Patrick MD
[2023-02-01T19:09:09.767+0000] {logging_mixin.py:137} INFO - Jill Campbell
[2023-02-01T19:09:09.769+0000] {logging_mixin.py:137} INFO - Mark Ford
[2023-02-01T19:09:09.771+0000] {logging_mixin.py:137} INFO - Brian Long
[2023-02-01T19:09:09.776+0000] {logging_mixin.py:137} INFO - Lisa Peterson
[2023-02-01T19:09:09.779+0000] {logging_mixin.py:137} INFO - Matthew Lee
[2023-02-01T19:09:09.781+0000] {logging_mixin.py:137} INFO - Bradley Miller
[2023-02-01T19:09:09.783+0000] {logging_mixin.py:137} INFO - Jeffrey Moss
[2023-02-01T19:09:09.785+0000] {logging_mixin.py:137} INFO - Sara Carlson
[2023-02-01T19:09:09.786+0000] {logging_mixin.py:137} INFO - Daniel Rodriguez
[2023-02-01T19:09:09.788+0000] {logging_mixin.py:137} INFO - Jeremy David
[2023-02-01T19:09:09.789+0000] {logging_mixin.py:137} INFO - Eric Green
[2023-02-01T19:09:09.790+0000] {logging_mixin.py:137} INFO - Alexis Jones
[2023-02-01T19:09:09.792+0000] {logging_mixin.py:137} INFO - Matthew Rose
[2023-02-01T19:09:09.793+0000] {logging_mixin.py:137} INFO - Catherine Anderson
[2023-02-01T19:09:09.795+0000] {logging_mixin.py:137} INFO - Holly Burton
[2023-02-01T19:09:09.796+0000] {logging_mixin.py:137} INFO - David Matthews
[2023-02-01T19:09:09.798+0000] {logging_mixin.py:137} INFO - Mrs. Kara Little
[2023-02-01T19:09:09.808+0000] {logging_mixin.py:137} INFO - Jeffrey Stanley
[2023-02-01T19:09:09.814+0000] {logging_mixin.py:137} INFO - James Ochoa
[2023-02-01T19:09:09.821+0000] {logging_mixin.py:137} INFO - Jason Frye
[2023-02-01T19:09:09.824+0000] {logging_mixin.py:137} INFO - Christopher Ellis
[2023-02-01T19:09:09.836+0000] {logging_mixin.py:137} INFO - Michelle Nixon
[2023-02-01T19:09:09.840+0000] {logging_mixin.py:137} INFO - Andrew Gill
[2023-02-01T19:09:09.847+0000] {logging_mixin.py:137} INFO - Jennifer Wilson
[2023-02-01T19:09:09.857+0000] {logging_mixin.py:137} INFO - Shawn Black
[2023-02-01T19:09:09.871+0000] {logging_mixin.py:137} INFO - April Patterson
[2023-02-01T19:09:09.882+0000] {logging_mixin.py:137} INFO - Troy Vaughn
[2023-02-01T19:09:09.883+0000] {logging_mixin.py:137} INFO - Alexandria White
[2023-02-01T19:09:09.887+0000] {logging_mixin.py:137} INFO - Scott Phillips
[2023-02-01T19:09:09.896+0000] {logging_mixin.py:137} INFO - Zachary Cisneros
[2023-02-01T19:09:09.900+0000] {logging_mixin.py:137} INFO - Deborah Brown
[2023-02-01T19:09:09.907+0000] {logging_mixin.py:137} INFO - Monica Moses
[2023-02-01T19:09:09.910+0000] {logging_mixin.py:137} INFO - Brenda Reyes
[2023-02-01T19:09:09.913+0000] {logging_mixin.py:137} INFO - Miss Renee Allen
[2023-02-01T19:09:09.917+0000] {logging_mixin.py:137} INFO - Susan Clark
[2023-02-01T19:09:09.923+0000] {logging_mixin.py:137} INFO - Brandy Coffey
[2023-02-01T19:09:09.929+0000] {logging_mixin.py:137} INFO - Brett Nelson
[2023-02-01T19:09:09.932+0000] {logging_mixin.py:137} INFO - Ricardo Young
[2023-02-01T19:09:09.938+0000] {logging_mixin.py:137} INFO - Paul Lee
[2023-02-01T19:09:09.945+0000] {logging_mixin.py:137} INFO - David Allen
[2023-02-01T19:09:09.954+0000] {logging_mixin.py:137} INFO - Andrea Knight
[2023-02-01T19:09:09.963+0000] {logging_mixin.py:137} INFO - James Gomez
[2023-02-01T19:09:09.966+0000] {logging_mixin.py:137} INFO - Melody Gibson
[2023-02-01T19:09:09.973+0000] {logging_mixin.py:137} INFO - Christina Martinez
[2023-02-01T19:09:09.980+0000] {logging_mixin.py:137} INFO - Shelby Smith
[2023-02-01T19:09:09.986+0000] {logging_mixin.py:137} INFO - Jason Howard
[2023-02-01T19:09:09.994+0000] {logging_mixin.py:137} INFO - Amy Davidson
[2023-02-01T19:09:09.999+0000] {logging_mixin.py:137} INFO - Kyle Copeland
[2023-02-01T19:09:10.008+0000] {logging_mixin.py:137} INFO - Madeline Davis
[2023-02-01T19:09:10.024+0000] {logging_mixin.py:137} INFO - Aaron Young
[2023-02-01T19:09:10.026+0000] {logging_mixin.py:137} INFO - Lisa Barrett
[2023-02-01T19:09:10.029+0000] {logging_mixin.py:137} INFO - Joel Jones
[2023-02-01T19:09:10.033+0000] {logging_mixin.py:137} INFO - Christine Evans
[2023-02-01T19:09:10.034+0000] {logging_mixin.py:137} INFO - Kimberly Johnson
[2023-02-01T19:09:10.040+0000] {logging_mixin.py:137} INFO - Charles Hess
[2023-02-01T19:09:10.060+0000] {logging_mixin.py:137} INFO - Paul Dixon
[2023-02-01T19:09:10.063+0000] {logging_mixin.py:137} INFO - Christopher Johnson
[2023-02-01T19:09:10.066+0000] {logging_mixin.py:137} INFO - Robert Dawson
[2023-02-01T19:09:10.069+0000] {logging_mixin.py:137} INFO - Ryan Dixon
[2023-02-01T19:09:10.074+0000] {logging_mixin.py:137} INFO - Julie Martinez
[2023-02-01T19:09:10.076+0000] {logging_mixin.py:137} INFO - David Adams
[2023-02-01T19:09:10.079+0000] {logging_mixin.py:137} INFO - Mariah Brown
[2023-02-01T19:09:10.082+0000] {logging_mixin.py:137} INFO - Deborah Malone
[2023-02-01T19:09:10.084+0000] {logging_mixin.py:137} INFO - John Brown
[2023-02-01T19:09:10.087+0000] {logging_mixin.py:137} INFO - Maria Stewart
[2023-02-01T19:09:10.106+0000] {logging_mixin.py:137} INFO - Mr. Bryan Hawkins
[2023-02-01T19:09:10.118+0000] {logging_mixin.py:137} INFO - Kyle Brooks
[2023-02-01T19:09:10.124+0000] {logging_mixin.py:137} INFO - Kenneth White
[2023-02-01T19:09:10.138+0000] {logging_mixin.py:137} INFO - Patricia Wilson
[2023-02-01T19:09:10.146+0000] {logging_mixin.py:137} INFO - Paul Soto
[2023-02-01T19:09:10.152+0000] {logging_mixin.py:137} INFO - Janice Garrett
[2023-02-01T19:09:10.157+0000] {logging_mixin.py:137} INFO - Randy Strickland
[2023-02-01T19:09:10.164+0000] {logging_mixin.py:137} INFO - Felicia Herrera
[2023-02-01T19:09:10.176+0000] {logging_mixin.py:137} INFO - Andre Campos
[2023-02-01T19:09:10.180+0000] {logging_mixin.py:137} INFO - Justin Meyer
[2023-02-01T19:09:10.185+0000] {logging_mixin.py:137} INFO - Brandon Brooks
[2023-02-01T19:09:10.187+0000] {logging_mixin.py:137} INFO - Abigail Rivera
[2023-02-01T19:09:10.192+0000] {logging_mixin.py:137} INFO - Jessica Mann
[2023-02-01T19:09:10.202+0000] {logging_mixin.py:137} INFO - Michael Sawyer
[2023-02-01T19:09:10.208+0000] {logging_mixin.py:137} INFO - Jeffrey Coleman
[2023-02-01T19:09:10.211+0000] {logging_mixin.py:137} INFO - Micheal Castro
[2023-02-01T19:09:10.213+0000] {logging_mixin.py:137} INFO - Laura Gonzalez
[2023-02-01T19:09:10.216+0000] {logging_mixin.py:137} INFO - Christopher Jackson
[2023-02-01T19:09:10.222+0000] {logging_mixin.py:137} INFO - William Mckenzie
[2023-02-01T19:09:10.229+0000] {logging_mixin.py:137} INFO - Kristina Rodriguez
[2023-02-01T19:09:10.234+0000] {logging_mixin.py:137} INFO - Kelli Williams
[2023-02-01T19:09:10.236+0000] {logging_mixin.py:137} INFO - Diane Norris
[2023-02-01T19:09:10.240+0000] {logging_mixin.py:137} INFO - Kevin Carroll
[2023-02-01T19:09:10.249+0000] {logging_mixin.py:137} INFO - Betty Weber
[2023-02-01T19:09:10.256+0000] {logging_mixin.py:137} INFO - Jeffery Robinson
[2023-02-01T19:09:10.272+0000] {logging_mixin.py:137} INFO - Hannah Cowan
[2023-02-01T19:09:10.277+0000] {logging_mixin.py:137} INFO - Brian Kramer
[2023-02-01T19:09:10.280+0000] {logging_mixin.py:137} INFO - Anthony Roberts
[2023-02-01T19:09:10.290+0000] {logging_mixin.py:137} INFO - Ricardo Blankenship
[2023-02-01T19:09:10.293+0000] {logging_mixin.py:137} INFO - Brooke Collins
[2023-02-01T19:09:10.296+0000] {logging_mixin.py:137} INFO - Tammy Lawson
[2023-02-01T19:09:10.299+0000] {logging_mixin.py:137} INFO - Cody Miller
[2023-02-01T19:09:10.303+0000] {logging_mixin.py:137} INFO - Dr. Janice Salazar
[2023-02-01T19:09:10.305+0000] {logging_mixin.py:137} INFO - David West
[2023-02-01T19:09:10.309+0000] {logging_mixin.py:137} INFO - Robin Carpenter
[2023-02-01T19:09:10.312+0000] {logging_mixin.py:137} INFO - Monique Wall
[2023-02-01T19:09:10.315+0000] {logging_mixin.py:137} INFO - Charles Cardenas
[2023-02-01T19:09:10.319+0000] {logging_mixin.py:137} INFO - Valerie Mitchell
[2023-02-01T19:09:10.338+0000] {logging_mixin.py:137} INFO - Michelle Valenzuela
[2023-02-01T19:09:10.347+0000] {logging_mixin.py:137} INFO - William Poole
[2023-02-01T19:09:10.355+0000] {logging_mixin.py:137} INFO - James Hall
[2023-02-01T19:09:10.389+0000] {logging_mixin.py:137} INFO - Dylan Carpenter
[2023-02-01T19:09:10.408+0000] {logging_mixin.py:137} INFO - Linda Medina
[2023-02-01T19:09:10.412+0000] {logging_mixin.py:137} INFO - Joan White
[2023-02-01T19:09:10.423+0000] {logging_mixin.py:137} INFO - Mary Klein
[2023-02-01T19:09:10.427+0000] {logging_mixin.py:137} INFO - Ashley Wolf
[2023-02-01T19:09:10.431+0000] {logging_mixin.py:137} INFO - William Reed
[2023-02-01T19:09:10.435+0000] {logging_mixin.py:137} INFO - Derek Harvey
[2023-02-01T19:09:10.440+0000] {logging_mixin.py:137} INFO - Kathleen Rodriguez
[2023-02-01T19:09:10.441+0000] {logging_mixin.py:137} INFO - Andrew Rodriguez
[2023-02-01T19:09:10.444+0000] {logging_mixin.py:137} INFO - Ariel Frank
[2023-02-01T19:09:10.446+0000] {logging_mixin.py:137} INFO - Tina French
[2023-02-01T19:09:10.448+0000] {logging_mixin.py:137} INFO - Brent Waller
[2023-02-01T19:09:10.455+0000] {logging_mixin.py:137} INFO - Kevin Allen
[2023-02-01T19:09:10.466+0000] {logging_mixin.py:137} INFO - Xavier Walker
[2023-02-01T19:09:10.476+0000] {logging_mixin.py:137} INFO - Michelle Sanchez
[2023-02-01T19:09:10.481+0000] {logging_mixin.py:137} INFO - Rachael Shepard
[2023-02-01T19:09:10.486+0000] {logging_mixin.py:137} INFO - Kelsey Johnson
[2023-02-01T19:09:10.491+0000] {logging_mixin.py:137} INFO - Nicole Webb
[2023-02-01T19:09:10.499+0000] {logging_mixin.py:137} INFO - Nicholas Rodriguez
[2023-02-01T19:09:10.514+0000] {logging_mixin.py:137} INFO - Eric Vaughan
[2023-02-01T19:09:10.517+0000] {logging_mixin.py:137} INFO - Amanda Richardson
[2023-02-01T19:09:10.519+0000] {logging_mixin.py:137} INFO - Janice Carlson
[2023-02-01T19:09:10.524+0000] {logging_mixin.py:137} INFO - Darryl Walsh
[2023-02-01T19:09:10.530+0000] {logging_mixin.py:137} INFO - Heather Johnson
[2023-02-01T19:09:10.536+0000] {logging_mixin.py:137} INFO - Mark Chambers
[2023-02-01T19:09:10.544+0000] {logging_mixin.py:137} INFO - Tracy Burns
[2023-02-01T19:09:10.568+0000] {logging_mixin.py:137} INFO - John Cole
[2023-02-01T19:09:10.574+0000] {logging_mixin.py:137} INFO - Deborah Silva
[2023-02-01T19:09:10.578+0000] {logging_mixin.py:137} INFO - Shawn Hernandez
[2023-02-01T19:09:10.581+0000] {logging_mixin.py:137} INFO - Bethany Meyer
[2023-02-01T19:09:10.583+0000] {logging_mixin.py:137} INFO - Helen Smith
[2023-02-01T19:09:10.589+0000] {logging_mixin.py:137} INFO - Dana Dennis
[2023-02-01T19:09:10.596+0000] {logging_mixin.py:137} INFO - Kelsey Camacho
[2023-02-01T19:09:10.599+0000] {logging_mixin.py:137} INFO - Matthew Thomas
[2023-02-01T19:09:10.608+0000] {logging_mixin.py:137} INFO - Brittany Arellano
[2023-02-01T19:09:10.611+0000] {logging_mixin.py:137} INFO - Stacey Jones
[2023-02-01T19:09:10.614+0000] {logging_mixin.py:137} INFO - William Weeks
[2023-02-01T19:09:10.623+0000] {logging_mixin.py:137} INFO - Mark Beasley
[2023-02-01T19:09:10.627+0000] {logging_mixin.py:137} INFO - Bruce Pena
[2023-02-01T19:09:10.631+0000] {logging_mixin.py:137} INFO - Jeffery Smith
[2023-02-01T19:09:10.635+0000] {logging_mixin.py:137} INFO - Ann Deleon
[2023-02-01T19:09:10.637+0000] {logging_mixin.py:137} INFO - Kevin Robertson
[2023-02-01T19:09:10.639+0000] {logging_mixin.py:137} INFO - Vincent Willis MD
[2023-02-01T19:09:10.642+0000] {logging_mixin.py:137} INFO - Michael Nielsen
[2023-02-01T19:09:10.655+0000] {logging_mixin.py:137} INFO - Walter Koch
[2023-02-01T19:09:10.659+0000] {logging_mixin.py:137} INFO - Brian Vega
[2023-02-01T19:09:10.662+0000] {logging_mixin.py:137} INFO - Jeffrey Medina
[2023-02-01T19:09:10.666+0000] {logging_mixin.py:137} INFO - Erika Banks
[2023-02-01T19:09:10.673+0000] {logging_mixin.py:137} INFO - Stacey Griffin
[2023-02-01T19:09:10.676+0000] {logging_mixin.py:137} INFO - Michael Marsh
[2023-02-01T19:09:10.685+0000] {logging_mixin.py:137} INFO - Molly White
[2023-02-01T19:09:10.687+0000] {logging_mixin.py:137} INFO - Matthew Morrison
[2023-02-01T19:09:10.689+0000] {logging_mixin.py:137} INFO - Amanda Burns
[2023-02-01T19:09:10.692+0000] {logging_mixin.py:137} INFO - Emily Gonzalez DDS
[2023-02-01T19:09:10.694+0000] {logging_mixin.py:137} INFO - Gregory King
[2023-02-01T19:09:10.696+0000] {logging_mixin.py:137} INFO - Dennis Evans
[2023-02-01T19:09:10.701+0000] {logging_mixin.py:137} INFO - Christina Snyder
[2023-02-01T19:09:10.708+0000] {logging_mixin.py:137} INFO - Carolyn Mata
[2023-02-01T19:09:10.710+0000] {logging_mixin.py:137} INFO - Brandy Lawson
[2023-02-01T19:09:10.712+0000] {logging_mixin.py:137} INFO - Briana Christian
[2023-02-01T19:09:10.716+0000] {logging_mixin.py:137} INFO - Jeffrey Hernandez
[2023-02-01T19:09:10.722+0000] {logging_mixin.py:137} INFO - John Riggs
[2023-02-01T19:09:10.723+0000] {logging_mixin.py:137} INFO - Barbara Short
[2023-02-01T19:09:10.730+0000] {logging_mixin.py:137} INFO - Steven Brooks
[2023-02-01T19:09:10.733+0000] {logging_mixin.py:137} INFO - Gabrielle James
[2023-02-01T19:09:10.734+0000] {logging_mixin.py:137} INFO - Robert Young
[2023-02-01T19:09:10.735+0000] {logging_mixin.py:137} INFO - Derek Sanders
[2023-02-01T19:09:10.740+0000] {logging_mixin.py:137} INFO - Mallory Oliver
[2023-02-01T19:09:10.747+0000] {logging_mixin.py:137} INFO - Terry Howe
[2023-02-01T19:09:10.760+0000] {logging_mixin.py:137} INFO - Samuel Wallace
[2023-02-01T19:09:10.767+0000] {logging_mixin.py:137} INFO - Angel Jones
[2023-02-01T19:09:10.774+0000] {logging_mixin.py:137} INFO - Jacqueline Nichols
[2023-02-01T19:09:10.783+0000] {logging_mixin.py:137} INFO - Melissa Mcgee
[2023-02-01T19:09:10.788+0000] {logging_mixin.py:137} INFO - Michelle Smith
[2023-02-01T19:09:10.790+0000] {logging_mixin.py:137} INFO - Maureen Baxter
[2023-02-01T19:09:10.798+0000] {logging_mixin.py:137} INFO - Kathy Crawford
[2023-02-01T19:09:10.802+0000] {logging_mixin.py:137} INFO - Stacy Wood
[2023-02-01T19:09:10.805+0000] {logging_mixin.py:137} INFO - Justin Parsons
[2023-02-01T19:09:10.817+0000] {logging_mixin.py:137} INFO - Ann Klein
[2023-02-01T19:09:10.821+0000] {logging_mixin.py:137} INFO - Allison Arnold
[2023-02-01T19:09:10.834+0000] {logging_mixin.py:137} INFO - Heather Kirk
[2023-02-01T19:09:10.842+0000] {logging_mixin.py:137} INFO - Monica Smith
[2023-02-01T19:09:10.848+0000] {logging_mixin.py:137} INFO - Brett Oconnor
[2023-02-01T19:09:10.858+0000] {logging_mixin.py:137} INFO - Anthony Bryant
[2023-02-01T19:09:10.864+0000] {logging_mixin.py:137} INFO - Jeremy Russell
[2023-02-01T19:09:10.867+0000] {logging_mixin.py:137} INFO - Julie Poole
[2023-02-01T19:09:10.868+0000] {logging_mixin.py:137} INFO - Emma Thompson
[2023-02-01T19:09:10.870+0000] {logging_mixin.py:137} INFO - Bradley Matthews
[2023-02-01T19:09:10.871+0000] {logging_mixin.py:137} INFO - William Roberts
[2023-02-01T19:09:10.873+0000] {logging_mixin.py:137} INFO - Julie Mooney
[2023-02-01T19:09:10.875+0000] {logging_mixin.py:137} INFO - Amy Doyle
[2023-02-01T19:09:10.878+0000] {logging_mixin.py:137} INFO - Amanda Grant
[2023-02-01T19:09:10.880+0000] {logging_mixin.py:137} INFO - Eric Anderson
[2023-02-01T19:09:10.882+0000] {logging_mixin.py:137} INFO - George Thompson
[2023-02-01T19:09:10.884+0000] {logging_mixin.py:137} INFO - Dustin Hines
[2023-02-01T19:09:10.886+0000] {logging_mixin.py:137} INFO - Andrea Frank
[2023-02-01T19:09:10.888+0000] {logging_mixin.py:137} INFO - Jodi Cook
[2023-02-01T19:09:10.893+0000] {logging_mixin.py:137} INFO - Stacy Haney
[2023-02-01T19:09:10.896+0000] {logging_mixin.py:137} INFO - Paul Callahan
[2023-02-01T19:09:10.900+0000] {logging_mixin.py:137} INFO - Jasmine Chambers
[2023-02-01T19:09:10.902+0000] {logging_mixin.py:137} INFO - Melissa Pittman MD
[2023-02-01T19:09:10.907+0000] {logging_mixin.py:137} INFO - Deborah Larson
[2023-02-01T19:09:10.911+0000] {logging_mixin.py:137} INFO - Brandon Shaw
[2023-02-01T19:09:10.914+0000] {logging_mixin.py:137} INFO - Timothy Paul
[2023-02-01T19:09:10.917+0000] {logging_mixin.py:137} INFO - Michael Trujillo
[2023-02-01T19:09:10.920+0000] {logging_mixin.py:137} INFO - Robert Rivera
[2023-02-01T19:09:10.925+0000] {logging_mixin.py:137} INFO - Dana Nelson
[2023-02-01T19:09:10.928+0000] {logging_mixin.py:137} INFO - Andrea Bennett
[2023-02-01T19:09:10.929+0000] {logging_mixin.py:137} INFO - Jodi Fox
[2023-02-01T19:09:10.932+0000] {logging_mixin.py:137} INFO - Heather Hayes
[2023-02-01T19:09:10.938+0000] {logging_mixin.py:137} INFO - Jennifer Moreno
[2023-02-01T19:09:10.958+0000] {logging_mixin.py:137} INFO - John Patel
[2023-02-01T19:09:10.962+0000] {logging_mixin.py:137} INFO - Teresa Oliver
[2023-02-01T19:09:10.967+0000] {logging_mixin.py:137} INFO - Monique Bell
[2023-02-01T19:09:10.976+0000] {logging_mixin.py:137} INFO - Casey Leonard
[2023-02-01T19:09:10.981+0000] {logging_mixin.py:137} INFO - Steven Clark
[2023-02-01T19:09:10.985+0000] {logging_mixin.py:137} INFO - Edward Martin
[2023-02-01T19:09:10.987+0000] {logging_mixin.py:137} INFO - Shawn Orozco
[2023-02-01T19:09:10.988+0000] {logging_mixin.py:137} INFO - Brandon Yang
[2023-02-01T19:09:10.992+0000] {logging_mixin.py:137} INFO - Nathan Ray
[2023-02-01T19:09:10.996+0000] {logging_mixin.py:137} INFO - Lori Moore
[2023-02-01T19:09:11.000+0000] {logging_mixin.py:137} INFO - Dr. Lisa Shaw DVM
[2023-02-01T19:09:11.003+0000] {logging_mixin.py:137} INFO - Angela Walters
[2023-02-01T19:09:11.006+0000] {logging_mixin.py:137} INFO - David Nolan
[2023-02-01T19:09:11.009+0000] {logging_mixin.py:137} INFO - William Ramsey
[2023-02-01T19:09:11.012+0000] {logging_mixin.py:137} INFO - David Oconnor
[2023-02-01T19:09:11.015+0000] {logging_mixin.py:137} INFO - Mark Washington
[2023-02-01T19:09:11.017+0000] {logging_mixin.py:137} INFO - Jennifer Jacobs
[2023-02-01T19:09:11.020+0000] {logging_mixin.py:137} INFO - Tammy Hampton
[2023-02-01T19:09:11.024+0000] {logging_mixin.py:137} INFO - Stephen Farmer
[2023-02-01T19:09:11.027+0000] {logging_mixin.py:137} INFO - Jasmine Nguyen
[2023-02-01T19:09:11.030+0000] {logging_mixin.py:137} INFO - Rebecca Flores
[2023-02-01T19:09:11.033+0000] {logging_mixin.py:137} INFO - Tyler Davis
[2023-02-01T19:09:11.035+0000] {logging_mixin.py:137} INFO - Nancy Gray
[2023-02-01T19:09:11.037+0000] {logging_mixin.py:137} INFO - Brian Sanchez
[2023-02-01T19:09:11.038+0000] {logging_mixin.py:137} INFO - Laurie Shaw
[2023-02-01T19:09:11.043+0000] {logging_mixin.py:137} INFO - Kristina Torres
[2023-02-01T19:09:11.048+0000] {logging_mixin.py:137} INFO - Andrea Rodgers
[2023-02-01T19:09:11.052+0000] {logging_mixin.py:137} INFO - Jason Walters
[2023-02-01T19:09:11.063+0000] {logging_mixin.py:137} INFO - Jerry Moss
[2023-02-01T19:09:11.066+0000] {logging_mixin.py:137} INFO - Jeffrey Jordan
[2023-02-01T19:09:11.068+0000] {logging_mixin.py:137} INFO - Jennifer Wilson
[2023-02-01T19:09:11.072+0000] {logging_mixin.py:137} INFO - Trevor Mathews
[2023-02-01T19:09:11.077+0000] {logging_mixin.py:137} INFO - Anne Hood
[2023-02-01T19:09:11.082+0000] {logging_mixin.py:137} INFO - Sarah Williams
[2023-02-01T19:09:11.086+0000] {logging_mixin.py:137} INFO - Shelby Hernandez
[2023-02-01T19:09:11.089+0000] {logging_mixin.py:137} INFO - Samantha Velez
[2023-02-01T19:09:11.094+0000] {logging_mixin.py:137} INFO - Matthew Douglas
[2023-02-01T19:09:11.097+0000] {logging_mixin.py:137} INFO - Ashlee George
[2023-02-01T19:09:11.107+0000] {logging_mixin.py:137} INFO - Troy Crane
[2023-02-01T19:09:11.114+0000] {logging_mixin.py:137} INFO - Michael Cooper
[2023-02-01T19:09:11.116+0000] {logging_mixin.py:137} INFO - Michael White
[2023-02-01T19:09:11.120+0000] {logging_mixin.py:137} INFO - Mr. Timothy Fleming
[2023-02-01T19:09:11.132+0000] {logging_mixin.py:137} INFO - Seth Bruce
[2023-02-01T19:09:11.134+0000] {logging_mixin.py:137} INFO - Jacqueline Carpenter
[2023-02-01T19:09:11.140+0000] {logging_mixin.py:137} INFO - Michael Martin
[2023-02-01T19:09:11.151+0000] {logging_mixin.py:137} INFO - Kristopher Henry
[2023-02-01T19:09:11.159+0000] {logging_mixin.py:137} INFO - Tiffany Porter
[2023-02-01T19:09:11.166+0000] {logging_mixin.py:137} INFO - Stacy Simpson
[2023-02-01T19:09:11.177+0000] {logging_mixin.py:137} INFO - Tammy Mcdowell
[2023-02-01T19:09:11.188+0000] {logging_mixin.py:137} INFO - Thomas Walters
[2023-02-01T19:09:11.200+0000] {logging_mixin.py:137} INFO - Dwayne Thompson
[2023-02-01T19:09:11.203+0000] {logging_mixin.py:137} INFO - Natalie Willis
[2023-02-01T19:09:11.206+0000] {logging_mixin.py:137} INFO - Sharon Taylor
[2023-02-01T19:09:11.212+0000] {logging_mixin.py:137} INFO - Sarah Wiggins
[2023-02-01T19:09:11.213+0000] {logging_mixin.py:137} INFO - Amber Thomas
[2023-02-01T19:09:11.221+0000] {logging_mixin.py:137} INFO - Patrick Miller
[2023-02-01T19:09:11.225+0000] {logging_mixin.py:137} INFO - Stephanie Hartman
[2023-02-01T19:09:11.231+0000] {logging_mixin.py:137} INFO - Stacey Mora
[2023-02-01T19:09:11.245+0000] {logging_mixin.py:137} INFO - Katherine Rodriguez
[2023-02-01T19:09:11.251+0000] {logging_mixin.py:137} INFO - Daniel Morgan
[2023-02-01T19:09:11.256+0000] {logging_mixin.py:137} INFO - Rebecca Martinez
[2023-02-01T19:09:11.261+0000] {logging_mixin.py:137} INFO - Nicole Juarez
[2023-02-01T19:09:11.262+0000] {logging_mixin.py:137} INFO - Mark Arroyo
[2023-02-01T19:09:11.264+0000] {logging_mixin.py:137} INFO - April Lucero
[2023-02-01T19:09:11.265+0000] {logging_mixin.py:137} INFO - Samantha Garcia
[2023-02-01T19:09:11.270+0000] {logging_mixin.py:137} INFO - Jon Moore
[2023-02-01T19:09:11.279+0000] {logging_mixin.py:137} INFO - Joshua Flores MD
[2023-02-01T19:09:11.281+0000] {logging_mixin.py:137} INFO - Raymond Jones
[2023-02-01T19:09:11.284+0000] {logging_mixin.py:137} INFO - Billy Hughes
[2023-02-01T19:09:11.288+0000] {logging_mixin.py:137} INFO - Peggy Valdez PhD
[2023-02-01T19:09:11.294+0000] {logging_mixin.py:137} INFO - Joshua Reyes
[2023-02-01T19:09:11.301+0000] {logging_mixin.py:137} INFO - Aaron Green
[2023-02-01T19:09:11.319+0000] {logging_mixin.py:137} INFO - Wendy Espinoza
[2023-02-01T19:09:11.322+0000] {logging_mixin.py:137} INFO - Peter Vasquez
[2023-02-01T19:09:11.324+0000] {logging_mixin.py:137} INFO - Diane Harper
[2023-02-01T19:09:11.326+0000] {logging_mixin.py:137} INFO - Ms. Rebecca Cantu
[2023-02-01T19:09:11.328+0000] {logging_mixin.py:137} INFO - Yolanda Morrow
[2023-02-01T19:09:11.329+0000] {logging_mixin.py:137} INFO - Penny Beard
[2023-02-01T19:09:11.333+0000] {logging_mixin.py:137} INFO - Lisa Long
[2023-02-01T19:09:11.336+0000] {logging_mixin.py:137} INFO - Jerry Harris
[2023-02-01T19:09:11.337+0000] {logging_mixin.py:137} INFO - Bob Willis
[2023-02-01T19:09:11.338+0000] {logging_mixin.py:137} INFO - Duane Chapman
[2023-02-01T19:09:11.343+0000] {logging_mixin.py:137} INFO - William Morgan
[2023-02-01T19:09:11.348+0000] {logging_mixin.py:137} INFO - Amy Gutierrez
[2023-02-01T19:09:11.353+0000] {logging_mixin.py:137} INFO - Amber Nichols
[2023-02-01T19:09:11.356+0000] {logging_mixin.py:137} INFO - Matthew Carr
[2023-02-01T19:09:11.358+0000] {logging_mixin.py:137} INFO - Thomas Duncan
[2023-02-01T19:09:11.362+0000] {logging_mixin.py:137} INFO - Elizabeth Wright
[2023-02-01T19:09:11.384+0000] {logging_mixin.py:137} INFO - Jacqueline Brewer
[2023-02-01T19:09:11.401+0000] {logging_mixin.py:137} INFO - Stephanie Johnson
[2023-02-01T19:09:11.405+0000] {logging_mixin.py:137} INFO - Samantha Calderon
[2023-02-01T19:09:11.408+0000] {logging_mixin.py:137} INFO - Kathryn Gaines
[2023-02-01T19:09:11.417+0000] {logging_mixin.py:137} INFO - Angel Jones
[2023-02-01T19:09:11.420+0000] {logging_mixin.py:137} INFO - Laura Wall
[2023-02-01T19:09:11.425+0000] {logging_mixin.py:137} INFO - Mr. Anthony Hamilton
[2023-02-01T19:09:11.427+0000] {logging_mixin.py:137} INFO - David Smith
[2023-02-01T19:09:11.431+0000] {logging_mixin.py:137} INFO - Kimberly Herrera DDS
[2023-02-01T19:09:11.433+0000] {logging_mixin.py:137} INFO - Gina Wilson
[2023-02-01T19:09:11.438+0000] {logging_mixin.py:137} INFO - Timothy Byrd
[2023-02-01T19:09:11.443+0000] {logging_mixin.py:137} INFO - Michael Mckenzie
[2023-02-01T19:09:11.447+0000] {logging_mixin.py:137} INFO - Jeffrey Mcintyre
[2023-02-01T19:09:11.468+0000] {logging_mixin.py:137} INFO - Teresa Jackson
[2023-02-01T19:09:11.470+0000] {logging_mixin.py:137} INFO - Joseph Wilcox
[2023-02-01T19:09:11.478+0000] {logging_mixin.py:137} INFO - Patrick Mcknight
[2023-02-01T19:09:11.482+0000] {logging_mixin.py:137} INFO - Ronald Moreno
[2023-02-01T19:09:11.494+0000] {logging_mixin.py:137} INFO - Jamie Sullivan
[2023-02-01T19:09:11.498+0000] {logging_mixin.py:137} INFO - Jason Anderson
[2023-02-01T19:09:11.499+0000] {logging_mixin.py:137} INFO - Steven Stewart
[2023-02-01T19:09:11.503+0000] {logging_mixin.py:137} INFO - Melinda Paul
[2023-02-01T19:09:11.505+0000] {logging_mixin.py:137} INFO - Cynthia Simmons
[2023-02-01T19:09:11.507+0000] {logging_mixin.py:137} INFO - Christian Smith
[2023-02-01T19:09:11.510+0000] {logging_mixin.py:137} INFO - William Jimenez
[2023-02-01T19:09:11.520+0000] {logging_mixin.py:137} INFO - Hayley French
[2023-02-01T19:09:11.526+0000] {logging_mixin.py:137} INFO - Brandon Hess
[2023-02-01T19:09:11.528+0000] {logging_mixin.py:137} INFO - Laura Perry
[2023-02-01T19:09:11.529+0000] {logging_mixin.py:137} INFO - Scott Jones
[2023-02-01T19:09:11.531+0000] {logging_mixin.py:137} INFO - Christine Hernandez
[2023-02-01T19:09:11.532+0000] {logging_mixin.py:137} INFO - Douglas Eaton
[2023-02-01T19:09:11.533+0000] {logging_mixin.py:137} INFO - William Soto
[2023-02-01T19:09:11.534+0000] {logging_mixin.py:137} INFO - Mary Jones
[2023-02-01T19:09:11.538+0000] {logging_mixin.py:137} INFO - Stephanie Holmes
[2023-02-01T19:09:11.541+0000] {logging_mixin.py:137} INFO - Keith Meyers
[2023-02-01T19:09:11.544+0000] {logging_mixin.py:137} INFO - Paul Fisher
[2023-02-01T19:09:11.546+0000] {logging_mixin.py:137} INFO - Emily Alexander
[2023-02-01T19:09:11.548+0000] {logging_mixin.py:137} INFO - Anthony Schwartz
[2023-02-01T19:09:11.551+0000] {logging_mixin.py:137} INFO - Evelyn Jacobs
[2023-02-01T19:09:11.553+0000] {logging_mixin.py:137} INFO - Connie Jones
[2023-02-01T19:09:11.559+0000] {logging_mixin.py:137} INFO - Carla Gibbs
[2023-02-01T19:09:11.563+0000] {logging_mixin.py:137} INFO - Ashley Santiago
[2023-02-01T19:09:11.568+0000] {logging_mixin.py:137} INFO - Micheal Mckee
[2023-02-01T19:09:11.577+0000] {logging_mixin.py:137} INFO - Diane Williams
[2023-02-01T19:09:11.583+0000] {logging_mixin.py:137} INFO - Jesse Velasquez
[2023-02-01T19:09:11.586+0000] {logging_mixin.py:137} INFO - Jennifer Rodriguez
[2023-02-01T19:09:11.588+0000] {logging_mixin.py:137} INFO - Joe Griffin
[2023-02-01T19:09:11.591+0000] {logging_mixin.py:137} INFO - Gary Cherry
[2023-02-01T19:09:11.595+0000] {logging_mixin.py:137} INFO - Alyssa Edwards
[2023-02-01T19:09:11.659+0000] {logging_mixin.py:137} INFO - Caroline Hernandez MD
[2023-02-01T19:09:11.705+0000] {logging_mixin.py:137} INFO - Jessica Morton
[2023-02-01T19:09:11.723+0000] {logging_mixin.py:137} INFO - Holly Jones
[2023-02-01T19:09:11.730+0000] {logging_mixin.py:137} INFO - David Shelton
[2023-02-01T19:09:11.737+0000] {logging_mixin.py:137} INFO - Kristina Parks
[2023-02-01T19:09:11.741+0000] {logging_mixin.py:137} INFO - Laurie Hernandez
[2023-02-01T19:09:11.762+0000] {logging_mixin.py:137} INFO - Melissa James
[2023-02-01T19:09:11.785+0000] {logging_mixin.py:137} INFO - Jeremiah Adams
[2023-02-01T19:09:11.805+0000] {logging_mixin.py:137} INFO - Arthur Robinson
[2023-02-01T19:09:11.821+0000] {logging_mixin.py:137} INFO - Anna Shepard
[2023-02-01T19:09:11.839+0000] {logging_mixin.py:137} INFO - Brandon Myers
[2023-02-01T19:09:11.857+0000] {logging_mixin.py:137} INFO - Paul Cardenas
[2023-02-01T19:09:11.864+0000] {logging_mixin.py:137} INFO - Megan Santana
[2023-02-01T19:09:11.872+0000] {logging_mixin.py:137} INFO - Joseph Marshall
[2023-02-01T19:09:11.880+0000] {logging_mixin.py:137} INFO - Mrs. Brenda Harris
[2023-02-01T19:09:11.883+0000] {logging_mixin.py:137} INFO - Nicole Garcia
[2023-02-01T19:09:11.887+0000] {logging_mixin.py:137} INFO - Anna Estrada
[2023-02-01T19:09:11.892+0000] {logging_mixin.py:137} INFO - Carl Moore
[2023-02-01T19:09:11.906+0000] {logging_mixin.py:137} INFO - Rodney Hernandez
[2023-02-01T19:09:11.914+0000] {logging_mixin.py:137} INFO - Madison Christian
[2023-02-01T19:09:11.940+0000] {logging_mixin.py:137} INFO - Heather Rhodes
[2023-02-01T19:09:11.959+0000] {python.py:177} INFO - Done. Returned value was: None
[2023-02-01T19:09:12.059+0000] {taskinstance.py:1323} INFO - Marking task as SUCCESS. dag_id=CSV_DAG, task_id=convertCSVToJson, execution_date=20230201T101000, start_date=20230201T190904, end_date=20230201T190912
[2023-02-01T19:09:12.179+0000] {local_task_job.py:208} INFO - Task exited with return code 0
[2023-02-01T19:09:12.258+0000] {taskinstance.py:2578} INFO - 0 downstream tasks scheduled from follow-on schedule check
